Aligning contigs to reference...
	Running Nucmer
Parsing coords...
Loading Assembly...
Loading reference...
	Loaded [Buchnera_aphidicola_Baizongia_pistaciae_0905]
Loading SNPs...
Loading regions...
	No regions given, using whole reference.
	Total Regions: 1
	Total Region Length: 615980
Analyzing contigs...
CONTIG: k99_25_flag_0_multi_48.4201_len_2315 (2315bp)
Top Length: 2315  Top ID: 100.0
		One align captures most of this contig: 268520 270834 | 1 2315 | 2315 2315 | 100.0 | Buchnera_aphidicola_Baizongia_pistaciae_0905 k99_25_flag_0_multi_48.4201_len_2315

CONTIG: k99_38_flag_0_multi_50.0822_len_4481 (4481bp)
		This contig is unaligned. (4481 bp)
		Unaligned bases: 4481  total: 4481

CONTIG: k99_39_flag_0_multi_47.1758_len_10565 (10565bp)
		This contig is unaligned. (10565 bp)
		Unaligned bases: 10565  total: 15046

CONTIG: k99_57_flag_0_multi_46.4743_len_13609 (13609bp)
		This contig is unaligned. (13609 bp)
		Unaligned bases: 13609  total: 28655

CONTIG: k99_53_flag_0_multi_47.9048_len_37980 (37980bp)
Top Length: 37980  Top ID: 100.0
		One align captures most of this contig: 360703 398682 | 1 37980 | 37980 37980 | 100.0 | Buchnera_aphidicola_Baizongia_pistaciae_0905 k99_53_flag_0_multi_47.9048_len_37980

CONTIG: k99_29_flag_0_multi_46.5688_len_42977 (42977bp)
		This contig is unaligned. (42977 bp)
		Unaligned bases: 42977  total: 71632

CONTIG: k99_94_flag_0_multi_46.0828_len_4168 (4168bp)
Top Length: 4168  Top ID: 100.0
		One align captures most of this contig: 202380 206547 | 1 4168 | 4168 4168 | 100.0 | Buchnera_aphidicola_Baizongia_pistaciae_0905 k99_94_flag_0_multi_46.0828_len_4168

CONTIG: k99_100_flag_0_multi_47.1900_len_24169 (24169bp)
Top Length: 24169  Top ID: 100.0
		One align captures most of this contig: 17241 41409 | 24169 1 | 24169 24169 | 100.0 | Buchnera_aphidicola_Baizongia_pistaciae_0905 k99_100_flag_0_multi_47.1900_len_24169

CONTIG: k99_96_flag_1_multi_42.0000_len_1581 (1581bp)
		This contig is unaligned. (1581 bp)
		Unaligned bases: 1581  total: 73213

CONTIG: k99_58_flag_0_multi_45.3723_len_17462 (17462bp)
		This contig is unaligned. (17462 bp)
		Unaligned bases: 17462  total: 90675

CONTIG: k99_52_flag_0_multi_48.4905_len_12569 (12569bp)
Top Length: 12569  Top ID: 100.0
		One align captures most of this contig: 541072 553640 | 1 12569 | 12569 12569 | 100.0 | Buchnera_aphidicola_Baizongia_pistaciae_0905 k99_52_flag_0_multi_48.4905_len_12569

CONTIG: k99_3_flag_0_multi_63.5740_len_545 (545bp)
Top Length: 545  Top ID: 95.78
		One align captures most of this contig: 342873 343417 | 1 545 | 545 545 | 95.78 | Buchnera_aphidicola_Baizongia_pistaciae_0905 k99_3_flag_0_multi_63.5740_len_545

CONTIG: k99_11_flag_0_multi_47.6972_len_7038 (7038bp)
Top Length: 7038  Top ID: 100.0
		One align captures most of this contig: 270748 277785 | 7038 1 | 7038 7038 | 100.0 | Buchnera_aphidicola_Baizongia_pistaciae_0905 k99_11_flag_0_multi_47.6972_len_7038

CONTIG: k99_55_flag_0_multi_48.0203_len_13623 (13623bp)
		This contig is unaligned. (13623 bp)
		Unaligned bases: 13623  total: 104298

CONTIG: k99_68_flag_0_multi_47.5203_len_10064 (10064bp)
		This contig is unaligned. (10064 bp)
		Unaligned bases: 10064  total: 114362

CONTIG: k99_71_flag_0_multi_48.0062_len_41032 (41032bp)
Top Length: 41032  Top ID: 100.0
		One align captures most of this contig: 429177 470208 | 1 41032 | 41032 41032 | 100.0 | Buchnera_aphidicola_Baizongia_pistaciae_0905 k99_71_flag_0_multi_48.0062_len_41032

CONTIG: k99_44_flag_0_multi_45.1652_len_16868 (16868bp)
		This contig is unaligned. (16868 bp)
		Unaligned bases: 16868  total: 131230

CONTIG: k99_64_flag_0_multi_47.9704_len_55466 (55466bp)
		This contig is unaligned. (55466 bp)
		Unaligned bases: 55466  total: 186696

CONTIG: k99_48_flag_0_multi_42.5035_len_1831 (1831bp)
		This contig is unaligned. (1831 bp)
		Unaligned bases: 1831  total: 188527

CONTIG: k99_21_flag_0_multi_48.6964_len_12753 (12753bp)
Top Length: 12753  Top ID: 100.0
		One align captures most of this contig: 416509 429261 | 12753 1 | 12753 12753 | 100.0 | Buchnera_aphidicola_Baizongia_pistaciae_0905 k99_21_flag_0_multi_48.6964_len_12753

CONTIG: k99_32_flag_0_multi_47.2952_len_22237 (22237bp)
Top Length: 22237  Top ID: 100.0
		One align captures most of this contig: 470112 492348 | 22237 1 | 22237 22237 | 100.0 | Buchnera_aphidicola_Baizongia_pistaciae_0905 k99_32_flag_0_multi_47.2952_len_22237

CONTIG: k99_97_flag_0_multi_46.5708_len_19393 (19393bp)
		This contig is unaligned. (19393 bp)
		Unaligned bases: 19393  total: 207920

CONTIG: k99_82_flag_0_multi_46.0669_len_70005 (70005bp)
		This contig is unaligned. (70005 bp)
		Unaligned bases: 70005  total: 277925

CONTIG: k99_36_flag_0_multi_46.3236_len_24555 (24555bp)
Top Length: 24555  Top ID: 100.0
		One align captures most of this contig: 206473 231027 | 1 24555 | 24555 24555 | 100.0 | Buchnera_aphidicola_Baizongia_pistaciae_0905 k99_36_flag_0_multi_46.3236_len_24555

CONTIG: k99_92_flag_0_multi_47.6501_len_21280 (21280bp)
		This contig is unaligned. (21280 bp)
		Unaligned bases: 21280  total: 299205

CONTIG: k99_91_flag_0_multi_47.1248_len_5506 (5506bp)
		This contig is unaligned. (5506 bp)
		Unaligned bases: 5506  total: 304711

CONTIG: k99_4_flag_0_multi_64.1323_len_545 (545bp)
Top Length: 545  Top ID: 100.0
		One align captures most of this contig: 342873 343417 | 1 545 | 545 545 | 100.0 | Buchnera_aphidicola_Baizongia_pistaciae_0905 k99_4_flag_0_multi_64.1323_len_545

CONTIG: k99_69_flag_0_multi_46.7775_len_39955 (39955bp)
		This contig is unaligned. (39955 bp)
		Unaligned bases: 39955  total: 344666

CONTIG: k99_51_flag_0_multi_45.0490_len_14703 (14703bp)
		This contig is unaligned. (14703 bp)
		Unaligned bases: 14703  total: 359369

CONTIG: k99_90_flag_0_multi_45.1313_len_5506 (5506bp)
Top Length: 5506  Top ID: 100.0
		One align captures most of this contig: 75153 80658 | 5506 1 | 5506 5506 | 100.0 | Buchnera_aphidicola_Baizongia_pistaciae_0905 k99_90_flag_0_multi_45.1313_len_5506

CONTIG: k99_15_flag_0_multi_45.5817_len_17462 (17462bp)
Top Length: 17462  Top ID: 100.0
		One align captures most of this contig: 343339 360800 | 1 17462 | 17462 17462 | 100.0 | Buchnera_aphidicola_Baizongia_pistaciae_0905 k99_15_flag_0_multi_45.5817_len_17462

CONTIG: k99_22_flag_0_multi_46.0302_len_12992 (12992bp)
Top Length: 12992  Top ID: 100.0
		One align captures most of this contig: 80562 93553 | 1 12992 | 12992 12992 | 100.0 | Buchnera_aphidicola_Baizongia_pistaciae_0905 k99_22_flag_0_multi_46.0302_len_12992

CONTIG: k99_65_flag_0_multi_46.5964_len_30198 (30198bp)
Top Length: 30198  Top ID: 100.0
		One align captures most of this contig: 45026 75223 | 1 30198 | 30198 30198 | 100.0 | Buchnera_aphidicola_Baizongia_pistaciae_0905 k99_65_flag_0_multi_46.5964_len_30198

CONTIG: k99_31_flag_0_multi_46.4514_len_17331 (17331bp)
		This contig is unaligned. (17331 bp)
		Unaligned bases: 17331  total: 376700

CONTIG: k99_9_flag_0_multi_41.0261_len_3284 (3284bp)
Top Length: 3284  Top ID: 100.0
		One align captures most of this contig: 41318 44601 | 3284 1 | 3284 3284 | 100.0 | Buchnera_aphidicola_Baizongia_pistaciae_0905 k99_9_flag_0_multi_41.0261_len_3284

CONTIG: k99_49_flag_0_multi_56.3493_len_1831 (1831bp)
Top Length: 1831  Top ID: 100.0
		One align captures most of this contig: 141281 143111 | 1 1831 | 1831 1831 | 100.0 | Buchnera_aphidicola_Baizongia_pistaciae_0905 k99_49_flag_0_multi_56.3493_len_1831

CONTIG: k99_45_flag_0_multi_47.4338_len_20851 (20851bp)
		This contig is unaligned. (20851 bp)
		Unaligned bases: 20851  total: 397551

CONTIG: k99_87_flag_0_multi_48.4111_len_8694 (8694bp)
		This contig is unaligned. (8694 bp)
		Unaligned bases: 8694  total: 406245

CONTIG: k99_95_flag_0_multi_51.0887_len_5185 (5185bp)
Top Length: 5185  Top ID: 100.0
		One align captures most of this contig: 492292 497476 | 5185 1 | 5185 5185 | 100.0 | Buchnera_aphidicola_Baizongia_pistaciae_0905 k99_95_flag_0_multi_51.0887_len_5185

CONTIG: k99_50_flag_0_multi_46.1178_len_18024 (18024bp)
Top Length: 18024  Top ID: 100.0
		One align captures most of this contig: 398584 416607 | 1 18024 | 18024 18024 | 100.0 | Buchnera_aphidicola_Baizongia_pistaciae_0905 k99_50_flag_0_multi_46.1178_len_18024

CONTIG: k99_93_flag_0_multi_49.1993_len_4168 (4168bp)
		This contig is unaligned. (4168 bp)
		Unaligned bases: 4168  total: 410413

CONTIG: k99_18_flag_0_multi_47.5510_len_17290 (17290bp)
		This contig is unaligned. (17290 bp)
		Unaligned bases: 17290  total: 427703

CONTIG: k99_86_flag_0_multi_47.7638_len_14437 (14437bp)
Top Length: 14437  Top ID: 100.0
		One align captures most of this contig: 251039 265475 | 14437 1 | 14437 14437 | 100.0 | Buchnera_aphidicola_Baizongia_pistaciae_0905 k99_86_flag_0_multi_47.7638_len_14437

CONTIG: k99_98_flag_0_multi_45.5970_len_10765 (10765bp)
		This contig is unaligned. (10765 bp)
		Unaligned bases: 10765  total: 438468

CONTIG: k99_60_flag_0_multi_46.7707_len_43757 (43757bp)
Top Length: 43757  Top ID: 100.0
		One align captures most of this contig: 497380 541136 | 43757 1 | 43757 43757 | 100.0 | Buchnera_aphidicola_Baizongia_pistaciae_0905 k99_60_flag_0_multi_46.7707_len_43757

CONTIG: k99_10_flag_0_multi_50.1934_len_3683 (3683bp)
		This contig is unaligned. (3683 bp)
		Unaligned bases: 3683  total: 442151

CONTIG: k99_6_flag_0_multi_49.6444_len_3226 (3226bp)
Top Length: 3226  Top ID: 100.0
		One align captures most of this contig: 265389 268614 | 1 3226 | 3226 3226 | 100.0 | Buchnera_aphidicola_Baizongia_pistaciae_0905 k99_6_flag_0_multi_49.6444_len_3226

CONTIG: k99_62_flag_0_multi_45.1346_len_7625 (7625bp)
		This contig is unaligned. (7625 bp)
		Unaligned bases: 7625  total: 449776

CONTIG: k99_63_flag_0_multi_46.0306_len_12992 (12992bp)
		This contig is unaligned. (12992 bp)
		Unaligned bases: 12992  total: 462768

CONTIG: k99_17_flag_0_multi_47.2077_len_29046 (29046bp)
Top Length: 29046  Top ID: 100.0
		One align captures most of this contig: 553567 582612 | 29046 1 | 29046 29046 | 100.0 | Buchnera_aphidicola_Baizongia_pistaciae_0905 k99_17_flag_0_multi_47.2077_len_29046

CONTIG: k99_80_flag_0_multi_46.5223_len_14649 (14649bp)
Top Length: 14649  Top ID: 100.0
		One align captures most of this contig: 582555 597203 | 1 14649 | 14649 14649 | 100.0 | Buchnera_aphidicola_Baizongia_pistaciae_0905 k99_80_flag_0_multi_46.5223_len_14649

CONTIG: k99_14_flag_0_multi_47.2526_len_17333 (17333bp)
Top Length: 17333  Top ID: 100.0
		One align captures most of this contig: 3 17335 | 1 17333 | 17333 17333 | 100.0 | Buchnera_aphidicola_Baizongia_pistaciae_0905 k99_14_flag_0_multi_47.2526_len_17333

CONTIG: k99_99_flag_0_multi_48.0035_len_3515 (3515bp)
		This contig is unaligned. (3515 bp)
		Unaligned bases: 3515  total: 466283

CONTIG: k99_88_flag_0_multi_45.8931_len_36753 (36753bp)
Top Length: 36753  Top ID: 100.0
		One align captures most of this contig: 93485 130237 | 36753 1 | 36753 36753 | 100.0 | Buchnera_aphidicola_Baizongia_pistaciae_0905 k99_88_flag_0_multi_45.8931_len_36753

CONTIG: k99_33_flag_0_multi_45.6890_len_24555 (24555bp)
		This contig is unaligned. (24555 bp)
		Unaligned bases: 24555  total: 490838

CONTIG: k99_28_flag_0_multi_46.7111_len_53282 (53282bp)
Top Length: 53282  Top ID: 100.0
		One align captures most of this contig: 277708 330989 | 1 53282 | 53282 53282 | 100.0 | Buchnera_aphidicola_Baizongia_pistaciae_0905 k99_28_flag_0_multi_46.7111_len_53282

CONTIG: k99_67_flag_0_multi_47.7003_len_28564 (28564bp)
		This contig is unaligned. (28564 bp)
		Unaligned bases: 28564  total: 519402

CONTIG: k99_54_flag_0_multi_43.6474_len_12075 (12075bp)
Top Length: 12075  Top ID: 100.0
		One align captures most of this contig: 330897 342971 | 12075 1 | 12075 12075 | 100.0 | Buchnera_aphidicola_Baizongia_pistaciae_0905 k99_54_flag_0_multi_43.6474_len_12075

CONTIG: k99_19_flag_0_multi_44.3003_len_18832 (18832bp)
Top Length: 18832  Top ID: 100.0
		One align captures most of this contig: 597129 615960 | 18832 1 | 18832 18832 | 100.0 | Buchnera_aphidicola_Baizongia_pistaciae_0905 k99_19_flag_0_multi_44.3003_len_18832

CONTIG: k99_56_flag_0_multi_46.0312_len_20171 (20171bp)
Top Length: 20171  Top ID: 100.0
		One align captures most of this contig: 230930 251100 | 1 20171 | 20171 20171 | 100.0 | Buchnera_aphidicola_Baizongia_pistaciae_0905 k99_56_flag_0_multi_46.0312_len_20171

CONTIG: k99_13_flag_0_multi_45.1338_len_7625 (7625bp)
Top Length: 7625  Top ID: 100.0
		One align captures most of this contig: 133753 141377 | 1 7625 | 7625 7625 | 100.0 | Buchnera_aphidicola_Baizongia_pistaciae_0905 k99_13_flag_0_multi_45.1338_len_7625

CONTIG: k99_41_flag_0_multi_47.2740_len_70492 (70492bp)
		This contig is unaligned. (70492 bp)
		Unaligned bases: 70492  total: 589894

CONTIG: k99_23_flag_0_multi_45.4816_len_11411 (11411bp)
		This contig is unaligned. (11411 bp)
		Unaligned bases: 11411  total: 601305

CONTIG: k99_8_flag_0_multi_43.1071_len_3675 (3675bp)
		This contig is unaligned. (3675 bp)
		Unaligned bases: 3675  total: 604980

CONTIG: k99_73_flag_0_multi_48.0122_len_10479 (10479bp)
		This contig is unaligned. (10479 bp)
		Unaligned bases: 10479  total: 615459

CONTIG: k99_16_flag_0_multi_50.1948_len_3683 (3683bp)
Top Length: 3683  Top ID: 100.0
		One align captures most of this contig: 130161 133843 | 3683 1 | 3683 3683 | 100.0 | Buchnera_aphidicola_Baizongia_pistaciae_0905 k99_16_flag_0_multi_50.1948_len_3683

CONTIG: k99_74_flag_0_multi_48.2222_len_10565 (10565bp)
Top Length: 10565  Top ID: 100.0
		One align captures most of this contig: 191912 202476 | 1 10565 | 10565 10565 | 100.0 | Buchnera_aphidicola_Baizongia_pistaciae_0905 k99_74_flag_0_multi_48.2222_len_10565

CONTIG: k99_26_flag_0_multi_47.6207_len_48971 (48971bp)
Top Length: 48971  Top ID: 100.0
		One align captures most of this contig: 143040 192010 | 48971 1 | 48971 48971 | 100.0 | Buchnera_aphidicola_Baizongia_pistaciae_0905 k99_26_flag_0_multi_47.6207_len_48971

CONTIG: k99_34_flag_0_multi_47.4282_len_2315 (2315bp)
		This contig is unaligned. (2315 bp)
		Unaligned bases: 2315  total: 617774

Analyzing coverage...
Writing SNPs into /vol/cami-scratch/Simpipeline/iTol_genomes/Buchnera_aphidicola_Baizongia_pistaciae_0905/quast_consensus/Buchnera_aphidicola_Baizongia_pistaciae_0905_quast_output/contigs_reports/nucmer_output/final.contigs.used_snps
	Reference Buchnera_aphidicola_Baizongia_pistaciae_0905: 35 total alignments. 1 total regions.
		Region: 1 to 615980 (615980 bp)
			START in gap: 1 to 3 (2 bp)
			Align 1: 3 17335 k99_14_flag_0_multi_47.2526_len_17333 1 17333
				Negative gap (overlap) between this and next alignment: 17335 to 17241 (-94 bp)
				Next Alignment: 17241 41409 k99_100_flag_0_multi_47.1900_len_24169 24169 1

			Previous gap was negative, modifying coordinates to ignore overlap
				Moving contig start from 24169 to 24074.
			Align 2: 17336 41409 k99_100_flag_0_multi_47.1900_len_24169 24074 1
				Negative gap (overlap) between this and next alignment: 41409 to 41318 (-91 bp)
				Next Alignment: 41318 44601 k99_9_flag_0_multi_41.0261_len_3284 3284 1

			Previous gap was negative, modifying coordinates to ignore overlap
				Moving contig start from 3284 to 3192.
			Align 3: 41410 44601 k99_9_flag_0_multi_41.0261_len_3284 3192 1
				Gap between this and next alignment: 44601 to 45026 (424 bp)
				Next Alignment: 45026 75223 k99_65_flag_0_multi_46.5964_len_30198 1 30198

			Align 4: 45026 75223 k99_65_flag_0_multi_46.5964_len_30198 1 30198
				Negative gap (overlap) between this and next alignment: 75223 to 75153 (-70 bp)
				Next Alignment: 75153 80658 k99_90_flag_0_multi_45.1313_len_5506 5506 1

			Previous gap was negative, modifying coordinates to ignore overlap
				Moving contig start from 5506 to 5435.
			Align 5: 75224 80658 k99_90_flag_0_multi_45.1313_len_5506 5435 1
				Negative gap (overlap) between this and next alignment: 80658 to 80562 (-96 bp)
				Next Alignment: 80562 93553 k99_22_flag_0_multi_46.0302_len_12992 1 12992

			Previous gap was negative, modifying coordinates to ignore overlap
				Moving contig start from 1 to 98.
			Align 6: 80659 93553 k99_22_flag_0_multi_46.0302_len_12992 98 12992
				Negative gap (overlap) between this and next alignment: 93553 to 93485 (-68 bp)
				Next Alignment: 93485 130237 k99_88_flag_0_multi_45.8931_len_36753 36753 1

			Previous gap was negative, modifying coordinates to ignore overlap
				Moving contig start from 36753 to 36684.
			Align 7: 93554 130237 k99_88_flag_0_multi_45.8931_len_36753 36684 1
				Negative gap (overlap) between this and next alignment: 130237 to 130161 (-76 bp)
				Next Alignment: 130161 133843 k99_16_flag_0_multi_50.1948_len_3683 3683 1

			Previous gap was negative, modifying coordinates to ignore overlap
				Moving contig start from 3683 to 3606.
			Align 8: 130238 133843 k99_16_flag_0_multi_50.1948_len_3683 3606 1
				Negative gap (overlap) between this and next alignment: 133843 to 133753 (-90 bp)
				Next Alignment: 133753 141377 k99_13_flag_0_multi_45.1338_len_7625 1 7625

			Previous gap was negative, modifying coordinates to ignore overlap
				Moving contig start from 1 to 92.
			Align 9: 133844 141377 k99_13_flag_0_multi_45.1338_len_7625 92 7625
				Negative gap (overlap) between this and next alignment: 141377 to 141281 (-96 bp)
				Next Alignment: 141281 143111 k99_49_flag_0_multi_56.3493_len_1831 1 1831

			Previous gap was negative, modifying coordinates to ignore overlap
				Moving contig start from 1 to 98.
			Align 10: 141378 143111 k99_49_flag_0_multi_56.3493_len_1831 98 1831
				Negative gap (overlap) between this and next alignment: 143111 to 143040 (-71 bp)
				Next Alignment: 143040 192010 k99_26_flag_0_multi_47.6207_len_48971 48971 1

			Previous gap was negative, modifying coordinates to ignore overlap
				Moving contig start from 48971 to 48899.
			Align 11: 143112 192010 k99_26_flag_0_multi_47.6207_len_48971 48899 1
				Negative gap (overlap) between this and next alignment: 192010 to 191912 (-98 bp)
				Next Alignment: 191912 202476 k99_74_flag_0_multi_48.2222_len_10565 1 10565

			Previous gap was negative, modifying coordinates to ignore overlap
				Moving contig start from 1 to 100.
			Align 12: 192011 202476 k99_74_flag_0_multi_48.2222_len_10565 100 10565
				Negative gap (overlap) between this and next alignment: 202476 to 202380 (-96 bp)
				Next Alignment: 202380 206547 k99_94_flag_0_multi_46.0828_len_4168 1 4168

			Previous gap was negative, modifying coordinates to ignore overlap
				Moving contig start from 1 to 98.
			Align 13: 202477 206547 k99_94_flag_0_multi_46.0828_len_4168 98 4168
				Negative gap (overlap) between this and next alignment: 206547 to 206473 (-74 bp)
				Next Alignment: 206473 231027 k99_36_flag_0_multi_46.3236_len_24555 1 24555

			Previous gap was negative, modifying coordinates to ignore overlap
				Moving contig start from 1 to 76.
			Align 14: 206548 231027 k99_36_flag_0_multi_46.3236_len_24555 76 24555
				Negative gap (overlap) between this and next alignment: 231027 to 230930 (-97 bp)
				Next Alignment: 230930 251100 k99_56_flag_0_multi_46.0312_len_20171 1 20171

			Previous gap was negative, modifying coordinates to ignore overlap
				Moving contig start from 1 to 99.
			Align 15: 231028 251100 k99_56_flag_0_multi_46.0312_len_20171 99 20171
				Negative gap (overlap) between this and next alignment: 251100 to 251039 (-61 bp)
				Next Alignment: 251039 265475 k99_86_flag_0_multi_47.7638_len_14437 14437 1

			Previous gap was negative, modifying coordinates to ignore overlap
				Moving contig start from 14437 to 14375.
			Align 16: 251101 265475 k99_86_flag_0_multi_47.7638_len_14437 14375 1
				Negative gap (overlap) between this and next alignment: 265475 to 265389 (-86 bp)
				Next Alignment: 265389 268614 k99_6_flag_0_multi_49.6444_len_3226 1 3226

			Previous gap was negative, modifying coordinates to ignore overlap
				Moving contig start from 1 to 88.
			Align 17: 265476 268614 k99_6_flag_0_multi_49.6444_len_3226 88 3226
				Negative gap (overlap) between this and next alignment: 268614 to 268520 (-94 bp)
				Next Alignment: 268520 270834 k99_25_flag_0_multi_48.4201_len_2315 1 2315

			Previous gap was negative, modifying coordinates to ignore overlap
				Moving contig start from 1 to 96.
			Align 18: 268615 270834 k99_25_flag_0_multi_48.4201_len_2315 96 2315
				Negative gap (overlap) between this and next alignment: 270834 to 270748 (-86 bp)
				Next Alignment: 270748 277785 k99_11_flag_0_multi_47.6972_len_7038 7038 1

			Previous gap was negative, modifying coordinates to ignore overlap
				Moving contig start from 7038 to 6951.
			Align 19: 270835 277785 k99_11_flag_0_multi_47.6972_len_7038 6951 1
				Negative gap (overlap) between this and next alignment: 277785 to 277708 (-77 bp)
				Next Alignment: 277708 330989 k99_28_flag_0_multi_46.7111_len_53282 1 53282

			Previous gap was negative, modifying coordinates to ignore overlap
				Moving contig start from 1 to 79.
			Align 20: 277786 330989 k99_28_flag_0_multi_46.7111_len_53282 79 53282
				Negative gap (overlap) between this and next alignment: 330989 to 330897 (-92 bp)
				Next Alignment: 330897 342971 k99_54_flag_0_multi_43.6474_len_12075 12075 1

			Previous gap was negative, modifying coordinates to ignore overlap
				Moving contig start from 12075 to 11982.
			Align 21: 330990 342971 k99_54_flag_0_multi_43.6474_len_12075 11982 1
				Negative gap (overlap) between this and next alignment: 342971 to 342873 (-98 bp)
				Next Alignment: 342873 343417 k99_3_flag_0_multi_63.5740_len_545 1 545

			Previous gap was negative, modifying coordinates to ignore overlap
				Moving contig start from 1 to 100.
			Align 22: 342972 343417 k99_3_flag_0_multi_63.5740_len_545 100 545
				The next alignment (342873 343417 k99_4_flag_0_multi_64.1323_len_545 1 545) is redundant. Skipping.
				Negative gap (overlap) between this and next alignment: 343417 to 343339 (-78 bp)
				Next Alignment: 343339 360800 k99_15_flag_0_multi_45.5817_len_17462 1 17462

			Previous gap was negative, modifying coordinates to ignore overlap
				Moving contig start from 1 to 80.
			Align 24: 343418 360800 k99_15_flag_0_multi_45.5817_len_17462 80 17462
				Negative gap (overlap) between this and next alignment: 360800 to 360703 (-97 bp)
				Next Alignment: 360703 398682 k99_53_flag_0_multi_47.9048_len_37980 1 37980

			Previous gap was negative, modifying coordinates to ignore overlap
				Moving contig start from 1 to 99.
			Align 25: 360801 398682 k99_53_flag_0_multi_47.9048_len_37980 99 37980
				Negative gap (overlap) between this and next alignment: 398682 to 398584 (-98 bp)
				Next Alignment: 398584 416607 k99_50_flag_0_multi_46.1178_len_18024 1 18024

			Previous gap was negative, modifying coordinates to ignore overlap
				Moving contig start from 1 to 100.
			Align 26: 398683 416607 k99_50_flag_0_multi_46.1178_len_18024 100 18024
				Negative gap (overlap) between this and next alignment: 416607 to 416509 (-98 bp)
				Next Alignment: 416509 429261 k99_21_flag_0_multi_48.6964_len_12753 12753 1

			Previous gap was negative, modifying coordinates to ignore overlap
				Moving contig start from 12753 to 12654.
			Align 27: 416608 429261 k99_21_flag_0_multi_48.6964_len_12753 12654 1
				Negative gap (overlap) between this and next alignment: 429261 to 429177 (-84 bp)
				Next Alignment: 429177 470208 k99_71_flag_0_multi_48.0062_len_41032 1 41032

			Previous gap was negative, modifying coordinates to ignore overlap
				Moving contig start from 1 to 86.
			Align 28: 429262 470208 k99_71_flag_0_multi_48.0062_len_41032 86 41032
				Negative gap (overlap) between this and next alignment: 470208 to 470112 (-96 bp)
				Next Alignment: 470112 492348 k99_32_flag_0_multi_47.2952_len_22237 22237 1

			Previous gap was negative, modifying coordinates to ignore overlap
				Moving contig start from 22237 to 22140.
			Align 29: 470209 492348 k99_32_flag_0_multi_47.2952_len_22237 22140 1
				Negative gap (overlap) between this and next alignment: 492348 to 492292 (-56 bp)
				Next Alignment: 492292 497476 k99_95_flag_0_multi_51.0887_len_5185 5185 1

			Previous gap was negative, modifying coordinates to ignore overlap
				Moving contig start from 5185 to 5128.
			Align 30: 492349 497476 k99_95_flag_0_multi_51.0887_len_5185 5128 1
				Negative gap (overlap) between this and next alignment: 497476 to 497380 (-96 bp)
				Next Alignment: 497380 541136 k99_60_flag_0_multi_46.7707_len_43757 43757 1

			Previous gap was negative, modifying coordinates to ignore overlap
				Moving contig start from 43757 to 43660.
			Align 31: 497477 541136 k99_60_flag_0_multi_46.7707_len_43757 43660 1
				Negative gap (overlap) between this and next alignment: 541136 to 541072 (-64 bp)
				Next Alignment: 541072 553640 k99_52_flag_0_multi_48.4905_len_12569 1 12569

			Previous gap was negative, modifying coordinates to ignore overlap
				Moving contig start from 1 to 66.
			Align 32: 541137 553640 k99_52_flag_0_multi_48.4905_len_12569 66 12569
				Negative gap (overlap) between this and next alignment: 553640 to 553567 (-73 bp)
				Next Alignment: 553567 582612 k99_17_flag_0_multi_47.2077_len_29046 29046 1

			Previous gap was negative, modifying coordinates to ignore overlap
				Moving contig start from 29046 to 28972.
			Align 33: 553641 582612 k99_17_flag_0_multi_47.2077_len_29046 28972 1
				Negative gap (overlap) between this and next alignment: 582612 to 582555 (-57 bp)
				Next Alignment: 582555 597203 k99_80_flag_0_multi_46.5223_len_14649 1 14649

			Previous gap was negative, modifying coordinates to ignore overlap
				Moving contig start from 1 to 59.
			Align 34: 582613 597203 k99_80_flag_0_multi_46.5223_len_14649 59 14649
				Negative gap (overlap) between this and next alignment: 597203 to 597129 (-74 bp)
				Next Alignment: 597129 615960 k99_19_flag_0_multi_44.3003_len_18832 18832 1

			Previous gap was negative, modifying coordinates to ignore overlap
				Moving contig start from 18832 to 18757.
			Align 35: 597204 615960 k99_19_flag_0_multi_44.3003_len_18832 18757 1
			END in gap: 615960 to 615980 (20 bp)

Analysis is finished!
Founded SNPs were written into /vol/cami-scratch/Simpipeline/iTol_genomes/Buchnera_aphidicola_Baizongia_pistaciae_0905/quast_consensus/Buchnera_aphidicola_Baizongia_pistaciae_0905_quast_output/contigs_reports/nucmer_output/final.contigs.used_snps

Results:
	Local Misassemblies: 0
	Misassemblies: 0
		Relocations: 0
		Translocations: 0
		Inversions: 0
	Misassembled Contigs: 0
	Misassembled Contig Bases: 0
	Misassemblies Inter-Contig Overlap: 0
Uncovered Regions: 0 (0)
Unaligned Contigs: 34 + 0 part
Partially Unaligned Contigs with Misassemblies: 0
Unaligned Contig Bases: 617774

Ambiguously Mapped Contigs: 0
Total Bases in Ambiguously Mapped Contigs: 0
Note that --allow-ambiguity option was set to "one" and only first alignment per each contig was used.

	Covered Bases: 615534

	SNPs: 23
	Insertions: 0
	Deletions: 0

	Positive Gaps: 3
		Internal Gaps:  0
		External Gaps:  3
		External Gap Total:  446
		External Gap Average: 149
	Negative Gaps: 32
		Internal Overlaps:  0
		External Overlaps:  32
		External Overlaps Total: -2682
		External Overlaps Average: -84
	Contigs with Redundant Alignments: 1 (545)
