Aligning contigs to reference...
	Running Nucmer
Parsing coords...
Loading reference...
	Loaded [gi_556503834_ref_NC_000913.3_]
Loading SNPs...
Loading regions...
	No regions given, using whole reference.
	Total Regions: 1
	Total Region Length: 4641652
Analyzing contigs...
CONTIG: S0C0 (4641755bp)
Top Length: 4641611  Top ID: 100.0
		Marking as insignificant: 4392583 4392658 | 1992076 1992001 | 76 76 | 100.0 | gi_556503834_ref_NC_000913.3_ S0C0
		Marking as insignificant: 4392472 4392547 | 1992076 1992001 | 76 76 | 100.0 | gi_556503834_ref_NC_000913.3_ S0C0
		Marking as insignificant: 4392360 4392435 | 1992076 1992001 | 76 76 | 100.0 | gi_556503834_ref_NC_000913.3_ S0C0
		Marking as insignificant: 1992042 1992117 | 4392617 4392542 | 76 76 | 100.0 | gi_556503834_ref_NC_000913.3_ S0C0
		Marking as insignificant: 1992042 1992117 | 4392506 4392431 | 76 76 | 100.0 | gi_556503834_ref_NC_000913.3_ S0C0
		Marking as insignificant: 1992042 1992117 | 4392394 4392319 | 76 76 | 100.0 | gi_556503834_ref_NC_000913.3_ S0C0
		Marking as insignificant: 2059846 2059930 | 2058066 2057982 | 85 85 | 100.0 | gi_556503834_ref_NC_000913.3_ S0C0
		Marking as insignificant: 2058023 2058107 | 2059889 2059805 | 85 85 | 100.0 | gi_556503834_ref_NC_000913.3_ S0C0
		Marking as insignificant: 4606079 4606166 | 3982651 3982564 | 88 88 | 100.0 | gi_556503834_ref_NC_000913.3_ S0C0
		Marking as insignificant: 3982605 3982692 | 4606125 4606038 | 88 88 | 100.0 | gi_556503834_ref_NC_000913.3_ S0C0
		Marking as insignificant: 4606315 4606403 | 3982651 3982563 | 89 89 | 100.0 | gi_556503834_ref_NC_000913.3_ S0C0
		Marking as insignificant: 3982604 3982692 | 4606362 4606274 | 89 89 | 100.0 | gi_556503834_ref_NC_000913.3_ S0C0
		Marking as insignificant: 2062236 2062339 | 2058085 2057982 | 104 104 | 97.12 | gi_556503834_ref_NC_000913.3_ S0C0
		Marking as insignificant: 2058023 2058126 | 2062298 2062195 | 104 104 | 97.12 | gi_556503834_ref_NC_000913.3_ S0C0
		Marking as insignificant: 2058023 2058126 | 2044587 2044484 | 104 104 | 98.08 | gi_556503834_ref_NC_000913.3_ S0C0
		Marking as insignificant: 2044525 2044628 | 2058085 2057982 | 104 104 | 98.08 | gi_556503834_ref_NC_000913.3_ S0C0
		Marking as insignificant: 3423418 3423548 | 228839 228709 | 131 131 | 97.71 | gi_556503834_ref_NC_000913.3_ S0C0
		Marking as insignificant: 228750 228880 | 3423507 3423377 | 131 131 | 97.71 | gi_556503834_ref_NC_000913.3_ S0C0
		Marking as insignificant: 4213034 4213164 | 3423507 3423377 | 131 131 | 98.47 | gi_556503834_ref_NC_000913.3_ S0C0
		Marking as insignificant: 3423418 3423548 | 4213123 4212993 | 131 131 | 98.47 | gi_556503834_ref_NC_000913.3_ S0C0
		Marking as insignificant: 3946689 3946824 | 3423511 3423377 | 136 135 | 97.06 | gi_556503834_ref_NC_000913.3_ S0C0
		Marking as insignificant: 3423418 3423552 | 3946783 3946648 | 135 136 | 97.06 | gi_556503834_ref_NC_000913.3_ S0C0
		Marking as insignificant: 279931 280128 | 4507598 4507402 | 198 197 | 98.48 | gi_556503834_ref_NC_000913.3_ S0C0
		Marking as insignificant: 4507443 4507639 | 280087 279890 | 197 198 | 98.48 | gi_556503834_ref_NC_000913.3_ S0C0
		Marking as insignificant: 2471882 2472123 | 1207763 1207522 | 242 242 | 95.04 | gi_556503834_ref_NC_000913.3_ S0C0
		Marking as insignificant: 1207563 1207804 | 2472082 2471841 | 242 242 | 95.04 | gi_556503834_ref_NC_000913.3_ S0C0
		Marking as insignificant: 2229115 2229376 | 915247 914986 | 262 262 | 95.04 | gi_556503834_ref_NC_000913.3_ S0C0
		Marking as insignificant: 915027 915288 | 2229335 2229074 | 262 262 | 95.04 | gi_556503834_ref_NC_000913.3_ S0C0
		Marking as insignificant: 4040511 4040845 | 3423507 3423173 | 335 335 | 95.82 | gi_556503834_ref_NC_000913.3_ S0C0
		Marking as insignificant: 3423214 3423548 | 4040804 4040470 | 335 335 | 95.82 | gi_556503834_ref_NC_000913.3_ S0C0
		Marking as insignificant: 4171631 4171970 | 3423507 3423168 | 340 340 | 95.59 | gi_556503834_ref_NC_000913.3_ S0C0
		Marking as insignificant: 3423209 3423548 | 4171929 4171590 | 340 340 | 95.59 | gi_556503834_ref_NC_000913.3_ S0C0
		Marking as insignificant: 3583428 3584130 | 291360 290658 | 703 703 | 98.86 | gi_556503834_ref_NC_000913.3_ S0C0
		Marking as insignificant: 2996361 2997066 | 1651507 1650802 | 706 706 | 100.0 | gi_556503834_ref_NC_000913.3_ S0C0
		Marking as insignificant: 2068941 2069646 | 1651507 1650802 | 706 706 | 100.0 | gi_556503834_ref_NC_000913.3_ S0C0
		Marking as insignificant: 1650843 1651548 | 2069605 2068900 | 706 706 | 100.0 | gi_556503834_ref_NC_000913.3_ S0C0
		Marking as insignificant: 1650843 1651548 | 1468574 1467869 | 706 706 | 100.0 | gi_556503834_ref_NC_000913.3_ S0C0
		Marking as insignificant: 1650843 1651548 | 2997025 2996320 | 706 706 | 100.0 | gi_556503834_ref_NC_000913.3_ S0C0
		Marking as insignificant: 1467910 1468615 | 1651507 1650802 | 706 706 | 100.0 | gi_556503834_ref_NC_000913.3_ S0C0
		Marking as insignificant: 1049778 1050545 | 258634 257867 | 768 768 | 98.83 | gi_556503834_ref_NC_000913.3_ S0C0
		Marking as insignificant: 1049778 1050545 | 20522 19755 | 768 768 | 98.83 | gi_556503834_ref_NC_000913.3_ S0C0
		Marking as insignificant: 290634 291401 | 3584154 3583387 | 768 768 | 98.83 | gi_556503834_ref_NC_000913.3_ S0C0
		Marking as insignificant: 257908 258675 | 1050504 1049737 | 768 768 | 98.83 | gi_556503834_ref_NC_000913.3_ S0C0
		Marking as insignificant: 19796 20563 | 1050504 1049737 | 768 768 | 98.83 | gi_556503834_ref_NC_000913.3_ S0C0
		Marking as insignificant: 3583428 3584196 | 279889 279121 | 769 769 | 98.83 | gi_556503834_ref_NC_000913.3_ S0C0
		Marking as insignificant: 1978503 1979271 | 1050504 1049736 | 769 769 | 98.83 | gi_556503834_ref_NC_000913.3_ S0C0
		Marking as insignificant: 1049777 1050545 | 1979230 1978462 | 769 769 | 98.83 | gi_556503834_ref_NC_000913.3_ S0C0
		Marking as insignificant: 279162 279930 | 3584155 3583387 | 769 769 | 98.83 | gi_556503834_ref_NC_000913.3_ S0C0
		Marking as insignificant: 1049778 1050545 | 291360 290593 | 768 768 | 99.48 | gi_556503834_ref_NC_000913.3_ S0C0
		Marking as insignificant: 290634 291401 | 1050504 1049737 | 768 768 | 99.48 | gi_556503834_ref_NC_000913.3_ S0C0
		Marking as insignificant: 1049778 1050546 | 279889 279121 | 769 769 | 99.48 | gi_556503834_ref_NC_000913.3_ S0C0
		Marking as insignificant: 279162 279930 | 1050505 1049737 | 769 769 | 99.48 | gi_556503834_ref_NC_000913.3_ S0C0
		Marking as insignificant: 3583427 3584195 | 20523 19755 | 769 769 | 100.0 | gi_556503834_ref_NC_000913.3_ S0C0
		Marking as insignificant: 3583427 3584195 | 258635 257867 | 769 769 | 100.0 | gi_556503834_ref_NC_000913.3_ S0C0
		Marking as insignificant: 257908 258676 | 3584154 3583386 | 769 769 | 100.0 | gi_556503834_ref_NC_000913.3_ S0C0
		Marking as insignificant: 19796 20564 | 3584154 3583386 | 769 769 | 100.0 | gi_556503834_ref_NC_000913.3_ S0C0
		Marking as insignificant: 3583413 3584195 | 1979244 1978462 | 783 783 | 99.49 | gi_556503834_ref_NC_000913.3_ S0C0
		Marking as insignificant: 1978503 1979285 | 3584154 3583372 | 783 783 | 99.49 | gi_556503834_ref_NC_000913.3_ S0C0
		Marking as insignificant: 1635839 1636918 | 581321 580242 | 1080 1080 | 97.13 | gi_556503834_ref_NC_000913.3_ S0C0
		Marking as insignificant: 580283 581362 | 1636877 1635798 | 1080 1080 | 97.13 | gi_556503834_ref_NC_000913.3_ S0C0
		Marking as insignificant: 4175945 4177130 | 3471287 3470102 | 1186 1186 | 98.99 | gi_556503834_ref_NC_000913.3_ S0C0
		Marking as insignificant: 3470143 3471328 | 4177089 4175904 | 1186 1186 | 98.99 | gi_556503834_ref_NC_000913.3_ S0C0
		Marking as insignificant: 3130146 3131343 | 2067312 2066115 | 1198 1198 | 99.58 | gi_556503834_ref_NC_000913.3_ S0C0
		Marking as insignificant: 2066156 2067353 | 3131302 3130105 | 1198 1198 | 99.58 | gi_556503834_ref_NC_000913.3_ S0C0
		Marking as insignificant: 2288919 2290113 | 1300652 1299458 | 1195 1195 | 100.0 | gi_556503834_ref_NC_000913.3_ S0C0
		Marking as insignificant: 2288919 2290113 | 1397197 1396003 | 1195 1195 | 100.0 | gi_556503834_ref_NC_000913.3_ S0C0
		Marking as insignificant: 1396044 1397238 | 2290072 2288878 | 1195 1195 | 100.0 | gi_556503834_ref_NC_000913.3_ S0C0
		Marking as insignificant: 1299499 1300693 | 2290072 2288878 | 1195 1195 | 100.0 | gi_556503834_ref_NC_000913.3_ S0C0
		Marking as insignificant: 2066156 2067357 | 1300655 1299454 | 1202 1202 | 99.5 | gi_556503834_ref_NC_000913.3_ S0C0
		Marking as insignificant: 2066156 2067357 | 1397200 1395999 | 1202 1202 | 99.5 | gi_556503834_ref_NC_000913.3_ S0C0
		Marking as insignificant: 1396040 1397241 | 2067316 2066115 | 1202 1202 | 99.5 | gi_556503834_ref_NC_000913.3_ S0C0
		Marking as insignificant: 1299495 1300696 | 2067316 2066115 | 1202 1202 | 99.5 | gi_556503834_ref_NC_000913.3_ S0C0
		Marking as insignificant: 3130146 3131344 | 275108 273910 | 1199 1199 | 99.92 | gi_556503834_ref_NC_000913.3_ S0C0
		Marking as insignificant: 3130142 3131340 | 2290076 2288878 | 1199 1199 | 99.92 | gi_556503834_ref_NC_000913.3_ S0C0
		Marking as insignificant: 2288919 2290117 | 3131299 3130101 | 1199 1199 | 99.92 | gi_556503834_ref_NC_000913.3_ S0C0
		Marking as insignificant: 1299499 1300697 | 275108 273910 | 1199 1199 | 99.92 | gi_556503834_ref_NC_000913.3_ S0C0
		Marking as insignificant: 273951 275149 | 1300656 1299458 | 1199 1199 | 99.92 | gi_556503834_ref_NC_000913.3_ S0C0
		Marking as insignificant: 273951 275149 | 3131303 3130105 | 1199 1199 | 99.92 | gi_556503834_ref_NC_000913.3_ S0C0
		Marking as insignificant: 1396044 1397243 | 275108 273909 | 1200 1200 | 99.92 | gi_556503834_ref_NC_000913.3_ S0C0
		Marking as insignificant: 273950 275149 | 1397202 1396003 | 1200 1200 | 99.92 | gi_556503834_ref_NC_000913.3_ S0C0
		Marking as insignificant: 2101745 2102946 | 1397201 1396000 | 1202 1202 | 99.92 | gi_556503834_ref_NC_000913.3_ S0C0
		Marking as insignificant: 2101745 2102946 | 1300656 1299455 | 1202 1202 | 99.92 | gi_556503834_ref_NC_000913.3_ S0C0
		Marking as insignificant: 1396041 1397242 | 2102905 2101704 | 1202 1202 | 99.92 | gi_556503834_ref_NC_000913.3_ S0C0
		Marking as insignificant: 1299496 1300697 | 2102905 2101704 | 1202 1202 | 99.92 | gi_556503834_ref_NC_000913.3_ S0C0
		Marking as insignificant: 3365552 3366753 | 3131303 3130102 | 1202 1202 | 100.0 | gi_556503834_ref_NC_000913.3_ S0C0
		Marking as insignificant: 3130143 3131344 | 689007 687806 | 1202 1202 | 100.0 | gi_556503834_ref_NC_000913.3_ S0C0
		Marking as insignificant: 3130143 3131344 | 3366712 3365511 | 1202 1202 | 100.0 | gi_556503834_ref_NC_000913.3_ S0C0
		Marking as insignificant: 687847 689048 | 3131303 3130102 | 1202 1202 | 100.0 | gi_556503834_ref_NC_000913.3_ S0C0
		Marking as insignificant: 3652032 3653234 | 1397201 1395999 | 1203 1203 | 100.0 | gi_556503834_ref_NC_000913.3_ S0C0
		Marking as insignificant: 3365552 3366754 | 1397201 1395999 | 1203 1203 | 100.0 | gi_556503834_ref_NC_000913.3_ S0C0
		Marking as insignificant: 3130143 3131345 | 575747 574545 | 1203 1203 | 100.0 | gi_556503834_ref_NC_000913.3_ S0C0
		Marking as insignificant: 1396040 1397242 | 3653193 3651991 | 1203 1203 | 100.0 | gi_556503834_ref_NC_000913.3_ S0C0
		Marking as insignificant: 1396040 1397242 | 575748 574546 | 1203 1203 | 100.0 | gi_556503834_ref_NC_000913.3_ S0C0
		Marking as insignificant: 1396040 1397242 | 3366713 3365511 | 1203 1203 | 100.0 | gi_556503834_ref_NC_000913.3_ S0C0
		Marking as insignificant: 1299495 1300697 | 689008 687806 | 1203 1203 | 100.0 | gi_556503834_ref_NC_000913.3_ S0C0
		Marking as insignificant: 687847 689049 | 1300656 1299454 | 1203 1203 | 100.0 | gi_556503834_ref_NC_000913.3_ S0C0
		Marking as insignificant: 574587 575789 | 1397201 1395999 | 1203 1203 | 100.0 | gi_556503834_ref_NC_000913.3_ S0C0
		Marking as insignificant: 574586 575788 | 3131304 3130102 | 1203 1203 | 100.0 | gi_556503834_ref_NC_000913.3_ S0C0
		Marking as insignificant: 3130141 3131344 | 2102907 2101704 | 1204 1204 | 99.92 | gi_556503834_ref_NC_000913.3_ S0C0
		Marking as insignificant: 2101745 2102948 | 3131303 3130100 | 1204 1204 | 99.92 | gi_556503834_ref_NC_000913.3_ S0C0
		Marking as insignificant: 3652030 3653233 | 3131305 3130102 | 1204 1204 | 100.0 | gi_556503834_ref_NC_000913.3_ S0C0
		Marking as insignificant: 3130143 3131346 | 3653192 3651989 | 1204 1204 | 100.0 | gi_556503834_ref_NC_000913.3_ S0C0
		Marking as insignificant: 1299495 1300698 | 575748 574545 | 1204 1204 | 100.0 | gi_556503834_ref_NC_000913.3_ S0C0
		Marking as insignificant: 574586 575789 | 1300657 1299454 | 1204 1204 | 100.0 | gi_556503834_ref_NC_000913.3_ S0C0
		Marking as insignificant: 3652030 3653234 | 1300658 1299454 | 1205 1205 | 100.0 | gi_556503834_ref_NC_000913.3_ S0C0
		Marking as insignificant: 1299495 1300699 | 3653193 3651989 | 1205 1205 | 100.0 | gi_556503834_ref_NC_000913.3_ S0C0
		Marking as insignificant: 3365552 3366759 | 1300656 1299449 | 1208 1208 | 99.92 | gi_556503834_ref_NC_000913.3_ S0C0
		Marking as insignificant: 1396036 1397243 | 689012 687805 | 1208 1208 | 99.92 | gi_556503834_ref_NC_000913.3_ S0C0
		Marking as insignificant: 1299490 1300697 | 3366718 3365511 | 1208 1208 | 99.92 | gi_556503834_ref_NC_000913.3_ S0C0
		Marking as insignificant: 687846 689053 | 1397202 1395995 | 1208 1208 | 99.92 | gi_556503834_ref_NC_000913.3_ S0C0
		Marking as insignificant: 4507459 4508679 | 1470475 1469255 | 1221 1221 | 100.0 | gi_556503834_ref_NC_000913.3_ S0C0
		Marking as insignificant: 1469296 1470516 | 4508638 4507418 | 1221 1221 | 100.0 | gi_556503834_ref_NC_000913.3_ S0C0
		Marking as insignificant: 4507459 4508696 | 271720 270483 | 1238 1238 | 99.6 | gi_556503834_ref_NC_000913.3_ S0C0
		Marking as insignificant: 270524 271761 | 4508655 4507418 | 1238 1238 | 99.6 | gi_556503834_ref_NC_000913.3_ S0C0
		Marking as insignificant: 1094245 1095499 | 316442 315188 | 1255 1255 | 100.0 | gi_556503834_ref_NC_000913.3_ S0C0
		Marking as insignificant: 391709 392963 | 316442 315188 | 1255 1255 | 100.0 | gi_556503834_ref_NC_000913.3_ S0C0
		Marking as insignificant: 315229 316483 | 392922 391668 | 1255 1255 | 100.0 | gi_556503834_ref_NC_000913.3_ S0C0
		Marking as insignificant: 315229 316483 | 1095458 1094204 | 1255 1255 | 100.0 | gi_556503834_ref_NC_000913.3_ S0C0
		Marking as insignificant: 2170170 2171428 | 1095462 1094204 | 1259 1259 | 100.0 | gi_556503834_ref_NC_000913.3_ S0C0
		Marking as insignificant: 1094245 1095503 | 2171387 2170129 | 1259 1259 | 100.0 | gi_556503834_ref_NC_000913.3_ S0C0
		Marking as insignificant: 1094244 1095503 | 567994 566735 | 1260 1260 | 100.0 | gi_556503834_ref_NC_000913.3_ S0C0
		Marking as insignificant: 566776 568035 | 1095462 1094203 | 1260 1260 | 100.0 | gi_556503834_ref_NC_000913.3_ S0C0
		Marking as insignificant: 2170169 2171436 | 392927 391660 | 1268 1268 | 99.84 | gi_556503834_ref_NC_000913.3_ S0C0
		Marking as insignificant: 391701 392968 | 2171395 2170128 | 1268 1268 | 99.84 | gi_556503834_ref_NC_000913.3_ S0C0
		Marking as insignificant: 566771 568040 | 392931 391662 | 1270 1270 | 99.92 | gi_556503834_ref_NC_000913.3_ S0C0
		Marking as insignificant: 391703 392972 | 567999 566730 | 1270 1270 | 99.92 | gi_556503834_ref_NC_000913.3_ S0C0
		Marking as insignificant: 4498181 4499511 | 2070230 2068900 | 1331 1331 | 100.0 | gi_556503834_ref_NC_000913.3_ S0C0
		Marking as insignificant: 4498181 4499511 | 2997650 2996320 | 1331 1331 | 100.0 | gi_556503834_ref_NC_000913.3_ S0C0
		Marking as insignificant: 4498181 4499511 | 1469199 1467869 | 1331 1331 | 100.0 | gi_556503834_ref_NC_000913.3_ S0C0
		Marking as insignificant: 2996361 2997691 | 4499470 4498140 | 1331 1331 | 100.0 | gi_556503834_ref_NC_000913.3_ S0C0
		Marking as insignificant: 2068941 2070271 | 4499470 4498140 | 1331 1331 | 100.0 | gi_556503834_ref_NC_000913.3_ S0C0
		Marking as insignificant: 1467910 1469240 | 382549 381219 | 1331 1331 | 100.0 | gi_556503834_ref_NC_000913.3_ S0C0
		Marking as insignificant: 1467910 1469240 | 4499470 4498140 | 1331 1331 | 100.0 | gi_556503834_ref_NC_000913.3_ S0C0
		Marking as insignificant: 381260 382590 | 1469199 1467869 | 1331 1331 | 100.0 | gi_556503834_ref_NC_000913.3_ S0C0
		Marking as insignificant: 3186096 3187427 | 2070230 2068899 | 1332 1332 | 100.0 | gi_556503834_ref_NC_000913.3_ S0C0
		Marking as insignificant: 3186095 3187426 | 2997651 2996320 | 1332 1332 | 100.0 | gi_556503834_ref_NC_000913.3_ S0C0
		Marking as insignificant: 2996361 2997692 | 3187385 3186054 | 1332 1332 | 100.0 | gi_556503834_ref_NC_000913.3_ S0C0
		Marking as insignificant: 2068940 2070271 | 3187386 3186055 | 1332 1332 | 100.0 | gi_556503834_ref_NC_000913.3_ S0C0
		Marking as insignificant: 3186095 3187427 | 1469200 1467868 | 1333 1333 | 100.0 | gi_556503834_ref_NC_000913.3_ S0C0
		Marking as insignificant: 2996359 2997691 | 382551 381219 | 1333 1333 | 100.0 | gi_556503834_ref_NC_000913.3_ S0C0
		Marking as insignificant: 2068941 2070273 | 382549 381217 | 1333 1333 | 100.0 | gi_556503834_ref_NC_000913.3_ S0C0
		Marking as insignificant: 1467909 1469241 | 3187386 3186054 | 1333 1333 | 100.0 | gi_556503834_ref_NC_000913.3_ S0C0
		Marking as insignificant: 381260 382592 | 2997650 2996318 | 1333 1333 | 100.0 | gi_556503834_ref_NC_000913.3_ S0C0
		Marking as insignificant: 381258 382590 | 2070232 2068900 | 1333 1333 | 100.0 | gi_556503834_ref_NC_000913.3_ S0C0
		Marking as insignificant: 2729567 2731303 | 225320 223584 | 1737 1737 | 99.02 | gi_556503834_ref_NC_000913.3_ S0C0
		Marking as insignificant: 223625 225361 | 2731262 2729526 | 1737 1737 | 99.02 | gi_556503834_ref_NC_000913.3_ S0C0
		Marking as insignificant: 3941662 3943393 | 3428867 3427136 | 1732 1732 | 99.65 | gi_556503834_ref_NC_000913.3_ S0C0
		Marking as insignificant: 3427177 3428908 | 3943352 3941621 | 1732 1732 | 99.65 | gi_556503834_ref_NC_000913.3_ S0C0
		Marking as insignificant: 4166513 4168253 | 3428867 3427128 | 1741 1740 | 99.25 | gi_556503834_ref_NC_000913.3_ S0C0
		Marking as insignificant: 3427169 3428908 | 4168212 4166472 | 1740 1741 | 99.25 | gi_556503834_ref_NC_000913.3_ S0C0
		Marking as insignificant: 3427169 3428998 | 4209700 4207872 | 1830 1829 | 99.13 | gi_556503834_ref_NC_000913.3_ S0C0
		Marking as insignificant: 4207913 4209741 | 3428957 3427128 | 1829 1830 | 99.13 | gi_556503834_ref_NC_000913.3_ S0C0
		Marking as insignificant: 4035202 4037121 | 2731444 2729526 | 1920 1919 | 98.91 | gi_556503834_ref_NC_000913.3_ S0C0
		Marking as insignificant: 2729567 2731485 | 4037080 4035161 | 1919 1920 | 98.91 | gi_556503834_ref_NC_000913.3_ S0C0
		Marking as insignificant: 1632528 1635088 | 1434727 1432167 | 2561 2561 | 98.91 | gi_556503834_ref_NC_000913.3_ S0C0
		Marking as insignificant: 1432208 1434768 | 1635047 1632487 | 2561 2561 | 98.91 | gi_556503834_ref_NC_000913.3_ S0C0
		Marking as insignificant: 225637 228882 | 2729256 2726021 | 3246 3236 | 99.08 | gi_556503834_ref_NC_000913.3_ S0C0
		Marking as insignificant: 4209921 4213165 | 3426855 3423621 | 3245 3235 | 99.14 | gi_556503834_ref_NC_000913.3_ S0C0
		Marking as insignificant: 4037397 4040653 | 2729256 2726011 | 3257 3246 | 98.83 | gi_556503834_ref_NC_000913.3_ S0C0
		Marking as insignificant: 4168519 4171761 | 3426855 3423622 | 3243 3234 | 99.26 | gi_556503834_ref_NC_000913.3_ S0C0
		Marking as insignificant: 3943582 3946829 | 3426855 3423617 | 3248 3239 | 99.14 | gi_556503834_ref_NC_000913.3_ S0C0
		Marking as insignificant: 2726062 2729297 | 228841 225596 | 3236 3246 | 99.08 | gi_556503834_ref_NC_000913.3_ S0C0
		Marking as insignificant: 3423662 3426896 | 4213124 4209880 | 3235 3245 | 99.14 | gi_556503834_ref_NC_000913.3_ S0C0
		Marking as insignificant: 2726052 2729297 | 4040612 4037356 | 3246 3257 | 98.83 | gi_556503834_ref_NC_000913.3_ S0C0
		Marking as insignificant: 3423663 3426896 | 4171720 4168478 | 3234 3243 | 99.26 | gi_556503834_ref_NC_000913.3_ S0C0
		Marking as insignificant: 3423658 3426896 | 3946788 3943541 | 3239 3248 | 99.14 | gi_556503834_ref_NC_000913.3_ S0C0
		Marking as insignificant: 2726062 2731303 | 4213125 4207960 | 5242 5166 | 97.53 | gi_556503834_ref_NC_000913.3_ S0C0
		Marking as insignificant: 4208001 4213166 | 2731262 2726021 | 5166 5242 | 97.53 | gi_556503834_ref_NC_000913.3_ S0C0
		Marking as insignificant: 2726062 2731485 | 3946785 3941438 | 5424 5348 | 97.15 | gi_556503834_ref_NC_000913.3_ S0C0
		Marking as insignificant: 4035385 4040641 | 3428867 3423622 | 5257 5246 | 99.2 | gi_556503834_ref_NC_000913.3_ S0C0
		Marking as insignificant: 3423663 3428908 | 4040600 4035344 | 5246 5257 | 99.2 | gi_556503834_ref_NC_000913.3_ S0C0
		Marking as insignificant: 3941479 3946826 | 2731444 2726021 | 5348 5424 | 97.15 | gi_556503834_ref_NC_000913.3_ S0C0
		Marking as insignificant: 223535 228885 | 3428957 3423617 | 5351 5341 | 99.12 | gi_556503834_ref_NC_000913.3_ S0C0
		Marking as insignificant: 3423658 3428998 | 228844 223494 | 5341 5351 | 99.12 | gi_556503834_ref_NC_000913.3_ S0C0
		Marking as insignificant: 4166330 4171773 | 2731444 2726011 | 5444 5434 | 99.08 | gi_556503834_ref_NC_000913.3_ S0C0
		Marking as insignificant: 2726052 2731485 | 4171732 4166289 | 5434 5444 | 99.08 | gi_556503834_ref_NC_000913.3_ S0C0
		One align captures most of this contig: 42 4641652 | 1 4641611 | 4641611 4641611 | 100.0 | gi_556503834_ref_NC_000913.3_ S0C0

Analyzing coverage...
Writing SNPs into /net/metagenomics/projects/afritz_assemblies/Simpipeline_Coverage_Sweep/000_error/Ecoli_cov16/quast_gsa/contigs_reports/nucmer_output/anonymous_gsa.used_snps
	Reference gi_556503834_ref_NC_000913.3_: 1 total alignments. 1 total regions.
		Region: 1 to 4641652 (4641652 bp)
			START in gap: 1 to 42 (41 bp)
			Align 1: 42 4641652 S0C0 1 4641611
			END in current alignment.  Modifying 4641652 to 4641652.

Analysis is finished!
Founded SNPs were written into /net/metagenomics/projects/afritz_assemblies/Simpipeline_Coverage_Sweep/000_error/Ecoli_cov16/quast_gsa/contigs_reports/nucmer_output/anonymous_gsa.used_snps

Results:
	Local Misassemblies: 0
	Misassemblies: 0
		Relocations: 0
		Translocations: 0
		Inversions: 0
	Misassembled Contigs: 0
	Misassembled Contig Bases: 0
	Misassemblies Inter-Contig Overlap: 0
Uncovered Regions: 0 (0)
Unaligned Contigs: 0 + 0 part
Partially Unaligned Contigs with Misassemblies: 0
Unaligned Contig Bases: 0

Ambiguously Mapped Contigs: 0
Total Bases in Ambiguously Mapped Contigs: 0
Note that --allow-ambiguity option was set to "one" and only first alignment per each contig was used.

	Covered Bases: 4641611

	SNPs: 0
	Insertions: 0
	Deletions: 0

	Positive Gaps: 1
		Internal Gaps:  0
		External Gaps:  1
		External Gap Total:  41
		External Gap Average: 41
	Negative Gaps: 0
		Internal Overlaps:  0
		External Overlaps:  0
		External Overlaps Total:  0
		External Overlaps Average: 0
	Contigs with Redundant Alignments: 0 (0)
