Aligning contigs to reference...
	Running Nucmer
Parsing coords...
Loading reference...
	Loaded [Ecoli_ancestor_Ancestor_]
Loading SNPs...
Loading regions...
	No regions given, using whole reference.
	Total Regions: 1
	Total Region Length: 4641652
Analyzing contigs...
CONTIG: NODE_5_length_332301_cov_41.6514_ID_342698 (332301bp)
Top Length: 332301  Top ID: 99.5
		Marking as insignificant: 1594310 1594443 | 332301 332168 | 134 134 | 99.25 | Ecoli_ancestor_Ancestor_ NODE_5_length_332301_cov_41.6514_ID_342698
		Marking as insignificant: 1403378 1403511 | 332168 332301 | 134 134 | 99.25 | Ecoli_ancestor_Ancestor_ NODE_5_length_332301_cov_41.6514_ID_342698
		Marking as insignificant: 4208214 4208347 | 332168 332301 | 134 134 | 100.0 | Ecoli_ancestor_Ancestor_ NODE_5_length_332301_cov_41.6514_ID_342698
		Marking as insignificant: 3164475 3164608 | 332168 332301 | 134 134 | 100.0 | Ecoli_ancestor_Ancestor_ NODE_5_length_332301_cov_41.6514_ID_342698
		Marking as insignificant: 91292 91426 | 332167 332301 | 135 135 | 100.0 | Ecoli_ancestor_Ancestor_ NODE_5_length_332301_cov_41.6514_ID_342698
		One align captures most of this contig: 2607089 2939389 | 1 332301 | 332301 332301 | 99.5 | Ecoli_ancestor_Ancestor_ NODE_5_length_332301_cov_41.6514_ID_342698

CONTIG: NODE_6_length_313919_cov_42.4705_ID_342700 (313919bp)
Top Length: 313919  Top ID: 99.48
		Marking as insignificant: 2069798 2069873 | 45797 45722 | 76 76 | 100.0 | Ecoli_ancestor_Ancestor_ NODE_6_length_313919_cov_42.4705_ID_342700
		Marking as insignificant: 2069798 2069873 | 46100 46025 | 76 76 | 100.0 | Ecoli_ancestor_Ancestor_ NODE_6_length_313919_cov_42.4705_ID_342700
		Marking as insignificant: 2069555 2069631 | 45798 45722 | 77 77 | 100.0 | Ecoli_ancestor_Ancestor_ NODE_6_length_313919_cov_42.4705_ID_342700
		Marking as insignificant: 2069474 2069551 | 45588 45511 | 78 78 | 100.0 | Ecoli_ancestor_Ancestor_ NODE_6_length_313919_cov_42.4705_ID_342700
		Marking as insignificant: 2069469 2069551 | 46409 46327 | 83 83 | 98.8 | Ecoli_ancestor_Ancestor_ NODE_6_length_313919_cov_42.4705_ID_342700
		Marking as insignificant: 1519408 1519533 | 68405 68280 | 126 126 | 98.41 | Ecoli_ancestor_Ancestor_ NODE_6_length_313919_cov_42.4705_ID_342700
		Marking as insignificant: 3993699 3993826 | 68405 68278 | 128 128 | 98.44 | Ecoli_ancestor_Ancestor_ NODE_6_length_313919_cov_42.4705_ID_342700
		Marking as insignificant: 3493145 3493281 | 190936 190800 | 137 137 | 97.81 | Ecoli_ancestor_Ancestor_ NODE_6_length_313919_cov_42.4705_ID_342700
		Marking as insignificant: 2069476 2069631 | 46180 46025 | 156 156 | 99.36 | Ecoli_ancestor_Ancestor_ NODE_6_length_313919_cov_42.4705_ID_342700
		Marking as insignificant: 2069284 2069551 | 46802 46535 | 268 268 | 99.63 | Ecoli_ancestor_Ancestor_ NODE_6_length_313919_cov_42.4705_ID_342700
		Marking as insignificant: 3058220 3059108 | 3817 2929 | 889 889 | 96.29 | Ecoli_ancestor_Ancestor_ NODE_6_length_313919_cov_42.4705_ID_342700
		Marking as insignificant: 965658 966546 | 3817 2929 | 889 889 | 97.3 | Ecoli_ancestor_Ancestor_ NODE_6_length_313919_cov_42.4705_ID_342700
		Marking as insignificant: 965280 966571 | 2928 1638 | 1292 1291 | 96.6 | Ecoli_ancestor_Ancestor_ NODE_6_length_313919_cov_42.4705_ID_342700
		One align captures most of this contig: 3541843 3855760 | 313919 1 | 313918 313919 | 99.48 | Ecoli_ancestor_Ancestor_ NODE_6_length_313919_cov_42.4705_ID_342700

CONTIG: NODE_8_length_282675_cov_42.1603_ID_342704 (282675bp)
Top Length: 201660  Top ID: 99.47
		Skipping redundant alignment 294482 294856 | 81388 81016 | 375 373 | 97.33 | Ecoli_ancestor_Ancestor_ NODE_8_length_282675_cov_42.1603_ID_342704
		This contig is misassembled. 3 total aligns.
			Excluding internal overlap of size 373 between Alignment 1 and 2:  294595 375984 | 81388 1 | 81390 81388 --> 294968 375984 | 81015 1 | 81017 81015
			Real Alignment 1: 294968 375984 | 81015 1 | 81017 81015 | 99.34 | Ecoli_ancestor_Ancestor_ NODE_8_length_282675_cov_42.1603_ID_342704
			  Gap between these two alignments (local misassembly). Inconsistency = 224 
			Real Alignment 2: 93084 294743 | 282675 81016 | 201660 201660 | 99.47 | Ecoli_ancestor_Ancestor_ NODE_8_length_282675_cov_42.1603_ID_342704

CONTIG: NODE_9_length_264996_cov_41.7621_ID_342706 (264996bp)
Top Length: 264996  Top ID: 99.45
		Marking as insignificant: 4300171 4300376 | 28656 28451 | 206 206 | 99.03 | Ecoli_ancestor_Ancestor_ NODE_9_length_264996_cov_41.7621_ID_342706
		One align captures most of this contig: 1594379 1859373 | 264996 1 | 264995 264996 | 99.45 | Ecoli_ancestor_Ancestor_ NODE_9_length_264996_cov_41.7621_ID_342706

CONTIG: NODE_13_length_208989_cov_41.6164_ID_342714 (208989bp)
Top Length: 208989  Top ID: 99.53
		Marking as insignificant: 3809964 3810039 | 5460 5385 | 76 76 | 100.0 | Ecoli_ancestor_Ancestor_ NODE_13_length_208989_cov_41.6164_ID_342714
		Marking as insignificant: 3809661 3809736 | 5460 5385 | 76 76 | 100.0 | Ecoli_ancestor_Ancestor_ NODE_13_length_208989_cov_41.6164_ID_342714
		Marking as insignificant: 3809963 3810039 | 5703 5627 | 77 77 | 100.0 | Ecoli_ancestor_Ancestor_ NODE_13_length_208989_cov_41.6164_ID_342714
		Marking as insignificant: 3810173 3810250 | 5784 5707 | 78 78 | 100.0 | Ecoli_ancestor_Ancestor_ NODE_13_length_208989_cov_41.6164_ID_342714
		Marking as insignificant: 3809659 3809736 | 5704 5627 | 78 78 | 100.0 | Ecoli_ancestor_Ancestor_ NODE_13_length_208989_cov_41.6164_ID_342714
		Marking as insignificant: 4537516 4537596 | 1 81 | 81 81 | 97.53 | Ecoli_ancestor_Ancestor_ NODE_13_length_208989_cov_41.6164_ID_342714
		Marking as insignificant: 3981443 3981523 | 81 1 | 81 81 | 97.56 | Ecoli_ancestor_Ancestor_ NODE_13_length_208989_cov_41.6164_ID_342714
		Marking as insignificant: 3809353 3809435 | 5789 5707 | 83 83 | 98.8 | Ecoli_ancestor_Ancestor_ NODE_13_length_208989_cov_41.6164_ID_342714
		Marking as insignificant: 3808960 3809227 | 5974 5707 | 268 268 | 98.51 | Ecoli_ancestor_Ancestor_ NODE_13_length_208989_cov_41.6164_ID_342714
		One align captures most of this contig: 1866269 2075257 | 208989 1 | 208989 208989 | 99.53 | Ecoli_ancestor_Ancestor_ NODE_13_length_208989_cov_41.6164_ID_342714

CONTIG: NODE_14_length_208102_cov_42.75_ID_342716 (208102bp)
Top Length: 208102  Top ID: 99.45
		One align captures most of this contig: 2077703 2285804 | 208102 1 | 208102 208102 | 99.45 | Ecoli_ancestor_Ancestor_ NODE_14_length_208102_cov_42.75_ID_342716

CONTIG: NODE_16_length_200817_cov_42.3833_ID_342720 (200817bp)
Top Length: 200817  Top ID: 99.51
		One align captures most of this contig: 3292017 3492833 | 200817 1 | 200817 200817 | 99.51 | Ecoli_ancestor_Ancestor_ NODE_16_length_200817_cov_42.3833_ID_342720

CONTIG: NODE_18_length_182348_cov_43.2201_ID_342724 (182348bp)
Top Length: 182348  Top ID: 99.53
		Marking as insignificant: 4351427 4351706 | 117843 118122 | 280 280 | 96.43 | Ecoli_ancestor_Ancestor_ NODE_18_length_182348_cov_43.2201_ID_342724
		Marking as insignificant: 4012308 4012677 | 180124 179755 | 370 370 | 96.76 | Ecoli_ancestor_Ancestor_ NODE_18_length_182348_cov_43.2201_ID_342724
		Marking as insignificant: 3851944 3852832 | 118210 119098 | 889 889 | 95.84 | Ecoli_ancestor_Ancestor_ NODE_18_length_182348_cov_43.2201_ID_342724
		Marking as insignificant: 4009442 4010521 | 14955 13876 | 1080 1080 | 97.22 | Ecoli_ancestor_Ancestor_ NODE_18_length_182348_cov_43.2201_ID_342724
		Marking as insignificant: 3852833 3854097 | 117832 119097 | 1265 1266 | 95.18 | Ecoli_ancestor_Ancestor_ NODE_18_length_182348_cov_43.2201_ID_342724
		Marking as insignificant: 965280 966570 | 117832 119122 | 1291 1291 | 98.3 | Ecoli_ancestor_Ancestor_ NODE_18_length_182348_cov_43.2201_ID_342724
		Marking as insignificant: 923125 924628 | 78650 80153 | 1504 1504 | 95.89 | Ecoli_ancestor_Ancestor_ NODE_18_length_182348_cov_43.2201_ID_342724
		Marking as insignificant: 4063791 4065332 | 121327 122868 | 1542 1542 | 95.78 | Ecoli_ancestor_Ancestor_ NODE_18_length_182348_cov_43.2201_ID_342724
		Marking as insignificant: 3128773 3131333 | 15706 18266 | 2561 2561 | 98.87 | Ecoli_ancestor_Ancestor_ NODE_18_length_182348_cov_43.2201_ID_342724
		One align captures most of this contig: 2940011 3122358 | 1 182348 | 182348 182348 | 99.53 | Ecoli_ancestor_Ancestor_ NODE_18_length_182348_cov_43.2201_ID_342724

CONTIG: NODE_19_length_177303_cov_41.2005_ID_342726 (177303bp)
Top Length: 177303  Top ID: 99.46
		One align captures most of this contig: 1225194 1402496 | 177303 1 | 177303 177303 | 99.46 | Ecoli_ancestor_Ancestor_ NODE_19_length_177303_cov_41.2005_ID_342726

CONTIG: NODE_20_length_169489_cov_42.3185_ID_342728 (169489bp)
Top Length: 169489  Top ID: 99.39
		One align captures most of this contig: 653081 822569 | 169489 1 | 169489 169489 | 99.39 | Ecoli_ancestor_Ancestor_ NODE_20_length_169489_cov_42.3185_ID_342728

CONTIG: NODE_21_length_168810_cov_42.2355_ID_342730 (168810bp)
Top Length: 168810  Top ID: 99.45
		Marking as insignificant: 608112 608199 | 30355 30442 | 88 88 | 100.0 | Ecoli_ancestor_Ancestor_ NODE_21_length_168810_cov_42.2355_ID_342730
		Marking as insignificant: 608112 608200 | 30591 30679 | 89 89 | 100.0 | Ecoli_ancestor_Ancestor_ NODE_21_length_168810_cov_42.2355_ID_342730
		Marking as insignificant: 1161802 1161950 | 168664 168810 | 149 147 | 97.99 | Ecoli_ancestor_Ancestor_ NODE_21_length_168810_cov_42.2355_ID_342730
		Marking as insignificant: 382749 382961 | 168810 168596 | 213 215 | 98.14 | Ecoli_ancestor_Ancestor_ NODE_21_length_168810_cov_42.2355_ID_342730
		One align captures most of this contig: 4367125 4535934 | 168810 1 | 168810 168810 | 99.45 | Ecoli_ancestor_Ancestor_ NODE_21_length_168810_cov_42.2355_ID_342730

CONTIG: NODE_24_length_152051_cov_42.8507_ID_342736 (152051bp)
Top Length: 152051  Top ID: 99.45
		Marking as insignificant: 4367125 4367271 | 152051 151903 | 147 149 | 98.66 | Ecoli_ancestor_Ancestor_ NODE_24_length_152051_cov_42.8507_ID_342736
		Marking as insignificant: 413674 414859 | 110762 109577 | 1186 1186 | 98.31 | Ecoli_ancestor_Ancestor_ NODE_24_length_152051_cov_42.8507_ID_342736
		One align captures most of this contig: 1009900 1161950 | 1 152051 | 152051 152051 | 99.45 | Ecoli_ancestor_Ancestor_ NODE_24_length_152051_cov_42.8507_ID_342736

CONTIG: NODE_25_length_132167_cov_41.4316_ID_342738 (132167bp)
Top Length: 132167  Top ID: 99.56
		One align captures most of this contig: 4064840 4197006 | 132167 1 | 132167 132167 | 99.56 | Ecoli_ancestor_Ancestor_ NODE_25_length_132167_cov_41.4316_ID_342738

CONTIG: NODE_26_length_131763_cov_43.0139_ID_342740 (131763bp)
Top Length: 131763  Top ID: 99.32
		Marking as insignificant: 4209472 4209544 | 131763 131691 | 73 73 | 100.0 | Ecoli_ancestor_Ancestor_ NODE_26_length_131763_cov_43.0139_ID_342740
		Marking as insignificant: 92551 92623 | 131763 131691 | 73 73 | 100.0 | Ecoli_ancestor_Ancestor_ NODE_26_length_131763_cov_43.0139_ID_342740
		Marking as insignificant: 3165733 3165808 | 131763 131688 | 76 76 | 100.0 | Ecoli_ancestor_Ancestor_ NODE_26_length_131763_cov_43.0139_ID_342740
		Marking as insignificant: 3787357 3787482 | 57986 58111 | 126 126 | 98.41 | Ecoli_ancestor_Ancestor_ NODE_26_length_131763_cov_43.0139_ID_342740
		Marking as insignificant: 3993697 3993824 | 57984 58111 | 128 128 | 98.44 | Ecoli_ancestor_Ancestor_ NODE_26_length_131763_cov_43.0139_ID_342740
		One align captures most of this contig: 1461423 1593185 | 1 131763 | 131763 131763 | 99.32 | Ecoli_ancestor_Ancestor_ NODE_26_length_131763_cov_43.0139_ID_342740

CONTIG: NODE_27_length_121957_cov_41.3191_ID_342742 (121957bp)
Top Length: 121957  Top ID: 99.46
		One align captures most of this contig: 427867 549823 | 121957 1 | 121957 121957 | 99.46 | Ecoli_ancestor_Ancestor_ NODE_27_length_121957_cov_41.3191_ID_342742

CONTIG: NODE_28_length_117335_cov_41.6847_ID_342744 (117335bp)
Top Length: 117335  Top ID: 99.57
		One align captures most of this contig: 2301831 2419165 | 117335 1 | 117335 117335 | 99.57 | Ecoli_ancestor_Ancestor_ NODE_28_length_117335_cov_41.6847_ID_342744

CONTIG: NODE_32_length_109022_cov_43.1878_ID_342752 (109022bp)
Top Length: 109022  Top ID: 99.53
		Marking as insignificant: 4315655 4315763 | 108914 109022 | 109 109 | 98.17 | Ecoli_ancestor_Ancestor_ NODE_32_length_109022_cov_43.1878_ID_342752
		Marking as insignificant: 2300691 2300799 | 108914 109022 | 109 109 | 99.08 | Ecoli_ancestor_Ancestor_ NODE_32_length_109022_cov_43.1878_ID_342752
		Marking as insignificant: 2487858 2487969 | 108911 109022 | 112 112 | 100.0 | Ecoli_ancestor_Ancestor_ NODE_32_length_109022_cov_43.1878_ID_342752
		Marking as insignificant: 3291197 3291309 | 109022 108910 | 113 113 | 99.12 | Ecoli_ancestor_Ancestor_ NODE_32_length_109022_cov_43.1878_ID_342752
		Marking as insignificant: 3194652 3194764 | 109022 108910 | 113 113 | 99.12 | Ecoli_ancestor_Ancestor_ NODE_32_length_109022_cov_43.1878_ID_342752
		Marking as insignificant: 4015015 4015127 | 108910 109022 | 113 113 | 100.0 | Ecoli_ancestor_Ancestor_ NODE_32_length_109022_cov_43.1878_ID_342752
		Marking as insignificant: 1224050 1224162 | 108910 109022 | 113 113 | 100.0 | Ecoli_ancestor_Ancestor_ NODE_32_length_109022_cov_43.1878_ID_342752
		Marking as insignificant: 3901749 3901867 | 108904 109022 | 119 119 | 99.16 | Ecoli_ancestor_Ancestor_ NODE_32_length_109022_cov_43.1878_ID_342752
		Marking as insignificant: 3018660 3020163 | 94465 95968 | 1504 1504 | 96.68 | Ecoli_ancestor_Ancestor_ NODE_32_length_109022_cov_43.1878_ID_342752
		One align captures most of this contig: 828661 937682 | 1 109022 | 109022 109022 | 99.53 | Ecoli_ancestor_Ancestor_ NODE_32_length_109022_cov_43.1878_ID_342752

CONTIG: NODE_34_length_99298_cov_42.9336_ID_342756 (99298bp)
Top Length: 99298  Top ID: 99.46
		One align captures most of this contig: 4542351 4641648 | 1 99298 | 99298 99298 | 99.46 | Ecoli_ancestor_Ancestor_ NODE_34_length_99298_cov_42.9336_ID_342756

CONTIG: NODE_35_length_95039_cov_42.9234_ID_342758 (95039bp)
Top Length: 95039  Top ID: 99.5
		Marking as insignificant: 4315655 4315763 | 109 1 | 109 109 | 98.17 | Ecoli_ancestor_Ancestor_ NODE_35_length_95039_cov_42.9234_ID_342758
		Marking as insignificant: 2300691 2300799 | 109 1 | 109 109 | 99.08 | Ecoli_ancestor_Ancestor_ NODE_35_length_95039_cov_42.9234_ID_342758
		Marking as insignificant: 2487858 2487969 | 112 1 | 112 112 | 100.0 | Ecoli_ancestor_Ancestor_ NODE_35_length_95039_cov_42.9234_ID_342758
		Marking as insignificant: 3291197 3291310 | 1 114 | 114 114 | 99.12 | Ecoli_ancestor_Ancestor_ NODE_35_length_95039_cov_42.9234_ID_342758
		Marking as insignificant: 4015015 4015127 | 113 1 | 113 113 | 100.0 | Ecoli_ancestor_Ancestor_ NODE_35_length_95039_cov_42.9234_ID_342758
		Marking as insignificant: 1224050 1224162 | 113 1 | 113 113 | 100.0 | Ecoli_ancestor_Ancestor_ NODE_35_length_95039_cov_42.9234_ID_342758
		Marking as insignificant: 937570 937682 | 113 1 | 113 113 | 100.0 | Ecoli_ancestor_Ancestor_ NODE_35_length_95039_cov_42.9234_ID_342758
		Marking as insignificant: 3901751 3901867 | 117 1 | 117 117 | 99.15 | Ecoli_ancestor_Ancestor_ NODE_35_length_95039_cov_42.9234_ID_342758
		One align captures most of this contig: 3194652 3289690 | 1 95039 | 95039 95039 | 99.5 | Ecoli_ancestor_Ancestor_ NODE_35_length_95039_cov_42.9234_ID_342758

CONTIG: NODE_36_length_87458_cov_42.1353_ID_342760 (87458bp)
Top Length: 87458  Top ID: 99.5
		Marking as insignificant: 4505493 4505580 | 52649 52562 | 88 88 | 100.0 | Ecoli_ancestor_Ancestor_ NODE_36_length_87458_cov_42.1353_ID_342760
		Marking as insignificant: 4505256 4505344 | 52650 52562 | 89 89 | 100.0 | Ecoli_ancestor_Ancestor_ NODE_36_length_87458_cov_42.1353_ID_342760
		One align captures most of this contig: 555551 643008 | 1 87458 | 87458 87458 | 99.5 | Ecoli_ancestor_Ancestor_ NODE_36_length_87458_cov_42.1353_ID_342760

CONTIG: NODE_37_length_82213_cov_43.1418_ID_342762 (82213bp)
Top Length: 82213  Top ID: 99.52
		Marking as insignificant: 3165861 3165949 | 89 1 | 89 89 | 98.88 | Ecoli_ancestor_Ancestor_ NODE_37_length_82213_cov_43.1418_ID_342762
		Marking as insignificant: 4320175 4320280 | 1 106 | 106 106 | 96.23 | Ecoli_ancestor_Ancestor_ NODE_37_length_82213_cov_43.1418_ID_342762
		One align captures most of this contig: 1 82213 | 82213 1 | 82213 82213 | 99.52 | Ecoli_ancestor_Ancestor_ NODE_37_length_82213_cov_43.1418_ID_342762

CONTIG: NODE_39_length_79757_cov_40.292_ID_342766 (79757bp)
Top Length: 79757  Top ID: 99.55
		One align captures most of this contig: 2524575 2604331 | 79757 1 | 79757 79757 | 99.55 | Ecoli_ancestor_Ancestor_ NODE_39_length_79757_cov_40.292_ID_342766

CONTIG: NODE_40_length_77400_cov_43.4439_ID_342768 (77400bp)
Top Length: 77400  Top ID: 99.57
		One align captures most of this contig: 3902899 3980298 | 1 77400 | 77400 77400 | 99.57 | Ecoli_ancestor_Ancestor_ NODE_40_length_77400_cov_43.4439_ID_342768

CONTIG: NODE_44_length_67069_cov_42.9385_ID_342776 (67069bp)
Top Length: 67069  Top ID: 99.46
		Marking as insignificant: 4315655 4315763 | 109 1 | 109 109 | 98.17 | Ecoli_ancestor_Ancestor_ NODE_44_length_67069_cov_42.9385_ID_342776
		Marking as insignificant: 2300687 2300799 | 113 1 | 113 113 | 98.23 | Ecoli_ancestor_Ancestor_ NODE_44_length_67069_cov_42.9385_ID_342776
		Marking as insignificant: 3291197 3291308 | 1 112 | 112 112 | 99.11 | Ecoli_ancestor_Ancestor_ NODE_44_length_67069_cov_42.9385_ID_342776
		Marking as insignificant: 3194652 3194763 | 1 112 | 112 112 | 99.11 | Ecoli_ancestor_Ancestor_ NODE_44_length_67069_cov_42.9385_ID_342776
		Marking as insignificant: 4015016 4015127 | 112 1 | 112 112 | 100.0 | Ecoli_ancestor_Ancestor_ NODE_44_length_67069_cov_42.9385_ID_342776
		Marking as insignificant: 3901756 3901867 | 112 1 | 112 112 | 100.0 | Ecoli_ancestor_Ancestor_ NODE_44_length_67069_cov_42.9385_ID_342776
		Marking as insignificant: 1224051 1224162 | 112 1 | 112 112 | 100.0 | Ecoli_ancestor_Ancestor_ NODE_44_length_67069_cov_42.9385_ID_342776
		Marking as insignificant: 937571 937682 | 112 1 | 112 112 | 100.0 | Ecoli_ancestor_Ancestor_ NODE_44_length_67069_cov_42.9385_ID_342776
		One align captures most of this contig: 2420901 2487969 | 67069 1 | 67069 67069 | 99.46 | Ecoli_ancestor_Ancestor_ NODE_44_length_67069_cov_42.9385_ID_342776

CONTIG: NODE_47_length_56510_cov_43.8507_ID_342782 (56510bp)
Top Length: 56510  Top ID: 99.4
		Marking as insignificant: 4315655 4315763 | 56402 56510 | 109 109 | 98.17 | Ecoli_ancestor_Ancestor_ NODE_47_length_56510_cov_43.8507_ID_342782
		Marking as insignificant: 2300691 2300799 | 56402 56510 | 109 109 | 99.08 | Ecoli_ancestor_Ancestor_ NODE_47_length_56510_cov_43.8507_ID_342782
		Marking as insignificant: 2487858 2487969 | 56399 56510 | 112 112 | 100.0 | Ecoli_ancestor_Ancestor_ NODE_47_length_56510_cov_43.8507_ID_342782
		Marking as insignificant: 3194652 3194764 | 56510 56398 | 113 113 | 99.12 | Ecoli_ancestor_Ancestor_ NODE_47_length_56510_cov_43.8507_ID_342782
		Marking as insignificant: 3901755 3901867 | 56398 56510 | 113 113 | 100.0 | Ecoli_ancestor_Ancestor_ NODE_47_length_56510_cov_43.8507_ID_342782
		Marking as insignificant: 937570 937682 | 56398 56510 | 113 113 | 100.0 | Ecoli_ancestor_Ancestor_ NODE_47_length_56510_cov_43.8507_ID_342782
		Marking as insignificant: 4015014 4015127 | 56397 56510 | 114 114 | 100.0 | Ecoli_ancestor_Ancestor_ NODE_47_length_56510_cov_43.8507_ID_342782
		Marking as insignificant: 3291197 3291314 | 56510 56393 | 118 118 | 98.31 | Ecoli_ancestor_Ancestor_ NODE_47_length_56510_cov_43.8507_ID_342782
		One align captures most of this contig: 1167653 1224162 | 1 56510 | 56510 56510 | 99.4 | Ecoli_ancestor_Ancestor_ NODE_47_length_56510_cov_43.8507_ID_342782

CONTIG: NODE_48_length_54320_cov_43.2375_ID_342784 (54320bp)
Top Length: 54320  Top ID: 99.5
		One align captures most of this contig: 1405199 1459518 | 54320 1 | 54320 54320 | 99.5 | Ecoli_ancestor_Ancestor_ NODE_48_length_54320_cov_43.2375_ID_342784

CONTIG: NODE_51_length_43118_cov_42.8835_ID_342790 (43118bp)
Top Length: 43118  Top ID: 99.59
		One align captures most of this contig: 3496835 3539952 | 43118 1 | 43118 43118 | 99.59 | Ecoli_ancestor_Ancestor_ NODE_51_length_43118_cov_42.8835_ID_342790

CONTIG: NODE_53_length_40599_cov_40.9236_ID_342794 (40599bp)
Top Length: 40599  Top ID: 99.55
		One align captures most of this contig: 3861212 3901810 | 1 40599 | 40599 40599 | 99.55 | Ecoli_ancestor_Ancestor_ NODE_53_length_40599_cov_40.9236_ID_342794

CONTIG: NODE_55_length_37203_cov_41.5418_ID_342798 (37203bp)
Top Length: 37203  Top ID: 99.27
		One align captures most of this contig: 4026729 4063931 | 1 37203 | 37203 37203 | 99.27 | Ecoli_ancestor_Ancestor_ NODE_55_length_37203_cov_41.5418_ID_342798

CONTIG: NODE_56_length_35013_cov_43.5203_ID_342800 (35013bp)
Top Length: 35013  Top ID: 99.46
		Marking as insignificant: 828414 828621 | 35013 34806 | 208 208 | 97.12 | Ecoli_ancestor_Ancestor_ NODE_56_length_35013_cov_43.5203_ID_342800
		One align captures most of this contig: 971405 1006417 | 35013 1 | 35013 35013 | 99.46 | Ecoli_ancestor_Ancestor_ NODE_56_length_35013_cov_43.5203_ID_342800

CONTIG: NODE_57_length_32079_cov_42.9977_ID_342802 (32079bp)
Top Length: 32079  Top ID: 99.32
		Marking as insignificant: 1594310 1594443 | 1 134 | 134 134 | 99.25 | Ecoli_ancestor_Ancestor_ NODE_57_length_32079_cov_42.9977_ID_342802
		Marking as insignificant: 4208214 4208347 | 134 1 | 134 134 | 100.0 | Ecoli_ancestor_Ancestor_ NODE_57_length_32079_cov_42.9977_ID_342802
		Marking as insignificant: 2939256 2939389 | 134 1 | 134 134 | 100.0 | Ecoli_ancestor_Ancestor_ NODE_57_length_32079_cov_42.9977_ID_342802
		Marking as insignificant: 91293 91426 | 134 1 | 134 134 | 100.0 | Ecoli_ancestor_Ancestor_ NODE_57_length_32079_cov_42.9977_ID_342802
		Marking as insignificant: 1403377 1403511 | 135 1 | 135 135 | 99.26 | Ecoli_ancestor_Ancestor_ NODE_57_length_32079_cov_42.9977_ID_342802
		One align captures most of this contig: 3132530 3164608 | 32079 1 | 32079 32079 | 99.32 | Ecoli_ancestor_Ancestor_ NODE_57_length_32079_cov_42.9977_ID_342802

CONTIG: NODE_58_length_32075_cov_42.6323_ID_342804 (32075bp)
Top Length: 32075  Top ID: 99.57
		One align captures most of this contig: 4241032 4273106 | 1 32075 | 32075 32075 | 99.57 | Ecoli_ancestor_Ancestor_ NODE_58_length_32075_cov_42.6323_ID_342804

CONTIG: NODE_59_length_31326_cov_46.225_ID_342806 (31326bp)
Top Length: 31326  Top ID: 99.5
		Marking as insignificant: 3787357 3787484 | 21375 21248 | 128 128 | 98.44 | Ecoli_ancestor_Ancestor_ NODE_59_length_31326_cov_46.225_ID_342806
		Marking as insignificant: 1519406 1519533 | 21377 21250 | 128 128 | 98.44 | Ecoli_ancestor_Ancestor_ NODE_59_length_31326_cov_46.225_ID_342806
		Marking as insignificant: 3119765 3120134 | 2397 2766 | 370 370 | 96.22 | Ecoli_ancestor_Ancestor_ NODE_59_length_31326_cov_46.225_ID_342806
		Marking as insignificant: 2956065 2956481 | 5929 6345 | 417 417 | 95.2 | Ecoli_ancestor_Ancestor_ NODE_59_length_31326_cov_46.225_ID_342806
		Marking as insignificant: 2953886 2954965 | 4553 5632 | 1080 1080 | 98.24 | Ecoli_ancestor_Ancestor_ NODE_59_length_31326_cov_46.225_ID_342806
		One align captures most of this contig: 3983748 4015073 | 31326 1 | 31326 31326 | 99.5 | Ecoli_ancestor_Ancestor_ NODE_59_length_31326_cov_46.225_ID_342806

CONTIG: NODE_60_length_31152_cov_41.9929_ID_342808 (31152bp)
Top Length: 31152  Top ID: 99.47
		Marking as insignificant: 4240925 4241119 | 195 1 | 195 195 | 98.97 | Ecoli_ancestor_Ancestor_ NODE_60_length_31152_cov_41.9929_ID_342808
		One align captures most of this contig: 4209875 4241026 | 31152 1 | 31152 31152 | 99.47 | Ecoli_ancestor_Ancestor_ NODE_60_length_31152_cov_41.9929_ID_342808

CONTIG: NODE_61_length_31019_cov_43.41_ID_342810 (31019bp)
Top Length: 31019  Top ID: 99.24
		One align captures most of this contig: 2489152 2520170 | 31019 1 | 31019 31019 | 99.24 | Ecoli_ancestor_Ancestor_ NODE_61_length_31019_cov_43.41_ID_342810

CONTIG: NODE_62_length_28754_cov_45.0522_ID_342812 (28754bp)
Top Length: 28754  Top ID: 99.42
		Marking as insignificant: 824121 824519 | 27329 27727 | 399 399 | 96.24 | Ecoli_ancestor_Ancestor_ NODE_62_length_28754_cov_45.0522_ID_342812
		Marking as insignificant: 3851944 3852832 | 26416 27304 | 889 889 | 96.18 | Ecoli_ancestor_Ancestor_ NODE_62_length_28754_cov_45.0522_ID_342812
		Marking as insignificant: 3852833 3854123 | 26038 27329 | 1291 1292 | 95.28 | Ecoli_ancestor_Ancestor_ NODE_62_length_28754_cov_45.0522_ID_342812
		Marking as insignificant: 3057842 3059132 | 26038 27328 | 1291 1291 | 96.75 | Ecoli_ancestor_Ancestor_ NODE_62_length_28754_cov_45.0522_ID_342812
		One align captures most of this contig: 939243 967996 | 1 28754 | 28754 28754 | 99.42 | Ecoli_ancestor_Ancestor_ NODE_62_length_28754_cov_45.0522_ID_342812

CONTIG: NODE_64_length_28568_cov_40.4499_ID_342816 (28568bp)
Top Length: 28568  Top ID: 99.57
		Marking as insignificant: 965291 965570 | 9983 9704 | 280 280 | 96.79 | Ecoli_ancestor_Ancestor_ NODE_64_length_28568_cov_40.4499_ID_342816
		Marking as insignificant: 3057853 3058132 | 9983 9704 | 280 280 | 97.86 | Ecoli_ancestor_Ancestor_ NODE_64_length_28568_cov_40.4499_ID_342816
		One align captures most of this contig: 4332842 4361409 | 28568 1 | 28568 28568 | 99.57 | Ecoli_ancestor_Ancestor_ NODE_64_length_28568_cov_40.4499_ID_342816

CONTIG: NODE_65_length_28556_cov_46.0291_ID_342818 (28556bp)
Top Length: 28556  Top ID: 99.53
		Marking as insignificant: 549959 550217 | 259 1 | 259 259 | 98.84 | Ecoli_ancestor_Ancestor_ NODE_65_length_28556_cov_46.0291_ID_342818
		Marking as insignificant: 1119476 1120661 | 4239 5424 | 1186 1186 | 98.82 | Ecoli_ancestor_Ancestor_ NODE_65_length_28556_cov_46.0291_ID_342818
		One align captures most of this contig: 390542 419097 | 28556 1 | 28556 28556 | 99.53 | Ecoli_ancestor_Ancestor_ NODE_65_length_28556_cov_46.0291_ID_342818

CONTIG: NODE_67_length_24596_cov_41.9531_ID_342822 (24596bp)
Top Length: 24596  Top ID: 99.46
		One align captures most of this contig: 3169025 3193620 | 1 24596 | 24596 24596 | 99.46 | Ecoli_ancestor_Ancestor_ NODE_67_length_24596_cov_41.9531_ID_342822

CONTIG: NODE_69_length_23223_cov_40.8889_ID_342826 (23223bp)
Top Length: 23223  Top ID: 99.69
		One align captures most of this contig: 4275964 4299186 | 23223 1 | 23223 23223 | 99.69 | Ecoli_ancestor_Ancestor_ NODE_69_length_23223_cov_40.8889_ID_342826

CONTIG: NODE_72_length_12321_cov_38.4324_ID_342832 (12321bp)
Top Length: 12321  Top ID: 99.61
		One align captures most of this contig: 2287208 2299528 | 1 12321 | 12321 12321 | 99.61 | Ecoli_ancestor_Ancestor_ NODE_72_length_12321_cov_38.4324_ID_342832

CONTIG: NODE_74_length_12059_cov_41.4952_ID_342836 (12059bp)
Top Length: 12059  Top ID: 99.55
		Marking as insignificant: 3165847 3165949 | 103 1 | 103 103 | 96.15 | Ecoli_ancestor_Ancestor_ NODE_74_length_12059_cov_41.4952_ID_342836
		Marking as insignificant: 82108 82213 | 106 1 | 106 106 | 96.23 | Ecoli_ancestor_Ancestor_ NODE_74_length_12059_cov_41.4952_ID_342836
		Marking as insignificant: 4310874 4310978 | 11955 12059 | 105 105 | 100.0 | Ecoli_ancestor_Ancestor_ NODE_74_length_12059_cov_41.4952_ID_342836
		Marking as insignificant: 4299403 4299507 | 11955 12059 | 105 105 | 100.0 | Ecoli_ancestor_Ancestor_ NODE_74_length_12059_cov_41.4952_ID_342836
		Marking as insignificant: 2605895 2605999 | 12059 11955 | 105 105 | 100.0 | Ecoli_ancestor_Ancestor_ NODE_74_length_12059_cov_41.4952_ID_342836
		Marking as insignificant: 4541314 4541419 | 12059 11954 | 106 106 | 100.0 | Ecoli_ancestor_Ancestor_ NODE_74_length_12059_cov_41.4952_ID_342836
		Marking as insignificant: 1007272 1007377 | 12059 11954 | 106 106 | 100.0 | Ecoli_ancestor_Ancestor_ NODE_74_length_12059_cov_41.4952_ID_342836
		One align captures most of this contig: 4320175 4332233 | 1 12059 | 12059 12059 | 99.55 | Ecoli_ancestor_Ancestor_ NODE_74_length_12059_cov_41.4952_ID_342836

CONTIG: NODE_75_length_8482_cov_44.3517_ID_342838 (8482bp)
Top Length: 8482  Top ID: 99.05
		Marking as insignificant: 3164475 3164608 | 134 1 | 134 134 | 100.0 | Ecoli_ancestor_Ancestor_ NODE_75_length_8482_cov_44.3517_ID_342838
		Marking as insignificant: 2939256 2939389 | 134 1 | 134 134 | 100.0 | Ecoli_ancestor_Ancestor_ NODE_75_length_8482_cov_44.3517_ID_342838
		Marking as insignificant: 91293 91426 | 134 1 | 134 134 | 100.0 | Ecoli_ancestor_Ancestor_ NODE_75_length_8482_cov_44.3517_ID_342838
		Marking as insignificant: 1594310 1594445 | 1 136 | 136 136 | 99.26 | Ecoli_ancestor_Ancestor_ NODE_75_length_8482_cov_44.3517_ID_342838
		Marking as insignificant: 1403374 1403511 | 138 1 | 138 138 | 98.55 | Ecoli_ancestor_Ancestor_ NODE_75_length_8482_cov_44.3517_ID_342838
		One align captures most of this contig: 4199866 4208347 | 8482 1 | 8482 8482 | 99.05 | Ecoli_ancestor_Ancestor_ NODE_75_length_8482_cov_44.3517_ID_342838

CONTIG: NODE_76_length_8064_cov_42.7586_ID_342840 (8064bp)
Top Length: 8064  Top ID: 99.65
		Marking as insignificant: 4319043 4319223 | 7829 8009 | 181 181 | 98.9 | Ecoli_ancestor_Ancestor_ NODE_76_length_8064_cov_42.7586_ID_342840
		Marking as insignificant: 3166901 3167081 | 8009 7829 | 181 181 | 98.9 | Ecoli_ancestor_Ancestor_ NODE_76_length_8064_cov_42.7586_ID_342840
		Marking as insignificant: 83165 83361 | 8009 7812 | 197 198 | 98.48 | Ecoli_ancestor_Ancestor_ NODE_76_length_8064_cov_42.7586_ID_342840
		One align captures most of this contig: 4302865 4310928 | 1 8064 | 8064 8064 | 99.65 | Ecoli_ancestor_Ancestor_ NODE_76_length_8064_cov_42.7586_ID_342840

CONTIG: NODE_77_length_5979_cov_43.1764_ID_342842 (5979bp)
Top Length: 5979  Top ID: 99.01
		One align captures most of this contig: 84030 90008 | 1 5979 | 5979 5979 | 99.01 | Ecoli_ancestor_Ancestor_ NODE_77_length_5979_cov_43.1764_ID_342842

CONTIG: NODE_78_length_2810_cov_368.286_ID_342844 (2810bp)
Top Length: 2810  Top ID: 99.4
		Marking as insignificant: 1167256 1167386 | 131 1 | 131 131 | 97.71 | Ecoli_ancestor_Ancestor_ NODE_78_length_2810_cov_368.286_ID_342844
		This contig has 7 significant alignments. [An ambiguously mapped contig]
		Using only first of these alignment (option --ambiguity-usage is set to "one"):
		Alignment: 419043 421849 | 1 2810 | 2807 2810 | 99.4 | Ecoli_ancestor_Ancestor_ NODE_78_length_2810_cov_368.286_ID_342844
		Skipping alignment  550163 552969 | 1 2808 | 2807 2808 | 99.47 | Ecoli_ancestor_Ancestor_ NODE_78_length_2810_cov_368.286_ID_342844
		Skipping alignment  1164335 1167141 | 2810 1 | 2807 2810 | 99.29 | Ecoli_ancestor_Ancestor_ NODE_78_length_2810_cov_368.286_ID_342844
		Skipping alignment  1861934 1864740 | 2810 1 | 2807 2810 | 99.25 | Ecoli_ancestor_Ancestor_ NODE_78_length_2810_cov_368.286_ID_342844
		Skipping alignment  4361924 4364731 | 1 2810 | 2808 2810 | 99.25 | Ecoli_ancestor_Ancestor_ NODE_78_length_2810_cov_368.286_ID_342844
		Skipping alignment  377640 380447 | 1 2810 | 2808 2810 | 99.18 | Ecoli_ancestor_Ancestor_ NODE_78_length_2810_cov_368.286_ID_342844
		Skipping alignment  643980 646786 | 1 2810 | 2807 2810 | 99.0 | Ecoli_ancestor_Ancestor_ NODE_78_length_2810_cov_368.286_ID_342844

CONTIG: NODE_79_length_2698_cov_46.328_ID_342846 (2698bp)
Top Length: 2698  Top ID: 98.44
		One align captures most of this contig: 4016159 4018856 | 2698 1 | 2698 2698 | 98.44 | Ecoli_ancestor_Ancestor_ NODE_79_length_2698_cov_46.328_ID_342846

CONTIG: NODE_81_length_2624_cov_36.7396_ID_342850 (2624bp)
Top Length: 2624  Top ID: 100.0
		One align captures most of this contig: 3125609 3128232 | 1 2624 | 2624 2624 | 100.0 | Ecoli_ancestor_Ancestor_ NODE_81_length_2624_cov_36.7396_ID_342850

CONTIG: NODE_82_length_2327_cov_39.5995_ID_342852 (2327bp)
Top Length: 2327  Top ID: 99.61
		One align captures most of this contig: 4311587 4313913 | 2327 1 | 2327 2327 | 99.61 | Ecoli_ancestor_Ancestor_ NODE_82_length_2327_cov_39.5995_ID_342852

CONTIG: NODE_83_length_1990_cov_32.3509_ID_342854 (1990bp)
Top Length: 1990  Top ID: 100.0
		One align captures most of this contig: 386672 388661 | 1990 1 | 1990 1990 | 100.0 | Ecoli_ancestor_Ancestor_ NODE_83_length_1990_cov_32.3509_ID_342854

CONTIG: NODE_84_length_1975_cov_375.256_ID_342856 (1975bp)
Top Length: 1975  Top ID: 98.79
		Marking as insignificant: 553688 555419 | 1732 1 | 1732 1732 | 98.38 | Ecoli_ancestor_Ancestor_ NODE_84_length_1975_cov_375.256_ID_342856
		Marking as insignificant: 1161896 1163627 | 1 1732 | 1732 1732 | 98.85 | Ecoli_ancestor_Ancestor_ NODE_84_length_1975_cov_375.256_ID_342856
		Marking as insignificant: 4365448 4367179 | 1732 1 | 1732 1732 | 98.9 | Ecoli_ancestor_Ancestor_ NODE_84_length_1975_cov_375.256_ID_342856
		This contig has 2 significant alignments. [An ambiguously mapped contig]
		Using only first of these alignment (option --ambiguity-usage is set to "one"):
		Alignment: 647168 649142 | 1975 1 | 1975 1975 | 98.79 | Ecoli_ancestor_Ancestor_ NODE_84_length_1975_cov_375.256_ID_342856
		Skipping alignment  380829 382803 | 1975 1 | 1975 1975 | 98.43 | Ecoli_ancestor_Ancestor_ NODE_84_length_1975_cov_375.256_ID_342856

CONTIG: NODE_87_length_1788_cov_50.3462_ID_342862 (1788bp)
Top Length: 1788  Top ID: 98.15
		One align captures most of this contig: 4538183 4539970 | 1 1788 | 1788 1788 | 98.15 | Ecoli_ancestor_Ancestor_ NODE_87_length_1788_cov_50.3462_ID_342862

CONTIG: NODE_88_length_1765_cov_57.6386_ID_342864 (1765bp)
Top Length: 1765  Top ID: 99.94
		One align captures most of this contig: 375930 377694 | 1765 1 | 1765 1765 | 99.94 | Ecoli_ancestor_Ancestor_ NODE_88_length_1765_cov_57.6386_ID_342864

CONTIG: NODE_89_length_1747_cov_198.307_ID_342866 (1747bp)
Top Length: 1747  Top ID: 99.37
		Marking as insignificant: 3859322 3861068 | 1 1747 | 1747 1747 | 97.02 | Ecoli_ancestor_Ancestor_ NODE_89_length_1747_cov_198.307_ID_342866
		This contig has 2 significant alignments. [An ambiguously mapped contig]
		Using only first of these alignment (option --ambiguity-usage is set to "one"):
		Alignment: 969713 971459 | 1 1747 | 1747 1747 | 99.37 | Ecoli_ancestor_Ancestor_ NODE_89_length_1747_cov_198.307_ID_342866
		Skipping alignment  826722 828468 | 1 1747 | 1747 1747 | 99.31 | Ecoli_ancestor_Ancestor_ NODE_89_length_1747_cov_198.307_ID_342866

CONTIG: NODE_90_length_1702_cov_402.857_ID_342868 (1702bp)
Top Length: 1702  Top ID: 99.0
		This contig has 7 significant alignments. [An ambiguously mapped contig]
		Using only first of these alignment (option --ambiguity-usage is set to "one"):
		Alignment: 1161896 1163597 | 1 1702 | 1702 1702 | 99.0 | Ecoli_ancestor_Ancestor_ NODE_90_length_1702_cov_402.857_ID_342868
		Skipping alignment  4365478 4367179 | 1702 1 | 1702 1702 | 99.0 | Ecoli_ancestor_Ancestor_ NODE_90_length_1702_cov_402.857_ID_342868
		Skipping alignment  1859501 1861202 | 1 1702 | 1702 1702 | 98.94 | Ecoli_ancestor_Ancestor_ NODE_90_length_1702_cov_402.857_ID_342868
		Skipping alignment  647441 649142 | 1702 1 | 1702 1702 | 98.83 | Ecoli_ancestor_Ancestor_ NODE_90_length_1702_cov_402.857_ID_342868
		Skipping alignment  422590 424291 | 1702 1 | 1702 1702 | 98.59 | Ecoli_ancestor_Ancestor_ NODE_90_length_1702_cov_402.857_ID_342868
		Skipping alignment  381102 382803 | 1702 1 | 1702 1702 | 98.53 | Ecoli_ancestor_Ancestor_ NODE_90_length_1702_cov_402.857_ID_342868
		Skipping alignment  553718 555419 | 1702 1 | 1702 1702 | 98.47 | Ecoli_ancestor_Ancestor_ NODE_90_length_1702_cov_402.857_ID_342868

CONTIG: NODE_91_length_1584_cov_31.7737_ID_342870 (1584bp)
Top Length: 1584  Top ID: 100.0
		Marking as insignificant: 3493410 3493481 | 1584 1513 | 72 72 | 100.0 | Ecoli_ancestor_Ancestor_ NODE_91_length_1584_cov_31.7737_ID_342870
		One align captures most of this contig: 3493772 3495355 | 1584 1 | 1584 1584 | 100.0 | Ecoli_ancestor_Ancestor_ NODE_91_length_1584_cov_31.7737_ID_342870

CONTIG: NODE_92_length_1508_cov_57.6511_ID_342872 (1508bp)
Top Length: 1508  Top ID: 99.27
		Marking as insignificant: 1161802 1161950 | 1362 1508 | 149 147 | 97.99 | Ecoli_ancestor_Ancestor_ NODE_92_length_1508_cov_57.6511_ID_342872
		Marking as insignificant: 4367125 4367339 | 1508 1294 | 215 215 | 100.0 | Ecoli_ancestor_Ancestor_ NODE_92_length_1508_cov_57.6511_ID_342872
		One align captures most of this contig: 382749 384254 | 1508 1 | 1506 1508 | 99.27 | Ecoli_ancestor_Ancestor_ NODE_92_length_1508_cov_57.6511_ID_342872

CONTIG: NODE_93_length_1329_cov_183.684_ID_342874 (1329bp)
Top Length: 1329  Top ID: 99.85
		This contig has 3 significant alignments. [An ambiguously mapped contig]
		Using only first of these alignment (option --ambiguity-usage is set to "one"):
		Alignment: 3981469 3982797 | 1 1329 | 1329 1329 | 99.85 | Ecoli_ancestor_Ancestor_ NODE_93_length_1329_cov_183.684_ID_342874
		Skipping alignment  4536242 4537570 | 1329 1 | 1329 1329 | 99.55 | Ecoli_ancestor_Ancestor_ NODE_93_length_1329_cov_183.684_ID_342874
		Skipping alignment  2075203 2076531 | 1 1329 | 1329 1329 | 99.47 | Ecoli_ancestor_Ancestor_ NODE_93_length_1329_cov_183.684_ID_342874

CONTIG: NODE_96_length_1262_cov_32.5982_ID_342880 (1262bp)
Top Length: 1262  Top ID: 100.0
		One align captures most of this contig: 384830 386091 | 1262 1 | 1262 1262 | 100.0 | Ecoli_ancestor_Ancestor_ NODE_96_length_1262_cov_32.5982_ID_342880

CONTIG: NODE_98_length_1150_cov_200.869_ID_342884 (1150bp)
Top Length: 1150  Top ID: 99.83
		Marking as insignificant: 4310730 4310873 | 1150 1007 | 144 144 | 100.0 | Ecoli_ancestor_Ancestor_ NODE_98_length_1150_cov_200.869_ID_342884
		This contig has 3 significant alignments. [An ambiguously mapped contig]
		Using only first of these alignment (option --ambiguity-usage is set to "one"):
		Alignment: 82159 83308 | 1 1150 | 1150 1150 | 99.83 | Ecoli_ancestor_Ancestor_ NODE_98_length_1150_cov_200.869_ID_342884
		Skipping alignment  3165895 3167044 | 1 1150 | 1150 1150 | 99.65 | Ecoli_ancestor_Ancestor_ NODE_98_length_1150_cov_200.869_ID_342884
		Skipping alignment  4319080 4320229 | 1150 1 | 1150 1150 | 98.87 | Ecoli_ancestor_Ancestor_ NODE_98_length_1150_cov_200.869_ID_342884

CONTIG: NODE_100_length_1081_cov_63.9795_ID_342888 (1081bp)
Top Length: 1081  Top ID: 97.96
		Marking as insignificant: 4361799 4361978 | 902 1081 | 180 180 | 99.44 | Ecoli_ancestor_Ancestor_ NODE_100_length_1081_cov_63.9795_ID_342888
		One align captures most of this contig: 642954 644034 | 1 1081 | 1081 1081 | 97.96 | Ecoli_ancestor_Ancestor_ NODE_100_length_1081_cov_63.9795_ID_342888

CONTIG: NODE_101_length_1070_cov_271.121_ID_342890 (1070bp)
Top Length: 1070  Top ID: 99.81
		This contig has 5 significant alignments. [An ambiguously mapped contig]
		Using only first of these alignment (option --ambiguity-usage is set to "one"):
		Alignment: 3495305 3496374 | 1 1070 | 1070 1070 | 99.81 | Ecoli_ancestor_Ancestor_ NODE_101_length_1070_cov_271.121_ID_342890
		Skipping alignment  4274506 4275575 | 1070 1 | 1070 1070 | 99.72 | Ecoli_ancestor_Ancestor_ NODE_101_length_1070_cov_271.121_ID_342890
		Skipping alignment  2419561 2420630 | 1070 1 | 1070 1070 | 99.63 | Ecoli_ancestor_Ancestor_ NODE_101_length_1070_cov_271.121_ID_342890
		Skipping alignment  4022955 4024024 | 1070 1 | 1070 1070 | 99.63 | Ecoli_ancestor_Ancestor_ NODE_101_length_1070_cov_271.121_ID_342890
		Skipping alignment  4197841 4198910 | 1 1070 | 1070 1070 | 99.44 | Ecoli_ancestor_Ancestor_ NODE_101_length_1070_cov_271.121_ID_342890

CONTIG: NODE_103_length_1057_cov_131.757_ID_342894 (1057bp)
Top Length: 1057  Top ID: 99.62
		This contig has 2 significant alignments. [An ambiguously mapped contig]
		Using only first of these alignment (option --ambiguity-usage is set to "one"):
		Alignment: 3129362 3130418 | 1057 1 | 1057 1057 | 99.62 | Ecoli_ancestor_Ancestor_ NODE_103_length_1057_cov_131.757_ID_342894
		Skipping alignment  2956305 2957361 | 1057 1 | 1057 1057 | 99.43 | Ecoli_ancestor_Ancestor_ NODE_103_length_1057_cov_131.757_ID_342894

CONTIG: NODE_105_length_1001_cov_64.3605_ID_342898 (1001bp)
Top Length: 1001  Top ID: 99.4
		One align captures most of this contig: 1402442 1403442 | 1 1001 | 1001 1001 | 99.4 | Ecoli_ancestor_Ancestor_ NODE_105_length_1001_cov_64.3605_ID_342898

CONTIG: NODE_106_length_928_cov_37.3001_ID_342900 (928bp)
Top Length: 928  Top ID: 100.0
		One align captures most of this contig: 2299474 2300401 | 1 928 | 928 928 | 100.0 | Ecoli_ancestor_Ancestor_ NODE_106_length_928_cov_37.3001_ID_342900

CONTIG: NODE_108_length_857_cov_31.3454_ID_342904 (857bp)
Top Length: 857  Top ID: 100.0
		One align captures most of this contig: 4025752 4026608 | 1 857 | 857 857 | 100.0 | Ecoli_ancestor_Ancestor_ NODE_108_length_857_cov_31.3454_ID_342904

CONTIG: NODE_110_length_796_cov_31.3239_ID_342908 (796bp)
Top Length: 796  Top ID: 100.0
		One align captures most of this contig: 1864949 1865744 | 1 796 | 796 796 | 100.0 | Ecoli_ancestor_Ancestor_ NODE_110_length_796_cov_31.3239_ID_342908

CONTIG: NODE_112_length_765_cov_36.4296_ID_342912 (765bp)
Top Length: 765  Top ID: 100.0
		One align captures most of this contig: 2522718 2523482 | 765 1 | 765 765 | 100.0 | Ecoli_ancestor_Ancestor_ NODE_112_length_765_cov_36.4296_ID_342912

CONTIG: NODE_113_length_759_cov_323.486_ID_342914 (759bp)
Top Length: 759  Top ID: 99.74
		Marking as insignificant: 2939748 2939961 | 759 546 | 214 214 | 99.53 | Ecoli_ancestor_Ancestor_ NODE_113_length_759_cov_323.486_ID_342914
		This contig has 6 significant alignments. [An ambiguously mapped contig]
		Using only first of these alignment (option --ambiguity-usage is set to "one"):
		Alignment: 1403870 1404628 | 759 1 | 759 759 | 99.74 | Ecoli_ancestor_Ancestor_ NODE_113_length_759_cov_323.486_ID_342914
		Skipping alignment  2520613 2521371 | 1 759 | 759 759 | 99.74 | Ecoli_ancestor_Ancestor_ NODE_113_length_759_cov_323.486_ID_342914
		Skipping alignment  3164967 3165725 | 759 1 | 759 759 | 99.74 | Ecoli_ancestor_Ancestor_ NODE_113_length_759_cov_323.486_ID_342914
		Skipping alignment  91785 92543 | 759 1 | 759 759 | 99.47 | Ecoli_ancestor_Ancestor_ NODE_113_length_759_cov_323.486_ID_342914
		Skipping alignment  1593193 1593951 | 1 759 | 759 759 | 99.47 | Ecoli_ancestor_Ancestor_ NODE_113_length_759_cov_323.486_ID_342914
		Skipping alignment  4208706 4209464 | 759 1 | 759 759 | 99.34 | Ecoli_ancestor_Ancestor_ NODE_113_length_759_cov_323.486_ID_342914

CONTIG: NODE_114_length_743_cov_83.7573_ID_342916 (743bp)
Top Length: 743  Top ID: 97.17
		Marking as insignificant: 1859319 1859555 | 506 743 | 237 238 | 95.83 | Ecoli_ancestor_Ancestor_ NODE_114_length_743_cov_83.7573_ID_342916
		Marking as insignificant: 424237 424505 | 743 475 | 269 269 | 99.26 | Ecoli_ancestor_Ancestor_ NODE_114_length_743_cov_83.7573_ID_342916
		Marking as insignificant: 555365 555639 | 743 469 | 275 275 | 99.64 | Ecoli_ancestor_Ancestor_ NODE_114_length_743_cov_83.7573_ID_342916
		One align captures most of this contig: 649088 649830 | 743 1 | 743 743 | 97.17 | Ecoli_ancestor_Ancestor_ NODE_114_length_743_cov_83.7573_ID_342916

CONTIG: NODE_115_length_738_cov_36.3031_ID_342918 (738bp)
Top Length: 738  Top ID: 100.0
		One align captures most of this contig: 4317955 4318692 | 738 1 | 738 738 | 100.0 | Ecoli_ancestor_Ancestor_ NODE_115_length_738_cov_36.3031_ID_342918

CONTIG: NODE_116_length_728_cov_33.4205_ID_342920 (728bp)
Top Length: 728  Top ID: 100.0
		One align captures most of this contig: 425800 426527 | 1 728 | 728 728 | 100.0 | Ecoli_ancestor_Ancestor_ NODE_116_length_728_cov_33.4205_ID_342920

CONTIG: NODE_117_length_720_cov_121.761_ID_342922 (720bp)
Top Length: 720  Top ID: 99.86
		This contig has 2 significant alignments. [An ambiguously mapped contig]
		Using only first of these alignment (option --ambiguity-usage is set to "one"):
		Alignment: 4064175 4064894 | 720 1 | 720 720 | 99.86 | Ecoli_ancestor_Ancestor_ NODE_117_length_720_cov_121.761_ID_342922
		Skipping alignment  3061721 3062440 | 720 1 | 720 720 | 99.72 | Ecoli_ancestor_Ancestor_ NODE_117_length_720_cov_121.761_ID_342922

CONTIG: NODE_118_length_680_cov_68.5072_ID_342924 (680bp)
Top Length: 677  Top ID: 99.7
		Marking as insignificant: 2520533 2520667 | 546 680 | 135 135 | 98.52 | Ecoli_ancestor_Ancestor_ NODE_118_length_680_cov_68.5072_ID_342924
		Marking as insignificant: 92489 92623 | 680 546 | 135 135 | 98.52 | Ecoli_ancestor_Ancestor_ NODE_118_length_680_cov_68.5072_ID_342924
		Marking as insignificant: 3165671 3165806 | 680 545 | 136 136 | 99.26 | Ecoli_ancestor_Ancestor_ NODE_118_length_680_cov_68.5072_ID_342924
		Marking as insignificant: 1593112 1593247 | 545 680 | 136 136 | 99.26 | Ecoli_ancestor_Ancestor_ NODE_118_length_680_cov_68.5072_ID_342924
		Marking as insignificant: 4209410 4209548 | 680 542 | 139 139 | 98.56 | Ecoli_ancestor_Ancestor_ NODE_118_length_680_cov_68.5072_ID_342924
		One align captures most of this contig: 1404577 1405253 | 677 1 | 677 677 | 99.7 | Ecoli_ancestor_Ancestor_ NODE_118_length_680_cov_68.5072_ID_342924

CONTIG: NODE_119_length_671_cov_28.0844_ID_342926 (671bp)
Top Length: 671  Top ID: 100.0
		One align captures most of this contig: 4024974 4025644 | 1 671 | 671 671 | 100.0 | Ecoli_ancestor_Ancestor_ NODE_119_length_671_cov_28.0844_ID_342926

CONTIG: NODE_120_length_667_cov_404.693_ID_342928 (667bp)
Top Length: 667  Top ID: 99.4
		This contig has 7 significant alignments. [An ambiguously mapped contig]
		Using only first of these alignment (option --ambiguity-usage is set to "one"):
		Alignment: 1006660 1007326 | 667 1 | 667 667 | 99.4 | Ecoli_ancestor_Ancestor_ NODE_120_length_667_cov_404.693_ID_342928
		Skipping alignment  3540310 3540976 | 667 1 | 667 667 | 99.25 | Ecoli_ancestor_Ancestor_ NODE_120_length_667_cov_404.693_ID_342928
		Skipping alignment  2605283 2605949 | 667 1 | 667 667 | 99.1 | Ecoli_ancestor_Ancestor_ NODE_120_length_667_cov_404.693_ID_342928
		Skipping alignment  4332179 4332845 | 1 667 | 667 667 | 99.1 | Ecoli_ancestor_Ancestor_ NODE_120_length_667_cov_404.693_ID_342928
		Skipping alignment  4299453 4300119 | 1 667 | 667 667 | 98.95 | Ecoli_ancestor_Ancestor_ NODE_120_length_667_cov_404.693_ID_342928
		Skipping alignment  4310924 4311590 | 1 667 | 667 667 | 98.95 | Ecoli_ancestor_Ancestor_ NODE_120_length_667_cov_404.693_ID_342928
		Skipping alignment  4540702 4541368 | 667 1 | 667 667 | 98.5 | Ecoli_ancestor_Ancestor_ NODE_120_length_667_cov_404.693_ID_342928

CONTIG: NODE_121_length_659_cov_460.937_ID_342930 (659bp)
Top Length: 659  Top ID: 99.7
		This contig has 11 significant alignments. [An ambiguously mapped contig]
		Using only first of these alignment (option --ambiguity-usage is set to "one"):
		Alignment: 938098 938756 | 659 1 | 659 659 | 99.7 | Ecoli_ancestor_Ancestor_ NODE_121_length_659_cov_460.937_ID_342930
		Skipping alignment  1459476 1460134 | 1 659 | 659 659 | 99.7 | Ecoli_ancestor_Ancestor_ NODE_121_length_659_cov_460.937_ID_342930
		Skipping alignment  2301215 2301873 | 659 1 | 659 659 | 99.7 | Ecoli_ancestor_Ancestor_ NODE_121_length_659_cov_460.937_ID_342930
		Skipping alignment  2488385 2489043 | 659 1 | 659 659 | 99.7 | Ecoli_ancestor_Ancestor_ NODE_121_length_659_cov_460.937_ID_342930
		Skipping alignment  3193578 3194236 | 1 659 | 659 659 | 99.7 | Ecoli_ancestor_Ancestor_ NODE_121_length_659_cov_460.937_ID_342930
		Skipping alignment  3290123 3290781 | 1 659 | 659 659 | 99.7 | Ecoli_ancestor_Ancestor_ NODE_121_length_659_cov_460.937_ID_342930
		Skipping alignment  3902283 3902941 | 659 1 | 659 659 | 99.7 | Ecoli_ancestor_Ancestor_ NODE_121_length_659_cov_460.937_ID_342930
		Skipping alignment  4316179 4316837 | 659 1 | 659 659 | 99.7 | Ecoli_ancestor_Ancestor_ NODE_121_length_659_cov_460.937_ID_342930
		Skipping alignment  1224578 1225236 | 659 1 | 659 659 | 99.54 | Ecoli_ancestor_Ancestor_ NODE_121_length_659_cov_460.937_ID_342930
		Skipping alignment  4015543 4016201 | 659 1 | 659 659 | 99.39 | Ecoli_ancestor_Ancestor_ NODE_121_length_659_cov_460.937_ID_342930
		Skipping alignment  2523975 2524633 | 659 1 | 659 659 | 98.79 | Ecoli_ancestor_Ancestor_ NODE_121_length_659_cov_460.937_ID_342930

CONTIG: NODE_122_length_658_cov_32.3085_ID_342932 (658bp)
Top Length: 658  Top ID: 100.0
		One align captures most of this contig: 650245 650902 | 658 1 | 658 658 | 100.0 | Ecoli_ancestor_Ancestor_ NODE_122_length_658_cov_32.3085_ID_342932

CONTIG: NODE_124_length_624_cov_72.5395_ID_342936 (624bp)
Top Length: 624  Top ID: 99.84
		Marking as insignificant: 643855 644034 | 180 1 | 180 180 | 100.0 | Ecoli_ancestor_Ancestor_ NODE_124_length_624_cov_72.5395_ID_342936
		One align captures most of this contig: 4361355 4361978 | 624 1 | 624 624 | 99.84 | Ecoli_ancestor_Ancestor_ NODE_124_length_624_cov_72.5395_ID_342936

CONTIG: NODE_125_length_623_cov_32.5458_ID_342938 (623bp)
Top Length: 623  Top ID: 100.0
		One align captures most of this contig: 4020515 4021137 | 623 1 | 623 623 | 100.0 | Ecoli_ancestor_Ancestor_ NODE_125_length_623_cov_32.5458_ID_342938

CONTIG: NODE_126_length_598_cov_31.0626_ID_342940 (598bp)
Top Length: 598  Top ID: 100.0
		One align captures most of this contig: 386100 386697 | 598 1 | 598 598 | 100.0 | Ecoli_ancestor_Ancestor_ NODE_126_length_598_cov_31.0626_ID_342940

CONTIG: NODE_127_length_594_cov_31.9796_ID_342942 (594bp)
Top Length: 594  Top ID: 100.0
		One align captures most of this contig: 1865730 1866323 | 594 1 | 594 594 | 100.0 | Ecoli_ancestor_Ancestor_ NODE_127_length_594_cov_31.9796_ID_342942

CONTIG: NODE_128_length_584_cov_62.4197_ID_342944 (584bp)
Top Length: 584  Top ID: 100.0
		One align captures most of this contig: 938714 939297 | 1 584 | 584 584 | 100.0 | Ecoli_ancestor_Ancestor_ NODE_128_length_584_cov_62.4197_ID_342944

CONTIG: NODE_129_length_583_cov_33.642_ID_342946 (583bp)
Top Length: 583  Top ID: 100.0
		One align captures most of this contig: 651006 651588 | 1 583 | 583 583 | 100.0 | Ecoli_ancestor_Ancestor_ NODE_129_length_583_cov_33.642_ID_342946

CONTIG: NODE_130_length_567_cov_34.3184_ID_342948 (567bp)
Top Length: 567  Top ID: 100.0
		One align captures most of this contig: 390030 390596 | 567 1 | 567 567 | 100.0 | Ecoli_ancestor_Ancestor_ NODE_130_length_567_cov_34.3184_ID_342948

CONTIG: NODE_132_length_562_cov_36.6272_ID_342952 (562bp)
Top Length: 562  Top ID: 100.0
		One align captures most of this contig: 3125102 3125663 | 1 562 | 562 562 | 100.0 | Ecoli_ancestor_Ancestor_ NODE_132_length_562_cov_36.6272_ID_342952

CONTIG: NODE_133_length_533_cov_33.8975_ID_342954 (533bp)
Top Length: 533  Top ID: 100.0
		One align captures most of this contig: 652040 652572 | 1 533 | 533 533 | 100.0 | Ecoli_ancestor_Ancestor_ NODE_133_length_533_cov_33.8975_ID_342954

CONTIG: NODE_134_length_530_cov_56.3116_ID_342956 (530bp)
Top Length: 530  Top ID: 98.68
		One align captures most of this contig: 3289636 3290165 | 530 1 | 530 530 | 98.68 | Ecoli_ancestor_Ancestor_ NODE_134_length_530_cov_56.3116_ID_342956

CONTIG: NODE_135_length_525_cov_470.049_ID_342958 (525bp)
Top Length: 525  Top ID: 100.0
		This contig has 11 significant alignments. [An ambiguously mapped contig]
		Using only first of these alignment (option --ambiguity-usage is set to "one"):
		Alignment: 2523505 2524029 | 1 525 | 525 525 | 100.0 | Ecoli_ancestor_Ancestor_ NODE_135_length_525_cov_470.049_ID_342958
		Skipping alignment  4015073 4015597 | 1 525 | 525 525 | 100.0 | Ecoli_ancestor_Ancestor_ NODE_135_length_525_cov_470.049_ID_342958
		Skipping alignment  937628 938152 | 1 525 | 525 525 | 99.81 | Ecoli_ancestor_Ancestor_ NODE_135_length_525_cov_470.049_ID_342958
		Skipping alignment  3901813 3902337 | 1 525 | 525 525 | 99.81 | Ecoli_ancestor_Ancestor_ NODE_135_length_525_cov_470.049_ID_342958
		Skipping alignment  2300745 2301269 | 1 525 | 525 525 | 99.62 | Ecoli_ancestor_Ancestor_ NODE_135_length_525_cov_470.049_ID_342958
		Skipping alignment  2487915 2488439 | 1 525 | 525 525 | 99.62 | Ecoli_ancestor_Ancestor_ NODE_135_length_525_cov_470.049_ID_342958
		Skipping alignment  3194182 3194706 | 525 1 | 525 525 | 99.62 | Ecoli_ancestor_Ancestor_ NODE_135_length_525_cov_470.049_ID_342958
		Skipping alignment  1224108 1224632 | 1 525 | 525 525 | 99.43 | Ecoli_ancestor_Ancestor_ NODE_135_length_525_cov_470.049_ID_342958
		Skipping alignment  1460080 1460604 | 525 1 | 525 525 | 99.43 | Ecoli_ancestor_Ancestor_ NODE_135_length_525_cov_470.049_ID_342958
		Skipping alignment  3290727 3291251 | 525 1 | 525 525 | 99.43 | Ecoli_ancestor_Ancestor_ NODE_135_length_525_cov_470.049_ID_342958
		Skipping alignment  4315709 4316233 | 1 525 | 525 525 | 99.43 | Ecoli_ancestor_Ancestor_ NODE_135_length_525_cov_470.049_ID_342958

CONTIG: NODE_136_length_524_cov_35.9872_ID_342960 (524bp)
Top Length: 524  Top ID: 100.0
		One align captures most of this contig: 384200 384723 | 524 1 | 524 524 | 100.0 | Ecoli_ancestor_Ancestor_ NODE_136_length_524_cov_35.9872_ID_342960

CONTIG: NODE_137_length_522_cov_27.0557_ID_342962 (522bp)
Top Length: 522  Top ID: 100.0
		One align captures most of this contig: 4021904 4022425 | 522 1 | 522 522 | 100.0 | Ecoli_ancestor_Ancestor_ NODE_137_length_522_cov_27.0557_ID_342962

CONTIG: NODE_138_length_520_cov_89.0753_ID_342964 (520bp)
Top Length: 520  Top ID: 98.85
		Marking as insignificant: 1404577 1404712 | 4 139 | 136 136 | 98.53 | Ecoli_ancestor_Ancestor_ NODE_138_length_520_cov_89.0753_ID_342964
		Marking as insignificant: 92489 92623 | 1 135 | 135 135 | 99.26 | Ecoli_ancestor_Ancestor_ NODE_138_length_520_cov_89.0753_ID_342964
		Marking as insignificant: 3165671 3165805 | 1 135 | 135 135 | 100.0 | Ecoli_ancestor_Ancestor_ NODE_138_length_520_cov_89.0753_ID_342964
		Marking as insignificant: 1593113 1593247 | 135 1 | 135 135 | 100.0 | Ecoli_ancestor_Ancestor_ NODE_138_length_520_cov_89.0753_ID_342964
		Marking as insignificant: 2520531 2520667 | 137 1 | 137 137 | 99.27 | Ecoli_ancestor_Ancestor_ NODE_138_length_520_cov_89.0753_ID_342964
		One align captures most of this contig: 4209410 4209929 | 1 520 | 520 520 | 98.85 | Ecoli_ancestor_Ancestor_ NODE_138_length_520_cov_89.0753_ID_342964

CONTIG: NODE_139_length_517_cov_26.8312_ID_342966 (517bp)
Top Length: 517  Top ID: 100.0
		One align captures most of this contig: 2522118 2522634 | 517 1 | 517 517 | 100.0 | Ecoli_ancestor_Ancestor_ NODE_139_length_517_cov_26.8312_ID_342966

Analyzing coverage...
Writing SNPs into /net/metagenomics/projects/afritz_assemblies/Similarity_Experiment/Ecoli_OneTree/metaquast_strain_spades_c/Ecoli_0940/runs_per_reference/Ecoli_ancestor/contigs_reports/nucmer_output/contigs.used_snps
	Reference Ecoli_ancestor_Ancestor_: 94 total alignments. 1 total regions.
		Region: 1 to 4641652 (4641652 bp)
			Align 1: 1 82213 NODE_37_length_82213_cov_43.1418_ID_342762 82213 1
				Negative gap (overlap) between this and next alignment: 82213 to 82159 (-54 bp)
				Next Alignment: 82159 83308 NODE_98_length_1150_cov_200.869_ID_342884 1 1150

			Previous gap was negative, modifying coordinates to ignore overlap
				Moving contig start from 1 to 56.
			Align 2: 82214 83308 NODE_98_length_1150_cov_200.869_ID_342884 56 1150
				Gap between this and next alignment: 83308 to 84030 (721 bp)
				Next Alignment: 84030 90008 NODE_77_length_5979_cov_43.1764_ID_342842 1 5979

			Align 3: 84030 90008 NODE_77_length_5979_cov_43.1764_ID_342842 1 5979
				Gap between this and next alignment: 90008 to 93084 (3075 bp)
				Next Alignment: 93084 294743 NODE_8_length_282675_cov_42.1603_ID_342704 282675 81016

			Align 4: 93084 294743 NODE_8_length_282675_cov_42.1603_ID_342704 282675 81016
				Gap between this and next alignment: 294743 to 294968 (224 bp)
				Next Alignment: 294968 375984 NODE_8_length_282675_cov_42.1603_ID_342704 81015 1

			Align 5: 294968 375984 NODE_8_length_282675_cov_42.1603_ID_342704 81015 1
				Negative gap (overlap) between this and next alignment: 375984 to 375930 (-54 bp)
				Next Alignment: 375930 377694 NODE_88_length_1765_cov_57.6386_ID_342864 1765 1

			Previous gap was negative, modifying coordinates to ignore overlap
				Moving contig start from 1765 to 1710.
			Align 6: 375985 377694 NODE_88_length_1765_cov_57.6386_ID_342864 1710 1
				Gap between this and next alignment: 377694 to 382749 (5054 bp)
				Next Alignment: 382749 384254 NODE_92_length_1508_cov_57.6511_ID_342872 1508 1

			Align 7: 382749 384254 NODE_92_length_1508_cov_57.6511_ID_342872 1508 1
				Negative gap (overlap) between this and next alignment: 384254 to 384200 (-54 bp)
				Next Alignment: 384200 384723 NODE_136_length_524_cov_35.9872_ID_342960 524 1

			Previous gap was negative, modifying coordinates to ignore overlap
				Moving contig start from 524 to 469.
			Align 8: 384255 384723 NODE_136_length_524_cov_35.9872_ID_342960 469 1
				Gap between this and next alignment: 384723 to 384830 (106 bp)
				Next Alignment: 384830 386091 NODE_96_length_1262_cov_32.5982_ID_342880 1262 1

			Align 9: 384830 386091 NODE_96_length_1262_cov_32.5982_ID_342880 1262 1
				Gap between this and next alignment: 386091 to 386100 (8 bp)
				Next Alignment: 386100 386697 NODE_126_length_598_cov_31.0626_ID_342940 598 1

			Align 10: 386100 386697 NODE_126_length_598_cov_31.0626_ID_342940 598 1
				Negative gap (overlap) between this and next alignment: 386697 to 386672 (-25 bp)
				Next Alignment: 386672 388661 NODE_83_length_1990_cov_32.3509_ID_342854 1990 1

			Previous gap was negative, modifying coordinates to ignore overlap
				Moving contig start from 1990 to 1964.
			Align 11: 386698 388661 NODE_83_length_1990_cov_32.3509_ID_342854 1964 1
				Gap between this and next alignment: 388661 to 390030 (1368 bp)
				Next Alignment: 390030 390596 NODE_130_length_567_cov_34.3184_ID_342948 567 1

			Align 12: 390030 390596 NODE_130_length_567_cov_34.3184_ID_342948 567 1
				Negative gap (overlap) between this and next alignment: 390596 to 390542 (-54 bp)
				Next Alignment: 390542 419097 NODE_65_length_28556_cov_46.0291_ID_342818 28556 1

			Previous gap was negative, modifying coordinates to ignore overlap
				Moving contig start from 28556 to 28501.
			Align 13: 390597 419097 NODE_65_length_28556_cov_46.0291_ID_342818 28501 1
				Negative gap (overlap) between this and next alignment: 419097 to 419043 (-54 bp)
				Next Alignment: 419043 421849 NODE_78_length_2810_cov_368.286_ID_342844 1 2810

			Previous gap was negative, modifying coordinates to ignore overlap
				Moving contig start from 1 to 56.
			Align 14: 419098 421849 NODE_78_length_2810_cov_368.286_ID_342844 56 2810
				Gap between this and next alignment: 421849 to 425800 (3950 bp)
				Next Alignment: 425800 426527 NODE_116_length_728_cov_33.4205_ID_342920 1 728

			Align 15: 425800 426527 NODE_116_length_728_cov_33.4205_ID_342920 1 728
				Gap between this and next alignment: 426527 to 427867 (1339 bp)
				Next Alignment: 427867 549823 NODE_27_length_121957_cov_41.3191_ID_342742 121957 1

			Align 16: 427867 549823 NODE_27_length_121957_cov_41.3191_ID_342742 121957 1
				Gap between this and next alignment: 549823 to 555551 (5727 bp)
				Next Alignment: 555551 643008 NODE_36_length_87458_cov_42.1353_ID_342760 1 87458

			Align 17: 555551 643008 NODE_36_length_87458_cov_42.1353_ID_342760 1 87458
				Negative gap (overlap) between this and next alignment: 643008 to 642954 (-54 bp)
				Next Alignment: 642954 644034 NODE_100_length_1081_cov_63.9795_ID_342888 1 1081

			Previous gap was negative, modifying coordinates to ignore overlap
				Moving contig start from 1 to 56.
			Align 18: 643009 644034 NODE_100_length_1081_cov_63.9795_ID_342888 56 1081
				Gap between this and next alignment: 644034 to 647168 (3133 bp)
				Next Alignment: 647168 649142 NODE_84_length_1975_cov_375.256_ID_342856 1975 1

			Align 19: 647168 649142 NODE_84_length_1975_cov_375.256_ID_342856 1975 1
				Negative gap (overlap) between this and next alignment: 649142 to 649088 (-54 bp)
				Next Alignment: 649088 649830 NODE_114_length_743_cov_83.7573_ID_342916 743 1

			Previous gap was negative, modifying coordinates to ignore overlap
				Moving contig start from 743 to 688.
			Align 20: 649143 649830 NODE_114_length_743_cov_83.7573_ID_342916 688 1
				Gap between this and next alignment: 649830 to 650245 (414 bp)
				Next Alignment: 650245 650902 NODE_122_length_658_cov_32.3085_ID_342932 658 1

			Align 21: 650245 650902 NODE_122_length_658_cov_32.3085_ID_342932 658 1
				Gap between this and next alignment: 650902 to 651006 (103 bp)
				Next Alignment: 651006 651588 NODE_129_length_583_cov_33.642_ID_342946 1 583

			Align 22: 651006 651588 NODE_129_length_583_cov_33.642_ID_342946 1 583
				Gap between this and next alignment: 651588 to 652040 (451 bp)
				Next Alignment: 652040 652572 NODE_133_length_533_cov_33.8975_ID_342954 1 533

			Align 23: 652040 652572 NODE_133_length_533_cov_33.8975_ID_342954 1 533
				Gap between this and next alignment: 652572 to 653081 (508 bp)
				Next Alignment: 653081 822569 NODE_20_length_169489_cov_42.3185_ID_342728 169489 1

			Align 24: 653081 822569 NODE_20_length_169489_cov_42.3185_ID_342728 169489 1
				Gap between this and next alignment: 822569 to 828661 (6091 bp)
				Next Alignment: 828661 937682 NODE_32_length_109022_cov_43.1878_ID_342752 1 109022

			Align 25: 828661 937682 NODE_32_length_109022_cov_43.1878_ID_342752 1 109022
				Gap between this and next alignment: 937682 to 938098 (415 bp)
				Next Alignment: 938098 938756 NODE_121_length_659_cov_460.937_ID_342930 659 1

			Align 26: 938098 938756 NODE_121_length_659_cov_460.937_ID_342930 659 1
				Negative gap (overlap) between this and next alignment: 938756 to 938714 (-42 bp)
				Next Alignment: 938714 939297 NODE_128_length_584_cov_62.4197_ID_342944 1 584

			Previous gap was negative, modifying coordinates to ignore overlap
				Moving contig start from 1 to 44.
			Align 27: 938757 939297 NODE_128_length_584_cov_62.4197_ID_342944 44 584
				Negative gap (overlap) between this and next alignment: 939297 to 939243 (-54 bp)
				Next Alignment: 939243 967996 NODE_62_length_28754_cov_45.0522_ID_342812 1 28754

			Previous gap was negative, modifying coordinates to ignore overlap
				Moving contig start from 1 to 56.
			Align 28: 939298 967996 NODE_62_length_28754_cov_45.0522_ID_342812 56 28754
				Gap between this and next alignment: 967996 to 969713 (1716 bp)
				Next Alignment: 969713 971459 NODE_89_length_1747_cov_198.307_ID_342866 1 1747

			Align 29: 969713 971459 NODE_89_length_1747_cov_198.307_ID_342866 1 1747
				Negative gap (overlap) between this and next alignment: 971459 to 971405 (-54 bp)
				Next Alignment: 971405 1006417 NODE_56_length_35013_cov_43.5203_ID_342800 35013 1

			Previous gap was negative, modifying coordinates to ignore overlap
				Moving contig start from 35013 to 34958.
			Align 30: 971460 1006417 NODE_56_length_35013_cov_43.5203_ID_342800 34958 1
				Gap between this and next alignment: 1006417 to 1006660 (242 bp)
				Next Alignment: 1006660 1007326 NODE_120_length_667_cov_404.693_ID_342928 667 1

			Align 31: 1006660 1007326 NODE_120_length_667_cov_404.693_ID_342928 667 1
				Gap between this and next alignment: 1007326 to 1009900 (2573 bp)
				Next Alignment: 1009900 1161950 NODE_24_length_152051_cov_42.8507_ID_342736 1 152051

			Align 32: 1009900 1161950 NODE_24_length_152051_cov_42.8507_ID_342736 1 152051
				Negative gap (overlap) between this and next alignment: 1161950 to 1161896 (-54 bp)
				Next Alignment: 1161896 1163597 NODE_90_length_1702_cov_402.857_ID_342868 1 1702

			Previous gap was negative, modifying coordinates to ignore overlap
				Moving contig start from 1 to 56.
			Align 33: 1161951 1163597 NODE_90_length_1702_cov_402.857_ID_342868 56 1702
				Gap between this and next alignment: 1163597 to 1167653 (4055 bp)
				Next Alignment: 1167653 1224162 NODE_47_length_56510_cov_43.8507_ID_342782 1 56510

			Align 34: 1167653 1224162 NODE_47_length_56510_cov_43.8507_ID_342782 1 56510
				Gap between this and next alignment: 1224162 to 1225194 (1031 bp)
				Next Alignment: 1225194 1402496 NODE_19_length_177303_cov_41.2005_ID_342726 177303 1

			Align 35: 1225194 1402496 NODE_19_length_177303_cov_41.2005_ID_342726 177303 1
				Negative gap (overlap) between this and next alignment: 1402496 to 1402442 (-54 bp)
				Next Alignment: 1402442 1403442 NODE_105_length_1001_cov_64.3605_ID_342898 1 1001

			Previous gap was negative, modifying coordinates to ignore overlap
				Moving contig start from 1 to 56.
			Align 36: 1402497 1403442 NODE_105_length_1001_cov_64.3605_ID_342898 56 1001
				Gap between this and next alignment: 1403442 to 1403870 (427 bp)
				Next Alignment: 1403870 1404628 NODE_113_length_759_cov_323.486_ID_342914 759 1

			Align 37: 1403870 1404628 NODE_113_length_759_cov_323.486_ID_342914 759 1
				Negative gap (overlap) between this and next alignment: 1404628 to 1404577 (-51 bp)
				Next Alignment: 1404577 1405253 NODE_118_length_680_cov_68.5072_ID_342924 677 1

			Previous gap was negative, modifying coordinates to ignore overlap
				Moving contig start from 677 to 625.
			Align 38: 1404629 1405253 NODE_118_length_680_cov_68.5072_ID_342924 625 1
				Negative gap (overlap) between this and next alignment: 1405253 to 1405199 (-54 bp)
				Next Alignment: 1405199 1459518 NODE_48_length_54320_cov_43.2375_ID_342784 54320 1

			Previous gap was negative, modifying coordinates to ignore overlap
				Moving contig start from 54320 to 54265.
			Align 39: 1405254 1459518 NODE_48_length_54320_cov_43.2375_ID_342784 54265 1
				Gap between this and next alignment: 1459518 to 1461423 (1904 bp)
				Next Alignment: 1461423 1593185 NODE_26_length_131763_cov_43.0139_ID_342740 1 131763

			Align 40: 1461423 1593185 NODE_26_length_131763_cov_43.0139_ID_342740 1 131763
				Gap between this and next alignment: 1593185 to 1594379 (1193 bp)
				Next Alignment: 1594379 1859373 NODE_9_length_264996_cov_41.7621_ID_342706 264996 1

			Align 41: 1594379 1859373 NODE_9_length_264996_cov_41.7621_ID_342706 264996 1
				Gap between this and next alignment: 1859373 to 1864949 (5575 bp)
				Next Alignment: 1864949 1865744 NODE_110_length_796_cov_31.3239_ID_342908 1 796

			Align 42: 1864949 1865744 NODE_110_length_796_cov_31.3239_ID_342908 1 796
				Negative gap (overlap) between this and next alignment: 1865744 to 1865730 (-14 bp)
				Next Alignment: 1865730 1866323 NODE_127_length_594_cov_31.9796_ID_342942 594 1

			Previous gap was negative, modifying coordinates to ignore overlap
				Moving contig start from 594 to 579.
			Align 43: 1865745 1866323 NODE_127_length_594_cov_31.9796_ID_342942 579 1
				Negative gap (overlap) between this and next alignment: 1866323 to 1866269 (-54 bp)
				Next Alignment: 1866269 2075257 NODE_13_length_208989_cov_41.6164_ID_342714 208989 1

			Previous gap was negative, modifying coordinates to ignore overlap
				Moving contig start from 208989 to 208934.
			Align 44: 1866324 2075257 NODE_13_length_208989_cov_41.6164_ID_342714 208934 1
				Gap between this and next alignment: 2075257 to 2077703 (2445 bp)
				Next Alignment: 2077703 2285804 NODE_14_length_208102_cov_42.75_ID_342716 208102 1

			Align 45: 2077703 2285804 NODE_14_length_208102_cov_42.75_ID_342716 208102 1
				Gap between this and next alignment: 2285804 to 2287208 (1403 bp)
				Next Alignment: 2287208 2299528 NODE_72_length_12321_cov_38.4324_ID_342832 1 12321

			Align 46: 2287208 2299528 NODE_72_length_12321_cov_38.4324_ID_342832 1 12321
				Negative gap (overlap) between this and next alignment: 2299528 to 2299474 (-54 bp)
				Next Alignment: 2299474 2300401 NODE_106_length_928_cov_37.3001_ID_342900 1 928

			Previous gap was negative, modifying coordinates to ignore overlap
				Moving contig start from 1 to 56.
			Align 47: 2299529 2300401 NODE_106_length_928_cov_37.3001_ID_342900 56 928
				Gap between this and next alignment: 2300401 to 2301831 (1429 bp)
				Next Alignment: 2301831 2419165 NODE_28_length_117335_cov_41.6847_ID_342744 117335 1

			Align 48: 2301831 2419165 NODE_28_length_117335_cov_41.6847_ID_342744 117335 1
				Gap between this and next alignment: 2419165 to 2420901 (1735 bp)
				Next Alignment: 2420901 2487969 NODE_44_length_67069_cov_42.9385_ID_342776 67069 1

			Align 49: 2420901 2487969 NODE_44_length_67069_cov_42.9385_ID_342776 67069 1
				Gap between this and next alignment: 2487969 to 2489152 (1182 bp)
				Next Alignment: 2489152 2520170 NODE_61_length_31019_cov_43.41_ID_342810 31019 1

			Align 50: 2489152 2520170 NODE_61_length_31019_cov_43.41_ID_342810 31019 1
				Gap between this and next alignment: 2520170 to 2522118 (1947 bp)
				Next Alignment: 2522118 2522634 NODE_139_length_517_cov_26.8312_ID_342966 517 1

			Align 51: 2522118 2522634 NODE_139_length_517_cov_26.8312_ID_342966 517 1
				Gap between this and next alignment: 2522634 to 2522718 (83 bp)
				Next Alignment: 2522718 2523482 NODE_112_length_765_cov_36.4296_ID_342912 765 1

			Align 52: 2522718 2523482 NODE_112_length_765_cov_36.4296_ID_342912 765 1
				Gap between this and next alignment: 2523482 to 2523505 (22 bp)
				Next Alignment: 2523505 2524029 NODE_135_length_525_cov_470.049_ID_342958 1 525

			Align 53: 2523505 2524029 NODE_135_length_525_cov_470.049_ID_342958 1 525
				Gap between this and next alignment: 2524029 to 2524575 (545 bp)
				Next Alignment: 2524575 2604331 NODE_39_length_79757_cov_40.292_ID_342766 79757 1

			Align 54: 2524575 2604331 NODE_39_length_79757_cov_40.292_ID_342766 79757 1
				Gap between this and next alignment: 2604331 to 2607089 (2757 bp)
				Next Alignment: 2607089 2939389 NODE_5_length_332301_cov_41.6514_ID_342698 1 332301

			Align 55: 2607089 2939389 NODE_5_length_332301_cov_41.6514_ID_342698 1 332301
				Gap between this and next alignment: 2939389 to 2940011 (621 bp)
				Next Alignment: 2940011 3122358 NODE_18_length_182348_cov_43.2201_ID_342724 1 182348

			Align 56: 2940011 3122358 NODE_18_length_182348_cov_43.2201_ID_342724 1 182348
				Gap between this and next alignment: 3122358 to 3125102 (2743 bp)
				Next Alignment: 3125102 3125663 NODE_132_length_562_cov_36.6272_ID_342952 1 562

			Align 57: 3125102 3125663 NODE_132_length_562_cov_36.6272_ID_342952 1 562
				Negative gap (overlap) between this and next alignment: 3125663 to 3125609 (-54 bp)
				Next Alignment: 3125609 3128232 NODE_81_length_2624_cov_36.7396_ID_342850 1 2624

			Previous gap was negative, modifying coordinates to ignore overlap
				Moving contig start from 1 to 56.
			Align 58: 3125664 3128232 NODE_81_length_2624_cov_36.7396_ID_342850 56 2624
				Gap between this and next alignment: 3128232 to 3129362 (1129 bp)
				Next Alignment: 3129362 3130418 NODE_103_length_1057_cov_131.757_ID_342894 1057 1

			Align 59: 3129362 3130418 NODE_103_length_1057_cov_131.757_ID_342894 1057 1
				Gap between this and next alignment: 3130418 to 3132530 (2111 bp)
				Next Alignment: 3132530 3164608 NODE_57_length_32079_cov_42.9977_ID_342802 32079 1

			Align 60: 3132530 3164608 NODE_57_length_32079_cov_42.9977_ID_342802 32079 1
				Gap between this and next alignment: 3164608 to 3169025 (4416 bp)
				Next Alignment: 3169025 3193620 NODE_67_length_24596_cov_41.9531_ID_342822 1 24596

			Align 61: 3169025 3193620 NODE_67_length_24596_cov_41.9531_ID_342822 1 24596
				Gap between this and next alignment: 3193620 to 3194652 (1031 bp)
				Next Alignment: 3194652 3289690 NODE_35_length_95039_cov_42.9234_ID_342758 1 95039

			Align 62: 3194652 3289690 NODE_35_length_95039_cov_42.9234_ID_342758 1 95039
				Negative gap (overlap) between this and next alignment: 3289690 to 3289636 (-54 bp)
				Next Alignment: 3289636 3290165 NODE_134_length_530_cov_56.3116_ID_342956 530 1

			Previous gap was negative, modifying coordinates to ignore overlap
				Moving contig start from 530 to 475.
			Align 63: 3289691 3290165 NODE_134_length_530_cov_56.3116_ID_342956 475 1
				Gap between this and next alignment: 3290165 to 3292017 (1851 bp)
				Next Alignment: 3292017 3492833 NODE_16_length_200817_cov_42.3833_ID_342720 200817 1

			Align 64: 3292017 3492833 NODE_16_length_200817_cov_42.3833_ID_342720 200817 1
				Gap between this and next alignment: 3492833 to 3493772 (938 bp)
				Next Alignment: 3493772 3495355 NODE_91_length_1584_cov_31.7737_ID_342870 1584 1

			Align 65: 3493772 3495355 NODE_91_length_1584_cov_31.7737_ID_342870 1584 1
				Negative gap (overlap) between this and next alignment: 3495355 to 3495305 (-50 bp)
				Next Alignment: 3495305 3496374 NODE_101_length_1070_cov_271.121_ID_342890 1 1070

			Previous gap was negative, modifying coordinates to ignore overlap
				Moving contig start from 1 to 52.
			Align 66: 3495356 3496374 NODE_101_length_1070_cov_271.121_ID_342890 52 1070
				Gap between this and next alignment: 3496374 to 3496835 (460 bp)
				Next Alignment: 3496835 3539952 NODE_51_length_43118_cov_42.8835_ID_342790 43118 1

			Align 67: 3496835 3539952 NODE_51_length_43118_cov_42.8835_ID_342790 43118 1
				Gap between this and next alignment: 3539952 to 3541843 (1890 bp)
				Next Alignment: 3541843 3855760 NODE_6_length_313919_cov_42.4705_ID_342700 313919 1

			Align 68: 3541843 3855760 NODE_6_length_313919_cov_42.4705_ID_342700 313919 1
				Gap between this and next alignment: 3855760 to 3861212 (5451 bp)
				Next Alignment: 3861212 3901810 NODE_53_length_40599_cov_40.9236_ID_342794 1 40599

			Align 69: 3861212 3901810 NODE_53_length_40599_cov_40.9236_ID_342794 1 40599
				Gap between this and next alignment: 3901810 to 3902899 (1088 bp)
				Next Alignment: 3902899 3980298 NODE_40_length_77400_cov_43.4439_ID_342768 1 77400

			Align 70: 3902899 3980298 NODE_40_length_77400_cov_43.4439_ID_342768 1 77400
				Gap between this and next alignment: 3980298 to 3981469 (1170 bp)
				Next Alignment: 3981469 3982797 NODE_93_length_1329_cov_183.684_ID_342874 1 1329

			Align 71: 3981469 3982797 NODE_93_length_1329_cov_183.684_ID_342874 1 1329
				Gap between this and next alignment: 3982797 to 3983748 (950 bp)
				Next Alignment: 3983748 4015073 NODE_59_length_31326_cov_46.225_ID_342806 31326 1

			Align 72: 3983748 4015073 NODE_59_length_31326_cov_46.225_ID_342806 31326 1
				Gap between this and next alignment: 4015073 to 4016159 (1085 bp)
				Next Alignment: 4016159 4018856 NODE_79_length_2698_cov_46.328_ID_342846 2698 1

			Align 73: 4016159 4018856 NODE_79_length_2698_cov_46.328_ID_342846 2698 1
				Gap between this and next alignment: 4018856 to 4020515 (1658 bp)
				Next Alignment: 4020515 4021137 NODE_125_length_623_cov_32.5458_ID_342938 623 1

			Align 74: 4020515 4021137 NODE_125_length_623_cov_32.5458_ID_342938 623 1
				Gap between this and next alignment: 4021137 to 4021904 (766 bp)
				Next Alignment: 4021904 4022425 NODE_137_length_522_cov_27.0557_ID_342962 522 1

			Align 75: 4021904 4022425 NODE_137_length_522_cov_27.0557_ID_342962 522 1
				Gap between this and next alignment: 4022425 to 4024974 (2548 bp)
				Next Alignment: 4024974 4025644 NODE_119_length_671_cov_28.0844_ID_342926 1 671

			Align 76: 4024974 4025644 NODE_119_length_671_cov_28.0844_ID_342926 1 671
				Gap between this and next alignment: 4025644 to 4025752 (107 bp)
				Next Alignment: 4025752 4026608 NODE_108_length_857_cov_31.3454_ID_342904 1 857

			Align 77: 4025752 4026608 NODE_108_length_857_cov_31.3454_ID_342904 1 857
				Gap between this and next alignment: 4026608 to 4026729 (120 bp)
				Next Alignment: 4026729 4063931 NODE_55_length_37203_cov_41.5418_ID_342798 1 37203

			Align 78: 4026729 4063931 NODE_55_length_37203_cov_41.5418_ID_342798 1 37203
				Gap between this and next alignment: 4063931 to 4064175 (243 bp)
				Next Alignment: 4064175 4064894 NODE_117_length_720_cov_121.761_ID_342922 720 1

			Align 79: 4064175 4064894 NODE_117_length_720_cov_121.761_ID_342922 720 1
				Negative gap (overlap) between this and next alignment: 4064894 to 4064840 (-54 bp)
				Next Alignment: 4064840 4197006 NODE_25_length_132167_cov_41.4316_ID_342738 132167 1

			Previous gap was negative, modifying coordinates to ignore overlap
				Moving contig start from 132167 to 132112.
			Align 80: 4064895 4197006 NODE_25_length_132167_cov_41.4316_ID_342738 132112 1
				Gap between this and next alignment: 4197006 to 4199866 (2859 bp)
				Next Alignment: 4199866 4208347 NODE_75_length_8482_cov_44.3517_ID_342838 8482 1

			Align 81: 4199866 4208347 NODE_75_length_8482_cov_44.3517_ID_342838 8482 1
				Gap between this and next alignment: 4208347 to 4209410 (1062 bp)
				Next Alignment: 4209410 4209929 NODE_138_length_520_cov_89.0753_ID_342964 1 520

			Align 82: 4209410 4209929 NODE_138_length_520_cov_89.0753_ID_342964 1 520
				Negative gap (overlap) between this and next alignment: 4209929 to 4209875 (-54 bp)
				Next Alignment: 4209875 4241026 NODE_60_length_31152_cov_41.9929_ID_342808 31152 1

			Previous gap was negative, modifying coordinates to ignore overlap
				Moving contig start from 31152 to 31097.
			Align 83: 4209930 4241026 NODE_60_length_31152_cov_41.9929_ID_342808 31097 1
				Gap between this and next alignment: 4241026 to 4241032 (5 bp)
				Next Alignment: 4241032 4273106 NODE_58_length_32075_cov_42.6323_ID_342804 1 32075

			Align 84: 4241032 4273106 NODE_58_length_32075_cov_42.6323_ID_342804 1 32075
				Gap between this and next alignment: 4273106 to 4275964 (2857 bp)
				Next Alignment: 4275964 4299186 NODE_69_length_23223_cov_40.8889_ID_342826 23223 1

			Align 85: 4275964 4299186 NODE_69_length_23223_cov_40.8889_ID_342826 23223 1
				Gap between this and next alignment: 4299186 to 4302865 (3678 bp)
				Next Alignment: 4302865 4310928 NODE_76_length_8064_cov_42.7586_ID_342840 1 8064

			Align 86: 4302865 4310928 NODE_76_length_8064_cov_42.7586_ID_342840 1 8064
				Gap between this and next alignment: 4310928 to 4311587 (658 bp)
				Next Alignment: 4311587 4313913 NODE_82_length_2327_cov_39.5995_ID_342852 2327 1

			Align 87: 4311587 4313913 NODE_82_length_2327_cov_39.5995_ID_342852 2327 1
				Gap between this and next alignment: 4313913 to 4317955 (4041 bp)
				Next Alignment: 4317955 4318692 NODE_115_length_738_cov_36.3031_ID_342918 738 1

			Align 88: 4317955 4318692 NODE_115_length_738_cov_36.3031_ID_342918 738 1
				Gap between this and next alignment: 4318692 to 4320175 (1482 bp)
				Next Alignment: 4320175 4332233 NODE_74_length_12059_cov_41.4952_ID_342836 1 12059

			Align 89: 4320175 4332233 NODE_74_length_12059_cov_41.4952_ID_342836 1 12059
				Gap between this and next alignment: 4332233 to 4332842 (608 bp)
				Next Alignment: 4332842 4361409 NODE_64_length_28568_cov_40.4499_ID_342816 28568 1

			Align 90: 4332842 4361409 NODE_64_length_28568_cov_40.4499_ID_342816 28568 1
				Negative gap (overlap) between this and next alignment: 4361409 to 4361355 (-54 bp)
				Next Alignment: 4361355 4361978 NODE_124_length_624_cov_72.5395_ID_342936 624 1

			Previous gap was negative, modifying coordinates to ignore overlap
				Moving contig start from 624 to 569.
			Align 91: 4361410 4361978 NODE_124_length_624_cov_72.5395_ID_342936 569 1
				Gap between this and next alignment: 4361978 to 4367125 (5146 bp)
				Next Alignment: 4367125 4535934 NODE_21_length_168810_cov_42.2355_ID_342730 168810 1

			Align 92: 4367125 4535934 NODE_21_length_168810_cov_42.2355_ID_342730 168810 1
				Gap between this and next alignment: 4535934 to 4538183 (2248 bp)
				Next Alignment: 4538183 4539970 NODE_87_length_1788_cov_50.3462_ID_342862 1 1788

			Align 93: 4538183 4539970 NODE_87_length_1788_cov_50.3462_ID_342862 1 1788
				Gap between this and next alignment: 4539970 to 4542351 (2380 bp)
				Next Alignment: 4542351 4641648 NODE_34_length_99298_cov_42.9336_ID_342756 1 99298

			Align 94: 4542351 4641648 NODE_34_length_99298_cov_42.9336_ID_342756 1 99298
			END in gap: 4641648 to 4641652 (4 bp)

Analysis is finished!
Founded SNPs were written into /net/metagenomics/projects/afritz_assemblies/Similarity_Experiment/Ecoli_OneTree/metaquast_strain_spades_c/Ecoli_0940/runs_per_reference/Ecoli_ancestor/contigs_reports/nucmer_output/contigs.used_snps

Results:
	Local Misassemblies: 1
	Misassemblies: 0
		Relocations: 0
		Translocations: 0
		Inversions: 0
	Misassembled Contigs: 0
	Misassembled Contig Bases: 0
	Misassemblies Inter-Contig Overlap: 0
Uncovered Regions: 0 (0)
Unaligned Contigs: 0 + 0 part
Partially Unaligned Contigs with Misassemblies: 0
Unaligned Contig Bases: 0

Ambiguously Mapped Contigs: 13
Total Bases in Ambiguously Mapped Contigs: 16170
Note that --allow-ambiguity option was set to "one" and only first alignment per each contig was used.

	Covered Bases: 4517297

	SNPs: 23557
	Insertions: 20
	Deletions: 13

	Positive Gaps: 70
		Internal Gaps:  1
		External Gaps:  69
		External Gap Total:  124131
		External Gap Average: 1799
	Negative Gaps: 24
		Internal Overlaps:  0
		External Overlaps:  24
		External Overlaps Total: -1208
		External Overlaps Average: -50
	Contigs with Redundant Alignments: 0 (0)
