Aligning contigs to reference...
	Running Nucmer
Parsing coords...
Loading Assembly...
Loading reference...
	Loaded [Buchnera_aphidicola_Acyrthosiphon_pisum_ancestor]
Loading SNPs...
Loading regions...
	No regions given, using whole reference.
	Total Regions: 1
	Total Region Length: 641799
Analyzing contigs...
CONTIG: k99_106_flag_0_multi_34.0214_len_893 (893bp)
Top Length: 893  Top ID: 95.52
		One align captures most of this contig: 364693 365585 | 1 893 | 893 893 | 95.52 | Buchnera_aphidicola_Acyrthosiphon_pisum_ancestor k99_106_flag_0_multi_34.0214_len_893

CONTIG: k99_261_flag_0_multi_47.6498_len_3514 (3514bp)
		This contig is unaligned. (3514 bp)
		Unaligned bases: 3514  total: 3514

CONTIG: k99_175_flag_0_multi_48.8057_len_6971 (6971bp)
Top Length: 6971  Top ID: 100.0
		One align captures most of this contig: 368906 375876 | 1 6971 | 6971 6971 | 100.0 | Buchnera_aphidicola_Acyrthosiphon_pisum_ancestor k99_175_flag_0_multi_48.8057_len_6971

CONTIG: k99_72_flag_0_multi_42.4504_len_2486 (2486bp)
		This contig is unaligned. (2486 bp)
		Unaligned bases: 2486  total: 6000

CONTIG: k99_30_flag_0_multi_52.6528_len_2141 (2141bp)
Top Length: 2141  Top ID: 95.61
		One align captures most of this contig: 335725 337865 | 1 2141 | 2141 2141 | 95.61 | Buchnera_aphidicola_Acyrthosiphon_pisum_ancestor k99_30_flag_0_multi_52.6528_len_2141

CONTIG: k99_44_flag_0_multi_44.2974_len_6687 (6687bp)
Top Length: 6687  Top ID: 100.0
		One align captures most of this contig: 585289 591975 | 6687 1 | 6687 6687 | 100.0 | Buchnera_aphidicola_Acyrthosiphon_pisum_ancestor k99_44_flag_0_multi_44.2974_len_6687

CONTIG: k99_280_flag_0_multi_45.9449_len_6141 (6141bp)
		This contig is unaligned. (6141 bp)
		Unaligned bases: 6141  total: 12141

CONTIG: k99_235_flag_0_multi_44.5350_len_8759 (8759bp)
		This contig is unaligned. (8759 bp)
		Unaligned bases: 8759  total: 20900

CONTIG: k99_79_flag_0_multi_49.7656_len_1545 (1545bp)
Top Length: 1545  Top ID: 100.0
		One align captures most of this contig: 356041 357585 | 1 1545 | 1545 1545 | 100.0 | Buchnera_aphidicola_Acyrthosiphon_pisum_ancestor k99_79_flag_0_multi_49.7656_len_1545

CONTIG: k99_266_flag_0_multi_49.0393_len_1957 (1957bp)
Top Length: 1957  Top ID: 100.0
		One align captures most of this contig: 10814 12770 | 1957 1 | 1957 1957 | 100.0 | Buchnera_aphidicola_Acyrthosiphon_pisum_ancestor k99_266_flag_0_multi_49.0393_len_1957

CONTIG: k99_158_flag_0_multi_45.7817_len_11620 (11620bp)
Top Length: 11620  Top ID: 100.0
		One align captures most of this contig: 616896 628515 | 11620 1 | 11620 11620 | 100.0 | Buchnera_aphidicola_Acyrthosiphon_pisum_ancestor k99_158_flag_0_multi_45.7817_len_11620

CONTIG: k99_270_flag_0_multi_44.5612_len_3075 (3075bp)
Top Length: 3075  Top ID: 100.0
		One align captures most of this contig: 469071 472145 | 3075 1 | 3075 3075 | 100.0 | Buchnera_aphidicola_Acyrthosiphon_pisum_ancestor k99_270_flag_0_multi_44.5612_len_3075

CONTIG: k99_102_flag_0_multi_47.0803_len_8017 (8017bp)
		This contig is unaligned. (8017 bp)
		Unaligned bases: 8017  total: 28917

CONTIG: k99_177_flag_0_multi_48.9634_len_5707 (5707bp)
		This contig is unaligned. (5707 bp)
		Unaligned bases: 5707  total: 34624

CONTIG: k99_41_flag_0_multi_51.2981_len_1870 (1870bp)
Top Length: 1870  Top ID: 100.0
		One align captures most of this contig: 36671 38540 | 1 1870 | 1870 1870 | 100.0 | Buchnera_aphidicola_Acyrthosiphon_pisum_ancestor k99_41_flag_0_multi_51.2981_len_1870

CONTIG: k99_222_flag_0_multi_47.8317_len_14190 (14190bp)
		This contig is unaligned. (14190 bp)
		Unaligned bases: 14190  total: 48814

CONTIG: k99_139_flag_0_multi_41.6878_len_6687 (6687bp)
		This contig is unaligned. (6687 bp)
		Unaligned bases: 6687  total: 55501

CONTIG: k99_250_flag_0_multi_51.4366_len_990 (990bp)
Top Length: 990  Top ID: 100.0
		One align captures most of this contig: 375781 376770 | 990 1 | 990 990 | 100.0 | Buchnera_aphidicola_Acyrthosiphon_pisum_ancestor k99_250_flag_0_multi_51.4366_len_990

CONTIG: k99_225_flag_0_multi_47.6365_len_10846 (10846bp)
		This contig is unaligned. (10846 bp)
		Unaligned bases: 10846  total: 66347

CONTIG: k99_296_flag_0_multi_44.5960_len_10846 (10846bp)
Top Length: 10846  Top ID: 100.0
		One align captures most of this contig: 227904 238749 | 10846 1 | 10846 10846 | 100.0 | Buchnera_aphidicola_Acyrthosiphon_pisum_ancestor k99_296_flag_0_multi_44.5960_len_10846

CONTIG: k99_333_flag_0_multi_47.0458_len_4688 (4688bp)
Top Length: 4688  Top ID: 100.0
		One align captures most of this contig: 428076 432763 | 1 4688 | 4688 4688 | 100.0 | Buchnera_aphidicola_Acyrthosiphon_pisum_ancestor k99_333_flag_0_multi_47.0458_len_4688

CONTIG: k99_187_flag_0_multi_48.0284_len_14020 (14020bp)
Top Length: 14020  Top ID: 100.0
		One align captures most of this contig: 39235 53254 | 14020 1 | 14020 14020 | 100.0 | Buchnera_aphidicola_Acyrthosiphon_pisum_ancestor k99_187_flag_0_multi_48.0284_len_14020

CONTIG: k99_166_flag_0_multi_52.7067_len_2148 (2148bp)
Top Length: 756  Top ID: 96.3
		This contig is partially unaligned. (Aligned 756 out of 2148 bases)
		Alignment: 117425 118180 | 1393 2148 | 756 756 | 96.3 | Buchnera_aphidicola_Acyrthosiphon_pisum_ancestor k99_166_flag_0_multi_52.7067_len_2148
		Unaligned bases: 1 to 1392 (1392)
		This contig has both significant aligned and unaligned parts (of length >= min-contig)! It can contain interspecies translocations

CONTIG: k99_125_flag_0_multi_52.2178_len_1568 (1568bp)
Top Length: 803  Top ID: 95.27
		This contig is partially unaligned. (Aligned 803 out of 1568 bases)
		Alignment: 35962 36764 | 766 1568 | 803 803 | 95.27 | Buchnera_aphidicola_Acyrthosiphon_pisum_ancestor k99_125_flag_0_multi_52.2178_len_1568
		Unaligned bases: 1 to 765 (765)
		This contig has both significant aligned and unaligned parts (of length >= min-contig)! It can contain interspecies translocations

CONTIG: k99_168_flag_0_multi_45.2748_len_5707 (5707bp)
Top Length: 5707  Top ID: 100.0
		One align captures most of this contig: 250521 256227 | 5707 1 | 5707 5707 | 100.0 | Buchnera_aphidicola_Acyrthosiphon_pisum_ancestor k99_168_flag_0_multi_45.2748_len_5707

CONTIG: k99_211_flag_0_multi_47.9195_len_5787 (5787bp)
		This contig is unaligned. (5787 bp)
		Unaligned bases: 5787  total: 72134

CONTIG: k99_53_flag_0_multi_46.6855_len_10068 (10068bp)
		This contig is unaligned. (10068 bp)
		Unaligned bases: 10068  total: 82202

CONTIG: k99_228_flag_0_multi_50.0759_len_4144 (4144bp)
Top Length: 4144  Top ID: 100.0
		One align captures most of this contig: 524818 528961 | 4144 1 | 4144 4144 | 100.0 | Buchnera_aphidicola_Acyrthosiphon_pisum_ancestor k99_228_flag_0_multi_50.0759_len_4144

CONTIG: k99_17_flag_0_multi_42.6784_len_2935 (2935bp)
Top Length: 2935  Top ID: 100.0
		One align captures most of this contig: 175302 178236 | 1 2935 | 2935 2935 | 100.0 | Buchnera_aphidicola_Acyrthosiphon_pisum_ancestor k99_17_flag_0_multi_42.6784_len_2935

CONTIG: k99_263_flag_0_multi_49.2993_len_14190 (14190bp)
Top Length: 14190  Top ID: 100.0
		One align captures most of this contig: 341931 356120 | 1 14190 | 14190 14190 | 100.0 | Buchnera_aphidicola_Acyrthosiphon_pisum_ancestor k99_263_flag_0_multi_49.2993_len_14190

CONTIG: k99_74_flag_0_multi_43.6449_len_3233 (3233bp)
		This contig is unaligned. (3233 bp)
		Unaligned bases: 3233  total: 85435

CONTIG: k99_36_flag_0_multi_58.5668_len_713 (713bp)
Top Length: 713  Top ID: 96.35
		One align captures most of this contig: 181304 182016 | 713 1 | 713 713 | 96.35 | Buchnera_aphidicola_Acyrthosiphon_pisum_ancestor k99_36_flag_0_multi_58.5668_len_713

CONTIG: k99_304_flag_0_multi_46.2104_len_8759 (8759bp)
Top Length: 8759  Top ID: 100.0
		One align captures most of this contig: 500035 508793 | 8759 1 | 8759 8759 | 100.0 | Buchnera_aphidicola_Acyrthosiphon_pisum_ancestor k99_304_flag_0_multi_46.2104_len_8759

CONTIG: k99_99_flag_0_multi_33.5055_len_1747 (1747bp)
		This contig is unaligned. (1747 bp)
		Unaligned bases: 1747  total: 87182

CONTIG: k99_285_flag_0_multi_36.4806_len_1308 (1308bp)
Top Length: 1308  Top ID: 100.0
		One align captures most of this contig: 363466 364773 | 1 1308 | 1308 1308 | 100.0 | Buchnera_aphidicola_Acyrthosiphon_pisum_ancestor k99_285_flag_0_multi_36.4806_len_1308

CONTIG: k99_184_flag_0_multi_53.3076_len_1861 (1861bp)
		This contig is unaligned. (1861 bp)
		Unaligned bases: 1861  total: 89043

CONTIG: k99_232_flag_0_multi_49.5448_len_12193 (12193bp)
Top Length: 1451  Top ID: 95.59
		This contig is partially unaligned. (Aligned 1451 out of 12193 bases)
		Alignment: 181930 183380 | 12193 10743 | 1451 1451 | 95.59 | Buchnera_aphidicola_Acyrthosiphon_pisum_ancestor k99_232_flag_0_multi_49.5448_len_12193
		Unaligned bases: 1 to 10742 (10742)
		This contig has both significant aligned and unaligned parts (of length >= min-contig)! It can contain interspecies translocations

CONTIG: k99_123_flag_0_multi_42.3907_len_1870 (1870bp)
		This contig is unaligned. (1870 bp)
		Unaligned bases: 1870  total: 90913

CONTIG: k99_257_flag_0_multi_46.3807_len_25069 (25069bp)
Top Length: 25069  Top ID: 100.0
		One align captures most of this contig: 591878 616946 | 25069 1 | 25069 25069 | 100.0 | Buchnera_aphidicola_Acyrthosiphon_pisum_ancestor k99_257_flag_0_multi_46.3807_len_25069

CONTIG: k99_156_flag_0_multi_47.6959_len_16176 (16176bp)
Top Length: 16176  Top ID: 100.0
		One align captures most of this contig: 186081 202256 | 1 16176 | 16176 16176 | 100.0 | Buchnera_aphidicola_Acyrthosiphon_pisum_ancestor k99_156_flag_0_multi_47.6959_len_16176

CONTIG: k99_59_flag_0_multi_51.3494_len_2134 (2134bp)
		This contig is unaligned. (2134 bp)
		Unaligned bases: 2134  total: 93047

CONTIG: k99_120_flag_0_multi_45.9227_len_5157 (5157bp)
Top Length: 5157  Top ID: 100.0
		One align captures most of this contig: 445436 450592 | 1 5157 | 5157 5157 | 100.0 | Buchnera_aphidicola_Acyrthosiphon_pisum_ancestor k99_120_flag_0_multi_45.9227_len_5157

CONTIG: k99_243_flag_0_multi_48.3495_len_757 (757bp)
Top Length: 757  Top ID: 100.0
		One align captures most of this contig: 524130 524886 | 757 1 | 757 757 | 100.0 | Buchnera_aphidicola_Acyrthosiphon_pisum_ancestor k99_243_flag_0_multi_48.3495_len_757

CONTIG: k99_164_flag_0_multi_48.3865_len_6640 (6640bp)
		This contig is unaligned. (6640 bp)
		Unaligned bases: 6640  total: 99687

CONTIG: k99_107_flag_1_multi_45.0000_len_10815 (10815bp)
Top Length: 10815  Top ID: 100.0
		One align captures most of this contig: 7 10821 | 10815 1 | 10815 10815 | 100.0 | Buchnera_aphidicola_Acyrthosiphon_pisum_ancestor k99_107_flag_1_multi_45.0000_len_10815

CONTIG: k99_286_flag_0_multi_55.1342_len_2827 (2827bp)
Top Length: 249  Top ID: 97.19
		This contig is partially unaligned. (Aligned 249 out of 2827 bases)
		Alignment: 490039 490287 | 1 249 | 249 249 | 97.19 | Buchnera_aphidicola_Acyrthosiphon_pisum_ancestor k99_286_flag_0_multi_55.1342_len_2827
		Unaligned bases: 250 to 2827 (2578)

CONTIG: k99_242_flag_0_multi_25.9605_len_757 (757bp)
		This contig is unaligned. (757 bp)
		Unaligned bases: 757  total: 100444

CONTIG: k99_21_flag_0_multi_46.4471_len_7133 (7133bp)
Top Length: 711  Top ID: 96.34
		This contig is partially unaligned. (Aligned 711 out of 7133 bases)
		Alignment: 238658 239368 | 7133 6423 | 711 711 | 96.34 | Buchnera_aphidicola_Acyrthosiphon_pisum_ancestor k99_21_flag_0_multi_46.4471_len_7133
		Unaligned bases: 1 to 6422 (6422)
		This contig has both significant aligned and unaligned parts (of length >= min-contig)! It can contain interspecies translocations

CONTIG: k99_316_flag_0_multi_42.9569_len_749 (749bp)
		This contig is unaligned. (749 bp)
		Unaligned bases: 749  total: 101193

CONTIG: k99_322_flag_0_multi_50.3046_len_1143 (1143bp)
Top Length: 1143  Top ID: 100.0
		One align captures most of this contig: 137738 138880 | 1 1143 | 1143 1143 | 100.0 | Buchnera_aphidicola_Acyrthosiphon_pisum_ancestor k99_322_flag_0_multi_50.3046_len_1143

CONTIG: k99_284_flag_0_multi_51.0226_len_3417 (3417bp)
Top Length: 3417  Top ID: 100.0
		One align captures most of this contig: 270020 273436 | 3417 1 | 3417 3417 | 100.0 | Buchnera_aphidicola_Acyrthosiphon_pisum_ancestor k99_284_flag_0_multi_51.0226_len_3417

CONTIG: k99_258_flag_0_multi_46.0678_len_7001 (7001bp)
Top Length: 7001  Top ID: 100.0
		One align captures most of this contig: 541002 548002 | 7001 1 | 7001 7001 | 100.0 | Buchnera_aphidicola_Acyrthosiphon_pisum_ancestor k99_258_flag_0_multi_46.0678_len_7001

CONTIG: k99_178_flag_0_multi_50.0512_len_3458 (3458bp)
Top Length: 3458  Top ID: 100.0
		One align captures most of this contig: 365543 369000 | 3458 1 | 3458 3458 | 100.0 | Buchnera_aphidicola_Acyrthosiphon_pisum_ancestor k99_178_flag_0_multi_50.0512_len_3458

CONTIG: k99_147_flag_0_multi_65.0719_len_600 (600bp)
Top Length: 600  Top ID: 100.0
		One align captures most of this contig: 341413 342012 | 1 600 | 600 600 | 100.0 | Buchnera_aphidicola_Acyrthosiphon_pisum_ancestor k99_147_flag_0_multi_65.0719_len_600

CONTIG: k99_148_flag_0_multi_48.9810_len_24467 (24467bp)
		This contig is unaligned. (24467 bp)
		Unaligned bases: 24467  total: 125660

CONTIG: k99_302_flag_0_multi_41.8382_len_3417 (3417bp)
		This contig is unaligned. (3417 bp)
		Unaligned bases: 3417  total: 129077

CONTIG: k99_130_flag_0_multi_48.0943_len_3461 (3461bp)
Top Length: 3461  Top ID: 100.0
		One align captures most of this contig: 481474 484934 | 1 3461 | 3461 3461 | 100.0 | Buchnera_aphidicola_Acyrthosiphon_pisum_ancestor k99_130_flag_0_multi_48.0943_len_3461

CONTIG: k99_101_flag_0_multi_45.8190_len_6214 (6214bp)
Top Length: 176  Top ID: 96.02
		This contig is partially unaligned. (Aligned 176 out of 6214 bases)
		Alignment: 376595 376770 | 6039 6214 | 176 176 | 96.02 | Buchnera_aphidicola_Acyrthosiphon_pisum_ancestor k99_101_flag_0_multi_45.8190_len_6214
		Unaligned bases: 1 to 6038 (6038)

CONTIG: k99_142_flag_0_multi_47.1452_len_9809 (9809bp)
		This contig is unaligned. (9809 bp)
		Unaligned bases: 9809  total: 138886

CONTIG: k99_223_flag_0_multi_42.4032_len_11482 (11482bp)
		This contig is unaligned. (11482 bp)
		Unaligned bases: 11482  total: 150368

CONTIG: k99_327_flag_0_multi_45.9695_len_25370 (25370bp)
Top Length: 25370  Top ID: 100.0
		One align captures most of this contig: 148144 173513 | 25370 1 | 25370 25370 | 100.0 | Buchnera_aphidicola_Acyrthosiphon_pisum_ancestor k99_327_flag_0_multi_45.9695_len_25370

CONTIG: k99_182_flag_0_multi_43.9346_len_3723 (3723bp)
		This contig is unaligned. (3723 bp)
		Unaligned bases: 3723  total: 154091

CONTIG: k99_70_flag_0_multi_43.5737_len_12747 (12747bp)
Top Length: 12747  Top ID: 100.0
		One align captures most of this contig: 398101 410847 | 12747 1 | 12747 12747 | 100.0 | Buchnera_aphidicola_Acyrthosiphon_pisum_ancestor k99_70_flag_0_multi_43.5737_len_12747

CONTIG: k99_24_flag_0_multi_44.0522_len_1210 (1210bp)
Top Length: 1210  Top ID: 95.45
		One align captures most of this contig: 179911 181120 | 1210 1 | 1210 1210 | 95.45 | Buchnera_aphidicola_Acyrthosiphon_pisum_ancestor k99_24_flag_0_multi_44.0522_len_1210

CONTIG: k99_256_flag_0_multi_47.7472_len_20480 (20480bp)
Top Length: 20480  Top ID: 100.0
		One align captures most of this contig: 279792 300271 | 1 20480 | 20480 20480 | 100.0 | Buchnera_aphidicola_Acyrthosiphon_pisum_ancestor k99_256_flag_0_multi_47.7472_len_20480

CONTIG: k99_208_flag_0_multi_47.0089_len_9151 (9151bp)
Top Length: 9151  Top ID: 100.0
		One align captures most of this contig: 389036 398186 | 1 9151 | 9151 9151 | 100.0 | Buchnera_aphidicola_Acyrthosiphon_pisum_ancestor k99_208_flag_0_multi_47.0089_len_9151

CONTIG: k99_88_flag_0_multi_46.8658_len_9434 (9434bp)
		This contig is unaligned. (9434 bp)
		Unaligned bases: 9434  total: 163525

CONTIG: k99_294_flag_0_multi_46.6585_len_2550 (2550bp)
Top Length: 2550  Top ID: 100.0
		One align captures most of this contig: 357498 360047 | 1 2550 | 2550 2550 | 100.0 | Buchnera_aphidicola_Acyrthosiphon_pisum_ancestor k99_294_flag_0_multi_46.6585_len_2550

CONTIG: k99_279_flag_0_multi_46.7013_len_2550 (2550bp)
		This contig is unaligned. (2550 bp)
		Unaligned bases: 2550  total: 166075

CONTIG: k99_57_flag_0_multi_47.9546_len_12298 (12298bp)
Top Length: 12298  Top ID: 100.0
		One align captures most of this contig: 125497 137794 | 12298 1 | 12298 12298 | 100.0 | Buchnera_aphidicola_Acyrthosiphon_pisum_ancestor k99_57_flag_0_multi_47.9546_len_12298

CONTIG: k99_212_flag_0_multi_47.0151_len_9039 (9039bp)
		This contig is unaligned. (9039 bp)
		Unaligned bases: 9039  total: 175114

CONTIG: k99_66_flag_0_multi_46.6805_len_5914 (5914bp)
		This contig is unaligned. (5914 bp)
		Unaligned bases: 5914  total: 181028

CONTIG: k99_5_flag_0_multi_59.2250_len_1210 (1210bp)
Top Length: 1210  Top ID: 100.0
		One align captures most of this contig: 179911 181120 | 1210 1 | 1210 1210 | 100.0 | Buchnera_aphidicola_Acyrthosiphon_pisum_ancestor k99_5_flag_0_multi_59.2250_len_1210

CONTIG: k99_298_flag_0_multi_45.1148_len_15635 (15635bp)
		This contig is unaligned. (15635 bp)
		Unaligned bases: 15635  total: 196663

CONTIG: k99_34_flag_0_multi_46.4726_len_2486 (2486bp)
Top Length: 2486  Top ID: 99.84
		One align captures most of this contig: 432716 435201 | 1 2486 | 2486 2486 | 99.84 | Buchnera_aphidicola_Acyrthosiphon_pisum_ancestor k99_34_flag_0_multi_46.4726_len_2486

CONTIG: k99_290_flag_0_multi_47.6338_len_5654 (5654bp)
		This contig is unaligned. (5654 bp)
		Unaligned bases: 5654  total: 202317

CONTIG: k99_155_flag_0_multi_47.1434_len_10400 (10400bp)
		This contig is unaligned. (10400 bp)
		Unaligned bases: 10400  total: 212717

CONTIG: k99_11_flag_0_multi_50.0861_len_4305 (4305bp)
		This contig is unaligned. (4305 bp)
		Unaligned bases: 4305  total: 217022

CONTIG: k99_278_flag_0_multi_51.8391_len_6860 (6860bp)
		This contig is unaligned. (6860 bp)
		Unaligned bases: 6860  total: 223882

CONTIG: k99_22_flag_0_multi_48.6091_len_15924 (15924bp)
		This contig is unaligned. (15924 bp)
		Unaligned bases: 15924  total: 239806

CONTIG: k99_218_flag_0_multi_44.0558_len_1946 (1946bp)
Top Length: 1946  Top ID: 100.0
		One align captures most of this contig: 173437 175382 | 1946 1 | 1946 1946 | 100.0 | Buchnera_aphidicola_Acyrthosiphon_pisum_ancestor k99_218_flag_0_multi_44.0558_len_1946

CONTIG: k99_37_flag_0_multi_62.4495_len_713 (713bp)
Top Length: 713  Top ID: 100.0
		One align captures most of this contig: 181304 182016 | 713 1 | 713 713 | 100.0 | Buchnera_aphidicola_Acyrthosiphon_pisum_ancestor k99_37_flag_0_multi_62.4495_len_713

CONTIG: k99_55_flag_0_multi_34.1224_len_2134 (2134bp)
Top Length: 2134  Top ID: 100.0
		One align captures most of this contig: 215186 217319 | 2134 1 | 2134 2134 | 100.0 | Buchnera_aphidicola_Acyrthosiphon_pisum_ancestor k99_55_flag_0_multi_34.1224_len_2134

CONTIG: k99_146_flag_0_multi_49.5269_len_2665 (2665bp)
Top Length: 2665  Top ID: 100.0
		One align captures most of this contig: 115516 118180 | 2665 1 | 2665 2665 | 100.0 | Buchnera_aphidicola_Acyrthosiphon_pisum_ancestor k99_146_flag_0_multi_49.5269_len_2665

CONTIG: k99_128_flag_0_multi_46.2592_len_11015 (11015bp)
Top Length: 11015  Top ID: 100.0
		One align captures most of this contig: 13091 24105 | 1 11015 | 11015 11015 | 100.0 | Buchnera_aphidicola_Acyrthosiphon_pisum_ancestor k99_128_flag_0_multi_46.2592_len_11015

CONTIG: k99_262_flag_0_multi_48.6457_len_734 (734bp)
Top Length: 734  Top ID: 95.78
		One align captures most of this contig: 628418 629151 | 1 734 | 734 734 | 95.78 | Buchnera_aphidicola_Acyrthosiphon_pisum_ancestor k99_262_flag_0_multi_48.6457_len_734

CONTIG: k99_50_flag_0_multi_46.5470_len_2141 (2141bp)
Top Length: 2141  Top ID: 100.0
		One align captures most of this contig: 335725 337865 | 1 2141 | 2141 2141 | 100.0 | Buchnera_aphidicola_Acyrthosiphon_pisum_ancestor k99_50_flag_0_multi_46.5470_len_2141

CONTIG: k99_27_flag_0_multi_51.3290_len_2971 (2971bp)
		This contig is unaligned. (2971 bp)
		Unaligned bases: 2971  total: 242777

CONTIG: k99_219_flag_0_multi_46.8459_len_11015 (11015bp)
		This contig is unaligned. (11015 bp)
		Unaligned bases: 11015  total: 253792

CONTIG: k99_269_flag_0_multi_46.3772_len_6242 (6242bp)
		This contig is unaligned. (6242 bp)
		Unaligned bases: 6242  total: 260034

CONTIG: k99_207_flag_0_multi_49.1768_len_2407 (2407bp)
Top Length: 2407  Top ID: 100.0
		One align captures most of this contig: 508723 511129 | 1 2407 | 2407 2407 | 100.0 | Buchnera_aphidicola_Acyrthosiphon_pisum_ancestor k99_207_flag_0_multi_49.1768_len_2407

CONTIG: k99_310_flag_0_multi_49.7966_len_21884 (21884bp)
		This contig is unaligned. (21884 bp)
		Unaligned bases: 21884  total: 281918

CONTIG: k99_321_flag_0_multi_48.7355_len_5743 (5743bp)
Top Length: 5743  Top ID: 100.0
		One align captures most of this contig: 411369 417111 | 1 5743 | 5743 5743 | 100.0 | Buchnera_aphidicola_Acyrthosiphon_pisum_ancestor k99_321_flag_0_multi_48.7355_len_5743

CONTIG: k99_132_flag_0_multi_45.1202_len_7705 (7705bp)
Top Length: 7705  Top ID: 100.0
		One align captures most of this contig: 53167 60871 | 1 7705 | 7705 7705 | 100.0 | Buchnera_aphidicola_Acyrthosiphon_pisum_ancestor k99_132_flag_0_multi_45.1202_len_7705

CONTIG: k99_205_flag_0_multi_48.1820_len_2407 (2407bp)
		This contig is unaligned. (2407 bp)
		Unaligned bases: 2407  total: 284325

CONTIG: k99_254_flag_0_multi_53.4299_len_6075 (6075bp)
Top Length: 340  Top ID: 96.76
		This contig is partially unaligned. (Aligned 340 out of 6075 bases)
		Alignment: 175043 175382 | 340 1 | 340 340 | 96.76 | Buchnera_aphidicola_Acyrthosiphon_pisum_ancestor k99_254_flag_0_multi_53.4299_len_6075
		Unaligned bases: 341 to 6075 (5735)

CONTIG: k99_317_flag_0_multi_50.7292_len_749 (749bp)
Top Length: 749  Top ID: 100.0
		One align captures most of this contig: 450518 451266 | 749 1 | 749 749 | 100.0 | Buchnera_aphidicola_Acyrthosiphon_pisum_ancestor k99_317_flag_0_multi_50.7292_len_749

CONTIG: k99_253_flag_0_multi_47.6210_len_3532 (3532bp)
Top Length: 3532  Top ID: 100.0
		One align captures most of this contig: 359967 363498 | 3532 1 | 3532 3532 | 100.0 | Buchnera_aphidicola_Acyrthosiphon_pisum_ancestor k99_253_flag_0_multi_47.6210_len_3532

CONTIG: k99_196_flag_0_multi_45.4152_len_6041 (6041bp)
Top Length: 6041  Top ID: 100.0
		One align captures most of this contig: 511417 517457 | 1 6041 | 6041 6041 | 100.0 | Buchnera_aphidicola_Acyrthosiphon_pisum_ancestor k99_196_flag_0_multi_45.4152_len_6041

CONTIG: k99_109_flag_1_multi_48.0000_len_10471 (10471bp)
		This contig is unaligned. (10471 bp)
		Unaligned bases: 10471  total: 294796

CONTIG: k99_42_flag_0_multi_48.8625_len_13273 (13273bp)
Top Length: 479  Top ID: 95.2
		This contig is partially unaligned. (Aligned 479 out of 13273 bases)
		Alignment: 111026 111504 | 1 479 | 479 479 | 95.2 | Buchnera_aphidicola_Acyrthosiphon_pisum_ancestor k99_42_flag_0_multi_48.8625_len_13273
		Unaligned bases: 480 to 13273 (12794)

CONTIG: k99_6_flag_0_multi_50.7571_len_2137 (2137bp)
		This contig is unaligned. (2137 bp)
		Unaligned bases: 2137  total: 296933

CONTIG: k99_110_flag_0_multi_44.1127_len_3461 (3461bp)
		This contig is unaligned. (3461 bp)
		Unaligned bases: 3461  total: 300394

CONTIG: k99_209_flag_0_multi_48.3999_len_7354 (7354bp)
		This contig is unaligned. (7354 bp)
		Unaligned bases: 7354  total: 307748

CONTIG: k99_31_flag_0_multi_52.6399_len_9039 (9039bp)
Top Length: 9039  Top ID: 100.0
		One align captures most of this contig: 138784 147822 | 9039 1 | 9039 9039 | 100.0 | Buchnera_aphidicola_Acyrthosiphon_pisum_ancestor k99_31_flag_0_multi_52.6399_len_9039

CONTIG: k99_328_flag_0_multi_54.0006_len_4922 (4922bp)
Top Length: 1822  Top ID: 95.06
		This contig is partially unaligned. (Aligned 1822 out of 4922 bases)
		Alignment: 417025 418846 | 1 1822 | 1822 1822 | 95.06 | Buchnera_aphidicola_Acyrthosiphon_pisum_ancestor k99_328_flag_0_multi_54.0006_len_4922
		Unaligned bases: 1823 to 4922 (3100)
		This contig has both significant aligned and unaligned parts (of length >= min-contig)! It can contain interspecies translocations

CONTIG: k99_90_flag_0_multi_49.8955_len_4091 (4091bp)
Top Length: 4091  Top ID: 100.0
		One align captures most of this contig: 384974 389064 | 4091 1 | 4091 4091 | 100.0 | Buchnera_aphidicola_Acyrthosiphon_pisum_ancestor k99_90_flag_0_multi_49.8955_len_4091

CONTIG: k99_334_flag_0_multi_46.7689_len_5724 (5724bp)
		This contig is unaligned. (5724 bp)
		Unaligned bases: 5724  total: 313472

CONTIG: k99_10_flag_0_multi_43.5153_len_2024 (2024bp)
		This contig is unaligned. (2024 bp)
		Unaligned bases: 2024  total: 315496

CONTIG: k99_183_flag_0_multi_46.6534_len_10751 (10751bp)
		This contig is unaligned. (10751 bp)
		Unaligned bases: 10751  total: 326247

CONTIG: k99_309_flag_0_multi_48.4822_len_3745 (3745bp)
		This contig is unaligned. (3745 bp)
		Unaligned bases: 3745  total: 329992

CONTIG: k99_287_flag_0_multi_46.1899_len_4301 (4301bp)
Top Length: 4301  Top ID: 100.0
		One align captures most of this contig: 629109 633409 | 1 4301 | 4301 4301 | 100.0 | Buchnera_aphidicola_Acyrthosiphon_pisum_ancestor k99_287_flag_0_multi_46.1899_len_4301

CONTIG: k99_28_flag_0_multi_48.5118_len_7049 (7049bp)
Top Length: 425  Top ID: 96.47
		This contig is partially unaligned. (Aligned 425 out of 7049 bases)
		Alignment: 300178 300602 | 1 425 | 425 425 | 96.47 | Buchnera_aphidicola_Acyrthosiphon_pisum_ancestor k99_28_flag_0_multi_48.5118_len_7049
		Unaligned bases: 426 to 7049 (6624)

CONTIG: k99_18_flag_0_multi_45.4275_len_1912 (1912bp)
Top Length: 940  Top ID: 95.43
		This contig is partially unaligned. (Aligned 940 out of 1912 bases)
		Alignment: 499167 500106 | 940 1 | 940 940 | 95.43 | Buchnera_aphidicola_Acyrthosiphon_pisum_ancestor k99_18_flag_0_multi_45.4275_len_1912
		Unaligned bases: 941 to 1912 (972)
		This contig has both significant aligned and unaligned parts (of length >= min-contig)! It can contain interspecies translocations

CONTIG: k99_314_flag_0_multi_47.1306_len_19060 (19060bp)
		This contig is unaligned. (19060 bp)
		Unaligned bases: 19060  total: 349052

CONTIG: k99_96_flag_0_multi_65.5518_len_1547 (1547bp)
Top Length: 1547  Top ID: 95.35
		One align captures most of this contig: 178452 179998 | 1547 1 | 1547 1547 | 95.35 | Buchnera_aphidicola_Acyrthosiphon_pisum_ancestor k99_96_flag_0_multi_65.5518_len_1547

CONTIG: k99_176_flag_0_multi_49.9170_len_5680 (5680bp)
Top Length: 5680  Top ID: 100.0
		One align captures most of this contig: 494427 500106 | 5680 1 | 5680 5680 | 100.0 | Buchnera_aphidicola_Acyrthosiphon_pisum_ancestor k99_176_flag_0_multi_49.9170_len_5680

CONTIG: k99_288_flag_0_multi_42.3156_len_4152 (4152bp)
		This contig is unaligned. (4152 bp)
		Unaligned bases: 4152  total: 353204

CONTIG: k99_197_flag_0_multi_44.7004_len_6668 (6668bp)
Top Length: 6668  Top ID: 100.0
		One align captures most of this contig: 474888 481555 | 1 6668 | 6668 6668 | 100.0 | Buchnera_aphidicola_Acyrthosiphon_pisum_ancestor k99_197_flag_0_multi_44.7004_len_6668

CONTIG: k99_112_flag_0_multi_45.8877_len_7354 (7354bp)
Top Length: 7354  Top ID: 100.0
		One align captures most of this contig: 438175 445528 | 1 7354 | 7354 7354 | 100.0 | Buchnera_aphidicola_Acyrthosiphon_pisum_ancestor k99_112_flag_0_multi_45.8877_len_7354

CONTIG: k99_159_flag_0_multi_49.0616_len_9138 (9138bp)
		This contig is unaligned. (9138 bp)
		Unaligned bases: 9138  total: 362342

CONTIG: k99_161_flag_0_multi_48.6015_len_3723 (3723bp)
Top Length: 3723  Top ID: 100.0
		One align captures most of this contig: 337772 341494 | 3723 1 | 3723 3723 | 100.0 | Buchnera_aphidicola_Acyrthosiphon_pisum_ancestor k99_161_flag_0_multi_48.6015_len_3723

CONTIG: k99_52_flag_0_multi_51.5399_len_6158 (6158bp)
Top Length: 6158  Top ID: 100.0
		One align captures most of this contig: 300178 306335 | 6158 1 | 6158 6158 | 100.0 | Buchnera_aphidicola_Acyrthosiphon_pisum_ancestor k99_52_flag_0_multi_51.5399_len_6158

CONTIG: k99_306_flag_0_multi_46.4391_len_16176 (16176bp)
		This contig is unaligned. (16176 bp)
		Unaligned bases: 16176  total: 378518

CONTIG: k99_32_flag_0_multi_47.8459_len_7479 (7479bp)
Top Length: 7479  Top ID: 100.0
		One align captures most of this contig: 118099 125577 | 7479 1 | 7479 7479 | 100.0 | Buchnera_aphidicola_Acyrthosiphon_pisum_ancestor k99_32_flag_0_multi_47.8459_len_7479

CONTIG: k99_47_flag_0_multi_45.6326_len_5891 (5891bp)
		This contig is unaligned. (5891 bp)
		Unaligned bases: 5891  total: 384409

CONTIG: k99_240_flag_0_multi_44.8110_len_12590 (12590bp)
Top Length: 688  Top ID: 95.06
		This contig is partially unaligned. (Aligned 688 out of 12590 bases)
		Alignment: 471458 472145 | 688 1 | 688 688 | 95.06 | Buchnera_aphidicola_Acyrthosiphon_pisum_ancestor k99_240_flag_0_multi_44.8110_len_12590
		Unaligned bases: 689 to 12590 (11902)
		This contig has both significant aligned and unaligned parts (of length >= min-contig)! It can contain interspecies translocations

CONTIG: k99_173_flag_0_multi_55.6460_len_791 (791bp)
Top Length: 791  Top ID: 95.95
		One align captures most of this contig: 531717 532507 | 1 791 | 791 791 | 95.95 | Buchnera_aphidicola_Acyrthosiphon_pisum_ancestor k99_173_flag_0_multi_55.6460_len_791

CONTIG: k99_308_flag_0_multi_54.8568_len_3878 (3878bp)
		This contig is unaligned. (3878 bp)
		Unaligned bases: 3878  total: 388287

CONTIG: k99_267_flag_0_multi_45.0102_len_3233 (3233bp)
Top Length: 3233  Top ID: 100.0
		One align captures most of this contig: 381824 385056 | 1 3233 | 3233 3233 | 100.0 | Buchnera_aphidicola_Acyrthosiphon_pisum_ancestor k99_267_flag_0_multi_45.0102_len_3233

CONTIG: k99_136_flag_0_multi_55.2743_len_748 (748bp)
Top Length: 748  Top ID: 95.99
		One align captures most of this contig: 489366 490113 | 748 1 | 748 748 | 95.99 | Buchnera_aphidicola_Acyrthosiphon_pisum_ancestor k99_136_flag_0_multi_55.2743_len_748

CONTIG: k99_154_flag_0_multi_48.7907_len_6860 (6860bp)
Top Length: 6860  Top ID: 100.0
		One align captures most of this contig: 517359 524218 | 1 6860 | 6860 6860 | 100.0 | Buchnera_aphidicola_Acyrthosiphon_pisum_ancestor k99_154_flag_0_multi_48.7907_len_6860

CONTIG: k99_307_flag_0_multi_48.5675_len_8789 (8789bp)
Top Length: 8789  Top ID: 100.0
		One align captures most of this contig: 82074 90862 | 1 8789 | 8789 8789 | 100.0 | Buchnera_aphidicola_Acyrthosiphon_pisum_ancestor k99_307_flag_0_multi_48.5675_len_8789

CONTIG: k99_265_flag_0_multi_51.9067_len_11187 (11187bp)
Top Length: 11187  Top ID: 100.0
		One align captures most of this contig: 61711 72897 | 11187 1 | 11187 11187 | 100.0 | Buchnera_aphidicola_Acyrthosiphon_pisum_ancestor k99_265_flag_0_multi_51.9067_len_11187

CONTIG: k99_111_flag_0_multi_55.3336_len_1418 (1418bp)
Top Length: 1418  Top ID: 100.0
		One align captures most of this contig: 424604 426021 | 1418 1 | 1418 1418 | 100.0 | Buchnera_aphidicola_Acyrthosiphon_pisum_ancestor k99_111_flag_0_multi_55.3336_len_1418

CONTIG: k99_180_flag_0_multi_32.8353_len_791 (791bp)
Top Length: 791  Top ID: 100.0
		One align captures most of this contig: 531717 532507 | 1 791 | 791 791 | 100.0 | Buchnera_aphidicola_Acyrthosiphon_pisum_ancestor k99_180_flag_0_multi_32.8353_len_791

CONTIG: k99_244_flag_0_multi_47.9631_len_4192 (4192bp)
Top Length: 4192  Top ID: 100.0
		One align captures most of this contig: 275449 279640 | 4192 1 | 4192 4192 | 100.0 | Buchnera_aphidicola_Acyrthosiphon_pisum_ancestor k99_244_flag_0_multi_47.9631_len_4192

CONTIG: k99_318_flag_0_multi_45.9695_len_37441 (37441bp)
Top Length: 37441  Top ID: 100.0
		One align captures most of this contig: 547907 585347 | 1 37441 | 37441 37441 | 100.0 | Buchnera_aphidicola_Acyrthosiphon_pisum_ancestor k99_318_flag_0_multi_45.9695_len_37441

CONTIG: k99_299_flag_0_multi_54.2093_len_1308 (1308bp)
		This contig is unaligned. (1308 bp)
		Unaligned bases: 1308  total: 389595

CONTIG: k99_220_flag_0_multi_52.6102_len_4607 (4607bp)
Top Length: 556  Top ID: 95.68
		This contig is partially unaligned. (Aligned 556 out of 4607 bases)
		Alignment: 416556 417111 | 4052 4607 | 556 556 | 95.68 | Buchnera_aphidicola_Acyrthosiphon_pisum_ancestor k99_220_flag_0_multi_52.6102_len_4607
		Unaligned bases: 1 to 4051 (4051)
		This contig has both significant aligned and unaligned parts (of length >= min-contig)! It can contain interspecies translocations

CONTIG: k99_122_flag_0_multi_55.0659_len_4305 (4305bp)
Top Length: 4305  Top ID: 100.0
		One align captures most of this contig: 265803 270107 | 4305 1 | 4305 4305 | 100.0 | Buchnera_aphidicola_Acyrthosiphon_pisum_ancestor k99_122_flag_0_multi_55.0659_len_4305

CONTIG: k99_246_flag_0_multi_47.3195_len_9550 (9550bp)
		This contig is unaligned. (9550 bp)
		Unaligned bases: 9550  total: 399145

CONTIG: k99_108_flag_0_multi_45.5678_len_10751 (10751bp)
Top Length: 10751  Top ID: 100.0
		One align captures most of this contig: 217221 227971 | 1 10751 | 10751 10751 | 100.0 | Buchnera_aphidicola_Acyrthosiphon_pisum_ancestor k99_108_flag_0_multi_45.5678_len_10751

CONTIG: k99_165_flag_0_multi_46.6899_len_4139 (4139bp)
Top Length: 2541  Top ID: 95.47
		This contig is misassembled. 2 total aligns.
			Excluding internal overlap of size 2 between Alignment 1 and 2:  524818 526417 | 4139 2540 | 1600 1600 --> 524818 526415 | 4139 2542 | 1598 1598
			Real Alignment 1: 532431 534971 | 1 2541 | 2541 2541 | 95.47 | Buchnera_aphidicola_Acyrthosiphon_pisum_ancestor k99_165_flag_0_multi_46.6899_len_4139
			  Extensive misassembly ( relocation, inconsistency = -10154 ) between these two alignments
			Real Alignment 2: 524818 526415 | 4139 2542 | 1598 1598 | 95.12 | Buchnera_aphidicola_Acyrthosiphon_pisum_ancestor k99_165_flag_0_multi_46.6899_len_4139

CONTIG: k99_249_flag_0_multi_44.9243_len_4152 (4152bp)
Top Length: 4152  Top ID: 100.0
		One align captures most of this contig: 90764 94915 | 1 4152 | 4152 4152 | 100.0 | Buchnera_aphidicola_Acyrthosiphon_pisum_ancestor k99_249_flag_0_multi_44.9243_len_4152

CONTIG: k99_92_flag_0_multi_44.4817_len_8484 (8484bp)
		This contig is unaligned. (8484 bp)
		Unaligned bases: 8484  total: 407629

CONTIG: k99_137_flag_0_multi_52.3333_len_3009 (3009bp)
Top Length: 3009  Top ID: 100.0
		One align captures most of this contig: 532431 535439 | 1 3009 | 3009 3009 | 100.0 | Buchnera_aphidicola_Acyrthosiphon_pisum_ancestor k99_137_flag_0_multi_52.3333_len_3009

CONTIG: k99_48_flag_0_multi_45.9294_len_7213 (7213bp)
Top Length: 7213  Top ID: 100.0
		One align captures most of this contig: 29552 36764 | 1 7213 | 7213 7213 | 100.0 | Buchnera_aphidicola_Acyrthosiphon_pisum_ancestor k99_48_flag_0_multi_45.9294_len_7213

CONTIG: k99_98_flag_0_multi_52.0917_len_4483 (4483bp)
Top Length: 4483  Top ID: 100.0
		One align captures most of this contig: 490039 494521 | 4483 1 | 4483 4483 | 100.0 | Buchnera_aphidicola_Acyrthosiphon_pisum_ancestor k99_98_flag_0_multi_52.0917_len_4483

CONTIG: k99_199_flag_0_multi_35.6365_len_949 (949bp)
Top Length: 949  Top ID: 100.0
		One align captures most of this contig: 364693 365641 | 1 949 | 949 949 | 100.0 | Buchnera_aphidicola_Acyrthosiphon_pisum_ancestor k99_199_flag_0_multi_35.6365_len_949

CONTIG: k99_60_flag_0_multi_50.6609_len_4296 (4296bp)
Top Length: 4296  Top ID: 100.0
		One align captures most of this contig: 484846 489141 | 4296 1 | 4296 4296 | 100.0 | Buchnera_aphidicola_Acyrthosiphon_pisum_ancestor k99_60_flag_0_multi_50.6609_len_4296

CONTIG: k99_78_flag_0_multi_43.4773_len_8772 (8772bp)
Top Length: 8772  Top ID: 100.0
		One align captures most of this contig: 256130 264901 | 8772 1 | 8772 8772 | 100.0 | Buchnera_aphidicola_Acyrthosiphon_pisum_ancestor k99_78_flag_0_multi_43.4773_len_8772

CONTIG: k99_13_flag_0_multi_45.4640_len_6067 (6067bp)
		This contig is unaligned. (6067 bp)
		Unaligned bases: 6067  total: 413696

CONTIG: k99_186_flag_0_multi_51.5895_len_3005 (3005bp)
Top Length: 3005  Top ID: 95.41
		One align captures most of this contig: 435266 438270 | 1 3005 | 3005 3005 | 95.41 | Buchnera_aphidicola_Acyrthosiphon_pisum_ancestor k99_186_flag_0_multi_51.5895_len_3005

CONTIG: k99_145_flag_0_multi_48.8201_len_2929 (2929bp)
		This contig is unaligned. (2929 bp)
		Unaligned bases: 2929  total: 416625

CONTIG: k99_248_flag_0_multi_52.0845_len_3532 (3532bp)
		This contig is unaligned. (3532 bp)
		Unaligned bases: 3532  total: 420157

CONTIG: k99_15_flag_0_multi_52.6965_len_8347 (8347bp)
Top Length: 8347  Top ID: 100.0
		One align captures most of this contig: 320418 328764 | 8347 1 | 8347 8347 | 100.0 | Buchnera_aphidicola_Acyrthosiphon_pisum_ancestor k99_15_flag_0_multi_52.6965_len_8347

CONTIG: k99_326_flag_0_multi_48.5381_len_5583 (5583bp)
Top Length: 5583  Top ID: 100.0
		One align captures most of this contig: 76536 82118 | 1 5583 | 5583 5583 | 100.0 | Buchnera_aphidicola_Acyrthosiphon_pisum_ancestor k99_326_flag_0_multi_48.5381_len_5583

CONTIG: k99_9_flag_0_multi_47.2274_len_4246 (4246bp)
Top Length: 4246  Top ID: 100.0
		One align captures most of this contig: 181930 186175 | 4246 1 | 4246 4246 | 100.0 | Buchnera_aphidicola_Acyrthosiphon_pisum_ancestor k99_9_flag_0_multi_47.2274_len_4246

CONTIG: k99_313_flag_0_multi_47.6563_len_8347 (8347bp)
		This contig is unaligned. (8347 bp)
		Unaligned bases: 8347  total: 428504

CONTIG: k99_140_flag_0_multi_43.9176_len_2988 (2988bp)
		This contig is unaligned. (2988 bp)
		Unaligned bases: 2988  total: 431492

CONTIG: k99_7_flag_0_multi_49.8989_len_2137 (2137bp)
Top Length: 2137  Top ID: 100.0
		One align captures most of this contig: 100986 103122 | 1 2137 | 2137 2137 | 100.0 | Buchnera_aphidicola_Acyrthosiphon_pisum_ancestor k99_7_flag_0_multi_49.8989_len_2137

CONTIG: k99_114_flag_0_multi_42.4871_len_8699 (8699bp)
Top Length: 589  Top ID: 95.76
		This contig is partially unaligned. (Aligned 589 out of 8699 bases)
		Alignment: 484846 485434 | 8699 8111 | 589 589 | 95.76 | Buchnera_aphidicola_Acyrthosiphon_pisum_ancestor k99_114_flag_0_multi_42.4871_len_8699
		Unaligned bases: 1 to 8110 (8110)
		This contig has both significant aligned and unaligned parts (of length >= min-contig)! It can contain interspecies translocations

CONTIG: k99_135_flag_0_multi_29.0324_len_748 (748bp)
Top Length: 748  Top ID: 100.0
		One align captures most of this contig: 489366 490113 | 748 1 | 748 748 | 100.0 | Buchnera_aphidicola_Acyrthosiphon_pisum_ancestor k99_135_flag_0_multi_29.0324_len_748

CONTIG: k99_268_flag_0_multi_48.4882_len_10354 (10354bp)
		This contig is unaligned. (10354 bp)
		Unaligned bases: 10354  total: 441846

CONTIG: k99_141_flag_0_multi_54.8044_len_2297 (2297bp)
		This contig is unaligned. (2297 bp)
		Unaligned bases: 2297  total: 444143

CONTIG: k99_82_flag_0_multi_45.8212_len_1033 (1033bp)
Top Length: 1033  Top ID: 95.26
		One align captures most of this contig: 60777 61809 | 1033 1 | 1033 1033 | 95.26 | Buchnera_aphidicola_Acyrthosiphon_pisum_ancestor k99_82_flag_0_multi_45.8212_len_1033

CONTIG: k99_144_flag_0_multi_49.3916_len_7113 (7113bp)
Top Length: 7113  Top ID: 100.0
		One align captures most of this contig: 328693 335805 | 7113 1 | 7113 7113 | 100.0 | Buchnera_aphidicola_Acyrthosiphon_pisum_ancestor k99_144_flag_0_multi_49.3916_len_7113

CONTIG: k99_260_flag_0_multi_53.0205_len_734 (734bp)
Top Length: 734  Top ID: 100.0
		One align captures most of this contig: 628418 629151 | 1 734 | 734 734 | 100.0 | Buchnera_aphidicola_Acyrthosiphon_pisum_ancestor k99_260_flag_0_multi_53.0205_len_734

CONTIG: k99_39_flag_0_multi_48.7169_len_2935 (2935bp)
		This contig is unaligned. (2935 bp)
		Unaligned bases: 2935  total: 447078

CONTIG: k99_301_flag_0_multi_56.1749_len_3878 (3878bp)
Top Length: 3878  Top ID: 100.0
		One align captures most of this contig: 246698 250575 | 3878 1 | 3878 3878 | 100.0 | Buchnera_aphidicola_Acyrthosiphon_pisum_ancestor k99_301_flag_0_multi_56.1749_len_3878

CONTIG: k99_171_flag_0_multi_41.1488_len_2773 (2773bp)
Top Length: 2773  Top ID: 100.0
		One align captures most of this contig: 26812 29584 | 2773 1 | 2773 2773 | 100.0 | Buchnera_aphidicola_Acyrthosiphon_pisum_ancestor k99_171_flag_0_multi_41.1488_len_2773

CONTIG: k99_201_flag_0_multi_47.1930_len_3005 (3005bp)
Top Length: 3005  Top ID: 99.97
		One align captures most of this contig: 435266 438270 | 1 3005 | 3005 3005 | 99.97 | Buchnera_aphidicola_Acyrthosiphon_pisum_ancestor k99_201_flag_0_multi_47.1930_len_3005

CONTIG: k99_56_flag_0_multi_52.9983_len_700 (700bp)
Top Length: 700  Top ID: 99.43
		One align captures most of this contig: 410768 411467 | 1 700 | 700 700 | 99.43 | Buchnera_aphidicola_Acyrthosiphon_pisum_ancestor k99_56_flag_0_multi_52.9983_len_700

CONTIG: k99_247_flag_0_multi_54.0692_len_2195 (2195bp)
		This contig is unaligned. (2195 bp)
		Unaligned bases: 2195  total: 449273

CONTIG: k99_320_flag_0_multi_45.8019_len_2901 (2901bp)
Top Length: 2901  Top ID: 100.0
		One align captures most of this contig: 24010 26910 | 1 2901 | 2901 2901 | 100.0 | Buchnera_aphidicola_Acyrthosiphon_pisum_ancestor k99_320_flag_0_multi_45.8019_len_2901

CONTIG: k99_311_flag_0_multi_51.9536_len_3745 (3745bp)
Top Length: 3745  Top ID: 100.0
		One align captures most of this contig: 72828 76572 | 1 3745 | 3745 3745 | 100.0 | Buchnera_aphidicola_Acyrthosiphon_pisum_ancestor k99_311_flag_0_multi_51.9536_len_3745

CONTIG: k99_117_flag_0_multi_51.3958_len_1418 (1418bp)
		This contig is unaligned. (1418 bp)
		Unaligned bases: 1418  total: 450691

CONTIG: k99_87_flag_0_multi_48.2098_len_5227 (5227bp)
		This contig is unaligned. (5227 bp)
		Unaligned bases: 5227  total: 455918

CONTIG: k99_138_flag_0_multi_46.7337_len_6794 (6794bp)
Top Length: 740  Top ID: 96.49
		This contig is partially unaligned. (Aligned 740 out of 6794 bases)
		Alignment: 256130 256869 | 6794 6055 | 740 740 | 96.49 | Buchnera_aphidicola_Acyrthosiphon_pisum_ancestor k99_138_flag_0_multi_46.7337_len_6794
		Unaligned bases: 1 to 6054 (6054)
		This contig has both significant aligned and unaligned parts (of length >= min-contig)! It can contain interspecies translocations

CONTIG: k99_170_flag_0_multi_33.0604_len_828 (828bp)
Top Length: 828  Top ID: 100.0
		One align captures most of this contig: 38494 39321 | 1 828 | 828 828 | 100.0 | Buchnera_aphidicola_Acyrthosiphon_pisum_ancestor k99_170_flag_0_multi_33.0604_len_828

CONTIG: k99_251_flag_0_multi_54.0773_len_2195 (2195bp)
Top Length: 2195  Top ID: 100.0
		One align captures most of this contig: 273343 275537 | 1 2195 | 2195 2195 | 100.0 | Buchnera_aphidicola_Acyrthosiphon_pisum_ancestor k99_251_flag_0_multi_54.0773_len_2195

CONTIG: k99_157_flag_0_multi_46.2640_len_2929 (2929bp)
Top Length: 2929  Top ID: 100.0
		One align captures most of this contig: 528868 531796 | 1 2929 | 2929 2929 | 100.0 | Buchnera_aphidicola_Acyrthosiphon_pisum_ancestor k99_157_flag_0_multi_46.2640_len_2929

CONTIG: k99_271_flag_0_multi_50.8556_len_10441 (10441bp)
Top Length: 10441  Top ID: 100.0
		One align captures most of this contig: 451172 461612 | 10441 1 | 10441 10441 | 100.0 | Buchnera_aphidicola_Acyrthosiphon_pisum_ancestor k99_271_flag_0_multi_50.8556_len_10441

CONTIG: k99_264_flag_0_multi_47.8023_len_5227 (5227bp)
Top Length: 5227  Top ID: 100.0
		One align captures most of this contig: 376674 381900 | 1 5227 | 5227 5227 | 100.0 | Buchnera_aphidicola_Acyrthosiphon_pisum_ancestor k99_264_flag_0_multi_47.8023_len_5227

CONTIG: k99_160_flag_0_multi_43.9222_len_600 (600bp)
Top Length: 600  Top ID: 97.5
		One align captures most of this contig: 341413 342012 | 1 600 | 600 600 | 97.5 | Buchnera_aphidicola_Acyrthosiphon_pisum_ancestor k99_160_flag_0_multi_43.9222_len_600

CONTIG: k99_332_flag_0_multi_52.9412_len_5724 (5724bp)
Top Length: 5724  Top ID: 100.0
		One align captures most of this contig: 535341 541064 | 1 5724 | 5724 5724 | 100.0 | Buchnera_aphidicola_Acyrthosiphon_pisum_ancestor k99_332_flag_0_multi_52.9412_len_5724

CONTIG: k99_230_flag_0_multi_39.1583_len_4192 (4192bp)
		This contig is unaligned. (4192 bp)
		Unaligned bases: 4192  total: 460110

CONTIG: k99_19_flag_0_multi_40.8069_len_5914 (5914bp)
Top Length: 5914  Top ID: 100.0
		One align captures most of this contig: 306239 312152 | 1 5914 | 5914 5914 | 100.0 | Buchnera_aphidicola_Acyrthosiphon_pisum_ancestor k99_19_flag_0_multi_40.8069_len_5914

CONTIG: k99_191_flag_0_multi_56.2815_len_1861 (1861bp)
Top Length: 1861  Top ID: 100.0
		One align captures most of this contig: 425923 427783 | 1861 1 | 1861 1861 | 100.0 | Buchnera_aphidicola_Acyrthosiphon_pisum_ancestor k99_191_flag_0_multi_56.2815_len_1861

CONTIG: k99_143_flag_0_multi_48.5118_len_6170 (6170bp)
Top Length: 6170  Top ID: 100.0
		One align captures most of this contig: 94915 101084 | 1 6170 | 6170 6170 | 100.0 | Buchnera_aphidicola_Acyrthosiphon_pisum_ancestor k99_143_flag_0_multi_48.5118_len_6170

CONTIG: k99_206_flag_0_multi_47.3919_len_13129 (13129bp)
Top Length: 314  Top ID: 95.86
		This contig is partially unaligned. (Aligned 314 out of 13129 bases)
		Alignment: 72584 72897 | 314 1 | 314 314 | 95.86 | Buchnera_aphidicola_Acyrthosiphon_pisum_ancestor k99_206_flag_0_multi_47.3919_len_13129
		Unaligned bases: 315 to 13129 (12815)

CONTIG: k99_91_flag_0_multi_51.6991_len_1033 (1033bp)
Top Length: 1033  Top ID: 100.0
		One align captures most of this contig: 60777 61809 | 1033 1 | 1033 1033 | 100.0 | Buchnera_aphidicola_Acyrthosiphon_pisum_ancestor k99_91_flag_0_multi_51.6991_len_1033

CONTIG: k99_255_flag_0_multi_50.0561_len_7622 (7622bp)
Top Length: 7622  Top ID: 100.0
		One align captures most of this contig: 461519 469140 | 7622 1 | 7622 7622 | 100.0 | Buchnera_aphidicola_Acyrthosiphon_pisum_ancestor k99_255_flag_0_multi_50.0561_len_7622

CONTIG: k99_81_flag_0_multi_45.8378_len_7705 (7705bp)
		This contig is unaligned. (7705 bp)
		Unaligned bases: 7705  total: 467815

CONTIG: k99_23_flag_0_multi_48.2685_len_8017 (8017bp)
Top Length: 8017  Top ID: 100.0
		One align captures most of this contig: 103036 111052 | 1 8017 | 8017 8017 | 100.0 | Buchnera_aphidicola_Acyrthosiphon_pisum_ancestor k99_23_flag_0_multi_48.2685_len_8017

CONTIG: k99_259_flag_0_multi_46.0703_len_13119 (13119bp)
Top Length: 13119  Top ID: 100.0
		One align captures most of this contig: 202161 215279 | 1 13119 | 13119 13119 | 100.0 | Buchnera_aphidicola_Acyrthosiphon_pisum_ancestor k99_259_flag_0_multi_46.0703_len_13119

CONTIG: k99_329_flag_0_multi_50.9669_len_4688 (4688bp)
		This contig is unaligned. (4688 bp)
		Unaligned bases: 4688  total: 472503

CONTIG: k99_35_flag_0_multi_49.1633_len_2934 (2934bp)
Top Length: 2934  Top ID: 100.0
		One align captures most of this contig: 472053 474986 | 1 2934 | 2934 2934 | 100.0 | Buchnera_aphidicola_Acyrthosiphon_pisum_ancestor k99_35_flag_0_multi_49.1633_len_2934

CONTIG: k99_118_flag_0_multi_33.9737_len_1545 (1545bp)
Top Length: 1545  Top ID: 95.08
		One align captures most of this contig: 356041 357585 | 1 1545 | 1545 1545 | 95.08 | Buchnera_aphidicola_Acyrthosiphon_pisum_ancestor k99_118_flag_0_multi_33.9737_len_1545

CONTIG: k99_188_flag_0_multi_38.8291_len_1076 (1076bp)
Top Length: 1076  Top ID: 100.0
		One align captures most of this contig: 264816 265891 | 1 1076 | 1076 1076 | 100.0 | Buchnera_aphidicola_Acyrthosiphon_pisum_ancestor k99_188_flag_0_multi_38.8291_len_1076

CONTIG: k99_14_flag_0_multi_44.6195_len_5599 (5599bp)
Top Length: 720  Top ID: 95.28
		This contig is partially unaligned. (Aligned 720 out of 5599 bases)
		Alignment: 138161 138880 | 4880 5599 | 720 720 | 95.28 | Buchnera_aphidicola_Acyrthosiphon_pisum_ancestor k99_14_flag_0_multi_44.6195_len_5599
		Unaligned bases: 1 to 4879 (4879)
		This contig has both significant aligned and unaligned parts (of length >= min-contig)! It can contain interspecies translocations

CONTIG: k99_319_flag_0_multi_43.7713_len_3671 (3671bp)
		This contig is unaligned. (3671 bp)
		Unaligned bases: 3671  total: 476174

CONTIG: k99_151_flag_0_multi_55.0339_len_2194 (2194bp)
Top Length: 2194  Top ID: 100.0
		One align captures most of this contig: 111026 113219 | 1 2194 | 2194 2194 | 100.0 | Buchnera_aphidicola_Acyrthosiphon_pisum_ancestor k99_151_flag_0_multi_55.0339_len_2194

CONTIG: k99_229_flag_0_multi_43.0098_len_8120 (8120bp)
Top Length: 8120  Top ID: 100.0
		One align captures most of this contig: 238658 246777 | 8120 1 | 8120 8120 | 100.0 | Buchnera_aphidicola_Acyrthosiphon_pisum_ancestor k99_229_flag_0_multi_43.0098_len_8120

CONTIG: k99_80_flag_0_multi_58.4959_len_1547 (1547bp)
Top Length: 1547  Top ID: 100.0
		One align captures most of this contig: 178452 179998 | 1547 1 | 1547 1547 | 100.0 | Buchnera_aphidicola_Acyrthosiphon_pisum_ancestor k99_80_flag_0_multi_58.4959_len_1547

CONTIG: k99_119_flag_0_multi_47.3336_len_8489 (8489bp)
Top Length: 8489  Top ID: 100.0
		One align captures most of this contig: 633311 641799 | 8489 1 | 8489 8489 | 100.0 | Buchnera_aphidicola_Acyrthosiphon_pisum_ancestor k99_119_flag_0_multi_47.3336_len_8489

CONTIG: k99_133_flag_0_multi_48.4835_len_7654 (7654bp)
Top Length: 7654  Top ID: 100.0
		One align captures most of this contig: 417025 424678 | 1 7654 | 7654 7654 | 100.0 | Buchnera_aphidicola_Acyrthosiphon_pisum_ancestor k99_133_flag_0_multi_48.4835_len_7654

CONTIG: k99_289_flag_0_multi_48.6583_len_9466 (9466bp)
		This contig is unaligned. (9466 bp)
		Unaligned bases: 9466  total: 485640

CONTIG: k99_238_flag_0_multi_47.8031_len_8373 (8373bp)
Top Length: 8373  Top ID: 100.0
		One align captures most of this contig: 312094 320466 | 1 8373 | 8373 8373 | 100.0 | Buchnera_aphidicola_Acyrthosiphon_pisum_ancestor k99_238_flag_0_multi_47.8031_len_8373

CONTIG: k99_195_flag_0_multi_48.4765_len_7113 (7113bp)
		This contig is unaligned. (7113 bp)
		Unaligned bases: 7113  total: 492753

CONTIG: k99_45_flag_0_multi_49.4140_len_2454 (2454bp)
Top Length: 2454  Top ID: 100.0
		One align captures most of this contig: 113123 115576 | 2454 1 | 2454 2454 | 100.0 | Buchnera_aphidicola_Acyrthosiphon_pisum_ancestor k99_45_flag_0_multi_49.4140_len_2454

CONTIG: k99_65_flag_0_multi_42.0793_len_7001 (7001bp)
		This contig is unaligned. (7001 bp)
		Unaligned bases: 7001  total: 499754

CONTIG: k99_312_flag_0_multi_45.7009_len_7181 (7181bp)
		This contig is unaligned. (7181 bp)
		Unaligned bases: 7181  total: 506935

CONTIG: k99_172_flag_0_multi_49.6283_len_828 (828bp)
Top Length: 828  Top ID: 96.38
		One align captures most of this contig: 38494 39321 | 1 828 | 828 828 | 96.38 | Buchnera_aphidicola_Acyrthosiphon_pisum_ancestor k99_172_flag_0_multi_49.6283_len_828

CONTIG: k99_215_flag_0_multi_49.0240_len_3014 (3014bp)
		This contig is unaligned. (3014 bp)
		Unaligned bases: 3014  total: 509949

Analyzing coverage...
Writing SNPs into /vol/cami-scratch/Simpipeline/iTol_genomes/Buchnera_aphidicola_Acyrthosiphon_pisum_0925/quast_strain/Buchnera_aphidicola_Acyrthosiphon_pisum_ancestor_quast_output/contigs_reports/nucmer_output/final.contigs.used_snps
	Reference Buchnera_aphidicola_Acyrthosiphon_pisum_ancestor: 141 total alignments. 1 total regions.
		Region: 1 to 641799 (641799 bp)
			START in gap: 1 to 7 (6 bp)
			Align 1: 7 10821 k99_107_flag_1_multi_45.0000_len_10815 10815 1
				Negative gap (overlap) between this and next alignment: 10821 to 10814 (-7 bp)
				Next Alignment: 10814 12770 k99_266_flag_0_multi_49.0393_len_1957 1957 1

			Previous gap was negative, modifying coordinates to ignore overlap
				Moving contig start from 1957 to 1949.
			Align 2: 10822 12770 k99_266_flag_0_multi_49.0393_len_1957 1949 1
				Gap between this and next alignment: 12770 to 13091 (320 bp)
				Next Alignment: 13091 24105 k99_128_flag_0_multi_46.2592_len_11015 1 11015

			Align 3: 13091 24105 k99_128_flag_0_multi_46.2592_len_11015 1 11015
				Negative gap (overlap) between this and next alignment: 24105 to 24010 (-95 bp)
				Next Alignment: 24010 26910 k99_320_flag_0_multi_45.8019_len_2901 1 2901

			Previous gap was negative, modifying coordinates to ignore overlap
				Moving contig start from 1 to 97.
			Align 4: 24106 26910 k99_320_flag_0_multi_45.8019_len_2901 97 2901
				Negative gap (overlap) between this and next alignment: 26910 to 26812 (-98 bp)
				Next Alignment: 26812 29584 k99_171_flag_0_multi_41.1488_len_2773 2773 1

			Previous gap was negative, modifying coordinates to ignore overlap
				Moving contig start from 2773 to 2674.
			Align 5: 26911 29584 k99_171_flag_0_multi_41.1488_len_2773 2674 1
				Negative gap (overlap) between this and next alignment: 29584 to 29552 (-32 bp)
				Next Alignment: 29552 36764 k99_48_flag_0_multi_45.9294_len_7213 1 7213

			Previous gap was negative, modifying coordinates to ignore overlap
				Moving contig start from 1 to 34.
			Align 6: 29585 36764 k99_48_flag_0_multi_45.9294_len_7213 34 7213
				The next alignment (35962 36764 k99_125_flag_0_multi_52.2178_len_1568 766 1568) is redundant. Skipping.
				Negative gap (overlap) between this and next alignment: 36764 to 36671 (-93 bp)
				Next Alignment: 36671 38540 k99_41_flag_0_multi_51.2981_len_1870 1 1870

			Previous gap was negative, modifying coordinates to ignore overlap
				Moving contig start from 1 to 95.
			Align 8: 36765 38540 k99_41_flag_0_multi_51.2981_len_1870 95 1870
				Negative gap (overlap) between this and next alignment: 38540 to 38494 (-46 bp)
				Next Alignment: 38494 39321 k99_170_flag_0_multi_33.0604_len_828 1 828

			Previous gap was negative, modifying coordinates to ignore overlap
				Moving contig start from 1 to 48.
			Align 9: 38541 39321 k99_170_flag_0_multi_33.0604_len_828 48 828
				The next alignment (38494 39321 k99_172_flag_0_multi_49.6283_len_828 1 828) is redundant. Skipping.
				Negative gap (overlap) between this and next alignment: 39321 to 39235 (-86 bp)
				Next Alignment: 39235 53254 k99_187_flag_0_multi_48.0284_len_14020 14020 1

			Previous gap was negative, modifying coordinates to ignore overlap
				Moving contig start from 14020 to 13933.
			Align 11: 39322 53254 k99_187_flag_0_multi_48.0284_len_14020 13933 1
				Negative gap (overlap) between this and next alignment: 53254 to 53167 (-87 bp)
				Next Alignment: 53167 60871 k99_132_flag_0_multi_45.1202_len_7705 1 7705

			Previous gap was negative, modifying coordinates to ignore overlap
				Moving contig start from 1 to 89.
			Align 12: 53255 60871 k99_132_flag_0_multi_45.1202_len_7705 89 7705
				Negative gap (overlap) between this and next alignment: 60871 to 60777 (-94 bp)
				Next Alignment: 60777 61809 k99_82_flag_0_multi_45.8212_len_1033 1033 1

			Previous gap was negative, modifying coordinates to ignore overlap
				Moving contig start from 1033 to 938.
			Align 13: 60872 61809 k99_82_flag_0_multi_45.8212_len_1033 938 1
				The next alignment (60777 61809 k99_91_flag_0_multi_51.6991_len_1033 1033 1) is redundant. Skipping.
				Negative gap (overlap) between this and next alignment: 61809 to 61711 (-98 bp)
				Next Alignment: 61711 72897 k99_265_flag_0_multi_51.9067_len_11187 11187 1

			Previous gap was negative, modifying coordinates to ignore overlap
				Moving contig start from 11187 to 11088.
			Align 15: 61810 72897 k99_265_flag_0_multi_51.9067_len_11187 11088 1
				The next alignment (72584 72897 k99_206_flag_0_multi_47.3919_len_13129 314 1) is redundant. Skipping.
				Negative gap (overlap) between this and next alignment: 72897 to 72828 (-69 bp)
				Next Alignment: 72828 76572 k99_311_flag_0_multi_51.9536_len_3745 1 3745

			Previous gap was negative, modifying coordinates to ignore overlap
				Moving contig start from 1 to 71.
			Align 17: 72898 76572 k99_311_flag_0_multi_51.9536_len_3745 71 3745
				Negative gap (overlap) between this and next alignment: 76572 to 76536 (-36 bp)
				Next Alignment: 76536 82118 k99_326_flag_0_multi_48.5381_len_5583 1 5583

			Previous gap was negative, modifying coordinates to ignore overlap
				Moving contig start from 1 to 38.
			Align 18: 76573 82118 k99_326_flag_0_multi_48.5381_len_5583 38 5583
				Negative gap (overlap) between this and next alignment: 82118 to 82074 (-44 bp)
				Next Alignment: 82074 90862 k99_307_flag_0_multi_48.5675_len_8789 1 8789

			Previous gap was negative, modifying coordinates to ignore overlap
				Moving contig start from 1 to 46.
			Align 19: 82119 90862 k99_307_flag_0_multi_48.5675_len_8789 46 8789
				Negative gap (overlap) between this and next alignment: 90862 to 90764 (-98 bp)
				Next Alignment: 90764 94915 k99_249_flag_0_multi_44.9243_len_4152 1 4152

			Previous gap was negative, modifying coordinates to ignore overlap
				Moving contig start from 1 to 100.
			Align 20: 90863 94915 k99_249_flag_0_multi_44.9243_len_4152 100 4152
				Negative gap (overlap) between this and next alignment: 94915 to 94915 (0 bp)
				Next Alignment: 94915 101084 k99_143_flag_0_multi_48.5118_len_6170 1 6170

			Previous gap was negative, modifying coordinates to ignore overlap
				Moving contig start from 1 to 2.
			Align 21: 94916 101084 k99_143_flag_0_multi_48.5118_len_6170 2 6170
				Negative gap (overlap) between this and next alignment: 101084 to 100986 (-98 bp)
				Next Alignment: 100986 103122 k99_7_flag_0_multi_49.8989_len_2137 1 2137

			Previous gap was negative, modifying coordinates to ignore overlap
				Moving contig start from 1 to 100.
			Align 22: 101085 103122 k99_7_flag_0_multi_49.8989_len_2137 100 2137
				Negative gap (overlap) between this and next alignment: 103122 to 103036 (-86 bp)
				Next Alignment: 103036 111052 k99_23_flag_0_multi_48.2685_len_8017 1 8017

			Previous gap was negative, modifying coordinates to ignore overlap
				Moving contig start from 1 to 88.
			Align 23: 103123 111052 k99_23_flag_0_multi_48.2685_len_8017 88 8017
				Negative gap (overlap) between this and next alignment: 111052 to 111026 (-26 bp)
				Next Alignment: 111026 111504 k99_42_flag_0_multi_48.8625_len_13273 1 479

			Previous gap was negative, modifying coordinates to ignore overlap
				Moving contig start from 1 to 28.
			Align 24: 111053 111504 k99_42_flag_0_multi_48.8625_len_13273 28 479
				Negative gap (overlap) between this and next alignment: 111504 to 111026 (-478 bp)
				Next Alignment: 111026 113219 k99_151_flag_0_multi_55.0339_len_2194 1 2194

			Previous gap was negative, modifying coordinates to ignore overlap
				Moving contig start from 1 to 480.
			Align 25: 111505 113219 k99_151_flag_0_multi_55.0339_len_2194 480 2194
				Negative gap (overlap) between this and next alignment: 113219 to 113123 (-96 bp)
				Next Alignment: 113123 115576 k99_45_flag_0_multi_49.4140_len_2454 2454 1

			Previous gap was negative, modifying coordinates to ignore overlap
				Moving contig start from 2454 to 2357.
			Align 26: 113220 115576 k99_45_flag_0_multi_49.4140_len_2454 2357 1
				Negative gap (overlap) between this and next alignment: 115576 to 115516 (-60 bp)
				Next Alignment: 115516 118180 k99_146_flag_0_multi_49.5269_len_2665 2665 1

			Previous gap was negative, modifying coordinates to ignore overlap
				Moving contig start from 2665 to 2604.
			Align 27: 115577 118180 k99_146_flag_0_multi_49.5269_len_2665 2604 1
				The next alignment (117425 118180 k99_166_flag_0_multi_52.7067_len_2148 1393 2148) is redundant. Skipping.
				Negative gap (overlap) between this and next alignment: 118180 to 118099 (-81 bp)
				Next Alignment: 118099 125577 k99_32_flag_0_multi_47.8459_len_7479 7479 1

			Previous gap was negative, modifying coordinates to ignore overlap
				Moving contig start from 7479 to 7397.
			Align 29: 118181 125577 k99_32_flag_0_multi_47.8459_len_7479 7397 1
				Negative gap (overlap) between this and next alignment: 125577 to 125497 (-80 bp)
				Next Alignment: 125497 137794 k99_57_flag_0_multi_47.9546_len_12298 12298 1

			Previous gap was negative, modifying coordinates to ignore overlap
				Moving contig start from 12298 to 12217.
			Align 30: 125578 137794 k99_57_flag_0_multi_47.9546_len_12298 12217 1
				Negative gap (overlap) between this and next alignment: 137794 to 137738 (-56 bp)
				Next Alignment: 137738 138880 k99_322_flag_0_multi_50.3046_len_1143 1 1143

			Previous gap was negative, modifying coordinates to ignore overlap
				Moving contig start from 1 to 58.
			Align 31: 137795 138880 k99_322_flag_0_multi_50.3046_len_1143 58 1143
				The next alignment (138161 138880 k99_14_flag_0_multi_44.6195_len_5599 4880 5599) is redundant. Skipping.
				Negative gap (overlap) between this and next alignment: 138880 to 138784 (-96 bp)
				Next Alignment: 138784 147822 k99_31_flag_0_multi_52.6399_len_9039 9039 1

			Previous gap was negative, modifying coordinates to ignore overlap
				Moving contig start from 9039 to 8942.
			Align 33: 138881 147822 k99_31_flag_0_multi_52.6399_len_9039 8942 1
				Gap between this and next alignment: 147822 to 148144 (321 bp)
				Next Alignment: 148144 173513 k99_327_flag_0_multi_45.9695_len_25370 25370 1

			Align 34: 148144 173513 k99_327_flag_0_multi_45.9695_len_25370 25370 1
				Negative gap (overlap) between this and next alignment: 173513 to 173437 (-76 bp)
				Next Alignment: 173437 175382 k99_218_flag_0_multi_44.0558_len_1946 1946 1

			Previous gap was negative, modifying coordinates to ignore overlap
				Moving contig start from 1946 to 1869.
			Align 35: 173514 175382 k99_218_flag_0_multi_44.0558_len_1946 1869 1
				The next alignment (175043 175382 k99_254_flag_0_multi_53.4299_len_6075 340 1) is redundant. Skipping.
				Negative gap (overlap) between this and next alignment: 175382 to 175302 (-80 bp)
				Next Alignment: 175302 178236 k99_17_flag_0_multi_42.6784_len_2935 1 2935

			Previous gap was negative, modifying coordinates to ignore overlap
				Moving contig start from 1 to 82.
			Align 37: 175383 178236 k99_17_flag_0_multi_42.6784_len_2935 82 2935
				Gap between this and next alignment: 178236 to 178452 (215 bp)
				Next Alignment: 178452 179998 k99_96_flag_0_multi_65.5518_len_1547 1547 1

			Align 38: 178452 179998 k99_96_flag_0_multi_65.5518_len_1547 1547 1
				The next alignment (178452 179998 k99_80_flag_0_multi_58.4959_len_1547 1547 1) is redundant. Skipping.
				Negative gap (overlap) between this and next alignment: 179998 to 179911 (-87 bp)
				Next Alignment: 179911 181120 k99_24_flag_0_multi_44.0522_len_1210 1210 1

			Previous gap was negative, modifying coordinates to ignore overlap
				Moving contig start from 1210 to 1122.
			Align 40: 179999 181120 k99_24_flag_0_multi_44.0522_len_1210 1122 1
				The next alignment (179911 181120 k99_5_flag_0_multi_59.2250_len_1210 1210 1) is redundant. Skipping.
				Gap between this and next alignment: 181120 to 181304 (183 bp)
				Next Alignment: 181304 182016 k99_36_flag_0_multi_58.5668_len_713 713 1

			Align 42: 181304 182016 k99_36_flag_0_multi_58.5668_len_713 713 1
				The next alignment (181304 182016 k99_37_flag_0_multi_62.4495_len_713 713 1) is redundant. Skipping.
				Negative gap (overlap) between this and next alignment: 182016 to 181930 (-86 bp)
				Next Alignment: 181930 183380 k99_232_flag_0_multi_49.5448_len_12193 12193 10743

			Previous gap was negative, modifying coordinates to ignore overlap
				Moving contig start from 12193 to 12106.
			Align 44: 182017 183380 k99_232_flag_0_multi_49.5448_len_12193 12106 10743
				Negative gap (overlap) between this and next alignment: 183380 to 181930 (-1450 bp)
				Next Alignment: 181930 186175 k99_9_flag_0_multi_47.2274_len_4246 4246 1

			Previous gap was negative, modifying coordinates to ignore overlap
				Moving contig start from 4246 to 2795.
			Align 45: 183381 186175 k99_9_flag_0_multi_47.2274_len_4246 2795 1
				Negative gap (overlap) between this and next alignment: 186175 to 186081 (-94 bp)
				Next Alignment: 186081 202256 k99_156_flag_0_multi_47.6959_len_16176 1 16176

			Previous gap was negative, modifying coordinates to ignore overlap
				Moving contig start from 1 to 96.
			Align 46: 186176 202256 k99_156_flag_0_multi_47.6959_len_16176 96 16176
				Negative gap (overlap) between this and next alignment: 202256 to 202161 (-95 bp)
				Next Alignment: 202161 215279 k99_259_flag_0_multi_46.0703_len_13119 1 13119

			Previous gap was negative, modifying coordinates to ignore overlap
				Moving contig start from 1 to 97.
			Align 47: 202257 215279 k99_259_flag_0_multi_46.0703_len_13119 97 13119
				Negative gap (overlap) between this and next alignment: 215279 to 215186 (-93 bp)
				Next Alignment: 215186 217319 k99_55_flag_0_multi_34.1224_len_2134 2134 1

			Previous gap was negative, modifying coordinates to ignore overlap
				Moving contig start from 2134 to 2040.
			Align 48: 215280 217319 k99_55_flag_0_multi_34.1224_len_2134 2040 1
				Negative gap (overlap) between this and next alignment: 217319 to 217221 (-98 bp)
				Next Alignment: 217221 227971 k99_108_flag_0_multi_45.5678_len_10751 1 10751

			Previous gap was negative, modifying coordinates to ignore overlap
				Moving contig start from 1 to 100.
			Align 49: 217320 227971 k99_108_flag_0_multi_45.5678_len_10751 100 10751
				Negative gap (overlap) between this and next alignment: 227971 to 227904 (-67 bp)
				Next Alignment: 227904 238749 k99_296_flag_0_multi_44.5960_len_10846 10846 1

			Previous gap was negative, modifying coordinates to ignore overlap
				Moving contig start from 10846 to 10778.
			Align 50: 227972 238749 k99_296_flag_0_multi_44.5960_len_10846 10778 1
				Negative gap (overlap) between this and next alignment: 238749 to 238658 (-91 bp)
				Next Alignment: 238658 239368 k99_21_flag_0_multi_46.4471_len_7133 7133 6423

			Previous gap was negative, modifying coordinates to ignore overlap
				Moving contig start from 7133 to 7041.
			Align 51: 238750 239368 k99_21_flag_0_multi_46.4471_len_7133 7041 6423
				Negative gap (overlap) between this and next alignment: 239368 to 238658 (-710 bp)
				Next Alignment: 238658 246777 k99_229_flag_0_multi_43.0098_len_8120 8120 1

			Previous gap was negative, modifying coordinates to ignore overlap
				Moving contig start from 8120 to 7409.
			Align 52: 239369 246777 k99_229_flag_0_multi_43.0098_len_8120 7409 1
				Negative gap (overlap) between this and next alignment: 246777 to 246698 (-79 bp)
				Next Alignment: 246698 250575 k99_301_flag_0_multi_56.1749_len_3878 3878 1

			Previous gap was negative, modifying coordinates to ignore overlap
				Moving contig start from 3878 to 3798.
			Align 53: 246778 250575 k99_301_flag_0_multi_56.1749_len_3878 3798 1
				Negative gap (overlap) between this and next alignment: 250575 to 250521 (-54 bp)
				Next Alignment: 250521 256227 k99_168_flag_0_multi_45.2748_len_5707 5707 1

			Previous gap was negative, modifying coordinates to ignore overlap
				Moving contig start from 5707 to 5652.
			Align 54: 250576 256227 k99_168_flag_0_multi_45.2748_len_5707 5652 1
				Negative gap (overlap) between this and next alignment: 256227 to 256130 (-97 bp)
				Next Alignment: 256130 264901 k99_78_flag_0_multi_43.4773_len_8772 8772 1

			Previous gap was negative, modifying coordinates to ignore overlap
				Moving contig start from 8772 to 8674.
			Align 55: 256228 264901 k99_78_flag_0_multi_43.4773_len_8772 8674 1
				The next alignment (256130 256869 k99_138_flag_0_multi_46.7337_len_6794 6794 6055) is redundant. Skipping.
				Negative gap (overlap) between this and next alignment: 264901 to 264816 (-85 bp)
				Next Alignment: 264816 265891 k99_188_flag_0_multi_38.8291_len_1076 1 1076

			Previous gap was negative, modifying coordinates to ignore overlap
				Moving contig start from 1 to 87.
			Align 57: 264902 265891 k99_188_flag_0_multi_38.8291_len_1076 87 1076
				Negative gap (overlap) between this and next alignment: 265891 to 265803 (-88 bp)
				Next Alignment: 265803 270107 k99_122_flag_0_multi_55.0659_len_4305 4305 1

			Previous gap was negative, modifying coordinates to ignore overlap
				Moving contig start from 4305 to 4216.
			Align 58: 265892 270107 k99_122_flag_0_multi_55.0659_len_4305 4216 1
				Negative gap (overlap) between this and next alignment: 270107 to 270020 (-87 bp)
				Next Alignment: 270020 273436 k99_284_flag_0_multi_51.0226_len_3417 3417 1

			Previous gap was negative, modifying coordinates to ignore overlap
				Moving contig start from 3417 to 3329.
			Align 59: 270108 273436 k99_284_flag_0_multi_51.0226_len_3417 3329 1
				Negative gap (overlap) between this and next alignment: 273436 to 273343 (-93 bp)
				Next Alignment: 273343 275537 k99_251_flag_0_multi_54.0773_len_2195 1 2195

			Previous gap was negative, modifying coordinates to ignore overlap
				Moving contig start from 1 to 95.
			Align 60: 273437 275537 k99_251_flag_0_multi_54.0773_len_2195 95 2195
				Negative gap (overlap) between this and next alignment: 275537 to 275449 (-88 bp)
				Next Alignment: 275449 279640 k99_244_flag_0_multi_47.9631_len_4192 4192 1

			Previous gap was negative, modifying coordinates to ignore overlap
				Moving contig start from 4192 to 4103.
			Align 61: 275538 279640 k99_244_flag_0_multi_47.9631_len_4192 4103 1
				Gap between this and next alignment: 279640 to 279792 (151 bp)
				Next Alignment: 279792 300271 k99_256_flag_0_multi_47.7472_len_20480 1 20480

			Align 62: 279792 300271 k99_256_flag_0_multi_47.7472_len_20480 1 20480
				Negative gap (overlap) between this and next alignment: 300271 to 300178 (-93 bp)
				Next Alignment: 300178 300602 k99_28_flag_0_multi_48.5118_len_7049 1 425

			Previous gap was negative, modifying coordinates to ignore overlap
				Moving contig start from 1 to 95.
			Align 63: 300272 300602 k99_28_flag_0_multi_48.5118_len_7049 95 425
				Negative gap (overlap) between this and next alignment: 300602 to 300178 (-424 bp)
				Next Alignment: 300178 306335 k99_52_flag_0_multi_51.5399_len_6158 6158 1

			Previous gap was negative, modifying coordinates to ignore overlap
				Moving contig start from 6158 to 5733.
			Align 64: 300603 306335 k99_52_flag_0_multi_51.5399_len_6158 5733 1
				Negative gap (overlap) between this and next alignment: 306335 to 306239 (-96 bp)
				Next Alignment: 306239 312152 k99_19_flag_0_multi_40.8069_len_5914 1 5914

			Previous gap was negative, modifying coordinates to ignore overlap
				Moving contig start from 1 to 98.
			Align 65: 306336 312152 k99_19_flag_0_multi_40.8069_len_5914 98 5914
				Negative gap (overlap) between this and next alignment: 312152 to 312094 (-58 bp)
				Next Alignment: 312094 320466 k99_238_flag_0_multi_47.8031_len_8373 1 8373

			Previous gap was negative, modifying coordinates to ignore overlap
				Moving contig start from 1 to 60.
			Align 66: 312153 320466 k99_238_flag_0_multi_47.8031_len_8373 60 8373
				Negative gap (overlap) between this and next alignment: 320466 to 320418 (-48 bp)
				Next Alignment: 320418 328764 k99_15_flag_0_multi_52.6965_len_8347 8347 1

			Previous gap was negative, modifying coordinates to ignore overlap
				Moving contig start from 8347 to 8298.
			Align 67: 320467 328764 k99_15_flag_0_multi_52.6965_len_8347 8298 1
				Negative gap (overlap) between this and next alignment: 328764 to 328693 (-71 bp)
				Next Alignment: 328693 335805 k99_144_flag_0_multi_49.3916_len_7113 7113 1

			Previous gap was negative, modifying coordinates to ignore overlap
				Moving contig start from 7113 to 7041.
			Align 68: 328765 335805 k99_144_flag_0_multi_49.3916_len_7113 7041 1
				Negative gap (overlap) between this and next alignment: 335805 to 335725 (-80 bp)
				Next Alignment: 335725 337865 k99_30_flag_0_multi_52.6528_len_2141 1 2141

			Previous gap was negative, modifying coordinates to ignore overlap
				Moving contig start from 1 to 82.
			Align 69: 335806 337865 k99_30_flag_0_multi_52.6528_len_2141 82 2141
				The next alignment (335725 337865 k99_50_flag_0_multi_46.5470_len_2141 1 2141) is redundant. Skipping.
				Negative gap (overlap) between this and next alignment: 337865 to 337772 (-93 bp)
				Next Alignment: 337772 341494 k99_161_flag_0_multi_48.6015_len_3723 3723 1

			Previous gap was negative, modifying coordinates to ignore overlap
				Moving contig start from 3723 to 3629.
			Align 71: 337866 341494 k99_161_flag_0_multi_48.6015_len_3723 3629 1
				Negative gap (overlap) between this and next alignment: 341494 to 341413 (-81 bp)
				Next Alignment: 341413 342012 k99_147_flag_0_multi_65.0719_len_600 1 600

			Previous gap was negative, modifying coordinates to ignore overlap
				Moving contig start from 1 to 83.
			Align 72: 341495 342012 k99_147_flag_0_multi_65.0719_len_600 83 600
				The next alignment (341413 342012 k99_160_flag_0_multi_43.9222_len_600 1 600) is redundant. Skipping.
				Negative gap (overlap) between this and next alignment: 342012 to 341931 (-81 bp)
				Next Alignment: 341931 356120 k99_263_flag_0_multi_49.2993_len_14190 1 14190

			Previous gap was negative, modifying coordinates to ignore overlap
				Moving contig start from 1 to 83.
			Align 74: 342013 356120 k99_263_flag_0_multi_49.2993_len_14190 83 14190
				Negative gap (overlap) between this and next alignment: 356120 to 356041 (-79 bp)
				Next Alignment: 356041 357585 k99_79_flag_0_multi_49.7656_len_1545 1 1545

			Previous gap was negative, modifying coordinates to ignore overlap
				Moving contig start from 1 to 81.
			Align 75: 356121 357585 k99_79_flag_0_multi_49.7656_len_1545 81 1545
				The next alignment (356041 357585 k99_118_flag_0_multi_33.9737_len_1545 1 1545) is redundant. Skipping.
				Negative gap (overlap) between this and next alignment: 357585 to 357498 (-87 bp)
				Next Alignment: 357498 360047 k99_294_flag_0_multi_46.6585_len_2550 1 2550

			Previous gap was negative, modifying coordinates to ignore overlap
				Moving contig start from 1 to 89.
			Align 77: 357586 360047 k99_294_flag_0_multi_46.6585_len_2550 89 2550
				Negative gap (overlap) between this and next alignment: 360047 to 359967 (-80 bp)
				Next Alignment: 359967 363498 k99_253_flag_0_multi_47.6210_len_3532 3532 1

			Previous gap was negative, modifying coordinates to ignore overlap
				Moving contig start from 3532 to 3451.
			Align 78: 360048 363498 k99_253_flag_0_multi_47.6210_len_3532 3451 1
				Negative gap (overlap) between this and next alignment: 363498 to 363466 (-32 bp)
				Next Alignment: 363466 364773 k99_285_flag_0_multi_36.4806_len_1308 1 1308

			Previous gap was negative, modifying coordinates to ignore overlap
				Moving contig start from 1 to 34.
			Align 79: 363499 364773 k99_285_flag_0_multi_36.4806_len_1308 34 1308
				Negative gap (overlap) between this and next alignment: 364773 to 364693 (-80 bp)
				Next Alignment: 364693 365585 k99_106_flag_0_multi_34.0214_len_893 1 893

			Previous gap was negative, modifying coordinates to ignore overlap
				Moving contig start from 1 to 82.
			Align 80: 364774 365585 k99_106_flag_0_multi_34.0214_len_893 82 893
				Negative gap (overlap) between this and next alignment: 365585 to 364693 (-892 bp)
				Next Alignment: 364693 365641 k99_199_flag_0_multi_35.6365_len_949 1 949

			Previous gap was negative, modifying coordinates to ignore overlap
				Moving contig start from 1 to 894.
			Align 81: 365586 365641 k99_199_flag_0_multi_35.6365_len_949 894 949
				Negative gap (overlap) between this and next alignment: 365641 to 365543 (-98 bp)
				Next Alignment: 365543 369000 k99_178_flag_0_multi_50.0512_len_3458 3458 1

			Previous gap was negative, modifying coordinates to ignore overlap
				Moving contig start from 3458 to 3359.
			Align 82: 365642 369000 k99_178_flag_0_multi_50.0512_len_3458 3359 1
				Negative gap (overlap) between this and next alignment: 369000 to 368906 (-94 bp)
				Next Alignment: 368906 375876 k99_175_flag_0_multi_48.8057_len_6971 1 6971

			Previous gap was negative, modifying coordinates to ignore overlap
				Moving contig start from 1 to 96.
			Align 83: 369001 375876 k99_175_flag_0_multi_48.8057_len_6971 96 6971
				Negative gap (overlap) between this and next alignment: 375876 to 375781 (-95 bp)
				Next Alignment: 375781 376770 k99_250_flag_0_multi_51.4366_len_990 990 1

			Previous gap was negative, modifying coordinates to ignore overlap
				Moving contig start from 990 to 894.
			Align 84: 375877 376770 k99_250_flag_0_multi_51.4366_len_990 894 1
				The next alignment (376595 376770 k99_101_flag_0_multi_45.8190_len_6214 6039 6214) is redundant. Skipping.
				Negative gap (overlap) between this and next alignment: 376770 to 376674 (-96 bp)
				Next Alignment: 376674 381900 k99_264_flag_0_multi_47.8023_len_5227 1 5227

			Previous gap was negative, modifying coordinates to ignore overlap
				Moving contig start from 1 to 98.
			Align 86: 376771 381900 k99_264_flag_0_multi_47.8023_len_5227 98 5227
				Negative gap (overlap) between this and next alignment: 381900 to 381824 (-76 bp)
				Next Alignment: 381824 385056 k99_267_flag_0_multi_45.0102_len_3233 1 3233

			Previous gap was negative, modifying coordinates to ignore overlap
				Moving contig start from 1 to 78.
			Align 87: 381901 385056 k99_267_flag_0_multi_45.0102_len_3233 78 3233
				Negative gap (overlap) between this and next alignment: 385056 to 384974 (-82 bp)
				Next Alignment: 384974 389064 k99_90_flag_0_multi_49.8955_len_4091 4091 1

			Previous gap was negative, modifying coordinates to ignore overlap
				Moving contig start from 4091 to 4008.
			Align 88: 385057 389064 k99_90_flag_0_multi_49.8955_len_4091 4008 1
				Negative gap (overlap) between this and next alignment: 389064 to 389036 (-28 bp)
				Next Alignment: 389036 398186 k99_208_flag_0_multi_47.0089_len_9151 1 9151

			Previous gap was negative, modifying coordinates to ignore overlap
				Moving contig start from 1 to 30.
			Align 89: 389065 398186 k99_208_flag_0_multi_47.0089_len_9151 30 9151
				Negative gap (overlap) between this and next alignment: 398186 to 398101 (-85 bp)
				Next Alignment: 398101 410847 k99_70_flag_0_multi_43.5737_len_12747 12747 1

			Previous gap was negative, modifying coordinates to ignore overlap
				Moving contig start from 12747 to 12661.
			Align 90: 398187 410847 k99_70_flag_0_multi_43.5737_len_12747 12661 1
				Negative gap (overlap) between this and next alignment: 410847 to 410768 (-79 bp)
				Next Alignment: 410768 411467 k99_56_flag_0_multi_52.9983_len_700 1 700

			Previous gap was negative, modifying coordinates to ignore overlap
				Moving contig start from 1 to 81.
			Align 91: 410848 411467 k99_56_flag_0_multi_52.9983_len_700 81 700
				Negative gap (overlap) between this and next alignment: 411467 to 411369 (-98 bp)
				Next Alignment: 411369 417111 k99_321_flag_0_multi_48.7355_len_5743 1 5743

			Previous gap was negative, modifying coordinates to ignore overlap
				Moving contig start from 1 to 100.
			Align 92: 411468 417111 k99_321_flag_0_multi_48.7355_len_5743 100 5743
				The next alignment (416556 417111 k99_220_flag_0_multi_52.6102_len_4607 4052 4607) is redundant. Skipping.
				Negative gap (overlap) between this and next alignment: 417111 to 417025 (-86 bp)
				Next Alignment: 417025 418846 k99_328_flag_0_multi_54.0006_len_4922 1 1822

			Previous gap was negative, modifying coordinates to ignore overlap
				Moving contig start from 1 to 88.
			Align 94: 417112 418846 k99_328_flag_0_multi_54.0006_len_4922 88 1822
				Negative gap (overlap) between this and next alignment: 418846 to 417025 (-1821 bp)
				Next Alignment: 417025 424678 k99_133_flag_0_multi_48.4835_len_7654 1 7654

			Previous gap was negative, modifying coordinates to ignore overlap
				Moving contig start from 1 to 1823.
			Align 95: 418847 424678 k99_133_flag_0_multi_48.4835_len_7654 1823 7654
				Negative gap (overlap) between this and next alignment: 424678 to 424604 (-74 bp)
				Next Alignment: 424604 426021 k99_111_flag_0_multi_55.3336_len_1418 1418 1

			Previous gap was negative, modifying coordinates to ignore overlap
				Moving contig start from 1418 to 1343.
			Align 96: 424679 426021 k99_111_flag_0_multi_55.3336_len_1418 1343 1
				Negative gap (overlap) between this and next alignment: 426021 to 425923 (-98 bp)
				Next Alignment: 425923 427783 k99_191_flag_0_multi_56.2815_len_1861 1861 1

			Previous gap was negative, modifying coordinates to ignore overlap
				Moving contig start from 1861 to 1762.
			Align 97: 426022 427783 k99_191_flag_0_multi_56.2815_len_1861 1762 1
				Gap between this and next alignment: 427783 to 428076 (292 bp)
				Next Alignment: 428076 432763 k99_333_flag_0_multi_47.0458_len_4688 1 4688

			Align 98: 428076 432763 k99_333_flag_0_multi_47.0458_len_4688 1 4688
				Negative gap (overlap) between this and next alignment: 432763 to 432716 (-47 bp)
				Next Alignment: 432716 435201 k99_34_flag_0_multi_46.4726_len_2486 1 2486

			Previous gap was negative, modifying coordinates to ignore overlap
				Moving contig start from 1 to 49.
			Align 99: 432764 435201 k99_34_flag_0_multi_46.4726_len_2486 49 2486
				Gap between this and next alignment: 435201 to 435266 (64 bp)
				Next Alignment: 435266 438270 k99_186_flag_0_multi_51.5895_len_3005 1 3005

			Align 100: 435266 438270 k99_186_flag_0_multi_51.5895_len_3005 1 3005
				The next alignment (435266 438270 k99_201_flag_0_multi_47.1930_len_3005 1 3005) is redundant. Skipping.
				Negative gap (overlap) between this and next alignment: 438270 to 438175 (-95 bp)
				Next Alignment: 438175 445528 k99_112_flag_0_multi_45.8877_len_7354 1 7354

			Previous gap was negative, modifying coordinates to ignore overlap
				Moving contig start from 1 to 97.
			Align 102: 438271 445528 k99_112_flag_0_multi_45.8877_len_7354 97 7354
				Negative gap (overlap) between this and next alignment: 445528 to 445436 (-92 bp)
				Next Alignment: 445436 450592 k99_120_flag_0_multi_45.9227_len_5157 1 5157

			Previous gap was negative, modifying coordinates to ignore overlap
				Moving contig start from 1 to 94.
			Align 103: 445529 450592 k99_120_flag_0_multi_45.9227_len_5157 94 5157
				Negative gap (overlap) between this and next alignment: 450592 to 450518 (-74 bp)
				Next Alignment: 450518 451266 k99_317_flag_0_multi_50.7292_len_749 749 1

			Previous gap was negative, modifying coordinates to ignore overlap
				Moving contig start from 749 to 674.
			Align 104: 450593 451266 k99_317_flag_0_multi_50.7292_len_749 674 1
				Negative gap (overlap) between this and next alignment: 451266 to 451172 (-94 bp)
				Next Alignment: 451172 461612 k99_271_flag_0_multi_50.8556_len_10441 10441 1

			Previous gap was negative, modifying coordinates to ignore overlap
				Moving contig start from 10441 to 10346.
			Align 105: 451267 461612 k99_271_flag_0_multi_50.8556_len_10441 10346 1
				Negative gap (overlap) between this and next alignment: 461612 to 461519 (-93 bp)
				Next Alignment: 461519 469140 k99_255_flag_0_multi_50.0561_len_7622 7622 1

			Previous gap was negative, modifying coordinates to ignore overlap
				Moving contig start from 7622 to 7528.
			Align 106: 461613 469140 k99_255_flag_0_multi_50.0561_len_7622 7528 1
				Negative gap (overlap) between this and next alignment: 469140 to 469071 (-69 bp)
				Next Alignment: 469071 472145 k99_270_flag_0_multi_44.5612_len_3075 3075 1

			Previous gap was negative, modifying coordinates to ignore overlap
				Moving contig start from 3075 to 3005.
			Align 107: 469141 472145 k99_270_flag_0_multi_44.5612_len_3075 3005 1
				The next alignment (471458 472145 k99_240_flag_0_multi_44.8110_len_12590 688 1) is redundant. Skipping.
				Negative gap (overlap) between this and next alignment: 472145 to 472053 (-92 bp)
				Next Alignment: 472053 474986 k99_35_flag_0_multi_49.1633_len_2934 1 2934

			Previous gap was negative, modifying coordinates to ignore overlap
				Moving contig start from 1 to 94.
			Align 109: 472146 474986 k99_35_flag_0_multi_49.1633_len_2934 94 2934
				Negative gap (overlap) between this and next alignment: 474986 to 474888 (-98 bp)
				Next Alignment: 474888 481555 k99_197_flag_0_multi_44.7004_len_6668 1 6668

			Previous gap was negative, modifying coordinates to ignore overlap
				Moving contig start from 1 to 100.
			Align 110: 474987 481555 k99_197_flag_0_multi_44.7004_len_6668 100 6668
				Negative gap (overlap) between this and next alignment: 481555 to 481474 (-81 bp)
				Next Alignment: 481474 484934 k99_130_flag_0_multi_48.0943_len_3461 1 3461

			Previous gap was negative, modifying coordinates to ignore overlap
				Moving contig start from 1 to 83.
			Align 111: 481556 484934 k99_130_flag_0_multi_48.0943_len_3461 83 3461
				Negative gap (overlap) between this and next alignment: 484934 to 484846 (-88 bp)
				Next Alignment: 484846 489141 k99_60_flag_0_multi_50.6609_len_4296 4296 1

			Previous gap was negative, modifying coordinates to ignore overlap
				Moving contig start from 4296 to 4207.
			Align 112: 484935 489141 k99_60_flag_0_multi_50.6609_len_4296 4207 1
				The next alignment (484846 485434 k99_114_flag_0_multi_42.4871_len_8699 8699 8111) is redundant. Skipping.
				Gap between this and next alignment: 489141 to 489366 (224 bp)
				Next Alignment: 489366 490113 k99_136_flag_0_multi_55.2743_len_748 748 1

			Align 114: 489366 490113 k99_136_flag_0_multi_55.2743_len_748 748 1
				The next alignment (489366 490113 k99_135_flag_0_multi_29.0324_len_748 748 1) is redundant. Skipping.
				Negative gap (overlap) between this and next alignment: 490113 to 490039 (-74 bp)
				Next Alignment: 490039 490287 k99_286_flag_0_multi_55.1342_len_2827 1 249

			Previous gap was negative, modifying coordinates to ignore overlap
				Moving contig start from 1 to 76.
			Align 116: 490114 490287 k99_286_flag_0_multi_55.1342_len_2827 76 249
				Negative gap (overlap) between this and next alignment: 490287 to 490039 (-248 bp)
				Next Alignment: 490039 494521 k99_98_flag_0_multi_52.0917_len_4483 4483 1

			Previous gap was negative, modifying coordinates to ignore overlap
				Moving contig start from 4483 to 4234.
			Align 117: 490288 494521 k99_98_flag_0_multi_52.0917_len_4483 4234 1
				Negative gap (overlap) between this and next alignment: 494521 to 494427 (-94 bp)
				Next Alignment: 494427 500106 k99_176_flag_0_multi_49.9170_len_5680 5680 1

			Previous gap was negative, modifying coordinates to ignore overlap
				Moving contig start from 5680 to 5585.
			Align 118: 494522 500106 k99_176_flag_0_multi_49.9170_len_5680 5585 1
				The next alignment (499167 500106 k99_18_flag_0_multi_45.4275_len_1912 940 1) is redundant. Skipping.
				Negative gap (overlap) between this and next alignment: 500106 to 500035 (-71 bp)
				Next Alignment: 500035 508793 k99_304_flag_0_multi_46.2104_len_8759 8759 1

			Previous gap was negative, modifying coordinates to ignore overlap
				Moving contig start from 8759 to 8687.
			Align 120: 500107 508793 k99_304_flag_0_multi_46.2104_len_8759 8687 1
				Negative gap (overlap) between this and next alignment: 508793 to 508723 (-70 bp)
				Next Alignment: 508723 511129 k99_207_flag_0_multi_49.1768_len_2407 1 2407

			Previous gap was negative, modifying coordinates to ignore overlap
				Moving contig start from 1 to 72.
			Align 121: 508794 511129 k99_207_flag_0_multi_49.1768_len_2407 72 2407
				Gap between this and next alignment: 511129 to 511417 (287 bp)
				Next Alignment: 511417 517457 k99_196_flag_0_multi_45.4152_len_6041 1 6041

			Align 122: 511417 517457 k99_196_flag_0_multi_45.4152_len_6041 1 6041
				Negative gap (overlap) between this and next alignment: 517457 to 517359 (-98 bp)
				Next Alignment: 517359 524218 k99_154_flag_0_multi_48.7907_len_6860 1 6860

			Previous gap was negative, modifying coordinates to ignore overlap
				Moving contig start from 1 to 100.
			Align 123: 517458 524218 k99_154_flag_0_multi_48.7907_len_6860 100 6860
				Negative gap (overlap) between this and next alignment: 524218 to 524130 (-88 bp)
				Next Alignment: 524130 524886 k99_243_flag_0_multi_48.3495_len_757 757 1

			Previous gap was negative, modifying coordinates to ignore overlap
				Moving contig start from 757 to 668.
			Align 124: 524219 524886 k99_243_flag_0_multi_48.3495_len_757 668 1
				Negative gap (overlap) between this and next alignment: 524886 to 524818 (-68 bp)
				Next Alignment: 524818 528961 k99_228_flag_0_multi_50.0759_len_4144 4144 1

			Previous gap was negative, modifying coordinates to ignore overlap
				Moving contig start from 4144 to 4075.
			Align 125: 524887 528961 k99_228_flag_0_multi_50.0759_len_4144 4075 1
				The next alignment (524818 526415 k99_165_flag_0_multi_46.6899_len_4139 4139 2542) is redundant. Skipping.
				Negative gap (overlap) between this and next alignment: 528961 to 528868 (-93 bp)
				Next Alignment: 528868 531796 k99_157_flag_0_multi_46.2640_len_2929 1 2929

			Previous gap was negative, modifying coordinates to ignore overlap
				Moving contig start from 1 to 95.
			Align 127: 528962 531796 k99_157_flag_0_multi_46.2640_len_2929 95 2929
				Negative gap (overlap) between this and next alignment: 531796 to 531717 (-79 bp)
				Next Alignment: 531717 532507 k99_173_flag_0_multi_55.6460_len_791 1 791

			Previous gap was negative, modifying coordinates to ignore overlap
				Moving contig start from 1 to 81.
			Align 128: 531797 532507 k99_173_flag_0_multi_55.6460_len_791 81 791
				The next alignment (531717 532507 k99_180_flag_0_multi_32.8353_len_791 1 791) is redundant. Skipping.
				Negative gap (overlap) between this and next alignment: 532507 to 532431 (-76 bp)
				Next Alignment: 532431 534971 k99_165_flag_0_multi_46.6899_len_4139 1 2541

			Previous gap was negative, modifying coordinates to ignore overlap
				Moving contig start from 1 to 78.
			Align 130: 532508 534971 k99_165_flag_0_multi_46.6899_len_4139 78 2541
				Negative gap (overlap) between this and next alignment: 534971 to 532431 (-2540 bp)
				Next Alignment: 532431 535439 k99_137_flag_0_multi_52.3333_len_3009 1 3009

			Previous gap was negative, modifying coordinates to ignore overlap
				Moving contig start from 1 to 2542.
			Align 131: 534972 535439 k99_137_flag_0_multi_52.3333_len_3009 2542 3009
				Negative gap (overlap) between this and next alignment: 535439 to 535341 (-98 bp)
				Next Alignment: 535341 541064 k99_332_flag_0_multi_52.9412_len_5724 1 5724

			Previous gap was negative, modifying coordinates to ignore overlap
				Moving contig start from 1 to 100.
			Align 132: 535440 541064 k99_332_flag_0_multi_52.9412_len_5724 100 5724
				Negative gap (overlap) between this and next alignment: 541064 to 541002 (-62 bp)
				Next Alignment: 541002 548002 k99_258_flag_0_multi_46.0678_len_7001 7001 1

			Previous gap was negative, modifying coordinates to ignore overlap
				Moving contig start from 7001 to 6938.
			Align 133: 541065 548002 k99_258_flag_0_multi_46.0678_len_7001 6938 1
				Negative gap (overlap) between this and next alignment: 548002 to 547907 (-95 bp)
				Next Alignment: 547907 585347 k99_318_flag_0_multi_45.9695_len_37441 1 37441

			Previous gap was negative, modifying coordinates to ignore overlap
				Moving contig start from 1 to 97.
			Align 134: 548003 585347 k99_318_flag_0_multi_45.9695_len_37441 97 37441
				Negative gap (overlap) between this and next alignment: 585347 to 585289 (-58 bp)
				Next Alignment: 585289 591975 k99_44_flag_0_multi_44.2974_len_6687 6687 1

			Previous gap was negative, modifying coordinates to ignore overlap
				Moving contig start from 6687 to 6628.
			Align 135: 585348 591975 k99_44_flag_0_multi_44.2974_len_6687 6628 1
				Negative gap (overlap) between this and next alignment: 591975 to 591878 (-97 bp)
				Next Alignment: 591878 616946 k99_257_flag_0_multi_46.3807_len_25069 25069 1

			Previous gap was negative, modifying coordinates to ignore overlap
				Moving contig start from 25069 to 24971.
			Align 136: 591976 616946 k99_257_flag_0_multi_46.3807_len_25069 24971 1
				Negative gap (overlap) between this and next alignment: 616946 to 616896 (-50 bp)
				Next Alignment: 616896 628515 k99_158_flag_0_multi_45.7817_len_11620 11620 1

			Previous gap was negative, modifying coordinates to ignore overlap
				Moving contig start from 11620 to 11569.
			Align 137: 616947 628515 k99_158_flag_0_multi_45.7817_len_11620 11569 1
				Negative gap (overlap) between this and next alignment: 628515 to 628418 (-97 bp)
				Next Alignment: 628418 629151 k99_262_flag_0_multi_48.6457_len_734 1 734

			Previous gap was negative, modifying coordinates to ignore overlap
				Moving contig start from 1 to 99.
			Align 138: 628516 629151 k99_262_flag_0_multi_48.6457_len_734 99 734
				The next alignment (628418 629151 k99_260_flag_0_multi_53.0205_len_734 1 734) is redundant. Skipping.
				Negative gap (overlap) between this and next alignment: 629151 to 629109 (-42 bp)
				Next Alignment: 629109 633409 k99_287_flag_0_multi_46.1899_len_4301 1 4301

			Previous gap was negative, modifying coordinates to ignore overlap
				Moving contig start from 1 to 44.
			Align 140: 629152 633409 k99_287_flag_0_multi_46.1899_len_4301 44 4301
				Negative gap (overlap) between this and next alignment: 633409 to 633311 (-98 bp)
				Next Alignment: 633311 641799 k99_119_flag_0_multi_47.3336_len_8489 8489 1

			Previous gap was negative, modifying coordinates to ignore overlap
				Moving contig start from 8489 to 8390.
			Align 141: 633410 641799 k99_119_flag_0_multi_47.3336_len_8489 8390 1
			END in current alignment.  Modifying 641799 to 641799.

Analysis is finished!
Founded SNPs were written into /vol/cami-scratch/Simpipeline/iTol_genomes/Buchnera_aphidicola_Acyrthosiphon_pisum_0925/quast_strain/Buchnera_aphidicola_Acyrthosiphon_pisum_ancestor_quast_output/contigs_reports/nucmer_output/final.contigs.used_snps

Results:
	Local Misassemblies: 0
	Misassemblies: 1
		Relocations: 1
		Translocations: 0
		Inversions: 0
	Misassembled Contigs: 1
	Misassembled Contig Bases: 4139
	Misassemblies Inter-Contig Overlap: 0
Uncovered Regions: 0 (0)
Unaligned Contigs: 76 + 17 part
Partially Unaligned Contigs with Misassemblies: 0
Unaligned Contig Bases: 614922

Ambiguously Mapped Contigs: 0
Total Bases in Ambiguously Mapped Contigs: 0
Note that --allow-ambiguity option was set to "one" and only first alignment per each contig was used.

	Covered Bases: 639736

	SNPs: 913
	Insertions: 1
	Deletions: 1

	Positive Gaps: 10
		Internal Gaps:  0
		External Gaps:  10
		External Gap Total:  2063
		External Gap Average: 206
	Negative Gaps: 107
		Internal Overlaps:  0
		External Overlaps:  107
		External Overlaps Total: -16342
		External Overlaps Average: -153
	Contigs with Redundant Alignments: 24 (23115)
