Aligning contigs to reference...
	Running Nucmer
Parsing coords...
Loading reference...
	Loaded [e_coli_k12_gi_556503834_ref_NC_]
Loading SNPs...
Loading regions...
	No regions given, using whole reference.
	Total Regions: 1
	Total Region Length: 4641652
Analyzing contigs...
CONTIG: k99_5_flag_1_multi_2.0000_len_573 (573bp)
Top Length: 573  Top ID: 100.0
		One align captures most of this contig: 2090272 2090844 | 1 573 | 573 573 | 100.0 | e_coli_k12_gi_556503834_ref_NC_ k99_5_flag_1_multi_2.0000_len_573

CONTIG: k99_8_flag_1_multi_2.0000_len_586 (586bp)
Top Length: 586  Top ID: 100.0
		One align captures most of this contig: 3873919 3874504 | 586 1 | 586 586 | 100.0 | e_coli_k12_gi_556503834_ref_NC_ k99_8_flag_1_multi_2.0000_len_586

CONTIG: k99_10_flag_1_multi_3.0000_len_591 (591bp)
Top Length: 591  Top ID: 100.0
		One align captures most of this contig: 1161618 1162208 | 591 1 | 591 591 | 100.0 | e_coli_k12_gi_556503834_ref_NC_ k99_10_flag_1_multi_3.0000_len_591

CONTIG: k99_11_flag_1_multi_2.0000_len_630 (630bp)
Top Length: 630  Top ID: 100.0
		One align captures most of this contig: 1145269 1145898 | 1 630 | 630 630 | 100.0 | e_coli_k12_gi_556503834_ref_NC_ k99_11_flag_1_multi_2.0000_len_630

CONTIG: k99_12_flag_1_multi_2.0000_len_931 (931bp)
Top Length: 931  Top ID: 100.0
		One align captures most of this contig: 4622516 4623446 | 931 1 | 931 931 | 100.0 | e_coli_k12_gi_556503834_ref_NC_ k99_12_flag_1_multi_2.0000_len_931

CONTIG: k99_13_flag_1_multi_2.0000_len_516 (516bp)
Top Length: 516  Top ID: 100.0
		One align captures most of this contig: 633319 633834 | 1 516 | 516 516 | 100.0 | e_coli_k12_gi_556503834_ref_NC_ k99_13_flag_1_multi_2.0000_len_516

CONTIG: k99_16_flag_1_multi_2.0000_len_515 (515bp)
Top Length: 515  Top ID: 100.0
		One align captures most of this contig: 3307659 3308173 | 515 1 | 515 515 | 100.0 | e_coli_k12_gi_556503834_ref_NC_ k99_16_flag_1_multi_2.0000_len_515

CONTIG: k99_18_flag_1_multi_2.0000_len_569 (569bp)
Top Length: 569  Top ID: 100.0
		One align captures most of this contig: 3939568 3940136 | 1 569 | 569 569 | 100.0 | e_coli_k12_gi_556503834_ref_NC_ k99_18_flag_1_multi_2.0000_len_569

CONTIG: k99_21_flag_1_multi_3.0000_len_550 (550bp)
Top Length: 550  Top ID: 100.0
		One align captures most of this contig: 1306148 1306697 | 550 1 | 550 550 | 100.0 | e_coli_k12_gi_556503834_ref_NC_ k99_21_flag_1_multi_3.0000_len_550

CONTIG: k99_38_flag_1_multi_2.0000_len_541 (541bp)
Top Length: 541  Top ID: 100.0
		One align captures most of this contig: 1541009 1541549 | 541 1 | 541 541 | 100.0 | e_coli_k12_gi_556503834_ref_NC_ k99_38_flag_1_multi_2.0000_len_541

CONTIG: k99_48_flag_1_multi_3.0000_len_899 (899bp)
Top Length: 899  Top ID: 100.0
		One align captures most of this contig: 3601091 3601989 | 899 1 | 899 899 | 100.0 | e_coli_k12_gi_556503834_ref_NC_ k99_48_flag_1_multi_3.0000_len_899

CONTIG: k99_49_flag_1_multi_3.0000_len_536 (536bp)
Top Length: 536  Top ID: 100.0
		One align captures most of this contig: 573887 574422 | 536 1 | 536 536 | 100.0 | e_coli_k12_gi_556503834_ref_NC_ k99_49_flag_1_multi_3.0000_len_536

CONTIG: k99_51_flag_1_multi_3.0000_len_689 (689bp)
Top Length: 689  Top ID: 100.0
		One align captures most of this contig: 3604079 3604767 | 689 1 | 689 689 | 100.0 | e_coli_k12_gi_556503834_ref_NC_ k99_51_flag_1_multi_3.0000_len_689

CONTIG: k99_53_flag_1_multi_2.0000_len_753 (753bp)
Top Length: 753  Top ID: 100.0
		One align captures most of this contig: 187624 188376 | 1 753 | 753 753 | 100.0 | e_coli_k12_gi_556503834_ref_NC_ k99_53_flag_1_multi_2.0000_len_753

CONTIG: k99_56_flag_1_multi_2.0000_len_514 (514bp)
Top Length: 514  Top ID: 100.0
		One align captures most of this contig: 1419549 1420062 | 1 514 | 514 514 | 100.0 | e_coli_k12_gi_556503834_ref_NC_ k99_56_flag_1_multi_2.0000_len_514

CONTIG: k99_68_flag_1_multi_3.0000_len_519 (519bp)
Top Length: 519  Top ID: 100.0
		One align captures most of this contig: 2062416 2062934 | 519 1 | 519 519 | 100.0 | e_coli_k12_gi_556503834_ref_NC_ k99_68_flag_1_multi_3.0000_len_519

CONTIG: k99_69_flag_1_multi_2.0000_len_509 (509bp)
Top Length: 509  Top ID: 100.0
		One align captures most of this contig: 2428444 2428952 | 509 1 | 509 509 | 100.0 | e_coli_k12_gi_556503834_ref_NC_ k99_69_flag_1_multi_2.0000_len_509

CONTIG: k99_71_flag_1_multi_2.0000_len_535 (535bp)
Top Length: 535  Top ID: 100.0
		One align captures most of this contig: 3827226 3827760 | 1 535 | 535 535 | 100.0 | e_coli_k12_gi_556503834_ref_NC_ k99_71_flag_1_multi_2.0000_len_535

CONTIG: k99_73_flag_1_multi_2.0000_len_528 (528bp)
Top Length: 528  Top ID: 100.0
		One align captures most of this contig: 7280 7807 | 1 528 | 528 528 | 100.0 | e_coli_k12_gi_556503834_ref_NC_ k99_73_flag_1_multi_2.0000_len_528

CONTIG: k99_76_flag_1_multi_2.0000_len_679 (679bp)
Top Length: 679  Top ID: 100.0
		One align captures most of this contig: 4202585 4203263 | 1 679 | 679 679 | 100.0 | e_coli_k12_gi_556503834_ref_NC_ k99_76_flag_1_multi_2.0000_len_679

CONTIG: k99_85_flag_1_multi_3.0000_len_546 (546bp)
Top Length: 546  Top ID: 100.0
		One align captures most of this contig: 2513323 2513868 | 546 1 | 546 546 | 100.0 | e_coli_k12_gi_556503834_ref_NC_ k99_85_flag_1_multi_3.0000_len_546

CONTIG: k99_92_flag_1_multi_3.0000_len_807 (807bp)
Top Length: 807  Top ID: 100.0
		One align captures most of this contig: 1171379 1172185 | 1 807 | 807 807 | 100.0 | e_coli_k12_gi_556503834_ref_NC_ k99_92_flag_1_multi_3.0000_len_807

CONTIG: k99_93_flag_1_multi_3.0000_len_566 (566bp)
Top Length: 566  Top ID: 100.0
		One align captures most of this contig: 2261665 2262230 | 1 566 | 566 566 | 100.0 | e_coli_k12_gi_556503834_ref_NC_ k99_93_flag_1_multi_3.0000_len_566

CONTIG: k99_95_flag_1_multi_2.0000_len_539 (539bp)
Top Length: 539  Top ID: 100.0
		One align captures most of this contig: 859842 860380 | 1 539 | 539 539 | 100.0 | e_coli_k12_gi_556503834_ref_NC_ k99_95_flag_1_multi_2.0000_len_539

CONTIG: k99_96_flag_1_multi_3.0000_len_620 (620bp)
Top Length: 620  Top ID: 100.0
		One align captures most of this contig: 1199185 1199804 | 1 620 | 620 620 | 100.0 | e_coli_k12_gi_556503834_ref_NC_ k99_96_flag_1_multi_3.0000_len_620

CONTIG: k99_100_flag_1_multi_2.0000_len_544 (544bp)
Top Length: 544  Top ID: 100.0
		One align captures most of this contig: 2825197 2825740 | 544 1 | 544 544 | 100.0 | e_coli_k12_gi_556503834_ref_NC_ k99_100_flag_1_multi_2.0000_len_544

CONTIG: k99_111_flag_1_multi_2.0000_len_529 (529bp)
Top Length: 529  Top ID: 100.0
		One align captures most of this contig: 3303478 3304006 | 529 1 | 529 529 | 100.0 | e_coli_k12_gi_556503834_ref_NC_ k99_111_flag_1_multi_2.0000_len_529

CONTIG: k99_119_flag_1_multi_2.0000_len_632 (632bp)
Top Length: 597  Top ID: 100.0
		This contig is partially unaligned. (Aligned 597 out of 632 bases)
		Alignment: 845759 846355 | 1 597 | 597 597 | 100.0 | e_coli_k12_gi_556503834_ref_NC_ k99_119_flag_1_multi_2.0000_len_632
		Unaligned bases: 598 to 632 (35)

CONTIG: k99_121_flag_1_multi_3.0000_len_530 (530bp)
Top Length: 530  Top ID: 100.0
		One align captures most of this contig: 982159 982688 | 1 530 | 530 530 | 100.0 | e_coli_k12_gi_556503834_ref_NC_ k99_121_flag_1_multi_3.0000_len_530

CONTIG: k99_124_flag_1_multi_2.0000_len_641 (641bp)
Top Length: 641  Top ID: 100.0
		One align captures most of this contig: 1906157 1906797 | 641 1 | 641 641 | 100.0 | e_coli_k12_gi_556503834_ref_NC_ k99_124_flag_1_multi_2.0000_len_641

CONTIG: k99_125_flag_1_multi_2.0000_len_596 (596bp)
Top Length: 596  Top ID: 100.0
		One align captures most of this contig: 4473964 4474559 | 1 596 | 596 596 | 100.0 | e_coli_k12_gi_556503834_ref_NC_ k99_125_flag_1_multi_2.0000_len_596

CONTIG: k99_126_flag_1_multi_2.0000_len_580 (580bp)
Top Length: 580  Top ID: 100.0
		One align captures most of this contig: 119533 120112 | 1 580 | 580 580 | 100.0 | e_coli_k12_gi_556503834_ref_NC_ k99_126_flag_1_multi_2.0000_len_580

CONTIG: k99_133_flag_1_multi_2.0000_len_501 (501bp)
Top Length: 501  Top ID: 100.0
		One align captures most of this contig: 3272143 3272643 | 1 501 | 501 501 | 100.0 | e_coli_k12_gi_556503834_ref_NC_ k99_133_flag_1_multi_2.0000_len_501

CONTIG: k99_137_flag_1_multi_3.0000_len_546 (546bp)
Top Length: 546  Top ID: 100.0
		One align captures most of this contig: 3090237 3090782 | 546 1 | 546 546 | 100.0 | e_coli_k12_gi_556503834_ref_NC_ k99_137_flag_1_multi_3.0000_len_546

CONTIG: k99_144_flag_1_multi_2.0000_len_534 (534bp)
Top Length: 534  Top ID: 100.0
		One align captures most of this contig: 2447980 2448513 | 1 534 | 534 534 | 100.0 | e_coli_k12_gi_556503834_ref_NC_ k99_144_flag_1_multi_2.0000_len_534

CONTIG: k99_154_flag_1_multi_2.0000_len_750 (750bp)
Top Length: 750  Top ID: 100.0
		One align captures most of this contig: 2269936 2270685 | 750 1 | 750 750 | 100.0 | e_coli_k12_gi_556503834_ref_NC_ k99_154_flag_1_multi_2.0000_len_750

CONTIG: k99_162_flag_1_multi_2.0000_len_503 (503bp)
Top Length: 503  Top ID: 100.0
		One align captures most of this contig: 1379949 1380451 | 1 503 | 503 503 | 100.0 | e_coli_k12_gi_556503834_ref_NC_ k99_162_flag_1_multi_2.0000_len_503

CONTIG: k99_166_flag_1_multi_2.0000_len_537 (537bp)
Top Length: 537  Top ID: 100.0
		One align captures most of this contig: 454326 454862 | 537 1 | 537 537 | 100.0 | e_coli_k12_gi_556503834_ref_NC_ k99_166_flag_1_multi_2.0000_len_537

CONTIG: k99_173_flag_1_multi_2.0000_len_516 (516bp)
Top Length: 516  Top ID: 100.0
		One align captures most of this contig: 911460 911975 | 1 516 | 516 516 | 100.0 | e_coli_k12_gi_556503834_ref_NC_ k99_173_flag_1_multi_2.0000_len_516

CONTIG: k99_175_flag_1_multi_3.0000_len_670 (670bp)
Top Length: 670  Top ID: 100.0
		One align captures most of this contig: 3073571 3074240 | 670 1 | 670 670 | 100.0 | e_coli_k12_gi_556503834_ref_NC_ k99_175_flag_1_multi_3.0000_len_670

CONTIG: k99_177_flag_1_multi_2.0000_len_796 (796bp)
Top Length: 796  Top ID: 100.0
		One align captures most of this contig: 4112022 4112817 | 1 796 | 796 796 | 100.0 | e_coli_k12_gi_556503834_ref_NC_ k99_177_flag_1_multi_2.0000_len_796

CONTIG: k99_179_flag_1_multi_2.0000_len_541 (541bp)
Top Length: 541  Top ID: 100.0
		One align captures most of this contig: 4574416 4574956 | 1 541 | 541 541 | 100.0 | e_coli_k12_gi_556503834_ref_NC_ k99_179_flag_1_multi_2.0000_len_541

CONTIG: k99_181_flag_1_multi_4.0000_len_1361 (1361bp)
Top Length: 1361  Top ID: 100.0
		Marking as insignificant: 15430 16742 | 1361 49 | 1313 1313 | 99.77 | e_coli_k12_gi_556503834_ref_NC_ k99_181_flag_1_multi_4.0000_len_1361
		Marking as insignificant: 2514316 2515627 | 1361 50 | 1312 1312 | 99.85 | e_coli_k12_gi_556503834_ref_NC_ k99_181_flag_1_multi_4.0000_len_1361
		One align captures most of this contig: 608050 609410 | 1361 1 | 1361 1361 | 100.0 | e_coli_k12_gi_556503834_ref_NC_ k99_181_flag_1_multi_4.0000_len_1361

CONTIG: k99_193_flag_1_multi_3.0000_len_627 (627bp)
Top Length: 627  Top ID: 100.0
		One align captures most of this contig: 3212751 3213377 | 627 1 | 627 627 | 100.0 | e_coli_k12_gi_556503834_ref_NC_ k99_193_flag_1_multi_3.0000_len_627

CONTIG: k99_202_flag_1_multi_3.0000_len_786 (786bp)
Top Length: 786  Top ID: 99.87
		Marking as insignificant: 279931 280128 | 571 767 | 198 197 | 98.48 | e_coli_k12_gi_556503834_ref_NC_ k99_202_flag_1_multi_3.0000_len_786
		Marking as insignificant: 271011 271761 | 1 751 | 751 751 | 99.73 | e_coli_k12_gi_556503834_ref_NC_ k99_202_flag_1_multi_3.0000_len_786
		Marking as insignificant: 1469766 1470516 | 1 751 | 751 751 | 99.87 | e_coli_k12_gi_556503834_ref_NC_ k99_202_flag_1_multi_3.0000_len_786
		One align captures most of this contig: 4507424 4508209 | 786 1 | 786 786 | 99.87 | e_coli_k12_gi_556503834_ref_NC_ k99_202_flag_1_multi_3.0000_len_786

CONTIG: k99_206_flag_1_multi_2.0000_len_515 (515bp)
Top Length: 515  Top ID: 100.0
		One align captures most of this contig: 1348609 1349123 | 1 515 | 515 515 | 100.0 | e_coli_k12_gi_556503834_ref_NC_ k99_206_flag_1_multi_2.0000_len_515

CONTIG: k99_207_flag_1_multi_2.0000_len_517 (517bp)
Top Length: 517  Top ID: 100.0
		One align captures most of this contig: 3409655 3410171 | 1 517 | 517 517 | 100.0 | e_coli_k12_gi_556503834_ref_NC_ k99_207_flag_1_multi_2.0000_len_517

CONTIG: k99_213_flag_1_multi_2.0000_len_1041 (1041bp)
Top Length: 1041  Top ID: 100.0
		One align captures most of this contig: 2271697 2272737 | 1041 1 | 1041 1041 | 100.0 | e_coli_k12_gi_556503834_ref_NC_ k99_213_flag_1_multi_2.0000_len_1041

CONTIG: k99_216_flag_1_multi_2.0000_len_526 (526bp)
Top Length: 526  Top ID: 100.0
		One align captures most of this contig: 3752595 3753120 | 526 1 | 526 526 | 100.0 | e_coli_k12_gi_556503834_ref_NC_ k99_216_flag_1_multi_2.0000_len_526

CONTIG: k99_218_flag_1_multi_3.0000_len_645 (645bp)
Top Length: 645  Top ID: 100.0
		One align captures most of this contig: 1941872 1942516 | 1 645 | 645 645 | 100.0 | e_coli_k12_gi_556503834_ref_NC_ k99_218_flag_1_multi_3.0000_len_645

CONTIG: k99_226_flag_1_multi_2.0000_len_642 (642bp)
Top Length: 642  Top ID: 100.0
		One align captures most of this contig: 3029075 3029716 | 642 1 | 642 642 | 100.0 | e_coli_k12_gi_556503834_ref_NC_ k99_226_flag_1_multi_2.0000_len_642

CONTIG: k99_228_flag_1_multi_2.0000_len_535 (535bp)
Top Length: 535  Top ID: 100.0
		One align captures most of this contig: 4043124 4043658 | 1 535 | 535 535 | 100.0 | e_coli_k12_gi_556503834_ref_NC_ k99_228_flag_1_multi_2.0000_len_535

CONTIG: k99_235_flag_1_multi_2.0000_len_611 (611bp)
Top Length: 611  Top ID: 100.0
		One align captures most of this contig: 3998723 3999333 | 611 1 | 611 611 | 100.0 | e_coli_k12_gi_556503834_ref_NC_ k99_235_flag_1_multi_2.0000_len_611

CONTIG: k99_237_flag_1_multi_3.0000_len_643 (643bp)
Top Length: 643  Top ID: 100.0
		One align captures most of this contig: 4523733 4524375 | 1 643 | 643 643 | 100.0 | e_coli_k12_gi_556503834_ref_NC_ k99_237_flag_1_multi_3.0000_len_643

CONTIG: k99_243_flag_1_multi_2.0000_len_575 (575bp)
Top Length: 575  Top ID: 100.0
		One align captures most of this contig: 2823529 2824103 | 575 1 | 575 575 | 100.0 | e_coli_k12_gi_556503834_ref_NC_ k99_243_flag_1_multi_2.0000_len_575

CONTIG: k99_245_flag_1_multi_2.0000_len_590 (590bp)
Top Length: 590  Top ID: 100.0
		One align captures most of this contig: 265270 265859 | 590 1 | 590 590 | 100.0 | e_coli_k12_gi_556503834_ref_NC_ k99_245_flag_1_multi_2.0000_len_590

CONTIG: k99_249_flag_1_multi_2.0000_len_637 (637bp)
Top Length: 637  Top ID: 100.0
		One align captures most of this contig: 2532686 2533322 | 1 637 | 637 637 | 100.0 | e_coli_k12_gi_556503834_ref_NC_ k99_249_flag_1_multi_2.0000_len_637

CONTIG: k99_251_flag_1_multi_2.0000_len_547 (547bp)
Top Length: 547  Top ID: 100.0
		One align captures most of this contig: 1665095 1665641 | 547 1 | 547 547 | 100.0 | e_coli_k12_gi_556503834_ref_NC_ k99_251_flag_1_multi_2.0000_len_547

CONTIG: k99_265_flag_1_multi_2.0000_len_524 (524bp)
Top Length: 524  Top ID: 100.0
		One align captures most of this contig: 3018402 3018925 | 1 524 | 524 524 | 100.0 | e_coli_k12_gi_556503834_ref_NC_ k99_265_flag_1_multi_2.0000_len_524

CONTIG: k99_271_flag_1_multi_2.0000_len_537 (537bp)
Top Length: 537  Top ID: 100.0
		One align captures most of this contig: 4065200 4065736 | 1 537 | 537 537 | 100.0 | e_coli_k12_gi_556503834_ref_NC_ k99_271_flag_1_multi_2.0000_len_537

CONTIG: k99_272_flag_1_multi_2.0000_len_543 (543bp)
Top Length: 543  Top ID: 100.0
		One align captures most of this contig: 2480152 2480694 | 543 1 | 543 543 | 100.0 | e_coli_k12_gi_556503834_ref_NC_ k99_272_flag_1_multi_2.0000_len_543

CONTIG: k99_279_flag_1_multi_2.0000_len_539 (539bp)
Top Length: 539  Top ID: 100.0
		One align captures most of this contig: 916571 917109 | 539 1 | 539 539 | 100.0 | e_coli_k12_gi_556503834_ref_NC_ k99_279_flag_1_multi_2.0000_len_539

CONTIG: k99_283_flag_1_multi_2.0000_len_513 (513bp)
Top Length: 513  Top ID: 100.0
		One align captures most of this contig: 2389849 2390361 | 1 513 | 513 513 | 100.0 | e_coli_k12_gi_556503834_ref_NC_ k99_283_flag_1_multi_2.0000_len_513

CONTIG: k99_288_flag_1_multi_3.0000_len_596 (596bp)
Top Length: 596  Top ID: 100.0
		One align captures most of this contig: 3632009 3632604 | 596 1 | 596 596 | 100.0 | e_coli_k12_gi_556503834_ref_NC_ k99_288_flag_1_multi_3.0000_len_596

CONTIG: k99_290_flag_1_multi_2.0000_len_648 (648bp)
Top Length: 648  Top ID: 100.0
		One align captures most of this contig: 2483192 2483839 | 1 648 | 648 648 | 100.0 | e_coli_k12_gi_556503834_ref_NC_ k99_290_flag_1_multi_2.0000_len_648

CONTIG: k99_303_flag_1_multi_2.0000_len_551 (551bp)
Top Length: 551  Top ID: 100.0
		One align captures most of this contig: 2714563 2715113 | 551 1 | 551 551 | 100.0 | e_coli_k12_gi_556503834_ref_NC_ k99_303_flag_1_multi_2.0000_len_551

CONTIG: k99_308_flag_1_multi_2.0000_len_650 (650bp)
Top Length: 650  Top ID: 100.0
		One align captures most of this contig: 2372585 2373234 | 650 1 | 650 650 | 100.0 | e_coli_k12_gi_556503834_ref_NC_ k99_308_flag_1_multi_2.0000_len_650

CONTIG: k99_323_flag_1_multi_3.0000_len_607 (607bp)
Top Length: 607  Top ID: 100.0
		One align captures most of this contig: 3468512 3469118 | 607 1 | 607 607 | 100.0 | e_coli_k12_gi_556503834_ref_NC_ k99_323_flag_1_multi_3.0000_len_607

CONTIG: k99_328_flag_1_multi_2.0000_len_622 (622bp)
Top Length: 622  Top ID: 100.0
		One align captures most of this contig: 3605260 3605881 | 1 622 | 622 622 | 100.0 | e_coli_k12_gi_556503834_ref_NC_ k99_328_flag_1_multi_2.0000_len_622

CONTIG: k99_337_flag_1_multi_2.0000_len_500 (500bp)
Top Length: 500  Top ID: 100.0
		One align captures most of this contig: 2146151 2146650 | 500 1 | 500 500 | 100.0 | e_coli_k12_gi_556503834_ref_NC_ k99_337_flag_1_multi_2.0000_len_500

CONTIG: k99_342_flag_1_multi_2.0000_len_535 (535bp)
Top Length: 535  Top ID: 100.0
		One align captures most of this contig: 3534923 3535457 | 1 535 | 535 535 | 100.0 | e_coli_k12_gi_556503834_ref_NC_ k99_342_flag_1_multi_2.0000_len_535

CONTIG: k99_348_flag_1_multi_2.0000_len_596 (596bp)
Top Length: 596  Top ID: 100.0
		One align captures most of this contig: 3496392 3496987 | 596 1 | 596 596 | 100.0 | e_coli_k12_gi_556503834_ref_NC_ k99_348_flag_1_multi_2.0000_len_596

CONTIG: k99_364_flag_1_multi_3.0000_len_565 (565bp)
Top Length: 565  Top ID: 100.0
		This contig has 2 significant alignments. [An ambiguously mapped contig]
		Using only first of these alignment (option --ambiguity-usage is set to "one"):
		Alignment: 1634290 1634854 | 565 1 | 565 565 | 100.0 | e_coli_k12_gi_556503834_ref_NC_ k99_364_flag_1_multi_3.0000_len_565
		Skipping alignment  1432442 1433006 | 1 565 | 565 565 | 99.82 | e_coli_k12_gi_556503834_ref_NC_ k99_364_flag_1_multi_3.0000_len_565

CONTIG: k99_366_flag_1_multi_2.0000_len_943 (943bp)
Top Length: 943  Top ID: 100.0
		One align captures most of this contig: 2613447 2614389 | 1 943 | 943 943 | 100.0 | e_coli_k12_gi_556503834_ref_NC_ k99_366_flag_1_multi_2.0000_len_943

CONTIG: k99_367_flag_1_multi_3.0000_len_510 (510bp)
Top Length: 510  Top ID: 100.0
		One align captures most of this contig: 3778620 3779129 | 510 1 | 510 510 | 100.0 | e_coli_k12_gi_556503834_ref_NC_ k99_367_flag_1_multi_3.0000_len_510

CONTIG: k99_375_flag_1_multi_2.0000_len_537 (537bp)
Top Length: 537  Top ID: 100.0
		One align captures most of this contig: 2855230 2855766 | 1 537 | 537 537 | 100.0 | e_coli_k12_gi_556503834_ref_NC_ k99_375_flag_1_multi_2.0000_len_537

CONTIG: k99_398_flag_1_multi_2.0000_len_509 (509bp)
Top Length: 509  Top ID: 100.0
		One align captures most of this contig: 1418135 1418643 | 1 509 | 509 509 | 100.0 | e_coli_k12_gi_556503834_ref_NC_ k99_398_flag_1_multi_2.0000_len_509

CONTIG: k99_405_flag_1_multi_2.0000_len_527 (527bp)
Top Length: 527  Top ID: 100.0
		One align captures most of this contig: 4294641 4295167 | 1 527 | 527 527 | 100.0 | e_coli_k12_gi_556503834_ref_NC_ k99_405_flag_1_multi_2.0000_len_527

CONTIG: k99_410_flag_1_multi_2.0000_len_517 (517bp)
Top Length: 517  Top ID: 100.0
		One align captures most of this contig: 4228312 4228828 | 517 1 | 517 517 | 100.0 | e_coli_k12_gi_556503834_ref_NC_ k99_410_flag_1_multi_2.0000_len_517

CONTIG: k99_417_flag_1_multi_2.0000_len_567 (567bp)
Top Length: 523  Top ID: 100.0
		Skipping redundant alignment 4258049 4258113 | 567 503 | 65 65 | 100.0 | e_coli_k12_gi_556503834_ref_NC_ k99_417_flag_1_multi_2.0000_len_567
		This contig is partially unaligned. (Aligned 523 out of 567 bases)
		Alignment: 3647239 3647761 | 1 523 | 523 523 | 100.0 | e_coli_k12_gi_556503834_ref_NC_ k99_417_flag_1_multi_2.0000_len_567
		Unaligned bases: 524 to 567 (44)

CONTIG: k99_418_flag_1_multi_3.0000_len_642 (642bp)
Top Length: 642  Top ID: 100.0
		One align captures most of this contig: 1479966 1480607 | 1 642 | 642 642 | 100.0 | e_coli_k12_gi_556503834_ref_NC_ k99_418_flag_1_multi_3.0000_len_642

CONTIG: k99_422_flag_1_multi_2.6660_len_575 (575bp)
Top Length: 575  Top ID: 100.0
		Marking as insignificant: 734714 734959 | 331 575 | 246 245 | 95.12 | e_coli_k12_gi_556503834_ref_NC_ k99_422_flag_1_multi_2.6660_len_575
		Marking as insignificant: 3622452 3622697 | 331 575 | 246 245 | 97.15 | e_coli_k12_gi_556503834_ref_NC_ k99_422_flag_1_multi_2.6660_len_575
		One align captures most of this contig: 3766867 3767441 | 1 575 | 575 575 | 100.0 | e_coli_k12_gi_556503834_ref_NC_ k99_422_flag_1_multi_2.6660_len_575

CONTIG: k99_429_flag_1_multi_3.0000_len_648 (648bp)
Top Length: 648  Top ID: 100.0
		One align captures most of this contig: 3504459 3505106 | 648 1 | 648 648 | 100.0 | e_coli_k12_gi_556503834_ref_NC_ k99_429_flag_1_multi_3.0000_len_648

CONTIG: k99_434_flag_1_multi_3.0000_len_850 (850bp)
Top Length: 850  Top ID: 100.0
		One align captures most of this contig: 4621436 4622285 | 850 1 | 850 850 | 100.0 | e_coli_k12_gi_556503834_ref_NC_ k99_434_flag_1_multi_3.0000_len_850

CONTIG: k99_435_flag_1_multi_3.0000_len_559 (559bp)
Top Length: 559  Top ID: 100.0
		One align captures most of this contig: 2980049 2980607 | 1 559 | 559 559 | 100.0 | e_coli_k12_gi_556503834_ref_NC_ k99_435_flag_1_multi_3.0000_len_559

CONTIG: k99_436_flag_1_multi_3.0000_len_717 (717bp)
Top Length: 717  Top ID: 100.0
		One align captures most of this contig: 1791293 1792009 | 1 717 | 717 717 | 100.0 | e_coli_k12_gi_556503834_ref_NC_ k99_436_flag_1_multi_3.0000_len_717

CONTIG: k99_438_flag_0_multi_7.9557_len_5425 (5425bp)
Top Length: 5341  Top ID: 99.34
		Skipping redundant alignment 223625 228885 | 1 5260 | 5261 5260 | 99.54 | e_coli_k12_gi_556503834_ref_NC_ k99_438_flag_0_multi_7.9557_len_5425
		Skipping redundant alignment 4035385 4040641 | 1 5255 | 5257 5255 | 99.73 | e_coli_k12_gi_556503834_ref_NC_ k99_438_flag_0_multi_7.9557_len_5425
		Skipping redundant alignment 4166513 4168253 | 1 1740 | 1741 1740 | 99.83 | e_coli_k12_gi_556503834_ref_NC_ k99_438_flag_0_multi_7.9557_len_5425
		Skipping redundant alignment 4208001 4209741 | 1 1740 | 1741 1740 | 99.77 | e_coli_k12_gi_556503834_ref_NC_ k99_438_flag_0_multi_7.9557_len_5425
		Skipping redundant alignment 2729567 2731303 | 1737 1 | 1737 1737 | 99.48 | e_coli_k12_gi_556503834_ref_NC_ k99_438_flag_0_multi_7.9557_len_5425
		Skipping redundant alignment 3941662 3943393 | 1 1732 | 1732 1732 | 99.54 | e_coli_k12_gi_556503834_ref_NC_ k99_438_flag_0_multi_7.9557_len_5425
		Skipping redundant alignment 3943582 3946829 | 2013 5260 | 3248 3248 | 99.69 | e_coli_k12_gi_556503834_ref_NC_ k99_438_flag_0_multi_7.9557_len_5425
		Skipping redundant alignment 4209921 4213165 | 2013 5256 | 3245 3244 | 99.63 | e_coli_k12_gi_556503834_ref_NC_ k99_438_flag_0_multi_7.9557_len_5425
		Skipping redundant alignment 2726063 2729297 | 5256 2013 | 3235 3244 | 99.2 | e_coli_k12_gi_556503834_ref_NC_ k99_438_flag_0_multi_7.9557_len_5425
		Skipping redundant alignment 4168519 4171761 | 2013 5255 | 3243 3243 | 99.57 | e_coli_k12_gi_556503834_ref_NC_ k99_438_flag_0_multi_7.9557_len_5425
		Skipping redundant alignment 3423418 3423548 | 5255 5125 | 131 131 | 98.47 | e_coli_k12_gi_556503834_ref_NC_ k99_438_flag_0_multi_7.9557_len_5425
		This contig is misassembled. 13 total aligns.
			Excluding internal overlap of size 81 between Alignment 1 and 2:  4175752 4175916 | 5261 5425 | 165 165 --> 4175833 4175916 | 5342 5425 | 84 84
			Real Alignment 1: 3423577 3428908 | 5341 1 | 5332 5341 | 99.34 | e_coli_k12_gi_556503834_ref_NC_ k99_438_flag_0_multi_7.9557_len_5425
			  Extensive misassembly ( relocation, inconsistency = 746924 ) between these two alignments
			Real Alignment 2: 4175833 4175916 | 5342 5425 | 84 84 | 99.39 | e_coli_k12_gi_556503834_ref_NC_ k99_438_flag_0_multi_7.9557_len_5425

CONTIG: k99_440_flag_1_multi_3.0000_len_504 (504bp)
Top Length: 504  Top ID: 100.0
		One align captures most of this contig: 1121693 1122196 | 1 504 | 504 504 | 100.0 | e_coli_k12_gi_556503834_ref_NC_ k99_440_flag_1_multi_3.0000_len_504

CONTIG: k99_444_flag_1_multi_2.0000_len_503 (503bp)
Top Length: 503  Top ID: 100.0
		One align captures most of this contig: 1202682 1203184 | 1 503 | 503 503 | 100.0 | e_coli_k12_gi_556503834_ref_NC_ k99_444_flag_1_multi_2.0000_len_503

CONTIG: k99_445_flag_1_multi_2.0000_len_569 (569bp)
Top Length: 569  Top ID: 100.0
		One align captures most of this contig: 366479 367047 | 1 569 | 569 569 | 100.0 | e_coli_k12_gi_556503834_ref_NC_ k99_445_flag_1_multi_2.0000_len_569

CONTIG: k99_448_flag_1_multi_2.0000_len_548 (548bp)
Top Length: 548  Top ID: 100.0
		One align captures most of this contig: 3775873 3776420 | 548 1 | 548 548 | 100.0 | e_coli_k12_gi_556503834_ref_NC_ k99_448_flag_1_multi_2.0000_len_548

CONTIG: k99_456_flag_1_multi_2.0000_len_594 (594bp)
Top Length: 594  Top ID: 100.0
		One align captures most of this contig: 3774954 3775547 | 1 594 | 594 594 | 100.0 | e_coli_k12_gi_556503834_ref_NC_ k99_456_flag_1_multi_2.0000_len_594

CONTIG: k99_463_flag_1_multi_2.0000_len_807 (807bp)
Top Length: 807  Top ID: 100.0
		One align captures most of this contig: 4522095 4522901 | 1 807 | 807 807 | 100.0 | e_coli_k12_gi_556503834_ref_NC_ k99_463_flag_1_multi_2.0000_len_807

CONTIG: k99_471_flag_1_multi_6.0000_len_1252 (1252bp)
Top Length: 1252  Top ID: 99.92
		Marking as insignificant: 279163 279930 | 826 59 | 768 768 | 98.96 | e_coli_k12_gi_556503834_ref_NC_ k99_471_flag_1_multi_6.0000_len_1252
		Marking as insignificant: 1049777 1050545 | 58 826 | 769 769 | 98.96 | e_coli_k12_gi_556503834_ref_NC_ k99_471_flag_1_multi_6.0000_len_1252
		Marking as insignificant: 290633 291401 | 827 59 | 769 769 | 98.96 | e_coli_k12_gi_556503834_ref_NC_ k99_471_flag_1_multi_6.0000_len_1252
		Marking as insignificant: 257908 258675 | 826 59 | 768 768 | 99.87 | e_coli_k12_gi_556503834_ref_NC_ k99_471_flag_1_multi_6.0000_len_1252
		Marking as insignificant: 19796 20563 | 826 59 | 768 768 | 99.87 | e_coli_k12_gi_556503834_ref_NC_ k99_471_flag_1_multi_6.0000_len_1252
		Marking as insignificant: 3583413 3584195 | 44 826 | 783 783 | 99.36 | e_coli_k12_gi_556503834_ref_NC_ k99_471_flag_1_multi_6.0000_len_1252
		One align captures most of this contig: 1978077 1979328 | 1252 1 | 1252 1252 | 99.92 | e_coli_k12_gi_556503834_ref_NC_ k99_471_flag_1_multi_6.0000_len_1252

CONTIG: k99_476_flag_1_multi_3.9345_len_2480 (2480bp)
Top Length: 2480  Top ID: 99.19
		Marking as insignificant: 734148 734870 | 723 1 | 723 723 | 98.76 | e_coli_k12_gi_556503834_ref_NC_ k99_476_flag_1_multi_3.9345_len_2480
		Marking as insignificant: 730520 732999 | 2480 1 | 2480 2480 | 97.38 | e_coli_k12_gi_556503834_ref_NC_ k99_476_flag_1_multi_3.9345_len_2480
		This contig has 2 significant alignments. [An ambiguously mapped contig]
		Using only first of these alignment (option --ambiguity-usage is set to "one"):
		Alignment: 3763120 3765599 | 2480 1 | 2480 2480 | 99.19 | e_coli_k12_gi_556503834_ref_NC_ k99_476_flag_1_multi_3.9345_len_2480
		Skipping alignment  3620129 3622608 | 2480 1 | 2480 2480 | 99.03 | e_coli_k12_gi_556503834_ref_NC_ k99_476_flag_1_multi_3.9345_len_2480

CONTIG: k99_493_flag_1_multi_3.0000_len_591 (591bp)
Top Length: 591  Top ID: 100.0
		One align captures most of this contig: 1879654 1880244 | 1 591 | 591 591 | 100.0 | e_coli_k12_gi_556503834_ref_NC_ k99_493_flag_1_multi_3.0000_len_591

CONTIG: k99_495_flag_1_multi_2.0000_len_517 (517bp)
Top Length: 517  Top ID: 100.0
		One align captures most of this contig: 1234803 1235319 | 1 517 | 517 517 | 100.0 | e_coli_k12_gi_556503834_ref_NC_ k99_495_flag_1_multi_2.0000_len_517

CONTIG: k99_511_flag_1_multi_3.0000_len_503 (503bp)
Top Length: 503  Top ID: 100.0
		One align captures most of this contig: 491838 492340 | 1 503 | 503 503 | 100.0 | e_coli_k12_gi_556503834_ref_NC_ k99_511_flag_1_multi_3.0000_len_503

CONTIG: k99_514_flag_1_multi_2.0000_len_536 (536bp)
Top Length: 536  Top ID: 100.0
		One align captures most of this contig: 168031 168566 | 1 536 | 536 536 | 100.0 | e_coli_k12_gi_556503834_ref_NC_ k99_514_flag_1_multi_2.0000_len_536

CONTIG: k99_515_flag_1_multi_3.0000_len_562 (562bp)
Top Length: 562  Top ID: 100.0
		One align captures most of this contig: 726079 726640 | 1 562 | 562 562 | 100.0 | e_coli_k12_gi_556503834_ref_NC_ k99_515_flag_1_multi_3.0000_len_562

CONTIG: k99_518_flag_1_multi_2.0000_len_616 (616bp)
Top Length: 616  Top ID: 100.0
		One align captures most of this contig: 97361 97976 | 616 1 | 616 616 | 100.0 | e_coli_k12_gi_556503834_ref_NC_ k99_518_flag_1_multi_2.0000_len_616

CONTIG: k99_520_flag_1_multi_3.0000_len_580 (580bp)
Top Length: 580  Top ID: 100.0
		One align captures most of this contig: 3749629 3750208 | 1 580 | 580 580 | 100.0 | e_coli_k12_gi_556503834_ref_NC_ k99_520_flag_1_multi_3.0000_len_580

CONTIG: k99_523_flag_1_multi_2.0000_len_608 (608bp)
Top Length: 608  Top ID: 100.0
		One align captures most of this contig: 3025962 3026569 | 608 1 | 608 608 | 100.0 | e_coli_k12_gi_556503834_ref_NC_ k99_523_flag_1_multi_2.0000_len_608

CONTIG: k99_527_flag_1_multi_4.0000_len_849 (849bp)
Top Length: 849  Top ID: 100.0
		Marking as insignificant: 729746 730594 | 849 1 | 849 849 | 98.7 | e_coli_k12_gi_556503834_ref_NC_ k99_527_flag_1_multi_4.0000_len_849
		This contig has 2 significant alignments. [An ambiguously mapped contig]
		Using only first of these alignment (option --ambiguity-usage is set to "one"):
		Alignment: 3619355 3620203 | 849 1 | 849 849 | 100.0 | e_coli_k12_gi_556503834_ref_NC_ k99_527_flag_1_multi_4.0000_len_849
		Skipping alignment  3762346 3763194 | 849 1 | 849 849 | 100.0 | e_coli_k12_gi_556503834_ref_NC_ k99_527_flag_1_multi_4.0000_len_849

CONTIG: k99_532_flag_1_multi_3.0000_len_964 (964bp)
Top Length: 964  Top ID: 98.65
		Marking as insignificant: 736402 736681 | 964 685 | 280 280 | 99.64 | e_coli_k12_gi_556503834_ref_NC_ k99_532_flag_1_multi_3.0000_len_964
		Marking as insignificant: 736782 737745 | 964 1 | 964 964 | 96.78 | e_coli_k12_gi_556503834_ref_NC_ k99_532_flag_1_multi_3.0000_len_964
		Marking as insignificant: 1531772 1532736 | 964 1 | 965 964 | 96.89 | e_coli_k12_gi_556503834_ref_NC_ k99_532_flag_1_multi_3.0000_len_964
		One align captures most of this contig: 3624334 3625298 | 964 1 | 965 964 | 98.65 | e_coli_k12_gi_556503834_ref_NC_ k99_532_flag_1_multi_3.0000_len_964

CONTIG: k99_534_flag_1_multi_2.0000_len_724 (724bp)
Top Length: 724  Top ID: 100.0
		One align captures most of this contig: 3373180 3373903 | 1 724 | 724 724 | 100.0 | e_coli_k12_gi_556503834_ref_NC_ k99_534_flag_1_multi_2.0000_len_724

CONTIG: k99_542_flag_1_multi_2.0000_len_586 (586bp)
Top Length: 586  Top ID: 100.0
		One align captures most of this contig: 1041921 1042506 | 1 586 | 586 586 | 100.0 | e_coli_k12_gi_556503834_ref_NC_ k99_542_flag_1_multi_2.0000_len_586

CONTIG: k99_543_flag_1_multi_2.0000_len_522 (522bp)
Top Length: 522  Top ID: 100.0
		One align captures most of this contig: 4300750 4301271 | 522 1 | 522 522 | 100.0 | e_coli_k12_gi_556503834_ref_NC_ k99_543_flag_1_multi_2.0000_len_522

CONTIG: k99_545_flag_1_multi_6.0000_len_1443 (1443bp)
Top Length: 1362  Top ID: 100.0
		Skipping redundant alignment 566775 568040 | 1362 97 | 1266 1266 | 99.92 | e_coli_k12_gi_556503834_ref_NC_ k99_545_flag_1_multi_6.0000_len_1443
		Skipping redundant alignment 1094244 1095503 | 102 1361 | 1260 1260 | 100.0 | e_coli_k12_gi_556503834_ref_NC_ k99_545_flag_1_multi_6.0000_len_1443
		Skipping redundant alignment 315229 316483 | 1357 103 | 1255 1255 | 100.0 | e_coli_k12_gi_556503834_ref_NC_ k99_545_flag_1_multi_6.0000_len_1443
		This contig is misassembled. 5 total aligns.
			Excluding internal overlap of size 1268 between Alignment 1 and 2:  2170088 2171436 | 1443 95 | 1349 1349 --> 2170088 2170168 | 1443 1363 | 81 81
			Real Alignment 1: 391607 392968 | 1 1362 | 1362 1362 | 100.0 | e_coli_k12_gi_556503834_ref_NC_ k99_545_flag_1_multi_6.0000_len_1443
			  Extensive misassembly ( relocation, inconsistency = 1777119 ) between these two alignments
			Real Alignment 2: 2170088 2170168 | 1443 1363 | 81 81 | 99.85 | e_coli_k12_gi_556503834_ref_NC_ k99_545_flag_1_multi_6.0000_len_1443

CONTIG: k99_550_flag_1_multi_3.0000_len_571 (571bp)
Top Length: 571  Top ID: 100.0
		One align captures most of this contig: 2901493 2902063 | 571 1 | 571 571 | 100.0 | e_coli_k12_gi_556503834_ref_NC_ k99_550_flag_1_multi_3.0000_len_571

CONTIG: k99_553_flag_1_multi_2.0000_len_597 (597bp)
Top Length: 597  Top ID: 100.0
		One align captures most of this contig: 2966960 2967556 | 597 1 | 597 597 | 100.0 | e_coli_k12_gi_556503834_ref_NC_ k99_553_flag_1_multi_2.0000_len_597

CONTIG: k99_554_flag_1_multi_3.0000_len_603 (603bp)
Top Length: 603  Top ID: 98.84
		Marking as insignificant: 1269085 1269490 | 199 603 | 406 405 | 97.78 | e_coli_k12_gi_556503834_ref_NC_ k99_554_flag_1_multi_3.0000_len_603
		Marking as insignificant: 1269957 1270559 | 1 603 | 603 603 | 97.19 | e_coli_k12_gi_556503834_ref_NC_ k99_554_flag_1_multi_3.0000_len_603
		One align captures most of this contig: 1269422 1270025 | 1 603 | 604 603 | 98.84 | e_coli_k12_gi_556503834_ref_NC_ k99_554_flag_1_multi_3.0000_len_603

CONTIG: k99_556_flag_1_multi_3.0000_len_554 (554bp)
Top Length: 554  Top ID: 100.0
		One align captures most of this contig: 1211874 1212427 | 554 1 | 554 554 | 100.0 | e_coli_k12_gi_556503834_ref_NC_ k99_556_flag_1_multi_3.0000_len_554

CONTIG: k99_557_flag_1_multi_2.0000_len_690 (690bp)
Top Length: 690  Top ID: 100.0
		One align captures most of this contig: 1196909 1197598 | 690 1 | 690 690 | 100.0 | e_coli_k12_gi_556503834_ref_NC_ k99_557_flag_1_multi_2.0000_len_690

CONTIG: k99_559_flag_1_multi_3.0000_len_795 (795bp)
Top Length: 795  Top ID: 100.0
		One align captures most of this contig: 512951 513745 | 795 1 | 795 795 | 100.0 | e_coli_k12_gi_556503834_ref_NC_ k99_559_flag_1_multi_3.0000_len_795

CONTIG: k99_561_flag_1_multi_3.0000_len_600 (600bp)
Top Length: 600  Top ID: 100.0
		One align captures most of this contig: 4626867 4627466 | 600 1 | 600 600 | 100.0 | e_coli_k12_gi_556503834_ref_NC_ k99_561_flag_1_multi_3.0000_len_600

CONTIG: k99_562_flag_1_multi_2.0000_len_583 (583bp)
Top Length: 583  Top ID: 100.0
		One align captures most of this contig: 4172231 4172813 | 1 583 | 583 583 | 100.0 | e_coli_k12_gi_556503834_ref_NC_ k99_562_flag_1_multi_2.0000_len_583

CONTIG: k99_572_flag_1_multi_2.0000_len_536 (536bp)
Top Length: 536  Top ID: 100.0
		One align captures most of this contig: 3551282 3551817 | 1 536 | 536 536 | 100.0 | e_coli_k12_gi_556503834_ref_NC_ k99_572_flag_1_multi_2.0000_len_536

CONTIG: k99_576_flag_1_multi_2.0000_len_648 (648bp)
Top Length: 648  Top ID: 100.0
		One align captures most of this contig: 3681942 3682589 | 648 1 | 648 648 | 100.0 | e_coli_k12_gi_556503834_ref_NC_ k99_576_flag_1_multi_2.0000_len_648

CONTIG: k99_583_flag_1_multi_2.0000_len_532 (532bp)
Top Length: 532  Top ID: 100.0
		One align captures most of this contig: 3060441 3060972 | 532 1 | 532 532 | 100.0 | e_coli_k12_gi_556503834_ref_NC_ k99_583_flag_1_multi_2.0000_len_532

CONTIG: k99_588_flag_1_multi_2.0000_len_706 (706bp)
Top Length: 706  Top ID: 100.0
		One align captures most of this contig: 216402 217107 | 706 1 | 706 706 | 100.0 | e_coli_k12_gi_556503834_ref_NC_ k99_588_flag_1_multi_2.0000_len_706

CONTIG: k99_597_flag_1_multi_3.0000_len_501 (501bp)
Top Length: 501  Top ID: 100.0
		One align captures most of this contig: 2745306 2745806 | 501 1 | 501 501 | 100.0 | e_coli_k12_gi_556503834_ref_NC_ k99_597_flag_1_multi_3.0000_len_501

CONTIG: k99_607_flag_1_multi_3.0000_len_594 (594bp)
Top Length: 594  Top ID: 100.0
		One align captures most of this contig: 2636722 2637315 | 594 1 | 594 594 | 100.0 | e_coli_k12_gi_556503834_ref_NC_ k99_607_flag_1_multi_3.0000_len_594

CONTIG: k99_611_flag_1_multi_2.0000_len_557 (557bp)
Top Length: 557  Top ID: 100.0
		One align captures most of this contig: 2474815 2475371 | 1 557 | 557 557 | 100.0 | e_coli_k12_gi_556503834_ref_NC_ k99_611_flag_1_multi_2.0000_len_557

CONTIG: k99_614_flag_1_multi_3.0000_len_543 (543bp)
Top Length: 543  Top ID: 100.0
		One align captures most of this contig: 2411893 2412435 | 543 1 | 543 543 | 100.0 | e_coli_k12_gi_556503834_ref_NC_ k99_614_flag_1_multi_3.0000_len_543

CONTIG: k99_615_flag_1_multi_2.0000_len_543 (543bp)
Top Length: 543  Top ID: 100.0
		One align captures most of this contig: 1854100 1854642 | 1 543 | 543 543 | 100.0 | e_coli_k12_gi_556503834_ref_NC_ k99_615_flag_1_multi_2.0000_len_543

CONTIG: k99_617_flag_1_multi_3.0000_len_580 (580bp)
Top Length: 580  Top ID: 100.0
		One align captures most of this contig: 2495267 2495846 | 1 580 | 580 580 | 100.0 | e_coli_k12_gi_556503834_ref_NC_ k99_617_flag_1_multi_3.0000_len_580

CONTIG: k99_618_flag_1_multi_3.0000_len_518 (518bp)
Top Length: 518  Top ID: 100.0
		One align captures most of this contig: 2732156 2732673 | 1 518 | 518 518 | 100.0 | e_coli_k12_gi_556503834_ref_NC_ k99_618_flag_1_multi_3.0000_len_518

CONTIG: k99_628_flag_1_multi_3.0000_len_608 (608bp)
Top Length: 608  Top ID: 100.0
		One align captures most of this contig: 2684218 2684825 | 1 608 | 608 608 | 100.0 | e_coli_k12_gi_556503834_ref_NC_ k99_628_flag_1_multi_3.0000_len_608

CONTIG: k99_649_flag_1_multi_2.0000_len_566 (566bp)
Top Length: 566  Top ID: 100.0
		One align captures most of this contig: 1067845 1068410 | 1 566 | 566 566 | 100.0 | e_coli_k12_gi_556503834_ref_NC_ k99_649_flag_1_multi_2.0000_len_566

CONTIG: k99_655_flag_1_multi_12.0000_len_1548 (1548bp)
Top Length: 1384  Top ID: 100.0
		Skipping redundant alignment 3365552 3366759 | 1368 161 | 1208 1208 | 99.92 | e_coli_k12_gi_556503834_ref_NC_ k99_655_flag_1_multi_12.0000_len_1548
		Skipping redundant alignment 687846 689049 | 1369 166 | 1204 1204 | 100.0 | e_coli_k12_gi_556503834_ref_NC_ k99_655_flag_1_multi_12.0000_len_1548
		Skipping redundant alignment 574587 575789 | 1368 166 | 1203 1203 | 100.0 | e_coli_k12_gi_556503834_ref_NC_ k99_655_flag_1_multi_12.0000_len_1548
		Skipping redundant alignment 3652032 3653234 | 1368 166 | 1203 1203 | 100.0 | e_coli_k12_gi_556503834_ref_NC_ k99_655_flag_1_multi_12.0000_len_1548
		Skipping redundant alignment 2066156 2067357 | 1367 166 | 1202 1202 | 99.5 | e_coli_k12_gi_556503834_ref_NC_ k99_655_flag_1_multi_12.0000_len_1548
		Skipping redundant alignment 3130143 3131344 | 167 1368 | 1202 1202 | 100.0 | e_coli_k12_gi_556503834_ref_NC_ k99_655_flag_1_multi_12.0000_len_1548
		Skipping redundant alignment 2101745 2102946 | 1368 167 | 1202 1202 | 99.92 | e_coli_k12_gi_556503834_ref_NC_ k99_655_flag_1_multi_12.0000_len_1548
		Skipping redundant alignment 273950 275149 | 1369 170 | 1200 1200 | 99.92 | e_coli_k12_gi_556503834_ref_NC_ k99_655_flag_1_multi_12.0000_len_1548
		Skipping redundant alignment 2288919 2290113 | 1364 170 | 1195 1195 | 100.0 | e_coli_k12_gi_556503834_ref_NC_ k99_655_flag_1_multi_12.0000_len_1548
		This contig is misassembled. 11 total aligns.
			Excluding internal overlap of size 1209 between Alignment 1 and 2:  1299330 1300702 | 1 1373 | 1373 1373 --> 1299330 1299493 | 1 164 | 164 164
			Real Alignment 1: 1299330 1299493 | 1 164 | 164 164 | 99.93 | e_coli_k12_gi_556503834_ref_NC_ k99_655_flag_1_multi_12.0000_len_1548
			  Extensive misassembly ( relocation, inconsistency = 96545 ) between these two alignments
			Real Alignment 2: 1396039 1397422 | 165 1548 | 1384 1384 | 100.0 | e_coli_k12_gi_556503834_ref_NC_ k99_655_flag_1_multi_12.0000_len_1548

CONTIG: k99_656_flag_1_multi_2.0000_len_650 (650bp)
Top Length: 650  Top ID: 100.0
		One align captures most of this contig: 4383300 4383949 | 650 1 | 650 650 | 100.0 | e_coli_k12_gi_556503834_ref_NC_ k99_656_flag_1_multi_2.0000_len_650

CONTIG: k99_657_flag_1_multi_2.0000_len_535 (535bp)
Top Length: 535  Top ID: 100.0
		One align captures most of this contig: 287794 288328 | 1 535 | 535 535 | 100.0 | e_coli_k12_gi_556503834_ref_NC_ k99_657_flag_1_multi_2.0000_len_535

CONTIG: k99_658_flag_1_multi_2.0000_len_561 (561bp)
Top Length: 561  Top ID: 100.0
		One align captures most of this contig: 531403 531963 | 561 1 | 561 561 | 100.0 | e_coli_k12_gi_556503834_ref_NC_ k99_658_flag_1_multi_2.0000_len_561

CONTIG: k99_664_flag_1_multi_3.0000_len_954 (954bp)
Top Length: 954  Top ID: 99.69
		Marking as insignificant: 1635249 1635574 | 815 490 | 326 326 | 95.4 | e_coli_k12_gi_556503834_ref_NC_ k99_664_flag_1_multi_3.0000_len_954
		One align captures most of this contig: 1431272 1432225 | 1 954 | 954 954 | 99.69 | e_coli_k12_gi_556503834_ref_NC_ k99_664_flag_1_multi_3.0000_len_954

CONTIG: k99_673_flag_1_multi_8.0000_len_1556 (1556bp)
Top Length: 1464  Top ID: 100.0
		Skipping redundant alignment 381258 382594 | 131 1467 | 1337 1337 | 99.93 | e_coli_k12_gi_556503834_ref_NC_ k99_673_flag_1_multi_8.0000_len_1556
		Skipping redundant alignment 1467909 1469240 | 1464 133 | 1332 1332 | 100.0 | e_coli_k12_gi_556503834_ref_NC_ k99_673_flag_1_multi_8.0000_len_1556
		Skipping redundant alignment 2996361 2997691 | 1463 133 | 1331 1331 | 100.0 | e_coli_k12_gi_556503834_ref_NC_ k99_673_flag_1_multi_8.0000_len_1556
		Skipping redundant alignment 4498181 4499511 | 133 1463 | 1331 1331 | 100.0 | e_coli_k12_gi_556503834_ref_NC_ k99_673_flag_1_multi_8.0000_len_1556
		Skipping redundant alignment 1650843 1651548 | 758 1463 | 706 706 | 100.0 | e_coli_k12_gi_556503834_ref_NC_ k99_673_flag_1_multi_8.0000_len_1556
		This contig is misassembled. 7 total aligns.
			Excluding internal overlap of size 1332 between Alignment 1 and 2:  3186096 3187519 | 133 1556 | 1424 1424 --> 3187428 3187519 | 1465 1556 | 92 92
			Real Alignment 1: 2068940 2070403 | 1464 1 | 1464 1464 | 100.0 | e_coli_k12_gi_556503834_ref_NC_ k99_673_flag_1_multi_8.0000_len_1556
			  Extensive misassembly ( relocation, inconsistency = 1117024 ) between these two alignments
			Real Alignment 2: 3187428 3187519 | 1465 1556 | 92 92 | 100.0 | e_coli_k12_gi_556503834_ref_NC_ k99_673_flag_1_multi_8.0000_len_1556

Analyzing coverage...
Writing SNPs into /net/metagenomics/projects/afritz_assemblies/Coverage_Sweep_wgsim/000_error/MEGAHIT_cov2/quast/runs_per_reference/e_coli_k12/contigs_reports/nucmer_output/final.contigs.used_snps
	Reference e_coli_k12_gi_556503834_ref_NC_: 140 total alignments. 1 total regions.
		Region: 1 to 4641652 (4641652 bp)
			START in gap: 1 to 7280 (7279 bp)
			Align 1: 7280 7807 k99_73_flag_1_multi_2.0000_len_528 1 528
				Gap between this and next alignment: 7807 to 97361 (89553 bp)
				Next Alignment: 97361 97976 k99_518_flag_1_multi_2.0000_len_616 616 1

			Align 2: 97361 97976 k99_518_flag_1_multi_2.0000_len_616 616 1
				Gap between this and next alignment: 97976 to 119533 (21556 bp)
				Next Alignment: 119533 120112 k99_126_flag_1_multi_2.0000_len_580 1 580

			Align 3: 119533 120112 k99_126_flag_1_multi_2.0000_len_580 1 580
				Gap between this and next alignment: 120112 to 168031 (47918 bp)
				Next Alignment: 168031 168566 k99_514_flag_1_multi_2.0000_len_536 1 536

			Align 4: 168031 168566 k99_514_flag_1_multi_2.0000_len_536 1 536
				Gap between this and next alignment: 168566 to 187624 (19057 bp)
				Next Alignment: 187624 188376 k99_53_flag_1_multi_2.0000_len_753 1 753

			Align 5: 187624 188376 k99_53_flag_1_multi_2.0000_len_753 1 753
				Gap between this and next alignment: 188376 to 216402 (28025 bp)
				Next Alignment: 216402 217107 k99_588_flag_1_multi_2.0000_len_706 706 1

			Align 6: 216402 217107 k99_588_flag_1_multi_2.0000_len_706 706 1
				Gap between this and next alignment: 217107 to 265270 (48162 bp)
				Next Alignment: 265270 265859 k99_245_flag_1_multi_2.0000_len_590 590 1

			Align 7: 265270 265859 k99_245_flag_1_multi_2.0000_len_590 590 1
				Gap between this and next alignment: 265859 to 287794 (21934 bp)
				Next Alignment: 287794 288328 k99_657_flag_1_multi_2.0000_len_535 1 535

			Align 8: 287794 288328 k99_657_flag_1_multi_2.0000_len_535 1 535
				Gap between this and next alignment: 288328 to 366479 (78150 bp)
				Next Alignment: 366479 367047 k99_445_flag_1_multi_2.0000_len_569 1 569

			Align 9: 366479 367047 k99_445_flag_1_multi_2.0000_len_569 1 569
				Gap between this and next alignment: 367047 to 391607 (24559 bp)
				Next Alignment: 391607 392968 k99_545_flag_1_multi_6.0000_len_1443 1 1362

			Align 10: 391607 392968 k99_545_flag_1_multi_6.0000_len_1443 1 1362
				Gap between this and next alignment: 392968 to 454326 (61357 bp)
				Next Alignment: 454326 454862 k99_166_flag_1_multi_2.0000_len_537 537 1

			Align 11: 454326 454862 k99_166_flag_1_multi_2.0000_len_537 537 1
				Gap between this and next alignment: 454862 to 491838 (36975 bp)
				Next Alignment: 491838 492340 k99_511_flag_1_multi_3.0000_len_503 1 503

			Align 12: 491838 492340 k99_511_flag_1_multi_3.0000_len_503 1 503
				Gap between this and next alignment: 492340 to 512951 (20610 bp)
				Next Alignment: 512951 513745 k99_559_flag_1_multi_3.0000_len_795 795 1

			Align 13: 512951 513745 k99_559_flag_1_multi_3.0000_len_795 795 1
				Gap between this and next alignment: 513745 to 531403 (17657 bp)
				Next Alignment: 531403 531963 k99_658_flag_1_multi_2.0000_len_561 561 1

			Align 14: 531403 531963 k99_658_flag_1_multi_2.0000_len_561 561 1
				Gap between this and next alignment: 531963 to 573887 (41923 bp)
				Next Alignment: 573887 574422 k99_49_flag_1_multi_3.0000_len_536 536 1

			Align 15: 573887 574422 k99_49_flag_1_multi_3.0000_len_536 536 1
				Gap between this and next alignment: 574422 to 608050 (33627 bp)
				Next Alignment: 608050 609410 k99_181_flag_1_multi_4.0000_len_1361 1361 1

			Align 16: 608050 609410 k99_181_flag_1_multi_4.0000_len_1361 1361 1
				Gap between this and next alignment: 609410 to 633319 (23908 bp)
				Next Alignment: 633319 633834 k99_13_flag_1_multi_2.0000_len_516 1 516

			Align 17: 633319 633834 k99_13_flag_1_multi_2.0000_len_516 1 516
				Gap between this and next alignment: 633834 to 726079 (92244 bp)
				Next Alignment: 726079 726640 k99_515_flag_1_multi_3.0000_len_562 1 562

			Align 18: 726079 726640 k99_515_flag_1_multi_3.0000_len_562 1 562
				Gap between this and next alignment: 726640 to 845759 (119118 bp)
				Next Alignment: 845759 846355 k99_119_flag_1_multi_2.0000_len_632 1 597

			Align 19: 845759 846355 k99_119_flag_1_multi_2.0000_len_632 1 597
				Gap between this and next alignment: 846355 to 859842 (13486 bp)
				Next Alignment: 859842 860380 k99_95_flag_1_multi_2.0000_len_539 1 539

			Align 20: 859842 860380 k99_95_flag_1_multi_2.0000_len_539 1 539
				Gap between this and next alignment: 860380 to 911460 (51079 bp)
				Next Alignment: 911460 911975 k99_173_flag_1_multi_2.0000_len_516 1 516

			Align 21: 911460 911975 k99_173_flag_1_multi_2.0000_len_516 1 516
				Gap between this and next alignment: 911975 to 916571 (4595 bp)
				Next Alignment: 916571 917109 k99_279_flag_1_multi_2.0000_len_539 539 1

			Align 22: 916571 917109 k99_279_flag_1_multi_2.0000_len_539 539 1
				Gap between this and next alignment: 917109 to 982159 (65049 bp)
				Next Alignment: 982159 982688 k99_121_flag_1_multi_3.0000_len_530 1 530

			Align 23: 982159 982688 k99_121_flag_1_multi_3.0000_len_530 1 530
				Gap between this and next alignment: 982688 to 1041921 (59232 bp)
				Next Alignment: 1041921 1042506 k99_542_flag_1_multi_2.0000_len_586 1 586

			Align 24: 1041921 1042506 k99_542_flag_1_multi_2.0000_len_586 1 586
				Gap between this and next alignment: 1042506 to 1067845 (25338 bp)
				Next Alignment: 1067845 1068410 k99_649_flag_1_multi_2.0000_len_566 1 566

			Align 25: 1067845 1068410 k99_649_flag_1_multi_2.0000_len_566 1 566
				Gap between this and next alignment: 1068410 to 1121693 (53282 bp)
				Next Alignment: 1121693 1122196 k99_440_flag_1_multi_3.0000_len_504 1 504

			Align 26: 1121693 1122196 k99_440_flag_1_multi_3.0000_len_504 1 504
				Gap between this and next alignment: 1122196 to 1145269 (23072 bp)
				Next Alignment: 1145269 1145898 k99_11_flag_1_multi_2.0000_len_630 1 630

			Align 27: 1145269 1145898 k99_11_flag_1_multi_2.0000_len_630 1 630
				Gap between this and next alignment: 1145898 to 1161618 (15719 bp)
				Next Alignment: 1161618 1162208 k99_10_flag_1_multi_3.0000_len_591 591 1

			Align 28: 1161618 1162208 k99_10_flag_1_multi_3.0000_len_591 591 1
				Gap between this and next alignment: 1162208 to 1171379 (9170 bp)
				Next Alignment: 1171379 1172185 k99_92_flag_1_multi_3.0000_len_807 1 807

			Align 29: 1171379 1172185 k99_92_flag_1_multi_3.0000_len_807 1 807
				Gap between this and next alignment: 1172185 to 1196909 (24723 bp)
				Next Alignment: 1196909 1197598 k99_557_flag_1_multi_2.0000_len_690 690 1

			Align 30: 1196909 1197598 k99_557_flag_1_multi_2.0000_len_690 690 1
				Gap between this and next alignment: 1197598 to 1199185 (1586 bp)
				Next Alignment: 1199185 1199804 k99_96_flag_1_multi_3.0000_len_620 1 620

			Align 31: 1199185 1199804 k99_96_flag_1_multi_3.0000_len_620 1 620
				Gap between this and next alignment: 1199804 to 1202682 (2877 bp)
				Next Alignment: 1202682 1203184 k99_444_flag_1_multi_2.0000_len_503 1 503

			Align 32: 1202682 1203184 k99_444_flag_1_multi_2.0000_len_503 1 503
				Gap between this and next alignment: 1203184 to 1211874 (8689 bp)
				Next Alignment: 1211874 1212427 k99_556_flag_1_multi_3.0000_len_554 554 1

			Align 33: 1211874 1212427 k99_556_flag_1_multi_3.0000_len_554 554 1
				Gap between this and next alignment: 1212427 to 1234803 (22375 bp)
				Next Alignment: 1234803 1235319 k99_495_flag_1_multi_2.0000_len_517 1 517

			Align 34: 1234803 1235319 k99_495_flag_1_multi_2.0000_len_517 1 517
				Gap between this and next alignment: 1235319 to 1269422 (34102 bp)
				Next Alignment: 1269422 1270025 k99_554_flag_1_multi_3.0000_len_603 1 603

			Align 35: 1269422 1270025 k99_554_flag_1_multi_3.0000_len_603 1 603
				Gap between this and next alignment: 1270025 to 1299330 (29304 bp)
				Next Alignment: 1299330 1299493 k99_655_flag_1_multi_12.0000_len_1548 1 164

			Align 36: 1299330 1299493 k99_655_flag_1_multi_12.0000_len_1548 1 164
				Gap between this and next alignment: 1299493 to 1306148 (6654 bp)
				Next Alignment: 1306148 1306697 k99_21_flag_1_multi_3.0000_len_550 550 1

			Align 37: 1306148 1306697 k99_21_flag_1_multi_3.0000_len_550 550 1
				Gap between this and next alignment: 1306697 to 1348609 (41911 bp)
				Next Alignment: 1348609 1349123 k99_206_flag_1_multi_2.0000_len_515 1 515

			Align 38: 1348609 1349123 k99_206_flag_1_multi_2.0000_len_515 1 515
				Gap between this and next alignment: 1349123 to 1379949 (30825 bp)
				Next Alignment: 1379949 1380451 k99_162_flag_1_multi_2.0000_len_503 1 503

			Align 39: 1379949 1380451 k99_162_flag_1_multi_2.0000_len_503 1 503
				Gap between this and next alignment: 1380451 to 1396039 (15587 bp)
				Next Alignment: 1396039 1397422 k99_655_flag_1_multi_12.0000_len_1548 165 1548

			Align 40: 1396039 1397422 k99_655_flag_1_multi_12.0000_len_1548 165 1548
				Gap between this and next alignment: 1397422 to 1418135 (20712 bp)
				Next Alignment: 1418135 1418643 k99_398_flag_1_multi_2.0000_len_509 1 509

			Align 41: 1418135 1418643 k99_398_flag_1_multi_2.0000_len_509 1 509
				Gap between this and next alignment: 1418643 to 1419549 (905 bp)
				Next Alignment: 1419549 1420062 k99_56_flag_1_multi_2.0000_len_514 1 514

			Align 42: 1419549 1420062 k99_56_flag_1_multi_2.0000_len_514 1 514
				Gap between this and next alignment: 1420062 to 1431272 (11209 bp)
				Next Alignment: 1431272 1432225 k99_664_flag_1_multi_3.0000_len_954 1 954

			Align 43: 1431272 1432225 k99_664_flag_1_multi_3.0000_len_954 1 954
				Gap between this and next alignment: 1432225 to 1479966 (47740 bp)
				Next Alignment: 1479966 1480607 k99_418_flag_1_multi_3.0000_len_642 1 642

			Align 44: 1479966 1480607 k99_418_flag_1_multi_3.0000_len_642 1 642
				Gap between this and next alignment: 1480607 to 1541009 (60401 bp)
				Next Alignment: 1541009 1541549 k99_38_flag_1_multi_2.0000_len_541 541 1

			Align 45: 1541009 1541549 k99_38_flag_1_multi_2.0000_len_541 541 1
				Gap between this and next alignment: 1541549 to 1634290 (92740 bp)
				Next Alignment: 1634290 1634854 k99_364_flag_1_multi_3.0000_len_565 565 1

			Align 46: 1634290 1634854 k99_364_flag_1_multi_3.0000_len_565 565 1
				Gap between this and next alignment: 1634854 to 1665095 (30240 bp)
				Next Alignment: 1665095 1665641 k99_251_flag_1_multi_2.0000_len_547 547 1

			Align 47: 1665095 1665641 k99_251_flag_1_multi_2.0000_len_547 547 1
				Gap between this and next alignment: 1665641 to 1791293 (125651 bp)
				Next Alignment: 1791293 1792009 k99_436_flag_1_multi_3.0000_len_717 1 717

			Align 48: 1791293 1792009 k99_436_flag_1_multi_3.0000_len_717 1 717
				Gap between this and next alignment: 1792009 to 1854100 (62090 bp)
				Next Alignment: 1854100 1854642 k99_615_flag_1_multi_2.0000_len_543 1 543

			Align 49: 1854100 1854642 k99_615_flag_1_multi_2.0000_len_543 1 543
				Gap between this and next alignment: 1854642 to 1879654 (25011 bp)
				Next Alignment: 1879654 1880244 k99_493_flag_1_multi_3.0000_len_591 1 591

			Align 50: 1879654 1880244 k99_493_flag_1_multi_3.0000_len_591 1 591
				Gap between this and next alignment: 1880244 to 1906157 (25912 bp)
				Next Alignment: 1906157 1906797 k99_124_flag_1_multi_2.0000_len_641 641 1

			Align 51: 1906157 1906797 k99_124_flag_1_multi_2.0000_len_641 641 1
				Gap between this and next alignment: 1906797 to 1941872 (35074 bp)
				Next Alignment: 1941872 1942516 k99_218_flag_1_multi_3.0000_len_645 1 645

			Align 52: 1941872 1942516 k99_218_flag_1_multi_3.0000_len_645 1 645
				Gap between this and next alignment: 1942516 to 1978077 (35560 bp)
				Next Alignment: 1978077 1979328 k99_471_flag_1_multi_6.0000_len_1252 1252 1

			Align 53: 1978077 1979328 k99_471_flag_1_multi_6.0000_len_1252 1252 1
				Gap between this and next alignment: 1979328 to 2062416 (83087 bp)
				Next Alignment: 2062416 2062934 k99_68_flag_1_multi_3.0000_len_519 519 1

			Align 54: 2062416 2062934 k99_68_flag_1_multi_3.0000_len_519 519 1
				Gap between this and next alignment: 2062934 to 2068940 (6005 bp)
				Next Alignment: 2068940 2070403 k99_673_flag_1_multi_8.0000_len_1556 1464 1

			Align 55: 2068940 2070403 k99_673_flag_1_multi_8.0000_len_1556 1464 1
				Gap between this and next alignment: 2070403 to 2090272 (19868 bp)
				Next Alignment: 2090272 2090844 k99_5_flag_1_multi_2.0000_len_573 1 573

			Align 56: 2090272 2090844 k99_5_flag_1_multi_2.0000_len_573 1 573
				Gap between this and next alignment: 2090844 to 2146151 (55306 bp)
				Next Alignment: 2146151 2146650 k99_337_flag_1_multi_2.0000_len_500 500 1

			Align 57: 2146151 2146650 k99_337_flag_1_multi_2.0000_len_500 500 1
				Gap between this and next alignment: 2146650 to 2170088 (23437 bp)
				Next Alignment: 2170088 2170168 k99_545_flag_1_multi_6.0000_len_1443 1443 1363

			Align 58: 2170088 2170168 k99_545_flag_1_multi_6.0000_len_1443 1443 1363
				Gap between this and next alignment: 2170168 to 2261665 (91496 bp)
				Next Alignment: 2261665 2262230 k99_93_flag_1_multi_3.0000_len_566 1 566

			Align 59: 2261665 2262230 k99_93_flag_1_multi_3.0000_len_566 1 566
				Gap between this and next alignment: 2262230 to 2269936 (7705 bp)
				Next Alignment: 2269936 2270685 k99_154_flag_1_multi_2.0000_len_750 750 1

			Align 60: 2269936 2270685 k99_154_flag_1_multi_2.0000_len_750 750 1
				Gap between this and next alignment: 2270685 to 2271697 (1011 bp)
				Next Alignment: 2271697 2272737 k99_213_flag_1_multi_2.0000_len_1041 1041 1

			Align 61: 2271697 2272737 k99_213_flag_1_multi_2.0000_len_1041 1041 1
				Gap between this and next alignment: 2272737 to 2372585 (99847 bp)
				Next Alignment: 2372585 2373234 k99_308_flag_1_multi_2.0000_len_650 650 1

			Align 62: 2372585 2373234 k99_308_flag_1_multi_2.0000_len_650 650 1
				Gap between this and next alignment: 2373234 to 2389849 (16614 bp)
				Next Alignment: 2389849 2390361 k99_283_flag_1_multi_2.0000_len_513 1 513

			Align 63: 2389849 2390361 k99_283_flag_1_multi_2.0000_len_513 1 513
				Gap between this and next alignment: 2390361 to 2411893 (21531 bp)
				Next Alignment: 2411893 2412435 k99_614_flag_1_multi_3.0000_len_543 543 1

			Align 64: 2411893 2412435 k99_614_flag_1_multi_3.0000_len_543 543 1
				Gap between this and next alignment: 2412435 to 2428444 (16008 bp)
				Next Alignment: 2428444 2428952 k99_69_flag_1_multi_2.0000_len_509 509 1

			Align 65: 2428444 2428952 k99_69_flag_1_multi_2.0000_len_509 509 1
				Gap between this and next alignment: 2428952 to 2447980 (19027 bp)
				Next Alignment: 2447980 2448513 k99_144_flag_1_multi_2.0000_len_534 1 534

			Align 66: 2447980 2448513 k99_144_flag_1_multi_2.0000_len_534 1 534
				Gap between this and next alignment: 2448513 to 2474815 (26301 bp)
				Next Alignment: 2474815 2475371 k99_611_flag_1_multi_2.0000_len_557 1 557

			Align 67: 2474815 2475371 k99_611_flag_1_multi_2.0000_len_557 1 557
				Gap between this and next alignment: 2475371 to 2480152 (4780 bp)
				Next Alignment: 2480152 2480694 k99_272_flag_1_multi_2.0000_len_543 543 1

			Align 68: 2480152 2480694 k99_272_flag_1_multi_2.0000_len_543 543 1
				Gap between this and next alignment: 2480694 to 2483192 (2497 bp)
				Next Alignment: 2483192 2483839 k99_290_flag_1_multi_2.0000_len_648 1 648

			Align 69: 2483192 2483839 k99_290_flag_1_multi_2.0000_len_648 1 648
				Gap between this and next alignment: 2483839 to 2495267 (11427 bp)
				Next Alignment: 2495267 2495846 k99_617_flag_1_multi_3.0000_len_580 1 580

			Align 70: 2495267 2495846 k99_617_flag_1_multi_3.0000_len_580 1 580
				Gap between this and next alignment: 2495846 to 2513323 (17476 bp)
				Next Alignment: 2513323 2513868 k99_85_flag_1_multi_3.0000_len_546 546 1

			Align 71: 2513323 2513868 k99_85_flag_1_multi_3.0000_len_546 546 1
				Gap between this and next alignment: 2513868 to 2532686 (18817 bp)
				Next Alignment: 2532686 2533322 k99_249_flag_1_multi_2.0000_len_637 1 637

			Align 72: 2532686 2533322 k99_249_flag_1_multi_2.0000_len_637 1 637
				Gap between this and next alignment: 2533322 to 2613447 (80124 bp)
				Next Alignment: 2613447 2614389 k99_366_flag_1_multi_2.0000_len_943 1 943

			Align 73: 2613447 2614389 k99_366_flag_1_multi_2.0000_len_943 1 943
				Gap between this and next alignment: 2614389 to 2636722 (22332 bp)
				Next Alignment: 2636722 2637315 k99_607_flag_1_multi_3.0000_len_594 594 1

			Align 74: 2636722 2637315 k99_607_flag_1_multi_3.0000_len_594 594 1
				Gap between this and next alignment: 2637315 to 2684218 (46902 bp)
				Next Alignment: 2684218 2684825 k99_628_flag_1_multi_3.0000_len_608 1 608

			Align 75: 2684218 2684825 k99_628_flag_1_multi_3.0000_len_608 1 608
				Gap between this and next alignment: 2684825 to 2714563 (29737 bp)
				Next Alignment: 2714563 2715113 k99_303_flag_1_multi_2.0000_len_551 551 1

			Align 76: 2714563 2715113 k99_303_flag_1_multi_2.0000_len_551 551 1
				Gap between this and next alignment: 2715113 to 2732156 (17042 bp)
				Next Alignment: 2732156 2732673 k99_618_flag_1_multi_3.0000_len_518 1 518

			Align 77: 2732156 2732673 k99_618_flag_1_multi_3.0000_len_518 1 518
				Gap between this and next alignment: 2732673 to 2745306 (12632 bp)
				Next Alignment: 2745306 2745806 k99_597_flag_1_multi_3.0000_len_501 501 1

			Align 78: 2745306 2745806 k99_597_flag_1_multi_3.0000_len_501 501 1
				Gap between this and next alignment: 2745806 to 2823529 (77722 bp)
				Next Alignment: 2823529 2824103 k99_243_flag_1_multi_2.0000_len_575 575 1

			Align 79: 2823529 2824103 k99_243_flag_1_multi_2.0000_len_575 575 1
				Gap between this and next alignment: 2824103 to 2825197 (1093 bp)
				Next Alignment: 2825197 2825740 k99_100_flag_1_multi_2.0000_len_544 544 1

			Align 80: 2825197 2825740 k99_100_flag_1_multi_2.0000_len_544 544 1
				Gap between this and next alignment: 2825740 to 2855230 (29489 bp)
				Next Alignment: 2855230 2855766 k99_375_flag_1_multi_2.0000_len_537 1 537

			Align 81: 2855230 2855766 k99_375_flag_1_multi_2.0000_len_537 1 537
				Gap between this and next alignment: 2855766 to 2901493 (45726 bp)
				Next Alignment: 2901493 2902063 k99_550_flag_1_multi_3.0000_len_571 571 1

			Align 82: 2901493 2902063 k99_550_flag_1_multi_3.0000_len_571 571 1
				Gap between this and next alignment: 2902063 to 2966960 (64896 bp)
				Next Alignment: 2966960 2967556 k99_553_flag_1_multi_2.0000_len_597 597 1

			Align 83: 2966960 2967556 k99_553_flag_1_multi_2.0000_len_597 597 1
				Gap between this and next alignment: 2967556 to 2980049 (12492 bp)
				Next Alignment: 2980049 2980607 k99_435_flag_1_multi_3.0000_len_559 1 559

			Align 84: 2980049 2980607 k99_435_flag_1_multi_3.0000_len_559 1 559
				Gap between this and next alignment: 2980607 to 3018402 (37794 bp)
				Next Alignment: 3018402 3018925 k99_265_flag_1_multi_2.0000_len_524 1 524

			Align 85: 3018402 3018925 k99_265_flag_1_multi_2.0000_len_524 1 524
				Gap between this and next alignment: 3018925 to 3025962 (7036 bp)
				Next Alignment: 3025962 3026569 k99_523_flag_1_multi_2.0000_len_608 608 1

			Align 86: 3025962 3026569 k99_523_flag_1_multi_2.0000_len_608 608 1
				Gap between this and next alignment: 3026569 to 3029075 (2505 bp)
				Next Alignment: 3029075 3029716 k99_226_flag_1_multi_2.0000_len_642 642 1

			Align 87: 3029075 3029716 k99_226_flag_1_multi_2.0000_len_642 642 1
				Gap between this and next alignment: 3029716 to 3060441 (30724 bp)
				Next Alignment: 3060441 3060972 k99_583_flag_1_multi_2.0000_len_532 532 1

			Align 88: 3060441 3060972 k99_583_flag_1_multi_2.0000_len_532 532 1
				Gap between this and next alignment: 3060972 to 3073571 (12598 bp)
				Next Alignment: 3073571 3074240 k99_175_flag_1_multi_3.0000_len_670 670 1

			Align 89: 3073571 3074240 k99_175_flag_1_multi_3.0000_len_670 670 1
				Gap between this and next alignment: 3074240 to 3090237 (15996 bp)
				Next Alignment: 3090237 3090782 k99_137_flag_1_multi_3.0000_len_546 546 1

			Align 90: 3090237 3090782 k99_137_flag_1_multi_3.0000_len_546 546 1
				Gap between this and next alignment: 3090782 to 3187428 (96645 bp)
				Next Alignment: 3187428 3187519 k99_673_flag_1_multi_8.0000_len_1556 1465 1556

			Align 91: 3187428 3187519 k99_673_flag_1_multi_8.0000_len_1556 1465 1556
				Gap between this and next alignment: 3187519 to 3212751 (25231 bp)
				Next Alignment: 3212751 3213377 k99_193_flag_1_multi_3.0000_len_627 627 1

			Align 92: 3212751 3213377 k99_193_flag_1_multi_3.0000_len_627 627 1
				Gap between this and next alignment: 3213377 to 3272143 (58765 bp)
				Next Alignment: 3272143 3272643 k99_133_flag_1_multi_2.0000_len_501 1 501

			Align 93: 3272143 3272643 k99_133_flag_1_multi_2.0000_len_501 1 501
				Gap between this and next alignment: 3272643 to 3303478 (30834 bp)
				Next Alignment: 3303478 3304006 k99_111_flag_1_multi_2.0000_len_529 529 1

			Align 94: 3303478 3304006 k99_111_flag_1_multi_2.0000_len_529 529 1
				Gap between this and next alignment: 3304006 to 3307659 (3652 bp)
				Next Alignment: 3307659 3308173 k99_16_flag_1_multi_2.0000_len_515 515 1

			Align 95: 3307659 3308173 k99_16_flag_1_multi_2.0000_len_515 515 1
				Gap between this and next alignment: 3308173 to 3373180 (65006 bp)
				Next Alignment: 3373180 3373903 k99_534_flag_1_multi_2.0000_len_724 1 724

			Align 96: 3373180 3373903 k99_534_flag_1_multi_2.0000_len_724 1 724
				Gap between this and next alignment: 3373903 to 3409655 (35751 bp)
				Next Alignment: 3409655 3410171 k99_207_flag_1_multi_2.0000_len_517 1 517

			Align 97: 3409655 3410171 k99_207_flag_1_multi_2.0000_len_517 1 517
				Gap between this and next alignment: 3410171 to 3423577 (13405 bp)
				Next Alignment: 3423577 3428908 k99_438_flag_0_multi_7.9557_len_5425 5341 1

			Align 98: 3423577 3428908 k99_438_flag_0_multi_7.9557_len_5425 5341 1
				Gap between this and next alignment: 3428908 to 3468512 (39603 bp)
				Next Alignment: 3468512 3469118 k99_323_flag_1_multi_3.0000_len_607 607 1

			Align 99: 3468512 3469118 k99_323_flag_1_multi_3.0000_len_607 607 1
				Gap between this and next alignment: 3469118 to 3496392 (27273 bp)
				Next Alignment: 3496392 3496987 k99_348_flag_1_multi_2.0000_len_596 596 1

			Align 100: 3496392 3496987 k99_348_flag_1_multi_2.0000_len_596 596 1
				Gap between this and next alignment: 3496987 to 3504459 (7471 bp)
				Next Alignment: 3504459 3505106 k99_429_flag_1_multi_3.0000_len_648 648 1

			Align 101: 3504459 3505106 k99_429_flag_1_multi_3.0000_len_648 648 1
				Gap between this and next alignment: 3505106 to 3534923 (29816 bp)
				Next Alignment: 3534923 3535457 k99_342_flag_1_multi_2.0000_len_535 1 535

			Align 102: 3534923 3535457 k99_342_flag_1_multi_2.0000_len_535 1 535
				Gap between this and next alignment: 3535457 to 3551282 (15824 bp)
				Next Alignment: 3551282 3551817 k99_572_flag_1_multi_2.0000_len_536 1 536

			Align 103: 3551282 3551817 k99_572_flag_1_multi_2.0000_len_536 1 536
				Gap between this and next alignment: 3551817 to 3601091 (49273 bp)
				Next Alignment: 3601091 3601989 k99_48_flag_1_multi_3.0000_len_899 899 1

			Align 104: 3601091 3601989 k99_48_flag_1_multi_3.0000_len_899 899 1
				Gap between this and next alignment: 3601989 to 3604079 (2089 bp)
				Next Alignment: 3604079 3604767 k99_51_flag_1_multi_3.0000_len_689 689 1

			Align 105: 3604079 3604767 k99_51_flag_1_multi_3.0000_len_689 689 1
				Gap between this and next alignment: 3604767 to 3605260 (492 bp)
				Next Alignment: 3605260 3605881 k99_328_flag_1_multi_2.0000_len_622 1 622

			Align 106: 3605260 3605881 k99_328_flag_1_multi_2.0000_len_622 1 622
				Gap between this and next alignment: 3605881 to 3619355 (13473 bp)
				Next Alignment: 3619355 3620203 k99_527_flag_1_multi_4.0000_len_849 849 1

			Align 107: 3619355 3620203 k99_527_flag_1_multi_4.0000_len_849 849 1
				Gap between this and next alignment: 3620203 to 3624334 (4130 bp)
				Next Alignment: 3624334 3625298 k99_532_flag_1_multi_3.0000_len_964 964 1

			Align 108: 3624334 3625298 k99_532_flag_1_multi_3.0000_len_964 964 1
				Gap between this and next alignment: 3625298 to 3632009 (6710 bp)
				Next Alignment: 3632009 3632604 k99_288_flag_1_multi_3.0000_len_596 596 1

			Align 109: 3632009 3632604 k99_288_flag_1_multi_3.0000_len_596 596 1
				Gap between this and next alignment: 3632604 to 3647239 (14634 bp)
				Next Alignment: 3647239 3647761 k99_417_flag_1_multi_2.0000_len_567 1 523

			Align 110: 3647239 3647761 k99_417_flag_1_multi_2.0000_len_567 1 523
				Gap between this and next alignment: 3647761 to 3681942 (34180 bp)
				Next Alignment: 3681942 3682589 k99_576_flag_1_multi_2.0000_len_648 648 1

			Align 111: 3681942 3682589 k99_576_flag_1_multi_2.0000_len_648 648 1
				Gap between this and next alignment: 3682589 to 3749629 (67039 bp)
				Next Alignment: 3749629 3750208 k99_520_flag_1_multi_3.0000_len_580 1 580

			Align 112: 3749629 3750208 k99_520_flag_1_multi_3.0000_len_580 1 580
				Gap between this and next alignment: 3750208 to 3752595 (2386 bp)
				Next Alignment: 3752595 3753120 k99_216_flag_1_multi_2.0000_len_526 526 1

			Align 113: 3752595 3753120 k99_216_flag_1_multi_2.0000_len_526 526 1
				Gap between this and next alignment: 3753120 to 3763120 (9999 bp)
				Next Alignment: 3763120 3765599 k99_476_flag_1_multi_3.9345_len_2480 2480 1

			Align 114: 3763120 3765599 k99_476_flag_1_multi_3.9345_len_2480 2480 1
				Gap between this and next alignment: 3765599 to 3766867 (1267 bp)
				Next Alignment: 3766867 3767441 k99_422_flag_1_multi_2.6660_len_575 1 575

			Align 115: 3766867 3767441 k99_422_flag_1_multi_2.6660_len_575 1 575
				Gap between this and next alignment: 3767441 to 3774954 (7512 bp)
				Next Alignment: 3774954 3775547 k99_456_flag_1_multi_2.0000_len_594 1 594

			Align 116: 3774954 3775547 k99_456_flag_1_multi_2.0000_len_594 1 594
				Gap between this and next alignment: 3775547 to 3775873 (325 bp)
				Next Alignment: 3775873 3776420 k99_448_flag_1_multi_2.0000_len_548 548 1

			Align 117: 3775873 3776420 k99_448_flag_1_multi_2.0000_len_548 548 1
				Gap between this and next alignment: 3776420 to 3778620 (2199 bp)
				Next Alignment: 3778620 3779129 k99_367_flag_1_multi_3.0000_len_510 510 1

			Align 118: 3778620 3779129 k99_367_flag_1_multi_3.0000_len_510 510 1
				Gap between this and next alignment: 3779129 to 3827226 (48096 bp)
				Next Alignment: 3827226 3827760 k99_71_flag_1_multi_2.0000_len_535 1 535

			Align 119: 3827226 3827760 k99_71_flag_1_multi_2.0000_len_535 1 535
				Gap between this and next alignment: 3827760 to 3873919 (46158 bp)
				Next Alignment: 3873919 3874504 k99_8_flag_1_multi_2.0000_len_586 586 1

			Align 120: 3873919 3874504 k99_8_flag_1_multi_2.0000_len_586 586 1
				Gap between this and next alignment: 3874504 to 3939568 (65063 bp)
				Next Alignment: 3939568 3940136 k99_18_flag_1_multi_2.0000_len_569 1 569

			Align 121: 3939568 3940136 k99_18_flag_1_multi_2.0000_len_569 1 569
				Gap between this and next alignment: 3940136 to 3998723 (58586 bp)
				Next Alignment: 3998723 3999333 k99_235_flag_1_multi_2.0000_len_611 611 1

			Align 122: 3998723 3999333 k99_235_flag_1_multi_2.0000_len_611 611 1
				Gap between this and next alignment: 3999333 to 4043124 (43790 bp)
				Next Alignment: 4043124 4043658 k99_228_flag_1_multi_2.0000_len_535 1 535

			Align 123: 4043124 4043658 k99_228_flag_1_multi_2.0000_len_535 1 535
				Gap between this and next alignment: 4043658 to 4065200 (21541 bp)
				Next Alignment: 4065200 4065736 k99_271_flag_1_multi_2.0000_len_537 1 537

			Align 124: 4065200 4065736 k99_271_flag_1_multi_2.0000_len_537 1 537
				Gap between this and next alignment: 4065736 to 4112022 (46285 bp)
				Next Alignment: 4112022 4112817 k99_177_flag_1_multi_2.0000_len_796 1 796

			Align 125: 4112022 4112817 k99_177_flag_1_multi_2.0000_len_796 1 796
				Gap between this and next alignment: 4112817 to 4172231 (59413 bp)
				Next Alignment: 4172231 4172813 k99_562_flag_1_multi_2.0000_len_583 1 583

			Align 126: 4172231 4172813 k99_562_flag_1_multi_2.0000_len_583 1 583
				Gap between this and next alignment: 4172813 to 4175833 (3019 bp)
				Next Alignment: 4175833 4175916 k99_438_flag_0_multi_7.9557_len_5425 5342 5425

			Align 127: 4175833 4175916 k99_438_flag_0_multi_7.9557_len_5425 5342 5425
				Gap between this and next alignment: 4175916 to 4202585 (26668 bp)
				Next Alignment: 4202585 4203263 k99_76_flag_1_multi_2.0000_len_679 1 679

			Align 128: 4202585 4203263 k99_76_flag_1_multi_2.0000_len_679 1 679
				Gap between this and next alignment: 4203263 to 4228312 (25048 bp)
				Next Alignment: 4228312 4228828 k99_410_flag_1_multi_2.0000_len_517 517 1

			Align 129: 4228312 4228828 k99_410_flag_1_multi_2.0000_len_517 517 1
				Gap between this and next alignment: 4228828 to 4294641 (65812 bp)
				Next Alignment: 4294641 4295167 k99_405_flag_1_multi_2.0000_len_527 1 527

			Align 130: 4294641 4295167 k99_405_flag_1_multi_2.0000_len_527 1 527
				Gap between this and next alignment: 4295167 to 4300750 (5582 bp)
				Next Alignment: 4300750 4301271 k99_543_flag_1_multi_2.0000_len_522 522 1

			Align 131: 4300750 4301271 k99_543_flag_1_multi_2.0000_len_522 522 1
				Gap between this and next alignment: 4301271 to 4383300 (82028 bp)
				Next Alignment: 4383300 4383949 k99_656_flag_1_multi_2.0000_len_650 650 1

			Align 132: 4383300 4383949 k99_656_flag_1_multi_2.0000_len_650 650 1
				Gap between this and next alignment: 4383949 to 4473964 (90014 bp)
				Next Alignment: 4473964 4474559 k99_125_flag_1_multi_2.0000_len_596 1 596

			Align 133: 4473964 4474559 k99_125_flag_1_multi_2.0000_len_596 1 596
				Gap between this and next alignment: 4474559 to 4507424 (32864 bp)
				Next Alignment: 4507424 4508209 k99_202_flag_1_multi_3.0000_len_786 786 1

			Align 134: 4507424 4508209 k99_202_flag_1_multi_3.0000_len_786 786 1
				Gap between this and next alignment: 4508209 to 4522095 (13885 bp)
				Next Alignment: 4522095 4522901 k99_463_flag_1_multi_2.0000_len_807 1 807

			Align 135: 4522095 4522901 k99_463_flag_1_multi_2.0000_len_807 1 807
				Gap between this and next alignment: 4522901 to 4523733 (831 bp)
				Next Alignment: 4523733 4524375 k99_237_flag_1_multi_3.0000_len_643 1 643

			Align 136: 4523733 4524375 k99_237_flag_1_multi_3.0000_len_643 1 643
				Gap between this and next alignment: 4524375 to 4574416 (50040 bp)
				Next Alignment: 4574416 4574956 k99_179_flag_1_multi_2.0000_len_541 1 541

			Align 137: 4574416 4574956 k99_179_flag_1_multi_2.0000_len_541 1 541
				Gap between this and next alignment: 4574956 to 4621436 (46479 bp)
				Next Alignment: 4621436 4622285 k99_434_flag_1_multi_3.0000_len_850 850 1

			Align 138: 4621436 4622285 k99_434_flag_1_multi_3.0000_len_850 850 1
				Gap between this and next alignment: 4622285 to 4622516 (230 bp)
				Next Alignment: 4622516 4623446 k99_12_flag_1_multi_2.0000_len_931 931 1

			Align 139: 4622516 4623446 k99_12_flag_1_multi_2.0000_len_931 931 1
				Gap between this and next alignment: 4623446 to 4626867 (3420 bp)
				Next Alignment: 4626867 4627466 k99_561_flag_1_multi_3.0000_len_600 600 1

			Align 140: 4626867 4627466 k99_561_flag_1_multi_3.0000_len_600 600 1
			END in gap: 4627466 to 4641652 (14186 bp)

Analysis is finished!
Founded SNPs were written into /net/metagenomics/projects/afritz_assemblies/Coverage_Sweep_wgsim/000_error/MEGAHIT_cov2/quast/runs_per_reference/e_coli_k12/contigs_reports/nucmer_output/final.contigs.used_snps

Results:
	Local Misassemblies: 0
	Misassemblies: 4
		Relocations: 4
		Translocations: 0
		Inversions: 0
	Misassembled Contigs: 4
	Misassembled Contig Bases: 9972
	Misassemblies Inter-Contig Overlap: 0
Uncovered Regions: 0 (0)
Unaligned Contigs: 0 + 2 part
Partially Unaligned Contigs with Misassemblies: 0
Unaligned Contig Bases: 79

Ambiguously Mapped Contigs: 3
Total Bases in Ambiguously Mapped Contigs: 3894
Note that --allow-ambiguity option was set to "one" and only first alignment per each contig was used.

	Covered Bases: 93038

	SNPs: 65
	Insertions: 11
	Deletions: 4

	Positive Gaps: 141
		Internal Gaps:  0
		External Gaps:  141
		External Gap Total:  4548614
		External Gap Average: 32260
	Negative Gaps: 0
		Internal Overlaps:  0
		External Overlaps:  0
		External Overlaps Total:  0
		External Overlaps Average: 0
	Contigs with Redundant Alignments: 0 (0)
