/home/afritz/Programs/quast-3.2/quast.pyc --silent  --meta  --combined-ref  --ambiguity-usage all -R /home/afritz/Data/Metagenome_Simulation/Ecoli_cov16/Assemblies/MEGAHIT/metaquast/quast_corrected_input/combined_reference.fasta -o /home/afritz/Data/Metagenome_Simulation/Ecoli_cov16/Assemblies/MEGAHIT/metaquast/combined_reference --labels final.contigs final.contigs.fa

Started: 2016-02-18 09:59:38

Logging to /home/afritz/Data/Metagenome_Simulation/Ecoli_cov16/Assemblies/MEGAHIT/metaquast/combined_reference/quast.log

NOTICE: Maximum number of threads is set to 15 (use --threads option to set it manually)

Main parameters: 
  Threads: 15, meta: true, minimum contig length: 500, ambiguity: all, threshold for extensive misassembly size: 1000

Reference:
  /home/afritz/Data/Metagenome_Simulation/Ecoli_cov16/Assemblies/MEGAHIT/metaquast/quast_corrected_input/combined_reference.fasta ==> combined_reference

Contigs:
  final.contigs.fa ==> final.contigs

2016-02-18 09:59:39
Running Basic statistics processor...
  Reference genome:
    combined_reference.fasta__1, Reference length = 4641652, Reference GC % = 50.79
  Contig files: 
    final.contigs
  Calculating N50 and L50...
    final.contigs, N50 = 23507, L50 = 65, Total length = 4609297, GC % = 50.75, # N's per 100 kbp =  0.00
  Drawing Nx plot...
    saved to /home/afritz/Data/Metagenome_Simulation/Ecoli_cov16/Assemblies/MEGAHIT/metaquast/combined_reference/basic_stats/Nx_plot.pdf
  Drawing cumulative plot...
    saved to /home/afritz/Data/Metagenome_Simulation/Ecoli_cov16/Assemblies/MEGAHIT/metaquast/combined_reference/basic_stats/cumulative_plot.pdf
Done.

2016-02-18 09:59:40
Running Contig analyzer...
  final.contigs
  Logging to files /home/afritz/Data/Metagenome_Simulation/Ecoli_cov16/Assemblies/MEGAHIT/metaquast/combined_reference/contigs_reports/contigs_report_final.contigs.stdout and contigs_report_final.contigs.stderr...
  Running Nucmer
  /home/afritz/Programs/quast-3.2/libs/MUMmer3.23-linux/nucmer -c 65 -l 65 --maxmatch \
  -p metaquast/combined_reference/contigs_reports/nucmer_output/final.contigs metaquast/quast_corrected_input/combined_reference.fasta__1 \
  metaquast/quast_corrected_input/final.contigs.fa >> metaquast/combined_reference/contigs_reports/contigs_report_final.contigs.stdout \
  2>> metaquast/combined_reference/contigs_reports/contigs_report_final.contigs.stderr
  /home/afritz/Programs/quast-3.2/libs/MUMmer3.23-linux/delta-filter -i 95 -l 0 metaquast/combined_reference/contigs_reports/nucmer_output/final.contigs.delta \
  > metaquast/combined_reference/contigs_reports/nucmer_output/final.contigs.fdelta \
  2> metaquast/combined_reference/contigs_reports/contigs_report_final.contigs.stderr
  /home/afritz/Programs/quast-3.2/libs/MUMmer3.23-linux/show-coords metaquast/combined_reference/contigs_reports/nucmer_output/final.contigs.delta \
  > metaquast/combined_reference/contigs_reports/nucmer_output/final.contigs.coords_tmp \
  2> metaquast/combined_reference/contigs_reports/contigs_report_final.contigs.stderr
  /home/afritz/Programs/quast-3.2/libs/MUMmer3.23-linux/show-snps -S -T -H metaquast/combined_reference/contigs_reports/nucmer_output/final.contigs.delta \
  < metaquast/combined_reference/contigs_reports/nucmer_output/final.contigs.coords.headless \
  > metaquast/combined_reference/contigs_reports/nucmer_output/final.contigs.all_snps \
  2> metaquast/combined_reference/contigs_reports/contigs_report_final.contigs.stderr
  Alignments: metaquast/combined_reference/contigs_reports/alignments_final.contigs.tsv
  Analysis is finished.

  Information about interspecies translocations by references is saved to /home/afritz/Data/Metagenome_Simulation/Ecoli_cov16/Assemblies/MEGAHIT/metaquast/combined_reference/contigs_reports/interspecies_translocations_by_refs_final.contigs.info
  Creating total report...
    saved to /home/afritz/Data/Metagenome_Simulation/Ecoli_cov16/Assemblies/MEGAHIT/metaquast/combined_reference/contigs_reports/misassemblies_report.txt, misassemblies_report.tsv, and misassemblies_report.tex
  Transposed version of total report...
    saved to /home/afritz/Data/Metagenome_Simulation/Ecoli_cov16/Assemblies/MEGAHIT/metaquast/combined_reference/contigs_reports/transposed_report_misassemblies.txt, transposed_report_misassemblies.tsv, and transposed_report_misassemblies.tex
  Creating total report...
    saved to /home/afritz/Data/Metagenome_Simulation/Ecoli_cov16/Assemblies/MEGAHIT/metaquast/combined_reference/contigs_reports/unaligned_report.txt, unaligned_report.tsv, and unaligned_report.tex
  Drawing misassemblies by types plot...
    saved to /home/afritz/Data/Metagenome_Simulation/Ecoli_cov16/Assemblies/MEGAHIT/metaquast/combined_reference/contigs_reports/misassemblies_plot.pdf
Done.

2016-02-18 10:00:01
Running NA-NGA calculation...
  final.contigs, Largest alignment = 94484, NA50 = 23507, LA50 = 65
  Drawing cumulative plot...
    saved to /home/afritz/Data/Metagenome_Simulation/Ecoli_cov16/Assemblies/MEGAHIT/metaquast/combined_reference/aligned_stats/cumulative_plot.pdf
  Drawing NAx plot...
    saved to /home/afritz/Data/Metagenome_Simulation/Ecoli_cov16/Assemblies/MEGAHIT/metaquast/combined_reference/aligned_stats/NAx_plot.pdf
Done.

2016-02-18 10:00:01
Running Genome analyzer...
  NOTICE: No file with genes provided. Use the -G option if you want to specify it.
  NOTICE: No file with operons provided. Use the -O option if you want to specify it.
  final.contigs
  Analysis is finished.
  Skipping drawing Genome fraction, % histogram... (less than 2 columns histogram makes no sense)
Done.

NOTICE: Genes are not predicted by default. Use --gene-finding option to enable it.

2016-02-18 10:00:03
Drawing large plots...
This may take a while: press Ctrl-C to skip this step..
  1 of 2: Creating contig alignment plot...
  2 of 2: Creating PDF with all tables and plots...
Done

2016-02-18 10:00:05
RESULTS:
  Text versions of total report are saved to /home/afritz/Data/Metagenome_Simulation/Ecoli_cov16/Assemblies/MEGAHIT/metaquast/combined_reference/report.txt, report.tsv, and report.tex
  Text versions of transposed total report are saved to /home/afritz/Data/Metagenome_Simulation/Ecoli_cov16/Assemblies/MEGAHIT/metaquast/combined_reference/transposed_report.txt, transposed_report.tsv, and transposed_report.tex
  HTML version (interactive tables and plots) saved to /home/afritz/Data/Metagenome_Simulation/Ecoli_cov16/Assemblies/MEGAHIT/metaquast/combined_reference/report.html
  PDF version (tables and plots) saved to /home/afritz/Data/Metagenome_Simulation/Ecoli_cov16/Assemblies/MEGAHIT/metaquast/combined_reference/report.pdf
  Contig alignment plot: /home/afritz/Data/Metagenome_Simulation/Ecoli_cov16/Assemblies/MEGAHIT/metaquast/combined_reference/alignment.svg
