Aligning contigs to reference...
	Running Nucmer
Parsing coords...
Loading reference...
	Loaded [gi_556503834_ref_NC_000913.3_]
Loading SNPs...
Loading regions...
	No regions given, using whole reference.
	Total Regions: 1
	Total Region Length: 4641652
Analyzing contigs...
CONTIG: NODE_1_length_327064_cov_325.938_ID_389803 (327064bp)
Top Length: 327064  Top ID: 99.99
		One align captures most of this contig: 1651494 1978557 | 1 327064 | 327064 327064 | 99.99 | gi_556503834_ref_NC_000913.3_ NODE_1_length_327064_cov_325.938_ID_389803

CONTIG: NODE_2_length_316718_cov_334.427_ID_389805 (316718bp)
Top Length: 316718  Top ID: 99.99
		Marking as insignificant: 2520931 2521006 | 47903 47978 | 76 76 | 100.0 | gi_556503834_ref_NC_000913.3_ NODE_2_length_316718_cov_334.427_ID_389805
		Marking as insignificant: 2520931 2521006 | 47598 47673 | 76 76 | 100.0 | gi_556503834_ref_NC_000913.3_ NODE_2_length_316718_cov_334.427_ID_389805
		Marking as insignificant: 2521253 2521330 | 47387 47464 | 78 78 | 100.0 | gi_556503834_ref_NC_000913.3_ NODE_2_length_316718_cov_334.427_ID_389805
		Marking as insignificant: 2521051 2521129 | 47598 47676 | 79 79 | 100.0 | gi_556503834_ref_NC_000913.3_ NODE_2_length_316718_cov_334.427_ID_389805
		Marking as insignificant: 2521051 2521129 | 47903 47981 | 79 79 | 100.0 | gi_556503834_ref_NC_000913.3_ NODE_2_length_316718_cov_334.427_ID_389805
		Marking as insignificant: 2521253 2521335 | 48205 48287 | 83 83 | 98.8 | gi_556503834_ref_NC_000913.3_ NODE_2_length_316718_cov_334.427_ID_389805
		Marking as insignificant: 3071271 3071396 | 70158 70283 | 126 126 | 98.41 | gi_556503834_ref_NC_000913.3_ NODE_2_length_316718_cov_334.427_ID_389805
		Marking as insignificant: 596978 597105 | 70156 70283 | 128 128 | 99.22 | gi_556503834_ref_NC_000913.3_ NODE_2_length_316718_cov_334.427_ID_389805
		Marking as insignificant: 1097522 1097659 | 192677 192814 | 138 138 | 98.55 | gi_556503834_ref_NC_000913.3_ NODE_2_length_316718_cov_334.427_ID_389805
		Marking as insignificant: 2521173 2521328 | 47903 48058 | 156 156 | 100.0 | gi_556503834_ref_NC_000913.3_ NODE_2_length_316718_cov_334.427_ID_389805
		Marking as insignificant: 2521173 2521328 | 47598 47753 | 156 156 | 100.0 | gi_556503834_ref_NC_000913.3_ NODE_2_length_316718_cov_334.427_ID_389805
		Marking as insignificant: 2229115 2229376 | 182124 181863 | 262 262 | 95.42 | gi_556503834_ref_NC_000913.3_ NODE_2_length_316718_cov_334.427_ID_389805
		Marking as insignificant: 2521253 2521520 | 48413 48680 | 268 268 | 99.63 | gi_556503834_ref_NC_000913.3_ NODE_2_length_316718_cov_334.427_ID_389805
		Marking as insignificant: 3767197 3767651 | 1547 2002 | 455 456 | 95.39 | gi_556503834_ref_NC_000913.3_ NODE_2_length_316718_cov_334.427_ID_389805
		Marking as insignificant: 1531696 1532584 | 4805 5693 | 889 889 | 97.3 | gi_556503834_ref_NC_000913.3_ NODE_2_length_316718_cov_334.427_ID_389805
		Marking as insignificant: 3624258 3625146 | 4805 5693 | 889 889 | 98.2 | gi_556503834_ref_NC_000913.3_ NODE_2_length_316718_cov_334.427_ID_389805
		Marking as insignificant: 3621886 3622880 | 981 1975 | 995 995 | 98.39 | gi_556503834_ref_NC_000913.3_ NODE_2_length_316718_cov_334.427_ID_389805
		Marking as insignificant: 3764877 3765899 | 981 2003 | 1023 1023 | 98.73 | gi_556503834_ref_NC_000913.3_ NODE_2_length_316718_cov_334.427_ID_389805
		Marking as insignificant: 732277 733311 | 981 2015 | 1035 1035 | 97.68 | gi_556503834_ref_NC_000913.3_ NODE_2_length_316718_cov_334.427_ID_389805
		Marking as insignificant: 1531697 1532962 | 3540 4804 | 1266 1265 | 96.68 | gi_556503834_ref_NC_000913.3_ NODE_2_length_316718_cov_334.427_ID_389805
		Marking as insignificant: 3624233 3625524 | 3514 4804 | 1292 1291 | 96.21 | gi_556503834_ref_NC_000913.3_ NODE_2_length_316718_cov_334.427_ID_389805
		One align captures most of this contig: 733168 1049882 | 1 316718 | 316715 316718 | 99.99 | gi_556503834_ref_NC_000913.3_ NODE_2_length_316718_cov_334.427_ID_389805

CONTIG: NODE_3_length_284899_cov_327.015_ID_389807 (284899bp)
Top Length: 202174  Top ID: 99.99
		Skipping redundant alignment 4295948 4296322 | 82726 83098 | 375 373 | 97.33 | gi_556503834_ref_NC_000913.3_ NODE_3_length_284899_cov_327.015_ID_389807
		Skipping redundant alignment 1992042 1992117 | 179100 179025 | 76 76 | 100.0 | gi_556503834_ref_NC_000913.3_ NODE_3_length_284899_cov_327.015_ID_389807
		Skipping redundant alignment 1992042 1992117 | 179211 179136 | 76 76 | 100.0 | gi_556503834_ref_NC_000913.3_ NODE_3_length_284899_cov_327.015_ID_389807
		Skipping redundant alignment 1992042 1992117 | 179322 179247 | 76 76 | 100.0 | gi_556503834_ref_NC_000913.3_ NODE_3_length_284899_cov_327.015_ID_389807
		This contig is misassembled. 6 total aligns.
			Excluding internal overlap of size 373 between Alignment 1 and 2:  4213110 4296209 | 1 83098 | 83100 83098 --> 4213110 4295836 | 1 82725 | 82727 82725
			Real Alignment 1: 4213110 4295836 | 1 82725 | 82727 82725 | 99.99 | gi_556503834_ref_NC_000913.3_ NODE_3_length_284899_cov_327.015_ID_389807
			  Gap between these two alignments (local misassembly). Inconsistency = 224 
			Real Alignment 2: 4296061 4498235 | 82726 284899 | 202175 202174 | 99.99 | gi_556503834_ref_NC_000913.3_ NODE_3_length_284899_cov_327.015_ID_389807

CONTIG: NODE_4_length_264571_cov_327.955_ID_389809 (264571bp)
Top Length: 178219  Top ID: 99.99
		Skipping redundant alignment 290428 290633 | 28451 28656 | 206 206 | 99.51 | gi_556503834_ref_NC_000913.3_ NODE_4_length_264571_cov_327.955_ID_389809
		This contig is misassembled. 3 total aligns.
			Excluding internal overlap of size 354 between Alignment 1 and 2:  2731431 2818136 | 1 86706 | 86706 86706 --> 2731431 2817782 | 1 86352 | 86352 86352
			Real Alignment 1: 2731431 2817782 | 1 86352 | 86352 86352 | 99.99 | gi_556503834_ref_NC_000913.3_ NODE_4_length_264571_cov_327.955_ID_389809
			  Gap between these two alignments (local misassembly). Inconsistency = 414 
			Real Alignment 2: 2818197 2996415 | 86353 264571 | 178219 178219 | 99.99 | gi_556503834_ref_NC_000913.3_ NODE_4_length_264571_cov_327.955_ID_389809

CONTIG: NODE_5_length_224269_cov_327.292_ID_389811 (224269bp)
Top Length: 224269  Top ID: 99.99
		Marking as insignificant: 1207563 1207804 | 182065 181824 | 242 242 | 95.04 | gi_556503834_ref_NC_000913.3_ NODE_5_length_224269_cov_327.292_ID_389811
		One align captures most of this contig: 2290059 2514327 | 1 224269 | 224269 224269 | 99.99 | gi_556503834_ref_NC_000913.3_ NODE_5_length_224269_cov_327.292_ID_389811

CONTIG: NODE_6_length_210558_cov_329.501_ID_389813 (210558bp)
Top Length: 210558  Top ID: 99.99
		Marking as insignificant: 780765 780841 | 205068 204992 | 77 77 | 100.0 | gi_556503834_ref_NC_000913.3_ NODE_6_length_210558_cov_329.501_ID_389813
		Marking as insignificant: 780765 780841 | 205190 205114 | 77 77 | 100.0 | gi_556503834_ref_NC_000913.3_ NODE_6_length_210558_cov_329.501_ID_389813
		Marking as insignificant: 781068 781145 | 205068 204991 | 78 78 | 100.0 | gi_556503834_ref_NC_000913.3_ NODE_6_length_210558_cov_329.501_ID_389813
		Marking as insignificant: 781068 781145 | 205190 205113 | 78 78 | 100.0 | gi_556503834_ref_NC_000913.3_ NODE_6_length_210558_cov_329.501_ID_389813
		Marking as insignificant: 780554 780631 | 204866 204789 | 78 78 | 100.0 | gi_556503834_ref_NC_000913.3_ NODE_6_length_210558_cov_329.501_ID_389813
		Marking as insignificant: 781369 781451 | 204866 204784 | 83 83 | 98.8 | gi_556503834_ref_NC_000913.3_ NODE_6_length_210558_cov_329.501_ID_389813
		Marking as insignificant: 780765 780918 | 204946 204791 | 154 156 | 98.72 | gi_556503834_ref_NC_000913.3_ NODE_6_length_210558_cov_329.501_ID_389813
		Marking as insignificant: 781068 781222 | 204946 204791 | 155 156 | 99.36 | gi_556503834_ref_NC_000913.3_ NODE_6_length_210558_cov_329.501_ID_389813
		Marking as insignificant: 781577 781844 | 204866 204599 | 268 268 | 100.0 | gi_556503834_ref_NC_000913.3_ NODE_6_length_210558_cov_329.501_ID_389813
		One align captures most of this contig: 2515563 2726118 | 210558 1 | 210556 210558 | 99.99 | gi_556503834_ref_NC_000913.3_ NODE_6_length_210558_cov_329.501_ID_389813

CONTIG: NODE_7_length_203221_cov_326.829_ID_389815 (203221bp)
Top Length: 203221  Top ID: 99.99
		Marking as insignificant: 1979166 1979270 | 203221 203117 | 105 105 | 100.0 | gi_556503834_ref_NC_000913.3_ NODE_7_length_203221_cov_326.829_ID_389815
		Marking as insignificant: 291297 291401 | 203221 203117 | 105 105 | 100.0 | gi_556503834_ref_NC_000913.3_ NODE_7_length_203221_cov_326.829_ID_389815
		Marking as insignificant: 279826 279930 | 203221 203117 | 105 105 | 100.0 | gi_556503834_ref_NC_000913.3_ NODE_7_length_203221_cov_326.829_ID_389815
		Marking as insignificant: 3583427 3583532 | 203116 203221 | 106 106 | 100.0 | gi_556503834_ref_NC_000913.3_ NODE_7_length_203221_cov_326.829_ID_389815
		Marking as insignificant: 258571 258676 | 203221 203116 | 106 106 | 100.0 | gi_556503834_ref_NC_000913.3_ NODE_7_length_203221_cov_326.829_ID_389815
		Marking as insignificant: 3428854 3428998 | 1 145 | 145 145 | 100.0 | gi_556503834_ref_NC_000913.3_ NODE_7_length_203221_cov_326.829_ID_389815
		Marking as insignificant: 4207843 4208055 | 215 1 | 213 215 | 98.14 | gi_556503834_ref_NC_000913.3_ NODE_7_length_203221_cov_326.829_ID_389815
		One align captures most of this contig: 20459 223679 | 203221 1 | 203221 203221 | 99.99 | gi_556503834_ref_NC_000913.3_ NODE_7_length_203221_cov_326.829_ID_389815

CONTIG: NODE_8_length_178239_cov_326.593_ID_389817 (178239bp)
Top Length: 178239  Top ID: 99.99
		Marking as insignificant: 2785762 2785837 | 28302 28227 | 76 76 | 98.68 | gi_556503834_ref_NC_000913.3_ NODE_8_length_178239_cov_326.593_ID_389817
		One align captures most of this contig: 3187372 3365610 | 1 178239 | 178239 178239 | 99.99 | gi_556503834_ref_NC_000913.3_ NODE_8_length_178239_cov_326.593_ID_389817

CONTIG: NODE_9_length_175735_cov_330.078_ID_389819 (175735bp)
Top Length: 175735  Top ID: 99.99
		Marking as insignificant: 3623835 3624233 | 175218 174820 | 399 399 | 99.0 | gi_556503834_ref_NC_000913.3_ NODE_9_length_175735_cov_330.078_ID_389819
		Marking as insignificant: 3622452 3622880 | 174306 173879 | 429 428 | 96.74 | gi_556503834_ref_NC_000913.3_ NODE_9_length_175735_cov_330.078_ID_389819
		Marking as insignificant: 3765443 3765895 | 174306 173855 | 453 452 | 97.35 | gi_556503834_ref_NC_000913.3_ NODE_9_length_175735_cov_330.078_ID_389819
		Marking as insignificant: 734714 735169 | 174306 173852 | 456 455 | 97.59 | gi_556503834_ref_NC_000913.3_ NODE_9_length_175735_cov_330.078_ID_389819
		One align captures most of this contig: 3765768 3941502 | 175735 1 | 175735 175735 | 99.99 | gi_556503834_ref_NC_000913.3_ NODE_9_length_175735_cov_330.078_ID_389819

CONTIG: NODE_10_length_174057_cov_329.066_ID_389821 (174057bp)
Top Length: 172541  Top ID: 99.99
		Marking as insignificant: 925841 925978 | 1897 2034 | 138 138 | 98.55 | gi_556503834_ref_NC_000913.3_ NODE_10_length_174057_cov_329.066_ID_389821
		Marking as insignificant: 2471882 2472123 | 112179 111938 | 242 242 | 95.04 | gi_556503834_ref_NC_000913.3_ NODE_10_length_174057_cov_329.066_ID_389821
		Marking as insignificant: 1270155 1270625 | 173460 173931 | 471 472 | 98.52 | gi_556503834_ref_NC_000913.3_ NODE_10_length_174057_cov_329.066_ID_389821
		Marking as insignificant: 1269620 1270217 | 173460 174057 | 598 598 | 99.16 | gi_556503834_ref_NC_000913.3_ NODE_10_length_174057_cov_329.066_ID_389821
		Marking as insignificant: 1095445 1097402 | 1 1958 | 1958 1958 | 99.9 | gi_556503834_ref_NC_000913.3_ NODE_10_length_174057_cov_329.066_ID_389821
		One align captures most of this contig: 1097142 1269682 | 1517 174057 | 172541 172541 | 99.99 | gi_556503834_ref_NC_000913.3_ NODE_10_length_174057_cov_329.066_ID_389821

CONTIG: NODE_11_length_133028_cov_326.35_ID_389823 (133028bp)
Top Length: 133028  Top ID: 100.0
		Marking as insignificant: 3982605 3982692 | 35487 35574 | 88 88 | 100.0 | gi_556503834_ref_NC_000913.3_ NODE_11_length_133028_cov_326.35_ID_389823
		Marking as insignificant: 3982604 3982692 | 35250 35338 | 89 89 | 100.0 | gi_556503834_ref_NC_000913.3_ NODE_11_length_133028_cov_326.35_ID_389823
		One align captures most of this contig: 4508625 4641652 | 133028 1 | 133028 133028 | 100.0 | gi_556503834_ref_NC_000913.3_ NODE_11_length_133028_cov_326.35_ID_389823

CONTIG: NODE_12_length_132874_cov_326.196_ID_389825 (132874bp)
Top Length: 132874  Top ID: 99.99
		One align captures most of this contig: 392909 525782 | 132874 1 | 132874 132874 | 99.99 | gi_556503834_ref_NC_000913.3_ NODE_12_length_132874_cov_326.196_ID_389825

CONTIG: NODE_13_length_132558_cov_326.319_ID_389827 (132558bp)
Top Length: 132558  Top ID: 100.0
		Marking as insignificant: 803322 803447 | 58925 58800 | 126 126 | 98.41 | gi_556503834_ref_NC_000913.3_ NODE_13_length_132558_cov_326.319_ID_389827
		Marking as insignificant: 596980 597107 | 58925 58798 | 128 128 | 99.22 | gi_556503834_ref_NC_000913.3_ NODE_13_length_132558_cov_326.319_ID_389827
		One align captures most of this contig: 2997638 3130195 | 132558 1 | 132558 132558 | 100.0 | gi_556503834_ref_NC_000913.3_ NODE_13_length_132558_cov_326.319_ID_389827

CONTIG: NODE_14_length_125608_cov_326.219_ID_389829 (125608bp)
Top Length: 125608  Top ID: 99.99
		Marking as insignificant: 4171866 4171965 | 1 100 | 100 100 | 100.0 | gi_556503834_ref_NC_000913.3_ NODE_14_length_125608_cov_326.219_ID_389829
		One align captures most of this contig: 4040746 4166353 | 1 125608 | 125608 125608 | 99.99 | gi_556503834_ref_NC_000913.3_ NODE_14_length_125608_cov_326.219_ID_389829

CONTIG: NODE_15_length_117600_cov_326.823_ID_389831 (117600bp)
Top Length: 117600  Top ID: 100.0
		Marking as insignificant: 915027 915288 | 59598 59859 | 262 262 | 95.04 | gi_556503834_ref_NC_000913.3_ NODE_15_length_117600_cov_326.823_ID_389831
		One align captures most of this contig: 2171374 2288973 | 117600 1 | 117600 117600 | 100.0 | gi_556503834_ref_NC_000913.3_ NODE_15_length_117600_cov_326.823_ID_389831

CONTIG: NODE_16_length_112393_cov_326.156_ID_389833 (112393bp)
Top Length: 112393  Top ID: 100.0
		Marking as insignificant: 291297 291401 | 112393 112289 | 105 105 | 100.0 | gi_556503834_ref_NC_000913.3_ NODE_16_length_112393_cov_326.156_ID_389833
		Marking as insignificant: 279826 279930 | 112393 112289 | 105 105 | 100.0 | gi_556503834_ref_NC_000913.3_ NODE_16_length_112393_cov_326.156_ID_389833
		Marking as insignificant: 258571 258676 | 112393 112288 | 106 106 | 100.0 | gi_556503834_ref_NC_000913.3_ NODE_16_length_112393_cov_326.156_ID_389833
		Marking as insignificant: 20459 20564 | 112393 112288 | 106 106 | 100.0 | gi_556503834_ref_NC_000913.3_ NODE_16_length_112393_cov_326.156_ID_389833
		Marking as insignificant: 1979166 1979285 | 112393 112274 | 120 120 | 96.69 | gi_556503834_ref_NC_000913.3_ NODE_16_length_112393_cov_326.156_ID_389833
		One align captures most of this contig: 3471140 3583532 | 1 112393 | 112393 112393 | 100.0 | gi_556503834_ref_NC_000913.3_ NODE_16_length_112393_cov_326.156_ID_389833

CONTIG: NODE_17_length_95456_cov_327.621_ID_389835 (95456bp)
Top Length: 95456  Top ID: 100.0
		One align captures most of this contig: 1300639 1396094 | 1 95456 | 95456 95456 | 100.0 | gi_556503834_ref_NC_000913.3_ NODE_17_length_95456_cov_327.621_ID_389835

CONTIG: NODE_18_length_95009_cov_327.775_ID_389837 (95009bp)
Top Length: 95009  Top ID: 100.0
		Marking as insignificant: 3619192 3619399 | 208 1 | 208 208 | 98.08 | gi_556503834_ref_NC_000913.3_ NODE_18_length_95009_cov_327.775_ID_389837
		Marking as insignificant: 729465 729790 | 325 1 | 326 325 | 95.41 | gi_556503834_ref_NC_000913.3_ NODE_18_length_95009_cov_327.775_ID_389837
		One align captures most of this contig: 3667382 3762390 | 95009 1 | 95009 95009 | 100.0 | gi_556503834_ref_NC_000913.3_ NODE_18_length_95009_cov_327.775_ID_389837

CONTIG: NODE_19_length_87064_cov_327.568_ID_389839 (87064bp)
Top Length: 87064  Top ID: 100.0
		Marking as insignificant: 4392583 4392658 | 12952 12877 | 76 76 | 100.0 | gi_556503834_ref_NC_000913.3_ NODE_19_length_87064_cov_327.568_ID_389839
		Marking as insignificant: 4392472 4392547 | 12952 12877 | 76 76 | 100.0 | gi_556503834_ref_NC_000913.3_ NODE_19_length_87064_cov_327.568_ID_389839
		Marking as insignificant: 4392360 4392435 | 12952 12877 | 76 76 | 100.0 | gi_556503834_ref_NC_000913.3_ NODE_19_length_87064_cov_327.568_ID_389839
		Marking as insignificant: 2059846 2059930 | 78942 78858 | 85 85 | 100.0 | gi_556503834_ref_NC_000913.3_ NODE_19_length_87064_cov_327.568_ID_389839
		Marking as insignificant: 2058023 2058107 | 80765 80681 | 85 85 | 100.0 | gi_556503834_ref_NC_000913.3_ NODE_19_length_87064_cov_327.568_ID_389839
		Marking as insignificant: 2062236 2062339 | 78961 78858 | 104 104 | 97.12 | gi_556503834_ref_NC_000913.3_ NODE_19_length_87064_cov_327.568_ID_389839
		Marking as insignificant: 2058023 2058126 | 83174 83071 | 104 104 | 97.12 | gi_556503834_ref_NC_000913.3_ NODE_19_length_87064_cov_327.568_ID_389839
		Marking as insignificant: 2058023 2058126 | 65463 65360 | 104 104 | 98.08 | gi_556503834_ref_NC_000913.3_ NODE_19_length_87064_cov_327.568_ID_389839
		Marking as insignificant: 2044525 2044628 | 78961 78858 | 104 104 | 98.08 | gi_556503834_ref_NC_000913.3_ NODE_19_length_87064_cov_327.568_ID_389839
		Marking as insignificant: 291297 291401 | 1 105 | 105 105 | 100.0 | gi_556503834_ref_NC_000913.3_ NODE_19_length_87064_cov_327.568_ID_389839
		Marking as insignificant: 279826 279930 | 1 105 | 105 105 | 100.0 | gi_556503834_ref_NC_000913.3_ NODE_19_length_87064_cov_327.568_ID_389839
		Marking as insignificant: 258571 258675 | 1 105 | 105 105 | 100.0 | gi_556503834_ref_NC_000913.3_ NODE_19_length_87064_cov_327.568_ID_389839
		Marking as insignificant: 20459 20563 | 1 105 | 105 105 | 100.0 | gi_556503834_ref_NC_000913.3_ NODE_19_length_87064_cov_327.568_ID_389839
		Marking as insignificant: 3583413 3583532 | 120 1 | 120 120 | 96.69 | gi_556503834_ref_NC_000913.3_ NODE_19_length_87064_cov_327.568_ID_389839
		One align captures most of this contig: 1979166 2066229 | 1 87064 | 87064 87064 | 100.0 | gi_556503834_ref_NC_000913.3_ NODE_19_length_87064_cov_327.568_ID_389839

CONTIG: NODE_20_length_80764_cov_326.519_ID_389841 (80764bp)
Top Length: 80764  Top ID: 99.99
		Marking as insignificant: 236931 237008 | 103 180 | 78 78 | 100.0 | gi_556503834_ref_NC_000913.3_ NODE_20_length_80764_cov_326.519_ID_389841
		Marking as insignificant: 4606079 4606166 | 35923 35836 | 88 88 | 100.0 | gi_556503834_ref_NC_000913.3_ NODE_20_length_80764_cov_326.519_ID_389841
		Marking as insignificant: 4606315 4606403 | 35923 35835 | 89 89 | 100.0 | gi_556503834_ref_NC_000913.3_ NODE_20_length_80764_cov_326.519_ID_389841
		Marking as insignificant: 228826 229005 | 1 180 | 180 180 | 100.0 | gi_556503834_ref_NC_000913.3_ NODE_20_length_80764_cov_326.519_ID_389841
		One align captures most of this contig: 3946770 4027533 | 1 80764 | 80764 80764 | 99.99 | gi_556503834_ref_NC_000913.3_ NODE_20_length_80764_cov_326.519_ID_389841

CONTIG: NODE_21_length_78609_cov_326.571_ID_389843 (78609bp)
Top Length: 78609  Top ID: 100.0
		One align captures most of this contig: 609297 687905 | 1 78609 | 78609 78609 | 100.0 | gi_556503834_ref_NC_000913.3_ NODE_21_length_78609_cov_326.571_ID_389843

CONTIG: NODE_22_length_67335_cov_326.056_ID_389845 (67335bp)
Top Length: 67335  Top ID: 99.99
		One align captures most of this contig: 2102894 2170228 | 67335 1 | 67335 67335 | 99.99 | gi_556503834_ref_NC_000913.3_ NODE_22_length_67335_cov_326.056_ID_389845

CONTIG: NODE_23_length_65511_cov_340.688_ID_389847 (65511bp)
Top Length: 65511  Top ID: 99.99
		Marking as insignificant: 4498181 4498860 | 64832 65511 | 680 680 | 100.0 | gi_556503834_ref_NC_000913.3_ NODE_23_length_65511_cov_340.688_ID_389847
		Marking as insignificant: 2997012 2997691 | 65511 64832 | 680 680 | 100.0 | gi_556503834_ref_NC_000913.3_ NODE_23_length_65511_cov_340.688_ID_389847
		Marking as insignificant: 1468561 1469240 | 65511 64832 | 680 680 | 100.0 | gi_556503834_ref_NC_000913.3_ NODE_23_length_65511_cov_340.688_ID_389847
		Marking as insignificant: 2069592 2070273 | 65511 64830 | 682 682 | 100.0 | gi_556503834_ref_NC_000913.3_ NODE_23_length_65511_cov_340.688_ID_389847
		Marking as insignificant: 3186092 3186775 | 64828 65511 | 684 684 | 99.85 | gi_556503834_ref_NC_000913.3_ NODE_23_length_65511_cov_340.688_ID_389847
		One align captures most of this contig: 316429 381939 | 1 65511 | 65511 65511 | 99.99 | gi_556503834_ref_NC_000913.3_ NODE_23_length_65511_cov_340.688_ID_389847

CONTIG: NODE_24_length_60764_cov_326.435_ID_389849 (60764bp)
Top Length: 60764  Top ID: 100.0
		One align captures most of this contig: 1571847 1632610 | 60764 1 | 60764 60764 | 100.0 | gi_556503834_ref_NC_000913.3_ NODE_24_length_60764_cov_326.435_ID_389849

CONTIG: NODE_25_length_57775_cov_326.903_ID_389851 (57775bp)
Top Length: 57775  Top ID: 100.0
		One align captures most of this contig: 1470462 1528236 | 1 57775 | 57775 57775 | 100.0 | gi_556503834_ref_NC_000913.3_ NODE_25_length_57775_cov_326.903_ID_389851

CONTIG: NODE_26_length_56614_cov_326.106_ID_389853 (56614bp)
Top Length: 56614  Top ID: 100.0
		One align captures most of this contig: 3366700 3423313 | 1 56614 | 56614 56614 | 100.0 | gi_556503834_ref_NC_000913.3_ NODE_26_length_56614_cov_326.106_ID_389853

CONTIG: NODE_27_length_54865_cov_328.909_ID_389855 (54865bp)
Top Length: 54865  Top ID: 99.99
		One align captures most of this contig: 3131286 3186150 | 54865 1 | 54865 54865 | 99.99 | gi_556503834_ref_NC_000913.3_ NODE_27_length_54865_cov_328.909_ID_389855

CONTIG: NODE_28_length_43809_cov_324.162_ID_389857 (43809bp)
Top Length: 43809  Top ID: 100.0
		One align captures most of this contig: 1050491 1094299 | 1 43809 | 43809 43809 | 100.0 | gi_556503834_ref_NC_000913.3_ NODE_28_length_43809_cov_324.162_ID_389857

CONTIG: NODE_29_length_41605_cov_346.034_ID_389859 (41605bp)
Top Length: 41605  Top ID: 99.97
		Marking as insignificant: 239098 239377 | 3553 3832 | 280 280 | 98.21 | gi_556503834_ref_NC_000913.3_ NODE_29_length_41605_cov_346.034_ID_389859
		Marking as insignificant: 737972 738860 | 2577 3465 | 889 889 | 96.63 | gi_556503834_ref_NC_000913.3_ NODE_29_length_41605_cov_346.034_ID_389859
		Marking as insignificant: 736707 737971 | 2578 3843 | 1265 1266 | 96.45 | gi_556503834_ref_NC_000913.3_ NODE_29_length_41605_cov_346.034_ID_389859
		Marking as insignificant: 3624234 3625524 | 2553 3843 | 1291 1291 | 97.83 | gi_556503834_ref_NC_000913.3_ NODE_29_length_41605_cov_346.034_ID_389859
		One align captures most of this contig: 1529120 1570724 | 1 41605 | 41605 41605 | 99.97 | gi_556503834_ref_NC_000913.3_ NODE_29_length_41605_cov_346.034_ID_389859

CONTIG: NODE_30_length_41365_cov_330.923_ID_389861 (41365bp)
Top Length: 41365  Top ID: 100.0
		Marking as insignificant: 4207913 4208055 | 41221 41365 | 143 145 | 97.24 | gi_556503834_ref_NC_000913.3_ NODE_30_length_41365_cov_330.923_ID_389861
		Marking as insignificant: 223535 223679 | 41221 41365 | 145 145 | 99.31 | gi_556503834_ref_NC_000913.3_ NODE_30_length_41365_cov_330.923_ID_389861
		One align captures most of this contig: 3428854 3470218 | 41365 1 | 41365 41365 | 100.0 | gi_556503834_ref_NC_000913.3_ NODE_30_length_41365_cov_330.923_ID_389861

CONTIG: NODE_31_length_40796_cov_328.32_ID_389863 (40796bp)
Top Length: 40796  Top ID: 100.0
		Marking as insignificant: 3762066 3762390 | 40471 40796 | 325 326 | 95.41 | gi_556503834_ref_NC_000913.3_ NODE_31_length_40796_cov_328.32_ID_389863
		One align captures most of this contig: 688995 729790 | 1 40796 | 40796 40796 | 100.0 | gi_556503834_ref_NC_000913.3_ NODE_31_length_40796_cov_328.32_ID_389863

CONTIG: NODE_32_length_40169_cov_327.229_ID_389865 (40169bp)
Top Length: 40169  Top ID: 100.0
		One align captures most of this contig: 526666 566834 | 1 40169 | 40169 40169 | 100.0 | gi_556503834_ref_NC_000913.3_ NODE_32_length_40169_cov_327.229_ID_389865

CONTIG: NODE_33_length_35259_cov_327.731_ID_389867 (35259bp)
Top Length: 35259  Top ID: 100.0
		Marking as insignificant: 3762183 3762390 | 35052 35259 | 208 208 | 98.08 | gi_556503834_ref_NC_000913.3_ NODE_33_length_35259_cov_327.731_ID_389867
		One align captures most of this contig: 3584141 3619399 | 1 35259 | 35259 35259 | 100.0 | gi_556503834_ref_NC_000913.3_ NODE_33_length_35259_cov_327.731_ID_389867

CONTIG: NODE_34_length_32985_cov_334.668_ID_389873 (32985bp)
Top Length: 32040  Top ID: 99.85
		This contig is misassembled. 2 total aligns.
			Excluding internal overlap of size 674 between Alignment 1 and 2:  1466346 1467964 | 1619 1 | 1619 1619 --> 1467020 1467964 | 945 1 | 945 945
			Real Alignment 1: 1467020 1467964 | 945 1 | 945 945 | 99.07 | gi_556503834_ref_NC_000913.3_ NODE_34_length_32985_cov_334.668_ID_389873
			  Gap between these two alignments (local misassembly). Inconsistency = 294 
			Real Alignment 2: 1434686 1466725 | 32985 946 | 32040 32040 | 99.85 | gi_556503834_ref_NC_000913.3_ NODE_34_length_32985_cov_334.668_ID_389873

CONTIG: NODE_35_length_32327_cov_343.079_ID_389875 (32327bp)
Top Length: 32327  Top ID: 99.98
		Marking as insignificant: 3071271 3071398 | 11082 10955 | 128 128 | 99.22 | gi_556503834_ref_NC_000913.3_ NODE_35_length_32327_cov_343.079_ID_389875
		Marking as insignificant: 803320 803447 | 11084 10957 | 128 128 | 99.22 | gi_556503834_ref_NC_000913.3_ NODE_35_length_32327_cov_343.079_ID_389875
		Marking as insignificant: 1423200 1423571 | 29935 29564 | 372 372 | 96.77 | gi_556503834_ref_NC_000913.3_ NODE_35_length_32327_cov_343.079_ID_389875
		Marking as insignificant: 1432557 1432973 | 26403 25987 | 417 417 | 95.2 | gi_556503834_ref_NC_000913.3_ NODE_35_length_32327_cov_343.079_ID_389875
		Marking as insignificant: 1634323 1634739 | 25987 26403 | 417 417 | 95.44 | gi_556503834_ref_NC_000913.3_ NODE_35_length_32327_cov_343.079_ID_389875
		Marking as insignificant: 1635839 1636918 | 26700 27779 | 1080 1080 | 97.31 | gi_556503834_ref_NC_000913.3_ NODE_35_length_32327_cov_343.079_ID_389875
		One align captures most of this contig: 575735 608061 | 32327 1 | 32327 32327 | 99.98 | gi_556503834_ref_NC_000913.3_ NODE_35_length_32327_cov_343.079_ID_389875

CONTIG: NODE_36_length_31585_cov_325.376_ID_389877 (31585bp)
Top Length: 31585  Top ID: 100.0
		One align captures most of this contig: 2070219 2101803 | 1 31585 | 31585 31585 | 100.0 | gi_556503834_ref_NC_000913.3_ NODE_36_length_31585_cov_325.376_ID_389877

CONTIG: NODE_37_length_31003_cov_329.523_ID_389879 (31003bp)
Top Length: 31003  Top ID: 99.99
		Marking as insignificant: 3428854 3428998 | 1 145 | 145 145 | 100.0 | gi_556503834_ref_NC_000913.3_ NODE_37_length_31003_cov_329.523_ID_389879
		Marking as insignificant: 223465 223679 | 215 1 | 215 215 | 99.53 | gi_556503834_ref_NC_000913.3_ NODE_37_length_31003_cov_329.523_ID_389879
		One align captures most of this contig: 4177055 4208055 | 31003 1 | 31001 31003 | 99.99 | gi_556503834_ref_NC_000913.3_ NODE_37_length_31003_cov_329.523_ID_389879

CONTIG: NODE_38_length_30866_cov_326.87_ID_389869 (30866bp)
Top Length: 30866  Top ID: 100.0
		Marking as insignificant: 578127 578496 | 26017 26386 | 370 370 | 96.49 | gi_556503834_ref_NC_000913.3_ NODE_38_length_30866_cov_326.87_ID_389869
		One align captures most of this contig: 1397184 1428049 | 1 30866 | 30866 30866 | 100.0 | gi_556503834_ref_NC_000913.3_ NODE_38_length_30866_cov_326.87_ID_389869

CONTIG: NODE_39_length_29314_cov_358.675_ID_389881 (29314bp)
Top Length: 29314  Top ID: 99.95
		Marking as insignificant: 3766285 3766683 | 28256 27858 | 399 399 | 97.24 | gi_556503834_ref_NC_000913.3_ NODE_39_length_29314_cov_358.675_ID_389881
		Marking as insignificant: 737972 738860 | 27833 26945 | 889 889 | 96.74 | gi_556503834_ref_NC_000913.3_ NODE_39_length_29314_cov_358.675_ID_389881
		Marking as insignificant: 736681 737971 | 27858 26567 | 1291 1292 | 96.29 | gi_556503834_ref_NC_000913.3_ NODE_39_length_29314_cov_358.675_ID_389881
		Marking as insignificant: 1531672 1532962 | 27857 26567 | 1291 1291 | 98.14 | gi_556503834_ref_NC_000913.3_ NODE_39_length_29314_cov_358.675_ID_389881
		One align captures most of this contig: 3622777 3652090 | 29314 1 | 29314 29314 | 99.95 | gi_556503834_ref_NC_000913.3_ NODE_39_length_29314_cov_358.675_ID_389881

CONTIG: NODE_40_length_29137_cov_336.797_ID_389883 (29137bp)
Top Length: 29137  Top ID: 99.98
		Marking as insignificant: 3946872 3946949 | 21032 20955 | 78 78 | 100.0 | gi_556503834_ref_NC_000913.3_ NODE_40_length_29137_cov_336.797_ID_389883
		Marking as insignificant: 3946770 3946949 | 29137 28958 | 180 180 | 100.0 | gi_556503834_ref_NC_000913.3_ NODE_40_length_29137_cov_336.797_ID_389883
		Marking as insignificant: 737681 737960 | 18865 18586 | 280 280 | 96.79 | gi_556503834_ref_NC_000913.3_ NODE_40_length_29137_cov_336.797_ID_389883
		Marking as insignificant: 3625234 3625513 | 18865 18586 | 280 280 | 97.86 | gi_556503834_ref_NC_000913.3_ NODE_40_length_29137_cov_336.797_ID_389883
		Marking as insignificant: 1532672 1532951 | 18865 18586 | 280 280 | 99.64 | gi_556503834_ref_NC_000913.3_ NODE_40_length_29137_cov_336.797_ID_389883
		One align captures most of this contig: 228826 257962 | 29137 1 | 29137 29137 | 99.98 | gi_556503834_ref_NC_000913.3_ NODE_40_length_29137_cov_336.797_ID_389883

CONTIG: NODE_41_length_23935_cov_325.976_ID_389885 (23935bp)
Top Length: 23935  Top ID: 100.0
		One align captures most of this contig: 291349 315283 | 1 23935 | 23935 23935 | 100.0 | gi_556503834_ref_NC_000913.3_ NODE_41_length_23935_cov_325.976_ID_389885

CONTIG: NODE_42_length_16323_cov_325.236_ID_389887 (16323bp)
Top Length: 16323  Top ID: 100.0
		One align captures most of this contig: 1270440 1286762 | 1 16323 | 16323 16323 | 100.0 | gi_556503834_ref_NC_000913.3_ NODE_42_length_16323_cov_325.236_ID_389887

CONTIG: NODE_43_length_15930_cov_348_ID_389889 (15930bp)
Top Length: 15930  Top ID: 99.86
		Marking as insignificant: 580283 581362 | 13980 15059 | 1080 1080 | 99.17 | gi_556503834_ref_NC_000913.3_ NODE_43_length_15930_cov_348_ID_389889
		One align captures most of this contig: 1634968 1650897 | 15930 1 | 15930 15930 | 99.86 | gi_556503834_ref_NC_000913.3_ NODE_43_length_15930_cov_348_ID_389889

CONTIG: NODE_44_length_15440_cov_323.458_ID_389891 (15440bp)
Top Length: 15440  Top ID: 100.0
		One align captures most of this contig: 2 15441 | 15440 1 | 15440 15440 | 100.0 | gi_556503834_ref_NC_000913.3_ NODE_44_length_15440_cov_323.458_ID_389891

CONTIG: NODE_45_length_13080_cov_329.485_ID_389893 (13080bp)
Top Length: 13080  Top ID: 100.0
		One align captures most of this contig: 3653180 3666259 | 13080 1 | 13080 13080 | 100.0 | gi_556503834_ref_NC_000913.3_ NODE_45_length_13080_cov_329.485_ID_389893

CONTIG: NODE_46_length_12812_cov_335.188_ID_389895 (12812bp)
Top Length: 12812  Top ID: 99.93
		Marking as insignificant: 1286704 1287084 | 145 525 | 381 381 | 97.91 | gi_556503834_ref_NC_000913.3_ NODE_46_length_12812_cov_335.188_ID_389895
		One align captures most of this contig: 1286738 1299549 | 1 12812 | 12812 12812 | 99.93 | gi_556503834_ref_NC_000913.3_ NODE_46_length_12812_cov_335.188_ID_389895

CONTIG: NODE_47_length_12025_cov_333.789_ID_389897 (12025bp)
Top Length: 12025  Top ID: 99.92
		Marking as insignificant: 1979166 1979270 | 1 105 | 105 105 | 100.0 | gi_556503834_ref_NC_000913.3_ NODE_47_length_12025_cov_333.789_ID_389897
		Marking as insignificant: 291297 291401 | 1 105 | 105 105 | 100.0 | gi_556503834_ref_NC_000913.3_ NODE_47_length_12025_cov_333.789_ID_389897
		Marking as insignificant: 279826 279930 | 1 105 | 105 105 | 100.0 | gi_556503834_ref_NC_000913.3_ NODE_47_length_12025_cov_333.789_ID_389897
		Marking as insignificant: 3583427 3583532 | 106 1 | 106 106 | 100.0 | gi_556503834_ref_NC_000913.3_ NODE_47_length_12025_cov_333.789_ID_389897
		Marking as insignificant: 20459 20564 | 1 106 | 106 106 | 100.0 | gi_556503834_ref_NC_000913.3_ NODE_47_length_12025_cov_333.789_ID_389897
		One align captures most of this contig: 258571 270595 | 1 12025 | 12025 12025 | 99.92 | gi_556503834_ref_NC_000913.3_ NODE_47_length_12025_cov_333.789_ID_389897

CONTIG: NODE_48_length_10618_cov_334.959_ID_389899 (10618bp)
Top Length: 10618  Top ID: 100.0
		Marking as insignificant: 271581 271761 | 54 234 | 181 181 | 99.45 | gi_556503834_ref_NC_000913.3_ NODE_48_length_10618_cov_334.959_ID_389899
		Marking as insignificant: 1470336 1470516 | 54 234 | 181 181 | 100.0 | gi_556503834_ref_NC_000913.3_ NODE_48_length_10618_cov_334.959_ID_389899
		Marking as insignificant: 4507443 4507639 | 251 54 | 197 198 | 98.48 | gi_556503834_ref_NC_000913.3_ NODE_48_length_10618_cov_334.959_ID_389899
		One align captures most of this contig: 279878 290495 | 1 10618 | 10618 10618 | 100.0 | gi_556503834_ref_NC_000913.3_ NODE_48_length_10618_cov_334.959_ID_389899

CONTIG: NODE_49_length_9228_cov_326.723_ID_389901 (9228bp)
Top Length: 9228  Top ID: 100.0
		One align captures most of this contig: 382536 391763 | 1 9228 | 9228 9228 | 100.0 | gi_556503834_ref_NC_000913.3_ NODE_49_length_9228_cov_326.723_ID_389901

CONTIG: NODE_50_length_8057_cov_329.258_ID_389903 (8057bp)
Top Length: 8057  Top ID: 99.99
		One align captures most of this contig: 4499457 4507513 | 1 8057 | 8057 8057 | 99.99 | gi_556503834_ref_NC_000913.3_ NODE_50_length_8057_cov_329.258_ID_389903

CONTIG: NODE_51_length_7741_cov_323.418_ID_389905 (7741bp)
Top Length: 7741  Top ID: 100.0
		One align captures most of this contig: 4027479 4035219 | 7741 1 | 7741 7741 | 100.0 | gi_556503834_ref_NC_000913.3_ NODE_51_length_7741_cov_323.418_ID_389905

CONTIG: NODE_52_length_6666_cov_328.067_ID_389907 (6666bp)
Top Length: 6666  Top ID: 100.0
		One align captures most of this contig: 567980 574645 | 6666 1 | 6666 6666 | 100.0 | gi_556503834_ref_NC_000913.3_ NODE_52_length_6666_cov_328.067_ID_389907

CONTIG: NODE_53_length_4427_cov_344.511_ID_389909 (4427bp)
Top Length: 4427  Top ID: 100.0
		Marking as insignificant: 4040587 4040845 | 4427 4169 | 259 259 | 99.23 | gi_556503834_ref_NC_000913.3_ NODE_53_length_4427_cov_344.511_ID_389909
		One align captures most of this contig: 4171707 4176133 | 4427 1 | 4427 4427 | 100.0 | gi_556503834_ref_NC_000913.3_ NODE_53_length_4427_cov_344.511_ID_389909

CONTIG: NODE_54_length_4123_cov_323.247_ID_389911 (4123bp)
Top Length: 4123  Top ID: 100.0
		One align captures most of this contig: 275095 279217 | 1 4123 | 4123 4123 | 100.0 | gi_556503834_ref_NC_000913.3_ NODE_54_length_4123_cov_323.247_ID_389911

CONTIG: NODE_55_length_4112_cov_317.786_ID_389871 (4112bp)
Top Length: 4112  Top ID: 100.0
		One align captures most of this contig: 1428217 1432328 | 1 4112 | 4112 4112 | 100.0 | gi_556503834_ref_NC_000913.3_ NODE_55_length_4112_cov_317.786_ID_389871

CONTIG: NODE_56_length_3487_cov_1065.37_ID_389913 (3487bp)
Top Length: 3487  Top ID: 99.66
		Marking as insignificant: 3767197 3767575 | 380 1 | 379 380 | 95.26 | gi_556503834_ref_NC_000913.3_ NODE_56_length_3487_cov_1065.37_ID_389913
		Marking as insignificant: 734148 735093 | 946 1 | 946 946 | 99.47 | gi_556503834_ref_NC_000913.3_ NODE_56_length_3487_cov_1065.37_ID_389913
		Marking as insignificant: 729736 733222 | 3487 1 | 3487 3487 | 97.48 | gi_556503834_ref_NC_000913.3_ NODE_56_length_3487_cov_1065.37_ID_389913
		This contig has 2 significant alignments. [An ambiguously mapped contig]
		Using only first of these alignment (option --ambiguity-usage is set to "one"):
		Alignment: 3762336 3765822 | 3487 1 | 3487 3487 | 99.66 | gi_556503834_ref_NC_000913.3_ NODE_56_length_3487_cov_1065.37_ID_389913
		Skipping alignment  3619345 3622831 | 3487 1 | 3487 3487 | 99.6 | gi_556503834_ref_NC_000913.3_ NODE_56_length_3487_cov_1065.37_ID_389913

CONTIG: NODE_57_length_3174_cov_330.192_ID_389915 (3174bp)
Top Length: 3174  Top ID: 100.0
		One align captures most of this contig: 16677 19850 | 3174 1 | 3174 3174 | 100.0 | gi_556503834_ref_NC_000913.3_ NODE_57_length_3174_cov_330.192_ID_389915

CONTIG: NODE_58_length_3141_cov_1735.12_ID_389917 (3141bp)
Top Length: 3141  Top ID: 99.75
		Marking as insignificant: 3423418 3423548 | 1 131 | 131 131 | 98.47 | gi_556503834_ref_NC_000913.3_ NODE_58_length_3141_cov_1735.12_ID_389917
		This contig has 7 significant alignments. [An ambiguously mapped contig]
		Using only first of these alignment (option --ambiguity-usage is set to "one"):
		Alignment: 225739 228880 | 3141 1 | 3142 3141 | 99.75 | gi_556503834_ref_NC_000913.3_ NODE_58_length_3141_cov_1735.12_ID_389917
		Skipping alignment  3423663 3426803 | 1 3141 | 3141 3141 | 99.75 | gi_556503834_ref_NC_000913.3_ NODE_58_length_3141_cov_1735.12_ID_389917
		Skipping alignment  3943684 3946824 | 3141 1 | 3141 3141 | 99.68 | gi_556503834_ref_NC_000913.3_ NODE_58_length_3141_cov_1735.12_ID_389917
		Skipping alignment  4037499 4040641 | 3141 1 | 3143 3141 | 99.68 | gi_556503834_ref_NC_000913.3_ NODE_58_length_3141_cov_1735.12_ID_389917
		Skipping alignment  4210023 4213164 | 3141 1 | 3142 3141 | 99.68 | gi_556503834_ref_NC_000913.3_ NODE_58_length_3141_cov_1735.12_ID_389917
		Skipping alignment  4168621 4171761 | 3141 1 | 3141 3141 | 99.62 | gi_556503834_ref_NC_000913.3_ NODE_58_length_3141_cov_1735.12_ID_389917
		Skipping alignment  2726064 2729204 | 1 3141 | 3141 3141 | 99.59 | gi_556503834_ref_NC_000913.3_ NODE_58_length_3141_cov_1735.12_ID_389917

CONTIG: NODE_59_length_2467_cov_670.629_ID_389919 (2467bp)
Top Length: 2467  Top ID: 99.8
		This contig has 2 significant alignments. [An ambiguously mapped contig]
		Using only first of these alignment (option --ambiguity-usage is set to "one"):
		Alignment: 1632556 1635022 | 1 2467 | 2467 2467 | 99.8 | gi_556503834_ref_NC_000913.3_ NODE_59_length_2467_cov_670.629_ID_389919
		Skipping alignment  1432274 1434740 | 2467 1 | 2467 2467 | 99.59 | gi_556503834_ref_NC_000913.3_ NODE_59_length_2467_cov_670.629_ID_389919

CONTIG: NODE_60_length_2303_cov_317.324_ID_389921 (2303bp)
Top Length: 2303  Top ID: 100.0
		One align captures most of this contig: 271707 274009 | 2303 1 | 2303 2303 | 100.0 | gi_556503834_ref_NC_000913.3_ NODE_60_length_2303_cov_317.324_ID_389921

CONTIG: NODE_61_length_1750_cov_301.153_ID_389923 (1750bp)
Top Length: 1750  Top ID: 100.0
		One align captures most of this contig: 2067246 2068995 | 1750 1 | 1750 1750 | 100.0 | gi_556503834_ref_NC_000913.3_ NODE_61_length_1750_cov_301.153_ID_389923

CONTIG: NODE_62_length_1702_cov_1802.55_ID_389925 (1702bp)
Top Length: 1702  Top ID: 100.0
		This contig has 7 significant alignments. [An ambiguously mapped contig]
		Using only first of these alignment (option --ambiguity-usage is set to "one"):
		Alignment: 4208001 4209702 | 1 1702 | 1702 1702 | 100.0 | gi_556503834_ref_NC_000913.3_ NODE_62_length_1702_cov_1802.55_ID_389925
		Skipping alignment  4166513 4168214 | 1 1702 | 1702 1702 | 99.94 | gi_556503834_ref_NC_000913.3_ NODE_62_length_1702_cov_1802.55_ID_389925
		Skipping alignment  4035385 4037086 | 1 1702 | 1702 1702 | 99.88 | gi_556503834_ref_NC_000913.3_ NODE_62_length_1702_cov_1802.55_ID_389925
		Skipping alignment  3941662 3943363 | 1 1702 | 1702 1702 | 99.65 | gi_556503834_ref_NC_000913.3_ NODE_62_length_1702_cov_1802.55_ID_389925
		Skipping alignment  2729602 2731303 | 1702 1 | 1702 1702 | 99.53 | gi_556503834_ref_NC_000913.3_ NODE_62_length_1702_cov_1802.55_ID_389925
		Skipping alignment  223625 225326 | 1 1702 | 1702 1702 | 99.47 | gi_556503834_ref_NC_000913.3_ NODE_62_length_1702_cov_1802.55_ID_389925
		Skipping alignment  3427207 3428908 | 1702 1 | 1702 1702 | 99.47 | gi_556503834_ref_NC_000913.3_ NODE_62_length_1702_cov_1802.55_ID_389925

CONTIG: NODE_63_length_1345_cov_1005.77_ID_389927 (1345bp)
Top Length: 1345  Top ID: 100.0
		This contig has 3 significant alignments. [An ambiguously mapped contig]
		Using only first of these alignment (option --ambiguity-usage is set to "one"):
		Alignment: 15387 16731 | 1 1345 | 1345 1345 | 100.0 | gi_556503834_ref_NC_000913.3_ NODE_63_length_1345_cov_1005.77_ID_389927
		Skipping alignment  608007 609351 | 1 1345 | 1345 1345 | 100.0 | gi_556503834_ref_NC_000913.3_ NODE_63_length_1345_cov_1005.77_ID_389927
		Skipping alignment  2514273 2515617 | 1 1345 | 1345 1345 | 100.0 | gi_556503834_ref_NC_000913.3_ NODE_63_length_1345_cov_1005.77_ID_389927

CONTIG: NODE_64_length_1255_cov_1608.19_ID_389929 (1255bp)
Top Length: 1255  Top ID: 100.0
		This contig has 5 significant alignments. [An ambiguously mapped contig]
		Using only first of these alignment (option --ambiguity-usage is set to "one"):
		Alignment: 315229 316483 | 1 1255 | 1255 1255 | 100.0 | gi_556503834_ref_NC_000913.3_ NODE_64_length_1255_cov_1608.19_ID_389929
		Skipping alignment  391709 392963 | 1255 1 | 1255 1255 | 100.0 | gi_556503834_ref_NC_000913.3_ NODE_64_length_1255_cov_1608.19_ID_389929
		Skipping alignment  566780 568034 | 1 1255 | 1255 1255 | 100.0 | gi_556503834_ref_NC_000913.3_ NODE_64_length_1255_cov_1608.19_ID_389929
		Skipping alignment  1094245 1095499 | 1255 1 | 1255 1255 | 100.0 | gi_556503834_ref_NC_000913.3_ NODE_64_length_1255_cov_1608.19_ID_389929
		Skipping alignment  2170174 2171428 | 1 1255 | 1255 1255 | 100.0 | gi_556503834_ref_NC_000913.3_ NODE_64_length_1255_cov_1608.19_ID_389929

CONTIG: NODE_65_length_1232_cov_652.251_ID_389931 (1232bp)
Top Length: 1232  Top ID: 99.84
		This contig has 2 significant alignments. [An ambiguously mapped contig]
		Using only first of these alignment (option --ambiguity-usage is set to "one"):
		Alignment: 3666205 3667436 | 1232 1 | 1232 1232 | 99.84 | gi_556503834_ref_NC_000913.3_ NODE_65_length_1232_cov_652.251_ID_389931
		Skipping alignment  1570670 1571901 | 1232 1 | 1232 1232 | 99.43 | gi_556503834_ref_NC_000913.3_ NODE_65_length_1232_cov_652.251_ID_389931

CONTIG: NODE_66_length_1221_cov_1000.81_ID_389933 (1221bp)
Top Length: 1221  Top ID: 100.0
		Marking as insignificant: 279931 280111 | 1041 1221 | 181 181 | 100.0 | gi_556503834_ref_NC_000913.3_ NODE_66_length_1221_cov_1000.81_ID_389933
		This contig has 3 significant alignments. [An ambiguously mapped contig]
		Using only first of these alignment (option --ambiguity-usage is set to "one"):
		Alignment: 1469296 1470516 | 1 1221 | 1221 1221 | 100.0 | gi_556503834_ref_NC_000913.3_ NODE_66_length_1221_cov_1000.81_ID_389933
		Skipping alignment  4507459 4508679 | 1221 1 | 1221 1221 | 100.0 | gi_556503834_ref_NC_000913.3_ NODE_66_length_1221_cov_1000.81_ID_389933
		Skipping alignment  270541 271761 | 1 1221 | 1221 1221 | 99.75 | gi_556503834_ref_NC_000913.3_ NODE_66_length_1221_cov_1000.81_ID_389933

CONTIG: NODE_67_length_1199_cov_2636.17_ID_389935 (1199bp)
Top Length: 1199  Top ID: 100.0
		This contig has 11 significant alignments. [An ambiguously mapped contig]
		Using only first of these alignment (option --ambiguity-usage is set to "one"):
		Alignment: 574591 575789 | 1 1199 | 1199 1199 | 100.0 | gi_556503834_ref_NC_000913.3_ NODE_67_length_1199_cov_2636.17_ID_389935
		Skipping alignment  687851 689049 | 1 1199 | 1199 1199 | 100.0 | gi_556503834_ref_NC_000913.3_ NODE_67_length_1199_cov_2636.17_ID_389935
		Skipping alignment  1299495 1300693 | 1199 1 | 1199 1199 | 100.0 | gi_556503834_ref_NC_000913.3_ NODE_67_length_1199_cov_2636.17_ID_389935
		Skipping alignment  1396040 1397238 | 1199 1 | 1199 1199 | 100.0 | gi_556503834_ref_NC_000913.3_ NODE_67_length_1199_cov_2636.17_ID_389935
		Skipping alignment  3365556 3366754 | 1 1199 | 1199 1199 | 100.0 | gi_556503834_ref_NC_000913.3_ NODE_67_length_1199_cov_2636.17_ID_389935
		Skipping alignment  3652036 3653234 | 1 1199 | 1199 1199 | 100.0 | gi_556503834_ref_NC_000913.3_ NODE_67_length_1199_cov_2636.17_ID_389935
		Skipping alignment  2101749 2102946 | 1 1198 | 1198 1198 | 100.0 | gi_556503834_ref_NC_000913.3_ NODE_67_length_1199_cov_2636.17_ID_389935
		Skipping alignment  3130143 3131340 | 1198 1 | 1198 1198 | 100.0 | gi_556503834_ref_NC_000913.3_ NODE_67_length_1199_cov_2636.17_ID_389935
		Skipping alignment  273955 275149 | 1 1195 | 1195 1195 | 100.0 | gi_556503834_ref_NC_000913.3_ NODE_67_length_1199_cov_2636.17_ID_389935
		Skipping alignment  2288919 2290113 | 1 1195 | 1195 1195 | 100.0 | gi_556503834_ref_NC_000913.3_ NODE_67_length_1199_cov_2636.17_ID_389935
		Skipping alignment  2066159 2067357 | 1 1199 | 1199 1199 | 99.5 | gi_556503834_ref_NC_000913.3_ NODE_67_length_1199_cov_2636.17_ID_389935

CONTIG: NODE_68_length_1195_cov_2641.16_ID_389937 (1195bp)
Top Length: 1195  Top ID: 100.0
		This contig has 11 significant alignments. [An ambiguously mapped contig]
		Using only first of these alignment (option --ambiguity-usage is set to "one"):
		Alignment: 273955 275149 | 1 1195 | 1195 1195 | 100.0 | gi_556503834_ref_NC_000913.3_ NODE_68_length_1195_cov_2641.16_ID_389937
		Skipping alignment  574591 575785 | 1 1195 | 1195 1195 | 100.0 | gi_556503834_ref_NC_000913.3_ NODE_68_length_1195_cov_2641.16_ID_389937
		Skipping alignment  687851 689045 | 1 1195 | 1195 1195 | 100.0 | gi_556503834_ref_NC_000913.3_ NODE_68_length_1195_cov_2641.16_ID_389937
		Skipping alignment  1299499 1300693 | 1195 1 | 1195 1195 | 100.0 | gi_556503834_ref_NC_000913.3_ NODE_68_length_1195_cov_2641.16_ID_389937
		Skipping alignment  1396044 1397238 | 1195 1 | 1195 1195 | 100.0 | gi_556503834_ref_NC_000913.3_ NODE_68_length_1195_cov_2641.16_ID_389937
		Skipping alignment  2101749 2102943 | 1 1195 | 1195 1195 | 100.0 | gi_556503834_ref_NC_000913.3_ NODE_68_length_1195_cov_2641.16_ID_389937
		Skipping alignment  2288919 2290113 | 1 1195 | 1195 1195 | 100.0 | gi_556503834_ref_NC_000913.3_ NODE_68_length_1195_cov_2641.16_ID_389937
		Skipping alignment  3130146 3131340 | 1195 1 | 1195 1195 | 100.0 | gi_556503834_ref_NC_000913.3_ NODE_68_length_1195_cov_2641.16_ID_389937
		Skipping alignment  3365556 3366750 | 1 1195 | 1195 1195 | 100.0 | gi_556503834_ref_NC_000913.3_ NODE_68_length_1195_cov_2641.16_ID_389937
		Skipping alignment  3652036 3653230 | 1 1195 | 1195 1195 | 100.0 | gi_556503834_ref_NC_000913.3_ NODE_68_length_1195_cov_2641.16_ID_389937
		Skipping alignment  2066159 2067353 | 1 1195 | 1195 1195 | 99.58 | gi_556503834_ref_NC_000913.3_ NODE_68_length_1195_cov_2641.16_ID_389937

CONTIG: NODE_69_length_1031_cov_663.075_ID_389939 (1031bp)
Top Length: 1031  Top ID: 100.0
		This contig has 2 significant alignments. [An ambiguously mapped contig]
		Using only first of these alignment (option --ambiguity-usage is set to "one"):
		Alignment: 3470164 3471194 | 1031 1 | 1031 1031 | 100.0 | gi_556503834_ref_NC_000913.3_ NODE_69_length_1031_cov_663.075_ID_389939
		Skipping alignment  4176079 4177109 | 1 1031 | 1031 1031 | 99.81 | gi_556503834_ref_NC_000913.3_ NODE_69_length_1031_cov_663.075_ID_389939

CONTIG: NODE_70_length_993_cov_636.885_ID_389941 (993bp)
Top Length: 991  Top ID: 100.0
		This contig has 2 significant alignments. [An ambiguously mapped contig]
		Using only first of these alignment (option --ambiguity-usage is set to "one"):
		Alignment: 525730 526720 | 3 993 | 991 991 | 100.0 | gi_556503834_ref_NC_000913.3_ NODE_70_length_993_cov_636.885_ID_389941
		Skipping alignment  1528182 1529174 | 1 993 | 993 993 | 99.6 | gi_556503834_ref_NC_000913.3_ NODE_70_length_993_cov_636.885_ID_389941

CONTIG: NODE_71_length_718_cov_1516.49_ID_389943 (718bp)
Top Length: 718  Top ID: 100.0
		Marking as insignificant: 290634 291351 | 1 718 | 718 718 | 98.75 | gi_556503834_ref_NC_000913.3_ NODE_71_length_718_cov_1516.49_ID_389943
		Marking as insignificant: 279163 279880 | 1 718 | 718 718 | 98.75 | gi_556503834_ref_NC_000913.3_ NODE_71_length_718_cov_1516.49_ID_389943
		Marking as insignificant: 1049828 1050545 | 718 1 | 718 718 | 98.89 | gi_556503834_ref_NC_000913.3_ NODE_71_length_718_cov_1516.49_ID_389943
		This contig has 4 significant alignments. [An ambiguously mapped contig]
		Using only first of these alignment (option --ambiguity-usage is set to "one"):
		Alignment: 19796 20513 | 1 718 | 718 718 | 100.0 | gi_556503834_ref_NC_000913.3_ NODE_71_length_718_cov_1516.49_ID_389943
		Skipping alignment  257908 258625 | 1 718 | 718 718 | 100.0 | gi_556503834_ref_NC_000913.3_ NODE_71_length_718_cov_1516.49_ID_389943
		Skipping alignment  1978503 1979220 | 1 718 | 718 718 | 100.0 | gi_556503834_ref_NC_000913.3_ NODE_71_length_718_cov_1516.49_ID_389943
		Skipping alignment  3583478 3584195 | 718 1 | 718 718 | 100.0 | gi_556503834_ref_NC_000913.3_ NODE_71_length_718_cov_1516.49_ID_389943

CONTIG: NODE_72_length_706_cov_1967.33_ID_389945 (706bp)
Top Length: 706  Top ID: 100.0
		This contig has 7 significant alignments. [An ambiguously mapped contig]
		Using only first of these alignment (option --ambiguity-usage is set to "one"):
		Alignment: 381885 382590 | 706 1 | 706 706 | 100.0 | gi_556503834_ref_NC_000913.3_ NODE_72_length_706_cov_1967.33_ID_389945
		Skipping alignment  1467910 1468615 | 1 706 | 706 706 | 100.0 | gi_556503834_ref_NC_000913.3_ NODE_72_length_706_cov_1967.33_ID_389945
		Skipping alignment  1650843 1651548 | 706 1 | 706 706 | 100.0 | gi_556503834_ref_NC_000913.3_ NODE_72_length_706_cov_1967.33_ID_389945
		Skipping alignment  2068941 2069646 | 1 706 | 706 706 | 100.0 | gi_556503834_ref_NC_000913.3_ NODE_72_length_706_cov_1967.33_ID_389945
		Skipping alignment  2996361 2997066 | 1 706 | 706 706 | 100.0 | gi_556503834_ref_NC_000913.3_ NODE_72_length_706_cov_1967.33_ID_389945
		Skipping alignment  3186721 3187426 | 706 1 | 706 706 | 100.0 | gi_556503834_ref_NC_000913.3_ NODE_72_length_706_cov_1967.33_ID_389945
		Skipping alignment  4498806 4499511 | 706 1 | 706 706 | 100.0 | gi_556503834_ref_NC_000913.3_ NODE_72_length_706_cov_1967.33_ID_389945

CONTIG: NODE_73_length_590_cov_800.424_ID_389947 (590bp)
Top Length: 590  Top ID: 99.32
		Marking as insignificant: 1270163 1270625 | 1 464 | 463 464 | 98.71 | gi_556503834_ref_NC_000913.3_ NODE_73_length_590_cov_800.424_ID_389947
		Marking as insignificant: 1269093 1269682 | 1 590 | 590 590 | 97.46 | gi_556503834_ref_NC_000913.3_ NODE_73_length_590_cov_800.424_ID_389947
		One align captures most of this contig: 1269628 1270217 | 1 590 | 590 590 | 99.32 | gi_556503834_ref_NC_000913.3_ NODE_73_length_590_cov_800.424_ID_389947

CONTIG: NODE_74_length_507_cov_644.85_ID_389949 (507bp)
Top Length: 507  Top ID: 100.0
		Marking as insignificant: 3427172 3427261 | 90 1 | 90 90 | 100.0 | gi_556503834_ref_NC_000913.3_ NODE_74_length_507_cov_644.85_ID_389949
		Marking as insignificant: 225272 225361 | 1 90 | 90 90 | 100.0 | gi_556503834_ref_NC_000913.3_ NODE_74_length_507_cov_644.85_ID_389949
		Marking as insignificant: 3426749 3426896 | 507 360 | 148 148 | 99.32 | gi_556503834_ref_NC_000913.3_ NODE_74_length_507_cov_644.85_ID_389949
		One align captures most of this contig: 2729150 2729656 | 507 1 | 507 507 | 100.0 | gi_556503834_ref_NC_000913.3_ NODE_74_length_507_cov_644.85_ID_389949

Analyzing coverage...
Writing SNPs into /net/metagenomics/projects/afritz_assemblies/Simpipeline_Coverage_Sweep/ART/Ecoli_cov512/quast_metaSPAde/contigs_reports/nucmer_output/contigs.used_snps
	Reference gi_556503834_ref_NC_000913.3_: 77 total alignments. 1 total regions.
		Region: 1 to 4641652 (4641652 bp)
			START in gap: 1 to 2 (1 bp)
			Align 1: 2 15441 NODE_44_length_15440_cov_323.458_ID_389891 15440 1
				Negative gap (overlap) between this and next alignment: 15441 to 15387 (-54 bp)
				Next Alignment: 15387 16731 NODE_63_length_1345_cov_1005.77_ID_389927 1 1345

			Previous gap was negative, modifying coordinates to ignore overlap
				Moving contig start from 1 to 56.
			Align 2: 15442 16731 NODE_63_length_1345_cov_1005.77_ID_389927 56 1345
				Negative gap (overlap) between this and next alignment: 16731 to 16677 (-54 bp)
				Next Alignment: 16677 19850 NODE_57_length_3174_cov_330.192_ID_389915 3174 1

			Previous gap was negative, modifying coordinates to ignore overlap
				Moving contig start from 3174 to 3119.
			Align 3: 16732 19850 NODE_57_length_3174_cov_330.192_ID_389915 3119 1
				Negative gap (overlap) between this and next alignment: 19850 to 19796 (-54 bp)
				Next Alignment: 19796 20513 NODE_71_length_718_cov_1516.49_ID_389943 1 718

			Previous gap was negative, modifying coordinates to ignore overlap
				Moving contig start from 1 to 56.
			Align 4: 19851 20513 NODE_71_length_718_cov_1516.49_ID_389943 56 718
				Negative gap (overlap) between this and next alignment: 20513 to 20459 (-54 bp)
				Next Alignment: 20459 223679 NODE_7_length_203221_cov_326.829_ID_389815 203221 1

			Previous gap was negative, modifying coordinates to ignore overlap
				Moving contig start from 203221 to 203166.
			Align 5: 20514 223679 NODE_7_length_203221_cov_326.829_ID_389815 203166 1
				Gap between this and next alignment: 223679 to 225739 (2059 bp)
				Next Alignment: 225739 228880 NODE_58_length_3141_cov_1735.12_ID_389917 3141 1

			Align 6: 225739 228880 NODE_58_length_3141_cov_1735.12_ID_389917 3141 1
				Negative gap (overlap) between this and next alignment: 228880 to 228826 (-54 bp)
				Next Alignment: 228826 257962 NODE_40_length_29137_cov_336.797_ID_389883 29137 1

			Previous gap was negative, modifying coordinates to ignore overlap
				Moving contig start from 29137 to 29082.
			Align 7: 228881 257962 NODE_40_length_29137_cov_336.797_ID_389883 29082 1
				Gap between this and next alignment: 257962 to 258571 (608 bp)
				Next Alignment: 258571 270595 NODE_47_length_12025_cov_333.789_ID_389897 1 12025

			Align 8: 258571 270595 NODE_47_length_12025_cov_333.789_ID_389897 1 12025
				Gap between this and next alignment: 270595 to 271707 (1111 bp)
				Next Alignment: 271707 274009 NODE_60_length_2303_cov_317.324_ID_389921 2303 1

			Align 9: 271707 274009 NODE_60_length_2303_cov_317.324_ID_389921 2303 1
				Negative gap (overlap) between this and next alignment: 274009 to 273955 (-54 bp)
				Next Alignment: 273955 275149 NODE_68_length_1195_cov_2641.16_ID_389937 1 1195

			Previous gap was negative, modifying coordinates to ignore overlap
				Moving contig start from 1 to 56.
			Align 10: 274010 275149 NODE_68_length_1195_cov_2641.16_ID_389937 56 1195
				Negative gap (overlap) between this and next alignment: 275149 to 275095 (-54 bp)
				Next Alignment: 275095 279217 NODE_54_length_4123_cov_323.247_ID_389911 1 4123

			Previous gap was negative, modifying coordinates to ignore overlap
				Moving contig start from 1 to 56.
			Align 11: 275150 279217 NODE_54_length_4123_cov_323.247_ID_389911 56 4123
				Gap between this and next alignment: 279217 to 279878 (660 bp)
				Next Alignment: 279878 290495 NODE_48_length_10618_cov_334.959_ID_389899 1 10618

			Align 12: 279878 290495 NODE_48_length_10618_cov_334.959_ID_389899 1 10618
				Gap between this and next alignment: 290495 to 291349 (853 bp)
				Next Alignment: 291349 315283 NODE_41_length_23935_cov_325.976_ID_389885 1 23935

			Align 13: 291349 315283 NODE_41_length_23935_cov_325.976_ID_389885 1 23935
				Negative gap (overlap) between this and next alignment: 315283 to 315229 (-54 bp)
				Next Alignment: 315229 316483 NODE_64_length_1255_cov_1608.19_ID_389929 1 1255

			Previous gap was negative, modifying coordinates to ignore overlap
				Moving contig start from 1 to 56.
			Align 14: 315284 316483 NODE_64_length_1255_cov_1608.19_ID_389929 56 1255
				Negative gap (overlap) between this and next alignment: 316483 to 316429 (-54 bp)
				Next Alignment: 316429 381939 NODE_23_length_65511_cov_340.688_ID_389847 1 65511

			Previous gap was negative, modifying coordinates to ignore overlap
				Moving contig start from 1 to 56.
			Align 15: 316484 381939 NODE_23_length_65511_cov_340.688_ID_389847 56 65511
				Negative gap (overlap) between this and next alignment: 381939 to 381885 (-54 bp)
				Next Alignment: 381885 382590 NODE_72_length_706_cov_1967.33_ID_389945 706 1

			Previous gap was negative, modifying coordinates to ignore overlap
				Moving contig start from 706 to 651.
			Align 16: 381940 382590 NODE_72_length_706_cov_1967.33_ID_389945 651 1
				Negative gap (overlap) between this and next alignment: 382590 to 382536 (-54 bp)
				Next Alignment: 382536 391763 NODE_49_length_9228_cov_326.723_ID_389901 1 9228

			Previous gap was negative, modifying coordinates to ignore overlap
				Moving contig start from 1 to 56.
			Align 17: 382591 391763 NODE_49_length_9228_cov_326.723_ID_389901 56 9228
				Gap between this and next alignment: 391763 to 392909 (1145 bp)
				Next Alignment: 392909 525782 NODE_12_length_132874_cov_326.196_ID_389825 132874 1

			Align 18: 392909 525782 NODE_12_length_132874_cov_326.196_ID_389825 132874 1
				Negative gap (overlap) between this and next alignment: 525782 to 525730 (-52 bp)
				Next Alignment: 525730 526720 NODE_70_length_993_cov_636.885_ID_389941 3 993

			Previous gap was negative, modifying coordinates to ignore overlap
				Moving contig start from 3 to 56.
			Align 19: 525783 526720 NODE_70_length_993_cov_636.885_ID_389941 56 993
				Negative gap (overlap) between this and next alignment: 526720 to 526666 (-54 bp)
				Next Alignment: 526666 566834 NODE_32_length_40169_cov_327.229_ID_389865 1 40169

			Previous gap was negative, modifying coordinates to ignore overlap
				Moving contig start from 1 to 56.
			Align 20: 526721 566834 NODE_32_length_40169_cov_327.229_ID_389865 56 40169
				Gap between this and next alignment: 566834 to 567980 (1145 bp)
				Next Alignment: 567980 574645 NODE_52_length_6666_cov_328.067_ID_389907 6666 1

			Align 21: 567980 574645 NODE_52_length_6666_cov_328.067_ID_389907 6666 1
				Negative gap (overlap) between this and next alignment: 574645 to 574591 (-54 bp)
				Next Alignment: 574591 575789 NODE_67_length_1199_cov_2636.17_ID_389935 1 1199

			Previous gap was negative, modifying coordinates to ignore overlap
				Moving contig start from 1 to 56.
			Align 22: 574646 575789 NODE_67_length_1199_cov_2636.17_ID_389935 56 1199
				Negative gap (overlap) between this and next alignment: 575789 to 575735 (-54 bp)
				Next Alignment: 575735 608061 NODE_35_length_32327_cov_343.079_ID_389875 32327 1

			Previous gap was negative, modifying coordinates to ignore overlap
				Moving contig start from 32327 to 32272.
			Align 23: 575790 608061 NODE_35_length_32327_cov_343.079_ID_389875 32272 1
				Gap between this and next alignment: 608061 to 609297 (1235 bp)
				Next Alignment: 609297 687905 NODE_21_length_78609_cov_326.571_ID_389843 1 78609

			Align 24: 609297 687905 NODE_21_length_78609_cov_326.571_ID_389843 1 78609
				Gap between this and next alignment: 687905 to 688995 (1089 bp)
				Next Alignment: 688995 729790 NODE_31_length_40796_cov_328.32_ID_389863 1 40796

			Align 25: 688995 729790 NODE_31_length_40796_cov_328.32_ID_389863 1 40796
				Gap between this and next alignment: 729790 to 733168 (3377 bp)
				Next Alignment: 733168 1049882 NODE_2_length_316718_cov_334.427_ID_389805 1 316718

			Align 26: 733168 1049882 NODE_2_length_316718_cov_334.427_ID_389805 1 316718
				Gap between this and next alignment: 1049882 to 1050491 (608 bp)
				Next Alignment: 1050491 1094299 NODE_28_length_43809_cov_324.162_ID_389857 1 43809

			Align 27: 1050491 1094299 NODE_28_length_43809_cov_324.162_ID_389857 1 43809
				Gap between this and next alignment: 1094299 to 1097142 (2842 bp)
				Next Alignment: 1097142 1269682 NODE_10_length_174057_cov_329.066_ID_389821 1517 174057

			Align 28: 1097142 1269682 NODE_10_length_174057_cov_329.066_ID_389821 1517 174057
				Negative gap (overlap) between this and next alignment: 1269682 to 1269628 (-54 bp)
				Next Alignment: 1269628 1270217 NODE_73_length_590_cov_800.424_ID_389947 1 590

			Previous gap was negative, modifying coordinates to ignore overlap
				Moving contig start from 1 to 56.
			Align 29: 1269683 1270217 NODE_73_length_590_cov_800.424_ID_389947 56 590
				Gap between this and next alignment: 1270217 to 1270440 (222 bp)
				Next Alignment: 1270440 1286762 NODE_42_length_16323_cov_325.236_ID_389887 1 16323

			Align 30: 1270440 1286762 NODE_42_length_16323_cov_325.236_ID_389887 1 16323
				Negative gap (overlap) between this and next alignment: 1286762 to 1286738 (-24 bp)
				Next Alignment: 1286738 1299549 NODE_46_length_12812_cov_335.188_ID_389895 1 12812

			Previous gap was negative, modifying coordinates to ignore overlap
				Moving contig start from 1 to 26.
			Align 31: 1286763 1299549 NODE_46_length_12812_cov_335.188_ID_389895 26 12812
				Gap between this and next alignment: 1299549 to 1300639 (1089 bp)
				Next Alignment: 1300639 1396094 NODE_17_length_95456_cov_327.621_ID_389835 1 95456

			Align 32: 1300639 1396094 NODE_17_length_95456_cov_327.621_ID_389835 1 95456
				Gap between this and next alignment: 1396094 to 1397184 (1089 bp)
				Next Alignment: 1397184 1428049 NODE_38_length_30866_cov_326.87_ID_389869 1 30866

			Align 33: 1397184 1428049 NODE_38_length_30866_cov_326.87_ID_389869 1 30866
				Gap between this and next alignment: 1428049 to 1428217 (167 bp)
				Next Alignment: 1428217 1432328 NODE_55_length_4112_cov_317.786_ID_389871 1 4112

			Align 34: 1428217 1432328 NODE_55_length_4112_cov_317.786_ID_389871 1 4112
				Gap between this and next alignment: 1432328 to 1434686 (2357 bp)
				Next Alignment: 1434686 1466725 NODE_34_length_32985_cov_334.668_ID_389873 32985 946

			Align 35: 1434686 1466725 NODE_34_length_32985_cov_334.668_ID_389873 32985 946
				Gap between this and next alignment: 1466725 to 1467020 (294 bp)
				Next Alignment: 1467020 1467964 NODE_34_length_32985_cov_334.668_ID_389873 945 1

			Align 36: 1467020 1467964 NODE_34_length_32985_cov_334.668_ID_389873 945 1
				Gap between this and next alignment: 1467964 to 1469296 (1331 bp)
				Next Alignment: 1469296 1470516 NODE_66_length_1221_cov_1000.81_ID_389933 1 1221

			Align 37: 1469296 1470516 NODE_66_length_1221_cov_1000.81_ID_389933 1 1221
				Negative gap (overlap) between this and next alignment: 1470516 to 1470462 (-54 bp)
				Next Alignment: 1470462 1528236 NODE_25_length_57775_cov_326.903_ID_389851 1 57775

			Previous gap was negative, modifying coordinates to ignore overlap
				Moving contig start from 1 to 56.
			Align 38: 1470517 1528236 NODE_25_length_57775_cov_326.903_ID_389851 56 57775
				Gap between this and next alignment: 1528236 to 1529120 (883 bp)
				Next Alignment: 1529120 1570724 NODE_29_length_41605_cov_346.034_ID_389859 1 41605

			Align 39: 1529120 1570724 NODE_29_length_41605_cov_346.034_ID_389859 1 41605
				Gap between this and next alignment: 1570724 to 1571847 (1122 bp)
				Next Alignment: 1571847 1632610 NODE_24_length_60764_cov_326.435_ID_389849 60764 1

			Align 40: 1571847 1632610 NODE_24_length_60764_cov_326.435_ID_389849 60764 1
				Negative gap (overlap) between this and next alignment: 1632610 to 1632556 (-54 bp)
				Next Alignment: 1632556 1635022 NODE_59_length_2467_cov_670.629_ID_389919 1 2467

			Previous gap was negative, modifying coordinates to ignore overlap
				Moving contig start from 1 to 56.
			Align 41: 1632611 1635022 NODE_59_length_2467_cov_670.629_ID_389919 56 2467
				Negative gap (overlap) between this and next alignment: 1635022 to 1634968 (-54 bp)
				Next Alignment: 1634968 1650897 NODE_43_length_15930_cov_348_ID_389889 15930 1

			Previous gap was negative, modifying coordinates to ignore overlap
				Moving contig start from 15930 to 15875.
			Align 42: 1635023 1650897 NODE_43_length_15930_cov_348_ID_389889 15875 1
				Gap between this and next alignment: 1650897 to 1651494 (596 bp)
				Next Alignment: 1651494 1978557 NODE_1_length_327064_cov_325.938_ID_389803 1 327064

			Align 43: 1651494 1978557 NODE_1_length_327064_cov_325.938_ID_389803 1 327064
				Gap between this and next alignment: 1978557 to 1979166 (608 bp)
				Next Alignment: 1979166 2066229 NODE_19_length_87064_cov_327.568_ID_389839 1 87064

			Align 44: 1979166 2066229 NODE_19_length_87064_cov_327.568_ID_389839 1 87064
				Gap between this and next alignment: 2066229 to 2067246 (1016 bp)
				Next Alignment: 2067246 2068995 NODE_61_length_1750_cov_301.153_ID_389923 1750 1

			Align 45: 2067246 2068995 NODE_61_length_1750_cov_301.153_ID_389923 1750 1
				Gap between this and next alignment: 2068995 to 2070219 (1223 bp)
				Next Alignment: 2070219 2101803 NODE_36_length_31585_cov_325.376_ID_389877 1 31585

			Align 46: 2070219 2101803 NODE_36_length_31585_cov_325.376_ID_389877 1 31585
				Gap between this and next alignment: 2101803 to 2102894 (1090 bp)
				Next Alignment: 2102894 2170228 NODE_22_length_67335_cov_326.056_ID_389845 67335 1

			Align 47: 2102894 2170228 NODE_22_length_67335_cov_326.056_ID_389845 67335 1
				Gap between this and next alignment: 2170228 to 2171374 (1145 bp)
				Next Alignment: 2171374 2288973 NODE_15_length_117600_cov_326.823_ID_389831 117600 1

			Align 48: 2171374 2288973 NODE_15_length_117600_cov_326.823_ID_389831 117600 1
				Gap between this and next alignment: 2288973 to 2290059 (1085 bp)
				Next Alignment: 2290059 2514327 NODE_5_length_224269_cov_327.292_ID_389811 1 224269

			Align 49: 2290059 2514327 NODE_5_length_224269_cov_327.292_ID_389811 1 224269
				Gap between this and next alignment: 2514327 to 2515563 (1235 bp)
				Next Alignment: 2515563 2726118 NODE_6_length_210558_cov_329.501_ID_389813 210558 1

			Align 50: 2515563 2726118 NODE_6_length_210558_cov_329.501_ID_389813 210558 1
				Gap between this and next alignment: 2726118 to 2729150 (3031 bp)
				Next Alignment: 2729150 2729656 NODE_74_length_507_cov_644.85_ID_389949 507 1

			Align 51: 2729150 2729656 NODE_74_length_507_cov_644.85_ID_389949 507 1
				Gap between this and next alignment: 2729656 to 2731431 (1774 bp)
				Next Alignment: 2731431 2817782 NODE_4_length_264571_cov_327.955_ID_389809 1 86352

			Align 52: 2731431 2817782 NODE_4_length_264571_cov_327.955_ID_389809 1 86352
				Gap between this and next alignment: 2817782 to 2818197 (414 bp)
				Next Alignment: 2818197 2996415 NODE_4_length_264571_cov_327.955_ID_389809 86353 264571

			Align 53: 2818197 2996415 NODE_4_length_264571_cov_327.955_ID_389809 86353 264571
				Gap between this and next alignment: 2996415 to 2997638 (1222 bp)
				Next Alignment: 2997638 3130195 NODE_13_length_132558_cov_326.319_ID_389827 132558 1

			Align 54: 2997638 3130195 NODE_13_length_132558_cov_326.319_ID_389827 132558 1
				Gap between this and next alignment: 3130195 to 3131286 (1090 bp)
				Next Alignment: 3131286 3186150 NODE_27_length_54865_cov_328.909_ID_389855 54865 1

			Align 55: 3131286 3186150 NODE_27_length_54865_cov_328.909_ID_389855 54865 1
				Gap between this and next alignment: 3186150 to 3187372 (1221 bp)
				Next Alignment: 3187372 3365610 NODE_8_length_178239_cov_326.593_ID_389817 1 178239

			Align 56: 3187372 3365610 NODE_8_length_178239_cov_326.593_ID_389817 1 178239
				Gap between this and next alignment: 3365610 to 3366700 (1089 bp)
				Next Alignment: 3366700 3423313 NODE_26_length_56614_cov_326.106_ID_389853 1 56614

			Align 57: 3366700 3423313 NODE_26_length_56614_cov_326.106_ID_389853 1 56614
				Gap between this and next alignment: 3423313 to 3428854 (5540 bp)
				Next Alignment: 3428854 3470218 NODE_30_length_41365_cov_330.923_ID_389861 41365 1

			Align 58: 3428854 3470218 NODE_30_length_41365_cov_330.923_ID_389861 41365 1
				Negative gap (overlap) between this and next alignment: 3470218 to 3470164 (-54 bp)
				Next Alignment: 3470164 3471194 NODE_69_length_1031_cov_663.075_ID_389939 1031 1

			Previous gap was negative, modifying coordinates to ignore overlap
				Moving contig start from 1031 to 976.
			Align 59: 3470219 3471194 NODE_69_length_1031_cov_663.075_ID_389939 976 1
				Negative gap (overlap) between this and next alignment: 3471194 to 3471140 (-54 bp)
				Next Alignment: 3471140 3583532 NODE_16_length_112393_cov_326.156_ID_389833 1 112393

			Previous gap was negative, modifying coordinates to ignore overlap
				Moving contig start from 1 to 56.
			Align 60: 3471195 3583532 NODE_16_length_112393_cov_326.156_ID_389833 56 112393
				Gap between this and next alignment: 3583532 to 3584141 (608 bp)
				Next Alignment: 3584141 3619399 NODE_33_length_35259_cov_327.731_ID_389867 1 35259

			Align 61: 3584141 3619399 NODE_33_length_35259_cov_327.731_ID_389867 1 35259
				Gap between this and next alignment: 3619399 to 3622777 (3377 bp)
				Next Alignment: 3622777 3652090 NODE_39_length_29314_cov_358.675_ID_389881 29314 1

			Align 62: 3622777 3652090 NODE_39_length_29314_cov_358.675_ID_389881 29314 1
				Gap between this and next alignment: 3652090 to 3653180 (1089 bp)
				Next Alignment: 3653180 3666259 NODE_45_length_13080_cov_329.485_ID_389893 13080 1

			Align 63: 3653180 3666259 NODE_45_length_13080_cov_329.485_ID_389893 13080 1
				Negative gap (overlap) between this and next alignment: 3666259 to 3666205 (-54 bp)
				Next Alignment: 3666205 3667436 NODE_65_length_1232_cov_652.251_ID_389931 1232 1

			Previous gap was negative, modifying coordinates to ignore overlap
				Moving contig start from 1232 to 1177.
			Align 64: 3666260 3667436 NODE_65_length_1232_cov_652.251_ID_389931 1177 1
				Negative gap (overlap) between this and next alignment: 3667436 to 3667382 (-54 bp)
				Next Alignment: 3667382 3762390 NODE_18_length_95009_cov_327.775_ID_389837 95009 1

			Previous gap was negative, modifying coordinates to ignore overlap
				Moving contig start from 95009 to 94954.
			Align 65: 3667437 3762390 NODE_18_length_95009_cov_327.775_ID_389837 94954 1
				Negative gap (overlap) between this and next alignment: 3762390 to 3762336 (-54 bp)
				Next Alignment: 3762336 3765822 NODE_56_length_3487_cov_1065.37_ID_389913 3487 1

			Previous gap was negative, modifying coordinates to ignore overlap
				Moving contig start from 3487 to 3432.
			Align 66: 3762391 3765822 NODE_56_length_3487_cov_1065.37_ID_389913 3432 1
				Negative gap (overlap) between this and next alignment: 3765822 to 3765768 (-54 bp)
				Next Alignment: 3765768 3941502 NODE_9_length_175735_cov_330.078_ID_389819 175735 1

			Previous gap was negative, modifying coordinates to ignore overlap
				Moving contig start from 175735 to 175680.
			Align 67: 3765823 3941502 NODE_9_length_175735_cov_330.078_ID_389819 175680 1
				Gap between this and next alignment: 3941502 to 3946770 (5267 bp)
				Next Alignment: 3946770 4027533 NODE_20_length_80764_cov_326.519_ID_389841 1 80764

			Align 68: 3946770 4027533 NODE_20_length_80764_cov_326.519_ID_389841 1 80764
				Negative gap (overlap) between this and next alignment: 4027533 to 4027479 (-54 bp)
				Next Alignment: 4027479 4035219 NODE_51_length_7741_cov_323.418_ID_389905 7741 1

			Previous gap was negative, modifying coordinates to ignore overlap
				Moving contig start from 7741 to 7686.
			Align 69: 4027534 4035219 NODE_51_length_7741_cov_323.418_ID_389905 7686 1
				Gap between this and next alignment: 4035219 to 4040746 (5526 bp)
				Next Alignment: 4040746 4166353 NODE_14_length_125608_cov_326.219_ID_389829 1 125608

			Align 70: 4040746 4166353 NODE_14_length_125608_cov_326.219_ID_389829 1 125608
				Gap between this and next alignment: 4166353 to 4171707 (5353 bp)
				Next Alignment: 4171707 4176133 NODE_53_length_4427_cov_344.511_ID_389909 4427 1

			Align 71: 4171707 4176133 NODE_53_length_4427_cov_344.511_ID_389909 4427 1
				Gap between this and next alignment: 4176133 to 4177055 (921 bp)
				Next Alignment: 4177055 4208055 NODE_37_length_31003_cov_329.523_ID_389879 31003 1

			Align 72: 4177055 4208055 NODE_37_length_31003_cov_329.523_ID_389879 31003 1
				Negative gap (overlap) between this and next alignment: 4208055 to 4208001 (-54 bp)
				Next Alignment: 4208001 4209702 NODE_62_length_1702_cov_1802.55_ID_389925 1 1702

			Previous gap was negative, modifying coordinates to ignore overlap
				Moving contig start from 1 to 56.
			Align 73: 4208056 4209702 NODE_62_length_1702_cov_1802.55_ID_389925 56 1702
				Gap between this and next alignment: 4209702 to 4213110 (3407 bp)
				Next Alignment: 4213110 4295836 NODE_3_length_284899_cov_327.015_ID_389807 1 82725

			Align 74: 4213110 4295836 NODE_3_length_284899_cov_327.015_ID_389807 1 82725
				Gap between this and next alignment: 4295836 to 4296061 (224 bp)
				Next Alignment: 4296061 4498235 NODE_3_length_284899_cov_327.015_ID_389807 82726 284899

			Align 75: 4296061 4498235 NODE_3_length_284899_cov_327.015_ID_389807 82726 284899
				Gap between this and next alignment: 4498235 to 4499457 (1221 bp)
				Next Alignment: 4499457 4507513 NODE_50_length_8057_cov_329.258_ID_389903 1 8057

			Align 76: 4499457 4507513 NODE_50_length_8057_cov_329.258_ID_389903 1 8057
				Gap between this and next alignment: 4507513 to 4508625 (1111 bp)
				Next Alignment: 4508625 4641652 NODE_11_length_133028_cov_326.35_ID_389823 133028 1

			Align 77: 4508625 4641652 NODE_11_length_133028_cov_326.35_ID_389823 133028 1
			END in current alignment.  Modifying 4641652 to 4641652.

Analysis is finished!
Founded SNPs were written into /net/metagenomics/projects/afritz_assemblies/Simpipeline_Coverage_Sweep/ART/Ecoli_cov512/quast_metaSPAde/contigs_reports/nucmer_output/contigs.used_snps

Results:
	Local Misassemblies: 3
	Misassemblies: 0
		Relocations: 0
		Translocations: 0
		Inversions: 0
	Misassembled Contigs: 0
	Misassembled Contig Bases: 0
	Misassemblies Inter-Contig Overlap: 0
Uncovered Regions: 0 (0)
Unaligned Contigs: 0 + 0 part
Partially Unaligned Contigs with Misassemblies: 0
Unaligned Contig Bases: 0

Ambiguously Mapped Contigs: 14
Total Bases in Ambiguously Mapped Contigs: 21690
Note that --allow-ambiguity option was set to "one" and only first alignment per each contig was used.

	Covered Bases: 4564882

	SNPs: 317
	Insertions: 16
	Deletions: 11

	Positive Gaps: 49
		Internal Gaps:  3
		External Gaps:  46
		External Gap Total:  75838
		External Gap Average: 1649
	Negative Gaps: 28
		Internal Overlaps:  0
		External Overlaps:  28
		External Overlaps Total: -1480
		External Overlaps Average: -53
	Contigs with Redundant Alignments: 0 (0)
