Aligning contigs to reference...
	Running Nucmer
Parsing coords...
Loading reference...
	Loaded [e_coli_k12_gi_556503834_ref_NC_]
Loading SNPs...
Loading regions...
	No regions given, using whole reference.
	Total Regions: 1
	Total Region Length: 4641652
Analyzing contigs...
CONTIG: NODE_1_length_327061_cov_97.9995_ID_243841 (327061bp)
Top Length: 327061  Top ID: 99.93
		One align captures most of this contig: 1651494 1978557 | 327061 1 | 327064 327061 | 99.93 | e_coli_k12_gi_556503834_ref_NC_ NODE_1_length_327061_cov_97.9995_ID_243841

CONTIG: NODE_2_length_311171_cov_98.0392_ID_245493 (311171bp)
Top Length: 311171  Top ID: 99.93
		Marking as insignificant: 2520931 2521006 | 42105 42180 | 76 76 | 100.0 | e_coli_k12_gi_556503834_ref_NC_ NODE_2_length_311171_cov_98.0392_ID_245493
		Marking as insignificant: 2521253 2521330 | 41894 41971 | 78 78 | 100.0 | e_coli_k12_gi_556503834_ref_NC_ NODE_2_length_311171_cov_98.0392_ID_245493
		Marking as insignificant: 2521051 2521129 | 42105 42183 | 79 79 | 100.0 | e_coli_k12_gi_556503834_ref_NC_ NODE_2_length_311171_cov_98.0392_ID_245493
		Marking as insignificant: 2521253 2521335 | 42711 42793 | 83 83 | 98.8 | e_coli_k12_gi_556503834_ref_NC_ NODE_2_length_311171_cov_98.0392_ID_245493
		Marking as insignificant: 3071271 3071396 | 64664 64789 | 126 126 | 98.41 | e_coli_k12_gi_556503834_ref_NC_ NODE_2_length_311171_cov_98.0392_ID_245493
		Marking as insignificant: 596978 597105 | 64662 64789 | 128 128 | 99.22 | e_coli_k12_gi_556503834_ref_NC_ NODE_2_length_311171_cov_98.0392_ID_245493
		Marking as insignificant: 1097522 1097659 | 187180 187317 | 138 138 | 98.55 | e_coli_k12_gi_556503834_ref_NC_ NODE_2_length_311171_cov_98.0392_ID_245493
		Marking as insignificant: 2521173 2521328 | 42410 42564 | 156 155 | 98.72 | e_coli_k12_gi_556503834_ref_NC_ NODE_2_length_311171_cov_98.0392_ID_245493
		Marking as insignificant: 2521173 2521328 | 42105 42260 | 156 156 | 100.0 | e_coli_k12_gi_556503834_ref_NC_ NODE_2_length_311171_cov_98.0392_ID_245493
		Marking as insignificant: 2229115 2229376 | 176627 176366 | 262 262 | 95.04 | e_coli_k12_gi_556503834_ref_NC_ NODE_2_length_311171_cov_98.0392_ID_245493
		Marking as insignificant: 2521253 2521520 | 42919 43186 | 268 268 | 99.63 | e_coli_k12_gi_556503834_ref_NC_ NODE_2_length_311171_cov_98.0392_ID_245493
		One align captures most of this contig: 738654 1049832 | 1 311171 | 311179 311171 | 99.93 | e_coli_k12_gi_556503834_ref_NC_ NODE_2_length_311171_cov_98.0392_ID_245493

CONTIG: NODE_3_length_284583_cov_97.8253_ID_244744 (284583bp)
Top Length: 172129  Top ID: 99.92
		Skipping redundant alignment 1992042 1992117 | 105579 105654 | 76 76 | 100.0 | e_coli_k12_gi_556503834_ref_NC_ NODE_3_length_284583_cov_97.8253_ID_244744
		Skipping redundant alignment 1992042 1992117 | 105690 105765 | 76 76 | 100.0 | e_coli_k12_gi_556503834_ref_NC_ NODE_3_length_284583_cov_97.8253_ID_244744
		Skipping redundant alignment 1992042 1992117 | 105801 105876 | 76 76 | 100.0 | e_coli_k12_gi_556503834_ref_NC_ NODE_3_length_284583_cov_97.8253_ID_244744
		Skipping redundant alignment 4295948 4296322 | 201867 201495 | 375 373 | 97.33 | e_coli_k12_gi_556503834_ref_NC_ NODE_3_length_284583_cov_97.8253_ID_244744
		This contig is misassembled. 7 total aligns.
			Excluding internal overlap of size 284 between Alignment 1 and 2:  4296061 4326088 | 201867 171846 | 30028 30022 --> 4296061 4325804 | 201867 172130 | 29744 29738
			Real Alignment 1: 4326105 4498235 | 172129 1 | 172131 172129 | 99.92 | e_coli_k12_gi_556503834_ref_NC_ NODE_3_length_284583_cov_97.8253_ID_244744
			  Gap between these two alignments (local misassembly). Inconsistency = 300 
			Excluding internal overlap of size 373 between Alignment 2 and 3:  4296061 4325804 | 201867 172130 | 29744 29738 --> 4296434 4325804 | 201494 172130 | 29371 29365
			Real Alignment 2: 4296434 4325804 | 201494 172130 | 29371 29365 | 99.86 | e_coli_k12_gi_556503834_ref_NC_ NODE_3_length_284583_cov_97.8253_ID_244744
			  Gap between these two alignments (local misassembly). Inconsistency = 224 
			Real Alignment 3: 4213112 4296209 | 284583 201495 | 83098 83089 | 99.91 | e_coli_k12_gi_556503834_ref_NC_ NODE_3_length_284583_cov_97.8253_ID_244744

CONTIG: NODE_4_length_266763_cov_100.665_ID_247742 (266763bp)
Top Length: 178218  Top ID: 99.93
		Skipping redundant alignment 2818197 2818275 | 177942 177864 | 79 79 | 100.0 | e_coli_k12_gi_556503834_ref_NC_ NODE_4_length_266763_cov_100.665_ID_247742
		Skipping redundant alignment 290428 290633 | 236114 235909 | 206 206 | 99.51 | e_coli_k12_gi_556503834_ref_NC_ NODE_4_length_266763_cov_100.665_ID_247742
		Skipping redundant alignment 3941479 3943738 | 264504 266763 | 2260 2260 | 99.73 | e_coli_k12_gi_556503834_ref_NC_ NODE_4_length_266763_cov_100.665_ID_247742
		Skipping redundant alignment 4166330 4168675 | 264504 266763 | 2346 2260 | 95.91 | e_coli_k12_gi_556503834_ref_NC_ NODE_4_length_266763_cov_100.665_ID_247742
		Skipping redundant alignment 4035202 4037116 | 264504 266418 | 1915 1915 | 99.58 | e_coli_k12_gi_556503834_ref_NC_ NODE_4_length_266763_cov_100.665_ID_247742
		Skipping redundant alignment 4208001 4210077 | 264687 266763 | 2077 2077 | 99.52 | e_coli_k12_gi_556503834_ref_NC_ NODE_4_length_266763_cov_100.665_ID_247742
		Skipping redundant alignment 3427177 3428908 | 266418 264687 | 1732 1732 | 99.71 | e_coli_k12_gi_556503834_ref_NC_ NODE_4_length_266763_cov_100.665_ID_247742
		Skipping redundant alignment 223625 225356 | 264687 266418 | 1732 1732 | 99.13 | e_coli_k12_gi_556503834_ref_NC_ NODE_4_length_266763_cov_100.665_ID_247742
		Skipping redundant alignment 4037397 4037553 | 266607 266763 | 157 157 | 100.0 | e_coli_k12_gi_556503834_ref_NC_ NODE_4_length_266763_cov_100.665_ID_247742
		This contig is misassembled. 11 total aligns.
			Excluding internal overlap of size 355 between Alignment 1 and 2:  2729150 2818136 | 266763 177864 | 88987 88900 --> 2729150 2817781 | 266763 178219 | 88632 88545
			Real Alignment 1: 2818197 2996415 | 178218 1 | 178219 178218 | 99.93 | e_coli_k12_gi_556503834_ref_NC_ NODE_4_length_266763_cov_100.665_ID_247742
			  Gap between these two alignments (local misassembly). Inconsistency = 415 
			Real Alignment 2: 2729150 2817781 | 266763 178219 | 88632 88545 | 99.78 | e_coli_k12_gi_556503834_ref_NC_ NODE_4_length_266763_cov_100.665_ID_247742

CONTIG: NODE_5_length_224141_cov_97.9249_ID_246621 (224141bp)
Top Length: 209810  Top ID: 99.92
		Skipping redundant alignment 1207563 1207804 | 181947 181706 | 242 242 | 95.04 | e_coli_k12_gi_556503834_ref_NC_ NODE_5_length_224141_cov_97.9249_ID_246621
		This contig is misassembled. 3 total aligns.
			Excluding internal overlap of size 563 between Alignment 1 and 2:  2290059 2304952 | 1 14894 | 14894 14894 --> 2290059 2304389 | 1 14331 | 14331 14331
			Real Alignment 1: 2290059 2304389 | 1 14331 | 14331 14331 | 99.91 | e_coli_k12_gi_556503834_ref_NC_ NODE_5_length_224141_cov_97.9249_ID_246621
			  Gap between these two alignments (local misassembly). Inconsistency = 113 
			Real Alignment 2: 2304503 2514327 | 14332 224141 | 209825 209810 | 99.92 | e_coli_k12_gi_556503834_ref_NC_ NODE_5_length_224141_cov_97.9249_ID_246621

CONTIG: NODE_6_length_204642_cov_97.7669_ID_244191 (204642bp)
Top Length: 204642  Top ID: 99.93
		One align captures most of this contig: 2521466 2726116 | 1 204642 | 204651 204642 | 99.93 | e_coli_k12_gi_556503834_ref_NC_ NODE_6_length_204642_cov_97.7669_ID_244191

CONTIG: NODE_7_length_203170_cov_97.9619_ID_244591 (203170bp)
Top Length: 203170  Top ID: 99.94
		Marking as insignificant: 3428854 3428998 | 1 145 | 145 145 | 99.31 | e_coli_k12_gi_556503834_ref_NC_ NODE_7_length_203170_cov_97.9619_ID_244591
		Marking as insignificant: 4207843 4208055 | 215 1 | 213 215 | 98.6 | e_coli_k12_gi_556503834_ref_NC_ NODE_7_length_203170_cov_97.9619_ID_244591
		One align captures most of this contig: 20509 223679 | 203170 1 | 203171 203170 | 99.94 | e_coli_k12_gi_556503834_ref_NC_ NODE_7_length_203170_cov_97.9619_ID_244591

CONTIG: NODE_8_length_178238_cov_97.8449_ID_244911 (178238bp)
Top Length: 178238  Top ID: 99.93
		One align captures most of this contig: 3187372 3365610 | 1 178238 | 178239 178238 | 99.93 | e_coli_k12_gi_556503834_ref_NC_ NODE_8_length_178238_cov_97.8449_ID_244911

CONTIG: NODE_9_length_173986_cov_97.9259_ID_243894 (173986bp)
Top Length: 173986  Top ID: 99.94
		One align captures most of this contig: 3767521 3941502 | 173986 1 | 173982 173986 | 99.94 | e_coli_k12_gi_556503834_ref_NC_ NODE_9_length_173986_cov_97.9259_ID_243894

CONTIG: NODE_10_length_173797_cov_98.7292_ID_244296 (173797bp)
Top Length: 172281  Top ID: 99.93
		Marking as insignificant: 925841 925978 | 1897 2034 | 138 138 | 98.55 | e_coli_k12_gi_556503834_ref_NC_ NODE_10_length_173797_cov_98.7292_ID_244296
		Marking as insignificant: 2471882 2472123 | 112177 111936 | 242 242 | 95.04 | e_coli_k12_gi_556503834_ref_NC_ NODE_10_length_173797_cov_98.7292_ID_244296
		Marking as insignificant: 1269620 1269959 | 173458 173797 | 340 340 | 98.53 | e_coli_k12_gi_556503834_ref_NC_ NODE_10_length_173797_cov_98.7292_ID_244296
		Marking as insignificant: 1270155 1270494 | 173458 173797 | 340 340 | 99.12 | e_coli_k12_gi_556503834_ref_NC_ NODE_10_length_173797_cov_98.7292_ID_244296
		Marking as insignificant: 1095445 1097402 | 1 1958 | 1958 1958 | 99.9 | e_coli_k12_gi_556503834_ref_NC_ NODE_10_length_173797_cov_98.7292_ID_244296
		One align captures most of this contig: 1097142 1269424 | 1517 173797 | 172283 172281 | 99.93 | e_coli_k12_gi_556503834_ref_NC_ NODE_10_length_173797_cov_98.7292_ID_244296

CONTIG: NODE_11_length_133028_cov_97.7012_ID_244425 (133028bp)
Top Length: 133028  Top ID: 99.94
		Marking as insignificant: 3982605 3982692 | 35486 35573 | 88 88 | 100.0 | e_coli_k12_gi_556503834_ref_NC_ NODE_11_length_133028_cov_97.7012_ID_244425
		Marking as insignificant: 3982604 3982692 | 35249 35337 | 89 89 | 100.0 | e_coli_k12_gi_556503834_ref_NC_ NODE_11_length_133028_cov_97.7012_ID_244425
		One align captures most of this contig: 4508625 4641652 | 133028 1 | 133028 133028 | 99.94 | e_coli_k12_gi_556503834_ref_NC_ NODE_11_length_133028_cov_97.7012_ID_244425

CONTIG: NODE_12_length_132876_cov_97.7251_ID_243990 (132876bp)
Top Length: 132876  Top ID: 99.93
		One align captures most of this contig: 392909 525784 | 1 132876 | 132876 132876 | 99.93 | e_coli_k12_gi_556503834_ref_NC_ NODE_12_length_132876_cov_97.7251_ID_243990

CONTIG: NODE_13_length_132560_cov_97.5912_ID_244686 (132560bp)
Top Length: 132560  Top ID: 99.93
		Marking as insignificant: 803322 803447 | 58929 58804 | 126 126 | 98.41 | e_coli_k12_gi_556503834_ref_NC_ NODE_13_length_132560_cov_97.5912_ID_244686
		Marking as insignificant: 596980 597107 | 58929 58802 | 128 128 | 99.22 | e_coli_k12_gi_556503834_ref_NC_ NODE_13_length_132560_cov_97.5912_ID_244686
		One align captures most of this contig: 2997638 3130200 | 132560 1 | 132563 132560 | 99.93 | e_coli_k12_gi_556503834_ref_NC_ NODE_13_length_132560_cov_97.5912_ID_244686

CONTIG: NODE_14_length_125608_cov_97.722_ID_248532 (125608bp)
Top Length: 125608  Top ID: 99.93
		Marking as insignificant: 4171866 4171965 | 1 100 | 100 100 | 100.0 | e_coli_k12_gi_556503834_ref_NC_ NODE_14_length_125608_cov_97.722_ID_248532
		One align captures most of this contig: 4040746 4166353 | 1 125608 | 125608 125608 | 99.93 | e_coli_k12_gi_556503834_ref_NC_ NODE_14_length_125608_cov_97.722_ID_248532

CONTIG: NODE_15_length_117595_cov_97.8989_ID_244971 (117595bp)
Top Length: 117595  Top ID: 99.94
		Marking as insignificant: 915027 915288 | 59593 59854 | 262 262 | 95.42 | e_coli_k12_gi_556503834_ref_NC_ NODE_15_length_117595_cov_97.8989_ID_244971
		One align captures most of this contig: 2171374 2288973 | 117595 1 | 117600 117595 | 99.94 | e_coli_k12_gi_556503834_ref_NC_ NODE_15_length_117595_cov_97.8989_ID_244971

CONTIG: NODE_16_length_112342_cov_98.0858_ID_244256 (112342bp)
Top Length: 112342  Top ID: 99.93
		One align captures most of this contig: 3471140 3583482 | 1 112342 | 112343 112342 | 99.93 | e_coli_k12_gi_556503834_ref_NC_ NODE_16_length_112342_cov_98.0858_ID_244256

CONTIG: NODE_17_length_95461_cov_98.0077_ID_244484 (95461bp)
Top Length: 95461  Top ID: 99.93
		One align captures most of this contig: 1300639 1396098 | 1 95461 | 95460 95461 | 99.93 | e_coli_k12_gi_556503834_ref_NC_ NODE_17_length_95461_cov_98.0077_ID_244484

CONTIG: NODE_18_length_95005_cov_97.648_ID_245253 (95005bp)
Top Length: 95005  Top ID: 99.94
		Marking as insignificant: 3619192 3619399 | 208 1 | 208 208 | 98.08 | e_coli_k12_gi_556503834_ref_NC_ NODE_18_length_95005_cov_97.648_ID_245253
		Marking as insignificant: 729465 729790 | 325 1 | 326 325 | 95.41 | e_coli_k12_gi_556503834_ref_NC_ NODE_18_length_95005_cov_97.648_ID_245253
		One align captures most of this contig: 3667382 3762390 | 95005 1 | 95009 95005 | 99.94 | e_coli_k12_gi_556503834_ref_NC_ NODE_18_length_95005_cov_97.648_ID_245253

CONTIG: NODE_19_length_88446_cov_98.2551_ID_245384 (88446bp)
Top Length: 88446  Top ID: 99.93
		Marking as insignificant: 236931 237008 | 101 178 | 78 78 | 100.0 | e_coli_k12_gi_556503834_ref_NC_ NODE_19_length_88446_cov_98.2551_ID_245384
		Marking as insignificant: 4606079 4606166 | 35919 35832 | 88 88 | 100.0 | e_coli_k12_gi_556503834_ref_NC_ NODE_19_length_88446_cov_98.2551_ID_245384
		Marking as insignificant: 4606315 4606403 | 35919 35831 | 89 89 | 100.0 | e_coli_k12_gi_556503834_ref_NC_ NODE_19_length_88446_cov_98.2551_ID_245384
		Marking as insignificant: 228828 229005 | 1 178 | 178 178 | 100.0 | e_coli_k12_gi_556503834_ref_NC_ NODE_19_length_88446_cov_98.2551_ID_245384
		One align captures most of this contig: 3946772 4035225 | 1 88446 | 88454 88446 | 99.93 | e_coli_k12_gi_556503834_ref_NC_ NODE_19_length_88446_cov_98.2551_ID_245384

CONTIG: NODE_20_length_87010_cov_98.68_ID_245310 (87010bp)
Top Length: 87010  Top ID: 99.93
		Marking as insignificant: 4392583 4392658 | 12900 12825 | 76 76 | 100.0 | e_coli_k12_gi_556503834_ref_NC_ NODE_20_length_87010_cov_98.68_ID_245310
		Marking as insignificant: 4392472 4392547 | 12900 12825 | 76 76 | 100.0 | e_coli_k12_gi_556503834_ref_NC_ NODE_20_length_87010_cov_98.68_ID_245310
		Marking as insignificant: 4392360 4392435 | 12900 12825 | 76 76 | 100.0 | e_coli_k12_gi_556503834_ref_NC_ NODE_20_length_87010_cov_98.68_ID_245310
		Marking as insignificant: 2059846 2059930 | 78888 78804 | 85 85 | 100.0 | e_coli_k12_gi_556503834_ref_NC_ NODE_20_length_87010_cov_98.68_ID_245310
		Marking as insignificant: 2058023 2058107 | 80711 80627 | 85 85 | 100.0 | e_coli_k12_gi_556503834_ref_NC_ NODE_20_length_87010_cov_98.68_ID_245310
		Marking as insignificant: 2062236 2062339 | 78907 78804 | 104 104 | 97.12 | e_coli_k12_gi_556503834_ref_NC_ NODE_20_length_87010_cov_98.68_ID_245310
		Marking as insignificant: 2058023 2058126 | 83120 83017 | 104 104 | 97.12 | e_coli_k12_gi_556503834_ref_NC_ NODE_20_length_87010_cov_98.68_ID_245310
		Marking as insignificant: 2058023 2058126 | 65408 65305 | 104 104 | 98.08 | e_coli_k12_gi_556503834_ref_NC_ NODE_20_length_87010_cov_98.68_ID_245310
		Marking as insignificant: 2044525 2044628 | 78907 78804 | 104 104 | 98.08 | e_coli_k12_gi_556503834_ref_NC_ NODE_20_length_87010_cov_98.68_ID_245310
		One align captures most of this contig: 1979216 2066229 | 1 87010 | 87014 87010 | 99.93 | e_coli_k12_gi_556503834_ref_NC_ NODE_20_length_87010_cov_98.68_ID_245310

CONTIG: NODE_21_length_78610_cov_98.1105_ID_244644 (78610bp)
Top Length: 78610  Top ID: 99.95
		One align captures most of this contig: 609297 687905 | 1 78610 | 78609 78610 | 99.95 | e_coli_k12_gi_556503834_ref_NC_ NODE_21_length_78610_cov_98.1105_ID_244644

CONTIG: NODE_22_length_67334_cov_98.1262_ID_244817 (67334bp)
Top Length: 67334  Top ID: 99.94
		One align captures most of this contig: 2102889 2170228 | 67334 1 | 67340 67334 | 99.94 | e_coli_k12_gi_556503834_ref_NC_ NODE_22_length_67334_cov_98.1262_ID_244817

CONTIG: NODE_23_length_65407_cov_100.385_ID_246047 (65407bp)
Top Length: 58831  Top ID: 99.94
		Skipping redundant alignment 3186092 3186775 | 64724 65407 | 684 684 | 99.85 | e_coli_k12_gi_556503834_ref_NC_ NODE_23_length_65407_cov_100.385_ID_246047
		Skipping redundant alignment 2069592 2070273 | 65407 64726 | 682 682 | 100.0 | e_coli_k12_gi_556503834_ref_NC_ NODE_23_length_65407_cov_100.385_ID_246047
		Skipping redundant alignment 1468561 1469240 | 65407 64728 | 680 680 | 100.0 | e_coli_k12_gi_556503834_ref_NC_ NODE_23_length_65407_cov_100.385_ID_246047
		Skipping redundant alignment 2997012 2997691 | 65407 64728 | 680 680 | 100.0 | e_coli_k12_gi_556503834_ref_NC_ NODE_23_length_65407_cov_100.385_ID_246047
		Skipping redundant alignment 4498181 4498860 | 64728 65407 | 680 680 | 100.0 | e_coli_k12_gi_556503834_ref_NC_ NODE_23_length_65407_cov_100.385_ID_246047
		This contig is misassembled. 7 total aligns.
			Excluding internal overlap of size 343 between Alignment 1 and 2:  375023 381939 | 58489 65407 | 6917 6919 --> 375366 381939 | 58832 65407 | 6574 6576
			Real Alignment 1: 316429 375266 | 1 58831 | 58838 58831 | 99.94 | e_coli_k12_gi_556503834_ref_NC_ NODE_23_length_65407_cov_100.385_ID_246047
			  Gap between these two alignments (local misassembly). Inconsistency = 99 
			Real Alignment 2: 375366 381939 | 58832 65407 | 6574 6576 | 99.84 | e_coli_k12_gi_556503834_ref_NC_ NODE_23_length_65407_cov_100.385_ID_246047

CONTIG: NODE_24_length_60766_cov_97.8356_ID_244869 (60766bp)
Top Length: 60766  Top ID: 99.95
		One align captures most of this contig: 1571847 1632614 | 1 60766 | 60768 60766 | 99.95 | e_coli_k12_gi_556503834_ref_NC_ NODE_24_length_60766_cov_97.8356_ID_244869

CONTIG: NODE_25_length_57772_cov_98.2352_ID_245620 (57772bp)
Top Length: 57772  Top ID: 99.94
		One align captures most of this contig: 1470462 1528238 | 1 57772 | 57777 57772 | 99.94 | e_coli_k12_gi_556503834_ref_NC_ NODE_25_length_57772_cov_98.2352_ID_245620

CONTIG: NODE_26_length_56611_cov_97.7468_ID_248536 (56611bp)
Top Length: 56611  Top ID: 99.93
		One align captures most of this contig: 3366701 3423313 | 56611 1 | 56613 56611 | 99.93 | e_coli_k12_gi_556503834_ref_NC_ NODE_26_length_56611_cov_97.7468_ID_248536

CONTIG: NODE_27_length_54864_cov_97.9523_ID_245205 (54864bp)
Top Length: 54864  Top ID: 99.95
		One align captures most of this contig: 3131286 3186150 | 54864 1 | 54865 54864 | 99.95 | e_coli_k12_gi_556503834_ref_NC_ NODE_27_length_54864_cov_97.9523_ID_245205

CONTIG: NODE_28_length_43815_cov_97.7475_ID_245449 (43815bp)
Top Length: 43815  Top ID: 99.93
		One align captures most of this contig: 1050491 1094299 | 1 43815 | 43809 43815 | 99.93 | e_coli_k12_gi_556503834_ref_NC_ NODE_28_length_43815_cov_97.7475_ID_245449

CONTIG: NODE_29_length_41365_cov_98.6352_ID_245580 (41365bp)
Top Length: 41365  Top ID: 99.94
		Marking as insignificant: 4207913 4208055 | 41221 41365 | 143 145 | 97.24 | e_coli_k12_gi_556503834_ref_NC_ NODE_29_length_41365_cov_98.6352_ID_245580
		Marking as insignificant: 223535 223679 | 41221 41365 | 145 145 | 99.31 | e_coli_k12_gi_556503834_ref_NC_ NODE_29_length_41365_cov_98.6352_ID_245580
		One align captures most of this contig: 3428854 3470218 | 41365 1 | 41365 41365 | 99.94 | e_coli_k12_gi_556503834_ref_NC_ NODE_29_length_41365_cov_98.6352_ID_245580

CONTIG: NODE_30_length_40800_cov_97.8761_ID_245724 (40800bp)
Top Length: 40800  Top ID: 99.93
		Marking as insignificant: 3762066 3762390 | 40475 40800 | 325 326 | 95.41 | e_coli_k12_gi_556503834_ref_NC_ NODE_30_length_40800_cov_97.8761_ID_245724
		One align captures most of this contig: 688991 729790 | 1 40800 | 40800 40800 | 99.93 | e_coli_k12_gi_556503834_ref_NC_ NODE_30_length_40800_cov_97.8761_ID_245724

CONTIG: NODE_31_length_40173_cov_97.371_ID_245144 (40173bp)
Top Length: 40173  Top ID: 99.93
		One align captures most of this contig: 526666 566834 | 1 40173 | 40169 40173 | 99.93 | e_coli_k12_gi_556503834_ref_NC_ NODE_31_length_40173_cov_97.371_ID_245144

CONTIG: NODE_32_length_37863_cov_98.5542_ID_246320 (37863bp)
Top Length: 37863  Top ID: 99.94
		Marking as insignificant: 239287 239377 | 1 91 | 91 91 | 98.9 | e_coli_k12_gi_556503834_ref_NC_ NODE_32_length_37863_cov_98.5542_ID_246320
		One align captures most of this contig: 1532861 1570724 | 1 37863 | 37864 37863 | 99.94 | e_coli_k12_gi_556503834_ref_NC_ NODE_32_length_37863_cov_98.5542_ID_246320

CONTIG: NODE_33_length_35260_cov_98.0115_ID_245676 (35260bp)
Top Length: 35260  Top ID: 99.95
		Marking as insignificant: 3762183 3762390 | 35053 35260 | 208 208 | 98.08 | e_coli_k12_gi_556503834_ref_NC_ NODE_33_length_35260_cov_98.0115_ID_245676
		One align captures most of this contig: 3584141 3619399 | 1 35260 | 35259 35260 | 99.95 | e_coli_k12_gi_556503834_ref_NC_ NODE_33_length_35260_cov_98.0115_ID_245676

CONTIG: NODE_34_length_33286_cov_99.0536_ID_245838 (33286bp)
Top Length: 33286  Top ID: 99.88
		One align captures most of this contig: 1434682 1467964 | 33286 1 | 33283 33286 | 99.88 | e_coli_k12_gi_556503834_ref_NC_ NODE_34_length_33286_cov_99.0536_ID_245838

CONTIG: NODE_35_length_32324_cov_102.48_ID_246550 (32324bp)
Top Length: 32324  Top ID: 99.87
		Marking as insignificant: 3071271 3071398 | 11081 10954 | 128 128 | 99.22 | e_coli_k12_gi_556503834_ref_NC_ NODE_35_length_32324_cov_102.48_ID_246550
		Marking as insignificant: 803320 803447 | 11083 10956 | 128 128 | 99.22 | e_coli_k12_gi_556503834_ref_NC_ NODE_35_length_32324_cov_102.48_ID_246550
		Marking as insignificant: 1423200 1423569 | 29933 29564 | 370 370 | 96.76 | e_coli_k12_gi_556503834_ref_NC_ NODE_35_length_32324_cov_102.48_ID_246550
		Marking as insignificant: 1432557 1432971 | 26402 25988 | 415 415 | 95.18 | e_coli_k12_gi_556503834_ref_NC_ NODE_35_length_32324_cov_102.48_ID_246550
		Marking as insignificant: 1634325 1634739 | 25988 26402 | 415 415 | 95.42 | e_coli_k12_gi_556503834_ref_NC_ NODE_35_length_32324_cov_102.48_ID_246550
		Marking as insignificant: 1635839 1636918 | 26699 27778 | 1080 1080 | 98.61 | e_coli_k12_gi_556503834_ref_NC_ NODE_35_length_32324_cov_102.48_ID_246550
		One align captures most of this contig: 575736 608061 | 32324 1 | 32326 32324 | 99.87 | e_coli_k12_gi_556503834_ref_NC_ NODE_35_length_32324_cov_102.48_ID_246550

CONTIG: NODE_36_length_31585_cov_97.9012_ID_245794 (31585bp)
Top Length: 31585  Top ID: 99.91
		One align captures most of this contig: 2070219 2101803 | 1 31585 | 31585 31585 | 99.91 | e_coli_k12_gi_556503834_ref_NC_ NODE_36_length_31585_cov_97.9012_ID_245794

CONTIG: NODE_37_length_31002_cov_98.6386_ID_245961 (31002bp)
Top Length: 31002  Top ID: 99.94
		Marking as insignificant: 3428854 3428998 | 1 145 | 145 145 | 99.31 | e_coli_k12_gi_556503834_ref_NC_ NODE_37_length_31002_cov_98.6386_ID_245961
		Marking as insignificant: 223465 223679 | 215 1 | 215 215 | 100.0 | e_coli_k12_gi_556503834_ref_NC_ NODE_37_length_31002_cov_98.6386_ID_245961
		One align captures most of this contig: 4177055 4208055 | 31002 1 | 31001 31002 | 99.94 | e_coli_k12_gi_556503834_ref_NC_ NODE_37_length_31002_cov_98.6386_ID_245961

CONTIG: NODE_38_length_30651_cov_98.8789_ID_246003 (30651bp)
Top Length: 30651  Top ID: 99.95
		Marking as insignificant: 578127 578496 | 26014 26383 | 370 370 | 96.76 | e_coli_k12_gi_556503834_ref_NC_ NODE_38_length_30651_cov_98.8789_ID_246003
		One align captures most of this contig: 1397184 1427837 | 1 30651 | 30654 30651 | 99.95 | e_coli_k12_gi_556503834_ref_NC_ NODE_38_length_30651_cov_98.8789_ID_246003

CONTIG: NODE_39_length_29313_cov_106.918_ID_246134 (29313bp)
Top Length: 29313  Top ID: 99.86
		Marking as insignificant: 3766285 3766683 | 28255 27857 | 399 399 | 99.0 | e_coli_k12_gi_556503834_ref_NC_ NODE_39_length_29313_cov_106.918_ID_246134
		Marking as insignificant: 737972 738860 | 27832 26944 | 889 889 | 97.08 | e_coli_k12_gi_556503834_ref_NC_ NODE_39_length_29313_cov_106.918_ID_246134
		Marking as insignificant: 736681 737971 | 27857 26566 | 1291 1292 | 96.37 | e_coli_k12_gi_556503834_ref_NC_ NODE_39_length_29313_cov_106.918_ID_246134
		Marking as insignificant: 1531672 1532962 | 27856 26566 | 1291 1291 | 98.22 | e_coli_k12_gi_556503834_ref_NC_ NODE_39_length_29313_cov_106.918_ID_246134
		One align captures most of this contig: 3622777 3652090 | 29313 1 | 29314 29313 | 99.86 | e_coli_k12_gi_556503834_ref_NC_ NODE_39_length_29313_cov_106.918_ID_246134

CONTIG: NODE_40_length_29135_cov_99.4307_ID_246256 (29135bp)
Top Length: 29135  Top ID: 99.93
		Marking as insignificant: 3946872 3946949 | 8104 8181 | 78 78 | 100.0 | e_coli_k12_gi_556503834_ref_NC_ NODE_40_length_29135_cov_99.4307_ID_246256
		Marking as insignificant: 3946772 3946949 | 1 178 | 178 178 | 100.0 | e_coli_k12_gi_556503834_ref_NC_ NODE_40_length_29135_cov_99.4307_ID_246256
		Marking as insignificant: 737681 737960 | 10271 10550 | 280 280 | 96.79 | e_coli_k12_gi_556503834_ref_NC_ NODE_40_length_29135_cov_99.4307_ID_246256
		Marking as insignificant: 3625234 3625513 | 10271 10550 | 280 280 | 97.86 | e_coli_k12_gi_556503834_ref_NC_ NODE_40_length_29135_cov_99.4307_ID_246256
		Marking as insignificant: 1532672 1532951 | 10271 10550 | 280 280 | 99.64 | e_coli_k12_gi_556503834_ref_NC_ NODE_40_length_29135_cov_99.4307_ID_246256
		One align captures most of this contig: 228828 257962 | 1 29135 | 29135 29135 | 99.93 | e_coli_k12_gi_556503834_ref_NC_ NODE_40_length_29135_cov_99.4307_ID_246256

CONTIG: NODE_41_length_29112_cov_100.225_ID_246421 (29112bp)
Top Length: 29112  Top ID: 99.86
		Marking as insignificant: 3700183 3700259 | 1 77 | 77 77 | 100.0 | e_coli_k12_gi_556503834_ref_NC_ NODE_41_length_29112_cov_100.225_ID_246421
		Marking as insignificant: 1269370 1269550 | 1 181 | 181 181 | 97.24 | e_coli_k12_gi_556503834_ref_NC_ NODE_41_length_29112_cov_100.225_ID_246421
		One align captures most of this contig: 1270440 1299553 | 1 29112 | 29114 29112 | 99.86 | e_coli_k12_gi_556503834_ref_NC_ NODE_41_length_29112_cov_100.225_ID_246421

CONTIG: NODE_42_length_23938_cov_98.5273_ID_246377 (23938bp)
Top Length: 23938  Top ID: 99.93
		One align captures most of this contig: 291347 315283 | 1 23938 | 23937 23938 | 99.93 | e_coli_k12_gi_556503834_ref_NC_ NODE_42_length_23938_cov_98.5273_ID_246377

CONTIG: NODE_43_length_15930_cov_103.905_ID_246700 (15930bp)
Top Length: 15930  Top ID: 99.92
		Marking as insignificant: 580283 581362 | 13980 15059 | 1080 1080 | 97.87 | e_coli_k12_gi_556503834_ref_NC_ NODE_43_length_15930_cov_103.905_ID_246700
		One align captures most of this contig: 1634968 1650897 | 15930 1 | 15930 15930 | 99.92 | e_coli_k12_gi_556503834_ref_NC_ NODE_43_length_15930_cov_103.905_ID_246700

CONTIG: NODE_44_length_15441_cov_97.63_ID_246514 (15441bp)
Top Length: 15441  Top ID: 99.91
		One align captures most of this contig: 1 15441 | 1 15441 | 15441 15441 | 99.91 | e_coli_k12_gi_556503834_ref_NC_ NODE_44_length_15441_cov_97.63_ID_246514

CONTIG: NODE_45_length_13085_cov_99.1072_ID_246757 (13085bp)
Top Length: 13085  Top ID: 99.95
		One align captures most of this contig: 3653176 3666259 | 13085 1 | 13084 13085 | 99.95 | e_coli_k12_gi_556503834_ref_NC_ NODE_45_length_13085_cov_99.1072_ID_246757

CONTIG: NODE_46_length_11976_cov_98.8982_ID_247082 (11976bp)
Top Length: 11976  Top ID: 99.94
		One align captures most of this contig: 258621 270595 | 1 11976 | 11975 11976 | 99.94 | e_coli_k12_gi_556503834_ref_NC_ NODE_46_length_11976_cov_98.8982_ID_247082

CONTIG: NODE_47_length_10620_cov_100.476_ID_246801 (10620bp)
Top Length: 10620  Top ID: 99.96
		Marking as insignificant: 271581 271761 | 56 236 | 181 181 | 99.45 | e_coli_k12_gi_556503834_ref_NC_ NODE_47_length_10620_cov_100.476_ID_246801
		Marking as insignificant: 1470336 1470516 | 56 236 | 181 181 | 100.0 | e_coli_k12_gi_556503834_ref_NC_ NODE_47_length_10620_cov_100.476_ID_246801
		Marking as insignificant: 4507443 4507639 | 253 56 | 197 198 | 98.48 | e_coli_k12_gi_556503834_ref_NC_ NODE_47_length_10620_cov_100.476_ID_246801
		One align captures most of this contig: 279876 290495 | 1 10620 | 10620 10620 | 99.96 | e_coli_k12_gi_556503834_ref_NC_ NODE_47_length_10620_cov_100.476_ID_246801

CONTIG: NODE_48_length_9228_cov_97.5051_ID_246910 (9228bp)
Top Length: 9228  Top ID: 99.92
		One align captures most of this contig: 382536 391763 | 1 9228 | 9228 9228 | 99.92 | e_coli_k12_gi_556503834_ref_NC_ NODE_48_length_9228_cov_97.5051_ID_246910

CONTIG: NODE_49_length_8057_cov_97.844_ID_246952 (8057bp)
Top Length: 8057  Top ID: 99.96
		One align captures most of this contig: 4499457 4507513 | 8057 1 | 8057 8057 | 99.96 | e_coli_k12_gi_556503834_ref_NC_ NODE_49_length_8057_cov_97.844_ID_246952

CONTIG: NODE_50_length_7513_cov_242.554_ID_247142 (7513bp)
Top Length: 7513  Top ID: 99.8
		Marking as insignificant: 3423209 3423548 | 4164 4503 | 340 340 | 95.59 | e_coli_k12_gi_556503834_ref_NC_ NODE_50_length_7513_cov_242.554_ID_247142
		Marking as insignificant: 4210023 4213164 | 7513 4373 | 3142 3141 | 99.68 | e_coli_k12_gi_556503834_ref_NC_ NODE_50_length_7513_cov_242.554_ID_247142
		Marking as insignificant: 3943684 3946824 | 7513 4373 | 3141 3141 | 99.68 | e_coli_k12_gi_556503834_ref_NC_ NODE_50_length_7513_cov_242.554_ID_247142
		Marking as insignificant: 3423663 3426803 | 4373 7513 | 3141 3141 | 99.75 | e_coli_k12_gi_556503834_ref_NC_ NODE_50_length_7513_cov_242.554_ID_247142
		Marking as insignificant: 225739 228880 | 7513 4373 | 3142 3141 | 99.75 | e_coli_k12_gi_556503834_ref_NC_ NODE_50_length_7513_cov_242.554_ID_247142
		Marking as insignificant: 2726052 2729204 | 4361 7513 | 3153 3153 | 99.49 | e_coli_k12_gi_556503834_ref_NC_ NODE_50_length_7513_cov_242.554_ID_247142
		Marking as insignificant: 4037499 4040845 | 7513 4169 | 3347 3345 | 99.67 | e_coli_k12_gi_556503834_ref_NC_ NODE_50_length_7513_cov_242.554_ID_247142
		One align captures most of this contig: 4168621 4176133 | 7513 1 | 7513 7513 | 99.8 | e_coli_k12_gi_556503834_ref_NC_ NODE_50_length_7513_cov_242.554_ID_247142

CONTIG: NODE_51_length_6666_cov_98.2388_ID_246992 (6666bp)
Top Length: 6666  Top ID: 99.97
		One align captures most of this contig: 567980 574645 | 6666 1 | 6666 6666 | 99.97 | e_coli_k12_gi_556503834_ref_NC_ NODE_51_length_6666_cov_98.2388_ID_246992

CONTIG: NODE_52_length_5747_cov_103.45_ID_247028 (5747bp)
Top Length: 5747  Top ID: 99.48
		Marking as insignificant: 780765 780841 | 5491 5567 | 77 77 | 100.0 | e_coli_k12_gi_556503834_ref_NC_ NODE_52_length_5747_cov_103.45_ID_247028
		Marking as insignificant: 780765 780841 | 5369 5445 | 77 77 | 100.0 | e_coli_k12_gi_556503834_ref_NC_ NODE_52_length_5747_cov_103.45_ID_247028
		Marking as insignificant: 781068 781145 | 5491 5568 | 78 78 | 100.0 | e_coli_k12_gi_556503834_ref_NC_ NODE_52_length_5747_cov_103.45_ID_247028
		Marking as insignificant: 781068 781145 | 5369 5446 | 78 78 | 100.0 | e_coli_k12_gi_556503834_ref_NC_ NODE_52_length_5747_cov_103.45_ID_247028
		Marking as insignificant: 780765 780897 | 5613 5747 | 133 135 | 98.52 | e_coli_k12_gi_556503834_ref_NC_ NODE_52_length_5747_cov_103.45_ID_247028
		Marking as insignificant: 781068 781201 | 5613 5747 | 134 135 | 99.26 | e_coli_k12_gi_556503834_ref_NC_ NODE_52_length_5747_cov_103.45_ID_247028
		One align captures most of this contig: 2515563 2521307 | 1 5747 | 5745 5747 | 99.48 | e_coli_k12_gi_556503834_ref_NC_ NODE_52_length_5747_cov_103.45_ID_247028

CONTIG: NODE_53_length_4123_cov_95.1055_ID_247178 (4123bp)
Top Length: 4123  Top ID: 99.95
		One align captures most of this contig: 275095 279217 | 1 4123 | 4123 4123 | 99.95 | e_coli_k12_gi_556503834_ref_NC_ NODE_53_length_4123_cov_95.1055_ID_247178

CONTIG: NODE_54_length_4081_cov_93.2385_ID_247210 (4081bp)
Top Length: 4081  Top ID: 99.9
		One align captures most of this contig: 1428247 1432328 | 4081 1 | 4082 4081 | 99.9 | e_coli_k12_gi_556503834_ref_NC_ NODE_54_length_4081_cov_93.2385_ID_247210

CONTIG: NODE_55_length_3851_cov_123.875_ID_248118 (3851bp)
Top Length: 3851  Top ID: 99.9
		Marking as insignificant: 737972 738310 | 339 1 | 339 339 | 97.94 | e_coli_k12_gi_556503834_ref_NC_ NODE_55_length_3851_cov_123.875_ID_248118
		Marking as insignificant: 525730 527034 | 3851 2547 | 1305 1305 | 97.32 | e_coli_k12_gi_556503834_ref_NC_ NODE_55_length_3851_cov_123.875_ID_248118
		One align captures most of this contig: 1528184 1532034 | 3851 1 | 3851 3851 | 99.9 | e_coli_k12_gi_556503834_ref_NC_ NODE_55_length_3851_cov_123.875_ID_248118

CONTIG: NODE_56_length_3793_cov_177.478_ID_247340 (3793bp)
Top Length: 3793  Top ID: 99.42
		Marking as insignificant: 3767197 3767651 | 2247 1792 | 455 456 | 96.49 | e_coli_k12_gi_556503834_ref_NC_ NODE_56_length_3793_cov_177.478_ID_247340
		Marking as insignificant: 3621886 3622880 | 2813 1819 | 995 995 | 98.89 | e_coli_k12_gi_556503834_ref_NC_ NODE_56_length_3793_cov_177.478_ID_247340
		Marking as insignificant: 3764877 3765899 | 2813 1791 | 1023 1023 | 98.44 | e_coli_k12_gi_556503834_ref_NC_ NODE_56_length_3793_cov_177.478_ID_247340
		Marking as insignificant: 732277 733311 | 2813 1779 | 1035 1035 | 97.78 | e_coli_k12_gi_556503834_ref_NC_ NODE_56_length_3793_cov_177.478_ID_247340
		One align captures most of this contig: 733168 736960 | 3793 1 | 3793 3793 | 99.42 | e_coli_k12_gi_556503834_ref_NC_ NODE_56_length_3793_cov_177.478_ID_247340

CONTIG: NODE_57_length_3174_cov_98.1359_ID_247246 (3174bp)
Top Length: 3174  Top ID: 99.94
		One align captures most of this contig: 16677 19850 | 3174 1 | 3174 3174 | 99.94 | e_coli_k12_gi_556503834_ref_NC_ NODE_57_length_3174_cov_98.1359_ID_247246

CONTIG: NODE_58_length_2596_cov_285.708_ID_248060 (2596bp)
Top Length: 2596  Top ID: 99.81
		Marking as insignificant: 729736 732331 | 1 2596 | 2596 2596 | 97.3 | e_coli_k12_gi_556503834_ref_NC_ NODE_58_length_2596_cov_285.708_ID_248060
		This contig has 2 significant alignments. [An ambiguously mapped contig]
		Using only first of these alignment (option --ambiguity-usage is set to "one"):
		Alignment: 3762336 3764931 | 1 2596 | 2596 2596 | 99.81 | e_coli_k12_gi_556503834_ref_NC_ NODE_58_length_2596_cov_285.708_ID_248060
		Skipping alignment  3619345 3621940 | 1 2596 | 2596 2596 | 99.77 | e_coli_k12_gi_556503834_ref_NC_ NODE_58_length_2596_cov_285.708_ID_248060

CONTIG: NODE_59_length_2302_cov_97.6702_ID_247278 (2302bp)
Top Length: 2302  Top ID: 99.96
		One align captures most of this contig: 271707 274009 | 2302 1 | 2303 2302 | 99.96 | e_coli_k12_gi_556503834_ref_NC_ NODE_59_length_2302_cov_97.6702_ID_247278

CONTIG: NODE_60_length_2049_cov_197.582_ID_248068 (2049bp)
Top Length: 2049  Top ID: 99.76
		This contig has 2 significant alignments. [An ambiguously mapped contig]
		Using only first of these alignment (option --ambiguity-usage is set to "one"):
		Alignment: 1432688 1434736 | 2049 1 | 2049 2049 | 99.76 | e_coli_k12_gi_556503834_ref_NC_ NODE_60_length_2049_cov_197.582_ID_248068
		Skipping alignment  1632560 1634608 | 1 2049 | 2049 2049 | 99.51 | e_coli_k12_gi_556503834_ref_NC_ NODE_60_length_2049_cov_197.582_ID_248068

CONTIG: NODE_61_length_1746_cov_93.4725_ID_247310 (1746bp)
Top Length: 1746  Top ID: 99.83
		One align captures most of this contig: 2067250 2068995 | 1746 1 | 1746 1746 | 99.83 | e_coli_k12_gi_556503834_ref_NC_ NODE_61_length_1746_cov_93.4725_ID_247310

CONTIG: NODE_62_length_1507_cov_121.279_ID_247524 (1507bp)
Top Length: 1507  Top ID: 99.93
		Marking as insignificant: 3623835 3624233 | 518 916 | 399 399 | 97.49 | e_coli_k12_gi_556503834_ref_NC_ NODE_62_length_1507_cov_121.279_ID_247524
		One align captures most of this contig: 3765768 3767274 | 1 1507 | 1507 1507 | 99.93 | e_coli_k12_gi_556503834_ref_NC_ NODE_62_length_1507_cov_121.279_ID_247524

CONTIG: NODE_63_length_1345_cov_287.129_ID_248028 (1345bp)
Top Length: 1345  Top ID: 100.0
		This contig has 3 significant alignments. [An ambiguously mapped contig]
		Using only first of these alignment (option --ambiguity-usage is set to "one"):
		Alignment: 15387 16731 | 1 1345 | 1345 1345 | 100.0 | e_coli_k12_gi_556503834_ref_NC_ NODE_63_length_1345_cov_287.129_ID_248028
		Skipping alignment  608007 609351 | 1 1345 | 1345 1345 | 100.0 | e_coli_k12_gi_556503834_ref_NC_ NODE_63_length_1345_cov_287.129_ID_248028
		Skipping alignment  2514273 2515617 | 1 1345 | 1345 1345 | 100.0 | e_coli_k12_gi_556503834_ref_NC_ NODE_63_length_1345_cov_287.129_ID_248028

CONTIG: NODE_64_length_1255_cov_418.036_ID_248046 (1255bp)
Top Length: 1255  Top ID: 100.0
		This contig has 5 significant alignments. [An ambiguously mapped contig]
		Using only first of these alignment (option --ambiguity-usage is set to "one"):
		Alignment: 315229 316483 | 1 1255 | 1255 1255 | 100.0 | e_coli_k12_gi_556503834_ref_NC_ NODE_64_length_1255_cov_418.036_ID_248046
		Skipping alignment  391709 392963 | 1255 1 | 1255 1255 | 100.0 | e_coli_k12_gi_556503834_ref_NC_ NODE_64_length_1255_cov_418.036_ID_248046
		Skipping alignment  566780 568034 | 1 1255 | 1255 1255 | 100.0 | e_coli_k12_gi_556503834_ref_NC_ NODE_64_length_1255_cov_418.036_ID_248046
		Skipping alignment  1094245 1095499 | 1255 1 | 1255 1255 | 100.0 | e_coli_k12_gi_556503834_ref_NC_ NODE_64_length_1255_cov_418.036_ID_248046
		Skipping alignment  2170174 2171428 | 1 1255 | 1255 1255 | 100.0 | e_coli_k12_gi_556503834_ref_NC_ NODE_64_length_1255_cov_418.036_ID_248046

CONTIG: NODE_65_length_1232_cov_196.106_ID_248058 (1232bp)
Top Length: 1232  Top ID: 99.84
		This contig has 2 significant alignments. [An ambiguously mapped contig]
		Using only first of these alignment (option --ambiguity-usage is set to "one"):
		Alignment: 3666205 3667436 | 1232 1 | 1232 1232 | 99.84 | e_coli_k12_gi_556503834_ref_NC_ NODE_65_length_1232_cov_196.106_ID_248058
		Skipping alignment  1570670 1571901 | 1232 1 | 1232 1232 | 99.43 | e_coli_k12_gi_556503834_ref_NC_ NODE_65_length_1232_cov_196.106_ID_248058

CONTIG: NODE_66_length_1195_cov_785.911_ID_248142 (1195bp)
Top Length: 1195  Top ID: 99.83
		This contig has 11 significant alignments. [An ambiguously mapped contig]
		Using only first of these alignment (option --ambiguity-usage is set to "one"):
		Alignment: 273955 275149 | 1 1195 | 1195 1195 | 99.83 | e_coli_k12_gi_556503834_ref_NC_ NODE_66_length_1195_cov_785.911_ID_248142
		Skipping alignment  574591 575785 | 1 1195 | 1195 1195 | 99.83 | e_coli_k12_gi_556503834_ref_NC_ NODE_66_length_1195_cov_785.911_ID_248142
		Skipping alignment  687851 689045 | 1 1195 | 1195 1195 | 99.83 | e_coli_k12_gi_556503834_ref_NC_ NODE_66_length_1195_cov_785.911_ID_248142
		Skipping alignment  1299499 1300693 | 1195 1 | 1195 1195 | 99.83 | e_coli_k12_gi_556503834_ref_NC_ NODE_66_length_1195_cov_785.911_ID_248142
		Skipping alignment  1396044 1397238 | 1195 1 | 1195 1195 | 99.83 | e_coli_k12_gi_556503834_ref_NC_ NODE_66_length_1195_cov_785.911_ID_248142
		Skipping alignment  2101749 2102943 | 1 1195 | 1195 1195 | 99.83 | e_coli_k12_gi_556503834_ref_NC_ NODE_66_length_1195_cov_785.911_ID_248142
		Skipping alignment  2288919 2290113 | 1 1195 | 1195 1195 | 99.83 | e_coli_k12_gi_556503834_ref_NC_ NODE_66_length_1195_cov_785.911_ID_248142
		Skipping alignment  3130146 3131340 | 1195 1 | 1195 1195 | 99.83 | e_coli_k12_gi_556503834_ref_NC_ NODE_66_length_1195_cov_785.911_ID_248142
		Skipping alignment  3365556 3366750 | 1 1195 | 1195 1195 | 99.83 | e_coli_k12_gi_556503834_ref_NC_ NODE_66_length_1195_cov_785.911_ID_248142
		Skipping alignment  3652036 3653230 | 1 1195 | 1195 1195 | 99.83 | e_coli_k12_gi_556503834_ref_NC_ NODE_66_length_1195_cov_785.911_ID_248142
		Skipping alignment  2066159 2067353 | 1 1195 | 1195 1195 | 99.41 | e_coli_k12_gi_556503834_ref_NC_ NODE_66_length_1195_cov_785.911_ID_248142

CONTIG: NODE_67_length_1096_cov_283.744_ID_248546 (1096bp)
Top Length: 1096  Top ID: 99.91
		This contig has 3 significant alignments. [An ambiguously mapped contig]
		Using only first of these alignment (option --ambiguity-usage is set to "one"):
		Alignment: 1469296 1470390 | 1 1096 | 1095 1096 | 99.91 | e_coli_k12_gi_556503834_ref_NC_ NODE_67_length_1096_cov_283.744_ID_248546
		Skipping alignment  4507585 4508679 | 1096 1 | 1095 1096 | 99.91 | e_coli_k12_gi_556503834_ref_NC_ NODE_67_length_1096_cov_283.744_ID_248546
		Skipping alignment  270541 271635 | 1 1096 | 1095 1096 | 99.64 | e_coli_k12_gi_556503834_ref_NC_ NODE_67_length_1096_cov_283.744_ID_248546

CONTIG: NODE_68_length_1031_cov_198.629_ID_248056 (1031bp)
Top Length: 1031  Top ID: 100.0
		This contig has 2 significant alignments. [An ambiguously mapped contig]
		Using only first of these alignment (option --ambiguity-usage is set to "one"):
		Alignment: 3470164 3471194 | 1031 1 | 1031 1031 | 100.0 | e_coli_k12_gi_556503834_ref_NC_ NODE_68_length_1031_cov_198.629_ID_248056
		Skipping alignment  4176079 4177109 | 1 1031 | 1031 1031 | 99.81 | e_coli_k12_gi_556503834_ref_NC_ NODE_68_length_1031_cov_198.629_ID_248056

CONTIG: NODE_69_length_768_cov_397.245_ID_248016 (768bp)
Top Length: 768  Top ID: 100.0
		Marking as insignificant: 1049778 1050545 | 768 1 | 768 768 | 98.83 | e_coli_k12_gi_556503834_ref_NC_ NODE_69_length_768_cov_397.245_ID_248016
		Marking as insignificant: 290634 291401 | 1 768 | 768 768 | 98.83 | e_coli_k12_gi_556503834_ref_NC_ NODE_69_length_768_cov_397.245_ID_248016
		Marking as insignificant: 279163 279930 | 1 768 | 768 768 | 98.83 | e_coli_k12_gi_556503834_ref_NC_ NODE_69_length_768_cov_397.245_ID_248016
		This contig has 4 significant alignments. [An ambiguously mapped contig]
		Using only first of these alignment (option --ambiguity-usage is set to "one"):
		Alignment: 19796 20563 | 1 768 | 768 768 | 100.0 | e_coli_k12_gi_556503834_ref_NC_ NODE_69_length_768_cov_397.245_ID_248016
		Skipping alignment  257908 258675 | 1 768 | 768 768 | 100.0 | e_coli_k12_gi_556503834_ref_NC_ NODE_69_length_768_cov_397.245_ID_248016
		Skipping alignment  1978503 1979270 | 1 768 | 768 768 | 100.0 | e_coli_k12_gi_556503834_ref_NC_ NODE_69_length_768_cov_397.245_ID_248016
		Skipping alignment  3583428 3584195 | 768 1 | 768 768 | 100.0 | e_coli_k12_gi_556503834_ref_NC_ NODE_69_length_768_cov_397.245_ID_248016

CONTIG: NODE_70_length_706_cov_467.547_ID_248014 (706bp)
Top Length: 706  Top ID: 100.0
		This contig has 7 significant alignments. [An ambiguously mapped contig]
		Using only first of these alignment (option --ambiguity-usage is set to "one"):
		Alignment: 381885 382590 | 706 1 | 706 706 | 100.0 | e_coli_k12_gi_556503834_ref_NC_ NODE_70_length_706_cov_467.547_ID_248014
		Skipping alignment  1467910 1468615 | 1 706 | 706 706 | 100.0 | e_coli_k12_gi_556503834_ref_NC_ NODE_70_length_706_cov_467.547_ID_248014
		Skipping alignment  1650843 1651548 | 706 1 | 706 706 | 100.0 | e_coli_k12_gi_556503834_ref_NC_ NODE_70_length_706_cov_467.547_ID_248014
		Skipping alignment  2068941 2069646 | 1 706 | 706 706 | 100.0 | e_coli_k12_gi_556503834_ref_NC_ NODE_70_length_706_cov_467.547_ID_248014
		Skipping alignment  2996361 2997066 | 1 706 | 706 706 | 100.0 | e_coli_k12_gi_556503834_ref_NC_ NODE_70_length_706_cov_467.547_ID_248014
		Skipping alignment  3186721 3187426 | 706 1 | 706 706 | 100.0 | e_coli_k12_gi_556503834_ref_NC_ NODE_70_length_706_cov_467.547_ID_248014
		Skipping alignment  4498806 4499511 | 706 1 | 706 706 | 100.0 | e_coli_k12_gi_556503834_ref_NC_ NODE_70_length_706_cov_467.547_ID_248014

Analyzing coverage...
Writing SNPs into /net/metagenomics/projects/afritz_assemblies/Coverage_Sweep_wgsim/020_error/SPAdes_cov512/quast/combined_reference/contigs_reports/nucmer_output/scaffolds.used_snps
	Reference e_coli_k12_gi_556503834_ref_NC_: 75 total alignments. 1 total regions.
		Region: 1 to 4641652 (4641652 bp)
			Align 1: 1 15441 NODE_44_length_15441_cov_97.63_ID_246514 1 15441
				Negative gap (overlap) between this and next alignment: 15441 to 15387 (-54 bp)
				Next Alignment: 15387 16731 NODE_63_length_1345_cov_287.129_ID_248028 1 1345

			Previous gap was negative, modifying coordinates to ignore overlap
				Moving contig start from 1 to 56.
			Align 2: 15442 16731 NODE_63_length_1345_cov_287.129_ID_248028 56 1345
				Negative gap (overlap) between this and next alignment: 16731 to 16677 (-54 bp)
				Next Alignment: 16677 19850 NODE_57_length_3174_cov_98.1359_ID_247246 3174 1

			Previous gap was negative, modifying coordinates to ignore overlap
				Moving contig start from 3174 to 3119.
			Align 3: 16732 19850 NODE_57_length_3174_cov_98.1359_ID_247246 3119 1
				Negative gap (overlap) between this and next alignment: 19850 to 19796 (-54 bp)
				Next Alignment: 19796 20563 NODE_69_length_768_cov_397.245_ID_248016 1 768

			Previous gap was negative, modifying coordinates to ignore overlap
				Moving contig start from 1 to 56.
			Align 4: 19851 20563 NODE_69_length_768_cov_397.245_ID_248016 56 768
				Negative gap (overlap) between this and next alignment: 20563 to 20509 (-54 bp)
				Next Alignment: 20509 223679 NODE_7_length_203170_cov_97.9619_ID_244591 203170 1

			Previous gap was negative, modifying coordinates to ignore overlap
				Moving contig start from 203170 to 203115.
			Align 5: 20564 223679 NODE_7_length_203170_cov_97.9619_ID_244591 203115 1
				Gap between this and next alignment: 223679 to 228828 (5148 bp)
				Next Alignment: 228828 257962 NODE_40_length_29135_cov_99.4307_ID_246256 1 29135

			Align 6: 228828 257962 NODE_40_length_29135_cov_99.4307_ID_246256 1 29135
				Gap between this and next alignment: 257962 to 258621 (658 bp)
				Next Alignment: 258621 270595 NODE_46_length_11976_cov_98.8982_ID_247082 1 11976

			Align 7: 258621 270595 NODE_46_length_11976_cov_98.8982_ID_247082 1 11976
				Gap between this and next alignment: 270595 to 271707 (1111 bp)
				Next Alignment: 271707 274009 NODE_59_length_2302_cov_97.6702_ID_247278 2302 1

			Align 8: 271707 274009 NODE_59_length_2302_cov_97.6702_ID_247278 2302 1
				Negative gap (overlap) between this and next alignment: 274009 to 273955 (-54 bp)
				Next Alignment: 273955 275149 NODE_66_length_1195_cov_785.911_ID_248142 1 1195

			Previous gap was negative, modifying coordinates to ignore overlap
				Moving contig start from 1 to 56.
			Align 9: 274010 275149 NODE_66_length_1195_cov_785.911_ID_248142 56 1195
				Negative gap (overlap) between this and next alignment: 275149 to 275095 (-54 bp)
				Next Alignment: 275095 279217 NODE_53_length_4123_cov_95.1055_ID_247178 1 4123

			Previous gap was negative, modifying coordinates to ignore overlap
				Moving contig start from 1 to 56.
			Align 10: 275150 279217 NODE_53_length_4123_cov_95.1055_ID_247178 56 4123
				Gap between this and next alignment: 279217 to 279876 (658 bp)
				Next Alignment: 279876 290495 NODE_47_length_10620_cov_100.476_ID_246801 1 10620

			Align 11: 279876 290495 NODE_47_length_10620_cov_100.476_ID_246801 1 10620
				Gap between this and next alignment: 290495 to 291347 (851 bp)
				Next Alignment: 291347 315283 NODE_42_length_23938_cov_98.5273_ID_246377 1 23938

			Align 12: 291347 315283 NODE_42_length_23938_cov_98.5273_ID_246377 1 23938
				Negative gap (overlap) between this and next alignment: 315283 to 315229 (-54 bp)
				Next Alignment: 315229 316483 NODE_64_length_1255_cov_418.036_ID_248046 1 1255

			Previous gap was negative, modifying coordinates to ignore overlap
				Moving contig start from 1 to 56.
			Align 13: 315284 316483 NODE_64_length_1255_cov_418.036_ID_248046 56 1255
				Negative gap (overlap) between this and next alignment: 316483 to 316429 (-54 bp)
				Next Alignment: 316429 375266 NODE_23_length_65407_cov_100.385_ID_246047 1 58831

			Previous gap was negative, modifying coordinates to ignore overlap
				Moving contig start from 1 to 56.
			Align 14: 316484 375266 NODE_23_length_65407_cov_100.385_ID_246047 56 58831
				Gap between this and next alignment: 375266 to 375366 (99 bp)
				Next Alignment: 375366 381939 NODE_23_length_65407_cov_100.385_ID_246047 58832 65407

			Align 15: 375366 381939 NODE_23_length_65407_cov_100.385_ID_246047 58832 65407
				Negative gap (overlap) between this and next alignment: 381939 to 381885 (-54 bp)
				Next Alignment: 381885 382590 NODE_70_length_706_cov_467.547_ID_248014 706 1

			Previous gap was negative, modifying coordinates to ignore overlap
				Moving contig start from 706 to 651.
			Align 16: 381940 382590 NODE_70_length_706_cov_467.547_ID_248014 651 1
				Negative gap (overlap) between this and next alignment: 382590 to 382536 (-54 bp)
				Next Alignment: 382536 391763 NODE_48_length_9228_cov_97.5051_ID_246910 1 9228

			Previous gap was negative, modifying coordinates to ignore overlap
				Moving contig start from 1 to 56.
			Align 17: 382591 391763 NODE_48_length_9228_cov_97.5051_ID_246910 56 9228
				Gap between this and next alignment: 391763 to 392909 (1145 bp)
				Next Alignment: 392909 525784 NODE_12_length_132876_cov_97.7251_ID_243990 1 132876

			Align 18: 392909 525784 NODE_12_length_132876_cov_97.7251_ID_243990 1 132876
				Gap between this and next alignment: 525784 to 526666 (881 bp)
				Next Alignment: 526666 566834 NODE_31_length_40173_cov_97.371_ID_245144 1 40173

			Align 19: 526666 566834 NODE_31_length_40173_cov_97.371_ID_245144 1 40173
				Gap between this and next alignment: 566834 to 567980 (1145 bp)
				Next Alignment: 567980 574645 NODE_51_length_6666_cov_98.2388_ID_246992 6666 1

			Align 20: 567980 574645 NODE_51_length_6666_cov_98.2388_ID_246992 6666 1
				Gap between this and next alignment: 574645 to 575736 (1090 bp)
				Next Alignment: 575736 608061 NODE_35_length_32324_cov_102.48_ID_246550 32324 1

			Align 21: 575736 608061 NODE_35_length_32324_cov_102.48_ID_246550 32324 1
				Gap between this and next alignment: 608061 to 609297 (1235 bp)
				Next Alignment: 609297 687905 NODE_21_length_78610_cov_98.1105_ID_244644 1 78610

			Align 22: 609297 687905 NODE_21_length_78610_cov_98.1105_ID_244644 1 78610
				Gap between this and next alignment: 687905 to 688991 (1085 bp)
				Next Alignment: 688991 729790 NODE_30_length_40800_cov_97.8761_ID_245724 1 40800

			Align 23: 688991 729790 NODE_30_length_40800_cov_97.8761_ID_245724 1 40800
				Gap between this and next alignment: 729790 to 733168 (3377 bp)
				Next Alignment: 733168 736960 NODE_56_length_3793_cov_177.478_ID_247340 3793 1

			Align 24: 733168 736960 NODE_56_length_3793_cov_177.478_ID_247340 3793 1
				Gap between this and next alignment: 736960 to 738654 (1693 bp)
				Next Alignment: 738654 1049832 NODE_2_length_311171_cov_98.0392_ID_245493 1 311171

			Align 25: 738654 1049832 NODE_2_length_311171_cov_98.0392_ID_245493 1 311171
				Gap between this and next alignment: 1049832 to 1050491 (658 bp)
				Next Alignment: 1050491 1094299 NODE_28_length_43815_cov_97.7475_ID_245449 1 43815

			Align 26: 1050491 1094299 NODE_28_length_43815_cov_97.7475_ID_245449 1 43815
				Gap between this and next alignment: 1094299 to 1097142 (2842 bp)
				Next Alignment: 1097142 1269424 NODE_10_length_173797_cov_98.7292_ID_244296 1517 173797

			Align 27: 1097142 1269424 NODE_10_length_173797_cov_98.7292_ID_244296 1517 173797
				Gap between this and next alignment: 1269424 to 1270440 (1015 bp)
				Next Alignment: 1270440 1299553 NODE_41_length_29112_cov_100.225_ID_246421 1 29112

			Align 28: 1270440 1299553 NODE_41_length_29112_cov_100.225_ID_246421 1 29112
				Gap between this and next alignment: 1299553 to 1300639 (1085 bp)
				Next Alignment: 1300639 1396098 NODE_17_length_95461_cov_98.0077_ID_244484 1 95461

			Align 29: 1300639 1396098 NODE_17_length_95461_cov_98.0077_ID_244484 1 95461
				Gap between this and next alignment: 1396098 to 1397184 (1085 bp)
				Next Alignment: 1397184 1427837 NODE_38_length_30651_cov_98.8789_ID_246003 1 30651

			Align 30: 1397184 1427837 NODE_38_length_30651_cov_98.8789_ID_246003 1 30651
				Gap between this and next alignment: 1427837 to 1428247 (409 bp)
				Next Alignment: 1428247 1432328 NODE_54_length_4081_cov_93.2385_ID_247210 4081 1

			Align 31: 1428247 1432328 NODE_54_length_4081_cov_93.2385_ID_247210 4081 1
				Gap between this and next alignment: 1432328 to 1432688 (359 bp)
				Next Alignment: 1432688 1434736 NODE_60_length_2049_cov_197.582_ID_248068 2049 1

			Align 32: 1432688 1434736 NODE_60_length_2049_cov_197.582_ID_248068 2049 1
				Negative gap (overlap) between this and next alignment: 1434736 to 1434682 (-54 bp)
				Next Alignment: 1434682 1467964 NODE_34_length_33286_cov_99.0536_ID_245838 33286 1

			Previous gap was negative, modifying coordinates to ignore overlap
				Moving contig start from 33286 to 33231.
			Align 33: 1434737 1467964 NODE_34_length_33286_cov_99.0536_ID_245838 33231 1
				Gap between this and next alignment: 1467964 to 1469296 (1331 bp)
				Next Alignment: 1469296 1470390 NODE_67_length_1096_cov_283.744_ID_248546 1 1096

			Align 34: 1469296 1470390 NODE_67_length_1096_cov_283.744_ID_248546 1 1096
				Gap between this and next alignment: 1470390 to 1470462 (71 bp)
				Next Alignment: 1470462 1528238 NODE_25_length_57772_cov_98.2352_ID_245620 1 57772

			Align 35: 1470462 1528238 NODE_25_length_57772_cov_98.2352_ID_245620 1 57772
				Negative gap (overlap) between this and next alignment: 1528238 to 1528184 (-54 bp)
				Next Alignment: 1528184 1532034 NODE_55_length_3851_cov_123.875_ID_248118 3851 1

			Previous gap was negative, modifying coordinates to ignore overlap
				Moving contig start from 3851 to 3796.
			Align 36: 1528239 1532034 NODE_55_length_3851_cov_123.875_ID_248118 3796 1
				Gap between this and next alignment: 1532034 to 1532861 (826 bp)
				Next Alignment: 1532861 1570724 NODE_32_length_37863_cov_98.5542_ID_246320 1 37863

			Align 37: 1532861 1570724 NODE_32_length_37863_cov_98.5542_ID_246320 1 37863
				Gap between this and next alignment: 1570724 to 1571847 (1122 bp)
				Next Alignment: 1571847 1632614 NODE_24_length_60766_cov_97.8356_ID_244869 1 60766

			Align 38: 1571847 1632614 NODE_24_length_60766_cov_97.8356_ID_244869 1 60766
				Gap between this and next alignment: 1632614 to 1634968 (2353 bp)
				Next Alignment: 1634968 1650897 NODE_43_length_15930_cov_103.905_ID_246700 15930 1

			Align 39: 1634968 1650897 NODE_43_length_15930_cov_103.905_ID_246700 15930 1
				Gap between this and next alignment: 1650897 to 1651494 (596 bp)
				Next Alignment: 1651494 1978557 NODE_1_length_327061_cov_97.9995_ID_243841 327061 1

			Align 40: 1651494 1978557 NODE_1_length_327061_cov_97.9995_ID_243841 327061 1
				Gap between this and next alignment: 1978557 to 1979216 (658 bp)
				Next Alignment: 1979216 2066229 NODE_20_length_87010_cov_98.68_ID_245310 1 87010

			Align 41: 1979216 2066229 NODE_20_length_87010_cov_98.68_ID_245310 1 87010
				Gap between this and next alignment: 2066229 to 2067250 (1020 bp)
				Next Alignment: 2067250 2068995 NODE_61_length_1746_cov_93.4725_ID_247310 1746 1

			Align 42: 2067250 2068995 NODE_61_length_1746_cov_93.4725_ID_247310 1746 1
				Gap between this and next alignment: 2068995 to 2070219 (1223 bp)
				Next Alignment: 2070219 2101803 NODE_36_length_31585_cov_97.9012_ID_245794 1 31585

			Align 43: 2070219 2101803 NODE_36_length_31585_cov_97.9012_ID_245794 1 31585
				Gap between this and next alignment: 2101803 to 2102889 (1085 bp)
				Next Alignment: 2102889 2170228 NODE_22_length_67334_cov_98.1262_ID_244817 67334 1

			Align 44: 2102889 2170228 NODE_22_length_67334_cov_98.1262_ID_244817 67334 1
				Gap between this and next alignment: 2170228 to 2171374 (1145 bp)
				Next Alignment: 2171374 2288973 NODE_15_length_117595_cov_97.8989_ID_244971 117595 1

			Align 45: 2171374 2288973 NODE_15_length_117595_cov_97.8989_ID_244971 117595 1
				Gap between this and next alignment: 2288973 to 2290059 (1085 bp)
				Next Alignment: 2290059 2304389 NODE_5_length_224141_cov_97.9249_ID_246621 1 14331

			Align 46: 2290059 2304389 NODE_5_length_224141_cov_97.9249_ID_246621 1 14331
				Gap between this and next alignment: 2304389 to 2304503 (113 bp)
				Next Alignment: 2304503 2514327 NODE_5_length_224141_cov_97.9249_ID_246621 14332 224141

			Align 47: 2304503 2514327 NODE_5_length_224141_cov_97.9249_ID_246621 14332 224141
				Gap between this and next alignment: 2514327 to 2515563 (1235 bp)
				Next Alignment: 2515563 2521307 NODE_52_length_5747_cov_103.45_ID_247028 1 5747

			Align 48: 2515563 2521307 NODE_52_length_5747_cov_103.45_ID_247028 1 5747
				Gap between this and next alignment: 2521307 to 2521466 (158 bp)
				Next Alignment: 2521466 2726116 NODE_6_length_204642_cov_97.7669_ID_244191 1 204642

			Align 49: 2521466 2726116 NODE_6_length_204642_cov_97.7669_ID_244191 1 204642
				Gap between this and next alignment: 2726116 to 2729150 (3033 bp)
				Next Alignment: 2729150 2817781 NODE_4_length_266763_cov_100.665_ID_247742 266763 178219

			Align 50: 2729150 2817781 NODE_4_length_266763_cov_100.665_ID_247742 266763 178219
				Gap between this and next alignment: 2817781 to 2818197 (415 bp)
				Next Alignment: 2818197 2996415 NODE_4_length_266763_cov_100.665_ID_247742 178218 1

			Align 51: 2818197 2996415 NODE_4_length_266763_cov_100.665_ID_247742 178218 1
				Gap between this and next alignment: 2996415 to 2997638 (1222 bp)
				Next Alignment: 2997638 3130200 NODE_13_length_132560_cov_97.5912_ID_244686 132560 1

			Align 52: 2997638 3130200 NODE_13_length_132560_cov_97.5912_ID_244686 132560 1
				Gap between this and next alignment: 3130200 to 3131286 (1085 bp)
				Next Alignment: 3131286 3186150 NODE_27_length_54864_cov_97.9523_ID_245205 54864 1

			Align 53: 3131286 3186150 NODE_27_length_54864_cov_97.9523_ID_245205 54864 1
				Gap between this and next alignment: 3186150 to 3187372 (1221 bp)
				Next Alignment: 3187372 3365610 NODE_8_length_178238_cov_97.8449_ID_244911 1 178238

			Align 54: 3187372 3365610 NODE_8_length_178238_cov_97.8449_ID_244911 1 178238
				Gap between this and next alignment: 3365610 to 3366701 (1090 bp)
				Next Alignment: 3366701 3423313 NODE_26_length_56611_cov_97.7468_ID_248536 56611 1

			Align 55: 3366701 3423313 NODE_26_length_56611_cov_97.7468_ID_248536 56611 1
				Gap between this and next alignment: 3423313 to 3428854 (5540 bp)
				Next Alignment: 3428854 3470218 NODE_29_length_41365_cov_98.6352_ID_245580 41365 1

			Align 56: 3428854 3470218 NODE_29_length_41365_cov_98.6352_ID_245580 41365 1
				Negative gap (overlap) between this and next alignment: 3470218 to 3470164 (-54 bp)
				Next Alignment: 3470164 3471194 NODE_68_length_1031_cov_198.629_ID_248056 1031 1

			Previous gap was negative, modifying coordinates to ignore overlap
				Moving contig start from 1031 to 976.
			Align 57: 3470219 3471194 NODE_68_length_1031_cov_198.629_ID_248056 976 1
				Negative gap (overlap) between this and next alignment: 3471194 to 3471140 (-54 bp)
				Next Alignment: 3471140 3583482 NODE_16_length_112342_cov_98.0858_ID_244256 1 112342

			Previous gap was negative, modifying coordinates to ignore overlap
				Moving contig start from 1 to 56.
			Align 58: 3471195 3583482 NODE_16_length_112342_cov_98.0858_ID_244256 56 112342
				Gap between this and next alignment: 3583482 to 3584141 (658 bp)
				Next Alignment: 3584141 3619399 NODE_33_length_35260_cov_98.0115_ID_245676 1 35260

			Align 59: 3584141 3619399 NODE_33_length_35260_cov_98.0115_ID_245676 1 35260
				Gap between this and next alignment: 3619399 to 3622777 (3377 bp)
				Next Alignment: 3622777 3652090 NODE_39_length_29313_cov_106.918_ID_246134 29313 1

			Align 60: 3622777 3652090 NODE_39_length_29313_cov_106.918_ID_246134 29313 1
				Gap between this and next alignment: 3652090 to 3653176 (1085 bp)
				Next Alignment: 3653176 3666259 NODE_45_length_13085_cov_99.1072_ID_246757 13085 1

			Align 61: 3653176 3666259 NODE_45_length_13085_cov_99.1072_ID_246757 13085 1
				Negative gap (overlap) between this and next alignment: 3666259 to 3666205 (-54 bp)
				Next Alignment: 3666205 3667436 NODE_65_length_1232_cov_196.106_ID_248058 1232 1

			Previous gap was negative, modifying coordinates to ignore overlap
				Moving contig start from 1232 to 1177.
			Align 62: 3666260 3667436 NODE_65_length_1232_cov_196.106_ID_248058 1177 1
				Negative gap (overlap) between this and next alignment: 3667436 to 3667382 (-54 bp)
				Next Alignment: 3667382 3762390 NODE_18_length_95005_cov_97.648_ID_245253 95005 1

			Previous gap was negative, modifying coordinates to ignore overlap
				Moving contig start from 95005 to 94950.
			Align 63: 3667437 3762390 NODE_18_length_95005_cov_97.648_ID_245253 94950 1
				Negative gap (overlap) between this and next alignment: 3762390 to 3762336 (-54 bp)
				Next Alignment: 3762336 3764931 NODE_58_length_2596_cov_285.708_ID_248060 1 2596

			Previous gap was negative, modifying coordinates to ignore overlap
				Moving contig start from 1 to 56.
			Align 64: 3762391 3764931 NODE_58_length_2596_cov_285.708_ID_248060 56 2596
				Gap between this and next alignment: 3764931 to 3765768 (836 bp)
				Next Alignment: 3765768 3767274 NODE_62_length_1507_cov_121.279_ID_247524 1 1507

			Align 65: 3765768 3767274 NODE_62_length_1507_cov_121.279_ID_247524 1 1507
				Gap between this and next alignment: 3767274 to 3767521 (246 bp)
				Next Alignment: 3767521 3941502 NODE_9_length_173986_cov_97.9259_ID_243894 173986 1

			Align 66: 3767521 3941502 NODE_9_length_173986_cov_97.9259_ID_243894 173986 1
				Gap between this and next alignment: 3941502 to 3946772 (5269 bp)
				Next Alignment: 3946772 4035225 NODE_19_length_88446_cov_98.2551_ID_245384 1 88446

			Align 67: 3946772 4035225 NODE_19_length_88446_cov_98.2551_ID_245384 1 88446
				Gap between this and next alignment: 4035225 to 4040746 (5520 bp)
				Next Alignment: 4040746 4166353 NODE_14_length_125608_cov_97.722_ID_248532 1 125608

			Align 68: 4040746 4166353 NODE_14_length_125608_cov_97.722_ID_248532 1 125608
				Gap between this and next alignment: 4166353 to 4168621 (2267 bp)
				Next Alignment: 4168621 4176133 NODE_50_length_7513_cov_242.554_ID_247142 7513 1

			Align 69: 4168621 4176133 NODE_50_length_7513_cov_242.554_ID_247142 7513 1
				Gap between this and next alignment: 4176133 to 4177055 (921 bp)
				Next Alignment: 4177055 4208055 NODE_37_length_31002_cov_98.6386_ID_245961 31002 1

			Align 70: 4177055 4208055 NODE_37_length_31002_cov_98.6386_ID_245961 31002 1
				Gap between this and next alignment: 4208055 to 4213112 (5056 bp)
				Next Alignment: 4213112 4296209 NODE_3_length_284583_cov_97.8253_ID_244744 284583 201495

			Align 71: 4213112 4296209 NODE_3_length_284583_cov_97.8253_ID_244744 284583 201495
				Gap between this and next alignment: 4296209 to 4296434 (224 bp)
				Next Alignment: 4296434 4325804 NODE_3_length_284583_cov_97.8253_ID_244744 201494 172130

			Align 72: 4296434 4325804 NODE_3_length_284583_cov_97.8253_ID_244744 201494 172130
				Gap between this and next alignment: 4325804 to 4326105 (300 bp)
				Next Alignment: 4326105 4498235 NODE_3_length_284583_cov_97.8253_ID_244744 172129 1

			Align 73: 4326105 4498235 NODE_3_length_284583_cov_97.8253_ID_244744 172129 1
				Gap between this and next alignment: 4498235 to 4499457 (1221 bp)
				Next Alignment: 4499457 4507513 NODE_49_length_8057_cov_97.844_ID_246952 8057 1

			Align 74: 4499457 4507513 NODE_49_length_8057_cov_97.844_ID_246952 8057 1
				Gap between this and next alignment: 4507513 to 4508625 (1111 bp)
				Next Alignment: 4508625 4641652 NODE_11_length_133028_cov_97.7012_ID_244425 133028 1

			Align 75: 4508625 4641652 NODE_11_length_133028_cov_97.7012_ID_244425 133028 1
			END in current alignment.  Modifying 4641652 to 4641652.

Analysis is finished!
Founded SNPs were written into /net/metagenomics/projects/afritz_assemblies/Coverage_Sweep_wgsim/020_error/SPAdes_cov512/quast/combined_reference/contigs_reports/nucmer_output/scaffolds.used_snps

Results:
	Local Misassemblies: 5
	Misassemblies: 0
		Relocations: 0
		Translocations: 0
		Interspecies translocations: 0
		Inversions: 0
	Potentially Misassembled Contigs (i/s translocations): 0
	Misassembled Contigs: 0
	Misassembled Contig Bases: 0
	Misassemblies Inter-Contig Overlap: 0
Uncovered Regions: 0 (0)
Unaligned Contigs: 0 + 0 part
Partially Unaligned Contigs with Misassemblies: 0
Unaligned Contig Bases: 0

Ambiguously Mapped Contigs: 10
Total Bases in Ambiguously Mapped Contigs: 13273
Note that --allow-ambiguity option was set to "one" and only first alignment per each contig was used.

	Covered Bases: 4558305

	SNPs: 2745
	Insertions: 226
	Deletions: 401

	Positive Gaps: 57
		Internal Gaps:  5
		External Gaps:  52
		External Gap Total:  82196
		External Gap Average: 1581
	Negative Gaps: 17
		Internal Overlaps:  0
		External Overlaps:  17
		External Overlaps Total: -918
		External Overlaps Average: -54
	Contigs with Redundant Alignments: 0 (0)
