/home/afritz/bin/quast-3.2/quast.pyc --meta  --no-check-meta  --contig-thresholds 1000,5000,10000,25000,50000 -R /net/metagenomics/projects/afritz_assemblies/Similarity_Experiment/Salmonella_OneTree/metaquast_consensus/Salmonella_0900/quast_corrected_input/Salmonella_ancestor.fa -o /net/metagenomics/projects/afritz_assemblies/Similarity_Experiment/Salmonella_OneTree/metaquast_consensus/Salmonella_0900/runs_per_reference/Salmonella_ancestor --labels final.contigs /net/metagenomics/projects/afritz_assemblies/Similarity_Experiment/Salmonella_OneTree/metaquast_consensus/Salmonella_0900/quast_corrected_input/final.contigs_to_Salmonella_ancestor.fasta

Started: 2016-05-03 10:48:42

Logging to /net/metagenomics/projects/afritz_assemblies/Similarity_Experiment/Salmonella_OneTree/metaquast_consensus/Salmonella_0900/runs_per_reference/Salmonella_ancestor/quast.log

NOTICE: Output directory already exists. Existing Nucmer alignments can be used.

NOTICE: Maximum number of threads is set to 15 (use --threads option to set it manually)

Main parameters: 
  Threads: 15, meta: true, minimum contig length: 500, ambiguity: one, threshold for extensive misassembly size: 1000

Reference:
  /net/metagenomics/projects/afritz_assemblies/Similarity_Experiment/Salmonella_OneTree/metaquast_consensus/Salmonella_0900/quast_corrected_input/Salmonella_ancestor.fa ==> Salmonella_ancestor

Contigs:
  /net/metagenomics/projects/afritz_assemblies/Similarity_Experiment/Salmonella_OneTree/metaquast_consensus/Salmonella_0900/quast_corrected_input/final.contigs_to_Salmonella_ancestor.fasta ==> final.contigs

2016-05-03 10:48:42
Running Basic statistics processor...
  Reference genome:
    Salmonella_ancestor.fa, Reference length = 4857432, Reference GC % = 52.22
  Contig files: 
    final.contigs
  Calculating N50 and L50...
    final.contigs, N50 = 40414, L50 = 39, Total length = 4809387, GC % = 52.20, # N's per 100 kbp =  0.00
  Drawing Nx plot...
    saved to /net/metagenomics/projects/afritz_assemblies/Similarity_Experiment/Salmonella_OneTree/metaquast_consensus/Salmonella_0900/runs_per_reference/Salmonella_ancestor/basic_stats/Nx_plot.pdf
  Drawing NGx plot...
    saved to /net/metagenomics/projects/afritz_assemblies/Similarity_Experiment/Salmonella_OneTree/metaquast_consensus/Salmonella_0900/runs_per_reference/Salmonella_ancestor/basic_stats/NGx_plot.pdf
  Drawing cumulative plot...
    saved to /net/metagenomics/projects/afritz_assemblies/Similarity_Experiment/Salmonella_OneTree/metaquast_consensus/Salmonella_0900/runs_per_reference/Salmonella_ancestor/basic_stats/cumulative_plot.pdf
  Drawing GC content plot...
    saved to /net/metagenomics/projects/afritz_assemblies/Similarity_Experiment/Salmonella_OneTree/metaquast_consensus/Salmonella_0900/runs_per_reference/Salmonella_ancestor/basic_stats/GC_content_plot.pdf
Done.

2016-05-03 10:48:45
Running Contig analyzer...
  final.contigs
  Logging to files /net/metagenomics/projects/afritz_assemblies/Similarity_Experiment/Salmonella_OneTree/metaquast_consensus/Salmonella_0900/runs_per_reference/Salmonella_ancestor/contigs_reports/contigs_report_final.contigs.stdout and contigs_report_final.contigs.stderr...
  Using existing Nucmer alignments... 
  Alignments: ../../../../net/metagenomics/projects/afritz_assemblies/Similarity_Experiment/Salmonella_OneTree/metaquast_consensus/Salmonella_0900/runs_per_reference/Salmonella_ancestor/contigs_reports/alignments_final.contigs.tsv
  Analysis is finished.

  Creating total report...
    saved to /net/metagenomics/projects/afritz_assemblies/Similarity_Experiment/Salmonella_OneTree/metaquast_consensus/Salmonella_0900/runs_per_reference/Salmonella_ancestor/contigs_reports/misassemblies_report.txt, misassemblies_report.tsv, and misassemblies_report.tex
  Transposed version of total report...
    saved to /net/metagenomics/projects/afritz_assemblies/Similarity_Experiment/Salmonella_OneTree/metaquast_consensus/Salmonella_0900/runs_per_reference/Salmonella_ancestor/contigs_reports/transposed_report_misassemblies.txt, transposed_report_misassemblies.tsv, and transposed_report_misassemblies.tex
  Creating total report...
    saved to /net/metagenomics/projects/afritz_assemblies/Similarity_Experiment/Salmonella_OneTree/metaquast_consensus/Salmonella_0900/runs_per_reference/Salmonella_ancestor/contigs_reports/unaligned_report.txt, unaligned_report.tsv, and unaligned_report.tex
  Drawing misassemblies by types plot...
    saved to /net/metagenomics/projects/afritz_assemblies/Similarity_Experiment/Salmonella_OneTree/metaquast_consensus/Salmonella_0900/runs_per_reference/Salmonella_ancestor/contigs_reports/misassemblies_plot.pdf
Done.

2016-05-03 10:48:48
Running NA-NGA calculation...
  final.contigs, Largest alignment = 114100, NA50 = 40414, NGA50 = 40414, LA50 = 39, LGA50 = 39
  Drawing cumulative plot...
    saved to /net/metagenomics/projects/afritz_assemblies/Similarity_Experiment/Salmonella_OneTree/metaquast_consensus/Salmonella_0900/runs_per_reference/Salmonella_ancestor/aligned_stats/cumulative_plot.pdf
  Drawing NAx plot...
    saved to /net/metagenomics/projects/afritz_assemblies/Similarity_Experiment/Salmonella_OneTree/metaquast_consensus/Salmonella_0900/runs_per_reference/Salmonella_ancestor/aligned_stats/NAx_plot.pdf
  Drawing NGAx plot...
    saved to /net/metagenomics/projects/afritz_assemblies/Similarity_Experiment/Salmonella_OneTree/metaquast_consensus/Salmonella_0900/runs_per_reference/Salmonella_ancestor/aligned_stats/NGAx_plot.pdf
Done.

2016-05-03 10:48:49
Running Genome analyzer...
  NOTICE: No file with genes provided. Use the -G option if you want to specify it.
  NOTICE: No file with operons provided. Use the -O option if you want to specify it.
  final.contigs
  Analysis is finished.
  Skipping drawing Genome fraction, % histogram... (less than 2 columns histogram makes no sense)
Done.

NOTICE: Genes are not predicted by default. Use --gene-finding option to enable it.

2016-05-03 10:48:51
Drawing large plots...
This may take a while: press Ctrl-C to skip this step..
  1 of 2: Creating contig alignment plot...
  2 of 2: Creating PDF with all tables and plots...
Done

2016-05-03 10:48:53
RESULTS:
  Text versions of total report are saved to /net/metagenomics/projects/afritz_assemblies/Similarity_Experiment/Salmonella_OneTree/metaquast_consensus/Salmonella_0900/runs_per_reference/Salmonella_ancestor/report.txt, report.tsv, and report.tex
  Text versions of transposed total report are saved to /net/metagenomics/projects/afritz_assemblies/Similarity_Experiment/Salmonella_OneTree/metaquast_consensus/Salmonella_0900/runs_per_reference/Salmonella_ancestor/transposed_report.txt, transposed_report.tsv, and transposed_report.tex
  HTML version (interactive tables and plots) saved to /net/metagenomics/projects/afritz_assemblies/Similarity_Experiment/Salmonella_OneTree/metaquast_consensus/Salmonella_0900/runs_per_reference/Salmonella_ancestor/report.html
  PDF version (tables and plots) saved to /net/metagenomics/projects/afritz_assemblies/Similarity_Experiment/Salmonella_OneTree/metaquast_consensus/Salmonella_0900/runs_per_reference/Salmonella_ancestor/report.pdf
  Contig alignment plot: /net/metagenomics/projects/afritz_assemblies/Similarity_Experiment/Salmonella_OneTree/metaquast_consensus/Salmonella_0900/runs_per_reference/Salmonella_ancestor/alignment.svg
