Aligning contigs to reference...
	Running Nucmer
Parsing coords...
Loading reference...
	Loaded [Ecoli_0920_Taxon005_]
Loading SNPs...
Loading regions...
	No regions given, using whole reference.
	Total Regions: 1
	Total Region Length: 4641652
Analyzing contigs...
CONTIG: NODE_1_length_700824_cov_45.8641_ID_227525 (700824bp)
Top Length: 546665  Top ID: 99.52
		Skipping redundant alignment 2063342 2064539 | 155621 154424 | 1198 1198 | 95.49 | Ecoli_0920_Taxon005_ NODE_1_length_700824_cov_45.8641_ID_227525
		This contig is misassembled. 3 total aligns.
			Real Alignment 1: 644592 1191250 | 546665 1 | 546659 546665 | 99.52 | Ecoli_0920_Taxon005_ NODE_1_length_700824_cov_45.8641_ID_227525
			  Overlap between these two alignments (local misassembly). Inconsistency = -92 
			Real Alignment 2: 490526 644403 | 700824 546946 | 153878 153879 | 99.54 | Ecoli_0920_Taxon005_ NODE_1_length_700824_cov_45.8641_ID_227525

CONTIG: NODE_2_length_497961_cov_37.4076_ID_227527 (497961bp)
Top Length: 497961  Top ID: 99.71
		One align captures most of this contig: 1271219 1769179 | 497961 1 | 497961 497961 | 99.71 | Ecoli_0920_Taxon005_ NODE_2_length_497961_cov_37.4076_ID_227527

CONTIG: NODE_3_length_489044_cov_42.5542_ID_227529 (489044bp)
Top Length: 489044  Top ID: 99.65
		Marking as insignificant: 1464036 1464727 | 127121 127812 | 692 692 | 95.66 | Ecoli_0920_Taxon005_ NODE_3_length_489044_cov_42.5542_ID_227529
		One align captures most of this contig: 1 489040 | 1 489044 | 489040 489044 | 99.65 | Ecoli_0920_Taxon005_ NODE_3_length_489044_cov_42.5542_ID_227529

CONTIG: NODE_4_length_472564_cov_38.4316_ID_227531 (472564bp)
Top Length: 472564  Top ID: 99.69
		One align captures most of this contig: 3541491 4014054 | 472564 1 | 472564 472564 | 99.69 | Ecoli_0920_Taxon005_ NODE_4_length_472564_cov_38.4316_ID_227531

CONTIG: NODE_5_length_373445_cov_37.0727_ID_227533 (373445bp)
Top Length: 373445  Top ID: 99.73
		One align captures most of this contig: 2606075 2979519 | 1 373445 | 373445 373445 | 99.73 | Ecoli_0920_Taxon005_ NODE_5_length_373445_cov_37.0727_ID_227533

CONTIG: NODE_6_length_349059_cov_37.4769_ID_227535 (349059bp)
Top Length: 188536  Top ID: 99.46
		This contig is misassembled. 2 total aligns.
			Real Alignment 1: 2980012 3168547 | 1 188536 | 188536 188536 | 99.46 | Ecoli_0920_Taxon005_ NODE_6_length_349059_cov_37.4769_ID_227535
			  Extensive misassembly ( relocation, inconsistency = -190776 ) between these two alignments
			Real Alignment 2: 3104562 3105697 | 315327 316462 | 1136 1136 | 95.77 | Ecoli_0920_Taxon005_ NODE_6_length_349059_cov_37.4769_ID_227535
		This contig has significant unaligned parts (of length >= min-contig)! It can contain interspecies translocations

CONTIG: NODE_8_length_330294_cov_44.0317_ID_227539 (330294bp)
Top Length: 330294  Top ID: 99.55
		One align captures most of this contig: 4311357 4641648 | 1 330294 | 330292 330294 | 99.55 | Ecoli_0920_Taxon005_ NODE_8_length_330294_cov_44.0317_ID_227539

CONTIG: NODE_10_length_325448_cov_38.3882_ID_227543 (325448bp)
Top Length: 325448  Top ID: 99.69
		One align captures most of this contig: 2064181 2389628 | 325448 1 | 325448 325448 | 99.69 | Ecoli_0920_Taxon005_ NODE_10_length_325448_cov_38.3882_ID_227543

CONTIG: NODE_13_length_257933_cov_38.759_ID_227549 (257933bp)
Top Length: 256361  Top ID: 99.73
		Marking as insignificant: 2063342 2064539 | 16440 15243 | 1198 1198 | 95.49 | Ecoli_0920_Taxon005_ NODE_13_length_257933_cov_38.759_ID_227549
		Marking as insignificant: 3282306 3284314 | 257933 255926 | 2009 2008 | 99.05 | Ecoli_0920_Taxon005_ NODE_13_length_257933_cov_38.759_ID_227549
		One align captures most of this contig: 3284059 3540419 | 256361 1 | 256361 256361 | 99.73 | Ecoli_0920_Taxon005_ NODE_13_length_257933_cov_38.759_ID_227549

CONTIG: NODE_17_length_184667_cov_38.5792_ID_227557 (184667bp)
Top Length: 184667  Top ID: 99.72
		Marking as insignificant: 4113421 4114672 | 23612 24863 | 1252 1252 | 95.61 | Ecoli_0920_Taxon005_ NODE_17_length_184667_cov_38.5792_ID_227557
		One align captures most of this contig: 4114385 4299051 | 184667 1 | 184667 184667 | 99.72 | Ecoli_0920_Taxon005_ NODE_17_length_184667_cov_38.5792_ID_227557

CONTIG: NODE_21_length_162065_cov_36.2857_ID_227565 (162065bp)
Top Length: 162065  Top ID: 99.76
		One align captures most of this contig: 1901593 2063657 | 1 162065 | 162065 162065 | 99.76 | Ecoli_0920_Taxon005_ NODE_21_length_162065_cov_36.2857_ID_227565

CONTIG: NODE_27_length_110277_cov_39.5423_ID_227577 (110277bp)
Top Length: 110277  Top ID: 99.62
		One align captures most of this contig: 2390134 2500410 | 1 110277 | 110277 110277 | 99.62 | Ecoli_0920_Taxon005_ NODE_27_length_110277_cov_39.5423_ID_227577

CONTIG: NODE_29_length_104838_cov_39.5726_ID_227581 (104838bp)
Top Length: 104838  Top ID: 99.58
		Marking as insignificant: 1464036 1464727 | 101845 102536 | 692 692 | 95.38 | Ecoli_0920_Taxon005_ NODE_29_length_104838_cov_39.5726_ID_227581
		One align captures most of this contig: 2500712 2605549 | 104838 1 | 104838 104838 | 99.58 | Ecoli_0920_Taxon005_ NODE_29_length_104838_cov_39.5726_ID_227581

CONTIG: NODE_34_length_80573_cov_35.4093_ID_227591 (80573bp)
Top Length: 80573  Top ID: 99.88
		One align captures most of this contig: 1770285 1850857 | 80573 1 | 80573 80573 | 99.88 | Ecoli_0920_Taxon005_ NODE_34_length_80573_cov_35.4093_ID_227591

CONTIG: NODE_37_length_76051_cov_36.6467_ID_227597 (76051bp)
Top Length: 76051  Top ID: 99.65
		One align captures most of this contig: 1192349 1268399 | 1 76051 | 76051 76051 | 99.65 | Ecoli_0920_Taxon005_ NODE_37_length_76051_cov_36.6467_ID_227597

CONTIG: NODE_39_length_61986_cov_37.9408_ID_227601 (61986bp)
Top Length: 61986  Top ID: 99.57
		One align captures most of this contig: 3218898 3280883 | 1 61986 | 61986 61986 | 99.57 | Ecoli_0920_Taxon005_ NODE_39_length_61986_cov_37.9408_ID_227601

CONTIG: NODE_41_length_54983_cov_36.2058_ID_227605 (54983bp)
Top Length: 54983  Top ID: 99.72
		One align captures most of this contig: 3163502 3218484 | 54983 1 | 54983 54983 | 99.72 | Ecoli_0920_Taxon005_ NODE_41_length_54983_cov_36.2058_ID_227605

CONTIG: NODE_42_length_54773_cov_44.754_ID_227607 (54773bp)
Top Length: 54773  Top ID: 99.38
		One align captures most of this contig: 4014683 4069455 | 54773 1 | 54773 54773 | 99.38 | Ecoli_0920_Taxon005_ NODE_42_length_54773_cov_44.754_ID_227607

CONTIG: NODE_44_length_44387_cov_35.6817_ID_227611 (44387bp)
Top Length: 44387  Top ID: 99.79
		One align captures most of this contig: 1850877 1895263 | 44387 1 | 44387 44387 | 99.79 | Ecoli_0920_Taxon005_ NODE_44_length_44387_cov_35.6817_ID_227611

CONTIG: NODE_46_length_42185_cov_36.2164_ID_227615 (42185bp)
Top Length: 42185  Top ID: 99.77
		One align captures most of this contig: 4071315 4113499 | 1 42185 | 42185 42185 | 99.77 | Ecoli_0920_Taxon005_ NODE_46_length_42185_cov_36.2164_ID_227615

CONTIG: NODE_62_length_10803_cov_40.0812_ID_227647 (10803bp)
Top Length: 10803  Top ID: 99.52
		One align captures most of this contig: 4300041 4310843 | 1 10803 | 10803 10803 | 99.52 | Ecoli_0920_Taxon005_ NODE_62_length_10803_cov_40.0812_ID_227647

CONTIG: NODE_69_length_1728_cov_31.1351_ID_227661 (1728bp)
Top Length: 1728  Top ID: 100.0
		One align captures most of this contig: 1895601 1897328 | 1 1728 | 1728 1728 | 100.0 | Ecoli_0920_Taxon005_ NODE_69_length_1728_cov_31.1351_ID_227661

CONTIG: NODE_71_length_1279_cov_32.3505_ID_227665 (1279bp)
Top Length: 1279  Top ID: 100.0
		One align captures most of this contig: 1898612 1899890 | 1279 1 | 1279 1279 | 100.0 | Ecoli_0920_Taxon005_ NODE_71_length_1279_cov_32.3505_ID_227665

CONTIG: NODE_78_length_970_cov_53.2219_ID_227679 (970bp)
Top Length: 970  Top ID: 97.32
		One align captures most of this contig: 1268345 1269314 | 970 1 | 970 970 | 97.32 | Ecoli_0920_Taxon005_ NODE_78_length_970_cov_53.2219_ID_227679

CONTIG: NODE_79_length_871_cov_58.4485_ID_227681 (871bp)
Top Length: 871  Top ID: 98.51
		One align captures most of this contig: 1270403 1271273 | 1 871 | 871 871 | 98.51 | Ecoli_0920_Taxon005_ NODE_79_length_871_cov_58.4485_ID_227681

Analyzing coverage...
Writing SNPs into /net/metagenomics/projects/afritz_assemblies/Similarity_Experiment/Ecoli_OneTree/metaquast_consensus_spades_c/Ecoli_0920/runs_per_reference/Ecoli_0920/contigs_reports/nucmer_output/contigs.used_snps
	Reference Ecoli_0920_Taxon005_: 27 total alignments. 1 total regions.
		Region: 1 to 4641652 (4641652 bp)
			Align 1: 1 489040 NODE_3_length_489044_cov_42.5542_ID_227529 1 489044
				Gap between this and next alignment: 489040 to 490526 (1485 bp)
				Next Alignment: 490526 644403 NODE_1_length_700824_cov_45.8641_ID_227525 700824 546946

			Align 2: 490526 644403 NODE_1_length_700824_cov_45.8641_ID_227525 700824 546946
				Gap between this and next alignment: 644403 to 644592 (188 bp)
				Next Alignment: 644592 1191250 NODE_1_length_700824_cov_45.8641_ID_227525 546665 1

			Align 3: 644592 1191250 NODE_1_length_700824_cov_45.8641_ID_227525 546665 1
				Gap between this and next alignment: 1191250 to 1192349 (1098 bp)
				Next Alignment: 1192349 1268399 NODE_37_length_76051_cov_36.6467_ID_227597 1 76051

			Align 4: 1192349 1268399 NODE_37_length_76051_cov_36.6467_ID_227597 1 76051
				Negative gap (overlap) between this and next alignment: 1268399 to 1268345 (-54 bp)
				Next Alignment: 1268345 1269314 NODE_78_length_970_cov_53.2219_ID_227679 970 1

			Previous gap was negative, modifying coordinates to ignore overlap
				Moving contig start from 970 to 915.
			Align 5: 1268400 1269314 NODE_78_length_970_cov_53.2219_ID_227679 915 1
				Gap between this and next alignment: 1269314 to 1270403 (1088 bp)
				Next Alignment: 1270403 1271273 NODE_79_length_871_cov_58.4485_ID_227681 1 871

			Align 6: 1270403 1271273 NODE_79_length_871_cov_58.4485_ID_227681 1 871
				Negative gap (overlap) between this and next alignment: 1271273 to 1271219 (-54 bp)
				Next Alignment: 1271219 1769179 NODE_2_length_497961_cov_37.4076_ID_227527 497961 1

			Previous gap was negative, modifying coordinates to ignore overlap
				Moving contig start from 497961 to 497906.
			Align 7: 1271274 1769179 NODE_2_length_497961_cov_37.4076_ID_227527 497906 1
				Gap between this and next alignment: 1769179 to 1770285 (1105 bp)
				Next Alignment: 1770285 1850857 NODE_34_length_80573_cov_35.4093_ID_227591 80573 1

			Align 8: 1770285 1850857 NODE_34_length_80573_cov_35.4093_ID_227591 80573 1
				Gap between this and next alignment: 1850857 to 1850877 (19 bp)
				Next Alignment: 1850877 1895263 NODE_44_length_44387_cov_35.6817_ID_227611 44387 1

			Align 9: 1850877 1895263 NODE_44_length_44387_cov_35.6817_ID_227611 44387 1
				Gap between this and next alignment: 1895263 to 1895601 (337 bp)
				Next Alignment: 1895601 1897328 NODE_69_length_1728_cov_31.1351_ID_227661 1 1728

			Align 10: 1895601 1897328 NODE_69_length_1728_cov_31.1351_ID_227661 1 1728
				Gap between this and next alignment: 1897328 to 1898612 (1283 bp)
				Next Alignment: 1898612 1899890 NODE_71_length_1279_cov_32.3505_ID_227665 1279 1

			Align 11: 1898612 1899890 NODE_71_length_1279_cov_32.3505_ID_227665 1279 1
				Gap between this and next alignment: 1899890 to 1901593 (1702 bp)
				Next Alignment: 1901593 2063657 NODE_21_length_162065_cov_36.2857_ID_227565 1 162065

			Align 12: 1901593 2063657 NODE_21_length_162065_cov_36.2857_ID_227565 1 162065
				Gap between this and next alignment: 2063657 to 2064181 (523 bp)
				Next Alignment: 2064181 2389628 NODE_10_length_325448_cov_38.3882_ID_227543 325448 1

			Align 13: 2064181 2389628 NODE_10_length_325448_cov_38.3882_ID_227543 325448 1
				Gap between this and next alignment: 2389628 to 2390134 (505 bp)
				Next Alignment: 2390134 2500410 NODE_27_length_110277_cov_39.5423_ID_227577 1 110277

			Align 14: 2390134 2500410 NODE_27_length_110277_cov_39.5423_ID_227577 1 110277
				Gap between this and next alignment: 2500410 to 2500712 (301 bp)
				Next Alignment: 2500712 2605549 NODE_29_length_104838_cov_39.5726_ID_227581 104838 1

			Align 15: 2500712 2605549 NODE_29_length_104838_cov_39.5726_ID_227581 104838 1
				Gap between this and next alignment: 2605549 to 2606075 (525 bp)
				Next Alignment: 2606075 2979519 NODE_5_length_373445_cov_37.0727_ID_227533 1 373445

			Align 16: 2606075 2979519 NODE_5_length_373445_cov_37.0727_ID_227533 1 373445
				Gap between this and next alignment: 2979519 to 2980012 (492 bp)
				Next Alignment: 2980012 3168547 NODE_6_length_349059_cov_37.4769_ID_227535 1 188536

			Align 17: 2980012 3168547 NODE_6_length_349059_cov_37.4769_ID_227535 1 188536
				The next alignment (3104562 3105697 NODE_6_length_349059_cov_37.4769_ID_227535 315327 316462) is redundant. Skipping.
				Negative gap (overlap) between this and next alignment: 3168547 to 3163502 (-5045 bp)
				Next Alignment: 3163502 3218484 NODE_41_length_54983_cov_36.2058_ID_227605 54983 1

			Previous gap was negative, modifying coordinates to ignore overlap
				Moving contig start from 54983 to 49937.
			Align 19: 3168548 3218484 NODE_41_length_54983_cov_36.2058_ID_227605 49937 1
				Gap between this and next alignment: 3218484 to 3218898 (413 bp)
				Next Alignment: 3218898 3280883 NODE_39_length_61986_cov_37.9408_ID_227601 1 61986

			Align 20: 3218898 3280883 NODE_39_length_61986_cov_37.9408_ID_227601 1 61986
				Gap between this and next alignment: 3280883 to 3284059 (3175 bp)
				Next Alignment: 3284059 3540419 NODE_13_length_257933_cov_38.759_ID_227549 256361 1

			Align 21: 3284059 3540419 NODE_13_length_257933_cov_38.759_ID_227549 256361 1
				Gap between this and next alignment: 3540419 to 3541491 (1071 bp)
				Next Alignment: 3541491 4014054 NODE_4_length_472564_cov_38.4316_ID_227531 472564 1

			Align 22: 3541491 4014054 NODE_4_length_472564_cov_38.4316_ID_227531 472564 1
				Gap between this and next alignment: 4014054 to 4014683 (628 bp)
				Next Alignment: 4014683 4069455 NODE_42_length_54773_cov_44.754_ID_227607 54773 1

			Align 23: 4014683 4069455 NODE_42_length_54773_cov_44.754_ID_227607 54773 1
				Gap between this and next alignment: 4069455 to 4071315 (1859 bp)
				Next Alignment: 4071315 4113499 NODE_46_length_42185_cov_36.2164_ID_227615 1 42185

			Align 24: 4071315 4113499 NODE_46_length_42185_cov_36.2164_ID_227615 1 42185
				Gap between this and next alignment: 4113499 to 4114385 (885 bp)
				Next Alignment: 4114385 4299051 NODE_17_length_184667_cov_38.5792_ID_227557 184667 1

			Align 25: 4114385 4299051 NODE_17_length_184667_cov_38.5792_ID_227557 184667 1
				Gap between this and next alignment: 4299051 to 4300041 (989 bp)
				Next Alignment: 4300041 4310843 NODE_62_length_10803_cov_40.0812_ID_227647 1 10803

			Align 26: 4300041 4310843 NODE_62_length_10803_cov_40.0812_ID_227647 1 10803
				Gap between this and next alignment: 4310843 to 4311357 (513 bp)
				Next Alignment: 4311357 4641648 NODE_8_length_330294_cov_44.0317_ID_227539 1 330294

			Align 27: 4311357 4641648 NODE_8_length_330294_cov_44.0317_ID_227539 1 330294
			END in gap: 4641648 to 4641652 (4 bp)

Analysis is finished!
Founded SNPs were written into /net/metagenomics/projects/afritz_assemblies/Similarity_Experiment/Ecoli_OneTree/metaquast_consensus_spades_c/Ecoli_0920/runs_per_reference/Ecoli_0920/contigs_reports/nucmer_output/contigs.used_snps

Results:
	Local Misassemblies: 1
	Misassemblies: 1
		Relocations: 1
		Translocations: 0
		Inversions: 0
	Misassembled Contigs: 1
	Misassembled Contig Bases: 349059
	Misassemblies Inter-Contig Overlap: 0
Uncovered Regions: 0 (0)
Unaligned Contigs: 0 + 0 part
Partially Unaligned Contigs with Misassemblies: 0
Unaligned Contig Bases: 0

Ambiguously Mapped Contigs: 0
Total Bases in Ambiguously Mapped Contigs: 0
Note that --allow-ambiguity option was set to "one" and only first alignment per each contig was used.

	Covered Bases: 4621464

	SNPs: 16263
	Insertions: 32
	Deletions: 19

	Positive Gaps: 23
		Internal Gaps:  1
		External Gaps:  22
		External Gap Total:  20000
		External Gap Average: 909
	Negative Gaps: 3
		Internal Overlaps:  0
		External Overlaps:  3
		External Overlaps Total: -5153
		External Overlaps Average: -1718
	Contigs with Redundant Alignments: 1 (1136)
