Aligning contigs to reference...
	Running Nucmer
Parsing coords...
Loading reference...
	Loaded [Ecoli_ancestor_Ancestor_]
Loading SNPs...
Loading regions...
	No regions given, using whole reference.
	Total Regions: 1
	Total Region Length: 4641652
Analyzing contigs...
CONTIG: NODE_3_length_401996_cov_41.441_ID_253498 (401996bp)
Top Length: 100998  Top ID: 99.76
		Skipping redundant alignment 3855642 3856656 | 116695 117709 | 1015 1015 | 96.75 | Ecoli_ancestor_Ancestor_ NODE_3_length_401996_cov_41.441_ID_253498
		Skipping redundant alignment 969385 971613 | 189990 187762 | 2229 2229 | 98.74 | Ecoli_ancestor_Ancestor_ NODE_3_length_401996_cov_41.441_ID_253498
		Skipping redundant alignment 3855662 3856656 | 262314 263308 | 995 995 | 98.29 | Ecoli_ancestor_Ancestor_ NODE_3_length_401996_cov_41.441_ID_253498
		Skipping redundant alignment 823180 823607 | 262314 262742 | 428 429 | 95.34 | Ecoli_ancestor_Ancestor_ NODE_3_length_401996_cov_41.441_ID_253498
		Skipping redundant alignment 3540255 3541026 | 300995 301766 | 772 772 | 99.09 | Ecoli_ancestor_Ancestor_ NODE_3_length_401996_cov_41.441_ID_253498
		Skipping redundant alignment 4310874 4311642 | 301766 300998 | 769 769 | 98.96 | Ecoli_ancestor_Ancestor_ NODE_3_length_401996_cov_41.441_ID_253498
		Skipping redundant alignment 4332128 4332896 | 301767 300999 | 769 769 | 99.35 | Ecoli_ancestor_Ancestor_ NODE_3_length_401996_cov_41.441_ID_253498
		Skipping redundant alignment 2605232 2605999 | 300999 301766 | 768 768 | 99.22 | Ecoli_ancestor_Ancestor_ NODE_3_length_401996_cov_41.441_ID_253498
		Skipping redundant alignment 4299403 4300105 | 301766 301064 | 703 703 | 99.0 | Ecoli_ancestor_Ancestor_ NODE_3_length_401996_cov_41.441_ID_253498
			Skipping redundant alignments after choosing the best set of alignments
		Skipping redundant alignment 824933 828621 | 262314 266002 | 3689 3689 | 98.75 | Ecoli_ancestor_Ancestor_ NODE_3_length_401996_cov_41.441_ID_253498
		Skipping redundant alignment 967924 969384 | 116715 118175 | 1461 1461 | 97.4 | Ecoli_ancestor_Ancestor_ NODE_3_length_401996_cov_41.441_ID_253498
		This contig is misassembled. 17 total aligns.
			Warning! This contig is more unaligned than misassembled. Contig length is 401996 and total length of all aligns is 111610
		Alignment: 3857513 3858957 | 116695 118139 | 1445 1445 | 96.33 | Ecoli_ancestor_Ancestor_ NODE_3_length_401996_cov_41.441_ID_253498
		Alignment: 896341 898207 | 120042 118176 | 1867 1867 | 95.02 | Ecoli_ancestor_Ancestor_ NODE_3_length_401996_cov_41.441_ID_253498
		Alignment: 3859000 3861334 | 189984 187650 | 2335 2335 | 97.6 | Ecoli_ancestor_Ancestor_ NODE_3_length_401996_cov_41.441_ID_253498
		Alignment: 941773 943047 | 236158 234884 | 1275 1275 | 96.86 | Ecoli_ancestor_Ancestor_ NODE_3_length_401996_cov_41.441_ID_253498
		Alignment: 3857533 3861222 | 262314 266003 | 3690 3690 | 97.34 | Ecoli_ancestor_Ancestor_ NODE_3_length_401996_cov_41.441_ID_253498
		Alignment: 4540651 4641648 | 300999 401996 | 100998 100998 | 99.76 | Ecoli_ancestor_Ancestor_ NODE_3_length_401996_cov_41.441_ID_253498
		Unaligned bases: 290386
		This contig has both significant aligned and unaligned parts (of length >= min-contig)! It can contain interspecies translocations
CONTIG: NODE_6_length_315025_cov_38.4831_ID_253504 (315025bp)
Top Length: 315025  Top ID: 99.65
		Marking as insignificant: 2069798 2069873 | 46285 46210 | 76 76 | 100.0 | Ecoli_ancestor_Ancestor_ NODE_6_length_315025_cov_38.4831_ID_253504
		Marking as insignificant: 2069798 2069873 | 45982 45907 | 76 76 | 100.0 | Ecoli_ancestor_Ancestor_ NODE_6_length_315025_cov_38.4831_ID_253504
		Marking as insignificant: 2069555 2069631 | 45983 45907 | 77 77 | 100.0 | Ecoli_ancestor_Ancestor_ NODE_6_length_315025_cov_38.4831_ID_253504
		Marking as insignificant: 2069474 2069551 | 45773 45696 | 78 78 | 100.0 | Ecoli_ancestor_Ancestor_ NODE_6_length_315025_cov_38.4831_ID_253504
		Marking as insignificant: 2069469 2069551 | 46594 46512 | 83 83 | 98.8 | Ecoli_ancestor_Ancestor_ NODE_6_length_315025_cov_38.4831_ID_253504
		Marking as insignificant: 1519408 1519533 | 68590 68465 | 126 126 | 98.41 | Ecoli_ancestor_Ancestor_ NODE_6_length_315025_cov_38.4831_ID_253504
		Marking as insignificant: 3993699 3993826 | 68590 68463 | 128 128 | 98.44 | Ecoli_ancestor_Ancestor_ NODE_6_length_315025_cov_38.4831_ID_253504
		Marking as insignificant: 3493145 3493281 | 191121 190985 | 137 137 | 97.81 | Ecoli_ancestor_Ancestor_ NODE_6_length_315025_cov_38.4831_ID_253504
		Marking as insignificant: 2069476 2069631 | 46365 46210 | 156 156 | 99.36 | Ecoli_ancestor_Ancestor_ NODE_6_length_315025_cov_38.4831_ID_253504
		Marking as insignificant: 2069284 2069551 | 46987 46720 | 268 268 | 99.63 | Ecoli_ancestor_Ancestor_ NODE_6_length_315025_cov_38.4831_ID_253504
		Marking as insignificant: 967924 968207 | 284 1 | 284 284 | 98.59 | Ecoli_ancestor_Ancestor_ NODE_6_length_315025_cov_38.4831_ID_253504
		Marking as insignificant: 823153 823463 | 311 1 | 311 311 | 95.82 | Ecoli_ancestor_Ancestor_ NODE_6_length_315025_cov_38.4831_ID_253504
		Marking as insignificant: 824905 825216 | 312 1 | 312 312 | 96.15 | Ecoli_ancestor_Ancestor_ NODE_6_length_315025_cov_38.4831_ID_253504
		Marking as insignificant: 3857493 3857813 | 324 4 | 321 321 | 95.03 | Ecoli_ancestor_Ancestor_ NODE_6_length_315025_cov_38.4831_ID_253504
		Marking as insignificant: 3058220 3059108 | 4002 3114 | 889 889 | 95.95 | Ecoli_ancestor_Ancestor_ NODE_6_length_315025_cov_38.4831_ID_253504
		Marking as insignificant: 965658 966546 | 4002 3114 | 889 889 | 96.74 | Ecoli_ancestor_Ancestor_ NODE_6_length_315025_cov_38.4831_ID_253504
		Marking as insignificant: 3057842 3059107 | 3113 1849 | 1266 1265 | 95.26 | Ecoli_ancestor_Ancestor_ NODE_6_length_315025_cov_38.4831_ID_253504
		Marking as insignificant: 965280 966571 | 3113 1823 | 1292 1291 | 96.13 | Ecoli_ancestor_Ancestor_ NODE_6_length_315025_cov_38.4831_ID_253504
		One align captures most of this contig: 3540922 3855945 | 315025 1 | 315024 315025 | 99.65 | Ecoli_ancestor_Ancestor_ NODE_6_length_315025_cov_38.4831_ID_253504

CONTIG: NODE_9_length_274944_cov_37.4_ID_253510 (274944bp)
Top Length: 274944  Top ID: 99.72
		One align captures most of this contig: 2607102 2882045 | 274944 1 | 274944 274944 | 99.72 | Ecoli_ancestor_Ancestor_ NODE_9_length_274944_cov_37.4_ID_253510

CONTIG: NODE_10_length_264490_cov_37.9378_ID_253512 (264490bp)
Top Length: 264490  Top ID: 99.63
		Marking as insignificant: 4300171 4300376 | 28656 28451 | 206 206 | 99.03 | Ecoli_ancestor_Ancestor_ NODE_10_length_264490_cov_37.9378_ID_253512
		One align captures most of this contig: 1594885 1859373 | 264490 1 | 264489 264490 | 99.63 | Ecoli_ancestor_Ancestor_ NODE_10_length_264490_cov_37.9378_ID_253512

CONTIG: NODE_12_length_210558_cov_37.2787_ID_253520 (210558bp)
Top Length: 210558  Top ID: 99.71
		Marking as insignificant: 3809963 3810039 | 5445 5369 | 77 77 | 100.0 | Ecoli_ancestor_Ancestor_ NODE_12_length_210558_cov_37.2787_ID_253520
		Marking as insignificant: 3809963 3810039 | 5567 5491 | 77 77 | 100.0 | Ecoli_ancestor_Ancestor_ NODE_12_length_210558_cov_37.2787_ID_253520
		Marking as insignificant: 3809963 3810039 | 5689 5613 | 77 77 | 100.0 | Ecoli_ancestor_Ancestor_ NODE_12_length_210558_cov_37.2787_ID_253520
		Marking as insignificant: 3810173 3810250 | 5770 5693 | 78 78 | 100.0 | Ecoli_ancestor_Ancestor_ NODE_12_length_210558_cov_37.2787_ID_253520
		Marking as insignificant: 3809659 3809736 | 5446 5369 | 78 78 | 100.0 | Ecoli_ancestor_Ancestor_ NODE_12_length_210558_cov_37.2787_ID_253520
		Marking as insignificant: 3809659 3809736 | 5568 5491 | 78 78 | 100.0 | Ecoli_ancestor_Ancestor_ NODE_12_length_210558_cov_37.2787_ID_253520
		Marking as insignificant: 3809659 3809736 | 5690 5613 | 78 78 | 100.0 | Ecoli_ancestor_Ancestor_ NODE_12_length_210558_cov_37.2787_ID_253520
		Marking as insignificant: 3809353 3809435 | 5775 5693 | 83 83 | 98.8 | Ecoli_ancestor_Ancestor_ NODE_12_length_210558_cov_37.2787_ID_253520
		Marking as insignificant: 3808960 3809227 | 5960 5693 | 268 268 | 98.51 | Ecoli_ancestor_Ancestor_ NODE_12_length_210558_cov_37.2787_ID_253520
		One align captures most of this contig: 1864686 2075241 | 210558 1 | 210556 210558 | 99.71 | Ecoli_ancestor_Ancestor_ NODE_12_length_210558_cov_37.2787_ID_253520

CONTIG: NODE_13_length_208409_cov_38.009_ID_253522 (208409bp)
Top Length: 208409  Top ID: 99.7
		Marking as insignificant: 2285965 2286337 | 373 1 | 373 373 | 96.25 | Ecoli_ancestor_Ancestor_ NODE_13_length_208409_cov_38.009_ID_253522
		Marking as insignificant: 2285852 2286224 | 373 1 | 373 373 | 97.86 | Ecoli_ancestor_Ancestor_ NODE_13_length_208409_cov_38.009_ID_253522
		One align captures most of this contig: 2077703 2286111 | 208409 1 | 208409 208409 | 99.7 | Ecoli_ancestor_Ancestor_ NODE_13_length_208409_cov_38.009_ID_253522

CONTIG: NODE_14_length_203618_cov_37.7994_ID_253524 (203618bp)
Top Length: 203618  Top ID: 99.72
		Marking as insignificant: 3664826 3664962 | 201408 201544 | 137 137 | 97.81 | Ecoli_ancestor_Ancestor_ NODE_14_length_203618_cov_37.7994_ID_253524
		One align captures most of this contig: 3291738 3495355 | 1 203618 | 203618 203618 | 99.72 | Ecoli_ancestor_Ancestor_ NODE_14_length_203618_cov_37.7994_ID_253524

CONTIG: NODE_15_length_201734_cov_37.1886_ID_253526 (201734bp)
Top Length: 201734  Top ID: 99.67
		Marking as insignificant: 294708 294969 | 447 188 | 262 260 | 98.09 | Ecoli_ancestor_Ancestor_ NODE_15_length_201734_cov_37.1886_ID_253526
		Marking as insignificant: 294595 294969 | 447 75 | 375 373 | 97.87 | Ecoli_ancestor_Ancestor_ NODE_15_length_201734_cov_37.1886_ID_253526
		One align captures most of this contig: 93084 294817 | 201734 1 | 201734 201734 | 99.67 | Ecoli_ancestor_Ancestor_ NODE_15_length_201734_cov_37.1886_ID_253526

CONTIG: NODE_18_length_177299_cov_36.6621_ID_253532 (177299bp)
Top Length: 177299  Top ID: 99.75
		One align captures most of this contig: 1225198 1402496 | 1 177299 | 177299 177299 | 99.75 | Ecoli_ancestor_Ancestor_ NODE_18_length_177299_cov_36.6621_ID_253532

CONTIG: NODE_20_length_174787_cov_37.2744_ID_253536 (174787bp)
Top Length: 174787  Top ID: 99.7
		Marking as insignificant: 3855634 3855760 | 174661 174787 | 127 127 | 98.43 | Ecoli_ancestor_Ancestor_ NODE_20_length_174787_cov_37.2744_ID_253536
		Marking as insignificant: 966571 966969 | 173877 174275 | 399 399 | 96.24 | Ecoli_ancestor_Ancestor_ NODE_20_length_174787_cov_37.2744_ID_253536
		Marking as insignificant: 967924 968352 | 172936 173363 | 429 428 | 95.34 | Ecoli_ancestor_Ancestor_ NODE_20_length_174787_cov_37.2744_ID_253536
		One align captures most of this contig: 650245 825031 | 1 174787 | 174787 174787 | 99.7 | Ecoli_ancestor_Ancestor_ NODE_20_length_174787_cov_37.2744_ID_253536

CONTIG: NODE_21_length_167346_cov_37.1713_ID_253538 (167346bp)
Top Length: 167346  Top ID: 99.75
		Marking as insignificant: 608112 608199 | 29950 30037 | 88 88 | 100.0 | Ecoli_ancestor_Ancestor_ NODE_21_length_167346_cov_37.1713_ID_253538
		Marking as insignificant: 608112 608200 | 30186 30274 | 89 89 | 100.0 | Ecoli_ancestor_Ancestor_ NODE_21_length_167346_cov_37.1713_ID_253538
		One align captures most of this contig: 4368184 4535529 | 167346 1 | 167346 167346 | 99.75 | Ecoli_ancestor_Ancestor_ NODE_21_length_167346_cov_37.1713_ID_253538

CONTIG: NODE_22_length_165140_cov_38.5755_ID_253540 (165140bp)
Top Length: 84727  Top ID: 99.71
		Skipping redundant alignment 4012308 4012677 | 3018 3387 | 370 370 | 96.76 | Ecoli_ancestor_Ancestor_ NODE_22_length_165140_cov_38.5755_ID_253540
		Skipping redundant alignment 4063791 4065332 | 61815 60274 | 1542 1542 | 95.72 | Ecoli_ancestor_Ancestor_ NODE_22_length_165140_cov_38.5755_ID_253540
		Skipping redundant alignment 965280 966570 | 65310 64020 | 1291 1291 | 97.91 | Ecoli_ancestor_Ancestor_ NODE_22_length_165140_cov_38.5755_ID_253540
		Skipping redundant alignment 3851944 3852832 | 64932 64044 | 889 889 | 95.95 | Ecoli_ancestor_Ancestor_ NODE_22_length_165140_cov_38.5755_ID_253540
		Skipping redundant alignment 3852833 3854097 | 65310 64045 | 1265 1266 | 95.73 | Ecoli_ancestor_Ancestor_ NODE_22_length_165140_cov_38.5755_ID_253540
		Skipping redundant alignment 4351427 4351706 | 65299 65020 | 280 280 | 97.86 | Ecoli_ancestor_Ancestor_ NODE_22_length_165140_cov_38.5755_ID_253540
		Skipping redundant alignment 923125 924628 | 104670 103167 | 1504 1504 | 95.89 | Ecoli_ancestor_Ancestor_ NODE_22_length_165140_cov_38.5755_ID_253540
		This contig is misassembled. 9 total aligns.
			Excluding internal overlap of size 188 between Alignment 1 and 2:  2958190 3038790 | 165140 84540 | 80601 80601 --> 2958190 3038602 | 165140 84728 | 80413 80413
			Real Alignment 1: 3038425 3123151 | 84727 1 | 84727 84727 | 99.71 | Ecoli_ancestor_Ancestor_ NODE_22_length_165140_cov_38.5755_ID_253540
			  Overlap between these two alignments (local misassembly). Inconsistency = -178 
			Real Alignment 2: 2958190 3038602 | 165140 84728 | 80413 80413 | 99.75 | Ecoli_ancestor_Ancestor_ NODE_22_length_165140_cov_38.5755_ID_253540

CONTIG: NODE_24_length_154629_cov_38.1271_ID_253542 (154629bp)
Top Length: 154629  Top ID: 99.62
		Marking as insignificant: 4367125 4367271 | 154629 154481 | 147 149 | 98.66 | Ecoli_ancestor_Ancestor_ NODE_24_length_154629_cov_38.1271_ID_253542
		Marking as insignificant: 413674 414859 | 113340 112155 | 1186 1186 | 98.9 | Ecoli_ancestor_Ancestor_ NODE_24_length_154629_cov_38.1271_ID_253542
		One align captures most of this contig: 1007322 1161950 | 1 154629 | 154629 154629 | 99.62 | Ecoli_ancestor_Ancestor_ NODE_24_length_154629_cov_38.1271_ID_253542

CONTIG: NODE_25_length_132907_cov_36.4087_ID_253544 (132907bp)
Top Length: 132907  Top ID: 99.81
		One align captures most of this contig: 4064985 4197891 | 132907 1 | 132907 132907 | 99.81 | Ecoli_ancestor_Ancestor_ NODE_25_length_132907_cov_36.4087_ID_253544

CONTIG: NODE_26_length_131825_cov_37.8239_ID_253546 (131825bp)
Top Length: 131825  Top ID: 99.68
		Marking as insignificant: 3787357 3787482 | 57986 58111 | 126 126 | 98.41 | Ecoli_ancestor_Ancestor_ NODE_26_length_131825_cov_37.8239_ID_253546
		Marking as insignificant: 3993697 3993824 | 57984 58111 | 128 128 | 98.44 | Ecoli_ancestor_Ancestor_ NODE_26_length_131825_cov_37.8239_ID_253546
		Marking as insignificant: 1404577 1404709 | 131822 131690 | 133 133 | 99.25 | Ecoli_ancestor_Ancestor_ NODE_26_length_131825_cov_37.8239_ID_253546
		Marking as insignificant: 2520533 2520667 | 131691 131825 | 135 135 | 99.26 | Ecoli_ancestor_Ancestor_ NODE_26_length_131825_cov_37.8239_ID_253546
		Marking as insignificant: 92489 92623 | 131825 131691 | 135 135 | 99.26 | Ecoli_ancestor_Ancestor_ NODE_26_length_131825_cov_37.8239_ID_253546
		Marking as insignificant: 4209410 4209544 | 131825 131691 | 135 135 | 100.0 | Ecoli_ancestor_Ancestor_ NODE_26_length_131825_cov_37.8239_ID_253546
		Marking as insignificant: 3165671 3165808 | 131825 131688 | 138 138 | 100.0 | Ecoli_ancestor_Ancestor_ NODE_26_length_131825_cov_37.8239_ID_253546
		One align captures most of this contig: 1461423 1593247 | 1 131825 | 131825 131825 | 99.68 | Ecoli_ancestor_Ancestor_ NODE_26_length_131825_cov_37.8239_ID_253546

CONTIG: NODE_29_length_123547_cov_36.5905_ID_253552 (123547bp)
Top Length: 123547  Top ID: 99.69
		One align captures most of this contig: 424760 548306 | 123547 1 | 123547 123547 | 99.69 | Ecoli_ancestor_Ancestor_ NODE_29_length_123547_cov_36.5905_ID_253552

CONTIG: NODE_30_length_117603_cov_38.2111_ID_253554 (117603bp)
Top Length: 117603  Top ID: 99.65
		One align captures most of this contig: 2301831 2419433 | 117603 1 | 117603 117603 | 99.65 | Ecoli_ancestor_Ancestor_ NODE_30_length_117603_cov_38.2111_ID_253554

CONTIG: NODE_31_length_109022_cov_38.4421_ID_253556 (109022bp)
Top Length: 109022  Top ID: 99.62
		Marking as insignificant: 4315655 4315763 | 108914 109022 | 109 109 | 98.17 | Ecoli_ancestor_Ancestor_ NODE_31_length_109022_cov_38.4421_ID_253556
		Marking as insignificant: 2300691 2300799 | 108914 109022 | 109 109 | 99.08 | Ecoli_ancestor_Ancestor_ NODE_31_length_109022_cov_38.4421_ID_253556
		Marking as insignificant: 2487858 2487969 | 108911 109022 | 112 112 | 100.0 | Ecoli_ancestor_Ancestor_ NODE_31_length_109022_cov_38.4421_ID_253556
		Marking as insignificant: 3291197 3291309 | 109022 108910 | 113 113 | 99.12 | Ecoli_ancestor_Ancestor_ NODE_31_length_109022_cov_38.4421_ID_253556
		Marking as insignificant: 3194652 3194764 | 109022 108910 | 113 113 | 99.12 | Ecoli_ancestor_Ancestor_ NODE_31_length_109022_cov_38.4421_ID_253556
		Marking as insignificant: 4015015 4015127 | 108910 109022 | 113 113 | 100.0 | Ecoli_ancestor_Ancestor_ NODE_31_length_109022_cov_38.4421_ID_253556
		Marking as insignificant: 1224050 1224162 | 108910 109022 | 113 113 | 100.0 | Ecoli_ancestor_Ancestor_ NODE_31_length_109022_cov_38.4421_ID_253556
		Marking as insignificant: 3901749 3901867 | 108904 109022 | 119 119 | 99.16 | Ecoli_ancestor_Ancestor_ NODE_31_length_109022_cov_38.4421_ID_253556
		Marking as insignificant: 3018660 3020163 | 94465 95968 | 1504 1504 | 96.68 | Ecoli_ancestor_Ancestor_ NODE_31_length_109022_cov_38.4421_ID_253556
		One align captures most of this contig: 828661 937682 | 1 109022 | 109022 109022 | 99.62 | Ecoli_ancestor_Ancestor_ NODE_31_length_109022_cov_38.4421_ID_253556

CONTIG: NODE_36_length_94470_cov_37.2631_ID_253566 (94470bp)
Top Length: 94470  Top ID: 99.73
		One align captures most of this contig: 3194706 3289175 | 94470 1 | 94470 94470 | 99.73 | Ecoli_ancestor_Ancestor_ NODE_36_length_94470_cov_37.2631_ID_253566

CONTIG: NODE_37_length_87713_cov_37.0635_ID_253568 (87713bp)
Top Length: 87713  Top ID: 99.77
		Marking as insignificant: 4505493 4505580 | 35836 35923 | 88 88 | 100.0 | Ecoli_ancestor_Ancestor_ NODE_37_length_87713_cov_37.0635_ID_253568
		Marking as insignificant: 4505256 4505344 | 35835 35923 | 89 89 | 100.0 | Ecoli_ancestor_Ancestor_ NODE_37_length_87713_cov_37.0635_ID_253568
		Marking as insignificant: 4361799 4361978 | 180 1 | 180 180 | 99.44 | Ecoli_ancestor_Ancestor_ NODE_37_length_87713_cov_37.0635_ID_253568
		One align captures most of this contig: 556322 644034 | 87713 1 | 87713 87713 | 99.77 | Ecoli_ancestor_Ancestor_ NODE_37_length_87713_cov_37.0635_ID_253568

CONTIG: NODE_38_length_82473_cov_37.7463_ID_253570 (82473bp)
Top Length: 82473  Top ID: 99.68
		Marking as insignificant: 294671 294743 | 1 73 | 73 73 | 100.0 | Ecoli_ancestor_Ancestor_ NODE_38_length_82473_cov_37.7463_ID_253570
		One align captures most of this contig: 294897 377369 | 1 82473 | 82473 82473 | 99.68 | Ecoli_ancestor_Ancestor_ NODE_38_length_82473_cov_37.7463_ID_253570

CONTIG: NODE_39_length_81706_cov_37.8082_ID_253572 (81706bp)
Top Length: 81706  Top ID: 99.67
		One align captures most of this contig: 220 81925 | 1 81706 | 81706 81706 | 99.67 | Ecoli_ancestor_Ancestor_ NODE_39_length_81706_cov_37.8082_ID_253572

CONTIG: NODE_40_length_79549_cov_36.8131_ID_253574 (79549bp)
Top Length: 79549  Top ID: 99.69
		One align captures most of this contig: 2524575 2604123 | 79549 1 | 79549 79549 | 99.69 | Ecoli_ancestor_Ancestor_ NODE_40_length_79549_cov_36.8131_ID_253574

CONTIG: NODE_41_length_78276_cov_38.4747_ID_253576 (78276bp)
Top Length: 78276  Top ID: 99.72
		One align captures most of this contig: 3902899 3981174 | 1 78276 | 78276 78276 | 99.72 | Ecoli_ancestor_Ancestor_ NODE_41_length_78276_cov_38.4747_ID_253576

CONTIG: NODE_42_length_67335_cov_37.7947_ID_253578 (67335bp)
Top Length: 67335  Top ID: 99.62
		One align captures most of this contig: 2420581 2487915 | 1 67335 | 67335 67335 | 99.62 | Ecoli_ancestor_Ancestor_ NODE_42_length_67335_cov_37.7947_ID_253578

CONTIG: NODE_43_length_63604_cov_38.5148_ID_253580 (63604bp)
Top Length: 41546  Top ID: 99.68
		Skipping redundant alignment 1404577 1404712 | 63601 63466 | 136 136 | 98.53 | Ecoli_ancestor_Ancestor_ NODE_43_length_63604_cov_38.5148_ID_253580
		Skipping redundant alignment 2520531 2520667 | 63468 63604 | 137 137 | 99.27 | Ecoli_ancestor_Ancestor_ NODE_43_length_63604_cov_38.5148_ID_253580
		Skipping redundant alignment 1593113 1593247 | 63470 63604 | 135 135 | 100.0 | Ecoli_ancestor_Ancestor_ NODE_43_length_63604_cov_38.5148_ID_253580
		Skipping redundant alignment 3165671 3165805 | 63604 63470 | 135 135 | 100.0 | Ecoli_ancestor_Ancestor_ NODE_43_length_63604_cov_38.5148_ID_253580
		Skipping redundant alignment 92489 92623 | 63604 63470 | 135 135 | 99.26 | Ecoli_ancestor_Ancestor_ NODE_43_length_63604_cov_38.5148_ID_253580
		This contig is misassembled. 7 total aligns.
			Excluding internal overlap of size 267 between Alignment 1 and 2:  4250781 4273106 | 22325 1 | 22326 22325 --> 4251048 4273106 | 22058 1 | 22059 22058
			Real Alignment 1: 4251048 4273106 | 22058 1 | 22059 22058 | 99.93 | Ecoli_ancestor_Ancestor_ NODE_43_length_63604_cov_38.5148_ID_253580
			  Gap between these two alignments (local misassembly). Inconsistency = 92 
			Real Alignment 2: 4209410 4250955 | 63604 22059 | 41546 41546 | 99.68 | Ecoli_ancestor_Ancestor_ NODE_43_length_63604_cov_38.5148_ID_253580

CONTIG: NODE_47_length_56306_cov_37.5689_ID_253586 (56306bp)
Top Length: 56306  Top ID: 99.71
		One align captures most of this contig: 2882087 2938392 | 56306 1 | 56306 56306 | 99.71 | Ecoli_ancestor_Ancestor_ NODE_47_length_56306_cov_37.5689_ID_253586

CONTIG: NODE_49_length_55473_cov_38.3947_ID_253590 (55473bp)
Top Length: 55473  Top ID: 99.6
		One align captures most of this contig: 1167655 1223127 | 1 55473 | 55473 55473 | 99.6 | Ecoli_ancestor_Ancestor_ NODE_49_length_55473_cov_38.3947_ID_253590

CONTIG: NODE_50_length_54476_cov_38.4544_ID_253592 (54476bp)
Top Length: 54476  Top ID: 99.69
		One align captures most of this contig: 1405039 1459514 | 1 54476 | 54476 54476 | 99.69 | Ecoli_ancestor_Ancestor_ NODE_50_length_54476_cov_38.4544_ID_253592

CONTIG: NODE_52_length_43118_cov_38.4367_ID_253596 (43118bp)
Top Length: 43118  Top ID: 99.71
		One align captures most of this contig: 3496835 3539952 | 43118 1 | 43118 43118 | 99.71 | Ecoli_ancestor_Ancestor_ NODE_52_length_43118_cov_38.4367_ID_253596

CONTIG: NODE_54_length_40589_cov_36.9997_ID_253600 (40589bp)
Top Length: 40589  Top ID: 99.75
		One align captures most of this contig: 3861225 3901813 | 40589 1 | 40589 40589 | 99.75 | Ecoli_ancestor_Ancestor_ NODE_54_length_40589_cov_36.9997_ID_253600

CONTIG: NODE_55_length_39121_cov_36.9338_ID_253602 (39121bp)
Top Length: 39121  Top ID: 99.64
		One align captures most of this contig: 4024999 4064119 | 1 39121 | 39121 39121 | 99.64 | Ecoli_ancestor_Ancestor_ NODE_55_length_39121_cov_36.9338_ID_253602

CONTIG: NODE_56_length_35813_cov_49.3502_ID_253604 (35813bp)
Top Length: 33632  Top ID: 99.62
		Skipping redundant alignment 3119765 3120134 | 2397 2766 | 370 370 | 96.22 | Ecoli_ancestor_Ancestor_ NODE_56_length_35813_cov_49.3502_ID_253604
		Skipping redundant alignment 2953886 2954965 | 4553 5632 | 1080 1080 | 98.43 | Ecoli_ancestor_Ancestor_ NODE_56_length_35813_cov_49.3502_ID_253604
		Skipping redundant alignment 2956065 2956481 | 5929 6345 | 417 417 | 95.2 | Ecoli_ancestor_Ancestor_ NODE_56_length_35813_cov_49.3502_ID_253604
		Skipping redundant alignment 3787357 3787484 | 21375 21248 | 128 128 | 98.44 | Ecoli_ancestor_Ancestor_ NODE_56_length_35813_cov_49.3502_ID_253604
		Skipping redundant alignment 1519406 1519533 | 21377 21250 | 128 128 | 98.44 | Ecoli_ancestor_Ancestor_ NODE_56_length_35813_cov_49.3502_ID_253604
		Skipping redundant alignment 2075177 2076541 | 33631 32267 | 1365 1365 | 99.19 | Ecoli_ancestor_Ancestor_ NODE_56_length_35813_cov_49.3502_ID_253604
		This contig is misassembled. 8 total aligns.
			Excluding internal overlap of size 1367 between Alignment 1 and 2:  4536231 4539778 | 32266 35813 | 3548 3548 --> 4537598 4539778 | 33633 35813 | 2181 2181
			Real Alignment 1: 3981442 4015073 | 33632 1 | 33632 33632 | 99.62 | Ecoli_ancestor_Ancestor_ NODE_56_length_35813_cov_49.3502_ID_253604
			  Extensive misassembly ( relocation, inconsistency = 522524 ) between these two alignments
			Real Alignment 2: 4537598 4539778 | 33633 35813 | 2181 2181 | 99.04 | Ecoli_ancestor_Ancestor_ NODE_56_length_35813_cov_49.3502_ID_253604

CONTIG: NODE_57_length_35110_cov_38.5211_ID_253606 (35110bp)
Top Length: 35110  Top ID: 99.69
		Marking as insignificant: 1119476 1120661 | 31076 29891 | 1186 1186 | 98.23 | Ecoli_ancestor_Ancestor_ NODE_57_length_35110_cov_38.5211_ID_253606
		One align captures most of this contig: 383784 418893 | 1 35110 | 35110 35110 | 99.69 | Ecoli_ancestor_Ancestor_ NODE_57_length_35110_cov_38.5211_ID_253606

CONTIG: NODE_58_length_34118_cov_48.6335_ID_253608 (34118bp)
Top Length: 24866  Top ID: 99.59
		Skipping redundant alignment 2419368 2420630 | 24874 23612 | 1263 1263 | 99.52 | Ecoli_ancestor_Ancestor_ NODE_58_length_34118_cov_48.6335_ID_253608
		Skipping redundant alignment 4022764 4024024 | 24872 23612 | 1261 1261 | 99.52 | Ecoli_ancestor_Ancestor_ NODE_58_length_34118_cov_48.6335_ID_253608
		Skipping redundant alignment 3495305 3496560 | 23612 24867 | 1256 1256 | 99.76 | Ecoli_ancestor_Ancestor_ NODE_58_length_34118_cov_48.6335_ID_253608
		Skipping redundant alignment 1403374 1403511 | 33981 34118 | 138 138 | 98.55 | Ecoli_ancestor_Ancestor_ NODE_58_length_34118_cov_48.6335_ID_253608
		Skipping redundant alignment 1594310 1594445 | 34118 33983 | 136 136 | 99.26 | Ecoli_ancestor_Ancestor_ NODE_58_length_34118_cov_48.6335_ID_253608
		Skipping redundant alignment 91293 91426 | 33985 34118 | 134 134 | 100.0 | Ecoli_ancestor_Ancestor_ NODE_58_length_34118_cov_48.6335_ID_253608
		Skipping redundant alignment 2939256 2939389 | 33985 34118 | 134 134 | 100.0 | Ecoli_ancestor_Ancestor_ NODE_58_length_34118_cov_48.6335_ID_253608
		Skipping redundant alignment 3164475 3164608 | 33985 34118 | 134 134 | 100.0 | Ecoli_ancestor_Ancestor_ NODE_58_length_34118_cov_48.6335_ID_253608
		This contig is misassembled. 10 total aligns.
			Excluding internal overlap of size 1255 between Alignment 1 and 2:  4197841 4208347 | 23612 34118 | 10507 10507 --> 4199096 4208347 | 24867 34118 | 9252 9252
			Real Alignment 1: 4274321 4299186 | 24866 1 | 24866 24866 | 99.59 | Ecoli_ancestor_Ancestor_ NODE_58_length_34118_cov_48.6335_ID_253608
			  Extensive misassembly ( relocation, inconsistency = -100091 ) between these two alignments
			Real Alignment 2: 4199096 4208347 | 24867 34118 | 9252 9252 | 99.77 | Ecoli_ancestor_Ancestor_ NODE_58_length_34118_cov_48.6335_ID_253608

CONTIG: NODE_59_length_33626_cov_38.1743_ID_253610 (33626bp)
Top Length: 33626  Top ID: 99.61
		One align captures most of this contig: 972318 1005943 | 1 33626 | 33626 33626 | 99.61 | Ecoli_ancestor_Ancestor_ NODE_59_length_33626_cov_38.1743_ID_253610

CONTIG: NODE_60_length_33362_cov_38.7176_ID_253612 (33362bp)
Top Length: 33362  Top ID: 99.6
		Marking as insignificant: 1594310 1594443 | 33362 33229 | 134 134 | 99.25 | Ecoli_ancestor_Ancestor_ NODE_60_length_33362_cov_38.7176_ID_253612
		Marking as insignificant: 4208214 4208347 | 33229 33362 | 134 134 | 100.0 | Ecoli_ancestor_Ancestor_ NODE_60_length_33362_cov_38.7176_ID_253612
		Marking as insignificant: 2939256 2939389 | 33229 33362 | 134 134 | 100.0 | Ecoli_ancestor_Ancestor_ NODE_60_length_33362_cov_38.7176_ID_253612
		Marking as insignificant: 91293 91426 | 33229 33362 | 134 134 | 100.0 | Ecoli_ancestor_Ancestor_ NODE_60_length_33362_cov_38.7176_ID_253612
		Marking as insignificant: 1403377 1403511 | 33228 33362 | 135 135 | 99.26 | Ecoli_ancestor_Ancestor_ NODE_60_length_33362_cov_38.7176_ID_253612
		One align captures most of this contig: 3131247 3164608 | 1 33362 | 33362 33362 | 99.6 | Ecoli_ancestor_Ancestor_ NODE_60_length_33362_cov_38.7176_ID_253612

CONTIG: NODE_61_length_31667_cov_39.0561_ID_253614 (31667bp)
Top Length: 31667  Top ID: 99.53
		Marking as insignificant: 1404577 1404708 | 31664 31533 | 132 132 | 98.48 | Ecoli_ancestor_Ancestor_ NODE_61_length_31667_cov_39.0561_ID_253614
		Marking as insignificant: 3165671 3165805 | 31667 31533 | 135 135 | 99.26 | Ecoli_ancestor_Ancestor_ NODE_61_length_31667_cov_39.0561_ID_253614
		Marking as insignificant: 1593113 1593247 | 31533 31667 | 135 135 | 99.26 | Ecoli_ancestor_Ancestor_ NODE_61_length_31667_cov_39.0561_ID_253614
		Marking as insignificant: 4209410 4209546 | 31667 31531 | 137 137 | 99.27 | Ecoli_ancestor_Ancestor_ NODE_61_length_31667_cov_39.0561_ID_253614
		One align captures most of this contig: 2489001 2520667 | 1 31667 | 31667 31667 | 99.53 | Ecoli_ancestor_Ancestor_ NODE_61_length_31667_cov_39.0561_ID_253614

CONTIG: NODE_63_length_28380_cov_35.1758_ID_253618 (28380bp)
Top Length: 28380  Top ID: 99.87
		Marking as insignificant: 965291 965570 | 18398 18677 | 280 280 | 96.79 | Ecoli_ancestor_Ancestor_ NODE_63_length_28380_cov_35.1758_ID_253618
		Marking as insignificant: 3057853 3058132 | 18398 18677 | 280 280 | 97.86 | Ecoli_ancestor_Ancestor_ NODE_63_length_28380_cov_35.1758_ID_253618
		One align captures most of this contig: 4333030 4361409 | 1 28380 | 28380 28380 | 99.87 | Ecoli_ancestor_Ancestor_ NODE_63_length_28380_cov_35.1758_ID_253618

CONTIG: NODE_64_length_28247_cov_41.1421_ID_253620 (28247bp)
Top Length: 28247  Top ID: 99.74
		Marking as insignificant: 824933 825210 | 27970 28247 | 278 278 | 96.04 | Ecoli_ancestor_Ancestor_ NODE_64_length_28247_cov_41.1421_ID_253620
		Marking as insignificant: 823180 823457 | 27970 28247 | 278 278 | 96.04 | Ecoli_ancestor_Ancestor_ NODE_64_length_28247_cov_41.1421_ID_253620
		Marking as insignificant: 3857533 3857810 | 27970 28247 | 278 278 | 96.76 | Ecoli_ancestor_Ancestor_ NODE_64_length_28247_cov_41.1421_ID_253620
		Marking as insignificant: 3855662 3855939 | 27970 28247 | 278 278 | 97.12 | Ecoli_ancestor_Ancestor_ NODE_64_length_28247_cov_41.1421_ID_253620
		Marking as insignificant: 824121 824519 | 26617 27015 | 399 399 | 96.24 | Ecoli_ancestor_Ancestor_ NODE_64_length_28247_cov_41.1421_ID_253620
		Marking as insignificant: 3851944 3852832 | 25704 26592 | 889 889 | 96.18 | Ecoli_ancestor_Ancestor_ NODE_64_length_28247_cov_41.1421_ID_253620
		Marking as insignificant: 3852833 3854123 | 25326 26617 | 1291 1292 | 95.28 | Ecoli_ancestor_Ancestor_ NODE_64_length_28247_cov_41.1421_ID_253620
		Marking as insignificant: 3057842 3059132 | 25326 26616 | 1291 1291 | 96.75 | Ecoli_ancestor_Ancestor_ NODE_64_length_28247_cov_41.1421_ID_253620
		One align captures most of this contig: 939955 968201 | 1 28247 | 28247 28247 | 99.74 | Ecoli_ancestor_Ancestor_ NODE_64_length_28247_cov_41.1421_ID_253620

CONTIG: NODE_66_length_25692_cov_37.7379_ID_253624 (25692bp)
Top Length: 25692  Top ID: 99.6
		One align captures most of this contig: 3167352 3193043 | 25692 1 | 25692 25692 | 99.6 | Ecoli_ancestor_Ancestor_ NODE_66_length_25692_cov_37.7379_ID_253624

CONTIG: NODE_67_length_13782_cov_37.0339_ID_253626 (13782bp)
Top Length: 13782  Top ID: 99.64
		One align captures most of this contig: 2286963 2300744 | 1 13782 | 13782 13782 | 99.64 | Ecoli_ancestor_Ancestor_ NODE_67_length_13782_cov_37.0339_ID_253626

CONTIG: NODE_68_length_13247_cov_35.5404_ID_253628 (13247bp)
Top Length: 13247  Top ID: 99.88
		One align captures most of this contig: 2940720 2953966 | 1 13247 | 13247 13247 | 99.88 | Ecoli_ancestor_Ancestor_ NODE_68_length_13247_cov_35.5404_ID_253628

CONTIG: NODE_70_length_11921_cov_35.1237_ID_253632 (11921bp)
Top Length: 11921  Top ID: 99.95
		Marking as insignificant: 3165847 3165972 | 11796 11921 | 126 126 | 96.85 | Ecoli_ancestor_Ancestor_ NODE_70_length_11921_cov_35.1237_ID_253632
		Marking as insignificant: 82108 82236 | 11793 11921 | 129 129 | 96.9 | Ecoli_ancestor_Ancestor_ NODE_70_length_11921_cov_35.1237_ID_253632
		One align captures most of this contig: 4320152 4332072 | 11921 1 | 11921 11921 | 99.95 | Ecoli_ancestor_Ancestor_ NODE_70_length_11921_cov_35.1237_ID_253632

CONTIG: NODE_71_length_9900_cov_41.7049_ID_253634 (9900bp)
Top Length: 9900  Top ID: 99.55
		Marking as insignificant: 4319043 4319223 | 236 56 | 181 181 | 98.9 | Ecoli_ancestor_Ancestor_ NODE_71_length_9900_cov_41.7049_ID_253634
		Marking as insignificant: 3166901 3167081 | 56 236 | 181 181 | 98.9 | Ecoli_ancestor_Ancestor_ NODE_71_length_9900_cov_41.7049_ID_253634
		Marking as insignificant: 83165 83361 | 56 253 | 197 198 | 98.48 | Ecoli_ancestor_Ancestor_ NODE_71_length_9900_cov_41.7049_ID_253634
		One align captures most of this contig: 4301029 4310928 | 9900 1 | 9900 9900 | 99.55 | Ecoli_ancestor_Ancestor_ NODE_71_length_9900_cov_41.7049_ID_253634

CONTIG: NODE_72_length_6860_cov_36.5506_ID_253636 (6860bp)
Top Length: 6860  Top ID: 100.0
		Marking as insignificant: 4310676 4310873 | 213 17 | 198 197 | 98.48 | Ecoli_ancestor_Ancestor_ NODE_72_length_6860_cov_36.5506_ID_253636
		Marking as insignificant: 4319043 4319239 | 197 1 | 197 197 | 98.98 | Ecoli_ancestor_Ancestor_ NODE_72_length_6860_cov_36.5506_ID_253636
		Marking as insignificant: 3166885 3167081 | 1 197 | 197 197 | 98.98 | Ecoli_ancestor_Ancestor_ NODE_72_length_6860_cov_36.5506_ID_253636
		One align captures most of this contig: 83149 90008 | 1 6860 | 6860 6860 | 100.0 | Ecoli_ancestor_Ancestor_ NODE_72_length_6860_cov_36.5506_ID_253636

CONTIG: NODE_73_length_6267_cov_37.745_ID_253638 (6267bp)
Top Length: 6267  Top ID: 99.14
		One align captures most of this contig: 4016159 4022425 | 6267 1 | 6267 6267 | 99.14 | Ecoli_ancestor_Ancestor_ NODE_73_length_6267_cov_37.745_ID_253638

CONTIG: NODE_75_length_4221_cov_36.0737_ID_253642 (4221bp)
Top Length: 4221  Top ID: 99.83
		One align captures most of this contig: 3124782 3129002 | 1 4221 | 4221 4221 | 99.83 | Ecoli_ancestor_Ancestor_ NODE_75_length_4221_cov_36.0737_ID_253642

CONTIG: NODE_76_length_4174_cov_37.6419_ID_253644 (4174bp)
Top Length: 4174  Top ID: 99.98
		Marking as insignificant: 4540651 4540756 | 106 1 | 106 106 | 100.0 | Ecoli_ancestor_Ancestor_ NODE_76_length_4174_cov_37.6419_ID_253644
		Marking as insignificant: 4332791 4332896 | 1 106 | 106 106 | 100.0 | Ecoli_ancestor_Ancestor_ NODE_76_length_4174_cov_37.6419_ID_253644
		Marking as insignificant: 1006608 1006714 | 107 1 | 107 107 | 100.0 | Ecoli_ancestor_Ancestor_ NODE_76_length_4174_cov_37.6419_ID_253644
		One align captures most of this contig: 4311536 4315709 | 1 4174 | 4174 4174 | 99.98 | Ecoli_ancestor_Ancestor_ NODE_76_length_4174_cov_37.6419_ID_253644

CONTIG: NODE_77_length_1840_cov_408.443_ID_253646 (1840bp)
Top Length: 1840  Top ID: 99.73
		This contig has 7 significant alignments. [An ambiguously mapped contig]
		Using only first of these alignment (option --ambiguity-usage is set to "one"):
		Alignment: 420012 421849 | 1840 1 | 1838 1840 | 99.73 | Ecoli_ancestor_Ancestor_ NODE_77_length_1840_cov_408.443_ID_253646
		Skipping alignment  378610 380447 | 1840 1 | 1838 1840 | 99.57 | Ecoli_ancestor_Ancestor_ NODE_77_length_1840_cov_408.443_ID_253646
		Skipping alignment  1861934 1863771 | 1 1840 | 1838 1840 | 99.51 | Ecoli_ancestor_Ancestor_ NODE_77_length_1840_cov_408.443_ID_253646
		Skipping alignment  551133 552969 | 1840 3 | 1837 1838 | 99.18 | Ecoli_ancestor_Ancestor_ NODE_77_length_1840_cov_408.443_ID_253646
		Skipping alignment  1164335 1166172 | 1 1840 | 1838 1840 | 98.97 | Ecoli_ancestor_Ancestor_ NODE_77_length_1840_cov_408.443_ID_253646
		Skipping alignment  4362894 4364731 | 1840 1 | 1838 1840 | 98.97 | Ecoli_ancestor_Ancestor_ NODE_77_length_1840_cov_408.443_ID_253646
		Skipping alignment  644949 646786 | 1840 1 | 1838 1840 | 98.8 | Ecoli_ancestor_Ancestor_ NODE_77_length_1840_cov_408.443_ID_253646

CONTIG: NODE_78_length_1830_cov_65.027_ID_253648 (1830bp)
Top Length: 1830  Top ID: 99.67
		One align captures most of this contig: 2521730 2523559 | 1830 1 | 1830 1830 | 99.67 | Ecoli_ancestor_Ancestor_ NODE_78_length_1830_cov_65.027_ID_253648

CONTIG: NODE_79_length_1762_cov_57.123_ID_253650 (1762bp)
Top Length: 1762  Top ID: 99.6
		One align captures most of this contig: 548252 550013 | 1 1762 | 1762 1762 | 99.6 | Ecoli_ancestor_Ancestor_ NODE_79_length_1762_cov_57.123_ID_253650

CONTIG: NODE_80_length_1692_cov_145.586_ID_253652 (1692bp)
Top Length: 1692  Top ID: 100.0
		Marking as insignificant: 2524195 2524648 | 1 454 | 454 454 | 98.68 | Ecoli_ancestor_Ancestor_ NODE_80_length_1692_cov_145.586_ID_253652
		Marking as insignificant: 4316399 4316853 | 1 455 | 455 455 | 99.34 | Ecoli_ancestor_Ancestor_ NODE_80_length_1692_cov_145.586_ID_253652
		Marking as insignificant: 2488605 2489059 | 1 455 | 455 455 | 99.34 | Ecoli_ancestor_Ancestor_ NODE_80_length_1692_cov_145.586_ID_253652
		Marking as insignificant: 4015763 4016218 | 1 456 | 456 456 | 99.34 | Ecoli_ancestor_Ancestor_ NODE_80_length_1692_cov_145.586_ID_253652
		Marking as insignificant: 3902503 3902957 | 1 455 | 455 455 | 99.56 | Ecoli_ancestor_Ancestor_ NODE_80_length_1692_cov_145.586_ID_253652
		Marking as insignificant: 3193562 3194016 | 455 1 | 455 455 | 99.56 | Ecoli_ancestor_Ancestor_ NODE_80_length_1692_cov_145.586_ID_253652
		Marking as insignificant: 1224798 1225252 | 1 455 | 455 455 | 99.56 | Ecoli_ancestor_Ancestor_ NODE_80_length_1692_cov_145.586_ID_253652
		Marking as insignificant: 1459458 1459914 | 457 1 | 457 457 | 99.56 | Ecoli_ancestor_Ancestor_ NODE_80_length_1692_cov_145.586_ID_253652
		Marking as insignificant: 2301435 2301892 | 1 458 | 458 458 | 99.56 | Ecoli_ancestor_Ancestor_ NODE_80_length_1692_cov_145.586_ID_253652
		Marking as insignificant: 3290105 3290561 | 457 1 | 457 457 | 99.78 | Ecoli_ancestor_Ancestor_ NODE_80_length_1692_cov_145.586_ID_253652
		One align captures most of this contig: 938318 940009 | 1 1692 | 1692 1692 | 100.0 | Ecoli_ancestor_Ancestor_ NODE_80_length_1692_cov_145.586_ID_253652

CONTIG: NODE_81_length_1519_cov_58.0581_ID_253654 (1519bp)
Top Length: 1519  Top ID: 98.88
		One align captures most of this contig: 3123097 3124615 | 1 1519 | 1519 1519 | 98.88 | Ecoli_ancestor_Ancestor_ NODE_81_length_1519_cov_58.0581_ID_253654

CONTIG: NODE_83_length_1301_cov_46.4037_ID_253658 (1301bp)
Top Length: 1301  Top ID: 100.0
		Marking as insignificant: 967924 968293 | 370 1 | 370 370 | 95.95 | Ecoli_ancestor_Ancestor_ NODE_83_length_1301_cov_46.4037_ID_253658
		Marking as insignificant: 824909 825302 | 394 1 | 394 394 | 95.94 | Ecoli_ancestor_Ancestor_ NODE_83_length_1301_cov_46.4037_ID_253658
		One align captures most of this contig: 3856602 3857902 | 1301 1 | 1301 1301 | 100.0 | Ecoli_ancestor_Ancestor_ NODE_83_length_1301_cov_46.4037_ID_253658

CONTIG: NODE_85_length_1114_cov_79.5921_ID_253662 (1114bp)
Top Length: 1114  Top ID: 99.55
		Marking as insignificant: 1161802 1161950 | 147 1 | 149 147 | 97.99 | Ecoli_ancestor_Ancestor_ NODE_85_length_1114_cov_79.5921_ID_253662
		Marking as insignificant: 382749 382961 | 1 215 | 213 215 | 98.14 | Ecoli_ancestor_Ancestor_ NODE_85_length_1114_cov_79.5921_ID_253662
		One align captures most of this contig: 4367125 4368238 | 1 1114 | 1114 1114 | 99.55 | Ecoli_ancestor_Ancestor_ NODE_85_length_1114_cov_79.5921_ID_253662

CONTIG: NODE_86_length_1070_cov_70.403_ID_253664 (1070bp)
Top Length: 1070  Top ID: 98.5
		Marking as insignificant: 2939256 2939389 | 134 1 | 134 134 | 99.25 | Ecoli_ancestor_Ancestor_ NODE_86_length_1070_cov_70.403_ID_253664
		Marking as insignificant: 1594310 1594443 | 1 134 | 134 134 | 99.25 | Ecoli_ancestor_Ancestor_ NODE_86_length_1070_cov_70.403_ID_253664
		Marking as insignificant: 91293 91426 | 134 1 | 134 134 | 99.25 | Ecoli_ancestor_Ancestor_ NODE_86_length_1070_cov_70.403_ID_253664
		Marking as insignificant: 3164474 3164608 | 135 1 | 135 135 | 99.26 | Ecoli_ancestor_Ancestor_ NODE_86_length_1070_cov_70.403_ID_253664
		Marking as insignificant: 4208210 4208347 | 138 1 | 138 138 | 98.55 | Ecoli_ancestor_Ancestor_ NODE_86_length_1070_cov_70.403_ID_253664
		One align captures most of this contig: 1402442 1403511 | 1070 1 | 1070 1070 | 98.5 | Ecoli_ancestor_Ancestor_ NODE_86_length_1070_cov_70.403_ID_253664

CONTIG: NODE_87_length_1029_cov_131.391_ID_253666 (1029bp)
Top Length: 1029  Top ID: 99.81
		This contig has 2 significant alignments. [An ambiguously mapped contig]
		Using only first of these alignment (option --ambiguity-usage is set to "one"):
		Alignment: 3129362 3130390 | 1029 1 | 1029 1029 | 99.81 | Ecoli_ancestor_Ancestor_ NODE_87_length_1029_cov_131.391_ID_253666
		Skipping alignment  2956305 2957333 | 1029 1 | 1029 1029 | 99.22 | Ecoli_ancestor_Ancestor_ NODE_87_length_1029_cov_131.391_ID_253666

CONTIG: NODE_89_length_1022_cov_196.639_ID_253670 (1022bp)
Top Length: 1022  Top ID: 99.9
		Marking as insignificant: 4319185 4320206 | 1022 1 | 1022 1022 | 98.73 | Ecoli_ancestor_Ancestor_ NODE_89_length_1022_cov_196.639_ID_253670
		This contig has 2 significant alignments. [An ambiguously mapped contig]
		Using only first of these alignment (option --ambiguity-usage is set to "one"):
		Alignment: 82182 83203 | 1 1022 | 1022 1022 | 99.9 | Ecoli_ancestor_Ancestor_ NODE_89_length_1022_cov_196.639_ID_253670
		Skipping alignment  3165918 3166939 | 1 1022 | 1022 1022 | 99.51 | Ecoli_ancestor_Ancestor_ NODE_89_length_1022_cov_196.639_ID_253670

CONTIG: NODE_91_length_958_cov_392.916_ID_253674 (958bp)
Top Length: 958  Top ID: 99.69
		Marking as insignificant: 644047 645003 | 1 958 | 957 958 | 98.54 | Ecoli_ancestor_Ancestor_ NODE_91_length_958_cov_392.916_ID_253674
		This contig has 6 significant alignments. [An ambiguously mapped contig]
		Using only first of these alignment (option --ambiguity-usage is set to "one"):
		Alignment: 419110 420066 | 1 958 | 957 958 | 99.69 | Ecoli_ancestor_Ancestor_ NODE_91_length_958_cov_392.916_ID_253674
		Skipping alignment  1863717 1864673 | 958 1 | 957 958 | 99.58 | Ecoli_ancestor_Ancestor_ NODE_91_length_958_cov_392.916_ID_253674
		Skipping alignment  550230 551187 | 1 958 | 958 958 | 99.37 | Ecoli_ancestor_Ancestor_ NODE_91_length_958_cov_392.916_ID_253674
		Skipping alignment  377707 378664 | 1 958 | 958 958 | 99.16 | Ecoli_ancestor_Ancestor_ NODE_91_length_958_cov_392.916_ID_253674
		Skipping alignment  1166118 1167074 | 958 1 | 957 958 | 99.06 | Ecoli_ancestor_Ancestor_ NODE_91_length_958_cov_392.916_ID_253674
		Skipping alignment  4361991 4362948 | 1 958 | 958 958 | 99.06 | Ecoli_ancestor_Ancestor_ NODE_91_length_958_cov_392.916_ID_253674

CONTIG: NODE_92_length_936_cov_46.319_ID_253676 (936bp)
Top Length: 936  Top ID: 100.0
		One align captures most of this contig: 1460542 1461477 | 936 1 | 936 936 | 100.0 | Ecoli_ancestor_Ancestor_ NODE_92_length_936_cov_46.319_ID_253676

CONTIG: NODE_93_length_892_cov_31.2903_ID_253678 (892bp)
Top Length: 892  Top ID: 100.0
		One align captures most of this contig: 2954911 2955802 | 892 1 | 892 892 | 100.0 | Ecoli_ancestor_Ancestor_ NODE_93_length_892_cov_31.2903_ID_253678

CONTIG: NODE_99_length_667_cov_443.866_ID_253690 (667bp)
Top Length: 667  Top ID: 99.55
		This contig has 7 significant alignments. [An ambiguously mapped contig]
		Using only first of these alignment (option --ambiguity-usage is set to "one"):
		Alignment: 1006660 1007326 | 667 1 | 667 667 | 99.55 | Ecoli_ancestor_Ancestor_ NODE_99_length_667_cov_443.866_ID_253690
		Skipping alignment  2605283 2605949 | 667 1 | 667 667 | 99.25 | Ecoli_ancestor_Ancestor_ NODE_99_length_667_cov_443.866_ID_253690
		Skipping alignment  4332179 4332845 | 1 667 | 667 667 | 99.25 | Ecoli_ancestor_Ancestor_ NODE_99_length_667_cov_443.866_ID_253690
		Skipping alignment  3540310 3540976 | 667 1 | 667 667 | 99.1 | Ecoli_ancestor_Ancestor_ NODE_99_length_667_cov_443.866_ID_253690
		Skipping alignment  4299453 4300119 | 1 667 | 667 667 | 98.8 | Ecoli_ancestor_Ancestor_ NODE_99_length_667_cov_443.866_ID_253690
		Skipping alignment  4310924 4311590 | 1 667 | 667 667 | 98.8 | Ecoli_ancestor_Ancestor_ NODE_99_length_667_cov_443.866_ID_253690
		Skipping alignment  4540702 4541368 | 667 1 | 667 667 | 98.65 | Ecoli_ancestor_Ancestor_ NODE_99_length_667_cov_443.866_ID_253690

CONTIG: NODE_100_length_635_cov_192.366_ID_253692 (635bp)
Top Length: 635  Top ID: 99.06
		Marking as insignificant: 3859058 3859692 | 1 635 | 635 635 | 97.48 | Ecoli_ancestor_Ancestor_ NODE_100_length_635_cov_192.366_ID_253692
		This contig has 2 significant alignments. [An ambiguously mapped contig]
		Using only first of these alignment (option --ambiguity-usage is set to "one"):
		Alignment: 969449 970083 | 1 635 | 635 635 | 99.06 | Ecoli_ancestor_Ancestor_ NODE_100_length_635_cov_192.366_ID_253692
		Skipping alignment  826458 827092 | 1 635 | 635 635 | 98.9 | Ecoli_ancestor_Ancestor_ NODE_100_length_635_cov_192.366_ID_253692

CONTIG: NODE_101_length_633_cov_69.7855_ID_253694 (633bp)
Top Length: 633  Top ID: 98.74
		One align captures most of this contig: 2286385 2287017 | 1 633 | 633 633 | 98.74 | Ecoli_ancestor_Ancestor_ NODE_101_length_633_cov_69.7855_ID_253694

CONTIG: NODE_102_length_630_cov_98.1965_ID_253696 (630bp)
Top Length: 630  Top ID: 100.0
		Marking as insignificant: 3164475 3164608 | 134 1 | 134 134 | 99.25 | Ecoli_ancestor_Ancestor_ NODE_102_length_630_cov_98.1965_ID_253696
		Marking as insignificant: 2939256 2939389 | 134 1 | 134 134 | 99.25 | Ecoli_ancestor_Ancestor_ NODE_102_length_630_cov_98.1965_ID_253696
		Marking as insignificant: 1403378 1403511 | 134 1 | 134 134 | 99.25 | Ecoli_ancestor_Ancestor_ NODE_102_length_630_cov_98.1965_ID_253696
		Marking as insignificant: 91293 91426 | 134 1 | 134 134 | 99.25 | Ecoli_ancestor_Ancestor_ NODE_102_length_630_cov_98.1965_ID_253696
		Marking as insignificant: 4208212 4208347 | 136 1 | 136 136 | 99.26 | Ecoli_ancestor_Ancestor_ NODE_102_length_630_cov_98.1965_ID_253696
		One align captures most of this contig: 1594310 1594939 | 1 630 | 630 630 | 100.0 | Ecoli_ancestor_Ancestor_ NODE_102_length_630_cov_98.1965_ID_253696

CONTIG: NODE_103_length_627_cov_360.295_ID_253698 (627bp)
Top Length: 627  Top ID: 100.0
		This contig has 7 significant alignments. [An ambiguously mapped contig]
		Using only first of these alignment (option --ambiguity-usage is set to "one"):
		Alignment: 1403457 1404083 | 1 627 | 627 627 | 100.0 | Ecoli_ancestor_Ancestor_ NODE_103_length_627_cov_360.295_ID_253698
		Skipping alignment  3164554 3165180 | 1 627 | 627 627 | 99.84 | Ecoli_ancestor_Ancestor_ NODE_103_length_627_cov_360.295_ID_253698
		Skipping alignment  91372 91998 | 1 627 | 627 627 | 99.68 | Ecoli_ancestor_Ancestor_ NODE_103_length_627_cov_360.295_ID_253698
		Skipping alignment  1593738 1594364 | 627 1 | 627 627 | 99.68 | Ecoli_ancestor_Ancestor_ NODE_103_length_627_cov_360.295_ID_253698
		Skipping alignment  2939335 2939961 | 1 627 | 627 627 | 99.68 | Ecoli_ancestor_Ancestor_ NODE_103_length_627_cov_360.295_ID_253698
		Skipping alignment  4208293 4208919 | 1 627 | 627 627 | 99.68 | Ecoli_ancestor_Ancestor_ NODE_103_length_627_cov_360.295_ID_253698
		Skipping alignment  2521158 2521784 | 627 1 | 627 627 | 99.2 | Ecoli_ancestor_Ancestor_ NODE_103_length_627_cov_360.295_ID_253698

CONTIG: NODE_105_length_600_cov_320.286_ID_253702 (600bp)
Top Length: 600  Top ID: 99.83
		This contig has 6 significant alignments. [An ambiguously mapped contig]
		Using only first of these alignment (option --ambiguity-usage is set to "one"):
		Alignment: 2520613 2521212 | 1 600 | 600 600 | 99.83 | Ecoli_ancestor_Ancestor_ NODE_105_length_600_cov_320.286_ID_253702
		Skipping alignment  1404029 1404628 | 600 1 | 600 600 | 99.67 | Ecoli_ancestor_Ancestor_ NODE_105_length_600_cov_320.286_ID_253702
		Skipping alignment  3165126 3165725 | 600 1 | 600 600 | 99.67 | Ecoli_ancestor_Ancestor_ NODE_105_length_600_cov_320.286_ID_253702
		Skipping alignment  91944 92543 | 600 1 | 600 600 | 99.33 | Ecoli_ancestor_Ancestor_ NODE_105_length_600_cov_320.286_ID_253702
		Skipping alignment  1593193 1593792 | 1 600 | 600 600 | 99.33 | Ecoli_ancestor_Ancestor_ NODE_105_length_600_cov_320.286_ID_253702
		Skipping alignment  4208865 4209464 | 600 1 | 600 600 | 99.33 | Ecoli_ancestor_Ancestor_ NODE_105_length_600_cov_320.286_ID_253702

CONTIG: NODE_107_length_520_cov_91.9613_ID_253706 (520bp)
Top Length: 517  Top ID: 97.49
		Marking as insignificant: 2520533 2520667 | 135 1 | 135 135 | 98.52 | Ecoli_ancestor_Ancestor_ NODE_107_length_520_cov_91.9613_ID_253706
		Marking as insignificant: 92489 92623 | 1 135 | 135 135 | 98.52 | Ecoli_ancestor_Ancestor_ NODE_107_length_520_cov_91.9613_ID_253706
		Marking as insignificant: 3165671 3165806 | 1 136 | 136 136 | 99.26 | Ecoli_ancestor_Ancestor_ NODE_107_length_520_cov_91.9613_ID_253706
		Marking as insignificant: 1593112 1593247 | 136 1 | 136 136 | 99.26 | Ecoli_ancestor_Ancestor_ NODE_107_length_520_cov_91.9613_ID_253706
		Marking as insignificant: 4209410 4209548 | 1 139 | 139 139 | 98.56 | Ecoli_ancestor_Ancestor_ NODE_107_length_520_cov_91.9613_ID_253706
		One align captures most of this contig: 1404577 1405093 | 4 520 | 517 517 | 97.49 | Ecoli_ancestor_Ancestor_ NODE_107_length_520_cov_91.9613_ID_253706

Analyzing coverage...
Writing SNPs into /net/metagenomics/projects/afritz_assemblies/Similarity_Experiment/Ecoli_OneTree/metaquast_strain_spades_c/Ecoli_0925/runs_per_reference/Ecoli_ancestor/contigs_reports/nucmer_output/contigs.used_snps
	Reference Ecoli_ancestor_Ancestor_: 78 total alignments. 1 total regions.
		Region: 1 to 4641652 (4641652 bp)
			START in gap: 1 to 220 (219 bp)
			Align 1: 220 81925 NODE_39_length_81706_cov_37.8082_ID_253572 1 81706
				Gap between this and next alignment: 81925 to 82182 (256 bp)
				Next Alignment: 82182 83203 NODE_89_length_1022_cov_196.639_ID_253670 1 1022

			Align 2: 82182 83203 NODE_89_length_1022_cov_196.639_ID_253670 1 1022
				Negative gap (overlap) between this and next alignment: 83203 to 83149 (-54 bp)
				Next Alignment: 83149 90008 NODE_72_length_6860_cov_36.5506_ID_253636 1 6860

			Previous gap was negative, modifying coordinates to ignore overlap
				Moving contig start from 1 to 56.
			Align 3: 83204 90008 NODE_72_length_6860_cov_36.5506_ID_253636 56 6860
				Gap between this and next alignment: 90008 to 93084 (3075 bp)
				Next Alignment: 93084 294817 NODE_15_length_201734_cov_37.1886_ID_253526 201734 1

			Align 4: 93084 294817 NODE_15_length_201734_cov_37.1886_ID_253526 201734 1
				Gap between this and next alignment: 294817 to 294897 (79 bp)
				Next Alignment: 294897 377369 NODE_38_length_82473_cov_37.7463_ID_253570 1 82473

			Align 5: 294897 377369 NODE_38_length_82473_cov_37.7463_ID_253570 1 82473
				Gap between this and next alignment: 377369 to 383784 (6414 bp)
				Next Alignment: 383784 418893 NODE_57_length_35110_cov_38.5211_ID_253606 1 35110

			Align 6: 383784 418893 NODE_57_length_35110_cov_38.5211_ID_253606 1 35110
				Gap between this and next alignment: 418893 to 419110 (216 bp)
				Next Alignment: 419110 420066 NODE_91_length_958_cov_392.916_ID_253674 1 958

			Align 7: 419110 420066 NODE_91_length_958_cov_392.916_ID_253674 1 958
				Negative gap (overlap) between this and next alignment: 420066 to 420012 (-54 bp)
				Next Alignment: 420012 421849 NODE_77_length_1840_cov_408.443_ID_253646 1840 1

			Previous gap was negative, modifying coordinates to ignore overlap
				Moving contig start from 1840 to 1785.
			Align 8: 420067 421849 NODE_77_length_1840_cov_408.443_ID_253646 1785 1
				Gap between this and next alignment: 421849 to 424760 (2910 bp)
				Next Alignment: 424760 548306 NODE_29_length_123547_cov_36.5905_ID_253552 123547 1

			Align 9: 424760 548306 NODE_29_length_123547_cov_36.5905_ID_253552 123547 1
				Negative gap (overlap) between this and next alignment: 548306 to 548252 (-54 bp)
				Next Alignment: 548252 550013 NODE_79_length_1762_cov_57.123_ID_253650 1 1762

			Previous gap was negative, modifying coordinates to ignore overlap
				Moving contig start from 1 to 56.
			Align 10: 548307 550013 NODE_79_length_1762_cov_57.123_ID_253650 56 1762
				Gap between this and next alignment: 550013 to 556322 (6308 bp)
				Next Alignment: 556322 644034 NODE_37_length_87713_cov_37.0635_ID_253568 87713 1

			Align 11: 556322 644034 NODE_37_length_87713_cov_37.0635_ID_253568 87713 1
				Gap between this and next alignment: 644034 to 650245 (6210 bp)
				Next Alignment: 650245 825031 NODE_20_length_174787_cov_37.2744_ID_253536 1 174787

			Align 12: 650245 825031 NODE_20_length_174787_cov_37.2744_ID_253536 1 174787
				Gap between this and next alignment: 825031 to 828661 (3629 bp)
				Next Alignment: 828661 937682 NODE_31_length_109022_cov_38.4421_ID_253556 1 109022

			Align 13: 828661 937682 NODE_31_length_109022_cov_38.4421_ID_253556 1 109022
				The next alignment (896341 898207 NODE_3_length_401996_cov_41.441_ID_253498 120042 118176) is redundant. Skipping.
				Gap between this and next alignment: 937682 to 938318 (635 bp)
				Next Alignment: 938318 940009 NODE_80_length_1692_cov_145.586_ID_253652 1 1692

			Align 15: 938318 940009 NODE_80_length_1692_cov_145.586_ID_253652 1 1692
				Negative gap (overlap) between this and next alignment: 940009 to 939955 (-54 bp)
				Next Alignment: 939955 968201 NODE_64_length_28247_cov_41.1421_ID_253620 1 28247

			Previous gap was negative, modifying coordinates to ignore overlap
				Moving contig start from 1 to 56.
			Align 16: 940010 968201 NODE_64_length_28247_cov_41.1421_ID_253620 56 28247
				The next alignment (941773 943047 NODE_3_length_401996_cov_41.441_ID_253498 236158 234884) is redundant. Skipping.
				Gap between this and next alignment: 968201 to 969449 (1247 bp)
				Next Alignment: 969449 970083 NODE_100_length_635_cov_192.366_ID_253692 1 635

			Align 18: 969449 970083 NODE_100_length_635_cov_192.366_ID_253692 1 635
				Gap between this and next alignment: 970083 to 972318 (2234 bp)
				Next Alignment: 972318 1005943 NODE_59_length_33626_cov_38.1743_ID_253610 1 33626

			Align 19: 972318 1005943 NODE_59_length_33626_cov_38.1743_ID_253610 1 33626
				Gap between this and next alignment: 1005943 to 1006660 (716 bp)
				Next Alignment: 1006660 1007326 NODE_99_length_667_cov_443.866_ID_253690 667 1

			Align 20: 1006660 1007326 NODE_99_length_667_cov_443.866_ID_253690 667 1
				Negative gap (overlap) between this and next alignment: 1007326 to 1007322 (-4 bp)
				Next Alignment: 1007322 1161950 NODE_24_length_154629_cov_38.1271_ID_253542 1 154629

			Previous gap was negative, modifying coordinates to ignore overlap
				Moving contig start from 1 to 6.
			Align 21: 1007327 1161950 NODE_24_length_154629_cov_38.1271_ID_253542 6 154629
				Gap between this and next alignment: 1161950 to 1167655 (5704 bp)
				Next Alignment: 1167655 1223127 NODE_49_length_55473_cov_38.3947_ID_253590 1 55473

			Align 22: 1167655 1223127 NODE_49_length_55473_cov_38.3947_ID_253590 1 55473
				Gap between this and next alignment: 1223127 to 1225198 (2070 bp)
				Next Alignment: 1225198 1402496 NODE_18_length_177299_cov_36.6621_ID_253532 1 177299

			Align 23: 1225198 1402496 NODE_18_length_177299_cov_36.6621_ID_253532 1 177299
				Negative gap (overlap) between this and next alignment: 1402496 to 1402442 (-54 bp)
				Next Alignment: 1402442 1403511 NODE_86_length_1070_cov_70.403_ID_253664 1070 1

			Previous gap was negative, modifying coordinates to ignore overlap
				Moving contig start from 1070 to 1015.
			Align 24: 1402497 1403511 NODE_86_length_1070_cov_70.403_ID_253664 1015 1
				Negative gap (overlap) between this and next alignment: 1403511 to 1403457 (-54 bp)
				Next Alignment: 1403457 1404083 NODE_103_length_627_cov_360.295_ID_253698 1 627

			Previous gap was negative, modifying coordinates to ignore overlap
				Moving contig start from 1 to 56.
			Align 25: 1403512 1404083 NODE_103_length_627_cov_360.295_ID_253698 56 627
				Gap between this and next alignment: 1404083 to 1404577 (493 bp)
				Next Alignment: 1404577 1405093 NODE_107_length_520_cov_91.9613_ID_253706 4 520

			Align 26: 1404577 1405093 NODE_107_length_520_cov_91.9613_ID_253706 4 520
				Negative gap (overlap) between this and next alignment: 1405093 to 1405039 (-54 bp)
				Next Alignment: 1405039 1459514 NODE_50_length_54476_cov_38.4544_ID_253592 1 54476

			Previous gap was negative, modifying coordinates to ignore overlap
				Moving contig start from 1 to 56.
			Align 27: 1405094 1459514 NODE_50_length_54476_cov_38.4544_ID_253592 56 54476
				Gap between this and next alignment: 1459514 to 1460542 (1027 bp)
				Next Alignment: 1460542 1461477 NODE_92_length_936_cov_46.319_ID_253676 936 1

			Align 28: 1460542 1461477 NODE_92_length_936_cov_46.319_ID_253676 936 1
				Negative gap (overlap) between this and next alignment: 1461477 to 1461423 (-54 bp)
				Next Alignment: 1461423 1593247 NODE_26_length_131825_cov_37.8239_ID_253546 1 131825

			Previous gap was negative, modifying coordinates to ignore overlap
				Moving contig start from 1 to 56.
			Align 29: 1461478 1593247 NODE_26_length_131825_cov_37.8239_ID_253546 56 131825
				Gap between this and next alignment: 1593247 to 1594310 (1062 bp)
				Next Alignment: 1594310 1594939 NODE_102_length_630_cov_98.1965_ID_253696 1 630

			Align 30: 1594310 1594939 NODE_102_length_630_cov_98.1965_ID_253696 1 630
				Negative gap (overlap) between this and next alignment: 1594939 to 1594885 (-54 bp)
				Next Alignment: 1594885 1859373 NODE_10_length_264490_cov_37.9378_ID_253512 264490 1

			Previous gap was negative, modifying coordinates to ignore overlap
				Moving contig start from 264490 to 264435.
			Align 31: 1594940 1859373 NODE_10_length_264490_cov_37.9378_ID_253512 264435 1
				Gap between this and next alignment: 1859373 to 1864686 (5312 bp)
				Next Alignment: 1864686 2075241 NODE_12_length_210558_cov_37.2787_ID_253520 210558 1

			Align 32: 1864686 2075241 NODE_12_length_210558_cov_37.2787_ID_253520 210558 1
				Gap between this and next alignment: 2075241 to 2077703 (2461 bp)
				Next Alignment: 2077703 2286111 NODE_13_length_208409_cov_38.009_ID_253522 208409 1

			Align 33: 2077703 2286111 NODE_13_length_208409_cov_38.009_ID_253522 208409 1
				Gap between this and next alignment: 2286111 to 2286385 (273 bp)
				Next Alignment: 2286385 2287017 NODE_101_length_633_cov_69.7855_ID_253694 1 633

			Align 34: 2286385 2287017 NODE_101_length_633_cov_69.7855_ID_253694 1 633
				Negative gap (overlap) between this and next alignment: 2287017 to 2286963 (-54 bp)
				Next Alignment: 2286963 2300744 NODE_67_length_13782_cov_37.0339_ID_253626 1 13782

			Previous gap was negative, modifying coordinates to ignore overlap
				Moving contig start from 1 to 56.
			Align 35: 2287018 2300744 NODE_67_length_13782_cov_37.0339_ID_253626 56 13782
				Gap between this and next alignment: 2300744 to 2301831 (1086 bp)
				Next Alignment: 2301831 2419433 NODE_30_length_117603_cov_38.2111_ID_253554 117603 1

			Align 36: 2301831 2419433 NODE_30_length_117603_cov_38.2111_ID_253554 117603 1
				Gap between this and next alignment: 2419433 to 2420581 (1147 bp)
				Next Alignment: 2420581 2487915 NODE_42_length_67335_cov_37.7947_ID_253578 1 67335

			Align 37: 2420581 2487915 NODE_42_length_67335_cov_37.7947_ID_253578 1 67335
				Gap between this and next alignment: 2487915 to 2489001 (1085 bp)
				Next Alignment: 2489001 2520667 NODE_61_length_31667_cov_39.0561_ID_253614 1 31667

			Align 38: 2489001 2520667 NODE_61_length_31667_cov_39.0561_ID_253614 1 31667
				Negative gap (overlap) between this and next alignment: 2520667 to 2520613 (-54 bp)
				Next Alignment: 2520613 2521212 NODE_105_length_600_cov_320.286_ID_253702 1 600

			Previous gap was negative, modifying coordinates to ignore overlap
				Moving contig start from 1 to 56.
			Align 39: 2520668 2521212 NODE_105_length_600_cov_320.286_ID_253702 56 600
				Gap between this and next alignment: 2521212 to 2521730 (517 bp)
				Next Alignment: 2521730 2523559 NODE_78_length_1830_cov_65.027_ID_253648 1830 1

			Align 40: 2521730 2523559 NODE_78_length_1830_cov_65.027_ID_253648 1830 1
				Gap between this and next alignment: 2523559 to 2524575 (1015 bp)
				Next Alignment: 2524575 2604123 NODE_40_length_79549_cov_36.8131_ID_253574 79549 1

			Align 41: 2524575 2604123 NODE_40_length_79549_cov_36.8131_ID_253574 79549 1
				Gap between this and next alignment: 2604123 to 2607102 (2978 bp)
				Next Alignment: 2607102 2882045 NODE_9_length_274944_cov_37.4_ID_253510 274944 1

			Align 42: 2607102 2882045 NODE_9_length_274944_cov_37.4_ID_253510 274944 1
				Gap between this and next alignment: 2882045 to 2882087 (41 bp)
				Next Alignment: 2882087 2938392 NODE_47_length_56306_cov_37.5689_ID_253586 56306 1

			Align 43: 2882087 2938392 NODE_47_length_56306_cov_37.5689_ID_253586 56306 1
				Gap between this and next alignment: 2938392 to 2940720 (2327 bp)
				Next Alignment: 2940720 2953966 NODE_68_length_13247_cov_35.5404_ID_253628 1 13247

			Align 44: 2940720 2953966 NODE_68_length_13247_cov_35.5404_ID_253628 1 13247
				Gap between this and next alignment: 2953966 to 2954911 (944 bp)
				Next Alignment: 2954911 2955802 NODE_93_length_892_cov_31.2903_ID_253678 892 1

			Align 45: 2954911 2955802 NODE_93_length_892_cov_31.2903_ID_253678 892 1
				Gap between this and next alignment: 2955802 to 2958190 (2387 bp)
				Next Alignment: 2958190 3038602 NODE_22_length_165140_cov_38.5755_ID_253540 165140 84728

			Align 46: 2958190 3038602 NODE_22_length_165140_cov_38.5755_ID_253540 165140 84728
				Negative gap (overlap) between this and next alignment: 3038602 to 3038425 (-177 bp)
				Next Alignment: 3038425 3123151 NODE_22_length_165140_cov_38.5755_ID_253540 84727 1

			Previous gap was negative, modifying coordinates to ignore overlap
				Moving contig start from 84727 to 84549.
			Align 47: 3038603 3123151 NODE_22_length_165140_cov_38.5755_ID_253540 84549 1
				Negative gap (overlap) between this and next alignment: 3123151 to 3123097 (-54 bp)
				Next Alignment: 3123097 3124615 NODE_81_length_1519_cov_58.0581_ID_253654 1 1519

			Previous gap was negative, modifying coordinates to ignore overlap
				Moving contig start from 1 to 56.
			Align 48: 3123152 3124615 NODE_81_length_1519_cov_58.0581_ID_253654 56 1519
				Gap between this and next alignment: 3124615 to 3124782 (166 bp)
				Next Alignment: 3124782 3129002 NODE_75_length_4221_cov_36.0737_ID_253642 1 4221

			Align 49: 3124782 3129002 NODE_75_length_4221_cov_36.0737_ID_253642 1 4221
				Gap between this and next alignment: 3129002 to 3129362 (359 bp)
				Next Alignment: 3129362 3130390 NODE_87_length_1029_cov_131.391_ID_253666 1029 1

			Align 50: 3129362 3130390 NODE_87_length_1029_cov_131.391_ID_253666 1029 1
				Gap between this and next alignment: 3130390 to 3131247 (856 bp)
				Next Alignment: 3131247 3164608 NODE_60_length_33362_cov_38.7176_ID_253612 1 33362

			Align 51: 3131247 3164608 NODE_60_length_33362_cov_38.7176_ID_253612 1 33362
				Gap between this and next alignment: 3164608 to 3167352 (2743 bp)
				Next Alignment: 3167352 3193043 NODE_66_length_25692_cov_37.7379_ID_253624 25692 1

			Align 52: 3167352 3193043 NODE_66_length_25692_cov_37.7379_ID_253624 25692 1
				Gap between this and next alignment: 3193043 to 3194706 (1662 bp)
				Next Alignment: 3194706 3289175 NODE_36_length_94470_cov_37.2631_ID_253566 94470 1

			Align 53: 3194706 3289175 NODE_36_length_94470_cov_37.2631_ID_253566 94470 1
				Gap between this and next alignment: 3289175 to 3291738 (2562 bp)
				Next Alignment: 3291738 3495355 NODE_14_length_203618_cov_37.7994_ID_253524 1 203618

			Align 54: 3291738 3495355 NODE_14_length_203618_cov_37.7994_ID_253524 1 203618
				Gap between this and next alignment: 3495355 to 3496835 (1479 bp)
				Next Alignment: 3496835 3539952 NODE_52_length_43118_cov_38.4367_ID_253596 43118 1

			Align 55: 3496835 3539952 NODE_52_length_43118_cov_38.4367_ID_253596 43118 1
				Gap between this and next alignment: 3539952 to 3540922 (969 bp)
				Next Alignment: 3540922 3855945 NODE_6_length_315025_cov_38.4831_ID_253504 315025 1

			Align 56: 3540922 3855945 NODE_6_length_315025_cov_38.4831_ID_253504 315025 1
				Gap between this and next alignment: 3855945 to 3856602 (656 bp)
				Next Alignment: 3856602 3857902 NODE_83_length_1301_cov_46.4037_ID_253658 1301 1

			Align 57: 3856602 3857902 NODE_83_length_1301_cov_46.4037_ID_253658 1301 1
				Negative gap (overlap) between this and next alignment: 3857902 to 3857513 (-389 bp)
				Next Alignment: 3857513 3858957 NODE_3_length_401996_cov_41.441_ID_253498 116695 118139

			Previous gap was negative, modifying coordinates to ignore overlap
				Moving contig start from 116695 to 117085.
			Align 58: 3857903 3858957 NODE_3_length_401996_cov_41.441_ID_253498 117085 118139
				Negative gap (overlap) between this and next alignment: 3858957 to 3857533 (-1424 bp)
				Next Alignment: 3857533 3861222 NODE_3_length_401996_cov_41.441_ID_253498 262314 266003

			Previous gap was negative, modifying coordinates to ignore overlap
				Moving contig start from 262314 to 263739.
			Align 59: 3858958 3861222 NODE_3_length_401996_cov_41.441_ID_253498 263739 266003
				Negative gap (overlap) between this and next alignment: 3861222 to 3859000 (-2222 bp)
				Next Alignment: 3859000 3861334 NODE_3_length_401996_cov_41.441_ID_253498 189984 187650

			Previous gap was negative, modifying coordinates to ignore overlap
				Moving contig start from 189984 to 187761.
			Align 60: 3861223 3861334 NODE_3_length_401996_cov_41.441_ID_253498 187761 187650
				Negative gap (overlap) between this and next alignment: 3861334 to 3861225 (-109 bp)
				Next Alignment: 3861225 3901813 NODE_54_length_40589_cov_36.9997_ID_253600 40589 1

			Previous gap was negative, modifying coordinates to ignore overlap
				Moving contig start from 40589 to 40479.
			Align 61: 3861335 3901813 NODE_54_length_40589_cov_36.9997_ID_253600 40479 1
				Gap between this and next alignment: 3901813 to 3902899 (1085 bp)
				Next Alignment: 3902899 3981174 NODE_41_length_78276_cov_38.4747_ID_253576 1 78276

			Align 62: 3902899 3981174 NODE_41_length_78276_cov_38.4747_ID_253576 1 78276
				Gap between this and next alignment: 3981174 to 3981442 (267 bp)
				Next Alignment: 3981442 4015073 NODE_56_length_35813_cov_49.3502_ID_253604 33632 1

			Align 63: 3981442 4015073 NODE_56_length_35813_cov_49.3502_ID_253604 33632 1
				Gap between this and next alignment: 4015073 to 4016159 (1085 bp)
				Next Alignment: 4016159 4022425 NODE_73_length_6267_cov_37.745_ID_253638 6267 1

			Align 64: 4016159 4022425 NODE_73_length_6267_cov_37.745_ID_253638 6267 1
				Gap between this and next alignment: 4022425 to 4024999 (2573 bp)
				Next Alignment: 4024999 4064119 NODE_55_length_39121_cov_36.9338_ID_253602 1 39121

			Align 65: 4024999 4064119 NODE_55_length_39121_cov_36.9338_ID_253602 1 39121
				Gap between this and next alignment: 4064119 to 4064985 (865 bp)
				Next Alignment: 4064985 4197891 NODE_25_length_132907_cov_36.4087_ID_253544 132907 1

			Align 66: 4064985 4197891 NODE_25_length_132907_cov_36.4087_ID_253544 132907 1
				Gap between this and next alignment: 4197891 to 4199096 (1204 bp)
				Next Alignment: 4199096 4208347 NODE_58_length_34118_cov_48.6335_ID_253608 24867 34118

			Align 67: 4199096 4208347 NODE_58_length_34118_cov_48.6335_ID_253608 24867 34118
				Gap between this and next alignment: 4208347 to 4209410 (1062 bp)
				Next Alignment: 4209410 4250955 NODE_43_length_63604_cov_38.5148_ID_253580 63604 22059

			Align 68: 4209410 4250955 NODE_43_length_63604_cov_38.5148_ID_253580 63604 22059
				Gap between this and next alignment: 4250955 to 4251048 (92 bp)
				Next Alignment: 4251048 4273106 NODE_43_length_63604_cov_38.5148_ID_253580 22058 1

			Align 69: 4251048 4273106 NODE_43_length_63604_cov_38.5148_ID_253580 22058 1
				Gap between this and next alignment: 4273106 to 4274321 (1214 bp)
				Next Alignment: 4274321 4299186 NODE_58_length_34118_cov_48.6335_ID_253608 24866 1

			Align 70: 4274321 4299186 NODE_58_length_34118_cov_48.6335_ID_253608 24866 1
				Gap between this and next alignment: 4299186 to 4301029 (1842 bp)
				Next Alignment: 4301029 4310928 NODE_71_length_9900_cov_41.7049_ID_253634 9900 1

			Align 71: 4301029 4310928 NODE_71_length_9900_cov_41.7049_ID_253634 9900 1
				Gap between this and next alignment: 4310928 to 4311536 (607 bp)
				Next Alignment: 4311536 4315709 NODE_76_length_4174_cov_37.6419_ID_253644 1 4174

			Align 72: 4311536 4315709 NODE_76_length_4174_cov_37.6419_ID_253644 1 4174
				Gap between this and next alignment: 4315709 to 4320152 (4442 bp)
				Next Alignment: 4320152 4332072 NODE_70_length_11921_cov_35.1237_ID_253632 11921 1

			Align 73: 4320152 4332072 NODE_70_length_11921_cov_35.1237_ID_253632 11921 1
				Gap between this and next alignment: 4332072 to 4333030 (957 bp)
				Next Alignment: 4333030 4361409 NODE_63_length_28380_cov_35.1758_ID_253618 1 28380

			Align 74: 4333030 4361409 NODE_63_length_28380_cov_35.1758_ID_253618 1 28380
				Gap between this and next alignment: 4361409 to 4367125 (5715 bp)
				Next Alignment: 4367125 4368238 NODE_85_length_1114_cov_79.5921_ID_253662 1 1114

			Align 75: 4367125 4368238 NODE_85_length_1114_cov_79.5921_ID_253662 1 1114
				Negative gap (overlap) between this and next alignment: 4368238 to 4368184 (-54 bp)
				Next Alignment: 4368184 4535529 NODE_21_length_167346_cov_37.1713_ID_253538 167346 1

			Previous gap was negative, modifying coordinates to ignore overlap
				Moving contig start from 167346 to 167291.
			Align 76: 4368239 4535529 NODE_21_length_167346_cov_37.1713_ID_253538 167291 1
				Gap between this and next alignment: 4535529 to 4537598 (2068 bp)
				Next Alignment: 4537598 4539778 NODE_56_length_35813_cov_49.3502_ID_253604 33633 35813

			Align 77: 4537598 4539778 NODE_56_length_35813_cov_49.3502_ID_253604 33633 35813
				Gap between this and next alignment: 4539778 to 4540651 (872 bp)
				Next Alignment: 4540651 4641648 NODE_3_length_401996_cov_41.441_ID_253498 300999 401996

			Align 78: 4540651 4641648 NODE_3_length_401996_cov_41.441_ID_253498 300999 401996
			END in gap: 4641648 to 4641652 (4 bp)

Analysis is finished!
Founded SNPs were written into /net/metagenomics/projects/afritz_assemblies/Similarity_Experiment/Ecoli_OneTree/metaquast_strain_spades_c/Ecoli_0925/runs_per_reference/Ecoli_ancestor/contigs_reports/nucmer_output/contigs.used_snps

Results:
	Local Misassemblies: 2
	Misassemblies: 2
		Relocations: 2
		Translocations: 0
		Inversions: 0
	Misassembled Contigs: 2
	Misassembled Contig Bases: 69931
	Misassemblies Inter-Contig Overlap: 0
Uncovered Regions: 0 (0)
Unaligned Contigs: 0 + 1 part
Partially Unaligned Contigs with Misassemblies: 1
Unaligned Contig Bases: 290386

Ambiguously Mapped Contigs: 8
Total Bases in Ambiguously Mapped Contigs: 7378
Note that --allow-ambiguity option was set to "one" and only first alignment per each contig was used.

	Covered Bases: 4538169

	SNPs: 13986
	Insertions: 24
	Deletions: 17

	Positive Gaps: 58
		Internal Gaps:  1
		External Gaps:  57
		External Gap Total:  103391
		External Gap Average: 1814
	Negative Gaps: 19
		Internal Overlaps:  3
		External Overlaps:  16
		External Overlaps Total: -1204
		External Overlaps Average: -75
	Contigs with Redundant Alignments: 2 (3142)
