Aligning contigs to reference...
	Running Nucmer
Parsing coords...
Loading reference...
	Loaded [Ecoli_0935_Taxon008_]
Loading SNPs...
Loading regions...
	No regions given, using whole reference.
	Total Regions: 1
	Total Region Length: 4641652
Analyzing contigs...
CONTIG: NODE_1_length_472565_cov_42.2923_ID_254453 (472565bp)
Top Length: 472565  Top ID: 99.45
		One align captures most of this contig: 576615 1049178 | 1 472565 | 472564 472565 | 99.45 | Ecoli_0935_Taxon008_ NODE_1_length_472565_cov_42.2923_ID_254453

CONTIG: NODE_2_length_440736_cov_41.2633_ID_242932 (440736bp)
Top Length: 440736  Top ID: 99.48
		Marking as insignificant: 3125942 3126633 | 289676 288985 | 692 692 | 97.11 | Ecoli_0935_Taxon008_ NODE_2_length_440736_cov_41.2633_ID_242932
		Marking as insignificant: 3220324 3221028 | 288972 289676 | 705 705 | 96.45 | Ecoli_0935_Taxon008_ NODE_2_length_440736_cov_41.2633_ID_242932
		One align captures most of this contig: 1589085 2029820 | 440736 1 | 440736 440736 | 99.48 | Ecoli_0935_Taxon008_ NODE_2_length_440736_cov_41.2633_ID_242932

CONTIG: NODE_3_length_355657_cov_41.5403_ID_269660 (355657bp)
Top Length: 355657  Top ID: 99.5
		One align captures most of this contig: 2190069 2545725 | 1 355657 | 355657 355657 | 99.5 | Ecoli_0935_Taxon008_ NODE_3_length_355657_cov_41.5403_ID_269660

CONTIG: NODE_6_length_308798_cov_42.2381_ID_295161 (308798bp)
Top Length: 308798  Top ID: 99.49
		One align captures most of this contig: 3632994 3941791 | 308798 1 | 308798 308798 | 99.49 | Ecoli_0935_Taxon008_ NODE_6_length_308798_cov_42.2381_ID_295161

CONTIG: NODE_7_length_308025_cov_42.1702_ID_280669 (308025bp)
Top Length: 99467  Top ID: 99.54
		This contig is misassembled. 14 total aligns.
			Real Alignment 1: 2405982 2414422 | 1 8441 | 8441 8441 | 95.25 | Ecoli_0935_Taxon008_ NODE_7_length_308025_cov_42.1702_ID_280669
			  Extensive misassembly ( relocation, inconsistency = 15809 ) between these two alignments
			Real Alignment 2: 2432695 2443402 | 21612 10905 | 10708 10708 | 95.69 | Ecoli_0935_Taxon008_ NODE_7_length_308025_cov_42.1702_ID_280669
			  Extensive misassembly ( relocation, inconsistency = -70329 ) between these two alignments
			Real Alignment 3: 2373074 2402576 | 21613 51115 | 29503 29503 | 95.11 | Ecoli_0935_Taxon008_ NODE_7_length_308025_cov_42.1702_ID_280669
			  Extensive misassembly ( relocation, inconsistency = 126961 ) between these two alignments
			Real Alignment 4: 2529540 2536118 | 51118 57696 | 6579 6579 | 95.17 | Ecoli_0935_Taxon008_ NODE_7_length_308025_cov_42.1702_ID_280669
			  Extensive misassembly ( relocation, inconsistency = -199773 ) between these two alignments
			Real Alignment 5: 2344511 2364610 | 85961 65862 | 20100 20100 | 95.63 | Ecoli_0935_Taxon008_ NODE_7_length_308025_cov_42.1702_ID_280669
			  Extensive misassembly ( relocation, inconsistency = 22398 ) between these two alignments
			Real Alignment 6: 2307590 2322112 | 100484 85962 | 14523 14523 | 95.54 | Ecoli_0935_Taxon008_ NODE_7_length_308025_cov_42.1702_ID_280669
			  Extensive misassembly ( relocation, inconsistency = -422010 ) between these two alignments
			Real Alignment 7: 1900103 1902939 | 100485 103321 | 2837 2837 | 95.98 | Ecoli_0935_Taxon008_ NODE_7_length_308025_cov_42.1702_ID_280669
			  Extensive misassembly ( relocation, inconsistency = 447957 ) between these two alignments
			Real Alignment 8: 2364613 2373073 | 117038 125498 | 8461 8461 | 95.27 | Ecoli_0935_Taxon008_ NODE_7_length_308025_cov_42.1702_ID_280669
			  Extensive misassembly ( relocation, inconsistency = 54541 ) between these two alignments
			Real Alignment 9: 2427615 2432694 | 130578 125499 | 5080 5080 | 95.33 | Ecoli_0935_Taxon008_ NODE_7_length_308025_cov_42.1702_ID_280669
			  Extensive misassembly ( relocation, inconsistency = -64438 ) between these two alignments
			Real Alignment 10: 2466133 2485377 | 156498 137254 | 19245 19245 | 95.63 | Ecoli_0935_Taxon008_ NODE_7_length_308025_cov_42.1702_ID_280669
			  Extensive misassembly ( relocation, inconsistency = -277979 ) between these two alignments
			Real Alignment 11: 2209778 2212865 | 158878 161965 | 3088 3088 | 95.17 | Ecoli_0935_Taxon008_ NODE_7_length_308025_cov_42.1702_ID_280669
			  Extensive misassembly ( relocation, inconsistency = -13650 ) between these two alignments
			Real Alignment 12: 2203245 2209778 | 172528 165995 | 6534 6534 | 95.59 | Ecoli_0935_Taxon008_ NODE_7_length_308025_cov_42.1702_ID_280669
			  Extensive misassembly ( relocation, inconsistency = -22285 ) between these two alignments
			Real Alignment 13: 2189838 2190019 | 208220 208039 | 182 182 | 96.15 | Ecoli_0935_Taxon008_ NODE_7_length_308025_cov_42.1702_ID_280669
			  Overlap between these two alignments (local misassembly). Inconsistency = -226 
			Real Alignment 14: 2090259 2189725 | 308025 208559 | 99467 99467 | 99.54 | Ecoli_0935_Taxon008_ NODE_7_length_308025_cov_42.1702_ID_280669
		This contig has significant unaligned parts (of length >= min-contig)! It can contain interspecies translocations

CONTIG: NODE_8_length_306397_cov_40.1388_ID_258235 (306397bp)
Top Length: 175631  Top ID: 99.6
		This contig is misassembled. 2 total aligns.
			Excluding internal overlap of size 255 between Alignment 1 and 2:  4112009 4243031 | 306397 175377 | 131023 131021 --> 4112009 4242776 | 306397 175632 | 130768 130766
			Real Alignment 1: 4243114 4418744 | 175631 1 | 175631 175631 | 99.6 | Ecoli_0935_Taxon008_ NODE_8_length_306397_cov_40.1388_ID_258235
			  Gap between these two alignments (local misassembly). Inconsistency = 337 
			Real Alignment 2: 4112009 4242776 | 306397 175632 | 130768 130766 | 99.5 | Ecoli_0935_Taxon008_ NODE_8_length_306397_cov_40.1388_ID_258235

CONTIG: NODE_9_length_305624_cov_41.0909_ID_278027 (305624bp)
Top Length: 305624  Top ID: 99.44
		Marking as insignificant: 462716 463975 | 62261 63520 | 1260 1260 | 95.16 | Ecoli_0935_Taxon008_ NODE_9_length_305624_cov_41.0909_ID_278027
		One align captures most of this contig: 1066148 1371771 | 305624 1 | 305624 305624 | 99.44 | Ecoli_0935_Taxon008_ NODE_9_length_305624_cov_41.0909_ID_278027

CONTIG: NODE_10_length_304586_cov_40.7579_ID_249244 (304586bp)
Top Length: 304586  Top ID: 99.54
		One align captures most of this contig: 2821490 3126075 | 304586 1 | 304586 304586 | 99.54 | Ecoli_0935_Taxon008_ NODE_10_length_304586_cov_40.7579_ID_249244

CONTIG: NODE_12_length_267640_cov_40.0662_ID_283864 (267640bp)
Top Length: 267640  Top ID: 99.54
		One align captures most of this contig: 2546830 2814469 | 267640 1 | 267640 267640 | 99.54 | Ecoli_0935_Taxon008_ NODE_12_length_267640_cov_40.0662_ID_283864

CONTIG: NODE_13_length_223136_cov_42.3928_ID_266449 (223136bp)
Top Length: 223136  Top ID: 99.4
		Marking as insignificant: 257908 258676 | 203341 202573 | 769 769 | 95.06 | Ecoli_0935_Taxon008_ NODE_13_length_223136_cov_42.3928_ID_266449
		Marking as insignificant: 3583431 3584195 | 202577 203341 | 765 765 | 95.56 | Ecoli_0935_Taxon008_ NODE_13_length_223136_cov_42.3928_ID_266449
		One align captures most of this contig: 1 223136 | 223136 1 | 223136 223136 | 99.4 | Ecoli_0935_Taxon008_ NODE_13_length_223136_cov_42.3928_ID_266449

CONTIG: NODE_14_length_214400_cov_43.582_ID_274451 (214400bp)
Top Length: 214400  Top ID: 99.44
		Marking as insignificant: 1556028 1556240 | 36939 36727 | 213 213 | 95.77 | Ecoli_0935_Taxon008_ NODE_14_length_214400_cov_43.582_ID_274451
		Marking as insignificant: 3125942 3126633 | 35609 36300 | 692 692 | 97.11 | Ecoli_0935_Taxon008_ NODE_14_length_214400_cov_43.582_ID_274451
		Marking as insignificant: 381260 382590 | 36939 35609 | 1331 1331 | 95.12 | Ecoli_0935_Taxon008_ NODE_14_length_214400_cov_43.582_ID_274451
		Marking as insignificant: 3219698 3221028 | 36939 35609 | 1331 1331 | 96.02 | Ecoli_0935_Taxon008_ NODE_14_length_214400_cov_43.582_ID_274451
		One align captures most of this contig: 4427249 4641648 | 1 214400 | 214400 214400 | 99.44 | Ecoli_0935_Taxon008_ NODE_14_length_214400_cov_43.582_ID_274451

CONTIG: NODE_17_length_201240_cov_40.4707_ID_287767 (201240bp)
Top Length: 201240  Top ID: 99.56
		One align captures most of this contig: 3221910 3423149 | 1 201240 | 201240 201240 | 99.56 | Ecoli_0935_Taxon008_ NODE_17_length_201240_cov_40.4707_ID_287767

CONTIG: NODE_18_length_183277_cov_42.4983_ID_237270 (183277bp)
Top Length: 183277  Top ID: 99.52
		Marking as insignificant: 1308252 1309511 | 71293 70034 | 1260 1260 | 95.71 | Ecoli_0935_Taxon008_ NODE_18_length_183277_cov_42.4983_ID_237270
		One align captures most of this contig: 392683 575959 | 1 183277 | 183277 183277 | 99.52 | Ecoli_0935_Taxon008_ NODE_18_length_183277_cov_42.4983_ID_237270

CONTIG: NODE_23_length_156700_cov_42.219_ID_291142 (156700bp)
Top Length: 156700  Top ID: 99.5
		One align captures most of this contig: 3426842 3583541 | 156700 1 | 156700 156700 | 99.5 | Ecoli_0935_Taxon008_ NODE_23_length_156700_cov_42.219_ID_291142

CONTIG: NODE_27_length_120412_cov_41.4104_ID_261519 (120412bp)
Top Length: 120412  Top ID: 99.54
		One align captures most of this contig: 1434656 1555067 | 1 120412 | 120412 120412 | 99.54 | Ecoli_0935_Taxon008_ NODE_27_length_120412_cov_41.4104_ID_261519

CONTIG: NODE_33_length_93469_cov_40.4688_ID_290375 (93469bp)
Top Length: 43540  Top ID: 98.28
		This contig is misassembled. 5 total aligns.
			Excluding internal overlap of size 7 between Alignment 1 and 2:  1483155 1484977 | 45356 43534 | 1823 1823 --> 1483155 1484970 | 45356 43541 | 1816 1816
			Real Alignment 1: 1556505 1600043 | 1 43540 | 43539 43540 | 98.28 | Ecoli_0935_Taxon008_ NODE_33_length_93469_cov_40.4688_ID_290375
			  Extensive misassembly ( relocation, inconsistency = -116889 ) between these two alignments
			Real Alignment 2: 1483155 1484970 | 45356 43541 | 1816 1816 | 95.78 | Ecoli_0935_Taxon008_ NODE_33_length_93469_cov_40.4688_ID_290375
			  Extensive misassembly ( relocation, inconsistency = -17333 ) between these two alignments
			Excluding internal overlap of size 1 between Alignment 3 and 4:  1484972 1487952 | 60872 57892 | 2981 2981 --> 1484973 1487952 | 60871 57892 | 2980 2980
			Real Alignment 3: 1484973 1487952 | 60871 57892 | 2980 2980 | 95.24 | Ecoli_0935_Taxon008_ NODE_33_length_93469_cov_40.4688_ID_290375
			  Extensive misassembly ( relocation, inconsistency = 112090 ) between these two alignments
			Real Alignment 4: 1600043 1618929 | 60872 79758 | 18887 18887 | 95.06 | Ecoli_0935_Taxon008_ NODE_33_length_93469_cov_40.4688_ID_290375
			  Gap between these two alignments (local misassembly). Inconsistency = 0 
			Real Alignment 5: 1622010 1632640 | 82839 93469 | 10631 10631 | 95.61 | Ecoli_0935_Taxon008_ NODE_33_length_93469_cov_40.4688_ID_290375
		This contig has significant unaligned parts (of length >= min-contig)! It can contain interspecies translocations

CONTIG: NODE_39_length_74815_cov_39.0061_ID_247673 (74815bp)
Top Length: 74815  Top ID: 99.62
		One align captures most of this contig: 3126435 3201249 | 1 74815 | 74815 74815 | 99.62 | Ecoli_0935_Taxon008_ NODE_39_length_74815_cov_39.0061_ID_247673

CONTIG: NODE_41_length_63280_cov_41.6699_ID_286340 (63280bp)
Top Length: 63280  Top ID: 99.36
		One align captures most of this contig: 4043945 4107224 | 63280 1 | 63280 63280 | 99.36 | Ecoli_0935_Taxon008_ NODE_41_length_63280_cov_41.6699_ID_286340

CONTIG: NODE_43_length_61793_cov_53.3844_ID_302054 (61793bp)
Top Length: 61793  Top ID: 99.3
		Marking as insignificant: 3583431 3584195 | 15517 14753 | 765 765 | 95.16 | Ecoli_0935_Taxon008_ NODE_43_length_61793_cov_53.3844_ID_302054
		Marking as insignificant: 257908 258675 | 3282 4049 | 768 768 | 95.05 | Ecoli_0935_Taxon008_ NODE_43_length_61793_cov_53.3844_ID_302054
		Marking as insignificant: 3583431 3584196 | 4046 3281 | 766 766 | 95.56 | Ecoli_0935_Taxon008_ NODE_43_length_61793_cov_53.3844_ID_302054
		Marking as insignificant: 1308256 1309510 | 39348 40602 | 1255 1255 | 95.78 | Ecoli_0935_Taxon008_ NODE_43_length_61793_cov_53.3844_ID_302054
		Marking as insignificant: 462720 463971 | 40599 39348 | 1252 1252 | 96.09 | Ecoli_0935_Taxon008_ NODE_43_length_61793_cov_53.3844_ID_302054
		One align captures most of this contig: 275882 337674 | 1 61793 | 61793 61793 | 99.3 | Ecoli_0935_Taxon008_ NODE_43_length_61793_cov_53.3844_ID_302054

CONTIG: NODE_44_length_61664_cov_39.456_ID_239983 (61664bp)
Top Length: 61664  Top ID: 99.62
		One align captures most of this contig: 3976374 4038037 | 1 61664 | 61664 61664 | 99.62 | Ecoli_0935_Taxon008_ NODE_44_length_61664_cov_39.456_ID_239983

CONTIG: NODE_45_length_60605_cov_40.5944_ID_303866 (60605bp)
Top Length: 60605  Top ID: 99.38
		One align captures most of this contig: 1372169 1432776 | 60605 1 | 60608 60605 | 99.38 | Ecoli_0935_Taxon008_ NODE_45_length_60605_cov_40.5944_ID_303866

CONTIG: NODE_46_length_58463_cov_46.5683_ID_274004 (58463bp)
Top Length: 58463  Top ID: 99.29
		Marking as insignificant: 1556028 1556240 | 55675 55887 | 213 213 | 95.31 | Ecoli_0935_Taxon008_ NODE_46_length_58463_cov_46.5683_ID_274004
		Marking as insignificant: 3125942 3126633 | 57005 56314 | 692 692 | 96.82 | Ecoli_0935_Taxon008_ NODE_46_length_58463_cov_46.5683_ID_274004
		Marking as insignificant: 3219698 3221029 | 55675 57006 | 1332 1332 | 95.8 | Ecoli_0935_Taxon008_ NODE_46_length_58463_cov_46.5683_ID_274004
		One align captures most of this contig: 2030651 2089113 | 1 58463 | 58463 58463 | 99.29 | Ecoli_0935_Taxon008_ NODE_46_length_58463_cov_46.5683_ID_274004

CONTIG: NODE_49_length_45993_cov_52.6697_ID_298630 (45993bp)
Top Length: 45991  Top ID: 99.4
		Marking as insignificant: 692310 693146 | 15275 16111 | 837 837 | 95.22 | Ecoli_0935_Taxon008_ NODE_49_length_45993_cov_52.6697_ID_298630
		Marking as insignificant: 273951 275149 | 16477 15279 | 1199 1199 | 95.16 | Ecoli_0935_Taxon008_ NODE_49_length_45993_cov_52.6697_ID_298630
		Marking as insignificant: 1371180 1372382 | 16477 15275 | 1203 1203 | 95.1 | Ecoli_0935_Taxon008_ NODE_49_length_45993_cov_52.6697_ID_298630
		Marking as insignificant: 3201189 3202392 | 16479 15276 | 1204 1204 | 95.76 | Ecoli_0935_Taxon008_ NODE_49_length_45993_cov_52.6697_ID_298630
		Marking as insignificant: 2545501 2546698 | 15280 16477 | 1198 1198 | 96.33 | Ecoli_0935_Taxon008_ NODE_49_length_45993_cov_52.6697_ID_298630
		Marking as insignificant: 575553 576756 | 16478 15275 | 1204 1204 | 95.85 | Ecoli_0935_Taxon008_ NODE_49_length_45993_cov_52.6697_ID_298630
		One align captures most of this contig: 3584331 3630321 | 1 45991 | 45991 45991 | 99.4 | Ecoli_0935_Taxon008_ NODE_49_length_45993_cov_52.6697_ID_298630

CONTIG: NODE_50_length_45044_cov_48.4955_ID_311475 (45044bp)
Top Length: 45044  Top ID: 99.3
		Marking as insignificant: 3583431 3584195 | 15767 16531 | 765 765 | 95.56 | Ecoli_0935_Taxon008_ NODE_50_length_45044_cov_48.4955_ID_311475
		One align captures most of this contig: 229395 274438 | 45044 1 | 45044 45044 | 99.3 | Ecoli_0935_Taxon008_ NODE_50_length_45044_cov_48.4955_ID_311475

CONTIG: NODE_51_length_43191_cov_39.4569_ID_309735 (43191bp)
Top Length: 43191  Top ID: 99.4
		One align captures most of this contig: 338142 381332 | 43191 1 | 43191 43191 | 99.4 | Ecoli_0935_Taxon008_ NODE_51_length_43191_cov_39.4569_ID_309735

CONTIG: NODE_66_length_27612_cov_38.1806_ID_310920 (27612bp)
Top Length: 27612  Top ID: 99.58
		One align captures most of this contig: 3947169 3974780 | 27612 1 | 27612 27612 | 99.58 | Ecoli_0935_Taxon008_ NODE_66_length_27612_cov_38.1806_ID_310920

CONTIG: NODE_69_length_15908_cov_48.0195_ID_305538 (15908bp)
Top Length: 15908  Top ID: 99.29
		One align captures most of this contig: 1049839 1065746 | 1 15908 | 15908 15908 | 99.29 | Ecoli_0935_Taxon008_ NODE_69_length_15908_cov_48.0195_ID_305538

CONTIG: NODE_73_length_11497_cov_40.6185_ID_305353 (11497bp)
Top Length: 11497  Top ID: 99.86
		One align captures most of this contig: 3207085 3218581 | 1 11497 | 11497 11497 | 99.86 | Ecoli_0935_Taxon008_ NODE_73_length_11497_cov_40.6185_ID_305353

CONTIG: NODE_75_length_8525_cov_40.2274_ID_312428 (8525bp)
Top Length: 8525  Top ID: 99.72
		One align captures most of this contig: 382411 390935 | 8525 1 | 8525 8525 | 99.72 | Ecoli_0935_Taxon008_ NODE_75_length_8525_cov_40.2274_ID_312428

CONTIG: NODE_79_length_3871_cov_208.296_ID_312364 (3871bp)
Top Length: 3649  Top ID: 96.36
		Skipping redundant alignment 3521366 3522919 | 3450 1897 | 1554 1554 | 95.56 | Ecoli_0935_Taxon008_ NODE_79_length_3871_cov_208.296_ID_312364
		This contig is partially unaligned. (Aligned 3649 out of 3871 bases)
		Alignment: 2816720 2820367 | 3649 1 | 3648 3649 | 96.36 | Ecoli_0935_Taxon008_ NODE_79_length_3871_cov_208.296_ID_312364
		Unaligned bases: 3650 to 3871 (222)

CONTIG: NODE_84_length_1699_cov_36.1685_ID_315473 (1699bp)
Top Length: 1699  Top ID: 100.0
		One align captures most of this contig: 3205441 3207139 | 1 1699 | 1699 1699 | 100.0 | Ecoli_0935_Taxon008_ NODE_84_length_1699_cov_36.1685_ID_315473

CONTIG: NODE_87_length_1143_cov_31.9651_ID_314398 (1143bp)
Top Length: 1143  Top ID: 100.0
		One align captures most of this contig: 4110512 4111654 | 1143 1 | 1143 1143 | 100.0 | Ecoli_0935_Taxon008_ NODE_87_length_1143_cov_31.9651_ID_314398

CONTIG: NODE_89_length_1082_cov_34.1052_ID_315447 (1082bp)
Top Length: 1082  Top ID: 100.0
		One align captures most of this contig: 4042693 4043774 | 1 1082 | 1082 1082 | 100.0 | Ecoli_0935_Taxon008_ NODE_89_length_1082_cov_34.1052_ID_315447

CONTIG: NODE_94_length_946_cov_35.5971_ID_315479 (946bp)
Top Length: 946  Top ID: 100.0
		One align captures most of this contig: 3204548 3205493 | 946 1 | 946 946 | 100.0 | Ecoli_0935_Taxon008_ NODE_94_length_946_cov_35.5971_ID_315479

CONTIG: NODE_96_length_896_cov_74.3686_ID_315395 (896bp)
Top Length: 896  Top ID: 97.77
		Marking as insignificant: 3202281 3202389 | 896 788 | 109 109 | 97.25 | Ecoli_0935_Taxon008_ NODE_96_length_896_cov_74.3686_ID_315395
		One align captures most of this contig: 275041 275936 | 896 1 | 896 896 | 97.77 | Ecoli_0935_Taxon008_ NODE_96_length_896_cov_74.3686_ID_315395

CONTIG: NODE_98_length_874_cov_30.232_ID_315445 (874bp)
Top Length: 874  Top ID: 100.0
		One align captures most of this contig: 4426290 4427163 | 1 874 | 874 874 | 100.0 | Ecoli_0935_Taxon008_ NODE_98_length_874_cov_30.232_ID_315445

CONTIG: NODE_99_length_853_cov_30.6667_ID_315433 (853bp)
Top Length: 853  Top ID: 100.0
		One align captures most of this contig: 4040981 4041833 | 853 1 | 853 853 | 100.0 | Ecoli_0935_Taxon008_ NODE_99_length_853_cov_30.6667_ID_315433

CONTIG: NODE_101_length_792_cov_28.2266_ID_315507 (792bp)
Top Length: 792  Top ID: 100.0
		One align captures most of this contig: 3203154 3203945 | 1 792 | 792 792 | 100.0 | Ecoli_0935_Taxon008_ NODE_101_length_792_cov_28.2266_ID_315507

CONTIG: NODE_102_length_759_cov_48.919_ID_315401 (759bp)
Top Length: 759  Top ID: 98.16
		One align captures most of this contig: 1049124 1049882 | 1 759 | 759 759 | 98.16 | Ecoli_0935_Taxon008_ NODE_102_length_759_cov_48.919_ID_315401

CONTIG: NODE_104_length_723_cov_38.9566_ID_315511 (723bp)
Top Length: 723  Top ID: 100.0
		One align captures most of this contig: 3218645 3219367 | 723 1 | 723 723 | 100.0 | Ecoli_0935_Taxon008_ NODE_104_length_723_cov_38.9566_ID_315511

CONTIG: NODE_109_length_593_cov_35.4257_ID_315100 (593bp)
Top Length: 593  Top ID: 100.0
		One align captures most of this contig: 2089365 2089957 | 1 593 | 593 593 | 100.0 | Ecoli_0935_Taxon008_ NODE_109_length_593_cov_35.4257_ID_315100

CONTIG: NODE_110_length_574_cov_32.5279_ID_315439 (574bp)
Top Length: 574  Top ID: 100.0
		One align captures most of this contig: 4425412 4425985 | 1 574 | 574 574 | 100.0 | Ecoli_0935_Taxon008_ NODE_110_length_574_cov_32.5279_ID_315439

CONTIG: NODE_112_length_545_cov_42.7327_ID_315415 (545bp)
Top Length: 545  Top ID: 100.0
		One align captures most of this contig: 2546340 2546884 | 1 545 | 545 545 | 100.0 | Ecoli_0935_Taxon008_ NODE_112_length_545_cov_42.7327_ID_315415

CONTIG: NODE_113_length_522_cov_31.3469_ID_315513 (522bp)
Top Length: 522  Top ID: 100.0
		One align captures most of this contig: 3204072 3204593 | 1 522 | 522 522 | 100.0 | Ecoli_0935_Taxon008_ NODE_113_length_522_cov_31.3469_ID_315513

CONTIG: NODE_115_length_506_cov_43.1929_ID_315391 (506bp)
Top Length: 506  Top ID: 98.62
		One align captures most of this contig: 2029766 2030271 | 506 1 | 506 506 | 98.62 | Ecoli_0935_Taxon008_ NODE_115_length_506_cov_43.1929_ID_315391

Analyzing coverage...
Writing SNPs into /net/metagenomics/projects/afritz_assemblies/Similarity_Experiment/Ecoli_OneTree/metaquast_consensus_spades/Ecoli_0935/runs_per_reference/Ecoli_0935/contigs_reports/nucmer_output/scaffolds.used_snps
	Reference Ecoli_0935_Taxon008_: 63 total alignments. 1 total regions.
		Region: 1 to 4641652 (4641652 bp)
			Align 1: 1 223136 NODE_13_length_223136_cov_42.3928_ID_266449 223136 1
				Gap between this and next alignment: 223136 to 229395 (6258 bp)
				Next Alignment: 229395 274438 NODE_50_length_45044_cov_48.4955_ID_311475 45044 1

			Align 2: 229395 274438 NODE_50_length_45044_cov_48.4955_ID_311475 45044 1
				Gap between this and next alignment: 274438 to 275041 (602 bp)
				Next Alignment: 275041 275936 NODE_96_length_896_cov_74.3686_ID_315395 896 1

			Align 3: 275041 275936 NODE_96_length_896_cov_74.3686_ID_315395 896 1
				Negative gap (overlap) between this and next alignment: 275936 to 275882 (-54 bp)
				Next Alignment: 275882 337674 NODE_43_length_61793_cov_53.3844_ID_302054 1 61793

			Previous gap was negative, modifying coordinates to ignore overlap
				Moving contig start from 1 to 56.
			Align 4: 275937 337674 NODE_43_length_61793_cov_53.3844_ID_302054 56 61793
				Gap between this and next alignment: 337674 to 338142 (467 bp)
				Next Alignment: 338142 381332 NODE_51_length_43191_cov_39.4569_ID_309735 43191 1

			Align 5: 338142 381332 NODE_51_length_43191_cov_39.4569_ID_309735 43191 1
				Gap between this and next alignment: 381332 to 382411 (1078 bp)
				Next Alignment: 382411 390935 NODE_75_length_8525_cov_40.2274_ID_312428 8525 1

			Align 6: 382411 390935 NODE_75_length_8525_cov_40.2274_ID_312428 8525 1
				Gap between this and next alignment: 390935 to 392683 (1747 bp)
				Next Alignment: 392683 575959 NODE_18_length_183277_cov_42.4983_ID_237270 1 183277

			Align 7: 392683 575959 NODE_18_length_183277_cov_42.4983_ID_237270 1 183277
				Gap between this and next alignment: 575959 to 576615 (655 bp)
				Next Alignment: 576615 1049178 NODE_1_length_472565_cov_42.2923_ID_254453 1 472565

			Align 8: 576615 1049178 NODE_1_length_472565_cov_42.2923_ID_254453 1 472565
				Negative gap (overlap) between this and next alignment: 1049178 to 1049124 (-54 bp)
				Next Alignment: 1049124 1049882 NODE_102_length_759_cov_48.919_ID_315401 1 759

			Previous gap was negative, modifying coordinates to ignore overlap
				Moving contig start from 1 to 56.
			Align 9: 1049179 1049882 NODE_102_length_759_cov_48.919_ID_315401 56 759
				Negative gap (overlap) between this and next alignment: 1049882 to 1049839 (-43 bp)
				Next Alignment: 1049839 1065746 NODE_69_length_15908_cov_48.0195_ID_305538 1 15908

			Previous gap was negative, modifying coordinates to ignore overlap
				Moving contig start from 1 to 45.
			Align 10: 1049883 1065746 NODE_69_length_15908_cov_48.0195_ID_305538 45 15908
				Gap between this and next alignment: 1065746 to 1066148 (401 bp)
				Next Alignment: 1066148 1371771 NODE_9_length_305624_cov_41.0909_ID_278027 305624 1

			Align 11: 1066148 1371771 NODE_9_length_305624_cov_41.0909_ID_278027 305624 1
				Gap between this and next alignment: 1371771 to 1372169 (397 bp)
				Next Alignment: 1372169 1432776 NODE_45_length_60605_cov_40.5944_ID_303866 60605 1

			Align 12: 1372169 1432776 NODE_45_length_60605_cov_40.5944_ID_303866 60605 1
				Gap between this and next alignment: 1432776 to 1434656 (1879 bp)
				Next Alignment: 1434656 1555067 NODE_27_length_120412_cov_41.4104_ID_261519 1 120412

			Align 13: 1434656 1555067 NODE_27_length_120412_cov_41.4104_ID_261519 1 120412
				The next alignment (1483155 1484970 NODE_33_length_93469_cov_40.4688_ID_290375 45356 43541) is redundant. Skipping.
				The next alignment (1484973 1487952 NODE_33_length_93469_cov_40.4688_ID_290375 60871 57892) is redundant. Skipping.
				Gap between this and next alignment: 1555067 to 1556505 (1437 bp)
				Next Alignment: 1556505 1600043 NODE_33_length_93469_cov_40.4688_ID_290375 1 43540

			Align 16: 1556505 1600043 NODE_33_length_93469_cov_40.4688_ID_290375 1 43540
				Negative gap (overlap) between this and next alignment: 1600043 to 1589085 (-10958 bp)
				Next Alignment: 1589085 2029820 NODE_2_length_440736_cov_41.2633_ID_242932 440736 1

			Previous gap was negative, modifying coordinates to ignore overlap
				Moving contig start from 440736 to 429777.
			Align 17: 1600044 2029820 NODE_2_length_440736_cov_41.2633_ID_242932 429777 1
				The next alignment (1600043 1618929 NODE_33_length_93469_cov_40.4688_ID_290375 60872 79758) is redundant. Skipping.
				The next alignment (1622010 1632640 NODE_33_length_93469_cov_40.4688_ID_290375 82839 93469) is redundant. Skipping.
				The next alignment (1900103 1902939 NODE_7_length_308025_cov_42.1702_ID_280669 100485 103321) is redundant. Skipping.
				Negative gap (overlap) between this and next alignment: 2029820 to 2029766 (-54 bp)
				Next Alignment: 2029766 2030271 NODE_115_length_506_cov_43.1929_ID_315391 506 1

			Previous gap was negative, modifying coordinates to ignore overlap
				Moving contig start from 506 to 451.
			Align 21: 2029821 2030271 NODE_115_length_506_cov_43.1929_ID_315391 451 1
				Gap between this and next alignment: 2030271 to 2030651 (379 bp)
				Next Alignment: 2030651 2089113 NODE_46_length_58463_cov_46.5683_ID_274004 1 58463

			Align 22: 2030651 2089113 NODE_46_length_58463_cov_46.5683_ID_274004 1 58463
				Gap between this and next alignment: 2089113 to 2089365 (251 bp)
				Next Alignment: 2089365 2089957 NODE_109_length_593_cov_35.4257_ID_315100 1 593

			Align 23: 2089365 2089957 NODE_109_length_593_cov_35.4257_ID_315100 1 593
				Gap between this and next alignment: 2089957 to 2090259 (301 bp)
				Next Alignment: 2090259 2189725 NODE_7_length_308025_cov_42.1702_ID_280669 308025 208559

			Align 24: 2090259 2189725 NODE_7_length_308025_cov_42.1702_ID_280669 308025 208559
				Gap between this and next alignment: 2189725 to 2189838 (112 bp)
				Next Alignment: 2189838 2190019 NODE_7_length_308025_cov_42.1702_ID_280669 208220 208039

			Align 25: 2189838 2190019 NODE_7_length_308025_cov_42.1702_ID_280669 208220 208039
				Gap between this and next alignment: 2190019 to 2190069 (49 bp)
				Next Alignment: 2190069 2545725 NODE_3_length_355657_cov_41.5403_ID_269660 1 355657

			Align 26: 2190069 2545725 NODE_3_length_355657_cov_41.5403_ID_269660 1 355657
				The next alignment (2203245 2209778 NODE_7_length_308025_cov_42.1702_ID_280669 172528 165995) is redundant. Skipping.
				The next alignment (2209778 2212865 NODE_7_length_308025_cov_42.1702_ID_280669 158878 161965) is redundant. Skipping.
				The next alignment (2307590 2322112 NODE_7_length_308025_cov_42.1702_ID_280669 100484 85962) is redundant. Skipping.
				The next alignment (2344511 2364610 NODE_7_length_308025_cov_42.1702_ID_280669 85961 65862) is redundant. Skipping.
				The next alignment (2364613 2373073 NODE_7_length_308025_cov_42.1702_ID_280669 117038 125498) is redundant. Skipping.
				The next alignment (2373074 2402576 NODE_7_length_308025_cov_42.1702_ID_280669 21613 51115) is redundant. Skipping.
				The next alignment (2405982 2414422 NODE_7_length_308025_cov_42.1702_ID_280669 1 8441) is redundant. Skipping.
				The next alignment (2427615 2432694 NODE_7_length_308025_cov_42.1702_ID_280669 130578 125499) is redundant. Skipping.
				The next alignment (2432695 2443402 NODE_7_length_308025_cov_42.1702_ID_280669 21612 10905) is redundant. Skipping.
				The next alignment (2466133 2485377 NODE_7_length_308025_cov_42.1702_ID_280669 156498 137254) is redundant. Skipping.
				The next alignment (2529540 2536118 NODE_7_length_308025_cov_42.1702_ID_280669 51118 57696) is redundant. Skipping.
				Gap between this and next alignment: 2545725 to 2546340 (614 bp)
				Next Alignment: 2546340 2546884 NODE_112_length_545_cov_42.7327_ID_315415 1 545

			Align 38: 2546340 2546884 NODE_112_length_545_cov_42.7327_ID_315415 1 545
				Negative gap (overlap) between this and next alignment: 2546884 to 2546830 (-54 bp)
				Next Alignment: 2546830 2814469 NODE_12_length_267640_cov_40.0662_ID_283864 267640 1

			Previous gap was negative, modifying coordinates to ignore overlap
				Moving contig start from 267640 to 267585.
			Align 39: 2546885 2814469 NODE_12_length_267640_cov_40.0662_ID_283864 267585 1
				Gap between this and next alignment: 2814469 to 2816720 (2250 bp)
				Next Alignment: 2816720 2820367 NODE_79_length_3871_cov_208.296_ID_312364 3649 1

			Align 40: 2816720 2820367 NODE_79_length_3871_cov_208.296_ID_312364 3649 1
				Gap between this and next alignment: 2820367 to 2821490 (1122 bp)
				Next Alignment: 2821490 3126075 NODE_10_length_304586_cov_40.7579_ID_249244 304586 1

			Align 41: 2821490 3126075 NODE_10_length_304586_cov_40.7579_ID_249244 304586 1
				Gap between this and next alignment: 3126075 to 3126435 (359 bp)
				Next Alignment: 3126435 3201249 NODE_39_length_74815_cov_39.0061_ID_247673 1 74815

			Align 42: 3126435 3201249 NODE_39_length_74815_cov_39.0061_ID_247673 1 74815
				Gap between this and next alignment: 3201249 to 3203154 (1904 bp)
				Next Alignment: 3203154 3203945 NODE_101_length_792_cov_28.2266_ID_315507 1 792

			Align 43: 3203154 3203945 NODE_101_length_792_cov_28.2266_ID_315507 1 792
				Gap between this and next alignment: 3203945 to 3204072 (126 bp)
				Next Alignment: 3204072 3204593 NODE_113_length_522_cov_31.3469_ID_315513 1 522

			Align 44: 3204072 3204593 NODE_113_length_522_cov_31.3469_ID_315513 1 522
				Negative gap (overlap) between this and next alignment: 3204593 to 3204548 (-45 bp)
				Next Alignment: 3204548 3205493 NODE_94_length_946_cov_35.5971_ID_315479 946 1

			Previous gap was negative, modifying coordinates to ignore overlap
				Moving contig start from 946 to 900.
			Align 45: 3204594 3205493 NODE_94_length_946_cov_35.5971_ID_315479 900 1
				Negative gap (overlap) between this and next alignment: 3205493 to 3205441 (-52 bp)
				Next Alignment: 3205441 3207139 NODE_84_length_1699_cov_36.1685_ID_315473 1 1699

			Previous gap was negative, modifying coordinates to ignore overlap
				Moving contig start from 1 to 54.
			Align 46: 3205494 3207139 NODE_84_length_1699_cov_36.1685_ID_315473 54 1699
				Negative gap (overlap) between this and next alignment: 3207139 to 3207085 (-54 bp)
				Next Alignment: 3207085 3218581 NODE_73_length_11497_cov_40.6185_ID_305353 1 11497

			Previous gap was negative, modifying coordinates to ignore overlap
				Moving contig start from 1 to 56.
			Align 47: 3207140 3218581 NODE_73_length_11497_cov_40.6185_ID_305353 56 11497
				Gap between this and next alignment: 3218581 to 3218645 (63 bp)
				Next Alignment: 3218645 3219367 NODE_104_length_723_cov_38.9566_ID_315511 723 1

			Align 48: 3218645 3219367 NODE_104_length_723_cov_38.9566_ID_315511 723 1
				Gap between this and next alignment: 3219367 to 3221910 (2542 bp)
				Next Alignment: 3221910 3423149 NODE_17_length_201240_cov_40.4707_ID_287767 1 201240

			Align 49: 3221910 3423149 NODE_17_length_201240_cov_40.4707_ID_287767 1 201240
				Gap between this and next alignment: 3423149 to 3426842 (3692 bp)
				Next Alignment: 3426842 3583541 NODE_23_length_156700_cov_42.219_ID_291142 156700 1

			Align 50: 3426842 3583541 NODE_23_length_156700_cov_42.219_ID_291142 156700 1
				Gap between this and next alignment: 3583541 to 3584331 (789 bp)
				Next Alignment: 3584331 3630321 NODE_49_length_45993_cov_52.6697_ID_298630 1 45991

			Align 51: 3584331 3630321 NODE_49_length_45993_cov_52.6697_ID_298630 1 45991
				Gap between this and next alignment: 3630321 to 3632994 (2672 bp)
				Next Alignment: 3632994 3941791 NODE_6_length_308798_cov_42.2381_ID_295161 308798 1

			Align 52: 3632994 3941791 NODE_6_length_308798_cov_42.2381_ID_295161 308798 1
				Gap between this and next alignment: 3941791 to 3947169 (5377 bp)
				Next Alignment: 3947169 3974780 NODE_66_length_27612_cov_38.1806_ID_310920 27612 1

			Align 53: 3947169 3974780 NODE_66_length_27612_cov_38.1806_ID_310920 27612 1
				Gap between this and next alignment: 3974780 to 3976374 (1593 bp)
				Next Alignment: 3976374 4038037 NODE_44_length_61664_cov_39.456_ID_239983 1 61664

			Align 54: 3976374 4038037 NODE_44_length_61664_cov_39.456_ID_239983 1 61664
				Gap between this and next alignment: 4038037 to 4040981 (2943 bp)
				Next Alignment: 4040981 4041833 NODE_99_length_853_cov_30.6667_ID_315433 853 1

			Align 55: 4040981 4041833 NODE_99_length_853_cov_30.6667_ID_315433 853 1
				Gap between this and next alignment: 4041833 to 4042693 (859 bp)
				Next Alignment: 4042693 4043774 NODE_89_length_1082_cov_34.1052_ID_315447 1 1082

			Align 56: 4042693 4043774 NODE_89_length_1082_cov_34.1052_ID_315447 1 1082
				Gap between this and next alignment: 4043774 to 4043945 (170 bp)
				Next Alignment: 4043945 4107224 NODE_41_length_63280_cov_41.6699_ID_286340 63280 1

			Align 57: 4043945 4107224 NODE_41_length_63280_cov_41.6699_ID_286340 63280 1
				Gap between this and next alignment: 4107224 to 4110512 (3287 bp)
				Next Alignment: 4110512 4111654 NODE_87_length_1143_cov_31.9651_ID_314398 1143 1

			Align 58: 4110512 4111654 NODE_87_length_1143_cov_31.9651_ID_314398 1143 1
				Gap between this and next alignment: 4111654 to 4112009 (354 bp)
				Next Alignment: 4112009 4242776 NODE_8_length_306397_cov_40.1388_ID_258235 306397 175632

			Align 59: 4112009 4242776 NODE_8_length_306397_cov_40.1388_ID_258235 306397 175632
				Gap between this and next alignment: 4242776 to 4243114 (337 bp)
				Next Alignment: 4243114 4418744 NODE_8_length_306397_cov_40.1388_ID_258235 175631 1

			Align 60: 4243114 4418744 NODE_8_length_306397_cov_40.1388_ID_258235 175631 1
				Gap between this and next alignment: 4418744 to 4425412 (6667 bp)
				Next Alignment: 4425412 4425985 NODE_110_length_574_cov_32.5279_ID_315439 1 574

			Align 61: 4425412 4425985 NODE_110_length_574_cov_32.5279_ID_315439 1 574
				Gap between this and next alignment: 4425985 to 4426290 (304 bp)
				Next Alignment: 4426290 4427163 NODE_98_length_874_cov_30.232_ID_315445 1 874

			Align 62: 4426290 4427163 NODE_98_length_874_cov_30.232_ID_315445 1 874
				Gap between this and next alignment: 4427163 to 4427249 (85 bp)
				Next Alignment: 4427249 4641648 NODE_14_length_214400_cov_43.582_ID_274451 1 214400

			Align 63: 4427249 4641648 NODE_14_length_214400_cov_43.582_ID_274451 1 214400
			END in gap: 4641648 to 4641652 (4 bp)

Analysis is finished!
Founded SNPs were written into /net/metagenomics/projects/afritz_assemblies/Similarity_Experiment/Ecoli_OneTree/metaquast_consensus_spades/Ecoli_0935/runs_per_reference/Ecoli_0935/contigs_reports/nucmer_output/scaffolds.used_snps

Results:
	Local Misassemblies: 3
	Misassemblies: 15
		Relocations: 15
		Translocations: 0
		Inversions: 0
	Misassembled Contigs: 2
	Misassembled Contig Bases: 401494
	Misassemblies Inter-Contig Overlap: 0
Uncovered Regions: 0 (0)
Unaligned Contigs: 0 + 1 part
Partially Unaligned Contigs with Misassemblies: 0
Unaligned Contig Bases: 222

Ambiguously Mapped Contigs: 0
Total Bases in Ambiguously Mapped Contigs: 0
Note that --allow-ambiguity option was set to "one" and only first alignment per each contig was used.

	Covered Bases: 4587526

	SNPs: 24160
	Insertions: 25
	Deletions: 25

	Positive Gaps: 38
		Internal Gaps:  2
		External Gaps:  36
		External Gap Total:  53677
		External Gap Average: 1491
	Negative Gaps: 9
		Internal Overlaps:  0
		External Overlaps:  9
		External Overlaps Total: -11368
		External Overlaps Average: -1263
	Contigs with Redundant Alignments: 3 (169413)
