Aligning contigs to reference...
	Running Nucmer
Parsing coords...
Loading reference...
	Loaded [Ecoli_0925_Taxon006_]
Loading SNPs...
Loading regions...
	No regions given, using whole reference.
	Total Regions: 1
	Total Region Length: 4641652
Analyzing contigs...
CONTIG: NODE_1_length_529644_cov_41.7817_ID_217131 (529644bp)
Top Length: 529644  Top ID: 99.64
		Marking as insignificant: 3125942 3126633 | 178792 178101 | 692 692 | 95.81 | Ecoli_0925_Taxon006_ NODE_1_length_529644_cov_41.7817_ID_217131
		One align captures most of this contig: 4112009 4641648 | 529644 1 | 529640 529644 | 99.64 | Ecoli_0925_Taxon006_ NODE_1_length_529644_cov_41.7817_ID_217131

CONTIG: NODE_2_length_441482_cov_39.5525_ID_203720 (441482bp)
Top Length: 441478  Top ID: 99.65
		One align captures most of this contig: 624855 1066332 | 441482 5 | 441478 441478 | 99.65 | Ecoli_0925_Taxon006_ NODE_2_length_441482_cov_39.5525_ID_203720

CONTIG: NODE_3_length_401996_cov_41.441_ID_206701 (401996bp)
Top Length: 301763  Top ID: 99.53
		This contig is misassembled. 3 total aligns.
			Real Alignment 1: 3580824 3882585 | 301763 1 | 301762 301763 | 99.53 | Ecoli_0925_Taxon006_ NODE_3_length_401996_cov_41.441_ID_206701
			  Extensive misassembly ( relocation, inconsistency = 3309451 ) between these two alignments
			Real Alignment 2: 177655 178082 | 395481 395054 | 428 428 | 95.56 | Ecoli_0925_Taxon006_ NODE_3_length_401996_cov_41.441_ID_206701
			  Extensive misassembly ( relocation, inconsistency = -10899 ) between these two alignments
			Real Alignment 3: 167184 168824 | 395482 397122 | 1641 1641 | 95.37 | Ecoli_0925_Taxon006_ NODE_3_length_401996_cov_41.441_ID_206701
		This contig has significant unaligned parts (of length >= min-contig)! It can contain interspecies translocations

CONTIG: NODE_4_length_390772_cov_38.423_ID_190864 (390772bp)
Top Length: 390772  Top ID: 99.62
		Marking as insignificant: 3125942 3126633 | 290032 289341 | 692 692 | 95.81 | Ecoli_0925_Taxon006_ NODE_4_length_390772_cov_38.423_ID_190864
		Marking as insignificant: 3276116 3276820 | 290032 289328 | 705 705 | 95.18 | Ecoli_0925_Taxon006_ NODE_4_length_390772_cov_38.423_ID_190864
		One align captures most of this contig: 1639405 2030176 | 390772 1 | 390772 390772 | 99.62 | Ecoli_0925_Taxon006_ NODE_4_length_390772_cov_38.423_ID_190864

CONTIG: NODE_5_length_336727_cov_39.3763_ID_252639 (336727bp)
Top Length: 336727  Top ID: 99.64
		One align captures most of this contig: 2189762 2526488 | 1 336727 | 336727 336727 | 99.64 | Ecoli_0925_Taxon006_ NODE_5_length_336727_cov_39.3763_ID_252639

CONTIG: NODE_7_length_305443_cov_37.6599_ID_233645 (305443bp)
Top Length: 240463  Top ID: 99.7
		This contig is misassembled. 2 total aligns.
			Excluding internal overlap of size 436 between Alignment 1 and 2:  1306355 1371771 | 65416 1 | 65417 65416 --> 1306791 1371771 | 64980 1 | 64981 64980
			Real Alignment 1: 1306791 1371771 | 64980 1 | 64981 64980 | 99.66 | Ecoli_0925_Taxon006_ NODE_7_length_305443_cov_37.6599_ID_233645
			  Gap between these two alignments (local misassembly). Inconsistency = 180 
			Real Alignment 2: 1066148 1306610 | 305443 64981 | 240463 240463 | 99.7 | Ecoli_0925_Taxon006_ NODE_7_length_305443_cov_37.6599_ID_233645

CONTIG: NODE_8_length_304506_cov_37.772_ID_193397 (304506bp)
Top Length: 304506  Top ID: 99.69
		One align captures most of this contig: 2820995 3125500 | 1 304506 | 304506 304506 | 99.69 | Ecoli_0925_Taxon006_ NODE_8_length_304506_cov_37.772_ID_193397

CONTIG: NODE_11_length_220920_cov_43.7671_ID_224982 (220920bp)
Top Length: 220920  Top ID: 99.45
		Marking as insignificant: 3580824 3581588 | 141428 140664 | 765 765 | 95.03 | Ecoli_0925_Taxon006_ NODE_11_length_220920_cov_43.7671_ID_224982
		Marking as insignificant: 3580824 3581588 | 174132 173368 | 765 765 | 95.03 | Ecoli_0925_Taxon006_ NODE_11_length_220920_cov_43.7671_ID_224982
		Marking as insignificant: 3580824 3581589 | 162661 161896 | 766 766 | 95.04 | Ecoli_0925_Taxon006_ NODE_11_length_220920_cov_43.7671_ID_224982
		Marking as insignificant: 1308256 1309510 | 197963 199217 | 1255 1255 | 95.06 | Ecoli_0925_Taxon006_ NODE_11_length_220920_cov_43.7671_ID_224982
		Marking as insignificant: 736843 738094 | 197963 199214 | 1252 1252 | 96.17 | Ecoli_0925_Taxon006_ NODE_11_length_220920_cov_43.7671_ID_224982
		One align captures most of this contig: 117245 338186 | 1 220920 | 220942 220920 | 99.45 | Ecoli_0925_Taxon006_ NODE_11_length_220920_cov_43.7671_ID_224982

CONTIG: NODE_12_length_210748_cov_39.2505_ID_197066 (210748bp)
Top Length: 210748  Top ID: 99.62
		One align captures most of this contig: 1428165 1638912 | 1 210748 | 210748 210748 | 99.62 | Ecoli_0925_Taxon006_ NODE_12_length_210748_cov_39.2505_ID_197066

CONTIG: NODE_17_length_183318_cov_42.5039_ID_249531 (183318bp)
Top Length: 183318  Top ID: 99.49
		One align captures most of this contig: 434981 618298 | 183318 1 | 183318 183318 | 99.49 | Ecoli_0925_Taxon006_ NODE_17_length_183318_cov_42.5039_ID_249531

CONTIG: NODE_18_length_182223_cov_36.7879_ID_216005 (182223bp)
Top Length: 182223  Top ID: 99.72
		One align captures most of this contig: 2527171 2709393 | 1 182223 | 182223 182223 | 99.72 | Ecoli_0925_Taxon006_ NODE_18_length_182223_cov_36.7879_ID_216005

CONTIG: NODE_20_length_176954_cov_51.2722_ID_209805 (176954bp)
Top Length: 116023  Top ID: 99.13
		Skipping redundant alignment 3580824 3581588 | 20341 19577 | 765 765 | 95.03 | Ecoli_0925_Taxon006_ NODE_20_length_176954_cov_51.2722_ID_209805
		This contig is misassembled. 3 total aligns.
			Excluding internal overlap of size 2447 between Alignment 1 and 2:  3974660 4038037 | 113577 176954 | 63378 63378 --> 3977107 4038037 | 116024 176954 | 60931 60931
			Real Alignment 1: 220 116240 | 1 116023 | 116021 116023 | 99.13 | Ecoli_0925_Taxon006_ NODE_20_length_176954_cov_51.2722_ID_209805
			  Extensive misassembly ( relocation, inconsistency = 3860866 ) between these two alignments
			Real Alignment 2: 3977107 4038037 | 116024 176954 | 60931 60931 | 99.37 | Ecoli_0925_Taxon006_ NODE_20_length_176954_cov_51.2722_ID_209805

CONTIG: NODE_27_length_128117_cov_38.1015_ID_211414 (128117bp)
Top Length: 128117  Top ID: 99.66
		One align captures most of this contig: 3295033 3423149 | 128117 1 | 128117 128117 | 99.66 | Ecoli_0925_Taxon006_ NODE_27_length_128117_cov_38.1015_ID_211414

CONTIG: NODE_28_length_126242_cov_38.2186_ID_221257 (126242bp)
Top Length: 126242  Top ID: 99.7
		One align captures most of this contig: 3426415 3552656 | 1 126242 | 126242 126242 | 99.7 | Ecoli_0925_Taxon006_ NODE_28_length_126242_cov_38.2186_ID_221257

CONTIG: NODE_32_length_107192_cov_37.7833_ID_232753 (107192bp)
Top Length: 107192  Top ID: 99.72
		One align captures most of this contig: 2713194 2820385 | 107192 1 | 107192 107192 | 99.72 | Ecoli_0925_Taxon006_ NODE_32_length_107192_cov_37.7833_ID_232753

CONTIG: NODE_33_length_107095_cov_37.3744_ID_190233 (107095bp)
Top Length: 107095  Top ID: 99.75
		One align captures most of this contig: 3168140 3275234 | 107095 1 | 107095 107095 | 99.75 | Ecoli_0925_Taxon006_ NODE_33_length_107095_cov_37.3744_ID_190233

CONTIG: NODE_34_length_98652_cov_39.6517_ID_247791 (98652bp)
Top Length: 98652  Top ID: 99.69
		One align captures most of this contig: 2090259 2188910 | 98652 1 | 98652 98652 | 99.69 | Ecoli_0925_Taxon006_ NODE_34_length_98652_cov_39.6517_ID_247791

CONTIG: NODE_35_length_95883_cov_39.3675_ID_230987 (95883bp)
Top Length: 95883  Top ID: 99.55
		Marking as insignificant: 1308252 1309511 | 85267 86526 | 1260 1260 | 96.51 | Ecoli_0925_Taxon006_ NODE_35_length_95883_cov_39.3675_ID_230987
		One align captures most of this contig: 338142 434024 | 1 95883 | 95883 95883 | 99.55 | Ecoli_0925_Taxon006_ NODE_35_length_95883_cov_39.3675_ID_230987

CONTIG: NODE_44_length_61850_cov_38.2652_ID_244664 (61850bp)
Top Length: 61850  Top ID: 99.64
		One align captures most of this contig: 4044587 4106436 | 1 61850 | 61850 61850 | 99.64 | Ecoli_0925_Taxon006_ NODE_44_length_61850_cov_38.2652_ID_244664

CONTIG: NODE_45_length_59052_cov_38.193_ID_202499 (59052bp)
Top Length: 59052  Top ID: 99.72
		One align captures most of this contig: 3883793 3942844 | 59052 1 | 59052 59052 | 99.72 | Ecoli_0925_Taxon006_ NODE_45_length_59052_cov_38.193_ID_202499

CONTIG: NODE_47_length_56100_cov_37.0983_ID_229994 (56100bp)
Top Length: 56100  Top ID: 99.79
		One align captures most of this contig: 2030604 2086703 | 56100 1 | 56100 56100 | 99.79 | Ecoli_0925_Taxon006_ NODE_47_length_56100_cov_37.0983_ID_229994

CONTIG: NODE_50_length_51200_cov_37.2306_ID_246292 (51200bp)
Top Length: 51200  Top ID: 99.64
		One align captures most of this contig: 1372205 1423404 | 51200 1 | 51200 51200 | 99.64 | Ecoli_0925_Taxon006_ NODE_50_length_51200_cov_37.2306_ID_246292

CONTIG: NODE_52_length_41742_cov_37.6445_ID_238986 (41742bp)
Top Length: 41742  Top ID: 99.59
		One align captures most of this contig: 3126435 3168176 | 1 41742 | 41742 41742 | 99.59 | Ecoli_0925_Taxon006_ NODE_52_length_41742_cov_37.6445_ID_238986

CONTIG: NODE_61_length_28421_cov_35.9136_ID_242293 (28421bp)
Top Length: 28421  Top ID: 99.81
		One align captures most of this contig: 3946703 3975123 | 1 28421 | 28421 28421 | 99.81 | Ecoli_0925_Taxon006_ NODE_61_length_28421_cov_35.9136_ID_242293

CONTIG: NODE_64_length_26584_cov_35.6648_ID_229255 (26584bp)
Top Length: 26584  Top ID: 99.88
		One align captures most of this contig: 3554356 3580939 | 26584 1 | 26584 26584 | 99.88 | Ecoli_0925_Taxon006_ NODE_64_length_26584_cov_35.6648_ID_229255

CONTIG: NODE_68_length_13167_cov_39.1915_ID_252246 (13167bp)
Top Length: 13167  Top ID: 99.53
		One align captures most of this contig: 3277777 3290943 | 1 13167 | 13167 13167 | 99.53 | Ecoli_0925_Taxon006_ NODE_68_length_13167_cov_39.1915_ID_252246

CONTIG: NODE_73_length_5466_cov_34.7525_ID_233450 (5466bp)
Top Length: 5466  Top ID: 99.63
		One align captures most of this contig: 618734 624199 | 1 5466 | 5466 5466 | 99.63 | Ecoli_0925_Taxon006_ NODE_73_length_5466_cov_34.7525_ID_233450

CONTIG: NODE_80_length_1422_cov_33.7498_ID_253424 (1422bp)
Top Length: 1422  Top ID: 100.0
		One align captures most of this contig: 3291651 3293072 | 1 1422 | 1422 1422 | 100.0 | Ecoli_0925_Taxon006_ NODE_80_length_1422_cov_33.7498_ID_253424

CONTIG: NODE_82_length_1239_cov_28.8708_ID_253426 (1239bp)
Top Length: 1239  Top ID: 100.0
		One align captures most of this contig: 1423825 1425063 | 1 1239 | 1239 1239 | 100.0 | Ecoli_0925_Taxon006_ NODE_82_length_1239_cov_28.8708_ID_253426

CONTIG: NODE_85_length_1026_cov_61.3934_ID_253344 (1026bp)
Top Length: 1026  Top ID: 97.56
		Marking as insignificant: 4107334 4107416 | 83 1 | 83 83 | 97.59 | Ecoli_0925_Taxon006_ NODE_85_length_1026_cov_61.3934_ID_253344
		One align captures most of this contig: 3882822 3883847 | 1 1026 | 1026 1026 | 97.56 | Ecoli_0925_Taxon006_ NODE_85_length_1026_cov_61.3934_ID_253344

CONTIG: NODE_86_length_1002_cov_35.5343_ID_253468 (1002bp)
Top Length: 1002  Top ID: 100.0
		One align captures most of this contig: 4042498 4043499 | 1 1002 | 1002 1002 | 100.0 | Ecoli_0925_Taxon006_ NODE_86_length_1002_cov_35.5343_ID_253468

CONTIG: NODE_89_length_844_cov_32.7833_ID_253432 (844bp)
Top Length: 844  Top ID: 100.0
		One align captures most of this contig: 1425743 1426586 | 1 844 | 844 844 | 100.0 | Ecoli_0925_Taxon006_ NODE_89_length_844_cov_32.7833_ID_253432

CONTIG: NODE_90_length_817_cov_30.7703_ID_253448 (817bp)
Top Length: 817  Top ID: 100.0
		One align captures most of this contig: 3293174 3293990 | 1 817 | 817 817 | 100.0 | Ecoli_0925_Taxon006_ NODE_90_length_817_cov_30.7703_ID_253448

CONTIG: NODE_91_length_790_cov_36.9034_ID_253406 (790bp)
Top Length: 790  Top ID: 100.0
		One align captures most of this contig: 3290902 3291691 | 790 1 | 790 790 | 100.0 | Ecoli_0925_Taxon006_ NODE_91_length_790_cov_36.9034_ID_253406

CONTIG: NODE_92_length_752_cov_32.1636_ID_253480 (752bp)
Top Length: 752  Top ID: 100.0
		One align captures most of this contig: 1425042 1425793 | 1 752 | 752 752 | 100.0 | Ecoli_0925_Taxon006_ NODE_92_length_752_cov_32.1636_ID_253480

CONTIG: NODE_93_length_685_cov_27.6635_ID_253454 (685bp)
Top Length: 685  Top ID: 100.0
		One align captures most of this contig: 4106395 4107079 | 685 1 | 685 685 | 100.0 | Ecoli_0925_Taxon006_ NODE_93_length_685_cov_27.6635_ID_253454

CONTIG: NODE_94_length_633_cov_69.7855_ID_253358 (633bp)
Top Length: 633  Top ID: 98.1
		One align captures most of this contig: 2188856 2189488 | 633 1 | 633 633 | 98.1 | Ecoli_0925_Taxon006_ NODE_94_length_633_cov_69.7855_ID_253358

CONTIG: NODE_96_length_603_cov_33.7391_ID_253388 (603bp)
Top Length: 603  Top ID: 100.0
		One align captures most of this contig: 4043897 4044499 | 603 1 | 603 603 | 100.0 | Ecoli_0925_Taxon006_ NODE_96_length_603_cov_33.7391_ID_253388

CONTIG: NODE_97_length_593_cov_35.4257_ID_253073 (593bp)
Top Length: 593  Top ID: 100.0
		One align captures most of this contig: 2089365 2089957 | 1 593 | 593 593 | 100.0 | Ecoli_0925_Taxon006_ NODE_97_length_593_cov_35.4257_ID_253073

CONTIG: NODE_98_length_520_cov_91.9613_ID_253364 (520bp)
Top Length: 520  Top ID: 96.73
		One align captures most of this contig: 3277312 3277831 | 1 520 | 520 520 | 96.73 | Ecoli_0925_Taxon006_ NODE_98_length_520_cov_91.9613_ID_253364

CONTIG: NODE_99_length_504_cov_30.5969_ID_253418 (504bp)
Top Length: 504  Top ID: 100.0
		One align captures most of this contig: 4043448 4043951 | 1 504 | 504 504 | 100.0 | Ecoli_0925_Taxon006_ NODE_99_length_504_cov_30.5969_ID_253418

Analyzing coverage...
Writing SNPs into /net/metagenomics/projects/afritz_assemblies/Similarity_Experiment/Ecoli_OneTree/metaquast_consensus_spades/Ecoli_0925/runs_per_reference/Ecoli_0925/contigs_reports/nucmer_output/scaffolds.used_snps
	Reference Ecoli_0925_Taxon006_: 45 total alignments. 1 total regions.
		Region: 1 to 4641652 (4641652 bp)
			START in gap: 1 to 220 (219 bp)
			Align 1: 220 116240 NODE_20_length_176954_cov_51.2722_ID_209805 1 116023
				Gap between this and next alignment: 116240 to 117245 (1004 bp)
				Next Alignment: 117245 338186 NODE_11_length_220920_cov_43.7671_ID_224982 1 220920

			Align 2: 117245 338186 NODE_11_length_220920_cov_43.7671_ID_224982 1 220920
				The next alignment (167184 168824 NODE_3_length_401996_cov_41.441_ID_206701 395482 397122) is redundant. Skipping.
				The next alignment (177655 178082 NODE_3_length_401996_cov_41.441_ID_206701 395481 395054) is redundant. Skipping.
				Negative gap (overlap) between this and next alignment: 338186 to 338142 (-44 bp)
				Next Alignment: 338142 434024 NODE_35_length_95883_cov_39.3675_ID_230987 1 95883

			Previous gap was negative, modifying coordinates to ignore overlap
				Moving contig start from 1 to 46.
			Align 5: 338187 434024 NODE_35_length_95883_cov_39.3675_ID_230987 46 95883
				Gap between this and next alignment: 434024 to 434981 (956 bp)
				Next Alignment: 434981 618298 NODE_17_length_183318_cov_42.5039_ID_249531 183318 1

			Align 6: 434981 618298 NODE_17_length_183318_cov_42.5039_ID_249531 183318 1
				Gap between this and next alignment: 618298 to 618734 (435 bp)
				Next Alignment: 618734 624199 NODE_73_length_5466_cov_34.7525_ID_233450 1 5466

			Align 7: 618734 624199 NODE_73_length_5466_cov_34.7525_ID_233450 1 5466
				Gap between this and next alignment: 624199 to 624855 (655 bp)
				Next Alignment: 624855 1066332 NODE_2_length_441482_cov_39.5525_ID_203720 441482 5

			Align 8: 624855 1066332 NODE_2_length_441482_cov_39.5525_ID_203720 441482 5
				Negative gap (overlap) between this and next alignment: 1066332 to 1066148 (-184 bp)
				Next Alignment: 1066148 1306610 NODE_7_length_305443_cov_37.6599_ID_233645 305443 64981

			Previous gap was negative, modifying coordinates to ignore overlap
				Moving contig start from 305443 to 305258.
			Align 9: 1066333 1306610 NODE_7_length_305443_cov_37.6599_ID_233645 305258 64981
				Gap between this and next alignment: 1306610 to 1306791 (180 bp)
				Next Alignment: 1306791 1371771 NODE_7_length_305443_cov_37.6599_ID_233645 64980 1

			Align 10: 1306791 1371771 NODE_7_length_305443_cov_37.6599_ID_233645 64980 1
				Gap between this and next alignment: 1371771 to 1372205 (433 bp)
				Next Alignment: 1372205 1423404 NODE_50_length_51200_cov_37.2306_ID_246292 51200 1

			Align 11: 1372205 1423404 NODE_50_length_51200_cov_37.2306_ID_246292 51200 1
				Gap between this and next alignment: 1423404 to 1423825 (420 bp)
				Next Alignment: 1423825 1425063 NODE_82_length_1239_cov_28.8708_ID_253426 1 1239

			Align 12: 1423825 1425063 NODE_82_length_1239_cov_28.8708_ID_253426 1 1239
				Negative gap (overlap) between this and next alignment: 1425063 to 1425042 (-21 bp)
				Next Alignment: 1425042 1425793 NODE_92_length_752_cov_32.1636_ID_253480 1 752

			Previous gap was negative, modifying coordinates to ignore overlap
				Moving contig start from 1 to 23.
			Align 13: 1425064 1425793 NODE_92_length_752_cov_32.1636_ID_253480 23 752
				Negative gap (overlap) between this and next alignment: 1425793 to 1425743 (-50 bp)
				Next Alignment: 1425743 1426586 NODE_89_length_844_cov_32.7833_ID_253432 1 844

			Previous gap was negative, modifying coordinates to ignore overlap
				Moving contig start from 1 to 52.
			Align 14: 1425794 1426586 NODE_89_length_844_cov_32.7833_ID_253432 52 844
				Gap between this and next alignment: 1426586 to 1428165 (1578 bp)
				Next Alignment: 1428165 1638912 NODE_12_length_210748_cov_39.2505_ID_197066 1 210748

			Align 15: 1428165 1638912 NODE_12_length_210748_cov_39.2505_ID_197066 1 210748
				Gap between this and next alignment: 1638912 to 1639405 (492 bp)
				Next Alignment: 1639405 2030176 NODE_4_length_390772_cov_38.423_ID_190864 390772 1

			Align 16: 1639405 2030176 NODE_4_length_390772_cov_38.423_ID_190864 390772 1
				Gap between this and next alignment: 2030176 to 2030604 (427 bp)
				Next Alignment: 2030604 2086703 NODE_47_length_56100_cov_37.0983_ID_229994 56100 1

			Align 17: 2030604 2086703 NODE_47_length_56100_cov_37.0983_ID_229994 56100 1
				Gap between this and next alignment: 2086703 to 2089365 (2661 bp)
				Next Alignment: 2089365 2089957 NODE_97_length_593_cov_35.4257_ID_253073 1 593

			Align 18: 2089365 2089957 NODE_97_length_593_cov_35.4257_ID_253073 1 593
				Gap between this and next alignment: 2089957 to 2090259 (301 bp)
				Next Alignment: 2090259 2188910 NODE_34_length_98652_cov_39.6517_ID_247791 98652 1

			Align 19: 2090259 2188910 NODE_34_length_98652_cov_39.6517_ID_247791 98652 1
				Negative gap (overlap) between this and next alignment: 2188910 to 2188856 (-54 bp)
				Next Alignment: 2188856 2189488 NODE_94_length_633_cov_69.7855_ID_253358 633 1

			Previous gap was negative, modifying coordinates to ignore overlap
				Moving contig start from 633 to 578.
			Align 20: 2188911 2189488 NODE_94_length_633_cov_69.7855_ID_253358 578 1
				Gap between this and next alignment: 2189488 to 2189762 (273 bp)
				Next Alignment: 2189762 2526488 NODE_5_length_336727_cov_39.3763_ID_252639 1 336727

			Align 21: 2189762 2526488 NODE_5_length_336727_cov_39.3763_ID_252639 1 336727
				Gap between this and next alignment: 2526488 to 2527171 (682 bp)
				Next Alignment: 2527171 2709393 NODE_18_length_182223_cov_36.7879_ID_216005 1 182223

			Align 22: 2527171 2709393 NODE_18_length_182223_cov_36.7879_ID_216005 1 182223
				Gap between this and next alignment: 2709393 to 2713194 (3800 bp)
				Next Alignment: 2713194 2820385 NODE_32_length_107192_cov_37.7833_ID_232753 107192 1

			Align 23: 2713194 2820385 NODE_32_length_107192_cov_37.7833_ID_232753 107192 1
				Gap between this and next alignment: 2820385 to 2820995 (609 bp)
				Next Alignment: 2820995 3125500 NODE_8_length_304506_cov_37.772_ID_193397 1 304506

			Align 24: 2820995 3125500 NODE_8_length_304506_cov_37.772_ID_193397 1 304506
				Gap between this and next alignment: 3125500 to 3126435 (934 bp)
				Next Alignment: 3126435 3168176 NODE_52_length_41742_cov_37.6445_ID_238986 1 41742

			Align 25: 3126435 3168176 NODE_52_length_41742_cov_37.6445_ID_238986 1 41742
				Negative gap (overlap) between this and next alignment: 3168176 to 3168140 (-36 bp)
				Next Alignment: 3168140 3275234 NODE_33_length_107095_cov_37.3744_ID_190233 107095 1

			Previous gap was negative, modifying coordinates to ignore overlap
				Moving contig start from 107095 to 107058.
			Align 26: 3168177 3275234 NODE_33_length_107095_cov_37.3744_ID_190233 107058 1
				Gap between this and next alignment: 3275234 to 3277312 (2077 bp)
				Next Alignment: 3277312 3277831 NODE_98_length_520_cov_91.9613_ID_253364 1 520

			Align 27: 3277312 3277831 NODE_98_length_520_cov_91.9613_ID_253364 1 520
				Negative gap (overlap) between this and next alignment: 3277831 to 3277777 (-54 bp)
				Next Alignment: 3277777 3290943 NODE_68_length_13167_cov_39.1915_ID_252246 1 13167

			Previous gap was negative, modifying coordinates to ignore overlap
				Moving contig start from 1 to 56.
			Align 28: 3277832 3290943 NODE_68_length_13167_cov_39.1915_ID_252246 56 13167
				Negative gap (overlap) between this and next alignment: 3290943 to 3290902 (-41 bp)
				Next Alignment: 3290902 3291691 NODE_91_length_790_cov_36.9034_ID_253406 790 1

			Previous gap was negative, modifying coordinates to ignore overlap
				Moving contig start from 790 to 748.
			Align 29: 3290944 3291691 NODE_91_length_790_cov_36.9034_ID_253406 748 1
				Negative gap (overlap) between this and next alignment: 3291691 to 3291651 (-40 bp)
				Next Alignment: 3291651 3293072 NODE_80_length_1422_cov_33.7498_ID_253424 1 1422

			Previous gap was negative, modifying coordinates to ignore overlap
				Moving contig start from 1 to 42.
			Align 30: 3291692 3293072 NODE_80_length_1422_cov_33.7498_ID_253424 42 1422
				Gap between this and next alignment: 3293072 to 3293174 (101 bp)
				Next Alignment: 3293174 3293990 NODE_90_length_817_cov_30.7703_ID_253448 1 817

			Align 31: 3293174 3293990 NODE_90_length_817_cov_30.7703_ID_253448 1 817
				Gap between this and next alignment: 3293990 to 3295033 (1042 bp)
				Next Alignment: 3295033 3423149 NODE_27_length_128117_cov_38.1015_ID_211414 128117 1

			Align 32: 3295033 3423149 NODE_27_length_128117_cov_38.1015_ID_211414 128117 1
				Gap between this and next alignment: 3423149 to 3426415 (3265 bp)
				Next Alignment: 3426415 3552656 NODE_28_length_126242_cov_38.2186_ID_221257 1 126242

			Align 33: 3426415 3552656 NODE_28_length_126242_cov_38.2186_ID_221257 1 126242
				Gap between this and next alignment: 3552656 to 3554356 (1699 bp)
				Next Alignment: 3554356 3580939 NODE_64_length_26584_cov_35.6648_ID_229255 26584 1

			Align 34: 3554356 3580939 NODE_64_length_26584_cov_35.6648_ID_229255 26584 1
				Negative gap (overlap) between this and next alignment: 3580939 to 3580824 (-115 bp)
				Next Alignment: 3580824 3882585 NODE_3_length_401996_cov_41.441_ID_206701 301763 1

			Previous gap was negative, modifying coordinates to ignore overlap
				Moving contig start from 301763 to 301647.
			Align 35: 3580940 3882585 NODE_3_length_401996_cov_41.441_ID_206701 301647 1
				Gap between this and next alignment: 3882585 to 3882822 (236 bp)
				Next Alignment: 3882822 3883847 NODE_85_length_1026_cov_61.3934_ID_253344 1 1026

			Align 36: 3882822 3883847 NODE_85_length_1026_cov_61.3934_ID_253344 1 1026
				Negative gap (overlap) between this and next alignment: 3883847 to 3883793 (-54 bp)
				Next Alignment: 3883793 3942844 NODE_45_length_59052_cov_38.193_ID_202499 59052 1

			Previous gap was negative, modifying coordinates to ignore overlap
				Moving contig start from 59052 to 58997.
			Align 37: 3883848 3942844 NODE_45_length_59052_cov_38.193_ID_202499 58997 1
				Gap between this and next alignment: 3942844 to 3946703 (3858 bp)
				Next Alignment: 3946703 3975123 NODE_61_length_28421_cov_35.9136_ID_242293 1 28421

			Align 38: 3946703 3975123 NODE_61_length_28421_cov_35.9136_ID_242293 1 28421
				Gap between this and next alignment: 3975123 to 3977107 (1983 bp)
				Next Alignment: 3977107 4038037 NODE_20_length_176954_cov_51.2722_ID_209805 116024 176954

			Align 39: 3977107 4038037 NODE_20_length_176954_cov_51.2722_ID_209805 116024 176954
				Gap between this and next alignment: 4038037 to 4042498 (4460 bp)
				Next Alignment: 4042498 4043499 NODE_86_length_1002_cov_35.5343_ID_253468 1 1002

			Align 40: 4042498 4043499 NODE_86_length_1002_cov_35.5343_ID_253468 1 1002
				Negative gap (overlap) between this and next alignment: 4043499 to 4043448 (-51 bp)
				Next Alignment: 4043448 4043951 NODE_99_length_504_cov_30.5969_ID_253418 1 504

			Previous gap was negative, modifying coordinates to ignore overlap
				Moving contig start from 1 to 53.
			Align 41: 4043500 4043951 NODE_99_length_504_cov_30.5969_ID_253418 53 504
				Negative gap (overlap) between this and next alignment: 4043951 to 4043897 (-54 bp)
				Next Alignment: 4043897 4044499 NODE_96_length_603_cov_33.7391_ID_253388 603 1

			Previous gap was negative, modifying coordinates to ignore overlap
				Moving contig start from 603 to 548.
			Align 42: 4043952 4044499 NODE_96_length_603_cov_33.7391_ID_253388 548 1
				Gap between this and next alignment: 4044499 to 4044587 (87 bp)
				Next Alignment: 4044587 4106436 NODE_44_length_61850_cov_38.2652_ID_244664 1 61850

			Align 43: 4044587 4106436 NODE_44_length_61850_cov_38.2652_ID_244664 1 61850
				Negative gap (overlap) between this and next alignment: 4106436 to 4106395 (-41 bp)
				Next Alignment: 4106395 4107079 NODE_93_length_685_cov_27.6635_ID_253454 685 1

			Previous gap was negative, modifying coordinates to ignore overlap
				Moving contig start from 685 to 643.
			Align 44: 4106437 4107079 NODE_93_length_685_cov_27.6635_ID_253454 643 1
				Gap between this and next alignment: 4107079 to 4112009 (4929 bp)
				Next Alignment: 4112009 4641648 NODE_1_length_529644_cov_41.7817_ID_217131 529644 1

			Align 45: 4112009 4641648 NODE_1_length_529644_cov_41.7817_ID_217131 529644 1
			END in gap: 4641648 to 4641652 (4 bp)

Analysis is finished!
Founded SNPs were written into /net/metagenomics/projects/afritz_assemblies/Similarity_Experiment/Ecoli_OneTree/metaquast_consensus_spades/Ecoli_0925/runs_per_reference/Ecoli_0925/contigs_reports/nucmer_output/scaffolds.used_snps

Results:
	Local Misassemblies: 1
	Misassemblies: 3
		Relocations: 3
		Translocations: 0
		Inversions: 0
	Misassembled Contigs: 2
	Misassembled Contig Bases: 578950
	Misassemblies Inter-Contig Overlap: 0
Uncovered Regions: 0 (0)
Unaligned Contigs: 0 + 0 part
Partially Unaligned Contigs with Misassemblies: 0
Unaligned Contig Bases: 0

Ambiguously Mapped Contigs: 0
Total Bases in Ambiguously Mapped Contigs: 0
Note that --allow-ambiguity option was set to "one" and only first alignment per each contig was used.

	Covered Bases: 4601852

	SNPs: 17281
	Insertions: 26
	Deletions: 41

	Positive Gaps: 30
		Internal Gaps:  1
		External Gaps:  29
		External Gap Total:  39620
		External Gap Average: 1366
	Negative Gaps: 14
		Internal Overlaps:  0
		External Overlaps:  14
		External Overlaps Total: -839
		External Overlaps Average: -60
	Contigs with Redundant Alignments: 1 (2069)
