/home/afritz/bin/quast-3.2/quast.pyc --meta  --no-check-meta  --contig-thresholds 1000,5000,10000,25000,50000 -o /net/metagenomics/projects/afritz_assemblies/Similarity_Experiment/Ecoli_OneTree/metaquast_consensus_spades/Ecoli_0925/not_aligned --labels scaffolds /net/metagenomics/projects/afritz_assemblies/Similarity_Experiment/Ecoli_OneTree/metaquast_consensus_spades/Ecoli_0925/quast_corrected_input/scaffolds_not_aligned_anywhere.fasta

Started: 2016-05-09 10:11:07

Logging to /net/metagenomics/projects/afritz_assemblies/Similarity_Experiment/Ecoli_OneTree/metaquast_consensus_spades/Ecoli_0925/not_aligned/quast.log

NOTICE: Maximum number of threads is set to 15 (use --threads option to set it manually)

Main parameters: 
  Threads: 15, meta: true, minimum contig length: 500, ambiguity: one, threshold for extensive misassembly size: 1000

Contigs:
  /net/metagenomics/projects/afritz_assemblies/Similarity_Experiment/Ecoli_OneTree/metaquast_consensus_spades/Ecoli_0925/quast_corrected_input/scaffolds_not_aligned_anywhere.fasta ==> scaffolds

2016-05-09 10:11:07
Running Basic statistics processor...
  Contig files: 
    scaffolds
  Calculating N50 and L50...
    scaffolds, N50 = 165140, L50 = 4, Total length = 1830654, GC % = 50.45, # N's per 100 kbp =  0.00
  Drawing Nx plot...
    saved to /net/metagenomics/projects/afritz_assemblies/Similarity_Experiment/Ecoli_OneTree/metaquast_consensus_spades/Ecoli_0925/not_aligned/basic_stats/Nx_plot.pdf
  Drawing cumulative plot...
    saved to /net/metagenomics/projects/afritz_assemblies/Similarity_Experiment/Ecoli_OneTree/metaquast_consensus_spades/Ecoli_0925/not_aligned/basic_stats/cumulative_plot.pdf
  Drawing GC content plot...
    saved to /net/metagenomics/projects/afritz_assemblies/Similarity_Experiment/Ecoli_OneTree/metaquast_consensus_spades/Ecoli_0925/not_aligned/basic_stats/GC_content_plot.pdf
Done.

NOTICE: Genes are not predicted by default. Use --gene-finding option to enable it.

2016-05-09 10:11:09
Drawing large plots...
This may take a while: press Ctrl-C to skip this step..
  1 of 1: Creating PDF with all tables and plots...
Done

2016-05-09 10:11:09
RESULTS:
  Text versions of total report are saved to /net/metagenomics/projects/afritz_assemblies/Similarity_Experiment/Ecoli_OneTree/metaquast_consensus_spades/Ecoli_0925/not_aligned/report.txt, report.tsv, and report.tex
  Text versions of transposed total report are saved to /net/metagenomics/projects/afritz_assemblies/Similarity_Experiment/Ecoli_OneTree/metaquast_consensus_spades/Ecoli_0925/not_aligned/transposed_report.txt, transposed_report.tsv, and transposed_report.tex
  HTML version (interactive tables and plots) saved to /net/metagenomics/projects/afritz_assemblies/Similarity_Experiment/Ecoli_OneTree/metaquast_consensus_spades/Ecoli_0925/not_aligned/report.html
  PDF version (tables and plots) saved to /net/metagenomics/projects/afritz_assemblies/Similarity_Experiment/Ecoli_OneTree/metaquast_consensus_spades/Ecoli_0925/not_aligned/report.pdf
    saved to /net/metagenomics/projects/afritz_assemblies/Similarity_Experiment/Ecoli_OneTree/metaquast_consensus_spades/Ecoli_0925/summary/PDF/#_contigs.pdf
    saved to /net/metagenomics/projects/afritz_assemblies/Similarity_Experiment/Ecoli_OneTree/metaquast_consensus_spades/Ecoli_0925/summary/PDF/Largest_contig.pdf
    saved to /net/metagenomics/projects/afritz_assemblies/Similarity_Experiment/Ecoli_OneTree/metaquast_consensus_spades/Ecoli_0925/summary/PDF/Total_length.pdf
    saved to /net/metagenomics/projects/afritz_assemblies/Similarity_Experiment/Ecoli_OneTree/metaquast_consensus_spades/Ecoli_0925/summary/PDF/Total_length_(>=_1000_bp).pdf
    saved to /net/metagenomics/projects/afritz_assemblies/Similarity_Experiment/Ecoli_OneTree/metaquast_consensus_spades/Ecoli_0925/summary/PDF/Total_length_(>=_10000_bp).pdf
    saved to /net/metagenomics/projects/afritz_assemblies/Similarity_Experiment/Ecoli_OneTree/metaquast_consensus_spades/Ecoli_0925/summary/PDF/Total_length_(>=_50000_bp).pdf
    saved to /net/metagenomics/projects/afritz_assemblies/Similarity_Experiment/Ecoli_OneTree/metaquast_consensus_spades/Ecoli_0925/summary/PDF/#_misassemblies.pdf
    saved to /net/metagenomics/projects/afritz_assemblies/Similarity_Experiment/Ecoli_OneTree/metaquast_consensus_spades/Ecoli_0925/summary/PDF/scaffolds_misassemblies.pdf
    saved to /net/metagenomics/projects/afritz_assemblies/Similarity_Experiment/Ecoli_OneTree/metaquast_consensus_spades/Ecoli_0925/summary/PDF/Misassembled_contigs_length.pdf
    saved to /net/metagenomics/projects/afritz_assemblies/Similarity_Experiment/Ecoli_OneTree/metaquast_consensus_spades/Ecoli_0925/summary/PDF/#_mismatches_per_100_kbp.pdf
    saved to /net/metagenomics/projects/afritz_assemblies/Similarity_Experiment/Ecoli_OneTree/metaquast_consensus_spades/Ecoli_0925/summary/PDF/#_indels_per_100_kbp.pdf
    saved to /net/metagenomics/projects/afritz_assemblies/Similarity_Experiment/Ecoli_OneTree/metaquast_consensus_spades/Ecoli_0925/summary/PDF/#_N's_per_100_kbp.pdf
    saved to /net/metagenomics/projects/afritz_assemblies/Similarity_Experiment/Ecoli_OneTree/metaquast_consensus_spades/Ecoli_0925/summary/PDF/Genome_fraction_(%).pdf
    saved to /net/metagenomics/projects/afritz_assemblies/Similarity_Experiment/Ecoli_OneTree/metaquast_consensus_spades/Ecoli_0925/summary/PDF/Duplication_ratio.pdf
    saved to /net/metagenomics/projects/afritz_assemblies/Similarity_Experiment/Ecoli_OneTree/metaquast_consensus_spades/Ecoli_0925/summary/PDF/NGA50.pdf
