Aligning contigs to reference...
	Running Nucmer
Parsing coords...
Loading reference...
	Loaded [Ecoli_ancestor_Ancestor_]
Loading SNPs...
Loading regions...
	No regions given, using whole reference.
	Total Regions: 1
	Total Region Length: 4641652
Analyzing contigs...
CONTIG: NODE_3_length_330825_cov_49.3182_ID_362936 (330825bp)
Top Length: 330825  Top ID: 99.19
		One align captures most of this contig: 2607456 2938280 | 1 330825 | 330825 330825 | 99.19 | Ecoli_ancestor_Ancestor_ NODE_3_length_330825_cov_49.3182_ID_362936

CONTIG: NODE_5_length_268043_cov_49.8345_ID_358784 (268043bp)
Top Length: 268043  Top ID: 99.16
		Marking as insignificant: 2069798 2069873 | 246 171 | 76 76 | 100.0 | Ecoli_ancestor_Ancestor_ NODE_5_length_268043_cov_49.8345_ID_358784
		Marking as insignificant: 3810173 3810250 | 758 681 | 78 78 | 100.0 | Ecoli_ancestor_Ancestor_ NODE_5_length_268043_cov_49.8345_ID_358784
		Marking as insignificant: 2069469 2069551 | 555 473 | 83 83 | 98.8 | Ecoli_ancestor_Ancestor_ NODE_5_length_268043_cov_49.8345_ID_358784
		Marking as insignificant: 1519408 1519533 | 22551 22426 | 126 126 | 98.41 | Ecoli_ancestor_Ancestor_ NODE_5_length_268043_cov_49.8345_ID_358784
		Marking as insignificant: 3993699 3993826 | 22551 22424 | 128 128 | 98.44 | Ecoli_ancestor_Ancestor_ NODE_5_length_268043_cov_49.8345_ID_358784
		Marking as insignificant: 3493145 3493281 | 145082 144946 | 137 137 | 97.81 | Ecoli_ancestor_Ancestor_ NODE_5_length_268043_cov_49.8345_ID_358784
		Marking as insignificant: 2069476 2069631 | 326 171 | 156 156 | 99.36 | Ecoli_ancestor_Ancestor_ NODE_5_length_268043_cov_49.8345_ID_358784
		Marking as insignificant: 2069284 2069551 | 948 681 | 268 268 | 98.88 | Ecoli_ancestor_Ancestor_ NODE_5_length_268043_cov_49.8345_ID_358784
		One align captures most of this contig: 3541865 3809906 | 268043 1 | 268042 268043 | 99.16 | Ecoli_ancestor_Ancestor_ NODE_5_length_268043_cov_49.8345_ID_358784

CONTIG: NODE_6_length_263385_cov_48.6659_ID_393906 (263385bp)
Top Length: 263385  Top ID: 99.18
		Marking as insignificant: 3164475 3164582 | 263278 263385 | 108 108 | 99.07 | Ecoli_ancestor_Ancestor_ NODE_6_length_263385_cov_48.6659_ID_393906
		Marking as insignificant: 2939256 2939363 | 263278 263385 | 108 108 | 99.07 | Ecoli_ancestor_Ancestor_ NODE_6_length_263385_cov_48.6659_ID_393906
		Marking as insignificant: 1403378 1403485 | 263278 263385 | 108 108 | 99.07 | Ecoli_ancestor_Ancestor_ NODE_6_length_263385_cov_48.6659_ID_393906
		Marking as insignificant: 91293 91400 | 263278 263385 | 108 108 | 99.07 | Ecoli_ancestor_Ancestor_ NODE_6_length_263385_cov_48.6659_ID_393906
		Marking as insignificant: 4208212 4208321 | 263276 263385 | 110 110 | 99.09 | Ecoli_ancestor_Ancestor_ NODE_6_length_263385_cov_48.6659_ID_393906
		Marking as insignificant: 4300171 4300376 | 27004 26799 | 206 206 | 99.03 | Ecoli_ancestor_Ancestor_ NODE_6_length_263385_cov_48.6659_ID_393906
		One align captures most of this contig: 1594336 1857721 | 263385 1 | 263386 263385 | 99.18 | Ecoli_ancestor_Ancestor_ NODE_6_length_263385_cov_48.6659_ID_393906

CONTIG: NODE_10_length_208512_cov_50.8921_ID_383669 (208512bp)
Top Length: 208512  Top ID: 99.15
		One align captures most of this contig: 2077893 2286404 | 1 208512 | 208512 208512 | 99.15 | Ecoli_ancestor_Ancestor_ NODE_10_length_208512_cov_50.8921_ID_383669

CONTIG: NODE_11_length_208272_cov_49.4577_ID_389895 (208272bp)
Top Length: 208272  Top ID: 99.2
		Marking as insignificant: 3809963 3810039 | 4834 4758 | 77 77 | 100.0 | Ecoli_ancestor_Ancestor_ NODE_11_length_208272_cov_49.4577_ID_389895
		Marking as insignificant: 3809963 3810039 | 4956 4880 | 77 77 | 100.0 | Ecoli_ancestor_Ancestor_ NODE_11_length_208272_cov_49.4577_ID_389895
		Marking as insignificant: 3809963 3810039 | 5078 5002 | 77 77 | 100.0 | Ecoli_ancestor_Ancestor_ NODE_11_length_208272_cov_49.4577_ID_389895
		Marking as insignificant: 3810173 3810250 | 5159 5082 | 78 78 | 100.0 | Ecoli_ancestor_Ancestor_ NODE_11_length_208272_cov_49.4577_ID_389895
		Marking as insignificant: 3809659 3809736 | 4835 4758 | 78 78 | 100.0 | Ecoli_ancestor_Ancestor_ NODE_11_length_208272_cov_49.4577_ID_389895
		Marking as insignificant: 3809659 3809736 | 4957 4880 | 78 78 | 100.0 | Ecoli_ancestor_Ancestor_ NODE_11_length_208272_cov_49.4577_ID_389895
		Marking as insignificant: 3809659 3809736 | 5079 5002 | 78 78 | 100.0 | Ecoli_ancestor_Ancestor_ NODE_11_length_208272_cov_49.4577_ID_389895
		Marking as insignificant: 3809353 3809435 | 5164 5082 | 83 83 | 98.8 | Ecoli_ancestor_Ancestor_ NODE_11_length_208272_cov_49.4577_ID_389895
		Marking as insignificant: 3808960 3809227 | 5349 5082 | 268 268 | 99.25 | Ecoli_ancestor_Ancestor_ NODE_11_length_208272_cov_49.4577_ID_389895
		One align captures most of this contig: 1866361 2074630 | 208272 1 | 208270 208272 | 99.2 | Ecoli_ancestor_Ancestor_ NODE_11_length_208272_cov_49.4577_ID_389895

CONTIG: NODE_13_length_187819_cov_49.1936_ID_427407 (187819bp)
Top Length: 187819  Top ID: 99.28
		One align captures most of this contig: 3305015 3492833 | 1 187819 | 187819 187819 | 99.28 | Ecoli_ancestor_Ancestor_ NODE_13_length_187819_cov_49.1936_ID_427407

CONTIG: NODE_15_length_177591_cov_48.3077_ID_402663 (177591bp)
Top Length: 177591  Top ID: 99.23
		One align captures most of this contig: 1225194 1402784 | 177591 1 | 177591 177591 | 99.23 | Ecoli_ancestor_Ancestor_ NODE_15_length_177591_cov_48.3077_ID_402663

CONTIG: NODE_16_length_173165_cov_49.5032_ID_396976 (173165bp)
Top Length: 173165  Top ID: 99.19
		One align captures most of this contig: 650245 823409 | 173165 1 | 173165 173165 | 99.19 | Ecoli_ancestor_Ancestor_ NODE_16_length_173165_cov_49.5032_ID_396976

CONTIG: NODE_18_length_166026_cov_49.0773_ID_341355 (166026bp)
Top Length: 166026  Top ID: 99.16
		Marking as insignificant: 608112 608199 | 27571 27658 | 88 88 | 100.0 | Ecoli_ancestor_Ancestor_ NODE_18_length_166026_cov_49.0773_ID_341355
		Marking as insignificant: 608112 608200 | 27807 27895 | 89 89 | 100.0 | Ecoli_ancestor_Ancestor_ NODE_18_length_166026_cov_49.0773_ID_341355
		Marking as insignificant: 1161802 1161950 | 165880 166026 | 149 147 | 97.99 | Ecoli_ancestor_Ancestor_ NODE_18_length_166026_cov_49.0773_ID_341355
		Marking as insignificant: 382749 382961 | 166026 165812 | 213 215 | 98.14 | Ecoli_ancestor_Ancestor_ NODE_18_length_166026_cov_49.0773_ID_341355
		One align captures most of this contig: 4367125 4533150 | 166026 1 | 166026 166026 | 99.16 | Ecoli_ancestor_Ancestor_ NODE_18_length_166026_cov_49.0773_ID_341355

CONTIG: NODE_19_length_164261_cov_49.7157_ID_405490 (164261bp)
Top Length: 164261  Top ID: 99.11
		One align captures most of this contig: 206895 371155 | 1 164261 | 164261 164261 | 99.11 | Ecoli_ancestor_Ancestor_ NODE_19_length_164261_cov_49.7157_ID_405490

CONTIG: NODE_21_length_149239_cov_49.8983_ID_392489 (149239bp)
Top Length: 149239  Top ID: 99.13
		Marking as insignificant: 413674 414859 | 38478 39663 | 1186 1186 | 98.48 | Ecoli_ancestor_Ancestor_ NODE_21_length_149239_cov_49.8983_ID_392489
		One align captures most of this contig: 1009900 1159138 | 149239 1 | 149239 149239 | 99.13 | Ecoli_ancestor_Ancestor_ NODE_21_length_149239_cov_49.8983_ID_392489

CONTIG: NODE_22_length_132163_cov_48.6938_ID_381386 (132163bp)
Top Length: 132163  Top ID: 99.27
		One align captures most of this contig: 4065010 4197172 | 132163 1 | 132163 132163 | 99.27 | Ecoli_ancestor_Ancestor_ NODE_22_length_132163_cov_48.6938_ID_381386

CONTIG: NODE_23_length_123626_cov_47.6604_ID_377970 (123626bp)
Top Length: 70477  Top ID: 99.24
		This contig is misassembled. 2 total aligns.
			Excluding internal overlap of size 317 between Alignment 1 and 2:  496178 549643 | 70161 123626 | 53466 53466 --> 496495 549643 | 70478 123626 | 53149 53149
			Real Alignment 1: 425926 496402 | 1 70477 | 70477 70477 | 99.24 | Ecoli_ancestor_Ancestor_ NODE_23_length_123626_cov_47.6604_ID_377970
			  Gap between these two alignments (local misassembly). Inconsistency = 92 
			Real Alignment 2: 496495 549643 | 70478 123626 | 53149 53149 | 99.12 | Ecoli_ancestor_Ancestor_ NODE_23_length_123626_cov_47.6604_ID_377970

CONTIG: NODE_26_length_116100_cov_49.5239_ID_410478 (116100bp)
Top Length: 116100  Top ID: 99.21
		One align captures most of this contig: 2302947 2419046 | 1 116100 | 116100 116100 | 99.21 | Ecoli_ancestor_Ancestor_ NODE_26_length_116100_cov_49.5239_ID_410478

CONTIG: NODE_28_length_107076_cov_51.0042_ID_420080 (107076bp)
Top Length: 107076  Top ID: 99.2
		Marking as insignificant: 4315655 4315763 | 106968 107076 | 109 109 | 98.17 | Ecoli_ancestor_Ancestor_ NODE_28_length_107076_cov_51.0042_ID_420080
		Marking as insignificant: 2300691 2300799 | 106968 107076 | 109 109 | 99.08 | Ecoli_ancestor_Ancestor_ NODE_28_length_107076_cov_51.0042_ID_420080
		Marking as insignificant: 2487858 2487969 | 106965 107076 | 112 112 | 100.0 | Ecoli_ancestor_Ancestor_ NODE_28_length_107076_cov_51.0042_ID_420080
		Marking as insignificant: 3291197 3291309 | 107076 106964 | 113 113 | 99.12 | Ecoli_ancestor_Ancestor_ NODE_28_length_107076_cov_51.0042_ID_420080
		Marking as insignificant: 3194652 3194764 | 107076 106964 | 113 113 | 99.12 | Ecoli_ancestor_Ancestor_ NODE_28_length_107076_cov_51.0042_ID_420080
		Marking as insignificant: 4015015 4015127 | 106964 107076 | 113 113 | 100.0 | Ecoli_ancestor_Ancestor_ NODE_28_length_107076_cov_51.0042_ID_420080
		Marking as insignificant: 1224050 1224162 | 106964 107076 | 113 113 | 100.0 | Ecoli_ancestor_Ancestor_ NODE_28_length_107076_cov_51.0042_ID_420080
		Marking as insignificant: 3901749 3901867 | 106958 107076 | 119 119 | 99.16 | Ecoli_ancestor_Ancestor_ NODE_28_length_107076_cov_51.0042_ID_420080
		Marking as insignificant: 3018660 3020163 | 92519 94022 | 1504 1504 | 96.62 | Ecoli_ancestor_Ancestor_ NODE_28_length_107076_cov_51.0042_ID_420080
		One align captures most of this contig: 830607 937682 | 1 107076 | 107076 107076 | 99.2 | Ecoli_ancestor_Ancestor_ NODE_28_length_107076_cov_51.0042_ID_420080

CONTIG: NODE_29_length_104784_cov_49.3191_ID_343801 (104784bp)
Top Length: 104784  Top ID: 99.19
		One align captures most of this contig: 93084 197867 | 104784 1 | 104784 104784 | 99.19 | Ecoli_ancestor_Ancestor_ NODE_29_length_104784_cov_49.3191_ID_343801

CONTIG: NODE_32_length_100009_cov_48.9972_ID_422215 (100009bp)
Top Length: 100009  Top ID: 99.28
		Marking as insignificant: 4310874 4310978 | 99905 100009 | 105 105 | 100.0 | Ecoli_ancestor_Ancestor_ NODE_32_length_100009_cov_48.9972_ID_422215
		Marking as insignificant: 4299403 4299507 | 99905 100009 | 105 105 | 100.0 | Ecoli_ancestor_Ancestor_ NODE_32_length_100009_cov_48.9972_ID_422215
		Marking as insignificant: 2605895 2605999 | 100009 99905 | 105 105 | 100.0 | Ecoli_ancestor_Ancestor_ NODE_32_length_100009_cov_48.9972_ID_422215
		Marking as insignificant: 4332128 4332233 | 99904 100009 | 106 106 | 100.0 | Ecoli_ancestor_Ancestor_ NODE_32_length_100009_cov_48.9972_ID_422215
		Marking as insignificant: 1007272 1007377 | 100009 99904 | 106 106 | 100.0 | Ecoli_ancestor_Ancestor_ NODE_32_length_100009_cov_48.9972_ID_422215
		One align captures most of this contig: 4541314 4641322 | 100009 1 | 100009 100009 | 99.28 | Ecoli_ancestor_Ancestor_ NODE_32_length_100009_cov_48.9972_ID_422215

CONTIG: NODE_34_length_93955_cov_49.9351_ID_423858 (93955bp)
Top Length: 93955  Top ID: 99.18
		Marking as insignificant: 4315655 4315763 | 93847 93955 | 109 109 | 98.17 | Ecoli_ancestor_Ancestor_ NODE_34_length_93955_cov_49.9351_ID_423858
		Marking as insignificant: 2300691 2300799 | 93847 93955 | 109 109 | 99.08 | Ecoli_ancestor_Ancestor_ NODE_34_length_93955_cov_49.9351_ID_423858
		Marking as insignificant: 2487858 2487969 | 93844 93955 | 112 112 | 100.0 | Ecoli_ancestor_Ancestor_ NODE_34_length_93955_cov_49.9351_ID_423858
		Marking as insignificant: 3291197 3291310 | 93955 93842 | 114 114 | 99.12 | Ecoli_ancestor_Ancestor_ NODE_34_length_93955_cov_49.9351_ID_423858
		Marking as insignificant: 4015015 4015127 | 93843 93955 | 113 113 | 100.0 | Ecoli_ancestor_Ancestor_ NODE_34_length_93955_cov_49.9351_ID_423858
		Marking as insignificant: 1224050 1224162 | 93843 93955 | 113 113 | 100.0 | Ecoli_ancestor_Ancestor_ NODE_34_length_93955_cov_49.9351_ID_423858
		Marking as insignificant: 937570 937682 | 93843 93955 | 113 113 | 100.0 | Ecoli_ancestor_Ancestor_ NODE_34_length_93955_cov_49.9351_ID_423858
		Marking as insignificant: 3901751 3901867 | 93839 93955 | 117 117 | 99.15 | Ecoli_ancestor_Ancestor_ NODE_34_length_93955_cov_49.9351_ID_423858
		One align captures most of this contig: 3194652 3288606 | 93955 1 | 93955 93955 | 99.18 | Ecoli_ancestor_Ancestor_ NODE_34_length_93955_cov_49.9351_ID_423858

CONTIG: NODE_36_length_86228_cov_51.0428_ID_386017 (86228bp)
Top Length: 86228  Top ID: 99.19
		Marking as insignificant: 4505493 4505580 | 51695 51608 | 88 88 | 100.0 | Ecoli_ancestor_Ancestor_ NODE_36_length_86228_cov_51.0428_ID_386017
		Marking as insignificant: 4505256 4505344 | 51696 51608 | 89 89 | 100.0 | Ecoli_ancestor_Ancestor_ NODE_36_length_86228_cov_51.0428_ID_386017
		One align captures most of this contig: 556505 642732 | 1 86228 | 86228 86228 | 99.19 | Ecoli_ancestor_Ancestor_ NODE_36_length_86228_cov_51.0428_ID_386017

CONTIG: NODE_38_length_83203_cov_51.5238_ID_432122 (83203bp)
Top Length: 83203  Top ID: 99.35
		Marking as insignificant: 4351427 4351706 | 18698 18977 | 280 280 | 97.86 | Ecoli_ancestor_Ancestor_ NODE_38_length_83203_cov_51.5238_ID_432122
		Marking as insignificant: 4012308 4012677 | 80979 80610 | 370 370 | 96.49 | Ecoli_ancestor_Ancestor_ NODE_38_length_83203_cov_51.5238_ID_432122
		Marking as insignificant: 3851944 3852832 | 19065 19953 | 889 889 | 95.84 | Ecoli_ancestor_Ancestor_ NODE_38_length_83203_cov_51.5238_ID_432122
		Marking as insignificant: 3852833 3854097 | 18687 19952 | 1265 1266 | 95.81 | Ecoli_ancestor_Ancestor_ NODE_38_length_83203_cov_51.5238_ID_432122
		Marking as insignificant: 965280 966570 | 18687 19977 | 1291 1291 | 97.68 | Ecoli_ancestor_Ancestor_ NODE_38_length_83203_cov_51.5238_ID_432122
		Marking as insignificant: 4063791 4065314 | 22182 23705 | 1524 1524 | 96.26 | Ecoli_ancestor_Ancestor_ NODE_38_length_83203_cov_51.5238_ID_432122
		One align captures most of this contig: 3039156 3122358 | 1 83203 | 83203 83203 | 99.35 | Ecoli_ancestor_Ancestor_ NODE_38_length_83203_cov_51.5238_ID_432122

CONTIG: NODE_39_length_80872_cov_49.3897_ID_401843 (80872bp)
Top Length: 80872  Top ID: 99.22
		One align captures most of this contig: 692 81563 | 80872 1 | 80872 80872 | 99.22 | Ecoli_ancestor_Ancestor_ NODE_39_length_80872_cov_49.3897_ID_401843

CONTIG: NODE_40_length_79547_cov_47.4022_ID_387179 (79547bp)
Top Length: 79547  Top ID: 99.32
		One align captures most of this contig: 2524575 2604121 | 79547 1 | 79547 79547 | 99.32 | Ecoli_ancestor_Ancestor_ NODE_40_length_79547_cov_47.4022_ID_387179

CONTIG: NODE_42_length_76504_cov_50.1232_ID_432452 (76504bp)
Top Length: 76504  Top ID: 98.62
		Marking as insignificant: 923125 924628 | 16005 14502 | 1504 1504 | 95.95 | Ecoli_ancestor_Ancestor_ NODE_42_length_76504_cov_50.1232_ID_432452
		One align captures most of this contig: 2958161 3034664 | 76504 1 | 76504 76504 | 98.62 | Ecoli_ancestor_Ancestor_ NODE_42_length_76504_cov_50.1232_ID_432452

CONTIG: NODE_43_length_75686_cov_50.5496_ID_407480 (75686bp)
Top Length: 75686  Top ID: 99.2
		One align captures most of this contig: 3903845 3979530 | 1 75686 | 75686 75686 | 99.2 | Ecoli_ancestor_Ancestor_ NODE_43_length_75686_cov_50.5496_ID_407480

CONTIG: NODE_44_length_73666_cov_49.5543_ID_339733 (73666bp)
Top Length: 73666  Top ID: 99.17
		Marking as insignificant: 3787357 3787482 | 54937 55062 | 126 126 | 98.41 | Ecoli_ancestor_Ancestor_ NODE_44_length_73666_cov_49.5543_ID_339733
		Marking as insignificant: 3993697 3993824 | 54935 55062 | 128 128 | 98.44 | Ecoli_ancestor_Ancestor_ NODE_44_length_73666_cov_49.5543_ID_339733
		One align captures most of this contig: 1464472 1538137 | 1 73666 | 73666 73666 | 99.17 | Ecoli_ancestor_Ancestor_ NODE_44_length_73666_cov_49.5543_ID_339733

CONTIG: NODE_50_length_63272_cov_49.343_ID_425132 (63272bp)
Top Length: 63272  Top ID: 99.09
		One align captures most of this contig: 2420901 2484172 | 1 63272 | 63272 63272 | 99.09 | Ecoli_ancestor_Ancestor_ NODE_50_length_63272_cov_49.343_ID_425132

CONTIG: NODE_53_length_51707_cov_50.8099_ID_418287 (51707bp)
Top Length: 51707  Top ID: 98.9
		One align captures most of this contig: 1541461 1593167 | 1 51707 | 51707 51707 | 98.9 | Ecoli_ancestor_Ancestor_ NODE_53_length_51707_cov_50.8099_ID_418287

CONTIG: NODE_54_length_50967_cov_49.294_ID_426463 (50967bp)
Top Length: 50967  Top ID: 99.17
		One align captures most of this contig: 1405294 1456260 | 50967 1 | 50967 50967 | 99.17 | Ecoli_ancestor_Ancestor_ NODE_54_length_50967_cov_49.294_ID_426463

CONTIG: NODE_55_length_48667_cov_51.7184_ID_385502 (48667bp)
Top Length: 48667  Top ID: 99.05
		One align captures most of this contig: 1167655 1216321 | 48667 1 | 48667 48667 | 99.05 | Ecoli_ancestor_Ancestor_ NODE_55_length_48667_cov_51.7184_ID_385502

CONTIG: NODE_58_length_41211_cov_49.9211_ID_433187 (41211bp)
Top Length: 41209  Top ID: 99.02
		Marking as insignificant: 2069798 2069873 | 4 79 | 76 76 | 100.0 | Ecoli_ancestor_Ancestor_ NODE_58_length_41211_cov_49.9211_ID_433187
		Marking as insignificant: 3809150 3809227 | 213 290 | 78 78 | 100.0 | Ecoli_ancestor_Ancestor_ NODE_58_length_41211_cov_49.9211_ID_433187
		Marking as insignificant: 2069474 2069551 | 213 290 | 78 78 | 100.0 | Ecoli_ancestor_Ancestor_ NODE_58_length_41211_cov_49.9211_ID_433187
		Marking as insignificant: 2069553 2069631 | 1 79 | 79 79 | 100.0 | Ecoli_ancestor_Ancestor_ NODE_58_length_41211_cov_49.9211_ID_433187
		One align captures most of this contig: 3809963 3851171 | 3 41211 | 41209 41209 | 99.02 | Ecoli_ancestor_Ancestor_ NODE_58_length_41211_cov_49.9211_ID_433187

CONTIG: NODE_60_length_38933_cov_47.2591_ID_428793 (38933bp)
Top Length: 38933  Top ID: 99.12
		One align captures most of this contig: 4024999 4063931 | 38933 1 | 38933 38933 | 99.12 | Ecoli_ancestor_Ancestor_ NODE_60_length_38933_cov_47.2591_ID_428793

CONTIG: NODE_61_length_38031_cov_50.349_ID_340873 (38031bp)
Top Length: 38031  Top ID: 99.43
		One align captures most of this contig: 3502283 3540313 | 38031 1 | 38031 38031 | 99.43 | Ecoli_ancestor_Ancestor_ NODE_61_length_38031_cov_50.349_ID_340873

CONTIG: NODE_62_length_35617_cov_49.0749_ID_428339 (35617bp)
Top Length: 35617  Top ID: 99.36
		Marking as insignificant: 4315655 4315763 | 109 1 | 109 109 | 98.17 | Ecoli_ancestor_Ancestor_ NODE_62_length_35617_cov_49.0749_ID_428339
		Marking as insignificant: 2300691 2300799 | 109 1 | 109 109 | 99.08 | Ecoli_ancestor_Ancestor_ NODE_62_length_35617_cov_49.0749_ID_428339
		Marking as insignificant: 2487858 2487969 | 112 1 | 112 112 | 100.0 | Ecoli_ancestor_Ancestor_ NODE_62_length_35617_cov_49.0749_ID_428339
		Marking as insignificant: 3291197 3291309 | 1 113 | 113 113 | 99.12 | Ecoli_ancestor_Ancestor_ NODE_62_length_35617_cov_49.0749_ID_428339
		Marking as insignificant: 4015015 4015127 | 113 1 | 113 113 | 100.0 | Ecoli_ancestor_Ancestor_ NODE_62_length_35617_cov_49.0749_ID_428339
		Marking as insignificant: 1224050 1224162 | 113 1 | 113 113 | 100.0 | Ecoli_ancestor_Ancestor_ NODE_62_length_35617_cov_49.0749_ID_428339
		Marking as insignificant: 3194652 3194768 | 1 117 | 117 117 | 98.29 | Ecoli_ancestor_Ancestor_ NODE_62_length_35617_cov_49.0749_ID_428339
		Marking as insignificant: 937564 937682 | 119 1 | 119 119 | 99.16 | Ecoli_ancestor_Ancestor_ NODE_62_length_35617_cov_49.0749_ID_428339
		One align captures most of this contig: 3866251 3901867 | 35617 1 | 35617 35617 | 99.36 | Ecoli_ancestor_Ancestor_ NODE_62_length_35617_cov_49.0749_ID_428339

CONTIG: NODE_64_length_34669_cov_47.485_ID_423525 (34669bp)
Top Length: 34669  Top ID: 99.37
		One align captures most of this contig: 971673 1006341 | 1 34669 | 34669 34669 | 99.37 | Ecoli_ancestor_Ancestor_ NODE_64_length_34669_cov_47.485_ID_423525

CONTIG: NODE_65_length_33610_cov_53.8074_ID_401531 (33610bp)
Top Length: 33610  Top ID: 99.15
		Marking as insignificant: 1119476 1120661 | 3671 4856 | 1186 1186 | 98.23 | Ecoli_ancestor_Ancestor_ NODE_65_length_33610_cov_53.8074_ID_401531
		One align captures most of this contig: 384920 418529 | 33610 1 | 33610 33610 | 99.15 | Ecoli_ancestor_Ancestor_ NODE_65_length_33610_cov_53.8074_ID_401531

CONTIG: NODE_68_length_31380_cov_53.7943_ID_400137 (31380bp)
Top Length: 31380  Top ID: 99.37
		Marking as insignificant: 4315655 4315763 | 109 1 | 109 109 | 98.17 | Ecoli_ancestor_Ancestor_ NODE_68_length_31380_cov_53.7943_ID_400137
		Marking as insignificant: 2300691 2300799 | 109 1 | 109 109 | 99.08 | Ecoli_ancestor_Ancestor_ NODE_68_length_31380_cov_53.7943_ID_400137
		Marking as insignificant: 2487858 2487969 | 112 1 | 112 112 | 100.0 | Ecoli_ancestor_Ancestor_ NODE_68_length_31380_cov_53.7943_ID_400137
		Marking as insignificant: 3291197 3291309 | 1 113 | 113 113 | 99.12 | Ecoli_ancestor_Ancestor_ NODE_68_length_31380_cov_53.7943_ID_400137
		Marking as insignificant: 3194652 3194764 | 1 113 | 113 113 | 99.12 | Ecoli_ancestor_Ancestor_ NODE_68_length_31380_cov_53.7943_ID_400137
		Marking as insignificant: 3901755 3901867 | 113 1 | 113 113 | 100.0 | Ecoli_ancestor_Ancestor_ NODE_68_length_31380_cov_53.7943_ID_400137
		Marking as insignificant: 937570 937682 | 113 1 | 113 113 | 100.0 | Ecoli_ancestor_Ancestor_ NODE_68_length_31380_cov_53.7943_ID_400137
		Marking as insignificant: 1224049 1224162 | 114 1 | 114 114 | 100.0 | Ecoli_ancestor_Ancestor_ NODE_68_length_31380_cov_53.7943_ID_400137
		Marking as insignificant: 3787357 3787484 | 21429 21302 | 128 128 | 98.44 | Ecoli_ancestor_Ancestor_ NODE_68_length_31380_cov_53.7943_ID_400137
		Marking as insignificant: 1519406 1519533 | 21431 21304 | 128 128 | 98.44 | Ecoli_ancestor_Ancestor_ NODE_68_length_31380_cov_53.7943_ID_400137
		Marking as insignificant: 3119769 3120134 | 2455 2820 | 366 366 | 96.72 | Ecoli_ancestor_Ancestor_ NODE_68_length_31380_cov_53.7943_ID_400137
		Marking as insignificant: 2956065 2956481 | 5983 6399 | 417 417 | 95.2 | Ecoli_ancestor_Ancestor_ NODE_68_length_31380_cov_53.7943_ID_400137
		Marking as insignificant: 2953886 2954965 | 4607 5686 | 1080 1080 | 97.5 | Ecoli_ancestor_Ancestor_ NODE_68_length_31380_cov_53.7943_ID_400137
		One align captures most of this contig: 3983748 4015127 | 31380 1 | 31380 31380 | 99.37 | Ecoli_ancestor_Ancestor_ NODE_68_length_31380_cov_53.7943_ID_400137

CONTIG: NODE_70_length_30779_cov_46.1949_ID_406696 (30779bp)
Top Length: 30779  Top ID: 99.24
		One align captures most of this contig: 3132533 3163311 | 1 30779 | 30779 30779 | 99.24 | Ecoli_ancestor_Ancestor_ NODE_70_length_30779_cov_46.1949_ID_406696

CONTIG: NODE_71_length_29905_cov_51.8698_ID_373777 (29905bp)
Top Length: 29905  Top ID: 99.18
		One align captures most of this contig: 4241389 4271293 | 29905 1 | 29905 29905 | 99.18 | Ecoli_ancestor_Ancestor_ NODE_71_length_29905_cov_51.8698_ID_373777

CONTIG: NODE_73_length_29110_cov_50.1135_ID_377537 (29110bp)
Top Length: 29110  Top ID: 99.25
		One align captures most of this contig: 4211808 4240917 | 1 29110 | 29110 29110 | 99.25 | Ecoli_ancestor_Ancestor_ NODE_73_length_29110_cov_50.1135_ID_377537

CONTIG: NODE_74_length_28799_cov_53.1272_ID_389486 (28799bp)
Top Length: 28799  Top ID: 99.3
		Marking as insignificant: 3855662 3855779 | 28682 28799 | 118 118 | 97.46 | Ecoli_ancestor_Ancestor_ NODE_74_length_28799_cov_53.1272_ID_389486
		Marking as insignificant: 824933 825050 | 28682 28799 | 118 118 | 97.46 | Ecoli_ancestor_Ancestor_ NODE_74_length_28799_cov_53.1272_ID_389486
		Marking as insignificant: 3857533 3857650 | 28682 28799 | 118 118 | 98.31 | Ecoli_ancestor_Ancestor_ NODE_74_length_28799_cov_53.1272_ID_389486
		Marking as insignificant: 824121 824519 | 27329 27727 | 399 399 | 96.24 | Ecoli_ancestor_Ancestor_ NODE_74_length_28799_cov_53.1272_ID_389486
		Marking as insignificant: 3851944 3852832 | 26416 27304 | 889 889 | 96.06 | Ecoli_ancestor_Ancestor_ NODE_74_length_28799_cov_53.1272_ID_389486
		Marking as insignificant: 3852833 3854123 | 26038 27329 | 1291 1292 | 95.82 | Ecoli_ancestor_Ancestor_ NODE_74_length_28799_cov_53.1272_ID_389486
		Marking as insignificant: 3057842 3059132 | 26038 27328 | 1291 1291 | 96.98 | Ecoli_ancestor_Ancestor_ NODE_74_length_28799_cov_53.1272_ID_389486
		One align captures most of this contig: 939243 968041 | 1 28799 | 28799 28799 | 99.3 | Ecoli_ancestor_Ancestor_ NODE_74_length_28799_cov_53.1272_ID_389486

CONTIG: NODE_76_length_28032_cov_48.362_ID_408472 (28032bp)
Top Length: 28032  Top ID: 99.1
		One align captures most of this contig: 2492604 2520635 | 1 28032 | 28032 28032 | 99.1 | Ecoli_ancestor_Ancestor_ NODE_76_length_28032_cov_48.362_ID_408472

CONTIG: NODE_78_length_22986_cov_48.9871_ID_388923 (22986bp)
Top Length: 22986  Top ID: 99.19
		One align captures most of this contig: 3169001 3191986 | 22986 1 | 22986 22986 | 99.19 | Ecoli_ancestor_Ancestor_ NODE_78_length_22986_cov_48.9871_ID_388923

CONTIG: NODE_80_length_22036_cov_46.0974_ID_430354 (22036bp)
Top Length: 22036  Top ID: 99.31
		Marking as insignificant: 965291 965570 | 14061 14340 | 280 280 | 96.79 | Ecoli_ancestor_Ancestor_ NODE_80_length_22036_cov_46.0974_ID_430354
		Marking as insignificant: 3057853 3058132 | 14061 14340 | 280 280 | 97.86 | Ecoli_ancestor_Ancestor_ NODE_80_length_22036_cov_46.0974_ID_430354
		One align captures most of this contig: 4337367 4359402 | 1 22036 | 22036 22036 | 99.31 | Ecoli_ancestor_Ancestor_ NODE_80_length_22036_cov_46.0974_ID_430354

CONTIG: NODE_81_length_19430_cov_45.8761_ID_432772 (19430bp)
Top Length: 19430  Top ID: 99.28
		One align captures most of this contig: 4275975 4295404 | 1 19430 | 19430 19430 | 99.28 | Ecoli_ancestor_Ancestor_ NODE_81_length_19430_cov_45.8761_ID_432772

CONTIG: NODE_82_length_18263_cov_45.3024_ID_411544 (18263bp)
Top Length: 18263  Top ID: 99.35
		One align captures most of this contig: 3020138 3038400 | 18263 1 | 18263 18263 | 99.35 | Ecoli_ancestor_Ancestor_ NODE_82_length_18263_cov_45.3024_ID_411544

CONTIG: NODE_83_length_14792_cov_51.8675_ID_339089 (14792bp)
Top Length: 14792  Top ID: 99.04
		Marking as insignificant: 4009442 4010521 | 14246 13167 | 1080 1080 | 97.96 | Ecoli_ancestor_Ancestor_ NODE_83_length_14792_cov_51.8675_ID_339089
		One align captures most of this contig: 2940720 2955511 | 1 14792 | 14792 14792 | 99.04 | Ecoli_ancestor_Ancestor_ NODE_83_length_14792_cov_51.8675_ID_339089

CONTIG: NODE_89_length_11579_cov_47.7234_ID_434128 (11579bp)
Top Length: 11579  Top ID: 99.15
		Marking as insignificant: 3303467 3303561 | 145 50 | 95 96 | 97.92 | Ecoli_ancestor_Ancestor_ NODE_89_length_11579_cov_47.7234_ID_434128
		One align captures most of this contig: 3291738 3303316 | 11579 1 | 11579 11579 | 99.15 | Ecoli_ancestor_Ancestor_ NODE_89_length_11579_cov_47.7234_ID_434128

CONTIG: NODE_92_length_7166_cov_50.6868_ID_433080 (7166bp)
Top Length: 7166  Top ID: 98.59
		One align captures most of this contig: 84030 91195 | 7166 1 | 7166 7166 | 98.59 | Ecoli_ancestor_Ancestor_ NODE_92_length_7166_cov_50.6868_ID_433080

CONTIG: NODE_93_length_7033_cov_40.9177_ID_417738 (7033bp)
Top Length: 7033  Top ID: 99.72
		One align captures most of this contig: 4321693 4328725 | 7033 1 | 7033 7033 | 99.72 | Ecoli_ancestor_Ancestor_ NODE_93_length_7033_cov_40.9177_ID_417738

CONTIG: NODE_95_length_4384_cov_40.7598_ID_431113 (4384bp)
Top Length: 4384  Top ID: 99.18
		One align captures most of this contig: 2296018 2300401 | 4384 1 | 4384 4384 | 99.18 | Ecoli_ancestor_Ancestor_ NODE_95_length_4384_cov_40.7598_ID_431113

CONTIG: NODE_99_length_3245_cov_380.98_ID_434613 (3245bp)
Top Length: 3245  Top ID: 99.45
		Marking as insignificant: 1167256 1167386 | 131 1 | 131 131 | 97.71 | Ecoli_ancestor_Ancestor_ NODE_99_length_3245_cov_380.98_ID_434613
		This contig has 7 significant alignments. [An ambiguously mapped contig]
		Using only first of these alignment (option --ambiguity-usage is set to "one"):
		Alignment: 550163 553407 | 1 3245 | 3245 3245 | 99.45 | Ecoli_ancestor_Ancestor_ NODE_99_length_3245_cov_380.98_ID_434613
		Skipping alignment  419043 422285 | 1 3245 | 3243 3245 | 99.41 | Ecoli_ancestor_Ancestor_ NODE_99_length_3245_cov_380.98_ID_434613
		Skipping alignment  377640 380883 | 1 3245 | 3244 3245 | 99.14 | Ecoli_ancestor_Ancestor_ NODE_99_length_3245_cov_380.98_ID_434613
		Skipping alignment  4361924 4365167 | 1 3245 | 3244 3245 | 99.14 | Ecoli_ancestor_Ancestor_ NODE_99_length_3245_cov_380.98_ID_434613
		Skipping alignment  643980 647222 | 1 3245 | 3243 3245 | 99.08 | Ecoli_ancestor_Ancestor_ NODE_99_length_3245_cov_380.98_ID_434613
		Skipping alignment  1163908 1167141 | 3245 1 | 3234 3245 | 99.04 | Ecoli_ancestor_Ancestor_ NODE_99_length_3245_cov_380.98_ID_434613
		Skipping alignment  1861507 1864740 | 3245 1 | 3234 3245 | 98.92 | Ecoli_ancestor_Ancestor_ NODE_99_length_3245_cov_380.98_ID_434613

CONTIG: NODE_100_length_3201_cov_66.5922_ID_434767 (3201bp)
Top Length: 3201  Top ID: 99.13
		One align captures most of this contig: 4533096 4536296 | 1 3201 | 3201 3201 | 99.13 | Ecoli_ancestor_Ancestor_ NODE_100_length_3201_cov_66.5922_ID_434767

CONTIG: NODE_101_length_3190_cov_64.3308_ID_433979 (3190bp)
Top Length: 3190  Top ID: 98.62
		Marking as insignificant: 3981442 3981523 | 3109 3190 | 82 82 | 96.34 | Ecoli_ancestor_Ancestor_ NODE_101_length_3190_cov_64.3308_ID_433979
		Marking as insignificant: 2075177 2075257 | 3110 3190 | 81 81 | 97.53 | Ecoli_ancestor_Ancestor_ NODE_101_length_3190_cov_64.3308_ID_433979
		One align captures most of this contig: 4537516 4540705 | 3190 1 | 3190 3190 | 98.62 | Ecoli_ancestor_Ancestor_ NODE_101_length_3190_cov_64.3308_ID_433979

CONTIG: NODE_102_length_2978_cov_64.0445_ID_434769 (2978bp)
Top Length: 2978  Top ID: 98.79
		One align captures most of this contig: 3496506 3499483 | 2978 1 | 2978 2978 | 98.79 | Ecoli_ancestor_Ancestor_ NODE_102_length_2978_cov_64.0445_ID_434769

CONTIG: NODE_104_length_2867_cov_63.096_ID_434793 (2867bp)
Top Length: 2867  Top ID: 98.64
		Marking as insignificant: 4367125 4367271 | 2867 2719 | 147 149 | 98.66 | Ecoli_ancestor_Ancestor_ NODE_104_length_2867_cov_63.096_ID_434793
		One align captures most of this contig: 1159084 1161950 | 1 2867 | 2867 2867 | 98.64 | Ecoli_ancestor_Ancestor_ NODE_104_length_2867_cov_63.096_ID_434793

CONTIG: NODE_105_length_2683_cov_67.8524_ID_434773 (2683bp)
Top Length: 2683  Top ID: 98.21
		Marking as insignificant: 4310874 4310978 | 2579 2683 | 105 105 | 100.0 | Ecoli_ancestor_Ancestor_ NODE_105_length_2683_cov_67.8524_ID_434773
		Marking as insignificant: 4299403 4299507 | 2579 2683 | 105 105 | 100.0 | Ecoli_ancestor_Ancestor_ NODE_105_length_2683_cov_67.8524_ID_434773
		Marking as insignificant: 4541314 4541419 | 2683 2578 | 106 106 | 100.0 | Ecoli_ancestor_Ancestor_ NODE_105_length_2683_cov_67.8524_ID_434773
		Marking as insignificant: 4332128 4332233 | 2578 2683 | 106 106 | 100.0 | Ecoli_ancestor_Ancestor_ NODE_105_length_2683_cov_67.8524_ID_434773
		Marking as insignificant: 2605895 2606014 | 2683 2564 | 120 120 | 96.69 | Ecoli_ancestor_Ancestor_ NODE_105_length_2683_cov_67.8524_ID_434773
		One align captures most of this contig: 1007272 1009954 | 2683 1 | 2683 2683 | 98.21 | Ecoli_ancestor_Ancestor_ NODE_105_length_2683_cov_67.8524_ID_434773

CONTIG: NODE_107_length_2619_cov_37.3935_ID_427112 (2619bp)
Top Length: 2619  Top ID: 99.96
		One align captures most of this contig: 4204777 4207395 | 2619 1 | 2619 2619 | 99.96 | Ecoli_ancestor_Ancestor_ NODE_107_length_2619_cov_37.3935_ID_427112

CONTIG: NODE_108_length_2591_cov_47.7634_ID_431771 (2591bp)
Top Length: 2591  Top ID: 99.81
		One align captures most of this contig: 3125102 3127692 | 1 2591 | 2591 2591 | 99.81 | Ecoli_ancestor_Ancestor_ NODE_108_length_2591_cov_47.7634_ID_431771

CONTIG: NODE_110_length_2462_cov_42.1919_ID_433491 (2462bp)
Top Length: 2462  Top ID: 99.11
		One align captures most of this contig: 4016395 4018856 | 2462 1 | 2462 2462 | 99.11 | Ecoli_ancestor_Ancestor_ NODE_110_length_2462_cov_42.1919_ID_433491

CONTIG: NODE_114_length_2025_cov_60.4345_ID_434779 (2025bp)
Top Length: 2025  Top ID: 99.56
		One align captures most of this contig: 828637 830661 | 1 2025 | 2025 2025 | 99.56 | Ecoli_ancestor_Ancestor_ NODE_114_length_2025_cov_60.4345_ID_434779

CONTIG: NODE_115_length_1994_cov_198.233_ID_434665 (1994bp)
Top Length: 1994  Top ID: 99.25
		Marking as insignificant: 3859147 3861137 | 1994 4 | 1991 1991 | 97.94 | Ecoli_ancestor_Ancestor_ NODE_115_length_1994_cov_198.233_ID_434665
		This contig has 2 significant alignments. [An ambiguously mapped contig]
		Using only first of these alignment (option --ambiguity-usage is set to "one"):
		Alignment: 969538 971531 | 1994 1 | 1994 1994 | 99.25 | Ecoli_ancestor_Ancestor_ NODE_115_length_1994_cov_198.233_ID_434665
		Skipping alignment  826547 828540 | 1994 1 | 1994 1994 | 99.15 | Ecoli_ancestor_Ancestor_ NODE_115_length_1994_cov_198.233_ID_434665

CONTIG: NODE_117_length_1741_cov_66.879_ID_434807 (1741bp)
Top Length: 1741  Top ID: 99.2
		Marking as insignificant: 4315655 4315763 | 1633 1741 | 109 109 | 98.17 | Ecoli_ancestor_Ancestor_ NODE_117_length_1741_cov_66.879_ID_434807
		Marking as insignificant: 2300691 2300799 | 1633 1741 | 109 109 | 99.08 | Ecoli_ancestor_Ancestor_ NODE_117_length_1741_cov_66.879_ID_434807
		Marking as insignificant: 2487858 2487969 | 1630 1741 | 112 112 | 100.0 | Ecoli_ancestor_Ancestor_ NODE_117_length_1741_cov_66.879_ID_434807
		Marking as insignificant: 3194652 3194764 | 1741 1629 | 113 113 | 99.12 | Ecoli_ancestor_Ancestor_ NODE_117_length_1741_cov_66.879_ID_434807
		Marking as insignificant: 3901755 3901867 | 1629 1741 | 113 113 | 100.0 | Ecoli_ancestor_Ancestor_ NODE_117_length_1741_cov_66.879_ID_434807
		Marking as insignificant: 937570 937682 | 1629 1741 | 113 113 | 100.0 | Ecoli_ancestor_Ancestor_ NODE_117_length_1741_cov_66.879_ID_434807
		Marking as insignificant: 4015014 4015127 | 1628 1741 | 114 114 | 100.0 | Ecoli_ancestor_Ancestor_ NODE_117_length_1741_cov_66.879_ID_434807
		Marking as insignificant: 3291197 3291314 | 1741 1624 | 118 118 | 98.31 | Ecoli_ancestor_Ancestor_ NODE_117_length_1741_cov_66.879_ID_434807
		One align captures most of this contig: 1222422 1224162 | 1 1741 | 1741 1741 | 99.2 | Ecoli_ancestor_Ancestor_ NODE_117_length_1741_cov_66.879_ID_434807

CONTIG: NODE_119_length_1707_cov_61.247_ID_434791 (1707bp)
Top Length: 1707  Top ID: 98.89
		One align captures most of this contig: 1857667 1859373 | 1707 1 | 1707 1707 | 98.89 | Ecoli_ancestor_Ancestor_ NODE_119_length_1707_cov_61.247_ID_434791

CONTIG: NODE_122_length_1614_cov_58.1334_ID_434795 (1614bp)
Top Length: 1614  Top ID: 99.75
		One align captures most of this contig: 3288552 3290165 | 1614 1 | 1614 1614 | 99.75 | Ecoli_ancestor_Ancestor_ NODE_122_length_1614_cov_58.1334_ID_434795

CONTIG: NODE_124_length_1436_cov_31.2824_ID_411940 (1436bp)
Top Length: 1436  Top ID: 100.0
		One align captures most of this contig: 3493786 3495221 | 1436 1 | 1436 1436 | 100.0 | Ecoli_ancestor_Ancestor_ NODE_124_length_1436_cov_31.2824_ID_411940

CONTIG: NODE_128_length_1357_cov_62.5077_ID_434801 (1357bp)
Top Length: 1357  Top ID: 98.82
		Marking as insignificant: 4361799 4361978 | 1178 1357 | 180 180 | 99.44 | Ecoli_ancestor_Ancestor_ NODE_128_length_1357_cov_62.5077_ID_434801
		One align captures most of this contig: 642678 644034 | 1 1357 | 1357 1357 | 98.82 | Ecoli_ancestor_Ancestor_ NODE_128_length_1357_cov_62.5077_ID_434801

CONTIG: NODE_132_length_1210_cov_41.1662_ID_361319 (1210bp)
Top Length: 1210  Top ID: 99.92
		One align captures most of this contig: 3854374 3855583 | 1 1210 | 1210 1210 | 99.92 | Ecoli_ancestor_Ancestor_ NODE_132_length_1210_cov_41.1662_ID_361319

CONTIG: NODE_134_length_1151_cov_39.8084_ID_433669 (1151bp)
Top Length: 1151  Top ID: 99.13
		One align captures most of this contig: 4303674 4304824 | 1 1151 | 1151 1151 | 99.13 | Ecoli_ancestor_Ancestor_ NODE_134_length_1151_cov_39.8084_ID_433669

CONTIG: NODE_137_length_1095_cov_86.3817_ID_434803 (1095bp)
Top Length: 1095  Top ID: 99.54
		Marking as insignificant: 4541314 4541418 | 1095 991 | 105 105 | 100.0 | Ecoli_ancestor_Ancestor_ NODE_137_length_1095_cov_86.3817_ID_434803
		Marking as insignificant: 4332129 4332233 | 991 1095 | 105 105 | 100.0 | Ecoli_ancestor_Ancestor_ NODE_137_length_1095_cov_86.3817_ID_434803
		Marking as insignificant: 2605895 2605999 | 1095 991 | 105 105 | 100.0 | Ecoli_ancestor_Ancestor_ NODE_137_length_1095_cov_86.3817_ID_434803
		Marking as insignificant: 1007272 1007376 | 1095 991 | 105 105 | 100.0 | Ecoli_ancestor_Ancestor_ NODE_137_length_1095_cov_86.3817_ID_434803
		Marking as insignificant: 4310872 4310978 | 989 1095 | 107 107 | 100.0 | Ecoli_ancestor_Ancestor_ NODE_137_length_1095_cov_86.3817_ID_434803
		One align captures most of this contig: 4298413 4299507 | 1 1095 | 1095 1095 | 99.54 | Ecoli_ancestor_Ancestor_ NODE_137_length_1095_cov_86.3817_ID_434803

CONTIG: NODE_142_length_1029_cov_52.0688_ID_434829 (1029bp)
Top Length: 1029  Top ID: 98.06
		Marking as insignificant: 424420 424505 | 1 86 | 86 86 | 100.0 | Ecoli_ancestor_Ancestor_ NODE_142_length_1029_cov_52.0688_ID_434829
		One align captures most of this contig: 649271 650299 | 1 1029 | 1029 1029 | 98.06 | Ecoli_ancestor_Ancestor_ NODE_142_length_1029_cov_52.0688_ID_434829

CONTIG: NODE_145_length_938_cov_71.7599_ID_434681 (938bp)
Top Length: 938  Top ID: 98.93
		One align captures most of this contig: 3123678 3124615 | 1 938 | 938 938 | 98.93 | Ecoli_ancestor_Ancestor_ NODE_145_length_938_cov_71.7599_ID_434681

CONTIG: NODE_147_length_898_cov_30.4508_ID_435035 (898bp)
Top Length: 898  Top ID: 100.0
		One align captures most of this contig: 4199693 4200590 | 898 1 | 898 898 | 100.0 | Ecoli_ancestor_Ancestor_ NODE_147_length_898_cov_30.4508_ID_435035

CONTIG: NODE_148_length_852_cov_39.7051_ID_435083 (852bp)
Top Length: 852  Top ID: 100.0
		One align captures most of this contig: 2485243 2486094 | 852 1 | 852 852 | 100.0 | Ecoli_ancestor_Ancestor_ NODE_148_length_852_cov_39.7051_ID_435083

CONTIG: NODE_149_length_824_cov_108.35_ID_434837 (824bp)
Top Length: 824  Top ID: 98.91
		Marking as insignificant: 555365 555633 | 1 269 | 269 269 | 98.14 | Ecoli_ancestor_Ancestor_ NODE_149_length_824_cov_108.35_ID_434837
		Marking as insignificant: 649088 649356 | 1 269 | 269 269 | 100.0 | Ecoli_ancestor_Ancestor_ NODE_149_length_824_cov_108.35_ID_434837
		One align captures most of this contig: 424237 425060 | 1 824 | 824 824 | 98.91 | Ecoli_ancestor_Ancestor_ NODE_149_length_824_cov_108.35_ID_434837

CONTIG: NODE_150_length_800_cov_35.5785_ID_435145 (800bp)
Top Length: 800  Top ID: 100.0
		One align captures most of this contig: 4272285 4273084 | 800 1 | 800 800 | 100.0 | Ecoli_ancestor_Ancestor_ NODE_150_length_800_cov_35.5785_ID_435145

CONTIG: NODE_152_length_788_cov_35.7149_ID_435081 (788bp)
Top Length: 788  Top ID: 100.0
		One align captures most of this contig: 4313986 4314773 | 788 1 | 788 788 | 100.0 | Ecoli_ancestor_Ancestor_ NODE_152_length_788_cov_35.7149_ID_435081

CONTIG: NODE_153_length_785_cov_30.6548_ID_435277 (785bp)
Top Length: 785  Top ID: 100.0
		One align captures most of this contig: 4305647 4306431 | 785 1 | 785 785 | 100.0 | Ecoli_ancestor_Ancestor_ NODE_153_length_785_cov_30.6548_ID_435277

CONTIG: NODE_154_length_784_cov_33.2963_ID_434899 (784bp)
Top Length: 784  Top ID: 100.0
		One align captures most of this contig: 2293209 2293992 | 784 1 | 784 784 | 100.0 | Ecoli_ancestor_Ancestor_ NODE_154_length_784_cov_33.2963_ID_434899

CONTIG: NODE_155_length_778_cov_67.0816_ID_434815 (778bp)
Top Length: 778  Top ID: 100.0
		One align captures most of this contig: 4197118 4197895 | 1 778 | 778 778 | 100.0 | Ecoli_ancestor_Ancestor_ NODE_155_length_778_cov_67.0816_ID_434815

CONTIG: NODE_156_length_756_cov_73.572_ID_434827 (756bp)
Top Length: 756  Top ID: 98.94
		Marking as insignificant: 2939256 2939363 | 649 756 | 108 108 | 99.07 | Ecoli_ancestor_Ancestor_ NODE_156_length_756_cov_73.572_ID_434827
		Marking as insignificant: 1594336 1594443 | 756 649 | 108 108 | 99.07 | Ecoli_ancestor_Ancestor_ NODE_156_length_756_cov_73.572_ID_434827
		Marking as insignificant: 91293 91400 | 649 756 | 108 108 | 99.07 | Ecoli_ancestor_Ancestor_ NODE_156_length_756_cov_73.572_ID_434827
		Marking as insignificant: 3164474 3164582 | 648 756 | 109 109 | 99.08 | Ecoli_ancestor_Ancestor_ NODE_156_length_756_cov_73.572_ID_434827
		Marking as insignificant: 4208210 4208321 | 645 756 | 112 112 | 98.21 | Ecoli_ancestor_Ancestor_ NODE_156_length_756_cov_73.572_ID_434827
		One align captures most of this contig: 1402730 1403485 | 1 756 | 756 756 | 98.94 | Ecoli_ancestor_Ancestor_ NODE_156_length_756_cov_73.572_ID_434827

CONTIG: NODE_158_length_746_cov_29.9349_ID_434887 (746bp)
Top Length: 746  Top ID: 99.6
		One align captures most of this contig: 1 746 | 1 746 | 746 746 | 99.6 | Ecoli_ancestor_Ancestor_ NODE_158_length_746_cov_29.9349_ID_434887

CONTIG: NODE_159_length_745_cov_515.807_ID_434645 (745bp)
Top Length: 745  Top ID: 99.87
		This contig has 11 significant alignments. [An ambiguously mapped contig]
		Using only first of these alignment (option --ambiguity-usage is set to "one"):
		Alignment: 3901813 3902557 | 1 745 | 745 745 | 99.87 | Ecoli_ancestor_Ancestor_ NODE_159_length_745_cov_515.807_ID_434645
		Skipping alignment  4015073 4015817 | 1 745 | 745 745 | 99.87 | Ecoli_ancestor_Ancestor_ NODE_159_length_745_cov_515.807_ID_434645
		Skipping alignment  2487915 2488659 | 1 745 | 745 745 | 99.73 | Ecoli_ancestor_Ancestor_ NODE_159_length_745_cov_515.807_ID_434645
		Skipping alignment  2523505 2524249 | 1 745 | 745 745 | 99.73 | Ecoli_ancestor_Ancestor_ NODE_159_length_745_cov_515.807_ID_434645
		Skipping alignment  3193962 3194706 | 745 1 | 745 745 | 99.73 | Ecoli_ancestor_Ancestor_ NODE_159_length_745_cov_515.807_ID_434645
		Skipping alignment  937628 938372 | 1 745 | 745 745 | 99.6 | Ecoli_ancestor_Ancestor_ NODE_159_length_745_cov_515.807_ID_434645
		Skipping alignment  1224108 1224852 | 1 745 | 745 745 | 99.46 | Ecoli_ancestor_Ancestor_ NODE_159_length_745_cov_515.807_ID_434645
		Skipping alignment  1459860 1460604 | 745 1 | 745 745 | 99.46 | Ecoli_ancestor_Ancestor_ NODE_159_length_745_cov_515.807_ID_434645
		Skipping alignment  2300745 2301489 | 1 745 | 745 745 | 99.46 | Ecoli_ancestor_Ancestor_ NODE_159_length_745_cov_515.807_ID_434645
		Skipping alignment  3290507 3291251 | 745 1 | 745 745 | 99.46 | Ecoli_ancestor_Ancestor_ NODE_159_length_745_cov_515.807_ID_434645
		Skipping alignment  4315709 4316453 | 1 745 | 745 745 | 99.46 | Ecoli_ancestor_Ancestor_ NODE_159_length_745_cov_515.807_ID_434645

CONTIG: NODE_160_length_713_cov_43.9878_ID_434865 (713bp)
Top Length: 713  Top ID: 99.3
		One align captures most of this contig: 1404636 1405348 | 1 713 | 713 713 | 99.3 | Ecoli_ancestor_Ancestor_ NODE_160_length_713_cov_43.9878_ID_434865

CONTIG: NODE_162_length_705_cov_28.1185_ID_435007 (705bp)
Top Length: 705  Top ID: 100.0
		One align captures most of this contig: 2290106 2290810 | 705 1 | 705 705 | 100.0 | Ecoli_ancestor_Ancestor_ NODE_162_length_705_cov_28.1185_ID_435007

CONTIG: NODE_163_length_694_cov_31.8545_ID_434971 (694bp)
Top Length: 694  Top ID: 100.0
		One align captures most of this contig: 4210319 4211012 | 1 694 | 694 694 | 100.0 | Ecoli_ancestor_Ancestor_ NODE_163_length_694_cov_31.8545_ID_434971

CONTIG: NODE_165_length_675_cov_32.9839_ID_434919 (675bp)
Top Length: 675  Top ID: 100.0
		One align captures most of this contig: 4271239 4271913 | 1 675 | 675 675 | 100.0 | Ecoli_ancestor_Ancestor_ NODE_165_length_675_cov_32.9839_ID_434919

CONTIG: NODE_168_length_665_cov_29.0328_ID_435059 (665bp)
Top Length: 665  Top ID: 100.0
		One align captures most of this contig: 203643 204307 | 1 665 | 665 665 | 100.0 | Ecoli_ancestor_Ancestor_ NODE_168_length_665_cov_29.0328_ID_435059

CONTIG: NODE_171_length_626_cov_30.3065_ID_435023 (626bp)
Top Length: 626  Top ID: 100.0
		One align captures most of this contig: 3851300 3851925 | 1 626 | 626 626 | 100.0 | Ecoli_ancestor_Ancestor_ NODE_171_length_626_cov_30.3065_ID_435023

CONTIG: NODE_172_length_625_cov_31.4982_ID_435063 (625bp)
Top Length: 625  Top ID: 100.0
		One align captures most of this contig: 375360 375984 | 1 625 | 625 625 | 100.0 | Ecoli_ancestor_Ancestor_ NODE_172_length_625_cov_31.4982_ID_435063

CONTIG: NODE_173_length_624_cov_73.5062_ID_434843 (624bp)
Top Length: 624  Top ID: 99.84
		Marking as insignificant: 643855 644034 | 445 624 | 180 180 | 100.0 | Ecoli_ancestor_Ancestor_ NODE_173_length_624_cov_73.5062_ID_434843
		One align captures most of this contig: 4361355 4361978 | 1 624 | 624 624 | 99.84 | Ecoli_ancestor_Ancestor_ NODE_173_length_624_cov_73.5062_ID_434843

CONTIG: NODE_174_length_621_cov_37.2191_ID_435107 (621bp)
Top Length: 621  Top ID: 100.0
		One align captures most of this contig: 3500308 3500928 | 621 1 | 621 621 | 100.0 | Ecoli_ancestor_Ancestor_ NODE_174_length_621_cov_37.2191_ID_435107

CONTIG: NODE_175_length_620_cov_31.2903_ID_434979 (620bp)
Top Length: 620  Top ID: 100.0
		One align captures most of this contig: 202405 203024 | 620 1 | 620 620 | 100.0 | Ecoli_ancestor_Ancestor_ NODE_175_length_620_cov_31.2903_ID_434979

CONTIG: NODE_177_length_594_cov_31.577_ID_434983 (594bp)
Top Length: 594  Top ID: 100.0
		One align captures most of this contig: 1457760 1458353 | 1 594 | 594 594 | 100.0 | Ecoli_ancestor_Ancestor_ NODE_177_length_594_cov_31.577_ID_434983

CONTIG: NODE_178_length_593_cov_112.617_ID_434889 (593bp)
Top Length: 593  Top ID: 99.49
		Marking as insignificant: 4541314 4541418 | 593 489 | 105 105 | 100.0 | Ecoli_ancestor_Ancestor_ NODE_178_length_593_cov_112.617_ID_434889
		Marking as insignificant: 4332129 4332233 | 489 593 | 105 105 | 100.0 | Ecoli_ancestor_Ancestor_ NODE_178_length_593_cov_112.617_ID_434889
		Marking as insignificant: 2605895 2605999 | 593 489 | 105 105 | 100.0 | Ecoli_ancestor_Ancestor_ NODE_178_length_593_cov_112.617_ID_434889
		Marking as insignificant: 1007272 1007376 | 593 489 | 105 105 | 100.0 | Ecoli_ancestor_Ancestor_ NODE_178_length_593_cov_112.617_ID_434889
		Marking as insignificant: 4299401 4299507 | 487 593 | 107 107 | 100.0 | Ecoli_ancestor_Ancestor_ NODE_178_length_593_cov_112.617_ID_434889
		Marking as insignificant: 4319043 4319223 | 308 488 | 181 181 | 98.9 | Ecoli_ancestor_Ancestor_ NODE_178_length_593_cov_112.617_ID_434889
		Marking as insignificant: 3166901 3167081 | 488 308 | 181 181 | 98.9 | Ecoli_ancestor_Ancestor_ NODE_178_length_593_cov_112.617_ID_434889
		Marking as insignificant: 83165 83361 | 488 291 | 197 198 | 98.48 | Ecoli_ancestor_Ancestor_ NODE_178_length_593_cov_112.617_ID_434889
		One align captures most of this contig: 4310386 4310978 | 1 593 | 593 593 | 99.49 | Ecoli_ancestor_Ancestor_ NODE_178_length_593_cov_112.617_ID_434889

CONTIG: NODE_179_length_579_cov_30.4332_ID_435191 (579bp)
Top Length: 579  Top ID: 100.0
		One align captures most of this contig: 4308825 4309403 | 579 1 | 579 579 | 100.0 | Ecoli_ancestor_Ancestor_ NODE_179_length_579_cov_30.4332_ID_435191

CONTIG: NODE_180_length_578_cov_37.8776_ID_435165 (578bp)
Top Length: 578  Top ID: 100.0
		One align captures most of this contig: 4329343 4329920 | 578 1 | 578 578 | 100.0 | Ecoli_ancestor_Ancestor_ NODE_180_length_578_cov_37.8776_ID_435165

CONTIG: NODE_182_length_565_cov_33.1176_ID_435171 (565bp)
Top Length: 565  Top ID: 100.0
		One align captures most of this contig: 4360845 4361409 | 565 1 | 565 565 | 100.0 | Ecoli_ancestor_Ancestor_ NODE_182_length_565_cov_33.1176_ID_435171

CONTIG: NODE_185_length_557_cov_27.1474_ID_435299 (557bp)
Top Length: 557  Top ID: 100.0
		One align captures most of this contig: 372250 372806 | 1 557 | 557 557 | 100.0 | Ecoli_ancestor_Ancestor_ NODE_185_length_557_cov_27.1474_ID_435299

CONTIG: NODE_187_length_539_cov_37.8905_ID_435243 (539bp)
Top Length: 539  Top ID: 100.0
		One align captures most of this contig: 4307929 4308467 | 1 539 | 539 539 | 100.0 | Ecoli_ancestor_Ancestor_ NODE_187_length_539_cov_37.8905_ID_435243

CONTIG: NODE_188_length_539_cov_35.7562_ID_435029 (539bp)
Top Length: 539  Top ID: 100.0
		One align captures most of this contig: 4297929 4298467 | 1 539 | 539 539 | 100.0 | Ecoli_ancestor_Ancestor_ NODE_188_length_539_cov_35.7562_ID_435029

CONTIG: NODE_189_length_538_cov_29.3954_ID_435305 (538bp)
Top Length: 538  Top ID: 100.0
		One align captures most of this contig: 2489318 2489855 | 538 1 | 538 538 | 100.0 | Ecoli_ancestor_Ancestor_ NODE_189_length_538_cov_29.3954_ID_435305

CONTIG: NODE_191_length_535_cov_38.1917_ID_434933 (535bp)
Top Length: 535  Top ID: 100.0
		One align captures most of this contig: 2522787 2523321 | 535 1 | 535 535 | 100.0 | Ecoli_ancestor_Ancestor_ NODE_191_length_535_cov_38.1917_ID_434933

CONTIG: NODE_192_length_535_cov_32.3813_ID_435197 (535bp)
Top Length: 535  Top ID: 100.0
		One align captures most of this contig: 2292239 2292773 | 1 535 | 535 535 | 100.0 | Ecoli_ancestor_Ancestor_ NODE_192_length_535_cov_32.3813_ID_435197

CONTIG: NODE_193_length_523_cov_30.5107_ID_435175 (523bp)
Top Length: 523  Top ID: 100.0
		One align captures most of this contig: 2486399 2486921 | 1 523 | 523 523 | 100.0 | Ecoli_ancestor_Ancestor_ NODE_193_length_523_cov_30.5107_ID_435175

CONTIG: NODE_195_length_519_cov_27.097_ID_435055 (519bp)
Top Length: 519  Top ID: 100.0
		One align captures most of this contig: 4021907 4022425 | 519 1 | 519 519 | 100.0 | Ecoli_ancestor_Ancestor_ NODE_195_length_519_cov_27.097_ID_435055

CONTIG: NODE_197_length_517_cov_34.0216_ID_435275 (517bp)
Top Length: 517  Top ID: 100.0
		One align captures most of this contig: 4360002 4360518 | 1 517 | 517 517 | 100.0 | Ecoli_ancestor_Ancestor_ NODE_197_length_517_cov_34.0216_ID_435275

CONTIG: NODE_198_length_515_cov_26.8261_ID_433578 (515bp)
Top Length: 515  Top ID: 100.0
		One align captures most of this contig: 2522118 2522632 | 515 1 | 515 515 | 100.0 | Ecoli_ancestor_Ancestor_ NODE_198_length_515_cov_26.8261_ID_433578

CONTIG: NODE_199_length_509_cov_62.1322_ID_434839 (509bp)
Top Length: 509  Top ID: 99.02
		One align captures most of this contig: 4275521 4276029 | 1 509 | 509 509 | 99.02 | Ecoli_ancestor_Ancestor_ NODE_199_length_509_cov_62.1322_ID_434839

CONTIG: NODE_200_length_508_cov_31.574_ID_434911 (508bp)
Top Length: 508  Top ID: 100.0
		One align captures most of this contig: 3864060 3864567 | 508 1 | 508 508 | 100.0 | Ecoli_ancestor_Ancestor_ NODE_200_length_508_cov_31.574_ID_434911

CONTIG: NODE_201_length_502_cov_37.1521_ID_435249 (502bp)
Top Length: 502  Top ID: 100.0
		One align captures most of this contig: 205651 206152 | 1 502 | 502 502 | 100.0 | Ecoli_ancestor_Ancestor_ NODE_201_length_502_cov_37.1521_ID_435249

CONTIG: NODE_202_length_501_cov_35.4013_ID_435207 (501bp)
Top Length: 501  Top ID: 100.0
		One align captures most of this contig: 1216567 1217067 | 501 1 | 501 501 | 100.0 | Ecoli_ancestor_Ancestor_ NODE_202_length_501_cov_35.4013_ID_435207

CONTIG: NODE_203_length_500_cov_185.901_ID_434831 (500bp)
Top Length: 500  Top ID: 99.8
		Marking as insignificant: 3858473 3858957 | 500 16 | 485 485 | 97.32 | Ecoli_ancestor_Ancestor_ NODE_203_length_500_cov_185.901_ID_434831
		This contig has 2 significant alignments. [An ambiguously mapped contig]
		Using only first of these alignment (option --ambiguity-usage is set to "one"):
		Alignment: 968864 969363 | 500 1 | 500 500 | 99.8 | Ecoli_ancestor_Ancestor_ NODE_203_length_500_cov_185.901_ID_434831
		Skipping alignment  825873 826372 | 500 1 | 500 500 | 99.6 | Ecoli_ancestor_Ancestor_ NODE_203_length_500_cov_185.901_ID_434831

Analyzing coverage...
Writing SNPs into /net/metagenomics/projects/afritz_assemblies/Similarity_Experiment/Ecoli_OneTree/metaquast_strain_spades/Ecoli_0955/runs_per_reference/Ecoli_ancestor/contigs_reports/nucmer_output/scaffolds.used_snps
	Reference Ecoli_ancestor_Ancestor_: 113 total alignments. 1 total regions.
		Region: 1 to 4641652 (4641652 bp)
			Align 1: 1 746 NODE_158_length_746_cov_29.9349_ID_434887 1 746
				Negative gap (overlap) between this and next alignment: 746 to 692 (-54 bp)
				Next Alignment: 692 81563 NODE_39_length_80872_cov_49.3897_ID_401843 80872 1

			Previous gap was negative, modifying coordinates to ignore overlap
				Moving contig start from 80872 to 80817.
			Align 2: 747 81563 NODE_39_length_80872_cov_49.3897_ID_401843 80817 1
				Gap between this and next alignment: 81563 to 84030 (2466 bp)
				Next Alignment: 84030 91195 NODE_92_length_7166_cov_50.6868_ID_433080 7166 1

			Align 3: 84030 91195 NODE_92_length_7166_cov_50.6868_ID_433080 7166 1
				Gap between this and next alignment: 91195 to 93084 (1888 bp)
				Next Alignment: 93084 197867 NODE_29_length_104784_cov_49.3191_ID_343801 104784 1

			Align 4: 93084 197867 NODE_29_length_104784_cov_49.3191_ID_343801 104784 1
				Gap between this and next alignment: 197867 to 202405 (4537 bp)
				Next Alignment: 202405 203024 NODE_175_length_620_cov_31.2903_ID_434979 620 1

			Align 5: 202405 203024 NODE_175_length_620_cov_31.2903_ID_434979 620 1
				Gap between this and next alignment: 203024 to 203643 (618 bp)
				Next Alignment: 203643 204307 NODE_168_length_665_cov_29.0328_ID_435059 1 665

			Align 6: 203643 204307 NODE_168_length_665_cov_29.0328_ID_435059 1 665
				Gap between this and next alignment: 204307 to 205651 (1343 bp)
				Next Alignment: 205651 206152 NODE_201_length_502_cov_37.1521_ID_435249 1 502

			Align 7: 205651 206152 NODE_201_length_502_cov_37.1521_ID_435249 1 502
				Gap between this and next alignment: 206152 to 206895 (742 bp)
				Next Alignment: 206895 371155 NODE_19_length_164261_cov_49.7157_ID_405490 1 164261

			Align 8: 206895 371155 NODE_19_length_164261_cov_49.7157_ID_405490 1 164261
				Gap between this and next alignment: 371155 to 372250 (1094 bp)
				Next Alignment: 372250 372806 NODE_185_length_557_cov_27.1474_ID_435299 1 557

			Align 9: 372250 372806 NODE_185_length_557_cov_27.1474_ID_435299 1 557
				Gap between this and next alignment: 372806 to 375360 (2553 bp)
				Next Alignment: 375360 375984 NODE_172_length_625_cov_31.4982_ID_435063 1 625

			Align 10: 375360 375984 NODE_172_length_625_cov_31.4982_ID_435063 1 625
				Gap between this and next alignment: 375984 to 384920 (8935 bp)
				Next Alignment: 384920 418529 NODE_65_length_33610_cov_53.8074_ID_401531 33610 1

			Align 11: 384920 418529 NODE_65_length_33610_cov_53.8074_ID_401531 33610 1
				Gap between this and next alignment: 418529 to 424237 (5707 bp)
				Next Alignment: 424237 425060 NODE_149_length_824_cov_108.35_ID_434837 1 824

			Align 12: 424237 425060 NODE_149_length_824_cov_108.35_ID_434837 1 824
				Gap between this and next alignment: 425060 to 425926 (865 bp)
				Next Alignment: 425926 496402 NODE_23_length_123626_cov_47.6604_ID_377970 1 70477

			Align 13: 425926 496402 NODE_23_length_123626_cov_47.6604_ID_377970 1 70477
				Gap between this and next alignment: 496402 to 496495 (92 bp)
				Next Alignment: 496495 549643 NODE_23_length_123626_cov_47.6604_ID_377970 70478 123626

			Align 14: 496495 549643 NODE_23_length_123626_cov_47.6604_ID_377970 70478 123626
				Gap between this and next alignment: 549643 to 550163 (519 bp)
				Next Alignment: 550163 553407 NODE_99_length_3245_cov_380.98_ID_434613 1 3245

			Align 15: 550163 553407 NODE_99_length_3245_cov_380.98_ID_434613 1 3245
				Gap between this and next alignment: 553407 to 556505 (3097 bp)
				Next Alignment: 556505 642732 NODE_36_length_86228_cov_51.0428_ID_386017 1 86228

			Align 16: 556505 642732 NODE_36_length_86228_cov_51.0428_ID_386017 1 86228
				Negative gap (overlap) between this and next alignment: 642732 to 642678 (-54 bp)
				Next Alignment: 642678 644034 NODE_128_length_1357_cov_62.5077_ID_434801 1 1357

			Previous gap was negative, modifying coordinates to ignore overlap
				Moving contig start from 1 to 56.
			Align 17: 642733 644034 NODE_128_length_1357_cov_62.5077_ID_434801 56 1357
				Gap between this and next alignment: 644034 to 649271 (5236 bp)
				Next Alignment: 649271 650299 NODE_142_length_1029_cov_52.0688_ID_434829 1 1029

			Align 18: 649271 650299 NODE_142_length_1029_cov_52.0688_ID_434829 1 1029
				Negative gap (overlap) between this and next alignment: 650299 to 650245 (-54 bp)
				Next Alignment: 650245 823409 NODE_16_length_173165_cov_49.5032_ID_396976 173165 1

			Previous gap was negative, modifying coordinates to ignore overlap
				Moving contig start from 173165 to 173110.
			Align 19: 650300 823409 NODE_16_length_173165_cov_49.5032_ID_396976 173110 1
				Gap between this and next alignment: 823409 to 828637 (5227 bp)
				Next Alignment: 828637 830661 NODE_114_length_2025_cov_60.4345_ID_434779 1 2025

			Align 20: 828637 830661 NODE_114_length_2025_cov_60.4345_ID_434779 1 2025
				Negative gap (overlap) between this and next alignment: 830661 to 830607 (-54 bp)
				Next Alignment: 830607 937682 NODE_28_length_107076_cov_51.0042_ID_420080 1 107076

			Previous gap was negative, modifying coordinates to ignore overlap
				Moving contig start from 1 to 56.
			Align 21: 830662 937682 NODE_28_length_107076_cov_51.0042_ID_420080 56 107076
				Gap between this and next alignment: 937682 to 939243 (1560 bp)
				Next Alignment: 939243 968041 NODE_74_length_28799_cov_53.1272_ID_389486 1 28799

			Align 22: 939243 968041 NODE_74_length_28799_cov_53.1272_ID_389486 1 28799
				Gap between this and next alignment: 968041 to 968864 (822 bp)
				Next Alignment: 968864 969363 NODE_203_length_500_cov_185.901_ID_434831 500 1

			Align 23: 968864 969363 NODE_203_length_500_cov_185.901_ID_434831 500 1
				Gap between this and next alignment: 969363 to 969538 (174 bp)
				Next Alignment: 969538 971531 NODE_115_length_1994_cov_198.233_ID_434665 1994 1

			Align 24: 969538 971531 NODE_115_length_1994_cov_198.233_ID_434665 1994 1
				Gap between this and next alignment: 971531 to 971673 (141 bp)
				Next Alignment: 971673 1006341 NODE_64_length_34669_cov_47.485_ID_423525 1 34669

			Align 25: 971673 1006341 NODE_64_length_34669_cov_47.485_ID_423525 1 34669
				Gap between this and next alignment: 1006341 to 1007272 (930 bp)
				Next Alignment: 1007272 1009954 NODE_105_length_2683_cov_67.8524_ID_434773 2683 1

			Align 26: 1007272 1009954 NODE_105_length_2683_cov_67.8524_ID_434773 2683 1
				Negative gap (overlap) between this and next alignment: 1009954 to 1009900 (-54 bp)
				Next Alignment: 1009900 1159138 NODE_21_length_149239_cov_49.8983_ID_392489 149239 1

			Previous gap was negative, modifying coordinates to ignore overlap
				Moving contig start from 149239 to 149184.
			Align 27: 1009955 1159138 NODE_21_length_149239_cov_49.8983_ID_392489 149184 1
				Negative gap (overlap) between this and next alignment: 1159138 to 1159084 (-54 bp)
				Next Alignment: 1159084 1161950 NODE_104_length_2867_cov_63.096_ID_434793 1 2867

			Previous gap was negative, modifying coordinates to ignore overlap
				Moving contig start from 1 to 56.
			Align 28: 1159139 1161950 NODE_104_length_2867_cov_63.096_ID_434793 56 2867
				Gap between this and next alignment: 1161950 to 1167655 (5704 bp)
				Next Alignment: 1167655 1216321 NODE_55_length_48667_cov_51.7184_ID_385502 48667 1

			Align 29: 1167655 1216321 NODE_55_length_48667_cov_51.7184_ID_385502 48667 1
				Gap between this and next alignment: 1216321 to 1216567 (245 bp)
				Next Alignment: 1216567 1217067 NODE_202_length_501_cov_35.4013_ID_435207 501 1

			Align 30: 1216567 1217067 NODE_202_length_501_cov_35.4013_ID_435207 501 1
				Gap between this and next alignment: 1217067 to 1222422 (5354 bp)
				Next Alignment: 1222422 1224162 NODE_117_length_1741_cov_66.879_ID_434807 1 1741

			Align 31: 1222422 1224162 NODE_117_length_1741_cov_66.879_ID_434807 1 1741
				Gap between this and next alignment: 1224162 to 1225194 (1031 bp)
				Next Alignment: 1225194 1402784 NODE_15_length_177591_cov_48.3077_ID_402663 177591 1

			Align 32: 1225194 1402784 NODE_15_length_177591_cov_48.3077_ID_402663 177591 1
				Negative gap (overlap) between this and next alignment: 1402784 to 1402730 (-54 bp)
				Next Alignment: 1402730 1403485 NODE_156_length_756_cov_73.572_ID_434827 1 756

			Previous gap was negative, modifying coordinates to ignore overlap
				Moving contig start from 1 to 56.
			Align 33: 1402785 1403485 NODE_156_length_756_cov_73.572_ID_434827 56 756
				Gap between this and next alignment: 1403485 to 1404636 (1150 bp)
				Next Alignment: 1404636 1405348 NODE_160_length_713_cov_43.9878_ID_434865 1 713

			Align 34: 1404636 1405348 NODE_160_length_713_cov_43.9878_ID_434865 1 713
				Negative gap (overlap) between this and next alignment: 1405348 to 1405294 (-54 bp)
				Next Alignment: 1405294 1456260 NODE_54_length_50967_cov_49.294_ID_426463 50967 1

			Previous gap was negative, modifying coordinates to ignore overlap
				Moving contig start from 50967 to 50912.
			Align 35: 1405349 1456260 NODE_54_length_50967_cov_49.294_ID_426463 50912 1
				Gap between this and next alignment: 1456260 to 1457760 (1499 bp)
				Next Alignment: 1457760 1458353 NODE_177_length_594_cov_31.577_ID_434983 1 594

			Align 36: 1457760 1458353 NODE_177_length_594_cov_31.577_ID_434983 1 594
				Gap between this and next alignment: 1458353 to 1464472 (6118 bp)
				Next Alignment: 1464472 1538137 NODE_44_length_73666_cov_49.5543_ID_339733 1 73666

			Align 37: 1464472 1538137 NODE_44_length_73666_cov_49.5543_ID_339733 1 73666
				Gap between this and next alignment: 1538137 to 1541461 (3323 bp)
				Next Alignment: 1541461 1593167 NODE_53_length_51707_cov_50.8099_ID_418287 1 51707

			Align 38: 1541461 1593167 NODE_53_length_51707_cov_50.8099_ID_418287 1 51707
				Gap between this and next alignment: 1593167 to 1594336 (1168 bp)
				Next Alignment: 1594336 1857721 NODE_6_length_263385_cov_48.6659_ID_393906 263385 1

			Align 39: 1594336 1857721 NODE_6_length_263385_cov_48.6659_ID_393906 263385 1
				Negative gap (overlap) between this and next alignment: 1857721 to 1857667 (-54 bp)
				Next Alignment: 1857667 1859373 NODE_119_length_1707_cov_61.247_ID_434791 1707 1

			Previous gap was negative, modifying coordinates to ignore overlap
				Moving contig start from 1707 to 1652.
			Align 40: 1857722 1859373 NODE_119_length_1707_cov_61.247_ID_434791 1652 1
				Gap between this and next alignment: 1859373 to 1866361 (6987 bp)
				Next Alignment: 1866361 2074630 NODE_11_length_208272_cov_49.4577_ID_389895 208272 1

			Align 41: 1866361 2074630 NODE_11_length_208272_cov_49.4577_ID_389895 208272 1
				Gap between this and next alignment: 2074630 to 2077893 (3262 bp)
				Next Alignment: 2077893 2286404 NODE_10_length_208512_cov_50.8921_ID_383669 1 208512

			Align 42: 2077893 2286404 NODE_10_length_208512_cov_50.8921_ID_383669 1 208512
				Gap between this and next alignment: 2286404 to 2290106 (3701 bp)
				Next Alignment: 2290106 2290810 NODE_162_length_705_cov_28.1185_ID_435007 705 1

			Align 43: 2290106 2290810 NODE_162_length_705_cov_28.1185_ID_435007 705 1
				Gap between this and next alignment: 2290810 to 2292239 (1428 bp)
				Next Alignment: 2292239 2292773 NODE_192_length_535_cov_32.3813_ID_435197 1 535

			Align 44: 2292239 2292773 NODE_192_length_535_cov_32.3813_ID_435197 1 535
				Gap between this and next alignment: 2292773 to 2293209 (435 bp)
				Next Alignment: 2293209 2293992 NODE_154_length_784_cov_33.2963_ID_434899 784 1

			Align 45: 2293209 2293992 NODE_154_length_784_cov_33.2963_ID_434899 784 1
				Gap between this and next alignment: 2293992 to 2296018 (2025 bp)
				Next Alignment: 2296018 2300401 NODE_95_length_4384_cov_40.7598_ID_431113 4384 1

			Align 46: 2296018 2300401 NODE_95_length_4384_cov_40.7598_ID_431113 4384 1
				Gap between this and next alignment: 2300401 to 2302947 (2545 bp)
				Next Alignment: 2302947 2419046 NODE_26_length_116100_cov_49.5239_ID_410478 1 116100

			Align 47: 2302947 2419046 NODE_26_length_116100_cov_49.5239_ID_410478 1 116100
				Gap between this and next alignment: 2419046 to 2420901 (1854 bp)
				Next Alignment: 2420901 2484172 NODE_50_length_63272_cov_49.343_ID_425132 1 63272

			Align 48: 2420901 2484172 NODE_50_length_63272_cov_49.343_ID_425132 1 63272
				Gap between this and next alignment: 2484172 to 2485243 (1070 bp)
				Next Alignment: 2485243 2486094 NODE_148_length_852_cov_39.7051_ID_435083 852 1

			Align 49: 2485243 2486094 NODE_148_length_852_cov_39.7051_ID_435083 852 1
				Gap between this and next alignment: 2486094 to 2486399 (304 bp)
				Next Alignment: 2486399 2486921 NODE_193_length_523_cov_30.5107_ID_435175 1 523

			Align 50: 2486399 2486921 NODE_193_length_523_cov_30.5107_ID_435175 1 523
				Gap between this and next alignment: 2486921 to 2489318 (2396 bp)
				Next Alignment: 2489318 2489855 NODE_189_length_538_cov_29.3954_ID_435305 538 1

			Align 51: 2489318 2489855 NODE_189_length_538_cov_29.3954_ID_435305 538 1
				Gap between this and next alignment: 2489855 to 2492604 (2748 bp)
				Next Alignment: 2492604 2520635 NODE_76_length_28032_cov_48.362_ID_408472 1 28032

			Align 52: 2492604 2520635 NODE_76_length_28032_cov_48.362_ID_408472 1 28032
				Gap between this and next alignment: 2520635 to 2522118 (1482 bp)
				Next Alignment: 2522118 2522632 NODE_198_length_515_cov_26.8261_ID_433578 515 1

			Align 53: 2522118 2522632 NODE_198_length_515_cov_26.8261_ID_433578 515 1
				Gap between this and next alignment: 2522632 to 2522787 (154 bp)
				Next Alignment: 2522787 2523321 NODE_191_length_535_cov_38.1917_ID_434933 535 1

			Align 54: 2522787 2523321 NODE_191_length_535_cov_38.1917_ID_434933 535 1
				Gap between this and next alignment: 2523321 to 2524575 (1253 bp)
				Next Alignment: 2524575 2604121 NODE_40_length_79547_cov_47.4022_ID_387179 79547 1

			Align 55: 2524575 2604121 NODE_40_length_79547_cov_47.4022_ID_387179 79547 1
				Gap between this and next alignment: 2604121 to 2607456 (3334 bp)
				Next Alignment: 2607456 2938280 NODE_3_length_330825_cov_49.3182_ID_362936 1 330825

			Align 56: 2607456 2938280 NODE_3_length_330825_cov_49.3182_ID_362936 1 330825
				Gap between this and next alignment: 2938280 to 2940720 (2439 bp)
				Next Alignment: 2940720 2955511 NODE_83_length_14792_cov_51.8675_ID_339089 1 14792

			Align 57: 2940720 2955511 NODE_83_length_14792_cov_51.8675_ID_339089 1 14792
				Gap between this and next alignment: 2955511 to 2958161 (2649 bp)
				Next Alignment: 2958161 3034664 NODE_42_length_76504_cov_50.1232_ID_432452 76504 1

			Align 58: 2958161 3034664 NODE_42_length_76504_cov_50.1232_ID_432452 76504 1
				Negative gap (overlap) between this and next alignment: 3034664 to 3020138 (-14526 bp)
				Next Alignment: 3020138 3038400 NODE_82_length_18263_cov_45.3024_ID_411544 18263 1

			Previous gap was negative, modifying coordinates to ignore overlap
				Moving contig start from 18263 to 3736.
			Align 59: 3034665 3038400 NODE_82_length_18263_cov_45.3024_ID_411544 3736 1
				Gap between this and next alignment: 3038400 to 3039156 (755 bp)
				Next Alignment: 3039156 3122358 NODE_38_length_83203_cov_51.5238_ID_432122 1 83203

			Align 60: 3039156 3122358 NODE_38_length_83203_cov_51.5238_ID_432122 1 83203
				Gap between this and next alignment: 3122358 to 3123678 (1319 bp)
				Next Alignment: 3123678 3124615 NODE_145_length_938_cov_71.7599_ID_434681 1 938

			Align 61: 3123678 3124615 NODE_145_length_938_cov_71.7599_ID_434681 1 938
				Gap between this and next alignment: 3124615 to 3125102 (486 bp)
				Next Alignment: 3125102 3127692 NODE_108_length_2591_cov_47.7634_ID_431771 1 2591

			Align 62: 3125102 3127692 NODE_108_length_2591_cov_47.7634_ID_431771 1 2591
				Gap between this and next alignment: 3127692 to 3132533 (4840 bp)
				Next Alignment: 3132533 3163311 NODE_70_length_30779_cov_46.1949_ID_406696 1 30779

			Align 63: 3132533 3163311 NODE_70_length_30779_cov_46.1949_ID_406696 1 30779
				Gap between this and next alignment: 3163311 to 3169001 (5689 bp)
				Next Alignment: 3169001 3191986 NODE_78_length_22986_cov_48.9871_ID_388923 22986 1

			Align 64: 3169001 3191986 NODE_78_length_22986_cov_48.9871_ID_388923 22986 1
				Gap between this and next alignment: 3191986 to 3194652 (2665 bp)
				Next Alignment: 3194652 3288606 NODE_34_length_93955_cov_49.9351_ID_423858 93955 1

			Align 65: 3194652 3288606 NODE_34_length_93955_cov_49.9351_ID_423858 93955 1
				Negative gap (overlap) between this and next alignment: 3288606 to 3288552 (-54 bp)
				Next Alignment: 3288552 3290165 NODE_122_length_1614_cov_58.1334_ID_434795 1614 1

			Previous gap was negative, modifying coordinates to ignore overlap
				Moving contig start from 1614 to 1559.
			Align 66: 3288607 3290165 NODE_122_length_1614_cov_58.1334_ID_434795 1559 1
				Gap between this and next alignment: 3290165 to 3291738 (1572 bp)
				Next Alignment: 3291738 3303316 NODE_89_length_11579_cov_47.7234_ID_434128 11579 1

			Align 67: 3291738 3303316 NODE_89_length_11579_cov_47.7234_ID_434128 11579 1
				Gap between this and next alignment: 3303316 to 3305015 (1698 bp)
				Next Alignment: 3305015 3492833 NODE_13_length_187819_cov_49.1936_ID_427407 1 187819

			Align 68: 3305015 3492833 NODE_13_length_187819_cov_49.1936_ID_427407 1 187819
				Gap between this and next alignment: 3492833 to 3493786 (952 bp)
				Next Alignment: 3493786 3495221 NODE_124_length_1436_cov_31.2824_ID_411940 1436 1

			Align 69: 3493786 3495221 NODE_124_length_1436_cov_31.2824_ID_411940 1436 1
				Gap between this and next alignment: 3495221 to 3496506 (1284 bp)
				Next Alignment: 3496506 3499483 NODE_102_length_2978_cov_64.0445_ID_434769 2978 1

			Align 70: 3496506 3499483 NODE_102_length_2978_cov_64.0445_ID_434769 2978 1
				Gap between this and next alignment: 3499483 to 3500308 (824 bp)
				Next Alignment: 3500308 3500928 NODE_174_length_621_cov_37.2191_ID_435107 621 1

			Align 71: 3500308 3500928 NODE_174_length_621_cov_37.2191_ID_435107 621 1
				Gap between this and next alignment: 3500928 to 3502283 (1354 bp)
				Next Alignment: 3502283 3540313 NODE_61_length_38031_cov_50.349_ID_340873 38031 1

			Align 72: 3502283 3540313 NODE_61_length_38031_cov_50.349_ID_340873 38031 1
				Gap between this and next alignment: 3540313 to 3541865 (1551 bp)
				Next Alignment: 3541865 3809906 NODE_5_length_268043_cov_49.8345_ID_358784 268043 1

			Align 73: 3541865 3809906 NODE_5_length_268043_cov_49.8345_ID_358784 268043 1
				Gap between this and next alignment: 3809906 to 3809963 (56 bp)
				Next Alignment: 3809963 3851171 NODE_58_length_41211_cov_49.9211_ID_433187 3 41211

			Align 74: 3809963 3851171 NODE_58_length_41211_cov_49.9211_ID_433187 3 41211
				Gap between this and next alignment: 3851171 to 3851300 (128 bp)
				Next Alignment: 3851300 3851925 NODE_171_length_626_cov_30.3065_ID_435023 1 626

			Align 75: 3851300 3851925 NODE_171_length_626_cov_30.3065_ID_435023 1 626
				Gap between this and next alignment: 3851925 to 3854374 (2448 bp)
				Next Alignment: 3854374 3855583 NODE_132_length_1210_cov_41.1662_ID_361319 1 1210

			Align 76: 3854374 3855583 NODE_132_length_1210_cov_41.1662_ID_361319 1 1210
				Gap between this and next alignment: 3855583 to 3864060 (8476 bp)
				Next Alignment: 3864060 3864567 NODE_200_length_508_cov_31.574_ID_434911 508 1

			Align 77: 3864060 3864567 NODE_200_length_508_cov_31.574_ID_434911 508 1
				Gap between this and next alignment: 3864567 to 3866251 (1683 bp)
				Next Alignment: 3866251 3901867 NODE_62_length_35617_cov_49.0749_ID_428339 35617 1

			Align 78: 3866251 3901867 NODE_62_length_35617_cov_49.0749_ID_428339 35617 1
				Negative gap (overlap) between this and next alignment: 3901867 to 3901813 (-54 bp)
				Next Alignment: 3901813 3902557 NODE_159_length_745_cov_515.807_ID_434645 1 745

			Previous gap was negative, modifying coordinates to ignore overlap
				Moving contig start from 1 to 56.
			Align 79: 3901868 3902557 NODE_159_length_745_cov_515.807_ID_434645 56 745
				Gap between this and next alignment: 3902557 to 3903845 (1287 bp)
				Next Alignment: 3903845 3979530 NODE_43_length_75686_cov_50.5496_ID_407480 1 75686

			Align 80: 3903845 3979530 NODE_43_length_75686_cov_50.5496_ID_407480 1 75686
				Gap between this and next alignment: 3979530 to 3983748 (4217 bp)
				Next Alignment: 3983748 4015127 NODE_68_length_31380_cov_53.7943_ID_400137 31380 1

			Align 81: 3983748 4015127 NODE_68_length_31380_cov_53.7943_ID_400137 31380 1
				Gap between this and next alignment: 4015127 to 4016395 (1267 bp)
				Next Alignment: 4016395 4018856 NODE_110_length_2462_cov_42.1919_ID_433491 2462 1

			Align 82: 4016395 4018856 NODE_110_length_2462_cov_42.1919_ID_433491 2462 1
				Gap between this and next alignment: 4018856 to 4021907 (3050 bp)
				Next Alignment: 4021907 4022425 NODE_195_length_519_cov_27.097_ID_435055 519 1

			Align 83: 4021907 4022425 NODE_195_length_519_cov_27.097_ID_435055 519 1
				Gap between this and next alignment: 4022425 to 4024999 (2573 bp)
				Next Alignment: 4024999 4063931 NODE_60_length_38933_cov_47.2591_ID_428793 38933 1

			Align 84: 4024999 4063931 NODE_60_length_38933_cov_47.2591_ID_428793 38933 1
				Gap between this and next alignment: 4063931 to 4065010 (1078 bp)
				Next Alignment: 4065010 4197172 NODE_22_length_132163_cov_48.6938_ID_381386 132163 1

			Align 85: 4065010 4197172 NODE_22_length_132163_cov_48.6938_ID_381386 132163 1
				Negative gap (overlap) between this and next alignment: 4197172 to 4197118 (-54 bp)
				Next Alignment: 4197118 4197895 NODE_155_length_778_cov_67.0816_ID_434815 1 778

			Previous gap was negative, modifying coordinates to ignore overlap
				Moving contig start from 1 to 56.
			Align 86: 4197173 4197895 NODE_155_length_778_cov_67.0816_ID_434815 56 778
				Gap between this and next alignment: 4197895 to 4199693 (1797 bp)
				Next Alignment: 4199693 4200590 NODE_147_length_898_cov_30.4508_ID_435035 898 1

			Align 87: 4199693 4200590 NODE_147_length_898_cov_30.4508_ID_435035 898 1
				Gap between this and next alignment: 4200590 to 4204777 (4186 bp)
				Next Alignment: 4204777 4207395 NODE_107_length_2619_cov_37.3935_ID_427112 2619 1

			Align 88: 4204777 4207395 NODE_107_length_2619_cov_37.3935_ID_427112 2619 1
				Gap between this and next alignment: 4207395 to 4210319 (2923 bp)
				Next Alignment: 4210319 4211012 NODE_163_length_694_cov_31.8545_ID_434971 1 694

			Align 89: 4210319 4211012 NODE_163_length_694_cov_31.8545_ID_434971 1 694
				Gap between this and next alignment: 4211012 to 4211808 (795 bp)
				Next Alignment: 4211808 4240917 NODE_73_length_29110_cov_50.1135_ID_377537 1 29110

			Align 90: 4211808 4240917 NODE_73_length_29110_cov_50.1135_ID_377537 1 29110
				Gap between this and next alignment: 4240917 to 4241389 (471 bp)
				Next Alignment: 4241389 4271293 NODE_71_length_29905_cov_51.8698_ID_373777 29905 1

			Align 91: 4241389 4271293 NODE_71_length_29905_cov_51.8698_ID_373777 29905 1
				Negative gap (overlap) between this and next alignment: 4271293 to 4271239 (-54 bp)
				Next Alignment: 4271239 4271913 NODE_165_length_675_cov_32.9839_ID_434919 1 675

			Previous gap was negative, modifying coordinates to ignore overlap
				Moving contig start from 1 to 56.
			Align 92: 4271294 4271913 NODE_165_length_675_cov_32.9839_ID_434919 56 675
				Gap between this and next alignment: 4271913 to 4272285 (371 bp)
				Next Alignment: 4272285 4273084 NODE_150_length_800_cov_35.5785_ID_435145 800 1

			Align 93: 4272285 4273084 NODE_150_length_800_cov_35.5785_ID_435145 800 1
				Gap between this and next alignment: 4273084 to 4275521 (2436 bp)
				Next Alignment: 4275521 4276029 NODE_199_length_509_cov_62.1322_ID_434839 1 509

			Align 94: 4275521 4276029 NODE_199_length_509_cov_62.1322_ID_434839 1 509
				Negative gap (overlap) between this and next alignment: 4276029 to 4275975 (-54 bp)
				Next Alignment: 4275975 4295404 NODE_81_length_19430_cov_45.8761_ID_432772 1 19430

			Previous gap was negative, modifying coordinates to ignore overlap
				Moving contig start from 1 to 56.
			Align 95: 4276030 4295404 NODE_81_length_19430_cov_45.8761_ID_432772 56 19430
				Gap between this and next alignment: 4295404 to 4297929 (2524 bp)
				Next Alignment: 4297929 4298467 NODE_188_length_539_cov_35.7562_ID_435029 1 539

			Align 96: 4297929 4298467 NODE_188_length_539_cov_35.7562_ID_435029 1 539
				Negative gap (overlap) between this and next alignment: 4298467 to 4298413 (-54 bp)
				Next Alignment: 4298413 4299507 NODE_137_length_1095_cov_86.3817_ID_434803 1 1095

			Previous gap was negative, modifying coordinates to ignore overlap
				Moving contig start from 1 to 56.
			Align 97: 4298468 4299507 NODE_137_length_1095_cov_86.3817_ID_434803 56 1095
				Gap between this and next alignment: 4299507 to 4303674 (4166 bp)
				Next Alignment: 4303674 4304824 NODE_134_length_1151_cov_39.8084_ID_433669 1 1151

			Align 98: 4303674 4304824 NODE_134_length_1151_cov_39.8084_ID_433669 1 1151
				Gap between this and next alignment: 4304824 to 4305647 (822 bp)
				Next Alignment: 4305647 4306431 NODE_153_length_785_cov_30.6548_ID_435277 785 1

			Align 99: 4305647 4306431 NODE_153_length_785_cov_30.6548_ID_435277 785 1
				Gap between this and next alignment: 4306431 to 4307929 (1497 bp)
				Next Alignment: 4307929 4308467 NODE_187_length_539_cov_37.8905_ID_435243 1 539

			Align 100: 4307929 4308467 NODE_187_length_539_cov_37.8905_ID_435243 1 539
				Gap between this and next alignment: 4308467 to 4308825 (357 bp)
				Next Alignment: 4308825 4309403 NODE_179_length_579_cov_30.4332_ID_435191 579 1

			Align 101: 4308825 4309403 NODE_179_length_579_cov_30.4332_ID_435191 579 1
				Gap between this and next alignment: 4309403 to 4310386 (982 bp)
				Next Alignment: 4310386 4310978 NODE_178_length_593_cov_112.617_ID_434889 1 593

			Align 102: 4310386 4310978 NODE_178_length_593_cov_112.617_ID_434889 1 593
				Gap between this and next alignment: 4310978 to 4313986 (3007 bp)
				Next Alignment: 4313986 4314773 NODE_152_length_788_cov_35.7149_ID_435081 788 1

			Align 103: 4313986 4314773 NODE_152_length_788_cov_35.7149_ID_435081 788 1
				Gap between this and next alignment: 4314773 to 4321693 (6919 bp)
				Next Alignment: 4321693 4328725 NODE_93_length_7033_cov_40.9177_ID_417738 7033 1

			Align 104: 4321693 4328725 NODE_93_length_7033_cov_40.9177_ID_417738 7033 1
				Gap between this and next alignment: 4328725 to 4329343 (617 bp)
				Next Alignment: 4329343 4329920 NODE_180_length_578_cov_37.8776_ID_435165 578 1

			Align 105: 4329343 4329920 NODE_180_length_578_cov_37.8776_ID_435165 578 1
				Gap between this and next alignment: 4329920 to 4337367 (7446 bp)
				Next Alignment: 4337367 4359402 NODE_80_length_22036_cov_46.0974_ID_430354 1 22036

			Align 106: 4337367 4359402 NODE_80_length_22036_cov_46.0974_ID_430354 1 22036
				Gap between this and next alignment: 4359402 to 4360002 (599 bp)
				Next Alignment: 4360002 4360518 NODE_197_length_517_cov_34.0216_ID_435275 1 517

			Align 107: 4360002 4360518 NODE_197_length_517_cov_34.0216_ID_435275 1 517
				Gap between this and next alignment: 4360518 to 4360845 (326 bp)
				Next Alignment: 4360845 4361409 NODE_182_length_565_cov_33.1176_ID_435171 565 1

			Align 108: 4360845 4361409 NODE_182_length_565_cov_33.1176_ID_435171 565 1
				Negative gap (overlap) between this and next alignment: 4361409 to 4361355 (-54 bp)
				Next Alignment: 4361355 4361978 NODE_173_length_624_cov_73.5062_ID_434843 1 624

			Previous gap was negative, modifying coordinates to ignore overlap
				Moving contig start from 1 to 56.
			Align 109: 4361410 4361978 NODE_173_length_624_cov_73.5062_ID_434843 56 624
				Gap between this and next alignment: 4361978 to 4367125 (5146 bp)
				Next Alignment: 4367125 4533150 NODE_18_length_166026_cov_49.0773_ID_341355 166026 1

			Align 110: 4367125 4533150 NODE_18_length_166026_cov_49.0773_ID_341355 166026 1
				Negative gap (overlap) between this and next alignment: 4533150 to 4533096 (-54 bp)
				Next Alignment: 4533096 4536296 NODE_100_length_3201_cov_66.5922_ID_434767 1 3201

			Previous gap was negative, modifying coordinates to ignore overlap
				Moving contig start from 1 to 56.
			Align 111: 4533151 4536296 NODE_100_length_3201_cov_66.5922_ID_434767 56 3201
				Gap between this and next alignment: 4536296 to 4537516 (1219 bp)
				Next Alignment: 4537516 4540705 NODE_101_length_3190_cov_64.3308_ID_433979 3190 1

			Align 112: 4537516 4540705 NODE_101_length_3190_cov_64.3308_ID_433979 3190 1
				Gap between this and next alignment: 4540705 to 4541314 (608 bp)
				Next Alignment: 4541314 4641322 NODE_32_length_100009_cov_48.9972_ID_422215 100009 1

			Align 113: 4541314 4641322 NODE_32_length_100009_cov_48.9972_ID_422215 100009 1
			END in gap: 4641322 to 4641652 (330 bp)

Analysis is finished!
Founded SNPs were written into /net/metagenomics/projects/afritz_assemblies/Similarity_Experiment/Ecoli_OneTree/metaquast_strain_spades/Ecoli_0955/runs_per_reference/Ecoli_ancestor/contigs_reports/nucmer_output/scaffolds.used_snps

Results:
	Local Misassemblies: 1
	Misassemblies: 0
		Relocations: 0
		Translocations: 0
		Inversions: 0
	Misassembled Contigs: 0
	Misassembled Contig Bases: 0
	Misassemblies Inter-Contig Overlap: 0
Uncovered Regions: 0 (0)
Unaligned Contigs: 0 + 0 part
Partially Unaligned Contigs with Misassemblies: 0
Unaligned Contig Bases: 0

Ambiguously Mapped Contigs: 4
Total Bases in Ambiguously Mapped Contigs: 6484
Note that --allow-ambiguity option was set to "one" and only first alignment per each contig was used.

	Covered Bases: 4426652

	SNPs: 35894
	Insertions: 25
	Deletions: 23

	Positive Gaps: 95
		Internal Gaps:  1
		External Gaps:  94
		External Gap Total:  214908
		External Gap Average: 2286
	Negative Gaps: 18
		Internal Overlaps:  0
		External Overlaps:  18
		External Overlaps Total: -15444
		External Overlaps Average: -858
	Contigs with Redundant Alignments: 0 (0)
