Aligning contigs to reference...
	Running Nucmer
Parsing coords...
Loading reference...
	Loaded [Ecoli_0985_Taxon018_]
Loading SNPs...
Loading regions...
	No regions given, using whole reference.
	Total Regions: 1
	Total Region Length: 4641652
Analyzing contigs...
CONTIG: NODE_2_length_125463_cov_64.6318_ID_530799 (125463bp)
Top Length: 101719  Top ID: 99.14
		This contig is misassembled. 2 total aligns.
			Excluding internal overlap of size 354 between Alignment 1 and 2:  2794039 2818136 | 125463 101366 | 24098 24098 --> 2794039 2817782 | 125463 101720 | 23744 23744
			Real Alignment 1: 2818197 2919915 | 101719 1 | 101719 101719 | 99.14 | Ecoli_0985_Taxon018_ NODE_2_length_125463_cov_64.6318_ID_530799
			  Gap between these two alignments (local misassembly). Inconsistency = 414 
			Real Alignment 2: 2794039 2817782 | 125463 101720 | 23744 23744 | 99.27 | Ecoli_0985_Taxon018_ NODE_2_length_125463_cov_64.6318_ID_530799

CONTIG: NODE_4_length_85447_cov_65.7285_ID_537418 (85447bp)
Top Length: 85447  Top ID: 99.17
		Marking as insignificant: 596980 597104 | 78515 78391 | 125 125 | 98.4 | Ecoli_0985_Taxon018_ NODE_4_length_85447_cov_65.7285_ID_537418
		One align captures most of this contig: 3064339 3149785 | 85447 1 | 85447 85447 | 99.17 | Ecoli_0985_Taxon018_ NODE_4_length_85447_cov_65.7285_ID_537418

CONTIG: NODE_5_length_84301_cov_64.2739_ID_526909 (84301bp)
Top Length: 84301  Top ID: 99.19
		One align captures most of this contig: 3789115 3873415 | 84301 1 | 84301 84301 | 99.19 | Ecoli_0985_Taxon018_ NODE_5_length_84301_cov_64.2739_ID_526909

CONTIG: NODE_6_length_66265_cov_62.6598_ID_502013 (66265bp)
Top Length: 66265  Top ID: 99.17
		One align captures most of this contig: 1912453 1978717 | 1 66265 | 66265 66265 | 99.17 | Ecoli_0985_Taxon018_ NODE_6_length_66265_cov_62.6598_ID_502013

CONTIG: NODE_7_length_61832_cov_63.5807_ID_519560 (61832bp)
Top Length: 61832  Top ID: 99.03
		One align captures most of this contig: 938154 999985 | 61832 1 | 61832 61832 | 99.03 | Ecoli_0985_Taxon018_ NODE_7_length_61832_cov_63.5807_ID_519560

CONTIG: NODE_10_length_57998_cov_64.2567_ID_515330 (57998bp)
Top Length: 57998  Top ID: 98.99
		Marking as insignificant: 3187325 3187425 | 1 101 | 101 101 | 100.0 | Ecoli_0985_Taxon018_ NODE_10_length_57998_cov_64.2567_ID_515330
		Marking as insignificant: 2996361 2996462 | 102 1 | 102 102 | 99.02 | Ecoli_0985_Taxon018_ NODE_10_length_57998_cov_64.2567_ID_515330
		Marking as insignificant: 382489 382590 | 1 102 | 102 102 | 100.0 | Ecoli_0985_Taxon018_ NODE_10_length_57998_cov_64.2567_ID_515330
		Marking as insignificant: 4462856 4462958 | 103 1 | 103 103 | 100.0 | Ecoli_0985_Taxon018_ NODE_10_length_57998_cov_64.2567_ID_515330
		One align captures most of this contig: 1651447 1709444 | 1 57998 | 57998 57998 | 98.99 | Ecoli_0985_Taxon018_ NODE_10_length_57998_cov_64.2567_ID_515330

CONTIG: NODE_12_length_56672_cov_64.9985_ID_533917 (56672bp)
Top Length: 56672  Top ID: 99.14
		Marking as insignificant: 275041 275149 | 56672 56564 | 109 109 | 100.0 | Ecoli_0985_Taxon018_ NODE_12_length_56672_cov_64.9985_ID_533917
		Marking as insignificant: 2145558 2145669 | 56561 56672 | 112 112 | 99.11 | Ecoli_0985_Taxon018_ NODE_12_length_56672_cov_64.9985_ID_533917
		Marking as insignificant: 575677 575790 | 56672 56559 | 114 114 | 100.0 | Ecoli_0985_Taxon018_ NODE_12_length_56672_cov_64.9985_ID_533917
		Marking as insignificant: 1337056 1337173 | 56555 56672 | 118 118 | 98.31 | Ecoli_0985_Taxon018_ NODE_12_length_56672_cov_64.9985_ID_533917
		One align captures most of this contig: 3366642 3423313 | 56672 1 | 56672 56672 | 99.14 | Ecoli_0985_Taxon018_ NODE_12_length_56672_cov_64.9985_ID_533917

CONTIG: NODE_14_length_52809_cov_64.6563_ID_530987 (52809bp)
Top Length: 34209  Top ID: 98.95
		This contig is misassembled. 2 total aligns.
			Excluding internal overlap of size 1 between Alignment 1 and 2:  862172 880772 | 52809 34209 | 18601 18601 --> 862172 880771 | 52809 34210 | 18600 18600
			Real Alignment 1: 862466 896674 | 1 34209 | 34209 34209 | 98.95 | Ecoli_0985_Taxon018_ NODE_14_length_52809_cov_64.6563_ID_530987
			  Extensive misassembly ( relocation, inconsistency = -34503 ) between these two alignments
			Real Alignment 2: 862172 880771 | 52809 34210 | 18600 18600 | 98.95 | Ecoli_0985_Taxon018_ NODE_14_length_52809_cov_64.6563_ID_530987

CONTIG: NODE_16_length_49760_cov_64.7538_ID_521981 (49760bp)
Top Length: 49760  Top ID: 99.17
		One align captures most of this contig: 4213112 4262871 | 1 49760 | 49760 49760 | 99.17 | Ecoli_0985_Taxon018_ NODE_16_length_49760_cov_64.7538_ID_521981

CONTIG: NODE_18_length_48162_cov_64.2688_ID_527022 (48162bp)
Top Length: 48108  Top ID: 99.18
		One align captures most of this contig: 2363895 2412002 | 1 48108 | 48108 48108 | 99.18 | Ecoli_0985_Taxon018_ NODE_18_length_48162_cov_64.2688_ID_527022

CONTIG: NODE_22_length_41389_cov_64.7603_ID_535745 (41389bp)
Top Length: 41389  Top ID: 98.92
		One align captures most of this contig: 4326233 4367621 | 41389 1 | 41389 41389 | 98.92 | Ecoli_0985_Taxon018_ NODE_22_length_41389_cov_64.7603_ID_535745

CONTIG: NODE_23_length_40683_cov_64.2786_ID_537838 (40683bp)
Top Length: 28472  Top ID: 98.99
		This contig is misassembled. 2 total aligns.
			Real Alignment 1: 1156840 1185311 | 1 28472 | 28472 28472 | 98.99 | Ecoli_0985_Taxon018_ NODE_23_length_40683_cov_64.2786_ID_537838
			  Extensive misassembly ( relocation, inconsistency = -2711 ) between these two alignments
			Real Alignment 2: 1182603 1194811 | 40683 28475 | 12209 12209 | 99.2 | Ecoli_0985_Taxon018_ NODE_23_length_40683_cov_64.2786_ID_537838

CONTIG: NODE_26_length_39727_cov_65.5997_ID_515004 (39727bp)
Top Length: 39727  Top ID: 99.08
		One align captures most of this contig: 20509 60235 | 39727 1 | 39727 39727 | 99.08 | Ecoli_0985_Taxon018_ NODE_26_length_39727_cov_65.5997_ID_515004

CONTIG: NODE_27_length_39581_cov_64.8796_ID_538519 (39581bp)
Top Length: 39581  Top ID: 99.2
		Marking as insignificant: 3982605 3982692 | 16674 16587 | 88 88 | 100.0 | Ecoli_0985_Taxon018_ NODE_27_length_39581_cov_64.8796_ID_538519
		Marking as insignificant: 3982604 3982692 | 16911 16823 | 89 89 | 100.0 | Ecoli_0985_Taxon018_ NODE_27_length_39581_cov_64.8796_ID_538519
		One align captures most of this contig: 4589493 4629073 | 1 39581 | 39581 39581 | 99.2 | Ecoli_0985_Taxon018_ NODE_27_length_39581_cov_64.8796_ID_538519

CONTIG: NODE_29_length_39153_cov_64.8237_ID_516192 (39153bp)
Top Length: 39153  Top ID: 99.19
		Marking as insignificant: 4606079 4606166 | 32011 31924 | 88 88 | 98.86 | Ecoli_0985_Taxon018_ NODE_29_length_39153_cov_64.8237_ID_516192
		Marking as insignificant: 4606315 4606403 | 32011 31923 | 89 89 | 97.75 | Ecoli_0985_Taxon018_ NODE_29_length_39153_cov_64.8237_ID_516192
		One align captures most of this contig: 3950682 3989834 | 1 39153 | 39153 39153 | 99.19 | Ecoli_0985_Taxon018_ NODE_29_length_39153_cov_64.8237_ID_516192

CONTIG: NODE_32_length_38495_cov_64.2091_ID_545884 (38495bp)
Top Length: 38495  Top ID: 99.13
		One align captures most of this contig: 1861999 1900493 | 1 38495 | 38495 38495 | 99.13 | Ecoli_0985_Taxon018_ NODE_32_length_38495_cov_64.2091_ID_545884

CONTIG: NODE_33_length_38441_cov_68.5515_ID_545898 (38441bp)
Top Length: 38441  Top ID: 99.1
		Marking as insignificant: 275041 275149 | 38441 38333 | 109 109 | 100.0 | Ecoli_0985_Taxon018_ NODE_33_length_38441_cov_68.5515_ID_545898
		Marking as insignificant: 2145558 2145669 | 38330 38441 | 112 112 | 99.11 | Ecoli_0985_Taxon018_ NODE_33_length_38441_cov_68.5515_ID_545898
		Marking as insignificant: 3366642 3366754 | 38441 38329 | 113 113 | 99.12 | Ecoli_0985_Taxon018_ NODE_33_length_38441_cov_68.5515_ID_545898
		Marking as insignificant: 1337060 1337173 | 38328 38441 | 114 114 | 99.12 | Ecoli_0985_Taxon018_ NODE_33_length_38441_cov_68.5515_ID_545898
		Marking as insignificant: 575677 575789 | 38441 38329 | 113 113 | 100.0 | Ecoli_0985_Taxon018_ NODE_33_length_38441_cov_68.5515_ID_545898
		Marking as insignificant: 578127 578496 | 9204 8835 | 370 370 | 95.14 | Ecoli_0985_Taxon018_ NODE_33_length_38441_cov_68.5515_ID_545898
		One align captures most of this contig: 1387928 1426368 | 1 38441 | 38441 38441 | 99.1 | Ecoli_0985_Taxon018_ NODE_33_length_38441_cov_68.5515_ID_545898

CONTIG: NODE_34_length_38163_cov_65.4443_ID_522387 (38163bp)
Top Length: 38163  Top ID: 99.06
		One align captures most of this contig: 2078276 2116438 | 1 38163 | 38163 38163 | 99.06 | Ecoli_0985_Taxon018_ NODE_34_length_38163_cov_65.4443_ID_522387

CONTIG: NODE_37_length_36175_cov_64.5422_ID_538531 (36175bp)
Top Length: 36175  Top ID: 99.09
		One align captures most of this contig: 1009963 1046137 | 1 36175 | 36175 36175 | 99.09 | Ecoli_0985_Taxon018_ NODE_37_length_36175_cov_64.5422_ID_538531

CONTIG: NODE_39_length_34969_cov_64.2486_ID_533790 (34969bp)
Top Length: 34969  Top ID: 99.1
		One align captures most of this contig: 3239724 3274692 | 1 34969 | 34969 34969 | 99.1 | Ecoli_0985_Taxon018_ NODE_39_length_34969_cov_64.2486_ID_533790

CONTIG: NODE_40_length_34755_cov_65.4951_ID_537630 (34755bp)
Top Length: 34755  Top ID: 98.92
		Marking as insignificant: 687847 687920 | 76 3 | 74 74 | 98.65 | Ecoli_0985_Taxon018_ NODE_40_length_34755_cov_65.4951_ID_537630
		Marking as insignificant: 2146684 2146760 | 1 77 | 77 77 | 98.7 | Ecoli_0985_Taxon018_ NODE_40_length_34755_cov_65.4951_ID_537630
		One align captures most of this contig: 3330873 3365627 | 34755 1 | 34755 34755 | 98.92 | Ecoli_0985_Taxon018_ NODE_40_length_34755_cov_65.4951_ID_537630

CONTIG: NODE_41_length_34434_cov_63.7164_ID_538028 (34434bp)
Top Length: 34434  Top ID: 99.03
		One align captures most of this contig: 2702366 2736799 | 1 34434 | 34434 34434 | 99.03 | Ecoli_0985_Taxon018_ NODE_41_length_34434_cov_63.7164_ID_538028

CONTIG: NODE_43_length_32801_cov_65.0196_ID_538865 (32801bp)
Top Length: 32801  Top ID: 99.14
		One align captures most of this contig: 1992582 2025382 | 1 32801 | 32801 32801 | 99.14 | Ecoli_0985_Taxon018_ NODE_43_length_32801_cov_65.0196_ID_538865

CONTIG: NODE_47_length_32027_cov_64.3534_ID_525505 (32027bp)
Top Length: 32027  Top ID: 99.2
		One align captures most of this contig: 1436077 1468103 | 1 32027 | 32027 32027 | 99.2 | Ecoli_0985_Taxon018_ NODE_47_length_32027_cov_64.3534_ID_525505

CONTIG: NODE_49_length_31853_cov_69.3529_ID_533169 (31853bp)
Top Length: 29988  Top ID: 98.91
		Skipping redundant alignment 3366642 3366766 | 1 125 | 125 125 | 96.8 | Ecoli_0985_Taxon018_ NODE_49_length_31853_cov_69.3529_ID_533169
		Skipping redundant alignment 575677 575789 | 1 113 | 113 113 | 100.0 | Ecoli_0985_Taxon018_ NODE_49_length_31853_cov_69.3529_ID_533169
		Skipping redundant alignment 2145558 2145669 | 112 1 | 112 112 | 99.11 | Ecoli_0985_Taxon018_ NODE_49_length_31853_cov_69.3529_ID_533169
		Skipping redundant alignment 275041 275149 | 1 109 | 109 109 | 100.0 | Ecoli_0985_Taxon018_ NODE_49_length_31853_cov_69.3529_ID_533169
		This contig is misassembled. 6 total aligns.
			Excluding internal overlap of size 1006 between Alignment 1 and 2:  1304786 1307657 | 31853 28983 | 2872 2871 --> 1304786 1306651 | 31853 29989 | 1866 1865
			Real Alignment 1: 1307186 1337173 | 29988 1 | 29988 29988 | 98.91 | Ecoli_0985_Taxon018_ NODE_49_length_31853_cov_69.3529_ID_533169
			  Gap between these two alignments (local misassembly). Inconsistency = 534 
			Real Alignment 2: 1304786 1306651 | 31853 29989 | 1866 1865 | 98.36 | Ecoli_0985_Taxon018_ NODE_49_length_31853_cov_69.3529_ID_533169

CONTIG: NODE_50_length_31481_cov_64.4292_ID_530137 (31481bp)
Top Length: 28340  Top ID: 99.18
		This contig is misassembled. 2 total aligns.
			Excluding internal overlap of size 1 between Alignment 1 and 2:  461174 464315 | 1 3142 | 3142 3142 --> 461174 464314 | 1 3141 | 3141 3141
			Real Alignment 1: 461174 464314 | 1 3141 | 3141 3141 | 98.82 | Ecoli_0985_Taxon018_ NODE_50_length_31481_cov_64.4292_ID_530137
			  Extensive misassembly ( relocation, inconsistency = -3141 ) between these two alignments
			Real Alignment 2: 461174 489513 | 31481 3142 | 28340 28340 | 99.18 | Ecoli_0985_Taxon018_ NODE_50_length_31481_cov_64.4292_ID_530137

CONTIG: NODE_52_length_30805_cov_63.9026_ID_531635 (30805bp)
Top Length: 30805  Top ID: 99.28
		One align captures most of this contig: 3033310 3064114 | 30805 1 | 30805 30805 | 99.28 | Ecoli_0985_Taxon018_ NODE_52_length_30805_cov_63.9026_ID_531635

CONTIG: NODE_53_length_30591_cov_63.0656_ID_514486 (30591bp)
Top Length: 30591  Top ID: 99.12
		One align captures most of this contig: 1247687 1278277 | 1 30591 | 30591 30591 | 99.12 | Ecoli_0985_Taxon018_ NODE_53_length_30591_cov_63.0656_ID_514486

CONTIG: NODE_54_length_30519_cov_65.8087_ID_510528 (30519bp)
Top Length: 30519  Top ID: 99.09
		One align captures most of this contig: 3895488 3926006 | 1 30519 | 30519 30519 | 99.09 | Ecoli_0985_Taxon018_ NODE_54_length_30519_cov_65.8087_ID_510528

CONTIG: NODE_58_length_29578_cov_67.8039_ID_519611 (29578bp)
Top Length: 29578  Top ID: 99.1
		Marking as insignificant: 3766285 3766683 | 1054 1452 | 399 399 | 95.74 | Ecoli_0985_Taxon018_ NODE_58_length_29578_cov_67.8039_ID_519611
		Marking as insignificant: 1531672 1532962 | 1453 2743 | 1291 1291 | 96.13 | Ecoli_0985_Taxon018_ NODE_58_length_29578_cov_67.8039_ID_519611
		One align captures most of this contig: 3622782 3652359 | 1 29578 | 29578 29578 | 99.1 | Ecoli_0985_Taxon018_ NODE_58_length_29578_cov_67.8039_ID_519611

CONTIG: NODE_60_length_28943_cov_65.8149_ID_533604 (28943bp)
Top Length: 28943  Top ID: 99.1
		Marking as insignificant: 275041 275149 | 28943 28835 | 109 109 | 100.0 | Ecoli_0985_Taxon018_ NODE_60_length_28943_cov_65.8149_ID_533604
		Marking as insignificant: 3366642 3366753 | 28943 28832 | 112 112 | 99.11 | Ecoli_0985_Taxon018_ NODE_60_length_28943_cov_65.8149_ID_533604
		Marking as insignificant: 1337062 1337173 | 28832 28943 | 112 112 | 99.11 | Ecoli_0985_Taxon018_ NODE_60_length_28943_cov_65.8149_ID_533604
		Marking as insignificant: 575677 575788 | 28943 28832 | 112 112 | 100.0 | Ecoli_0985_Taxon018_ NODE_60_length_28943_cov_65.8149_ID_533604
		One align captures most of this contig: 2116727 2145669 | 1 28943 | 28943 28943 | 99.1 | Ecoli_0985_Taxon018_ NODE_60_length_28943_cov_65.8149_ID_533604

CONTIG: NODE_61_length_27862_cov_62.6135_ID_514021 (27862bp)
Top Length: 27862  Top ID: 99.16
		One align captures most of this contig: 538973 566834 | 27862 1 | 27862 27862 | 99.16 | Ecoli_0985_Taxon018_ NODE_61_length_27862_cov_62.6135_ID_514021

CONTIG: NODE_62_length_27580_cov_63.5024_ID_538197 (27580bp)
Top Length: 23104  Top ID: 99.23
		This contig is misassembled. 2 total aligns.
			Excluding internal overlap of size 1 between Alignment 1 and 2:  1857577 1862053 | 23104 27580 | 4477 4477 --> 1857578 1862053 | 23105 27580 | 4476 4476
			Real Alignment 1: 1738742 1761845 | 1 23104 | 23104 23104 | 99.23 | Ecoli_0985_Taxon018_ NODE_62_length_27580_cov_63.5024_ID_538197
			  Extensive misassembly ( relocation, inconsistency = 95732 ) between these two alignments
			Real Alignment 2: 1857578 1862053 | 23105 27580 | 4476 4476 | 98.99 | Ecoli_0985_Taxon018_ NODE_62_length_27580_cov_63.5024_ID_538197

CONTIG: NODE_63_length_27492_cov_62.8819_ID_510199 (27492bp)
Top Length: 27492  Top ID: 99.14
		Marking as insignificant: 2996362 2996462 | 27392 27492 | 101 101 | 99.01 | Ecoli_0985_Taxon018_ NODE_63_length_27492_cov_62.8819_ID_510199
		Marking as insignificant: 1651447 1651547 | 27492 27392 | 101 101 | 99.01 | Ecoli_0985_Taxon018_ NODE_63_length_27492_cov_62.8819_ID_510199
		Marking as insignificant: 4462858 4462958 | 27392 27492 | 101 101 | 100.0 | Ecoli_0985_Taxon018_ NODE_63_length_27492_cov_62.8819_ID_510199
		Marking as insignificant: 382489 382589 | 27492 27392 | 101 101 | 100.0 | Ecoli_0985_Taxon018_ NODE_63_length_27492_cov_62.8819_ID_510199
		One align captures most of this contig: 3187325 3214816 | 27492 1 | 27492 27492 | 99.14 | Ecoli_0985_Taxon018_ NODE_63_length_27492_cov_62.8819_ID_510199

CONTIG: NODE_64_length_27383_cov_65.7825_ID_532143 (27383bp)
Top Length: 27328  Top ID: 99.07
		One align captures most of this contig: 4085002 4112329 | 27383 56 | 27328 27328 | 99.07 | Ecoli_0985_Taxon018_ NODE_64_length_27383_cov_65.7825_ID_532143

CONTIG: NODE_65_length_27276_cov_64.5334_ID_532873 (27276bp)
Top Length: 27276  Top ID: 99.22
		One align captures most of this contig: 2965917 2993192 | 27276 1 | 27276 27276 | 99.22 | Ecoli_0985_Taxon018_ NODE_65_length_27276_cov_64.5334_ID_532873

CONTIG: NODE_66_length_27243_cov_64.8849_ID_538595 (27243bp)
Top Length: 14463  Top ID: 99.0
		This contig is misassembled. 2 total aligns.
			Real Alignment 1: 1347869 1360338 | 1 12470 | 12470 12470 | 99.2 | Ecoli_0985_Taxon018_ NODE_66_length_27243_cov_64.8849_ID_538595
			  Fake misassembly between these two alignments: inconsistency = -55 , gap in the contig is small or absent or filled mostly with Ns (long indel: insertion of length 55; 0 mismatches)
			Real Alignment 2: 1360594 1375056 | 12781 27243 | 14463 14463 | 99.0 | Ecoli_0985_Taxon018_ NODE_66_length_27243_cov_64.8849_ID_538595

CONTIG: NODE_67_length_26856_cov_64.7802_ID_535940 (26856bp)
Top Length: 26856  Top ID: 99.27
		One align captures most of this contig: 611810 638665 | 1 26856 | 26856 26856 | 99.27 | Ecoli_0985_Taxon018_ NODE_67_length_26856_cov_64.7802_ID_535940

CONTIG: NODE_70_length_26489_cov_65.0071_ID_535507 (26489bp)
Top Length: 26489  Top ID: 99.11
		One align captures most of this contig: 1278223 1304711 | 1 26489 | 26489 26489 | 99.11 | Ecoli_0985_Taxon018_ NODE_70_length_26489_cov_65.0071_ID_535507

CONTIG: NODE_71_length_26068_cov_62.7856_ID_499644 (26068bp)
Top Length: 26068  Top ID: 99.21
		One align captures most of this contig: 178783 204850 | 26068 1 | 26068 26068 | 99.21 | Ecoli_0985_Taxon018_ NODE_71_length_26068_cov_62.7856_ID_499644

CONTIG: NODE_72_length_24501_cov_64.4507_ID_518345 (24501bp)
Top Length: 19943  Top ID: 99.24
		This contig is misassembled. 2 total aligns.
			Real Alignment 1: 3219552 3239494 | 19943 1 | 19943 19943 | 99.24 | Ecoli_0985_Taxon018_ NODE_72_length_24501_cov_64.4507_ID_518345
			  Fake misassembly between these two alignments: inconsistency = -55 , gap in the contig is small or absent or filled mostly with Ns (long indel: insertion of length 55; 0 mismatches)
			Real Alignment 2: 3215049 3219326 | 24501 20224 | 4278 4278 | 99.32 | Ecoli_0985_Taxon018_ NODE_72_length_24501_cov_64.4507_ID_518345

CONTIG: NODE_73_length_24405_cov_64.9169_ID_538891 (24405bp)
Top Length: 24405  Top ID: 99.13
		One align captures most of this contig: 896674 921078 | 24405 1 | 24405 24405 | 99.13 | Ecoli_0985_Taxon018_ NODE_73_length_24405_cov_64.9169_ID_538891

CONTIG: NODE_74_length_24072_cov_65.1727_ID_534822 (24072bp)
Top Length: 24072  Top ID: 99.2
		Marking as insignificant: 687847 687920 | 76 3 | 74 74 | 98.65 | Ecoli_0985_Taxon018_ NODE_74_length_24072_cov_65.1727_ID_534822
		One align captures most of this contig: 2146684 2170755 | 1 24072 | 24072 24072 | 99.2 | Ecoli_0985_Taxon018_ NODE_74_length_24072_cov_65.1727_ID_534822

CONTIG: NODE_76_length_23788_cov_65.0416_ID_545894 (23788bp)
Top Length: 23788  Top ID: 99.26
		One align captures most of this contig: 2310025 2333812 | 1 23788 | 23788 23788 | 99.26 | Ecoli_0985_Taxon018_ NODE_76_length_23788_cov_65.0416_ID_545894

CONTIG: NODE_77_length_23337_cov_65.9249_ID_525293 (23337bp)
Top Length: 23337  Top ID: 99.19
		Marking as insignificant: 3622452 3622880 | 21973 21546 | 429 428 | 95.1 | Ecoli_0985_Taxon018_ NODE_77_length_23337_cov_65.9249_ID_525293
		Marking as insignificant: 707781 708226 | 21519 21963 | 446 445 | 95.07 | Ecoli_0985_Taxon018_ NODE_77_length_23337_cov_65.9249_ID_525293
		One align captures most of this contig: 3765833 3789169 | 23337 1 | 23337 23337 | 99.19 | Ecoli_0985_Taxon018_ NODE_77_length_23337_cov_65.9249_ID_525293

CONTIG: NODE_78_length_23073_cov_63.595_ID_538857 (23073bp)
Top Length: 23073  Top ID: 99.2
		One align captures most of this contig: 91168 114240 | 23073 1 | 23073 23073 | 99.2 | Ecoli_0985_Taxon018_ NODE_78_length_23073_cov_63.595_ID_538857

CONTIG: NODE_79_length_22480_cov_64.1635_ID_497839 (22480bp)
Top Length: 22480  Top ID: 98.95
		One align captures most of this contig: 2457206 2479685 | 1 22480 | 22480 22480 | 98.95 | Ecoli_0985_Taxon018_ NODE_79_length_22480_cov_64.1635_ID_497839

CONTIG: NODE_80_length_22373_cov_62.807_ID_509356 (22373bp)
Top Length: 22373  Top ID: 99.31
		One align captures most of this contig: 3457171 3479543 | 1 22373 | 22373 22373 | 99.31 | Ecoli_0985_Taxon018_ NODE_80_length_22373_cov_62.807_ID_509356

CONTIG: NODE_83_length_21886_cov_65.4583_ID_530080 (21886bp)
Top Length: 21886  Top ID: 99.22
		One align captures most of this contig: 3873361 3895246 | 1 21886 | 21886 21886 | 99.22 | Ecoli_0985_Taxon018_ NODE_83_length_21886_cov_65.4583_ID_530080

CONTIG: NODE_85_length_21592_cov_64.7967_ID_515880 (21592bp)
Top Length: 21592  Top ID: 99.24
		One align captures most of this contig: 3989780 4011371 | 21592 1 | 21592 21592 | 99.24 | Ecoli_0985_Taxon018_ NODE_85_length_21592_cov_64.7967_ID_515880

CONTIG: NODE_86_length_21552_cov_64.0598_ID_518016 (21552bp)
Top Length: 21552  Top ID: 99.09
		One align captures most of this contig: 293732 315283 | 1 21552 | 21552 21552 | 99.09 | Ecoli_0985_Taxon018_ NODE_86_length_21552_cov_64.0598_ID_518016

CONTIG: NODE_87_length_21493_cov_65.8028_ID_545888 (21493bp)
Top Length: 21493  Top ID: 99.23
		One align captures most of this contig: 3033310 3054802 | 1 21493 | 21493 21493 | 99.23 | Ecoli_0985_Taxon018_ NODE_87_length_21493_cov_65.8028_ID_545888

CONTIG: NODE_88_length_20647_cov_62.0333_ID_510656 (20647bp)
Top Length: 20647  Top ID: 99.18
		Marking as insignificant: 3497533 3497677 | 145 1 | 145 145 | 99.31 | Ecoli_0985_Taxon018_ NODE_88_length_20647_cov_62.0333_ID_510656
		Marking as insignificant: 219098 219312 | 1 215 | 215 215 | 100.0 | Ecoli_0985_Taxon018_ NODE_88_length_20647_cov_62.0333_ID_510656
		One align captures most of this contig: 4187411 4208055 | 20647 1 | 20645 20647 | 99.18 | Ecoli_0985_Taxon018_ NODE_88_length_20647_cov_62.0333_ID_510656

CONTIG: NODE_90_length_19990_cov_62.8709_ID_521515 (19990bp)
Top Length: 19990  Top ID: 99.17
		One align captures most of this contig: 60181 80170 | 1 19990 | 19990 19990 | 99.17 | Ecoli_0985_Taxon018_ NODE_90_length_19990_cov_62.8709_ID_521515

CONTIG: NODE_91_length_19843_cov_64.8612_ID_499821 (19843bp)
Top Length: 19843  Top ID: 99.42
		One align captures most of this contig: 316429 336271 | 1 19843 | 19843 19843 | 99.42 | Ecoli_0985_Taxon018_ NODE_91_length_19843_cov_64.8612_ID_499821

CONTIG: NODE_93_length_19554_cov_62.0594_ID_512791 (19554bp)
Top Length: 19554  Top ID: 99.37
		One align captures most of this contig: 751320 770873 | 1 19554 | 19554 19554 | 99.37 | Ecoli_0985_Taxon018_ NODE_93_length_19554_cov_62.0594_ID_512791

CONTIG: NODE_94_length_19156_cov_64.0795_ID_504362 (19156bp)
Top Length: 19156  Top ID: 99.24
		One align captures most of this contig: 4539580 4558735 | 1 19156 | 19156 19156 | 99.24 | Ecoli_0985_Taxon018_ NODE_94_length_19156_cov_64.0795_ID_504362

CONTIG: NODE_99_length_17480_cov_64.2438_ID_531731 (17480bp)
Top Length: 17480  Top ID: 99.04
		One align captures most of this contig: 3168671 3186150 | 17480 1 | 17480 17480 | 99.04 | Ecoli_0985_Taxon018_ NODE_99_length_17480_cov_64.2438_ID_531731

CONTIG: NODE_100_length_17458_cov_65.9613_ID_545920 (17458bp)
Top Length: 17458  Top ID: 99.17
		One align captures most of this contig: 4427141 4444598 | 1 17458 | 17458 17458 | 99.17 | Ecoli_0985_Taxon018_ NODE_100_length_17458_cov_65.9613_ID_545920

CONTIG: NODE_102_length_17039_cov_62.1484_ID_521352 (17039bp)
Top Length: 17039  Top ID: 99.08
		One align captures most of this contig: 4367567 4384605 | 1 17039 | 17039 17039 | 99.08 | Ecoli_0985_Taxon018_ NODE_102_length_17039_cov_62.1484_ID_521352

CONTIG: NODE_104_length_16314_cov_61.5482_ID_507827 (16314bp)
Top Length: 16314  Top ID: 99.26
		One align captures most of this contig: 1494226 1510539 | 1 16314 | 16314 16314 | 99.26 | Ecoli_0985_Taxon018_ NODE_104_length_16314_cov_61.5482_ID_507827

CONTIG: NODE_106_length_16058_cov_63.8745_ID_513424 (16058bp)
Top Length: 16058  Top ID: 99.21
		One align captures most of this contig: 1593761 1609818 | 1 16058 | 16058 16058 | 99.21 | Ecoli_0985_Taxon018_ NODE_106_length_16058_cov_63.8745_ID_513424

CONTIG: NODE_108_length_15995_cov_64.5472_ID_523052 (15995bp)
Top Length: 15995  Top ID: 99.1
		One align captures most of this contig: 3925508 3941502 | 1 15995 | 15995 15995 | 99.1 | Ecoli_0985_Taxon018_ NODE_108_length_15995_cov_64.5472_ID_523052

CONTIG: NODE_112_length_15335_cov_66.0772_ID_545906 (15335bp)
Top Length: 15335  Top ID: 99.14
		One align captures most of this contig: 4473638 4488972 | 15335 1 | 15335 15335 | 99.14 | Ecoli_0985_Taxon018_ NODE_112_length_15335_cov_66.0772_ID_545906

CONTIG: NODE_114_length_14944_cov_66.4627_ID_538615 (14944bp)
Top Length: 14944  Top ID: 99.35
		One align captures most of this contig: 135475 150418 | 14944 1 | 14944 14944 | 99.35 | Ecoli_0985_Taxon018_ NODE_114_length_14944_cov_66.4627_ID_538615

CONTIG: NODE_120_length_14191_cov_63.847_ID_531401 (14191bp)
Top Length: 14191  Top ID: 99.15
		One align captures most of this contig: 392909 407099 | 14191 1 | 14191 14191 | 99.15 | Ecoli_0985_Taxon018_ NODE_120_length_14191_cov_63.847_ID_531401

CONTIG: NODE_121_length_14049_cov_63.8534_ID_516904 (14049bp)
Top Length: 14049  Top ID: 99.24
		One align captures most of this contig: 1393 15441 | 14049 1 | 14049 14049 | 99.24 | Ecoli_0985_Taxon018_ NODE_121_length_14049_cov_63.8534_ID_516904

CONTIG: NODE_123_length_13543_cov_63.8796_ID_538853 (13543bp)
Top Length: 13543  Top ID: 99.26
		One align captures most of this contig: 720729 734271 | 13543 1 | 13543 13543 | 99.26 | Ecoli_0985_Taxon018_ NODE_123_length_13543_cov_63.8796_ID_538853

CONTIG: NODE_125_length_13370_cov_65.6176_ID_545882 (13370bp)
Top Length: 13370  Top ID: 99.21
		One align captures most of this contig: 3511442 3524811 | 13370 1 | 13370 13370 | 99.21 | Ecoli_0985_Taxon018_ NODE_125_length_13370_cov_65.6176_ID_545882

CONTIG: NODE_126_length_13276_cov_66.3159_ID_535161 (13276bp)
Top Length: 13276  Top ID: 98.88
		One align captures most of this contig: 2683778 2697053 | 1 13276 | 13276 13276 | 98.88 | Ecoli_0985_Taxon018_ NODE_126_length_13276_cov_66.3159_ID_535161

CONTIG: NODE_128_length_13138_cov_67.921_ID_494861 (13138bp)
Top Length: 13138  Top ID: 99.22
		Marking as insignificant: 275041 275149 | 13138 13030 | 109 109 | 100.0 | Ecoli_0985_Taxon018_ NODE_128_length_13138_cov_67.921_ID_494861
		Marking as insignificant: 2145558 2145669 | 13027 13138 | 112 112 | 99.11 | Ecoli_0985_Taxon018_ NODE_128_length_13138_cov_67.921_ID_494861
		Marking as insignificant: 3366642 3366754 | 13138 13026 | 113 113 | 99.12 | Ecoli_0985_Taxon018_ NODE_128_length_13138_cov_67.921_ID_494861
		Marking as insignificant: 1337061 1337173 | 13026 13138 | 113 113 | 99.12 | Ecoli_0985_Taxon018_ NODE_128_length_13138_cov_67.921_ID_494861
		Marking as insignificant: 575677 575789 | 13138 13026 | 113 113 | 100.0 | Ecoli_0985_Taxon018_ NODE_128_length_13138_cov_67.921_ID_494861
		One align captures most of this contig: 3653122 3666259 | 13138 1 | 13138 13138 | 99.22 | Ecoli_0985_Taxon018_ NODE_128_length_13138_cov_67.921_ID_494861

CONTIG: NODE_130_length_13010_cov_63.2297_ID_504805 (13010bp)
Top Length: 13010  Top ID: 98.91
		One align captures most of this contig: 1470425 1483434 | 13010 1 | 13010 13010 | 98.91 | Ecoli_0985_Taxon018_ NODE_130_length_13010_cov_63.2297_ID_504805

CONTIG: NODE_131_length_12754_cov_64.7064_ID_509811 (12754bp)
Top Length: 12754  Top ID: 99.22
		One align captures most of this contig: 1803212 1815965 | 12754 1 | 12754 12754 | 99.22 | Ecoli_0985_Taxon018_ NODE_131_length_12754_cov_64.7064_ID_509811

CONTIG: NODE_134_length_12362_cov_63.0752_ID_519042 (12362bp)
Top Length: 12362  Top ID: 99.17
		One align captures most of this contig: 526666 539027 | 12362 1 | 12362 12362 | 99.17 | Ecoli_0985_Taxon018_ NODE_134_length_12362_cov_63.0752_ID_519042

CONTIG: NODE_136_length_12123_cov_65.8648_ID_538521 (12123bp)
Top Length: 12123  Top ID: 99.09
		One align captures most of this contig: 1137375 1149497 | 1 12123 | 12123 12123 | 99.09 | Ecoli_0985_Taxon018_ NODE_136_length_12123_cov_65.8648_ID_538521

CONTIG: NODE_137_length_12120_cov_64.4317_ID_538821 (12120bp)
Top Length: 10083  Top ID: 99.19
		This contig is misassembled. 2 total aligns.
			Real Alignment 1: 4446955 4457037 | 10083 1 | 10083 10083 | 99.19 | Ecoli_0985_Taxon018_ NODE_137_length_12120_cov_64.4317_ID_538821
			  Fake misassembly between these two alignments: inconsistency = -55 , gap in the contig is small or absent or filled mostly with Ns (long indel: insertion of length 55; 0 mismatches)
			Real Alignment 2: 4444973 4446683 | 12120 10410 | 1711 1711 | 99.12 | Ecoli_0985_Taxon018_ NODE_137_length_12120_cov_64.4317_ID_538821

CONTIG: NODE_138_length_11986_cov_62.0345_ID_505963 (11986bp)
Top Length: 11986  Top ID: 99.57
		One align captures most of this contig: 1900439 1912424 | 1 11986 | 11986 11986 | 99.57 | Ecoli_0985_Taxon018_ NODE_138_length_11986_cov_62.0345_ID_505963

CONTIG: NODE_140_length_11170_cov_63.8537_ID_538859 (11170bp)
Top Length: 11170  Top ID: 99.2
		One align captures most of this contig: 2938410 2949579 | 1 11170 | 11170 11170 | 99.2 | Ecoli_0985_Taxon018_ NODE_140_length_11170_cov_63.8537_ID_538859

CONTIG: NODE_141_length_10969_cov_62.5208_ID_545918 (10969bp)
Top Length: 10969  Top ID: 98.81
		One align captures most of this contig: 4492138 4503106 | 10969 1 | 10969 10969 | 98.81 | Ecoli_0985_Taxon018_ NODE_141_length_10969_cov_62.5208_ID_545918

CONTIG: NODE_144_length_10813_cov_65.9914_ID_538557 (10813bp)
Top Length: 10813  Top ID: 99.2
		One align captures most of this contig: 1236929 1247741 | 10813 1 | 10813 10813 | 99.2 | Ecoli_0985_Taxon018_ NODE_144_length_10813_cov_65.9914_ID_538557

CONTIG: NODE_145_length_10620_cov_66.0081_ID_496096 (10620bp)
Top Length: 10620  Top ID: 99.13
		Marking as insignificant: 1470338 1470516 | 58 236 | 179 179 | 98.88 | Ecoli_0985_Taxon018_ NODE_145_length_10620_cov_66.0081_ID_496096
		Marking as insignificant: 271581 271761 | 56 236 | 181 181 | 98.34 | Ecoli_0985_Taxon018_ NODE_145_length_10620_cov_66.0081_ID_496096
		One align captures most of this contig: 279876 290495 | 1 10620 | 10620 10620 | 99.13 | Ecoli_0985_Taxon018_ NODE_145_length_10620_cov_66.0081_ID_496096

CONTIG: NODE_147_length_10500_cov_63.3539_ID_512593 (10500bp)
Top Length: 10500  Top ID: 98.95
		One align captures most of this contig: 999518 1010017 | 1 10500 | 10500 10500 | 98.95 | Ecoli_0985_Taxon018_ NODE_147_length_10500_cov_63.3539_ID_512593

CONTIG: NODE_150_length_9560_cov_62.8787_ID_538883 (9560bp)
Top Length: 9560  Top ID: 99.23
		One align captures most of this contig: 4464133 4473692 | 9560 1 | 9560 9560 | 99.23 | Ecoli_0985_Taxon018_ NODE_150_length_9560_cov_62.8787_ID_538883

CONTIG: NODE_152_length_9520_cov_60.0549_ID_511928 (9520bp)
Top Length: 9520  Top ID: 99.1
		One align captures most of this contig: 339355 348874 | 1 9520 | 9520 9520 | 99.1 | Ecoli_0985_Taxon018_ NODE_152_length_9520_cov_60.0549_ID_511928

CONTIG: NODE_153_length_9387_cov_65.7645_ID_538709 (9387bp)
Top Length: 9387  Top ID: 99.21
		One align captures most of this contig: 1622010 1631396 | 1 9387 | 9387 9387 | 99.21 | Ecoli_0985_Taxon018_ NODE_153_length_9387_cov_65.7645_ID_538709

CONTIG: NODE_154_length_9340_cov_61.5151_ID_535905 (9340bp)
Top Length: 4536  Top ID: 99.32
		This contig is misassembled. 2 total aligns.
			Real Alignment 1: 4515669 4520204 | 1 4536 | 4536 4536 | 99.32 | Ecoli_0985_Taxon018_ NODE_154_length_9340_cov_61.5151_ID_535905
			  Fake misassembly between these two alignments: inconsistency = -55 , gap in the contig is small or absent or filled mostly with Ns (long indel: insertion of length 55; 0 mismatches)
			Real Alignment 2: 4520451 4524953 | 4838 9340 | 4503 4503 | 99.44 | Ecoli_0985_Taxon018_ NODE_154_length_9340_cov_61.5151_ID_535905

CONTIG: NODE_158_length_8930_cov_65.531_ID_538815 (8930bp)
Top Length: 8930  Top ID: 99.12
		One align captures most of this contig: 241369 250298 | 1 8930 | 8930 8930 | 99.12 | Ecoli_0985_Taxon018_ NODE_158_length_8930_cov_65.531_ID_538815

CONTIG: NODE_159_length_8779_cov_60.2712_ID_500864 (8779bp)
Top Length: 8779  Top ID: 99.01
		One align captures most of this contig: 3559476 3568254 | 1 8779 | 8779 8779 | 99.01 | Ecoli_0985_Taxon018_ NODE_159_length_8779_cov_60.2712_ID_500864

CONTIG: NODE_162_length_7929_cov_63.1741_ID_524100 (7929bp)
Top Length: 7929  Top ID: 99.07
		One align captures most of this contig: 229142 237070 | 1 7929 | 7929 7929 | 99.07 | Ecoli_0985_Taxon018_ NODE_162_length_7929_cov_63.1741_ID_524100

CONTIG: NODE_163_length_7899_cov_66.972_ID_538733 (7899bp)
Top Length: 7899  Top ID: 99.15
		One align captures most of this contig: 4629321 4637219 | 1 7899 | 7899 7899 | 99.15 | Ecoli_0985_Taxon018_ NODE_163_length_7899_cov_66.972_ID_538733

CONTIG: NODE_164_length_7712_cov_63.8652_ID_538907 (7712bp)
Top Length: 7712  Top ID: 99.23
		One align captures most of this contig: 3323216 3330927 | 1 7712 | 7712 7712 | 99.23 | Ecoli_0985_Taxon018_ NODE_164_length_7712_cov_63.8652_ID_538907

CONTIG: NODE_165_length_7400_cov_64.5872_ID_532377 (7400bp)
Top Length: 7400  Top ID: 99.23
		One align captures most of this contig: 713384 720783 | 1 7400 | 7400 7400 | 99.23 | Ecoli_0985_Taxon018_ NODE_165_length_7400_cov_64.5872_ID_532377

CONTIG: NODE_168_length_7151_cov_64.545_ID_538887 (7151bp)
Top Length: 7151  Top ID: 99.17
		One align captures most of this contig: 1149744 1156894 | 1 7151 | 7151 7151 | 99.17 | Ecoli_0985_Taxon018_ NODE_168_length_7151_cov_64.545_ID_538887

CONTIG: NODE_169_length_7084_cov_65.5574_ID_528421 (7084bp)
Top Length: 7084  Top ID: 99.34
		One align captures most of this contig: 3448318 3455401 | 1 7084 | 7084 7084 | 99.34 | Ecoli_0985_Taxon018_ NODE_169_length_7084_cov_65.5574_ID_528421

CONTIG: NODE_170_length_6989_cov_66.0702_ID_545908 (6989bp)
Top Length: 6989  Top ID: 99.44
		One align captures most of this contig: 2450272 2457260 | 6989 1 | 6989 6989 | 99.44 | Ecoli_0985_Taxon018_ NODE_170_length_6989_cov_66.0702_ID_545908

CONTIG: NODE_171_length_6851_cov_63.2537_ID_538489 (6851bp)
Top Length: 6851  Top ID: 99.28
		One align captures most of this contig: 4385564 4392414 | 6851 1 | 6851 6851 | 99.28 | Ecoli_0985_Taxon018_ NODE_171_length_6851_cov_63.2537_ID_538489

CONTIG: NODE_172_length_6682_cov_63.0865_ID_517197 (6682bp)
Top Length: 6682  Top ID: 99.42
		Marking as insignificant: 687847 687920 | 6607 6680 | 74 74 | 98.65 | Ecoli_0985_Taxon018_ NODE_172_length_6682_cov_63.0865_ID_517197
		Marking as insignificant: 2146684 2146759 | 6682 6607 | 76 76 | 98.68 | Ecoli_0985_Taxon018_ NODE_172_length_6682_cov_63.0865_ID_517197
		One align captures most of this contig: 567981 574662 | 1 6682 | 6682 6682 | 99.42 | Ecoli_0985_Taxon018_ NODE_172_length_6682_cov_63.0865_ID_517197

CONTIG: NODE_174_length_6168_cov_65.6799_ID_518197 (6168bp)
Top Length: 6168  Top ID: 99.46
		Marking as insignificant: 3187325 3187425 | 1 101 | 101 101 | 100.0 | Ecoli_0985_Taxon018_ NODE_174_length_6168_cov_65.6799_ID_518197
		Marking as insignificant: 1651447 1651548 | 1 102 | 102 102 | 99.02 | Ecoli_0985_Taxon018_ NODE_174_length_6168_cov_65.6799_ID_518197
		Marking as insignificant: 4462857 4462958 | 102 1 | 102 102 | 100.0 | Ecoli_0985_Taxon018_ NODE_174_length_6168_cov_65.6799_ID_518197
		Marking as insignificant: 2996359 2996462 | 104 1 | 104 104 | 99.04 | Ecoli_0985_Taxon018_ NODE_174_length_6168_cov_65.6799_ID_518197
		One align captures most of this contig: 382489 388656 | 1 6168 | 6168 6168 | 99.46 | Ecoli_0985_Taxon018_ NODE_174_length_6168_cov_65.6799_ID_518197

CONTIG: NODE_177_length_5788_cov_64.4036_ID_538485 (5788bp)
Top Length: 5788  Top ID: 99.08
		One align captures most of this contig: 2444070 2449857 | 1 5788 | 5788 5788 | 99.08 | Ecoli_0985_Taxon018_ NODE_177_length_5788_cov_64.4036_ID_538485

CONTIG: NODE_178_length_5768_cov_63.115_ID_538893 (5768bp)
Top Length: 5768  Top ID: 99.24
		One align captures most of this contig: 1194757 1200524 | 1 5768 | 5768 5768 | 99.24 | Ecoli_0985_Taxon018_ NODE_178_length_5768_cov_63.115_ID_538893

CONTIG: NODE_180_length_5569_cov_66.8404_ID_538505 (5569bp)
Top Length: 5569  Top ID: 99.44
		One align captures most of this contig: 2412092 2417660 | 5569 1 | 5569 5569 | 99.44 | Ecoli_0985_Taxon018_ NODE_180_length_5569_cov_66.8404_ID_538505

CONTIG: NODE_181_length_5529_cov_68.0212_ID_520536 (5529bp)
Top Length: 5529  Top ID: 98.9
		Marking as insignificant: 780765 780841 | 5451 5527 | 77 77 | 100.0 | Ecoli_0985_Taxon018_ NODE_181_length_5529_cov_68.0212_ID_520536
		Marking as insignificant: 780765 780841 | 5329 5405 | 77 77 | 100.0 | Ecoli_0985_Taxon018_ NODE_181_length_5529_cov_68.0212_ID_520536
		Marking as insignificant: 780765 780841 | 5207 5283 | 77 77 | 100.0 | Ecoli_0985_Taxon018_ NODE_181_length_5529_cov_68.0212_ID_520536
		One align captures most of this contig: 2515725 2521251 | 1 5529 | 5527 5529 | 98.9 | Ecoli_0985_Taxon018_ NODE_181_length_5529_cov_68.0212_ID_520536

CONTIG: NODE_185_length_4517_cov_66.249_ID_545910 (4517bp)
Top Length: 4517  Top ID: 99.18
		One align captures most of this contig: 1485957 1490473 | 4517 1 | 4517 4517 | 99.18 | Ecoli_0985_Taxon018_ NODE_185_length_4517_cov_66.249_ID_545910

CONTIG: NODE_186_length_4280_cov_61.6973_ID_520435 (4280bp)
Top Length: 4280  Top ID: 99.18
		One align captures most of this contig: 4117765 4122044 | 1 4280 | 4280 4280 | 99.18 | Ecoli_0985_Taxon018_ NODE_186_length_4280_cov_61.6973_ID_520435

CONTIG: NODE_188_length_3965_cov_64.2061_ID_525065 (3965bp)
Top Length: 3965  Top ID: 99.24
		Marking as insignificant: 213772 213949 | 3788 3965 | 178 178 | 98.31 | Ecoli_0985_Taxon018_ NODE_188_length_3965_cov_64.2061_ID_525065
		One align captures most of this contig: 3946772 3950736 | 3965 1 | 3965 3965 | 99.24 | Ecoli_0985_Taxon018_ NODE_188_length_3965_cov_64.2061_ID_525065

CONTIG: NODE_190_length_3889_cov_65.8495_ID_519452 (3889bp)
Top Length: 3889  Top ID: 99.56
		One align captures most of this contig: 799425 803313 | 1 3889 | 3889 3889 | 99.56 | Ecoli_0985_Taxon018_ NODE_190_length_3889_cov_65.8495_ID_519452

CONTIG: NODE_191_length_3862_cov_65.1875_ID_545924 (3862bp)
Top Length: 3862  Top ID: 99.09
		One align captures most of this contig: 1490419 1494280 | 1 3862 | 3862 3862 | 99.09 | Ecoli_0985_Taxon018_ NODE_191_length_3862_cov_65.1875_ID_545924

CONTIG: NODE_192_length_3800_cov_60.4142_ID_527823 (3800bp)
Top Length: 3800  Top ID: 99.37
		One align captures most of this contig: 1046083 1049882 | 1 3800 | 3800 3800 | 99.37 | Ecoli_0985_Taxon018_ NODE_192_length_3800_cov_60.4142_ID_527823

CONTIG: NODE_193_length_3325_cov_63.1361_ID_505897 (3325bp)
Top Length: 3325  Top ID: 99.13
		Marking as insignificant: 3187325 3187425 | 1 101 | 101 101 | 99.01 | Ecoli_0985_Taxon018_ NODE_193_length_3325_cov_63.1361_ID_505897
		Marking as insignificant: 1651447 1651548 | 1 102 | 102 102 | 98.04 | Ecoli_0985_Taxon018_ NODE_193_length_3325_cov_63.1361_ID_505897
		Marking as insignificant: 4462857 4462958 | 102 1 | 102 102 | 99.02 | Ecoli_0985_Taxon018_ NODE_193_length_3325_cov_63.1361_ID_505897
		Marking as insignificant: 382489 382592 | 1 104 | 104 104 | 99.04 | Ecoli_0985_Taxon018_ NODE_193_length_3325_cov_63.1361_ID_505897
		One align captures most of this contig: 2993138 2996462 | 3325 1 | 3325 3325 | 99.13 | Ecoli_0985_Taxon018_ NODE_193_length_3325_cov_63.1361_ID_505897

CONTIG: NODE_197_length_2914_cov_61.1165_ID_545930 (2914bp)
Top Length: 2914  Top ID: 99.42
		One align captures most of this contig: 3588231 3591144 | 1 2914 | 2914 2914 | 99.42 | Ecoli_0985_Taxon018_ NODE_197_length_2914_cov_61.1165_ID_545930

CONTIG: NODE_199_length_2770_cov_62.7053_ID_545926 (2770bp)
Top Length: 2770  Top ID: 99.24
		One align captures most of this contig: 4488918 4491687 | 1 2770 | 2770 2770 | 99.24 | Ecoli_0985_Taxon018_ NODE_199_length_2770_cov_62.7053_ID_545926

CONTIG: NODE_204_length_2361_cov_63.6032_ID_538919 (2361bp)
Top Length: 2361  Top ID: 99.41
		Marking as insignificant: 271670 271761 | 1 92 | 92 92 | 100.0 | Ecoli_0985_Taxon018_ NODE_204_length_2361_cov_63.6032_ID_538919
		Marking as insignificant: 280020 280128 | 1 108 | 109 108 | 96.33 | Ecoli_0985_Taxon018_ NODE_204_length_2361_cov_63.6032_ID_538919
		One align captures most of this contig: 4537274 4539634 | 1 2361 | 2361 2361 | 99.41 | Ecoli_0985_Taxon018_ NODE_204_length_2361_cov_63.6032_ID_538919

CONTIG: NODE_205_length_2357_cov_73.4652_ID_504960 (2357bp)
Top Length: 2357  Top ID: 99.24
		Marking as insignificant: 2146684 2146759 | 1 76 | 76 76 | 98.68 | Ecoli_0985_Taxon018_ NODE_205_length_2357_cov_73.4652_ID_504960
		Marking as insignificant: 687844 687920 | 79 3 | 77 77 | 100.0 | Ecoli_0985_Taxon018_ NODE_205_length_2357_cov_73.4652_ID_504960
		Marking as insignificant: 280020 280111 | 2357 2266 | 92 92 | 98.91 | Ecoli_0985_Taxon018_ NODE_205_length_2357_cov_73.4652_ID_504960
		One align captures most of this contig: 271670 274026 | 2357 1 | 2357 2357 | 99.24 | Ecoli_0985_Taxon018_ NODE_205_length_2357_cov_73.4652_ID_504960

CONTIG: NODE_206_length_2335_cov_66.1969_ID_545928 (2335bp)
Top Length: 2335  Top ID: 99.27
		One align captures most of this contig: 1483380 1485714 | 1 2335 | 2335 2335 | 99.27 | Ecoli_0985_Taxon018_ NODE_206_length_2335_cov_66.1969_ID_545928

CONTIG: NODE_208_length_2091_cov_58.8649_ID_522628 (2091bp)
Top Length: 2091  Top ID: 99.43
		One align captures most of this contig: 2064140 2066230 | 2091 1 | 2091 2091 | 99.43 | Ecoli_0985_Taxon018_ NODE_208_length_2091_cov_58.8649_ID_522628

CONTIG: NODE_211_length_1825_cov_67.4136_ID_539829 (1825bp)
Top Length: 1825  Top ID: 99.51
		One align captures most of this contig: 389938 391762 | 1 1825 | 1825 1825 | 99.51 | Ecoli_0985_Taxon018_ NODE_211_length_1825_cov_67.4136_ID_539829

CONTIG: NODE_218_length_1447_cov_47.0754_ID_520856 (1447bp)
Top Length: 1447  Top ID: 99.31
		One align captures most of this contig: 1 1447 | 1447 1 | 1447 1447 | 99.31 | Ecoli_0985_Taxon018_ NODE_218_length_1447_cov_47.0754_ID_520856

CONTIG: NODE_219_length_1433_cov_57.9739_ID_517796 (1433bp)
Top Length: 1433  Top ID: 99.23
		One align captures most of this contig: 2512895 2514327 | 1433 1 | 1433 1433 | 99.23 | Ecoli_0985_Taxon018_ NODE_219_length_1433_cov_57.9739_ID_517796

CONTIG: NODE_220_length_1432_cov_54.4582_ID_532783 (1432bp)
Top Length: 1432  Top ID: 99.23
		One align captures most of this contig: 4315730 4317161 | 1432 1 | 1432 1432 | 99.23 | Ecoli_0985_Taxon018_ NODE_220_length_1432_cov_54.4582_ID_532783

CONTIG: NODE_221_length_1362_cov_60.5578_ID_538925 (1362bp)
Top Length: 1362  Top ID: 99.41
		One align captures most of this contig: 936847 938208 | 1 1362 | 1362 1362 | 99.41 | Ecoli_0985_Taxon018_ NODE_221_length_1362_cov_60.5578_ID_538925

CONTIG: NODE_225_length_1299_cov_59.713_ID_535286 (1299bp)
Top Length: 1299  Top ID: 100.0
		One align captures most of this contig: 1384351 1385649 | 1 1299 | 1299 1299 | 100.0 | Ecoli_0985_Taxon018_ NODE_225_length_1299_cov_59.713_ID_535286

CONTIG: NODE_226_length_1293_cov_67.5477_ID_545912 (1293bp)
Top Length: 1293  Top ID: 99.38
		Marking as insignificant: 338024 338109 | 1293 1208 | 86 86 | 100.0 | Ecoli_0985_Taxon018_ NODE_226_length_1293_cov_67.5477_ID_545912
		One align captures most of this contig: 338117 339409 | 1293 1 | 1293 1293 | 99.38 | Ecoli_0985_Taxon018_ NODE_226_length_1293_cov_67.5477_ID_545912

CONTIG: NODE_229_length_1266_cov_51.8167_ID_530938 (1266bp)
Top Length: 1266  Top ID: 99.53
		One align captures most of this contig: 250244 251509 | 1266 1 | 1266 1266 | 99.53 | Ecoli_0985_Taxon018_ NODE_229_length_1266_cov_51.8167_ID_530938

CONTIG: NODE_230_length_1265_cov_53.2223_ID_509232 (1265bp)
Top Length: 1265  Top ID: 99.45
		One align captures most of this contig: 18586 19850 | 1 1265 | 1265 1265 | 99.45 | Ecoli_0985_Taxon018_ NODE_230_length_1265_cov_53.2223_ID_509232

CONTIG: NODE_231_length_1192_cov_46.7678_ID_525178 (1192bp)
Top Length: 1192  Top ID: 100.0
		One align captures most of this contig: 240232 241423 | 1 1192 | 1192 1192 | 100.0 | Ecoli_0985_Taxon018_ NODE_231_length_1192_cov_46.7678_ID_525178

CONTIG: NODE_237_length_1107_cov_69.2795_ID_545916 (1107bp)
Top Length: 1107  Top ID: 100.0
		One align captures most of this contig: 388602 389708 | 1 1107 | 1107 1107 | 100.0 | Ecoli_0985_Taxon018_ NODE_237_length_1107_cov_69.2795_ID_545916

CONTIG: NODE_238_length_1068_cov_51.8608_ID_531794 (1068bp)
Top Length: 1068  Top ID: 99.81
		One align captures most of this contig: 4384551 4385618 | 1 1068 | 1068 1068 | 99.81 | Ecoli_0985_Taxon018_ NODE_238_length_1068_cov_51.8608_ID_531794

CONTIG: NODE_246_length_735_cov_43.7618_ID_519522 (735bp)
Top Length: 735  Top ID: 100.0
		One align captures most of this contig: 935322 936056 | 1 735 | 735 735 | 100.0 | Ecoli_0985_Taxon018_ NODE_246_length_735_cov_43.7618_ID_519522

CONTIG: NODE_247_length_675_cov_30.1629_ID_507909 (675bp)
Top Length: 675  Top ID: 100.0
		One align captures most of this contig: 2793419 2794093 | 1 675 | 675 675 | 100.0 | Ecoli_0985_Taxon018_ NODE_247_length_675_cov_30.1629_ID_507909

CONTIG: NODE_248_length_625_cov_32.9281_ID_508046 (625bp)
Top Length: 625  Top ID: 100.0
		One align captures most of this contig: 2949525 2950149 | 625 1 | 625 625 | 100.0 | Ecoli_0985_Taxon018_ NODE_248_length_625_cov_32.9281_ID_508046

CONTIG: NODE_250_length_583_cov_38.8523_ID_508418 (583bp)
Top Length: 583  Top ID: 100.0
		One align captures most of this contig: 2170701 2171283 | 583 1 | 583 583 | 100.0 | Ecoli_0985_Taxon018_ NODE_250_length_583_cov_38.8523_ID_508418

CONTIG: NODE_252_length_570_cov_32.5456_ID_539347 (570bp)
Top Length: 570  Top ID: 100.0
		One align captures most of this contig: 2000012 2000581 | 570 1 | 570 570 | 100.0 | Ecoli_0985_Taxon018_ NODE_252_length_570_cov_32.5456_ID_539347

CONTIG: NODE_254_length_560_cov_29.9129_ID_508710 (560bp)
Top Length: 560  Top ID: 100.0
		One align captures most of this contig: 4491633 4492192 | 1 560 | 560 560 | 100.0 | Ecoli_0985_Taxon018_ NODE_254_length_560_cov_29.9129_ID_508710

CONTIG: NODE_256_length_549_cov_33.2065_ID_508841 (549bp)
Top Length: 549  Top ID: 100.0
		One align captures most of this contig: 638611 639159 | 549 1 | 549 549 | 100.0 | Ecoli_0985_Taxon018_ NODE_256_length_549_cov_33.2065_ID_508841

CONTIG: NODE_261_length_524_cov_31.452_ID_509449 (524bp)
Top Length: 524  Top ID: 100.0
		One align captures most of this contig: 2449803 2450326 | 1 524 | 524 524 | 100.0 | Ecoli_0985_Taxon018_ NODE_261_length_524_cov_31.452_ID_509449

CONTIG: NODE_265_length_518_cov_30.6695_ID_509696 (518bp)
Top Length: 518  Top ID: 100.0
		One align captures most of this contig: 1609764 1610281 | 1 518 | 518 518 | 100.0 | Ecoli_0985_Taxon018_ NODE_265_length_518_cov_30.6695_ID_509696

CONTIG: NODE_266_length_516_cov_37.2386_ID_539929 (516bp)
Top Length: 516  Top ID: 100.0
		One align captures most of this contig: 1803212 1803727 | 516 1 | 516 516 | 100.0 | Ecoli_0985_Taxon018_ NODE_266_length_516_cov_37.2386_ID_539929

CONTIG: NODE_267_length_511_cov_30.5417_ID_510052 (511bp)
Top Length: 511  Top ID: 100.0
		One align captures most of this contig: 1727229 1727739 | 1 511 | 511 511 | 100.0 | Ecoli_0985_Taxon018_ NODE_267_length_511_cov_30.5417_ID_510052

CONTIG: NODE_269_length_510_cov_34.3187_ID_510151 (510bp)
Top Length: 510  Top ID: 100.0
		One align captures most of this contig: 2443615 2444124 | 510 1 | 510 510 | 100.0 | Ecoli_0985_Taxon018_ NODE_269_length_510_cov_34.3187_ID_510151

CONTIG: NODE_270_length_507_cov_37.1571_ID_538985 (507bp)
Top Length: 507  Top ID: 100.0
		One align captures most of this contig: 3188619 3189125 | 507 1 | 507 507 | 100.0 | Ecoli_0985_Taxon018_ NODE_270_length_507_cov_37.1571_ID_538985

Analyzing coverage...
Writing SNPs into /net/metagenomics/projects/afritz_assemblies/Similarity_Experiment/Ecoli_OneTree/metaquast_strain_spades/Ecoli_0985/runs_per_reference/Ecoli_0985/contigs_reports/nucmer_output/scaffolds.used_snps
	Reference Ecoli_0985_Taxon018_: 150 total alignments. 1 total regions.
		Region: 1 to 4641652 (4641652 bp)
			Align 1: 1 1447 NODE_218_length_1447_cov_47.0754_ID_520856 1447 1
				Negative gap (overlap) between this and next alignment: 1447 to 1393 (-54 bp)
				Next Alignment: 1393 15441 NODE_121_length_14049_cov_63.8534_ID_516904 14049 1

			Previous gap was negative, modifying coordinates to ignore overlap
				Moving contig start from 14049 to 13994.
			Align 2: 1448 15441 NODE_121_length_14049_cov_63.8534_ID_516904 13994 1
				Gap between this and next alignment: 15441 to 18586 (3144 bp)
				Next Alignment: 18586 19850 NODE_230_length_1265_cov_53.2223_ID_509232 1 1265

			Align 3: 18586 19850 NODE_230_length_1265_cov_53.2223_ID_509232 1 1265
				Gap between this and next alignment: 19850 to 20509 (658 bp)
				Next Alignment: 20509 60235 NODE_26_length_39727_cov_65.5997_ID_515004 39727 1

			Align 4: 20509 60235 NODE_26_length_39727_cov_65.5997_ID_515004 39727 1
				Negative gap (overlap) between this and next alignment: 60235 to 60181 (-54 bp)
				Next Alignment: 60181 80170 NODE_90_length_19990_cov_62.8709_ID_521515 1 19990

			Previous gap was negative, modifying coordinates to ignore overlap
				Moving contig start from 1 to 56.
			Align 5: 60236 80170 NODE_90_length_19990_cov_62.8709_ID_521515 56 19990
				Gap between this and next alignment: 80170 to 91168 (10997 bp)
				Next Alignment: 91168 114240 NODE_78_length_23073_cov_63.595_ID_538857 23073 1

			Align 6: 91168 114240 NODE_78_length_23073_cov_63.595_ID_538857 23073 1
				Gap between this and next alignment: 114240 to 135475 (21234 bp)
				Next Alignment: 135475 150418 NODE_114_length_14944_cov_66.4627_ID_538615 14944 1

			Align 7: 135475 150418 NODE_114_length_14944_cov_66.4627_ID_538615 14944 1
				Gap between this and next alignment: 150418 to 178783 (28364 bp)
				Next Alignment: 178783 204850 NODE_71_length_26068_cov_62.7856_ID_499644 26068 1

			Align 8: 178783 204850 NODE_71_length_26068_cov_62.7856_ID_499644 26068 1
				Gap between this and next alignment: 204850 to 229142 (24291 bp)
				Next Alignment: 229142 237070 NODE_162_length_7929_cov_63.1741_ID_524100 1 7929

			Align 9: 229142 237070 NODE_162_length_7929_cov_63.1741_ID_524100 1 7929
				Gap between this and next alignment: 237070 to 240232 (3161 bp)
				Next Alignment: 240232 241423 NODE_231_length_1192_cov_46.7678_ID_525178 1 1192

			Align 10: 240232 241423 NODE_231_length_1192_cov_46.7678_ID_525178 1 1192
				Negative gap (overlap) between this and next alignment: 241423 to 241369 (-54 bp)
				Next Alignment: 241369 250298 NODE_158_length_8930_cov_65.531_ID_538815 1 8930

			Previous gap was negative, modifying coordinates to ignore overlap
				Moving contig start from 1 to 56.
			Align 11: 241424 250298 NODE_158_length_8930_cov_65.531_ID_538815 56 8930
				Negative gap (overlap) between this and next alignment: 250298 to 250244 (-54 bp)
				Next Alignment: 250244 251509 NODE_229_length_1266_cov_51.8167_ID_530938 1266 1

			Previous gap was negative, modifying coordinates to ignore overlap
				Moving contig start from 1266 to 1211.
			Align 12: 250299 251509 NODE_229_length_1266_cov_51.8167_ID_530938 1211 1
				Gap between this and next alignment: 251509 to 271670 (20160 bp)
				Next Alignment: 271670 274026 NODE_205_length_2357_cov_73.4652_ID_504960 2357 1

			Align 13: 271670 274026 NODE_205_length_2357_cov_73.4652_ID_504960 2357 1
				Gap between this and next alignment: 274026 to 279876 (5849 bp)
				Next Alignment: 279876 290495 NODE_145_length_10620_cov_66.0081_ID_496096 1 10620

			Align 14: 279876 290495 NODE_145_length_10620_cov_66.0081_ID_496096 1 10620
				Gap between this and next alignment: 290495 to 293732 (3236 bp)
				Next Alignment: 293732 315283 NODE_86_length_21552_cov_64.0598_ID_518016 1 21552

			Align 15: 293732 315283 NODE_86_length_21552_cov_64.0598_ID_518016 1 21552
				Gap between this and next alignment: 315283 to 316429 (1145 bp)
				Next Alignment: 316429 336271 NODE_91_length_19843_cov_64.8612_ID_499821 1 19843

			Align 16: 316429 336271 NODE_91_length_19843_cov_64.8612_ID_499821 1 19843
				Gap between this and next alignment: 336271 to 338117 (1845 bp)
				Next Alignment: 338117 339409 NODE_226_length_1293_cov_67.5477_ID_545912 1293 1

			Align 17: 338117 339409 NODE_226_length_1293_cov_67.5477_ID_545912 1293 1
				Negative gap (overlap) between this and next alignment: 339409 to 339355 (-54 bp)
				Next Alignment: 339355 348874 NODE_152_length_9520_cov_60.0549_ID_511928 1 9520

			Previous gap was negative, modifying coordinates to ignore overlap
				Moving contig start from 1 to 56.
			Align 18: 339410 348874 NODE_152_length_9520_cov_60.0549_ID_511928 56 9520
				Gap between this and next alignment: 348874 to 382489 (33614 bp)
				Next Alignment: 382489 388656 NODE_174_length_6168_cov_65.6799_ID_518197 1 6168

			Align 19: 382489 388656 NODE_174_length_6168_cov_65.6799_ID_518197 1 6168
				Negative gap (overlap) between this and next alignment: 388656 to 388602 (-54 bp)
				Next Alignment: 388602 389708 NODE_237_length_1107_cov_69.2795_ID_545916 1 1107

			Previous gap was negative, modifying coordinates to ignore overlap
				Moving contig start from 1 to 56.
			Align 20: 388657 389708 NODE_237_length_1107_cov_69.2795_ID_545916 56 1107
				Gap between this and next alignment: 389708 to 389938 (229 bp)
				Next Alignment: 389938 391762 NODE_211_length_1825_cov_67.4136_ID_539829 1 1825

			Align 21: 389938 391762 NODE_211_length_1825_cov_67.4136_ID_539829 1 1825
				Gap between this and next alignment: 391762 to 392909 (1146 bp)
				Next Alignment: 392909 407099 NODE_120_length_14191_cov_63.847_ID_531401 14191 1

			Align 22: 392909 407099 NODE_120_length_14191_cov_63.847_ID_531401 14191 1
				Gap between this and next alignment: 407099 to 461174 (54074 bp)
				Next Alignment: 461174 464314 NODE_50_length_31481_cov_64.4292_ID_530137 1 3141

			Align 23: 461174 464314 NODE_50_length_31481_cov_64.4292_ID_530137 1 3141
				Negative gap (overlap) between this and next alignment: 464314 to 461174 (-3140 bp)
				Next Alignment: 461174 489513 NODE_50_length_31481_cov_64.4292_ID_530137 31481 3142

			Previous gap was negative, modifying coordinates to ignore overlap
				Moving contig start from 31481 to 28340.
			Align 24: 464315 489513 NODE_50_length_31481_cov_64.4292_ID_530137 28340 3142
				Gap between this and next alignment: 489513 to 526666 (37152 bp)
				Next Alignment: 526666 539027 NODE_134_length_12362_cov_63.0752_ID_519042 12362 1

			Align 25: 526666 539027 NODE_134_length_12362_cov_63.0752_ID_519042 12362 1
				Negative gap (overlap) between this and next alignment: 539027 to 538973 (-54 bp)
				Next Alignment: 538973 566834 NODE_61_length_27862_cov_62.6135_ID_514021 27862 1

			Previous gap was negative, modifying coordinates to ignore overlap
				Moving contig start from 27862 to 27807.
			Align 26: 539028 566834 NODE_61_length_27862_cov_62.6135_ID_514021 27807 1
				Gap between this and next alignment: 566834 to 567981 (1146 bp)
				Next Alignment: 567981 574662 NODE_172_length_6682_cov_63.0865_ID_517197 1 6682

			Align 27: 567981 574662 NODE_172_length_6682_cov_63.0865_ID_517197 1 6682
				Gap between this and next alignment: 574662 to 611810 (37147 bp)
				Next Alignment: 611810 638665 NODE_67_length_26856_cov_64.7802_ID_535940 1 26856

			Align 28: 611810 638665 NODE_67_length_26856_cov_64.7802_ID_535940 1 26856
				Negative gap (overlap) between this and next alignment: 638665 to 638611 (-54 bp)
				Next Alignment: 638611 639159 NODE_256_length_549_cov_33.2065_ID_508841 549 1

			Previous gap was negative, modifying coordinates to ignore overlap
				Moving contig start from 549 to 494.
			Align 29: 638666 639159 NODE_256_length_549_cov_33.2065_ID_508841 494 1
				Gap between this and next alignment: 639159 to 713384 (74224 bp)
				Next Alignment: 713384 720783 NODE_165_length_7400_cov_64.5872_ID_532377 1 7400

			Align 30: 713384 720783 NODE_165_length_7400_cov_64.5872_ID_532377 1 7400
				Negative gap (overlap) between this and next alignment: 720783 to 720729 (-54 bp)
				Next Alignment: 720729 734271 NODE_123_length_13543_cov_63.8796_ID_538853 13543 1

			Previous gap was negative, modifying coordinates to ignore overlap
				Moving contig start from 13543 to 13488.
			Align 31: 720784 734271 NODE_123_length_13543_cov_63.8796_ID_538853 13488 1
				Gap between this and next alignment: 734271 to 751320 (17048 bp)
				Next Alignment: 751320 770873 NODE_93_length_19554_cov_62.0594_ID_512791 1 19554

			Align 32: 751320 770873 NODE_93_length_19554_cov_62.0594_ID_512791 1 19554
				Gap between this and next alignment: 770873 to 799425 (28551 bp)
				Next Alignment: 799425 803313 NODE_190_length_3889_cov_65.8495_ID_519452 1 3889

			Align 33: 799425 803313 NODE_190_length_3889_cov_65.8495_ID_519452 1 3889
				Gap between this and next alignment: 803313 to 862172 (58858 bp)
				Next Alignment: 862172 880771 NODE_14_length_52809_cov_64.6563_ID_530987 52809 34210

			Align 34: 862172 880771 NODE_14_length_52809_cov_64.6563_ID_530987 52809 34210
				Negative gap (overlap) between this and next alignment: 880771 to 862466 (-18305 bp)
				Next Alignment: 862466 896674 NODE_14_length_52809_cov_64.6563_ID_530987 1 34209

			Previous gap was negative, modifying coordinates to ignore overlap
				Moving contig start from 1 to 18307.
			Align 35: 880772 896674 NODE_14_length_52809_cov_64.6563_ID_530987 18307 34209
				Negative gap (overlap) between this and next alignment: 896674 to 896674 (0 bp)
				Next Alignment: 896674 921078 NODE_73_length_24405_cov_64.9169_ID_538891 24405 1

			Previous gap was negative, modifying coordinates to ignore overlap
				Moving contig start from 24405 to 24404.
			Align 36: 896675 921078 NODE_73_length_24405_cov_64.9169_ID_538891 24404 1
				Gap between this and next alignment: 921078 to 935322 (14243 bp)
				Next Alignment: 935322 936056 NODE_246_length_735_cov_43.7618_ID_519522 1 735

			Align 37: 935322 936056 NODE_246_length_735_cov_43.7618_ID_519522 1 735
				Gap between this and next alignment: 936056 to 936847 (790 bp)
				Next Alignment: 936847 938208 NODE_221_length_1362_cov_60.5578_ID_538925 1 1362

			Align 38: 936847 938208 NODE_221_length_1362_cov_60.5578_ID_538925 1 1362
				Negative gap (overlap) between this and next alignment: 938208 to 938154 (-54 bp)
				Next Alignment: 938154 999985 NODE_7_length_61832_cov_63.5807_ID_519560 61832 1

			Previous gap was negative, modifying coordinates to ignore overlap
				Moving contig start from 61832 to 61777.
			Align 39: 938209 999985 NODE_7_length_61832_cov_63.5807_ID_519560 61777 1
				Negative gap (overlap) between this and next alignment: 999985 to 999518 (-467 bp)
				Next Alignment: 999518 1010017 NODE_147_length_10500_cov_63.3539_ID_512593 1 10500

			Previous gap was negative, modifying coordinates to ignore overlap
				Moving contig start from 1 to 469.
			Align 40: 999986 1010017 NODE_147_length_10500_cov_63.3539_ID_512593 469 10500
				Negative gap (overlap) between this and next alignment: 1010017 to 1009963 (-54 bp)
				Next Alignment: 1009963 1046137 NODE_37_length_36175_cov_64.5422_ID_538531 1 36175

			Previous gap was negative, modifying coordinates to ignore overlap
				Moving contig start from 1 to 56.
			Align 41: 1010018 1046137 NODE_37_length_36175_cov_64.5422_ID_538531 56 36175
				Negative gap (overlap) between this and next alignment: 1046137 to 1046083 (-54 bp)
				Next Alignment: 1046083 1049882 NODE_192_length_3800_cov_60.4142_ID_527823 1 3800

			Previous gap was negative, modifying coordinates to ignore overlap
				Moving contig start from 1 to 56.
			Align 42: 1046138 1049882 NODE_192_length_3800_cov_60.4142_ID_527823 56 3800
				Gap between this and next alignment: 1049882 to 1137375 (87492 bp)
				Next Alignment: 1137375 1149497 NODE_136_length_12123_cov_65.8648_ID_538521 1 12123

			Align 43: 1137375 1149497 NODE_136_length_12123_cov_65.8648_ID_538521 1 12123
				Gap between this and next alignment: 1149497 to 1149744 (246 bp)
				Next Alignment: 1149744 1156894 NODE_168_length_7151_cov_64.545_ID_538887 1 7151

			Align 44: 1149744 1156894 NODE_168_length_7151_cov_64.545_ID_538887 1 7151
				Negative gap (overlap) between this and next alignment: 1156894 to 1156840 (-54 bp)
				Next Alignment: 1156840 1185311 NODE_23_length_40683_cov_64.2786_ID_537838 1 28472

			Previous gap was negative, modifying coordinates to ignore overlap
				Moving contig start from 1 to 56.
			Align 45: 1156895 1185311 NODE_23_length_40683_cov_64.2786_ID_537838 56 28472
				Negative gap (overlap) between this and next alignment: 1185311 to 1182603 (-2708 bp)
				Next Alignment: 1182603 1194811 NODE_23_length_40683_cov_64.2786_ID_537838 40683 28475

			Previous gap was negative, modifying coordinates to ignore overlap
				Moving contig start from 40683 to 37974.
			Align 46: 1185312 1194811 NODE_23_length_40683_cov_64.2786_ID_537838 37974 28475
				Negative gap (overlap) between this and next alignment: 1194811 to 1194757 (-54 bp)
				Next Alignment: 1194757 1200524 NODE_178_length_5768_cov_63.115_ID_538893 1 5768

			Previous gap was negative, modifying coordinates to ignore overlap
				Moving contig start from 1 to 56.
			Align 47: 1194812 1200524 NODE_178_length_5768_cov_63.115_ID_538893 56 5768
				Gap between this and next alignment: 1200524 to 1236929 (36404 bp)
				Next Alignment: 1236929 1247741 NODE_144_length_10813_cov_65.9914_ID_538557 10813 1

			Align 48: 1236929 1247741 NODE_144_length_10813_cov_65.9914_ID_538557 10813 1
				Negative gap (overlap) between this and next alignment: 1247741 to 1247687 (-54 bp)
				Next Alignment: 1247687 1278277 NODE_53_length_30591_cov_63.0656_ID_514486 1 30591

			Previous gap was negative, modifying coordinates to ignore overlap
				Moving contig start from 1 to 56.
			Align 49: 1247742 1278277 NODE_53_length_30591_cov_63.0656_ID_514486 56 30591
				Negative gap (overlap) between this and next alignment: 1278277 to 1278223 (-54 bp)
				Next Alignment: 1278223 1304711 NODE_70_length_26489_cov_65.0071_ID_535507 1 26489

			Previous gap was negative, modifying coordinates to ignore overlap
				Moving contig start from 1 to 56.
			Align 50: 1278278 1304711 NODE_70_length_26489_cov_65.0071_ID_535507 56 26489
				Gap between this and next alignment: 1304711 to 1304786 (74 bp)
				Next Alignment: 1304786 1306651 NODE_49_length_31853_cov_69.3529_ID_533169 31853 29989

			Align 51: 1304786 1306651 NODE_49_length_31853_cov_69.3529_ID_533169 31853 29989
				Gap between this and next alignment: 1306651 to 1307186 (534 bp)
				Next Alignment: 1307186 1337173 NODE_49_length_31853_cov_69.3529_ID_533169 29988 1

			Align 52: 1307186 1337173 NODE_49_length_31853_cov_69.3529_ID_533169 29988 1
				Gap between this and next alignment: 1337173 to 1347869 (10695 bp)
				Next Alignment: 1347869 1360338 NODE_66_length_27243_cov_64.8849_ID_538595 1 12470

			Align 53: 1347869 1360338 NODE_66_length_27243_cov_64.8849_ID_538595 1 12470
				Gap between this and next alignment: 1360338 to 1360594 (255 bp)
				Next Alignment: 1360594 1375056 NODE_66_length_27243_cov_64.8849_ID_538595 12781 27243

			Align 54: 1360594 1375056 NODE_66_length_27243_cov_64.8849_ID_538595 12781 27243
				Gap between this and next alignment: 1375056 to 1384351 (9294 bp)
				Next Alignment: 1384351 1385649 NODE_225_length_1299_cov_59.713_ID_535286 1 1299

			Align 55: 1384351 1385649 NODE_225_length_1299_cov_59.713_ID_535286 1 1299
				Gap between this and next alignment: 1385649 to 1387928 (2278 bp)
				Next Alignment: 1387928 1426368 NODE_33_length_38441_cov_68.5515_ID_545898 1 38441

			Align 56: 1387928 1426368 NODE_33_length_38441_cov_68.5515_ID_545898 1 38441
				Gap between this and next alignment: 1426368 to 1436077 (9708 bp)
				Next Alignment: 1436077 1468103 NODE_47_length_32027_cov_64.3534_ID_525505 1 32027

			Align 57: 1436077 1468103 NODE_47_length_32027_cov_64.3534_ID_525505 1 32027
				Gap between this and next alignment: 1468103 to 1470425 (2321 bp)
				Next Alignment: 1470425 1483434 NODE_130_length_13010_cov_63.2297_ID_504805 13010 1

			Align 58: 1470425 1483434 NODE_130_length_13010_cov_63.2297_ID_504805 13010 1
				Negative gap (overlap) between this and next alignment: 1483434 to 1483380 (-54 bp)
				Next Alignment: 1483380 1485714 NODE_206_length_2335_cov_66.1969_ID_545928 1 2335

			Previous gap was negative, modifying coordinates to ignore overlap
				Moving contig start from 1 to 56.
			Align 59: 1483435 1485714 NODE_206_length_2335_cov_66.1969_ID_545928 56 2335
				Gap between this and next alignment: 1485714 to 1485957 (242 bp)
				Next Alignment: 1485957 1490473 NODE_185_length_4517_cov_66.249_ID_545910 4517 1

			Align 60: 1485957 1490473 NODE_185_length_4517_cov_66.249_ID_545910 4517 1
				Negative gap (overlap) between this and next alignment: 1490473 to 1490419 (-54 bp)
				Next Alignment: 1490419 1494280 NODE_191_length_3862_cov_65.1875_ID_545924 1 3862

			Previous gap was negative, modifying coordinates to ignore overlap
				Moving contig start from 1 to 56.
			Align 61: 1490474 1494280 NODE_191_length_3862_cov_65.1875_ID_545924 56 3862
				Negative gap (overlap) between this and next alignment: 1494280 to 1494226 (-54 bp)
				Next Alignment: 1494226 1510539 NODE_104_length_16314_cov_61.5482_ID_507827 1 16314

			Previous gap was negative, modifying coordinates to ignore overlap
				Moving contig start from 1 to 56.
			Align 62: 1494281 1510539 NODE_104_length_16314_cov_61.5482_ID_507827 56 16314
				Gap between this and next alignment: 1510539 to 1593761 (83221 bp)
				Next Alignment: 1593761 1609818 NODE_106_length_16058_cov_63.8745_ID_513424 1 16058

			Align 63: 1593761 1609818 NODE_106_length_16058_cov_63.8745_ID_513424 1 16058
				Negative gap (overlap) between this and next alignment: 1609818 to 1609764 (-54 bp)
				Next Alignment: 1609764 1610281 NODE_265_length_518_cov_30.6695_ID_509696 1 518

			Previous gap was negative, modifying coordinates to ignore overlap
				Moving contig start from 1 to 56.
			Align 64: 1609819 1610281 NODE_265_length_518_cov_30.6695_ID_509696 56 518
				Gap between this and next alignment: 1610281 to 1622010 (11728 bp)
				Next Alignment: 1622010 1631396 NODE_153_length_9387_cov_65.7645_ID_538709 1 9387

			Align 65: 1622010 1631396 NODE_153_length_9387_cov_65.7645_ID_538709 1 9387
				Gap between this and next alignment: 1631396 to 1651447 (20050 bp)
				Next Alignment: 1651447 1709444 NODE_10_length_57998_cov_64.2567_ID_515330 1 57998

			Align 66: 1651447 1709444 NODE_10_length_57998_cov_64.2567_ID_515330 1 57998
				Gap between this and next alignment: 1709444 to 1727229 (17784 bp)
				Next Alignment: 1727229 1727739 NODE_267_length_511_cov_30.5417_ID_510052 1 511

			Align 67: 1727229 1727739 NODE_267_length_511_cov_30.5417_ID_510052 1 511
				Gap between this and next alignment: 1727739 to 1738742 (11002 bp)
				Next Alignment: 1738742 1761845 NODE_62_length_27580_cov_63.5024_ID_538197 1 23104

			Align 68: 1738742 1761845 NODE_62_length_27580_cov_63.5024_ID_538197 1 23104
				Gap between this and next alignment: 1761845 to 1803212 (41366 bp)
				Next Alignment: 1803212 1815965 NODE_131_length_12754_cov_64.7064_ID_509811 12754 1

			Align 69: 1803212 1815965 NODE_131_length_12754_cov_64.7064_ID_509811 12754 1
				The next alignment (1803212 1803727 NODE_266_length_516_cov_37.2386_ID_539929 516 1) is redundant. Skipping.
				Gap between this and next alignment: 1815965 to 1857578 (41612 bp)
				Next Alignment: 1857578 1862053 NODE_62_length_27580_cov_63.5024_ID_538197 23105 27580

			Align 71: 1857578 1862053 NODE_62_length_27580_cov_63.5024_ID_538197 23105 27580
				Negative gap (overlap) between this and next alignment: 1862053 to 1861999 (-54 bp)
				Next Alignment: 1861999 1900493 NODE_32_length_38495_cov_64.2091_ID_545884 1 38495

			Previous gap was negative, modifying coordinates to ignore overlap
				Moving contig start from 1 to 56.
			Align 72: 1862054 1900493 NODE_32_length_38495_cov_64.2091_ID_545884 56 38495
				Negative gap (overlap) between this and next alignment: 1900493 to 1900439 (-54 bp)
				Next Alignment: 1900439 1912424 NODE_138_length_11986_cov_62.0345_ID_505963 1 11986

			Previous gap was negative, modifying coordinates to ignore overlap
				Moving contig start from 1 to 56.
			Align 73: 1900494 1912424 NODE_138_length_11986_cov_62.0345_ID_505963 56 11986
				Gap between this and next alignment: 1912424 to 1912453 (28 bp)
				Next Alignment: 1912453 1978717 NODE_6_length_66265_cov_62.6598_ID_502013 1 66265

			Align 74: 1912453 1978717 NODE_6_length_66265_cov_62.6598_ID_502013 1 66265
				Gap between this and next alignment: 1978717 to 1992582 (13864 bp)
				Next Alignment: 1992582 2025382 NODE_43_length_32801_cov_65.0196_ID_538865 1 32801

			Align 75: 1992582 2025382 NODE_43_length_32801_cov_65.0196_ID_538865 1 32801
				The next alignment (2000012 2000581 NODE_252_length_570_cov_32.5456_ID_539347 570 1) is redundant. Skipping.
				Gap between this and next alignment: 2025382 to 2064140 (38757 bp)
				Next Alignment: 2064140 2066230 NODE_208_length_2091_cov_58.8649_ID_522628 2091 1

			Align 77: 2064140 2066230 NODE_208_length_2091_cov_58.8649_ID_522628 2091 1
				Gap between this and next alignment: 2066230 to 2078276 (12045 bp)
				Next Alignment: 2078276 2116438 NODE_34_length_38163_cov_65.4443_ID_522387 1 38163

			Align 78: 2078276 2116438 NODE_34_length_38163_cov_65.4443_ID_522387 1 38163
				Gap between this and next alignment: 2116438 to 2116727 (288 bp)
				Next Alignment: 2116727 2145669 NODE_60_length_28943_cov_65.8149_ID_533604 1 28943

			Align 79: 2116727 2145669 NODE_60_length_28943_cov_65.8149_ID_533604 1 28943
				Gap between this and next alignment: 2145669 to 2146684 (1014 bp)
				Next Alignment: 2146684 2170755 NODE_74_length_24072_cov_65.1727_ID_534822 1 24072

			Align 80: 2146684 2170755 NODE_74_length_24072_cov_65.1727_ID_534822 1 24072
				Negative gap (overlap) between this and next alignment: 2170755 to 2170701 (-54 bp)
				Next Alignment: 2170701 2171283 NODE_250_length_583_cov_38.8523_ID_508418 583 1

			Previous gap was negative, modifying coordinates to ignore overlap
				Moving contig start from 583 to 528.
			Align 81: 2170756 2171283 NODE_250_length_583_cov_38.8523_ID_508418 528 1
				Gap between this and next alignment: 2171283 to 2310025 (138741 bp)
				Next Alignment: 2310025 2333812 NODE_76_length_23788_cov_65.0416_ID_545894 1 23788

			Align 82: 2310025 2333812 NODE_76_length_23788_cov_65.0416_ID_545894 1 23788
				Gap between this and next alignment: 2333812 to 2363895 (30082 bp)
				Next Alignment: 2363895 2412002 NODE_18_length_48162_cov_64.2688_ID_527022 1 48108

			Align 83: 2363895 2412002 NODE_18_length_48162_cov_64.2688_ID_527022 1 48108
				Gap between this and next alignment: 2412002 to 2412092 (89 bp)
				Next Alignment: 2412092 2417660 NODE_180_length_5569_cov_66.8404_ID_538505 5569 1

			Align 84: 2412092 2417660 NODE_180_length_5569_cov_66.8404_ID_538505 5569 1
				Gap between this and next alignment: 2417660 to 2443615 (25954 bp)
				Next Alignment: 2443615 2444124 NODE_269_length_510_cov_34.3187_ID_510151 510 1

			Align 85: 2443615 2444124 NODE_269_length_510_cov_34.3187_ID_510151 510 1
				Negative gap (overlap) between this and next alignment: 2444124 to 2444070 (-54 bp)
				Next Alignment: 2444070 2449857 NODE_177_length_5788_cov_64.4036_ID_538485 1 5788

			Previous gap was negative, modifying coordinates to ignore overlap
				Moving contig start from 1 to 56.
			Align 86: 2444125 2449857 NODE_177_length_5788_cov_64.4036_ID_538485 56 5788
				Negative gap (overlap) between this and next alignment: 2449857 to 2449803 (-54 bp)
				Next Alignment: 2449803 2450326 NODE_261_length_524_cov_31.452_ID_509449 1 524

			Previous gap was negative, modifying coordinates to ignore overlap
				Moving contig start from 1 to 56.
			Align 87: 2449858 2450326 NODE_261_length_524_cov_31.452_ID_509449 56 524
				Negative gap (overlap) between this and next alignment: 2450326 to 2450272 (-54 bp)
				Next Alignment: 2450272 2457260 NODE_170_length_6989_cov_66.0702_ID_545908 6989 1

			Previous gap was negative, modifying coordinates to ignore overlap
				Moving contig start from 6989 to 6934.
			Align 88: 2450327 2457260 NODE_170_length_6989_cov_66.0702_ID_545908 6934 1
				Negative gap (overlap) between this and next alignment: 2457260 to 2457206 (-54 bp)
				Next Alignment: 2457206 2479685 NODE_79_length_22480_cov_64.1635_ID_497839 1 22480

			Previous gap was negative, modifying coordinates to ignore overlap
				Moving contig start from 1 to 56.
			Align 89: 2457261 2479685 NODE_79_length_22480_cov_64.1635_ID_497839 56 22480
				Gap between this and next alignment: 2479685 to 2512895 (33209 bp)
				Next Alignment: 2512895 2514327 NODE_219_length_1433_cov_57.9739_ID_517796 1433 1

			Align 90: 2512895 2514327 NODE_219_length_1433_cov_57.9739_ID_517796 1433 1
				Gap between this and next alignment: 2514327 to 2515725 (1397 bp)
				Next Alignment: 2515725 2521251 NODE_181_length_5529_cov_68.0212_ID_520536 1 5529

			Align 91: 2515725 2521251 NODE_181_length_5529_cov_68.0212_ID_520536 1 5529
				Gap between this and next alignment: 2521251 to 2683778 (162526 bp)
				Next Alignment: 2683778 2697053 NODE_126_length_13276_cov_66.3159_ID_535161 1 13276

			Align 92: 2683778 2697053 NODE_126_length_13276_cov_66.3159_ID_535161 1 13276
				Gap between this and next alignment: 2697053 to 2702366 (5312 bp)
				Next Alignment: 2702366 2736799 NODE_41_length_34434_cov_63.7164_ID_538028 1 34434

			Align 93: 2702366 2736799 NODE_41_length_34434_cov_63.7164_ID_538028 1 34434
				Gap between this and next alignment: 2736799 to 2793419 (56619 bp)
				Next Alignment: 2793419 2794093 NODE_247_length_675_cov_30.1629_ID_507909 1 675

			Align 94: 2793419 2794093 NODE_247_length_675_cov_30.1629_ID_507909 1 675
				Negative gap (overlap) between this and next alignment: 2794093 to 2794039 (-54 bp)
				Next Alignment: 2794039 2817782 NODE_2_length_125463_cov_64.6318_ID_530799 125463 101720

			Previous gap was negative, modifying coordinates to ignore overlap
				Moving contig start from 125463 to 125408.
			Align 95: 2794094 2817782 NODE_2_length_125463_cov_64.6318_ID_530799 125408 101720
				Gap between this and next alignment: 2817782 to 2818197 (414 bp)
				Next Alignment: 2818197 2919915 NODE_2_length_125463_cov_64.6318_ID_530799 101719 1

			Align 96: 2818197 2919915 NODE_2_length_125463_cov_64.6318_ID_530799 101719 1
				Gap between this and next alignment: 2919915 to 2938410 (18494 bp)
				Next Alignment: 2938410 2949579 NODE_140_length_11170_cov_63.8537_ID_538859 1 11170

			Align 97: 2938410 2949579 NODE_140_length_11170_cov_63.8537_ID_538859 1 11170
				Negative gap (overlap) between this and next alignment: 2949579 to 2949525 (-54 bp)
				Next Alignment: 2949525 2950149 NODE_248_length_625_cov_32.9281_ID_508046 625 1

			Previous gap was negative, modifying coordinates to ignore overlap
				Moving contig start from 625 to 570.
			Align 98: 2949580 2950149 NODE_248_length_625_cov_32.9281_ID_508046 570 1
				Gap between this and next alignment: 2950149 to 2965917 (15767 bp)
				Next Alignment: 2965917 2993192 NODE_65_length_27276_cov_64.5334_ID_532873 27276 1

			Align 99: 2965917 2993192 NODE_65_length_27276_cov_64.5334_ID_532873 27276 1
				Negative gap (overlap) between this and next alignment: 2993192 to 2993138 (-54 bp)
				Next Alignment: 2993138 2996462 NODE_193_length_3325_cov_63.1361_ID_505897 3325 1

			Previous gap was negative, modifying coordinates to ignore overlap
				Moving contig start from 3325 to 3270.
			Align 100: 2993193 2996462 NODE_193_length_3325_cov_63.1361_ID_505897 3270 1
				Gap between this and next alignment: 2996462 to 3033310 (36847 bp)
				Next Alignment: 3033310 3064114 NODE_52_length_30805_cov_63.9026_ID_531635 30805 1

			Align 101: 3033310 3064114 NODE_52_length_30805_cov_63.9026_ID_531635 30805 1
				The next alignment (3033310 3054802 NODE_87_length_21493_cov_65.8028_ID_545888 1 21493) is redundant. Skipping.
				Gap between this and next alignment: 3064114 to 3064339 (224 bp)
				Next Alignment: 3064339 3149785 NODE_4_length_85447_cov_65.7285_ID_537418 85447 1

			Align 103: 3064339 3149785 NODE_4_length_85447_cov_65.7285_ID_537418 85447 1
				Gap between this and next alignment: 3149785 to 3168671 (18885 bp)
				Next Alignment: 3168671 3186150 NODE_99_length_17480_cov_64.2438_ID_531731 17480 1

			Align 104: 3168671 3186150 NODE_99_length_17480_cov_64.2438_ID_531731 17480 1
				Gap between this and next alignment: 3186150 to 3187325 (1174 bp)
				Next Alignment: 3187325 3214816 NODE_63_length_27492_cov_62.8819_ID_510199 27492 1

			Align 105: 3187325 3214816 NODE_63_length_27492_cov_62.8819_ID_510199 27492 1
				The next alignment (3188619 3189125 NODE_270_length_507_cov_37.1571_ID_538985 507 1) is redundant. Skipping.
				Gap between this and next alignment: 3214816 to 3215049 (232 bp)
				Next Alignment: 3215049 3219326 NODE_72_length_24501_cov_64.4507_ID_518345 24501 20224

			Align 107: 3215049 3219326 NODE_72_length_24501_cov_64.4507_ID_518345 24501 20224
				Gap between this and next alignment: 3219326 to 3219552 (225 bp)
				Next Alignment: 3219552 3239494 NODE_72_length_24501_cov_64.4507_ID_518345 19943 1

			Align 108: 3219552 3239494 NODE_72_length_24501_cov_64.4507_ID_518345 19943 1
				Gap between this and next alignment: 3239494 to 3239724 (229 bp)
				Next Alignment: 3239724 3274692 NODE_39_length_34969_cov_64.2486_ID_533790 1 34969

			Align 109: 3239724 3274692 NODE_39_length_34969_cov_64.2486_ID_533790 1 34969
				Gap between this and next alignment: 3274692 to 3323216 (48523 bp)
				Next Alignment: 3323216 3330927 NODE_164_length_7712_cov_63.8652_ID_538907 1 7712

			Align 110: 3323216 3330927 NODE_164_length_7712_cov_63.8652_ID_538907 1 7712
				Negative gap (overlap) between this and next alignment: 3330927 to 3330873 (-54 bp)
				Next Alignment: 3330873 3365627 NODE_40_length_34755_cov_65.4951_ID_537630 34755 1

			Previous gap was negative, modifying coordinates to ignore overlap
				Moving contig start from 34755 to 34700.
			Align 111: 3330928 3365627 NODE_40_length_34755_cov_65.4951_ID_537630 34700 1
				Gap between this and next alignment: 3365627 to 3366642 (1014 bp)
				Next Alignment: 3366642 3423313 NODE_12_length_56672_cov_64.9985_ID_533917 56672 1

			Align 112: 3366642 3423313 NODE_12_length_56672_cov_64.9985_ID_533917 56672 1
				Gap between this and next alignment: 3423313 to 3448318 (25004 bp)
				Next Alignment: 3448318 3455401 NODE_169_length_7084_cov_65.5574_ID_528421 1 7084

			Align 113: 3448318 3455401 NODE_169_length_7084_cov_65.5574_ID_528421 1 7084
				Gap between this and next alignment: 3455401 to 3457171 (1769 bp)
				Next Alignment: 3457171 3479543 NODE_80_length_22373_cov_62.807_ID_509356 1 22373

			Align 114: 3457171 3479543 NODE_80_length_22373_cov_62.807_ID_509356 1 22373
				Gap between this and next alignment: 3479543 to 3511442 (31898 bp)
				Next Alignment: 3511442 3524811 NODE_125_length_13370_cov_65.6176_ID_545882 13370 1

			Align 115: 3511442 3524811 NODE_125_length_13370_cov_65.6176_ID_545882 13370 1
				Gap between this and next alignment: 3524811 to 3559476 (34664 bp)
				Next Alignment: 3559476 3568254 NODE_159_length_8779_cov_60.2712_ID_500864 1 8779

			Align 116: 3559476 3568254 NODE_159_length_8779_cov_60.2712_ID_500864 1 8779
				Gap between this and next alignment: 3568254 to 3588231 (19976 bp)
				Next Alignment: 3588231 3591144 NODE_197_length_2914_cov_61.1165_ID_545930 1 2914

			Align 117: 3588231 3591144 NODE_197_length_2914_cov_61.1165_ID_545930 1 2914
				Gap between this and next alignment: 3591144 to 3622782 (31637 bp)
				Next Alignment: 3622782 3652359 NODE_58_length_29578_cov_67.8039_ID_519611 1 29578

			Align 118: 3622782 3652359 NODE_58_length_29578_cov_67.8039_ID_519611 1 29578
				Gap between this and next alignment: 3652359 to 3653122 (762 bp)
				Next Alignment: 3653122 3666259 NODE_128_length_13138_cov_67.921_ID_494861 13138 1

			Align 119: 3653122 3666259 NODE_128_length_13138_cov_67.921_ID_494861 13138 1
				Gap between this and next alignment: 3666259 to 3765833 (99573 bp)
				Next Alignment: 3765833 3789169 NODE_77_length_23337_cov_65.9249_ID_525293 23337 1

			Align 120: 3765833 3789169 NODE_77_length_23337_cov_65.9249_ID_525293 23337 1
				Negative gap (overlap) between this and next alignment: 3789169 to 3789115 (-54 bp)
				Next Alignment: 3789115 3873415 NODE_5_length_84301_cov_64.2739_ID_526909 84301 1

			Previous gap was negative, modifying coordinates to ignore overlap
				Moving contig start from 84301 to 84246.
			Align 121: 3789170 3873415 NODE_5_length_84301_cov_64.2739_ID_526909 84246 1
				Negative gap (overlap) between this and next alignment: 3873415 to 3873361 (-54 bp)
				Next Alignment: 3873361 3895246 NODE_83_length_21886_cov_65.4583_ID_530080 1 21886

			Previous gap was negative, modifying coordinates to ignore overlap
				Moving contig start from 1 to 56.
			Align 122: 3873416 3895246 NODE_83_length_21886_cov_65.4583_ID_530080 56 21886
				Gap between this and next alignment: 3895246 to 3895488 (241 bp)
				Next Alignment: 3895488 3926006 NODE_54_length_30519_cov_65.8087_ID_510528 1 30519

			Align 123: 3895488 3926006 NODE_54_length_30519_cov_65.8087_ID_510528 1 30519
				Negative gap (overlap) between this and next alignment: 3926006 to 3925508 (-498 bp)
				Next Alignment: 3925508 3941502 NODE_108_length_15995_cov_64.5472_ID_523052 1 15995

			Previous gap was negative, modifying coordinates to ignore overlap
				Moving contig start from 1 to 500.
			Align 124: 3926007 3941502 NODE_108_length_15995_cov_64.5472_ID_523052 500 15995
				Gap between this and next alignment: 3941502 to 3946772 (5269 bp)
				Next Alignment: 3946772 3950736 NODE_188_length_3965_cov_64.2061_ID_525065 3965 1

			Align 125: 3946772 3950736 NODE_188_length_3965_cov_64.2061_ID_525065 3965 1
				Negative gap (overlap) between this and next alignment: 3950736 to 3950682 (-54 bp)
				Next Alignment: 3950682 3989834 NODE_29_length_39153_cov_64.8237_ID_516192 1 39153

			Previous gap was negative, modifying coordinates to ignore overlap
				Moving contig start from 1 to 56.
			Align 126: 3950737 3989834 NODE_29_length_39153_cov_64.8237_ID_516192 56 39153
				Negative gap (overlap) between this and next alignment: 3989834 to 3989780 (-54 bp)
				Next Alignment: 3989780 4011371 NODE_85_length_21592_cov_64.7967_ID_515880 21592 1

			Previous gap was negative, modifying coordinates to ignore overlap
				Moving contig start from 21592 to 21537.
			Align 127: 3989835 4011371 NODE_85_length_21592_cov_64.7967_ID_515880 21537 1
				Gap between this and next alignment: 4011371 to 4085002 (73630 bp)
				Next Alignment: 4085002 4112329 NODE_64_length_27383_cov_65.7825_ID_532143 27383 56

			Align 128: 4085002 4112329 NODE_64_length_27383_cov_65.7825_ID_532143 27383 56
				Gap between this and next alignment: 4112329 to 4117765 (5435 bp)
				Next Alignment: 4117765 4122044 NODE_186_length_4280_cov_61.6973_ID_520435 1 4280

			Align 129: 4117765 4122044 NODE_186_length_4280_cov_61.6973_ID_520435 1 4280
				Gap between this and next alignment: 4122044 to 4187411 (65366 bp)
				Next Alignment: 4187411 4208055 NODE_88_length_20647_cov_62.0333_ID_510656 20647 1

			Align 130: 4187411 4208055 NODE_88_length_20647_cov_62.0333_ID_510656 20647 1
				Gap between this and next alignment: 4208055 to 4213112 (5056 bp)
				Next Alignment: 4213112 4262871 NODE_16_length_49760_cov_64.7538_ID_521981 1 49760

			Align 131: 4213112 4262871 NODE_16_length_49760_cov_64.7538_ID_521981 1 49760
				Gap between this and next alignment: 4262871 to 4315730 (52858 bp)
				Next Alignment: 4315730 4317161 NODE_220_length_1432_cov_54.4582_ID_532783 1432 1

			Align 132: 4315730 4317161 NODE_220_length_1432_cov_54.4582_ID_532783 1432 1
				Gap between this and next alignment: 4317161 to 4326233 (9071 bp)
				Next Alignment: 4326233 4367621 NODE_22_length_41389_cov_64.7603_ID_535745 41389 1

			Align 133: 4326233 4367621 NODE_22_length_41389_cov_64.7603_ID_535745 41389 1
				Negative gap (overlap) between this and next alignment: 4367621 to 4367567 (-54 bp)
				Next Alignment: 4367567 4384605 NODE_102_length_17039_cov_62.1484_ID_521352 1 17039

			Previous gap was negative, modifying coordinates to ignore overlap
				Moving contig start from 1 to 56.
			Align 134: 4367622 4384605 NODE_102_length_17039_cov_62.1484_ID_521352 56 17039
				Negative gap (overlap) between this and next alignment: 4384605 to 4384551 (-54 bp)
				Next Alignment: 4384551 4385618 NODE_238_length_1068_cov_51.8608_ID_531794 1 1068

			Previous gap was negative, modifying coordinates to ignore overlap
				Moving contig start from 1 to 56.
			Align 135: 4384606 4385618 NODE_238_length_1068_cov_51.8608_ID_531794 56 1068
				Negative gap (overlap) between this and next alignment: 4385618 to 4385564 (-54 bp)
				Next Alignment: 4385564 4392414 NODE_171_length_6851_cov_63.2537_ID_538489 6851 1

			Previous gap was negative, modifying coordinates to ignore overlap
				Moving contig start from 6851 to 6796.
			Align 136: 4385619 4392414 NODE_171_length_6851_cov_63.2537_ID_538489 6796 1
				Gap between this and next alignment: 4392414 to 4427141 (34726 bp)
				Next Alignment: 4427141 4444598 NODE_100_length_17458_cov_65.9613_ID_545920 1 17458

			Align 137: 4427141 4444598 NODE_100_length_17458_cov_65.9613_ID_545920 1 17458
				Gap between this and next alignment: 4444598 to 4444973 (374 bp)
				Next Alignment: 4444973 4446683 NODE_137_length_12120_cov_64.4317_ID_538821 12120 10410

			Align 138: 4444973 4446683 NODE_137_length_12120_cov_64.4317_ID_538821 12120 10410
				Gap between this and next alignment: 4446683 to 4446955 (271 bp)
				Next Alignment: 4446955 4457037 NODE_137_length_12120_cov_64.4317_ID_538821 10083 1

			Align 139: 4446955 4457037 NODE_137_length_12120_cov_64.4317_ID_538821 10083 1
				Gap between this and next alignment: 4457037 to 4464133 (7095 bp)
				Next Alignment: 4464133 4473692 NODE_150_length_9560_cov_62.8787_ID_538883 9560 1

			Align 140: 4464133 4473692 NODE_150_length_9560_cov_62.8787_ID_538883 9560 1
				Negative gap (overlap) between this and next alignment: 4473692 to 4473638 (-54 bp)
				Next Alignment: 4473638 4488972 NODE_112_length_15335_cov_66.0772_ID_545906 15335 1

			Previous gap was negative, modifying coordinates to ignore overlap
				Moving contig start from 15335 to 15280.
			Align 141: 4473693 4488972 NODE_112_length_15335_cov_66.0772_ID_545906 15280 1
				Negative gap (overlap) between this and next alignment: 4488972 to 4488918 (-54 bp)
				Next Alignment: 4488918 4491687 NODE_199_length_2770_cov_62.7053_ID_545926 1 2770

			Previous gap was negative, modifying coordinates to ignore overlap
				Moving contig start from 1 to 56.
			Align 142: 4488973 4491687 NODE_199_length_2770_cov_62.7053_ID_545926 56 2770
				Negative gap (overlap) between this and next alignment: 4491687 to 4491633 (-54 bp)
				Next Alignment: 4491633 4492192 NODE_254_length_560_cov_29.9129_ID_508710 1 560

			Previous gap was negative, modifying coordinates to ignore overlap
				Moving contig start from 1 to 56.
			Align 143: 4491688 4492192 NODE_254_length_560_cov_29.9129_ID_508710 56 560
				Negative gap (overlap) between this and next alignment: 4492192 to 4492138 (-54 bp)
				Next Alignment: 4492138 4503106 NODE_141_length_10969_cov_62.5208_ID_545918 10969 1

			Previous gap was negative, modifying coordinates to ignore overlap
				Moving contig start from 10969 to 10914.
			Align 144: 4492193 4503106 NODE_141_length_10969_cov_62.5208_ID_545918 10914 1
				Gap between this and next alignment: 4503106 to 4515669 (12562 bp)
				Next Alignment: 4515669 4520204 NODE_154_length_9340_cov_61.5151_ID_535905 1 4536

			Align 145: 4515669 4520204 NODE_154_length_9340_cov_61.5151_ID_535905 1 4536
				Gap between this and next alignment: 4520204 to 4520451 (246 bp)
				Next Alignment: 4520451 4524953 NODE_154_length_9340_cov_61.5151_ID_535905 4838 9340

			Align 146: 4520451 4524953 NODE_154_length_9340_cov_61.5151_ID_535905 4838 9340
				Gap between this and next alignment: 4524953 to 4537274 (12320 bp)
				Next Alignment: 4537274 4539634 NODE_204_length_2361_cov_63.6032_ID_538919 1 2361

			Align 147: 4537274 4539634 NODE_204_length_2361_cov_63.6032_ID_538919 1 2361
				Negative gap (overlap) between this and next alignment: 4539634 to 4539580 (-54 bp)
				Next Alignment: 4539580 4558735 NODE_94_length_19156_cov_64.0795_ID_504362 1 19156

			Previous gap was negative, modifying coordinates to ignore overlap
				Moving contig start from 1 to 56.
			Align 148: 4539635 4558735 NODE_94_length_19156_cov_64.0795_ID_504362 56 19156
				Gap between this and next alignment: 4558735 to 4589493 (30757 bp)
				Next Alignment: 4589493 4629073 NODE_27_length_39581_cov_64.8796_ID_538519 1 39581

			Align 149: 4589493 4629073 NODE_27_length_39581_cov_64.8796_ID_538519 1 39581
				Gap between this and next alignment: 4629073 to 4629321 (247 bp)
				Next Alignment: 4629321 4637219 NODE_163_length_7899_cov_66.972_ID_538733 1 7899

			Align 150: 4629321 4637219 NODE_163_length_7899_cov_66.972_ID_538733 1 7899
			END in gap: 4637219 to 4641652 (4433 bp)

Analysis is finished!
Founded SNPs were written into /net/metagenomics/projects/afritz_assemblies/Similarity_Experiment/Ecoli_OneTree/metaquast_strain_spades/Ecoli_0985/runs_per_reference/Ecoli_0985/contigs_reports/nucmer_output/scaffolds.used_snps

Results:
	Local Misassemblies: 2
	Misassemblies: 4
		Relocations: 4
		Translocations: 0
		Inversions: 0
	Misassembled Contigs: 4
	Misassembled Contig Bases: 152553
	Misassemblies Inter-Contig Overlap: 0
Uncovered Regions: 0 (0)
Unaligned Contigs: 0 + 0 part
Partially Unaligned Contigs with Misassemblies: 0
Unaligned Contig Bases: 0

Ambiguously Mapped Contigs: 0
Total Bases in Ambiguously Mapped Contigs: 0
Note that --allow-ambiguity option was set to "one" and only first alignment per each contig was used.

	Covered Bases: 2545847

	SNPs: 21674
	Insertions: 231
	Deletions: 7

	Positive Gaps: 97
		Internal Gaps:  6
		External Gaps:  91
		External Gap Total:  2093860
		External Gap Average: 23009
	Negative Gaps: 49
		Internal Overlaps:  3
		External Overlaps:  46
		External Overlaps Total: -3287
		External Overlaps Average: -71
	Contigs with Redundant Alignments: 4 (23086)
