Aligning contigs to reference...
	Running Nucmer
Parsing coords...
Loading reference...
	Loaded [Ecoli_0905_Taxon002_]
Loading SNPs...
Loading regions...
	No regions given, using whole reference.
	Total Regions: 1
	Total Region Length: 4641652
Analyzing contigs...
CONTIG: NODE_1_length_663492_cov_36.0211_ID_156435 (663492bp)
Top Length: 663492  Top ID: 99.83
		Marking as insignificant: 4139013 4139195 | 493885 493703 | 183 183 | 95.08 | Ecoli_0905_Taxon002_ NODE_1_length_663492_cov_36.0211_ID_156435
		One align captures most of this contig: 1214487 1877978 | 663492 1 | 663492 663492 | 99.83 | Ecoli_0905_Taxon002_ NODE_1_length_663492_cov_36.0211_ID_156435

CONTIG: NODE_2_length_478751_cov_35.3536_ID_156437 (478751bp)
Top Length: 315865  Top ID: 99.78
		This contig is partially unaligned. (Aligned 315865 out of 478751 bases)
		Alignment: 2850282 3166158 | 1 315865 | 315877 315865 | 99.78 | Ecoli_0905_Taxon002_ NODE_2_length_478751_cov_35.3536_ID_156437
		Unaligned bases: 315866 to 478751 (162886)
		This contig has both significant aligned and unaligned parts (of length >= min-contig)! It can contain interspecies translocations

CONTIG: NODE_3_length_467584_cov_35.5641_ID_156439 (467584bp)
Top Length: 467584  Top ID: 99.82
		Marking as insignificant: 4139013 4139191 | 69954 70132 | 179 179 | 96.09 | Ecoli_0905_Taxon002_ NODE_3_length_467584_cov_35.5641_ID_156439
		One align captures most of this contig: 21446 489029 | 1 467584 | 467584 467584 | 99.82 | Ecoli_0905_Taxon002_ NODE_3_length_467584_cov_35.5641_ID_156439

CONTIG: NODE_4_length_450105_cov_36.2303_ID_156441 (450105bp)
Top Length: 450105  Top ID: 99.83
		One align captures most of this contig: 3540787 3990891 | 1 450105 | 450105 450105 | 99.83 | Ecoli_0905_Taxon002_ NODE_4_length_450105_cov_36.2303_ID_156441

CONTIG: NODE_5_length_422118_cov_35.2485_ID_156443 (422118bp)
Top Length: 422118  Top ID: 99.81
		One align captures most of this contig: 2426976 2849093 | 1 422118 | 422118 422118 | 99.81 | Ecoli_0905_Taxon002_ NODE_5_length_422118_cov_35.2485_ID_156443

CONTIG: NODE_6_length_378035_cov_36.7483_ID_156445 (378035bp)
Top Length: 378035  Top ID: 99.82
		One align captures most of this contig: 3162796 3540830 | 1 378035 | 378035 378035 | 99.82 | Ecoli_0905_Taxon002_ NODE_6_length_378035_cov_36.7483_ID_156445

CONTIG: NODE_7_length_362589_cov_35.9736_ID_156447 (362589bp)
Top Length: 362589  Top ID: 99.83
		One align captures most of this contig: 2064181 2426769 | 1 362589 | 362589 362589 | 99.83 | Ecoli_0905_Taxon002_ NODE_7_length_362589_cov_35.9736_ID_156447

CONTIG: NODE_8_length_321943_cov_36.1167_ID_156449 (321943bp)
Top Length: 321943  Top ID: 99.76
		One align captures most of this contig: 646132 968073 | 1 321943 | 321942 321943 | 99.76 | Ecoli_0905_Taxon002_ NODE_8_length_321943_cov_36.1167_ID_156449

CONTIG: NODE_13_length_227737_cov_36.9141_ID_156459 (227737bp)
Top Length: 227737  Top ID: 99.76
		One align captures most of this contig: 4071315 4299051 | 227737 1 | 227737 227737 | 99.76 | Ecoli_0905_Taxon002_ NODE_13_length_227737_cov_36.9141_ID_156459

CONTIG: NODE_17_length_181774_cov_34.2314_ID_156467 (181774bp)
Top Length: 181774  Top ID: 99.89
		One align captures most of this contig: 1881725 2063498 | 1 181774 | 181774 181774 | 99.89 | Ecoli_0905_Taxon002_ NODE_17_length_181774_cov_34.2314_ID_156467

CONTIG: NODE_20_length_173620_cov_36.6692_ID_156473 (173620bp)
Top Length: 173620  Top ID: 99.75
		One align captures most of this contig: 4468029 4641648 | 1 173620 | 173620 173620 | 99.75 | Ecoli_0905_Taxon002_ NODE_20_length_173620_cov_36.6692_ID_156473

CONTIG: NODE_23_length_151678_cov_40.5056_ID_156483 (151678bp)
Top Length: 151676  Top ID: 99.72
		One align captures most of this contig: 492222 643897 | 1 151676 | 151676 151676 | 99.72 | Ecoli_0905_Taxon002_ NODE_23_length_151678_cov_40.5056_ID_156483

CONTIG: NODE_24_length_149242_cov_46.511_ID_156479 (149242bp)
Top Length: 149242  Top ID: 99.34
		One align captures most of this contig: 4316228 4465468 | 1 149242 | 149241 149242 | 99.34 | Ecoli_0905_Taxon002_ NODE_24_length_149242_cov_46.511_ID_156479

CONTIG: NODE_25_length_143974_cov_34.0039_ID_156485 (143974bp)
Top Length: 143974  Top ID: 99.91
		One align captures most of this contig: 1068374 1212347 | 143974 1 | 143974 143974 | 99.91 | Ecoli_0905_Taxon002_ NODE_25_length_143974_cov_34.0039_ID_156485

CONTIG: NODE_37_length_76804_cov_39.4984_ID_156509 (76804bp)
Top Length: 76804  Top ID: 99.63
		One align captures most of this contig: 3992716 4069519 | 1 76804 | 76804 76804 | 99.63 | Ecoli_0905_Taxon002_ NODE_37_length_76804_cov_39.4984_ID_156509

CONTIG: NODE_39_length_61464_cov_39.4781_ID_156513 (61464bp)
Top Length: 61460  Top ID: 99.6
		One align captures most of this contig: 974790 1036249 | 61464 5 | 61460 61460 | 99.6 | Ecoli_0905_Taxon002_ NODE_39_length_61464_cov_39.4781_ID_156513

CONTIG: NODE_53_length_27851_cov_33.8929_ID_156541 (27851bp)
Top Length: 27851  Top ID: 99.98
		One align captures most of this contig: 1038921 1066771 | 1 27851 | 27851 27851 | 99.98 | Ecoli_0905_Taxon002_ NODE_53_length_27851_cov_33.8929_ID_156541

CONTIG: NODE_58_length_15001_cov_34.2483_ID_156551 (15001bp)
Top Length: 15001  Top ID: 99.85
		One align captures most of this contig: 1 15001 | 1 15001 | 15001 15001 | 99.85 | Ecoli_0905_Taxon002_ NODE_58_length_15001_cov_34.2483_ID_156551

CONTIG: NODE_61_length_10900_cov_36.4243_ID_156557 (10900bp)
Top Length: 10900  Top ID: 99.5
		One align captures most of this contig: 4299894 4310793 | 1 10900 | 10900 10900 | 99.5 | Ecoli_0905_Taxon002_ NODE_61_length_10900_cov_36.4243_ID_156557

CONTIG: NODE_66_length_4770_cov_31.7815_ID_156477 (4770bp)
Top Length: 4770  Top ID: 100.0
		One align captures most of this contig: 4311357 4316126 | 1 4770 | 4770 4770 | 100.0 | Ecoli_0905_Taxon002_ NODE_66_length_4770_cov_31.7815_ID_156477

CONTIG: NODE_77_length_1523_cov_31.7262_ID_156587 (1523bp)
Top Length: 1523  Top ID: 100.0
		One align captures most of this contig: 14952 16474 | 1523 1 | 1523 1523 | 100.0 | Ecoli_0905_Taxon002_ NODE_77_length_1523_cov_31.7262_ID_156587

CONTIG: NODE_91_length_826_cov_29.6239_ID_156615 (826bp)
Top Length: 826  Top ID: 100.0
		One align captures most of this contig: 1212304 1213129 | 826 1 | 826 826 | 100.0 | Ecoli_0905_Taxon002_ NODE_91_length_826_cov_29.6239_ID_156615

Analyzing coverage...
Writing SNPs into /net/metagenomics/projects/afritz_assemblies/Similarity_Experiment/Ecoli_OneTree/metaquast_strain_spades_c/Ecoli_0905/runs_per_reference/Ecoli_0905/contigs_reports/nucmer_output/contigs.used_snps
	Reference Ecoli_0905_Taxon002_: 22 total alignments. 1 total regions.
		Region: 1 to 4641652 (4641652 bp)
			Align 1: 1 15001 NODE_58_length_15001_cov_34.2483_ID_156551 1 15001
				Negative gap (overlap) between this and next alignment: 15001 to 14952 (-49 bp)
				Next Alignment: 14952 16474 NODE_77_length_1523_cov_31.7262_ID_156587 1523 1

			Previous gap was negative, modifying coordinates to ignore overlap
				Moving contig start from 1523 to 1473.
			Align 2: 15002 16474 NODE_77_length_1523_cov_31.7262_ID_156587 1473 1
				Gap between this and next alignment: 16474 to 21446 (4971 bp)
				Next Alignment: 21446 489029 NODE_3_length_467584_cov_35.5641_ID_156439 1 467584

			Align 3: 21446 489029 NODE_3_length_467584_cov_35.5641_ID_156439 1 467584
				Gap between this and next alignment: 489029 to 492222 (3192 bp)
				Next Alignment: 492222 643897 NODE_23_length_151678_cov_40.5056_ID_156483 1 151676

			Align 4: 492222 643897 NODE_23_length_151678_cov_40.5056_ID_156483 1 151676
				Gap between this and next alignment: 643897 to 646132 (2234 bp)
				Next Alignment: 646132 968073 NODE_8_length_321943_cov_36.1167_ID_156449 1 321943

			Align 5: 646132 968073 NODE_8_length_321943_cov_36.1167_ID_156449 1 321943
				Gap between this and next alignment: 968073 to 974790 (6716 bp)
				Next Alignment: 974790 1036249 NODE_39_length_61464_cov_39.4781_ID_156513 61464 5

			Align 6: 974790 1036249 NODE_39_length_61464_cov_39.4781_ID_156513 61464 5
				Gap between this and next alignment: 1036249 to 1038921 (2671 bp)
				Next Alignment: 1038921 1066771 NODE_53_length_27851_cov_33.8929_ID_156541 1 27851

			Align 7: 1038921 1066771 NODE_53_length_27851_cov_33.8929_ID_156541 1 27851
				Gap between this and next alignment: 1066771 to 1068374 (1602 bp)
				Next Alignment: 1068374 1212347 NODE_25_length_143974_cov_34.0039_ID_156485 143974 1

			Align 8: 1068374 1212347 NODE_25_length_143974_cov_34.0039_ID_156485 143974 1
				Negative gap (overlap) between this and next alignment: 1212347 to 1212304 (-43 bp)
				Next Alignment: 1212304 1213129 NODE_91_length_826_cov_29.6239_ID_156615 826 1

			Previous gap was negative, modifying coordinates to ignore overlap
				Moving contig start from 826 to 782.
			Align 9: 1212348 1213129 NODE_91_length_826_cov_29.6239_ID_156615 782 1
				Gap between this and next alignment: 1213129 to 1214487 (1357 bp)
				Next Alignment: 1214487 1877978 NODE_1_length_663492_cov_36.0211_ID_156435 663492 1

			Align 10: 1214487 1877978 NODE_1_length_663492_cov_36.0211_ID_156435 663492 1
				Gap between this and next alignment: 1877978 to 1881725 (3746 bp)
				Next Alignment: 1881725 2063498 NODE_17_length_181774_cov_34.2314_ID_156467 1 181774

			Align 11: 1881725 2063498 NODE_17_length_181774_cov_34.2314_ID_156467 1 181774
				Gap between this and next alignment: 2063498 to 2064181 (682 bp)
				Next Alignment: 2064181 2426769 NODE_7_length_362589_cov_35.9736_ID_156447 1 362589

			Align 12: 2064181 2426769 NODE_7_length_362589_cov_35.9736_ID_156447 1 362589
				Gap between this and next alignment: 2426769 to 2426976 (206 bp)
				Next Alignment: 2426976 2849093 NODE_5_length_422118_cov_35.2485_ID_156443 1 422118

			Align 13: 2426976 2849093 NODE_5_length_422118_cov_35.2485_ID_156443 1 422118
				Gap between this and next alignment: 2849093 to 2850282 (1188 bp)
				Next Alignment: 2850282 3166158 NODE_2_length_478751_cov_35.3536_ID_156437 1 315865

			Align 14: 2850282 3166158 NODE_2_length_478751_cov_35.3536_ID_156437 1 315865
				Negative gap (overlap) between this and next alignment: 3166158 to 3162796 (-3362 bp)
				Next Alignment: 3162796 3540830 NODE_6_length_378035_cov_36.7483_ID_156445 1 378035

			Previous gap was negative, modifying coordinates to ignore overlap
				Moving contig start from 1 to 3364.
			Align 15: 3166159 3540830 NODE_6_length_378035_cov_36.7483_ID_156445 3364 378035
				Negative gap (overlap) between this and next alignment: 3540830 to 3540787 (-43 bp)
				Next Alignment: 3540787 3990891 NODE_4_length_450105_cov_36.2303_ID_156441 1 450105

			Previous gap was negative, modifying coordinates to ignore overlap
				Moving contig start from 1 to 45.
			Align 16: 3540831 3990891 NODE_4_length_450105_cov_36.2303_ID_156441 45 450105
				Gap between this and next alignment: 3990891 to 3992716 (1824 bp)
				Next Alignment: 3992716 4069519 NODE_37_length_76804_cov_39.4984_ID_156509 1 76804

			Align 17: 3992716 4069519 NODE_37_length_76804_cov_39.4984_ID_156509 1 76804
				Gap between this and next alignment: 4069519 to 4071315 (1795 bp)
				Next Alignment: 4071315 4299051 NODE_13_length_227737_cov_36.9141_ID_156459 227737 1

			Align 18: 4071315 4299051 NODE_13_length_227737_cov_36.9141_ID_156459 227737 1
				Gap between this and next alignment: 4299051 to 4299894 (842 bp)
				Next Alignment: 4299894 4310793 NODE_61_length_10900_cov_36.4243_ID_156557 1 10900

			Align 19: 4299894 4310793 NODE_61_length_10900_cov_36.4243_ID_156557 1 10900
				Gap between this and next alignment: 4310793 to 4311357 (563 bp)
				Next Alignment: 4311357 4316126 NODE_66_length_4770_cov_31.7815_ID_156477 1 4770

			Align 20: 4311357 4316126 NODE_66_length_4770_cov_31.7815_ID_156477 1 4770
				Gap between this and next alignment: 4316126 to 4316228 (101 bp)
				Next Alignment: 4316228 4465468 NODE_24_length_149242_cov_46.511_ID_156479 1 149242

			Align 21: 4316228 4465468 NODE_24_length_149242_cov_46.511_ID_156479 1 149242
				Gap between this and next alignment: 4465468 to 4468029 (2560 bp)
				Next Alignment: 4468029 4641648 NODE_20_length_173620_cov_36.6692_ID_156473 1 173620

			Align 22: 4468029 4641648 NODE_20_length_173620_cov_36.6692_ID_156473 1 173620
			END in gap: 4641648 to 4641652 (4 bp)

Analysis is finished!
Founded SNPs were written into /net/metagenomics/projects/afritz_assemblies/Similarity_Experiment/Ecoli_OneTree/metaquast_strain_spades_c/Ecoli_0905/runs_per_reference/Ecoli_0905/contigs_reports/nucmer_output/contigs.used_snps

Results:
	Local Misassemblies: 0
	Misassemblies: 0
		Relocations: 0
		Translocations: 0
		Inversions: 0
	Misassembled Contigs: 0
	Misassembled Contig Bases: 0
	Misassemblies Inter-Contig Overlap: 0
Uncovered Regions: 0 (0)
Unaligned Contigs: 0 + 1 part
Partially Unaligned Contigs with Misassemblies: 0
Unaligned Contig Bases: 162886

Ambiguously Mapped Contigs: 0
Total Bases in Ambiguously Mapped Contigs: 0
Note that --allow-ambiguity option was set to "one" and only first alignment per each contig was used.

	Covered Bases: 4605398

	SNPs: 9538
	Insertions: 14
	Deletions: 24

	Positive Gaps: 18
		Internal Gaps:  0
		External Gaps:  18
		External Gap Total:  36254
		External Gap Average: 2014
	Negative Gaps: 4
		Internal Overlaps:  0
		External Overlaps:  4
		External Overlaps Total: -3497
		External Overlaps Average: -874
	Contigs with Redundant Alignments: 0 (0)
