Aligning contigs to reference...
	Running Nucmer
Parsing coords...
Loading reference...
	Loaded [Ecoli_0920_Taxon005_]
Loading SNPs...
Loading regions...
	No regions given, using whole reference.
	Total Regions: 1
	Total Region Length: 4641652
Analyzing contigs...
CONTIG: NODE_87_length_15628_cov_66.3029_ID_1623519 (15628bp)
Top Length: 652  Top ID: 95.71
		This contig is misassembled. 2 total aligns.
			Warning! This contig is more unaligned than misassembled. Contig length is 15628 and total length of all aligns is 763
		Alignment: 253671 254323 | 1 652 | 653 652 | 95.71 | Ecoli_0920_Taxon005_ NODE_87_length_15628_cov_66.3029_ID_1623519
		Alignment: 254023 254212 | 575 763 | 190 189 | 96.32 | Ecoli_0920_Taxon005_ NODE_87_length_15628_cov_66.3029_ID_1623519
		Unaligned bases: 14865
		This contig has both significant aligned and unaligned parts (of length >= min-contig)! It can contain interspecies translocations
CONTIG: NODE_584_length_842_cov_66.8005_ID_1644663 (842bp)
Top Length: 785  Top ID: 95.8
		This contig is partially unaligned. (Aligned 785 out of 842 bases)
		Alignment: 4589432 4590216 | 58 842 | 785 785 | 95.8 | Ecoli_0920_Taxon005_ NODE_584_length_842_cov_66.8005_ID_1644663
		Unaligned bases: 1 to 57 (57)

Analyzing coverage...
Writing SNPs into /net/metagenomics/projects/afritz_assemblies/Similarity_Experiment/Ecoli_OneTree/metaquast_consensus_spades/Ecoli_0980/runs_per_reference/Ecoli_0920/contigs_reports/nucmer_output/scaffolds.used_snps
	Reference Ecoli_0920_Taxon005_: 3 total alignments. 1 total regions.
		Region: 1 to 4641652 (4641652 bp)
			START in gap: 1 to 253671 (253670 bp)
			Align 1: 253671 254323 NODE_87_length_15628_cov_66.3029_ID_1623519 1 652
				The next alignment (254023 254212 NODE_87_length_15628_cov_66.3029_ID_1623519 575 763) is redundant. Skipping.
				Gap between this and next alignment: 254323 to 4589432 (4335108 bp)
				Next Alignment: 4589432 4590216 NODE_584_length_842_cov_66.8005_ID_1644663 58 842

			Align 3: 4589432 4590216 NODE_584_length_842_cov_66.8005_ID_1644663 58 842
			END in gap: 4590216 to 4641652 (51436 bp)

Analysis is finished!
Founded SNPs were written into /net/metagenomics/projects/afritz_assemblies/Similarity_Experiment/Ecoli_OneTree/metaquast_consensus_spades/Ecoli_0980/runs_per_reference/Ecoli_0920/contigs_reports/nucmer_output/scaffolds.used_snps

Results:
	Local Misassemblies: 0
	Misassemblies: 0
		Relocations: 0
		Translocations: 0
		Inversions: 0
	Misassembled Contigs: 0
	Misassembled Contig Bases: 0
	Misassemblies Inter-Contig Overlap: 0
Uncovered Regions: 0 (0)
Unaligned Contigs: 0 + 2 part
Partially Unaligned Contigs with Misassemblies: 1
Unaligned Contig Bases: 14922

Ambiguously Mapped Contigs: 0
Total Bases in Ambiguously Mapped Contigs: 0
Note that --allow-ambiguity option was set to "one" and only first alignment per each contig was used.

	Covered Bases: 1438

	SNPs: 60
	Insertions: 0
	Deletions: 1

	Positive Gaps: 3
		Internal Gaps:  0
		External Gaps:  3
		External Gap Total:  4640214
		External Gap Average: 1546738
	Negative Gaps: 0
		Internal Overlaps:  0
		External Overlaps:  0
		External Overlaps Total:  0
		External Overlaps Average: 0
	Contigs with Redundant Alignments: 1 (190)
