Aligning contigs to reference...
	Running Nucmer
Parsing coords...
Loading reference...
	Loaded [Ecoli_ancestor_Ancestor_]
Loading SNPs...
Loading regions...
	No regions given, using whole reference.
	Total Regions: 1
	Total Region Length: 4641652
Analyzing contigs...
CONTIG: NODE_1_length_333495_cov_55.2251_ID_479931 (333495bp)
Top Length: 333495  Top ID: 99.09
		Marking as insignificant: 4541314 4541418 | 1 105 | 105 105 | 100.0 | Ecoli_ancestor_Ancestor_ NODE_1_length_333495_cov_55.2251_ID_479931
		Marking as insignificant: 4332129 4332233 | 105 1 | 105 105 | 100.0 | Ecoli_ancestor_Ancestor_ NODE_1_length_333495_cov_55.2251_ID_479931
		Marking as insignificant: 4310874 4310978 | 105 1 | 105 105 | 100.0 | Ecoli_ancestor_Ancestor_ NODE_1_length_333495_cov_55.2251_ID_479931
		Marking as insignificant: 4299403 4299507 | 105 1 | 105 105 | 100.0 | Ecoli_ancestor_Ancestor_ NODE_1_length_333495_cov_55.2251_ID_479931
		Marking as insignificant: 1007272 1007391 | 1 120 | 120 120 | 96.69 | Ecoli_ancestor_Ancestor_ NODE_1_length_333495_cov_55.2251_ID_479931
		Marking as insignificant: 1594310 1594443 | 333495 333362 | 134 134 | 99.25 | Ecoli_ancestor_Ancestor_ NODE_1_length_333495_cov_55.2251_ID_479931
		Marking as insignificant: 1403378 1403511 | 333362 333495 | 134 134 | 99.25 | Ecoli_ancestor_Ancestor_ NODE_1_length_333495_cov_55.2251_ID_479931
		Marking as insignificant: 4208214 4208347 | 333362 333495 | 134 134 | 100.0 | Ecoli_ancestor_Ancestor_ NODE_1_length_333495_cov_55.2251_ID_479931
		Marking as insignificant: 3164475 3164608 | 333362 333495 | 134 134 | 100.0 | Ecoli_ancestor_Ancestor_ NODE_1_length_333495_cov_55.2251_ID_479931
		Marking as insignificant: 91292 91426 | 333361 333495 | 135 135 | 100.0 | Ecoli_ancestor_Ancestor_ NODE_1_length_333495_cov_55.2251_ID_479931
		One align captures most of this contig: 2605895 2939389 | 1 333495 | 333495 333495 | 99.09 | Ecoli_ancestor_Ancestor_ NODE_1_length_333495_cov_55.2251_ID_479931

CONTIG: NODE_4_length_275891_cov_55.8038_ID_509497 (275891bp)
Top Length: 232976  Top ID: 98.99
		Skipping redundant alignment 2069474 2069551 | 41753 41676 | 78 78 | 100.0 | Ecoli_ancestor_Ancestor_ NODE_4_length_275891_cov_55.8038_ID_509497
		Skipping redundant alignment 2069476 2069631 | 42042 41887 | 156 156 | 100.0 | Ecoli_ancestor_Ancestor_ NODE_4_length_275891_cov_55.8038_ID_509497
		Skipping redundant alignment 2069798 2069873 | 41962 41887 | 76 76 | 100.0 | Ecoli_ancestor_Ancestor_ NODE_4_length_275891_cov_55.8038_ID_509497
		Skipping redundant alignment 2069476 2069631 | 42347 42192 | 156 156 | 99.36 | Ecoli_ancestor_Ancestor_ NODE_4_length_275891_cov_55.8038_ID_509497
		Skipping redundant alignment 2069798 2069873 | 42267 42192 | 76 76 | 100.0 | Ecoli_ancestor_Ancestor_ NODE_4_length_275891_cov_55.8038_ID_509497
		Skipping redundant alignment 2069474 2069551 | 42571 42494 | 78 78 | 100.0 | Ecoli_ancestor_Ancestor_ NODE_4_length_275891_cov_55.8038_ID_509497
		Skipping redundant alignment 2069278 2069551 | 42975 42702 | 274 274 | 99.64 | Ecoli_ancestor_Ancestor_ NODE_4_length_275891_cov_55.8038_ID_509497
		Skipping redundant alignment 2069284 2069474 | 43125 42935 | 191 191 | 98.43 | Ecoli_ancestor_Ancestor_ NODE_4_length_275891_cov_55.8038_ID_509497
		Skipping redundant alignment 3993699 3993826 | 64728 64601 | 128 128 | 98.44 | Ecoli_ancestor_Ancestor_ NODE_4_length_275891_cov_55.8038_ID_509497
		Skipping redundant alignment 1519408 1519533 | 64728 64603 | 126 126 | 98.41 | Ecoli_ancestor_Ancestor_ NODE_4_length_275891_cov_55.8038_ID_509497
		Skipping redundant alignment 3493145 3493281 | 187259 187123 | 137 137 | 97.81 | Ecoli_ancestor_Ancestor_ NODE_4_length_275891_cov_55.8038_ID_509497
		This contig is misassembled. 13 total aligns.
			Excluding internal overlap of size 54 between Alignment 1 and 2:  3808960 3851925 | 42969 1 | 42966 42969 --> 3809014 3851925 | 42915 1 | 42912 42915
			Real Alignment 1: 3809014 3851925 | 42915 1 | 42912 42915 | 99.0 | Ecoli_ancestor_Ancestor_ NODE_4_length_275891_cov_55.8038_ID_509497
			  Overlap between these two alignments (local misassembly). Inconsistency = -156 
			Real Alignment 2: 3576194 3809169 | 275891 42916 | 232976 232976 | 98.99 | Ecoli_ancestor_Ancestor_ NODE_4_length_275891_cov_55.8038_ID_509497

CONTIG: NODE_6_length_257349_cov_54.4674_ID_461120 (257349bp)
Top Length: 257349  Top ID: 98.99
		Marking as insignificant: 4300171 4300376 | 229032 229237 | 206 206 | 99.03 | Ecoli_ancestor_Ancestor_ NODE_6_length_257349_cov_54.4674_ID_461120
		One align captures most of this contig: 1601686 1859035 | 1 257349 | 257350 257349 | 98.99 | Ecoli_ancestor_Ancestor_ NODE_6_length_257349_cov_54.4674_ID_461120

CONTIG: NODE_7_length_207945_cov_55.6326_ID_489042 (207945bp)
Top Length: 203068  Top ID: 99.0
		Skipping redundant alignment 3809659 3809736 | 4957 4880 | 78 78 | 100.0 | Ecoli_ancestor_Ancestor_ NODE_7_length_207945_cov_55.6326_ID_489042
		Skipping redundant alignment 3809963 3810039 | 4956 4880 | 77 77 | 100.0 | Ecoli_ancestor_Ancestor_ NODE_7_length_207945_cov_55.6326_ID_489042
		Skipping redundant alignment 3809659 3809736 | 5079 5002 | 78 78 | 100.0 | Ecoli_ancestor_Ancestor_ NODE_7_length_207945_cov_55.6326_ID_489042
		Skipping redundant alignment 3809963 3810039 | 5078 5002 | 77 77 | 100.0 | Ecoli_ancestor_Ancestor_ NODE_7_length_207945_cov_55.6326_ID_489042
		Skipping redundant alignment 3809659 3809736 | 5201 5124 | 78 78 | 100.0 | Ecoli_ancestor_Ancestor_ NODE_7_length_207945_cov_55.6326_ID_489042
		Skipping redundant alignment 3809963 3810039 | 5200 5124 | 77 77 | 100.0 | Ecoli_ancestor_Ancestor_ NODE_7_length_207945_cov_55.6326_ID_489042
		Skipping redundant alignment 3808960 3809227 | 5471 5204 | 268 268 | 98.88 | Ecoli_ancestor_Ancestor_ NODE_7_length_207945_cov_55.6326_ID_489042
		Skipping redundant alignment 3809353 3809435 | 5286 5204 | 83 83 | 98.8 | Ecoli_ancestor_Ancestor_ NODE_7_length_207945_cov_55.6326_ID_489042
		Skipping redundant alignment 3810173 3810250 | 5281 5204 | 78 78 | 100.0 | Ecoli_ancestor_Ancestor_ NODE_7_length_207945_cov_55.6326_ID_489042
		This contig is misassembled. 12 total aligns.
			Excluding internal overlap of size 1 between Alignment 1 and 2:  2069553 2069753 | 4958 4758 | 201 201 --> 2069553 2069752 | 4958 4759 | 200 200
			Real Alignment 1: 2069873 2074630 | 4758 1 | 4758 4758 | 98.93 | Ecoli_ancestor_Ancestor_ NODE_7_length_207945_cov_55.6326_ID_489042
			  Gap between these two alignments (local misassembly). Inconsistency = 120 
			Excluding internal overlap of size 81 between Alignment 2 and 3:  2069553 2069752 | 4958 4759 | 200 200 --> 2069634 2069752 | 4877 4759 | 119 119
			Real Alignment 2: 2069634 2069752 | 4877 4759 | 119 119 | 99.0 | Ecoli_ancestor_Ancestor_ NODE_7_length_207945_cov_55.6326_ID_489042
			  Overlap between these two alignments (local misassembly). Inconsistency = -242 
			Real Alignment 3: 1866810 2069875 | 207945 4878 | 203066 203068 | 99.0 | Ecoli_ancestor_Ancestor_ NODE_7_length_207945_cov_55.6326_ID_489042

CONTIG: NODE_9_length_188986_cov_55.9122_ID_520811 (188986bp)
Top Length: 188986  Top ID: 99.03
		One align captures most of this contig: 2088304 2277289 | 1 188986 | 188986 188986 | 99.03 | Ecoli_ancestor_Ancestor_ NODE_9_length_188986_cov_55.9122_ID_520811

CONTIG: NODE_11_length_167698_cov_55.7287_ID_464365 (167698bp)
Top Length: 167698  Top ID: 99.01
		Marking as insignificant: 608112 608199 | 136982 136895 | 88 88 | 100.0 | Ecoli_ancestor_Ancestor_ NODE_11_length_167698_cov_55.7287_ID_464365
		Marking as insignificant: 608112 608200 | 136746 136658 | 89 89 | 100.0 | Ecoli_ancestor_Ancestor_ NODE_11_length_167698_cov_55.7287_ID_464365
		One align captures most of this contig: 4368599 4536296 | 1 167698 | 167698 167698 | 99.01 | Ecoli_ancestor_Ancestor_ NODE_11_length_167698_cov_55.7287_ID_464365

CONTIG: NODE_13_length_150582_cov_55.3624_ID_507125 (150582bp)
Top Length: 150582  Top ID: 99.02
		One align captures most of this contig: 3338658 3489239 | 1 150582 | 150582 150582 | 99.02 | Ecoli_ancestor_Ancestor_ NODE_13_length_150582_cov_55.3624_ID_507125

CONTIG: NODE_14_length_145068_cov_55.6978_ID_411859 (145068bp)
Top Length: 145068  Top ID: 98.93
		One align captures most of this contig: 649401 794468 | 1 145068 | 145068 145068 | 98.93 | Ecoli_ancestor_Ancestor_ NODE_14_length_145068_cov_55.6978_ID_411859

CONTIG: NODE_17_length_125151_cov_54.7628_ID_451617 (125151bp)
Top Length: 125151  Top ID: 99.04
		Marking as insignificant: 496122 496218 | 53204 53108 | 97 97 | 95.88 | Ecoli_ancestor_Ancestor_ NODE_17_length_125151_cov_54.7628_ID_451617
		Marking as insignificant: 496122 496402 | 53388 53108 | 281 281 | 97.51 | Ecoli_ancestor_Ancestor_ NODE_17_length_125151_cov_54.7628_ID_451617
		One align captures most of this contig: 424451 549601 | 125151 1 | 125151 125151 | 99.04 | Ecoli_ancestor_Ancestor_ NODE_17_length_125151_cov_54.7628_ID_451617

CONTIG: NODE_18_length_121680_cov_55.0607_ID_413013 (121680bp)
Top Length: 121680  Top ID: 99.09
		One align captures most of this contig: 4066150 4187829 | 1 121680 | 121680 121680 | 99.09 | Ecoli_ancestor_Ancestor_ NODE_18_length_121680_cov_55.0607_ID_413013

CONTIG: NODE_21_length_102691_cov_56.866_ID_395610 (102691bp)
Top Length: 102691  Top ID: 98.92
		One align captures most of this contig: 92569 195259 | 102691 1 | 102691 102691 | 98.92 | Ecoli_ancestor_Ancestor_ NODE_21_length_102691_cov_56.866_ID_395610

CONTIG: NODE_22_length_97773_cov_55.3351_ID_484394 (97773bp)
Top Length: 97773  Top ID: 99.05
		One align captures most of this contig: 4542351 4640123 | 1 97773 | 97773 97773 | 99.05 | Ecoli_ancestor_Ancestor_ NODE_22_length_97773_cov_55.3351_ID_484394

CONTIG: NODE_26_length_93899_cov_53.2726_ID_477938 (93899bp)
Top Length: 93899  Top ID: 99.07
		One align captures most of this contig: 1308597 1402495 | 93899 1 | 93899 93899 | 99.07 | Ecoli_ancestor_Ancestor_ NODE_26_length_93899_cov_53.2726_ID_477938

CONTIG: NODE_27_length_92158_cov_55.6142_ID_494923 (92158bp)
Top Length: 92158  Top ID: 98.7
		One align captures most of this contig: 2301739 2393896 | 1 92158 | 92158 92158 | 98.7 | Ecoli_ancestor_Ancestor_ NODE_27_length_92158_cov_55.6142_ID_494923

CONTIG: NODE_28_length_90656_cov_55.5992_ID_404151 (90656bp)
Top Length: 90656  Top ID: 98.99
		One align captures most of this contig: 3194710 3285365 | 90656 1 | 90656 90656 | 98.99 | Ecoli_ancestor_Ancestor_ NODE_28_length_90656_cov_55.5992_ID_404151

CONTIG: NODE_30_length_86298_cov_56.5847_ID_520823 (86298bp)
Top Length: 86298  Top ID: 98.94
		Marking as insignificant: 4505493 4505580 | 50588 50501 | 88 88 | 100.0 | Ecoli_ancestor_Ancestor_ NODE_30_length_86298_cov_56.5847_ID_520823
		Marking as insignificant: 4505256 4505344 | 50589 50501 | 89 89 | 100.0 | Ecoli_ancestor_Ancestor_ NODE_30_length_86298_cov_56.5847_ID_520823
		One align captures most of this contig: 557612 643909 | 1 86298 | 86298 86298 | 98.94 | Ecoli_ancestor_Ancestor_ NODE_30_length_86298_cov_56.5847_ID_520823

CONTIG: NODE_34_length_79638_cov_58.2342_ID_510284 (79638bp)
Top Length: 79638  Top ID: 98.88
		One align captures most of this contig: 828637 908274 | 1 79638 | 79638 79638 | 98.88 | Ecoli_ancestor_Ancestor_ NODE_34_length_79638_cov_58.2342_ID_510284

CONTIG: NODE_35_length_79584_cov_58.0206_ID_449421 (79584bp)
Top Length: 79584  Top ID: 98.75
		Marking as insignificant: 294484 294856 | 79584 79214 | 373 371 | 97.32 | Ecoli_ancestor_Ancestor_ NODE_35_length_79584_cov_58.0206_ID_449421
		Marking as insignificant: 294373 294743 | 79584 79214 | 371 371 | 98.38 | Ecoli_ancestor_Ancestor_ NODE_35_length_79584_cov_58.0206_ID_449421
		One align captures most of this contig: 294597 374182 | 79584 1 | 79586 79584 | 98.75 | Ecoli_ancestor_Ancestor_ NODE_35_length_79584_cov_58.0206_ID_449421

CONTIG: NODE_37_length_79347_cov_57.3451_ID_467752 (79347bp)
Top Length: 79347  Top ID: 98.94
		Marking as insignificant: 413674 414859 | 78618 77433 | 1186 1186 | 98.57 | Ecoli_ancestor_Ancestor_ NODE_37_length_79347_cov_57.3451_ID_467752
		One align captures most of this contig: 1042044 1121390 | 1 79347 | 79347 79347 | 98.94 | Ecoli_ancestor_Ancestor_ NODE_37_length_79347_cov_57.3451_ID_467752

CONTIG: NODE_39_length_74925_cov_57.0305_ID_396655 (74925bp)
Top Length: 74925  Top ID: 98.92
		One align captures most of this contig: 1 74925 | 74925 1 | 74925 74925 | 98.92 | Ecoli_ancestor_Ancestor_ NODE_39_length_74925_cov_57.0305_ID_396655

CONTIG: NODE_41_length_74231_cov_56.4216_ID_476168 (74231bp)
Top Length: 74231  Top ID: 98.98
		One align captures most of this contig: 3903845 3978075 | 1 74231 | 74231 74231 | 98.98 | Ecoli_ancestor_Ancestor_ NODE_41_length_74231_cov_56.4216_ID_476168

CONTIG: NODE_42_length_71735_cov_53.0586_ID_470070 (71735bp)
Top Length: 71735  Top ID: 99.16
		Marking as insignificant: 3787357 3787482 | 18442 18317 | 126 126 | 98.41 | Ecoli_ancestor_Ancestor_ NODE_42_length_71735_cov_53.0586_ID_470070
		Marking as insignificant: 3993697 3993824 | 18444 18317 | 128 128 | 98.44 | Ecoli_ancestor_Ancestor_ NODE_42_length_71735_cov_53.0586_ID_470070
		One align captures most of this contig: 1466115 1537849 | 71735 1 | 71735 71735 | 99.16 | Ecoli_ancestor_Ancestor_ NODE_42_length_71735_cov_53.0586_ID_470070

CONTIG: NODE_44_length_69024_cov_55.2167_ID_478889 (69024bp)
Top Length: 69024  Top ID: 99.04
		One align captures most of this contig: 1233071 1302094 | 1 69024 | 69024 69024 | 99.04 | Ecoli_ancestor_Ancestor_ NODE_44_length_69024_cov_55.2167_ID_478889

CONTIG: NODE_47_length_65123_cov_56.0602_ID_497564 (65123bp)
Top Length: 65123  Top ID: 98.85
		One align captures most of this contig: 2420901 2486023 | 65123 1 | 65123 65123 | 98.85 | Ecoli_ancestor_Ancestor_ NODE_47_length_65123_cov_56.0602_ID_497564

CONTIG: NODE_52_length_56232_cov_55.3797_ID_485332 (56232bp)
Top Length: 56232  Top ID: 98.99
		One align captures most of this contig: 2959696 3015927 | 1 56232 | 56232 56232 | 98.99 | Ecoli_ancestor_Ancestor_ NODE_52_length_56232_cov_55.3797_ID_485332

CONTIG: NODE_55_length_47699_cov_56.834_ID_501161 (47699bp)
Top Length: 47699  Top ID: 98.92
		One align captures most of this contig: 1407900 1455598 | 47699 1 | 47699 47699 | 98.92 | Ecoli_ancestor_Ancestor_ NODE_55_length_47699_cov_56.834_ID_501161

CONTIG: NODE_56_length_42186_cov_56.2399_ID_503137 (42186bp)
Top Length: 42186  Top ID: 98.99
		One align captures most of this contig: 1167552 1209737 | 1 42186 | 42186 42186 | 98.99 | Ecoli_ancestor_Ancestor_ NODE_56_length_42186_cov_56.2399_ID_503137

CONTIG: NODE_60_length_38020_cov_53.2431_ID_466420 (38020bp)
Top Length: 38020  Top ID: 99.03
		Marking as insignificant: 246551 246793 | 38020 37778 | 243 243 | 97.54 | Ecoli_ancestor_Ancestor_ NODE_60_length_38020_cov_53.2431_ID_466420
		Marking as insignificant: 246251 246593 | 38020 37678 | 343 343 | 97.38 | Ecoli_ancestor_Ancestor_ NODE_60_length_38020_cov_53.2431_ID_466420
		One align captures most of this contig: 246451 284470 | 38020 1 | 38020 38020 | 99.03 | Ecoli_ancestor_Ancestor_ NODE_60_length_38020_cov_53.2431_ID_466420

CONTIG: NODE_61_length_37526_cov_53.2472_ID_468563 (37526bp)
Top Length: 37526  Top ID: 99.14
		One align captures most of this contig: 2556311 2593836 | 37526 1 | 37526 37526 | 99.14 | Ecoli_ancestor_Ancestor_ NODE_61_length_37526_cov_53.2472_ID_468563

CONTIG: NODE_62_length_36519_cov_55.2337_ID_510222 (36519bp)
Top Length: 36519  Top ID: 99.18
		One align captures most of this contig: 3503795 3540313 | 36519 1 | 36519 36519 | 99.18 | Ecoli_ancestor_Ancestor_ NODE_62_length_36519_cov_55.2337_ID_510222

CONTIG: NODE_66_length_34314_cov_55.6382_ID_459921 (34314bp)
Top Length: 34314  Top ID: 99.09
		One align captures most of this contig: 3020051 3054364 | 1 34314 | 34314 34314 | 99.09 | Ecoli_ancestor_Ancestor_ NODE_66_length_34314_cov_55.6382_ID_459921

CONTIG: NODE_70_length_32380_cov_55.2651_ID_520827 (32380bp)
Top Length: 32380  Top ID: 98.93
		One align captures most of this contig: 1560378 1592757 | 1 32380 | 32380 32380 | 98.93 | Ecoli_ancestor_Ancestor_ NODE_70_length_32380_cov_55.2651_ID_520827

CONTIG: NODE_71_length_32331_cov_59.0588_ID_500659 (32331bp)
Top Length: 32331  Top ID: 98.12
		Marking as insignificant: 3787357 3787484 | 10957 11084 | 128 128 | 98.44 | Ecoli_ancestor_Ancestor_ NODE_71_length_32331_cov_59.0588_ID_500659
		Marking as insignificant: 1519406 1519533 | 10955 11082 | 128 128 | 98.44 | Ecoli_ancestor_Ancestor_ NODE_71_length_32331_cov_59.0588_ID_500659
		Marking as insignificant: 3119765 3120134 | 29935 29566 | 370 370 | 96.49 | Ecoli_ancestor_Ancestor_ NODE_71_length_32331_cov_59.0588_ID_500659
		Marking as insignificant: 2953886 2954965 | 27779 26700 | 1080 1080 | 95.65 | Ecoli_ancestor_Ancestor_ NODE_71_length_32331_cov_59.0588_ID_500659
		One align captures most of this contig: 3982743 4015073 | 1 32331 | 32331 32331 | 98.12 | Ecoli_ancestor_Ancestor_ NODE_71_length_32331_cov_59.0588_ID_500659

CONTIG: NODE_74_length_31038_cov_56.0048_ID_500275 (31038bp)
Top Length: 31038  Top ID: 99.06
		One align captures most of this contig: 3869071 3900108 | 1 31038 | 31038 31038 | 99.06 | Ecoli_ancestor_Ancestor_ NODE_74_length_31038_cov_56.0048_ID_500275

CONTIG: NODE_75_length_30787_cov_58.5695_ID_504493 (30787bp)
Top Length: 30787  Top ID: 99.19
		Marking as insignificant: 1119476 1120661 | 29940 28755 | 1186 1186 | 98.4 | Ecoli_ancestor_Ancestor_ NODE_75_length_30787_cov_58.5695_ID_504493
		One align captures most of this contig: 384920 415706 | 1 30787 | 30787 30787 | 99.19 | Ecoli_ancestor_Ancestor_ NODE_75_length_30787_cov_58.5695_ID_504493

CONTIG: NODE_76_length_30618_cov_59.6584_ID_510206 (30618bp)
Top Length: 30618  Top ID: 98.23
		Marking as insignificant: 3855634 3855760 | 127 1 | 127 127 | 98.43 | Ecoli_ancestor_Ancestor_ NODE_76_length_30618_cov_59.6584_ID_510206
		One align captures most of this contig: 794414 825031 | 30618 1 | 30618 30618 | 98.23 | Ecoli_ancestor_Ancestor_ NODE_76_length_30618_cov_59.6584_ID_510206

CONTIG: NODE_77_length_29217_cov_55.1045_ID_405834 (29217bp)
Top Length: 29217  Top ID: 99.09
		One align captures most of this contig: 2489191 2518407 | 29217 1 | 29217 29217 | 99.09 | Ecoli_ancestor_Ancestor_ NODE_77_length_29217_cov_55.1045_ID_405834

CONTIG: NODE_78_length_28908_cov_57.1732_ID_510226 (28908bp)
Top Length: 28908  Top ID: 99.04
		Marking as insignificant: 4315655 4315763 | 28800 28908 | 109 109 | 98.17 | Ecoli_ancestor_Ancestor_ NODE_78_length_28908_cov_57.1732_ID_510226
		Marking as insignificant: 2300691 2300799 | 28800 28908 | 109 109 | 99.08 | Ecoli_ancestor_Ancestor_ NODE_78_length_28908_cov_57.1732_ID_510226
		Marking as insignificant: 2487858 2487969 | 28797 28908 | 112 112 | 100.0 | Ecoli_ancestor_Ancestor_ NODE_78_length_28908_cov_57.1732_ID_510226
		Marking as insignificant: 3194652 3194765 | 28908 28795 | 114 114 | 99.12 | Ecoli_ancestor_Ancestor_ NODE_78_length_28908_cov_57.1732_ID_510226
		Marking as insignificant: 4015015 4015127 | 28796 28908 | 113 113 | 100.0 | Ecoli_ancestor_Ancestor_ NODE_78_length_28908_cov_57.1732_ID_510226
		Marking as insignificant: 3901755 3901867 | 28796 28908 | 113 113 | 100.0 | Ecoli_ancestor_Ancestor_ NODE_78_length_28908_cov_57.1732_ID_510226
		Marking as insignificant: 937570 937682 | 28796 28908 | 113 113 | 100.0 | Ecoli_ancestor_Ancestor_ NODE_78_length_28908_cov_57.1732_ID_510226
		Marking as insignificant: 1224045 1224162 | 28791 28908 | 118 118 | 99.15 | Ecoli_ancestor_Ancestor_ NODE_78_length_28908_cov_57.1732_ID_510226
		One align captures most of this contig: 3291197 3320104 | 28908 1 | 28908 28908 | 99.04 | Ecoli_ancestor_Ancestor_ NODE_78_length_28908_cov_57.1732_ID_510226

CONTIG: NODE_79_length_28874_cov_52.8666_ID_493988 (28874bp)
Top Length: 28431  Top ID: 99.23
		Skipping redundant alignment 198144 198332 | 556 745 | 189 190 | 97.89 | Ecoli_ancestor_Ancestor_ NODE_79_length_28874_cov_52.8666_ID_493988
		This contig is misassembled. 3 total aligns.
			Excluding internal overlap of size 190 between Alignment 1 and 2:  197813 198444 | 1 633 | 632 633 --> 197813 198254 | 1 443 | 442 443
			Real Alignment 1: 197813 198254 | 1 443 | 442 443 | 98.58 | Ecoli_ancestor_Ancestor_ NODE_79_length_28874_cov_52.8666_ID_493988
			  Overlap between these two alignments (local misassembly). Inconsistency = -111 
			Real Alignment 2: 198144 226573 | 444 28874 | 28430 28431 | 99.23 | Ecoli_ancestor_Ancestor_ NODE_79_length_28874_cov_52.8666_ID_493988

CONTIG: NODE_80_length_28544_cov_56.139_ID_460705 (28544bp)
Top Length: 28544  Top ID: 99.16
		Marking as insignificant: 4240925 4241119 | 28350 28544 | 195 195 | 98.97 | Ecoli_ancestor_Ancestor_ NODE_80_length_28544_cov_56.139_ID_460705
		One align captures most of this contig: 4212483 4241026 | 1 28544 | 28544 28544 | 99.16 | Ecoli_ancestor_Ancestor_ NODE_80_length_28544_cov_56.139_ID_460705

CONTIG: NODE_83_length_26256_cov_54.33_ID_475047 (26256bp)
Top Length: 26256  Top ID: 99.17
		One align captures most of this contig: 1125759 1152014 | 1 26256 | 26256 26256 | 99.17 | Ecoli_ancestor_Ancestor_ NODE_83_length_26256_cov_54.33_ID_475047

CONTIG: NODE_85_length_24675_cov_54.2586_ID_499913 (24675bp)
Top Length: 24675  Top ID: 99.28
		One align captures most of this contig: 2526273 2550947 | 1 24675 | 24675 24675 | 99.28 | Ecoli_ancestor_Ancestor_ NODE_85_length_24675_cov_54.2586_ID_499913

CONTIG: NODE_87_length_24175_cov_53.8386_ID_502782 (24175bp)
Top Length: 24175  Top ID: 99.16
		Marking as insignificant: 965291 965570 | 18586 18865 | 280 280 | 96.79 | Ecoli_ancestor_Ancestor_ NODE_87_length_24175_cov_53.8386_ID_502782
		Marking as insignificant: 3057853 3058132 | 18586 18865 | 280 280 | 97.86 | Ecoli_ancestor_Ancestor_ NODE_87_length_24175_cov_53.8386_ID_502782
		One align captures most of this contig: 4332842 4357016 | 1 24175 | 24175 24175 | 99.16 | Ecoli_ancestor_Ancestor_ NODE_87_length_24175_cov_53.8386_ID_502782

CONTIG: NODE_88_length_23501_cov_57.4375_ID_492523 (23501bp)
Top Length: 23501  Top ID: 99.15
		Marking as insignificant: 3857533 3857631 | 23403 23501 | 99 99 | 97.98 | Ecoli_ancestor_Ancestor_ NODE_88_length_23501_cov_57.4375_ID_492523
		Marking as insignificant: 3851944 3852832 | 21137 22025 | 889 889 | 96.18 | Ecoli_ancestor_Ancestor_ NODE_88_length_23501_cov_57.4375_ID_492523
		Marking as insignificant: 3852833 3854123 | 20759 22050 | 1291 1292 | 95.75 | Ecoli_ancestor_Ancestor_ NODE_88_length_23501_cov_57.4375_ID_492523
		Marking as insignificant: 3057842 3059132 | 20759 22049 | 1291 1291 | 97.06 | Ecoli_ancestor_Ancestor_ NODE_88_length_23501_cov_57.4375_ID_492523
		One align captures most of this contig: 944522 968022 | 1 23501 | 23501 23501 | 99.15 | Ecoli_ancestor_Ancestor_ NODE_88_length_23501_cov_57.4375_ID_492523

CONTIG: NODE_89_length_23381_cov_53.6179_ID_414147 (23381bp)
Top Length: 23381  Top ID: 99.17
		One align captures most of this contig: 3168606 3191986 | 23381 1 | 23381 23381 | 99.17 | Ecoli_ancestor_Ancestor_ NODE_89_length_23381_cov_53.6179_ID_414147

CONTIG: NODE_90_length_22995_cov_56.8366_ID_507580 (22995bp)
Top Length: 22995  Top ID: 98.69
		One align captures most of this contig: 3136646 3159640 | 22995 1 | 22995 22995 | 98.69 | Ecoli_ancestor_Ancestor_ NODE_90_length_22995_cov_56.8366_ID_507580

CONTIG: NODE_91_length_21405_cov_53.7247_ID_486265 (21405bp)
Top Length: 21405  Top ID: 99.11
		One align captures most of this contig: 983292 1004696 | 1 21405 | 21405 21405 | 99.11 | Ecoli_ancestor_Ancestor_ NODE_91_length_21405_cov_53.7247_ID_486265

CONTIG: NODE_93_length_17749_cov_51.7297_ID_474781 (17749bp)
Top Length: 17749  Top ID: 99.27
		One align captures most of this contig: 1017182 1034930 | 17749 1 | 17749 17749 | 99.27 | Ecoli_ancestor_Ancestor_ NODE_93_length_17749_cov_51.7297_ID_474781

CONTIG: NODE_97_length_16344_cov_53.2228_ID_498352 (16344bp)
Top Length: 16344  Top ID: 99.08
		One align captures most of this contig: 2303161 2319504 | 16344 1 | 16344 16344 | 99.08 | Ecoli_ancestor_Ancestor_ NODE_97_length_16344_cov_53.2228_ID_498352

CONTIG: NODE_98_length_15309_cov_60.1082_ID_510204 (15309bp)
Top Length: 15309  Top ID: 99.33
		Marking as insignificant: 3119765 3120134 | 1508 1877 | 370 370 | 96.49 | Ecoli_ancestor_Ancestor_ NODE_98_length_15309_cov_60.1082_ID_510204
		Marking as insignificant: 2956065 2956481 | 5040 5456 | 417 417 | 95.2 | Ecoli_ancestor_Ancestor_ NODE_98_length_15309_cov_60.1082_ID_510204
		Marking as insignificant: 2953886 2954965 | 3664 4743 | 1080 1080 | 97.5 | Ecoli_ancestor_Ancestor_ NODE_98_length_15309_cov_60.1082_ID_510204
		One align captures most of this contig: 3998876 4014184 | 15309 1 | 15309 15309 | 99.33 | Ecoli_ancestor_Ancestor_ NODE_98_length_15309_cov_60.1082_ID_510204

CONTIG: NODE_99_length_14837_cov_52.0558_ID_500965 (14837bp)
Top Length: 14837  Top ID: 99.56
		One align captures most of this contig: 4278811 4293647 | 1 14837 | 14837 14837 | 99.56 | Ecoli_ancestor_Ancestor_ NODE_99_length_14837_cov_52.0558_ID_500965

CONTIG: NODE_100_length_13868_cov_53.013_ID_505790 (13868bp)
Top Length: 13868  Top ID: 99.08
		One align captures most of this contig: 3550557 3564424 | 13868 1 | 13868 13868 | 99.08 | Ecoli_ancestor_Ancestor_ NODE_100_length_13868_cov_53.013_ID_505790

CONTIG: NODE_101_length_13645_cov_56.6473_ID_504301 (13645bp)
Top Length: 13645  Top ID: 98.97
		One align captures most of this contig: 2396562 2410206 | 13645 1 | 13645 13645 | 98.97 | Ecoli_ancestor_Ancestor_ NODE_101_length_13645_cov_56.6473_ID_504301

CONTIG: NODE_102_length_13333_cov_64.7815_ID_448665 (13333bp)
Top Length: 13333  Top ID: 98.64
		One align captures most of this contig: 2277235 2290567 | 1 13333 | 13333 13333 | 98.64 | Ecoli_ancestor_Ancestor_ NODE_102_length_13333_cov_64.7815_ID_448665

CONTIG: NODE_103_length_13156_cov_71.3142_ID_510228 (13156bp)
Top Length: 13156  Top ID: 98.78
		Marking as insignificant: 4536232 4537570 | 1339 1 | 1339 1339 | 99.4 | Ecoli_ancestor_Ancestor_ NODE_103_length_13156_cov_71.3142_ID_510228
		Marking as insignificant: 3981469 3982807 | 1 1339 | 1339 1339 | 99.55 | Ecoli_ancestor_Ancestor_ NODE_103_length_13156_cov_71.3142_ID_510228
		One align captures most of this contig: 2075203 2088358 | 1 13156 | 13156 13156 | 98.78 | Ecoli_ancestor_Ancestor_ NODE_103_length_13156_cov_71.3142_ID_510228

CONTIG: NODE_104_length_12819_cov_52.499_ID_498073 (12819bp)
Top Length: 12819  Top ID: 98.94
		One align captures most of this contig: 4259054 4271872 | 1 12819 | 12819 12819 | 98.94 | Ecoli_ancestor_Ancestor_ NODE_104_length_12819_cov_52.499_ID_498073

CONTIG: NODE_105_length_12518_cov_51.0593_ID_497392 (12518bp)
Top Length: 12518  Top ID: 99.34
		One align captures most of this contig: 910311 922828 | 1 12518 | 12518 12518 | 99.34 | Ecoli_ancestor_Ancestor_ NODE_105_length_12518_cov_51.0593_ID_497392

CONTIG: NODE_106_length_12346_cov_62.1357_ID_520831 (12346bp)
Top Length: 12346  Top ID: 98.19
		One align captures most of this contig: 1537795 1550140 | 12346 1 | 12346 12346 | 98.19 | Ecoli_ancestor_Ancestor_ NODE_106_length_12346_cov_62.1357_ID_520831

CONTIG: NODE_107_length_11942_cov_56.704_ID_510244 (11942bp)
Top Length: 11942  Top ID: 99.12
		Marking as insignificant: 828414 828621 | 1 208 | 208 208 | 97.12 | Ecoli_ancestor_Ancestor_ NODE_107_length_11942_cov_56.704_ID_510244
		One align captures most of this contig: 971405 983346 | 1 11942 | 11942 11942 | 99.12 | Ecoli_ancestor_Ancestor_ NODE_107_length_11942_cov_56.704_ID_510244

CONTIG: NODE_110_length_10533_cov_70.2915_ID_456092 (10533bp)
Top Length: 10533  Top ID: 97.83
		Marking as insignificant: 4310693 4310873 | 8285 8105 | 181 181 | 100.0 | Ecoli_ancestor_Ancestor_ NODE_110_length_10533_cov_70.2915_ID_456092
		Marking as insignificant: 3165847 3167081 | 7051 8285 | 1235 1235 | 99.35 | Ecoli_ancestor_Ancestor_ NODE_110_length_10533_cov_70.2915_ID_456092
		Marking as insignificant: 82108 83345 | 7048 8285 | 1238 1238 | 99.6 | Ecoli_ancestor_Ancestor_ NODE_110_length_10533_cov_70.2915_ID_456092
		One align captures most of this contig: 4316795 4327327 | 10533 1 | 10533 10533 | 97.83 | Ecoli_ancestor_Ancestor_ NODE_110_length_10533_cov_70.2915_ID_456092

CONTIG: NODE_115_length_8218_cov_51.8162_ID_506936 (8218bp)
Top Length: 8218  Top ID: 99.17
		One align captures most of this contig: 236048 244265 | 1 8218 | 8218 8218 | 99.17 | Ecoli_ancestor_Ancestor_ NODE_115_length_8218_cov_51.8162_ID_506936

CONTIG: NODE_116_length_8096_cov_57.2199_ID_493630 (8096bp)
Top Length: 8096  Top ID: 99.49
		Marking as insignificant: 4009064 4009145 | 1 82 | 82 82 | 98.78 | Ecoli_ancestor_Ancestor_ NODE_116_length_8096_cov_57.2199_ID_493630
		Marking as insignificant: 3128773 3129203 | 431 1 | 431 431 | 96.52 | Ecoli_ancestor_Ancestor_ NODE_116_length_8096_cov_57.2199_ID_493630
		Marking as insignificant: 4009442 4010521 | 1182 2261 | 1080 1080 | 97.04 | Ecoli_ancestor_Ancestor_ NODE_116_length_8096_cov_57.2199_ID_493630
		One align captures most of this contig: 2948051 2956146 | 8096 1 | 8096 8096 | 99.49 | Ecoli_ancestor_Ancestor_ NODE_116_length_8096_cov_57.2199_ID_493630

CONTIG: NODE_117_length_7321_cov_53.6499_ID_510288 (7321bp)
Top Length: 7321  Top ID: 99.26
		One align captures most of this contig: 74871 82191 | 1 7321 | 7321 7321 | 99.26 | Ecoli_ancestor_Ancestor_ NODE_117_length_7321_cov_53.6499_ID_510288

CONTIG: NODE_118_length_7247_cov_50.6614_ID_485176 (7247bp)
Top Length: 7247  Top ID: 98.88
		One align captures most of this contig: 926009 933255 | 1 7247 | 7247 7247 | 98.88 | Ecoli_ancestor_Ancestor_ NODE_118_length_7247_cov_50.6614_ID_485176

CONTIG: NODE_119_length_7131_cov_52.3595_ID_475449 (7131bp)
Top Length: 7131  Top ID: 99.27
		One align captures most of this contig: 4320197 4327327 | 1 7131 | 7131 7131 | 99.27 | Ecoli_ancestor_Ancestor_ NODE_119_length_7131_cov_52.3595_ID_475449

CONTIG: NODE_120_length_6131_cov_56.0994_ID_510218 (6131bp)
Top Length: 6131  Top ID: 98.71
		One align captures most of this contig: 2941975 2948105 | 1 6131 | 6131 6131 | 98.71 | Ecoli_ancestor_Ancestor_ NODE_120_length_6131_cov_56.0994_ID_510218

CONTIG: NODE_121_length_6022_cov_58.1109_ID_458138 (6022bp)
Top Length: 6022  Top ID: 99.04
		Marking as insignificant: 4012308 4012677 | 4583 4952 | 370 370 | 96.49 | Ecoli_ancestor_Ancestor_ NODE_121_length_6022_cov_58.1109_ID_458138
		One align captures most of this contig: 3118695 3124716 | 6022 1 | 6022 6022 | 99.04 | Ecoli_ancestor_Ancestor_ NODE_121_length_6022_cov_58.1109_ID_458138

CONTIG: NODE_122_length_5865_cov_64.8959_ID_510216 (5865bp)
Top Length: 5865  Top ID: 98.47
		One align captures most of this contig: 4293593 4299457 | 5865 1 | 5865 5865 | 98.47 | Ecoli_ancestor_Ancestor_ NODE_122_length_5865_cov_64.8959_ID_510216

CONTIG: NODE_123_length_5620_cov_61.8509_ID_510246 (5620bp)
Top Length: 5620  Top ID: 98.29
		Marking as insignificant: 4315655 4315763 | 109 1 | 109 109 | 98.17 | Ecoli_ancestor_Ancestor_ NODE_123_length_5620_cov_61.8509_ID_510246
		Marking as insignificant: 2300687 2300799 | 113 1 | 113 113 | 98.23 | Ecoli_ancestor_Ancestor_ NODE_123_length_5620_cov_61.8509_ID_510246
		Marking as insignificant: 3291197 3291308 | 1 112 | 112 112 | 99.11 | Ecoli_ancestor_Ancestor_ NODE_123_length_5620_cov_61.8509_ID_510246
		Marking as insignificant: 3194652 3194763 | 1 112 | 112 112 | 99.11 | Ecoli_ancestor_Ancestor_ NODE_123_length_5620_cov_61.8509_ID_510246
		Marking as insignificant: 4015016 4015127 | 112 1 | 112 112 | 100.0 | Ecoli_ancestor_Ancestor_ NODE_123_length_5620_cov_61.8509_ID_510246
		Marking as insignificant: 3901756 3901867 | 112 1 | 112 112 | 100.0 | Ecoli_ancestor_Ancestor_ NODE_123_length_5620_cov_61.8509_ID_510246
		Marking as insignificant: 1224051 1224162 | 112 1 | 112 112 | 100.0 | Ecoli_ancestor_Ancestor_ NODE_123_length_5620_cov_61.8509_ID_510246
		Marking as insignificant: 937571 937682 | 112 1 | 112 112 | 100.0 | Ecoli_ancestor_Ancestor_ NODE_123_length_5620_cov_61.8509_ID_510246
		Marking as insignificant: 2487856 2487969 | 114 1 | 114 114 | 100.0 | Ecoli_ancestor_Ancestor_ NODE_123_length_5620_cov_61.8509_ID_510246
		One align captures most of this contig: 1460550 1466169 | 1 5620 | 5620 5620 | 98.29 | Ecoli_ancestor_Ancestor_ NODE_123_length_5620_cov_61.8509_ID_510246

CONTIG: NODE_126_length_4892_cov_56.9229_ID_510242 (4892bp)
Top Length: 4892  Top ID: 97.83
		One align captures most of this contig: 4356962 4361853 | 4892 1 | 4892 4892 | 97.83 | Ecoli_ancestor_Ancestor_ NODE_126_length_4892_cov_56.9229_ID_510242

CONTIG: NODE_127_length_4855_cov_53.2585_ID_510280 (4855bp)
Top Length: 4855  Top ID: 99.42
		One align captures most of this contig: 3285311 3290165 | 4855 1 | 4855 4855 | 99.42 | Ecoli_ancestor_Ancestor_ NODE_127_length_4855_cov_53.2585_ID_510280

CONTIG: NODE_128_length_4423_cov_59.8365_ID_520829 (4423bp)
Top Length: 4423  Top ID: 99.05
		Marking as insignificant: 4009064 4009145 | 1 82 | 82 82 | 98.78 | Ecoli_ancestor_Ancestor_ NODE_128_length_4423_cov_59.8365_ID_520829
		Marking as insignificant: 2955716 2956146 | 431 1 | 431 431 | 96.52 | Ecoli_ancestor_Ancestor_ NODE_128_length_4423_cov_59.8365_ID_520829
		One align captures most of this contig: 3124781 3129203 | 4423 1 | 4423 4423 | 99.05 | Ecoli_ancestor_Ancestor_ NODE_128_length_4423_cov_59.8365_ID_520829

CONTIG: NODE_129_length_4389_cov_55.8449_ID_509381 (4389bp)
Top Length: 4389  Top ID: 98.59
		One align captures most of this contig: 3865193 3869581 | 4389 1 | 4389 4389 | 98.59 | Ecoli_ancestor_Ancestor_ NODE_129_length_4389_cov_55.8449_ID_509381

CONTIG: NODE_130_length_4280_cov_60.2724_ID_510282 (4280bp)
Top Length: 4280  Top ID: 98.95
		One align captures most of this contig: 1225194 1229473 | 4280 1 | 4280 4280 | 98.95 | Ecoli_ancestor_Ancestor_ NODE_130_length_4280_cov_60.2724_ID_510282

CONTIG: NODE_132_length_3975_cov_64.102_ID_510232 (3975bp)
Top Length: 3975  Top ID: 98.82
		One align captures most of this contig: 1455544 1459518 | 3975 1 | 3975 3975 | 98.82 | Ecoli_ancestor_Ancestor_ NODE_132_length_3975_cov_64.102_ID_510232

CONTIG: NODE_133_length_3921_cov_60.6446_ID_520833 (3921bp)
Top Length: 3921  Top ID: 98.6
		One align captures most of this contig: 3496505 3500425 | 3921 1 | 3921 3921 | 98.6 | Ecoli_ancestor_Ancestor_ NODE_133_length_3921_cov_60.6446_ID_520833

CONTIG: NODE_136_length_3567_cov_63.3915_ID_510220 (3567bp)
Top Length: 3567  Top ID: 99.16
		One align captures most of this contig: 374128 377694 | 3567 1 | 3567 3567 | 99.16 | Ecoli_ancestor_Ancestor_ NODE_136_length_3567_cov_63.3915_ID_510220

CONTIG: NODE_138_length_3369_cov_362.852_ID_457261 (3369bp)
Top Length: 3369  Top ID: 99.35
		Marking as insignificant: 1167256 1167386 | 3114 3244 | 131 131 | 97.71 | Ecoli_ancestor_Ancestor_ NODE_138_length_3369_cov_362.852_ID_457261
		Marking as insignificant: 1861507 1864742 | 1 3246 | 3236 3246 | 98.8 | Ecoli_ancestor_Ancestor_ NODE_138_length_3369_cov_362.852_ID_457261
		Marking as insignificant: 1163908 1167146 | 1 3249 | 3239 3249 | 98.89 | Ecoli_ancestor_Ancestor_ NODE_138_length_3369_cov_362.852_ID_457261
		Marking as insignificant: 419043 422285 | 3244 1 | 3243 3244 | 99.29 | Ecoli_ancestor_Ancestor_ NODE_138_length_3369_cov_362.852_ID_457261
		Marking as insignificant: 377638 380883 | 3246 1 | 3246 3246 | 99.32 | Ecoli_ancestor_Ancestor_ NODE_138_length_3369_cov_362.852_ID_457261
		Marking as insignificant: 550163 553407 | 3244 1 | 3245 3244 | 99.51 | Ecoli_ancestor_Ancestor_ NODE_138_length_3369_cov_362.852_ID_457261
		This contig has 2 significant alignments. [An ambiguously mapped contig]
		Using only first of these alignment (option --ambiguity-usage is set to "one"):
		Alignment: 4361799 4365167 | 3369 1 | 3369 3369 | 99.35 | Ecoli_ancestor_Ancestor_ NODE_138_length_3369_cov_362.852_ID_457261
		Skipping alignment  643855 647222 | 3369 1 | 3368 3369 | 99.2 | Ecoli_ancestor_Ancestor_ NODE_138_length_3369_cov_362.852_ID_457261

CONTIG: NODE_141_length_3098_cov_59.6313_ID_510104 (3098bp)
Top Length: 3098  Top ID: 98.71
		One align captures most of this contig: 3015873 3018970 | 1 3098 | 3098 3098 | 98.71 | Ecoli_ancestor_Ancestor_ NODE_141_length_3098_cov_59.6313_ID_510104

CONTIG: NODE_142_length_2663_cov_57.6215_ID_510268 (2663bp)
Top Length: 2663  Top ID: 98.42
		One align captures most of this contig: 195205 197867 | 2663 1 | 2663 2663 | 98.42 | Ecoli_ancestor_Ancestor_ NODE_142_length_2663_cov_57.6215_ID_510268

CONTIG: NODE_144_length_2456_cov_68.6018_ID_510252 (2456bp)
Top Length: 2456  Top ID: 98.49
		Marking as insignificant: 4367125 4367271 | 2456 2308 | 147 149 | 98.66 | Ecoli_ancestor_Ancestor_ NODE_144_length_2456_cov_68.6018_ID_510252
		One align captures most of this contig: 1159495 1161950 | 1 2456 | 2456 2456 | 98.49 | Ecoli_ancestor_Ancestor_ NODE_144_length_2456_cov_68.6018_ID_510252

CONTIG: NODE_145_length_2436_cov_57.7102_ID_510314 (2436bp)
Top Length: 2436  Top ID: 98.07
		Marking as insignificant: 4537516 4537597 | 1 82 | 82 82 | 96.34 | Ecoli_ancestor_Ancestor_ NODE_145_length_2436_cov_57.7102_ID_510314
		Marking as insignificant: 2075177 2075257 | 81 1 | 81 81 | 97.56 | Ecoli_ancestor_Ancestor_ NODE_145_length_2436_cov_57.7102_ID_510314
		One align captures most of this contig: 3979088 3981523 | 2436 1 | 2436 2436 | 98.07 | Ecoli_ancestor_Ancestor_ NODE_145_length_2436_cov_57.7102_ID_510314

CONTIG: NODE_148_length_2364_cov_63.5206_ID_510250 (2364bp)
Top Length: 2364  Top ID: 98.82
		One align captures most of this contig: 292064 294427 | 1 2364 | 2364 2364 | 98.82 | Ecoli_ancestor_Ancestor_ NODE_148_length_2364_cov_63.5206_ID_510250

CONTIG: NODE_149_length_2228_cov_67.6585_ID_510302 (2228bp)
Top Length: 2228  Top ID: 98.88
		Marking as insignificant: 1161802 1161950 | 147 1 | 149 147 | 97.99 | Ecoli_ancestor_Ancestor_ NODE_149_length_2228_cov_67.6585_ID_510302
		Marking as insignificant: 4367125 4367339 | 1 215 | 215 215 | 100.0 | Ecoli_ancestor_Ancestor_ NODE_149_length_2228_cov_67.6585_ID_510302
		One align captures most of this contig: 382749 384974 | 1 2228 | 2226 2228 | 98.88 | Ecoli_ancestor_Ancestor_ NODE_149_length_2228_cov_67.6585_ID_510302

CONTIG: NODE_152_length_2146_cov_181.513_ID_520835 (2146bp)
Top Length: 2146  Top ID: 98.65
		Marking as insignificant: 969538 971613 | 2146 71 | 2076 2076 | 98.7 | Ecoli_ancestor_Ancestor_ NODE_152_length_2146_cov_181.513_ID_520835
		This contig has 2 significant alignments. [An ambiguously mapped contig]
		Using only first of these alignment (option --ambiguity-usage is set to "one"):
		Alignment: 3859147 3861292 | 2146 1 | 2146 2146 | 98.65 | Ecoli_ancestor_Ancestor_ NODE_152_length_2146_cov_181.513_ID_520835
		Skipping alignment  826547 828691 | 2146 1 | 2145 2146 | 98.42 | Ecoli_ancestor_Ancestor_ NODE_152_length_2146_cov_181.513_ID_520835

CONTIG: NODE_153_length_2124_cov_56.8463_ID_510298 (2124bp)
Top Length: 2124  Top ID: 98.12
		One align captures most of this contig: 83292 85415 | 2124 1 | 2124 2124 | 98.12 | Ecoli_ancestor_Ancestor_ NODE_153_length_2124_cov_56.8463_ID_510298

CONTIG: NODE_154_length_2034_cov_50.5821_ID_510324 (2034bp)
Top Length: 2034  Top ID: 98.18
		One align captures most of this contig: 2485969 2488002 | 2034 1 | 2034 2034 | 98.18 | Ecoli_ancestor_Ancestor_ NODE_154_length_2034_cov_50.5821_ID_510324

CONTIG: NODE_155_length_2022_cov_50.4982_ID_510308 (2022bp)
Top Length: 2022  Top ID: 99.6
		One align captures most of this contig: 1004642 1006663 | 2022 1 | 2022 2022 | 99.6 | Ecoli_ancestor_Ancestor_ NODE_155_length_2022_cov_50.4982_ID_510308

CONTIG: NODE_156_length_1976_cov_63.5055_ID_510262 (1976bp)
Top Length: 1976  Top ID: 98.58
		One align captures most of this contig: 1595434 1597409 | 1 1976 | 1976 1976 | 98.58 | Ecoli_ancestor_Ancestor_ NODE_156_length_1976_cov_63.5055_ID_510262

CONTIG: NODE_157_length_1916_cov_358.502_ID_520839 (1916bp)
Top Length: 1916  Top ID: 99.43
		Marking as insignificant: 1161896 1163597 | 215 1916 | 1702 1702 | 98.94 | Ecoli_ancestor_Ancestor_ NODE_157_length_1916_cov_358.502_ID_520839
		Marking as insignificant: 4365478 4367179 | 1916 215 | 1702 1702 | 99.06 | Ecoli_ancestor_Ancestor_ NODE_157_length_1916_cov_358.502_ID_520839
		Marking as insignificant: 381102 382803 | 1916 215 | 1702 1702 | 99.53 | Ecoli_ancestor_Ancestor_ NODE_157_length_1916_cov_358.502_ID_520839
		Marking as insignificant: 1859319 1861202 | 32 1916 | 1884 1885 | 98.68 | Ecoli_ancestor_Ancestor_ NODE_157_length_1916_cov_358.502_ID_520839
		This contig has 3 significant alignments. [An ambiguously mapped contig]
		Using only first of these alignment (option --ambiguity-usage is set to "one"):
		Alignment: 422590 424505 | 1916 1 | 1916 1916 | 99.43 | Ecoli_ancestor_Ancestor_ NODE_157_length_1916_cov_358.502_ID_520839
		Skipping alignment  647441 649356 | 1916 1 | 1916 1916 | 99.32 | Ecoli_ancestor_Ancestor_ NODE_157_length_1916_cov_358.502_ID_520839
		Skipping alignment  553718 555633 | 1916 1 | 1916 1916 | 99.27 | Ecoli_ancestor_Ancestor_ NODE_157_length_1916_cov_358.502_ID_520839

CONTIG: NODE_158_length_1890_cov_63.1215_ID_510254 (1890bp)
Top Length: 1890  Top ID: 98.52
		One align captures most of this contig: 4016159 4018048 | 1 1890 | 1890 1890 | 98.52 | Ecoli_ancestor_Ancestor_ NODE_158_length_1890_cov_63.1215_ID_510254

CONTIG: NODE_160_length_1830_cov_58.2056_ID_509306 (1830bp)
Top Length: 1830  Top ID: 99.18
		One align captures most of this contig: 2521730 2523559 | 1830 1 | 1830 1830 | 99.18 | Ecoli_ancestor_Ancestor_ NODE_160_length_1830_cov_58.2056_ID_509306

CONTIG: NODE_161_length_1795_cov_50.1764_ID_500167 (1795bp)
Top Length: 1795  Top ID: 99.72
		Marking as insignificant: 3164475 3164608 | 1662 1795 | 134 134 | 100.0 | Ecoli_ancestor_Ancestor_ NODE_161_length_1795_cov_50.1764_ID_500167
		Marking as insignificant: 2939256 2939389 | 1662 1795 | 134 134 | 100.0 | Ecoli_ancestor_Ancestor_ NODE_161_length_1795_cov_50.1764_ID_500167
		Marking as insignificant: 91293 91426 | 1662 1795 | 134 134 | 100.0 | Ecoli_ancestor_Ancestor_ NODE_161_length_1795_cov_50.1764_ID_500167
		Marking as insignificant: 1594310 1594445 | 1795 1660 | 136 136 | 99.26 | Ecoli_ancestor_Ancestor_ NODE_161_length_1795_cov_50.1764_ID_500167
		Marking as insignificant: 1403374 1403511 | 1658 1795 | 138 138 | 98.55 | Ecoli_ancestor_Ancestor_ NODE_161_length_1795_cov_50.1764_ID_500167
		One align captures most of this contig: 4206553 4208347 | 1 1795 | 1795 1795 | 99.72 | Ecoli_ancestor_Ancestor_ NODE_161_length_1795_cov_50.1764_ID_500167

CONTIG: NODE_163_length_1670_cov_46.4582_ID_510322 (1670bp)
Top Length: 1670  Top ID: 98.44
		One align captures most of this contig: 4311587 4313256 | 1 1670 | 1670 1670 | 98.44 | Ecoli_ancestor_Ancestor_ NODE_163_length_1670_cov_46.4582_ID_510322

CONTIG: NODE_167_length_1529_cov_56.4634_ID_510358 (1529bp)
Top Length: 1529  Top ID: 99.61
		Marking as insignificant: 1161802 1161950 | 147 1 | 149 147 | 97.99 | Ecoli_ancestor_Ancestor_ NODE_167_length_1529_cov_56.4634_ID_510358
		Marking as insignificant: 382749 382961 | 1 215 | 213 215 | 98.14 | Ecoli_ancestor_Ancestor_ NODE_167_length_1529_cov_56.4634_ID_510358
		One align captures most of this contig: 4367125 4368653 | 1 1529 | 1529 1529 | 99.61 | Ecoli_ancestor_Ancestor_ NODE_167_length_1529_cov_56.4634_ID_510358

CONTIG: NODE_168_length_1460_cov_54.5174_ID_510316 (1460bp)
Top Length: 1460  Top ID: 98.29
		One align captures most of this contig: 4023970 4025429 | 1 1460 | 1460 1460 | 98.29 | Ecoli_ancestor_Ancestor_ NODE_168_length_1460_cov_54.5174_ID_510316

CONTIG: NODE_169_length_1347_cov_129.689_ID_510290 (1347bp)
Top Length: 1347  Top ID: 99.63
		This contig has 2 significant alignments. [An ambiguously mapped contig]
		Using only first of these alignment (option --ambiguity-usage is set to "one"):
		Alignment: 2956196 2957542 | 1 1347 | 1347 1347 | 99.63 | Ecoli_ancestor_Ancestor_ NODE_169_length_1347_cov_129.689_ID_510290
		Skipping alignment  3129253 3130599 | 1 1347 | 1347 1347 | 99.33 | Ecoli_ancestor_Ancestor_ NODE_169_length_1347_cov_129.689_ID_510290

CONTIG: NODE_170_length_1255_cov_301.7_ID_520821 (1255bp)
Top Length: 1255  Top ID: 99.68
		This contig has 5 significant alignments. [An ambiguously mapped contig]
		Using only first of these alignment (option --ambiguity-usage is set to "one"):
		Alignment: 3495305 3496559 | 1 1255 | 1255 1255 | 99.68 | Ecoli_ancestor_Ancestor_ NODE_170_length_1255_cov_301.7_ID_520821
		Skipping alignment  2419376 2420630 | 1255 1 | 1255 1255 | 99.6 | Ecoli_ancestor_Ancestor_ NODE_170_length_1255_cov_301.7_ID_520821
		Skipping alignment  4274321 4275575 | 1255 1 | 1255 1255 | 99.6 | Ecoli_ancestor_Ancestor_ NODE_170_length_1255_cov_301.7_ID_520821
		Skipping alignment  4022770 4024024 | 1255 1 | 1255 1255 | 99.52 | Ecoli_ancestor_Ancestor_ NODE_170_length_1255_cov_301.7_ID_520821
		Skipping alignment  4197841 4199095 | 1 1255 | 1255 1255 | 99.36 | Ecoli_ancestor_Ancestor_ NODE_170_length_1255_cov_301.7_ID_520821

CONTIG: NODE_172_length_1199_cov_557.142_ID_520841 (1199bp)
Top Length: 1199  Top ID: 99.75
		This contig has 11 significant alignments. [An ambiguously mapped contig]
		Using only first of these alignment (option --ambiguity-usage is set to "one"):
		Alignment: 937570 938768 | 1 1199 | 1199 1199 | 99.75 | Ecoli_ancestor_Ancestor_ NODE_172_length_1199_cov_557.142_ID_520841
		Skipping alignment  3901755 3902953 | 1 1199 | 1199 1199 | 99.75 | Ecoli_ancestor_Ancestor_ NODE_172_length_1199_cov_557.142_ID_520841
		Skipping alignment  3193566 3194764 | 1199 1 | 1199 1199 | 99.67 | Ecoli_ancestor_Ancestor_ NODE_172_length_1199_cov_557.142_ID_520841
		Skipping alignment  4015015 4016213 | 1 1199 | 1199 1199 | 99.67 | Ecoli_ancestor_Ancestor_ NODE_172_length_1199_cov_557.142_ID_520841
		Skipping alignment  2487858 2489055 | 2 1199 | 1198 1198 | 99.67 | Ecoli_ancestor_Ancestor_ NODE_172_length_1199_cov_557.142_ID_520841
		Skipping alignment  3290111 3291309 | 1199 1 | 1199 1199 | 99.58 | Ecoli_ancestor_Ancestor_ NODE_172_length_1199_cov_557.142_ID_520841
		Skipping alignment  1224050 1225248 | 1 1199 | 1199 1199 | 99.5 | Ecoli_ancestor_Ancestor_ NODE_172_length_1199_cov_557.142_ID_520841
		Skipping alignment  1459464 1460661 | 1199 2 | 1198 1198 | 99.5 | Ecoli_ancestor_Ancestor_ NODE_172_length_1199_cov_557.142_ID_520841
		Skipping alignment  2300691 2301885 | 5 1199 | 1195 1195 | 99.67 | Ecoli_ancestor_Ancestor_ NODE_172_length_1199_cov_557.142_ID_520841
		Skipping alignment  4315655 4316849 | 5 1199 | 1195 1195 | 99.58 | Ecoli_ancestor_Ancestor_ NODE_172_length_1199_cov_557.142_ID_520841
		Skipping alignment  2523447 2524645 | 1 1199 | 1199 1199 | 99.17 | Ecoli_ancestor_Ancestor_ NODE_172_length_1199_cov_557.142_ID_520841

CONTIG: NODE_173_length_1179_cov_70.4057_ID_505301 (1179bp)
Top Length: 1179  Top ID: 100.0
		Marking as insignificant: 3164475 3164608 | 134 1 | 134 134 | 99.25 | Ecoli_ancestor_Ancestor_ NODE_173_length_1179_cov_70.4057_ID_505301
		Marking as insignificant: 2939256 2939389 | 134 1 | 134 134 | 99.25 | Ecoli_ancestor_Ancestor_ NODE_173_length_1179_cov_70.4057_ID_505301
		Marking as insignificant: 1403378 1403511 | 134 1 | 134 134 | 99.25 | Ecoli_ancestor_Ancestor_ NODE_173_length_1179_cov_70.4057_ID_505301
		Marking as insignificant: 91293 91426 | 134 1 | 134 134 | 99.25 | Ecoli_ancestor_Ancestor_ NODE_173_length_1179_cov_70.4057_ID_505301
		Marking as insignificant: 4208212 4208347 | 136 1 | 136 136 | 99.26 | Ecoli_ancestor_Ancestor_ NODE_173_length_1179_cov_70.4057_ID_505301
		One align captures most of this contig: 1594310 1595488 | 1 1179 | 1179 1179 | 100.0 | Ecoli_ancestor_Ancestor_ NODE_173_length_1179_cov_70.4057_ID_505301

CONTIG: NODE_174_length_1102_cov_36.6571_ID_503909 (1102bp)
Top Length: 1102  Top ID: 100.0
		One align captures most of this contig: 3493786 3494887 | 1 1102 | 1102 1102 | 100.0 | Ecoli_ancestor_Ancestor_ NODE_174_length_1102_cov_36.6571_ID_503909

CONTIG: NODE_175_length_1071_cov_81.5059_ID_510238 (1071bp)
Top Length: 1071  Top ID: 99.81
		Marking as insignificant: 2939256 2939389 | 134 1 | 134 134 | 99.25 | Ecoli_ancestor_Ancestor_ NODE_175_length_1071_cov_81.5059_ID_510238
		Marking as insignificant: 1594310 1594443 | 1 134 | 134 134 | 99.25 | Ecoli_ancestor_Ancestor_ NODE_175_length_1071_cov_81.5059_ID_510238
		Marking as insignificant: 91293 91426 | 134 1 | 134 134 | 99.25 | Ecoli_ancestor_Ancestor_ NODE_175_length_1071_cov_81.5059_ID_510238
		Marking as insignificant: 3164474 3164608 | 135 1 | 135 135 | 99.26 | Ecoli_ancestor_Ancestor_ NODE_175_length_1071_cov_81.5059_ID_510238
		Marking as insignificant: 4208210 4208347 | 138 1 | 138 138 | 98.55 | Ecoli_ancestor_Ancestor_ NODE_175_length_1071_cov_81.5059_ID_510238
		One align captures most of this contig: 1402441 1403511 | 1071 1 | 1071 1071 | 99.81 | Ecoli_ancestor_Ancestor_ NODE_175_length_1071_cov_81.5059_ID_510238

CONTIG: NODE_185_length_863_cov_29.8045_ID_491329 (863bp)
Top Length: 863  Top ID: 100.0
		One align captures most of this contig: 4017994 4018856 | 1 863 | 863 863 | 100.0 | Ecoli_ancestor_Ancestor_ NODE_185_length_863_cov_29.8045_ID_491329

CONTIG: NODE_186_length_852_cov_63.7428_ID_520899 (852bp)
Top Length: 852  Top ID: 99.53
		One align captures most of this contig: 556815 557666 | 852 1 | 852 852 | 99.53 | Ecoli_ancestor_Ancestor_ NODE_186_length_852_cov_63.7428_ID_520899

CONTIG: NODE_190_length_718_cov_405.1_ID_520809 (718bp)
Top Length: 718  Top ID: 99.3
		This contig has 7 significant alignments. [An ambiguously mapped contig]
		Using only first of these alignment (option --ambiguity-usage is set to "one"):
		Alignment: 1006609 1007326 | 718 1 | 718 718 | 99.3 | Ecoli_ancestor_Ancestor_ NODE_190_length_718_cov_405.1_ID_520809
		Skipping alignment  3540259 3540976 | 718 1 | 718 718 | 99.16 | Ecoli_ancestor_Ancestor_ NODE_190_length_718_cov_405.1_ID_520809
		Skipping alignment  4310924 4311641 | 1 718 | 718 718 | 99.16 | Ecoli_ancestor_Ancestor_ NODE_190_length_718_cov_405.1_ID_520809
		Skipping alignment  4299453 4300170 | 1 718 | 718 718 | 99.03 | Ecoli_ancestor_Ancestor_ NODE_190_length_718_cov_405.1_ID_520809
		Skipping alignment  4332179 4332896 | 1 718 | 718 718 | 99.03 | Ecoli_ancestor_Ancestor_ NODE_190_length_718_cov_405.1_ID_520809
		Skipping alignment  2605232 2605949 | 718 1 | 718 718 | 98.89 | Ecoli_ancestor_Ancestor_ NODE_190_length_718_cov_405.1_ID_520809
		Skipping alignment  4540651 4541368 | 718 1 | 718 718 | 98.47 | Ecoli_ancestor_Ancestor_ NODE_190_length_718_cov_405.1_ID_520809

CONTIG: NODE_192_length_700_cov_37.6341_ID_510460 (700bp)
Top Length: 700  Top ID: 100.0
		One align captures most of this contig: 1158850 1159549 | 1 700 | 700 700 | 100.0 | Ecoli_ancestor_Ancestor_ NODE_192_length_700_cov_37.6341_ID_510460

CONTIG: NODE_195_length_687_cov_33.337_ID_511628 (687bp)
Top Length: 687  Top ID: 100.0
		One align captures most of this contig: 813987 814673 | 687 1 | 687 687 | 100.0 | Ecoli_ancestor_Ancestor_ NODE_195_length_687_cov_33.337_ID_511628

CONTIG: NODE_199_length_676_cov_32.6892_ID_510862 (676bp)
Top Length: 676  Top ID: 100.0
		One align captures most of this contig: 1218830 1219505 | 1 676 | 676 676 | 100.0 | Ecoli_ancestor_Ancestor_ NODE_199_length_676_cov_32.6892_ID_510862

CONTIG: NODE_200_length_671_cov_89.4351_ID_510348 (671bp)
Top Length: 671  Top ID: 99.55
		Marking as insignificant: 418839 419097 | 413 671 | 259 259 | 100.0 | Ecoli_ancestor_Ancestor_ NODE_200_length_671_cov_89.4351_ID_510348
		One align captures most of this contig: 549547 550217 | 1 671 | 671 671 | 99.55 | Ecoli_ancestor_Ancestor_ NODE_200_length_671_cov_89.4351_ID_510348

CONTIG: NODE_202_length_666_cov_39.9525_ID_510510 (666bp)
Top Length: 666  Top ID: 100.0
		One align captures most of this contig: 3490585 3491250 | 1 666 | 666 666 | 100.0 | Ecoli_ancestor_Ancestor_ NODE_202_length_666_cov_39.9525_ID_510510

CONTIG: NODE_205_length_654_cov_33.7396_ID_504083 (654bp)
Top Length: 654  Top ID: 100.0
		One align captures most of this contig: 4313202 4313855 | 1 654 | 654 654 | 100.0 | Ecoli_ancestor_Ancestor_ NODE_205_length_654_cov_33.7396_ID_504083

CONTIG: NODE_209_length_627_cov_354.918_ID_520815 (627bp)
Top Length: 627  Top ID: 100.0
		This contig has 7 significant alignments. [An ambiguously mapped contig]
		Using only first of these alignment (option --ambiguity-usage is set to "one"):
		Alignment: 1403457 1404083 | 1 627 | 627 627 | 100.0 | Ecoli_ancestor_Ancestor_ NODE_209_length_627_cov_354.918_ID_520815
		Skipping alignment  3164554 3165180 | 1 627 | 627 627 | 99.84 | Ecoli_ancestor_Ancestor_ NODE_209_length_627_cov_354.918_ID_520815
		Skipping alignment  91372 91998 | 1 627 | 627 627 | 99.68 | Ecoli_ancestor_Ancestor_ NODE_209_length_627_cov_354.918_ID_520815
		Skipping alignment  1593738 1594364 | 627 1 | 627 627 | 99.68 | Ecoli_ancestor_Ancestor_ NODE_209_length_627_cov_354.918_ID_520815
		Skipping alignment  2939335 2939961 | 1 627 | 627 627 | 99.68 | Ecoli_ancestor_Ancestor_ NODE_209_length_627_cov_354.918_ID_520815
		Skipping alignment  4208293 4208919 | 1 627 | 627 627 | 99.68 | Ecoli_ancestor_Ancestor_ NODE_209_length_627_cov_354.918_ID_520815
		Skipping alignment  2521158 2521784 | 627 1 | 627 627 | 99.2 | Ecoli_ancestor_Ancestor_ NODE_209_length_627_cov_354.918_ID_520815

CONTIG: NODE_212_length_604_cov_33.2459_ID_520901 (604bp)
Top Length: 604  Top ID: 100.0
		One align captures most of this contig: 4014432 4015035 | 604 1 | 604 604 | 100.0 | Ecoli_ancestor_Ancestor_ NODE_212_length_604_cov_33.2459_ID_520901

CONTIG: NODE_215_length_599_cov_31.9596_ID_511160 (599bp)
Top Length: 599  Top ID: 100.0
		One align captures most of this contig: 1012597 1013195 | 1 599 | 599 599 | 100.0 | Ecoli_ancestor_Ancestor_ NODE_215_length_599_cov_31.9596_ID_511160

CONTIG: NODE_217_length_590_cov_31.7421_ID_510566 (590bp)
Top Length: 590  Top ID: 100.0
		One align captures most of this contig: 4640886 4641475 | 590 1 | 590 590 | 100.0 | Ecoli_ancestor_Ancestor_ NODE_217_length_590_cov_31.7421_ID_510566

CONTIG: NODE_219_length_572_cov_28.2147_ID_511610 (572bp)
Top Length: 572  Top ID: 100.0
		One align captures most of this contig: 815694 816265 | 1 572 | 572 572 | 100.0 | Ecoli_ancestor_Ancestor_ NODE_219_length_572_cov_28.2147_ID_511610

CONTIG: NODE_223_length_563_cov_34.4803_ID_511464 (563bp)
Top Length: 563  Top ID: 100.0
		One align captures most of this contig: 291556 292118 | 563 1 | 563 563 | 100.0 | Ecoli_ancestor_Ancestor_ NODE_223_length_563_cov_34.4803_ID_511464

CONTIG: NODE_225_length_557_cov_37.4442_ID_520923 (557bp)
Top Length: 557  Top ID: 100.0
		One align captures most of this contig: 3500371 3500927 | 1 557 | 557 557 | 100.0 | Ecoli_ancestor_Ancestor_ NODE_225_length_557_cov_37.4442_ID_520923

CONTIG: NODE_227_length_550_cov_31.0222_ID_511226 (550bp)
Top Length: 550  Top ID: 100.0
		One align captures most of this contig: 1013744 1014293 | 1 550 | 550 550 | 100.0 | Ecoli_ancestor_Ancestor_ NODE_227_length_550_cov_31.0222_ID_511226

CONTIG: NODE_228_length_548_cov_35.931_ID_511410 (548bp)
Top Length: 548  Top ID: 100.0
		One align captures most of this contig: 3132428 3132975 | 548 1 | 548 548 | 100.0 | Ecoli_ancestor_Ancestor_ NODE_228_length_548_cov_35.931_ID_511410

CONTIG: NODE_231_length_541_cov_31.6605_ID_520931 (541bp)
Top Length: 541  Top ID: 100.0
		One align captures most of this contig: 3996242 3996782 | 541 1 | 541 541 | 100.0 | Ecoli_ancestor_Ancestor_ NODE_231_length_541_cov_31.6605_ID_520931

CONTIG: NODE_232_length_540_cov_33.9959_ID_510978 (540bp)
Top Length: 540  Top ID: 100.0
		One align captures most of this contig: 814652 815191 | 540 1 | 540 540 | 100.0 | Ecoli_ancestor_Ancestor_ NODE_232_length_540_cov_33.9959_ID_510978

CONTIG: NODE_234_length_533_cov_33.3933_ID_511316 (533bp)
Top Length: 533  Top ID: 100.0
		One align captures most of this contig: 4252145 4252677 | 1 533 | 533 533 | 100.0 | Ecoli_ancestor_Ancestor_ NODE_234_length_533_cov_33.3933_ID_511316

CONTIG: NODE_236_length_527_cov_61.5148_ID_510338 (527bp)
Top Length: 527  Top ID: 98.48
		One align captures most of this contig: 3494833 3495359 | 1 527 | 527 527 | 98.48 | Ecoli_ancestor_Ancestor_ NODE_236_length_527_cov_61.5148_ID_510338

CONTIG: NODE_238_length_525_cov_578.934_ID_520817 (525bp)
Top Length: 525  Top ID: 100.0
		This contig has 11 significant alignments. [An ambiguously mapped contig]
		Using only first of these alignment (option --ambiguity-usage is set to "one"):
		Alignment: 2523505 2524029 | 525 1 | 525 525 | 100.0 | Ecoli_ancestor_Ancestor_ NODE_238_length_525_cov_578.934_ID_520817
		Skipping alignment  4015073 4015597 | 525 1 | 525 525 | 100.0 | Ecoli_ancestor_Ancestor_ NODE_238_length_525_cov_578.934_ID_520817
		Skipping alignment  937628 938152 | 525 1 | 525 525 | 99.81 | Ecoli_ancestor_Ancestor_ NODE_238_length_525_cov_578.934_ID_520817
		Skipping alignment  3901813 3902337 | 525 1 | 525 525 | 99.81 | Ecoli_ancestor_Ancestor_ NODE_238_length_525_cov_578.934_ID_520817
		Skipping alignment  2300745 2301269 | 525 1 | 525 525 | 99.62 | Ecoli_ancestor_Ancestor_ NODE_238_length_525_cov_578.934_ID_520817
		Skipping alignment  2487915 2488439 | 525 1 | 525 525 | 99.62 | Ecoli_ancestor_Ancestor_ NODE_238_length_525_cov_578.934_ID_520817
		Skipping alignment  3194182 3194706 | 1 525 | 525 525 | 99.62 | Ecoli_ancestor_Ancestor_ NODE_238_length_525_cov_578.934_ID_520817
		Skipping alignment  1224108 1224632 | 525 1 | 525 525 | 99.43 | Ecoli_ancestor_Ancestor_ NODE_238_length_525_cov_578.934_ID_520817
		Skipping alignment  1460080 1460604 | 1 525 | 525 525 | 99.43 | Ecoli_ancestor_Ancestor_ NODE_238_length_525_cov_578.934_ID_520817
		Skipping alignment  3290727 3291251 | 1 525 | 525 525 | 99.43 | Ecoli_ancestor_Ancestor_ NODE_238_length_525_cov_578.934_ID_520817
		Skipping alignment  4315709 4316233 | 525 1 | 525 525 | 99.43 | Ecoli_ancestor_Ancestor_ NODE_238_length_525_cov_578.934_ID_520817

CONTIG: NODE_240_length_513_cov_316.002_ID_520845 (513bp)
Top Length: 513  Top ID: 100.0
		This contig has 6 significant alignments. [An ambiguously mapped contig]
		Using only first of these alignment (option --ambiguity-usage is set to "one"):
		Alignment: 1404029 1404541 | 513 1 | 513 513 | 100.0 | Ecoli_ancestor_Ancestor_ NODE_240_length_513_cov_316.002_ID_520845
		Skipping alignment  3165126 3165638 | 513 1 | 513 513 | 99.81 | Ecoli_ancestor_Ancestor_ NODE_240_length_513_cov_316.002_ID_520845
		Skipping alignment  91944 92456 | 513 1 | 513 513 | 99.61 | Ecoli_ancestor_Ancestor_ NODE_240_length_513_cov_316.002_ID_520845
		Skipping alignment  1593280 1593792 | 1 513 | 513 513 | 99.61 | Ecoli_ancestor_Ancestor_ NODE_240_length_513_cov_316.002_ID_520845
		Skipping alignment  2520700 2521212 | 1 513 | 513 513 | 99.61 | Ecoli_ancestor_Ancestor_ NODE_240_length_513_cov_316.002_ID_520845
		Skipping alignment  4208865 4209377 | 513 1 | 513 513 | 99.42 | Ecoli_ancestor_Ancestor_ NODE_240_length_513_cov_316.002_ID_520845

CONTIG: NODE_241_length_501_cov_30.5067_ID_520877 (501bp)
Top Length: 501  Top ID: 100.0
		One align captures most of this contig: 3502283 3502783 | 501 1 | 501 501 | 100.0 | Ecoli_ancestor_Ancestor_ NODE_241_length_501_cov_30.5067_ID_520877

CONTIG: NODE_242_length_500_cov_33.7775_ID_510768 (500bp)
Top Length: 500  Top ID: 100.0
		One align captures most of this contig: 3163690 3164189 | 500 1 | 500 500 | 100.0 | Ecoli_ancestor_Ancestor_ NODE_242_length_500_cov_33.7775_ID_510768

Analyzing coverage...
Writing SNPs into /net/metagenomics/projects/afritz_assemblies/Similarity_Experiment/Ecoli_OneTree/metaquast_consensus_spades/Ecoli_0965/runs_per_reference/Ecoli_ancestor/contigs_reports/nucmer_output/scaffolds.used_snps
	Reference Ecoli_ancestor_Ancestor_: 132 total alignments. 1 total regions.
		Region: 1 to 4641652 (4641652 bp)
			Align 1: 1 74925 NODE_39_length_74925_cov_57.0305_ID_396655 74925 1
				Negative gap (overlap) between this and next alignment: 74925 to 74871 (-54 bp)
				Next Alignment: 74871 82191 NODE_117_length_7321_cov_53.6499_ID_510288 1 7321

			Previous gap was negative, modifying coordinates to ignore overlap
				Moving contig start from 1 to 56.
			Align 2: 74926 82191 NODE_117_length_7321_cov_53.6499_ID_510288 56 7321
				Gap between this and next alignment: 82191 to 83292 (1100 bp)
				Next Alignment: 83292 85415 NODE_153_length_2124_cov_56.8463_ID_510298 2124 1

			Align 3: 83292 85415 NODE_153_length_2124_cov_56.8463_ID_510298 2124 1
				Gap between this and next alignment: 85415 to 92569 (7153 bp)
				Next Alignment: 92569 195259 NODE_21_length_102691_cov_56.866_ID_395610 102691 1

			Align 4: 92569 195259 NODE_21_length_102691_cov_56.866_ID_395610 102691 1
				Negative gap (overlap) between this and next alignment: 195259 to 195205 (-54 bp)
				Next Alignment: 195205 197867 NODE_142_length_2663_cov_57.6215_ID_510268 2663 1

			Previous gap was negative, modifying coordinates to ignore overlap
				Moving contig start from 2663 to 2608.
			Align 5: 195260 197867 NODE_142_length_2663_cov_57.6215_ID_510268 2608 1
				Negative gap (overlap) between this and next alignment: 197867 to 197813 (-54 bp)
				Next Alignment: 197813 198254 NODE_79_length_28874_cov_52.8666_ID_493988 1 443

			Previous gap was negative, modifying coordinates to ignore overlap
				Moving contig start from 1 to 56.
			Align 6: 197868 198254 NODE_79_length_28874_cov_52.8666_ID_493988 56 443
				Negative gap (overlap) between this and next alignment: 198254 to 198144 (-110 bp)
				Next Alignment: 198144 226573 NODE_79_length_28874_cov_52.8666_ID_493988 444 28874

			Previous gap was negative, modifying coordinates to ignore overlap
				Moving contig start from 444 to 558.
			Align 7: 198255 226573 NODE_79_length_28874_cov_52.8666_ID_493988 558 28874
				Gap between this and next alignment: 226573 to 236048 (9474 bp)
				Next Alignment: 236048 244265 NODE_115_length_8218_cov_51.8162_ID_506936 1 8218

			Align 8: 236048 244265 NODE_115_length_8218_cov_51.8162_ID_506936 1 8218
				Gap between this and next alignment: 244265 to 246451 (2185 bp)
				Next Alignment: 246451 284470 NODE_60_length_38020_cov_53.2431_ID_466420 38020 1

			Align 9: 246451 284470 NODE_60_length_38020_cov_53.2431_ID_466420 38020 1
				Gap between this and next alignment: 284470 to 291556 (7085 bp)
				Next Alignment: 291556 292118 NODE_223_length_563_cov_34.4803_ID_511464 563 1

			Align 10: 291556 292118 NODE_223_length_563_cov_34.4803_ID_511464 563 1
				Negative gap (overlap) between this and next alignment: 292118 to 292064 (-54 bp)
				Next Alignment: 292064 294427 NODE_148_length_2364_cov_63.5206_ID_510250 1 2364

			Previous gap was negative, modifying coordinates to ignore overlap
				Moving contig start from 1 to 56.
			Align 11: 292119 294427 NODE_148_length_2364_cov_63.5206_ID_510250 56 2364
				Gap between this and next alignment: 294427 to 294597 (169 bp)
				Next Alignment: 294597 374182 NODE_35_length_79584_cov_58.0206_ID_449421 79584 1

			Align 12: 294597 374182 NODE_35_length_79584_cov_58.0206_ID_449421 79584 1
				Negative gap (overlap) between this and next alignment: 374182 to 374128 (-54 bp)
				Next Alignment: 374128 377694 NODE_136_length_3567_cov_63.3915_ID_510220 3567 1

			Previous gap was negative, modifying coordinates to ignore overlap
				Moving contig start from 3567 to 3512.
			Align 13: 374183 377694 NODE_136_length_3567_cov_63.3915_ID_510220 3512 1
				Gap between this and next alignment: 377694 to 382749 (5054 bp)
				Next Alignment: 382749 384974 NODE_149_length_2228_cov_67.6585_ID_510302 1 2228

			Align 14: 382749 384974 NODE_149_length_2228_cov_67.6585_ID_510302 1 2228
				Negative gap (overlap) between this and next alignment: 384974 to 384920 (-54 bp)
				Next Alignment: 384920 415706 NODE_75_length_30787_cov_58.5695_ID_504493 1 30787

			Previous gap was negative, modifying coordinates to ignore overlap
				Moving contig start from 1 to 56.
			Align 15: 384975 415706 NODE_75_length_30787_cov_58.5695_ID_504493 56 30787
				Gap between this and next alignment: 415706 to 422590 (6883 bp)
				Next Alignment: 422590 424505 NODE_157_length_1916_cov_358.502_ID_520839 1916 1

			Align 16: 422590 424505 NODE_157_length_1916_cov_358.502_ID_520839 1916 1
				Negative gap (overlap) between this and next alignment: 424505 to 424451 (-54 bp)
				Next Alignment: 424451 549601 NODE_17_length_125151_cov_54.7628_ID_451617 125151 1

			Previous gap was negative, modifying coordinates to ignore overlap
				Moving contig start from 125151 to 125096.
			Align 17: 424506 549601 NODE_17_length_125151_cov_54.7628_ID_451617 125096 1
				Negative gap (overlap) between this and next alignment: 549601 to 549547 (-54 bp)
				Next Alignment: 549547 550217 NODE_200_length_671_cov_89.4351_ID_510348 1 671

			Previous gap was negative, modifying coordinates to ignore overlap
				Moving contig start from 1 to 56.
			Align 18: 549602 550217 NODE_200_length_671_cov_89.4351_ID_510348 56 671
				Gap between this and next alignment: 550217 to 556815 (6597 bp)
				Next Alignment: 556815 557666 NODE_186_length_852_cov_63.7428_ID_520899 852 1

			Align 19: 556815 557666 NODE_186_length_852_cov_63.7428_ID_520899 852 1
				Negative gap (overlap) between this and next alignment: 557666 to 557612 (-54 bp)
				Next Alignment: 557612 643909 NODE_30_length_86298_cov_56.5847_ID_520823 1 86298

			Previous gap was negative, modifying coordinates to ignore overlap
				Moving contig start from 1 to 56.
			Align 20: 557667 643909 NODE_30_length_86298_cov_56.5847_ID_520823 56 86298
				Gap between this and next alignment: 643909 to 649401 (5491 bp)
				Next Alignment: 649401 794468 NODE_14_length_145068_cov_55.6978_ID_411859 1 145068

			Align 21: 649401 794468 NODE_14_length_145068_cov_55.6978_ID_411859 1 145068
				Negative gap (overlap) between this and next alignment: 794468 to 794414 (-54 bp)
				Next Alignment: 794414 825031 NODE_76_length_30618_cov_59.6584_ID_510206 30618 1

			Previous gap was negative, modifying coordinates to ignore overlap
				Moving contig start from 30618 to 30563.
			Align 22: 794469 825031 NODE_76_length_30618_cov_59.6584_ID_510206 30563 1
				The next alignment (813987 814673 NODE_195_length_687_cov_33.337_ID_511628 687 1) is redundant. Skipping.
				The next alignment (814652 815191 NODE_232_length_540_cov_33.9959_ID_510978 540 1) is redundant. Skipping.
				The next alignment (815694 816265 NODE_219_length_572_cov_28.2147_ID_511610 1 572) is redundant. Skipping.
				Gap between this and next alignment: 825031 to 828637 (3605 bp)
				Next Alignment: 828637 908274 NODE_34_length_79638_cov_58.2342_ID_510284 1 79638

			Align 26: 828637 908274 NODE_34_length_79638_cov_58.2342_ID_510284 1 79638
				Gap between this and next alignment: 908274 to 910311 (2036 bp)
				Next Alignment: 910311 922828 NODE_105_length_12518_cov_51.0593_ID_497392 1 12518

			Align 27: 910311 922828 NODE_105_length_12518_cov_51.0593_ID_497392 1 12518
				Gap between this and next alignment: 922828 to 926009 (3180 bp)
				Next Alignment: 926009 933255 NODE_118_length_7247_cov_50.6614_ID_485176 1 7247

			Align 28: 926009 933255 NODE_118_length_7247_cov_50.6614_ID_485176 1 7247
				Gap between this and next alignment: 933255 to 937570 (4314 bp)
				Next Alignment: 937570 938768 NODE_172_length_1199_cov_557.142_ID_520841 1 1199

			Align 29: 937570 938768 NODE_172_length_1199_cov_557.142_ID_520841 1 1199
				Gap between this and next alignment: 938768 to 944522 (5753 bp)
				Next Alignment: 944522 968022 NODE_88_length_23501_cov_57.4375_ID_492523 1 23501

			Align 30: 944522 968022 NODE_88_length_23501_cov_57.4375_ID_492523 1 23501
				Gap between this and next alignment: 968022 to 971405 (3382 bp)
				Next Alignment: 971405 983346 NODE_107_length_11942_cov_56.704_ID_510244 1 11942

			Align 31: 971405 983346 NODE_107_length_11942_cov_56.704_ID_510244 1 11942
				Negative gap (overlap) between this and next alignment: 983346 to 983292 (-54 bp)
				Next Alignment: 983292 1004696 NODE_91_length_21405_cov_53.7247_ID_486265 1 21405

			Previous gap was negative, modifying coordinates to ignore overlap
				Moving contig start from 1 to 56.
			Align 32: 983347 1004696 NODE_91_length_21405_cov_53.7247_ID_486265 56 21405
				Negative gap (overlap) between this and next alignment: 1004696 to 1004642 (-54 bp)
				Next Alignment: 1004642 1006663 NODE_155_length_2022_cov_50.4982_ID_510308 2022 1

			Previous gap was negative, modifying coordinates to ignore overlap
				Moving contig start from 2022 to 1967.
			Align 33: 1004697 1006663 NODE_155_length_2022_cov_50.4982_ID_510308 1967 1
				Negative gap (overlap) between this and next alignment: 1006663 to 1006609 (-54 bp)
				Next Alignment: 1006609 1007326 NODE_190_length_718_cov_405.1_ID_520809 718 1

			Previous gap was negative, modifying coordinates to ignore overlap
				Moving contig start from 718 to 663.
			Align 34: 1006664 1007326 NODE_190_length_718_cov_405.1_ID_520809 663 1
				Gap between this and next alignment: 1007326 to 1012597 (5270 bp)
				Next Alignment: 1012597 1013195 NODE_215_length_599_cov_31.9596_ID_511160 1 599

			Align 35: 1012597 1013195 NODE_215_length_599_cov_31.9596_ID_511160 1 599
				Gap between this and next alignment: 1013195 to 1013744 (548 bp)
				Next Alignment: 1013744 1014293 NODE_227_length_550_cov_31.0222_ID_511226 1 550

			Align 36: 1013744 1014293 NODE_227_length_550_cov_31.0222_ID_511226 1 550
				Gap between this and next alignment: 1014293 to 1017182 (2888 bp)
				Next Alignment: 1017182 1034930 NODE_93_length_17749_cov_51.7297_ID_474781 17749 1

			Align 37: 1017182 1034930 NODE_93_length_17749_cov_51.7297_ID_474781 17749 1
				Gap between this and next alignment: 1034930 to 1042044 (7113 bp)
				Next Alignment: 1042044 1121390 NODE_37_length_79347_cov_57.3451_ID_467752 1 79347

			Align 38: 1042044 1121390 NODE_37_length_79347_cov_57.3451_ID_467752 1 79347
				Gap between this and next alignment: 1121390 to 1125759 (4368 bp)
				Next Alignment: 1125759 1152014 NODE_83_length_26256_cov_54.33_ID_475047 1 26256

			Align 39: 1125759 1152014 NODE_83_length_26256_cov_54.33_ID_475047 1 26256
				Gap between this and next alignment: 1152014 to 1158850 (6835 bp)
				Next Alignment: 1158850 1159549 NODE_192_length_700_cov_37.6341_ID_510460 1 700

			Align 40: 1158850 1159549 NODE_192_length_700_cov_37.6341_ID_510460 1 700
				Negative gap (overlap) between this and next alignment: 1159549 to 1159495 (-54 bp)
				Next Alignment: 1159495 1161950 NODE_144_length_2456_cov_68.6018_ID_510252 1 2456

			Previous gap was negative, modifying coordinates to ignore overlap
				Moving contig start from 1 to 56.
			Align 41: 1159550 1161950 NODE_144_length_2456_cov_68.6018_ID_510252 56 2456
				Gap between this and next alignment: 1161950 to 1167552 (5601 bp)
				Next Alignment: 1167552 1209737 NODE_56_length_42186_cov_56.2399_ID_503137 1 42186

			Align 42: 1167552 1209737 NODE_56_length_42186_cov_56.2399_ID_503137 1 42186
				Gap between this and next alignment: 1209737 to 1218830 (9092 bp)
				Next Alignment: 1218830 1219505 NODE_199_length_676_cov_32.6892_ID_510862 1 676

			Align 43: 1218830 1219505 NODE_199_length_676_cov_32.6892_ID_510862 1 676
				Gap between this and next alignment: 1219505 to 1225194 (5688 bp)
				Next Alignment: 1225194 1229473 NODE_130_length_4280_cov_60.2724_ID_510282 4280 1

			Align 44: 1225194 1229473 NODE_130_length_4280_cov_60.2724_ID_510282 4280 1
				Gap between this and next alignment: 1229473 to 1233071 (3597 bp)
				Next Alignment: 1233071 1302094 NODE_44_length_69024_cov_55.2167_ID_478889 1 69024

			Align 45: 1233071 1302094 NODE_44_length_69024_cov_55.2167_ID_478889 1 69024
				Gap between this and next alignment: 1302094 to 1308597 (6502 bp)
				Next Alignment: 1308597 1402495 NODE_26_length_93899_cov_53.2726_ID_477938 93899 1

			Align 46: 1308597 1402495 NODE_26_length_93899_cov_53.2726_ID_477938 93899 1
				Negative gap (overlap) between this and next alignment: 1402495 to 1402441 (-54 bp)
				Next Alignment: 1402441 1403511 NODE_175_length_1071_cov_81.5059_ID_510238 1071 1

			Previous gap was negative, modifying coordinates to ignore overlap
				Moving contig start from 1071 to 1016.
			Align 47: 1402496 1403511 NODE_175_length_1071_cov_81.5059_ID_510238 1016 1
				Negative gap (overlap) between this and next alignment: 1403511 to 1403457 (-54 bp)
				Next Alignment: 1403457 1404083 NODE_209_length_627_cov_354.918_ID_520815 1 627

			Previous gap was negative, modifying coordinates to ignore overlap
				Moving contig start from 1 to 56.
			Align 48: 1403512 1404083 NODE_209_length_627_cov_354.918_ID_520815 56 627
				Negative gap (overlap) between this and next alignment: 1404083 to 1404029 (-54 bp)
				Next Alignment: 1404029 1404541 NODE_240_length_513_cov_316.002_ID_520845 513 1

			Previous gap was negative, modifying coordinates to ignore overlap
				Moving contig start from 513 to 458.
			Align 49: 1404084 1404541 NODE_240_length_513_cov_316.002_ID_520845 458 1
				Gap between this and next alignment: 1404541 to 1407900 (3358 bp)
				Next Alignment: 1407900 1455598 NODE_55_length_47699_cov_56.834_ID_501161 47699 1

			Align 50: 1407900 1455598 NODE_55_length_47699_cov_56.834_ID_501161 47699 1
				Negative gap (overlap) between this and next alignment: 1455598 to 1455544 (-54 bp)
				Next Alignment: 1455544 1459518 NODE_132_length_3975_cov_64.102_ID_510232 3975 1

			Previous gap was negative, modifying coordinates to ignore overlap
				Moving contig start from 3975 to 3920.
			Align 51: 1455599 1459518 NODE_132_length_3975_cov_64.102_ID_510232 3920 1
				Gap between this and next alignment: 1459518 to 1460550 (1031 bp)
				Next Alignment: 1460550 1466169 NODE_123_length_5620_cov_61.8509_ID_510246 1 5620

			Align 52: 1460550 1466169 NODE_123_length_5620_cov_61.8509_ID_510246 1 5620
				Negative gap (overlap) between this and next alignment: 1466169 to 1466115 (-54 bp)
				Next Alignment: 1466115 1537849 NODE_42_length_71735_cov_53.0586_ID_470070 71735 1

			Previous gap was negative, modifying coordinates to ignore overlap
				Moving contig start from 71735 to 71680.
			Align 53: 1466170 1537849 NODE_42_length_71735_cov_53.0586_ID_470070 71680 1
				Negative gap (overlap) between this and next alignment: 1537849 to 1537795 (-54 bp)
				Next Alignment: 1537795 1550140 NODE_106_length_12346_cov_62.1357_ID_520831 12346 1

			Previous gap was negative, modifying coordinates to ignore overlap
				Moving contig start from 12346 to 12291.
			Align 54: 1537850 1550140 NODE_106_length_12346_cov_62.1357_ID_520831 12291 1
				Gap between this and next alignment: 1550140 to 1560378 (10237 bp)
				Next Alignment: 1560378 1592757 NODE_70_length_32380_cov_55.2651_ID_520827 1 32380

			Align 55: 1560378 1592757 NODE_70_length_32380_cov_55.2651_ID_520827 1 32380
				Gap between this and next alignment: 1592757 to 1594310 (1552 bp)
				Next Alignment: 1594310 1595488 NODE_173_length_1179_cov_70.4057_ID_505301 1 1179

			Align 56: 1594310 1595488 NODE_173_length_1179_cov_70.4057_ID_505301 1 1179
				Negative gap (overlap) between this and next alignment: 1595488 to 1595434 (-54 bp)
				Next Alignment: 1595434 1597409 NODE_156_length_1976_cov_63.5055_ID_510262 1 1976

			Previous gap was negative, modifying coordinates to ignore overlap
				Moving contig start from 1 to 56.
			Align 57: 1595489 1597409 NODE_156_length_1976_cov_63.5055_ID_510262 56 1976
				Gap between this and next alignment: 1597409 to 1601686 (4276 bp)
				Next Alignment: 1601686 1859035 NODE_6_length_257349_cov_54.4674_ID_461120 1 257349

			Align 58: 1601686 1859035 NODE_6_length_257349_cov_54.4674_ID_461120 1 257349
				Gap between this and next alignment: 1859035 to 1866810 (7774 bp)
				Next Alignment: 1866810 2069875 NODE_7_length_207945_cov_55.6326_ID_489042 207945 4878

			Align 59: 1866810 2069875 NODE_7_length_207945_cov_55.6326_ID_489042 207945 4878
				The next alignment (2069634 2069752 NODE_7_length_207945_cov_55.6326_ID_489042 4877 4759) is redundant. Skipping.
				Negative gap (overlap) between this and next alignment: 2069875 to 2069873 (-2 bp)
				Next Alignment: 2069873 2074630 NODE_7_length_207945_cov_55.6326_ID_489042 4758 1

			Previous gap was negative, modifying coordinates to ignore overlap
				Moving contig start from 4758 to 4755.
			Align 61: 2069876 2074630 NODE_7_length_207945_cov_55.6326_ID_489042 4755 1
				Gap between this and next alignment: 2074630 to 2075203 (572 bp)
				Next Alignment: 2075203 2088358 NODE_103_length_13156_cov_71.3142_ID_510228 1 13156

			Align 62: 2075203 2088358 NODE_103_length_13156_cov_71.3142_ID_510228 1 13156
				Negative gap (overlap) between this and next alignment: 2088358 to 2088304 (-54 bp)
				Next Alignment: 2088304 2277289 NODE_9_length_188986_cov_55.9122_ID_520811 1 188986

			Previous gap was negative, modifying coordinates to ignore overlap
				Moving contig start from 1 to 56.
			Align 63: 2088359 2277289 NODE_9_length_188986_cov_55.9122_ID_520811 56 188986
				Negative gap (overlap) between this and next alignment: 2277289 to 2277235 (-54 bp)
				Next Alignment: 2277235 2290567 NODE_102_length_13333_cov_64.7815_ID_448665 1 13333

			Previous gap was negative, modifying coordinates to ignore overlap
				Moving contig start from 1 to 56.
			Align 64: 2277290 2290567 NODE_102_length_13333_cov_64.7815_ID_448665 56 13333
				Gap between this and next alignment: 2290567 to 2301739 (11171 bp)
				Next Alignment: 2301739 2393896 NODE_27_length_92158_cov_55.6142_ID_494923 1 92158

			Align 65: 2301739 2393896 NODE_27_length_92158_cov_55.6142_ID_494923 1 92158
				The next alignment (2303161 2319504 NODE_97_length_16344_cov_53.2228_ID_498352 16344 1) is redundant. Skipping.
				Gap between this and next alignment: 2393896 to 2396562 (2665 bp)
				Next Alignment: 2396562 2410206 NODE_101_length_13645_cov_56.6473_ID_504301 13645 1

			Align 67: 2396562 2410206 NODE_101_length_13645_cov_56.6473_ID_504301 13645 1
				Gap between this and next alignment: 2410206 to 2420901 (10694 bp)
				Next Alignment: 2420901 2486023 NODE_47_length_65123_cov_56.0602_ID_497564 65123 1

			Align 68: 2420901 2486023 NODE_47_length_65123_cov_56.0602_ID_497564 65123 1
				Negative gap (overlap) between this and next alignment: 2486023 to 2485969 (-54 bp)
				Next Alignment: 2485969 2488002 NODE_154_length_2034_cov_50.5821_ID_510324 2034 1

			Previous gap was negative, modifying coordinates to ignore overlap
				Moving contig start from 2034 to 1979.
			Align 69: 2486024 2488002 NODE_154_length_2034_cov_50.5821_ID_510324 1979 1
				Gap between this and next alignment: 2488002 to 2489191 (1188 bp)
				Next Alignment: 2489191 2518407 NODE_77_length_29217_cov_55.1045_ID_405834 29217 1

			Align 70: 2489191 2518407 NODE_77_length_29217_cov_55.1045_ID_405834 29217 1
				Gap between this and next alignment: 2518407 to 2521730 (3322 bp)
				Next Alignment: 2521730 2523559 NODE_160_length_1830_cov_58.2056_ID_509306 1830 1

			Align 71: 2521730 2523559 NODE_160_length_1830_cov_58.2056_ID_509306 1830 1
				Negative gap (overlap) between this and next alignment: 2523559 to 2523505 (-54 bp)
				Next Alignment: 2523505 2524029 NODE_238_length_525_cov_578.934_ID_520817 525 1

			Previous gap was negative, modifying coordinates to ignore overlap
				Moving contig start from 525 to 470.
			Align 72: 2523560 2524029 NODE_238_length_525_cov_578.934_ID_520817 470 1
				Gap between this and next alignment: 2524029 to 2526273 (2243 bp)
				Next Alignment: 2526273 2550947 NODE_85_length_24675_cov_54.2586_ID_499913 1 24675

			Align 73: 2526273 2550947 NODE_85_length_24675_cov_54.2586_ID_499913 1 24675
				Gap between this and next alignment: 2550947 to 2556311 (5363 bp)
				Next Alignment: 2556311 2593836 NODE_61_length_37526_cov_53.2472_ID_468563 37526 1

			Align 74: 2556311 2593836 NODE_61_length_37526_cov_53.2472_ID_468563 37526 1
				Gap between this and next alignment: 2593836 to 2605895 (12058 bp)
				Next Alignment: 2605895 2939389 NODE_1_length_333495_cov_55.2251_ID_479931 1 333495

			Align 75: 2605895 2939389 NODE_1_length_333495_cov_55.2251_ID_479931 1 333495
				Gap between this and next alignment: 2939389 to 2941975 (2585 bp)
				Next Alignment: 2941975 2948105 NODE_120_length_6131_cov_56.0994_ID_510218 1 6131

			Align 76: 2941975 2948105 NODE_120_length_6131_cov_56.0994_ID_510218 1 6131
				Negative gap (overlap) between this and next alignment: 2948105 to 2948051 (-54 bp)
				Next Alignment: 2948051 2956146 NODE_116_length_8096_cov_57.2199_ID_493630 8096 1

			Previous gap was negative, modifying coordinates to ignore overlap
				Moving contig start from 8096 to 8041.
			Align 77: 2948106 2956146 NODE_116_length_8096_cov_57.2199_ID_493630 8041 1
				Gap between this and next alignment: 2956146 to 2956196 (49 bp)
				Next Alignment: 2956196 2957542 NODE_169_length_1347_cov_129.689_ID_510290 1 1347

			Align 78: 2956196 2957542 NODE_169_length_1347_cov_129.689_ID_510290 1 1347
				Gap between this and next alignment: 2957542 to 2959696 (2153 bp)
				Next Alignment: 2959696 3015927 NODE_52_length_56232_cov_55.3797_ID_485332 1 56232

			Align 79: 2959696 3015927 NODE_52_length_56232_cov_55.3797_ID_485332 1 56232
				Negative gap (overlap) between this and next alignment: 3015927 to 3015873 (-54 bp)
				Next Alignment: 3015873 3018970 NODE_141_length_3098_cov_59.6313_ID_510104 1 3098

			Previous gap was negative, modifying coordinates to ignore overlap
				Moving contig start from 1 to 56.
			Align 80: 3015928 3018970 NODE_141_length_3098_cov_59.6313_ID_510104 56 3098
				Gap between this and next alignment: 3018970 to 3020051 (1080 bp)
				Next Alignment: 3020051 3054364 NODE_66_length_34314_cov_55.6382_ID_459921 1 34314

			Align 81: 3020051 3054364 NODE_66_length_34314_cov_55.6382_ID_459921 1 34314
				Gap between this and next alignment: 3054364 to 3118695 (64330 bp)
				Next Alignment: 3118695 3124716 NODE_121_length_6022_cov_58.1109_ID_458138 6022 1

			Align 82: 3118695 3124716 NODE_121_length_6022_cov_58.1109_ID_458138 6022 1
				Gap between this and next alignment: 3124716 to 3124781 (64 bp)
				Next Alignment: 3124781 3129203 NODE_128_length_4423_cov_59.8365_ID_520829 4423 1

			Align 83: 3124781 3129203 NODE_128_length_4423_cov_59.8365_ID_520829 4423 1
				Gap between this and next alignment: 3129203 to 3132428 (3224 bp)
				Next Alignment: 3132428 3132975 NODE_228_length_548_cov_35.931_ID_511410 548 1

			Align 84: 3132428 3132975 NODE_228_length_548_cov_35.931_ID_511410 548 1
				Gap between this and next alignment: 3132975 to 3136646 (3670 bp)
				Next Alignment: 3136646 3159640 NODE_90_length_22995_cov_56.8366_ID_507580 22995 1

			Align 85: 3136646 3159640 NODE_90_length_22995_cov_56.8366_ID_507580 22995 1
				Gap between this and next alignment: 3159640 to 3163690 (4049 bp)
				Next Alignment: 3163690 3164189 NODE_242_length_500_cov_33.7775_ID_510768 500 1

			Align 86: 3163690 3164189 NODE_242_length_500_cov_33.7775_ID_510768 500 1
				Gap between this and next alignment: 3164189 to 3168606 (4416 bp)
				Next Alignment: 3168606 3191986 NODE_89_length_23381_cov_53.6179_ID_414147 23381 1

			Align 87: 3168606 3191986 NODE_89_length_23381_cov_53.6179_ID_414147 23381 1
				Gap between this and next alignment: 3191986 to 3194710 (2723 bp)
				Next Alignment: 3194710 3285365 NODE_28_length_90656_cov_55.5992_ID_404151 90656 1

			Align 88: 3194710 3285365 NODE_28_length_90656_cov_55.5992_ID_404151 90656 1
				Negative gap (overlap) between this and next alignment: 3285365 to 3285311 (-54 bp)
				Next Alignment: 3285311 3290165 NODE_127_length_4855_cov_53.2585_ID_510280 4855 1

			Previous gap was negative, modifying coordinates to ignore overlap
				Moving contig start from 4855 to 4800.
			Align 89: 3285366 3290165 NODE_127_length_4855_cov_53.2585_ID_510280 4800 1
				Gap between this and next alignment: 3290165 to 3291197 (1031 bp)
				Next Alignment: 3291197 3320104 NODE_78_length_28908_cov_57.1732_ID_510226 28908 1

			Align 90: 3291197 3320104 NODE_78_length_28908_cov_57.1732_ID_510226 28908 1
				Gap between this and next alignment: 3320104 to 3338658 (18553 bp)
				Next Alignment: 3338658 3489239 NODE_13_length_150582_cov_55.3624_ID_507125 1 150582

			Align 91: 3338658 3489239 NODE_13_length_150582_cov_55.3624_ID_507125 1 150582
				Gap between this and next alignment: 3489239 to 3490585 (1345 bp)
				Next Alignment: 3490585 3491250 NODE_202_length_666_cov_39.9525_ID_510510 1 666

			Align 92: 3490585 3491250 NODE_202_length_666_cov_39.9525_ID_510510 1 666
				Gap between this and next alignment: 3491250 to 3493786 (2535 bp)
				Next Alignment: 3493786 3494887 NODE_174_length_1102_cov_36.6571_ID_503909 1 1102

			Align 93: 3493786 3494887 NODE_174_length_1102_cov_36.6571_ID_503909 1 1102
				Negative gap (overlap) between this and next alignment: 3494887 to 3494833 (-54 bp)
				Next Alignment: 3494833 3495359 NODE_236_length_527_cov_61.5148_ID_510338 1 527

			Previous gap was negative, modifying coordinates to ignore overlap
				Moving contig start from 1 to 56.
			Align 94: 3494888 3495359 NODE_236_length_527_cov_61.5148_ID_510338 56 527
				Negative gap (overlap) between this and next alignment: 3495359 to 3495305 (-54 bp)
				Next Alignment: 3495305 3496559 NODE_170_length_1255_cov_301.7_ID_520821 1 1255

			Previous gap was negative, modifying coordinates to ignore overlap
				Moving contig start from 1 to 56.
			Align 95: 3495360 3496559 NODE_170_length_1255_cov_301.7_ID_520821 56 1255
				Negative gap (overlap) between this and next alignment: 3496559 to 3496505 (-54 bp)
				Next Alignment: 3496505 3500425 NODE_133_length_3921_cov_60.6446_ID_520833 3921 1

			Previous gap was negative, modifying coordinates to ignore overlap
				Moving contig start from 3921 to 3866.
			Align 96: 3496560 3500425 NODE_133_length_3921_cov_60.6446_ID_520833 3866 1
				Negative gap (overlap) between this and next alignment: 3500425 to 3500371 (-54 bp)
				Next Alignment: 3500371 3500927 NODE_225_length_557_cov_37.4442_ID_520923 1 557

			Previous gap was negative, modifying coordinates to ignore overlap
				Moving contig start from 1 to 56.
			Align 97: 3500426 3500927 NODE_225_length_557_cov_37.4442_ID_520923 56 557
				Gap between this and next alignment: 3500927 to 3502283 (1355 bp)
				Next Alignment: 3502283 3502783 NODE_241_length_501_cov_30.5067_ID_520877 501 1

			Align 98: 3502283 3502783 NODE_241_length_501_cov_30.5067_ID_520877 501 1
				Gap between this and next alignment: 3502783 to 3503795 (1011 bp)
				Next Alignment: 3503795 3540313 NODE_62_length_36519_cov_55.2337_ID_510222 36519 1

			Align 99: 3503795 3540313 NODE_62_length_36519_cov_55.2337_ID_510222 36519 1
				Gap between this and next alignment: 3540313 to 3550557 (10243 bp)
				Next Alignment: 3550557 3564424 NODE_100_length_13868_cov_53.013_ID_505790 13868 1

			Align 100: 3550557 3564424 NODE_100_length_13868_cov_53.013_ID_505790 13868 1
				Gap between this and next alignment: 3564424 to 3576194 (11769 bp)
				Next Alignment: 3576194 3809169 NODE_4_length_275891_cov_55.8038_ID_509497 275891 42916

			Align 101: 3576194 3809169 NODE_4_length_275891_cov_55.8038_ID_509497 275891 42916
				Negative gap (overlap) between this and next alignment: 3809169 to 3809014 (-155 bp)
				Next Alignment: 3809014 3851925 NODE_4_length_275891_cov_55.8038_ID_509497 42915 1

			Previous gap was negative, modifying coordinates to ignore overlap
				Moving contig start from 42915 to 42759.
			Align 102: 3809170 3851925 NODE_4_length_275891_cov_55.8038_ID_509497 42759 1
				Gap between this and next alignment: 3851925 to 3859147 (7221 bp)
				Next Alignment: 3859147 3861292 NODE_152_length_2146_cov_181.513_ID_520835 2146 1

			Align 103: 3859147 3861292 NODE_152_length_2146_cov_181.513_ID_520835 2146 1
				Gap between this and next alignment: 3861292 to 3865193 (3900 bp)
				Next Alignment: 3865193 3869581 NODE_129_length_4389_cov_55.8449_ID_509381 4389 1

			Align 104: 3865193 3869581 NODE_129_length_4389_cov_55.8449_ID_509381 4389 1
				Negative gap (overlap) between this and next alignment: 3869581 to 3869071 (-510 bp)
				Next Alignment: 3869071 3900108 NODE_74_length_31038_cov_56.0048_ID_500275 1 31038

			Previous gap was negative, modifying coordinates to ignore overlap
				Moving contig start from 1 to 512.
			Align 105: 3869582 3900108 NODE_74_length_31038_cov_56.0048_ID_500275 512 31038
				Gap between this and next alignment: 3900108 to 3903845 (3736 bp)
				Next Alignment: 3903845 3978075 NODE_41_length_74231_cov_56.4216_ID_476168 1 74231

			Align 106: 3903845 3978075 NODE_41_length_74231_cov_56.4216_ID_476168 1 74231
				Gap between this and next alignment: 3978075 to 3979088 (1012 bp)
				Next Alignment: 3979088 3981523 NODE_145_length_2436_cov_57.7102_ID_510314 2436 1

			Align 107: 3979088 3981523 NODE_145_length_2436_cov_57.7102_ID_510314 2436 1
				Gap between this and next alignment: 3981523 to 3982743 (1219 bp)
				Next Alignment: 3982743 4015073 NODE_71_length_32331_cov_59.0588_ID_500659 1 32331

			Align 108: 3982743 4015073 NODE_71_length_32331_cov_59.0588_ID_500659 1 32331
				The next alignment (3996242 3996782 NODE_231_length_541_cov_31.6605_ID_520931 541 1) is redundant. Skipping.
				The next alignment (3998876 4014184 NODE_98_length_15309_cov_60.1082_ID_510204 15309 1) is redundant. Skipping.
				The next alignment (4014432 4015035 NODE_212_length_604_cov_33.2459_ID_520901 604 1) is redundant. Skipping.
				Gap between this and next alignment: 4015073 to 4016159 (1085 bp)
				Next Alignment: 4016159 4018048 NODE_158_length_1890_cov_63.1215_ID_510254 1 1890

			Align 112: 4016159 4018048 NODE_158_length_1890_cov_63.1215_ID_510254 1 1890
				Negative gap (overlap) between this and next alignment: 4018048 to 4017994 (-54 bp)
				Next Alignment: 4017994 4018856 NODE_185_length_863_cov_29.8045_ID_491329 1 863

			Previous gap was negative, modifying coordinates to ignore overlap
				Moving contig start from 1 to 56.
			Align 113: 4018049 4018856 NODE_185_length_863_cov_29.8045_ID_491329 56 863
				Gap between this and next alignment: 4018856 to 4023970 (5113 bp)
				Next Alignment: 4023970 4025429 NODE_168_length_1460_cov_54.5174_ID_510316 1 1460

			Align 114: 4023970 4025429 NODE_168_length_1460_cov_54.5174_ID_510316 1 1460
				Gap between this and next alignment: 4025429 to 4066150 (40720 bp)
				Next Alignment: 4066150 4187829 NODE_18_length_121680_cov_55.0607_ID_413013 1 121680

			Align 115: 4066150 4187829 NODE_18_length_121680_cov_55.0607_ID_413013 1 121680
				Gap between this and next alignment: 4187829 to 4206553 (18723 bp)
				Next Alignment: 4206553 4208347 NODE_161_length_1795_cov_50.1764_ID_500167 1 1795

			Align 116: 4206553 4208347 NODE_161_length_1795_cov_50.1764_ID_500167 1 1795
				Gap between this and next alignment: 4208347 to 4212483 (4135 bp)
				Next Alignment: 4212483 4241026 NODE_80_length_28544_cov_56.139_ID_460705 1 28544

			Align 117: 4212483 4241026 NODE_80_length_28544_cov_56.139_ID_460705 1 28544
				Gap between this and next alignment: 4241026 to 4252145 (11118 bp)
				Next Alignment: 4252145 4252677 NODE_234_length_533_cov_33.3933_ID_511316 1 533

			Align 118: 4252145 4252677 NODE_234_length_533_cov_33.3933_ID_511316 1 533
				Gap between this and next alignment: 4252677 to 4259054 (6376 bp)
				Next Alignment: 4259054 4271872 NODE_104_length_12819_cov_52.499_ID_498073 1 12819

			Align 119: 4259054 4271872 NODE_104_length_12819_cov_52.499_ID_498073 1 12819
				Gap between this and next alignment: 4271872 to 4278811 (6938 bp)
				Next Alignment: 4278811 4293647 NODE_99_length_14837_cov_52.0558_ID_500965 1 14837

			Align 120: 4278811 4293647 NODE_99_length_14837_cov_52.0558_ID_500965 1 14837
				Negative gap (overlap) between this and next alignment: 4293647 to 4293593 (-54 bp)
				Next Alignment: 4293593 4299457 NODE_122_length_5865_cov_64.8959_ID_510216 5865 1

			Previous gap was negative, modifying coordinates to ignore overlap
				Moving contig start from 5865 to 5810.
			Align 121: 4293648 4299457 NODE_122_length_5865_cov_64.8959_ID_510216 5810 1
				Gap between this and next alignment: 4299457 to 4311587 (12129 bp)
				Next Alignment: 4311587 4313256 NODE_163_length_1670_cov_46.4582_ID_510322 1 1670

			Align 122: 4311587 4313256 NODE_163_length_1670_cov_46.4582_ID_510322 1 1670
				Negative gap (overlap) between this and next alignment: 4313256 to 4313202 (-54 bp)
				Next Alignment: 4313202 4313855 NODE_205_length_654_cov_33.7396_ID_504083 1 654

			Previous gap was negative, modifying coordinates to ignore overlap
				Moving contig start from 1 to 56.
			Align 123: 4313257 4313855 NODE_205_length_654_cov_33.7396_ID_504083 56 654
				Gap between this and next alignment: 4313855 to 4316795 (2939 bp)
				Next Alignment: 4316795 4327327 NODE_110_length_10533_cov_70.2915_ID_456092 10533 1

			Align 124: 4316795 4327327 NODE_110_length_10533_cov_70.2915_ID_456092 10533 1
				The next alignment (4320197 4327327 NODE_119_length_7131_cov_52.3595_ID_475449 1 7131) is redundant. Skipping.
				Gap between this and next alignment: 4327327 to 4332842 (5514 bp)
				Next Alignment: 4332842 4357016 NODE_87_length_24175_cov_53.8386_ID_502782 1 24175

			Align 126: 4332842 4357016 NODE_87_length_24175_cov_53.8386_ID_502782 1 24175
				Negative gap (overlap) between this and next alignment: 4357016 to 4356962 (-54 bp)
				Next Alignment: 4356962 4361853 NODE_126_length_4892_cov_56.9229_ID_510242 4892 1

			Previous gap was negative, modifying coordinates to ignore overlap
				Moving contig start from 4892 to 4837.
			Align 127: 4357017 4361853 NODE_126_length_4892_cov_56.9229_ID_510242 4837 1
				Negative gap (overlap) between this and next alignment: 4361853 to 4361799 (-54 bp)
				Next Alignment: 4361799 4365167 NODE_138_length_3369_cov_362.852_ID_457261 3369 1

			Previous gap was negative, modifying coordinates to ignore overlap
				Moving contig start from 3369 to 3314.
			Align 128: 4361854 4365167 NODE_138_length_3369_cov_362.852_ID_457261 3314 1
				Gap between this and next alignment: 4365167 to 4367125 (1957 bp)
				Next Alignment: 4367125 4368653 NODE_167_length_1529_cov_56.4634_ID_510358 1 1529

			Align 129: 4367125 4368653 NODE_167_length_1529_cov_56.4634_ID_510358 1 1529
				Negative gap (overlap) between this and next alignment: 4368653 to 4368599 (-54 bp)
				Next Alignment: 4368599 4536296 NODE_11_length_167698_cov_55.7287_ID_464365 1 167698

			Previous gap was negative, modifying coordinates to ignore overlap
				Moving contig start from 1 to 56.
			Align 130: 4368654 4536296 NODE_11_length_167698_cov_55.7287_ID_464365 56 167698
				Gap between this and next alignment: 4536296 to 4542351 (6054 bp)
				Next Alignment: 4542351 4640123 NODE_22_length_97773_cov_55.3351_ID_484394 1 97773

			Align 131: 4542351 4640123 NODE_22_length_97773_cov_55.3351_ID_484394 1 97773
				Gap between this and next alignment: 4640123 to 4640886 (762 bp)
				Next Alignment: 4640886 4641475 NODE_217_length_590_cov_31.7421_ID_510566 590 1

			Align 132: 4640886 4641475 NODE_217_length_590_cov_31.7421_ID_510566 590 1
			END in gap: 4641475 to 4641652 (177 bp)

Analysis is finished!
Founded SNPs were written into /net/metagenomics/projects/afritz_assemblies/Similarity_Experiment/Ecoli_OneTree/metaquast_consensus_spades/Ecoli_0965/runs_per_reference/Ecoli_ancestor/contigs_reports/nucmer_output/scaffolds.used_snps

Results:
	Local Misassemblies: 4
	Misassemblies: 0
		Relocations: 0
		Translocations: 0
		Inversions: 0
	Misassembled Contigs: 0
	Misassembled Contig Bases: 0
	Misassemblies Inter-Contig Overlap: 0
Uncovered Regions: 0 (0)
Unaligned Contigs: 0 + 0 part
Partially Unaligned Contigs with Misassemblies: 0
Unaligned Contig Bases: 0

Ambiguously Mapped Contigs: 10
Total Bases in Ambiguously Mapped Contigs: 13615
Note that --allow-ambiguity option was set to "one" and only first alignment per each contig was used.

	Covered Bases: 4156172

	SNPs: 41982
	Insertions: 25
	Deletions: 20

	Positive Gaps: 81
		Internal Gaps:  0
		External Gaps:  81
		External Gap Total:  485480
		External Gap Average: 5994
	Negative Gaps: 42
		Internal Overlaps:  3
		External Overlaps:  39
		External Overlaps Total: -2562
		External Overlaps Average: -66
	Contigs with Redundant Alignments: 5 (41847)
