Aligning contigs to reference...
	Running Nucmer
Parsing coords...
Loading reference...
	Loaded [Ecoli_0920_Taxon005_]
Loading SNPs...
Loading regions...
	No regions given, using whole reference.
	Total Regions: 1
	Total Region Length: 4641652
Analyzing contigs...
CONTIG: NODE_31_length_109022_cov_45.0368_ID_325985 (109022bp)
Top Length: 1867  Top ID: 95.07
		This contig is misassembled. 2 total aligns.
			Warning! This contig is more unaligned than misassembled. Contig length is 109022 and total length of all aligns is 1979
		Alignment: 826259 828125 | 69547 67681 | 1867 1867 | 95.07 | Ecoli_0920_Taxon005_ NODE_31_length_109022_cov_45.0368_ID_325985
		Alignment: 1270346 1270457 | 109022 108911 | 112 112 | 98.21 | Ecoli_0920_Taxon005_ NODE_31_length_109022_cov_45.0368_ID_325985
		Unaligned bases: 107043
		This contig has both significant aligned and unaligned parts (of length >= min-contig)! It can contain interspecies translocations
Analyzing coverage...
Writing SNPs into /net/metagenomics/projects/afritz_assemblies/Similarity_Experiment/Ecoli_OneTree/metaquast_consensus_spades/Ecoli_0945/runs_per_reference/Ecoli_0920/contigs_reports/nucmer_output/scaffolds.used_snps
	Reference Ecoli_0920_Taxon005_: 2 total alignments. 1 total regions.
		Region: 1 to 4641652 (4641652 bp)
			START in gap: 1 to 826259 (826258 bp)
			Align 1: 826259 828125 NODE_31_length_109022_cov_45.0368_ID_325985 69547 67681
				Gap between this and next alignment: 828125 to 1270346 (442220 bp)
				Next Alignment: 1270346 1270457 NODE_31_length_109022_cov_45.0368_ID_325985 109022 108911

			Align 2: 1270346 1270457 NODE_31_length_109022_cov_45.0368_ID_325985 109022 108911
			END in gap: 1270457 to 4641652 (3371195 bp)

Analysis is finished!
Founded SNPs were written into /net/metagenomics/projects/afritz_assemblies/Similarity_Experiment/Ecoli_OneTree/metaquast_consensus_spades/Ecoli_0945/runs_per_reference/Ecoli_0920/contigs_reports/nucmer_output/scaffolds.used_snps

Results:
	Local Misassemblies: 0
	Misassemblies: 0
		Relocations: 0
		Translocations: 0
		Inversions: 0
	Misassembled Contigs: 0
	Misassembled Contig Bases: 0
	Misassemblies Inter-Contig Overlap: 0
Uncovered Regions: 0 (0)
Unaligned Contigs: 0 + 1 part
Partially Unaligned Contigs with Misassemblies: 1
Unaligned Contig Bases: 107043

Ambiguously Mapped Contigs: 0
Total Bases in Ambiguously Mapped Contigs: 0
Note that --allow-ambiguity option was set to "one" and only first alignment per each contig was used.

	Covered Bases: 1979

	SNPs: 94
	Insertions: 0
	Deletions: 0

	Positive Gaps: 3
		Internal Gaps:  1
		External Gaps:  2
		External Gap Total:  4197453
		External Gap Average: 2098726
	Negative Gaps: 0
		Internal Overlaps:  0
		External Overlaps:  0
		External Overlaps Total:  0
		External Overlaps Average: 0
	Contigs with Redundant Alignments: 0 (0)
