Aligning contigs to reference...
	Running Nucmer
Parsing coords...
Loading reference...
	Loaded [gi_556503834_ref_NC_000913.3_]
Loading SNPs...
Loading regions...
	No regions given, using whole reference.
	Total Regions: 1
	Total Region Length: 4641652
Analyzing contigs...
CONTIG: S0C0 (50406bp)
Top Length: 50406  Top ID: 100.0
		Marking as insignificant: 2726064 2726194 | 27264 27394 | 131 131 | 97.71 | gi_556503834_ref_NC_000913.3_ S0C0
		Marking as insignificant: 228750 228880 | 27394 27264 | 131 131 | 97.71 | gi_556503834_ref_NC_000913.3_ S0C0
		Marking as insignificant: 4213034 4213164 | 27394 27264 | 131 131 | 98.47 | gi_556503834_ref_NC_000913.3_ S0C0
		Marking as insignificant: 3946689 3946824 | 27398 27264 | 136 135 | 97.06 | gi_556503834_ref_NC_000913.3_ S0C0
		Marking as insignificant: 4040511 4040845 | 27394 27060 | 335 335 | 95.82 | gi_556503834_ref_NC_000913.3_ S0C0
		Marking as insignificant: 4171631 4171970 | 27394 27055 | 340 340 | 95.59 | gi_556503834_ref_NC_000913.3_ S0C0
		Marking as insignificant: 3941662 3943393 | 32754 31023 | 1732 1732 | 99.65 | gi_556503834_ref_NC_000913.3_ S0C0
		Marking as insignificant: 4166513 4168253 | 32754 31015 | 1741 1740 | 99.25 | gi_556503834_ref_NC_000913.3_ S0C0
		Marking as insignificant: 2729567 2731303 | 31018 32754 | 1737 1737 | 99.71 | gi_556503834_ref_NC_000913.3_ S0C0
		Marking as insignificant: 4207913 4209741 | 32844 31015 | 1829 1830 | 99.13 | gi_556503834_ref_NC_000913.3_ S0C0
		Marking as insignificant: 4209921 4213165 | 30742 27508 | 3245 3235 | 99.14 | gi_556503834_ref_NC_000913.3_ S0C0
		Marking as insignificant: 4168519 4171761 | 30742 27509 | 3243 3234 | 99.26 | gi_556503834_ref_NC_000913.3_ S0C0
		Marking as insignificant: 3943582 3946829 | 30742 27504 | 3248 3239 | 99.14 | gi_556503834_ref_NC_000913.3_ S0C0
		Marking as insignificant: 2726063 2729297 | 27508 30742 | 3235 3235 | 99.63 | gi_556503834_ref_NC_000913.3_ S0C0
		Marking as insignificant: 4035385 4040641 | 32754 27509 | 5257 5246 | 99.2 | gi_556503834_ref_NC_000913.3_ S0C0
		Marking as insignificant: 223535 228885 | 32844 27504 | 5351 5341 | 99.12 | gi_556503834_ref_NC_000913.3_ S0C0
		One align captures most of this contig: 3396155 3446560 | 1 50406 | 50406 50406 | 100.0 | gi_556503834_ref_NC_000913.3_ S0C0

CONTIG: S0C1 (262939bp)
Top Length: 262939  Top ID: 100.0
		Marking as insignificant: 803322 803447 | 9066 9191 | 126 126 | 98.41 | gi_556503834_ref_NC_000913.3_ S0C1
		Marking as insignificant: 596980 597107 | 9066 9193 | 128 128 | 99.22 | gi_556503834_ref_NC_000913.3_ S0C1
		Marking as insignificant: 1650843 1651548 | 124516 125221 | 706 706 | 100.0 | gi_556503834_ref_NC_000913.3_ S0C1
		Marking as insignificant: 2066156 2067353 | 69138 67941 | 1198 1198 | 99.58 | gi_556503834_ref_NC_000913.3_ S0C1
		Marking as insignificant: 2288919 2290117 | 69135 67937 | 1199 1199 | 99.92 | gi_556503834_ref_NC_000913.3_ S0C1
		Marking as insignificant: 273951 275149 | 69139 67941 | 1199 1199 | 99.92 | gi_556503834_ref_NC_000913.3_ S0C1
		Marking as insignificant: 3365552 3366753 | 69139 67938 | 1202 1202 | 100.0 | gi_556503834_ref_NC_000913.3_ S0C1
		Marking as insignificant: 1396041 1397242 | 67938 69139 | 1202 1202 | 100.0 | gi_556503834_ref_NC_000913.3_ S0C1
		Marking as insignificant: 687847 689048 | 69139 67938 | 1202 1202 | 100.0 | gi_556503834_ref_NC_000913.3_ S0C1
		Marking as insignificant: 574586 575788 | 69140 67938 | 1203 1203 | 100.0 | gi_556503834_ref_NC_000913.3_ S0C1
		Marking as insignificant: 2101745 2102948 | 69139 67936 | 1204 1204 | 99.92 | gi_556503834_ref_NC_000913.3_ S0C1
		Marking as insignificant: 3652030 3653233 | 69141 67938 | 1204 1204 | 100.0 | gi_556503834_ref_NC_000913.3_ S0C1
		Marking as insignificant: 1299496 1300699 | 67938 69141 | 1204 1204 | 100.0 | gi_556503834_ref_NC_000913.3_ S0C1
		Marking as insignificant: 4498181 4499511 | 123891 125221 | 1331 1331 | 100.0 | gi_556503834_ref_NC_000913.3_ S0C1
		Marking as insignificant: 2996361 2997692 | 125221 123890 | 1332 1332 | 100.0 | gi_556503834_ref_NC_000913.3_ S0C1
		Marking as insignificant: 2068940 2070271 | 125222 123891 | 1332 1332 | 100.0 | gi_556503834_ref_NC_000913.3_ S0C1
		Marking as insignificant: 1467909 1469241 | 125222 123890 | 1333 1333 | 100.0 | gi_556503834_ref_NC_000913.3_ S0C1
		Marking as insignificant: 381256 382594 | 123887 125225 | 1339 1339 | 99.85 | gi_556503834_ref_NC_000913.3_ S0C1
		One align captures most of this contig: 3062206 3325144 | 1 262939 | 262939 262939 | 100.0 | gi_556503834_ref_NC_000913.3_ S0C1

CONTIG: S0C2 (362768bp)
Top Length: 362768  Top ID: 100.0
		Marking as insignificant: 3946872 3946949 | 16644 16721 | 78 78 | 100.0 | gi_556503834_ref_NC_000913.3_ S0C2
		Marking as insignificant: 3423418 3423548 | 8593 8463 | 131 131 | 97.71 | gi_556503834_ref_NC_000913.3_ S0C2
		Marking as insignificant: 1470336 1470516 | 59644 59824 | 181 181 | 100.0 | gi_556503834_ref_NC_000913.3_ S0C2
		Marking as insignificant: 4507443 4507639 | 59841 59644 | 197 198 | 98.48 | gi_556503834_ref_NC_000913.3_ S0C2
		Marking as insignificant: 2759881 2760086 | 70141 70346 | 206 206 | 99.51 | gi_556503834_ref_NC_000913.3_ S0C2
		Marking as insignificant: 1532672 1532951 | 18811 19090 | 280 280 | 97.86 | gi_556503834_ref_NC_000913.3_ S0C2
		Marking as insignificant: 1423200 1423569 | 357840 358209 | 370 370 | 96.49 | gi_556503834_ref_NC_000913.3_ S0C2
		Marking as insignificant: 3583428 3584130 | 71114 70412 | 703 703 | 98.86 | gi_556503834_ref_NC_000913.3_ S0C2
		Marking as insignificant: 1650843 1651548 | 161598 162303 | 706 706 | 100.0 | gi_556503834_ref_NC_000913.3_ S0C2
		Marking as insignificant: 1978503 1979270 | 58876 59643 | 768 768 | 98.83 | gi_556503834_ref_NC_000913.3_ S0C2
		Marking as insignificant: 1049778 1050545 | 38388 37621 | 768 768 | 98.83 | gi_556503834_ref_NC_000913.3_ S0C2
		Marking as insignificant: 19796 20563 | 58876 59643 | 768 768 | 98.83 | gi_556503834_ref_NC_000913.3_ S0C2
		Marking as insignificant: 19796 20563 | 70347 71114 | 768 768 | 98.83 | gi_556503834_ref_NC_000913.3_ S0C2
		Marking as insignificant: 3583428 3584196 | 59643 58875 | 769 769 | 98.83 | gi_556503834_ref_NC_000913.3_ S0C2
		Marking as insignificant: 1978502 1979270 | 70346 71114 | 769 769 | 98.83 | gi_556503834_ref_NC_000913.3_ S0C2
		Marking as insignificant: 1049778 1050545 | 71114 70347 | 768 768 | 99.48 | gi_556503834_ref_NC_000913.3_ S0C2
		Marking as insignificant: 1049778 1050546 | 59643 58875 | 769 769 | 99.48 | gi_556503834_ref_NC_000913.3_ S0C2
		Marking as insignificant: 1978503 1979270 | 37621 38388 | 768 768 | 100.0 | gi_556503834_ref_NC_000913.3_ S0C2
		Marking as insignificant: 3583427 3584195 | 38389 37621 | 769 769 | 100.0 | gi_556503834_ref_NC_000913.3_ S0C2
		Marking as insignificant: 19796 20564 | 37621 38389 | 769 769 | 100.0 | gi_556503834_ref_NC_000913.3_ S0C2
		Marking as insignificant: 1635839 1636918 | 361075 359996 | 1080 1080 | 97.13 | gi_556503834_ref_NC_000913.3_ S0C2
		Marking as insignificant: 2066159 2067353 | 53668 54862 | 1195 1195 | 99.58 | gi_556503834_ref_NC_000913.3_ S0C2
		Marking as insignificant: 2288919 2290113 | 53668 54862 | 1195 1195 | 100.0 | gi_556503834_ref_NC_000913.3_ S0C2
		Marking as insignificant: 2288919 2290113 | 354304 355498 | 1195 1195 | 100.0 | gi_556503834_ref_NC_000913.3_ S0C2
		Marking as insignificant: 2066156 2067357 | 354301 355502 | 1202 1202 | 99.5 | gi_556503834_ref_NC_000913.3_ S0C2
		Marking as insignificant: 3652032 3653230 | 53664 54862 | 1199 1199 | 99.92 | gi_556503834_ref_NC_000913.3_ S0C2
		Marking as insignificant: 3365552 3366750 | 53664 54862 | 1199 1199 | 99.92 | gi_556503834_ref_NC_000913.3_ S0C2
		Marking as insignificant: 3130146 3131344 | 54862 53664 | 1199 1199 | 99.92 | gi_556503834_ref_NC_000913.3_ S0C2
		Marking as insignificant: 2101745 2102943 | 53664 54862 | 1199 1199 | 99.92 | gi_556503834_ref_NC_000913.3_ S0C2
		Marking as insignificant: 1299499 1300697 | 54862 53664 | 1199 1199 | 99.92 | gi_556503834_ref_NC_000913.3_ S0C2
		Marking as insignificant: 1396044 1397243 | 54862 53663 | 1200 1200 | 99.92 | gi_556503834_ref_NC_000913.3_ S0C2
		Marking as insignificant: 2101745 2102946 | 354300 355501 | 1202 1202 | 99.92 | gi_556503834_ref_NC_000913.3_ S0C2
		Marking as insignificant: 687844 689045 | 53661 54862 | 1202 1202 | 99.92 | gi_556503834_ref_NC_000913.3_ S0C2
		Marking as insignificant: 3130143 3131345 | 355501 354299 | 1203 1203 | 100.0 | gi_556503834_ref_NC_000913.3_ S0C2
		Marking as insignificant: 1396040 1397242 | 355502 354300 | 1203 1203 | 100.0 | gi_556503834_ref_NC_000913.3_ S0C2
		Marking as insignificant: 687847 689049 | 354300 355502 | 1203 1203 | 100.0 | gi_556503834_ref_NC_000913.3_ S0C2
		Marking as insignificant: 3652031 3653234 | 354299 355502 | 1204 1204 | 100.0 | gi_556503834_ref_NC_000913.3_ S0C2
		Marking as insignificant: 3365552 3366755 | 354300 355503 | 1204 1204 | 100.0 | gi_556503834_ref_NC_000913.3_ S0C2
		Marking as insignificant: 1299495 1300698 | 355502 354299 | 1204 1204 | 100.0 | gi_556503834_ref_NC_000913.3_ S0C2
		Marking as insignificant: 1469282 1470516 | 50240 51474 | 1235 1235 | 99.51 | gi_556503834_ref_NC_000913.3_ S0C2
		Marking as insignificant: 4507459 4508696 | 51474 50237 | 1238 1238 | 99.6 | gi_556503834_ref_NC_000913.3_ S0C2
		Marking as insignificant: 2170174 2171428 | 94942 96196 | 1255 1255 | 100.0 | gi_556503834_ref_NC_000913.3_ S0C2
		Marking as insignificant: 1094245 1095499 | 96196 94942 | 1255 1255 | 100.0 | gi_556503834_ref_NC_000913.3_ S0C2
		Marking as insignificant: 391709 392963 | 96196 94942 | 1255 1255 | 100.0 | gi_556503834_ref_NC_000913.3_ S0C2
		Marking as insignificant: 315229 316483 | 172676 171422 | 1255 1255 | 100.0 | gi_556503834_ref_NC_000913.3_ S0C2
		Marking as insignificant: 2170169 2171428 | 346488 347747 | 1260 1260 | 100.0 | gi_556503834_ref_NC_000913.3_ S0C2
		Marking as insignificant: 1094244 1095503 | 171421 172680 | 1260 1260 | 100.0 | gi_556503834_ref_NC_000913.3_ S0C2
		Marking as insignificant: 1094244 1095503 | 347748 346489 | 1260 1260 | 100.0 | gi_556503834_ref_NC_000913.3_ S0C2
		Marking as insignificant: 2170169 2171436 | 172681 171414 | 1268 1268 | 99.84 | gi_556503834_ref_NC_000913.3_ S0C2
		Marking as insignificant: 566771 568040 | 172685 171416 | 1270 1270 | 99.92 | gi_556503834_ref_NC_000913.3_ S0C2
		Marking as insignificant: 391703 392972 | 347753 346484 | 1270 1270 | 99.92 | gi_556503834_ref_NC_000913.3_ S0C2
		Marking as insignificant: 4498181 4499511 | 160973 162303 | 1331 1331 | 100.0 | gi_556503834_ref_NC_000913.3_ S0C2
		Marking as insignificant: 1467910 1469240 | 162303 160973 | 1331 1331 | 100.0 | gi_556503834_ref_NC_000913.3_ S0C2
		Marking as insignificant: 2996359 2997691 | 162305 160973 | 1333 1333 | 100.0 | gi_556503834_ref_NC_000913.3_ S0C2
		Marking as insignificant: 2068941 2070273 | 162303 160971 | 1333 1333 | 100.0 | gi_556503834_ref_NC_000913.3_ S0C2
		Marking as insignificant: 3186092 3187430 | 160969 162307 | 1339 1339 | 99.85 | gi_556503834_ref_NC_000913.3_ S0C2
		Marking as insignificant: 1527926 1529488 | 305185 306747 | 1563 1563 | 95.91 | gi_556503834_ref_NC_000913.3_ S0C2
		Marking as insignificant: 3941662 3943393 | 3338 5069 | 1732 1732 | 99.08 | gi_556503834_ref_NC_000913.3_ S0C2
		Marking as insignificant: 2729567 2731303 | 5074 3338 | 1737 1737 | 99.02 | gi_556503834_ref_NC_000913.3_ S0C2
		Marking as insignificant: 4166513 4168253 | 3338 5077 | 1741 1740 | 99.25 | gi_556503834_ref_NC_000913.3_ S0C2
		Marking as insignificant: 4207843 4209741 | 3178 5077 | 1899 1900 | 99.21 | gi_556503834_ref_NC_000913.3_ S0C2
		Marking as insignificant: 2726062 2729297 | 8595 5350 | 3236 3246 | 99.08 | gi_556503834_ref_NC_000913.3_ S0C2
		Marking as insignificant: 4168519 4171761 | 5350 8593 | 3243 3244 | 99.26 | gi_556503834_ref_NC_000913.3_ S0C2
		Marking as insignificant: 4209921 4213166 | 5350 8595 | 3246 3246 | 99.41 | gi_556503834_ref_NC_000913.3_ S0C2
		Marking as insignificant: 3943582 3946949 | 5350 8718 | 3368 3369 | 99.44 | gi_556503834_ref_NC_000913.3_ S0C2
		Marking as insignificant: 4035385 4040641 | 3338 8593 | 5257 5256 | 99.41 | gi_556503834_ref_NC_000913.3_ S0C2
		Marking as insignificant: 3423658 3428998 | 8598 3248 | 5341 5351 | 99.12 | gi_556503834_ref_NC_000913.3_ S0C2
		One align captures most of this contig: 220288 583055 | 1 362768 | 362768 362768 | 100.0 | gi_556503834_ref_NC_000913.3_ S0C2

CONTIG: S0C3 (58406bp)
Top Length: 58326  Top ID: 100.0
		Marking as insignificant: 3982605 3982692 | 22840 22753 | 88 88 | 100.0 | gi_556503834_ref_NC_000913.3_ S0C3
		Marking as insignificant: 3982604 3982692 | 23077 22989 | 89 89 | 100.0 | gi_556503834_ref_NC_000913.3_ S0C3
		One align captures most of this contig: 4583327 4641652 | 1 58326 | 58326 58326 | 100.0 | gi_556503834_ref_NC_000913.3_ S0C3

CONTIG: S0C4 (44168bp)
Top Length: 44168  Top ID: 100.0
		One align captures most of this contig: 4295542 4339709 | 1 44168 | 44168 44168 | 100.0 | gi_556503834_ref_NC_000913.3_ S0C4

CONTIG: S0C5 (103426bp)
Top Length: 103426  Top ID: 100.0
		Marking as insignificant: 915027 915288 | 77836 77575 | 262 262 | 95.04 | gi_556503834_ref_NC_000913.3_ S0C5
		Marking as insignificant: 315229 316483 | 18634 19888 | 1255 1255 | 100.0 | gi_556503834_ref_NC_000913.3_ S0C5
		Marking as insignificant: 1094245 1095503 | 19888 18630 | 1259 1259 | 100.0 | gi_556503834_ref_NC_000913.3_ S0C5
		Marking as insignificant: 566775 568034 | 18629 19888 | 1260 1260 | 100.0 | gi_556503834_ref_NC_000913.3_ S0C5
		Marking as insignificant: 391701 392968 | 19896 18629 | 1268 1268 | 99.84 | gi_556503834_ref_NC_000913.3_ S0C5
		One align captures most of this contig: 2151541 2254966 | 1 103426 | 103426 103426 | 100.0 | gi_556503834_ref_NC_000913.3_ S0C5

CONTIG: S0C6 (55538bp)
Top Length: 55538  Top ID: 100.0
		One align captures most of this contig: 44704 100241 | 1 55538 | 55538 55538 | 100.0 | gi_556503834_ref_NC_000913.3_ S0C6

CONTIG: S0C7 (617073bp)
Top Length: 617073  Top ID: 100.0
		Marking as insignificant: 781068 781143 | 265928 266003 | 76 76 | 100.0 | gi_556503834_ref_NC_000913.3_ S0C7
		Marking as insignificant: 780765 780840 | 265928 266003 | 76 76 | 100.0 | gi_556503834_ref_NC_000913.3_ S0C7
		Marking as insignificant: 780765 780841 | 266048 266124 | 77 77 | 100.0 | gi_556503834_ref_NC_000913.3_ S0C7
		Marking as insignificant: 781068 781145 | 266048 266125 | 78 78 | 100.0 | gi_556503834_ref_NC_000913.3_ S0C7
		Marking as insignificant: 780554 780631 | 266250 266327 | 78 78 | 100.0 | gi_556503834_ref_NC_000913.3_ S0C7
		Marking as insignificant: 781369 781451 | 266250 266332 | 83 83 | 98.8 | gi_556503834_ref_NC_000913.3_ S0C7
		Marking as insignificant: 3423418 3423548 | 471061 471191 | 131 131 | 97.71 | gi_556503834_ref_NC_000913.3_ S0C7
		Marking as insignificant: 780765 780918 | 266170 266325 | 154 156 | 98.72 | gi_556503834_ref_NC_000913.3_ S0C7
		Marking as insignificant: 781068 781222 | 266170 266325 | 155 156 | 99.36 | gi_556503834_ref_NC_000913.3_ S0C7
		Marking as insignificant: 290428 290633 | 504878 505083 | 206 206 | 99.51 | gi_556503834_ref_NC_000913.3_ S0C7
		Marking as insignificant: 1207563 1207804 | 217120 216879 | 242 242 | 95.04 | gi_556503834_ref_NC_000913.3_ S0C7
		Marking as insignificant: 781577 781844 | 266250 266517 | 268 268 | 99.63 | gi_556503834_ref_NC_000913.3_ S0C7
		Marking as insignificant: 2066159 2067353 | 33916 35110 | 1195 1195 | 99.58 | gi_556503834_ref_NC_000913.3_ S0C7
		Marking as insignificant: 3365556 3366750 | 33916 35110 | 1195 1195 | 100.0 | gi_556503834_ref_NC_000913.3_ S0C7
		Marking as insignificant: 1396044 1397238 | 35110 33916 | 1195 1195 | 100.0 | gi_556503834_ref_NC_000913.3_ S0C7
		Marking as insignificant: 1299499 1300693 | 35110 33916 | 1195 1195 | 100.0 | gi_556503834_ref_NC_000913.3_ S0C7
		Marking as insignificant: 687851 689045 | 33916 35110 | 1195 1195 | 100.0 | gi_556503834_ref_NC_000913.3_ S0C7
		Marking as insignificant: 574591 575785 | 33916 35110 | 1195 1195 | 100.0 | gi_556503834_ref_NC_000913.3_ S0C7
		Marking as insignificant: 273955 275149 | 33916 35110 | 1195 1195 | 100.0 | gi_556503834_ref_NC_000913.3_ S0C7
		Marking as insignificant: 3130142 3131340 | 35114 33916 | 1199 1199 | 99.92 | gi_556503834_ref_NC_000913.3_ S0C7
		Marking as insignificant: 3652029 3653230 | 33909 35110 | 1202 1202 | 99.83 | gi_556503834_ref_NC_000913.3_ S0C7
		Marking as insignificant: 2101746 2102947 | 33913 35114 | 1202 1202 | 99.92 | gi_556503834_ref_NC_000913.3_ S0C7
		Marking as insignificant: 607997 609361 | 259260 260624 | 1365 1365 | 99.71 | gi_556503834_ref_NC_000913.3_ S0C7
		Marking as insignificant: 15377 16741 | 259260 260624 | 1365 1365 | 99.71 | gi_556503834_ref_NC_000913.3_ S0C7
		Marking as insignificant: 223625 225361 | 476300 474564 | 1737 1737 | 99.02 | gi_556503834_ref_NC_000913.3_ S0C7
		Marking as insignificant: 3427172 3428908 | 474564 476300 | 1737 1737 | 99.71 | gi_556503834_ref_NC_000913.3_ S0C7
		Marking as insignificant: 4035202 4037121 | 476482 474564 | 1920 1919 | 98.91 | gi_556503834_ref_NC_000913.3_ S0C7
		Marking as insignificant: 225637 228882 | 474294 471059 | 3246 3236 | 99.08 | gi_556503834_ref_NC_000913.3_ S0C7
		Marking as insignificant: 4037397 4040653 | 474294 471049 | 3257 3246 | 98.83 | gi_556503834_ref_NC_000913.3_ S0C7
		Marking as insignificant: 3423662 3426896 | 471060 474294 | 3235 3235 | 99.63 | gi_556503834_ref_NC_000913.3_ S0C7
		Marking as insignificant: 4208001 4213166 | 476300 471059 | 5166 5242 | 97.53 | gi_556503834_ref_NC_000913.3_ S0C7
		Marking as insignificant: 3941479 3946826 | 476482 471059 | 5348 5424 | 97.15 | gi_556503834_ref_NC_000913.3_ S0C7
		Marking as insignificant: 4166330 4171773 | 476482 471049 | 5444 5434 | 99.08 | gi_556503834_ref_NC_000913.3_ S0C7
		One align captures most of this contig: 2255004 2872076 | 1 617073 | 617073 617073 | 100.0 | gi_556503834_ref_NC_000913.3_ S0C7

CONTIG: S0C8 (44604bp)
Top Length: 44604  Top ID: 100.0
		Marking as insignificant: 1049778 1050545 | 20477 19710 | 768 768 | 98.83 | gi_556503834_ref_NC_000913.3_ S0C8
		Marking as insignificant: 290634 291401 | 19710 20477 | 768 768 | 98.83 | gi_556503834_ref_NC_000913.3_ S0C8
		Marking as insignificant: 279163 279930 | 19710 20477 | 768 768 | 98.83 | gi_556503834_ref_NC_000913.3_ S0C8
		Marking as insignificant: 1978503 1979270 | 19710 20477 | 768 768 | 100.0 | gi_556503834_ref_NC_000913.3_ S0C8
		Marking as insignificant: 3583427 3584195 | 20478 19710 | 769 769 | 100.0 | gi_556503834_ref_NC_000913.3_ S0C8
		Marking as insignificant: 257908 258676 | 19710 20478 | 769 769 | 100.0 | gi_556503834_ref_NC_000913.3_ S0C8
		Marking as insignificant: 607996 609362 | 15290 16656 | 1367 1367 | 99.56 | gi_556503834_ref_NC_000913.3_ S0C8
		Marking as insignificant: 2514263 2515627 | 15291 16655 | 1365 1365 | 99.71 | gi_556503834_ref_NC_000913.3_ S0C8
		One align captures most of this contig: 87 44690 | 1 44604 | 44604 44604 | 100.0 | gi_556503834_ref_NC_000913.3_ S0C8

CONTIG: S0C9 (113942bp)
Top Length: 113942  Top ID: 100.0
		Marking as insignificant: 1992042 1992117 | 52685 52610 | 76 76 | 100.0 | gi_556503834_ref_NC_000913.3_ S0C9
		Marking as insignificant: 1992042 1992117 | 52797 52722 | 76 76 | 100.0 | gi_556503834_ref_NC_000913.3_ S0C9
		Marking as insignificant: 1992042 1992117 | 52908 52833 | 76 76 | 100.0 | gi_556503834_ref_NC_000913.3_ S0C9
		One align captures most of this contig: 4339751 4453692 | 1 113942 | 113942 113942 | 100.0 | gi_556503834_ref_NC_000913.3_ S0C9

CONTIG: S0C10 (70987bp)
Top Length: 70987  Top ID: 100.0
		Marking as insignificant: 2288919 2290113 | 40404 41598 | 1195 1195 | 100.0 | gi_556503834_ref_NC_000913.3_ S0C10
		Marking as insignificant: 2066156 2067357 | 40401 41602 | 1202 1202 | 99.5 | gi_556503834_ref_NC_000913.3_ S0C10
		Marking as insignificant: 273951 275149 | 40400 41598 | 1199 1199 | 99.92 | gi_556503834_ref_NC_000913.3_ S0C10
		Marking as insignificant: 3130143 3131344 | 41601 40400 | 1202 1202 | 100.0 | gi_556503834_ref_NC_000913.3_ S0C10
		Marking as insignificant: 2101744 2102946 | 40399 41601 | 1203 1203 | 99.92 | gi_556503834_ref_NC_000913.3_ S0C10
		Marking as insignificant: 3652032 3653234 | 40400 41602 | 1203 1203 | 100.0 | gi_556503834_ref_NC_000913.3_ S0C10
		Marking as insignificant: 1396040 1397242 | 41602 40400 | 1203 1203 | 100.0 | gi_556503834_ref_NC_000913.3_ S0C10
		Marking as insignificant: 687847 689049 | 40400 41602 | 1203 1203 | 100.0 | gi_556503834_ref_NC_000913.3_ S0C10
		Marking as insignificant: 574587 575790 | 40400 41603 | 1204 1204 | 100.0 | gi_556503834_ref_NC_000913.3_ S0C10
		Marking as insignificant: 1299490 1300697 | 41607 40400 | 1208 1208 | 99.92 | gi_556503834_ref_NC_000913.3_ S0C10
		One align captures most of this contig: 3325153 3396139 | 1 70987 | 70987 70987 | 100.0 | gi_556503834_ref_NC_000913.3_ S0C10

CONTIG: S0C11 (28694bp)
Top Length: 28694  Top ID: 100.0
		One align captures most of this contig: 1116821 1145514 | 1 28694 | 28694 28694 | 100.0 | gi_556503834_ref_NC_000913.3_ S0C11

CONTIG: S0C12 (115213bp)
Top Length: 115213  Top ID: 100.0
		Marking as insignificant: 279931 280128 | 53935 53739 | 198 197 | 98.48 | gi_556503834_ref_NC_000913.3_ S0C12
		Marking as insignificant: 1650843 1651549 | 45102 45808 | 707 707 | 100.0 | gi_556503834_ref_NC_000913.3_ S0C12
		Marking as insignificant: 1469296 1470516 | 54975 53755 | 1221 1221 | 100.0 | gi_556503834_ref_NC_000913.3_ S0C12
		Marking as insignificant: 270524 271761 | 54992 53755 | 1238 1238 | 99.6 | gi_556503834_ref_NC_000913.3_ S0C12
		Marking as insignificant: 3186096 3187426 | 44477 45807 | 1331 1331 | 100.0 | gi_556503834_ref_NC_000913.3_ S0C12
		Marking as insignificant: 2996361 2997691 | 45807 44477 | 1331 1331 | 100.0 | gi_556503834_ref_NC_000913.3_ S0C12
		Marking as insignificant: 2068941 2070271 | 45807 44477 | 1331 1331 | 100.0 | gi_556503834_ref_NC_000913.3_ S0C12
		Marking as insignificant: 1467910 1469240 | 45807 44477 | 1331 1331 | 100.0 | gi_556503834_ref_NC_000913.3_ S0C12
		Marking as insignificant: 381260 382590 | 44477 45807 | 1331 1331 | 100.0 | gi_556503834_ref_NC_000913.3_ S0C12
		One align captures most of this contig: 4453705 4568917 | 1 115213 | 115213 115213 | 100.0 | gi_556503834_ref_NC_000913.3_ S0C12

CONTIG: S0C13 (190142bp)
Top Length: 190142  Top ID: 100.0
		Marking as insignificant: 3766285 3766683 | 177246 177644 | 399 399 | 97.24 | gi_556503834_ref_NC_000913.3_ S0C13
		Marking as insignificant: 3767197 3767624 | 175863 176291 | 428 429 | 96.27 | gi_556503834_ref_NC_000913.3_ S0C13
		Marking as insignificant: 290634 291401 | 137606 136839 | 768 768 | 98.83 | gi_556503834_ref_NC_000913.3_ S0C13
		Marking as insignificant: 279162 279930 | 137607 136839 | 769 769 | 98.83 | gi_556503834_ref_NC_000913.3_ S0C13
		Marking as insignificant: 1049778 1050549 | 136839 137610 | 772 772 | 98.83 | gi_556503834_ref_NC_000913.3_ S0C13
		Marking as insignificant: 257908 258676 | 137606 136838 | 769 769 | 100.0 | gi_556503834_ref_NC_000913.3_ S0C13
		Marking as insignificant: 19796 20564 | 137606 136838 | 769 769 | 100.0 | gi_556503834_ref_NC_000913.3_ S0C13
		Marking as insignificant: 1978503 1979285 | 137606 136824 | 783 783 | 99.49 | gi_556503834_ref_NC_000913.3_ S0C13
		Marking as insignificant: 737972 738860 | 177669 178557 | 889 889 | 96.18 | gi_556503834_ref_NC_000913.3_ S0C13
		Marking as insignificant: 734148 735142 | 175297 176291 | 995 995 | 97.79 | gi_556503834_ref_NC_000913.3_ S0C13
		Marking as insignificant: 4175945 4177130 | 24739 23554 | 1186 1186 | 98.99 | gi_556503834_ref_NC_000913.3_ S0C13
		Marking as insignificant: 736681 737971 | 177644 178935 | 1291 1292 | 95.59 | gi_556503834_ref_NC_000913.3_ S0C13
		Marking as insignificant: 1531672 1532962 | 177645 178935 | 1291 1291 | 97.91 | gi_556503834_ref_NC_000913.3_ S0C13
		Marking as insignificant: 729582 733302 | 172602 176322 | 3721 3721 | 96.96 | gi_556503834_ref_NC_000913.3_ S0C13
		Marking as insignificant: 3762183 3765871 | 172603 176291 | 3689 3689 | 99.4 | gi_556503834_ref_NC_000913.3_ S0C13
		One align captures most of this contig: 3446590 3636731 | 1 190142 | 190142 190142 | 100.0 | gi_556503834_ref_NC_000913.3_ S0C13

CONTIG: S0C14 (765052bp)
Top Length: 765052  Top ID: 100.0
		Marking as insignificant: 279931 280111 | 324802 324982 | 181 181 | 100.0 | gi_556503834_ref_NC_000913.3_ S0C14
		Marking as insignificant: 2471882 2472123 | 62270 62029 | 242 242 | 95.04 | gi_556503834_ref_NC_000913.3_ S0C14
		Marking as insignificant: 239098 239377 | 387138 387417 | 280 280 | 97.86 | gi_556503834_ref_NC_000913.3_ S0C14
		Marking as insignificant: 578127 578496 | 277666 278035 | 370 370 | 96.49 | gi_556503834_ref_NC_000913.3_ S0C14
		Marking as insignificant: 3186721 3187426 | 505309 506014 | 706 706 | 100.0 | gi_556503834_ref_NC_000913.3_ S0C14
		Marking as insignificant: 2996361 2997066 | 506014 505309 | 706 706 | 100.0 | gi_556503834_ref_NC_000913.3_ S0C14
		Marking as insignificant: 2068941 2069646 | 506014 505309 | 706 706 | 100.0 | gi_556503834_ref_NC_000913.3_ S0C14
		Marking as insignificant: 1650843 1651548 | 323081 322376 | 706 706 | 100.0 | gi_556503834_ref_NC_000913.3_ S0C14
		Marking as insignificant: 1467910 1468615 | 506014 505309 | 706 706 | 100.0 | gi_556503834_ref_NC_000913.3_ S0C14
		Marking as insignificant: 381885 382590 | 505309 506014 | 706 706 | 100.0 | gi_556503834_ref_NC_000913.3_ S0C14
		Marking as insignificant: 4498806 4499512 | 505309 506015 | 707 707 | 100.0 | gi_556503834_ref_NC_000913.3_ S0C14
		Marking as insignificant: 737972 738860 | 386162 387050 | 889 889 | 95.95 | gi_556503834_ref_NC_000913.3_ S0C14
		Marking as insignificant: 580283 581362 | 491384 490305 | 1080 1080 | 97.13 | gi_556503834_ref_NC_000913.3_ S0C14
		Marking as insignificant: 2288919 2290113 | 251704 250510 | 1195 1195 | 100.0 | gi_556503834_ref_NC_000913.3_ S0C14
		Marking as insignificant: 2288919 2290113 | 155159 153965 | 1195 1195 | 100.0 | gi_556503834_ref_NC_000913.3_ S0C14
		Marking as insignificant: 2066156 2067357 | 155162 153961 | 1202 1202 | 99.5 | gi_556503834_ref_NC_000913.3_ S0C14
		Marking as insignificant: 2066156 2067357 | 251707 250506 | 1202 1202 | 99.5 | gi_556503834_ref_NC_000913.3_ S0C14
		Marking as insignificant: 273951 275149 | 155163 153965 | 1199 1199 | 99.92 | gi_556503834_ref_NC_000913.3_ S0C14
		Marking as insignificant: 273950 275149 | 251709 250510 | 1200 1200 | 99.92 | gi_556503834_ref_NC_000913.3_ S0C14
		Marking as insignificant: 2101745 2102946 | 251708 250507 | 1202 1202 | 99.92 | gi_556503834_ref_NC_000913.3_ S0C14
		Marking as insignificant: 2101745 2102946 | 155163 153962 | 1202 1202 | 99.92 | gi_556503834_ref_NC_000913.3_ S0C14
		Marking as insignificant: 3130143 3131344 | 250507 251708 | 1202 1202 | 100.0 | gi_556503834_ref_NC_000913.3_ S0C14
		Marking as insignificant: 3652032 3653234 | 251708 250506 | 1203 1203 | 100.0 | gi_556503834_ref_NC_000913.3_ S0C14
		Marking as insignificant: 3365552 3366754 | 251708 250506 | 1203 1203 | 100.0 | gi_556503834_ref_NC_000913.3_ S0C14
		Marking as insignificant: 687847 689049 | 155163 153961 | 1203 1203 | 100.0 | gi_556503834_ref_NC_000913.3_ S0C14
		Marking as insignificant: 574587 575789 | 251708 250506 | 1203 1203 | 100.0 | gi_556503834_ref_NC_000913.3_ S0C14
		Marking as insignificant: 3130143 3131346 | 153962 155165 | 1204 1204 | 100.0 | gi_556503834_ref_NC_000913.3_ S0C14
		Marking as insignificant: 574586 575789 | 155164 153961 | 1204 1204 | 100.0 | gi_556503834_ref_NC_000913.3_ S0C14
		Marking as insignificant: 3652030 3653234 | 155165 153961 | 1205 1205 | 100.0 | gi_556503834_ref_NC_000913.3_ S0C14
		Marking as insignificant: 3365552 3366759 | 155163 153956 | 1208 1208 | 99.92 | gi_556503834_ref_NC_000913.3_ S0C14
		Marking as insignificant: 687846 689053 | 251709 250502 | 1208 1208 | 99.92 | gi_556503834_ref_NC_000913.3_ S0C14
		Marking as insignificant: 736707 737971 | 386163 387428 | 1265 1266 | 95.58 | gi_556503834_ref_NC_000913.3_ S0C14
		Marking as insignificant: 4507459 4508679 | 324982 323762 | 1221 1221 | 100.0 | gi_556503834_ref_NC_000913.3_ S0C14
		Marking as insignificant: 270527 271761 | 323748 324982 | 1235 1235 | 99.51 | gi_556503834_ref_NC_000913.3_ S0C14
		Marking as insignificant: 3624234 3625524 | 386138 387428 | 1291 1291 | 97.91 | gi_556503834_ref_NC_000913.3_ S0C14
		Marking as insignificant: 4498181 4499511 | 323706 322376 | 1331 1331 | 100.0 | gi_556503834_ref_NC_000913.3_ S0C14
		Marking as insignificant: 381260 382590 | 323706 322376 | 1331 1331 | 100.0 | gi_556503834_ref_NC_000913.3_ S0C14
		Marking as insignificant: 2068940 2070271 | 322375 323706 | 1332 1332 | 100.0 | gi_556503834_ref_NC_000913.3_ S0C14
		Marking as insignificant: 3186095 3187427 | 323707 322375 | 1333 1333 | 100.0 | gi_556503834_ref_NC_000913.3_ S0C14
		Marking as insignificant: 2996361 2997694 | 322376 323709 | 1334 1334 | 100.0 | gi_556503834_ref_NC_000913.3_ S0C14
		Marking as insignificant: 3666176 3667679 | 425107 426610 | 1504 1504 | 96.48 | gi_556503834_ref_NC_000913.3_ S0C14
		Marking as insignificant: 525472 527034 | 382392 383954 | 1563 1563 | 95.91 | gi_556503834_ref_NC_000913.3_ S0C14
		Marking as insignificant: 1632528 1635088 | 289234 286674 | 2561 2561 | 98.91 | gi_556503834_ref_NC_000913.3_ S0C14
		Marking as insignificant: 1432208 1434768 | 489554 486994 | 2561 2561 | 98.91 | gi_556503834_ref_NC_000913.3_ S0C14
		One align captures most of this contig: 1145535 1910586 | 1 765052 | 765052 765052 | 100.0 | gi_556503834_ref_NC_000913.3_ S0C14

CONTIG: S0C15 (14383bp)
Top Length: 14383  Top ID: 100.0
		One align captures most of this contig: 4568941 4583323 | 1 14383 | 14383 14383 | 100.0 | gi_556503834_ref_NC_000913.3_ S0C15

CONTIG: S0C16 (240927bp)
Top Length: 240927  Top ID: 100.0
		Marking as insignificant: 4392583 4392658 | 81522 81447 | 76 76 | 100.0 | gi_556503834_ref_NC_000913.3_ S0C16
		Marking as insignificant: 4392472 4392547 | 81522 81447 | 76 76 | 100.0 | gi_556503834_ref_NC_000913.3_ S0C16
		Marking as insignificant: 4392360 4392435 | 81522 81447 | 76 76 | 100.0 | gi_556503834_ref_NC_000913.3_ S0C16
		Marking as insignificant: 2059846 2059930 | 147512 147428 | 85 85 | 100.0 | gi_556503834_ref_NC_000913.3_ S0C16
		Marking as insignificant: 2058023 2058107 | 149335 149251 | 85 85 | 100.0 | gi_556503834_ref_NC_000913.3_ S0C16
		Marking as insignificant: 2062236 2062339 | 147531 147428 | 104 104 | 97.12 | gi_556503834_ref_NC_000913.3_ S0C16
		Marking as insignificant: 2058023 2058126 | 151744 151641 | 104 104 | 97.12 | gi_556503834_ref_NC_000913.3_ S0C16
		Marking as insignificant: 2058023 2058126 | 134033 133930 | 104 104 | 98.08 | gi_556503834_ref_NC_000913.3_ S0C16
		Marking as insignificant: 2044525 2044628 | 147531 147428 | 104 104 | 98.08 | gi_556503834_ref_NC_000913.3_ S0C16
		Marking as insignificant: 1650843 1651548 | 159051 158346 | 706 706 | 100.0 | gi_556503834_ref_NC_000913.3_ S0C16
		Marking as insignificant: 279163 279930 | 67908 68675 | 768 768 | 98.83 | gi_556503834_ref_NC_000913.3_ S0C16
		Marking as insignificant: 1049777 1050545 | 68676 67908 | 769 769 | 98.83 | gi_556503834_ref_NC_000913.3_ S0C16
		Marking as insignificant: 290633 291401 | 67907 68675 | 769 769 | 98.83 | gi_556503834_ref_NC_000913.3_ S0C16
		Marking as insignificant: 257908 258675 | 67908 68675 | 768 768 | 100.0 | gi_556503834_ref_NC_000913.3_ S0C16
		Marking as insignificant: 19796 20563 | 67908 68675 | 768 768 | 100.0 | gi_556503834_ref_NC_000913.3_ S0C16
		Marking as insignificant: 3583413 3584195 | 68690 67908 | 783 783 | 99.49 | gi_556503834_ref_NC_000913.3_ S0C16
		Marking as insignificant: 2288919 2290113 | 155564 156758 | 1195 1195 | 99.58 | gi_556503834_ref_NC_000913.3_ S0C16
		Marking as insignificant: 273955 275149 | 155564 156758 | 1195 1195 | 99.58 | gi_556503834_ref_NC_000913.3_ S0C16
		Marking as insignificant: 3130146 3131343 | 156758 155561 | 1198 1198 | 99.58 | gi_556503834_ref_NC_000913.3_ S0C16
		Marking as insignificant: 3652033 3653234 | 155561 156762 | 1202 1202 | 99.5 | gi_556503834_ref_NC_000913.3_ S0C16
		Marking as insignificant: 3365553 3366754 | 155561 156762 | 1202 1202 | 99.5 | gi_556503834_ref_NC_000913.3_ S0C16
		Marking as insignificant: 1396040 1397241 | 156762 155561 | 1202 1202 | 99.5 | gi_556503834_ref_NC_000913.3_ S0C16
		Marking as insignificant: 1299495 1300696 | 156762 155561 | 1202 1202 | 99.5 | gi_556503834_ref_NC_000913.3_ S0C16
		Marking as insignificant: 687848 689049 | 155561 156762 | 1202 1202 | 99.5 | gi_556503834_ref_NC_000913.3_ S0C16
		Marking as insignificant: 574588 575789 | 155561 156762 | 1202 1202 | 99.5 | gi_556503834_ref_NC_000913.3_ S0C16
		Marking as insignificant: 273951 275149 | 191150 192348 | 1199 1199 | 99.92 | gi_556503834_ref_NC_000913.3_ S0C16
		Marking as insignificant: 3652032 3653233 | 191150 192351 | 1202 1202 | 99.92 | gi_556503834_ref_NC_000913.3_ S0C16
		Marking as insignificant: 2288916 2290117 | 191151 192352 | 1202 1202 | 99.92 | gi_556503834_ref_NC_000913.3_ S0C16
		Marking as insignificant: 1396041 1397242 | 192351 191150 | 1202 1202 | 99.92 | gi_556503834_ref_NC_000913.3_ S0C16
		Marking as insignificant: 1299496 1300697 | 192351 191150 | 1202 1202 | 99.92 | gi_556503834_ref_NC_000913.3_ S0C16
		Marking as insignificant: 687847 689048 | 191150 192351 | 1202 1202 | 99.92 | gi_556503834_ref_NC_000913.3_ S0C16
		Marking as insignificant: 574587 575788 | 191150 192351 | 1202 1202 | 99.92 | gi_556503834_ref_NC_000913.3_ S0C16
		Marking as insignificant: 3365551 3366753 | 191149 192351 | 1203 1203 | 99.92 | gi_556503834_ref_NC_000913.3_ S0C16
		Marking as insignificant: 3130141 3131344 | 192353 191150 | 1204 1204 | 99.92 | gi_556503834_ref_NC_000913.3_ S0C16
		Marking as insignificant: 4498181 4499511 | 159676 158346 | 1331 1331 | 100.0 | gi_556503834_ref_NC_000913.3_ S0C16
		Marking as insignificant: 2996361 2997691 | 158346 159676 | 1331 1331 | 100.0 | gi_556503834_ref_NC_000913.3_ S0C16
		Marking as insignificant: 3186096 3187427 | 159676 158345 | 1332 1332 | 100.0 | gi_556503834_ref_NC_000913.3_ S0C16
		Marking as insignificant: 1467909 1469240 | 158345 159676 | 1332 1332 | 100.0 | gi_556503834_ref_NC_000913.3_ S0C16
		Marking as insignificant: 381258 382590 | 159678 158346 | 1333 1333 | 100.0 | gi_556503834_ref_NC_000913.3_ S0C16
		One align captures most of this contig: 1910596 2151522 | 1 240927 | 240927 240927 | 100.0 | gi_556503834_ref_NC_000913.3_ S0C16

CONTIG: S0C17 (31923bp)
Top Length: 31923  Top ID: 100.0
		One align captures most of this contig: 4263618 4295540 | 1 31923 | 31923 31923 | 100.0 | gi_556503834_ref_NC_000913.3_ S0C17

CONTIG: S0C18 (141065bp)
Top Length: 141065  Top ID: 100.0
		Marking as insignificant: 925841 925978 | 121782 121919 | 138 138 | 98.55 | gi_556503834_ref_NC_000913.3_ S0C18
		Marking as insignificant: 257908 258675 | 74805 74038 | 768 768 | 98.83 | gi_556503834_ref_NC_000913.3_ S0C18
		Marking as insignificant: 19796 20563 | 74805 74038 | 768 768 | 98.83 | gi_556503834_ref_NC_000913.3_ S0C18
		Marking as insignificant: 1978503 1979271 | 74805 74037 | 769 769 | 98.83 | gi_556503834_ref_NC_000913.3_ S0C18
		Marking as insignificant: 3583428 3584199 | 74038 74809 | 772 772 | 98.83 | gi_556503834_ref_NC_000913.3_ S0C18
		Marking as insignificant: 290634 291401 | 74805 74038 | 768 768 | 99.48 | gi_556503834_ref_NC_000913.3_ S0C18
		Marking as insignificant: 279162 279930 | 74806 74038 | 769 769 | 99.48 | gi_556503834_ref_NC_000913.3_ S0C18
		Marking as insignificant: 315229 316483 | 119759 118505 | 1255 1255 | 100.0 | gi_556503834_ref_NC_000913.3_ S0C18
		Marking as insignificant: 2170170 2171428 | 119763 118505 | 1259 1259 | 100.0 | gi_556503834_ref_NC_000913.3_ S0C18
		Marking as insignificant: 566776 568035 | 119763 118504 | 1260 1260 | 100.0 | gi_556503834_ref_NC_000913.3_ S0C18
		Marking as insignificant: 391708 392967 | 118504 119763 | 1260 1260 | 100.0 | gi_556503834_ref_NC_000913.3_ S0C18
		One align captures most of this contig: 975741 1116805 | 1 141065 | 141065 141065 | 100.0 | gi_556503834_ref_NC_000913.3_ S0C18

CONTIG: S0C19 (124246bp)
Top Length: 124246  Top ID: 100.0
		Marking as insignificant: 1650843 1651548 | 59143 58438 | 706 706 | 100.0 | gi_556503834_ref_NC_000913.3_ S0C19
		Marking as insignificant: 4498181 4499511 | 59768 58438 | 1331 1331 | 100.0 | gi_556503834_ref_NC_000913.3_ S0C19
		Marking as insignificant: 2068941 2070271 | 58438 59768 | 1331 1331 | 100.0 | gi_556503834_ref_NC_000913.3_ S0C19
		Marking as insignificant: 3186095 3187426 | 59769 58438 | 1332 1332 | 100.0 | gi_556503834_ref_NC_000913.3_ S0C19
		Marking as insignificant: 381260 382592 | 59768 58436 | 1333 1333 | 100.0 | gi_556503834_ref_NC_000913.3_ S0C19
		Marking as insignificant: 1467910 1469243 | 58438 59771 | 1334 1334 | 100.0 | gi_556503834_ref_NC_000913.3_ S0C19
		One align captures most of this contig: 2937924 3062169 | 1 124246 | 124246 124246 | 100.0 | gi_556503834_ref_NC_000913.3_ S0C19

CONTIG: S0C20 (119998bp)
Top Length: 119998  Top ID: 100.0
		One align captures most of this contig: 100254 220251 | 1 119998 | 119998 119998 | 100.0 | gi_556503834_ref_NC_000913.3_ S0C20

CONTIG: S0C21 (65814bp)
Top Length: 65814  Top ID: 100.0
		One align captures most of this contig: 2872095 2937908 | 1 65814 | 65814 65814 | 100.0 | gi_556503834_ref_NC_000913.3_ S0C21

CONTIG: S0C22 (392669bp)
Top Length: 392669  Top ID: 100.0
		Marking as insignificant: 2520931 2521006 | 198003 198078 | 76 76 | 100.0 | gi_556503834_ref_NC_000913.3_ S0C22
		Marking as insignificant: 2520931 2521006 | 197700 197775 | 76 76 | 100.0 | gi_556503834_ref_NC_000913.3_ S0C22
		Marking as insignificant: 2521051 2521127 | 197700 197776 | 77 77 | 100.0 | gi_556503834_ref_NC_000913.3_ S0C22
		Marking as insignificant: 2521253 2521330 | 197489 197566 | 78 78 | 100.0 | gi_556503834_ref_NC_000913.3_ S0C22
		Marking as insignificant: 2521051 2521128 | 198003 198080 | 78 78 | 100.0 | gi_556503834_ref_NC_000913.3_ S0C22
		Marking as insignificant: 2521253 2521335 | 198304 198386 | 83 83 | 98.8 | gi_556503834_ref_NC_000913.3_ S0C22
		Marking as insignificant: 3071271 3071396 | 220257 220382 | 126 126 | 98.41 | gi_556503834_ref_NC_000913.3_ S0C22
		Marking as insignificant: 3071271 3071398 | 13915 14042 | 128 128 | 99.22 | gi_556503834_ref_NC_000913.3_ S0C22
		Marking as insignificant: 1097522 1097659 | 342776 342913 | 138 138 | 98.55 | gi_556503834_ref_NC_000913.3_ S0C22
		Marking as insignificant: 2521173 2521328 | 197700 197853 | 156 154 | 98.72 | gi_556503834_ref_NC_000913.3_ S0C22
		Marking as insignificant: 2521173 2521328 | 198003 198157 | 156 155 | 99.36 | gi_556503834_ref_NC_000913.3_ S0C22
		Marking as insignificant: 2229115 2229376 | 332223 331962 | 262 262 | 95.04 | gi_556503834_ref_NC_000913.3_ S0C22
		Marking as insignificant: 2521253 2521520 | 198512 198779 | 268 268 | 99.63 | gi_556503834_ref_NC_000913.3_ S0C22
		Marking as insignificant: 1531696 1532584 | 154907 155795 | 889 889 | 95.95 | gi_556503834_ref_NC_000913.3_ S0C22
		Marking as insignificant: 3624258 3625146 | 154907 155795 | 889 889 | 96.18 | gi_556503834_ref_NC_000913.3_ S0C22
		Marking as insignificant: 3621886 3622880 | 151083 152077 | 995 995 | 97.79 | gi_556503834_ref_NC_000913.3_ S0C22
		Marking as insignificant: 3764877 3765899 | 151083 152105 | 1023 1023 | 98.14 | gi_556503834_ref_NC_000913.3_ S0C22
		Marking as insignificant: 2288919 2290113 | 104786 105980 | 1195 1195 | 100.0 | gi_556503834_ref_NC_000913.3_ S0C22
		Marking as insignificant: 2066156 2067357 | 104783 105984 | 1202 1202 | 99.5 | gi_556503834_ref_NC_000913.3_ S0C22
		Marking as insignificant: 2101745 2102946 | 104782 105983 | 1202 1202 | 99.92 | gi_556503834_ref_NC_000913.3_ S0C22
		Marking as insignificant: 273948 275149 | 104779 105980 | 1202 1202 | 99.92 | gi_556503834_ref_NC_000913.3_ S0C22
		Marking as insignificant: 3130143 3131344 | 105983 104782 | 1202 1202 | 100.0 | gi_556503834_ref_NC_000913.3_ S0C22
		Marking as insignificant: 3365552 3366754 | 104782 105984 | 1203 1203 | 100.0 | gi_556503834_ref_NC_000913.3_ S0C22
		Marking as insignificant: 1299495 1300697 | 105984 104782 | 1203 1203 | 100.0 | gi_556503834_ref_NC_000913.3_ S0C22
		Marking as insignificant: 574587 575789 | 104782 105984 | 1203 1203 | 100.0 | gi_556503834_ref_NC_000913.3_ S0C22
		Marking as insignificant: 1396036 1397243 | 105988 104781 | 1208 1208 | 99.92 | gi_556503834_ref_NC_000913.3_ S0C22
		Marking as insignificant: 3652032 3653240 | 104782 105990 | 1209 1209 | 99.92 | gi_556503834_ref_NC_000913.3_ S0C22
		Marking as insignificant: 1531697 1532962 | 153642 154906 | 1266 1265 | 95.58 | gi_556503834_ref_NC_000913.3_ S0C22
		Marking as insignificant: 3624233 3625524 | 153616 154906 | 1292 1291 | 95.59 | gi_556503834_ref_NC_000913.3_ S0C22
		Marking as insignificant: 15376 16742 | 24931 26297 | 1367 1367 | 99.56 | gi_556503834_ref_NC_000913.3_ S0C22
		Marking as insignificant: 2514263 2515627 | 24932 26296 | 1365 1365 | 99.71 | gi_556503834_ref_NC_000913.3_ S0C22
		Marking as insignificant: 3619191 3622911 | 146517 150237 | 3721 3721 | 96.96 | gi_556503834_ref_NC_000913.3_ S0C22
		Marking as insignificant: 3762066 3765895 | 146400 150230 | 3830 3831 | 97.1 | gi_556503834_ref_NC_000913.3_ S0C22
		One align captures most of this contig: 583066 975734 | 1 392669 | 392669 392669 | 100.0 | gi_556503834_ref_NC_000913.3_ S0C22

CONTIG: S0C23 (626860bp)
Top Length: 626860  Top ID: 100.0
		Marking as insignificant: 236931 237008 | 310118 310195 | 78 78 | 100.0 | gi_556503834_ref_NC_000913.3_ S0C23
		Marking as insignificant: 4606079 4606166 | 345938 345851 | 88 88 | 100.0 | gi_556503834_ref_NC_000913.3_ S0C23
		Marking as insignificant: 4606315 4606403 | 345938 345850 | 89 89 | 100.0 | gi_556503834_ref_NC_000913.3_ S0C23
		Marking as insignificant: 3423418 3423548 | 576410 576280 | 131 131 | 98.47 | gi_556503834_ref_NC_000913.3_ S0C23
		Marking as insignificant: 3423418 3423552 | 310070 309935 | 135 136 | 97.06 | gi_556503834_ref_NC_000913.3_ S0C23
		Marking as insignificant: 3423214 3423548 | 404091 403757 | 335 335 | 95.82 | gi_556503834_ref_NC_000913.3_ S0C23
		Marking as insignificant: 3423209 3423548 | 535216 534877 | 340 340 | 95.59 | gi_556503834_ref_NC_000913.3_ S0C23
		Marking as insignificant: 3623835 3624233 | 129531 129929 | 399 399 | 97.24 | gi_556503834_ref_NC_000913.3_ S0C23
		Marking as insignificant: 3622452 3622880 | 130443 130870 | 429 428 | 96.27 | gi_556503834_ref_NC_000913.3_ S0C23
		Marking as insignificant: 734148 735170 | 128123 129145 | 1023 1023 | 98.14 | gi_556503834_ref_NC_000913.3_ S0C23
		Marking as insignificant: 3470143 3471328 | 540376 539191 | 1186 1186 | 98.99 | gi_556503834_ref_NC_000913.3_ S0C23
		Marking as insignificant: 2066156 2067357 | 15279 16480 | 1202 1202 | 99.5 | gi_556503834_ref_NC_000913.3_ S0C23
		Marking as insignificant: 273951 275149 | 15278 16476 | 1199 1199 | 99.92 | gi_556503834_ref_NC_000913.3_ S0C23
		Marking as insignificant: 2288912 2290113 | 15275 16476 | 1202 1202 | 99.83 | gi_556503834_ref_NC_000913.3_ S0C23
		Marking as insignificant: 2101745 2102946 | 15278 16479 | 1202 1202 | 99.92 | gi_556503834_ref_NC_000913.3_ S0C23
		Marking as insignificant: 3365552 3366754 | 15278 16480 | 1203 1203 | 100.0 | gi_556503834_ref_NC_000913.3_ S0C23
		Marking as insignificant: 1396040 1397242 | 16480 15278 | 1203 1203 | 100.0 | gi_556503834_ref_NC_000913.3_ S0C23
		Marking as insignificant: 3130143 3131346 | 16479 15276 | 1204 1204 | 100.0 | gi_556503834_ref_NC_000913.3_ S0C23
		Marking as insignificant: 574586 575789 | 15277 16480 | 1204 1204 | 100.0 | gi_556503834_ref_NC_000913.3_ S0C23
		Marking as insignificant: 1299495 1300699 | 16480 15276 | 1205 1205 | 100.0 | gi_556503834_ref_NC_000913.3_ S0C23
		Marking as insignificant: 687847 689055 | 15278 16486 | 1209 1209 | 99.92 | gi_556503834_ref_NC_000913.3_ S0C23
		Marking as insignificant: 1570641 1572144 | 29422 30925 | 1504 1504 | 96.48 | gi_556503834_ref_NC_000913.3_ S0C23
		Marking as insignificant: 223625 225356 | 304908 306639 | 1732 1732 | 99.08 | gi_556503834_ref_NC_000913.3_ S0C23
		Marking as insignificant: 3427177 3428908 | 306639 304908 | 1732 1732 | 99.65 | gi_556503834_ref_NC_000913.3_ S0C23
		Marking as insignificant: 3427169 3428908 | 531499 529759 | 1740 1741 | 99.25 | gi_556503834_ref_NC_000913.3_ S0C23
		Marking as insignificant: 223625 225364 | 529759 531499 | 1740 1741 | 99.25 | gi_556503834_ref_NC_000913.3_ S0C23
		Marking as insignificant: 3427169 3428998 | 572987 571159 | 1830 1829 | 99.13 | gi_556503834_ref_NC_000913.3_ S0C23
		Marking as insignificant: 223465 225364 | 571089 572987 | 1900 1899 | 99.21 | gi_556503834_ref_NC_000913.3_ S0C23
		Marking as insignificant: 2729567 2731485 | 400367 398448 | 1919 1920 | 98.91 | gi_556503834_ref_NC_000913.3_ S0C23
		Marking as insignificant: 3423662 3426896 | 576411 573167 | 3235 3245 | 99.14 | gi_556503834_ref_NC_000913.3_ S0C23
		Marking as insignificant: 2726052 2729297 | 403899 400643 | 3246 3257 | 98.83 | gi_556503834_ref_NC_000913.3_ S0C23
		Marking as insignificant: 3423663 3426896 | 535007 531765 | 3234 3243 | 99.26 | gi_556503834_ref_NC_000913.3_ S0C23
		Marking as insignificant: 225637 228880 | 531765 535007 | 3244 3243 | 99.26 | gi_556503834_ref_NC_000913.3_ S0C23
		Marking as insignificant: 3423658 3426896 | 310075 306828 | 3239 3248 | 99.14 | gi_556503834_ref_NC_000913.3_ S0C23
		Marking as insignificant: 225637 228882 | 573167 576412 | 3246 3246 | 99.41 | gi_556503834_ref_NC_000913.3_ S0C23
		Marking as insignificant: 225637 229005 | 306828 310195 | 3369 3368 | 99.44 | gi_556503834_ref_NC_000913.3_ S0C23
		Marking as insignificant: 3619192 3622880 | 125429 129117 | 3689 3689 | 99.4 | gi_556503834_ref_NC_000913.3_ S0C23
		Marking as insignificant: 729465 733295 | 125312 129141 | 3831 3830 | 97.1 | gi_556503834_ref_NC_000913.3_ S0C23
		Marking as insignificant: 2726062 2731303 | 576412 571247 | 5242 5166 | 97.53 | gi_556503834_ref_NC_000913.3_ S0C23
		Marking as insignificant: 2726062 2731485 | 310072 304725 | 5424 5348 | 97.15 | gi_556503834_ref_NC_000913.3_ S0C23
		Marking as insignificant: 3423663 3428908 | 403887 398631 | 5246 5257 | 99.2 | gi_556503834_ref_NC_000913.3_ S0C23
		Marking as insignificant: 223625 228880 | 398631 403887 | 5256 5257 | 99.41 | gi_556503834_ref_NC_000913.3_ S0C23
		Marking as insignificant: 2726052 2731485 | 535019 529576 | 5434 5444 | 99.08 | gi_556503834_ref_NC_000913.3_ S0C23
		One align captures most of this contig: 3636755 4263614 | 1 626860 | 626860 626860 | 100.0 | gi_556503834_ref_NC_000913.3_ S0C23

Analyzing coverage...
Writing SNPs into /net/metagenomics/projects/afritz_assemblies/Simpipeline_Coverage_Sweep/000_error/Ecoli_cov8/quast_gsa/contigs_reports/nucmer_output/anonymous_gsa.used_snps
	Reference gi_556503834_ref_NC_000913.3_: 24 total alignments. 1 total regions.
		Region: 1 to 4641652 (4641652 bp)
			START in gap: 1 to 87 (86 bp)
			Align 1: 87 44690 S0C8 1 44604
				Gap between this and next alignment: 44690 to 44704 (13 bp)
				Next Alignment: 44704 100241 S0C6 1 55538

			Align 2: 44704 100241 S0C6 1 55538
				Gap between this and next alignment: 100241 to 100254 (12 bp)
				Next Alignment: 100254 220251 S0C20 1 119998

			Align 3: 100254 220251 S0C20 1 119998
				Gap between this and next alignment: 220251 to 220288 (36 bp)
				Next Alignment: 220288 583055 S0C2 1 362768

			Align 4: 220288 583055 S0C2 1 362768
				Gap between this and next alignment: 583055 to 583066 (10 bp)
				Next Alignment: 583066 975734 S0C22 1 392669

			Align 5: 583066 975734 S0C22 1 392669
				Gap between this and next alignment: 975734 to 975741 (6 bp)
				Next Alignment: 975741 1116805 S0C18 1 141065

			Align 6: 975741 1116805 S0C18 1 141065
				Gap between this and next alignment: 1116805 to 1116821 (15 bp)
				Next Alignment: 1116821 1145514 S0C11 1 28694

			Align 7: 1116821 1145514 S0C11 1 28694
				Gap between this and next alignment: 1145514 to 1145535 (20 bp)
				Next Alignment: 1145535 1910586 S0C14 1 765052

			Align 8: 1145535 1910586 S0C14 1 765052
				Gap between this and next alignment: 1910586 to 1910596 (9 bp)
				Next Alignment: 1910596 2151522 S0C16 1 240927

			Align 9: 1910596 2151522 S0C16 1 240927
				Gap between this and next alignment: 2151522 to 2151541 (18 bp)
				Next Alignment: 2151541 2254966 S0C5 1 103426

			Align 10: 2151541 2254966 S0C5 1 103426
				Gap between this and next alignment: 2254966 to 2255004 (37 bp)
				Next Alignment: 2255004 2872076 S0C7 1 617073

			Align 11: 2255004 2872076 S0C7 1 617073
				Gap between this and next alignment: 2872076 to 2872095 (18 bp)
				Next Alignment: 2872095 2937908 S0C21 1 65814

			Align 12: 2872095 2937908 S0C21 1 65814
				Gap between this and next alignment: 2937908 to 2937924 (15 bp)
				Next Alignment: 2937924 3062169 S0C19 1 124246

			Align 13: 2937924 3062169 S0C19 1 124246
				Gap between this and next alignment: 3062169 to 3062206 (36 bp)
				Next Alignment: 3062206 3325144 S0C1 1 262939

			Align 14: 3062206 3325144 S0C1 1 262939
				Gap between this and next alignment: 3325144 to 3325153 (8 bp)
				Next Alignment: 3325153 3396139 S0C10 1 70987

			Align 15: 3325153 3396139 S0C10 1 70987
				Gap between this and next alignment: 3396139 to 3396155 (15 bp)
				Next Alignment: 3396155 3446560 S0C0 1 50406

			Align 16: 3396155 3446560 S0C0 1 50406
				Gap between this and next alignment: 3446560 to 3446590 (29 bp)
				Next Alignment: 3446590 3636731 S0C13 1 190142

			Align 17: 3446590 3636731 S0C13 1 190142
				Gap between this and next alignment: 3636731 to 3636755 (23 bp)
				Next Alignment: 3636755 4263614 S0C23 1 626860

			Align 18: 3636755 4263614 S0C23 1 626860
				Gap between this and next alignment: 4263614 to 4263618 (3 bp)
				Next Alignment: 4263618 4295540 S0C17 1 31923

			Align 19: 4263618 4295540 S0C17 1 31923
				Gap between this and next alignment: 4295540 to 4295542 (1 bp)
				Next Alignment: 4295542 4339709 S0C4 1 44168

			Align 20: 4295542 4339709 S0C4 1 44168
				Gap between this and next alignment: 4339709 to 4339751 (41 bp)
				Next Alignment: 4339751 4453692 S0C9 1 113942

			Align 21: 4339751 4453692 S0C9 1 113942
				Gap between this and next alignment: 4453692 to 4453705 (12 bp)
				Next Alignment: 4453705 4568917 S0C12 1 115213

			Align 22: 4453705 4568917 S0C12 1 115213
				Gap between this and next alignment: 4568917 to 4568941 (23 bp)
				Next Alignment: 4568941 4583323 S0C15 1 14383

			Align 23: 4568941 4583323 S0C15 1 14383
				Gap between this and next alignment: 4583323 to 4583327 (3 bp)
				Next Alignment: 4583327 4641652 S0C3 1 58326

			Align 24: 4583327 4641652 S0C3 1 58326
			END in current alignment.  Modifying 4641652 to 4641652.

Analysis is finished!
Founded SNPs were written into /net/metagenomics/projects/afritz_assemblies/Simpipeline_Coverage_Sweep/000_error/Ecoli_cov8/quast_gsa/contigs_reports/nucmer_output/anonymous_gsa.used_snps

Results:
	Local Misassemblies: 0
	Misassemblies: 0
		Relocations: 0
		Translocations: 0
		Inversions: 0
	Misassembled Contigs: 0
	Misassembled Contig Bases: 0
	Misassemblies Inter-Contig Overlap: 0
Uncovered Regions: 0 (0)
Unaligned Contigs: 0 + 0 part
Partially Unaligned Contigs with Misassemblies: 0
Unaligned Contig Bases: 0

Ambiguously Mapped Contigs: 0
Total Bases in Ambiguously Mapped Contigs: 0
Note that --allow-ambiguity option was set to "one" and only first alignment per each contig was used.

	Covered Bases: 4641163

	SNPs: 0
	Insertions: 0
	Deletions: 0

	Positive Gaps: 24
		Internal Gaps:  0
		External Gaps:  24
		External Gap Total:  489
		External Gap Average: 20
	Negative Gaps: 0
		Internal Overlaps:  0
		External Overlaps:  0
		External Overlaps Total:  0
		External Overlaps Average: 0
	Contigs with Redundant Alignments: 0 (0)
