/home/afritz/bin/quast-3.2/quast.pyc --meta  --no-check-meta  --contig-thresholds 1000,5000,10000,25000,50000 -R /net/metagenomics/projects/afritz_assemblies/Coverage_Sweep_wgsim/050_error/quast/SPAdes_cov16/quast_corrected_input/e_coli_k12.fa -o /net/metagenomics/projects/afritz_assemblies/Coverage_Sweep_wgsim/050_error/quast/SPAdes_cov16/runs_per_reference/e_coli_k12 --labels scaffolds /net/metagenomics/projects/afritz_assemblies/Coverage_Sweep_wgsim/050_error/quast/SPAdes_cov16/quast_corrected_input/scaffolds_to_e_coli_k12.fasta

Started: 2016-05-04 09:39:43

Logging to /net/metagenomics/projects/afritz_assemblies/Coverage_Sweep_wgsim/050_error/quast/SPAdes_cov16/runs_per_reference/e_coli_k12/quast.log

NOTICE: Maximum number of threads is set to 15 (use --threads option to set it manually)

Main parameters: 
  Threads: 15, meta: true, minimum contig length: 500, ambiguity: one, threshold for extensive misassembly size: 1000

Reference:
  /net/metagenomics/projects/afritz_assemblies/Coverage_Sweep_wgsim/050_error/quast/SPAdes_cov16/quast_corrected_input/e_coli_k12.fa ==> e_coli_k12

Contigs:
  /net/metagenomics/projects/afritz_assemblies/Coverage_Sweep_wgsim/050_error/quast/SPAdes_cov16/quast_corrected_input/scaffolds_to_e_coli_k12.fasta ==> scaffolds

2016-05-04 09:39:44
Running Basic statistics processor...
  Reference genome:
    e_coli_k12.fa, Reference length = 4641652, Reference GC % = 50.79
  Contig files: 
    scaffolds
  Calculating N50 and L50...
    scaffolds, N50 = 2615, L50 = 529, Total length = 4388761, GC % = 50.76, # N's per 100 kbp =  18.66
  Drawing Nx plot...
    saved to /net/metagenomics/projects/afritz_assemblies/Coverage_Sweep_wgsim/050_error/quast/SPAdes_cov16/runs_per_reference/e_coli_k12/basic_stats/Nx_plot.pdf
  Drawing NGx plot...
    saved to /net/metagenomics/projects/afritz_assemblies/Coverage_Sweep_wgsim/050_error/quast/SPAdes_cov16/runs_per_reference/e_coli_k12/basic_stats/NGx_plot.pdf
  Drawing cumulative plot...
    saved to /net/metagenomics/projects/afritz_assemblies/Coverage_Sweep_wgsim/050_error/quast/SPAdes_cov16/runs_per_reference/e_coli_k12/basic_stats/cumulative_plot.pdf
  Drawing GC content plot...
    saved to /net/metagenomics/projects/afritz_assemblies/Coverage_Sweep_wgsim/050_error/quast/SPAdes_cov16/runs_per_reference/e_coli_k12/basic_stats/GC_content_plot.pdf
Done.

2016-05-04 09:39:46
Running Contig analyzer...
  scaffolds
  Logging to files /net/metagenomics/projects/afritz_assemblies/Coverage_Sweep_wgsim/050_error/quast/SPAdes_cov16/runs_per_reference/e_coli_k12/contigs_reports/contigs_report_scaffolds.stdout and contigs_report_scaffolds.stderr...
  Running Nucmer
  libs/MUMmer3.23-linux/nucmer -c 65 -l 65 --maxmatch -p /net/metagenomics/projects/afritz_assemblies/Coverage_Sweep_wgsim/050_error/quast/SPAdes_cov16/runs_per_reference/e_coli_k12/contigs_reports/nucmer_output/scaffolds \
  /net/metagenomics/projects/afritz_assemblies/Coverage_Sweep_wgsim/050_error/quast/SPAdes_cov16/runs_per_reference/e_coli_k12/quast_corrected_input/e_coli_k12.fa \
  /net/metagenomics/projects/afritz_assemblies/Coverage_Sweep_wgsim/050_error/quast/SPAdes_cov16/quast_corrected_input/scaffolds_to_e_coli_k12.fasta \
  >> /net/metagenomics/projects/afritz_assemblies/Coverage_Sweep_wgsim/050_error/quast/SPAdes_cov16/runs_per_reference/e_coli_k12/contigs_reports/contigs_report_scaffolds.stdout \
  2>> /net/metagenomics/projects/afritz_assemblies/Coverage_Sweep_wgsim/050_error/quast/SPAdes_cov16/runs_per_reference/e_coli_k12/contigs_reports/contigs_report_scaffolds.stderr
  libs/MUMmer3.23-linux/delta-filter -i 95 -l 0 /net/metagenomics/projects/afritz_assemblies/Coverage_Sweep_wgsim/050_error/quast/SPAdes_cov16/runs_per_reference/e_coli_k12/contigs_reports/nucmer_output/scaffolds.delta \
  > /net/metagenomics/projects/afritz_assemblies/Coverage_Sweep_wgsim/050_error/quast/SPAdes_cov16/runs_per_reference/e_coli_k12/contigs_reports/nucmer_output/scaffolds.fdelta \
  2> /net/metagenomics/projects/afritz_assemblies/Coverage_Sweep_wgsim/050_error/quast/SPAdes_cov16/runs_per_reference/e_coli_k12/contigs_reports/contigs_report_scaffolds.stderr
  libs/MUMmer3.23-linux/show-coords /net/metagenomics/projects/afritz_assemblies/Coverage_Sweep_wgsim/050_error/quast/SPAdes_cov16/runs_per_reference/e_coli_k12/contigs_reports/nucmer_output/scaffolds.delta \
  > /net/metagenomics/projects/afritz_assemblies/Coverage_Sweep_wgsim/050_error/quast/SPAdes_cov16/runs_per_reference/e_coli_k12/contigs_reports/nucmer_output/scaffolds.coords_tmp \
  2> /net/metagenomics/projects/afritz_assemblies/Coverage_Sweep_wgsim/050_error/quast/SPAdes_cov16/runs_per_reference/e_coli_k12/contigs_reports/contigs_report_scaffolds.stderr
  libs/MUMmer3.23-linux/show-snps -S -T -H /net/metagenomics/projects/afritz_assemblies/Coverage_Sweep_wgsim/050_error/quast/SPAdes_cov16/runs_per_reference/e_coli_k12/contigs_reports/nucmer_output/scaffolds.delta \
  < /net/metagenomics/projects/afritz_assemblies/Coverage_Sweep_wgsim/050_error/quast/SPAdes_cov16/runs_per_reference/e_coli_k12/contigs_reports/nucmer_output/scaffolds.coords.headless \
  > /net/metagenomics/projects/afritz_assemblies/Coverage_Sweep_wgsim/050_error/quast/SPAdes_cov16/runs_per_reference/e_coli_k12/contigs_reports/nucmer_output/scaffolds.all_snps \
  2> /net/metagenomics/projects/afritz_assemblies/Coverage_Sweep_wgsim/050_error/quast/SPAdes_cov16/runs_per_reference/e_coli_k12/contigs_reports/contigs_report_scaffolds.stderr
  Alignments: ../../../../net/metagenomics/projects/afritz_assemblies/Coverage_Sweep_wgsim/050_error/quast/SPAdes_cov16/runs_per_reference/e_coli_k12/contigs_reports/alignments_scaffolds.tsv
  Analysis is finished.

  Creating total report...
    saved to /net/metagenomics/projects/afritz_assemblies/Coverage_Sweep_wgsim/050_error/quast/SPAdes_cov16/runs_per_reference/e_coli_k12/contigs_reports/misassemblies_report.txt, misassemblies_report.tsv, and misassemblies_report.tex
  Transposed version of total report...
    saved to /net/metagenomics/projects/afritz_assemblies/Coverage_Sweep_wgsim/050_error/quast/SPAdes_cov16/runs_per_reference/e_coli_k12/contigs_reports/transposed_report_misassemblies.txt, transposed_report_misassemblies.tsv, and transposed_report_misassemblies.tex
  Creating total report...
    saved to /net/metagenomics/projects/afritz_assemblies/Coverage_Sweep_wgsim/050_error/quast/SPAdes_cov16/runs_per_reference/e_coli_k12/contigs_reports/unaligned_report.txt, unaligned_report.tsv, and unaligned_report.tex
  Drawing misassemblies by types plot...
    saved to /net/metagenomics/projects/afritz_assemblies/Coverage_Sweep_wgsim/050_error/quast/SPAdes_cov16/runs_per_reference/e_coli_k12/contigs_reports/misassemblies_plot.pdf
Done.

2016-05-04 09:40:09
Running NA-NGA calculation...
  scaffolds, Largest alignment = 13882, NA50 = 2588, NGA50 = 2441, LA50 = 534, LGA50 = 584
  Drawing cumulative plot...
    saved to /net/metagenomics/projects/afritz_assemblies/Coverage_Sweep_wgsim/050_error/quast/SPAdes_cov16/runs_per_reference/e_coli_k12/aligned_stats/cumulative_plot.pdf
  Drawing NAx plot...
    saved to /net/metagenomics/projects/afritz_assemblies/Coverage_Sweep_wgsim/050_error/quast/SPAdes_cov16/runs_per_reference/e_coli_k12/aligned_stats/NAx_plot.pdf
  Drawing NGAx plot...
    saved to /net/metagenomics/projects/afritz_assemblies/Coverage_Sweep_wgsim/050_error/quast/SPAdes_cov16/runs_per_reference/e_coli_k12/aligned_stats/NGAx_plot.pdf
Done.

2016-05-04 09:40:10
Running Genome analyzer...
  NOTICE: No file with genes provided. Use the -G option if you want to specify it.
  NOTICE: No file with operons provided. Use the -O option if you want to specify it.
  scaffolds
  Analysis is finished.
  Skipping drawing Genome fraction, % histogram... (less than 2 columns histogram makes no sense)
Done.

NOTICE: Genes are not predicted by default. Use --gene-finding option to enable it.

2016-05-04 09:40:12
Drawing large plots...
This may take a while: press Ctrl-C to skip this step..
  1 of 2: Creating contig alignment plot...
  2 of 2: Creating PDF with all tables and plots...
Done

2016-05-04 09:40:18
RESULTS:
  Text versions of total report are saved to /net/metagenomics/projects/afritz_assemblies/Coverage_Sweep_wgsim/050_error/quast/SPAdes_cov16/runs_per_reference/e_coli_k12/report.txt, report.tsv, and report.tex
  Text versions of transposed total report are saved to /net/metagenomics/projects/afritz_assemblies/Coverage_Sweep_wgsim/050_error/quast/SPAdes_cov16/runs_per_reference/e_coli_k12/transposed_report.txt, transposed_report.tsv, and transposed_report.tex
  HTML version (interactive tables and plots) saved to /net/metagenomics/projects/afritz_assemblies/Coverage_Sweep_wgsim/050_error/quast/SPAdes_cov16/runs_per_reference/e_coli_k12/report.html
  PDF version (tables and plots) saved to /net/metagenomics/projects/afritz_assemblies/Coverage_Sweep_wgsim/050_error/quast/SPAdes_cov16/runs_per_reference/e_coli_k12/report.pdf
  Contig alignment plot: /net/metagenomics/projects/afritz_assemblies/Coverage_Sweep_wgsim/050_error/quast/SPAdes_cov16/runs_per_reference/e_coli_k12/alignment.svg
