Aligning contigs to reference...
	Running Nucmer
Parsing coords...
Loading reference...
	Loaded [Ecoli_ancestor_Ancestor_]
Loading SNPs...
Loading regions...
	No regions given, using whole reference.
	Total Regions: 1
	Total Region Length: 4641652
Analyzing contigs...
CONTIG: NODE_1_length_264572_cov_65.6157_ID_576294 (264572bp)
Top Length: 178220  Top ID: 99.42
		Skipping redundant alignment 4300171 4300376 | 235917 236122 | 206 206 | 99.03 | Ecoli_ancestor_Ancestor_ NODE_1_length_264572_cov_65.6157_ID_576294
		This contig is misassembled. 3 total aligns.
			Excluding internal overlap of size 355 between Alignment 1 and 2:  1772668 1859373 | 177866 264572 | 86706 86707 --> 1773023 1859373 | 178221 264572 | 86351 86352
			Real Alignment 1: 1594389 1772607 | 1 178220 | 178219 178220 | 99.42 | Ecoli_ancestor_Ancestor_ NODE_1_length_264572_cov_65.6157_ID_576294
			  Gap between these two alignments (local misassembly). Inconsistency = 415 
			Real Alignment 2: 1773023 1859373 | 178221 264572 | 86351 86352 | 99.48 | Ecoli_ancestor_Ancestor_ NODE_1_length_264572_cov_65.6157_ID_576294

CONTIG: NODE_2_length_161420_cov_66.4316_ID_578936 (161420bp)
Top Length: 90139  Top ID: 99.46
		This contig is misassembled. 2 total aligns.
			Real Alignment 1: 3291251 3362531 | 1 71281 | 71281 71281 | 99.4 | Ecoli_ancestor_Ancestor_ NODE_2_length_161420_cov_66.4316_ID_578936
			  Extensive misassembly ( relocation, inconsistency = -167826 ) between these two alignments
			Real Alignment 2: 3194706 3284844 | 161420 71282 | 90139 90139 | 99.46 | Ecoli_ancestor_Ancestor_ NODE_2_length_161420_cov_66.4316_ID_578936

CONTIG: NODE_4_length_138657_cov_64.8675_ID_578645 (138657bp)
Top Length: 138657  Top ID: 99.42
		Marking as insignificant: 3493145 3493281 | 14753 14617 | 137 137 | 97.81 | Ecoli_ancestor_Ancestor_ NODE_4_length_138657_cov_64.8675_ID_578645
		Marking as insignificant: 2361428 2361689 | 3802 4063 | 262 262 | 95.04 | Ecoli_ancestor_Ancestor_ NODE_4_length_138657_cov_64.8675_ID_578645
		One align captures most of this contig: 3540922 3679578 | 138657 1 | 138657 138657 | 99.42 | Ecoli_ancestor_Ancestor_ NODE_4_length_138657_cov_64.8675_ID_578645

CONTIG: NODE_7_length_119264_cov_65.343_ID_574159 (119264bp)
Top Length: 119199  Top ID: 99.43
		One align captures most of this contig: 4065020 4184218 | 119264 66 | 119199 119199 | 99.43 | Ecoli_ancestor_Ancestor_ NODE_7_length_119264_cov_65.343_ID_574159

CONTIG: NODE_9_length_117140_cov_65.3935_ID_575581 (117140bp)
Top Length: 117038  Top ID: 99.42
		One align captures most of this contig: 2680011 2797048 | 117140 103 | 117038 117038 | 99.42 | Ecoli_ancestor_Ancestor_ NODE_9_length_117140_cov_65.3935_ID_575581

CONTIG: NODE_12_length_97596_cov_65.5079_ID_576017 (97596bp)
Top Length: 97541  Top ID: 99.44
		Marking as insignificant: 4310874 4310978 | 97492 97596 | 105 105 | 100.0 | Ecoli_ancestor_Ancestor_ NODE_12_length_97596_cov_65.5079_ID_576017
		Marking as insignificant: 4299403 4299507 | 97492 97596 | 105 105 | 100.0 | Ecoli_ancestor_Ancestor_ NODE_12_length_97596_cov_65.5079_ID_576017
		Marking as insignificant: 4332128 4332233 | 97491 97596 | 106 106 | 100.0 | Ecoli_ancestor_Ancestor_ NODE_12_length_97596_cov_65.5079_ID_576017
		Marking as insignificant: 4541314 4541420 | 97596 97490 | 107 107 | 100.0 | Ecoli_ancestor_Ancestor_ NODE_12_length_97596_cov_65.5079_ID_576017
		Marking as insignificant: 2605895 2606014 | 97596 97477 | 120 120 | 97.52 | Ecoli_ancestor_Ancestor_ NODE_12_length_97596_cov_65.5079_ID_576017
		One align captures most of this contig: 1007272 1104812 | 97596 56 | 97541 97541 | 99.44 | Ecoli_ancestor_Ancestor_ NODE_12_length_97596_cov_65.5079_ID_576017

CONTIG: NODE_13_length_94538_cov_64.7736_ID_570868 (94538bp)
Top Length: 94538  Top ID: 99.42
		One align captures most of this contig: 728746 823283 | 94538 1 | 94538 94538 | 99.42 | Ecoli_ancestor_Ancestor_ NODE_13_length_94538_cov_64.7736_ID_570868

CONTIG: NODE_14_length_93875_cov_65.8715_ID_572590 (93875bp)
Top Length: 93875  Top ID: 99.42
		Marking as insignificant: 4310874 4310978 | 105 1 | 105 105 | 100.0 | Ecoli_ancestor_Ancestor_ NODE_14_length_93875_cov_65.8715_ID_572590
		Marking as insignificant: 4299403 4299507 | 105 1 | 105 105 | 100.0 | Ecoli_ancestor_Ancestor_ NODE_14_length_93875_cov_65.8715_ID_572590
		Marking as insignificant: 2605895 2605999 | 1 105 | 105 105 | 100.0 | Ecoli_ancestor_Ancestor_ NODE_14_length_93875_cov_65.8715_ID_572590
		Marking as insignificant: 4332128 4332233 | 106 1 | 106 106 | 100.0 | Ecoli_ancestor_Ancestor_ NODE_14_length_93875_cov_65.8715_ID_572590
		Marking as insignificant: 1007272 1007377 | 1 106 | 106 106 | 100.0 | Ecoli_ancestor_Ancestor_ NODE_14_length_93875_cov_65.8715_ID_572590
		One align captures most of this contig: 4541314 4635188 | 1 93875 | 93875 93875 | 99.42 | Ecoli_ancestor_Ancestor_ NODE_14_length_93875_cov_65.8715_ID_572590

CONTIG: NODE_15_length_90361_cov_65.8615_ID_563196 (90361bp)
Top Length: 90161  Top ID: 99.5
		Marking as insignificant: 3810173 3810250 | 564 487 | 78 78 | 100.0 | Ecoli_ancestor_Ancestor_ NODE_15_length_90361_cov_65.8615_ID_563196
		Marking as insignificant: 2069469 2069551 | 361 279 | 83 83 | 98.8 | Ecoli_ancestor_Ancestor_ NODE_15_length_90361_cov_65.8615_ID_563196
		Marking as insignificant: 1519408 1519533 | 22357 22232 | 126 126 | 98.41 | Ecoli_ancestor_Ancestor_ NODE_15_length_90361_cov_65.8615_ID_563196
		Marking as insignificant: 3993699 3993826 | 22357 22230 | 128 128 | 98.44 | Ecoli_ancestor_Ancestor_ NODE_15_length_90361_cov_65.8615_ID_563196
		Marking as insignificant: 2069476 2069607 | 132 1 | 132 132 | 100.0 | Ecoli_ancestor_Ancestor_ NODE_15_length_90361_cov_65.8615_ID_563196
		Marking as insignificant: 2069284 2069551 | 754 487 | 268 268 | 99.25 | Ecoli_ancestor_Ancestor_ NODE_15_length_90361_cov_65.8615_ID_563196
		One align captures most of this contig: 3719553 3809712 | 90161 1 | 90160 90161 | 99.5 | Ecoli_ancestor_Ancestor_ NODE_15_length_90361_cov_65.8615_ID_563196

CONTIG: NODE_17_length_88331_cov_65.8361_ID_568882 (88331bp)
Top Length: 88331  Top ID: 99.43
		Marking as insignificant: 4505493 4505580 | 35711 35798 | 88 88 | 100.0 | Ecoli_ancestor_Ancestor_ NODE_17_length_88331_cov_65.8361_ID_568882
		Marking as insignificant: 4505256 4505344 | 35710 35798 | 89 89 | 100.0 | Ecoli_ancestor_Ancestor_ NODE_17_length_88331_cov_65.8361_ID_568882
		One align captures most of this contig: 555579 643909 | 88331 1 | 88331 88331 | 99.43 | Ecoli_ancestor_Ancestor_ NODE_17_length_88331_cov_65.8361_ID_568882

CONTIG: NODE_19_length_79530_cov_66.0586_ID_570793 (79530bp)
Top Length: 79530  Top ID: 99.41
		Marking as insignificant: 424420 424505 | 1 86 | 86 86 | 100.0 | Ecoli_ancestor_Ancestor_ NODE_19_length_79530_cov_66.0586_ID_570793
		One align captures most of this contig: 649271 728800 | 1 79530 | 79530 79530 | 99.41 | Ecoli_ancestor_Ancestor_ NODE_19_length_79530_cov_66.0586_ID_570793

CONTIG: NODE_20_length_76208_cov_65.4672_ID_578281 (76208bp)
Top Length: 76208  Top ID: 99.45
		One align captures most of this contig: 4386126 4462333 | 1 76208 | 76208 76208 | 99.45 | Ecoli_ancestor_Ancestor_ NODE_20_length_76208_cov_65.4672_ID_578281

CONTIG: NODE_21_length_75920_cov_65.6319_ID_578842 (75920bp)
Top Length: 75920  Top ID: 99.4
		One align captures most of this contig: 2087719 2163638 | 1 75920 | 75920 75920 | 99.4 | Ecoli_ancestor_Ancestor_ NODE_21_length_75920_cov_65.6319_ID_578842

CONTIG: NODE_22_length_74344_cov_65.9182_ID_577718 (74344bp)
Top Length: 74344  Top ID: 99.52
		One align captures most of this contig: 3902899 3977242 | 1 74344 | 74344 74344 | 99.52 | Ecoli_ancestor_Ancestor_ NODE_22_length_74344_cov_65.9182_ID_577718

CONTIG: NODE_23_length_73758_cov_65.271_ID_577428 (73758bp)
Top Length: 73758  Top ID: 99.42
		Marking as insignificant: 2532697 2532781 | 67375 67459 | 85 85 | 100.0 | Ecoli_ancestor_Ancestor_ NODE_23_length_73758_cov_65.271_ID_577428
		Marking as insignificant: 2532678 2532781 | 69765 69868 | 104 104 | 97.12 | Ecoli_ancestor_Ancestor_ NODE_23_length_73758_cov_65.271_ID_577428
		One align captures most of this contig: 2524575 2598332 | 73758 1 | 73758 73758 | 99.42 | Ecoli_ancestor_Ancestor_ NODE_23_length_73758_cov_65.271_ID_577428

CONTIG: NODE_24_length_73015_cov_65.9474_ID_578331 (73015bp)
Top Length: 73015  Top ID: 99.49
		One align captures most of this contig: 2163664 2236678 | 1 73015 | 73015 73015 | 99.49 | Ecoli_ancestor_Ancestor_ NODE_24_length_73015_cov_65.9474_ID_578331

CONTIG: NODE_25_length_69747_cov_65.6715_ID_568701 (69747bp)
Top Length: 69747  Top ID: 99.39
		Marking as insignificant: 971405 971612 | 1 208 | 208 208 | 97.6 | Ecoli_ancestor_Ancestor_ NODE_25_length_69747_cov_65.6715_ID_568701
		Marking as insignificant: 3861014 3861339 | 1 325 | 326 325 | 95.11 | Ecoli_ancestor_Ancestor_ NODE_25_length_69747_cov_65.6715_ID_568701
		One align captures most of this contig: 828414 898160 | 1 69747 | 69747 69747 | 99.39 | Ecoli_ancestor_Ancestor_ NODE_25_length_69747_cov_65.6715_ID_568701

CONTIG: NODE_26_length_66357_cov_65.0628_ID_577324 (66357bp)
Top Length: 43392  Top ID: 99.46
		This contig is misassembled. 2 total aligns.
			Real Alignment 1: 2021929 2044768 | 1 22840 | 22840 22840 | 99.45 | Ecoli_ancestor_Ancestor_ NODE_26_length_66357_cov_65.0628_ID_577324
			  Extensive misassembly ( relocation, inconsistency = -66177 ) between these two alignments
			Real Alignment 2: 1978592 2021983 | 66232 22841 | 43392 43392 | 99.46 | Ecoli_ancestor_Ancestor_ NODE_26_length_66357_cov_65.0628_ID_577324

CONTIG: NODE_27_length_64886_cov_66.3404_ID_569177 (64886bp)
Top Length: 64886  Top ID: 99.45
		One align captures most of this contig: 4209490 4274375 | 1 64886 | 64886 64886 | 99.45 | Ecoli_ancestor_Ancestor_ NODE_27_length_64886_cov_66.3404_ID_569177

CONTIG: NODE_31_length_59359_cov_65.2289_ID_574691 (59359bp)
Top Length: 59217  Top ID: 99.51
		One align captures most of this contig: 1919375 1978591 | 56 59272 | 59217 59217 | 99.51 | Ecoli_ancestor_Ancestor_ NODE_31_length_59359_cov_65.2289_ID_574691

CONTIG: NODE_32_length_57782_cov_65.6768_ID_578125 (57782bp)
Top Length: 56119  Top ID: 99.49
		This contig is misassembled. 2 total aligns.
			Real Alignment 1: 3062566 3118684 | 1 56119 | 56119 56119 | 99.49 | Ecoli_ancestor_Ancestor_ NODE_32_length_57782_cov_65.6768_ID_578125
			  Extensive misassembly ( relocation, inconsistency = 48335 ) between these two alignments
			Real Alignment 2: 3167022 3168682 | 57782 56122 | 1661 1661 | 99.34 | Ecoli_ancestor_Ancestor_ NODE_32_length_57782_cov_65.6768_ID_578125

CONTIG: NODE_33_length_56618_cov_65.7604_ID_569085 (56618bp)
Top Length: 56618  Top ID: 99.47
		One align captures most of this contig: 1167491 1224108 | 1 56618 | 56618 56618 | 99.47 | Ecoli_ancestor_Ancestor_ NODE_33_length_56618_cov_65.7604_ID_569085

CONTIG: NODE_34_length_54897_cov_65.9487_ID_576139 (54897bp)
Top Length: 54828  Top ID: 99.41
		Marking as insignificant: 3787357 3787482 | 43526 43651 | 126 126 | 98.41 | Ecoli_ancestor_Ancestor_ NODE_34_length_54897_cov_65.9487_ID_576139
		Marking as insignificant: 3993697 3993824 | 43524 43651 | 128 128 | 98.44 | Ecoli_ancestor_Ancestor_ NODE_34_length_54897_cov_65.9487_ID_576139
		One align captures most of this contig: 1475952 1530779 | 70 54897 | 54828 54828 | 99.41 | Ecoli_ancestor_Ancestor_ NODE_34_length_54897_cov_65.9487_ID_576139

CONTIG: NODE_35_length_54883_cov_64.9749_ID_561201 (54883bp)
Top Length: 54883  Top ID: 99.48
		One align captures most of this contig: 1404636 1459518 | 54883 1 | 54883 54883 | 99.48 | Ecoli_ancestor_Ancestor_ NODE_35_length_54883_cov_64.9749_ID_561201

CONTIG: NODE_36_length_54689_cov_65.3782_ID_575882 (54689bp)
Top Length: 54689  Top ID: 99.38
		One align captures most of this contig: 1864686 1919374 | 54689 1 | 54689 54689 | 99.38 | Ecoli_ancestor_Ancestor_ NODE_36_length_54689_cov_65.3782_ID_575882

CONTIG: NODE_37_length_53647_cov_64.6131_ID_562027 (53647bp)
Top Length: 53647  Top ID: 99.39
		Marking as insignificant: 418839 418938 | 100 1 | 100 100 | 100.0 | Ecoli_ancestor_Ancestor_ NODE_37_length_53647_cov_64.6131_ID_562027
		One align captures most of this contig: 496412 550058 | 53647 1 | 53647 53647 | 99.39 | Ecoli_ancestor_Ancestor_ NODE_37_length_53647_cov_64.6131_ID_562027

CONTIG: NODE_38_length_43987_cov_65.2372_ID_578445 (43987bp)
Top Length: 43878  Top ID: 99.39
		One align captures most of this contig: 431330 475207 | 43878 1 | 43878 43878 | 99.39 | Ecoli_ancestor_Ancestor_ NODE_38_length_43987_cov_65.2372_ID_578445

CONTIG: NODE_39_length_43808_cov_66.4232_ID_561830 (43808bp)
Top Length: 43808  Top ID: 99.5
		One align captures most of this contig: 3496505 3540312 | 43808 1 | 43808 43808 | 99.5 | Ecoli_ancestor_Ancestor_ NODE_39_length_43808_cov_66.4232_ID_561830

CONTIG: NODE_40_length_43384_cov_65.5322_ID_567882 (43384bp)
Top Length: 43384  Top ID: 99.41
		One align captures most of this contig: 92563 135946 | 43384 1 | 43384 43384 | 99.41 | Ecoli_ancestor_Ancestor_ NODE_40_length_43384_cov_65.5322_ID_567882

CONTIG: NODE_41_length_41605_cov_69.3189_ID_564357 (41605bp)
Top Length: 41603  Top ID: 99.48
		Marking as insignificant: 4351427 4351706 | 3832 3553 | 280 280 | 97.86 | Ecoli_ancestor_Ancestor_ NODE_41_length_41605_cov_69.3189_ID_564357
		Marking as insignificant: 3851944 3852832 | 3465 2577 | 889 889 | 96.4 | Ecoli_ancestor_Ancestor_ NODE_41_length_41605_cov_69.3189_ID_564357
		Marking as insignificant: 3852833 3854097 | 3843 2578 | 1265 1266 | 96.13 | Ecoli_ancestor_Ancestor_ NODE_41_length_41605_cov_69.3189_ID_564357
		Marking as insignificant: 965280 966570 | 3843 2553 | 1291 1291 | 97.37 | Ecoli_ancestor_Ancestor_ NODE_41_length_41605_cov_69.3189_ID_564357
		One align captures most of this contig: 3020080 3061682 | 41605 3 | 41603 41603 | 99.48 | Ecoli_ancestor_Ancestor_ NODE_41_length_41605_cov_69.3189_ID_564357

CONTIG: NODE_42_length_35258_cov_65.6974_ID_562364 (35258bp)
Top Length: 35258  Top ID: 99.46
		Marking as insignificant: 828414 828621 | 35258 35051 | 208 208 | 97.12 | Ecoli_ancestor_Ancestor_ NODE_42_length_35258_cov_65.6974_ID_562364
		One align captures most of this contig: 971405 1006662 | 35258 1 | 35258 35258 | 99.46 | Ecoli_ancestor_Ancestor_ NODE_42_length_35258_cov_65.6974_ID_562364

CONTIG: NODE_44_length_33667_cov_65.6604_ID_576913 (33667bp)
Top Length: 33613  Top ID: 99.41
		One align captures most of this contig: 3362378 3395990 | 1 33613 | 33613 33613 | 99.41 | Ecoli_ancestor_Ancestor_ NODE_44_length_33667_cov_65.6604_ID_576913

CONTIG: NODE_45_length_33561_cov_65.3663_ID_578689 (33561bp)
Top Length: 33414  Top ID: 99.47
		One align captures most of this contig: 3686140 3719553 | 33561 148 | 33414 33414 | 99.47 | Ecoli_ancestor_Ancestor_ NODE_45_length_33561_cov_65.3663_ID_578689

CONTIG: NODE_46_length_32331_cov_70.3221_ID_564885 (32331bp)
Top Length: 32331  Top ID: 99.53
		Marking as insignificant: 3787357 3787484 | 10957 11084 | 128 128 | 99.22 | Ecoli_ancestor_Ancestor_ NODE_46_length_32331_cov_70.3221_ID_564885
		Marking as insignificant: 1519406 1519533 | 10955 11082 | 128 128 | 99.22 | Ecoli_ancestor_Ancestor_ NODE_46_length_32331_cov_70.3221_ID_564885
		Marking as insignificant: 3119765 3120134 | 29935 29566 | 370 370 | 96.22 | Ecoli_ancestor_Ancestor_ NODE_46_length_32331_cov_70.3221_ID_564885
		Marking as insignificant: 2953886 2954965 | 27779 26700 | 1080 1080 | 98.33 | Ecoli_ancestor_Ancestor_ NODE_46_length_32331_cov_70.3221_ID_564885
		One align captures most of this contig: 3982743 4015073 | 1 32331 | 32331 32331 | 99.53 | Ecoli_ancestor_Ancestor_ NODE_46_length_32331_cov_70.3221_ID_564885

CONTIG: NODE_47_length_32212_cov_71.7216_ID_570948 (32212bp)
Top Length: 32212  Top ID: 99.46
		Marking as insignificant: 1593119 1593792 | 31539 32212 | 674 674 | 99.55 | Ecoli_ancestor_Ancestor_ NODE_47_length_32212_cov_71.7216_ID_570948
		Marking as insignificant: 91944 92617 | 32212 31539 | 674 674 | 99.55 | Ecoli_ancestor_Ancestor_ NODE_47_length_32212_cov_71.7216_ID_570948
		Marking as insignificant: 1404029 1404702 | 32212 31539 | 674 674 | 99.7 | Ecoli_ancestor_Ancestor_ NODE_47_length_32212_cov_71.7216_ID_570948
		Marking as insignificant: 3165126 3165799 | 32212 31539 | 674 674 | 99.85 | Ecoli_ancestor_Ancestor_ NODE_47_length_32212_cov_71.7216_ID_570948
		Marking as insignificant: 4208865 4209546 | 32212 31531 | 682 682 | 99.27 | Ecoli_ancestor_Ancestor_ NODE_47_length_32212_cov_71.7216_ID_570948
		One align captures most of this contig: 2489001 2521212 | 1 32212 | 32212 32212 | 99.46 | Ecoli_ancestor_Ancestor_ NODE_47_length_32212_cov_71.7216_ID_570948

CONTIG: NODE_48_length_31003_cov_65.771_ID_568417 (31003bp)
Top Length: 31003  Top ID: 99.48
		Marking as insignificant: 1161802 1161950 | 147 1 | 149 147 | 97.99 | Ecoli_ancestor_Ancestor_ NODE_48_length_31003_cov_65.771_ID_568417
		Marking as insignificant: 4367125 4367339 | 1 215 | 215 215 | 100.0 | Ecoli_ancestor_Ancestor_ NODE_48_length_31003_cov_65.771_ID_568417
		One align captures most of this contig: 382749 413749 | 1 31003 | 31001 31003 | 99.48 | Ecoli_ancestor_Ancestor_ NODE_48_length_31003_cov_65.771_ID_568417

CONTIG: NODE_49_length_30673_cov_64.6138_ID_578806 (30673bp)
Top Length: 30588  Top ID: 99.37
		One align captures most of this contig: 2251658 2282245 | 30673 86 | 30588 30588 | 99.37 | Ecoli_ancestor_Ancestor_ NODE_49_length_30673_cov_64.6138_ID_578806

CONTIG: NODE_50_length_30544_cov_66.4058_ID_568201 (30544bp)
Top Length: 30544  Top ID: 99.39
		Marking as insignificant: 3809963 3810039 | 25100 25176 | 77 77 | 100.0 | Ecoli_ancestor_Ancestor_ NODE_50_length_30544_cov_66.4058_ID_568201
		Marking as insignificant: 3809963 3810039 | 24978 25054 | 77 77 | 100.0 | Ecoli_ancestor_Ancestor_ NODE_50_length_30544_cov_66.4058_ID_568201
		Marking as insignificant: 3809963 3810039 | 24856 24932 | 77 77 | 100.0 | Ecoli_ancestor_Ancestor_ NODE_50_length_30544_cov_66.4058_ID_568201
		Marking as insignificant: 3810173 3810250 | 24775 24852 | 78 78 | 100.0 | Ecoli_ancestor_Ancestor_ NODE_50_length_30544_cov_66.4058_ID_568201
		Marking as insignificant: 3809659 3809736 | 25099 25176 | 78 78 | 100.0 | Ecoli_ancestor_Ancestor_ NODE_50_length_30544_cov_66.4058_ID_568201
		Marking as insignificant: 3809659 3809736 | 24977 25054 | 78 78 | 100.0 | Ecoli_ancestor_Ancestor_ NODE_50_length_30544_cov_66.4058_ID_568201
		Marking as insignificant: 3809659 3809736 | 24855 24932 | 78 78 | 100.0 | Ecoli_ancestor_Ancestor_ NODE_50_length_30544_cov_66.4058_ID_568201
		Marking as insignificant: 3809353 3809435 | 24770 24852 | 83 83 | 98.8 | Ecoli_ancestor_Ancestor_ NODE_50_length_30544_cov_66.4058_ID_568201
		Marking as insignificant: 3808960 3809227 | 24585 24852 | 268 268 | 99.25 | Ecoli_ancestor_Ancestor_ NODE_50_length_30544_cov_66.4058_ID_568201
		One align captures most of this contig: 2044700 2075241 | 1 30544 | 30542 30544 | 99.39 | Ecoli_ancestor_Ancestor_ NODE_50_length_30544_cov_66.4058_ID_568201

CONTIG: NODE_51_length_28607_cov_72.1213_ID_571419 (28607bp)
Top Length: 28607  Top ID: 99.38
		Marking as insignificant: 3058220 3059108 | 3822 2934 | 889 889 | 96.74 | Ecoli_ancestor_Ancestor_ NODE_51_length_28607_cov_72.1213_ID_571419
		Marking as insignificant: 965658 966546 | 3822 2934 | 889 889 | 97.53 | Ecoli_ancestor_Ancestor_ NODE_51_length_28607_cov_72.1213_ID_571419
		Marking as insignificant: 3057842 3059107 | 2933 1669 | 1266 1265 | 95.73 | Ecoli_ancestor_Ancestor_ NODE_51_length_28607_cov_72.1213_ID_571419
		Marking as insignificant: 965280 966571 | 2933 1643 | 1292 1291 | 95.36 | Ecoli_ancestor_Ancestor_ NODE_51_length_28607_cov_72.1213_ID_571419
		One align captures most of this contig: 3827159 3855765 | 28607 1 | 28607 28607 | 99.38 | Ecoli_ancestor_Ancestor_ NODE_51_length_28607_cov_72.1213_ID_571419

CONTIG: NODE_52_length_27630_cov_63.5005_ID_577465 (27630bp)
Top Length: 27630  Top ID: 99.43
		One align captures most of this contig: 4023970 4051599 | 27630 1 | 27630 27630 | 99.43 | Ecoli_ancestor_Ancestor_ NODE_52_length_27630_cov_63.5005_ID_577465

CONTIG: NODE_53_length_26668_cov_63.8094_ID_563499 (26668bp)
Top Length: 26668  Top ID: 99.39
		One align captures most of this contig: 938714 965381 | 1 26668 | 26668 26668 | 99.39 | Ecoli_ancestor_Ancestor_ NODE_53_length_26668_cov_63.8094_ID_563499

CONTIG: NODE_54_length_25317_cov_65.667_ID_573632 (25317bp)
Top Length: 25317  Top ID: 99.4
		One align captures most of this contig: 898106 923422 | 1 25317 | 25317 25317 | 99.4 | Ecoli_ancestor_Ancestor_ NODE_54_length_25317_cov_65.667_ID_573632

CONTIG: NODE_55_length_23987_cov_66.5224_ID_571465 (23987bp)
Top Length: 23987  Top ID: 99.44
		Marking as insignificant: 4541314 4541418 | 23987 23883 | 105 105 | 100.0 | Ecoli_ancestor_Ancestor_ NODE_55_length_23987_cov_66.5224_ID_571465
		Marking as insignificant: 4332129 4332233 | 23883 23987 | 105 105 | 100.0 | Ecoli_ancestor_Ancestor_ NODE_55_length_23987_cov_66.5224_ID_571465
		Marking as insignificant: 2605895 2605999 | 23987 23883 | 105 105 | 100.0 | Ecoli_ancestor_Ancestor_ NODE_55_length_23987_cov_66.5224_ID_571465
		Marking as insignificant: 1007272 1007376 | 23987 23883 | 105 105 | 100.0 | Ecoli_ancestor_Ancestor_ NODE_55_length_23987_cov_66.5224_ID_571465
		Marking as insignificant: 4310872 4310978 | 23881 23987 | 107 107 | 100.0 | Ecoli_ancestor_Ancestor_ NODE_55_length_23987_cov_66.5224_ID_571465
		One align captures most of this contig: 4275521 4299507 | 1 23987 | 23987 23987 | 99.44 | Ecoli_ancestor_Ancestor_ NODE_55_length_23987_cov_66.5224_ID_571465

CONTIG: NODE_56_length_22257_cov_65.2067_ID_568255 (22257bp)
Top Length: 22154  Top ID: 99.3
		One align captures most of this contig: 3142376 3164529 | 104 22257 | 22154 22154 | 99.3 | Ecoli_ancestor_Ancestor_ NODE_56_length_22257_cov_65.2067_ID_568255

CONTIG: NODE_57_length_21512_cov_65.451_ID_577043 (21512bp)
Top Length: 19688  Top ID: 99.3
		This contig is misassembled. 2 total aligns.
			Real Alignment 1: 3882126 3901813 | 19688 1 | 19688 19688 | 99.3 | Ecoli_ancestor_Ancestor_ NODE_57_length_21512_cov_65.451_ID_577043
			  Extensive misassembly ( relocation, inconsistency = -1824 ) between these two alignments
			Real Alignment 2: 3899991 3901813 | 19690 21512 | 1823 1823 | 99.12 | Ecoli_ancestor_Ancestor_ NODE_57_length_21512_cov_65.451_ID_577043

CONTIG: NODE_58_length_21200_cov_65.713_ID_576672 (21200bp)
Top Length: 21200  Top ID: 99.55
		One align captures most of this contig: 3861014 3882213 | 1 21200 | 21200 21200 | 99.55 | Ecoli_ancestor_Ancestor_ NODE_58_length_21200_cov_65.713_ID_576672

CONTIG: NODE_59_length_21008_cov_66.2256_ID_569599 (21008bp)
Top Length: 21008  Top ID: 99.44
		Marking as insignificant: 3852844 3853123 | 2423 2144 | 280 280 | 96.43 | Ecoli_ancestor_Ancestor_ NODE_59_length_21008_cov_66.2256_ID_569599
		Marking as insignificant: 965291 965570 | 2423 2144 | 280 280 | 97.5 | Ecoli_ancestor_Ancestor_ NODE_59_length_21008_cov_66.2256_ID_569599
		Marking as insignificant: 3057853 3058132 | 2423 2144 | 280 280 | 99.29 | Ecoli_ancestor_Ancestor_ NODE_59_length_21008_cov_66.2256_ID_569599
		One align captures most of this contig: 4332842 4353849 | 21008 1 | 21008 21008 | 99.44 | Ecoli_ancestor_Ancestor_ NODE_59_length_21008_cov_66.2256_ID_569599

CONTIG: NODE_60_length_19056_cov_66.1482_ID_578235 (19056bp)
Top Length: 19002  Top ID: 99.57
		Marking as insignificant: 1161802 1161950 | 18910 19056 | 149 147 | 97.99 | Ecoli_ancestor_Ancestor_ NODE_60_length_19056_cov_66.1482_ID_578235
		Marking as insignificant: 382749 382961 | 19056 18842 | 213 215 | 98.14 | Ecoli_ancestor_Ancestor_ NODE_60_length_19056_cov_66.1482_ID_578235
		One align captures most of this contig: 4367125 4386126 | 19056 55 | 19002 19002 | 99.57 | Ecoli_ancestor_Ancestor_ NODE_60_length_19056_cov_66.1482_ID_578235

CONTIG: NODE_61_length_18501_cov_70.0702_ID_564956 (18501bp)
Top Length: 18501  Top ID: 99.39
		One align captures most of this contig: 2282245 2300745 | 18501 1 | 18501 18501 | 99.39 | Ecoli_ancestor_Ancestor_ NODE_61_length_18501_cov_70.0702_ID_564956

CONTIG: NODE_62_length_17930_cov_64.9729_ID_578889 (17930bp)
Top Length: 17876  Top ID: 99.49
		One align captures most of this contig: 3175745 3193620 | 55 17930 | 17876 17876 | 99.49 | Ecoli_ancestor_Ancestor_ NODE_62_length_17930_cov_64.9729_ID_578889

CONTIG: NODE_66_length_15351_cov_66.7403_ID_564841 (15351bp)
Top Length: 15351  Top ID: 99.48
		One align captures most of this contig: 1460604 1475954 | 15351 1 | 15351 15351 | 99.48 | Ecoli_ancestor_Ancestor_ NODE_66_length_15351_cov_66.7403_ID_564841

CONTIG: NODE_67_length_13877_cov_64.3757_ID_579395 (13877bp)
Top Length: 13877  Top ID: 99.5
		One align captures most of this contig: 2664456 2678332 | 13877 1 | 13877 13877 | 99.5 | Ecoli_ancestor_Ancestor_ NODE_67_length_13877_cov_64.3757_ID_579395

CONTIG: NODE_68_length_13251_cov_67.1022_ID_579073 (13251bp)
Top Length: 13203  Top ID: 99.48
		Marking as insignificant: 382749 382891 | 13251 13107 | 143 145 | 96.55 | Ecoli_ancestor_Ancestor_ NODE_68_length_13251_cov_67.1022_ID_579073
		Marking as insignificant: 4367125 4367269 | 13251 13107 | 145 145 | 99.31 | Ecoli_ancestor_Ancestor_ NODE_68_length_13251_cov_67.1022_ID_579073
		One align captures most of this contig: 1148748 1161950 | 49 13251 | 13203 13203 | 99.48 | Ecoli_ancestor_Ancestor_ NODE_68_length_13251_cov_67.1022_ID_579073

CONTIG: NODE_69_length_13084_cov_66.3914_ID_565248 (13084bp)
Top Length: 13084  Top ID: 99.24
		One align captures most of this contig: 924545 937628 | 1 13084 | 13084 13084 | 99.24 | Ecoli_ancestor_Ancestor_ NODE_69_length_13084_cov_66.3914_ID_565248

CONTIG: NODE_70_length_12988_cov_66.3947_ID_579192 (12988bp)
Top Length: 12988  Top ID: 99.52
		Marking as insignificant: 4541314 4541418 | 12988 12884 | 105 105 | 100.0 | Ecoli_ancestor_Ancestor_ NODE_70_length_12988_cov_66.3947_ID_579192
		Marking as insignificant: 4332129 4332233 | 12884 12988 | 105 105 | 100.0 | Ecoli_ancestor_Ancestor_ NODE_70_length_12988_cov_66.3947_ID_579192
		Marking as insignificant: 4310874 4310978 | 12884 12988 | 105 105 | 100.0 | Ecoli_ancestor_Ancestor_ NODE_70_length_12988_cov_66.3947_ID_579192
		Marking as insignificant: 4299403 4299507 | 12884 12988 | 105 105 | 100.0 | Ecoli_ancestor_Ancestor_ NODE_70_length_12988_cov_66.3947_ID_579192
		Marking as insignificant: 1007272 1007391 | 12988 12869 | 120 120 | 96.69 | Ecoli_ancestor_Ancestor_ NODE_70_length_12988_cov_66.3947_ID_579192
		One align captures most of this contig: 2605895 2618882 | 12988 1 | 12988 12988 | 99.52 | Ecoli_ancestor_Ancestor_ NODE_70_length_12988_cov_66.3947_ID_579192

CONTIG: NODE_71_length_12746_cov_65.0817_ID_579114 (12746bp)
Top Length: 12694  Top ID: 99.44
		One align captures most of this contig: 4185202 4197895 | 12694 1 | 12694 12694 | 99.44 | Ecoli_ancestor_Ancestor_ NODE_71_length_12746_cov_65.0817_ID_579114

CONTIG: NODE_72_length_12594_cov_63.1121_ID_568509 (12594bp)
Top Length: 12594  Top ID: 99.51
		One align captures most of this contig: 4051545 4064138 | 1 12594 | 12594 12594 | 99.51 | Ecoli_ancestor_Ancestor_ NODE_72_length_12594_cov_63.1121_ID_568509

CONTIG: NODE_73_length_12180_cov_64.1828_ID_575332 (12180bp)
Top Length: 12177  Top ID: 99.39
		One align captures most of this contig: 1120589 1132765 | 12177 1 | 12177 12177 | 99.39 | Ecoli_ancestor_Ancestor_ NODE_73_length_12180_cov_64.1828_ID_575332

CONTIG: NODE_74_length_12141_cov_66.8565_ID_579281 (12141bp)
Top Length: 12141  Top ID: 99.31
		One align captures most of this contig: 4462279 4474419 | 12141 1 | 12141 12141 | 99.31 | Ecoli_ancestor_Ancestor_ NODE_74_length_12141_cov_66.8565_ID_579281

CONTIG: NODE_75_length_12025_cov_65.6081_ID_572144 (12025bp)
Top Length: 12025  Top ID: 99.41
		Marking as insignificant: 4310874 4310978 | 105 1 | 105 105 | 100.0 | Ecoli_ancestor_Ancestor_ NODE_75_length_12025_cov_65.6081_ID_572144
		Marking as insignificant: 4299403 4299507 | 105 1 | 105 105 | 100.0 | Ecoli_ancestor_Ancestor_ NODE_75_length_12025_cov_65.6081_ID_572144
		Marking as insignificant: 2605895 2605999 | 1 105 | 105 105 | 100.0 | Ecoli_ancestor_Ancestor_ NODE_75_length_12025_cov_65.6081_ID_572144
		Marking as insignificant: 4541314 4541419 | 1 106 | 106 106 | 100.0 | Ecoli_ancestor_Ancestor_ NODE_75_length_12025_cov_65.6081_ID_572144
		Marking as insignificant: 1007272 1007377 | 1 106 | 106 106 | 100.0 | Ecoli_ancestor_Ancestor_ NODE_75_length_12025_cov_65.6081_ID_572144
		One align captures most of this contig: 4320209 4332233 | 12025 1 | 12025 12025 | 99.41 | Ecoli_ancestor_Ancestor_ NODE_75_length_12025_cov_65.6081_ID_572144

CONTIG: NODE_76_length_11297_cov_63.4948_ID_568790 (11297bp)
Top Length: 11297  Top ID: 99.2
		One align captures most of this contig: 2076477 2087773 | 1 11297 | 11297 11297 | 99.2 | Ecoli_ancestor_Ancestor_ NODE_76_length_11297_cov_63.4948_ID_568790

CONTIG: NODE_77_length_11129_cov_66.6315_ID_579451 (11129bp)
Top Length: 11129  Top ID: 99.45
		One align captures most of this contig: 3131247 3142375 | 11129 1 | 11129 11129 | 99.45 | Ecoli_ancestor_Ancestor_ NODE_77_length_11129_cov_66.6315_ID_579451

CONTIG: NODE_78_length_10670_cov_67.8352_ID_565701 (10670bp)
Top Length: 10670  Top ID: 99.48
		Marking as insignificant: 4541314 4541418 | 1 105 | 105 105 | 100.0 | Ecoli_ancestor_Ancestor_ NODE_78_length_10670_cov_67.8352_ID_565701
		Marking as insignificant: 4332129 4332233 | 105 1 | 105 105 | 100.0 | Ecoli_ancestor_Ancestor_ NODE_78_length_10670_cov_67.8352_ID_565701
		Marking as insignificant: 2605895 2605999 | 1 105 | 105 105 | 100.0 | Ecoli_ancestor_Ancestor_ NODE_78_length_10670_cov_67.8352_ID_565701
		Marking as insignificant: 1007272 1007376 | 1 105 | 105 105 | 100.0 | Ecoli_ancestor_Ancestor_ NODE_78_length_10670_cov_67.8352_ID_565701
		Marking as insignificant: 4299401 4299507 | 107 1 | 107 107 | 100.0 | Ecoli_ancestor_Ancestor_ NODE_78_length_10670_cov_67.8352_ID_565701
		Marking as insignificant: 4319043 4319223 | 286 106 | 181 181 | 98.9 | Ecoli_ancestor_Ancestor_ NODE_78_length_10670_cov_67.8352_ID_565701
		Marking as insignificant: 3166901 3167081 | 106 286 | 181 181 | 98.9 | Ecoli_ancestor_Ancestor_ NODE_78_length_10670_cov_67.8352_ID_565701
		Marking as insignificant: 83165 83361 | 106 303 | 197 198 | 98.48 | Ecoli_ancestor_Ancestor_ NODE_78_length_10670_cov_67.8352_ID_565701
		One align captures most of this contig: 4300309 4310978 | 10670 1 | 10670 10670 | 99.48 | Ecoli_ancestor_Ancestor_ NODE_78_length_10670_cov_67.8352_ID_565701

CONTIG: NODE_79_length_10482_cov_64.8336_ID_579361 (10482bp)
Top Length: 10482  Top ID: 99.66
		One align captures most of this contig: 2653976 2664457 | 1 10482 | 10482 10482 | 99.66 | Ecoli_ancestor_Ancestor_ NODE_79_length_10482_cov_64.8336_ID_579361

CONTIG: NODE_80_length_9504_cov_65.4154_ID_579453 (9504bp)
Top Length: 9504  Top ID: 99.38
		One align captures most of this contig: 3395990 3405493 | 1 9504 | 9504 9504 | 99.38 | Ecoli_ancestor_Ancestor_ NODE_80_length_9504_cov_65.4154_ID_579453

CONTIG: NODE_81_length_9228_cov_66.7099_ID_565971 (9228bp)
Top Length: 9228  Top ID: 99.26
		One align captures most of this contig: 4199041 4208268 | 9228 1 | 9228 9228 | 99.26 | Ecoli_ancestor_Ancestor_ NODE_81_length_9228_cov_66.7099_ID_565971

CONTIG: NODE_82_length_8062_cov_65.1847_ID_571614 (8062bp)
Top Length: 8062  Top ID: 99.4
		One align captures most of this contig: 83286 91347 | 1 8062 | 8062 8062 | 99.4 | Ecoli_ancestor_Ancestor_ NODE_82_length_8062_cov_65.1847_ID_571614

CONTIG: NODE_83_length_8057_cov_68.6572_ID_579351 (8057bp)
Top Length: 8057  Top ID: 99.4
		Marking as insignificant: 496178 496466 | 289 1 | 289 289 | 96.89 | Ecoli_ancestor_Ancestor_ NODE_83_length_8057_cov_68.6572_ID_579351
		One align captures most of this contig: 488318 496374 | 8057 1 | 8057 8057 | 99.4 | Ecoli_ancestor_Ancestor_ NODE_83_length_8057_cov_68.6572_ID_579351

CONTIG: NODE_84_length_8052_cov_65.7885_ID_579563 (8052bp)
Top Length: 8052  Top ID: 99.49
		One align captures most of this contig: 4353801 4361852 | 8052 1 | 8052 8052 | 99.49 | Ecoli_ancestor_Ancestor_ NODE_84_length_8052_cov_65.7885_ID_579563

CONTIG: NODE_85_length_8014_cov_65.5964_ID_579369 (8014bp)
Top Length: 8014  Top ID: 99.51
		One align captures most of this contig: 2243699 2251712 | 8014 1 | 8014 8014 | 99.51 | Ecoli_ancestor_Ancestor_ NODE_85_length_8014_cov_65.5964_ID_579369

CONTIG: NODE_86_length_7373_cov_66.5611_ID_579429 (7373bp)
Top Length: 7373  Top ID: 99.28
		One align captures most of this contig: 1109113 1116485 | 1 7373 | 7373 7373 | 99.28 | Ecoli_ancestor_Ancestor_ NODE_86_length_7373_cov_66.5611_ID_579429

CONTIG: NODE_87_length_7074_cov_63.8919_ID_579331 (7074bp)
Top Length: 7074  Top ID: 99.52
		One align captures most of this contig: 2236624 2243697 | 1 7074 | 7074 7074 | 99.52 | Ecoli_ancestor_Ancestor_ NODE_87_length_7074_cov_63.8919_ID_579331

CONTIG: NODE_88_length_7009_cov_65.67_ID_579455 (7009bp)
Top Length: 7009  Top ID: 99.42
		One align captures most of this contig: 2598278 2605286 | 7009 1 | 7009 7009 | 99.42 | Ecoli_ancestor_Ancestor_ NODE_88_length_7009_cov_65.67_ID_579455

CONTIG: NODE_89_length_6965_cov_64.2657_ID_579457 (6965bp)
Top Length: 6965  Top ID: 99.53
		One align captures most of this contig: 3168781 3175745 | 1 6965 | 6965 6965 | 99.53 | Ecoli_ancestor_Ancestor_ NODE_89_length_6965_cov_64.2657_ID_579457

CONTIG: NODE_90_length_6880_cov_64.7848_ID_566348 (6880bp)
Top Length: 6880  Top ID: 99.46
		One align captures most of this contig: 424451 431330 | 6880 1 | 6880 6880 | 99.46 | Ecoli_ancestor_Ancestor_ NODE_90_length_6880_cov_64.7848_ID_566348

CONTIG: NODE_91_length_6666_cov_63.2857_ID_566380 (6666bp)
Top Length: 6666  Top ID: 99.4
		One align captures most of this contig: 4016159 4022824 | 1 6666 | 6666 6666 | 99.4 | Ecoli_ancestor_Ancestor_ NODE_91_length_6666_cov_63.2857_ID_566380

CONTIG: NODE_92_length_6617_cov_65.0994_ID_579459 (6617bp)
Top Length: 6617  Top ID: 99.49
		One align captures most of this contig: 3679524 3686140 | 1 6617 | 6617 6617 | 99.49 | Ecoli_ancestor_Ancestor_ NODE_92_length_6617_cov_65.0994_ID_579459

CONTIG: NODE_93_length_6174_cov_65.2195_ID_579403 (6174bp)
Top Length: 6174  Top ID: 99.66
		One align captures most of this contig: 1132711 1138884 | 1 6174 | 6174 6174 | 99.66 | Ecoli_ancestor_Ancestor_ NODE_93_length_6174_cov_65.2195_ID_579403

CONTIG: NODE_95_length_5304_cov_64.6489_ID_566460 (5304bp)
Top Length: 5304  Top ID: 99.57
		One align captures most of this contig: 3284862 3290165 | 1 5304 | 5304 5304 | 99.57 | Ecoli_ancestor_Ancestor_ NODE_95_length_5304_cov_64.6489_ID_566460

CONTIG: NODE_96_length_5188_cov_67.3495_ID_579427 (5188bp)
Top Length: 5188  Top ID: 99.54
		One align captures most of this contig: 483098 488285 | 5188 1 | 5188 5188 | 99.54 | Ecoli_ancestor_Ancestor_ NODE_96_length_5188_cov_67.3495_ID_579427

CONTIG: NODE_97_length_5180_cov_64.7481_ID_579431 (5180bp)
Top Length: 5180  Top ID: 99.42
		One align captures most of this contig: 1138921 1144100 | 5180 1 | 5180 5180 | 99.42 | Ecoli_ancestor_Ancestor_ NODE_97_length_5180_cov_64.7481_ID_579431

CONTIG: NODE_98_length_4580_cov_66.2225_ID_579437 (4580bp)
Top Length: 4580  Top ID: 99.45
		One align captures most of this contig: 478518 483097 | 4580 1 | 4580 4580 | 99.45 | Ecoli_ancestor_Ancestor_ NODE_98_length_4580_cov_66.2225_ID_579437

CONTIG: NODE_99_length_4545_cov_65.6731_ID_579405 (4545bp)
Top Length: 4545  Top ID: 99.36
		One align captures most of this contig: 1144195 1148739 | 4545 1 | 4545 4545 | 99.36 | Ecoli_ancestor_Ancestor_ NODE_99_length_4545_cov_65.6731_ID_579405

CONTIG: NODE_100_length_4500_cov_66.7071_ID_574904 (4500bp)
Top Length: 4500  Top ID: 99.56
		One align captures most of this contig: 4637149 4641648 | 1 4500 | 4500 4500 | 99.56 | Ecoli_ancestor_Ancestor_ NODE_100_length_4500_cov_66.7071_ID_574904

CONTIG: NODE_101_length_4278_cov_63.9811_ID_579371 (4278bp)
Top Length: 4278  Top ID: 99.53
		Marking as insignificant: 549959 550058 | 4179 4278 | 100 100 | 99.0 | Ecoli_ancestor_Ancestor_ NODE_101_length_4278_cov_63.9811_ID_579371
		One align captures most of this contig: 414661 418938 | 1 4278 | 4278 4278 | 99.53 | Ecoli_ancestor_Ancestor_ NODE_101_length_4278_cov_63.9811_ID_579371

CONTIG: NODE_102_length_4247_cov_67.8838_ID_579305 (4247bp)
Top Length: 4247  Top ID: 99.36
		One align captures most of this contig: 1104813 1109059 | 4247 1 | 4247 4247 | 99.36 | Ecoli_ancestor_Ancestor_ NODE_102_length_4247_cov_67.8838_ID_579305

CONTIG: NODE_103_length_4151_cov_66.4011_ID_566718 (4151bp)
Top Length: 4151  Top ID: 99.4
		One align captures most of this contig: 3124782 3128932 | 4151 1 | 4151 4151 | 99.4 | Ecoli_ancestor_Ancestor_ NODE_103_length_4151_cov_66.4011_ID_566718

CONTIG: NODE_104_length_4122_cov_62.8013_ID_566686 (4122bp)
Top Length: 4122  Top ID: 99.59
		One align captures most of this contig: 4311588 4315709 | 4122 1 | 4122 4122 | 99.59 | Ecoli_ancestor_Ancestor_ NODE_104_length_4122_cov_62.8013_ID_566686

CONTIG: NODE_105_length_3322_cov_66.2498_ID_579363 (3322bp)
Top Length: 3322  Top ID: 99.55
		One align captures most of this contig: 475153 478474 | 1 3322 | 3322 3322 | 99.55 | Ecoli_ancestor_Ancestor_ NODE_105_length_3322_cov_66.2498_ID_579363

CONTIG: NODE_107_length_3189_cov_68.0377_ID_579629 (3189bp)
Top Length: 3189  Top ID: 99.06
		One align captures most of this contig: 1116486 1119674 | 3189 1 | 3189 3189 | 99.06 | Ecoli_ancestor_Ancestor_ NODE_107_length_3189_cov_68.0377_ID_579629

CONTIG: NODE_108_length_3174_cov_65.3338_ID_566880 (3174bp)
Top Length: 3174  Top ID: 99.68
		One align captures most of this contig: 4537532 4540705 | 3174 1 | 3174 3174 | 99.68 | Ecoli_ancestor_Ancestor_ NODE_108_length_3174_cov_65.3338_ID_566880

CONTIG: NODE_109_length_3141_cov_446.949_ID_579277 (3141bp)
Top Length: 3141  Top ID: 99.52
		Marking as insignificant: 1167256 1167386 | 131 1 | 131 131 | 97.71 | Ecoli_ancestor_Ancestor_ NODE_109_length_3141_cov_446.949_ID_579277
		This contig has 7 significant alignments. [An ambiguously mapped contig]
		Using only first of these alignment (option --ambiguity-usage is set to "one"):
		Alignment: 550163 553305 | 1 3141 | 3143 3141 | 99.52 | Ecoli_ancestor_Ancestor_ NODE_109_length_3141_cov_446.949_ID_579277
		Skipping alignment  419043 422183 | 1 3141 | 3141 3141 | 99.43 | Ecoli_ancestor_Ancestor_ NODE_109_length_3141_cov_446.949_ID_579277
		Skipping alignment  4361924 4365065 | 1 3141 | 3142 3141 | 99.43 | Ecoli_ancestor_Ancestor_ NODE_109_length_3141_cov_446.949_ID_579277
		Skipping alignment  377640 380781 | 1 3141 | 3142 3141 | 99.36 | Ecoli_ancestor_Ancestor_ NODE_109_length_3141_cov_446.949_ID_579277
		Skipping alignment  1164001 1167141 | 3141 1 | 3141 3141 | 99.33 | Ecoli_ancestor_Ancestor_ NODE_109_length_3141_cov_446.949_ID_579277
		Skipping alignment  643980 647120 | 1 3141 | 3141 3141 | 99.3 | Ecoli_ancestor_Ancestor_ NODE_109_length_3141_cov_446.949_ID_579277
		Skipping alignment  1861602 1864740 | 3139 1 | 3139 3139 | 99.27 | Ecoli_ancestor_Ancestor_ NODE_109_length_3141_cov_446.949_ID_579277

CONTIG: NODE_110_length_2771_cov_64.2264_ID_577687 (2771bp)
Top Length: 2771  Top ID: 99.35
		One align captures most of this contig: 3978737 3981507 | 1 2771 | 2771 2771 | 99.35 | Ecoli_ancestor_Ancestor_ NODE_110_length_2771_cov_64.2264_ID_577687

CONTIG: NODE_111_length_2308_cov_67.6085_ID_567041 (2308bp)
Top Length: 2308  Top ID: 99.52
		One align captures most of this contig: 4316795 4319102 | 1 2308 | 2308 2308 | 99.52 | Ecoli_ancestor_Ancestor_ NODE_111_length_2308_cov_67.6085_ID_567041

CONTIG: NODE_112_length_2070_cov_66.2605_ID_579309 (2070bp)
Top Length: 2070  Top ID: 99.71
		One align captures most of this contig: 4635134 4637203 | 1 2070 | 2070 2070 | 99.71 | Ecoli_ancestor_Ancestor_ NODE_112_length_2070_cov_66.2605_ID_579309

CONTIG: NODE_113_length_1922_cov_200.055_ID_579341 (1922bp)
Top Length: 1922  Top ID: 99.84
		Marking as insignificant: 3859147 3861068 | 1922 1 | 1922 1922 | 97.55 | Ecoli_ancestor_Ancestor_ NODE_113_length_1922_cov_200.055_ID_579341
		This contig has 2 significant alignments. [An ambiguously mapped contig]
		Using only first of these alignment (option --ambiguity-usage is set to "one"):
		Alignment: 969538 971459 | 1922 1 | 1922 1922 | 99.84 | Ecoli_ancestor_Ancestor_ NODE_113_length_1922_cov_200.055_ID_579341
		Skipping alignment  826547 828468 | 1922 1 | 1922 1922 | 99.69 | Ecoli_ancestor_Ancestor_ NODE_113_length_1922_cov_200.055_ID_579341

CONTIG: NODE_114_length_1750_cov_63.4991_ID_567249 (1750bp)
Top Length: 1750  Top ID: 99.54
		One align captures most of this contig: 2521809 2523558 | 1 1750 | 1750 1750 | 99.54 | Ecoli_ancestor_Ancestor_ NODE_114_length_1750_cov_63.4991_ID_567249

CONTIG: NODE_115_length_1716_cov_63.699_ID_579291 (1716bp)
Top Length: 1716  Top ID: 99.53
		One align captures most of this contig: 2678350 2680065 | 1716 1 | 1716 1716 | 99.53 | Ecoli_ancestor_Ancestor_ NODE_115_length_1716_cov_63.699_ID_579291

CONTIG: NODE_116_length_1702_cov_462.933_ID_579267 (1702bp)
Top Length: 1702  Top ID: 99.76
		Marking as insignificant: 4365478 4367179 | 1702 1 | 1702 1702 | 98.53 | Ecoli_ancestor_Ancestor_ NODE_116_length_1702_cov_462.933_ID_579267
		This contig has 6 significant alignments. [An ambiguously mapped contig]
		Using only first of these alignment (option --ambiguity-usage is set to "one"):
		Alignment: 1859501 1861202 | 1 1702 | 1702 1702 | 99.76 | Ecoli_ancestor_Ancestor_ NODE_116_length_1702_cov_462.933_ID_579267
		Skipping alignment  1161896 1163597 | 1 1702 | 1702 1702 | 99.12 | Ecoli_ancestor_Ancestor_ NODE_116_length_1702_cov_462.933_ID_579267
		Skipping alignment  422590 424291 | 1702 1 | 1702 1702 | 99.06 | Ecoli_ancestor_Ancestor_ NODE_116_length_1702_cov_462.933_ID_579267
		Skipping alignment  647441 649142 | 1702 1 | 1702 1702 | 99.06 | Ecoli_ancestor_Ancestor_ NODE_116_length_1702_cov_462.933_ID_579267
		Skipping alignment  381102 382803 | 1702 1 | 1702 1702 | 99.0 | Ecoli_ancestor_Ancestor_ NODE_116_length_1702_cov_462.933_ID_579267
		Skipping alignment  553718 555419 | 1702 1 | 1702 1702 | 98.94 | Ecoli_ancestor_Ancestor_ NODE_116_length_1702_cov_462.933_ID_579267

CONTIG: NODE_117_length_1604_cov_67.7637_ID_579335 (1604bp)
Top Length: 1604  Top ID: 99.81
		One align captures most of this contig: 3977188 3978791 | 1 1604 | 1604 1604 | 99.81 | Ecoli_ancestor_Ancestor_ NODE_117_length_1604_cov_67.7637_ID_579335

CONTIG: NODE_118_length_1345_cov_196.333_ID_579377 (1345bp)
Top Length: 1345  Top ID: 99.78
		This contig has 3 significant alignments. [An ambiguously mapped contig]
		Using only first of these alignment (option --ambiguity-usage is set to "one"):
		Alignment: 3981453 3982797 | 1345 1 | 1345 1345 | 99.78 | Ecoli_ancestor_Ancestor_ NODE_118_length_1345_cov_196.333_ID_579377
		Skipping alignment  4536242 4537586 | 1 1345 | 1345 1345 | 99.63 | Ecoli_ancestor_Ancestor_ NODE_118_length_1345_cov_196.333_ID_579377
		Skipping alignment  2075187 2076531 | 1345 1 | 1345 1345 | 99.55 | Ecoli_ancestor_Ancestor_ NODE_118_length_1345_cov_196.333_ID_579377

CONTIG: NODE_119_length_1255_cov_324.68_ID_579301 (1255bp)
Top Length: 1255  Top ID: 99.76
		This contig has 5 significant alignments. [An ambiguously mapped contig]
		Using only first of these alignment (option --ambiguity-usage is set to "one"):
		Alignment: 3495305 3496559 | 1 1255 | 1255 1255 | 99.76 | Ecoli_ancestor_Ancestor_ NODE_119_length_1255_cov_324.68_ID_579301
		Skipping alignment  2419376 2420630 | 1255 1 | 1255 1255 | 99.68 | Ecoli_ancestor_Ancestor_ NODE_119_length_1255_cov_324.68_ID_579301
		Skipping alignment  4274321 4275575 | 1255 1 | 1255 1255 | 99.68 | Ecoli_ancestor_Ancestor_ NODE_119_length_1255_cov_324.68_ID_579301
		Skipping alignment  4022770 4024024 | 1255 1 | 1255 1255 | 99.6 | Ecoli_ancestor_Ancestor_ NODE_119_length_1255_cov_324.68_ID_579301
		Skipping alignment  4197841 4199095 | 1 1255 | 1255 1255 | 99.44 | Ecoli_ancestor_Ancestor_ NODE_119_length_1255_cov_324.68_ID_579301

CONTIG: NODE_120_length_1232_cov_127.251_ID_579319 (1232bp)
Top Length: 1232  Top ID: 99.68
		This contig has 2 significant alignments. [An ambiguously mapped contig]
		Using only first of these alignment (option --ambiguity-usage is set to "one"):
		Alignment: 3018903 3020134 | 1 1232 | 1232 1232 | 99.68 | Ecoli_ancestor_Ancestor_ NODE_120_length_1232_cov_127.251_ID_579319
		Skipping alignment  923368 924599 | 1 1232 | 1232 1232 | 98.7 | Ecoli_ancestor_Ancestor_ NODE_120_length_1232_cov_127.251_ID_579319

CONTIG: NODE_121_length_1195_cov_723.3_ID_579271 (1195bp)
Top Length: 1195  Top ID: 99.5
		This contig has 11 significant alignments. [An ambiguously mapped contig]
		Using only first of these alignment (option --ambiguity-usage is set to "one"):
		Alignment: 937574 938768 | 1 1195 | 1195 1195 | 99.5 | Ecoli_ancestor_Ancestor_ NODE_121_length_1195_cov_723.3_ID_579271
		Skipping alignment  3901759 3902953 | 1 1195 | 1195 1195 | 99.5 | Ecoli_ancestor_Ancestor_ NODE_121_length_1195_cov_723.3_ID_579271
		Skipping alignment  2300691 2301885 | 1 1195 | 1195 1195 | 99.41 | Ecoli_ancestor_Ancestor_ NODE_121_length_1195_cov_723.3_ID_579271
		Skipping alignment  2487861 2489055 | 1 1195 | 1195 1195 | 99.41 | Ecoli_ancestor_Ancestor_ NODE_121_length_1195_cov_723.3_ID_579271
		Skipping alignment  3193566 3194760 | 1195 1 | 1195 1195 | 99.41 | Ecoli_ancestor_Ancestor_ NODE_121_length_1195_cov_723.3_ID_579271
		Skipping alignment  4015019 4016213 | 1 1195 | 1195 1195 | 99.41 | Ecoli_ancestor_Ancestor_ NODE_121_length_1195_cov_723.3_ID_579271
		Skipping alignment  3290111 3291305 | 1195 1 | 1195 1195 | 99.33 | Ecoli_ancestor_Ancestor_ NODE_121_length_1195_cov_723.3_ID_579271
		Skipping alignment  4315655 4316849 | 1 1195 | 1195 1195 | 99.33 | Ecoli_ancestor_Ancestor_ NODE_121_length_1195_cov_723.3_ID_579271
		Skipping alignment  1224054 1225248 | 1 1195 | 1195 1195 | 99.25 | Ecoli_ancestor_Ancestor_ NODE_121_length_1195_cov_723.3_ID_579271
		Skipping alignment  1459464 1460658 | 1195 1 | 1195 1195 | 99.25 | Ecoli_ancestor_Ancestor_ NODE_121_length_1195_cov_723.3_ID_579271
		Skipping alignment  2523451 2524645 | 1 1195 | 1195 1195 | 99.0 | Ecoli_ancestor_Ancestor_ NODE_121_length_1195_cov_723.3_ID_579271

CONTIG: NODE_122_length_1095_cov_196.553_ID_579283 (1095bp)
Top Length: 1095  Top ID: 99.73
		This contig has 3 significant alignments. [An ambiguously mapped contig]
		Using only first of these alignment (option --ambiguity-usage is set to "one"):
		Alignment: 3165861 3166955 | 1 1095 | 1095 1095 | 99.73 | Ecoli_ancestor_Ancestor_ NODE_122_length_1095_cov_196.553_ID_579283
		Skipping alignment  82125 83219 | 1 1095 | 1095 1095 | 99.63 | Ecoli_ancestor_Ancestor_ NODE_122_length_1095_cov_196.553_ID_579283
		Skipping alignment  4319169 4320263 | 1095 1 | 1095 1095 | 98.9 | Ecoli_ancestor_Ancestor_ NODE_122_length_1095_cov_196.553_ID_579283

CONTIG: NODE_123_length_1035_cov_70.8102_ID_567474 (1035bp)
Top Length: 1035  Top ID: 100.0
		Marking as insignificant: 967924 968027 | 104 1 | 104 104 | 98.08 | Ecoli_ancestor_Ancestor_ NODE_123_length_1035_cov_70.8102_ID_567474
		One align captures most of this contig: 3856602 3857636 | 1035 1 | 1035 1035 | 100.0 | Ecoli_ancestor_Ancestor_ NODE_123_length_1035_cov_70.8102_ID_567474

CONTIG: NODE_124_length_1021_cov_127.759_ID_579407 (1021bp)
Top Length: 1021  Top ID: 99.61
		This contig has 2 significant alignments. [An ambiguously mapped contig]
		Using only first of these alignment (option --ambiguity-usage is set to "one"):
		Alignment: 413695 414715 | 1 1021 | 1021 1021 | 99.61 | Ecoli_ancestor_Ancestor_ NODE_124_length_1021_cov_127.759_ID_579407
		Skipping alignment  1119620 1120640 | 1021 1 | 1021 1021 | 99.31 | Ecoli_ancestor_Ancestor_ NODE_124_length_1021_cov_127.759_ID_579407

CONTIG: NODE_125_length_991_cov_127.408_ID_579287 (991bp)
Top Length: 991  Top ID: 99.5
		This contig has 2 significant alignments. [An ambiguously mapped contig]
		Using only first of these alignment (option --ambiguity-usage is set to "one"):
		Alignment: 4064084 4065074 | 991 1 | 991 991 | 99.5 | Ecoli_ancestor_Ancestor_ NODE_125_length_991_cov_127.408_ID_579287
		Skipping alignment  3061630 3062620 | 991 1 | 991 991 | 99.19 | Ecoli_ancestor_Ancestor_ NODE_125_length_991_cov_127.408_ID_579287

CONTIG: NODE_126_length_976_cov_65.7752_ID_579289 (976bp)
Top Length: 976  Top ID: 99.9
		One align captures most of this contig: 4184216 4185191 | 976 1 | 976 976 | 99.9 | Ecoli_ancestor_Ancestor_ NODE_126_length_976_cov_65.7752_ID_579289

CONTIG: NODE_128_length_718_cov_461.074_ID_579275 (718bp)
Top Length: 718  Top ID: 100.0
		Marking as insignificant: 4299453 4300170 | 1 718 | 718 718 | 98.33 | Ecoli_ancestor_Ancestor_ NODE_128_length_718_cov_461.074_ID_579275
		Marking as insignificant: 4310924 4311641 | 1 718 | 718 718 | 98.47 | Ecoli_ancestor_Ancestor_ NODE_128_length_718_cov_461.074_ID_579275
		Marking as insignificant: 3540259 3540976 | 718 1 | 718 718 | 98.75 | Ecoli_ancestor_Ancestor_ NODE_128_length_718_cov_461.074_ID_579275
		This contig has 4 significant alignments. [An ambiguously mapped contig]
		Using only first of these alignment (option --ambiguity-usage is set to "one"):
		Alignment: 1006609 1007326 | 718 1 | 718 718 | 100.0 | Ecoli_ancestor_Ancestor_ NODE_128_length_718_cov_461.074_ID_579275
		Skipping alignment  4332179 4332896 | 1 718 | 718 718 | 99.72 | Ecoli_ancestor_Ancestor_ NODE_128_length_718_cov_461.074_ID_579275
		Skipping alignment  2605232 2605949 | 718 1 | 718 718 | 99.58 | Ecoli_ancestor_Ancestor_ NODE_128_length_718_cov_461.074_ID_579275
		Skipping alignment  4540651 4541368 | 718 1 | 718 718 | 99.16 | Ecoli_ancestor_Ancestor_ NODE_128_length_718_cov_461.074_ID_579275

CONTIG: NODE_129_length_706_cov_437.367_ID_579269 (706bp)
Top Length: 706  Top ID: 99.86
		This contig has 7 significant alignments. [An ambiguously mapped contig]
		Using only first of these alignment (option --ambiguity-usage is set to "one"):
		Alignment: 1403378 1404083 | 1 706 | 706 706 | 99.86 | Ecoli_ancestor_Ancestor_ NODE_129_length_706_cov_437.367_ID_579269
		Skipping alignment  3164475 3165180 | 1 706 | 706 706 | 99.86 | Ecoli_ancestor_Ancestor_ NODE_129_length_706_cov_437.367_ID_579269
		Skipping alignment  91293 91998 | 1 706 | 706 706 | 99.72 | Ecoli_ancestor_Ancestor_ NODE_129_length_706_cov_437.367_ID_579269
		Skipping alignment  2939256 2939961 | 1 706 | 706 706 | 99.72 | Ecoli_ancestor_Ancestor_ NODE_129_length_706_cov_437.367_ID_579269
		Skipping alignment  4208214 4208919 | 1 706 | 706 706 | 99.72 | Ecoli_ancestor_Ancestor_ NODE_129_length_706_cov_437.367_ID_579269
		Skipping alignment  1593738 1594443 | 706 1 | 706 706 | 99.58 | Ecoli_ancestor_Ancestor_ NODE_129_length_706_cov_437.367_ID_579269
		Skipping alignment  2521158 2521863 | 706 1 | 706 706 | 99.01 | Ecoli_ancestor_Ancestor_ NODE_129_length_706_cov_437.367_ID_579269

CONTIG: NODE_130_length_659_cov_265.732_ID_579447 (659bp)
Top Length: 659  Top ID: 99.09
		This contig has 4 significant alignments. [An ambiguously mapped contig]
		Using only first of these alignment (option --ambiguity-usage is set to "one"):
		Alignment: 3855998 3856656 | 659 1 | 659 659 | 99.09 | Ecoli_ancestor_Ancestor_ NODE_130_length_659_cov_265.732_ID_579447
		Skipping alignment  3857869 3858527 | 659 1 | 659 659 | 98.94 | Ecoli_ancestor_Ancestor_ NODE_130_length_659_cov_265.732_ID_579447
		Skipping alignment  968260 968918 | 659 1 | 659 659 | 98.33 | Ecoli_ancestor_Ancestor_ NODE_130_length_659_cov_265.732_ID_579447
		Skipping alignment  825269 825927 | 659 1 | 659 659 | 98.18 | Ecoli_ancestor_Ancestor_ NODE_130_length_659_cov_265.732_ID_579447

CONTIG: NODE_132_length_521_cov_185.601_ID_579445 (521bp)
Top Length: 521  Top ID: 99.81
		Marking as insignificant: 3858473 3858957 | 521 37 | 485 485 | 97.32 | Ecoli_ancestor_Ancestor_ NODE_132_length_521_cov_185.601_ID_579445
		This contig has 2 significant alignments. [An ambiguously mapped contig]
		Using only first of these alignment (option --ambiguity-usage is set to "one"):
		Alignment: 968864 969384 | 521 1 | 521 521 | 99.81 | Ecoli_ancestor_Ancestor_ NODE_132_length_521_cov_185.601_ID_579445
		Skipping alignment  825873 826393 | 521 1 | 521 521 | 99.62 | Ecoli_ancestor_Ancestor_ NODE_132_length_521_cov_185.601_ID_579445

Analyzing coverage...
Writing SNPs into /net/metagenomics/projects/afritz_assemblies/Similarity_Experiment/Ecoli_OneTree/metaquast_consensus_spades/Ecoli_0995/runs_per_reference/Ecoli_ancestor/contigs_reports/nucmer_output/scaffolds.used_snps
	Reference Ecoli_ancestor_Ancestor_: 118 total alignments. 1 total regions.
		Region: 1 to 4641652 (4641652 bp)
			START in gap: 1 to 83286 (83285 bp)
			Align 1: 83286 91347 NODE_82_length_8062_cov_65.1847_ID_571614 1 8062
				Gap between this and next alignment: 91347 to 92563 (1215 bp)
				Next Alignment: 92563 135946 NODE_40_length_43384_cov_65.5322_ID_567882 43384 1

			Align 2: 92563 135946 NODE_40_length_43384_cov_65.5322_ID_567882 43384 1
				Gap between this and next alignment: 135946 to 382749 (246802 bp)
				Next Alignment: 382749 413749 NODE_48_length_31003_cov_65.771_ID_568417 1 31003

			Align 3: 382749 413749 NODE_48_length_31003_cov_65.771_ID_568417 1 31003
				Negative gap (overlap) between this and next alignment: 413749 to 413695 (-54 bp)
				Next Alignment: 413695 414715 NODE_124_length_1021_cov_127.759_ID_579407 1 1021

			Previous gap was negative, modifying coordinates to ignore overlap
				Moving contig start from 1 to 56.
			Align 4: 413750 414715 NODE_124_length_1021_cov_127.759_ID_579407 56 1021
				Negative gap (overlap) between this and next alignment: 414715 to 414661 (-54 bp)
				Next Alignment: 414661 418938 NODE_101_length_4278_cov_63.9811_ID_579371 1 4278

			Previous gap was negative, modifying coordinates to ignore overlap
				Moving contig start from 1 to 56.
			Align 5: 414716 418938 NODE_101_length_4278_cov_63.9811_ID_579371 56 4278
				Gap between this and next alignment: 418938 to 424451 (5512 bp)
				Next Alignment: 424451 431330 NODE_90_length_6880_cov_64.7848_ID_566348 6880 1

			Align 6: 424451 431330 NODE_90_length_6880_cov_64.7848_ID_566348 6880 1
				Negative gap (overlap) between this and next alignment: 431330 to 431330 (0 bp)
				Next Alignment: 431330 475207 NODE_38_length_43987_cov_65.2372_ID_578445 43878 1

			Previous gap was negative, modifying coordinates to ignore overlap
				Moving contig start from 43878 to 43877.
			Align 7: 431331 475207 NODE_38_length_43987_cov_65.2372_ID_578445 43877 1
				Negative gap (overlap) between this and next alignment: 475207 to 475153 (-54 bp)
				Next Alignment: 475153 478474 NODE_105_length_3322_cov_66.2498_ID_579363 1 3322

			Previous gap was negative, modifying coordinates to ignore overlap
				Moving contig start from 1 to 56.
			Align 8: 475208 478474 NODE_105_length_3322_cov_66.2498_ID_579363 56 3322
				Gap between this and next alignment: 478474 to 478518 (43 bp)
				Next Alignment: 478518 483097 NODE_98_length_4580_cov_66.2225_ID_579437 4580 1

			Align 9: 478518 483097 NODE_98_length_4580_cov_66.2225_ID_579437 4580 1
				Next Alignment: 483098 488285 NODE_96_length_5188_cov_67.3495_ID_579427 5188 1

			Align 10: 483098 488285 NODE_96_length_5188_cov_67.3495_ID_579427 5188 1
				Gap between this and next alignment: 488285 to 488318 (32 bp)
				Next Alignment: 488318 496374 NODE_83_length_8057_cov_68.6572_ID_579351 8057 1

			Align 11: 488318 496374 NODE_83_length_8057_cov_68.6572_ID_579351 8057 1
				Gap between this and next alignment: 496374 to 496412 (37 bp)
				Next Alignment: 496412 550058 NODE_37_length_53647_cov_64.6131_ID_562027 53647 1

			Align 12: 496412 550058 NODE_37_length_53647_cov_64.6131_ID_562027 53647 1
				Gap between this and next alignment: 550058 to 550163 (104 bp)
				Next Alignment: 550163 553305 NODE_109_length_3141_cov_446.949_ID_579277 1 3141

			Align 13: 550163 553305 NODE_109_length_3141_cov_446.949_ID_579277 1 3141
				Gap between this and next alignment: 553305 to 555579 (2273 bp)
				Next Alignment: 555579 643909 NODE_17_length_88331_cov_65.8361_ID_568882 88331 1

			Align 14: 555579 643909 NODE_17_length_88331_cov_65.8361_ID_568882 88331 1
				Gap between this and next alignment: 643909 to 649271 (5361 bp)
				Next Alignment: 649271 728800 NODE_19_length_79530_cov_66.0586_ID_570793 1 79530

			Align 15: 649271 728800 NODE_19_length_79530_cov_66.0586_ID_570793 1 79530
				Negative gap (overlap) between this and next alignment: 728800 to 728746 (-54 bp)
				Next Alignment: 728746 823283 NODE_13_length_94538_cov_64.7736_ID_570868 94538 1

			Previous gap was negative, modifying coordinates to ignore overlap
				Moving contig start from 94538 to 94483.
			Align 16: 728801 823283 NODE_13_length_94538_cov_64.7736_ID_570868 94483 1
				Gap between this and next alignment: 823283 to 828414 (5130 bp)
				Next Alignment: 828414 898160 NODE_25_length_69747_cov_65.6715_ID_568701 1 69747

			Align 17: 828414 898160 NODE_25_length_69747_cov_65.6715_ID_568701 1 69747
				Negative gap (overlap) between this and next alignment: 898160 to 898106 (-54 bp)
				Next Alignment: 898106 923422 NODE_54_length_25317_cov_65.667_ID_573632 1 25317

			Previous gap was negative, modifying coordinates to ignore overlap
				Moving contig start from 1 to 56.
			Align 18: 898161 923422 NODE_54_length_25317_cov_65.667_ID_573632 56 25317
				Gap between this and next alignment: 923422 to 924545 (1122 bp)
				Next Alignment: 924545 937628 NODE_69_length_13084_cov_66.3914_ID_565248 1 13084

			Align 19: 924545 937628 NODE_69_length_13084_cov_66.3914_ID_565248 1 13084
				Negative gap (overlap) between this and next alignment: 937628 to 937574 (-54 bp)
				Next Alignment: 937574 938768 NODE_121_length_1195_cov_723.3_ID_579271 1 1195

			Previous gap was negative, modifying coordinates to ignore overlap
				Moving contig start from 1 to 56.
			Align 20: 937629 938768 NODE_121_length_1195_cov_723.3_ID_579271 56 1195
				Negative gap (overlap) between this and next alignment: 938768 to 938714 (-54 bp)
				Next Alignment: 938714 965381 NODE_53_length_26668_cov_63.8094_ID_563499 1 26668

			Previous gap was negative, modifying coordinates to ignore overlap
				Moving contig start from 1 to 56.
			Align 21: 938769 965381 NODE_53_length_26668_cov_63.8094_ID_563499 56 26668
				Gap between this and next alignment: 965381 to 968864 (3482 bp)
				Next Alignment: 968864 969384 NODE_132_length_521_cov_185.601_ID_579445 521 1

			Align 22: 968864 969384 NODE_132_length_521_cov_185.601_ID_579445 521 1
				Gap between this and next alignment: 969384 to 969538 (153 bp)
				Next Alignment: 969538 971459 NODE_113_length_1922_cov_200.055_ID_579341 1922 1

			Align 23: 969538 971459 NODE_113_length_1922_cov_200.055_ID_579341 1922 1
				Negative gap (overlap) between this and next alignment: 971459 to 971405 (-54 bp)
				Next Alignment: 971405 1006662 NODE_42_length_35258_cov_65.6974_ID_562364 35258 1

			Previous gap was negative, modifying coordinates to ignore overlap
				Moving contig start from 35258 to 35203.
			Align 24: 971460 1006662 NODE_42_length_35258_cov_65.6974_ID_562364 35203 1
				Negative gap (overlap) between this and next alignment: 1006662 to 1006609 (-53 bp)
				Next Alignment: 1006609 1007326 NODE_128_length_718_cov_461.074_ID_579275 718 1

			Previous gap was negative, modifying coordinates to ignore overlap
				Moving contig start from 718 to 664.
			Align 25: 1006663 1007326 NODE_128_length_718_cov_461.074_ID_579275 664 1
				Negative gap (overlap) between this and next alignment: 1007326 to 1007272 (-54 bp)
				Next Alignment: 1007272 1104812 NODE_12_length_97596_cov_65.5079_ID_576017 97596 56

			Previous gap was negative, modifying coordinates to ignore overlap
				Moving contig start from 97596 to 97541.
			Align 26: 1007327 1104812 NODE_12_length_97596_cov_65.5079_ID_576017 97541 56
				Next Alignment: 1104813 1109059 NODE_102_length_4247_cov_67.8838_ID_579305 4247 1

			Align 27: 1104813 1109059 NODE_102_length_4247_cov_67.8838_ID_579305 4247 1
				Gap between this and next alignment: 1109059 to 1109113 (53 bp)
				Next Alignment: 1109113 1116485 NODE_86_length_7373_cov_66.5611_ID_579429 1 7373

			Align 28: 1109113 1116485 NODE_86_length_7373_cov_66.5611_ID_579429 1 7373
				Next Alignment: 1116486 1119674 NODE_107_length_3189_cov_68.0377_ID_579629 3189 1

			Align 29: 1116486 1119674 NODE_107_length_3189_cov_68.0377_ID_579629 3189 1
				Gap between this and next alignment: 1119674 to 1120589 (914 bp)
				Next Alignment: 1120589 1132765 NODE_73_length_12180_cov_64.1828_ID_575332 12177 1

			Align 30: 1120589 1132765 NODE_73_length_12180_cov_64.1828_ID_575332 12177 1
				Negative gap (overlap) between this and next alignment: 1132765 to 1132711 (-54 bp)
				Next Alignment: 1132711 1138884 NODE_93_length_6174_cov_65.2195_ID_579403 1 6174

			Previous gap was negative, modifying coordinates to ignore overlap
				Moving contig start from 1 to 56.
			Align 31: 1132766 1138884 NODE_93_length_6174_cov_65.2195_ID_579403 56 6174
				Gap between this and next alignment: 1138884 to 1138921 (36 bp)
				Next Alignment: 1138921 1144100 NODE_97_length_5180_cov_64.7481_ID_579431 5180 1

			Align 32: 1138921 1144100 NODE_97_length_5180_cov_64.7481_ID_579431 5180 1
				Gap between this and next alignment: 1144100 to 1144195 (94 bp)
				Next Alignment: 1144195 1148739 NODE_99_length_4545_cov_65.6731_ID_579405 4545 1

			Align 33: 1144195 1148739 NODE_99_length_4545_cov_65.6731_ID_579405 4545 1
				Gap between this and next alignment: 1148739 to 1148748 (8 bp)
				Next Alignment: 1148748 1161950 NODE_68_length_13251_cov_67.1022_ID_579073 49 13251

			Align 34: 1148748 1161950 NODE_68_length_13251_cov_67.1022_ID_579073 49 13251
				Gap between this and next alignment: 1161950 to 1167491 (5540 bp)
				Next Alignment: 1167491 1224108 NODE_33_length_56618_cov_65.7604_ID_569085 1 56618

			Align 35: 1167491 1224108 NODE_33_length_56618_cov_65.7604_ID_569085 1 56618
				Gap between this and next alignment: 1224108 to 1403378 (179269 bp)
				Next Alignment: 1403378 1404083 NODE_129_length_706_cov_437.367_ID_579269 1 706

			Align 36: 1403378 1404083 NODE_129_length_706_cov_437.367_ID_579269 1 706
				Gap between this and next alignment: 1404083 to 1404636 (552 bp)
				Next Alignment: 1404636 1459518 NODE_35_length_54883_cov_64.9749_ID_561201 54883 1

			Align 37: 1404636 1459518 NODE_35_length_54883_cov_64.9749_ID_561201 54883 1
				Gap between this and next alignment: 1459518 to 1460604 (1085 bp)
				Next Alignment: 1460604 1475954 NODE_66_length_15351_cov_66.7403_ID_564841 15351 1

			Align 38: 1460604 1475954 NODE_66_length_15351_cov_66.7403_ID_564841 15351 1
				Negative gap (overlap) between this and next alignment: 1475954 to 1475952 (-2 bp)
				Next Alignment: 1475952 1530779 NODE_34_length_54897_cov_65.9487_ID_576139 70 54897

			Previous gap was negative, modifying coordinates to ignore overlap
				Moving contig start from 70 to 73.
			Align 39: 1475955 1530779 NODE_34_length_54897_cov_65.9487_ID_576139 73 54897
				Gap between this and next alignment: 1530779 to 1594389 (63609 bp)
				Next Alignment: 1594389 1772607 NODE_1_length_264572_cov_65.6157_ID_576294 1 178220

			Align 40: 1594389 1772607 NODE_1_length_264572_cov_65.6157_ID_576294 1 178220
				Gap between this and next alignment: 1772607 to 1773023 (415 bp)
				Next Alignment: 1773023 1859373 NODE_1_length_264572_cov_65.6157_ID_576294 178221 264572

			Align 41: 1773023 1859373 NODE_1_length_264572_cov_65.6157_ID_576294 178221 264572
				Gap between this and next alignment: 1859373 to 1859501 (127 bp)
				Next Alignment: 1859501 1861202 NODE_116_length_1702_cov_462.933_ID_579267 1 1702

			Align 42: 1859501 1861202 NODE_116_length_1702_cov_462.933_ID_579267 1 1702
				Gap between this and next alignment: 1861202 to 1864686 (3483 bp)
				Next Alignment: 1864686 1919374 NODE_36_length_54689_cov_65.3782_ID_575882 54689 1

			Align 43: 1864686 1919374 NODE_36_length_54689_cov_65.3782_ID_575882 54689 1
				Next Alignment: 1919375 1978591 NODE_31_length_59359_cov_65.2289_ID_574691 56 59272

			Align 44: 1919375 1978591 NODE_31_length_59359_cov_65.2289_ID_574691 56 59272
				Next Alignment: 1978592 2021983 NODE_26_length_66357_cov_65.0628_ID_577324 66232 22841

			Align 45: 1978592 2021983 NODE_26_length_66357_cov_65.0628_ID_577324 66232 22841
				Negative gap (overlap) between this and next alignment: 2021983 to 2021929 (-54 bp)
				Next Alignment: 2021929 2044768 NODE_26_length_66357_cov_65.0628_ID_577324 1 22840

			Previous gap was negative, modifying coordinates to ignore overlap
				Moving contig start from 1 to 56.
			Align 46: 2021984 2044768 NODE_26_length_66357_cov_65.0628_ID_577324 56 22840
				Negative gap (overlap) between this and next alignment: 2044768 to 2044700 (-68 bp)
				Next Alignment: 2044700 2075241 NODE_50_length_30544_cov_66.4058_ID_568201 1 30544

			Previous gap was negative, modifying coordinates to ignore overlap
				Moving contig start from 1 to 70.
			Align 47: 2044769 2075241 NODE_50_length_30544_cov_66.4058_ID_568201 70 30544
				Gap between this and next alignment: 2075241 to 2076477 (1235 bp)
				Next Alignment: 2076477 2087773 NODE_76_length_11297_cov_63.4948_ID_568790 1 11297

			Align 48: 2076477 2087773 NODE_76_length_11297_cov_63.4948_ID_568790 1 11297
				Negative gap (overlap) between this and next alignment: 2087773 to 2087719 (-54 bp)
				Next Alignment: 2087719 2163638 NODE_21_length_75920_cov_65.6319_ID_578842 1 75920

			Previous gap was negative, modifying coordinates to ignore overlap
				Moving contig start from 1 to 56.
			Align 49: 2087774 2163638 NODE_21_length_75920_cov_65.6319_ID_578842 56 75920
				Gap between this and next alignment: 2163638 to 2163664 (25 bp)
				Next Alignment: 2163664 2236678 NODE_24_length_73015_cov_65.9474_ID_578331 1 73015

			Align 50: 2163664 2236678 NODE_24_length_73015_cov_65.9474_ID_578331 1 73015
				Negative gap (overlap) between this and next alignment: 2236678 to 2236624 (-54 bp)
				Next Alignment: 2236624 2243697 NODE_87_length_7074_cov_63.8919_ID_579331 1 7074

			Previous gap was negative, modifying coordinates to ignore overlap
				Moving contig start from 1 to 56.
			Align 51: 2236679 2243697 NODE_87_length_7074_cov_63.8919_ID_579331 56 7074
				Gap between this and next alignment: 2243697 to 2243699 (1 bp)
				Next Alignment: 2243699 2251712 NODE_85_length_8014_cov_65.5964_ID_579369 8014 1

			Align 52: 2243699 2251712 NODE_85_length_8014_cov_65.5964_ID_579369 8014 1
				Negative gap (overlap) between this and next alignment: 2251712 to 2251658 (-54 bp)
				Next Alignment: 2251658 2282245 NODE_49_length_30673_cov_64.6138_ID_578806 30673 86

			Previous gap was negative, modifying coordinates to ignore overlap
				Moving contig start from 30673 to 30618.
			Align 53: 2251713 2282245 NODE_49_length_30673_cov_64.6138_ID_578806 30618 86
				Negative gap (overlap) between this and next alignment: 2282245 to 2282245 (0 bp)
				Next Alignment: 2282245 2300745 NODE_61_length_18501_cov_70.0702_ID_564956 18501 1

			Previous gap was negative, modifying coordinates to ignore overlap
				Moving contig start from 18501 to 18500.
			Align 54: 2282246 2300745 NODE_61_length_18501_cov_70.0702_ID_564956 18500 1
				Gap between this and next alignment: 2300745 to 2489001 (188255 bp)
				Next Alignment: 2489001 2521212 NODE_47_length_32212_cov_71.7216_ID_570948 1 32212

			Align 55: 2489001 2521212 NODE_47_length_32212_cov_71.7216_ID_570948 1 32212
				Gap between this and next alignment: 2521212 to 2521809 (596 bp)
				Next Alignment: 2521809 2523558 NODE_114_length_1750_cov_63.4991_ID_567249 1 1750

			Align 56: 2521809 2523558 NODE_114_length_1750_cov_63.4991_ID_567249 1 1750
				Gap between this and next alignment: 2523558 to 2524575 (1016 bp)
				Next Alignment: 2524575 2598332 NODE_23_length_73758_cov_65.271_ID_577428 73758 1

			Align 57: 2524575 2598332 NODE_23_length_73758_cov_65.271_ID_577428 73758 1
				Negative gap (overlap) between this and next alignment: 2598332 to 2598278 (-54 bp)
				Next Alignment: 2598278 2605286 NODE_88_length_7009_cov_65.67_ID_579455 7009 1

			Previous gap was negative, modifying coordinates to ignore overlap
				Moving contig start from 7009 to 6954.
			Align 58: 2598333 2605286 NODE_88_length_7009_cov_65.67_ID_579455 6954 1
				Gap between this and next alignment: 2605286 to 2605895 (608 bp)
				Next Alignment: 2605895 2618882 NODE_70_length_12988_cov_66.3947_ID_579192 12988 1

			Align 59: 2605895 2618882 NODE_70_length_12988_cov_66.3947_ID_579192 12988 1
				Gap between this and next alignment: 2618882 to 2653976 (35093 bp)
				Next Alignment: 2653976 2664457 NODE_79_length_10482_cov_64.8336_ID_579361 1 10482

			Align 60: 2653976 2664457 NODE_79_length_10482_cov_64.8336_ID_579361 1 10482
				Negative gap (overlap) between this and next alignment: 2664457 to 2664456 (-1 bp)
				Next Alignment: 2664456 2678332 NODE_67_length_13877_cov_64.3757_ID_579395 13877 1

			Previous gap was negative, modifying coordinates to ignore overlap
				Moving contig start from 13877 to 13875.
			Align 61: 2664458 2678332 NODE_67_length_13877_cov_64.3757_ID_579395 13875 1
				Gap between this and next alignment: 2678332 to 2678350 (17 bp)
				Next Alignment: 2678350 2680065 NODE_115_length_1716_cov_63.699_ID_579291 1716 1

			Align 62: 2678350 2680065 NODE_115_length_1716_cov_63.699_ID_579291 1716 1
				Negative gap (overlap) between this and next alignment: 2680065 to 2680011 (-54 bp)
				Next Alignment: 2680011 2797048 NODE_9_length_117140_cov_65.3935_ID_575581 117140 103

			Previous gap was negative, modifying coordinates to ignore overlap
				Moving contig start from 117140 to 117085.
			Align 63: 2680066 2797048 NODE_9_length_117140_cov_65.3935_ID_575581 117085 103
				Gap between this and next alignment: 2797048 to 3018903 (221854 bp)
				Next Alignment: 3018903 3020134 NODE_120_length_1232_cov_127.251_ID_579319 1 1232

			Align 64: 3018903 3020134 NODE_120_length_1232_cov_127.251_ID_579319 1 1232
				Negative gap (overlap) between this and next alignment: 3020134 to 3020080 (-54 bp)
				Next Alignment: 3020080 3061682 NODE_41_length_41605_cov_69.3189_ID_564357 41605 3

			Previous gap was negative, modifying coordinates to ignore overlap
				Moving contig start from 41605 to 41550.
			Align 65: 3020135 3061682 NODE_41_length_41605_cov_69.3189_ID_564357 41550 3
				Gap between this and next alignment: 3061682 to 3062566 (883 bp)
				Next Alignment: 3062566 3118684 NODE_32_length_57782_cov_65.6768_ID_578125 1 56119

			Align 66: 3062566 3118684 NODE_32_length_57782_cov_65.6768_ID_578125 1 56119
				Gap between this and next alignment: 3118684 to 3124782 (6097 bp)
				Next Alignment: 3124782 3128932 NODE_103_length_4151_cov_66.4011_ID_566718 4151 1

			Align 67: 3124782 3128932 NODE_103_length_4151_cov_66.4011_ID_566718 4151 1
				Gap between this and next alignment: 3128932 to 3131247 (2314 bp)
				Next Alignment: 3131247 3142375 NODE_77_length_11129_cov_66.6315_ID_579451 11129 1

			Align 68: 3131247 3142375 NODE_77_length_11129_cov_66.6315_ID_579451 11129 1
				Next Alignment: 3142376 3164529 NODE_56_length_22257_cov_65.2067_ID_568255 104 22257

			Align 69: 3142376 3164529 NODE_56_length_22257_cov_65.2067_ID_568255 104 22257
				Gap between this and next alignment: 3164529 to 3165861 (1331 bp)
				Next Alignment: 3165861 3166955 NODE_122_length_1095_cov_196.553_ID_579283 1 1095

			Align 70: 3165861 3166955 NODE_122_length_1095_cov_196.553_ID_579283 1 1095
				Gap between this and next alignment: 3166955 to 3167022 (66 bp)
				Next Alignment: 3167022 3168682 NODE_32_length_57782_cov_65.6768_ID_578125 57782 56122

			Align 71: 3167022 3168682 NODE_32_length_57782_cov_65.6768_ID_578125 57782 56122
				Gap between this and next alignment: 3168682 to 3168781 (98 bp)
				Next Alignment: 3168781 3175745 NODE_89_length_6965_cov_64.2657_ID_579457 1 6965

			Align 72: 3168781 3175745 NODE_89_length_6965_cov_64.2657_ID_579457 1 6965
				Negative gap (overlap) between this and next alignment: 3175745 to 3175745 (0 bp)
				Next Alignment: 3175745 3193620 NODE_62_length_17930_cov_64.9729_ID_578889 55 17930

			Previous gap was negative, modifying coordinates to ignore overlap
				Moving contig start from 55 to 56.
			Align 73: 3175746 3193620 NODE_62_length_17930_cov_64.9729_ID_578889 56 17930
				Gap between this and next alignment: 3193620 to 3194706 (1085 bp)
				Next Alignment: 3194706 3284844 NODE_2_length_161420_cov_66.4316_ID_578936 161420 71282

			Align 74: 3194706 3284844 NODE_2_length_161420_cov_66.4316_ID_578936 161420 71282
				Gap between this and next alignment: 3284844 to 3284862 (17 bp)
				Next Alignment: 3284862 3290165 NODE_95_length_5304_cov_64.6489_ID_566460 1 5304

			Align 75: 3284862 3290165 NODE_95_length_5304_cov_64.6489_ID_566460 1 5304
				Gap between this and next alignment: 3290165 to 3291251 (1085 bp)
				Next Alignment: 3291251 3362531 NODE_2_length_161420_cov_66.4316_ID_578936 1 71281

			Align 76: 3291251 3362531 NODE_2_length_161420_cov_66.4316_ID_578936 1 71281
				Negative gap (overlap) between this and next alignment: 3362531 to 3362378 (-153 bp)
				Next Alignment: 3362378 3395990 NODE_44_length_33667_cov_65.6604_ID_576913 1 33613

			Previous gap was negative, modifying coordinates to ignore overlap
				Moving contig start from 1 to 155.
			Align 77: 3362532 3395990 NODE_44_length_33667_cov_65.6604_ID_576913 155 33613
				Negative gap (overlap) between this and next alignment: 3395990 to 3395990 (0 bp)
				Next Alignment: 3395990 3405493 NODE_80_length_9504_cov_65.4154_ID_579453 1 9504

			Previous gap was negative, modifying coordinates to ignore overlap
				Moving contig start from 1 to 2.
			Align 78: 3395991 3405493 NODE_80_length_9504_cov_65.4154_ID_579453 2 9504
				Gap between this and next alignment: 3405493 to 3495305 (89811 bp)
				Next Alignment: 3495305 3496559 NODE_119_length_1255_cov_324.68_ID_579301 1 1255

			Align 79: 3495305 3496559 NODE_119_length_1255_cov_324.68_ID_579301 1 1255
				Negative gap (overlap) between this and next alignment: 3496559 to 3496505 (-54 bp)
				Next Alignment: 3496505 3540312 NODE_39_length_43808_cov_66.4232_ID_561830 43808 1

			Previous gap was negative, modifying coordinates to ignore overlap
				Moving contig start from 43808 to 43753.
			Align 80: 3496560 3540312 NODE_39_length_43808_cov_66.4232_ID_561830 43753 1
				Gap between this and next alignment: 3540312 to 3540922 (609 bp)
				Next Alignment: 3540922 3679578 NODE_4_length_138657_cov_64.8675_ID_578645 138657 1

			Align 81: 3540922 3679578 NODE_4_length_138657_cov_64.8675_ID_578645 138657 1
				Negative gap (overlap) between this and next alignment: 3679578 to 3679524 (-54 bp)
				Next Alignment: 3679524 3686140 NODE_92_length_6617_cov_65.0994_ID_579459 1 6617

			Previous gap was negative, modifying coordinates to ignore overlap
				Moving contig start from 1 to 56.
			Align 82: 3679579 3686140 NODE_92_length_6617_cov_65.0994_ID_579459 56 6617
				Negative gap (overlap) between this and next alignment: 3686140 to 3686140 (0 bp)
				Next Alignment: 3686140 3719553 NODE_45_length_33561_cov_65.3663_ID_578689 33561 148

			Previous gap was negative, modifying coordinates to ignore overlap
				Moving contig start from 33561 to 33560.
			Align 83: 3686141 3719553 NODE_45_length_33561_cov_65.3663_ID_578689 33560 148
				Negative gap (overlap) between this and next alignment: 3719553 to 3719553 (0 bp)
				Next Alignment: 3719553 3809712 NODE_15_length_90361_cov_65.8615_ID_563196 90161 1

			Previous gap was negative, modifying coordinates to ignore overlap
				Moving contig start from 90161 to 90160.
			Align 84: 3719554 3809712 NODE_15_length_90361_cov_65.8615_ID_563196 90160 1
				Gap between this and next alignment: 3809712 to 3827159 (17446 bp)
				Next Alignment: 3827159 3855765 NODE_51_length_28607_cov_72.1213_ID_571419 28607 1

			Align 85: 3827159 3855765 NODE_51_length_28607_cov_72.1213_ID_571419 28607 1
				Gap between this and next alignment: 3855765 to 3855998 (232 bp)
				Next Alignment: 3855998 3856656 NODE_130_length_659_cov_265.732_ID_579447 659 1

			Align 86: 3855998 3856656 NODE_130_length_659_cov_265.732_ID_579447 659 1
				Negative gap (overlap) between this and next alignment: 3856656 to 3856602 (-54 bp)
				Next Alignment: 3856602 3857636 NODE_123_length_1035_cov_70.8102_ID_567474 1035 1

			Previous gap was negative, modifying coordinates to ignore overlap
				Moving contig start from 1035 to 980.
			Align 87: 3856657 3857636 NODE_123_length_1035_cov_70.8102_ID_567474 980 1
				Gap between this and next alignment: 3857636 to 3861014 (3377 bp)
				Next Alignment: 3861014 3882213 NODE_58_length_21200_cov_65.713_ID_576672 1 21200

			Align 88: 3861014 3882213 NODE_58_length_21200_cov_65.713_ID_576672 1 21200
				Negative gap (overlap) between this and next alignment: 3882213 to 3882126 (-87 bp)
				Next Alignment: 3882126 3901813 NODE_57_length_21512_cov_65.451_ID_577043 19688 1

			Previous gap was negative, modifying coordinates to ignore overlap
				Moving contig start from 19688 to 19600.
			Align 89: 3882214 3901813 NODE_57_length_21512_cov_65.451_ID_577043 19600 1
				The next alignment (3899991 3901813 NODE_57_length_21512_cov_65.451_ID_577043 19690 21512) is redundant. Skipping.
				Gap between this and next alignment: 3901813 to 3902899 (1085 bp)
				Next Alignment: 3902899 3977242 NODE_22_length_74344_cov_65.9182_ID_577718 1 74344

			Align 91: 3902899 3977242 NODE_22_length_74344_cov_65.9182_ID_577718 1 74344
				Negative gap (overlap) between this and next alignment: 3977242 to 3977188 (-54 bp)
				Next Alignment: 3977188 3978791 NODE_117_length_1604_cov_67.7637_ID_579335 1 1604

			Previous gap was negative, modifying coordinates to ignore overlap
				Moving contig start from 1 to 56.
			Align 92: 3977243 3978791 NODE_117_length_1604_cov_67.7637_ID_579335 56 1604
				Negative gap (overlap) between this and next alignment: 3978791 to 3978737 (-54 bp)
				Next Alignment: 3978737 3981507 NODE_110_length_2771_cov_64.2264_ID_577687 1 2771

			Previous gap was negative, modifying coordinates to ignore overlap
				Moving contig start from 1 to 56.
			Align 93: 3978792 3981507 NODE_110_length_2771_cov_64.2264_ID_577687 56 2771
				Negative gap (overlap) between this and next alignment: 3981507 to 3981453 (-54 bp)
				Next Alignment: 3981453 3982797 NODE_118_length_1345_cov_196.333_ID_579377 1345 1

			Previous gap was negative, modifying coordinates to ignore overlap
				Moving contig start from 1345 to 1290.
			Align 94: 3981508 3982797 NODE_118_length_1345_cov_196.333_ID_579377 1290 1
				Negative gap (overlap) between this and next alignment: 3982797 to 3982743 (-54 bp)
				Next Alignment: 3982743 4015073 NODE_46_length_32331_cov_70.3221_ID_564885 1 32331

			Previous gap was negative, modifying coordinates to ignore overlap
				Moving contig start from 1 to 56.
			Align 95: 3982798 4015073 NODE_46_length_32331_cov_70.3221_ID_564885 56 32331
				Gap between this and next alignment: 4015073 to 4016159 (1085 bp)
				Next Alignment: 4016159 4022824 NODE_91_length_6666_cov_63.2857_ID_566380 1 6666

			Align 96: 4016159 4022824 NODE_91_length_6666_cov_63.2857_ID_566380 1 6666
				Gap between this and next alignment: 4022824 to 4023970 (1145 bp)
				Next Alignment: 4023970 4051599 NODE_52_length_27630_cov_63.5005_ID_577465 27630 1

			Align 97: 4023970 4051599 NODE_52_length_27630_cov_63.5005_ID_577465 27630 1
				Negative gap (overlap) between this and next alignment: 4051599 to 4051545 (-54 bp)
				Next Alignment: 4051545 4064138 NODE_72_length_12594_cov_63.1121_ID_568509 1 12594

			Previous gap was negative, modifying coordinates to ignore overlap
				Moving contig start from 1 to 56.
			Align 98: 4051600 4064138 NODE_72_length_12594_cov_63.1121_ID_568509 56 12594
				Negative gap (overlap) between this and next alignment: 4064138 to 4064084 (-54 bp)
				Next Alignment: 4064084 4065074 NODE_125_length_991_cov_127.408_ID_579287 991 1

			Previous gap was negative, modifying coordinates to ignore overlap
				Moving contig start from 991 to 936.
			Align 99: 4064139 4065074 NODE_125_length_991_cov_127.408_ID_579287 936 1
				Negative gap (overlap) between this and next alignment: 4065074 to 4065020 (-54 bp)
				Next Alignment: 4065020 4184218 NODE_7_length_119264_cov_65.343_ID_574159 119264 66

			Previous gap was negative, modifying coordinates to ignore overlap
				Moving contig start from 119264 to 119209.
			Align 100: 4065075 4184218 NODE_7_length_119264_cov_65.343_ID_574159 119209 66
				Negative gap (overlap) between this and next alignment: 4184218 to 4184216 (-2 bp)
				Next Alignment: 4184216 4185191 NODE_126_length_976_cov_65.7752_ID_579289 976 1

			Previous gap was negative, modifying coordinates to ignore overlap
				Moving contig start from 976 to 973.
			Align 101: 4184219 4185191 NODE_126_length_976_cov_65.7752_ID_579289 973 1
				Gap between this and next alignment: 4185191 to 4185202 (10 bp)
				Next Alignment: 4185202 4197895 NODE_71_length_12746_cov_65.0817_ID_579114 12694 1

			Align 102: 4185202 4197895 NODE_71_length_12746_cov_65.0817_ID_579114 12694 1
				Gap between this and next alignment: 4197895 to 4199041 (1145 bp)
				Next Alignment: 4199041 4208268 NODE_81_length_9228_cov_66.7099_ID_565971 9228 1

			Align 103: 4199041 4208268 NODE_81_length_9228_cov_66.7099_ID_565971 9228 1
				Gap between this and next alignment: 4208268 to 4209490 (1221 bp)
				Next Alignment: 4209490 4274375 NODE_27_length_64886_cov_66.3404_ID_569177 1 64886

			Align 104: 4209490 4274375 NODE_27_length_64886_cov_66.3404_ID_569177 1 64886
				Gap between this and next alignment: 4274375 to 4275521 (1145 bp)
				Next Alignment: 4275521 4299507 NODE_55_length_23987_cov_66.5224_ID_571465 1 23987

			Align 105: 4275521 4299507 NODE_55_length_23987_cov_66.5224_ID_571465 1 23987
				Gap between this and next alignment: 4299507 to 4300309 (801 bp)
				Next Alignment: 4300309 4310978 NODE_78_length_10670_cov_67.8352_ID_565701 10670 1

			Align 106: 4300309 4310978 NODE_78_length_10670_cov_67.8352_ID_565701 10670 1
				Gap between this and next alignment: 4310978 to 4311588 (609 bp)
				Next Alignment: 4311588 4315709 NODE_104_length_4122_cov_62.8013_ID_566686 4122 1

			Align 107: 4311588 4315709 NODE_104_length_4122_cov_62.8013_ID_566686 4122 1
				Gap between this and next alignment: 4315709 to 4316795 (1085 bp)
				Next Alignment: 4316795 4319102 NODE_111_length_2308_cov_67.6085_ID_567041 1 2308

			Align 108: 4316795 4319102 NODE_111_length_2308_cov_67.6085_ID_567041 1 2308
				Gap between this and next alignment: 4319102 to 4320209 (1106 bp)
				Next Alignment: 4320209 4332233 NODE_75_length_12025_cov_65.6081_ID_572144 12025 1

			Align 109: 4320209 4332233 NODE_75_length_12025_cov_65.6081_ID_572144 12025 1
				Gap between this and next alignment: 4332233 to 4332842 (608 bp)
				Next Alignment: 4332842 4353849 NODE_59_length_21008_cov_66.2256_ID_569599 21008 1

			Align 110: 4332842 4353849 NODE_59_length_21008_cov_66.2256_ID_569599 21008 1
				Negative gap (overlap) between this and next alignment: 4353849 to 4353801 (-48 bp)
				Next Alignment: 4353801 4361852 NODE_84_length_8052_cov_65.7885_ID_579563 8052 1

			Previous gap was negative, modifying coordinates to ignore overlap
				Moving contig start from 8052 to 8003.
			Align 111: 4353850 4361852 NODE_84_length_8052_cov_65.7885_ID_579563 8003 1
				Gap between this and next alignment: 4361852 to 4367125 (5272 bp)
				Next Alignment: 4367125 4386126 NODE_60_length_19056_cov_66.1482_ID_578235 19056 55

			Align 112: 4367125 4386126 NODE_60_length_19056_cov_66.1482_ID_578235 19056 55
				Negative gap (overlap) between this and next alignment: 4386126 to 4386126 (0 bp)
				Next Alignment: 4386126 4462333 NODE_20_length_76208_cov_65.4672_ID_578281 1 76208

			Previous gap was negative, modifying coordinates to ignore overlap
				Moving contig start from 1 to 2.
			Align 113: 4386127 4462333 NODE_20_length_76208_cov_65.4672_ID_578281 2 76208
				Negative gap (overlap) between this and next alignment: 4462333 to 4462279 (-54 bp)
				Next Alignment: 4462279 4474419 NODE_74_length_12141_cov_66.8565_ID_579281 12141 1

			Previous gap was negative, modifying coordinates to ignore overlap
				Moving contig start from 12141 to 12086.
			Align 114: 4462334 4474419 NODE_74_length_12141_cov_66.8565_ID_579281 12086 1
				Gap between this and next alignment: 4474419 to 4537532 (63112 bp)
				Next Alignment: 4537532 4540705 NODE_108_length_3174_cov_65.3338_ID_566880 3174 1

			Align 115: 4537532 4540705 NODE_108_length_3174_cov_65.3338_ID_566880 3174 1
				Gap between this and next alignment: 4540705 to 4541314 (608 bp)
				Next Alignment: 4541314 4635188 NODE_14_length_93875_cov_65.8715_ID_572590 1 93875

			Align 116: 4541314 4635188 NODE_14_length_93875_cov_65.8715_ID_572590 1 93875
				Negative gap (overlap) between this and next alignment: 4635188 to 4635134 (-54 bp)
				Next Alignment: 4635134 4637203 NODE_112_length_2070_cov_66.2605_ID_579309 1 2070

			Previous gap was negative, modifying coordinates to ignore overlap
				Moving contig start from 1 to 56.
			Align 117: 4635189 4637203 NODE_112_length_2070_cov_66.2605_ID_579309 56 2070
				Negative gap (overlap) between this and next alignment: 4637203 to 4637149 (-54 bp)
				Next Alignment: 4637149 4641648 NODE_100_length_4500_cov_66.7071_ID_574904 1 4500

			Previous gap was negative, modifying coordinates to ignore overlap
				Moving contig start from 1 to 56.
			Align 118: 4637204 4641648 NODE_100_length_4500_cov_66.7071_ID_574904 56 4500
			END in gap: 4641648 to 4641652 (4 bp)

Analysis is finished!
Founded SNPs were written into /net/metagenomics/projects/afritz_assemblies/Similarity_Experiment/Ecoli_OneTree/metaquast_consensus_spades/Ecoli_0995/runs_per_reference/Ecoli_ancestor/contigs_reports/nucmer_output/scaffolds.used_snps

Results:
	Local Misassemblies: 1
	Misassemblies: 4
		Relocations: 4
		Translocations: 0
		Inversions: 0
	Misassembled Contigs: 4
	Misassembled Contig Bases: 307071
	Misassemblies Inter-Contig Overlap: 0
Uncovered Regions: 0 (0)
Unaligned Contigs: 0 + 0 part
Partially Unaligned Contigs with Misassemblies: 0
Unaligned Contig Bases: 0

Ambiguously Mapped Contigs: 14
Total Bases in Ambiguously Mapped Contigs: 17503
Note that --allow-ambiguity option was set to "one" and only first alignment per each contig was used.

	Covered Bases: 3378724

	SNPs: 18889
	Insertions: 14
	Deletions: 10

	Positive Gaps: 67
		Internal Gaps:  1
		External Gaps:  66
		External Gap Total:  1262513
		External Gap Average: 19129
	Negative Gaps: 45
		Internal Overlaps:  1
		External Overlaps:  44
		External Overlaps Total: -1980
		External Overlaps Average: -45
	Contigs with Redundant Alignments: 1 (1823)
