Aligning contigs to reference...
	Running Nucmer
Parsing coords...
Loading reference...
	Loaded [e_coli_k12_gi_556503834_ref_NC_]
Loading SNPs...
Loading regions...
	No regions given, using whole reference.
	Total Regions: 1
	Total Region Length: 4641652
Analyzing contigs...
CONTIG: NODE_1_length_5574_cov_1.85792_ID_596 (5574bp)
Top Length: 5492  Top ID: 98.45
		Skipping redundant alignment 4037397 4040673 | 3276 1 | 3277 3276 | 99.36 | e_coli_k12_gi_556503834_ref_NC_ NODE_1_length_5574_cov_1.85792_ID_596
		Skipping redundant alignment 3423386 3423548 | 1 163 | 163 163 | 97.55 | e_coli_k12_gi_556503834_ref_NC_ NODE_1_length_5574_cov_1.85792_ID_596
		Skipping redundant alignment 4166299 4171793 | 5492 1 | 5495 5492 | 98.45 | e_coli_k12_gi_556503834_ref_NC_ NODE_1_length_5574_cov_1.85792_ID_596
		Skipping redundant alignment 2726052 2731485 | 21 5461 | 5434 5441 | 97.74 | e_coli_k12_gi_556503834_ref_NC_ NODE_1_length_5574_cov_1.85792_ID_596
		Skipping redundant alignment 4208001 4213164 | 5278 33 | 5164 5246 | 97.58 | e_coli_k12_gi_556503834_ref_NC_ NODE_1_length_5574_cov_1.85792_ID_596
		Skipping redundant alignment 225637 228880 | 3276 33 | 3244 3244 | 99.32 | e_coli_k12_gi_556503834_ref_NC_ NODE_1_length_5574_cov_1.85792_ID_596
		Skipping redundant alignment 3423663 3426896 | 33 3276 | 3234 3244 | 99.32 | e_coli_k12_gi_556503834_ref_NC_ NODE_1_length_5574_cov_1.85792_ID_596
		Skipping redundant alignment 4035165 4037110 | 5498 3552 | 1946 1947 | 99.49 | e_coli_k12_gi_556503834_ref_NC_ NODE_1_length_5574_cov_1.85792_ID_596
		Skipping redundant alignment 223625 225350 | 5278 3552 | 1726 1727 | 99.07 | e_coli_k12_gi_556503834_ref_NC_ NODE_1_length_5574_cov_1.85792_ID_596
		Skipping redundant alignment 3427183 3428908 | 3552 5278 | 1726 1727 | 98.84 | e_coli_k12_gi_556503834_ref_NC_ NODE_1_length_5574_cov_1.85792_ID_596
		This contig is partially unaligned. (Aligned 5492 out of 5574 bases)
		Alignment: 3941366 3946824 | 5574 33 | 5459 5542 | 97.51 | e_coli_k12_gi_556503834_ref_NC_ NODE_1_length_5574_cov_1.85792_ID_596
		Unaligned bases: 1 to 32 (32)

CONTIG: NODE_2_length_1402_cov_1.88567_ID_563 (1402bp)
Top Length: 1372  Top ID: 99.93
		Skipping redundant alignment 2996361 2997694 | 1371 38 | 1334 1334 | 99.93 | e_coli_k12_gi_556503834_ref_NC_ NODE_2_length_1402_cov_1.88567_ID_563
		Skipping redundant alignment 381260 382594 | 41 1375 | 1335 1335 | 99.85 | e_coli_k12_gi_556503834_ref_NC_ NODE_2_length_1402_cov_1.88567_ID_563
		Skipping redundant alignment 2068940 2070271 | 1372 41 | 1332 1332 | 99.92 | e_coli_k12_gi_556503834_ref_NC_ NODE_2_length_1402_cov_1.88567_ID_563
		Skipping redundant alignment 4498181 4499511 | 41 1371 | 1331 1331 | 99.92 | e_coli_k12_gi_556503834_ref_NC_ NODE_2_length_1402_cov_1.88567_ID_563
		Skipping redundant alignment 1650843 1651548 | 666 1371 | 706 706 | 99.86 | e_coli_k12_gi_556503834_ref_NC_ NODE_2_length_1402_cov_1.88567_ID_563
			Skipping redundant alignments after choosing the best set of alignments
		Skipping redundant alignment 3186095 3187457 | 40 1402 | 1363 1363 | 99.93 | e_coli_k12_gi_556503834_ref_NC_ NODE_2_length_1402_cov_1.88567_ID_563
		This contig is partially unaligned. (Aligned 1372 out of 1402 bases)
		Alignment: 1467909 1469280 | 1372 1 | 1372 1372 | 99.93 | e_coli_k12_gi_556503834_ref_NC_ NODE_2_length_1402_cov_1.88567_ID_563
		Unaligned bases: 1373 to 1402 (30)

CONTIG: NODE_3_length_1240_cov_4.22954_ID_549 (1240bp)
Top Length: 1228  Top ID: 100.0
		Marking as insignificant: 2288919 2290113 | 18 1212 | 1195 1195 | 100.0 | e_coli_k12_gi_556503834_ref_NC_ NODE_3_length_1240_cov_4.22954_ID_549
		Marking as insignificant: 2066156 2067357 | 15 1216 | 1202 1202 | 99.5 | e_coli_k12_gi_556503834_ref_NC_ NODE_3_length_1240_cov_4.22954_ID_549
		Marking as insignificant: 273951 275149 | 14 1212 | 1199 1199 | 99.92 | e_coli_k12_gi_556503834_ref_NC_ NODE_3_length_1240_cov_4.22954_ID_549
		Marking as insignificant: 2101745 2102946 | 14 1215 | 1202 1202 | 99.92 | e_coli_k12_gi_556503834_ref_NC_ NODE_3_length_1240_cov_4.22954_ID_549
		Marking as insignificant: 1396040 1397242 | 1216 14 | 1203 1203 | 100.0 | e_coli_k12_gi_556503834_ref_NC_ NODE_3_length_1240_cov_4.22954_ID_549
		Marking as insignificant: 687847 689049 | 14 1216 | 1203 1203 | 100.0 | e_coli_k12_gi_556503834_ref_NC_ NODE_3_length_1240_cov_4.22954_ID_549
		Marking as insignificant: 3365552 3366755 | 14 1217 | 1204 1204 | 100.0 | e_coli_k12_gi_556503834_ref_NC_ NODE_3_length_1240_cov_4.22954_ID_549
		Marking as insignificant: 3652030 3653234 | 12 1216 | 1205 1205 | 100.0 | e_coli_k12_gi_556503834_ref_NC_ NODE_3_length_1240_cov_4.22954_ID_549
		Marking as insignificant: 1299495 1300699 | 1216 12 | 1205 1205 | 100.0 | e_coli_k12_gi_556503834_ref_NC_ NODE_3_length_1240_cov_4.22954_ID_549
		Marking as insignificant: 3130143 3131357 | 1215 1 | 1215 1215 | 100.0 | e_coli_k12_gi_556503834_ref_NC_ NODE_3_length_1240_cov_4.22954_ID_549
		One align captures most of this contig: 574586 575813 | 13 1240 | 1228 1228 | 100.0 | e_coli_k12_gi_556503834_ref_NC_ NODE_3_length_1240_cov_4.22954_ID_549

CONTIG: NODE_4_length_927_cov_1.6055_ID_745 (927bp)
Top Length: 925  Top ID: 97.75
		This contig has 5 significant alignments. [An ambiguously mapped contig]
		Using only first of these alignment (option --ambiguity-usage is set to "one"):
		Alignment: 315431 316365 | 925 1 | 935 925 | 97.75 | e_coli_k12_gi_556503834_ref_NC_ NODE_4_length_927_cov_1.6055_ID_745
		Skipping alignment  391827 392761 | 1 925 | 935 925 | 97.75 | e_coli_k12_gi_556503834_ref_NC_ NODE_4_length_927_cov_1.6055_ID_745
		Skipping alignment  566982 567916 | 925 1 | 935 925 | 97.75 | e_coli_k12_gi_556503834_ref_NC_ NODE_4_length_927_cov_1.6055_ID_745
		Skipping alignment  1094363 1095297 | 1 925 | 935 925 | 97.75 | e_coli_k12_gi_556503834_ref_NC_ NODE_4_length_927_cov_1.6055_ID_745
		Skipping alignment  2170376 2171310 | 925 1 | 935 925 | 97.75 | e_coli_k12_gi_556503834_ref_NC_ NODE_4_length_927_cov_1.6055_ID_745

CONTIG: NODE_5_length_791_cov_2.16848_ID_717 (791bp)
Top Length: 783  Top ID: 99.49
		Marking as insignificant: 290634 291401 | 8 775 | 768 768 | 98.83 | e_coli_k12_gi_556503834_ref_NC_ NODE_5_length_791_cov_2.16848_ID_717
		Marking as insignificant: 279162 279930 | 7 775 | 769 769 | 98.83 | e_coli_k12_gi_556503834_ref_NC_ NODE_5_length_791_cov_2.16848_ID_717
		Marking as insignificant: 1978503 1979270 | 8 775 | 768 768 | 99.74 | e_coli_k12_gi_556503834_ref_NC_ NODE_5_length_791_cov_2.16848_ID_717
		Marking as insignificant: 19796 20564 | 8 776 | 769 769 | 99.74 | e_coli_k12_gi_556503834_ref_NC_ NODE_5_length_791_cov_2.16848_ID_717
		This contig has 3 significant alignments. [An ambiguously mapped contig]
		Using only first of these alignment (option --ambiguity-usage is set to "one"):
		Alignment: 3583419 3584201 | 784 2 | 783 783 | 99.49 | e_coli_k12_gi_556503834_ref_NC_ NODE_5_length_791_cov_2.16848_ID_717
		Skipping alignment  1049762 1050549 | 791 4 | 788 788 | 98.22 | e_coli_k12_gi_556503834_ref_NC_ NODE_5_length_791_cov_2.16848_ID_717
		Skipping alignment  257901 258677 | 1 777 | 777 777 | 99.49 | e_coli_k12_gi_556503834_ref_NC_ NODE_5_length_791_cov_2.16848_ID_717

CONTIG: NODE_6_length_642_cov_1.0494_ID_731 (642bp)
Top Length: 642  Top ID: 98.44
		Marking as insignificant: 3767197 3767411 | 216 1 | 215 216 | 96.76 | e_coli_k12_gi_556503834_ref_NC_ NODE_6_length_642_cov_1.0494_ID_731
		Marking as insignificant: 732417 733058 | 642 1 | 642 642 | 97.2 | e_coli_k12_gi_556503834_ref_NC_ NODE_6_length_642_cov_1.0494_ID_731
		Marking as insignificant: 734288 734923 | 642 7 | 636 636 | 98.27 | e_coli_k12_gi_556503834_ref_NC_ NODE_6_length_642_cov_1.0494_ID_731
		This contig has 2 significant alignments. [An ambiguously mapped contig]
		Using only first of these alignment (option --ambiguity-usage is set to "one"):
		Alignment: 3622026 3622667 | 642 1 | 642 642 | 98.44 | e_coli_k12_gi_556503834_ref_NC_ NODE_6_length_642_cov_1.0494_ID_731
		Skipping alignment  3765017 3765658 | 642 1 | 642 642 | 98.29 | e_coli_k12_gi_556503834_ref_NC_ NODE_6_length_642_cov_1.0494_ID_731

Analyzing coverage...
Writing SNPs into /net/metagenomics/projects/afritz_assemblies/Coverage_Sweep_wgsim/020_error/SPAdes_cov2/quast/runs_per_reference/e_coli_k12/contigs_reports/nucmer_output/scaffolds.used_snps
	Reference e_coli_k12_gi_556503834_ref_NC_: 6 total alignments. 1 total regions.
		Region: 1 to 4641652 (4641652 bp)
			START in gap: 1 to 315431 (315430 bp)
			Align 1: 315431 316365 NODE_4_length_927_cov_1.6055_ID_745 925 1
				Gap between this and next alignment: 316365 to 574586 (258220 bp)
				Next Alignment: 574586 575813 NODE_3_length_1240_cov_4.22954_ID_549 13 1240

			Align 2: 574586 575813 NODE_3_length_1240_cov_4.22954_ID_549 13 1240
				Gap between this and next alignment: 575813 to 1467909 (892095 bp)
				Next Alignment: 1467909 1469280 NODE_2_length_1402_cov_1.88567_ID_563 1372 1

			Align 3: 1467909 1469280 NODE_2_length_1402_cov_1.88567_ID_563 1372 1
				Gap between this and next alignment: 1469280 to 3583419 (2114138 bp)
				Next Alignment: 3583419 3584201 NODE_5_length_791_cov_2.16848_ID_717 784 2

			Align 4: 3583419 3584201 NODE_5_length_791_cov_2.16848_ID_717 784 2
				Gap between this and next alignment: 3584201 to 3622026 (37824 bp)
				Next Alignment: 3622026 3622667 NODE_6_length_642_cov_1.0494_ID_731 642 1

			Align 5: 3622026 3622667 NODE_6_length_642_cov_1.0494_ID_731 642 1
				Gap between this and next alignment: 3622667 to 3941366 (318698 bp)
				Next Alignment: 3941366 3946824 NODE_1_length_5574_cov_1.85792_ID_596 5574 33

			Align 6: 3941366 3946824 NODE_1_length_5574_cov_1.85792_ID_596 5574 33
			END in gap: 3946824 to 4641652 (694828 bp)

Analysis is finished!
Founded SNPs were written into /net/metagenomics/projects/afritz_assemblies/Coverage_Sweep_wgsim/020_error/SPAdes_cov2/quast/runs_per_reference/e_coli_k12/contigs_reports/nucmer_output/scaffolds.used_snps

Results:
	Local Misassemblies: 0
	Misassemblies: 0
		Relocations: 0
		Translocations: 0
		Inversions: 0
	Misassembled Contigs: 0
	Misassembled Contig Bases: 0
	Misassemblies Inter-Contig Overlap: 0
Uncovered Regions: 0 (0)
Unaligned Contigs: 0 + 2 part
Partially Unaligned Contigs with Misassemblies: 0
Unaligned Contig Bases: 62

Ambiguously Mapped Contigs: 3
Total Bases in Ambiguously Mapped Contigs: 2350
Note that --allow-ambiguity option was set to "one" and only first alignment per each contig was used.

	Covered Bases: 10419

	SNPs: 69
	Insertions: 83
	Deletions: 10

	Positive Gaps: 7
		Internal Gaps:  0
		External Gaps:  7
		External Gap Total:  4631233
		External Gap Average: 661605
	Negative Gaps: 0
		Internal Overlaps:  0
		External Overlaps:  0
		External Overlaps Total:  0
		External Overlaps Average: 0
	Contigs with Redundant Alignments: 0 (0)
