Aligning contigs to reference...
	Running Nucmer
Parsing coords...
Loading Assembly...
Loading reference...
	Loaded [Buchnera_aphidicola_Baizongia_pistaciae_0995]
Loading SNPs...
Loading regions...
	No regions given, using whole reference.
	Total Regions: 1
	Total Region Length: 615980
Analyzing contigs...
CONTIG: k99_19_flag_0_multi_92.8468_len_10717 (10717bp)
Top Length: 10717  Top ID: 99.46
		This contig has 2 significant alignments. [An ambiguously mapped contig]
		Using only first of these alignment (option --ambiguity-usage is set to "one"):
		Alignment: 520808 531524 | 10717 1 | 10717 10717 | 99.46 | Buchnera_aphidicola_Baizongia_pistaciae_0995 k99_19_flag_0_multi_92.8468_len_10717
		Skipping alignment  520808 531524 | 10717 1 | 10717 10717 | 99.46 | Buchnera_aphidicola_Baizongia_pistaciae_0995 k99_19_flag_0_multi_92.8468_len_10717

CONTIG: k99_10_flag_0_multi_87.0025_len_5629 (5629bp)
Top Length: 5629  Top ID: 99.56
		This contig has 2 significant alignments. [An ambiguously mapped contig]
		Using only first of these alignment (option --ambiguity-usage is set to "one"):
		Alignment: 475769 481397 | 5629 1 | 5629 5629 | 99.56 | Buchnera_aphidicola_Baizongia_pistaciae_0995 k99_10_flag_0_multi_87.0025_len_5629
		Skipping alignment  475769 481397 | 5629 1 | 5629 5629 | 99.56 | Buchnera_aphidicola_Baizongia_pistaciae_0995 k99_10_flag_0_multi_87.0025_len_5629

CONTIG: k99_161_flag_0_multi_91.1170_len_20533 (20533bp)
Top Length: 20533  Top ID: 99.55
		This contig has 2 significant alignments. [An ambiguously mapped contig]
		Using only first of these alignment (option --ambiguity-usage is set to "one"):
		Alignment: 455127 475659 | 20533 1 | 20533 20533 | 99.55 | Buchnera_aphidicola_Baizongia_pistaciae_0995 k99_161_flag_0_multi_91.1170_len_20533
		Skipping alignment  455127 475659 | 20533 1 | 20533 20533 | 99.55 | Buchnera_aphidicola_Baizongia_pistaciae_0995 k99_161_flag_0_multi_91.1170_len_20533

CONTIG: k99_64_flag_0_multi_86.8162_len_8275 (8275bp)
Top Length: 8275  Top ID: 99.47
		This contig has 2 significant alignments. [An ambiguously mapped contig]
		Using only first of these alignment (option --ambiguity-usage is set to "one"):
		Alignment: 160854 169128 | 1 8275 | 8275 8275 | 99.47 | Buchnera_aphidicola_Baizongia_pistaciae_0995 k99_64_flag_0_multi_86.8162_len_8275
		Skipping alignment  160854 169128 | 1 8275 | 8275 8275 | 99.47 | Buchnera_aphidicola_Baizongia_pistaciae_0995 k99_64_flag_0_multi_86.8162_len_8275

CONTIG: k99_44_flag_0_multi_88.8534_len_3265 (3265bp)
Top Length: 3265  Top ID: 99.63
		This contig has 2 significant alignments. [An ambiguously mapped contig]
		Using only first of these alignment (option --ambiguity-usage is set to "one"):
		Alignment: 89194 92458 | 3265 1 | 3265 3265 | 99.63 | Buchnera_aphidicola_Baizongia_pistaciae_0995 k99_44_flag_0_multi_88.8534_len_3265
		Skipping alignment  89194 92458 | 3265 1 | 3265 3265 | 99.63 | Buchnera_aphidicola_Baizongia_pistaciae_0995 k99_44_flag_0_multi_88.8534_len_3265

CONTIG: k99_104_flag_0_multi_87.5051_len_28508 (28508bp)
Top Length: 28508  Top ID: 99.44
		This contig has 2 significant alignments. [An ambiguously mapped contig]
		Using only first of these alignment (option --ambiguity-usage is set to "one"):
		Alignment: 119024 147531 | 1 28508 | 28508 28508 | 99.44 | Buchnera_aphidicola_Baizongia_pistaciae_0995 k99_104_flag_0_multi_87.5051_len_28508
		Skipping alignment  119024 147531 | 1 28508 | 28508 28508 | 99.44 | Buchnera_aphidicola_Baizongia_pistaciae_0995 k99_104_flag_0_multi_87.5051_len_28508

CONTIG: k99_184_flag_0_multi_86.0624_len_7259 (7259bp)
Top Length: 7259  Top ID: 99.56
		This contig has 2 significant alignments. [An ambiguously mapped contig]
		Using only first of these alignment (option --ambiguity-usage is set to "one"):
		Alignment: 548387 555645 | 1 7259 | 7259 7259 | 99.56 | Buchnera_aphidicola_Baizongia_pistaciae_0995 k99_184_flag_0_multi_86.0624_len_7259
		Skipping alignment  548387 555645 | 1 7259 | 7259 7259 | 99.56 | Buchnera_aphidicola_Baizongia_pistaciae_0995 k99_184_flag_0_multi_86.0624_len_7259

CONTIG: k99_39_flag_0_multi_88.0185_len_12414 (12414bp)
Top Length: 12414  Top ID: 99.48
		This contig has 2 significant alignments. [An ambiguously mapped contig]
		Using only first of these alignment (option --ambiguity-usage is set to "one"):
		Alignment: 442619 455032 | 12414 1 | 12414 12414 | 99.48 | Buchnera_aphidicola_Baizongia_pistaciae_0995 k99_39_flag_0_multi_88.0185_len_12414
		Skipping alignment  442619 455032 | 12414 1 | 12414 12414 | 99.48 | Buchnera_aphidicola_Baizongia_pistaciae_0995 k99_39_flag_0_multi_88.0185_len_12414

CONTIG: k99_57_flag_0_multi_87.1018_len_3174 (3174bp)
Top Length: 3174  Top ID: 99.59
		This contig has 2 significant alignments. [An ambiguously mapped contig]
		Using only first of these alignment (option --ambiguity-usage is set to "one"):
		Alignment: 233382 236555 | 1 3174 | 3174 3174 | 99.59 | Buchnera_aphidicola_Baizongia_pistaciae_0995 k99_57_flag_0_multi_87.1018_len_3174
		Skipping alignment  233382 236555 | 1 3174 | 3174 3174 | 99.59 | Buchnera_aphidicola_Baizongia_pistaciae_0995 k99_57_flag_0_multi_87.1018_len_3174

CONTIG: k99_74_flag_0_multi_58.0225_len_678 (678bp)
Top Length: 678  Top ID: 97.64
		One align captures most of this contig: 232803 233480 | 678 1 | 678 678 | 97.64 | Buchnera_aphidicola_Baizongia_pistaciae_0995 k99_74_flag_0_multi_58.0225_len_678

CONTIG: k99_264_flag_0_multi_88.8201_len_8758 (8758bp)
Top Length: 8758  Top ID: 99.6
		This contig has 2 significant alignments. [An ambiguously mapped contig]
		Using only first of these alignment (option --ambiguity-usage is set to "one"):
		Alignment: 73424 82181 | 1 8758 | 8758 8758 | 99.6 | Buchnera_aphidicola_Baizongia_pistaciae_0995 k99_264_flag_0_multi_88.8201_len_8758
		Skipping alignment  73424 82181 | 1 8758 | 8758 8758 | 99.6 | Buchnera_aphidicola_Baizongia_pistaciae_0995 k99_264_flag_0_multi_88.8201_len_8758

CONTIG: k99_24_flag_0_multi_86.7297_len_9403 (9403bp)
Top Length: 9403  Top ID: 99.38
		This contig has 2 significant alignments. [An ambiguously mapped contig]
		Using only first of these alignment (option --ambiguity-usage is set to "one"):
		Alignment: 326356 335758 | 1 9403 | 9403 9403 | 99.38 | Buchnera_aphidicola_Baizongia_pistaciae_0995 k99_24_flag_0_multi_86.7297_len_9403
		Skipping alignment  326356 335758 | 1 9403 | 9403 9403 | 99.38 | Buchnera_aphidicola_Baizongia_pistaciae_0995 k99_24_flag_0_multi_86.7297_len_9403

CONTIG: k99_50_flag_0_multi_76.3327_len_610 (610bp)
Top Length: 610  Top ID: 100.0
		One align captures most of this contig: 426580 427189 | 1 610 | 610 610 | 100.0 | Buchnera_aphidicola_Baizongia_pistaciae_0995 k99_50_flag_0_multi_76.3327_len_610

CONTIG: k99_70_flag_0_multi_92.3513_len_4699 (4699bp)
Top Length: 4699  Top ID: 99.57
		This contig has 2 significant alignments. [An ambiguously mapped contig]
		Using only first of these alignment (option --ambiguity-usage is set to "one"):
		Alignment: 336003 340701 | 4699 1 | 4699 4699 | 99.57 | Buchnera_aphidicola_Baizongia_pistaciae_0995 k99_70_flag_0_multi_92.3513_len_4699
		Skipping alignment  336003 340701 | 4699 1 | 4699 4699 | 99.57 | Buchnera_aphidicola_Baizongia_pistaciae_0995 k99_70_flag_0_multi_92.3513_len_4699

CONTIG: k99_105_flag_0_multi_83.4780_len_1670 (1670bp)
Top Length: 1670  Top ID: 99.7
		This contig has 2 significant alignments. [An ambiguously mapped contig]
		Using only first of these alignment (option --ambiguity-usage is set to "one"):
		Alignment: 428376 430045 | 1670 1 | 1670 1670 | 99.7 | Buchnera_aphidicola_Baizongia_pistaciae_0995 k99_105_flag_0_multi_83.4780_len_1670
		Skipping alignment  428376 430045 | 1670 1 | 1670 1670 | 99.7 | Buchnera_aphidicola_Baizongia_pistaciae_0995 k99_105_flag_0_multi_83.4780_len_1670

CONTIG: k99_37_flag_0_multi_83.0096_len_1976 (1976bp)
Top Length: 1976  Top ID: 99.54
		This contig has 2 significant alignments. [An ambiguously mapped contig]
		Using only first of these alignment (option --ambiguity-usage is set to "one"):
		Alignment: 104123 106098 | 1 1976 | 1976 1976 | 99.54 | Buchnera_aphidicola_Baizongia_pistaciae_0995 k99_37_flag_0_multi_83.0096_len_1976
		Skipping alignment  104123 106098 | 1 1976 | 1976 1976 | 99.54 | Buchnera_aphidicola_Baizongia_pistaciae_0995 k99_37_flag_0_multi_83.0096_len_1976

CONTIG: k99_12_flag_0_multi_90.1411_len_4252 (4252bp)
Top Length: 4252  Top ID: 99.53
		This contig has 2 significant alignments. [An ambiguously mapped contig]
		Using only first of these alignment (option --ambiguity-usage is set to "one"):
		Alignment: 580042 584293 | 1 4252 | 4252 4252 | 99.53 | Buchnera_aphidicola_Baizongia_pistaciae_0995 k99_12_flag_0_multi_90.1411_len_4252
		Skipping alignment  580042 584293 | 1 4252 | 4252 4252 | 99.53 | Buchnera_aphidicola_Baizongia_pistaciae_0995 k99_12_flag_0_multi_90.1411_len_4252

CONTIG: k99_5_flag_0_multi_83.6119_len_3495 (3495bp)
Top Length: 3495  Top ID: 99.37
		This contig has 2 significant alignments. [An ambiguously mapped contig]
		Using only first of these alignment (option --ambiguity-usage is set to "one"):
		Alignment: 322960 326454 | 3495 1 | 3495 3495 | 99.37 | Buchnera_aphidicola_Baizongia_pistaciae_0995 k99_5_flag_0_multi_83.6119_len_3495
		Skipping alignment  322960 326454 | 3495 1 | 3495 3495 | 99.37 | Buchnera_aphidicola_Baizongia_pistaciae_0995 k99_5_flag_0_multi_83.6119_len_3495

CONTIG: k99_258_flag_0_multi_85.0227_len_1070 (1070bp)
Top Length: 1070  Top ID: 99.16
		This contig has 2 significant alignments. [An ambiguously mapped contig]
		Using only first of these alignment (option --ambiguity-usage is set to "one"):
		Alignment: 46273 47342 | 1 1070 | 1070 1070 | 99.16 | Buchnera_aphidicola_Baizongia_pistaciae_0995 k99_258_flag_0_multi_85.0227_len_1070
		Skipping alignment  46273 47342 | 1 1070 | 1070 1070 | 99.16 | Buchnera_aphidicola_Baizongia_pistaciae_0995 k99_258_flag_0_multi_85.0227_len_1070

CONTIG: k99_242_flag_0_multi_83.8167_len_2423 (2423bp)
Top Length: 2423  Top ID: 99.46
		This contig has 2 significant alignments. [An ambiguously mapped contig]
		Using only first of these alignment (option --ambiguity-usage is set to "one"):
		Alignment: 10276 12698 | 2423 1 | 2423 2423 | 99.46 | Buchnera_aphidicola_Baizongia_pistaciae_0995 k99_242_flag_0_multi_83.8167_len_2423
		Skipping alignment  10276 12698 | 2423 1 | 2423 2423 | 99.46 | Buchnera_aphidicola_Baizongia_pistaciae_0995 k99_242_flag_0_multi_83.8167_len_2423

CONTIG: k99_49_flag_0_multi_83.5178_len_4568 (4568bp)
Top Length: 4568  Top ID: 99.32
		This contig has 2 significant alignments. [An ambiguously mapped contig]
		Using only first of these alignment (option --ambiguity-usage is set to "one"):
		Alignment: 575573 580140 | 4568 1 | 4568 4568 | 99.32 | Buchnera_aphidicola_Baizongia_pistaciae_0995 k99_49_flag_0_multi_83.5178_len_4568
		Skipping alignment  575573 580140 | 4568 1 | 4568 4568 | 99.32 | Buchnera_aphidicola_Baizongia_pistaciae_0995 k99_49_flag_0_multi_83.5178_len_4568

CONTIG: k99_47_flag_0_multi_89.4204_len_3643 (3643bp)
Top Length: 3643  Top ID: 99.56
		This contig has 2 significant alignments. [An ambiguously mapped contig]
		Using only first of these alignment (option --ambiguity-usage is set to "one"):
		Alignment: 612336 615978 | 1 3643 | 3643 3643 | 99.56 | Buchnera_aphidicola_Baizongia_pistaciae_0995 k99_47_flag_0_multi_89.4204_len_3643
		Skipping alignment  612336 615978 | 1 3643 | 3643 3643 | 99.56 | Buchnera_aphidicola_Baizongia_pistaciae_0995 k99_47_flag_0_multi_89.4204_len_3643

CONTIG: k99_63_flag_0_multi_53.5061_len_587 (587bp)
Top Length: 587  Top ID: 97.79
		One align captures most of this contig: 183700 184286 | 587 1 | 587 587 | 97.79 | Buchnera_aphidicola_Baizongia_pistaciae_0995 k99_63_flag_0_multi_53.5061_len_587

CONTIG: k99_245_flag_0_multi_86.4226_len_532 (532bp)
Top Length: 532  Top ID: 98.68
		This contig has 2 significant alignments. [An ambiguously mapped contig]
		Using only first of these alignment (option --ambiguity-usage is set to "one"):
		Alignment: 258988 259519 | 1 532 | 532 532 | 98.68 | Buchnera_aphidicola_Baizongia_pistaciae_0995 k99_245_flag_0_multi_86.4226_len_532
		Skipping alignment  258988 259519 | 1 532 | 532 532 | 98.68 | Buchnera_aphidicola_Baizongia_pistaciae_0995 k99_245_flag_0_multi_86.4226_len_532

CONTIG: k99_92_flag_0_multi_77.2080_len_652 (652bp)
Top Length: 652  Top ID: 98.31
		One align captures most of this contig: 426580 427231 | 652 1 | 652 652 | 98.31 | Buchnera_aphidicola_Baizongia_pistaciae_0995 k99_92_flag_0_multi_77.2080_len_652

CONTIG: k99_7_flag_0_multi_87.7623_len_4377 (4377bp)
Top Length: 4377  Top ID: 99.11
		This contig has 2 significant alignments. [An ambiguously mapped contig]
		Using only first of these alignment (option --ambiguity-usage is set to "one"):
		Alignment: 401747 406123 | 4377 1 | 4377 4377 | 99.11 | Buchnera_aphidicola_Baizongia_pistaciae_0995 k99_7_flag_0_multi_87.7623_len_4377
		Skipping alignment  401747 406123 | 4377 1 | 4377 4377 | 99.11 | Buchnera_aphidicola_Baizongia_pistaciae_0995 k99_7_flag_0_multi_87.7623_len_4377

CONTIG: k99_16_flag_0_multi_89.3810_len_7265 (7265bp)
Top Length: 7265  Top ID: 99.64
		This contig has 2 significant alignments. [An ambiguously mapped contig]
		Using only first of these alignment (option --ambiguity-usage is set to "one"):
		Alignment: 490684 497948 | 7265 1 | 7265 7265 | 99.64 | Buchnera_aphidicola_Baizongia_pistaciae_0995 k99_16_flag_0_multi_89.3810_len_7265
		Skipping alignment  490684 497948 | 7265 1 | 7265 7265 | 99.64 | Buchnera_aphidicola_Baizongia_pistaciae_0995 k99_16_flag_0_multi_89.3810_len_7265

CONTIG: k99_177_flag_0_multi_89.7548_len_3920 (3920bp)
Top Length: 3920  Top ID: 99.08
		This contig has 2 significant alignments. [An ambiguously mapped contig]
		Using only first of these alignment (option --ambiguity-usage is set to "one"):
		Alignment: 92360 96279 | 1 3920 | 3920 3920 | 99.08 | Buchnera_aphidicola_Baizongia_pistaciae_0995 k99_177_flag_0_multi_89.7548_len_3920
		Skipping alignment  92360 96279 | 1 3920 | 3920 3920 | 99.08 | Buchnera_aphidicola_Baizongia_pistaciae_0995 k99_177_flag_0_multi_89.7548_len_3920

CONTIG: k99_52_flag_0_multi_87.0078_len_11581 (11581bp)
Top Length: 11581  Top ID: 99.59
		This contig has 2 significant alignments. [An ambiguously mapped contig]
		Using only first of these alignment (option --ambiguity-usage is set to "one"):
		Alignment: 374014 385594 | 11581 1 | 11581 11581 | 99.59 | Buchnera_aphidicola_Baizongia_pistaciae_0995 k99_52_flag_0_multi_87.0078_len_11581
		Skipping alignment  374014 385594 | 11581 1 | 11581 11581 | 99.59 | Buchnera_aphidicola_Baizongia_pistaciae_0995 k99_52_flag_0_multi_87.0078_len_11581

CONTIG: k99_118_flag_0_multi_84.6757_len_503 (503bp)
Top Length: 503  Top ID: 100.0
		One align captures most of this contig: 386070 386572 | 503 1 | 503 503 | 100.0 | Buchnera_aphidicola_Baizongia_pistaciae_0995 k99_118_flag_0_multi_84.6757_len_503

CONTIG: k99_103_flag_0_multi_93.0260_len_944 (944bp)
Top Length: 944  Top ID: 99.68
		This contig has 2 significant alignments. [An ambiguously mapped contig]
		Using only first of these alignment (option --ambiguity-usage is set to "one"):
		Alignment: 574144 575087 | 944 1 | 944 944 | 99.68 | Buchnera_aphidicola_Baizongia_pistaciae_0995 k99_103_flag_0_multi_93.0260_len_944
		Skipping alignment  574144 575087 | 944 1 | 944 944 | 99.68 | Buchnera_aphidicola_Baizongia_pistaciae_0995 k99_103_flag_0_multi_93.0260_len_944

CONTIG: k99_28_flag_0_multi_88.5579_len_11218 (11218bp)
Top Length: 11218  Top ID: 99.47
		This contig has 2 significant alignments. [An ambiguously mapped contig]
		Using only first of these alignment (option --ambiguity-usage is set to "one"):
		Alignment: 509301 520518 | 1 11218 | 11218 11218 | 99.47 | Buchnera_aphidicola_Baizongia_pistaciae_0995 k99_28_flag_0_multi_88.5579_len_11218
		Skipping alignment  509301 520518 | 1 11218 | 11218 11218 | 99.47 | Buchnera_aphidicola_Baizongia_pistaciae_0995 k99_28_flag_0_multi_88.5579_len_11218

CONTIG: k99_225_flag_0_multi_69.7486_len_648 (648bp)
Top Length: 648  Top ID: 97.84
		One align captures most of this contig: 103253 103900 | 648 1 | 648 648 | 97.84 | Buchnera_aphidicola_Baizongia_pistaciae_0995 k99_225_flag_0_multi_69.7486_len_648

CONTIG: k99_266_flag_0_multi_89.2678_len_4416 (4416bp)
Top Length: 4416  Top ID: 99.64
		This contig has 2 significant alignments. [An ambiguously mapped contig]
		Using only first of these alignment (option --ambiguity-usage is set to "one"):
		Alignment: 340603 345018 | 1 4416 | 4416 4416 | 99.64 | Buchnera_aphidicola_Baizongia_pistaciae_0995 k99_266_flag_0_multi_89.2678_len_4416
		Skipping alignment  340603 345018 | 1 4416 | 4416 4416 | 99.64 | Buchnera_aphidicola_Baizongia_pistaciae_0995 k99_266_flag_0_multi_89.2678_len_4416

CONTIG: k99_62_flag_0_multi_89.4809_len_11020 (11020bp)
Top Length: 11020  Top ID: 99.61
		This contig has 2 significant alignments. [An ambiguously mapped contig]
		Using only first of these alignment (option --ambiguity-usage is set to "one"):
		Alignment: 498243 509262 | 11020 1 | 11020 11020 | 99.61 | Buchnera_aphidicola_Baizongia_pistaciae_0995 k99_62_flag_0_multi_89.4809_len_11020
		Skipping alignment  498243 509262 | 11020 1 | 11020 11020 | 99.61 | Buchnera_aphidicola_Baizongia_pistaciae_0995 k99_62_flag_0_multi_89.4809_len_11020

CONTIG: k99_73_flag_0_multi_83.5894_len_2851 (2851bp)
Top Length: 2851  Top ID: 99.79
		This contig has 2 significant alignments. [An ambiguously mapped contig]
		Using only first of these alignment (option --ambiguity-usage is set to "one"):
		Alignment: 406213 409063 | 2851 1 | 2851 2851 | 99.79 | Buchnera_aphidicola_Baizongia_pistaciae_0995 k99_73_flag_0_multi_83.5894_len_2851
		Skipping alignment  406213 409063 | 2851 1 | 2851 2851 | 99.79 | Buchnera_aphidicola_Baizongia_pistaciae_0995 k99_73_flag_0_multi_83.5894_len_2851

CONTIG: k99_207_flag_0_multi_60.3288_len_543 (543bp)
Top Length: 543  Top ID: 100.0
		One align captures most of this contig: 483566 484108 | 543 1 | 543 543 | 100.0 | Buchnera_aphidicola_Baizongia_pistaciae_0995 k99_207_flag_0_multi_60.3288_len_543

CONTIG: k99_135_flag_0_multi_89.3469_len_4016 (4016bp)
Top Length: 4016  Top ID: 99.55
		This contig has 2 significant alignments. [An ambiguously mapped contig]
		Using only first of these alignment (option --ambiguity-usage is set to "one"):
		Alignment: 69507 73522 | 4016 1 | 4016 4016 | 99.55 | Buchnera_aphidicola_Baizongia_pistaciae_0995 k99_135_flag_0_multi_89.3469_len_4016
		Skipping alignment  69507 73522 | 4016 1 | 4016 4016 | 99.55 | Buchnera_aphidicola_Baizongia_pistaciae_0995 k99_135_flag_0_multi_89.3469_len_4016

CONTIG: k99_33_flag_0_multi_85.0503_len_1768 (1768bp)
Top Length: 1768  Top ID: 99.77
		This contig has 2 significant alignments. [An ambiguously mapped contig]
		Using only first of these alignment (option --ambiguity-usage is set to "one"):
		Alignment: 28563 30330 | 1 1768 | 1768 1768 | 99.77 | Buchnera_aphidicola_Baizongia_pistaciae_0995 k99_33_flag_0_multi_85.0503_len_1768
		Skipping alignment  28563 30330 | 1 1768 | 1768 1768 | 99.77 | Buchnera_aphidicola_Baizongia_pistaciae_0995 k99_33_flag_0_multi_85.0503_len_1768

CONTIG: k99_221_flag_0_multi_89.7568_len_8475 (8475bp)
Top Length: 8475  Top ID: 99.6
		This contig has 2 significant alignments. [An ambiguously mapped contig]
		Using only first of these alignment (option --ambiguity-usage is set to "one"):
		Alignment: 251045 259519 | 1 8475 | 8475 8475 | 99.6 | Buchnera_aphidicola_Baizongia_pistaciae_0995 k99_221_flag_0_multi_89.7568_len_8475
		Skipping alignment  251045 259519 | 1 8475 | 8475 8475 | 99.6 | Buchnera_aphidicola_Baizongia_pistaciae_0995 k99_221_flag_0_multi_89.7568_len_8475

CONTIG: k99_162_flag_0_multi_89.4133_len_5248 (5248bp)
Top Length: 5248  Top ID: 99.75
		This contig has 2 significant alignments. [An ambiguously mapped contig]
		Using only first of these alignment (option --ambiguity-usage is set to "one"):
		Alignment: 531817 537064 | 5248 1 | 5248 5248 | 99.75 | Buchnera_aphidicola_Baizongia_pistaciae_0995 k99_162_flag_0_multi_89.4133_len_5248
		Skipping alignment  531817 537064 | 5248 1 | 5248 5248 | 99.75 | Buchnera_aphidicola_Baizongia_pistaciae_0995 k99_162_flag_0_multi_89.4133_len_5248

CONTIG: k99_228_flag_0_multi_66.4885_len_576 (576bp)
Top Length: 576  Top ID: 97.92
		One align captures most of this contig: 374014 374589 | 576 1 | 576 576 | 97.92 | Buchnera_aphidicola_Baizongia_pistaciae_0995 k99_228_flag_0_multi_66.4885_len_576

CONTIG: k99_107_flag_0_multi_90.1024_len_13520 (13520bp)
Top Length: 13520  Top ID: 99.61
		This contig has 2 significant alignments. [An ambiguously mapped contig]
		Using only first of these alignment (option --ambiguity-usage is set to "one"):
		Alignment: 147433 160952 | 1 13520 | 13520 13520 | 99.61 | Buchnera_aphidicola_Baizongia_pistaciae_0995 k99_107_flag_0_multi_90.1024_len_13520
		Skipping alignment  147433 160952 | 1 13520 | 13520 13520 | 99.61 | Buchnera_aphidicola_Baizongia_pistaciae_0995 k99_107_flag_0_multi_90.1024_len_13520

CONTIG: k99_58_flag_0_multi_88.5350_len_19343 (19343bp)
Top Length: 19343  Top ID: 99.58
		This contig has 2 significant alignments. [An ambiguously mapped contig]
		Using only first of these alignment (option --ambiguity-usage is set to "one"):
		Alignment: 593092 612434 | 1 19343 | 19343 19343 | 99.58 | Buchnera_aphidicola_Baizongia_pistaciae_0995 k99_58_flag_0_multi_88.5350_len_19343
		Skipping alignment  593092 612434 | 1 19343 | 19343 19343 | 99.58 | Buchnera_aphidicola_Baizongia_pistaciae_0995 k99_58_flag_0_multi_88.5350_len_19343

CONTIG: k99_75_flag_0_multi_89.4839_len_595 (595bp)
Top Length: 595  Top ID: 99.5
		This contig has 2 significant alignments. [An ambiguously mapped contig]
		Using only first of these alignment (option --ambiguity-usage is set to "one"):
		Alignment: 102204 102798 | 595 1 | 595 595 | 99.5 | Buchnera_aphidicola_Baizongia_pistaciae_0995 k99_75_flag_0_multi_89.4839_len_595
		Skipping alignment  102204 102798 | 595 1 | 595 595 | 99.5 | Buchnera_aphidicola_Baizongia_pistaciae_0995 k99_75_flag_0_multi_89.4839_len_595

CONTIG: k99_2_flag_0_multi_79.7261_len_1143 (1143bp)
Top Length: 1143  Top ID: 99.74
		This contig has 2 significant alignments. [An ambiguously mapped contig]
		Using only first of these alignment (option --ambiguity-usage is set to "one"):
		Alignment: 27388 28530 | 1143 1 | 1143 1143 | 99.74 | Buchnera_aphidicola_Baizongia_pistaciae_0995 k99_2_flag_0_multi_79.7261_len_1143
		Skipping alignment  27388 28530 | 1143 1 | 1143 1143 | 99.74 | Buchnera_aphidicola_Baizongia_pistaciae_0995 k99_2_flag_0_multi_79.7261_len_1143

CONTIG: k99_106_flag_0_multi_85.7849_len_1052 (1052bp)
Top Length: 1052  Top ID: 99.14
		This contig has 2 significant alignments. [An ambiguously mapped contig]
		Using only first of these alignment (option --ambiguity-usage is set to "one"):
		Alignment: 427233 428284 | 1 1052 | 1052 1052 | 99.14 | Buchnera_aphidicola_Baizongia_pistaciae_0995 k99_106_flag_0_multi_85.7849_len_1052
		Skipping alignment  427233 428284 | 1 1052 | 1052 1052 | 99.14 | Buchnera_aphidicola_Baizongia_pistaciae_0995 k99_106_flag_0_multi_85.7849_len_1052

CONTIG: k99_191_flag_0_multi_88.1380_len_12038 (12038bp)
Top Length: 12038  Top ID: 99.52
		This contig has 2 significant alignments. [An ambiguously mapped contig]
		Using only first of these alignment (option --ambiguity-usage is set to "one"):
		Alignment: 272089 284126 | 12038 1 | 12038 12038 | 99.52 | Buchnera_aphidicola_Baizongia_pistaciae_0995 k99_191_flag_0_multi_88.1380_len_12038
		Skipping alignment  272089 284126 | 12038 1 | 12038 12038 | 99.52 | Buchnera_aphidicola_Baizongia_pistaciae_0995 k99_191_flag_0_multi_88.1380_len_12038

CONTIG: k99_132_flag_0_multi_87.8589_len_12526 (12526bp)
Top Length: 12526  Top ID: 99.38
		This contig has 2 significant alignments. [An ambiguously mapped contig]
		Using only first of these alignment (option --ambiguity-usage is set to "one"):
		Alignment: 193886 206411 | 12526 1 | 12526 12526 | 99.38 | Buchnera_aphidicola_Baizongia_pistaciae_0995 k99_132_flag_0_multi_87.8589_len_12526
		Skipping alignment  193886 206411 | 12526 1 | 12526 12526 | 99.38 | Buchnera_aphidicola_Baizongia_pistaciae_0995 k99_132_flag_0_multi_87.8589_len_12526

CONTIG: k99_236_flag_0_multi_90.8618_len_13115 (13115bp)
Top Length: 13115  Top ID: 99.45
		This contig has 2 significant alignments. [An ambiguously mapped contig]
		Using only first of these alignment (option --ambiguity-usage is set to "one"):
		Alignment: 344920 358034 | 13115 1 | 13115 13115 | 99.45 | Buchnera_aphidicola_Baizongia_pistaciae_0995 k99_236_flag_0_multi_90.8618_len_13115
		Skipping alignment  344920 358034 | 13115 1 | 13115 13115 | 99.45 | Buchnera_aphidicola_Baizongia_pistaciae_0995 k99_236_flag_0_multi_90.8618_len_13115

CONTIG: k99_66_flag_0_multi_57.9508_len_587 (587bp)
Top Length: 587  Top ID: 100.0
		One align captures most of this contig: 183700 184286 | 587 1 | 587 587 | 100.0 | Buchnera_aphidicola_Baizongia_pistaciae_0995 k99_66_flag_0_multi_57.9508_len_587

CONTIG: k99_227_flag_0_multi_87.3464_len_13123 (13123bp)
Top Length: 13123  Top ID: 99.52
		This contig has 2 significant alignments. [An ambiguously mapped contig]
		Using only first of these alignment (option --ambiguity-usage is set to "one"):
		Alignment: 106000 119122 | 13123 1 | 13123 13123 | 99.52 | Buchnera_aphidicola_Baizongia_pistaciae_0995 k99_227_flag_0_multi_87.3464_len_13123
		Skipping alignment  106000 119122 | 13123 1 | 13123 13123 | 99.52 | Buchnera_aphidicola_Baizongia_pistaciae_0995 k99_227_flag_0_multi_87.3464_len_13123

CONTIG: k99_175_flag_0_multi_81.0522_len_1537 (1537bp)
Top Length: 1537  Top ID: 99.41
		This contig has 2 significant alignments. [An ambiguously mapped contig]
		Using only first of these alignment (option --ambiguity-usage is set to "one"):
		Alignment: 47244 48780 | 1 1537 | 1537 1537 | 99.41 | Buchnera_aphidicola_Baizongia_pistaciae_0995 k99_175_flag_0_multi_81.0522_len_1537
		Skipping alignment  47244 48780 | 1 1537 | 1537 1537 | 99.41 | Buchnera_aphidicola_Baizongia_pistaciae_0995 k99_175_flag_0_multi_81.0522_len_1537

CONTIG: k99_21_flag_0_multi_86.5894_len_10367 (10367bp)
Top Length: 10367  Top ID: 99.56
		This contig has 2 significant alignments. [An ambiguously mapped contig]
		Using only first of these alignment (option --ambiguity-usage is set to "one"):
		Alignment: 8 10374 | 10367 1 | 10367 10367 | 99.56 | Buchnera_aphidicola_Baizongia_pistaciae_0995 k99_21_flag_0_multi_86.5894_len_10367
		Skipping alignment  8 10374 | 10367 1 | 10367 10367 | 99.56 | Buchnera_aphidicola_Baizongia_pistaciae_0995 k99_21_flag_0_multi_86.5894_len_10367

CONTIG: k99_151_flag_0_multi_90.9424_len_11348 (11348bp)
Top Length: 11348  Top ID: 99.54
		This contig has 2 significant alignments. [An ambiguously mapped contig]
		Using only first of these alignment (option --ambiguity-usage is set to "one"):
		Alignment: 169030 180377 | 11348 1 | 11348 11348 | 99.54 | Buchnera_aphidicola_Baizongia_pistaciae_0995 k99_151_flag_0_multi_90.9424_len_11348
		Skipping alignment  169030 180377 | 11348 1 | 11348 11348 | 99.54 | Buchnera_aphidicola_Baizongia_pistaciae_0995 k99_151_flag_0_multi_90.9424_len_11348

CONTIG: k99_15_flag_0_multi_86.2452_len_519 (519bp)
Top Length: 519  Top ID: 98.46
		One align captures most of this contig: 580042 580560 | 1 519 | 519 519 | 98.46 | Buchnera_aphidicola_Baizongia_pistaciae_0995 k99_15_flag_0_multi_86.2452_len_519

CONTIG: k99_114_flag_0_multi_54.7619_len_645 (645bp)
Top Length: 645  Top ID: 97.98
		One align captures most of this contig: 561553 562197 | 1 645 | 645 645 | 97.98 | Buchnera_aphidicola_Baizongia_pistaciae_0995 k99_114_flag_0_multi_54.7619_len_645

CONTIG: k99_157_flag_0_multi_42.0535_len_678 (678bp)
Top Length: 678  Top ID: 99.71
		One align captures most of this contig: 232803 233480 | 678 1 | 678 678 | 99.71 | Buchnera_aphidicola_Baizongia_pistaciae_0995 k99_157_flag_0_multi_42.0535_len_678

CONTIG: k99_226_flag_0_multi_65.9071_len_648 (648bp)
Top Length: 648  Top ID: 100.0
		One align captures most of this contig: 103253 103900 | 648 1 | 648 648 | 100.0 | Buchnera_aphidicola_Baizongia_pistaciae_0995 k99_226_flag_0_multi_65.9071_len_648

CONTIG: k99_18_flag_0_multi_85.4107_len_3359 (3359bp)
Top Length: 3359  Top ID: 99.35
		This contig has 2 significant alignments. [An ambiguously mapped contig]
		Using only first of these alignment (option --ambiguity-usage is set to "one"):
		Alignment: 17514 20872 | 1 3359 | 3359 3359 | 99.35 | Buchnera_aphidicola_Baizongia_pistaciae_0995 k99_18_flag_0_multi_85.4107_len_3359
		Skipping alignment  17514 20872 | 1 3359 | 3359 3359 | 99.35 | Buchnera_aphidicola_Baizongia_pistaciae_0995 k99_18_flag_0_multi_85.4107_len_3359

CONTIG: k99_29_flag_0_multi_91.7745_len_8849 (8849bp)
Top Length: 8849  Top ID: 99.57
		This contig has 2 significant alignments. [An ambiguously mapped contig]
		Using only first of these alignment (option --ambiguity-usage is set to "one"):
		Alignment: 538100 546948 | 8849 1 | 8849 8849 | 99.57 | Buchnera_aphidicola_Baizongia_pistaciae_0995 k99_29_flag_0_multi_91.7745_len_8849
		Skipping alignment  538100 546948 | 8849 1 | 8849 8849 | 99.57 | Buchnera_aphidicola_Baizongia_pistaciae_0995 k99_29_flag_0_multi_91.7745_len_8849

CONTIG: k99_93_flag_0_multi_87.2454_len_6105 (6105bp)
Top Length: 6105  Top ID: 99.31
		This contig has 2 significant alignments. [An ambiguously mapped contig]
		Using only first of these alignment (option --ambiguity-usage is set to "one"):
		Alignment: 555547 561651 | 1 6105 | 6105 6105 | 99.31 | Buchnera_aphidicola_Baizongia_pistaciae_0995 k99_93_flag_0_multi_87.2454_len_6105
		Skipping alignment  555547 561651 | 1 6105 | 6105 6105 | 99.31 | Buchnera_aphidicola_Baizongia_pistaciae_0995 k99_93_flag_0_multi_87.2454_len_6105

CONTIG: k99_134_flag_0_multi_89.0327_len_17546 (17546bp)
Top Length: 17546  Top ID: 99.42
		This contig has 2 significant alignments. [An ambiguously mapped contig]
		Using only first of these alignment (option --ambiguity-usage is set to "one"):
		Alignment: 409133 426678 | 1 17546 | 17546 17546 | 99.42 | Buchnera_aphidicola_Baizongia_pistaciae_0995 k99_134_flag_0_multi_89.0327_len_17546
		Skipping alignment  409133 426678 | 1 17546 | 17546 17546 | 99.42 | Buchnera_aphidicola_Baizongia_pistaciae_0995 k99_134_flag_0_multi_89.0327_len_17546

CONTIG: k99_178_flag_0_multi_70.9377_len_645 (645bp)
Top Length: 645  Top ID: 100.0
		One align captures most of this contig: 561553 562197 | 1 645 | 645 645 | 100.0 | Buchnera_aphidicola_Baizongia_pistaciae_0995 k99_178_flag_0_multi_70.9377_len_645

CONTIG: k99_146_flag_0_multi_60.4471_len_515 (515bp)
Top Length: 515  Top ID: 98.06
		One align captures most of this contig: 481587 482101 | 1 515 | 515 515 | 98.06 | Buchnera_aphidicola_Baizongia_pistaciae_0995 k99_146_flag_0_multi_60.4471_len_515

CONTIG: k99_215_flag_0_multi_89.0320_len_5311 (5311bp)
Top Length: 5311  Top ID: 99.64
		This contig has 2 significant alignments. [An ambiguously mapped contig]
		Using only first of these alignment (option --ambiguity-usage is set to "one"):
		Alignment: 52344 57654 | 5311 1 | 5311 5311 | 99.64 | Buchnera_aphidicola_Baizongia_pistaciae_0995 k99_215_flag_0_multi_89.0320_len_5311
		Skipping alignment  52344 57654 | 5311 1 | 5311 5311 | 99.64 | Buchnera_aphidicola_Baizongia_pistaciae_0995 k99_215_flag_0_multi_89.0320_len_5311

CONTIG: k99_131_flag_0_multi_89.8507_len_15730 (15730bp)
Top Length: 15730  Top ID: 99.52
		This contig has 2 significant alignments. [An ambiguously mapped contig]
		Using only first of these alignment (option --ambiguity-usage is set to "one"):
		Alignment: 30426 46155 | 15730 1 | 15730 15730 | 99.52 | Buchnera_aphidicola_Baizongia_pistaciae_0995 k99_131_flag_0_multi_89.8507_len_15730
		Skipping alignment  30426 46155 | 15730 1 | 15730 15730 | 99.52 | Buchnera_aphidicola_Baizongia_pistaciae_0995 k99_131_flag_0_multi_89.8507_len_15730

CONTIG: k99_31_flag_0_multi_88.8795_len_9453 (9453bp)
Top Length: 9453  Top ID: 99.53
		This contig has 2 significant alignments. [An ambiguously mapped contig]
		Using only first of these alignment (option --ambiguity-usage is set to "one"):
		Alignment: 184188 193640 | 1 9453 | 9453 9453 | 99.53 | Buchnera_aphidicola_Baizongia_pistaciae_0995 k99_31_flag_0_multi_88.8795_len_9453
		Skipping alignment  184188 193640 | 1 9453 | 9453 9453 | 99.53 | Buchnera_aphidicola_Baizongia_pistaciae_0995 k99_31_flag_0_multi_88.8795_len_9453

CONTIG: k99_200_flag_0_multi_91.8090_len_2219 (2219bp)
Top Length: 2219  Top ID: 99.55
		This contig has 2 significant alignments. [An ambiguously mapped contig]
		Using only first of these alignment (option --ambiguity-usage is set to "one"):
		Alignment: 284373 286591 | 2219 1 | 2219 2219 | 99.55 | Buchnera_aphidicola_Baizongia_pistaciae_0995 k99_200_flag_0_multi_91.8090_len_2219
		Skipping alignment  284373 286591 | 2219 1 | 2219 2219 | 99.55 | Buchnera_aphidicola_Baizongia_pistaciae_0995 k99_200_flag_0_multi_91.8090_len_2219

CONTIG: k99_78_flag_0_multi_88.4451_len_3766 (3766bp)
Top Length: 3766  Top ID: 99.52
		This contig has 2 significant alignments. [An ambiguously mapped contig]
		Using only first of these alignment (option --ambiguity-usage is set to "one"):
		Alignment: 398080 401845 | 1 3766 | 3766 3766 | 99.52 | Buchnera_aphidicola_Baizongia_pistaciae_0995 k99_78_flag_0_multi_88.4451_len_3766
		Skipping alignment  398080 401845 | 1 3766 | 3766 3766 | 99.52 | Buchnera_aphidicola_Baizongia_pistaciae_0995 k99_78_flag_0_multi_88.4451_len_3766

CONTIG: k99_89_flag_0_multi_81.6225_len_1087 (1087bp)
Top Length: 1087  Top ID: 100.0
		One align captures most of this contig: 547187 548273 | 1 1087 | 1087 1087 | 100.0 | Buchnera_aphidicola_Baizongia_pistaciae_0995 k99_89_flag_0_multi_81.6225_len_1087

CONTIG: k99_216_flag_0_multi_89.7133_len_3695 (3695bp)
Top Length: 3695  Top ID: 99.54
		This contig has 2 significant alignments. [An ambiguously mapped contig]
		Using only first of these alignment (option --ambiguity-usage is set to "one"):
		Alignment: 484010 487704 | 3695 1 | 3695 3695 | 99.54 | Buchnera_aphidicola_Baizongia_pistaciae_0995 k99_216_flag_0_multi_89.7133_len_3695
		Skipping alignment  484010 487704 | 3695 1 | 3695 3695 | 99.54 | Buchnera_aphidicola_Baizongia_pistaciae_0995 k99_216_flag_0_multi_89.7133_len_3695

CONTIG: k99_22_flag_0_multi_89.0738_len_11705 (11705bp)
Top Length: 11705  Top ID: 99.3
		This contig has 2 significant alignments. [An ambiguously mapped contig]
		Using only first of these alignment (option --ambiguity-usage is set to "one"):
		Alignment: 386474 398178 | 1 11705 | 11705 11705 | 99.3 | Buchnera_aphidicola_Baizongia_pistaciae_0995 k99_22_flag_0_multi_89.0738_len_11705
		Skipping alignment  386474 398178 | 1 11705 | 11705 11705 | 99.3 | Buchnera_aphidicola_Baizongia_pistaciae_0995 k99_22_flag_0_multi_89.0738_len_11705

CONTIG: k99_115_flag_0_multi_86.0000_len_1175 (1175bp)
Top Length: 1175  Top ID: 99.4
		This contig has 2 significant alignments. [An ambiguously mapped contig]
		Using only first of these alignment (option --ambiguity-usage is set to "one"):
		Alignment: 482307 483481 | 1175 1 | 1175 1175 | 99.4 | Buchnera_aphidicola_Baizongia_pistaciae_0995 k99_115_flag_0_multi_86.0000_len_1175
		Skipping alignment  482307 483481 | 1175 1 | 1175 1175 | 99.4 | Buchnera_aphidicola_Baizongia_pistaciae_0995 k99_115_flag_0_multi_86.0000_len_1175

CONTIG: k99_176_flag_0_multi_89.9868_len_1233 (1233bp)
Top Length: 1233  Top ID: 99.76
		This contig has 2 significant alignments. [An ambiguously mapped contig]
		Using only first of these alignment (option --ambiguity-usage is set to "one"):
		Alignment: 536966 538198 | 1 1233 | 1233 1233 | 99.76 | Buchnera_aphidicola_Baizongia_pistaciae_0995 k99_176_flag_0_multi_89.9868_len_1233
		Skipping alignment  536966 538198 | 1 1233 | 1233 1233 | 99.76 | Buchnera_aphidicola_Baizongia_pistaciae_0995 k99_176_flag_0_multi_89.9868_len_1233

CONTIG: k99_4_flag_0_multi_89.7576_len_3090 (3090bp)
Top Length: 3090  Top ID: 99.58
		This contig has 2 significant alignments. [An ambiguously mapped contig]
		Using only first of these alignment (option --ambiguity-usage is set to "one"):
		Alignment: 358118 361207 | 1 3090 | 3090 3090 | 99.58 | Buchnera_aphidicola_Baizongia_pistaciae_0995 k99_4_flag_0_multi_89.7576_len_3090
		Skipping alignment  358118 361207 | 1 3090 | 3090 3090 | 99.58 | Buchnera_aphidicola_Baizongia_pistaciae_0995 k99_4_flag_0_multi_89.7576_len_3090

CONTIG: k99_256_flag_0_multi_89.0000_len_509 (509bp)
Top Length: 509  Top ID: 100.0
		This contig has 2 significant alignments. [An ambiguously mapped contig]
		Using only first of these alignment (option --ambiguity-usage is set to "one"):
		Alignment: 361109 361617 | 1 509 | 509 509 | 100.0 | Buchnera_aphidicola_Baizongia_pistaciae_0995 k99_256_flag_0_multi_89.0000_len_509
		Skipping alignment  361109 361617 | 1 509 | 509 509 | 100.0 | Buchnera_aphidicola_Baizongia_pistaciae_0995 k99_256_flag_0_multi_89.0000_len_509

CONTIG: k99_84_flag_0_multi_85.0419_len_2415 (2415bp)
Top Length: 2415  Top ID: 99.42
		This contig has 2 significant alignments. [An ambiguously mapped contig]
		Using only first of these alignment (option --ambiguity-usage is set to "one"):
		Alignment: 269493 271907 | 2415 1 | 2415 2415 | 99.42 | Buchnera_aphidicola_Baizongia_pistaciae_0995 k99_84_flag_0_multi_85.0419_len_2415
		Skipping alignment  269493 271907 | 2415 1 | 2415 2415 | 99.42 | Buchnera_aphidicola_Baizongia_pistaciae_0995 k99_84_flag_0_multi_85.0419_len_2415

CONTIG: k99_149_flag_0_multi_79.9323_len_1207 (1207bp)
Top Length: 1207  Top ID: 98.67
		One align captures most of this contig: 51236 52442 | 1 1207 | 1207 1207 | 98.67 | Buchnera_aphidicola_Baizongia_pistaciae_0995 k99_149_flag_0_multi_79.9323_len_1207

CONTIG: k99_32_flag_0_multi_88.5888_len_8670 (8670bp)
Top Length: 8670  Top ID: 99.47
		This contig has 2 significant alignments. [An ambiguously mapped contig]
		Using only first of these alignment (option --ambiguity-usage is set to "one"):
		Alignment: 584195 592864 | 8670 1 | 8670 8670 | 99.47 | Buchnera_aphidicola_Baizongia_pistaciae_0995 k99_32_flag_0_multi_88.5888_len_8670
		Skipping alignment  584195 592864 | 8670 1 | 8670 8670 | 99.47 | Buchnera_aphidicola_Baizongia_pistaciae_0995 k99_32_flag_0_multi_88.5888_len_8670

CONTIG: k99_152_flag_0_multi_91.0197_len_8291 (8291bp)
Top Length: 8291  Top ID: 99.55
		This contig has 2 significant alignments. [An ambiguously mapped contig]
		Using only first of these alignment (option --ambiguity-usage is set to "one"):
		Alignment: 365822 374112 | 8291 1 | 8291 8291 | 99.55 | Buchnera_aphidicola_Baizongia_pistaciae_0995 k99_152_flag_0_multi_91.0197_len_8291
		Skipping alignment  365822 374112 | 8291 1 | 8291 8291 | 99.55 | Buchnera_aphidicola_Baizongia_pistaciae_0995 k99_152_flag_0_multi_91.0197_len_8291

CONTIG: k99_56_flag_0_multi_91.6720_len_3258 (3258bp)
Top Length: 3258  Top ID: 99.63
		This contig has 2 significant alignments. [An ambiguously mapped contig]
		Using only first of these alignment (option --ambiguity-usage is set to "one"):
		Alignment: 180541 183798 | 1 3258 | 3258 3258 | 99.63 | Buchnera_aphidicola_Baizongia_pistaciae_0995 k99_56_flag_0_multi_91.6720_len_3258
		Skipping alignment  180541 183798 | 1 3258 | 3258 3258 | 99.63 | Buchnera_aphidicola_Baizongia_pistaciae_0995 k99_56_flag_0_multi_91.6720_len_3258

CONTIG: k99_121_flag_0_multi_90.4568_len_2135 (2135bp)
Top Length: 2135  Top ID: 99.58
		This contig has 2 significant alignments. [An ambiguously mapped contig]
		Using only first of these alignment (option --ambiguity-usage is set to "one"):
		Alignment: 48992 51126 | 1 2135 | 2135 2135 | 99.58 | Buchnera_aphidicola_Baizongia_pistaciae_0995 k99_121_flag_0_multi_90.4568_len_2135
		Skipping alignment  48992 51126 | 1 2135 | 2135 2135 | 99.58 | Buchnera_aphidicola_Baizongia_pistaciae_0995 k99_121_flag_0_multi_90.4568_len_2135

CONTIG: k99_97_flag_0_multi_89.9715_len_36312 (36312bp)
Top Length: 36312  Top ID: 99.53
		This contig has 2 significant alignments. [An ambiguously mapped contig]
		Using only first of these alignment (option --ambiguity-usage is set to "one"):
		Alignment: 286747 323058 | 1 36312 | 36312 36312 | 99.53 | Buchnera_aphidicola_Baizongia_pistaciae_0995 k99_97_flag_0_multi_89.9715_len_36312
		Skipping alignment  286747 323058 | 1 36312 | 36312 36312 | 99.53 | Buchnera_aphidicola_Baizongia_pistaciae_0995 k99_97_flag_0_multi_89.9715_len_36312

CONTIG: k99_206_flag_0_multi_84.8359_len_4132 (4132bp)
Top Length: 4132  Top ID: 99.69
		This contig has 2 significant alignments. [An ambiguously mapped contig]
		Using only first of these alignment (option --ambiguity-usage is set to "one"):
		Alignment: 209176 213307 | 1 4132 | 4132 4132 | 99.69 | Buchnera_aphidicola_Baizongia_pistaciae_0995 k99_206_flag_0_multi_84.8359_len_4132
		Skipping alignment  209176 213307 | 1 4132 | 4132 4132 | 99.69 | Buchnera_aphidicola_Baizongia_pistaciae_0995 k99_206_flag_0_multi_84.8359_len_4132

CONTIG: k99_96_flag_0_multi_88.3073_len_13982 (13982bp)
Top Length: 13982  Top ID: 99.59
		This contig has 2 significant alignments. [An ambiguously mapped contig]
		Using only first of these alignment (option --ambiguity-usage is set to "one"):
		Alignment: 236855 250836 | 1 13982 | 13982 13982 | 99.59 | Buchnera_aphidicola_Baizongia_pistaciae_0995 k99_96_flag_0_multi_88.3073_len_13982
		Skipping alignment  236855 250836 | 1 13982 | 13982 13982 | 99.59 | Buchnera_aphidicola_Baizongia_pistaciae_0995 k99_96_flag_0_multi_88.3073_len_13982

CONTIG: k99_154_flag_0_multi_91.0273_len_19417 (19417bp)
Top Length: 19417  Top ID: 99.61
		This contig has 2 significant alignments. [An ambiguously mapped contig]
		Using only first of these alignment (option --ambiguity-usage is set to "one"):
		Alignment: 213485 232901 | 1 19417 | 19417 19417 | 99.61 | Buchnera_aphidicola_Baizongia_pistaciae_0995 k99_154_flag_0_multi_91.0273_len_19417
		Skipping alignment  213485 232901 | 1 19417 | 19417 19417 | 99.61 | Buchnera_aphidicola_Baizongia_pistaciae_0995 k99_154_flag_0_multi_91.0273_len_19417

CONTIG: k99_42_flag_0_multi_87.0361_len_3177 (3177bp)
Top Length: 3177  Top ID: 99.06
		This contig has 2 significant alignments. [An ambiguously mapped contig]
		Using only first of these alignment (option --ambiguity-usage is set to "one"):
		Alignment: 487606 490782 | 3177 1 | 3177 3177 | 99.06 | Buchnera_aphidicola_Baizongia_pistaciae_0995 k99_42_flag_0_multi_87.0361_len_3177
		Skipping alignment  487606 490782 | 3177 1 | 3177 3177 | 99.06 | Buchnera_aphidicola_Baizongia_pistaciae_0995 k99_42_flag_0_multi_87.0361_len_3177

CONTIG: k99_95_flag_0_multi_88.3090_len_6713 (6713bp)
Top Length: 6713  Top ID: 99.48
		This contig has 2 significant alignments. [An ambiguously mapped contig]
		Using only first of these alignment (option --ambiguity-usage is set to "one"):
		Alignment: 20774 27486 | 6713 1 | 6713 6713 | 99.48 | Buchnera_aphidicola_Baizongia_pistaciae_0995 k99_95_flag_0_multi_88.3090_len_6713
		Skipping alignment  20774 27486 | 6713 1 | 6713 6713 | 99.48 | Buchnera_aphidicola_Baizongia_pistaciae_0995 k99_95_flag_0_multi_88.3090_len_6713

CONTIG: k99_98_flag_0_multi_85.0620_len_1131 (1131bp)
Top Length: 963  Top ID: 99.38
		This contig is misassembled. 2 total aligns.
			Real Alignment 1: 408965 409132 | 1 168 | 168 168 | 98.81 | Buchnera_aphidicola_Baizongia_pistaciae_0995 k99_98_flag_0_multi_85.0620_len_1131
			  Extensive misassembly ( relocation, inconsistency = -23637 ) between these two alignments
			Real Alignment 2: 385496 386458 | 1131 169 | 963 963 | 99.38 | Buchnera_aphidicola_Baizongia_pistaciae_0995 k99_98_flag_0_multi_85.0620_len_1131

CONTIG: k99_126_flag_0_multi_88.9603_len_2615 (2615bp)
Top Length: 2615  Top ID: 99.58
		This contig has 2 significant alignments. [An ambiguously mapped contig]
		Using only first of these alignment (option --ambiguity-usage is set to "one"):
		Alignment: 363001 365615 | 1 2615 | 2615 2615 | 99.58 | Buchnera_aphidicola_Baizongia_pistaciae_0995 k99_126_flag_0_multi_88.9603_len_2615
		Skipping alignment  363001 365615 | 1 2615 | 2615 2615 | 99.58 | Buchnera_aphidicola_Baizongia_pistaciae_0995 k99_126_flag_0_multi_88.9603_len_2615

CONTIG: k99_25_flag_0_multi_87.8086_len_11914 (11914bp)
Top Length: 11914  Top ID: 99.46
		This contig has 2 significant alignments. [An ambiguously mapped contig]
		Using only first of these alignment (option --ambiguity-usage is set to "one"):
		Alignment: 562099 574012 | 11914 1 | 11914 11914 | 99.46 | Buchnera_aphidicola_Baizongia_pistaciae_0995 k99_25_flag_0_multi_87.8086_len_11914
		Skipping alignment  562099 574012 | 11914 1 | 11914 11914 | 99.46 | Buchnera_aphidicola_Baizongia_pistaciae_0995 k99_25_flag_0_multi_87.8086_len_11914

CONTIG: k99_150_flag_0_multi_72.3510_len_646 (646bp)
Top Length: 646  Top ID: 98.3
		One align captures most of this contig: 429947 430592 | 646 1 | 646 646 | 98.3 | Buchnera_aphidicola_Baizongia_pistaciae_0995 k99_150_flag_0_multi_72.3510_len_646

CONTIG: k99_125_flag_0_multi_89.0800_len_11826 (11826bp)
Top Length: 11826  Top ID: 99.59
		This contig has 2 significant alignments. [An ambiguously mapped contig]
		Using only first of these alignment (option --ambiguity-usage is set to "one"):
		Alignment: 57780 69605 | 11826 1 | 11826 11826 | 99.59 | Buchnera_aphidicola_Baizongia_pistaciae_0995 k99_125_flag_0_multi_89.0800_len_11826
		Skipping alignment  57780 69605 | 11826 1 | 11826 11826 | 99.59 | Buchnera_aphidicola_Baizongia_pistaciae_0995 k99_125_flag_0_multi_89.0800_len_11826

CONTIG: k99_148_flag_0_multi_88.4306_len_10171 (10171bp)
Top Length: 10171  Top ID: 99.57
		This contig has 2 significant alignments. [An ambiguously mapped contig]
		Using only first of these alignment (option --ambiguity-usage is set to "one"):
		Alignment: 259421 269591 | 10171 1 | 10171 10171 | 99.57 | Buchnera_aphidicola_Baizongia_pistaciae_0995 k99_148_flag_0_multi_88.4306_len_10171
		Skipping alignment  259421 269591 | 10171 1 | 10171 10171 | 99.57 | Buchnera_aphidicola_Baizongia_pistaciae_0995 k99_148_flag_0_multi_88.4306_len_10171

CONTIG: k99_38_flag_0_multi_80.8463_len_2962 (2962bp)
Top Length: 2962  Top ID: 99.39
		This contig has 2 significant alignments. [An ambiguously mapped contig]
		Using only first of these alignment (option --ambiguity-usage is set to "one"):
		Alignment: 206313 209274 | 1 2962 | 2962 2962 | 99.39 | Buchnera_aphidicola_Baizongia_pistaciae_0995 k99_38_flag_0_multi_80.8463_len_2962
		Skipping alignment  206313 209274 | 1 2962 | 2962 2962 | 99.39 | Buchnera_aphidicola_Baizongia_pistaciae_0995 k99_38_flag_0_multi_80.8463_len_2962

CONTIG: k99_147_flag_0_multi_89.1399_len_12588 (12588bp)
Top Length: 12588  Top ID: 99.54
		This contig has 2 significant alignments. [An ambiguously mapped contig]
		Using only first of these alignment (option --ambiguity-usage is set to "one"):
		Alignment: 429947 442534 | 1 12588 | 12588 12588 | 99.54 | Buchnera_aphidicola_Baizongia_pistaciae_0995 k99_147_flag_0_multi_89.1399_len_12588
		Skipping alignment  429947 442534 | 1 12588 | 12588 12588 | 99.54 | Buchnera_aphidicola_Baizongia_pistaciae_0995 k99_147_flag_0_multi_89.1399_len_12588

CONTIG: k99_87_flag_0_multi_88.2598_len_1635 (1635bp)
Top Length: 1635  Top ID: 99.88
		This contig has 2 significant alignments. [An ambiguously mapped contig]
		Using only first of these alignment (option --ambiguity-usage is set to "one"):
		Alignment: 100501 102135 | 1 1635 | 1635 1635 | 99.88 | Buchnera_aphidicola_Baizongia_pistaciae_0995 k99_87_flag_0_multi_88.2598_len_1635
		Skipping alignment  100501 102135 | 1 1635 | 1635 1635 | 99.88 | Buchnera_aphidicola_Baizongia_pistaciae_0995 k99_87_flag_0_multi_88.2598_len_1635

CONTIG: k99_231_flag_0_multi_88.7194_len_4514 (4514bp)
Top Length: 4514  Top ID: 99.53
		This contig has 2 significant alignments. [An ambiguously mapped contig]
		Using only first of these alignment (option --ambiguity-usage is set to "one"):
		Alignment: 13099 17612 | 4514 1 | 4514 4514 | 99.53 | Buchnera_aphidicola_Baizongia_pistaciae_0995 k99_231_flag_0_multi_88.7194_len_4514
		Skipping alignment  13099 17612 | 4514 1 | 4514 4514 | 99.53 | Buchnera_aphidicola_Baizongia_pistaciae_0995 k99_231_flag_0_multi_88.7194_len_4514

CONTIG: k99_59_flag_0_multi_93.5292_len_1367 (1367bp)
Top Length: 1367  Top ID: 99.49
		This contig has 2 significant alignments. [An ambiguously mapped contig]
		Using only first of these alignment (option --ambiguity-usage is set to "one"):
		Alignment: 361733 363099 | 1 1367 | 1367 1367 | 99.49 | Buchnera_aphidicola_Baizongia_pistaciae_0995 k99_59_flag_0_multi_93.5292_len_1367
		Skipping alignment  361733 363099 | 1 1367 | 1367 1367 | 99.49 | Buchnera_aphidicola_Baizongia_pistaciae_0995 k99_59_flag_0_multi_93.5292_len_1367

CONTIG: k99_164_flag_0_multi_86.2296_len_7210 (7210bp)
Top Length: 7210  Top ID: 99.5
		This contig has 2 significant alignments. [An ambiguously mapped contig]
		Using only first of these alignment (option --ambiguity-usage is set to "one"):
		Alignment: 82083 89292 | 1 7210 | 7210 7210 | 99.5 | Buchnera_aphidicola_Baizongia_pistaciae_0995 k99_164_flag_0_multi_86.2296_len_7210
		Skipping alignment  82083 89292 | 1 7210 | 7210 7210 | 99.5 | Buchnera_aphidicola_Baizongia_pistaciae_0995 k99_164_flag_0_multi_86.2296_len_7210

CONTIG: k99_133_flag_0_multi_89.3947_len_4419 (4419bp)
Top Length: 4419  Top ID: 99.43
		This contig has 2 significant alignments. [An ambiguously mapped contig]
		Using only first of these alignment (option --ambiguity-usage is set to "one"):
		Alignment: 96181 100599 | 1 4419 | 4419 4419 | 99.43 | Buchnera_aphidicola_Baizongia_pistaciae_0995 k99_133_flag_0_multi_89.3947_len_4419
		Skipping alignment  96181 100599 | 1 4419 | 4419 4419 | 99.43 | Buchnera_aphidicola_Baizongia_pistaciae_0995 k99_133_flag_0_multi_89.3947_len_4419

Analyzing coverage...
Writing SNPs into /vol/cami-scratch/Simpipeline/iTol_genomes/Buchnera_aphidicola_Baizongia_pistaciae_0995/quast_consensus/Buchnera_aphidicola_Baizongia_pistaciae_0995_quast_output/contigs_reports/nucmer_output/final.contigs.used_snps
	Reference Buchnera_aphidicola_Baizongia_pistaciae_0995: 103 total alignments. 1 total regions.
		Region: 1 to 615980 (615980 bp)
			START in gap: 1 to 8 (7 bp)
			Align 1: 8 10374 k99_21_flag_0_multi_86.5894_len_10367 10367 1
				Negative gap (overlap) between this and next alignment: 10374 to 10276 (-98 bp)
				Next Alignment: 10276 12698 k99_242_flag_0_multi_83.8167_len_2423 2423 1

			Previous gap was negative, modifying coordinates to ignore overlap
				Moving contig start from 2423 to 2324.
			Align 2: 10375 12698 k99_242_flag_0_multi_83.8167_len_2423 2324 1
				Gap between this and next alignment: 12698 to 13099 (400 bp)
				Next Alignment: 13099 17612 k99_231_flag_0_multi_88.7194_len_4514 4514 1

			Align 3: 13099 17612 k99_231_flag_0_multi_88.7194_len_4514 4514 1
				Negative gap (overlap) between this and next alignment: 17612 to 17514 (-98 bp)
				Next Alignment: 17514 20872 k99_18_flag_0_multi_85.4107_len_3359 1 3359

			Previous gap was negative, modifying coordinates to ignore overlap
				Moving contig start from 1 to 100.
			Align 4: 17613 20872 k99_18_flag_0_multi_85.4107_len_3359 100 3359
				Negative gap (overlap) between this and next alignment: 20872 to 20774 (-98 bp)
				Next Alignment: 20774 27486 k99_95_flag_0_multi_88.3090_len_6713 6713 1

			Previous gap was negative, modifying coordinates to ignore overlap
				Moving contig start from 6713 to 6614.
			Align 5: 20873 27486 k99_95_flag_0_multi_88.3090_len_6713 6614 1
				Negative gap (overlap) between this and next alignment: 27486 to 27388 (-98 bp)
				Next Alignment: 27388 28530 k99_2_flag_0_multi_79.7261_len_1143 1143 1

			Previous gap was negative, modifying coordinates to ignore overlap
				Moving contig start from 1143 to 1044.
			Align 6: 27487 28530 k99_2_flag_0_multi_79.7261_len_1143 1044 1
				Gap between this and next alignment: 28530 to 28563 (32 bp)
				Next Alignment: 28563 30330 k99_33_flag_0_multi_85.0503_len_1768 1 1768

			Align 7: 28563 30330 k99_33_flag_0_multi_85.0503_len_1768 1 1768
				Gap between this and next alignment: 30330 to 30426 (95 bp)
				Next Alignment: 30426 46155 k99_131_flag_0_multi_89.8507_len_15730 15730 1

			Align 8: 30426 46155 k99_131_flag_0_multi_89.8507_len_15730 15730 1
				Gap between this and next alignment: 46155 to 46273 (117 bp)
				Next Alignment: 46273 47342 k99_258_flag_0_multi_85.0227_len_1070 1 1070

			Align 9: 46273 47342 k99_258_flag_0_multi_85.0227_len_1070 1 1070
				Negative gap (overlap) between this and next alignment: 47342 to 47244 (-98 bp)
				Next Alignment: 47244 48780 k99_175_flag_0_multi_81.0522_len_1537 1 1537

			Previous gap was negative, modifying coordinates to ignore overlap
				Moving contig start from 1 to 100.
			Align 10: 47343 48780 k99_175_flag_0_multi_81.0522_len_1537 100 1537
				Gap between this and next alignment: 48780 to 48992 (211 bp)
				Next Alignment: 48992 51126 k99_121_flag_0_multi_90.4568_len_2135 1 2135

			Align 11: 48992 51126 k99_121_flag_0_multi_90.4568_len_2135 1 2135
				Gap between this and next alignment: 51126 to 51236 (109 bp)
				Next Alignment: 51236 52442 k99_149_flag_0_multi_79.9323_len_1207 1 1207

			Align 12: 51236 52442 k99_149_flag_0_multi_79.9323_len_1207 1 1207
				Negative gap (overlap) between this and next alignment: 52442 to 52344 (-98 bp)
				Next Alignment: 52344 57654 k99_215_flag_0_multi_89.0320_len_5311 5311 1

			Previous gap was negative, modifying coordinates to ignore overlap
				Moving contig start from 5311 to 5212.
			Align 13: 52443 57654 k99_215_flag_0_multi_89.0320_len_5311 5212 1
				Gap between this and next alignment: 57654 to 57780 (125 bp)
				Next Alignment: 57780 69605 k99_125_flag_0_multi_89.0800_len_11826 11826 1

			Align 14: 57780 69605 k99_125_flag_0_multi_89.0800_len_11826 11826 1
				Negative gap (overlap) between this and next alignment: 69605 to 69507 (-98 bp)
				Next Alignment: 69507 73522 k99_135_flag_0_multi_89.3469_len_4016 4016 1

			Previous gap was negative, modifying coordinates to ignore overlap
				Moving contig start from 4016 to 3917.
			Align 15: 69606 73522 k99_135_flag_0_multi_89.3469_len_4016 3917 1
				Negative gap (overlap) between this and next alignment: 73522 to 73424 (-98 bp)
				Next Alignment: 73424 82181 k99_264_flag_0_multi_88.8201_len_8758 1 8758

			Previous gap was negative, modifying coordinates to ignore overlap
				Moving contig start from 1 to 100.
			Align 16: 73523 82181 k99_264_flag_0_multi_88.8201_len_8758 100 8758
				Negative gap (overlap) between this and next alignment: 82181 to 82083 (-98 bp)
				Next Alignment: 82083 89292 k99_164_flag_0_multi_86.2296_len_7210 1 7210

			Previous gap was negative, modifying coordinates to ignore overlap
				Moving contig start from 1 to 100.
			Align 17: 82182 89292 k99_164_flag_0_multi_86.2296_len_7210 100 7210
				Negative gap (overlap) between this and next alignment: 89292 to 89194 (-98 bp)
				Next Alignment: 89194 92458 k99_44_flag_0_multi_88.8534_len_3265 3265 1

			Previous gap was negative, modifying coordinates to ignore overlap
				Moving contig start from 3265 to 3166.
			Align 18: 89293 92458 k99_44_flag_0_multi_88.8534_len_3265 3166 1
				Negative gap (overlap) between this and next alignment: 92458 to 92360 (-98 bp)
				Next Alignment: 92360 96279 k99_177_flag_0_multi_89.7548_len_3920 1 3920

			Previous gap was negative, modifying coordinates to ignore overlap
				Moving contig start from 1 to 100.
			Align 19: 92459 96279 k99_177_flag_0_multi_89.7548_len_3920 100 3920
				Negative gap (overlap) between this and next alignment: 96279 to 96181 (-98 bp)
				Next Alignment: 96181 100599 k99_133_flag_0_multi_89.3947_len_4419 1 4419

			Previous gap was negative, modifying coordinates to ignore overlap
				Moving contig start from 1 to 100.
			Align 20: 96280 100599 k99_133_flag_0_multi_89.3947_len_4419 100 4419
				Negative gap (overlap) between this and next alignment: 100599 to 100501 (-98 bp)
				Next Alignment: 100501 102135 k99_87_flag_0_multi_88.2598_len_1635 1 1635

			Previous gap was negative, modifying coordinates to ignore overlap
				Moving contig start from 1 to 100.
			Align 21: 100600 102135 k99_87_flag_0_multi_88.2598_len_1635 100 1635
				Gap between this and next alignment: 102135 to 102204 (68 bp)
				Next Alignment: 102204 102798 k99_75_flag_0_multi_89.4839_len_595 595 1

			Align 22: 102204 102798 k99_75_flag_0_multi_89.4839_len_595 595 1
				Gap between this and next alignment: 102798 to 103253 (454 bp)
				Next Alignment: 103253 103900 k99_225_flag_0_multi_69.7486_len_648 648 1

			Align 23: 103253 103900 k99_225_flag_0_multi_69.7486_len_648 648 1
				The next alignment (103253 103900 k99_226_flag_0_multi_65.9071_len_648 648 1) is redundant. Skipping.
				Gap between this and next alignment: 103900 to 104123 (222 bp)
				Next Alignment: 104123 106098 k99_37_flag_0_multi_83.0096_len_1976 1 1976

			Align 25: 104123 106098 k99_37_flag_0_multi_83.0096_len_1976 1 1976
				Negative gap (overlap) between this and next alignment: 106098 to 106000 (-98 bp)
				Next Alignment: 106000 119122 k99_227_flag_0_multi_87.3464_len_13123 13123 1

			Previous gap was negative, modifying coordinates to ignore overlap
				Moving contig start from 13123 to 13024.
			Align 26: 106099 119122 k99_227_flag_0_multi_87.3464_len_13123 13024 1
				Negative gap (overlap) between this and next alignment: 119122 to 119024 (-98 bp)
				Next Alignment: 119024 147531 k99_104_flag_0_multi_87.5051_len_28508 1 28508

			Previous gap was negative, modifying coordinates to ignore overlap
				Moving contig start from 1 to 100.
			Align 27: 119123 147531 k99_104_flag_0_multi_87.5051_len_28508 100 28508
				Negative gap (overlap) between this and next alignment: 147531 to 147433 (-98 bp)
				Next Alignment: 147433 160952 k99_107_flag_0_multi_90.1024_len_13520 1 13520

			Previous gap was negative, modifying coordinates to ignore overlap
				Moving contig start from 1 to 100.
			Align 28: 147532 160952 k99_107_flag_0_multi_90.1024_len_13520 100 13520
				Negative gap (overlap) between this and next alignment: 160952 to 160854 (-98 bp)
				Next Alignment: 160854 169128 k99_64_flag_0_multi_86.8162_len_8275 1 8275

			Previous gap was negative, modifying coordinates to ignore overlap
				Moving contig start from 1 to 100.
			Align 29: 160953 169128 k99_64_flag_0_multi_86.8162_len_8275 100 8275
				Negative gap (overlap) between this and next alignment: 169128 to 169030 (-98 bp)
				Next Alignment: 169030 180377 k99_151_flag_0_multi_90.9424_len_11348 11348 1

			Previous gap was negative, modifying coordinates to ignore overlap
				Moving contig start from 11348 to 11249.
			Align 30: 169129 180377 k99_151_flag_0_multi_90.9424_len_11348 11249 1
				Gap between this and next alignment: 180377 to 180541 (163 bp)
				Next Alignment: 180541 183798 k99_56_flag_0_multi_91.6720_len_3258 1 3258

			Align 31: 180541 183798 k99_56_flag_0_multi_91.6720_len_3258 1 3258
				Negative gap (overlap) between this and next alignment: 183798 to 183700 (-98 bp)
				Next Alignment: 183700 184286 k99_63_flag_0_multi_53.5061_len_587 587 1

			Previous gap was negative, modifying coordinates to ignore overlap
				Moving contig start from 587 to 488.
			Align 32: 183799 184286 k99_63_flag_0_multi_53.5061_len_587 488 1
				The next alignment (183700 184286 k99_66_flag_0_multi_57.9508_len_587 587 1) is redundant. Skipping.
				Negative gap (overlap) between this and next alignment: 184286 to 184188 (-98 bp)
				Next Alignment: 184188 193640 k99_31_flag_0_multi_88.8795_len_9453 1 9453

			Previous gap was negative, modifying coordinates to ignore overlap
				Moving contig start from 1 to 100.
			Align 34: 184287 193640 k99_31_flag_0_multi_88.8795_len_9453 100 9453
				Gap between this and next alignment: 193640 to 193886 (245 bp)
				Next Alignment: 193886 206411 k99_132_flag_0_multi_87.8589_len_12526 12526 1

			Align 35: 193886 206411 k99_132_flag_0_multi_87.8589_len_12526 12526 1
				Negative gap (overlap) between this and next alignment: 206411 to 206313 (-98 bp)
				Next Alignment: 206313 209274 k99_38_flag_0_multi_80.8463_len_2962 1 2962

			Previous gap was negative, modifying coordinates to ignore overlap
				Moving contig start from 1 to 100.
			Align 36: 206412 209274 k99_38_flag_0_multi_80.8463_len_2962 100 2962
				Negative gap (overlap) between this and next alignment: 209274 to 209176 (-98 bp)
				Next Alignment: 209176 213307 k99_206_flag_0_multi_84.8359_len_4132 1 4132

			Previous gap was negative, modifying coordinates to ignore overlap
				Moving contig start from 1 to 100.
			Align 37: 209275 213307 k99_206_flag_0_multi_84.8359_len_4132 100 4132
				Gap between this and next alignment: 213307 to 213485 (177 bp)
				Next Alignment: 213485 232901 k99_154_flag_0_multi_91.0273_len_19417 1 19417

			Align 38: 213485 232901 k99_154_flag_0_multi_91.0273_len_19417 1 19417
				Negative gap (overlap) between this and next alignment: 232901 to 232803 (-98 bp)
				Next Alignment: 232803 233480 k99_74_flag_0_multi_58.0225_len_678 678 1

			Previous gap was negative, modifying coordinates to ignore overlap
				Moving contig start from 678 to 579.
			Align 39: 232902 233480 k99_74_flag_0_multi_58.0225_len_678 579 1
				The next alignment (232803 233480 k99_157_flag_0_multi_42.0535_len_678 678 1) is redundant. Skipping.
				Negative gap (overlap) between this and next alignment: 233480 to 233382 (-98 bp)
				Next Alignment: 233382 236555 k99_57_flag_0_multi_87.1018_len_3174 1 3174

			Previous gap was negative, modifying coordinates to ignore overlap
				Moving contig start from 1 to 100.
			Align 41: 233481 236555 k99_57_flag_0_multi_87.1018_len_3174 100 3174
				Gap between this and next alignment: 236555 to 236855 (299 bp)
				Next Alignment: 236855 250836 k99_96_flag_0_multi_88.3073_len_13982 1 13982

			Align 42: 236855 250836 k99_96_flag_0_multi_88.3073_len_13982 1 13982
				Gap between this and next alignment: 250836 to 251045 (208 bp)
				Next Alignment: 251045 259519 k99_221_flag_0_multi_89.7568_len_8475 1 8475

			Align 43: 251045 259519 k99_221_flag_0_multi_89.7568_len_8475 1 8475
				The next alignment (258988 259519 k99_245_flag_0_multi_86.4226_len_532 1 532) is redundant. Skipping.
				Negative gap (overlap) between this and next alignment: 259519 to 259421 (-98 bp)
				Next Alignment: 259421 269591 k99_148_flag_0_multi_88.4306_len_10171 10171 1

			Previous gap was negative, modifying coordinates to ignore overlap
				Moving contig start from 10171 to 10072.
			Align 45: 259520 269591 k99_148_flag_0_multi_88.4306_len_10171 10072 1
				Negative gap (overlap) between this and next alignment: 269591 to 269493 (-98 bp)
				Next Alignment: 269493 271907 k99_84_flag_0_multi_85.0419_len_2415 2415 1

			Previous gap was negative, modifying coordinates to ignore overlap
				Moving contig start from 2415 to 2316.
			Align 46: 269592 271907 k99_84_flag_0_multi_85.0419_len_2415 2316 1
				Gap between this and next alignment: 271907 to 272089 (181 bp)
				Next Alignment: 272089 284126 k99_191_flag_0_multi_88.1380_len_12038 12038 1

			Align 47: 272089 284126 k99_191_flag_0_multi_88.1380_len_12038 12038 1
				Gap between this and next alignment: 284126 to 284373 (246 bp)
				Next Alignment: 284373 286591 k99_200_flag_0_multi_91.8090_len_2219 2219 1

			Align 48: 284373 286591 k99_200_flag_0_multi_91.8090_len_2219 2219 1
				Gap between this and next alignment: 286591 to 286747 (155 bp)
				Next Alignment: 286747 323058 k99_97_flag_0_multi_89.9715_len_36312 1 36312

			Align 49: 286747 323058 k99_97_flag_0_multi_89.9715_len_36312 1 36312
				Negative gap (overlap) between this and next alignment: 323058 to 322960 (-98 bp)
				Next Alignment: 322960 326454 k99_5_flag_0_multi_83.6119_len_3495 3495 1

			Previous gap was negative, modifying coordinates to ignore overlap
				Moving contig start from 3495 to 3396.
			Align 50: 323059 326454 k99_5_flag_0_multi_83.6119_len_3495 3396 1
				Negative gap (overlap) between this and next alignment: 326454 to 326356 (-98 bp)
				Next Alignment: 326356 335758 k99_24_flag_0_multi_86.7297_len_9403 1 9403

			Previous gap was negative, modifying coordinates to ignore overlap
				Moving contig start from 1 to 100.
			Align 51: 326455 335758 k99_24_flag_0_multi_86.7297_len_9403 100 9403
				Gap between this and next alignment: 335758 to 336003 (244 bp)
				Next Alignment: 336003 340701 k99_70_flag_0_multi_92.3513_len_4699 4699 1

			Align 52: 336003 340701 k99_70_flag_0_multi_92.3513_len_4699 4699 1
				Negative gap (overlap) between this and next alignment: 340701 to 340603 (-98 bp)
				Next Alignment: 340603 345018 k99_266_flag_0_multi_89.2678_len_4416 1 4416

			Previous gap was negative, modifying coordinates to ignore overlap
				Moving contig start from 1 to 100.
			Align 53: 340702 345018 k99_266_flag_0_multi_89.2678_len_4416 100 4416
				Negative gap (overlap) between this and next alignment: 345018 to 344920 (-98 bp)
				Next Alignment: 344920 358034 k99_236_flag_0_multi_90.8618_len_13115 13115 1

			Previous gap was negative, modifying coordinates to ignore overlap
				Moving contig start from 13115 to 13016.
			Align 54: 345019 358034 k99_236_flag_0_multi_90.8618_len_13115 13016 1
				Gap between this and next alignment: 358034 to 358118 (83 bp)
				Next Alignment: 358118 361207 k99_4_flag_0_multi_89.7576_len_3090 1 3090

			Align 55: 358118 361207 k99_4_flag_0_multi_89.7576_len_3090 1 3090
				Negative gap (overlap) between this and next alignment: 361207 to 361109 (-98 bp)
				Next Alignment: 361109 361617 k99_256_flag_0_multi_89.0000_len_509 1 509

			Previous gap was negative, modifying coordinates to ignore overlap
				Moving contig start from 1 to 100.
			Align 56: 361208 361617 k99_256_flag_0_multi_89.0000_len_509 100 509
				Gap between this and next alignment: 361617 to 361733 (115 bp)
				Next Alignment: 361733 363099 k99_59_flag_0_multi_93.5292_len_1367 1 1367

			Align 57: 361733 363099 k99_59_flag_0_multi_93.5292_len_1367 1 1367
				Negative gap (overlap) between this and next alignment: 363099 to 363001 (-98 bp)
				Next Alignment: 363001 365615 k99_126_flag_0_multi_88.9603_len_2615 1 2615

			Previous gap was negative, modifying coordinates to ignore overlap
				Moving contig start from 1 to 100.
			Align 58: 363100 365615 k99_126_flag_0_multi_88.9603_len_2615 100 2615
				Gap between this and next alignment: 365615 to 365822 (206 bp)
				Next Alignment: 365822 374112 k99_152_flag_0_multi_91.0197_len_8291 8291 1

			Align 59: 365822 374112 k99_152_flag_0_multi_91.0197_len_8291 8291 1
				Negative gap (overlap) between this and next alignment: 374112 to 374014 (-98 bp)
				Next Alignment: 374014 385594 k99_52_flag_0_multi_87.0078_len_11581 11581 1

			Previous gap was negative, modifying coordinates to ignore overlap
				Moving contig start from 11581 to 11482.
			Align 60: 374113 385594 k99_52_flag_0_multi_87.0078_len_11581 11482 1
				The next alignment (374014 374589 k99_228_flag_0_multi_66.4885_len_576 576 1) is redundant. Skipping.
				Negative gap (overlap) between this and next alignment: 385594 to 385496 (-98 bp)
				Next Alignment: 385496 386458 k99_98_flag_0_multi_85.0620_len_1131 1131 169

			Previous gap was negative, modifying coordinates to ignore overlap
				Moving contig start from 1131 to 1032.
			Align 62: 385595 386458 k99_98_flag_0_multi_85.0620_len_1131 1032 169
				Negative gap (overlap) between this and next alignment: 386458 to 386070 (-388 bp)
				Next Alignment: 386070 386572 k99_118_flag_0_multi_84.6757_len_503 503 1

			Previous gap was negative, modifying coordinates to ignore overlap
				Moving contig start from 503 to 114.
			Align 63: 386459 386572 k99_118_flag_0_multi_84.6757_len_503 114 1
				Negative gap (overlap) between this and next alignment: 386572 to 386474 (-98 bp)
				Next Alignment: 386474 398178 k99_22_flag_0_multi_89.0738_len_11705 1 11705

			Previous gap was negative, modifying coordinates to ignore overlap
				Moving contig start from 1 to 100.
			Align 64: 386573 398178 k99_22_flag_0_multi_89.0738_len_11705 100 11705
				Negative gap (overlap) between this and next alignment: 398178 to 398080 (-98 bp)
				Next Alignment: 398080 401845 k99_78_flag_0_multi_88.4451_len_3766 1 3766

			Previous gap was negative, modifying coordinates to ignore overlap
				Moving contig start from 1 to 100.
			Align 65: 398179 401845 k99_78_flag_0_multi_88.4451_len_3766 100 3766
				Negative gap (overlap) between this and next alignment: 401845 to 401747 (-98 bp)
				Next Alignment: 401747 406123 k99_7_flag_0_multi_87.7623_len_4377 4377 1

			Previous gap was negative, modifying coordinates to ignore overlap
				Moving contig start from 4377 to 4278.
			Align 66: 401846 406123 k99_7_flag_0_multi_87.7623_len_4377 4278 1
				Gap between this and next alignment: 406123 to 406213 (89 bp)
				Next Alignment: 406213 409063 k99_73_flag_0_multi_83.5894_len_2851 2851 1

			Align 67: 406213 409063 k99_73_flag_0_multi_83.5894_len_2851 2851 1
				Negative gap (overlap) between this and next alignment: 409063 to 408965 (-98 bp)
				Next Alignment: 408965 409132 k99_98_flag_0_multi_85.0620_len_1131 1 168

			Previous gap was negative, modifying coordinates to ignore overlap
				Moving contig start from 1 to 100.
			Align 68: 409064 409132 k99_98_flag_0_multi_85.0620_len_1131 100 168
				Next Alignment: 409133 426678 k99_134_flag_0_multi_89.0327_len_17546 1 17546

			Align 69: 409133 426678 k99_134_flag_0_multi_89.0327_len_17546 1 17546
				Negative gap (overlap) between this and next alignment: 426678 to 426580 (-98 bp)
				Next Alignment: 426580 427189 k99_50_flag_0_multi_76.3327_len_610 1 610

			Previous gap was negative, modifying coordinates to ignore overlap
				Moving contig start from 1 to 100.
			Align 70: 426679 427189 k99_50_flag_0_multi_76.3327_len_610 100 610
				Negative gap (overlap) between this and next alignment: 427189 to 426580 (-609 bp)
				Next Alignment: 426580 427231 k99_92_flag_0_multi_77.2080_len_652 652 1

			Previous gap was negative, modifying coordinates to ignore overlap
				Moving contig start from 652 to 42.
			Align 71: 427190 427231 k99_92_flag_0_multi_77.2080_len_652 42 1
				Gap between this and next alignment: 427231 to 427233 (1 bp)
				Next Alignment: 427233 428284 k99_106_flag_0_multi_85.7849_len_1052 1 1052

			Align 72: 427233 428284 k99_106_flag_0_multi_85.7849_len_1052 1 1052
				Gap between this and next alignment: 428284 to 428376 (91 bp)
				Next Alignment: 428376 430045 k99_105_flag_0_multi_83.4780_len_1670 1670 1

			Align 73: 428376 430045 k99_105_flag_0_multi_83.4780_len_1670 1670 1
				Negative gap (overlap) between this and next alignment: 430045 to 429947 (-98 bp)
				Next Alignment: 429947 430592 k99_150_flag_0_multi_72.3510_len_646 646 1

			Previous gap was negative, modifying coordinates to ignore overlap
				Moving contig start from 646 to 547.
			Align 74: 430046 430592 k99_150_flag_0_multi_72.3510_len_646 547 1
				Negative gap (overlap) between this and next alignment: 430592 to 429947 (-645 bp)
				Next Alignment: 429947 442534 k99_147_flag_0_multi_89.1399_len_12588 1 12588

			Previous gap was negative, modifying coordinates to ignore overlap
				Moving contig start from 1 to 647.
			Align 75: 430593 442534 k99_147_flag_0_multi_89.1399_len_12588 647 12588
				Gap between this and next alignment: 442534 to 442619 (84 bp)
				Next Alignment: 442619 455032 k99_39_flag_0_multi_88.0185_len_12414 12414 1

			Align 76: 442619 455032 k99_39_flag_0_multi_88.0185_len_12414 12414 1
				Gap between this and next alignment: 455032 to 455127 (94 bp)
				Next Alignment: 455127 475659 k99_161_flag_0_multi_91.1170_len_20533 20533 1

			Align 77: 455127 475659 k99_161_flag_0_multi_91.1170_len_20533 20533 1
				Gap between this and next alignment: 475659 to 475769 (109 bp)
				Next Alignment: 475769 481397 k99_10_flag_0_multi_87.0025_len_5629 5629 1

			Align 78: 475769 481397 k99_10_flag_0_multi_87.0025_len_5629 5629 1
				Gap between this and next alignment: 481397 to 481587 (189 bp)
				Next Alignment: 481587 482101 k99_146_flag_0_multi_60.4471_len_515 1 515

			Align 79: 481587 482101 k99_146_flag_0_multi_60.4471_len_515 1 515
				Gap between this and next alignment: 482101 to 482307 (205 bp)
				Next Alignment: 482307 483481 k99_115_flag_0_multi_86.0000_len_1175 1175 1

			Align 80: 482307 483481 k99_115_flag_0_multi_86.0000_len_1175 1175 1
				Gap between this and next alignment: 483481 to 483566 (84 bp)
				Next Alignment: 483566 484108 k99_207_flag_0_multi_60.3288_len_543 543 1

			Align 81: 483566 484108 k99_207_flag_0_multi_60.3288_len_543 543 1
				Negative gap (overlap) between this and next alignment: 484108 to 484010 (-98 bp)
				Next Alignment: 484010 487704 k99_216_flag_0_multi_89.7133_len_3695 3695 1

			Previous gap was negative, modifying coordinates to ignore overlap
				Moving contig start from 3695 to 3596.
			Align 82: 484109 487704 k99_216_flag_0_multi_89.7133_len_3695 3596 1
				Negative gap (overlap) between this and next alignment: 487704 to 487606 (-98 bp)
				Next Alignment: 487606 490782 k99_42_flag_0_multi_87.0361_len_3177 3177 1

			Previous gap was negative, modifying coordinates to ignore overlap
				Moving contig start from 3177 to 3078.
			Align 83: 487705 490782 k99_42_flag_0_multi_87.0361_len_3177 3078 1
				Negative gap (overlap) between this and next alignment: 490782 to 490684 (-98 bp)
				Next Alignment: 490684 497948 k99_16_flag_0_multi_89.3810_len_7265 7265 1

			Previous gap was negative, modifying coordinates to ignore overlap
				Moving contig start from 7265 to 7166.
			Align 84: 490783 497948 k99_16_flag_0_multi_89.3810_len_7265 7166 1
				Gap between this and next alignment: 497948 to 498243 (294 bp)
				Next Alignment: 498243 509262 k99_62_flag_0_multi_89.4809_len_11020 11020 1

			Align 85: 498243 509262 k99_62_flag_0_multi_89.4809_len_11020 11020 1
				Gap between this and next alignment: 509262 to 509301 (38 bp)
				Next Alignment: 509301 520518 k99_28_flag_0_multi_88.5579_len_11218 1 11218

			Align 86: 509301 520518 k99_28_flag_0_multi_88.5579_len_11218 1 11218
				Gap between this and next alignment: 520518 to 520808 (289 bp)
				Next Alignment: 520808 531524 k99_19_flag_0_multi_92.8468_len_10717 10717 1

			Align 87: 520808 531524 k99_19_flag_0_multi_92.8468_len_10717 10717 1
				Gap between this and next alignment: 531524 to 531817 (292 bp)
				Next Alignment: 531817 537064 k99_162_flag_0_multi_89.4133_len_5248 5248 1

			Align 88: 531817 537064 k99_162_flag_0_multi_89.4133_len_5248 5248 1
				Negative gap (overlap) between this and next alignment: 537064 to 536966 (-98 bp)
				Next Alignment: 536966 538198 k99_176_flag_0_multi_89.9868_len_1233 1 1233

			Previous gap was negative, modifying coordinates to ignore overlap
				Moving contig start from 1 to 100.
			Align 89: 537065 538198 k99_176_flag_0_multi_89.9868_len_1233 100 1233
				Negative gap (overlap) between this and next alignment: 538198 to 538100 (-98 bp)
				Next Alignment: 538100 546948 k99_29_flag_0_multi_91.7745_len_8849 8849 1

			Previous gap was negative, modifying coordinates to ignore overlap
				Moving contig start from 8849 to 8750.
			Align 90: 538199 546948 k99_29_flag_0_multi_91.7745_len_8849 8750 1
				Gap between this and next alignment: 546948 to 547187 (238 bp)
				Next Alignment: 547187 548273 k99_89_flag_0_multi_81.6225_len_1087 1 1087

			Align 91: 547187 548273 k99_89_flag_0_multi_81.6225_len_1087 1 1087
				Gap between this and next alignment: 548273 to 548387 (113 bp)
				Next Alignment: 548387 555645 k99_184_flag_0_multi_86.0624_len_7259 1 7259

			Align 92: 548387 555645 k99_184_flag_0_multi_86.0624_len_7259 1 7259
				Negative gap (overlap) between this and next alignment: 555645 to 555547 (-98 bp)
				Next Alignment: 555547 561651 k99_93_flag_0_multi_87.2454_len_6105 1 6105

			Previous gap was negative, modifying coordinates to ignore overlap
				Moving contig start from 1 to 100.
			Align 93: 555646 561651 k99_93_flag_0_multi_87.2454_len_6105 100 6105
				Negative gap (overlap) between this and next alignment: 561651 to 561553 (-98 bp)
				Next Alignment: 561553 562197 k99_114_flag_0_multi_54.7619_len_645 1 645

			Previous gap was negative, modifying coordinates to ignore overlap
				Moving contig start from 1 to 100.
			Align 94: 561652 562197 k99_114_flag_0_multi_54.7619_len_645 100 645
				The next alignment (561553 562197 k99_178_flag_0_multi_70.9377_len_645 1 645) is redundant. Skipping.
				Negative gap (overlap) between this and next alignment: 562197 to 562099 (-98 bp)
				Next Alignment: 562099 574012 k99_25_flag_0_multi_87.8086_len_11914 11914 1

			Previous gap was negative, modifying coordinates to ignore overlap
				Moving contig start from 11914 to 11815.
			Align 96: 562198 574012 k99_25_flag_0_multi_87.8086_len_11914 11815 1
				Gap between this and next alignment: 574012 to 574144 (131 bp)
				Next Alignment: 574144 575087 k99_103_flag_0_multi_93.0260_len_944 944 1

			Align 97: 574144 575087 k99_103_flag_0_multi_93.0260_len_944 944 1
				Gap between this and next alignment: 575087 to 575573 (485 bp)
				Next Alignment: 575573 580140 k99_49_flag_0_multi_83.5178_len_4568 4568 1

			Align 98: 575573 580140 k99_49_flag_0_multi_83.5178_len_4568 4568 1
				Negative gap (overlap) between this and next alignment: 580140 to 580042 (-98 bp)
				Next Alignment: 580042 584293 k99_12_flag_0_multi_90.1411_len_4252 1 4252

			Previous gap was negative, modifying coordinates to ignore overlap
				Moving contig start from 1 to 100.
			Align 99: 580141 584293 k99_12_flag_0_multi_90.1411_len_4252 100 4252
				The next alignment (580042 580560 k99_15_flag_0_multi_86.2452_len_519 1 519) is redundant. Skipping.
				Negative gap (overlap) between this and next alignment: 584293 to 584195 (-98 bp)
				Next Alignment: 584195 592864 k99_32_flag_0_multi_88.5888_len_8670 8670 1

			Previous gap was negative, modifying coordinates to ignore overlap
				Moving contig start from 8670 to 8571.
			Align 101: 584294 592864 k99_32_flag_0_multi_88.5888_len_8670 8571 1
				Gap between this and next alignment: 592864 to 593092 (227 bp)
				Next Alignment: 593092 612434 k99_58_flag_0_multi_88.5350_len_19343 1 19343

			Align 102: 593092 612434 k99_58_flag_0_multi_88.5350_len_19343 1 19343
				Negative gap (overlap) between this and next alignment: 612434 to 612336 (-98 bp)
				Next Alignment: 612336 615978 k99_47_flag_0_multi_89.4204_len_3643 1 3643

			Previous gap was negative, modifying coordinates to ignore overlap
				Moving contig start from 1 to 100.
			Align 103: 612435 615978 k99_47_flag_0_multi_89.4204_len_3643 100 3643
			END in gap: 615978 to 615980 (2 bp)

Analysis is finished!
Founded SNPs were written into /vol/cami-scratch/Simpipeline/iTol_genomes/Buchnera_aphidicola_Baizongia_pistaciae_0995/quast_consensus/Buchnera_aphidicola_Baizongia_pistaciae_0995_quast_output/contigs_reports/nucmer_output/final.contigs.used_snps

Results:
	Local Misassemblies: 0
	Misassemblies: 1
		Relocations: 1
		Translocations: 0
		Inversions: 0
	Misassembled Contigs: 1
	Misassembled Contig Bases: 1131
	Misassemblies Inter-Contig Overlap: 0
Uncovered Regions: 0 (0)
Unaligned Contigs: 0 + 0 part
Partially Unaligned Contigs with Misassemblies: 0
Unaligned Contig Bases: 0

Ambiguously Mapped Contigs: 83
Total Bases in Ambiguously Mapped Contigs: 606537
Note that --allow-ambiguity option was set to "one" and only first alignment per each contig was used.

	Covered Bases: 608763

	SNPs: 3036
	Insertions: 0
	Deletions: 0

	Positive Gaps: 42
		Internal Gaps:  0
		External Gaps:  42
		External Gap Total:  7217
		External Gap Average: 172
	Negative Gaps: 54
		Internal Overlaps:  0
		External Overlaps:  54
		External Overlaps Total: -6640
		External Overlaps Average: -123
	Contigs with Redundant Alignments: 7 (4185)
