Aligning contigs to reference...
	Running Nucmer
Parsing coords...
Loading Assembly...
Loading reference...
	Loaded [Buchnera_aphidicola_Acyrthosiphon_pisum_ancestor]
Loading SNPs...
Loading regions...
	No regions given, using whole reference.
	Total Regions: 1
	Total Region Length: 641799
Analyzing contigs...
CONTIG: k99_48_flag_0_multi_47.4190_len_12995 (12995bp)
Top Length: 12995  Top ID: 100.0
		One align captures most of this contig: 368906 381900 | 1 12995 | 12995 12995 | 100.0 | Buchnera_aphidicola_Acyrthosiphon_pisum_ancestor k99_48_flag_0_multi_47.4190_len_12995

CONTIG: k99_12_flag_0_multi_50.5655_len_7782 (7782bp)
Top Length: 7782  Top ID: 100.0
		One align captures most of this contig: 173618 181399 | 1 7782 | 7782 7782 | 100.0 | Buchnera_aphidicola_Acyrthosiphon_pisum_ancestor k99_12_flag_0_multi_50.5655_len_7782

CONTIG: k99_127_flag_0_multi_47.4250_len_25727 (25727bp)
		This contig is unaligned. (25727 bp)
		Unaligned bases: 25727  total: 25727

CONTIG: k99_129_flag_0_multi_46.2245_len_2491 (2491bp)
Top Length: 2491  Top ID: 100.0
		One align captures most of this contig: 511417 513907 | 1 2491 | 2491 2491 | 100.0 | Buchnera_aphidicola_Acyrthosiphon_pisum_ancestor k99_129_flag_0_multi_46.2245_len_2491

CONTIG: k99_87_flag_0_multi_47.8168_len_14226 (14226bp)
		This contig is unaligned. (14226 bp)
		Unaligned bases: 14226  total: 39953

CONTIG: k99_134_flag_0_multi_45.7247_len_19462 (19462bp)
		This contig is unaligned. (19462 bp)
		Unaligned bases: 19462  total: 59415

CONTIG: k99_67_flag_0_multi_47.1996_len_3486 (3486bp)
Top Length: 3486  Top ID: 100.0
		One align captures most of this contig: 611610 615095 | 1 3486 | 3486 3486 | 100.0 | Buchnera_aphidicola_Acyrthosiphon_pisum_ancestor k99_67_flag_0_multi_47.1996_len_3486

CONTIG: k99_96_flag_0_multi_47.0754_len_8504 (8504bp)
		This contig is unaligned. (8504 bp)
		Unaligned bases: 8504  total: 67919

CONTIG: k99_125_flag_0_multi_50.0559_len_1727 (1727bp)
		This contig is unaligned. (1727 bp)
		Unaligned bases: 1727  total: 69646

CONTIG: k99_21_flag_0_multi_46.0228_len_14440 (14440bp)
		This contig is unaligned. (14440 bp)
		Unaligned bases: 14440  total: 84086

CONTIG: k99_68_flag_0_multi_46.8608_len_4423 (4423bp)
		This contig is unaligned. (4423 bp)
		Unaligned bases: 4423  total: 88509

CONTIG: k99_32_flag_0_multi_42.1343_len_5534 (5534bp)
		This contig is unaligned. (5534 bp)
		Unaligned bases: 5534  total: 94043

CONTIG: k99_83_flag_0_multi_50.3121_len_4588 (4588bp)
Top Length: 4588  Top ID: 100.0
		One align captures most of this contig: 33951 38538 | 1 4588 | 4588 4588 | 100.0 | Buchnera_aphidicola_Acyrthosiphon_pisum_ancestor k99_83_flag_0_multi_50.3121_len_4588

CONTIG: k99_28_flag_0_multi_48.2217_len_4533 (4533bp)
Top Length: 4533  Top ID: 100.0
		One align captures most of this contig: 29503 34035 | 1 4533 | 4533 4533 | 100.0 | Buchnera_aphidicola_Acyrthosiphon_pisum_ancestor k99_28_flag_0_multi_48.2217_len_4533

CONTIG: k99_71_flag_0_multi_49.9891_len_7528 (7528bp)
Top Length: 7528  Top ID: 100.0
		One align captures most of this contig: 517359 524886 | 7528 1 | 7528 7528 | 100.0 | Buchnera_aphidicola_Acyrthosiphon_pisum_ancestor k99_71_flag_0_multi_49.9891_len_7528

CONTIG: k99_49_flag_0_multi_45.3897_len_24186 (24186bp)
		This contig is unaligned. (24186 bp)
		Unaligned bases: 24186  total: 118229

CONTIG: k99_23_flag_0_multi_48.3416_len_23073 (23073bp)
		This contig is unaligned. (23073 bp)
		Unaligned bases: 23073  total: 141302

CONTIG: k99_160_flag_0_multi_47.0131_len_22057 (22057bp)
		This contig is unaligned. (22057 bp)
		Unaligned bases: 22057  total: 163359

CONTIG: k99_141_flag_0_multi_49.3894_len_1912 (1912bp)
Top Length: 940  Top ID: 95.01
		This contig is partially unaligned. (Aligned 940 out of 1912 bases)
		Alignment: 499167 500106 | 940 1 | 940 940 | 95.01 | Buchnera_aphidicola_Acyrthosiphon_pisum_ancestor k99_141_flag_0_multi_49.3894_len_1912
		Unaligned bases: 941 to 1912 (972)
		This contig has both significant aligned and unaligned parts (of length >= min-contig)! It can contain interspecies translocations

CONTIG: k99_94_flag_0_multi_46.3089_len_9306 (9306bp)
Top Length: 9306  Top ID: 100.0
		One align captures most of this contig: 253928 263233 | 9306 1 | 9306 9306 | 100.0 | Buchnera_aphidicola_Acyrthosiphon_pisum_ancestor k99_94_flag_0_multi_46.3089_len_9306

CONTIG: k99_43_flag_0_multi_43.2850_len_1948 (1948bp)
		This contig is unaligned. (1948 bp)
		Unaligned bases: 1948  total: 165307

CONTIG: k99_18_flag_0_multi_48.0606_len_3417 (3417bp)
		This contig is unaligned. (3417 bp)
		Unaligned bases: 3417  total: 168724

CONTIG: k99_136_flag_0_multi_40.1657_len_4246 (4246bp)
Top Length: 4246  Top ID: 100.0
		One align captures most of this contig: 381824 386069 | 1 4246 | 4246 4246 | 100.0 | Buchnera_aphidicola_Acyrthosiphon_pisum_ancestor k99_136_flag_0_multi_40.1657_len_4246

CONTIG: k99_81_flag_0_multi_50.4092_len_4407 (4407bp)
		This contig is unaligned. (4407 bp)
		Unaligned bases: 4407  total: 173131

CONTIG: k99_46_flag_0_multi_46.0793_len_12995 (12995bp)
		This contig is unaligned. (12995 bp)
		Unaligned bases: 12995  total: 186126

CONTIG: k99_130_flag_0_multi_49.1259_len_4246 (4246bp)
		This contig is unaligned. (4246 bp)
		Unaligned bases: 4246  total: 190372

CONTIG: k99_152_flag_0_multi_50.9715_len_6861 (6861bp)
		This contig is unaligned. (6861 bp)
		Unaligned bases: 6861  total: 197233

CONTIG: k99_90_flag_0_multi_48.8490_len_4423 (4423bp)
Top Length: 4423  Top ID: 100.0
		One align captures most of this contig: 72828 77250 | 1 4423 | 4423 4423 | 100.0 | Buchnera_aphidicola_Acyrthosiphon_pisum_ancestor k99_90_flag_0_multi_48.8490_len_4423

CONTIG: k99_166_flag_0_multi_47.4486_len_14761 (14761bp)
Top Length: 14761  Top ID: 100.0
		One align captures most of this contig: 38494 53254 | 1 14761 | 14761 14761 | 100.0 | Buchnera_aphidicola_Acyrthosiphon_pisum_ancestor k99_166_flag_0_multi_47.4486_len_14761

CONTIG: k99_14_flag_0_multi_40.6211_len_2263 (2263bp)
		This contig is unaligned. (2263 bp)
		Unaligned bases: 2263  total: 199496

CONTIG: k99_56_flag_0_multi_47.6342_len_47142 (47142bp)
Top Length: 47142  Top ID: 100.0
		One align captures most of this contig: 273343 320484 | 47142 1 | 47142 47142 | 100.0 | Buchnera_aphidicola_Acyrthosiphon_pisum_ancestor k99_56_flag_0_multi_47.6342_len_47142

CONTIG: k99_146_flag_0_multi_46.0307_len_11530 (11530bp)
		This contig is unaligned. (11530 bp)
		Unaligned bases: 11530  total: 211026

CONTIG: k99_73_flag_0_multi_41.4975_len_3633 (3633bp)
Top Length: 3633  Top ID: 100.0
		One align captures most of this contig: 359866 363498 | 3633 1 | 3633 3633 | 100.0 | Buchnera_aphidicola_Acyrthosiphon_pisum_ancestor k99_73_flag_0_multi_41.4975_len_3633

CONTIG: k99_138_flag_0_multi_46.2474_len_4533 (4533bp)
		This contig is unaligned. (4533 bp)
		Unaligned bases: 4533  total: 215559

CONTIG: k99_147_flag_0_multi_49.2839_len_3614 (3614bp)
Top Length: 3614  Top ID: 100.0
		One align captures most of this contig: 513844 517457 | 1 3614 | 3614 3614 | 100.0 | Buchnera_aphidicola_Acyrthosiphon_pisum_ancestor k99_147_flag_0_multi_49.2839_len_3614

CONTIG: k99_144_flag_0_multi_47.1133_len_31657 (31657bp)
Top Length: 31657  Top ID: 100.0
		One align captures most of this contig: 385999 417655 | 1 31657 | 31657 31657 | 100.0 | Buchnera_aphidicola_Acyrthosiphon_pisum_ancestor k99_144_flag_0_multi_47.1133_len_31657

CONTIG: k99_66_flag_0_multi_46.8617_len_5292 (5292bp)
Top Length: 5292  Top ID: 100.0
		One align captures most of this contig: 264816 270107 | 5292 1 | 5292 5292 | 100.0 | Buchnera_aphidicola_Acyrthosiphon_pisum_ancestor k99_66_flag_0_multi_46.8617_len_5292

CONTIG: k99_53_flag_0_multi_44.8425_len_9857 (9857bp)
		This contig is unaligned. (9857 bp)
		Unaligned bases: 9857  total: 225416

CONTIG: k99_31_flag_0_multi_47.2013_len_12767 (12767bp)
Top Length: 12767  Top ID: 100.0
		One align captures most of this contig: 4 12770 | 12767 1 | 12767 12767 | 100.0 | Buchnera_aphidicola_Acyrthosiphon_pisum_ancestor k99_31_flag_0_multi_47.2013_len_12767

CONTIG: k99_36_flag_0_multi_49.3103_len_16403 (16403bp)
		This contig is unaligned. (16403 bp)
		Unaligned bases: 16403  total: 241819

CONTIG: k99_92_flag_0_multi_49.7095_len_7015 (7015bp)
		This contig is unaligned. (7015 bp)
		Unaligned bases: 7015  total: 248834

CONTIG: k99_84_flag_0_multi_48.8913_len_7015 (7015bp)
Top Length: 7015  Top ID: 100.0
		One align captures most of this contig: 431256 438270 | 1 7015 | 7015 7015 | 100.0 | Buchnera_aphidicola_Acyrthosiphon_pisum_ancestor k99_84_flag_0_multi_48.8913_len_7015

CONTIG: k99_156_flag_0_multi_47.3616_len_5572 (5572bp)
		This contig is unaligned. (5572 bp)
		Unaligned bases: 5572  total: 254406

CONTIG: k99_119_flag_0_multi_44.4436_len_5573 (5573bp)
Top Length: 5573  Top ID: 100.0
		One align captures most of this contig: 585289 590861 | 5573 1 | 5573 5573 | 100.0 | Buchnera_aphidicola_Acyrthosiphon_pisum_ancestor k99_119_flag_0_multi_44.4436_len_5573

CONTIG: k99_11_flag_0_multi_52.0262_len_4648 (4648bp)
Top Length: 4648  Top ID: 100.0
		One align captures most of this contig: 426686 431333 | 1 4648 | 4648 4648 | 100.0 | Buchnera_aphidicola_Acyrthosiphon_pisum_ancestor k99_11_flag_0_multi_52.0262_len_4648

CONTIG: k99_133_flag_0_multi_47.0212_len_22080 (22080bp)
Top Length: 22080  Top ID: 100.0
		One align captures most of this contig: 337772 359851 | 22080 1 | 22080 22080 | 100.0 | Buchnera_aphidicola_Acyrthosiphon_pisum_ancestor k99_133_flag_0_multi_47.0212_len_22080

CONTIG: k99_27_flag_0_multi_50.3045_len_6861 (6861bp)
Top Length: 6861  Top ID: 100.0
		One align captures most of this contig: 90079 96939 | 1 6861 | 6861 6861 | 100.0 | Buchnera_aphidicola_Acyrthosiphon_pisum_ancestor k99_27_flag_0_multi_50.3045_len_6861

CONTIG: k99_162_flag_0_multi_47.7788_len_9213 (9213bp)
Top Length: 9213  Top ID: 100.0
		One align captures most of this contig: 417567 426779 | 1 9213 | 9213 9213 | 100.0 | Buchnera_aphidicola_Acyrthosiphon_pisum_ancestor k99_162_flag_0_multi_47.7788_len_9213

CONTIG: k99_110_flag_0_multi_43.3017_len_7593 (7593bp)
		This contig is unaligned. (7593 bp)
		Unaligned bases: 7593  total: 261999

CONTIG: k99_139_flag_0_multi_49.8299_len_13018 (13018bp)
Top Length: 13018  Top ID: 100.0
		One align captures most of this contig: 77155 90172 | 1 13018 | 13018 13018 | 100.0 | Buchnera_aphidicola_Acyrthosiphon_pisum_ancestor k99_139_flag_0_multi_49.8299_len_13018

CONTIG: k99_61_flag_0_multi_47.0421_len_11480 (11480bp)
		This contig is unaligned. (11480 bp)
		Unaligned bases: 11480  total: 273479

CONTIG: k99_82_flag_0_multi_51.4555_len_1831 (1831bp)
		This contig is unaligned. (1831 bp)
		Unaligned bases: 1831  total: 275310

CONTIG: k99_69_flag_0_multi_47.9213_len_7649 (7649bp)
Top Length: 7649  Top ID: 100.0
		One align captures most of this contig: 461519 469167 | 1 7649 | 7649 7649 | 100.0 | Buchnera_aphidicola_Acyrthosiphon_pisum_ancestor k99_69_flag_0_multi_47.9213_len_7649

CONTIG: k99_97_flag_0_multi_47.9114_len_25473 (25473bp)
Top Length: 24048  Top ID: 95.36
			Skipping redundant alignments after choosing the best set of alignments
		Skipping redundant alignment 131956 156003 | 1 24048 | 24048 24048 | 95.36 | Buchnera_aphidicola_Acyrthosiphon_pisum_ancestor k99_97_flag_0_multi_47.9114_len_25473
		This contig is partially unaligned. (Aligned 24048 out of 25473 bases)
		Alignment: 131956 156003 | 1 24048 | 24048 24048 | 95.36 | Buchnera_aphidicola_Acyrthosiphon_pisum_ancestor k99_97_flag_0_multi_47.9114_len_25473
		Unaligned bases: 24049 to 25473 (1425)
		This contig has both significant aligned and unaligned parts (of length >= min-contig)! It can contain interspecies translocations

CONTIG: k99_151_flag_0_multi_46.7736_len_12455 (12455bp)
		This contig is unaligned. (12455 bp)
		Unaligned bases: 12455  total: 287765

CONTIG: k99_50_flag_0_multi_55.4082_len_1831 (1831bp)
Top Length: 1831  Top ID: 100.0
		One align captures most of this contig: 494427 496257 | 1 1831 | 1831 1831 | 100.0 | Buchnera_aphidicola_Acyrthosiphon_pisum_ancestor k99_50_flag_0_multi_55.4082_len_1831

CONTIG: k99_15_flag_0_multi_47.9920_len_9061 (9061bp)
		This contig is unaligned. (9061 bp)
		Unaligned bases: 9061  total: 296826

CONTIG: k99_74_flag_0_multi_45.6095_len_4872 (4872bp)
Top Length: 4872  Top ID: 100.0
		One align captures most of this contig: 181304 186175 | 4872 1 | 4872 4872 | 100.0 | Buchnera_aphidicola_Acyrthosiphon_pisum_ancestor k99_74_flag_0_multi_45.6095_len_4872

CONTIG: k99_117_flag_0_multi_47.8127_len_19749 (19749bp)
Top Length: 19749  Top ID: 100.0
		One align captures most of this contig: 53167 72915 | 19749 1 | 19749 19749 | 100.0 | Buchnera_aphidicola_Acyrthosiphon_pisum_ancestor k99_117_flag_0_multi_47.8127_len_19749

CONTIG: k99_13_flag_0_multi_46.7253_len_7528 (7528bp)
		This contig is unaligned. (7528 bp)
		Unaligned bases: 7528  total: 304354

CONTIG: k99_85_flag_0_multi_47.0761_len_8504 (8504bp)
Top Length: 8504  Top ID: 100.0
		One align captures most of this contig: 227898 236401 | 8504 1 | 8504 8504 | 100.0 | Buchnera_aphidicola_Acyrthosiphon_pisum_ancestor k99_85_flag_0_multi_47.0761_len_8504

CONTIG: k99_38_flag_0_multi_48.1873_len_14196 (14196bp)
		This contig is unaligned. (14196 bp)
		Unaligned bases: 14196  total: 318550

CONTIG: k99_54_flag_0_multi_46.2547_len_1948 (1948bp)
Top Length: 1948  Top ID: 100.0
		One align captures most of this contig: 614999 616946 | 1948 1 | 1948 1948 | 100.0 | Buchnera_aphidicola_Acyrthosiphon_pisum_ancestor k99_54_flag_0_multi_46.2547_len_1948

CONTIG: k99_19_flag_0_multi_49.0542_len_3417 (3417bp)
Top Length: 3417  Top ID: 100.0
		One align captures most of this contig: 270020 273436 | 3417 1 | 3417 3417 | 100.0 | Buchnera_aphidicola_Acyrthosiphon_pisum_ancestor k99_19_flag_0_multi_49.0542_len_3417

CONTIG: k99_64_flag_0_multi_51.2287_len_2224 (2224bp)
Top Length: 2224  Top ID: 100.0
		One align captures most of this contig: 590763 592986 | 1 2224 | 2224 2224 | 100.0 | Buchnera_aphidicola_Acyrthosiphon_pisum_ancestor k99_64_flag_0_multi_51.2287_len_2224

CONTIG: k99_102_flag_0_multi_45.0210_len_14196 (14196bp)
Top Length: 14196  Top ID: 100.0
		One align captures most of this contig: 96857 111052 | 1 14196 | 14196 14196 | 100.0 | Buchnera_aphidicola_Acyrthosiphon_pisum_ancestor k99_102_flag_0_multi_45.0210_len_14196

CONTIG: k99_88_flag_0_multi_46.2582_len_17721 (17721bp)
Top Length: 17721  Top ID: 100.0
		One align captures most of this contig: 236305 254025 | 17721 1 | 17721 17721 | 100.0 | Buchnera_aphidicola_Acyrthosiphon_pisum_ancestor k99_88_flag_0_multi_46.2582_len_17721

CONTIG: k99_57_flag_0_multi_47.5049_len_13757 (13757bp)
Top Length: 150  Top ID: 97.33
		This contig is partially unaligned. (Aligned 150 out of 13757 bases)
		Alignment: 90023 90172 | 13608 13757 | 150 150 | 97.33 | Buchnera_aphidicola_Acyrthosiphon_pisum_ancestor k99_57_flag_0_multi_47.5049_len_13757
		Unaligned bases: 1 to 13607 (13607)

CONTIG: k99_158_flag_0_multi_46.5142_len_53647 (53647bp)
Top Length: 53647  Top ID: 100.0
		One align captures most of this contig: 531717 585363 | 1 53647 | 53647 53647 | 100.0 | Buchnera_aphidicola_Acyrthosiphon_pisum_ancestor k99_158_flag_0_multi_46.5142_len_53647

CONTIG: k99_89_flag_0_multi_48.8418_len_37373 (37373bp)
		This contig is unaligned. (37373 bp)
		Unaligned bases: 37373  total: 355923

CONTIG: k99_120_flag_0_multi_48.2024_len_18788 (18788bp)
Top Length: 18788  Top ID: 100.0
		One align captures most of this contig: 592895 611682 | 1 18788 | 18788 18788 | 100.0 | Buchnera_aphidicola_Acyrthosiphon_pisum_ancestor k99_120_flag_0_multi_48.2024_len_18788

CONTIG: k99_91_flag_0_multi_49.0376_len_11480 (11480bp)
Top Length: 11480  Top ID: 100.0
		One align captures most of this contig: 500035 511514 | 11480 1 | 11480 11480 | 100.0 | Buchnera_aphidicola_Acyrthosiphon_pisum_ancestor k99_91_flag_0_multi_49.0376_len_11480

CONTIG: k99_55_flag_0_multi_46.4818_len_35402 (35402bp)
		This contig is unaligned. (35402 bp)
		Unaligned bases: 35402  total: 391325

CONTIG: k99_116_flag_0_multi_44.0110_len_2634 (2634bp)
		This contig is unaligned. (2634 bp)
		Unaligned bases: 2634  total: 393959

CONTIG: k99_26_flag_0_multi_48.7837_len_9737 (9737bp)
		This contig is unaligned. (9737 bp)
		Unaligned bases: 9737  total: 403696

CONTIG: k99_76_flag_0_multi_46.9706_len_16511 (16511bp)
Top Length: 16511  Top ID: 100.0
		One align captures most of this contig: 13091 29601 | 16511 1 | 16511 16511 | 100.0 | Buchnera_aphidicola_Acyrthosiphon_pisum_ancestor k99_76_flag_0_multi_46.9706_len_16511

CONTIG: k99_42_flag_0_multi_50.4412_len_3052 (3052bp)
		This contig is unaligned. (3052 bp)
		Unaligned bases: 3052  total: 406748

CONTIG: k99_44_flag_0_multi_47.5178_len_34936 (34936bp)
		This contig is unaligned. (34936 bp)
		Unaligned bases: 34936  total: 441684

CONTIG: k99_140_flag_0_multi_47.8542_len_24912 (24912bp)
		This contig is unaligned. (24912 bp)
		Unaligned bases: 24912  total: 466596

CONTIG: k99_105_flag_0_multi_39.4687_len_1727 (1727bp)
Top Length: 1727  Top ID: 100.0
		One align captures most of this contig: 263175 264901 | 1 1727 | 1727 1727 | 100.0 | Buchnera_aphidicola_Acyrthosiphon_pisum_ancestor k99_105_flag_0_multi_39.4687_len_1727

CONTIG: k99_131_flag_0_multi_46.1010_len_5156 (5156bp)
Top Length: 5156  Top ID: 100.0
		One align captures most of this contig: 489366 494521 | 5156 1 | 5156 5156 | 100.0 | Buchnera_aphidicola_Acyrthosiphon_pisum_ancestor k99_131_flag_0_multi_46.1010_len_5156

CONTIG: k99_118_flag_0_multi_46.9715_len_34258 (34258bp)
Top Length: 34258  Top ID: 100.0
		One align captures most of this contig: 139262 173519 | 1 34258 | 34258 34258 | 100.0 | Buchnera_aphidicola_Acyrthosiphon_pisum_ancestor k99_118_flag_0_multi_46.9715_len_34258

CONTIG: k99_9_flag_0_multi_47.0950_len_4582 (4582bp)
Top Length: 4582  Top ID: 100.0
		One align captures most of this contig: 110995 115576 | 4582 1 | 4582 4582 | 100.0 | Buchnera_aphidicola_Acyrthosiphon_pisum_ancestor k99_9_flag_0_multi_47.0950_len_4582

CONTIG: k99_161_flag_0_multi_48.0370_len_29739 (29739bp)
		This contig is unaligned. (29739 bp)
		Unaligned bases: 29739  total: 496335

CONTIG: k99_165_flag_0_multi_44.9292_len_19444 (19444bp)
Top Length: 332  Top ID: 95.78
		This contig is partially unaligned. (Aligned 332 out of 19444 bases)
		Alignment: 72584 72915 | 332 1 | 332 332 | 95.78 | Buchnera_aphidicola_Acyrthosiphon_pisum_ancestor k99_165_flag_0_multi_44.9292_len_19444
		Unaligned bases: 333 to 19444 (19112)

CONTIG: k99_22_flag_0_multi_48.0849_len_5539 (5539bp)
Top Length: 350  Top ID: 95.43
		This contig is partially unaligned. (Aligned 350 out of 5539 bases)
		Alignment: 181050 181399 | 5190 5539 | 350 350 | 95.43 | Buchnera_aphidicola_Acyrthosiphon_pisum_ancestor k99_22_flag_0_multi_48.0849_len_5539
		Unaligned bases: 1 to 5189 (5189)

CONTIG: k99_16_flag_0_multi_52.5812_len_5541 (5541bp)
Top Length: 5541  Top ID: 96.14
		One align captures most of this contig: 363460 369000 | 5541 1 | 5541 5541 | 96.14 | Buchnera_aphidicola_Acyrthosiphon_pisum_ancestor k99_16_flag_0_multi_52.5812_len_5541

CONTIG: k99_77_flag_0_multi_44.0287_len_12418 (12418bp)
Top Length: 12418  Top ID: 100.0
		One align captures most of this contig: 438175 450592 | 12418 1 | 12418 12418 | 100.0 | Buchnera_aphidicola_Acyrthosiphon_pisum_ancestor k99_77_flag_0_multi_44.0287_len_12418

CONTIG: k99_155_flag_0_multi_47.3268_len_13632 (13632bp)
		This contig is unaligned. (13632 bp)
		Unaligned bases: 13632  total: 509967

CONTIG: k99_121_flag_0_multi_48.2044_len_2491 (2491bp)
		This contig is unaligned. (2491 bp)
		Unaligned bases: 2491  total: 512458

CONTIG: k99_115_flag_0_multi_48.2579_len_7541 (7541bp)
		This contig is unaligned. (7541 bp)
		Unaligned bases: 7541  total: 519999

CONTIG: k99_137_flag_0_multi_46.0577_len_6979 (6979bp)
Top Length: 6979  Top ID: 100.0
		One align captures most of this contig: 524818 531796 | 6979 1 | 6979 6979 | 100.0 | Buchnera_aphidicola_Acyrthosiphon_pisum_ancestor k99_137_flag_0_multi_46.0577_len_6979

CONTIG: k99_24_flag_0_multi_46.1090_len_20071 (20071bp)
Top Length: 20071  Top ID: 100.0
		One align captures most of this contig: 469071 489141 | 1 20071 | 20071 20071 | 100.0 | Buchnera_aphidicola_Acyrthosiphon_pisum_ancestor k99_24_flag_0_multi_46.1090_len_20071

CONTIG: k99_33_flag_0_multi_49.8002_len_3497 (3497bp)
Top Length: 3497  Top ID: 100.0
		One align captures most of this contig: 365504 369000 | 3497 1 | 3497 3497 | 100.0 | Buchnera_aphidicola_Acyrthosiphon_pisum_ancestor k99_33_flag_0_multi_49.8002_len_3497

CONTIG: k99_6_flag_0_multi_38.2516_len_2074 (2074bp)
		This contig is unaligned. (2074 bp)
		Unaligned bases: 2074  total: 522073

CONTIG: k99_153_flag_0_multi_44.1946_len_3870 (3870bp)
Top Length: 3870  Top ID: 100.0
		One align captures most of this contig: 496237 500106 | 3870 1 | 3870 3870 | 100.0 | Buchnera_aphidicola_Acyrthosiphon_pisum_ancestor k99_153_flag_0_multi_44.1946_len_3870

CONTIG: k99_78_flag_0_multi_50.1819_len_3486 (3486bp)
		This contig is unaligned. (3486 bp)
		Unaligned bases: 3486  total: 525559

CONTIG: k99_51_flag_0_multi_47.8643_len_11085 (11085bp)
Top Length: 11085  Top ID: 100.0
		One align captures most of this contig: 450518 461602 | 11085 1 | 11085 11085 | 100.0 | Buchnera_aphidicola_Acyrthosiphon_pisum_ancestor k99_51_flag_0_multi_47.8643_len_11085

CONTIG: k99_106_flag_0_multi_47.9725_len_21856 (21856bp)
		This contig is unaligned. (21856 bp)
		Unaligned bases: 21856  total: 547415

CONTIG: k99_59_flag_0_multi_48.3398_len_17449 (17449bp)
Top Length: 17449  Top ID: 100.0
		One align captures most of this contig: 320418 337866 | 17449 1 | 17449 17449 | 100.0 | Buchnera_aphidicola_Acyrthosiphon_pisum_ancestor k99_59_flag_0_multi_48.3398_len_17449

CONTIG: k99_25_flag_0_multi_48.4144_len_16525 (16525bp)
Top Length: 16525  Top ID: 100.0
		One align captures most of this contig: 115480 132004 | 1 16525 | 16525 16525 | 100.0 | Buchnera_aphidicola_Acyrthosiphon_pisum_ancestor k99_25_flag_0_multi_48.4144_len_16525

CONTIG: k99_157_flag_0_multi_49.4871_len_41686 (41686bp)
Top Length: 41686  Top ID: 100.0
		One align captures most of this contig: 186081 227766 | 1 41686 | 41686 41686 | 100.0 | Buchnera_aphidicola_Acyrthosiphon_pisum_ancestor k99_157_flag_0_multi_49.4871_len_41686

CONTIG: k99_95_flag_0_multi_46.7449_len_12825 (12825bp)
		This contig is unaligned. (12825 bp)
		Unaligned bases: 12825  total: 560240

CONTIG: k99_52_flag_0_multi_46.2647_len_12761 (12761bp)
		This contig is unaligned. (12761 bp)
		Unaligned bases: 12761  total: 573001

CONTIG: k99_109_flag_0_multi_45.4587_len_24886 (24886bp)
Top Length: 24886  Top ID: 100.0
		One align captures most of this contig: 616896 641781 | 1 24886 | 24886 24886 | 100.0 | Buchnera_aphidicola_Acyrthosiphon_pisum_ancestor k99_109_flag_0_multi_45.4587_len_24886

CONTIG: k99_30_flag_0_multi_51.1372_len_4648 (4648bp)
		This contig is unaligned. (4648 bp)
		Unaligned bases: 4648  total: 577649

CONTIG: k99_75_flag_0_multi_50.0093_len_4853 (4853bp)
		This contig is unaligned. (4853 bp)
		Unaligned bases: 4853  total: 582502

Analyzing coverage...
Writing SNPs into /vol/cami-scratch/Simpipeline/iTol_genomes/Buchnera_aphidicola_Acyrthosiphon_pisum_0910/quast_consensus/Buchnera_aphidicola_Acyrthosiphon_pisum_ancestor_quast_output/contigs_reports/nucmer_output/final.contigs.used_snps
	Reference Buchnera_aphidicola_Acyrthosiphon_pisum_ancestor: 58 total alignments. 1 total regions.
		Region: 1 to 641799 (641799 bp)
			START in gap: 1 to 4 (3 bp)
			Align 1: 4 12770 k99_31_flag_0_multi_47.2013_len_12767 12767 1
				Gap between this and next alignment: 12770 to 13091 (320 bp)
				Next Alignment: 13091 29601 k99_76_flag_0_multi_46.9706_len_16511 16511 1

			Align 2: 13091 29601 k99_76_flag_0_multi_46.9706_len_16511 16511 1
				Negative gap (overlap) between this and next alignment: 29601 to 29503 (-98 bp)
				Next Alignment: 29503 34035 k99_28_flag_0_multi_48.2217_len_4533 1 4533

			Previous gap was negative, modifying coordinates to ignore overlap
				Moving contig start from 1 to 100.
			Align 3: 29602 34035 k99_28_flag_0_multi_48.2217_len_4533 100 4533
				Negative gap (overlap) between this and next alignment: 34035 to 33951 (-84 bp)
				Next Alignment: 33951 38538 k99_83_flag_0_multi_50.3121_len_4588 1 4588

			Previous gap was negative, modifying coordinates to ignore overlap
				Moving contig start from 1 to 86.
			Align 4: 34036 38538 k99_83_flag_0_multi_50.3121_len_4588 86 4588
				Negative gap (overlap) between this and next alignment: 38538 to 38494 (-44 bp)
				Next Alignment: 38494 53254 k99_166_flag_0_multi_47.4486_len_14761 1 14761

			Previous gap was negative, modifying coordinates to ignore overlap
				Moving contig start from 1 to 46.
			Align 5: 38539 53254 k99_166_flag_0_multi_47.4486_len_14761 46 14761
				Negative gap (overlap) between this and next alignment: 53254 to 53167 (-87 bp)
				Next Alignment: 53167 72915 k99_117_flag_0_multi_47.8127_len_19749 19749 1

			Previous gap was negative, modifying coordinates to ignore overlap
				Moving contig start from 19749 to 19661.
			Align 6: 53255 72915 k99_117_flag_0_multi_47.8127_len_19749 19661 1
				The next alignment (72584 72915 k99_165_flag_0_multi_44.9292_len_19444 332 1) is redundant. Skipping.
				Negative gap (overlap) between this and next alignment: 72915 to 72828 (-87 bp)
				Next Alignment: 72828 77250 k99_90_flag_0_multi_48.8490_len_4423 1 4423

			Previous gap was negative, modifying coordinates to ignore overlap
				Moving contig start from 1 to 89.
			Align 8: 72916 77250 k99_90_flag_0_multi_48.8490_len_4423 89 4423
				Negative gap (overlap) between this and next alignment: 77250 to 77155 (-95 bp)
				Next Alignment: 77155 90172 k99_139_flag_0_multi_49.8299_len_13018 1 13018

			Previous gap was negative, modifying coordinates to ignore overlap
				Moving contig start from 1 to 97.
			Align 9: 77251 90172 k99_139_flag_0_multi_49.8299_len_13018 97 13018
				The next alignment (90023 90172 k99_57_flag_0_multi_47.5049_len_13757 13608 13757) is redundant. Skipping.
				Negative gap (overlap) between this and next alignment: 90172 to 90079 (-93 bp)
				Next Alignment: 90079 96939 k99_27_flag_0_multi_50.3045_len_6861 1 6861

			Previous gap was negative, modifying coordinates to ignore overlap
				Moving contig start from 1 to 95.
			Align 11: 90173 96939 k99_27_flag_0_multi_50.3045_len_6861 95 6861
				Negative gap (overlap) between this and next alignment: 96939 to 96857 (-82 bp)
				Next Alignment: 96857 111052 k99_102_flag_0_multi_45.0210_len_14196 1 14196

			Previous gap was negative, modifying coordinates to ignore overlap
				Moving contig start from 1 to 84.
			Align 12: 96940 111052 k99_102_flag_0_multi_45.0210_len_14196 84 14196
				Negative gap (overlap) between this and next alignment: 111052 to 110995 (-57 bp)
				Next Alignment: 110995 115576 k99_9_flag_0_multi_47.0950_len_4582 4582 1

			Previous gap was negative, modifying coordinates to ignore overlap
				Moving contig start from 4582 to 4524.
			Align 13: 111053 115576 k99_9_flag_0_multi_47.0950_len_4582 4524 1
				Negative gap (overlap) between this and next alignment: 115576 to 115480 (-96 bp)
				Next Alignment: 115480 132004 k99_25_flag_0_multi_48.4144_len_16525 1 16525

			Previous gap was negative, modifying coordinates to ignore overlap
				Moving contig start from 1 to 98.
			Align 14: 115577 132004 k99_25_flag_0_multi_48.4144_len_16525 98 16525
				Negative gap (overlap) between this and next alignment: 132004 to 131956 (-48 bp)
				Next Alignment: 131956 156003 k99_97_flag_0_multi_47.9114_len_25473 1 24048

			Previous gap was negative, modifying coordinates to ignore overlap
				Moving contig start from 1 to 50.
			Align 15: 132005 156003 k99_97_flag_0_multi_47.9114_len_25473 50 24048
				Negative gap (overlap) between this and next alignment: 156003 to 139262 (-16741 bp)
				Next Alignment: 139262 173519 k99_118_flag_0_multi_46.9715_len_34258 1 34258

			Previous gap was negative, modifying coordinates to ignore overlap
				Moving contig start from 1 to 16743.
			Align 16: 156004 173519 k99_118_flag_0_multi_46.9715_len_34258 16743 34258
				Gap between this and next alignment: 173519 to 173618 (98 bp)
				Next Alignment: 173618 181399 k99_12_flag_0_multi_50.5655_len_7782 1 7782

			Align 17: 173618 181399 k99_12_flag_0_multi_50.5655_len_7782 1 7782
				The next alignment (181050 181399 k99_22_flag_0_multi_48.0849_len_5539 5190 5539) is redundant. Skipping.
				Negative gap (overlap) between this and next alignment: 181399 to 181304 (-95 bp)
				Next Alignment: 181304 186175 k99_74_flag_0_multi_45.6095_len_4872 4872 1

			Previous gap was negative, modifying coordinates to ignore overlap
				Moving contig start from 4872 to 4776.
			Align 19: 181400 186175 k99_74_flag_0_multi_45.6095_len_4872 4776 1
				Negative gap (overlap) between this and next alignment: 186175 to 186081 (-94 bp)
				Next Alignment: 186081 227766 k99_157_flag_0_multi_49.4871_len_41686 1 41686

			Previous gap was negative, modifying coordinates to ignore overlap
				Moving contig start from 1 to 96.
			Align 20: 186176 227766 k99_157_flag_0_multi_49.4871_len_41686 96 41686
				Gap between this and next alignment: 227766 to 227898 (131 bp)
				Next Alignment: 227898 236401 k99_85_flag_0_multi_47.0761_len_8504 8504 1

			Align 21: 227898 236401 k99_85_flag_0_multi_47.0761_len_8504 8504 1
				Negative gap (overlap) between this and next alignment: 236401 to 236305 (-96 bp)
				Next Alignment: 236305 254025 k99_88_flag_0_multi_46.2582_len_17721 17721 1

			Previous gap was negative, modifying coordinates to ignore overlap
				Moving contig start from 17721 to 17624.
			Align 22: 236402 254025 k99_88_flag_0_multi_46.2582_len_17721 17624 1
				Negative gap (overlap) between this and next alignment: 254025 to 253928 (-97 bp)
				Next Alignment: 253928 263233 k99_94_flag_0_multi_46.3089_len_9306 9306 1

			Previous gap was negative, modifying coordinates to ignore overlap
				Moving contig start from 9306 to 9208.
			Align 23: 254026 263233 k99_94_flag_0_multi_46.3089_len_9306 9208 1
				Negative gap (overlap) between this and next alignment: 263233 to 263175 (-58 bp)
				Next Alignment: 263175 264901 k99_105_flag_0_multi_39.4687_len_1727 1 1727

			Previous gap was negative, modifying coordinates to ignore overlap
				Moving contig start from 1 to 60.
			Align 24: 263234 264901 k99_105_flag_0_multi_39.4687_len_1727 60 1727
				Negative gap (overlap) between this and next alignment: 264901 to 264816 (-85 bp)
				Next Alignment: 264816 270107 k99_66_flag_0_multi_46.8617_len_5292 5292 1

			Previous gap was negative, modifying coordinates to ignore overlap
				Moving contig start from 5292 to 5206.
			Align 25: 264902 270107 k99_66_flag_0_multi_46.8617_len_5292 5206 1
				Negative gap (overlap) between this and next alignment: 270107 to 270020 (-87 bp)
				Next Alignment: 270020 273436 k99_19_flag_0_multi_49.0542_len_3417 3417 1

			Previous gap was negative, modifying coordinates to ignore overlap
				Moving contig start from 3417 to 3329.
			Align 26: 270108 273436 k99_19_flag_0_multi_49.0542_len_3417 3329 1
				Negative gap (overlap) between this and next alignment: 273436 to 273343 (-93 bp)
				Next Alignment: 273343 320484 k99_56_flag_0_multi_47.6342_len_47142 47142 1

			Previous gap was negative, modifying coordinates to ignore overlap
				Moving contig start from 47142 to 47048.
			Align 27: 273437 320484 k99_56_flag_0_multi_47.6342_len_47142 47048 1
				Negative gap (overlap) between this and next alignment: 320484 to 320418 (-66 bp)
				Next Alignment: 320418 337866 k99_59_flag_0_multi_48.3398_len_17449 17449 1

			Previous gap was negative, modifying coordinates to ignore overlap
				Moving contig start from 17449 to 17382.
			Align 28: 320485 337866 k99_59_flag_0_multi_48.3398_len_17449 17382 1
				Negative gap (overlap) between this and next alignment: 337866 to 337772 (-94 bp)
				Next Alignment: 337772 359851 k99_133_flag_0_multi_47.0212_len_22080 22080 1

			Previous gap was negative, modifying coordinates to ignore overlap
				Moving contig start from 22080 to 21985.
			Align 29: 337867 359851 k99_133_flag_0_multi_47.0212_len_22080 21985 1
				Gap between this and next alignment: 359851 to 359866 (14 bp)
				Next Alignment: 359866 363498 k99_73_flag_0_multi_41.4975_len_3633 3633 1

			Align 30: 359866 363498 k99_73_flag_0_multi_41.4975_len_3633 3633 1
				Negative gap (overlap) between this and next alignment: 363498 to 363460 (-38 bp)
				Next Alignment: 363460 369000 k99_16_flag_0_multi_52.5812_len_5541 5541 1

			Previous gap was negative, modifying coordinates to ignore overlap
				Moving contig start from 5541 to 5502.
			Align 31: 363499 369000 k99_16_flag_0_multi_52.5812_len_5541 5502 1
				The next alignment (365504 369000 k99_33_flag_0_multi_49.8002_len_3497 3497 1) is redundant. Skipping.
				Negative gap (overlap) between this and next alignment: 369000 to 368906 (-94 bp)
				Next Alignment: 368906 381900 k99_48_flag_0_multi_47.4190_len_12995 1 12995

			Previous gap was negative, modifying coordinates to ignore overlap
				Moving contig start from 1 to 96.
			Align 33: 369001 381900 k99_48_flag_0_multi_47.4190_len_12995 96 12995
				Negative gap (overlap) between this and next alignment: 381900 to 381824 (-76 bp)
				Next Alignment: 381824 386069 k99_136_flag_0_multi_40.1657_len_4246 1 4246

			Previous gap was negative, modifying coordinates to ignore overlap
				Moving contig start from 1 to 78.
			Align 34: 381901 386069 k99_136_flag_0_multi_40.1657_len_4246 78 4246
				Negative gap (overlap) between this and next alignment: 386069 to 385999 (-70 bp)
				Next Alignment: 385999 417655 k99_144_flag_0_multi_47.1133_len_31657 1 31657

			Previous gap was negative, modifying coordinates to ignore overlap
				Moving contig start from 1 to 72.
			Align 35: 386070 417655 k99_144_flag_0_multi_47.1133_len_31657 72 31657
				Negative gap (overlap) between this and next alignment: 417655 to 417567 (-88 bp)
				Next Alignment: 417567 426779 k99_162_flag_0_multi_47.7788_len_9213 1 9213

			Previous gap was negative, modifying coordinates to ignore overlap
				Moving contig start from 1 to 90.
			Align 36: 417656 426779 k99_162_flag_0_multi_47.7788_len_9213 90 9213
				Negative gap (overlap) between this and next alignment: 426779 to 426686 (-93 bp)
				Next Alignment: 426686 431333 k99_11_flag_0_multi_52.0262_len_4648 1 4648

			Previous gap was negative, modifying coordinates to ignore overlap
				Moving contig start from 1 to 95.
			Align 37: 426780 431333 k99_11_flag_0_multi_52.0262_len_4648 95 4648
				Negative gap (overlap) between this and next alignment: 431333 to 431256 (-77 bp)
				Next Alignment: 431256 438270 k99_84_flag_0_multi_48.8913_len_7015 1 7015

			Previous gap was negative, modifying coordinates to ignore overlap
				Moving contig start from 1 to 79.
			Align 38: 431334 438270 k99_84_flag_0_multi_48.8913_len_7015 79 7015
				Negative gap (overlap) between this and next alignment: 438270 to 438175 (-95 bp)
				Next Alignment: 438175 450592 k99_77_flag_0_multi_44.0287_len_12418 12418 1

			Previous gap was negative, modifying coordinates to ignore overlap
				Moving contig start from 12418 to 12322.
			Align 39: 438271 450592 k99_77_flag_0_multi_44.0287_len_12418 12322 1
				Negative gap (overlap) between this and next alignment: 450592 to 450518 (-74 bp)
				Next Alignment: 450518 461602 k99_51_flag_0_multi_47.8643_len_11085 11085 1

			Previous gap was negative, modifying coordinates to ignore overlap
				Moving contig start from 11085 to 11010.
			Align 40: 450593 461602 k99_51_flag_0_multi_47.8643_len_11085 11010 1
				Negative gap (overlap) between this and next alignment: 461602 to 461519 (-83 bp)
				Next Alignment: 461519 469167 k99_69_flag_0_multi_47.9213_len_7649 1 7649

			Previous gap was negative, modifying coordinates to ignore overlap
				Moving contig start from 1 to 85.
			Align 41: 461603 469167 k99_69_flag_0_multi_47.9213_len_7649 85 7649
				Negative gap (overlap) between this and next alignment: 469167 to 469071 (-96 bp)
				Next Alignment: 469071 489141 k99_24_flag_0_multi_46.1090_len_20071 1 20071

			Previous gap was negative, modifying coordinates to ignore overlap
				Moving contig start from 1 to 98.
			Align 42: 469168 489141 k99_24_flag_0_multi_46.1090_len_20071 98 20071
				Gap between this and next alignment: 489141 to 489366 (224 bp)
				Next Alignment: 489366 494521 k99_131_flag_0_multi_46.1010_len_5156 5156 1

			Align 43: 489366 494521 k99_131_flag_0_multi_46.1010_len_5156 5156 1
				Negative gap (overlap) between this and next alignment: 494521 to 494427 (-94 bp)
				Next Alignment: 494427 496257 k99_50_flag_0_multi_55.4082_len_1831 1 1831

			Previous gap was negative, modifying coordinates to ignore overlap
				Moving contig start from 1 to 96.
			Align 44: 494522 496257 k99_50_flag_0_multi_55.4082_len_1831 96 1831
				Negative gap (overlap) between this and next alignment: 496257 to 496237 (-20 bp)
				Next Alignment: 496237 500106 k99_153_flag_0_multi_44.1946_len_3870 3870 1

			Previous gap was negative, modifying coordinates to ignore overlap
				Moving contig start from 3870 to 3849.
			Align 45: 496258 500106 k99_153_flag_0_multi_44.1946_len_3870 3849 1
				The next alignment (499167 500106 k99_141_flag_0_multi_49.3894_len_1912 940 1) is redundant. Skipping.
				Negative gap (overlap) between this and next alignment: 500106 to 500035 (-71 bp)
				Next Alignment: 500035 511514 k99_91_flag_0_multi_49.0376_len_11480 11480 1

			Previous gap was negative, modifying coordinates to ignore overlap
				Moving contig start from 11480 to 11408.
			Align 47: 500107 511514 k99_91_flag_0_multi_49.0376_len_11480 11408 1
				Negative gap (overlap) between this and next alignment: 511514 to 511417 (-97 bp)
				Next Alignment: 511417 513907 k99_129_flag_0_multi_46.2245_len_2491 1 2491

			Previous gap was negative, modifying coordinates to ignore overlap
				Moving contig start from 1 to 99.
			Align 48: 511515 513907 k99_129_flag_0_multi_46.2245_len_2491 99 2491
				Negative gap (overlap) between this and next alignment: 513907 to 513844 (-63 bp)
				Next Alignment: 513844 517457 k99_147_flag_0_multi_49.2839_len_3614 1 3614

			Previous gap was negative, modifying coordinates to ignore overlap
				Moving contig start from 1 to 65.
			Align 49: 513908 517457 k99_147_flag_0_multi_49.2839_len_3614 65 3614
				Negative gap (overlap) between this and next alignment: 517457 to 517359 (-98 bp)
				Next Alignment: 517359 524886 k99_71_flag_0_multi_49.9891_len_7528 7528 1

			Previous gap was negative, modifying coordinates to ignore overlap
				Moving contig start from 7528 to 7429.
			Align 50: 517458 524886 k99_71_flag_0_multi_49.9891_len_7528 7429 1
				Negative gap (overlap) between this and next alignment: 524886 to 524818 (-68 bp)
				Next Alignment: 524818 531796 k99_137_flag_0_multi_46.0577_len_6979 6979 1

			Previous gap was negative, modifying coordinates to ignore overlap
				Moving contig start from 6979 to 6910.
			Align 51: 524887 531796 k99_137_flag_0_multi_46.0577_len_6979 6910 1
				Negative gap (overlap) between this and next alignment: 531796 to 531717 (-79 bp)
				Next Alignment: 531717 585363 k99_158_flag_0_multi_46.5142_len_53647 1 53647

			Previous gap was negative, modifying coordinates to ignore overlap
				Moving contig start from 1 to 81.
			Align 52: 531797 585363 k99_158_flag_0_multi_46.5142_len_53647 81 53647
				Negative gap (overlap) between this and next alignment: 585363 to 585289 (-74 bp)
				Next Alignment: 585289 590861 k99_119_flag_0_multi_44.4436_len_5573 5573 1

			Previous gap was negative, modifying coordinates to ignore overlap
				Moving contig start from 5573 to 5498.
			Align 53: 585364 590861 k99_119_flag_0_multi_44.4436_len_5573 5498 1
				Negative gap (overlap) between this and next alignment: 590861 to 590763 (-98 bp)
				Next Alignment: 590763 592986 k99_64_flag_0_multi_51.2287_len_2224 1 2224

			Previous gap was negative, modifying coordinates to ignore overlap
				Moving contig start from 1 to 100.
			Align 54: 590862 592986 k99_64_flag_0_multi_51.2287_len_2224 100 2224
				Negative gap (overlap) between this and next alignment: 592986 to 592895 (-91 bp)
				Next Alignment: 592895 611682 k99_120_flag_0_multi_48.2024_len_18788 1 18788

			Previous gap was negative, modifying coordinates to ignore overlap
				Moving contig start from 1 to 93.
			Align 55: 592987 611682 k99_120_flag_0_multi_48.2024_len_18788 93 18788
				Negative gap (overlap) between this and next alignment: 611682 to 611610 (-72 bp)
				Next Alignment: 611610 615095 k99_67_flag_0_multi_47.1996_len_3486 1 3486

			Previous gap was negative, modifying coordinates to ignore overlap
				Moving contig start from 1 to 74.
			Align 56: 611683 615095 k99_67_flag_0_multi_47.1996_len_3486 74 3486
				Negative gap (overlap) between this and next alignment: 615095 to 614999 (-96 bp)
				Next Alignment: 614999 616946 k99_54_flag_0_multi_46.2547_len_1948 1948 1

			Previous gap was negative, modifying coordinates to ignore overlap
				Moving contig start from 1948 to 1851.
			Align 57: 615096 616946 k99_54_flag_0_multi_46.2547_len_1948 1851 1
				Negative gap (overlap) between this and next alignment: 616946 to 616896 (-50 bp)
				Next Alignment: 616896 641781 k99_109_flag_0_multi_45.4587_len_24886 1 24886

			Previous gap was negative, modifying coordinates to ignore overlap
				Moving contig start from 1 to 52.
			Align 58: 616947 641781 k99_109_flag_0_multi_45.4587_len_24886 52 24886
			END in gap: 641781 to 641799 (18 bp)

Analysis is finished!
Founded SNPs were written into /vol/cami-scratch/Simpipeline/iTol_genomes/Buchnera_aphidicola_Acyrthosiphon_pisum_0910/quast_consensus/Buchnera_aphidicola_Acyrthosiphon_pisum_ancestor_quast_output/contigs_reports/nucmer_output/final.contigs.used_snps

Results:
	Local Misassemblies: 0
	Misassemblies: 0
		Relocations: 0
		Translocations: 0
		Inversions: 0
	Misassembled Contigs: 0
	Misassembled Contig Bases: 0
	Misassemblies Inter-Contig Overlap: 0
Uncovered Regions: 0 (0)
Unaligned Contigs: 49 + 5 part
Partially Unaligned Contigs with Misassemblies: 0
Unaligned Contig Bases: 622807

Ambiguously Mapped Contigs: 0
Total Bases in Ambiguously Mapped Contigs: 0
Note that --allow-ambiguity option was set to "one" and only first alignment per each contig was used.

	Covered Bases: 640991

	SNPs: 1324
	Insertions: 3
	Deletions: 3

	Positive Gaps: 7
		Internal Gaps:  0
		External Gaps:  7
		External Gap Total:  808
		External Gap Average: 115
	Negative Gaps: 47
		Internal Overlaps:  0
		External Overlaps:  47
		External Overlaps Total: -20432
		External Overlaps Average: -435
	Contigs with Redundant Alignments: 5 (5269)
