Aligning contigs to reference...
	Running Nucmer
Parsing coords...
Loading reference...
	Loaded [gi_556503834_ref_NC_000913.3_]
Loading SNPs...
Loading regions...
	No regions given, using whole reference.
	Total Regions: 1
	Total Region Length: 4641652
Analyzing contigs...
CONTIG: S0C0 (4641786bp)
Top Length: 4641638  Top ID: 100.0
		Marking as insignificant: 4392583 4392658 | 1992103 1992028 | 76 76 | 100.0 | gi_556503834_ref_NC_000913.3_ S0C0
		Marking as insignificant: 4392472 4392547 | 1992103 1992028 | 76 76 | 100.0 | gi_556503834_ref_NC_000913.3_ S0C0
		Marking as insignificant: 4392360 4392435 | 1992103 1992028 | 76 76 | 100.0 | gi_556503834_ref_NC_000913.3_ S0C0
		Marking as insignificant: 1992042 1992117 | 4392644 4392569 | 76 76 | 100.0 | gi_556503834_ref_NC_000913.3_ S0C0
		Marking as insignificant: 1992042 1992117 | 4392533 4392458 | 76 76 | 100.0 | gi_556503834_ref_NC_000913.3_ S0C0
		Marking as insignificant: 1992042 1992117 | 4392421 4392346 | 76 76 | 100.0 | gi_556503834_ref_NC_000913.3_ S0C0
		Marking as insignificant: 2059846 2059930 | 2058093 2058009 | 85 85 | 100.0 | gi_556503834_ref_NC_000913.3_ S0C0
		Marking as insignificant: 2058023 2058107 | 2059916 2059832 | 85 85 | 100.0 | gi_556503834_ref_NC_000913.3_ S0C0
		Marking as insignificant: 4606079 4606166 | 3982678 3982591 | 88 88 | 100.0 | gi_556503834_ref_NC_000913.3_ S0C0
		Marking as insignificant: 3982605 3982692 | 4606152 4606065 | 88 88 | 100.0 | gi_556503834_ref_NC_000913.3_ S0C0
		Marking as insignificant: 4606315 4606403 | 3982678 3982590 | 89 89 | 100.0 | gi_556503834_ref_NC_000913.3_ S0C0
		Marking as insignificant: 3982604 3982692 | 4606389 4606301 | 89 89 | 100.0 | gi_556503834_ref_NC_000913.3_ S0C0
		Marking as insignificant: 2062236 2062339 | 2058112 2058009 | 104 104 | 97.12 | gi_556503834_ref_NC_000913.3_ S0C0
		Marking as insignificant: 2058023 2058126 | 2062325 2062222 | 104 104 | 97.12 | gi_556503834_ref_NC_000913.3_ S0C0
		Marking as insignificant: 2058023 2058126 | 2044614 2044511 | 104 104 | 98.08 | gi_556503834_ref_NC_000913.3_ S0C0
		Marking as insignificant: 2044525 2044628 | 2058112 2058009 | 104 104 | 98.08 | gi_556503834_ref_NC_000913.3_ S0C0
		Marking as insignificant: 3423418 3423548 | 228866 228736 | 131 131 | 97.71 | gi_556503834_ref_NC_000913.3_ S0C0
		Marking as insignificant: 228750 228880 | 3423534 3423404 | 131 131 | 97.71 | gi_556503834_ref_NC_000913.3_ S0C0
		Marking as insignificant: 4213034 4213164 | 3423534 3423404 | 131 131 | 98.47 | gi_556503834_ref_NC_000913.3_ S0C0
		Marking as insignificant: 3423418 3423548 | 4213150 4213020 | 131 131 | 98.47 | gi_556503834_ref_NC_000913.3_ S0C0
		Marking as insignificant: 3946689 3946824 | 3423538 3423404 | 136 135 | 97.06 | gi_556503834_ref_NC_000913.3_ S0C0
		Marking as insignificant: 3423418 3423552 | 3946810 3946675 | 135 136 | 97.06 | gi_556503834_ref_NC_000913.3_ S0C0
		Marking as insignificant: 279931 280128 | 4507625 4507429 | 198 197 | 98.48 | gi_556503834_ref_NC_000913.3_ S0C0
		Marking as insignificant: 4507443 4507639 | 280114 279917 | 197 198 | 98.48 | gi_556503834_ref_NC_000913.3_ S0C0
		Marking as insignificant: 2471882 2472123 | 1207790 1207549 | 242 242 | 95.04 | gi_556503834_ref_NC_000913.3_ S0C0
		Marking as insignificant: 1207563 1207804 | 2472109 2471868 | 242 242 | 95.04 | gi_556503834_ref_NC_000913.3_ S0C0
		Marking as insignificant: 2229115 2229376 | 915274 915013 | 262 262 | 95.04 | gi_556503834_ref_NC_000913.3_ S0C0
		Marking as insignificant: 915027 915288 | 2229362 2229101 | 262 262 | 95.04 | gi_556503834_ref_NC_000913.3_ S0C0
		Marking as insignificant: 4040511 4040845 | 3423534 3423200 | 335 335 | 95.82 | gi_556503834_ref_NC_000913.3_ S0C0
		Marking as insignificant: 3423214 3423548 | 4040831 4040497 | 335 335 | 95.82 | gi_556503834_ref_NC_000913.3_ S0C0
		Marking as insignificant: 4171631 4171970 | 3423534 3423195 | 340 340 | 95.59 | gi_556503834_ref_NC_000913.3_ S0C0
		Marking as insignificant: 3423209 3423548 | 4171956 4171617 | 340 340 | 95.59 | gi_556503834_ref_NC_000913.3_ S0C0
		Marking as insignificant: 3583428 3584130 | 291387 290685 | 703 703 | 98.86 | gi_556503834_ref_NC_000913.3_ S0C0
		Marking as insignificant: 2996361 2997066 | 1651534 1650829 | 706 706 | 100.0 | gi_556503834_ref_NC_000913.3_ S0C0
		Marking as insignificant: 2068941 2069646 | 1651534 1650829 | 706 706 | 100.0 | gi_556503834_ref_NC_000913.3_ S0C0
		Marking as insignificant: 1650843 1651548 | 2069632 2068927 | 706 706 | 100.0 | gi_556503834_ref_NC_000913.3_ S0C0
		Marking as insignificant: 1650843 1651548 | 1468601 1467896 | 706 706 | 100.0 | gi_556503834_ref_NC_000913.3_ S0C0
		Marking as insignificant: 1650843 1651548 | 2997052 2996347 | 706 706 | 100.0 | gi_556503834_ref_NC_000913.3_ S0C0
		Marking as insignificant: 1467910 1468615 | 1651534 1650829 | 706 706 | 100.0 | gi_556503834_ref_NC_000913.3_ S0C0
		Marking as insignificant: 1049778 1050545 | 258661 257894 | 768 768 | 98.83 | gi_556503834_ref_NC_000913.3_ S0C0
		Marking as insignificant: 1049778 1050545 | 20549 19782 | 768 768 | 98.83 | gi_556503834_ref_NC_000913.3_ S0C0
		Marking as insignificant: 290634 291401 | 3584181 3583414 | 768 768 | 98.83 | gi_556503834_ref_NC_000913.3_ S0C0
		Marking as insignificant: 257908 258675 | 1050531 1049764 | 768 768 | 98.83 | gi_556503834_ref_NC_000913.3_ S0C0
		Marking as insignificant: 19796 20563 | 1050531 1049764 | 768 768 | 98.83 | gi_556503834_ref_NC_000913.3_ S0C0
		Marking as insignificant: 3583428 3584196 | 279916 279148 | 769 769 | 98.83 | gi_556503834_ref_NC_000913.3_ S0C0
		Marking as insignificant: 1978503 1979271 | 1050531 1049763 | 769 769 | 98.83 | gi_556503834_ref_NC_000913.3_ S0C0
		Marking as insignificant: 1049777 1050545 | 1979257 1978489 | 769 769 | 98.83 | gi_556503834_ref_NC_000913.3_ S0C0
		Marking as insignificant: 279162 279930 | 3584182 3583414 | 769 769 | 98.83 | gi_556503834_ref_NC_000913.3_ S0C0
		Marking as insignificant: 1049778 1050545 | 291387 290620 | 768 768 | 99.48 | gi_556503834_ref_NC_000913.3_ S0C0
		Marking as insignificant: 290634 291401 | 1050531 1049764 | 768 768 | 99.48 | gi_556503834_ref_NC_000913.3_ S0C0
		Marking as insignificant: 1049778 1050546 | 279916 279148 | 769 769 | 99.48 | gi_556503834_ref_NC_000913.3_ S0C0
		Marking as insignificant: 279162 279930 | 1050532 1049764 | 769 769 | 99.48 | gi_556503834_ref_NC_000913.3_ S0C0
		Marking as insignificant: 3583427 3584195 | 20550 19782 | 769 769 | 100.0 | gi_556503834_ref_NC_000913.3_ S0C0
		Marking as insignificant: 3583427 3584195 | 258662 257894 | 769 769 | 100.0 | gi_556503834_ref_NC_000913.3_ S0C0
		Marking as insignificant: 257908 258676 | 3584181 3583413 | 769 769 | 100.0 | gi_556503834_ref_NC_000913.3_ S0C0
		Marking as insignificant: 19796 20564 | 3584181 3583413 | 769 769 | 100.0 | gi_556503834_ref_NC_000913.3_ S0C0
		Marking as insignificant: 3583413 3584195 | 1979271 1978489 | 783 783 | 99.49 | gi_556503834_ref_NC_000913.3_ S0C0
		Marking as insignificant: 1978503 1979285 | 3584181 3583399 | 783 783 | 99.49 | gi_556503834_ref_NC_000913.3_ S0C0
		Marking as insignificant: 1635839 1636918 | 581348 580269 | 1080 1080 | 97.13 | gi_556503834_ref_NC_000913.3_ S0C0
		Marking as insignificant: 580283 581362 | 1636904 1635825 | 1080 1080 | 97.13 | gi_556503834_ref_NC_000913.3_ S0C0
		Marking as insignificant: 4175945 4177130 | 3471314 3470129 | 1186 1186 | 98.99 | gi_556503834_ref_NC_000913.3_ S0C0
		Marking as insignificant: 3470143 3471328 | 4177116 4175931 | 1186 1186 | 98.99 | gi_556503834_ref_NC_000913.3_ S0C0
		Marking as insignificant: 3130146 3131343 | 2067339 2066142 | 1198 1198 | 99.58 | gi_556503834_ref_NC_000913.3_ S0C0
		Marking as insignificant: 2066156 2067353 | 3131329 3130132 | 1198 1198 | 99.58 | gi_556503834_ref_NC_000913.3_ S0C0
		Marking as insignificant: 2288919 2290113 | 1300679 1299485 | 1195 1195 | 100.0 | gi_556503834_ref_NC_000913.3_ S0C0
		Marking as insignificant: 2288919 2290113 | 1397224 1396030 | 1195 1195 | 100.0 | gi_556503834_ref_NC_000913.3_ S0C0
		Marking as insignificant: 1396044 1397238 | 2290099 2288905 | 1195 1195 | 100.0 | gi_556503834_ref_NC_000913.3_ S0C0
		Marking as insignificant: 1299499 1300693 | 2290099 2288905 | 1195 1195 | 100.0 | gi_556503834_ref_NC_000913.3_ S0C0
		Marking as insignificant: 2066156 2067357 | 1300682 1299481 | 1202 1202 | 99.5 | gi_556503834_ref_NC_000913.3_ S0C0
		Marking as insignificant: 2066156 2067357 | 1397227 1396026 | 1202 1202 | 99.5 | gi_556503834_ref_NC_000913.3_ S0C0
		Marking as insignificant: 1396040 1397241 | 2067343 2066142 | 1202 1202 | 99.5 | gi_556503834_ref_NC_000913.3_ S0C0
		Marking as insignificant: 1299495 1300696 | 2067343 2066142 | 1202 1202 | 99.5 | gi_556503834_ref_NC_000913.3_ S0C0
		Marking as insignificant: 3130146 3131344 | 275135 273937 | 1199 1199 | 99.92 | gi_556503834_ref_NC_000913.3_ S0C0
		Marking as insignificant: 3130142 3131340 | 2290103 2288905 | 1199 1199 | 99.92 | gi_556503834_ref_NC_000913.3_ S0C0
		Marking as insignificant: 2288919 2290117 | 3131326 3130128 | 1199 1199 | 99.92 | gi_556503834_ref_NC_000913.3_ S0C0
		Marking as insignificant: 1299499 1300697 | 275135 273937 | 1199 1199 | 99.92 | gi_556503834_ref_NC_000913.3_ S0C0
		Marking as insignificant: 273951 275149 | 1300683 1299485 | 1199 1199 | 99.92 | gi_556503834_ref_NC_000913.3_ S0C0
		Marking as insignificant: 273951 275149 | 3131330 3130132 | 1199 1199 | 99.92 | gi_556503834_ref_NC_000913.3_ S0C0
		Marking as insignificant: 1396044 1397243 | 275135 273936 | 1200 1200 | 99.92 | gi_556503834_ref_NC_000913.3_ S0C0
		Marking as insignificant: 273950 275149 | 1397229 1396030 | 1200 1200 | 99.92 | gi_556503834_ref_NC_000913.3_ S0C0
		Marking as insignificant: 2101745 2102946 | 1397228 1396027 | 1202 1202 | 99.92 | gi_556503834_ref_NC_000913.3_ S0C0
		Marking as insignificant: 2101745 2102946 | 1300683 1299482 | 1202 1202 | 99.92 | gi_556503834_ref_NC_000913.3_ S0C0
		Marking as insignificant: 1396041 1397242 | 2102932 2101731 | 1202 1202 | 99.92 | gi_556503834_ref_NC_000913.3_ S0C0
		Marking as insignificant: 1299496 1300697 | 2102932 2101731 | 1202 1202 | 99.92 | gi_556503834_ref_NC_000913.3_ S0C0
		Marking as insignificant: 3365552 3366753 | 3131330 3130129 | 1202 1202 | 100.0 | gi_556503834_ref_NC_000913.3_ S0C0
		Marking as insignificant: 3130143 3131344 | 689034 687833 | 1202 1202 | 100.0 | gi_556503834_ref_NC_000913.3_ S0C0
		Marking as insignificant: 3130143 3131344 | 3366739 3365538 | 1202 1202 | 100.0 | gi_556503834_ref_NC_000913.3_ S0C0
		Marking as insignificant: 687847 689048 | 3131330 3130129 | 1202 1202 | 100.0 | gi_556503834_ref_NC_000913.3_ S0C0
		Marking as insignificant: 3652032 3653234 | 1397228 1396026 | 1203 1203 | 100.0 | gi_556503834_ref_NC_000913.3_ S0C0
		Marking as insignificant: 3365552 3366754 | 1397228 1396026 | 1203 1203 | 100.0 | gi_556503834_ref_NC_000913.3_ S0C0
		Marking as insignificant: 3130143 3131345 | 575774 574572 | 1203 1203 | 100.0 | gi_556503834_ref_NC_000913.3_ S0C0
		Marking as insignificant: 1396040 1397242 | 3653220 3652018 | 1203 1203 | 100.0 | gi_556503834_ref_NC_000913.3_ S0C0
		Marking as insignificant: 1396040 1397242 | 575775 574573 | 1203 1203 | 100.0 | gi_556503834_ref_NC_000913.3_ S0C0
		Marking as insignificant: 1396040 1397242 | 3366740 3365538 | 1203 1203 | 100.0 | gi_556503834_ref_NC_000913.3_ S0C0
		Marking as insignificant: 1299495 1300697 | 689035 687833 | 1203 1203 | 100.0 | gi_556503834_ref_NC_000913.3_ S0C0
		Marking as insignificant: 687847 689049 | 1300683 1299481 | 1203 1203 | 100.0 | gi_556503834_ref_NC_000913.3_ S0C0
		Marking as insignificant: 574587 575789 | 1397228 1396026 | 1203 1203 | 100.0 | gi_556503834_ref_NC_000913.3_ S0C0
		Marking as insignificant: 574586 575788 | 3131331 3130129 | 1203 1203 | 100.0 | gi_556503834_ref_NC_000913.3_ S0C0
		Marking as insignificant: 3130141 3131344 | 2102934 2101731 | 1204 1204 | 99.92 | gi_556503834_ref_NC_000913.3_ S0C0
		Marking as insignificant: 2101745 2102948 | 3131330 3130127 | 1204 1204 | 99.92 | gi_556503834_ref_NC_000913.3_ S0C0
		Marking as insignificant: 3652030 3653233 | 3131332 3130129 | 1204 1204 | 100.0 | gi_556503834_ref_NC_000913.3_ S0C0
		Marking as insignificant: 3130143 3131346 | 3653219 3652016 | 1204 1204 | 100.0 | gi_556503834_ref_NC_000913.3_ S0C0
		Marking as insignificant: 1299495 1300698 | 575775 574572 | 1204 1204 | 100.0 | gi_556503834_ref_NC_000913.3_ S0C0
		Marking as insignificant: 574586 575789 | 1300684 1299481 | 1204 1204 | 100.0 | gi_556503834_ref_NC_000913.3_ S0C0
		Marking as insignificant: 3652030 3653234 | 1300685 1299481 | 1205 1205 | 100.0 | gi_556503834_ref_NC_000913.3_ S0C0
		Marking as insignificant: 1299495 1300699 | 3653220 3652016 | 1205 1205 | 100.0 | gi_556503834_ref_NC_000913.3_ S0C0
		Marking as insignificant: 3365552 3366759 | 1300683 1299476 | 1208 1208 | 99.92 | gi_556503834_ref_NC_000913.3_ S0C0
		Marking as insignificant: 1396036 1397243 | 689039 687832 | 1208 1208 | 99.92 | gi_556503834_ref_NC_000913.3_ S0C0
		Marking as insignificant: 1299490 1300697 | 3366745 3365538 | 1208 1208 | 99.92 | gi_556503834_ref_NC_000913.3_ S0C0
		Marking as insignificant: 687846 689053 | 1397229 1396022 | 1208 1208 | 99.92 | gi_556503834_ref_NC_000913.3_ S0C0
		Marking as insignificant: 4507459 4508679 | 1470502 1469282 | 1221 1221 | 100.0 | gi_556503834_ref_NC_000913.3_ S0C0
		Marking as insignificant: 1469296 1470516 | 4508665 4507445 | 1221 1221 | 100.0 | gi_556503834_ref_NC_000913.3_ S0C0
		Marking as insignificant: 4507459 4508696 | 271747 270510 | 1238 1238 | 99.6 | gi_556503834_ref_NC_000913.3_ S0C0
		Marking as insignificant: 270524 271761 | 4508682 4507445 | 1238 1238 | 99.6 | gi_556503834_ref_NC_000913.3_ S0C0
		Marking as insignificant: 1094245 1095499 | 316469 315215 | 1255 1255 | 100.0 | gi_556503834_ref_NC_000913.3_ S0C0
		Marking as insignificant: 391709 392963 | 316469 315215 | 1255 1255 | 100.0 | gi_556503834_ref_NC_000913.3_ S0C0
		Marking as insignificant: 315229 316483 | 392949 391695 | 1255 1255 | 100.0 | gi_556503834_ref_NC_000913.3_ S0C0
		Marking as insignificant: 315229 316483 | 1095485 1094231 | 1255 1255 | 100.0 | gi_556503834_ref_NC_000913.3_ S0C0
		Marking as insignificant: 2170170 2171428 | 1095489 1094231 | 1259 1259 | 100.0 | gi_556503834_ref_NC_000913.3_ S0C0
		Marking as insignificant: 1094245 1095503 | 2171414 2170156 | 1259 1259 | 100.0 | gi_556503834_ref_NC_000913.3_ S0C0
		Marking as insignificant: 1094244 1095503 | 568021 566762 | 1260 1260 | 100.0 | gi_556503834_ref_NC_000913.3_ S0C0
		Marking as insignificant: 566776 568035 | 1095489 1094230 | 1260 1260 | 100.0 | gi_556503834_ref_NC_000913.3_ S0C0
		Marking as insignificant: 2170169 2171436 | 392954 391687 | 1268 1268 | 99.84 | gi_556503834_ref_NC_000913.3_ S0C0
		Marking as insignificant: 391701 392968 | 2171422 2170155 | 1268 1268 | 99.84 | gi_556503834_ref_NC_000913.3_ S0C0
		Marking as insignificant: 566771 568040 | 392958 391689 | 1270 1270 | 99.92 | gi_556503834_ref_NC_000913.3_ S0C0
		Marking as insignificant: 391703 392972 | 568026 566757 | 1270 1270 | 99.92 | gi_556503834_ref_NC_000913.3_ S0C0
		Marking as insignificant: 4498181 4499511 | 2070257 2068927 | 1331 1331 | 100.0 | gi_556503834_ref_NC_000913.3_ S0C0
		Marking as insignificant: 4498181 4499511 | 2997677 2996347 | 1331 1331 | 100.0 | gi_556503834_ref_NC_000913.3_ S0C0
		Marking as insignificant: 4498181 4499511 | 1469226 1467896 | 1331 1331 | 100.0 | gi_556503834_ref_NC_000913.3_ S0C0
		Marking as insignificant: 2996361 2997691 | 4499497 4498167 | 1331 1331 | 100.0 | gi_556503834_ref_NC_000913.3_ S0C0
		Marking as insignificant: 2068941 2070271 | 4499497 4498167 | 1331 1331 | 100.0 | gi_556503834_ref_NC_000913.3_ S0C0
		Marking as insignificant: 1467910 1469240 | 382576 381246 | 1331 1331 | 100.0 | gi_556503834_ref_NC_000913.3_ S0C0
		Marking as insignificant: 1467910 1469240 | 4499497 4498167 | 1331 1331 | 100.0 | gi_556503834_ref_NC_000913.3_ S0C0
		Marking as insignificant: 381260 382590 | 1469226 1467896 | 1331 1331 | 100.0 | gi_556503834_ref_NC_000913.3_ S0C0
		Marking as insignificant: 3186096 3187427 | 2070257 2068926 | 1332 1332 | 100.0 | gi_556503834_ref_NC_000913.3_ S0C0
		Marking as insignificant: 3186095 3187426 | 2997678 2996347 | 1332 1332 | 100.0 | gi_556503834_ref_NC_000913.3_ S0C0
		Marking as insignificant: 2996361 2997692 | 3187412 3186081 | 1332 1332 | 100.0 | gi_556503834_ref_NC_000913.3_ S0C0
		Marking as insignificant: 2068940 2070271 | 3187413 3186082 | 1332 1332 | 100.0 | gi_556503834_ref_NC_000913.3_ S0C0
		Marking as insignificant: 3186095 3187427 | 1469227 1467895 | 1333 1333 | 100.0 | gi_556503834_ref_NC_000913.3_ S0C0
		Marking as insignificant: 2996359 2997691 | 382578 381246 | 1333 1333 | 100.0 | gi_556503834_ref_NC_000913.3_ S0C0
		Marking as insignificant: 2068941 2070273 | 382576 381244 | 1333 1333 | 100.0 | gi_556503834_ref_NC_000913.3_ S0C0
		Marking as insignificant: 1467909 1469241 | 3187413 3186081 | 1333 1333 | 100.0 | gi_556503834_ref_NC_000913.3_ S0C0
		Marking as insignificant: 381260 382592 | 2997677 2996345 | 1333 1333 | 100.0 | gi_556503834_ref_NC_000913.3_ S0C0
		Marking as insignificant: 381258 382590 | 2070259 2068927 | 1333 1333 | 100.0 | gi_556503834_ref_NC_000913.3_ S0C0
		Marking as insignificant: 2729567 2731303 | 225347 223611 | 1737 1737 | 99.02 | gi_556503834_ref_NC_000913.3_ S0C0
		Marking as insignificant: 223625 225361 | 2731289 2729553 | 1737 1737 | 99.02 | gi_556503834_ref_NC_000913.3_ S0C0
		Marking as insignificant: 3941662 3943393 | 3428894 3427163 | 1732 1732 | 99.65 | gi_556503834_ref_NC_000913.3_ S0C0
		Marking as insignificant: 3427177 3428908 | 3943379 3941648 | 1732 1732 | 99.65 | gi_556503834_ref_NC_000913.3_ S0C0
		Marking as insignificant: 4166513 4168253 | 3428894 3427155 | 1741 1740 | 99.25 | gi_556503834_ref_NC_000913.3_ S0C0
		Marking as insignificant: 3427169 3428908 | 4168239 4166499 | 1740 1741 | 99.25 | gi_556503834_ref_NC_000913.3_ S0C0
		Marking as insignificant: 3427169 3428998 | 4209727 4207899 | 1830 1829 | 99.13 | gi_556503834_ref_NC_000913.3_ S0C0
		Marking as insignificant: 4207913 4209741 | 3428984 3427155 | 1829 1830 | 99.13 | gi_556503834_ref_NC_000913.3_ S0C0
		Marking as insignificant: 4035202 4037121 | 2731471 2729553 | 1920 1919 | 98.91 | gi_556503834_ref_NC_000913.3_ S0C0
		Marking as insignificant: 2729567 2731485 | 4037107 4035188 | 1919 1920 | 98.91 | gi_556503834_ref_NC_000913.3_ S0C0
		Marking as insignificant: 1632528 1635088 | 1434754 1432194 | 2561 2561 | 98.91 | gi_556503834_ref_NC_000913.3_ S0C0
		Marking as insignificant: 1432208 1434768 | 1635074 1632514 | 2561 2561 | 98.91 | gi_556503834_ref_NC_000913.3_ S0C0
		Marking as insignificant: 225637 228882 | 2729283 2726048 | 3246 3236 | 99.08 | gi_556503834_ref_NC_000913.3_ S0C0
		Marking as insignificant: 4209921 4213165 | 3426882 3423648 | 3245 3235 | 99.14 | gi_556503834_ref_NC_000913.3_ S0C0
		Marking as insignificant: 4037397 4040653 | 2729283 2726038 | 3257 3246 | 98.83 | gi_556503834_ref_NC_000913.3_ S0C0
		Marking as insignificant: 4168519 4171761 | 3426882 3423649 | 3243 3234 | 99.26 | gi_556503834_ref_NC_000913.3_ S0C0
		Marking as insignificant: 3943582 3946829 | 3426882 3423644 | 3248 3239 | 99.14 | gi_556503834_ref_NC_000913.3_ S0C0
		Marking as insignificant: 2726062 2729297 | 228868 225623 | 3236 3246 | 99.08 | gi_556503834_ref_NC_000913.3_ S0C0
		Marking as insignificant: 3423662 3426896 | 4213151 4209907 | 3235 3245 | 99.14 | gi_556503834_ref_NC_000913.3_ S0C0
		Marking as insignificant: 2726052 2729297 | 4040639 4037383 | 3246 3257 | 98.83 | gi_556503834_ref_NC_000913.3_ S0C0
		Marking as insignificant: 3423663 3426896 | 4171747 4168505 | 3234 3243 | 99.26 | gi_556503834_ref_NC_000913.3_ S0C0
		Marking as insignificant: 3423658 3426896 | 3946815 3943568 | 3239 3248 | 99.14 | gi_556503834_ref_NC_000913.3_ S0C0
		Marking as insignificant: 2726062 2731303 | 4213152 4207987 | 5242 5166 | 97.53 | gi_556503834_ref_NC_000913.3_ S0C0
		Marking as insignificant: 4208001 4213166 | 2731289 2726048 | 5166 5242 | 97.53 | gi_556503834_ref_NC_000913.3_ S0C0
		Marking as insignificant: 2726062 2731485 | 3946812 3941465 | 5424 5348 | 97.15 | gi_556503834_ref_NC_000913.3_ S0C0
		Marking as insignificant: 4035385 4040641 | 3428894 3423649 | 5257 5246 | 99.2 | gi_556503834_ref_NC_000913.3_ S0C0
		Marking as insignificant: 3423663 3428908 | 4040627 4035371 | 5246 5257 | 99.2 | gi_556503834_ref_NC_000913.3_ S0C0
		Marking as insignificant: 3941479 3946826 | 2731471 2726048 | 5348 5424 | 97.15 | gi_556503834_ref_NC_000913.3_ S0C0
		Marking as insignificant: 223535 228885 | 3428984 3423644 | 5351 5341 | 99.12 | gi_556503834_ref_NC_000913.3_ S0C0
		Marking as insignificant: 3423658 3428998 | 228871 223521 | 5341 5351 | 99.12 | gi_556503834_ref_NC_000913.3_ S0C0
		Marking as insignificant: 4166330 4171773 | 2731471 2726038 | 5444 5434 | 99.08 | gi_556503834_ref_NC_000913.3_ S0C0
		Marking as insignificant: 2726052 2731485 | 4171759 4166316 | 5434 5444 | 99.08 | gi_556503834_ref_NC_000913.3_ S0C0
		One align captures most of this contig: 15 4641652 | 1 4641638 | 4641638 4641638 | 100.0 | gi_556503834_ref_NC_000913.3_ S0C0

Analyzing coverage...
Writing SNPs into /net/metagenomics/projects/afritz_assemblies/Simpipeline_Coverage_Sweep/050_error/Ecoli_cov64/quast_gsa/contigs_reports/nucmer_output/anonymous_gsa.used_snps
	Reference gi_556503834_ref_NC_000913.3_: 1 total alignments. 1 total regions.
		Region: 1 to 4641652 (4641652 bp)
			START in gap: 1 to 15 (14 bp)
			Align 1: 15 4641652 S0C0 1 4641638
			END in current alignment.  Modifying 4641652 to 4641652.

Analysis is finished!
Founded SNPs were written into /net/metagenomics/projects/afritz_assemblies/Simpipeline_Coverage_Sweep/050_error/Ecoli_cov64/quast_gsa/contigs_reports/nucmer_output/anonymous_gsa.used_snps

Results:
	Local Misassemblies: 0
	Misassemblies: 0
		Relocations: 0
		Translocations: 0
		Inversions: 0
	Misassembled Contigs: 0
	Misassembled Contig Bases: 0
	Misassemblies Inter-Contig Overlap: 0
Uncovered Regions: 0 (0)
Unaligned Contigs: 0 + 0 part
Partially Unaligned Contigs with Misassemblies: 0
Unaligned Contig Bases: 0

Ambiguously Mapped Contigs: 0
Total Bases in Ambiguously Mapped Contigs: 0
Note that --allow-ambiguity option was set to "one" and only first alignment per each contig was used.

	Covered Bases: 4641638

	SNPs: 0
	Insertions: 0
	Deletions: 0

	Positive Gaps: 1
		Internal Gaps:  0
		External Gaps:  1
		External Gap Total:  14
		External Gap Average: 14
	Negative Gaps: 0
		Internal Overlaps:  0
		External Overlaps:  0
		External Overlaps Total:  0
		External Overlaps Average: 0
	Contigs with Redundant Alignments: 0 (0)
