Aligning contigs to reference...
	Running Nucmer
Parsing coords...
Loading reference...
	Loaded [Ecoli_0920_Taxon005_]
Loading SNPs...
Loading regions...
	No regions given, using whole reference.
	Total Regions: 1
	Total Region Length: 4641652
Analyzing contigs...
CONTIG: NODE_277_length_1389_cov_99.3876_ID_507628 (1389bp)
Top Length: 935  Top ID: 95.19
		This contig is partially unaligned. (Aligned 935 out of 1389 bases)
		Alignment: 3284059 3284993 | 938 4 | 935 935 | 95.19 | Ecoli_0920_Taxon005_ NODE_277_length_1389_cov_99.3876_ID_507628
		Unaligned bases: 1 to 3 (3)
		Unaligned bases: 939 to 1389 (451)

CONTIG: NODE_337_length_529_cov_30.6941_ID_496896 (529bp)
Top Length: 523  Top ID: 95.79
		One align captures most of this contig: 1159866 1160388 | 523 1 | 523 523 | 95.79 | Ecoli_0920_Taxon005_ NODE_337_length_529_cov_30.6941_ID_496896

Analyzing coverage...
Writing SNPs into /net/metagenomics/projects/afritz_assemblies/Similarity_Experiment/Ecoli_OneTree/metaquast_consensus_spades/Ecoli_0975/runs_per_reference/Ecoli_0920/contigs_reports/nucmer_output/scaffolds.used_snps
	Reference Ecoli_0920_Taxon005_: 2 total alignments. 1 total regions.
		Region: 1 to 4641652 (4641652 bp)
			START in gap: 1 to 1159866 (1159865 bp)
			Align 1: 1159866 1160388 NODE_337_length_529_cov_30.6941_ID_496896 523 1
				Gap between this and next alignment: 1160388 to 3284059 (2123670 bp)
				Next Alignment: 3284059 3284993 NODE_277_length_1389_cov_99.3876_ID_507628 938 4

			Align 2: 3284059 3284993 NODE_277_length_1389_cov_99.3876_ID_507628 938 4
			END in gap: 3284993 to 4641652 (1356659 bp)

Analysis is finished!
Founded SNPs were written into /net/metagenomics/projects/afritz_assemblies/Similarity_Experiment/Ecoli_OneTree/metaquast_consensus_spades/Ecoli_0975/runs_per_reference/Ecoli_0920/contigs_reports/nucmer_output/scaffolds.used_snps

Results:
	Local Misassemblies: 0
	Misassemblies: 0
		Relocations: 0
		Translocations: 0
		Inversions: 0
	Misassembled Contigs: 0
	Misassembled Contig Bases: 0
	Misassemblies Inter-Contig Overlap: 0
Uncovered Regions: 0 (0)
Unaligned Contigs: 0 + 1 part
Partially Unaligned Contigs with Misassemblies: 0
Unaligned Contig Bases: 454

Ambiguously Mapped Contigs: 0
Total Bases in Ambiguously Mapped Contigs: 0
Note that --allow-ambiguity option was set to "one" and only first alignment per each contig was used.

	Covered Bases: 1458

	SNPs: 67
	Insertions: 0
	Deletions: 0

	Positive Gaps: 3
		Internal Gaps:  0
		External Gaps:  3
		External Gap Total:  4640194
		External Gap Average: 1546731
	Negative Gaps: 0
		Internal Overlaps:  0
		External Overlaps:  0
		External Overlaps Total:  0
		External Overlaps Average: 0
	Contigs with Redundant Alignments: 0 (0)
