/home/afritz/bin/quast-3.2/quast.pyc --meta  --combined-ref  --ambiguity-usage one -R /net/metagenomics/projects/afritz_assemblies/Similarity_Experiment/Ecoli_OneTree/metaquast_strain_spades/Ecoli_0945/quast_corrected_input/combined_reference.fasta -o /net/metagenomics/projects/afritz_assemblies/Similarity_Experiment/Ecoli_OneTree/metaquast_strain_spades/Ecoli_0945/combined_reference --labels scaffolds /net/metagenomics/projects/afritz_assemblies/Similarity_Experiment/Ecoli_OneTree/Ecoli_0945_spades/scaffolds.fasta

Started: 2016-05-09 09:41:08

Logging to /net/metagenomics/projects/afritz_assemblies/Similarity_Experiment/Ecoli_OneTree/metaquast_strain_spades/Ecoli_0945/combined_reference/quast.log

NOTICE: Maximum number of threads is set to 15 (use --threads option to set it manually)

Main parameters: 
  Threads: 15, meta: true, minimum contig length: 500, ambiguity: one, threshold for extensive misassembly size: 1000

Reference:
  /net/metagenomics/projects/afritz_assemblies/Similarity_Experiment/Ecoli_OneTree/metaquast_strain_spades/Ecoli_0945/quast_corrected_input/combined_reference.fasta ==> combined_reference

Contigs:
  /net/metagenomics/projects/afritz_assemblies/Similarity_Experiment/Ecoli_OneTree/Ecoli_0945_spades/scaffolds.fasta ==> scaffolds

2016-05-09 09:41:14
Running Basic statistics processor...
  Reference genome:
    combined_reference.fasta__1, Reference length = 9283304, Reference GC % = 50.78
  Contig files: 
    scaffolds
  Calculating N50 and L50...
    scaffolds, N50 = 132337, L50 = 19, Total length = 9033467, GC % = 50.78, # N's per 100 kbp =  0.00
  Drawing Nx plot...
    saved to /net/metagenomics/projects/afritz_assemblies/Similarity_Experiment/Ecoli_OneTree/metaquast_strain_spades/Ecoli_0945/combined_reference/basic_stats/Nx_plot.pdf
  Drawing cumulative plot...
    saved to /net/metagenomics/projects/afritz_assemblies/Similarity_Experiment/Ecoli_OneTree/metaquast_strain_spades/Ecoli_0945/combined_reference/basic_stats/cumulative_plot.pdf
Done.

2016-05-09 09:41:16
Running Contig analyzer...
  scaffolds
  Logging to files /net/metagenomics/projects/afritz_assemblies/Similarity_Experiment/Ecoli_OneTree/metaquast_strain_spades/Ecoli_0945/combined_reference/contigs_reports/contigs_report_scaffolds.stdout and contigs_report_scaffolds.stderr...
  Running Nucmer
  libs/MUMmer3.23-linux/nucmer -c 65 -l 65 --maxmatch -p /net/metagenomics/projects/afritz_assemblies/Similarity_Experiment/Ecoli_OneTree/metaquast_strain_spades/Ecoli_0945/combined_reference/contigs_reports/nucmer_output/scaffolds \
  /net/metagenomics/projects/afritz_assemblies/Similarity_Experiment/Ecoli_OneTree/metaquast_strain_spades/Ecoli_0945/combined_reference/../quast_corrected_input/combined_reference.fasta__1 \
  /net/metagenomics/projects/afritz_assemblies/Similarity_Experiment/Ecoli_OneTree/metaquast_strain_spades/Ecoli_0945/combined_reference/../quast_corrected_input/scaffolds.fasta \
  >> /net/metagenomics/projects/afritz_assemblies/Similarity_Experiment/Ecoli_OneTree/metaquast_strain_spades/Ecoli_0945/combined_reference/contigs_reports/contigs_report_scaffolds.stdout \
  2>> /net/metagenomics/projects/afritz_assemblies/Similarity_Experiment/Ecoli_OneTree/metaquast_strain_spades/Ecoli_0945/combined_reference/contigs_reports/contigs_report_scaffolds.stderr
  libs/MUMmer3.23-linux/delta-filter -i 95 -l 0 /net/metagenomics/projects/afritz_assemblies/Similarity_Experiment/Ecoli_OneTree/metaquast_strain_spades/Ecoli_0945/combined_reference/contigs_reports/nucmer_output/scaffolds.delta \
  > /net/metagenomics/projects/afritz_assemblies/Similarity_Experiment/Ecoli_OneTree/metaquast_strain_spades/Ecoli_0945/combined_reference/contigs_reports/nucmer_output/scaffolds.fdelta \
  2> /net/metagenomics/projects/afritz_assemblies/Similarity_Experiment/Ecoli_OneTree/metaquast_strain_spades/Ecoli_0945/combined_reference/contigs_reports/contigs_report_scaffolds.stderr
  libs/MUMmer3.23-linux/show-coords /net/metagenomics/projects/afritz_assemblies/Similarity_Experiment/Ecoli_OneTree/metaquast_strain_spades/Ecoli_0945/combined_reference/contigs_reports/nucmer_output/scaffolds.delta \
  > /net/metagenomics/projects/afritz_assemblies/Similarity_Experiment/Ecoli_OneTree/metaquast_strain_spades/Ecoli_0945/combined_reference/contigs_reports/nucmer_output/scaffolds.coords_tmp \
  2> /net/metagenomics/projects/afritz_assemblies/Similarity_Experiment/Ecoli_OneTree/metaquast_strain_spades/Ecoli_0945/combined_reference/contigs_reports/contigs_report_scaffolds.stderr
  libs/MUMmer3.23-linux/show-snps -S -T -H /net/metagenomics/projects/afritz_assemblies/Similarity_Experiment/Ecoli_OneTree/metaquast_strain_spades/Ecoli_0945/combined_reference/contigs_reports/nucmer_output/scaffolds.delta \
  < /net/metagenomics/projects/afritz_assemblies/Similarity_Experiment/Ecoli_OneTree/metaquast_strain_spades/Ecoli_0945/combined_reference/contigs_reports/nucmer_output/scaffolds.coords.headless \
  > /net/metagenomics/projects/afritz_assemblies/Similarity_Experiment/Ecoli_OneTree/metaquast_strain_spades/Ecoli_0945/combined_reference/contigs_reports/nucmer_output/scaffolds.all_snps \
  2> /net/metagenomics/projects/afritz_assemblies/Similarity_Experiment/Ecoli_OneTree/metaquast_strain_spades/Ecoli_0945/combined_reference/contigs_reports/contigs_report_scaffolds.stderr
  Alignments: ../../../../net/metagenomics/projects/afritz_assemblies/Similarity_Experiment/Ecoli_OneTree/metaquast_strain_spades/Ecoli_0945/combined_reference/contigs_reports/alignments_scaffolds.tsv
  Analysis is finished.

  Information about interspecies translocations by references is saved to /net/metagenomics/projects/afritz_assemblies/Similarity_Experiment/Ecoli_OneTree/metaquast_strain_spades/Ecoli_0945/combined_reference/contigs_reports/interspecies_translocations_by_refs_scaffolds.info
  Creating total report...
    saved to /net/metagenomics/projects/afritz_assemblies/Similarity_Experiment/Ecoli_OneTree/metaquast_strain_spades/Ecoli_0945/combined_reference/contigs_reports/misassemblies_report.txt, misassemblies_report.tsv, and misassemblies_report.tex
  Transposed version of total report...
    saved to /net/metagenomics/projects/afritz_assemblies/Similarity_Experiment/Ecoli_OneTree/metaquast_strain_spades/Ecoli_0945/combined_reference/contigs_reports/transposed_report_misassemblies.txt, transposed_report_misassemblies.tsv, and transposed_report_misassemblies.tex
  Creating total report...
    saved to /net/metagenomics/projects/afritz_assemblies/Similarity_Experiment/Ecoli_OneTree/metaquast_strain_spades/Ecoli_0945/combined_reference/contigs_reports/unaligned_report.txt, unaligned_report.tsv, and unaligned_report.tex
  Drawing misassemblies by types plot...
    saved to /net/metagenomics/projects/afritz_assemblies/Similarity_Experiment/Ecoli_OneTree/metaquast_strain_spades/Ecoli_0945/combined_reference/contigs_reports/misassemblies_plot.pdf
Done.

2016-05-09 10:08:22
Running NA-NGA calculation...
  scaffolds, Largest alignment = 527156, NA50 = 61543, LA50 = 33
  Drawing cumulative plot...
    saved to /net/metagenomics/projects/afritz_assemblies/Similarity_Experiment/Ecoli_OneTree/metaquast_strain_spades/Ecoli_0945/combined_reference/aligned_stats/cumulative_plot.pdf
  Drawing NAx plot...
    saved to /net/metagenomics/projects/afritz_assemblies/Similarity_Experiment/Ecoli_OneTree/metaquast_strain_spades/Ecoli_0945/combined_reference/aligned_stats/NAx_plot.pdf
Done.

2016-05-09 10:08:25
Running Genome analyzer...
  NOTICE: No file with genes provided. Use the -G option if you want to specify it.
  NOTICE: No file with operons provided. Use the -O option if you want to specify it.
  scaffolds
  Analysis is finished.
  Skipping drawing Genome fraction, % histogram... (less than 2 columns histogram makes no sense)
Done.

NOTICE: Genes are not predicted by default. Use --gene-finding option to enable it.

2016-05-09 10:08:29
Drawing large plots...
This may take a while: press Ctrl-C to skip this step..
  1 of 2: Creating contig alignment plot...
  2 of 2: Creating PDF with all tables and plots...
Done

2016-05-09 10:08:31
RESULTS:
  Text versions of total report are saved to /net/metagenomics/projects/afritz_assemblies/Similarity_Experiment/Ecoli_OneTree/metaquast_strain_spades/Ecoli_0945/combined_reference/report.txt, report.tsv, and report.tex
  Text versions of transposed total report are saved to /net/metagenomics/projects/afritz_assemblies/Similarity_Experiment/Ecoli_OneTree/metaquast_strain_spades/Ecoli_0945/combined_reference/transposed_report.txt, transposed_report.tsv, and transposed_report.tex
  HTML version (interactive tables and plots) saved to /net/metagenomics/projects/afritz_assemblies/Similarity_Experiment/Ecoli_OneTree/metaquast_strain_spades/Ecoli_0945/combined_reference/report.html
  PDF version (tables and plots) saved to /net/metagenomics/projects/afritz_assemblies/Similarity_Experiment/Ecoli_OneTree/metaquast_strain_spades/Ecoli_0945/combined_reference/report.pdf
  Contig alignment plot: /net/metagenomics/projects/afritz_assemblies/Similarity_Experiment/Ecoli_OneTree/metaquast_strain_spades/Ecoli_0945/combined_reference/alignment.svg
