/home/afritz/bin/quast-3.2/quast.pyc --meta  --combined-ref  --ambiguity-usage one -R /net/sgi/metagenomics/data/salmonella_similarity_art/quast_patched/Salmonella_0914/quast_corrected_input/combined_reference.fasta -o /net/sgi/metagenomics/data/salmonella_similarity_art/quast_patched/Salmonella_0914/combined_reference --labels final.contigs /net/sgi/metagenomics/data/salmonella_similarity_art/assemblies/Salmonella_0914/final.contigs.fa

Started: 2017-06-22 14:05:21

Logging to /net/sgi/metagenomics/data/salmonella_similarity_art/quast_patched/Salmonella_0914/combined_reference/quast.log

NOTICE: Maximum number of threads is set to 8 (use --threads option to set it manually)

Main parameters: 
  Threads: 8, meta: true, minimum contig length: 500, ambiguity: one, threshold for extensive misassembly size: 1000

Reference:
  /net/sgi/metagenomics/data/salmonella_similarity_art/quast_patched/Salmonella_0914/quast_corrected_input/combined_reference.fasta ==> combined_reference

Contigs:
  /net/sgi/metagenomics/data/salmonella_similarity_art/assemblies/Salmonella_0914/final.contigs.fa ==> final.contigs

2017-06-22 14:05:24
Running Basic statistics processor...
  Reference genome:
    combined_reference.fasta__1, Reference length = 9714864, Reference GC % = 52.22
  Contig files: 
    final.contigs
  Calculating N50 and L50...
    final.contigs, N50 = 1052, L50 = 2668, Total length = 8325679, GC % = 52.19, # N's per 100 kbp =  0.00
  Drawing Nx plot...
    saved to /net/sgi/metagenomics/data/salmonella_similarity_art/quast_patched/Salmonella_0914/combined_reference/basic_stats/Nx_plot.pdf
  Drawing cumulative plot...
    saved to /net/sgi/metagenomics/data/salmonella_similarity_art/quast_patched/Salmonella_0914/combined_reference/basic_stats/cumulative_plot.pdf
Done.

2017-06-22 14:05:27
Running Contig analyzer...
  final.contigs
  Logging to files /net/sgi/metagenomics/data/salmonella_similarity_art/quast_patched/Salmonella_0914/combined_reference/contigs_reports/contigs_report_final.contigs.stdout and contigs_report_final.contigs.stderr...
  Running Nucmer
  libs/MUMmer3.23-linux/nucmer -c 65 -l 65 --maxmatch -p /net/sgi/metagenomics/data/salmonella_similarity_art/quast_patched/Salmonella_0914/combined_reference/contigs_reports/nucmer_output/final.contigs \
  /net/sgi/metagenomics/data/salmonella_similarity_art/quast_patched/Salmonella_0914/combined_reference/../quast_corrected_input/combined_reference.fasta__1 \
  /net/sgi/metagenomics/data/salmonella_similarity_art/quast_patched/Salmonella_0914/combined_reference/../quast_corrected_input/final.contigs.fa \
  >> /net/sgi/metagenomics/data/salmonella_similarity_art/quast_patched/Salmonella_0914/combined_reference/contigs_reports/contigs_report_final.contigs.stdout \
  2>> /net/sgi/metagenomics/data/salmonella_similarity_art/quast_patched/Salmonella_0914/combined_reference/contigs_reports/contigs_report_final.contigs.stderr
  libs/MUMmer3.23-linux/delta-filter -i 95 -l 0 /net/sgi/metagenomics/data/salmonella_similarity_art/quast_patched/Salmonella_0914/combined_reference/contigs_reports/nucmer_output/final.contigs.delta \
  > /net/sgi/metagenomics/data/salmonella_similarity_art/quast_patched/Salmonella_0914/combined_reference/contigs_reports/nucmer_output/final.contigs.fdelta \
  2> /net/sgi/metagenomics/data/salmonella_similarity_art/quast_patched/Salmonella_0914/combined_reference/contigs_reports/contigs_report_final.contigs.stderr
  libs/MUMmer3.23-linux/show-coords /net/sgi/metagenomics/data/salmonella_similarity_art/quast_patched/Salmonella_0914/combined_reference/contigs_reports/nucmer_output/final.contigs.delta \
  > /net/sgi/metagenomics/data/salmonella_similarity_art/quast_patched/Salmonella_0914/combined_reference/contigs_reports/nucmer_output/final.contigs.coords_tmp \
  2> /net/sgi/metagenomics/data/salmonella_similarity_art/quast_patched/Salmonella_0914/combined_reference/contigs_reports/contigs_report_final.contigs.stderr
  libs/MUMmer3.23-linux/show-snps -S -T -H /net/sgi/metagenomics/data/salmonella_similarity_art/quast_patched/Salmonella_0914/combined_reference/contigs_reports/nucmer_output/final.contigs.delta \
  < /net/sgi/metagenomics/data/salmonella_similarity_art/quast_patched/Salmonella_0914/combined_reference/contigs_reports/nucmer_output/final.contigs.coords.headless \
  > /net/sgi/metagenomics/data/salmonella_similarity_art/quast_patched/Salmonella_0914/combined_reference/contigs_reports/nucmer_output/final.contigs.all_snps \
  2> /net/sgi/metagenomics/data/salmonella_similarity_art/quast_patched/Salmonella_0914/combined_reference/contigs_reports/contigs_report_final.contigs.stderr
  Alignments: ../../../../net/sgi/metagenomics/data/salmonella_similarity_art/quast_patched/Salmonella_0914/combined_reference/contigs_reports/alignments_final.contigs.tsv
  Analysis is finished.

  Information about interspecies translocations by references is saved to /net/sgi/metagenomics/data/salmonella_similarity_art/quast_patched/Salmonella_0914/combined_reference/contigs_reports/interspecies_translocations_by_refs_final.contigs.info
  Creating total report...
    saved to /net/sgi/metagenomics/data/salmonella_similarity_art/quast_patched/Salmonella_0914/combined_reference/contigs_reports/misassemblies_report.txt, misassemblies_report.tsv, and misassemblies_report.tex
  Transposed version of total report...
    saved to /net/sgi/metagenomics/data/salmonella_similarity_art/quast_patched/Salmonella_0914/combined_reference/contigs_reports/transposed_report_misassemblies.txt, transposed_report_misassemblies.tsv, and transposed_report_misassemblies.tex
  Creating total report...
    saved to /net/sgi/metagenomics/data/salmonella_similarity_art/quast_patched/Salmonella_0914/combined_reference/contigs_reports/unaligned_report.txt, unaligned_report.tsv, and unaligned_report.tex
  Drawing misassemblies by types plot...
    saved to /net/sgi/metagenomics/data/salmonella_similarity_art/quast_patched/Salmonella_0914/combined_reference/contigs_reports/misassemblies_plot.pdf
Done.

2017-06-22 14:09:12
Running NA-NGA calculation...
  final.contigs, Largest alignment = 4818, NA50 = 1052, LA50 = 2668
  Drawing cumulative plot...
    saved to /net/sgi/metagenomics/data/salmonella_similarity_art/quast_patched/Salmonella_0914/combined_reference/aligned_stats/cumulative_plot.pdf
  Drawing NAx plot...
    saved to /net/sgi/metagenomics/data/salmonella_similarity_art/quast_patched/Salmonella_0914/combined_reference/aligned_stats/NAx_plot.pdf
Done.

2017-06-22 14:09:13
Running Genome analyzer...
  NOTICE: No file with genes provided. Use the -G option if you want to specify it.
  NOTICE: No file with operons provided. Use the -O option if you want to specify it.
  final.contigs
  Analysis is finished.
  Skipping drawing Genome fraction, % histogram... (less than 2 columns histogram makes no sense)
Done.

NOTICE: Genes are not predicted by default. Use --gene-finding option to enable it.

2017-06-22 14:09:20
Drawing large plots...
This may take a while: press Ctrl-C to skip this step..
  1 of 2: Creating contig alignment plot...
  2 of 2: Creating PDF with all tables and plots...
Done

2017-06-22 14:09:47
RESULTS:
  Text versions of total report are saved to /net/sgi/metagenomics/data/salmonella_similarity_art/quast_patched/Salmonella_0914/combined_reference/report.txt, report.tsv, and report.tex
  Text versions of transposed total report are saved to /net/sgi/metagenomics/data/salmonella_similarity_art/quast_patched/Salmonella_0914/combined_reference/transposed_report.txt, transposed_report.tsv, and transposed_report.tex
  HTML version (interactive tables and plots) saved to /net/sgi/metagenomics/data/salmonella_similarity_art/quast_patched/Salmonella_0914/combined_reference/report.html
  PDF version (tables and plots) saved to /net/sgi/metagenomics/data/salmonella_similarity_art/quast_patched/Salmonella_0914/combined_reference/report.pdf
  Contig alignment plot: /net/sgi/metagenomics/data/salmonella_similarity_art/quast_patched/Salmonella_0914/combined_reference/alignment.svg
