Aligning contigs to reference...
	Running Nucmer
Parsing coords...
Loading reference...
	Loaded [gi_556503834_ref_NC_000913.3_]
Loading SNPs...
Loading regions...
	No regions given, using whole reference.
	Total Regions: 1
	Total Region Length: 4641652
Analyzing contigs...
CONTIG: k99_14_flag_1_multi_1.0000_len_543 (543bp)
Top Length: 542  Top ID: 96.68
		One align captures most of this contig: 1413904 1414445 | 542 1 | 542 542 | 96.68 | gi_556503834_ref_NC_000913.3_ k99_14_flag_1_multi_1.0000_len_543

CONTIG: k99_15_flag_1_multi_1.0000_len_633 (633bp)
		This contig is unaligned. (633 bp)
		Unaligned bases: 633  total: 633

CONTIG: k99_33_flag_1_multi_1.0000_len_561 (561bp)
		This contig is unaligned. (561 bp)
		Unaligned bases: 561  total: 1194

CONTIG: k99_52_flag_1_multi_1.0000_len_976 (976bp)
Top Length: 976  Top ID: 96.31
		One align captures most of this contig: 3506465 3507440 | 976 1 | 976 976 | 96.31 | gi_556503834_ref_NC_000913.3_ k99_52_flag_1_multi_1.0000_len_976

CONTIG: k99_56_flag_1_multi_1.0000_len_502 (502bp)
Top Length: 500  Top ID: 96.0
		One align captures most of this contig: 1946017 1946516 | 3 502 | 500 500 | 96.0 | gi_556503834_ref_NC_000913.3_ k99_56_flag_1_multi_1.0000_len_502

CONTIG: k99_79_flag_1_multi_2.0000_len_710 (710bp)
Top Length: 710  Top ID: 97.46
		One align captures most of this contig: 3797097 3797806 | 710 1 | 710 710 | 97.46 | gi_556503834_ref_NC_000913.3_ k99_79_flag_1_multi_2.0000_len_710

CONTIG: k99_81_flag_1_multi_1.0000_len_591 (591bp)
Top Length: 588  Top ID: 95.58
		One align captures most of this contig: 1421517 1422104 | 1 588 | 588 588 | 95.58 | gi_556503834_ref_NC_000913.3_ k99_81_flag_1_multi_1.0000_len_591

CONTIG: k99_93_flag_1_multi_1.0000_len_604 (604bp)
Top Length: 604  Top ID: 95.36
		One align captures most of this contig: 2339621 2340224 | 1 604 | 604 604 | 95.36 | gi_556503834_ref_NC_000913.3_ k99_93_flag_1_multi_1.0000_len_604

CONTIG: k99_95_flag_1_multi_1.0000_len_827 (827bp)
Top Length: 827  Top ID: 96.61
		One align captures most of this contig: 1160597 1161423 | 1 827 | 827 827 | 96.61 | gi_556503834_ref_NC_000913.3_ k99_95_flag_1_multi_1.0000_len_827

CONTIG: k99_109_flag_1_multi_1.0000_len_565 (565bp)
Top Length: 565  Top ID: 96.46
		One align captures most of this contig: 3844430 3844994 | 565 1 | 565 565 | 96.46 | gi_556503834_ref_NC_000913.3_ k99_109_flag_1_multi_1.0000_len_565

CONTIG: k99_110_flag_1_multi_1.0000_len_613 (613bp)
Top Length: 613  Top ID: 96.57
		One align captures most of this contig: 2830005 2830617 | 1 613 | 613 613 | 96.57 | gi_556503834_ref_NC_000913.3_ k99_110_flag_1_multi_1.0000_len_613

CONTIG: k99_130_flag_1_multi_1.0000_len_520 (520bp)
Top Length: 518  Top ID: 95.56
		One align captures most of this contig: 2887315 2887832 | 518 1 | 518 518 | 95.56 | gi_556503834_ref_NC_000913.3_ k99_130_flag_1_multi_1.0000_len_520

CONTIG: k99_146_flag_1_multi_1.0000_len_506 (506bp)
Top Length: 506  Top ID: 96.84
		One align captures most of this contig: 2139234 2139739 | 1 506 | 506 506 | 96.84 | gi_556503834_ref_NC_000913.3_ k99_146_flag_1_multi_1.0000_len_506

CONTIG: k99_148_flag_1_multi_1.0000_len_717 (717bp)
		This contig is unaligned. (717 bp)
		Unaligned bases: 717  total: 1911

CONTIG: k99_167_flag_1_multi_1.0000_len_520 (520bp)
		This contig is unaligned. (520 bp)
		Unaligned bases: 520  total: 2431

CONTIG: k99_168_flag_1_multi_2.0000_len_649 (649bp)
Top Length: 649  Top ID: 98.15
		One align captures most of this contig: 1872498 1873146 | 1 649 | 649 649 | 98.15 | gi_556503834_ref_NC_000913.3_ k99_168_flag_1_multi_2.0000_len_649

CONTIG: k99_169_flag_1_multi_1.0000_len_611 (611bp)
Top Length: 611  Top ID: 96.89
		One align captures most of this contig: 3260830 3261440 | 1 611 | 611 611 | 96.89 | gi_556503834_ref_NC_000913.3_ k99_169_flag_1_multi_1.0000_len_611

CONTIG: k99_177_flag_1_multi_1.0000_len_683 (683bp)
Top Length: 683  Top ID: 96.34
		Marking as insignificant: 3666176 3666636 | 461 1 | 461 461 | 95.88 | gi_556503834_ref_NC_000913.3_ k99_177_flag_1_multi_1.0000_len_683
		One align captures most of this contig: 1570419 1571101 | 683 1 | 683 683 | 96.34 | gi_556503834_ref_NC_000913.3_ k99_177_flag_1_multi_1.0000_len_683

CONTIG: k99_184_flag_1_multi_2.0000_len_547 (547bp)
Top Length: 547  Top ID: 97.26
		One align captures most of this contig: 1018076 1018622 | 547 1 | 547 547 | 97.26 | gi_556503834_ref_NC_000913.3_ k99_184_flag_1_multi_2.0000_len_547

CONTIG: k99_189_flag_1_multi_1.0000_len_582 (582bp)
Top Length: 582  Top ID: 95.7
		One align captures most of this contig: 1201571 1202152 | 582 1 | 582 582 | 95.7 | gi_556503834_ref_NC_000913.3_ k99_189_flag_1_multi_1.0000_len_582

CONTIG: k99_201_flag_1_multi_1.0000_len_600 (600bp)
Top Length: 600  Top ID: 96.5
		One align captures most of this contig: 3489438 3490037 | 1 600 | 600 600 | 96.5 | gi_556503834_ref_NC_000913.3_ k99_201_flag_1_multi_1.0000_len_600

CONTIG: k99_206_flag_1_multi_1.0000_len_644 (644bp)
Top Length: 644  Top ID: 95.81
		One align captures most of this contig: 2816928 2817571 | 1 644 | 644 644 | 95.81 | gi_556503834_ref_NC_000913.3_ k99_206_flag_1_multi_1.0000_len_644

CONTIG: k99_208_flag_1_multi_1.0000_len_537 (537bp)
Top Length: 537  Top ID: 95.16
		One align captures most of this contig: 489436 489972 | 537 1 | 537 537 | 95.16 | gi_556503834_ref_NC_000913.3_ k99_208_flag_1_multi_1.0000_len_537

CONTIG: k99_217_flag_1_multi_2.0000_len_569 (569bp)
Top Length: 569  Top ID: 95.61
		One align captures most of this contig: 1444358 1444926 | 1 569 | 569 569 | 95.61 | gi_556503834_ref_NC_000913.3_ k99_217_flag_1_multi_2.0000_len_569

CONTIG: k99_224_flag_1_multi_1.0000_len_512 (512bp)
		This contig is unaligned. (512 bp)
		Unaligned bases: 512  total: 2943

CONTIG: k99_225_flag_1_multi_1.0000_len_563 (563bp)
Top Length: 563  Top ID: 95.38
		One align captures most of this contig: 389197 389759 | 1 563 | 563 563 | 95.38 | gi_556503834_ref_NC_000913.3_ k99_225_flag_1_multi_1.0000_len_563

CONTIG: k99_238_flag_1_multi_2.0000_len_670 (670bp)
Top Length: 670  Top ID: 95.82
		One align captures most of this contig: 2301513 2302182 | 1 670 | 670 670 | 95.82 | gi_556503834_ref_NC_000913.3_ k99_238_flag_1_multi_2.0000_len_670

CONTIG: k99_243_flag_1_multi_2.0000_len_600 (600bp)
Top Length: 600  Top ID: 96.5
		Marking as insignificant: 3423418 3423548 | 449 319 | 131 131 | 97.71 | gi_556503834_ref_NC_000913.3_ k99_243_flag_1_multi_2.0000_len_600
		Marking as insignificant: 4171314 4171761 | 1 449 | 448 449 | 96.21 | gi_556503834_ref_NC_000913.3_ k99_243_flag_1_multi_2.0000_len_600
		Marking as insignificant: 2726063 2726511 | 450 1 | 449 450 | 96.44 | gi_556503834_ref_NC_000913.3_ k99_243_flag_1_multi_2.0000_len_600
		Marking as insignificant: 4040193 4040641 | 1 449 | 449 449 | 96.88 | gi_556503834_ref_NC_000913.3_ k99_243_flag_1_multi_2.0000_len_600
		Marking as insignificant: 4212716 4213165 | 1 450 | 450 450 | 97.11 | gi_556503834_ref_NC_000913.3_ k99_243_flag_1_multi_2.0000_len_600
		Marking as insignificant: 3946377 3946829 | 1 454 | 453 454 | 96.7 | gi_556503834_ref_NC_000913.3_ k99_243_flag_1_multi_2.0000_len_600
		Marking as insignificant: 228432 228885 | 1 454 | 454 454 | 97.36 | gi_556503834_ref_NC_000913.3_ k99_243_flag_1_multi_2.0000_len_600
		One align captures most of this contig: 3423512 3424110 | 600 1 | 599 600 | 96.5 | gi_556503834_ref_NC_000913.3_ k99_243_flag_1_multi_2.0000_len_600

CONTIG: k99_248_flag_1_multi_1.0000_len_521 (521bp)
Top Length: 521  Top ID: 96.55
		One align captures most of this contig: 705057 705577 | 1 521 | 521 521 | 96.55 | gi_556503834_ref_NC_000913.3_ k99_248_flag_1_multi_1.0000_len_521

CONTIG: k99_249_flag_1_multi_1.0000_len_778 (778bp)
Top Length: 778  Top ID: 95.89
		One align captures most of this contig: 4154055 4154832 | 778 1 | 778 778 | 95.89 | gi_556503834_ref_NC_000913.3_ k99_249_flag_1_multi_1.0000_len_778

CONTIG: k99_259_flag_1_multi_1.0000_len_669 (669bp)
Top Length: 669  Top ID: 97.01
		One align captures most of this contig: 2392329 2392997 | 1 669 | 669 669 | 97.01 | gi_556503834_ref_NC_000913.3_ k99_259_flag_1_multi_1.0000_len_669

CONTIG: k99_276_flag_1_multi_1.0000_len_506 (506bp)
		This contig is unaligned. (506 bp)
		Unaligned bases: 506  total: 3449

CONTIG: k99_281_flag_1_multi_1.0000_len_505 (505bp)
Top Length: 505  Top ID: 96.83
		One align captures most of this contig: 3914454 3914958 | 1 505 | 505 505 | 96.83 | gi_556503834_ref_NC_000913.3_ k99_281_flag_1_multi_1.0000_len_505

CONTIG: k99_299_flag_1_multi_1.0000_len_552 (552bp)
Top Length: 552  Top ID: 96.38
		One align captures most of this contig: 4302234 4302785 | 552 1 | 552 552 | 96.38 | gi_556503834_ref_NC_000913.3_ k99_299_flag_1_multi_1.0000_len_552

CONTIG: k99_301_flag_1_multi_1.0000_len_510 (510bp)
Top Length: 510  Top ID: 96.08
		One align captures most of this contig: 3572479 3572988 | 510 1 | 510 510 | 96.08 | gi_556503834_ref_NC_000913.3_ k99_301_flag_1_multi_1.0000_len_510

CONTIG: k99_306_flag_1_multi_2.0000_len_583 (583bp)
Top Length: 583  Top ID: 97.94
		One align captures most of this contig: 36451 37033 | 1 583 | 583 583 | 97.94 | gi_556503834_ref_NC_000913.3_ k99_306_flag_1_multi_2.0000_len_583

CONTIG: k99_319_flag_1_multi_1.0000_len_522 (522bp)
Top Length: 522  Top ID: 95.98
		One align captures most of this contig: 2220292 2220813 | 1 522 | 522 522 | 95.98 | gi_556503834_ref_NC_000913.3_ k99_319_flag_1_multi_1.0000_len_522

CONTIG: k99_320_flag_1_multi_1.0000_len_515 (515bp)
Top Length: 514  Top ID: 95.91
		One align captures most of this contig: 3007810 3008323 | 515 2 | 514 514 | 95.91 | gi_556503834_ref_NC_000913.3_ k99_320_flag_1_multi_1.0000_len_515

CONTIG: k99_326_flag_1_multi_1.0000_len_519 (519bp)
Top Length: 519  Top ID: 96.53
		One align captures most of this contig: 1729058 1729576 | 519 1 | 519 519 | 96.53 | gi_556503834_ref_NC_000913.3_ k99_326_flag_1_multi_1.0000_len_519

CONTIG: k99_331_flag_1_multi_1.0000_len_522 (522bp)
Top Length: 522  Top ID: 96.17
		One align captures most of this contig: 4560393 4560914 | 1 522 | 522 522 | 96.17 | gi_556503834_ref_NC_000913.3_ k99_331_flag_1_multi_1.0000_len_522

CONTIG: k99_345_flag_1_multi_1.0000_len_573 (573bp)
Top Length: 573  Top ID: 96.86
		One align captures most of this contig: 3098025 3098597 | 573 1 | 573 573 | 96.86 | gi_556503834_ref_NC_000913.3_ k99_345_flag_1_multi_1.0000_len_573

CONTIG: k99_348_flag_1_multi_1.0000_len_658 (658bp)
Top Length: 658  Top ID: 96.2
		One align captures most of this contig: 351871 352528 | 1 658 | 658 658 | 96.2 | gi_556503834_ref_NC_000913.3_ k99_348_flag_1_multi_1.0000_len_658

CONTIG: k99_349_flag_1_multi_1.0000_len_552 (552bp)
Top Length: 552  Top ID: 96.38
		One align captures most of this contig: 4428945 4429496 | 1 552 | 552 552 | 96.38 | gi_556503834_ref_NC_000913.3_ k99_349_flag_1_multi_1.0000_len_552

CONTIG: k99_351_flag_1_multi_1.0000_len_545 (545bp)
Top Length: 545  Top ID: 96.33
		One align captures most of this contig: 196786 197330 | 545 1 | 545 545 | 96.33 | gi_556503834_ref_NC_000913.3_ k99_351_flag_1_multi_1.0000_len_545

CONTIG: k99_356_flag_1_multi_1.0000_len_546 (546bp)
		This contig is unaligned. (546 bp)
		Unaligned bases: 546  total: 3995

CONTIG: k99_358_flag_1_multi_1.0000_len_583 (583bp)
		This contig is unaligned. (583 bp)
		Unaligned bases: 583  total: 4578

CONTIG: k99_376_flag_1_multi_2.0000_len_645 (645bp)
Top Length: 645  Top ID: 96.43
		One align captures most of this contig: 2673419 2674063 | 645 1 | 645 645 | 96.43 | gi_556503834_ref_NC_000913.3_ k99_376_flag_1_multi_2.0000_len_645

CONTIG: k99_401_flag_1_multi_1.0000_len_553 (553bp)
Top Length: 553  Top ID: 96.56
		One align captures most of this contig: 1098106 1098658 | 553 1 | 553 553 | 96.56 | gi_556503834_ref_NC_000913.3_ k99_401_flag_1_multi_1.0000_len_553

CONTIG: k99_414_flag_1_multi_1.0000_len_540 (540bp)
Top Length: 540  Top ID: 95.93
		One align captures most of this contig: 2155836 2156375 | 1 540 | 540 540 | 95.93 | gi_556503834_ref_NC_000913.3_ k99_414_flag_1_multi_1.0000_len_540

CONTIG: k99_421_flag_1_multi_1.0000_len_544 (544bp)
		This contig is unaligned. (544 bp)
		Unaligned bases: 544  total: 5122

CONTIG: k99_423_flag_1_multi_1.0000_len_572 (572bp)
Top Length: 572  Top ID: 96.68
		One align captures most of this contig: 1455779 1456350 | 572 1 | 572 572 | 96.68 | gi_556503834_ref_NC_000913.3_ k99_423_flag_1_multi_1.0000_len_572

CONTIG: k99_432_flag_1_multi_1.0000_len_618 (618bp)
Top Length: 615  Top ID: 95.77
		One align captures most of this contig: 1699045 1699659 | 2 616 | 615 615 | 95.77 | gi_556503834_ref_NC_000913.3_ k99_432_flag_1_multi_1.0000_len_618

CONTIG: k99_442_flag_1_multi_1.0000_len_580 (580bp)
Top Length: 580  Top ID: 96.21
		One align captures most of this contig: 2074228 2074807 | 580 1 | 580 580 | 96.21 | gi_556503834_ref_NC_000913.3_ k99_442_flag_1_multi_1.0000_len_580

CONTIG: k99_500_flag_1_multi_1.0000_len_520 (520bp)
		This contig is unaligned. (520 bp)
		Unaligned bases: 520  total: 5642

CONTIG: k99_502_flag_1_multi_1.0000_len_656 (656bp)
		This contig is unaligned. (656 bp)
		Unaligned bases: 656  total: 6298

CONTIG: k99_507_flag_1_multi_1.0000_len_512 (512bp)
Top Length: 511  Top ID: 96.48
		One align captures most of this contig: 1006397 1006907 | 512 2 | 511 511 | 96.48 | gi_556503834_ref_NC_000913.3_ k99_507_flag_1_multi_1.0000_len_512

CONTIG: k99_517_flag_1_multi_1.0000_len_683 (683bp)
Top Length: 683  Top ID: 95.31
		One align captures most of this contig: 1212558 1213240 | 1 683 | 683 683 | 95.31 | gi_556503834_ref_NC_000913.3_ k99_517_flag_1_multi_1.0000_len_683

CONTIG: k99_519_flag_1_multi_1.0000_len_502 (502bp)
Top Length: 502  Top ID: 95.22
		One align captures most of this contig: 2081657 2082158 | 502 1 | 502 502 | 95.22 | gi_556503834_ref_NC_000913.3_ k99_519_flag_1_multi_1.0000_len_502

CONTIG: k99_523_flag_1_multi_1.0000_len_702 (702bp)
Top Length: 699  Top ID: 95.42
		One align captures most of this contig: 2257739 2258437 | 702 4 | 699 699 | 95.42 | gi_556503834_ref_NC_000913.3_ k99_523_flag_1_multi_1.0000_len_702

CONTIG: k99_526_flag_1_multi_2.0000_len_502 (502bp)
Top Length: 502  Top ID: 96.81
		One align captures most of this contig: 3568304 3568805 | 1 502 | 502 502 | 96.81 | gi_556503834_ref_NC_000913.3_ k99_526_flag_1_multi_2.0000_len_502

CONTIG: k99_529_flag_1_multi_2.0000_len_544 (544bp)
Top Length: 544  Top ID: 95.96
		One align captures most of this contig: 905309 905852 | 1 544 | 544 544 | 95.96 | gi_556503834_ref_NC_000913.3_ k99_529_flag_1_multi_2.0000_len_544

CONTIG: k99_542_flag_1_multi_1.0000_len_710 (710bp)
Top Length: 710  Top ID: 96.2
		One align captures most of this contig: 3311820 3312529 | 1 710 | 710 710 | 96.2 | gi_556503834_ref_NC_000913.3_ k99_542_flag_1_multi_1.0000_len_710

CONTIG: k99_552_flag_1_multi_1.0000_len_559 (559bp)
Top Length: 559  Top ID: 97.14
		One align captures most of this contig: 3602055 3602613 | 1 559 | 559 559 | 97.14 | gi_556503834_ref_NC_000913.3_ k99_552_flag_1_multi_1.0000_len_559

CONTIG: k99_561_flag_1_multi_1.0000_len_502 (502bp)
Top Length: 502  Top ID: 96.61
		One align captures most of this contig: 3884431 3884932 | 1 502 | 502 502 | 96.61 | gi_556503834_ref_NC_000913.3_ k99_561_flag_1_multi_1.0000_len_502

CONTIG: k99_566_flag_1_multi_1.0000_len_545 (545bp)
		This contig is unaligned. (545 bp)
		Unaligned bases: 545  total: 6843

CONTIG: k99_572_flag_1_multi_1.0000_len_543 (543bp)
		This contig is unaligned. (543 bp)
		Unaligned bases: 543  total: 7386

CONTIG: k99_573_flag_1_multi_2.0000_len_536 (536bp)
Top Length: 536  Top ID: 97.57
		One align captures most of this contig: 3099850 3100385 | 536 1 | 536 536 | 97.57 | gi_556503834_ref_NC_000913.3_ k99_573_flag_1_multi_2.0000_len_536

CONTIG: k99_576_flag_1_multi_2.0000_len_509 (509bp)
Top Length: 509  Top ID: 97.84
		One align captures most of this contig: 107665 108173 | 1 509 | 509 509 | 97.84 | gi_556503834_ref_NC_000913.3_ k99_576_flag_1_multi_2.0000_len_509

CONTIG: k99_591_flag_1_multi_1.0000_len_565 (565bp)
Top Length: 565  Top ID: 96.11
		One align captures most of this contig: 1533852 1534416 | 1 565 | 565 565 | 96.11 | gi_556503834_ref_NC_000913.3_ k99_591_flag_1_multi_1.0000_len_565

CONTIG: k99_605_flag_1_multi_1.0000_len_657 (657bp)
Top Length: 657  Top ID: 97.41
		One align captures most of this contig: 2308639 2309295 | 1 657 | 657 657 | 97.41 | gi_556503834_ref_NC_000913.3_ k99_605_flag_1_multi_1.0000_len_657

CONTIG: k99_617_flag_1_multi_1.0000_len_645 (645bp)
Top Length: 645  Top ID: 95.97
		One align captures most of this contig: 2854046 2854690 | 645 1 | 645 645 | 95.97 | gi_556503834_ref_NC_000913.3_ k99_617_flag_1_multi_1.0000_len_645

CONTIG: k99_646_flag_1_multi_2.0000_len_662 (662bp)
Top Length: 657  Top ID: 96.5
		One align captures most of this contig: 921270 921926 | 6 662 | 657 657 | 96.5 | gi_556503834_ref_NC_000913.3_ k99_646_flag_1_multi_2.0000_len_662

CONTIG: k99_658_flag_1_multi_2.0000_len_505 (505bp)
Top Length: 499  Top ID: 95.99
		One align captures most of this contig: 4131270 4131768 | 505 7 | 499 499 | 95.99 | gi_556503834_ref_NC_000913.3_ k99_658_flag_1_multi_2.0000_len_505

CONTIG: k99_663_flag_1_multi_1.0000_len_647 (647bp)
Top Length: 647  Top ID: 96.14
		One align captures most of this contig: 3705113 3705759 | 1 647 | 647 647 | 96.14 | gi_556503834_ref_NC_000913.3_ k99_663_flag_1_multi_1.0000_len_647

CONTIG: k99_677_flag_1_multi_1.0000_len_658 (658bp)
Top Length: 658  Top ID: 96.96
		One align captures most of this contig: 433305 433962 | 658 1 | 658 658 | 96.96 | gi_556503834_ref_NC_000913.3_ k99_677_flag_1_multi_1.0000_len_658

CONTIG: k99_679_flag_1_multi_1.0000_len_679 (679bp)
Top Length: 679  Top ID: 96.02
		One align captures most of this contig: 3235158 3235836 | 679 1 | 679 679 | 96.02 | gi_556503834_ref_NC_000913.3_ k99_679_flag_1_multi_1.0000_len_679

CONTIG: k99_682_flag_1_multi_1.0000_len_555 (555bp)
		This contig is unaligned. (555 bp)
		Unaligned bases: 555  total: 7941

CONTIG: k99_694_flag_1_multi_2.0000_len_652 (652bp)
Top Length: 652  Top ID: 96.78
		One align captures most of this contig: 611926 612577 | 1 652 | 652 652 | 96.78 | gi_556503834_ref_NC_000913.3_ k99_694_flag_1_multi_2.0000_len_652

CONTIG: k99_708_flag_1_multi_2.0000_len_545 (545bp)
Top Length: 542  Top ID: 95.94
		One align captures most of this contig: 4634681 4635222 | 1 542 | 542 542 | 95.94 | gi_556503834_ref_NC_000913.3_ k99_708_flag_1_multi_2.0000_len_545

CONTIG: k99_731_flag_1_multi_3.5566_len_823 (823bp)
Top Length: 823  Top ID: 98.3
		This contig has 7 significant alignments. [An ambiguously mapped contig]
		Using only first of these alignment (option --ambiguity-usage is set to "one"):
		Alignment: 227337 228159 | 1 823 | 823 823 | 98.3 | gi_556503834_ref_NC_000913.3_ k99_731_flag_1_multi_3.5566_len_823
		Skipping alignment  3424383 3425205 | 823 1 | 823 823 | 98.18 | gi_556503834_ref_NC_000913.3_ k99_731_flag_1_multi_3.5566_len_823
		Skipping alignment  4039096 4039920 | 1 823 | 825 823 | 98.06 | gi_556503834_ref_NC_000913.3_ k99_731_flag_1_multi_3.5566_len_823
		Skipping alignment  3945282 3946104 | 1 823 | 823 823 | 97.93 | gi_556503834_ref_NC_000913.3_ k99_731_flag_1_multi_3.5566_len_823
		Skipping alignment  2726784 2727606 | 823 1 | 823 823 | 97.33 | gi_556503834_ref_NC_000913.3_ k99_731_flag_1_multi_3.5566_len_823
		Skipping alignment  4170219 4171041 | 1 823 | 823 823 | 97.33 | gi_556503834_ref_NC_000913.3_ k99_731_flag_1_multi_3.5566_len_823
		Skipping alignment  4211621 4212443 | 1 823 | 823 823 | 97.33 | gi_556503834_ref_NC_000913.3_ k99_731_flag_1_multi_3.5566_len_823

CONTIG: k99_733_flag_1_multi_2.0000_len_529 (529bp)
Top Length: 529  Top ID: 96.98
		One align captures most of this contig: 3160876 3161404 | 1 529 | 529 529 | 96.98 | gi_556503834_ref_NC_000913.3_ k99_733_flag_1_multi_2.0000_len_529

CONTIG: k99_734_flag_1_multi_1.0000_len_506 (506bp)
Top Length: 506  Top ID: 95.86
		One align captures most of this contig: 909676 910181 | 1 506 | 506 506 | 95.86 | gi_556503834_ref_NC_000913.3_ k99_734_flag_1_multi_1.0000_len_506

CONTIG: k99_740_flag_1_multi_1.0000_len_518 (518bp)
Top Length: 516  Top ID: 96.12
		One align captures most of this contig: 1025372 1025887 | 516 1 | 516 516 | 96.12 | gi_556503834_ref_NC_000913.3_ k99_740_flag_1_multi_1.0000_len_518

CONTIG: k99_741_flag_1_multi_2.0000_len_510 (510bp)
Top Length: 510  Top ID: 97.65
		One align captures most of this contig: 1895225 1895734 | 510 1 | 510 510 | 97.65 | gi_556503834_ref_NC_000913.3_ k99_741_flag_1_multi_2.0000_len_510

CONTIG: k99_752_flag_1_multi_3.0000_len_566 (566bp)
Top Length: 394  Top ID: 98.22
		Skipping redundant alignment 2515235 2515617 | 565 183 | 383 383 | 98.43 | gi_556503834_ref_NC_000913.3_ k99_752_flag_1_multi_3.0000_len_566
			Skipping redundant alignments after choosing the best set of alignments
		Skipping redundant alignment 608969 609362 | 565 172 | 394 394 | 98.22 | gi_556503834_ref_NC_000913.3_ k99_752_flag_1_multi_3.0000_len_566
		This contig is partially unaligned. (Aligned 394 out of 566 bases)
		Alignment: 16349 16743 | 565 171 | 395 395 | 97.73 | gi_556503834_ref_NC_000913.3_ k99_752_flag_1_multi_3.0000_len_566
		Unaligned bases: 1 to 170 (170)
		Unaligned bases: 566 to 566 (1)

CONTIG: k99_755_flag_1_multi_1.0000_len_638 (638bp)
Top Length: 638  Top ID: 95.14
		One align captures most of this contig: 2860388 2861025 | 638 1 | 638 638 | 95.14 | gi_556503834_ref_NC_000913.3_ k99_755_flag_1_multi_1.0000_len_638

CONTIG: k99_761_flag_1_multi_1.0000_len_680 (680bp)
Top Length: 677  Top ID: 95.86
		One align captures most of this contig: 1753055 1753731 | 4 680 | 677 677 | 95.86 | gi_556503834_ref_NC_000913.3_ k99_761_flag_1_multi_1.0000_len_680

CONTIG: k99_764_flag_1_multi_2.0000_len_504 (504bp)
Top Length: 501  Top ID: 98.4
		One align captures most of this contig: 3711915 3712415 | 4 504 | 501 501 | 98.4 | gi_556503834_ref_NC_000913.3_ k99_764_flag_1_multi_2.0000_len_504

CONTIG: k99_771_flag_1_multi_2.0000_len_698 (698bp)
Top Length: 698  Top ID: 96.85
		One align captures most of this contig: 277235 277932 | 1 698 | 698 698 | 96.85 | gi_556503834_ref_NC_000913.3_ k99_771_flag_1_multi_2.0000_len_698

CONTIG: k99_774_flag_1_multi_1.0000_len_509 (509bp)
Top Length: 509  Top ID: 96.46
		One align captures most of this contig: 3562910 3563418 | 509 1 | 509 509 | 96.46 | gi_556503834_ref_NC_000913.3_ k99_774_flag_1_multi_1.0000_len_509

CONTIG: k99_779_flag_1_multi_2.0000_len_567 (567bp)
Top Length: 567  Top ID: 97.0
		One align captures most of this contig: 1296005 1296571 | 567 1 | 567 567 | 97.0 | gi_556503834_ref_NC_000913.3_ k99_779_flag_1_multi_2.0000_len_567

CONTIG: k99_781_flag_1_multi_2.0000_len_513 (513bp)
Top Length: 513  Top ID: 96.1
		One align captures most of this contig: 3485114 3485626 | 1 513 | 513 513 | 96.1 | gi_556503834_ref_NC_000913.3_ k99_781_flag_1_multi_2.0000_len_513

CONTIG: k99_783_flag_1_multi_5.0000_len_1125 (1125bp)
Top Length: 1125  Top ID: 98.84
		Marking as insignificant: 2066304 2067353 | 1125 76 | 1050 1050 | 98.86 | gi_556503834_ref_NC_000913.3_ k99_783_flag_1_multi_5.0000_len_1125
		Marking as insignificant: 274100 275149 | 1125 76 | 1050 1050 | 99.24 | gi_556503834_ref_NC_000913.3_ k99_783_flag_1_multi_5.0000_len_1125
		Marking as insignificant: 3652181 3653233 | 1125 73 | 1053 1053 | 99.24 | gi_556503834_ref_NC_000913.3_ k99_783_flag_1_multi_5.0000_len_1125
		Marking as insignificant: 3365701 3366753 | 1125 73 | 1053 1053 | 99.24 | gi_556503834_ref_NC_000913.3_ k99_783_flag_1_multi_5.0000_len_1125
		Marking as insignificant: 1396041 1397093 | 73 1125 | 1053 1053 | 99.24 | gi_556503834_ref_NC_000913.3_ k99_783_flag_1_multi_5.0000_len_1125
		Marking as insignificant: 1299496 1300548 | 73 1125 | 1053 1053 | 99.24 | gi_556503834_ref_NC_000913.3_ k99_783_flag_1_multi_5.0000_len_1125
		Marking as insignificant: 687996 689048 | 1125 73 | 1053 1053 | 99.24 | gi_556503834_ref_NC_000913.3_ k99_783_flag_1_multi_5.0000_len_1125
		Marking as insignificant: 574736 575788 | 1125 73 | 1053 1053 | 99.24 | gi_556503834_ref_NC_000913.3_ k99_783_flag_1_multi_5.0000_len_1125
		Marking as insignificant: 2289064 2290117 | 1125 72 | 1054 1054 | 99.15 | gi_556503834_ref_NC_000913.3_ k99_783_flag_1_multi_5.0000_len_1125
		Marking as insignificant: 3130141 3131195 | 71 1125 | 1055 1055 | 99.24 | gi_556503834_ref_NC_000913.3_ k99_783_flag_1_multi_5.0000_len_1125
		One align captures most of this contig: 2101894 2103018 | 1125 1 | 1125 1125 | 98.84 | gi_556503834_ref_NC_000913.3_ k99_783_flag_1_multi_5.0000_len_1125

CONTIG: k99_801_flag_1_multi_2.0000_len_608 (608bp)
Top Length: 608  Top ID: 96.71
		One align captures most of this contig: 1354755 1355362 | 608 1 | 608 608 | 96.71 | gi_556503834_ref_NC_000913.3_ k99_801_flag_1_multi_2.0000_len_608

CONTIG: k99_802_flag_1_multi_1.0000_len_505 (505bp)
Top Length: 505  Top ID: 96.24
		One align captures most of this contig: 2098683 2099187 | 505 1 | 505 505 | 96.24 | gi_556503834_ref_NC_000913.3_ k99_802_flag_1_multi_1.0000_len_505

CONTIG: k99_803_flag_1_multi_1.0000_len_541 (541bp)
Top Length: 538  Top ID: 95.54
		One align captures most of this contig: 28724 29261 | 538 1 | 538 538 | 95.54 | gi_556503834_ref_NC_000913.3_ k99_803_flag_1_multi_1.0000_len_541

CONTIG: k99_805_flag_1_multi_1.0000_len_580 (580bp)
Top Length: 580  Top ID: 96.55
		One align captures most of this contig: 26337 26916 | 1 580 | 580 580 | 96.55 | gi_556503834_ref_NC_000913.3_ k99_805_flag_1_multi_1.0000_len_580

CONTIG: k99_810_flag_1_multi_2.0000_len_523 (523bp)
Top Length: 523  Top ID: 96.94
		One align captures most of this contig: 2611775 2612297 | 523 1 | 523 523 | 96.94 | gi_556503834_ref_NC_000913.3_ k99_810_flag_1_multi_2.0000_len_523

CONTIG: k99_811_flag_1_multi_1.0000_len_549 (549bp)
Top Length: 549  Top ID: 95.63
		One align captures most of this contig: 3433690 3434238 | 549 1 | 549 549 | 95.63 | gi_556503834_ref_NC_000913.3_ k99_811_flag_1_multi_1.0000_len_549

CONTIG: k99_814_flag_1_multi_1.7672_len_666 (666bp)
Top Length: 666  Top ID: 96.25
		This contig has 3 significant alignments. [An ambiguously mapped contig]
		Using only first of these alignment (option --ambiguity-usage is set to "one"):
		Alignment: 16016 16681 | 666 1 | 666 666 | 96.25 | gi_556503834_ref_NC_000913.3_ k99_814_flag_1_multi_1.7672_len_666
		Skipping alignment  608636 609301 | 666 1 | 666 666 | 96.25 | gi_556503834_ref_NC_000913.3_ k99_814_flag_1_multi_1.7672_len_666
		Skipping alignment  2514902 2515567 | 666 1 | 666 666 | 96.25 | gi_556503834_ref_NC_000913.3_ k99_814_flag_1_multi_1.7672_len_666

CONTIG: k99_816_flag_1_multi_2.0000_len_620 (620bp)
Top Length: 620  Top ID: 97.42
		One align captures most of this contig: 19337 19956 | 620 1 | 620 620 | 97.42 | gi_556503834_ref_NC_000913.3_ k99_816_flag_1_multi_2.0000_len_620

CONTIG: k99_824_flag_1_multi_1.0000_len_544 (544bp)
Top Length: 544  Top ID: 96.69
		One align captures most of this contig: 757645 758188 | 1 544 | 544 544 | 96.69 | gi_556503834_ref_NC_000913.3_ k99_824_flag_1_multi_1.0000_len_544

CONTIG: k99_831_flag_1_multi_1.0000_len_690 (690bp)
Top Length: 690  Top ID: 96.81
		One align captures most of this contig: 3458685 3459374 | 690 1 | 690 690 | 96.81 | gi_556503834_ref_NC_000913.3_ k99_831_flag_1_multi_1.0000_len_690

CONTIG: k99_832_flag_1_multi_1.0000_len_566 (566bp)
Top Length: 566  Top ID: 96.64
		One align captures most of this contig: 3600194 3600759 | 566 1 | 566 566 | 96.64 | gi_556503834_ref_NC_000913.3_ k99_832_flag_1_multi_1.0000_len_566

CONTIG: k99_841_flag_1_multi_2.0000_len_573 (573bp)
Top Length: 573  Top ID: 97.56
		One align captures most of this contig: 1885468 1886040 | 1 573 | 573 573 | 97.56 | gi_556503834_ref_NC_000913.3_ k99_841_flag_1_multi_2.0000_len_573

CONTIG: k99_853_flag_1_multi_2.0000_len_550 (550bp)
Top Length: 550  Top ID: 96.73
		One align captures most of this contig: 735546 736095 | 550 1 | 550 550 | 96.73 | gi_556503834_ref_NC_000913.3_ k99_853_flag_1_multi_2.0000_len_550

CONTIG: k99_861_flag_1_multi_1.0000_len_559 (559bp)
Top Length: 559  Top ID: 95.53
		One align captures most of this contig: 638500 639058 | 559 1 | 559 559 | 95.53 | gi_556503834_ref_NC_000913.3_ k99_861_flag_1_multi_1.0000_len_559

CONTIG: k99_871_flag_1_multi_2.0000_len_523 (523bp)
Top Length: 521  Top ID: 95.01
		One align captures most of this contig: 1839776 1840296 | 1 521 | 521 521 | 95.01 | gi_556503834_ref_NC_000913.3_ k99_871_flag_1_multi_2.0000_len_523

CONTIG: k99_874_flag_1_multi_1.0000_len_519 (519bp)
Top Length: 516  Top ID: 97.48
		One align captures most of this contig: 301675 302190 | 519 4 | 516 516 | 97.48 | gi_556503834_ref_NC_000913.3_ k99_874_flag_1_multi_1.0000_len_519

CONTIG: k99_878_flag_1_multi_1.0000_len_505 (505bp)
Top Length: 505  Top ID: 95.84
		One align captures most of this contig: 418919 419423 | 1 505 | 505 505 | 95.84 | gi_556503834_ref_NC_000913.3_ k99_878_flag_1_multi_1.0000_len_505

CONTIG: k99_881_flag_1_multi_1.0000_len_766 (766bp)
Top Length: 766  Top ID: 95.69
		This contig has 2 significant alignments. [An ambiguously mapped contig]
		Using only first of these alignment (option --ambiguity-usage is set to "one"):
		Alignment: 1633978 1634743 | 1 766 | 766 766 | 95.69 | gi_556503834_ref_NC_000913.3_ k99_881_flag_1_multi_1.0000_len_766
		Skipping alignment  1432553 1433318 | 766 1 | 766 766 | 95.56 | gi_556503834_ref_NC_000913.3_ k99_881_flag_1_multi_1.0000_len_766

CONTIG: k99_888_flag_1_multi_2.0000_len_510 (510bp)
Top Length: 510  Top ID: 96.67
		One align captures most of this contig: 4409686 4410195 | 510 1 | 510 510 | 96.67 | gi_556503834_ref_NC_000913.3_ k99_888_flag_1_multi_2.0000_len_510

CONTIG: k99_904_flag_1_multi_1.0000_len_582 (582bp)
Top Length: 582  Top ID: 95.7
		One align captures most of this contig: 602532 603113 | 582 1 | 582 582 | 95.7 | gi_556503834_ref_NC_000913.3_ k99_904_flag_1_multi_1.0000_len_582

CONTIG: k99_905_flag_1_multi_2.0000_len_590 (590bp)
Top Length: 589  Top ID: 96.26
		One align captures most of this contig: 889115 889703 | 2 590 | 589 589 | 96.26 | gi_556503834_ref_NC_000913.3_ k99_905_flag_1_multi_2.0000_len_590

CONTIG: k99_908_flag_1_multi_1.0000_len_605 (605bp)
Top Length: 605  Top ID: 97.19
		One align captures most of this contig: 1863085 1863689 | 605 1 | 605 605 | 97.19 | gi_556503834_ref_NC_000913.3_ k99_908_flag_1_multi_1.0000_len_605

CONTIG: k99_912_flag_1_multi_1.0000_len_522 (522bp)
Top Length: 522  Top ID: 95.98
		One align captures most of this contig: 3780295 3780816 | 522 1 | 522 522 | 95.98 | gi_556503834_ref_NC_000913.3_ k99_912_flag_1_multi_1.0000_len_522

CONTIG: k99_921_flag_1_multi_1.0000_len_516 (516bp)
Top Length: 516  Top ID: 96.9
		One align captures most of this contig: 821939 822454 | 516 1 | 516 516 | 96.9 | gi_556503834_ref_NC_000913.3_ k99_921_flag_1_multi_1.0000_len_516

CONTIG: k99_922_flag_1_multi_1.0000_len_568 (568bp)
Top Length: 298  Top ID: 95.64
		This contig is partially unaligned. (Aligned 298 out of 568 bases)
		Alignment: 1746515 1746812 | 298 1 | 298 298 | 95.64 | gi_556503834_ref_NC_000913.3_ k99_922_flag_1_multi_1.0000_len_568
		Unaligned bases: 299 to 568 (270)

CONTIG: k99_932_flag_1_multi_1.0000_len_540 (540bp)
		This contig is unaligned. (540 bp)
		Unaligned bases: 540  total: 8481

CONTIG: k99_954_flag_1_multi_1.0000_len_539 (539bp)
Top Length: 539  Top ID: 95.92
		One align captures most of this contig: 2946635 2947173 | 539 1 | 539 539 | 95.92 | gi_556503834_ref_NC_000913.3_ k99_954_flag_1_multi_1.0000_len_539

CONTIG: k99_955_flag_1_multi_1.0000_len_549 (549bp)
		This contig is unaligned. (549 bp)
		Unaligned bases: 549  total: 9030

CONTIG: k99_974_flag_1_multi_1.0000_len_713 (713bp)
		This contig is unaligned. (713 bp)
		Unaligned bases: 713  total: 9743

CONTIG: k99_977_flag_1_multi_1.0000_len_604 (604bp)
Top Length: 604  Top ID: 96.85
		One align captures most of this contig: 4619794 4620397 | 1 604 | 604 604 | 96.85 | gi_556503834_ref_NC_000913.3_ k99_977_flag_1_multi_1.0000_len_604

CONTIG: k99_987_flag_1_multi_1.0000_len_517 (517bp)
		This contig is unaligned. (517 bp)
		Unaligned bases: 517  total: 10260

CONTIG: k99_990_flag_1_multi_1.0000_len_561 (561bp)
		This contig is unaligned. (561 bp)
		Unaligned bases: 561  total: 10821

CONTIG: k99_1001_flag_1_multi_1.0000_len_559 (559bp)
Top Length: 555  Top ID: 97.3
		One align captures most of this contig: 3714436 3714990 | 555 1 | 555 555 | 97.3 | gi_556503834_ref_NC_000913.3_ k99_1001_flag_1_multi_1.0000_len_559

CONTIG: k99_1004_flag_1_multi_2.0000_len_632 (632bp)
Top Length: 632  Top ID: 96.36
		One align captures most of this contig: 3358800 3359431 | 632 1 | 632 632 | 96.36 | gi_556503834_ref_NC_000913.3_ k99_1004_flag_1_multi_2.0000_len_632

CONTIG: k99_1017_flag_1_multi_1.0000_len_524 (524bp)
Top Length: 524  Top ID: 95.99
		One align captures most of this contig: 4319417 4319940 | 1 524 | 524 524 | 95.99 | gi_556503834_ref_NC_000913.3_ k99_1017_flag_1_multi_1.0000_len_524

CONTIG: k99_1020_flag_1_multi_1.0000_len_532 (532bp)
Top Length: 529  Top ID: 97.16
		One align captures most of this contig: 3725166 3725694 | 1 529 | 529 529 | 97.16 | gi_556503834_ref_NC_000913.3_ k99_1020_flag_1_multi_1.0000_len_532

CONTIG: k99_1027_flag_1_multi_1.0000_len_541 (541bp)
		This contig is unaligned. (541 bp)
		Unaligned bases: 541  total: 11362

CONTIG: k99_1052_flag_1_multi_1.0000_len_504 (504bp)
Top Length: 504  Top ID: 96.23
		One align captures most of this contig: 1812378 1812881 | 1 504 | 504 504 | 96.23 | gi_556503834_ref_NC_000913.3_ k99_1052_flag_1_multi_1.0000_len_504

CONTIG: k99_1056_flag_1_multi_1.0000_len_622 (622bp)
Top Length: 622  Top ID: 97.27
		One align captures most of this contig: 2941422 2942043 | 1 622 | 622 622 | 97.27 | gi_556503834_ref_NC_000913.3_ k99_1056_flag_1_multi_1.0000_len_622

CONTIG: k99_1074_flag_1_multi_1.0000_len_531 (531bp)
		This contig is unaligned. (531 bp)
		Unaligned bases: 531  total: 11893

CONTIG: k99_1087_flag_1_multi_1.0000_len_511 (511bp)
Top Length: 511  Top ID: 96.09
		One align captures most of this contig: 619523 620033 | 1 511 | 511 511 | 96.09 | gi_556503834_ref_NC_000913.3_ k99_1087_flag_1_multi_1.0000_len_511

CONTIG: k99_1088_flag_1_multi_2.0000_len_510 (510bp)
Top Length: 509  Top ID: 96.46
		One align captures most of this contig: 1760575 1761083 | 1 509 | 509 509 | 96.46 | gi_556503834_ref_NC_000913.3_ k99_1088_flag_1_multi_2.0000_len_510

CONTIG: k99_1095_flag_1_multi_1.0000_len_570 (570bp)
Top Length: 567  Top ID: 96.65
		One align captures most of this contig: 4135886 4136452 | 570 4 | 567 567 | 96.65 | gi_556503834_ref_NC_000913.3_ k99_1095_flag_1_multi_1.0000_len_570

CONTIG: k99_1104_flag_1_multi_1.6854_len_525 (525bp)
Top Length: 523  Top ID: 95.98
		One align captures most of this contig: 1437361 1437883 | 3 525 | 523 523 | 95.98 | gi_556503834_ref_NC_000913.3_ k99_1104_flag_1_multi_1.6854_len_525

CONTIG: k99_1107_flag_1_multi_1.0000_len_550 (550bp)
		This contig is unaligned. (550 bp)
		Unaligned bases: 550  total: 12443

CONTIG: k99_1121_flag_0_multi_3.5263_len_1032 (1032bp)
Top Length: 1032  Top ID: 98.84
		Marking as insignificant: 315230 316137 | 125 1032 | 908 908 | 99.23 | gi_556503834_ref_NC_000913.3_ k99_1121_flag_0_multi_3.5263_len_1032
		Marking as insignificant: 2170170 2171082 | 120 1032 | 913 913 | 99.12 | gi_556503834_ref_NC_000913.3_ k99_1121_flag_0_multi_3.5263_len_1032
		Marking as insignificant: 566776 567688 | 120 1032 | 913 913 | 99.12 | gi_556503834_ref_NC_000913.3_ k99_1121_flag_0_multi_3.5263_len_1032
		Marking as insignificant: 392055 392967 | 1032 120 | 913 913 | 99.12 | gi_556503834_ref_NC_000913.3_ k99_1121_flag_0_multi_3.5263_len_1032
		One align captures most of this contig: 1094591 1095622 | 1032 1 | 1032 1032 | 98.84 | gi_556503834_ref_NC_000913.3_ k99_1121_flag_0_multi_3.5263_len_1032

CONTIG: k99_1128_flag_1_multi_1.0000_len_506 (506bp)
Top Length: 506  Top ID: 96.64
		One align captures most of this contig: 897349 897854 | 506 1 | 506 506 | 96.64 | gi_556503834_ref_NC_000913.3_ k99_1128_flag_1_multi_1.0000_len_506

CONTIG: k99_1129_flag_1_multi_2.0000_len_711 (711bp)
Top Length: 711  Top ID: 96.2
		One align captures most of this contig: 1067281 1067991 | 711 1 | 711 711 | 96.2 | gi_556503834_ref_NC_000913.3_ k99_1129_flag_1_multi_2.0000_len_711

CONTIG: k99_1145_flag_1_multi_2.0000_len_585 (585bp)
Top Length: 585  Top ID: 97.26
		One align captures most of this contig: 1742499 1743083 | 585 1 | 585 585 | 97.26 | gi_556503834_ref_NC_000913.3_ k99_1145_flag_1_multi_2.0000_len_585

CONTIG: k99_1147_flag_1_multi_2.0000_len_663 (663bp)
Top Length: 663  Top ID: 96.83
		One align captures most of this contig: 4150164 4150826 | 1 663 | 663 663 | 96.83 | gi_556503834_ref_NC_000913.3_ k99_1147_flag_1_multi_2.0000_len_663

CONTIG: k99_1154_flag_1_multi_3.0000_len_598 (598bp)
Top Length: 596  Top ID: 96.98
		Marking as insignificant: 4499111 4499509 | 2 400 | 399 399 | 98.75 | gi_556503834_ref_NC_000913.3_ k99_1154_flag_1_multi_3.0000_len_598
		Marking as insignificant: 3187026 3187424 | 2 400 | 399 399 | 98.75 | gi_556503834_ref_NC_000913.3_ k99_1154_flag_1_multi_3.0000_len_598
		Marking as insignificant: 2996363 2996761 | 400 2 | 399 399 | 98.75 | gi_556503834_ref_NC_000913.3_ k99_1154_flag_1_multi_3.0000_len_598
		Marking as insignificant: 1651148 1651546 | 2 400 | 399 399 | 98.75 | gi_556503834_ref_NC_000913.3_ k99_1154_flag_1_multi_3.0000_len_598
		Marking as insignificant: 1467912 1468310 | 400 2 | 399 399 | 98.75 | gi_556503834_ref_NC_000913.3_ k99_1154_flag_1_multi_3.0000_len_598
		Marking as insignificant: 382190 382588 | 2 400 | 399 399 | 98.75 | gi_556503834_ref_NC_000913.3_ k99_1154_flag_1_multi_3.0000_len_598
		One align captures most of this contig: 2068746 2069341 | 597 2 | 596 596 | 96.98 | gi_556503834_ref_NC_000913.3_ k99_1154_flag_1_multi_3.0000_len_598

CONTIG: k99_1160_flag_1_multi_1.0000_len_506 (506bp)
		This contig is unaligned. (506 bp)
		Unaligned bases: 506  total: 12949

CONTIG: k99_1162_flag_1_multi_1.0000_len_675 (675bp)
		This contig is unaligned. (675 bp)
		Unaligned bases: 675  total: 13624

CONTIG: k99_1172_flag_1_multi_2.0000_len_548 (548bp)
Top Length: 548  Top ID: 96.36
		One align captures most of this contig: 1313020 1313567 | 548 1 | 548 548 | 96.36 | gi_556503834_ref_NC_000913.3_ k99_1172_flag_1_multi_2.0000_len_548

CONTIG: k99_1178_flag_1_multi_2.0000_len_553 (553bp)
Top Length: 553  Top ID: 96.38
		One align captures most of this contig: 2474643 2475195 | 1 553 | 553 553 | 96.38 | gi_556503834_ref_NC_000913.3_ k99_1178_flag_1_multi_2.0000_len_553

CONTIG: k99_1181_flag_1_multi_1.0000_len_522 (522bp)
Top Length: 519  Top ID: 96.72
		One align captures most of this contig: 4446468 4446986 | 4 522 | 519 519 | 96.72 | gi_556503834_ref_NC_000913.3_ k99_1181_flag_1_multi_1.0000_len_522

CONTIG: k99_1200_flag_1_multi_1.0000_len_542 (542bp)
Top Length: 542  Top ID: 96.31
		One align captures most of this contig: 871252 871793 | 1 542 | 542 542 | 96.31 | gi_556503834_ref_NC_000913.3_ k99_1200_flag_1_multi_1.0000_len_542

CONTIG: k99_1208_flag_1_multi_1.0000_len_547 (547bp)
Top Length: 547  Top ID: 96.53
		One align captures most of this contig: 3717038 3717584 | 547 1 | 547 547 | 96.53 | gi_556503834_ref_NC_000913.3_ k99_1208_flag_1_multi_1.0000_len_547

CONTIG: k99_1221_flag_1_multi_1.0000_len_590 (590bp)
Top Length: 590  Top ID: 95.76
		One align captures most of this contig: 3212148 3212737 | 1 590 | 590 590 | 95.76 | gi_556503834_ref_NC_000913.3_ k99_1221_flag_1_multi_1.0000_len_590

CONTIG: k99_1230_flag_1_multi_2.0000_len_520 (520bp)
Top Length: 519  Top ID: 96.34
		One align captures most of this contig: 1578442 1578960 | 519 1 | 519 519 | 96.34 | gi_556503834_ref_NC_000913.3_ k99_1230_flag_1_multi_2.0000_len_520

CONTIG: k99_1232_flag_1_multi_1.0000_len_518 (518bp)
		This contig is unaligned. (518 bp)
		Unaligned bases: 518  total: 14142

CONTIG: k99_1238_flag_1_multi_2.0000_len_629 (629bp)
Top Length: 629  Top ID: 96.34
		One align captures most of this contig: 2766697 2767325 | 629 1 | 629 629 | 96.34 | gi_556503834_ref_NC_000913.3_ k99_1238_flag_1_multi_2.0000_len_629

CONTIG: k99_1245_flag_1_multi_1.0000_len_508 (508bp)
Top Length: 508  Top ID: 96.06
		One align captures most of this contig: 4584391 4584898 | 1 508 | 508 508 | 96.06 | gi_556503834_ref_NC_000913.3_ k99_1245_flag_1_multi_1.0000_len_508

CONTIG: k99_1249_flag_1_multi_2.0000_len_549 (549bp)
Top Length: 549  Top ID: 95.99
		One align captures most of this contig: 3656692 3657240 | 549 1 | 549 549 | 95.99 | gi_556503834_ref_NC_000913.3_ k99_1249_flag_1_multi_2.0000_len_549

CONTIG: k99_1261_flag_1_multi_2.0000_len_603 (603bp)
Top Length: 603  Top ID: 97.51
		One align captures most of this contig: 454493 455095 | 1 603 | 603 603 | 97.51 | gi_556503834_ref_NC_000913.3_ k99_1261_flag_1_multi_2.0000_len_603

CONTIG: k99_1268_flag_1_multi_3.0000_len_670 (670bp)
Top Length: 670  Top ID: 96.42
		Marking as insignificant: 1650843 1651116 | 274 1 | 274 274 | 95.99 | gi_556503834_ref_NC_000913.3_ k99_1268_flag_1_multi_3.0000_len_670
		This contig has 6 significant alignments. [An ambiguously mapped contig]
		Using only first of these alignment (option --ambiguity-usage is set to "one"):
		Alignment: 381489 382158 | 670 1 | 670 670 | 96.42 | gi_556503834_ref_NC_000913.3_ k99_1268_flag_1_multi_3.0000_len_670
		Skipping alignment  1468342 1469011 | 1 670 | 670 670 | 96.42 | gi_556503834_ref_NC_000913.3_ k99_1268_flag_1_multi_3.0000_len_670
		Skipping alignment  2069373 2070042 | 1 670 | 670 670 | 96.42 | gi_556503834_ref_NC_000913.3_ k99_1268_flag_1_multi_3.0000_len_670
		Skipping alignment  2996793 2997462 | 1 670 | 670 670 | 96.42 | gi_556503834_ref_NC_000913.3_ k99_1268_flag_1_multi_3.0000_len_670
		Skipping alignment  3186325 3186994 | 670 1 | 670 670 | 96.42 | gi_556503834_ref_NC_000913.3_ k99_1268_flag_1_multi_3.0000_len_670
		Skipping alignment  4498410 4499079 | 670 1 | 670 670 | 96.42 | gi_556503834_ref_NC_000913.3_ k99_1268_flag_1_multi_3.0000_len_670

CONTIG: k99_1279_flag_1_multi_1.0000_len_736 (736bp)
Top Length: 736  Top ID: 97.42
		One align captures most of this contig: 453489 454224 | 1 736 | 736 736 | 97.42 | gi_556503834_ref_NC_000913.3_ k99_1279_flag_1_multi_1.0000_len_736

CONTIG: k99_1281_flag_1_multi_2.0000_len_538 (538bp)
Top Length: 538  Top ID: 95.54
		One align captures most of this contig: 4428542 4429079 | 1 538 | 538 538 | 95.54 | gi_556503834_ref_NC_000913.3_ k99_1281_flag_1_multi_2.0000_len_538

CONTIG: k99_1282_flag_1_multi_1.0000_len_511 (511bp)
Top Length: 511  Top ID: 95.5
		One align captures most of this contig: 2310247 2310757 | 511 1 | 511 511 | 95.5 | gi_556503834_ref_NC_000913.3_ k99_1282_flag_1_multi_1.0000_len_511

CONTIG: k99_1300_flag_1_multi_1.0000_len_506 (506bp)
Top Length: 506  Top ID: 95.85
		One align captures most of this contig: 1894404 1894909 | 506 1 | 506 506 | 95.85 | gi_556503834_ref_NC_000913.3_ k99_1300_flag_1_multi_1.0000_len_506

CONTIG: k99_1304_flag_1_multi_1.0000_len_586 (586bp)
Top Length: 583  Top ID: 95.71
		One align captures most of this contig: 440764 441346 | 583 1 | 583 583 | 95.71 | gi_556503834_ref_NC_000913.3_ k99_1304_flag_1_multi_1.0000_len_586

CONTIG: k99_1317_flag_1_multi_2.0000_len_569 (569bp)
Top Length: 569  Top ID: 96.66
		One align captures most of this contig: 2796347 2796915 | 1 569 | 569 569 | 96.66 | gi_556503834_ref_NC_000913.3_ k99_1317_flag_1_multi_2.0000_len_569

CONTIG: k99_1318_flag_1_multi_1.0000_len_509 (509bp)
Top Length: 509  Top ID: 95.28
		One align captures most of this contig: 752906 753414 | 509 1 | 509 509 | 95.28 | gi_556503834_ref_NC_000913.3_ k99_1318_flag_1_multi_1.0000_len_509

CONTIG: k99_1319_flag_1_multi_1.0000_len_539 (539bp)
Top Length: 536  Top ID: 97.01
		One align captures most of this contig: 210869 211404 | 1 536 | 536 536 | 97.01 | gi_556503834_ref_NC_000913.3_ k99_1319_flag_1_multi_1.0000_len_539

CONTIG: k99_1328_flag_1_multi_1.0000_len_528 (528bp)
Top Length: 528  Top ID: 96.02
		One align captures most of this contig: 911570 912097 | 528 1 | 528 528 | 96.02 | gi_556503834_ref_NC_000913.3_ k99_1328_flag_1_multi_1.0000_len_528

CONTIG: k99_1345_flag_1_multi_1.0000_len_504 (504bp)
Top Length: 503  Top ID: 96.42
		One align captures most of this contig: 564715 565217 | 503 1 | 503 503 | 96.42 | gi_556503834_ref_NC_000913.3_ k99_1345_flag_1_multi_1.0000_len_504

CONTIG: k99_1361_flag_1_multi_1.0000_len_526 (526bp)
Top Length: 526  Top ID: 95.63
		One align captures most of this contig: 2252049 2252574 | 526 1 | 526 526 | 95.63 | gi_556503834_ref_NC_000913.3_ k99_1361_flag_1_multi_1.0000_len_526

CONTIG: k99_1362_flag_1_multi_2.0000_len_522 (522bp)
Top Length: 522  Top ID: 97.51
		One align captures most of this contig: 3804210 3804731 | 522 1 | 522 522 | 97.51 | gi_556503834_ref_NC_000913.3_ k99_1362_flag_1_multi_2.0000_len_522

CONTIG: k99_1363_flag_1_multi_1.0000_len_614 (614bp)
Top Length: 614  Top ID: 95.93
		One align captures most of this contig: 3430169 3430782 | 1 614 | 614 614 | 95.93 | gi_556503834_ref_NC_000913.3_ k99_1363_flag_1_multi_1.0000_len_614

CONTIG: k99_1370_flag_1_multi_1.0000_len_549 (549bp)
Top Length: 549  Top ID: 96.54
		One align captures most of this contig: 4152517 4153065 | 1 549 | 549 549 | 96.54 | gi_556503834_ref_NC_000913.3_ k99_1370_flag_1_multi_1.0000_len_549

CONTIG: k99_1374_flag_1_multi_1.0000_len_589 (589bp)
Top Length: 589  Top ID: 97.11
		One align captures most of this contig: 2667785 2668373 | 589 1 | 589 589 | 97.11 | gi_556503834_ref_NC_000913.3_ k99_1374_flag_1_multi_1.0000_len_589

CONTIG: k99_1397_flag_1_multi_1.0000_len_555 (555bp)
Top Length: 555  Top ID: 96.94
		One align captures most of this contig: 174701 175255 | 555 1 | 555 555 | 96.94 | gi_556503834_ref_NC_000913.3_ k99_1397_flag_1_multi_1.0000_len_555

CONTIG: k99_1399_flag_1_multi_1.0000_len_694 (694bp)
		This contig is unaligned. (694 bp)
		Unaligned bases: 694  total: 14836

CONTIG: k99_1401_flag_1_multi_2.0000_len_502 (502bp)
Top Length: 502  Top ID: 97.21
		One align captures most of this contig: 1570105 1570606 | 1 502 | 502 502 | 97.21 | gi_556503834_ref_NC_000913.3_ k99_1401_flag_1_multi_2.0000_len_502

CONTIG: k99_1409_flag_1_multi_2.0000_len_620 (620bp)
Top Length: 620  Top ID: 96.61
		One align captures most of this contig: 220953 221572 | 1 620 | 620 620 | 96.61 | gi_556503834_ref_NC_000913.3_ k99_1409_flag_1_multi_2.0000_len_620

CONTIG: k99_1410_flag_1_multi_1.0000_len_501 (501bp)
Top Length: 501  Top ID: 97.01
		One align captures most of this contig: 4108967 4109467 | 1 501 | 501 501 | 97.01 | gi_556503834_ref_NC_000913.3_ k99_1410_flag_1_multi_1.0000_len_501

CONTIG: k99_1411_flag_1_multi_1.0000_len_566 (566bp)
Top Length: 566  Top ID: 95.94
		One align captures most of this contig: 1738930 1739495 | 566 1 | 566 566 | 95.94 | gi_556503834_ref_NC_000913.3_ k99_1411_flag_1_multi_1.0000_len_566

CONTIG: k99_1412_flag_1_multi_2.0000_len_638 (638bp)
Top Length: 638  Top ID: 96.87
		One align captures most of this contig: 3523790 3524427 | 638 1 | 638 638 | 96.87 | gi_556503834_ref_NC_000913.3_ k99_1412_flag_1_multi_2.0000_len_638

CONTIG: k99_1413_flag_1_multi_2.0000_len_504 (504bp)
Top Length: 504  Top ID: 96.23
		One align captures most of this contig: 4054684 4055187 | 504 1 | 504 504 | 96.23 | gi_556503834_ref_NC_000913.3_ k99_1413_flag_1_multi_2.0000_len_504

CONTIG: k99_1416_flag_1_multi_1.0000_len_598 (598bp)
Top Length: 598  Top ID: 96.32
		One align captures most of this contig: 4184748 4185345 | 1 598 | 598 598 | 96.32 | gi_556503834_ref_NC_000913.3_ k99_1416_flag_1_multi_1.0000_len_598

CONTIG: k99_1418_flag_1_multi_2.0000_len_518 (518bp)
Top Length: 518  Top ID: 96.72
		One align captures most of this contig: 3012300 3012817 | 518 1 | 518 518 | 96.72 | gi_556503834_ref_NC_000913.3_ k99_1418_flag_1_multi_2.0000_len_518

CONTIG: k99_1423_flag_1_multi_2.0000_len_537 (537bp)
		This contig is unaligned. (537 bp)
		Unaligned bases: 537  total: 15373

CONTIG: k99_1429_flag_1_multi_1.0000_len_570 (570bp)
Top Length: 570  Top ID: 96.14
		One align captures most of this contig: 770178 770747 | 570 1 | 570 570 | 96.14 | gi_556503834_ref_NC_000913.3_ k99_1429_flag_1_multi_1.0000_len_570

CONTIG: k99_1449_flag_1_multi_1.0000_len_513 (513bp)
Top Length: 513  Top ID: 96.88
		One align captures most of this contig: 1963279 1963791 | 1 513 | 513 513 | 96.88 | gi_556503834_ref_NC_000913.3_ k99_1449_flag_1_multi_1.0000_len_513

CONTIG: k99_1463_flag_1_multi_1.6378_len_607 (607bp)
Top Length: 595  Top ID: 97.31
			Skipping redundant alignments after choosing the best set of alignments
		Skipping redundant alignment 2726395 2726989 | 10 604 | 595 595 | 96.98 | gi_556503834_ref_NC_000913.3_ k99_1463_flag_1_multi_1.6378_len_607
		Skipping redundant alignment 3423994 3424588 | 10 604 | 595 595 | 97.31 | gi_556503834_ref_NC_000913.3_ k99_1463_flag_1_multi_1.6378_len_607
		Skipping redundant alignment 3945899 3946493 | 604 10 | 595 595 | 96.48 | gi_556503834_ref_NC_000913.3_ k99_1463_flag_1_multi_1.6378_len_607
		Skipping redundant alignment 4039715 4040309 | 604 10 | 595 595 | 96.98 | gi_556503834_ref_NC_000913.3_ k99_1463_flag_1_multi_1.6378_len_607
		Skipping redundant alignment 4170836 4171430 | 604 10 | 595 595 | 96.98 | gi_556503834_ref_NC_000913.3_ k99_1463_flag_1_multi_1.6378_len_607
		Skipping redundant alignment 4212238 4212832 | 604 10 | 595 595 | 96.98 | gi_556503834_ref_NC_000913.3_ k99_1463_flag_1_multi_1.6378_len_607
		This contig is partially unaligned. (Aligned 595 out of 607 bases)
		Alignment: 227954 228548 | 604 10 | 595 595 | 96.98 | gi_556503834_ref_NC_000913.3_ k99_1463_flag_1_multi_1.6378_len_607
		Unaligned bases: 1 to 9 (9)
		Unaligned bases: 605 to 607 (3)

CONTIG: k99_1464_flag_1_multi_2.0000_len_627 (627bp)
		This contig is unaligned. (627 bp)
		Unaligned bases: 627  total: 16000

CONTIG: k99_1474_flag_1_multi_1.0000_len_557 (557bp)
		This contig is unaligned. (557 bp)
		Unaligned bases: 557  total: 16557

CONTIG: k99_1482_flag_1_multi_1.0000_len_501 (501bp)
		This contig is unaligned. (501 bp)
		Unaligned bases: 501  total: 17058

CONTIG: k99_1483_flag_1_multi_1.0000_len_530 (530bp)
Top Length: 530  Top ID: 95.85
		One align captures most of this contig: 2359057 2359586 | 530 1 | 530 530 | 95.85 | gi_556503834_ref_NC_000913.3_ k99_1483_flag_1_multi_1.0000_len_530

CONTIG: k99_1489_flag_1_multi_1.0000_len_1195 (1195bp)
Top Length: 1195  Top ID: 95.73
		One align captures most of this contig: 50841 52035 | 1195 1 | 1195 1195 | 95.73 | gi_556503834_ref_NC_000913.3_ k99_1489_flag_1_multi_1.0000_len_1195

CONTIG: k99_1502_flag_1_multi_1.0000_len_592 (592bp)
Top Length: 592  Top ID: 95.61
		One align captures most of this contig: 3990950 3991541 | 592 1 | 592 592 | 95.61 | gi_556503834_ref_NC_000913.3_ k99_1502_flag_1_multi_1.0000_len_592

CONTIG: k99_1504_flag_0_multi_3.0000_len_512 (512bp)
Top Length: 512  Top ID: 97.85
		Marking as insignificant: 2170984 2171428 | 512 68 | 445 445 | 97.98 | gi_556503834_ref_NC_000913.3_ k99_1504_flag_0_multi_3.0000_len_512
		Marking as insignificant: 316039 316483 | 512 68 | 445 445 | 97.98 | gi_556503834_ref_NC_000913.3_ k99_1504_flag_0_multi_3.0000_len_512
		Marking as insignificant: 1094244 1094689 | 67 512 | 446 446 | 97.98 | gi_556503834_ref_NC_000913.3_ k99_1504_flag_0_multi_3.0000_len_512
		Marking as insignificant: 391703 392153 | 62 512 | 451 451 | 97.78 | gi_556503834_ref_NC_000913.3_ k99_1504_flag_0_multi_3.0000_len_512
		One align captures most of this contig: 567590 568101 | 512 1 | 512 512 | 97.85 | gi_556503834_ref_NC_000913.3_ k99_1504_flag_0_multi_3.0000_len_512

CONTIG: k99_1505_flag_1_multi_1.0000_len_544 (544bp)
Top Length: 544  Top ID: 96.14
		One align captures most of this contig: 2522697 2523240 | 1 544 | 544 544 | 96.14 | gi_556503834_ref_NC_000913.3_ k99_1505_flag_1_multi_1.0000_len_544

CONTIG: k99_1518_flag_1_multi_1.0000_len_518 (518bp)
		This contig is unaligned. (518 bp)
		Unaligned bases: 518  total: 17576

Analyzing coverage...
Writing SNPs into /net/metagenomics/projects/afritz_assemblies/Simpipeline_Coverage_Sweep/050_error/Ecoli_cov2/quast/contigs_reports/nucmer_output/final.contigs.used_snps
	Reference gi_556503834_ref_NC_000913.3_: 166 total alignments. 1 total regions.
		Region: 1 to 4641652 (4641652 bp)
			START in gap: 1 to 16016 (16015 bp)
			Align 1: 16016 16681 k99_814_flag_1_multi_1.7672_len_666 666 1
				Negative gap (overlap) between this and next alignment: 16681 to 16349 (-332 bp)
				Next Alignment: 16349 16743 k99_752_flag_1_multi_3.0000_len_566 565 171

			Previous gap was negative, modifying coordinates to ignore overlap
				Moving contig start from 565 to 232.
			Align 2: 16682 16743 k99_752_flag_1_multi_3.0000_len_566 232 171
				Gap between this and next alignment: 16743 to 19337 (2593 bp)
				Next Alignment: 19337 19956 k99_816_flag_1_multi_2.0000_len_620 620 1

			Align 3: 19337 19956 k99_816_flag_1_multi_2.0000_len_620 620 1
				Gap between this and next alignment: 19956 to 26337 (6380 bp)
				Next Alignment: 26337 26916 k99_805_flag_1_multi_1.0000_len_580 1 580

			Align 4: 26337 26916 k99_805_flag_1_multi_1.0000_len_580 1 580
				Gap between this and next alignment: 26916 to 28724 (1807 bp)
				Next Alignment: 28724 29261 k99_803_flag_1_multi_1.0000_len_541 538 1

			Align 5: 28724 29261 k99_803_flag_1_multi_1.0000_len_541 538 1
				Gap between this and next alignment: 29261 to 36451 (7189 bp)
				Next Alignment: 36451 37033 k99_306_flag_1_multi_2.0000_len_583 1 583

			Align 6: 36451 37033 k99_306_flag_1_multi_2.0000_len_583 1 583
				Gap between this and next alignment: 37033 to 50841 (13807 bp)
				Next Alignment: 50841 52035 k99_1489_flag_1_multi_1.0000_len_1195 1195 1

			Align 7: 50841 52035 k99_1489_flag_1_multi_1.0000_len_1195 1195 1
				Gap between this and next alignment: 52035 to 107665 (55629 bp)
				Next Alignment: 107665 108173 k99_576_flag_1_multi_2.0000_len_509 1 509

			Align 8: 107665 108173 k99_576_flag_1_multi_2.0000_len_509 1 509
				Gap between this and next alignment: 108173 to 174701 (66527 bp)
				Next Alignment: 174701 175255 k99_1397_flag_1_multi_1.0000_len_555 555 1

			Align 9: 174701 175255 k99_1397_flag_1_multi_1.0000_len_555 555 1
				Gap between this and next alignment: 175255 to 196786 (21530 bp)
				Next Alignment: 196786 197330 k99_351_flag_1_multi_1.0000_len_545 545 1

			Align 10: 196786 197330 k99_351_flag_1_multi_1.0000_len_545 545 1
				Gap between this and next alignment: 197330 to 210869 (13538 bp)
				Next Alignment: 210869 211404 k99_1319_flag_1_multi_1.0000_len_539 1 536

			Align 11: 210869 211404 k99_1319_flag_1_multi_1.0000_len_539 1 536
				Gap between this and next alignment: 211404 to 220953 (9548 bp)
				Next Alignment: 220953 221572 k99_1409_flag_1_multi_2.0000_len_620 1 620

			Align 12: 220953 221572 k99_1409_flag_1_multi_2.0000_len_620 1 620
				Gap between this and next alignment: 221572 to 227337 (5764 bp)
				Next Alignment: 227337 228159 k99_731_flag_1_multi_3.5566_len_823 1 823

			Align 13: 227337 228159 k99_731_flag_1_multi_3.5566_len_823 1 823
				Negative gap (overlap) between this and next alignment: 228159 to 227954 (-205 bp)
				Next Alignment: 227954 228548 k99_1463_flag_1_multi_1.6378_len_607 604 10

			Previous gap was negative, modifying coordinates to ignore overlap
				Moving contig start from 604 to 398.
			Align 14: 228160 228548 k99_1463_flag_1_multi_1.6378_len_607 398 10
				Gap between this and next alignment: 228548 to 277235 (48686 bp)
				Next Alignment: 277235 277932 k99_771_flag_1_multi_2.0000_len_698 1 698

			Align 15: 277235 277932 k99_771_flag_1_multi_2.0000_len_698 1 698
				Gap between this and next alignment: 277932 to 301675 (23742 bp)
				Next Alignment: 301675 302190 k99_874_flag_1_multi_1.0000_len_519 519 4

			Align 16: 301675 302190 k99_874_flag_1_multi_1.0000_len_519 519 4
				Gap between this and next alignment: 302190 to 351871 (49680 bp)
				Next Alignment: 351871 352528 k99_348_flag_1_multi_1.0000_len_658 1 658

			Align 17: 351871 352528 k99_348_flag_1_multi_1.0000_len_658 1 658
				Gap between this and next alignment: 352528 to 381489 (28960 bp)
				Next Alignment: 381489 382158 k99_1268_flag_1_multi_3.0000_len_670 670 1

			Align 18: 381489 382158 k99_1268_flag_1_multi_3.0000_len_670 670 1
				Gap between this and next alignment: 382158 to 389197 (7038 bp)
				Next Alignment: 389197 389759 k99_225_flag_1_multi_1.0000_len_563 1 563

			Align 19: 389197 389759 k99_225_flag_1_multi_1.0000_len_563 1 563
				Gap between this and next alignment: 389759 to 418919 (29159 bp)
				Next Alignment: 418919 419423 k99_878_flag_1_multi_1.0000_len_505 1 505

			Align 20: 418919 419423 k99_878_flag_1_multi_1.0000_len_505 1 505
				Gap between this and next alignment: 419423 to 433305 (13881 bp)
				Next Alignment: 433305 433962 k99_677_flag_1_multi_1.0000_len_658 658 1

			Align 21: 433305 433962 k99_677_flag_1_multi_1.0000_len_658 658 1
				Gap between this and next alignment: 433962 to 440764 (6801 bp)
				Next Alignment: 440764 441346 k99_1304_flag_1_multi_1.0000_len_586 583 1

			Align 22: 440764 441346 k99_1304_flag_1_multi_1.0000_len_586 583 1
				Gap between this and next alignment: 441346 to 453489 (12142 bp)
				Next Alignment: 453489 454224 k99_1279_flag_1_multi_1.0000_len_736 1 736

			Align 23: 453489 454224 k99_1279_flag_1_multi_1.0000_len_736 1 736
				Gap between this and next alignment: 454224 to 454493 (268 bp)
				Next Alignment: 454493 455095 k99_1261_flag_1_multi_2.0000_len_603 1 603

			Align 24: 454493 455095 k99_1261_flag_1_multi_2.0000_len_603 1 603
				Gap between this and next alignment: 455095 to 489436 (34340 bp)
				Next Alignment: 489436 489972 k99_208_flag_1_multi_1.0000_len_537 537 1

			Align 25: 489436 489972 k99_208_flag_1_multi_1.0000_len_537 537 1
				Gap between this and next alignment: 489972 to 564715 (74742 bp)
				Next Alignment: 564715 565217 k99_1345_flag_1_multi_1.0000_len_504 503 1

			Align 26: 564715 565217 k99_1345_flag_1_multi_1.0000_len_504 503 1
				Gap between this and next alignment: 565217 to 567590 (2372 bp)
				Next Alignment: 567590 568101 k99_1504_flag_0_multi_3.0000_len_512 512 1

			Align 27: 567590 568101 k99_1504_flag_0_multi_3.0000_len_512 512 1
				Gap between this and next alignment: 568101 to 602532 (34430 bp)
				Next Alignment: 602532 603113 k99_904_flag_1_multi_1.0000_len_582 582 1

			Align 28: 602532 603113 k99_904_flag_1_multi_1.0000_len_582 582 1
				Gap between this and next alignment: 603113 to 611926 (8812 bp)
				Next Alignment: 611926 612577 k99_694_flag_1_multi_2.0000_len_652 1 652

			Align 29: 611926 612577 k99_694_flag_1_multi_2.0000_len_652 1 652
				Gap between this and next alignment: 612577 to 619523 (6945 bp)
				Next Alignment: 619523 620033 k99_1087_flag_1_multi_1.0000_len_511 1 511

			Align 30: 619523 620033 k99_1087_flag_1_multi_1.0000_len_511 1 511
				Gap between this and next alignment: 620033 to 638500 (18466 bp)
				Next Alignment: 638500 639058 k99_861_flag_1_multi_1.0000_len_559 559 1

			Align 31: 638500 639058 k99_861_flag_1_multi_1.0000_len_559 559 1
				Gap between this and next alignment: 639058 to 705057 (65998 bp)
				Next Alignment: 705057 705577 k99_248_flag_1_multi_1.0000_len_521 1 521

			Align 32: 705057 705577 k99_248_flag_1_multi_1.0000_len_521 1 521
				Gap between this and next alignment: 705577 to 735546 (29968 bp)
				Next Alignment: 735546 736095 k99_853_flag_1_multi_2.0000_len_550 550 1

			Align 33: 735546 736095 k99_853_flag_1_multi_2.0000_len_550 550 1
				Gap between this and next alignment: 736095 to 752906 (16810 bp)
				Next Alignment: 752906 753414 k99_1318_flag_1_multi_1.0000_len_509 509 1

			Align 34: 752906 753414 k99_1318_flag_1_multi_1.0000_len_509 509 1
				Gap between this and next alignment: 753414 to 757645 (4230 bp)
				Next Alignment: 757645 758188 k99_824_flag_1_multi_1.0000_len_544 1 544

			Align 35: 757645 758188 k99_824_flag_1_multi_1.0000_len_544 1 544
				Gap between this and next alignment: 758188 to 770178 (11989 bp)
				Next Alignment: 770178 770747 k99_1429_flag_1_multi_1.0000_len_570 570 1

			Align 36: 770178 770747 k99_1429_flag_1_multi_1.0000_len_570 570 1
				Gap between this and next alignment: 770747 to 821939 (51191 bp)
				Next Alignment: 821939 822454 k99_921_flag_1_multi_1.0000_len_516 516 1

			Align 37: 821939 822454 k99_921_flag_1_multi_1.0000_len_516 516 1
				Gap between this and next alignment: 822454 to 871252 (48797 bp)
				Next Alignment: 871252 871793 k99_1200_flag_1_multi_1.0000_len_542 1 542

			Align 38: 871252 871793 k99_1200_flag_1_multi_1.0000_len_542 1 542
				Gap between this and next alignment: 871793 to 889115 (17321 bp)
				Next Alignment: 889115 889703 k99_905_flag_1_multi_2.0000_len_590 2 590

			Align 39: 889115 889703 k99_905_flag_1_multi_2.0000_len_590 2 590
				Gap between this and next alignment: 889703 to 897349 (7645 bp)
				Next Alignment: 897349 897854 k99_1128_flag_1_multi_1.0000_len_506 506 1

			Align 40: 897349 897854 k99_1128_flag_1_multi_1.0000_len_506 506 1
				Gap between this and next alignment: 897854 to 905309 (7454 bp)
				Next Alignment: 905309 905852 k99_529_flag_1_multi_2.0000_len_544 1 544

			Align 41: 905309 905852 k99_529_flag_1_multi_2.0000_len_544 1 544
				Gap between this and next alignment: 905852 to 909676 (3823 bp)
				Next Alignment: 909676 910181 k99_734_flag_1_multi_1.0000_len_506 1 506

			Align 42: 909676 910181 k99_734_flag_1_multi_1.0000_len_506 1 506
				Gap between this and next alignment: 910181 to 911570 (1388 bp)
				Next Alignment: 911570 912097 k99_1328_flag_1_multi_1.0000_len_528 528 1

			Align 43: 911570 912097 k99_1328_flag_1_multi_1.0000_len_528 528 1
				Gap between this and next alignment: 912097 to 921270 (9172 bp)
				Next Alignment: 921270 921926 k99_646_flag_1_multi_2.0000_len_662 6 662

			Align 44: 921270 921926 k99_646_flag_1_multi_2.0000_len_662 6 662
				Gap between this and next alignment: 921926 to 1006397 (84470 bp)
				Next Alignment: 1006397 1006907 k99_507_flag_1_multi_1.0000_len_512 512 2

			Align 45: 1006397 1006907 k99_507_flag_1_multi_1.0000_len_512 512 2
				Gap between this and next alignment: 1006907 to 1018076 (11168 bp)
				Next Alignment: 1018076 1018622 k99_184_flag_1_multi_2.0000_len_547 547 1

			Align 46: 1018076 1018622 k99_184_flag_1_multi_2.0000_len_547 547 1
				Gap between this and next alignment: 1018622 to 1025372 (6749 bp)
				Next Alignment: 1025372 1025887 k99_740_flag_1_multi_1.0000_len_518 516 1

			Align 47: 1025372 1025887 k99_740_flag_1_multi_1.0000_len_518 516 1
				Gap between this and next alignment: 1025887 to 1067281 (41393 bp)
				Next Alignment: 1067281 1067991 k99_1129_flag_1_multi_2.0000_len_711 711 1

			Align 48: 1067281 1067991 k99_1129_flag_1_multi_2.0000_len_711 711 1
				Gap between this and next alignment: 1067991 to 1094591 (26599 bp)
				Next Alignment: 1094591 1095622 k99_1121_flag_0_multi_3.5263_len_1032 1032 1

			Align 49: 1094591 1095622 k99_1121_flag_0_multi_3.5263_len_1032 1032 1
				Gap between this and next alignment: 1095622 to 1098106 (2483 bp)
				Next Alignment: 1098106 1098658 k99_401_flag_1_multi_1.0000_len_553 553 1

			Align 50: 1098106 1098658 k99_401_flag_1_multi_1.0000_len_553 553 1
				Gap between this and next alignment: 1098658 to 1160597 (61938 bp)
				Next Alignment: 1160597 1161423 k99_95_flag_1_multi_1.0000_len_827 1 827

			Align 51: 1160597 1161423 k99_95_flag_1_multi_1.0000_len_827 1 827
				Gap between this and next alignment: 1161423 to 1201571 (40147 bp)
				Next Alignment: 1201571 1202152 k99_189_flag_1_multi_1.0000_len_582 582 1

			Align 52: 1201571 1202152 k99_189_flag_1_multi_1.0000_len_582 582 1
				Gap between this and next alignment: 1202152 to 1212558 (10405 bp)
				Next Alignment: 1212558 1213240 k99_517_flag_1_multi_1.0000_len_683 1 683

			Align 53: 1212558 1213240 k99_517_flag_1_multi_1.0000_len_683 1 683
				Gap between this and next alignment: 1213240 to 1296005 (82764 bp)
				Next Alignment: 1296005 1296571 k99_779_flag_1_multi_2.0000_len_567 567 1

			Align 54: 1296005 1296571 k99_779_flag_1_multi_2.0000_len_567 567 1
				Gap between this and next alignment: 1296571 to 1313020 (16448 bp)
				Next Alignment: 1313020 1313567 k99_1172_flag_1_multi_2.0000_len_548 548 1

			Align 55: 1313020 1313567 k99_1172_flag_1_multi_2.0000_len_548 548 1
				Gap between this and next alignment: 1313567 to 1354755 (41187 bp)
				Next Alignment: 1354755 1355362 k99_801_flag_1_multi_2.0000_len_608 608 1

			Align 56: 1354755 1355362 k99_801_flag_1_multi_2.0000_len_608 608 1
				Gap between this and next alignment: 1355362 to 1413904 (58541 bp)
				Next Alignment: 1413904 1414445 k99_14_flag_1_multi_1.0000_len_543 542 1

			Align 57: 1413904 1414445 k99_14_flag_1_multi_1.0000_len_543 542 1
				Gap between this and next alignment: 1414445 to 1421517 (7071 bp)
				Next Alignment: 1421517 1422104 k99_81_flag_1_multi_1.0000_len_591 1 588

			Align 58: 1421517 1422104 k99_81_flag_1_multi_1.0000_len_591 1 588
				Gap between this and next alignment: 1422104 to 1437361 (15256 bp)
				Next Alignment: 1437361 1437883 k99_1104_flag_1_multi_1.6854_len_525 3 525

			Align 59: 1437361 1437883 k99_1104_flag_1_multi_1.6854_len_525 3 525
				Gap between this and next alignment: 1437883 to 1444358 (6474 bp)
				Next Alignment: 1444358 1444926 k99_217_flag_1_multi_2.0000_len_569 1 569

			Align 60: 1444358 1444926 k99_217_flag_1_multi_2.0000_len_569 1 569
				Gap between this and next alignment: 1444926 to 1455779 (10852 bp)
				Next Alignment: 1455779 1456350 k99_423_flag_1_multi_1.0000_len_572 572 1

			Align 61: 1455779 1456350 k99_423_flag_1_multi_1.0000_len_572 572 1
				Gap between this and next alignment: 1456350 to 1533852 (77501 bp)
				Next Alignment: 1533852 1534416 k99_591_flag_1_multi_1.0000_len_565 1 565

			Align 62: 1533852 1534416 k99_591_flag_1_multi_1.0000_len_565 1 565
				Gap between this and next alignment: 1534416 to 1570105 (35688 bp)
				Next Alignment: 1570105 1570606 k99_1401_flag_1_multi_2.0000_len_502 1 502

			Align 63: 1570105 1570606 k99_1401_flag_1_multi_2.0000_len_502 1 502
				Negative gap (overlap) between this and next alignment: 1570606 to 1570419 (-187 bp)
				Next Alignment: 1570419 1571101 k99_177_flag_1_multi_1.0000_len_683 683 1

			Previous gap was negative, modifying coordinates to ignore overlap
				Moving contig start from 683 to 495.
			Align 64: 1570607 1571101 k99_177_flag_1_multi_1.0000_len_683 495 1
				Gap between this and next alignment: 1571101 to 1578442 (7340 bp)
				Next Alignment: 1578442 1578960 k99_1230_flag_1_multi_2.0000_len_520 519 1

			Align 65: 1578442 1578960 k99_1230_flag_1_multi_2.0000_len_520 519 1
				Gap between this and next alignment: 1578960 to 1633978 (55017 bp)
				Next Alignment: 1633978 1634743 k99_881_flag_1_multi_1.0000_len_766 1 766

			Align 66: 1633978 1634743 k99_881_flag_1_multi_1.0000_len_766 1 766
				Gap between this and next alignment: 1634743 to 1699045 (64301 bp)
				Next Alignment: 1699045 1699659 k99_432_flag_1_multi_1.0000_len_618 2 616

			Align 67: 1699045 1699659 k99_432_flag_1_multi_1.0000_len_618 2 616
				Gap between this and next alignment: 1699659 to 1729058 (29398 bp)
				Next Alignment: 1729058 1729576 k99_326_flag_1_multi_1.0000_len_519 519 1

			Align 68: 1729058 1729576 k99_326_flag_1_multi_1.0000_len_519 519 1
				Gap between this and next alignment: 1729576 to 1738930 (9353 bp)
				Next Alignment: 1738930 1739495 k99_1411_flag_1_multi_1.0000_len_566 566 1

			Align 69: 1738930 1739495 k99_1411_flag_1_multi_1.0000_len_566 566 1
				Gap between this and next alignment: 1739495 to 1742499 (3003 bp)
				Next Alignment: 1742499 1743083 k99_1145_flag_1_multi_2.0000_len_585 585 1

			Align 70: 1742499 1743083 k99_1145_flag_1_multi_2.0000_len_585 585 1
				Gap between this and next alignment: 1743083 to 1746515 (3431 bp)
				Next Alignment: 1746515 1746812 k99_922_flag_1_multi_1.0000_len_568 298 1

			Align 71: 1746515 1746812 k99_922_flag_1_multi_1.0000_len_568 298 1
				Gap between this and next alignment: 1746812 to 1753055 (6242 bp)
				Next Alignment: 1753055 1753731 k99_761_flag_1_multi_1.0000_len_680 4 680

			Align 72: 1753055 1753731 k99_761_flag_1_multi_1.0000_len_680 4 680
				Gap between this and next alignment: 1753731 to 1760575 (6843 bp)
				Next Alignment: 1760575 1761083 k99_1088_flag_1_multi_2.0000_len_510 1 509

			Align 73: 1760575 1761083 k99_1088_flag_1_multi_2.0000_len_510 1 509
				Gap between this and next alignment: 1761083 to 1812378 (51294 bp)
				Next Alignment: 1812378 1812881 k99_1052_flag_1_multi_1.0000_len_504 1 504

			Align 74: 1812378 1812881 k99_1052_flag_1_multi_1.0000_len_504 1 504
				Gap between this and next alignment: 1812881 to 1839776 (26894 bp)
				Next Alignment: 1839776 1840296 k99_871_flag_1_multi_2.0000_len_523 1 521

			Align 75: 1839776 1840296 k99_871_flag_1_multi_2.0000_len_523 1 521
				Gap between this and next alignment: 1840296 to 1863085 (22788 bp)
				Next Alignment: 1863085 1863689 k99_908_flag_1_multi_1.0000_len_605 605 1

			Align 76: 1863085 1863689 k99_908_flag_1_multi_1.0000_len_605 605 1
				Gap between this and next alignment: 1863689 to 1872498 (8808 bp)
				Next Alignment: 1872498 1873146 k99_168_flag_1_multi_2.0000_len_649 1 649

			Align 77: 1872498 1873146 k99_168_flag_1_multi_2.0000_len_649 1 649
				Gap between this and next alignment: 1873146 to 1885468 (12321 bp)
				Next Alignment: 1885468 1886040 k99_841_flag_1_multi_2.0000_len_573 1 573

			Align 78: 1885468 1886040 k99_841_flag_1_multi_2.0000_len_573 1 573
				Gap between this and next alignment: 1886040 to 1894404 (8363 bp)
				Next Alignment: 1894404 1894909 k99_1300_flag_1_multi_1.0000_len_506 506 1

			Align 79: 1894404 1894909 k99_1300_flag_1_multi_1.0000_len_506 506 1
				Gap between this and next alignment: 1894909 to 1895225 (315 bp)
				Next Alignment: 1895225 1895734 k99_741_flag_1_multi_2.0000_len_510 510 1

			Align 80: 1895225 1895734 k99_741_flag_1_multi_2.0000_len_510 510 1
				Gap between this and next alignment: 1895734 to 1946017 (50282 bp)
				Next Alignment: 1946017 1946516 k99_56_flag_1_multi_1.0000_len_502 3 502

			Align 81: 1946017 1946516 k99_56_flag_1_multi_1.0000_len_502 3 502
				Gap between this and next alignment: 1946516 to 1963279 (16762 bp)
				Next Alignment: 1963279 1963791 k99_1449_flag_1_multi_1.0000_len_513 1 513

			Align 82: 1963279 1963791 k99_1449_flag_1_multi_1.0000_len_513 1 513
				Gap between this and next alignment: 1963791 to 2068746 (104954 bp)
				Next Alignment: 2068746 2069341 k99_1154_flag_1_multi_3.0000_len_598 597 2

			Align 83: 2068746 2069341 k99_1154_flag_1_multi_3.0000_len_598 597 2
				Gap between this and next alignment: 2069341 to 2074228 (4886 bp)
				Next Alignment: 2074228 2074807 k99_442_flag_1_multi_1.0000_len_580 580 1

			Align 84: 2074228 2074807 k99_442_flag_1_multi_1.0000_len_580 580 1
				Gap between this and next alignment: 2074807 to 2081657 (6849 bp)
				Next Alignment: 2081657 2082158 k99_519_flag_1_multi_1.0000_len_502 502 1

			Align 85: 2081657 2082158 k99_519_flag_1_multi_1.0000_len_502 502 1
				Gap between this and next alignment: 2082158 to 2098683 (16524 bp)
				Next Alignment: 2098683 2099187 k99_802_flag_1_multi_1.0000_len_505 505 1

			Align 86: 2098683 2099187 k99_802_flag_1_multi_1.0000_len_505 505 1
				Gap between this and next alignment: 2099187 to 2101894 (2706 bp)
				Next Alignment: 2101894 2103018 k99_783_flag_1_multi_5.0000_len_1125 1125 1

			Align 87: 2101894 2103018 k99_783_flag_1_multi_5.0000_len_1125 1125 1
				Gap between this and next alignment: 2103018 to 2139234 (36215 bp)
				Next Alignment: 2139234 2139739 k99_146_flag_1_multi_1.0000_len_506 1 506

			Align 88: 2139234 2139739 k99_146_flag_1_multi_1.0000_len_506 1 506
				Gap between this and next alignment: 2139739 to 2155836 (16096 bp)
				Next Alignment: 2155836 2156375 k99_414_flag_1_multi_1.0000_len_540 1 540

			Align 89: 2155836 2156375 k99_414_flag_1_multi_1.0000_len_540 1 540
				Gap between this and next alignment: 2156375 to 2220292 (63916 bp)
				Next Alignment: 2220292 2220813 k99_319_flag_1_multi_1.0000_len_522 1 522

			Align 90: 2220292 2220813 k99_319_flag_1_multi_1.0000_len_522 1 522
				Gap between this and next alignment: 2220813 to 2252049 (31235 bp)
				Next Alignment: 2252049 2252574 k99_1361_flag_1_multi_1.0000_len_526 526 1

			Align 91: 2252049 2252574 k99_1361_flag_1_multi_1.0000_len_526 526 1
				Gap between this and next alignment: 2252574 to 2257739 (5164 bp)
				Next Alignment: 2257739 2258437 k99_523_flag_1_multi_1.0000_len_702 702 4

			Align 92: 2257739 2258437 k99_523_flag_1_multi_1.0000_len_702 702 4
				Gap between this and next alignment: 2258437 to 2301513 (43075 bp)
				Next Alignment: 2301513 2302182 k99_238_flag_1_multi_2.0000_len_670 1 670

			Align 93: 2301513 2302182 k99_238_flag_1_multi_2.0000_len_670 1 670
				Gap between this and next alignment: 2302182 to 2308639 (6456 bp)
				Next Alignment: 2308639 2309295 k99_605_flag_1_multi_1.0000_len_657 1 657

			Align 94: 2308639 2309295 k99_605_flag_1_multi_1.0000_len_657 1 657
				Gap between this and next alignment: 2309295 to 2310247 (951 bp)
				Next Alignment: 2310247 2310757 k99_1282_flag_1_multi_1.0000_len_511 511 1

			Align 95: 2310247 2310757 k99_1282_flag_1_multi_1.0000_len_511 511 1
				Gap between this and next alignment: 2310757 to 2339621 (28863 bp)
				Next Alignment: 2339621 2340224 k99_93_flag_1_multi_1.0000_len_604 1 604

			Align 96: 2339621 2340224 k99_93_flag_1_multi_1.0000_len_604 1 604
				Gap between this and next alignment: 2340224 to 2359057 (18832 bp)
				Next Alignment: 2359057 2359586 k99_1483_flag_1_multi_1.0000_len_530 530 1

			Align 97: 2359057 2359586 k99_1483_flag_1_multi_1.0000_len_530 530 1
				Gap between this and next alignment: 2359586 to 2392329 (32742 bp)
				Next Alignment: 2392329 2392997 k99_259_flag_1_multi_1.0000_len_669 1 669

			Align 98: 2392329 2392997 k99_259_flag_1_multi_1.0000_len_669 1 669
				Gap between this and next alignment: 2392997 to 2474643 (81645 bp)
				Next Alignment: 2474643 2475195 k99_1178_flag_1_multi_2.0000_len_553 1 553

			Align 99: 2474643 2475195 k99_1178_flag_1_multi_2.0000_len_553 1 553
				Gap between this and next alignment: 2475195 to 2522697 (47501 bp)
				Next Alignment: 2522697 2523240 k99_1505_flag_1_multi_1.0000_len_544 1 544

			Align 100: 2522697 2523240 k99_1505_flag_1_multi_1.0000_len_544 1 544
				Gap between this and next alignment: 2523240 to 2611775 (88534 bp)
				Next Alignment: 2611775 2612297 k99_810_flag_1_multi_2.0000_len_523 523 1

			Align 101: 2611775 2612297 k99_810_flag_1_multi_2.0000_len_523 523 1
				Gap between this and next alignment: 2612297 to 2667785 (55487 bp)
				Next Alignment: 2667785 2668373 k99_1374_flag_1_multi_1.0000_len_589 589 1

			Align 102: 2667785 2668373 k99_1374_flag_1_multi_1.0000_len_589 589 1
				Gap between this and next alignment: 2668373 to 2673419 (5045 bp)
				Next Alignment: 2673419 2674063 k99_376_flag_1_multi_2.0000_len_645 645 1

			Align 103: 2673419 2674063 k99_376_flag_1_multi_2.0000_len_645 645 1
				Gap between this and next alignment: 2674063 to 2766697 (92633 bp)
				Next Alignment: 2766697 2767325 k99_1238_flag_1_multi_2.0000_len_629 629 1

			Align 104: 2766697 2767325 k99_1238_flag_1_multi_2.0000_len_629 629 1
				Gap between this and next alignment: 2767325 to 2796347 (29021 bp)
				Next Alignment: 2796347 2796915 k99_1317_flag_1_multi_2.0000_len_569 1 569

			Align 105: 2796347 2796915 k99_1317_flag_1_multi_2.0000_len_569 1 569
				Gap between this and next alignment: 2796915 to 2816928 (20012 bp)
				Next Alignment: 2816928 2817571 k99_206_flag_1_multi_1.0000_len_644 1 644

			Align 106: 2816928 2817571 k99_206_flag_1_multi_1.0000_len_644 1 644
				Gap between this and next alignment: 2817571 to 2830005 (12433 bp)
				Next Alignment: 2830005 2830617 k99_110_flag_1_multi_1.0000_len_613 1 613

			Align 107: 2830005 2830617 k99_110_flag_1_multi_1.0000_len_613 1 613
				Gap between this and next alignment: 2830617 to 2854046 (23428 bp)
				Next Alignment: 2854046 2854690 k99_617_flag_1_multi_1.0000_len_645 645 1

			Align 108: 2854046 2854690 k99_617_flag_1_multi_1.0000_len_645 645 1
				Gap between this and next alignment: 2854690 to 2860388 (5697 bp)
				Next Alignment: 2860388 2861025 k99_755_flag_1_multi_1.0000_len_638 638 1

			Align 109: 2860388 2861025 k99_755_flag_1_multi_1.0000_len_638 638 1
				Gap between this and next alignment: 2861025 to 2887315 (26289 bp)
				Next Alignment: 2887315 2887832 k99_130_flag_1_multi_1.0000_len_520 518 1

			Align 110: 2887315 2887832 k99_130_flag_1_multi_1.0000_len_520 518 1
				Gap between this and next alignment: 2887832 to 2941422 (53589 bp)
				Next Alignment: 2941422 2942043 k99_1056_flag_1_multi_1.0000_len_622 1 622

			Align 111: 2941422 2942043 k99_1056_flag_1_multi_1.0000_len_622 1 622
				Gap between this and next alignment: 2942043 to 2946635 (4591 bp)
				Next Alignment: 2946635 2947173 k99_954_flag_1_multi_1.0000_len_539 539 1

			Align 112: 2946635 2947173 k99_954_flag_1_multi_1.0000_len_539 539 1
				Gap between this and next alignment: 2947173 to 3007810 (60636 bp)
				Next Alignment: 3007810 3008323 k99_320_flag_1_multi_1.0000_len_515 515 2

			Align 113: 3007810 3008323 k99_320_flag_1_multi_1.0000_len_515 515 2
				Gap between this and next alignment: 3008323 to 3012300 (3976 bp)
				Next Alignment: 3012300 3012817 k99_1418_flag_1_multi_2.0000_len_518 518 1

			Align 114: 3012300 3012817 k99_1418_flag_1_multi_2.0000_len_518 518 1
				Gap between this and next alignment: 3012817 to 3098025 (85207 bp)
				Next Alignment: 3098025 3098597 k99_345_flag_1_multi_1.0000_len_573 573 1

			Align 115: 3098025 3098597 k99_345_flag_1_multi_1.0000_len_573 573 1
				Gap between this and next alignment: 3098597 to 3099850 (1252 bp)
				Next Alignment: 3099850 3100385 k99_573_flag_1_multi_2.0000_len_536 536 1

			Align 116: 3099850 3100385 k99_573_flag_1_multi_2.0000_len_536 536 1
				Gap between this and next alignment: 3100385 to 3160876 (60490 bp)
				Next Alignment: 3160876 3161404 k99_733_flag_1_multi_2.0000_len_529 1 529

			Align 117: 3160876 3161404 k99_733_flag_1_multi_2.0000_len_529 1 529
				Gap between this and next alignment: 3161404 to 3212148 (50743 bp)
				Next Alignment: 3212148 3212737 k99_1221_flag_1_multi_1.0000_len_590 1 590

			Align 118: 3212148 3212737 k99_1221_flag_1_multi_1.0000_len_590 1 590
				Gap between this and next alignment: 3212737 to 3235158 (22420 bp)
				Next Alignment: 3235158 3235836 k99_679_flag_1_multi_1.0000_len_679 679 1

			Align 119: 3235158 3235836 k99_679_flag_1_multi_1.0000_len_679 679 1
				Gap between this and next alignment: 3235836 to 3260830 (24993 bp)
				Next Alignment: 3260830 3261440 k99_169_flag_1_multi_1.0000_len_611 1 611

			Align 120: 3260830 3261440 k99_169_flag_1_multi_1.0000_len_611 1 611
				Gap between this and next alignment: 3261440 to 3311820 (50379 bp)
				Next Alignment: 3311820 3312529 k99_542_flag_1_multi_1.0000_len_710 1 710

			Align 121: 3311820 3312529 k99_542_flag_1_multi_1.0000_len_710 1 710
				Gap between this and next alignment: 3312529 to 3358800 (46270 bp)
				Next Alignment: 3358800 3359431 k99_1004_flag_1_multi_2.0000_len_632 632 1

			Align 122: 3358800 3359431 k99_1004_flag_1_multi_2.0000_len_632 632 1
				Gap between this and next alignment: 3359431 to 3423512 (64080 bp)
				Next Alignment: 3423512 3424110 k99_243_flag_1_multi_2.0000_len_600 600 1

			Align 123: 3423512 3424110 k99_243_flag_1_multi_2.0000_len_600 600 1
				Gap between this and next alignment: 3424110 to 3430169 (6058 bp)
				Next Alignment: 3430169 3430782 k99_1363_flag_1_multi_1.0000_len_614 1 614

			Align 124: 3430169 3430782 k99_1363_flag_1_multi_1.0000_len_614 1 614
				Gap between this and next alignment: 3430782 to 3433690 (2907 bp)
				Next Alignment: 3433690 3434238 k99_811_flag_1_multi_1.0000_len_549 549 1

			Align 125: 3433690 3434238 k99_811_flag_1_multi_1.0000_len_549 549 1
				Gap between this and next alignment: 3434238 to 3458685 (24446 bp)
				Next Alignment: 3458685 3459374 k99_831_flag_1_multi_1.0000_len_690 690 1

			Align 126: 3458685 3459374 k99_831_flag_1_multi_1.0000_len_690 690 1
				Gap between this and next alignment: 3459374 to 3485114 (25739 bp)
				Next Alignment: 3485114 3485626 k99_781_flag_1_multi_2.0000_len_513 1 513

			Align 127: 3485114 3485626 k99_781_flag_1_multi_2.0000_len_513 1 513
				Gap between this and next alignment: 3485626 to 3489438 (3811 bp)
				Next Alignment: 3489438 3490037 k99_201_flag_1_multi_1.0000_len_600 1 600

			Align 128: 3489438 3490037 k99_201_flag_1_multi_1.0000_len_600 1 600
				Gap between this and next alignment: 3490037 to 3506465 (16427 bp)
				Next Alignment: 3506465 3507440 k99_52_flag_1_multi_1.0000_len_976 976 1

			Align 129: 3506465 3507440 k99_52_flag_1_multi_1.0000_len_976 976 1
				Gap between this and next alignment: 3507440 to 3523790 (16349 bp)
				Next Alignment: 3523790 3524427 k99_1412_flag_1_multi_2.0000_len_638 638 1

			Align 130: 3523790 3524427 k99_1412_flag_1_multi_2.0000_len_638 638 1
				Gap between this and next alignment: 3524427 to 3562910 (38482 bp)
				Next Alignment: 3562910 3563418 k99_774_flag_1_multi_1.0000_len_509 509 1

			Align 131: 3562910 3563418 k99_774_flag_1_multi_1.0000_len_509 509 1
				Gap between this and next alignment: 3563418 to 3568304 (4885 bp)
				Next Alignment: 3568304 3568805 k99_526_flag_1_multi_2.0000_len_502 1 502

			Align 132: 3568304 3568805 k99_526_flag_1_multi_2.0000_len_502 1 502
				Gap between this and next alignment: 3568805 to 3572479 (3673 bp)
				Next Alignment: 3572479 3572988 k99_301_flag_1_multi_1.0000_len_510 510 1

			Align 133: 3572479 3572988 k99_301_flag_1_multi_1.0000_len_510 510 1
				Gap between this and next alignment: 3572988 to 3600194 (27205 bp)
				Next Alignment: 3600194 3600759 k99_832_flag_1_multi_1.0000_len_566 566 1

			Align 134: 3600194 3600759 k99_832_flag_1_multi_1.0000_len_566 566 1
				Gap between this and next alignment: 3600759 to 3602055 (1295 bp)
				Next Alignment: 3602055 3602613 k99_552_flag_1_multi_1.0000_len_559 1 559

			Align 135: 3602055 3602613 k99_552_flag_1_multi_1.0000_len_559 1 559
				Gap between this and next alignment: 3602613 to 3656692 (54078 bp)
				Next Alignment: 3656692 3657240 k99_1249_flag_1_multi_2.0000_len_549 549 1

			Align 136: 3656692 3657240 k99_1249_flag_1_multi_2.0000_len_549 549 1
				Gap between this and next alignment: 3657240 to 3705113 (47872 bp)
				Next Alignment: 3705113 3705759 k99_663_flag_1_multi_1.0000_len_647 1 647

			Align 137: 3705113 3705759 k99_663_flag_1_multi_1.0000_len_647 1 647
				Gap between this and next alignment: 3705759 to 3711915 (6155 bp)
				Next Alignment: 3711915 3712415 k99_764_flag_1_multi_2.0000_len_504 4 504

			Align 138: 3711915 3712415 k99_764_flag_1_multi_2.0000_len_504 4 504
				Gap between this and next alignment: 3712415 to 3714436 (2020 bp)
				Next Alignment: 3714436 3714990 k99_1001_flag_1_multi_1.0000_len_559 555 1

			Align 139: 3714436 3714990 k99_1001_flag_1_multi_1.0000_len_559 555 1
				Gap between this and next alignment: 3714990 to 3717038 (2047 bp)
				Next Alignment: 3717038 3717584 k99_1208_flag_1_multi_1.0000_len_547 547 1

			Align 140: 3717038 3717584 k99_1208_flag_1_multi_1.0000_len_547 547 1
				Gap between this and next alignment: 3717584 to 3725166 (7581 bp)
				Next Alignment: 3725166 3725694 k99_1020_flag_1_multi_1.0000_len_532 1 529

			Align 141: 3725166 3725694 k99_1020_flag_1_multi_1.0000_len_532 1 529
				Gap between this and next alignment: 3725694 to 3780295 (54600 bp)
				Next Alignment: 3780295 3780816 k99_912_flag_1_multi_1.0000_len_522 522 1

			Align 142: 3780295 3780816 k99_912_flag_1_multi_1.0000_len_522 522 1
				Gap between this and next alignment: 3780816 to 3797097 (16280 bp)
				Next Alignment: 3797097 3797806 k99_79_flag_1_multi_2.0000_len_710 710 1

			Align 143: 3797097 3797806 k99_79_flag_1_multi_2.0000_len_710 710 1
				Gap between this and next alignment: 3797806 to 3804210 (6403 bp)
				Next Alignment: 3804210 3804731 k99_1362_flag_1_multi_2.0000_len_522 522 1

			Align 144: 3804210 3804731 k99_1362_flag_1_multi_2.0000_len_522 522 1
				Gap between this and next alignment: 3804731 to 3844430 (39698 bp)
				Next Alignment: 3844430 3844994 k99_109_flag_1_multi_1.0000_len_565 565 1

			Align 145: 3844430 3844994 k99_109_flag_1_multi_1.0000_len_565 565 1
				Gap between this and next alignment: 3844994 to 3884431 (39436 bp)
				Next Alignment: 3884431 3884932 k99_561_flag_1_multi_1.0000_len_502 1 502

			Align 146: 3884431 3884932 k99_561_flag_1_multi_1.0000_len_502 1 502
				Gap between this and next alignment: 3884932 to 3914454 (29521 bp)
				Next Alignment: 3914454 3914958 k99_281_flag_1_multi_1.0000_len_505 1 505

			Align 147: 3914454 3914958 k99_281_flag_1_multi_1.0000_len_505 1 505
				Gap between this and next alignment: 3914958 to 3990950 (75991 bp)
				Next Alignment: 3990950 3991541 k99_1502_flag_1_multi_1.0000_len_592 592 1

			Align 148: 3990950 3991541 k99_1502_flag_1_multi_1.0000_len_592 592 1
				Gap between this and next alignment: 3991541 to 4054684 (63142 bp)
				Next Alignment: 4054684 4055187 k99_1413_flag_1_multi_2.0000_len_504 504 1

			Align 149: 4054684 4055187 k99_1413_flag_1_multi_2.0000_len_504 504 1
				Gap between this and next alignment: 4055187 to 4108967 (53779 bp)
				Next Alignment: 4108967 4109467 k99_1410_flag_1_multi_1.0000_len_501 1 501

			Align 150: 4108967 4109467 k99_1410_flag_1_multi_1.0000_len_501 1 501
				Gap between this and next alignment: 4109467 to 4131270 (21802 bp)
				Next Alignment: 4131270 4131768 k99_658_flag_1_multi_2.0000_len_505 505 7

			Align 151: 4131270 4131768 k99_658_flag_1_multi_2.0000_len_505 505 7
				Gap between this and next alignment: 4131768 to 4135886 (4117 bp)
				Next Alignment: 4135886 4136452 k99_1095_flag_1_multi_1.0000_len_570 570 4

			Align 152: 4135886 4136452 k99_1095_flag_1_multi_1.0000_len_570 570 4
				Gap between this and next alignment: 4136452 to 4150164 (13711 bp)
				Next Alignment: 4150164 4150826 k99_1147_flag_1_multi_2.0000_len_663 1 663

			Align 153: 4150164 4150826 k99_1147_flag_1_multi_2.0000_len_663 1 663
				Gap between this and next alignment: 4150826 to 4152517 (1690 bp)
				Next Alignment: 4152517 4153065 k99_1370_flag_1_multi_1.0000_len_549 1 549

			Align 154: 4152517 4153065 k99_1370_flag_1_multi_1.0000_len_549 1 549
				Gap between this and next alignment: 4153065 to 4154055 (989 bp)
				Next Alignment: 4154055 4154832 k99_249_flag_1_multi_1.0000_len_778 778 1

			Align 155: 4154055 4154832 k99_249_flag_1_multi_1.0000_len_778 778 1
				Gap between this and next alignment: 4154832 to 4184748 (29915 bp)
				Next Alignment: 4184748 4185345 k99_1416_flag_1_multi_1.0000_len_598 1 598

			Align 156: 4184748 4185345 k99_1416_flag_1_multi_1.0000_len_598 1 598
				Gap between this and next alignment: 4185345 to 4302234 (116888 bp)
				Next Alignment: 4302234 4302785 k99_299_flag_1_multi_1.0000_len_552 552 1

			Align 157: 4302234 4302785 k99_299_flag_1_multi_1.0000_len_552 552 1
				Gap between this and next alignment: 4302785 to 4319417 (16631 bp)
				Next Alignment: 4319417 4319940 k99_1017_flag_1_multi_1.0000_len_524 1 524

			Align 158: 4319417 4319940 k99_1017_flag_1_multi_1.0000_len_524 1 524
				Gap between this and next alignment: 4319940 to 4409686 (89745 bp)
				Next Alignment: 4409686 4410195 k99_888_flag_1_multi_2.0000_len_510 510 1

			Align 159: 4409686 4410195 k99_888_flag_1_multi_2.0000_len_510 510 1
				Gap between this and next alignment: 4410195 to 4428542 (18346 bp)
				Next Alignment: 4428542 4429079 k99_1281_flag_1_multi_2.0000_len_538 1 538

			Align 160: 4428542 4429079 k99_1281_flag_1_multi_2.0000_len_538 1 538
				Negative gap (overlap) between this and next alignment: 4429079 to 4428945 (-134 bp)
				Next Alignment: 4428945 4429496 k99_349_flag_1_multi_1.0000_len_552 1 552

			Previous gap was negative, modifying coordinates to ignore overlap
				Moving contig start from 1 to 136.
			Align 161: 4429080 4429496 k99_349_flag_1_multi_1.0000_len_552 136 552
				Gap between this and next alignment: 4429496 to 4446468 (16971 bp)
				Next Alignment: 4446468 4446986 k99_1181_flag_1_multi_1.0000_len_522 4 522

			Align 162: 4446468 4446986 k99_1181_flag_1_multi_1.0000_len_522 4 522
				Gap between this and next alignment: 4446986 to 4560393 (113406 bp)
				Next Alignment: 4560393 4560914 k99_331_flag_1_multi_1.0000_len_522 1 522

			Align 163: 4560393 4560914 k99_331_flag_1_multi_1.0000_len_522 1 522
				Gap between this and next alignment: 4560914 to 4584391 (23476 bp)
				Next Alignment: 4584391 4584898 k99_1245_flag_1_multi_1.0000_len_508 1 508

			Align 164: 4584391 4584898 k99_1245_flag_1_multi_1.0000_len_508 1 508
				Gap between this and next alignment: 4584898 to 4619794 (34895 bp)
				Next Alignment: 4619794 4620397 k99_977_flag_1_multi_1.0000_len_604 1 604

			Align 165: 4619794 4620397 k99_977_flag_1_multi_1.0000_len_604 1 604
				Gap between this and next alignment: 4620397 to 4634681 (14283 bp)
				Next Alignment: 4634681 4635222 k99_708_flag_1_multi_2.0000_len_545 1 542

			Align 166: 4634681 4635222 k99_708_flag_1_multi_2.0000_len_545 1 542
			END in gap: 4635222 to 4641652 (6430 bp)

Analysis is finished!
Founded SNPs were written into /net/metagenomics/projects/afritz_assemblies/Simpipeline_Coverage_Sweep/050_error/Ecoli_cov2/quast/contigs_reports/nucmer_output/final.contigs.used_snps

Results:
	Local Misassemblies: 0
	Misassemblies: 0
		Relocations: 0
		Translocations: 0
		Inversions: 0
	Misassembled Contigs: 0
	Misassembled Contig Bases: 0
	Misassemblies Inter-Contig Overlap: 0
Uncovered Regions: 0 (0)
Unaligned Contigs: 31 + 3 part
Partially Unaligned Contigs with Misassemblies: 0
Unaligned Contig Bases: 18029

Ambiguously Mapped Contigs: 4
Total Bases in Ambiguously Mapped Contigs: 2925
Note that --allow-ambiguity option was set to "one" and only first alignment per each contig was used.

	Covered Bases: 96196

	SNPs: 3369
	Insertions: 5
	Deletions: 4

	Positive Gaps: 163
		Internal Gaps:  0
		External Gaps:  163
		External Gap Total:  4545456
		External Gap Average: 27886
	Negative Gaps: 4
		Internal Overlaps:  0
		External Overlaps:  4
		External Overlaps Total: -858
		External Overlaps Average: -214
	Contigs with Redundant Alignments: 0 (0)
