Aligning contigs to reference...
	Running Nucmer
Parsing coords...
Loading reference...
	Loaded [Ecoli_0920_Taxon005_]
Loading SNPs...
Loading regions...
	No regions given, using whole reference.
	Total Regions: 1
	Total Region Length: 4641652
Analyzing contigs...
CONTIG: NODE_118_length_879_cov_83.1796_ID_407814 (879bp)
Top Length: 879  Top ID: 96.47
		One align captures most of this contig: 2389426 2390304 | 879 1 | 879 879 | 96.47 | Ecoli_0920_Taxon005_ NODE_118_length_879_cov_83.1796_ID_407814

Analyzing coverage...
Writing SNPs into /net/metagenomics/projects/afritz_assemblies/Similarity_Experiment/Ecoli_OneTree/metaquast_consensus_spades/Ecoli_0950/runs_per_reference/Ecoli_0920/contigs_reports/nucmer_output/scaffolds.used_snps
	Reference Ecoli_0920_Taxon005_: 1 total alignments. 1 total regions.
		Region: 1 to 4641652 (4641652 bp)
			START in gap: 1 to 2389426 (2389425 bp)
			Align 1: 2389426 2390304 NODE_118_length_879_cov_83.1796_ID_407814 879 1
			END in gap: 2390304 to 4641652 (2251348 bp)

Analysis is finished!
Founded SNPs were written into /net/metagenomics/projects/afritz_assemblies/Similarity_Experiment/Ecoli_OneTree/metaquast_consensus_spades/Ecoli_0950/runs_per_reference/Ecoli_0920/contigs_reports/nucmer_output/scaffolds.used_snps

Results:
	Local Misassemblies: 0
	Misassemblies: 0
		Relocations: 0
		Translocations: 0
		Inversions: 0
	Misassembled Contigs: 0
	Misassembled Contig Bases: 0
	Misassemblies Inter-Contig Overlap: 0
Uncovered Regions: 0 (0)
Unaligned Contigs: 0 + 0 part
Partially Unaligned Contigs with Misassemblies: 0
Unaligned Contig Bases: 0

Ambiguously Mapped Contigs: 0
Total Bases in Ambiguously Mapped Contigs: 0
Note that --allow-ambiguity option was set to "one" and only first alignment per each contig was used.

	Covered Bases: 879

	SNPs: 31
	Insertions: 0
	Deletions: 0

	Positive Gaps: 2
		Internal Gaps:  0
		External Gaps:  2
		External Gap Total:  4640773
		External Gap Average: 2320386
	Negative Gaps: 0
		Internal Overlaps:  0
		External Overlaps:  0
		External Overlaps Total:  0
		External Overlaps Average: 0
	Contigs with Redundant Alignments: 0 (0)
