Aligning contigs to reference...
	Running Nucmer
Parsing coords...
Loading reference...
	Loaded [gi_556503834_ref_NC_000913.3_]
Loading SNPs...
Loading regions...
	No regions given, using whole reference.
	Total Regions: 1
	Total Region Length: 4641652
Analyzing contigs...
CONTIG: NODE_1_length_4442_cov_24.3741_ID_158436 (4442bp)
Top Length: 4442  Top ID: 99.48
		Marking as insignificant: 3767197 3767624 | 645 217 | 428 429 | 96.5 | gi_556503834_ref_NC_000913.3_ NODE_1_length_4442_cov_24.3741_ID_158436
		Marking as insignificant: 734148 735142 | 1211 217 | 995 995 | 98.19 | gi_556503834_ref_NC_000913.3_ NODE_1_length_4442_cov_24.3741_ID_158436
		Marking as insignificant: 729582 733302 | 3906 186 | 3721 3721 | 97.18 | gi_556503834_ref_NC_000913.3_ NODE_1_length_4442_cov_24.3741_ID_158436
		Marking as insignificant: 3762183 3765871 | 3905 217 | 3689 3689 | 99.51 | gi_556503834_ref_NC_000913.3_ NODE_1_length_4442_cov_24.3741_ID_158436
		One align captures most of this contig: 3618655 3623096 | 4442 1 | 4442 4442 | 99.48 | gi_556503834_ref_NC_000913.3_ NODE_1_length_4442_cov_24.3741_ID_158436

CONTIG: NODE_2_length_3189_cov_36.9483_ID_158438 (3189bp)
Top Length: 2607  Top ID: 99.92
		Skipping redundant alignment 279931 280128 | 536 340 | 198 197 | 98.48 | gi_556503834_ref_NC_000913.3_ NODE_2_length_3189_cov_36.9483_ID_158438
		Skipping redundant alignment 270532 271761 | 1585 356 | 1230 1230 | 99.59 | gi_556503834_ref_NC_000913.3_ NODE_2_length_3189_cov_36.9483_ID_158438
		Skipping redundant alignment 2996359 2997694 | 2964 1629 | 1336 1336 | 100.0 | gi_556503834_ref_NC_000913.3_ NODE_2_length_3189_cov_36.9483_ID_158438
		Skipping redundant alignment 3186095 3187430 | 1631 2966 | 1336 1336 | 99.93 | gi_556503834_ref_NC_000913.3_ NODE_2_length_3189_cov_36.9483_ID_158438
		Skipping redundant alignment 2068941 2070271 | 2962 1632 | 1331 1331 | 100.0 | gi_556503834_ref_NC_000913.3_ NODE_2_length_3189_cov_36.9483_ID_158438
		Skipping redundant alignment 4498181 4499511 | 1632 2962 | 1331 1331 | 100.0 | gi_556503834_ref_NC_000913.3_ NODE_2_length_3189_cov_36.9483_ID_158438
		Skipping redundant alignment 1650843 1651548 | 2257 2962 | 706 706 | 100.0 | gi_556503834_ref_NC_000913.3_ NODE_2_length_3189_cov_36.9483_ID_158438
			Skipping redundant alignments which significantly overlap with adjacent alignments
		Skipping redundant alignment 1467910 1470516 | 2962 356 | 2607 2607 | 99.92 | gi_556503834_ref_NC_000913.3_ NODE_2_length_3189_cov_36.9483_ID_158438
		This contig is misassembled. 10 total aligns.
			Real Alignment 1: 4507107 4508679 | 4 1576 | 1573 1573 | 99.62 | gi_556503834_ref_NC_000913.3_ NODE_2_length_3189_cov_36.9483_ID_158438
			  Extensive misassembly ( relocation, inconsistency = -4127475 ) between these two alignments
			Real Alignment 2: 381260 382817 | 1632 3189 | 1558 1558 | 99.55 | gi_556503834_ref_NC_000913.3_ NODE_2_length_3189_cov_36.9483_ID_158438

CONTIG: NODE_3_length_3141_cov_78.8876_ID_158440 (3141bp)
Top Length: 3141  Top ID: 99.75
		Marking as insignificant: 3423418 3423548 | 3141 3011 | 131 131 | 98.47 | gi_556503834_ref_NC_000913.3_ NODE_3_length_3141_cov_78.8876_ID_158440
		This contig has 7 significant alignments. [An ambiguously mapped contig]
		Using only first of these alignment (option --ambiguity-usage is set to "one"):
		Alignment: 225739 228880 | 1 3141 | 3142 3141 | 99.75 | gi_556503834_ref_NC_000913.3_ NODE_3_length_3141_cov_78.8876_ID_158440
		Skipping alignment  3423663 3426803 | 3141 1 | 3141 3141 | 99.75 | gi_556503834_ref_NC_000913.3_ NODE_3_length_3141_cov_78.8876_ID_158440
		Skipping alignment  3943684 3946824 | 1 3141 | 3141 3141 | 99.68 | gi_556503834_ref_NC_000913.3_ NODE_3_length_3141_cov_78.8876_ID_158440
		Skipping alignment  4037499 4040641 | 1 3141 | 3143 3141 | 99.68 | gi_556503834_ref_NC_000913.3_ NODE_3_length_3141_cov_78.8876_ID_158440
		Skipping alignment  4210023 4213164 | 1 3141 | 3142 3141 | 99.68 | gi_556503834_ref_NC_000913.3_ NODE_3_length_3141_cov_78.8876_ID_158440
		Skipping alignment  4168621 4171761 | 1 3141 | 3141 3141 | 99.62 | gi_556503834_ref_NC_000913.3_ NODE_3_length_3141_cov_78.8876_ID_158440
		Skipping alignment  2726064 2729204 | 3141 1 | 3141 3141 | 99.59 | gi_556503834_ref_NC_000913.3_ NODE_3_length_3141_cov_78.8876_ID_158440

CONTIG: NODE_4_length_2061_cov_68.0095_ID_158442 (2061bp)
Top Length: 2061  Top ID: 99.81
		Marking as insignificant: 3941662 3943393 | 2061 330 | 1732 1732 | 99.6 | gi_556503834_ref_NC_000913.3_ NODE_4_length_2061_cov_68.0095_ID_158442
		Marking as insignificant: 2729567 2731303 | 325 2061 | 1737 1737 | 99.54 | gi_556503834_ref_NC_000913.3_ NODE_4_length_2061_cov_68.0095_ID_158442
		Marking as insignificant: 4166513 4168253 | 2061 322 | 1741 1740 | 99.77 | gi_556503834_ref_NC_000913.3_ NODE_4_length_2061_cov_68.0095_ID_158442
		Marking as insignificant: 4208001 4209741 | 2061 322 | 1741 1740 | 99.83 | gi_556503834_ref_NC_000913.3_ NODE_4_length_2061_cov_68.0095_ID_158442
		This contig has 3 significant alignments. [An ambiguously mapped contig]
		Using only first of these alignment (option --ambiguity-usage is set to "one"):
		Alignment: 4035385 4037445 | 2061 1 | 2061 2061 | 99.81 | gi_556503834_ref_NC_000913.3_ NODE_4_length_2061_cov_68.0095_ID_158442
		Skipping alignment  3426848 3428908 | 1 2061 | 2061 2061 | 99.56 | gi_556503834_ref_NC_000913.3_ NODE_4_length_2061_cov_68.0095_ID_158442
		Skipping alignment  223625 225685 | 2061 1 | 2061 2061 | 99.52 | gi_556503834_ref_NC_000913.3_ NODE_4_length_2061_cov_68.0095_ID_158442

CONTIG: NODE_5_length_1636_cov_44.0879_ID_158444 (1636bp)
Top Length: 1486  Top ID: 99.39
		Skipping redundant alignment 391701 392972 | 143 1414 | 1272 1272 | 99.84 | gi_556503834_ref_NC_000913.3_ NODE_5_length_1636_cov_44.0879_ID_158444
		Skipping redundant alignment 1094245 1095503 | 151 1409 | 1259 1259 | 100.0 | gi_556503834_ref_NC_000913.3_ NODE_5_length_1636_cov_44.0879_ID_158444
		Skipping redundant alignment 315229 316483 | 1405 151 | 1255 1255 | 100.0 | gi_556503834_ref_NC_000913.3_ NODE_5_length_1636_cov_44.0879_ID_158444
		This contig is misassembled. 5 total aligns.
			Excluding internal overlap of size 1260 between Alignment 1 and 2:  2170169 2171578 | 1410 1 | 1410 1410 --> 2171429 2171578 | 150 1 | 150 150
			Real Alignment 1: 2171429 2171578 | 150 1 | 150 150 | 99.57 | gi_556503834_ref_NC_000913.3_ NODE_5_length_1636_cov_44.0879_ID_158444
			  Extensive misassembly ( relocation, inconsistency = 1603394 ) between these two alignments
			Real Alignment 2: 566549 568034 | 1636 151 | 1486 1486 | 99.39 | gi_556503834_ref_NC_000913.3_ NODE_5_length_1636_cov_44.0879_ID_158444

CONTIG: NODE_6_length_1533_cov_98.6407_ID_158446 (1533bp)
Top Length: 1372  Top ID: 99.64
		Skipping redundant alignment 2101745 2102948 | 1370 167 | 1204 1204 | 99.92 | gi_556503834_ref_NC_000913.3_ NODE_6_length_1533_cov_98.6407_ID_158446
		Skipping redundant alignment 2288919 2290117 | 1366 168 | 1199 1199 | 99.92 | gi_556503834_ref_NC_000913.3_ NODE_6_length_1533_cov_98.6407_ID_158446
		Skipping redundant alignment 1396041 1397247 | 169 1375 | 1207 1207 | 99.92 | gi_556503834_ref_NC_000913.3_ NODE_6_length_1533_cov_98.6407_ID_158446
		Skipping redundant alignment 3652030 3653233 | 1372 169 | 1204 1204 | 100.0 | gi_556503834_ref_NC_000913.3_ NODE_6_length_1533_cov_98.6407_ID_158446
		Skipping redundant alignment 574586 575788 | 1371 169 | 1203 1203 | 100.0 | gi_556503834_ref_NC_000913.3_ NODE_6_length_1533_cov_98.6407_ID_158446
		Skipping redundant alignment 687847 689048 | 1370 169 | 1202 1202 | 100.0 | gi_556503834_ref_NC_000913.3_ NODE_6_length_1533_cov_98.6407_ID_158446
		Skipping redundant alignment 3365552 3366753 | 1370 169 | 1202 1202 | 100.0 | gi_556503834_ref_NC_000913.3_ NODE_6_length_1533_cov_98.6407_ID_158446
		Skipping redundant alignment 273951 275149 | 1370 172 | 1199 1199 | 99.92 | gi_556503834_ref_NC_000913.3_ NODE_6_length_1533_cov_98.6407_ID_158446
		Skipping redundant alignment 2066156 2067353 | 1369 172 | 1198 1198 | 99.58 | gi_556503834_ref_NC_000913.3_ NODE_6_length_1533_cov_98.6407_ID_158446
		This contig is misassembled. 11 total aligns.
			Excluding internal overlap of size 1204 between Alignment 1 and 2:  1299496 1300860 | 169 1533 | 1365 1365 --> 1300700 1300860 | 1373 1533 | 161 161
			Real Alignment 1: 3129975 3131346 | 1 1372 | 1372 1372 | 99.64 | gi_556503834_ref_NC_000913.3_ NODE_6_length_1533_cov_98.6407_ID_158446
			  Extensive misassembly ( relocation, inconsistency = -1830647 ) between these two alignments
			Real Alignment 2: 1300700 1300860 | 1373 1533 | 161 161 | 99.78 | gi_556503834_ref_NC_000913.3_ NODE_6_length_1533_cov_98.6407_ID_158446

CONTIG: NODE_7_length_1415_cov_21.9551_ID_158448 (1415bp)
Top Length: 1415  Top ID: 99.43
		Marking as insignificant: 2514263 2515430 | 1168 1 | 1168 1168 | 99.57 | gi_556503834_ref_NC_000913.3_ NODE_7_length_1415_cov_21.9551_ID_158448
		Marking as insignificant: 15376 16544 | 1169 1 | 1169 1169 | 99.49 | gi_556503834_ref_NC_000913.3_ NODE_7_length_1415_cov_21.9551_ID_158448
		One align captures most of this contig: 607750 609164 | 1415 1 | 1415 1415 | 99.43 | gi_556503834_ref_NC_000913.3_ NODE_7_length_1415_cov_21.9551_ID_158448

CONTIG: NODE_8_length_1087_cov_57.9205_ID_158450 (1087bp)
Top Length: 971  Top ID: 99.28
		Skipping redundant alignment 1978503 1979285 | 967 185 | 783 783 | 99.49 | gi_556503834_ref_NC_000913.3_ NODE_8_length_1087_cov_57.9205_ID_158450
		Skipping redundant alignment 19796 20564 | 967 199 | 769 769 | 100.0 | gi_556503834_ref_NC_000913.3_ NODE_8_length_1087_cov_57.9205_ID_158450
		Skipping redundant alignment 257908 258676 | 967 199 | 769 769 | 100.0 | gi_556503834_ref_NC_000913.3_ NODE_8_length_1087_cov_57.9205_ID_158450
		Skipping redundant alignment 279162 279930 | 968 200 | 769 769 | 98.83 | gi_556503834_ref_NC_000913.3_ NODE_8_length_1087_cov_57.9205_ID_158450
		Skipping redundant alignment 290634 291401 | 967 200 | 768 768 | 98.83 | gi_556503834_ref_NC_000913.3_ NODE_8_length_1087_cov_57.9205_ID_158450
		This contig is misassembled. 7 total aligns.
			Excluding internal overlap of size 772 between Alignment 1 and 2:  1049778 1050665 | 200 1087 | 888 888 --> 1050550 1050665 | 972 1087 | 116 116
			Real Alignment 1: 3583229 3584199 | 1 971 | 971 971 | 99.28 | gi_556503834_ref_NC_000913.3_ NODE_8_length_1087_cov_57.9205_ID_158450
			  Extensive misassembly ( relocation, inconsistency = -2533650 ) between these two alignments
			Real Alignment 2: 1050550 1050665 | 972 1087 | 116 116 | 98.76 | gi_556503834_ref_NC_000913.3_ NODE_8_length_1087_cov_57.9205_ID_158450

CONTIG: NODE_9_length_1073_cov_8.68959_ID_158452 (1073bp)
Top Length: 1073  Top ID: 98.42
		Marking as insignificant: 1528193 1529265 | 1 1073 | 1073 1073 | 97.39 | gi_556503834_ref_NC_000913.3_ NODE_9_length_1073_cov_8.68959_ID_158452
		One align captures most of this contig: 525739 526811 | 1 1073 | 1073 1073 | 98.42 | gi_556503834_ref_NC_000913.3_ NODE_9_length_1073_cov_8.68959_ID_158452

CONTIG: NODE_10_length_894_cov_6.07867_ID_158454 (894bp)
Top Length: 894  Top ID: 97.76
		This contig has 2 significant alignments. [An ambiguously mapped contig]
		Using only first of these alignment (option --ambiguity-usage is set to "one"):
		Alignment: 1433808 1434701 | 894 1 | 894 894 | 97.76 | gi_556503834_ref_NC_000913.3_ NODE_10_length_894_cov_6.07867_ID_158454
		Skipping alignment  1632595 1633488 | 1 894 | 894 894 | 96.98 | gi_556503834_ref_NC_000913.3_ NODE_10_length_894_cov_6.07867_ID_158454

CONTIG: NODE_11_length_882_cov_15.3362_ID_158456 (882bp)
Top Length: 882  Top ID: 98.3
		Marking as insignificant: 3470143 3470956 | 814 1 | 814 814 | 98.4 | gi_556503834_ref_NC_000913.3_ NODE_11_length_882_cov_15.3362_ID_158456
		One align captures most of this contig: 4176317 4177198 | 1 882 | 882 882 | 98.3 | gi_556503834_ref_NC_000913.3_ NODE_11_length_882_cov_15.3362_ID_158456

CONTIG: NODE_12_length_862_cov_1.31599_ID_158458 (862bp)
Top Length: 862  Top ID: 97.45
		One align captures most of this contig: 4481870 4482731 | 1 862 | 862 862 | 97.45 | gi_556503834_ref_NC_000913.3_ NODE_12_length_862_cov_1.31599_ID_158458

CONTIG: NODE_13_length_835_cov_3.56923_ID_158460 (835bp)
Top Length: 835  Top ID: 98.2
		One align captures most of this contig: 109330 110164 | 835 1 | 835 835 | 98.2 | gi_556503834_ref_NC_000913.3_ NODE_13_length_835_cov_3.56923_ID_158460

CONTIG: NODE_14_length_790_cov_1.92925_ID_158462 (790bp)
Top Length: 790  Top ID: 97.85
		One align captures most of this contig: 4263696 4264485 | 790 1 | 790 790 | 97.85 | gi_556503834_ref_NC_000913.3_ NODE_14_length_790_cov_1.92925_ID_158462

CONTIG: NODE_15_length_788_cov_11.6944_ID_158464 (788bp)
Top Length: 788  Top ID: 97.21
		Marking as insignificant: 1570641 1571355 | 74 788 | 715 715 | 97.34 | gi_556503834_ref_NC_000913.3_ NODE_15_length_788_cov_11.6944_ID_158464
		One align captures most of this contig: 3666103 3666890 | 1 788 | 788 788 | 97.21 | gi_556503834_ref_NC_000913.3_ NODE_15_length_788_cov_11.6944_ID_158464

CONTIG: NODE_16_length_770_cov_1.96643_ID_158466 (770bp)
Top Length: 769  Top ID: 97.79
		One align captures most of this contig: 478398 479166 | 769 1 | 769 769 | 97.79 | gi_556503834_ref_NC_000913.3_ NODE_16_length_770_cov_1.96643_ID_158466

CONTIG: NODE_17_length_751_cov_1.92672_ID_158468 (751bp)
Top Length: 751  Top ID: 98.67
		One align captures most of this contig: 3586952 3587702 | 1 751 | 751 751 | 98.67 | gi_556503834_ref_NC_000913.3_ NODE_17_length_751_cov_1.92672_ID_158468

CONTIG: NODE_18_length_746_cov_2.5123_ID_158470 (746bp)
Top Length: 743  Top ID: 97.71
		One align captures most of this contig: 3226555 3227297 | 743 1 | 743 743 | 97.71 | gi_556503834_ref_NC_000913.3_ NODE_18_length_746_cov_2.5123_ID_158470

CONTIG: NODE_19_length_741_cov_1.27551_ID_158472 (741bp)
Top Length: 741  Top ID: 97.57
		One align captures most of this contig: 26237 26977 | 741 1 | 741 741 | 97.57 | gi_556503834_ref_NC_000913.3_ NODE_19_length_741_cov_1.27551_ID_158472

CONTIG: NODE_20_length_739_cov_4.36404_ID_158474 (739bp)
Top Length: 739  Top ID: 96.75
		One align captures most of this contig: 2011486 2012224 | 739 1 | 739 739 | 96.75 | gi_556503834_ref_NC_000913.3_ NODE_20_length_739_cov_4.36404_ID_158474

CONTIG: NODE_21_length_732_cov_3.37962_ID_158476 (732bp)
Top Length: 732  Top ID: 98.77
		One align captures most of this contig: 3532505 3533236 | 732 1 | 732 732 | 98.77 | gi_556503834_ref_NC_000913.3_ NODE_21_length_732_cov_3.37962_ID_158476

CONTIG: NODE_22_length_729_cov_6.58605_ID_158478 (729bp)
Top Length: 726  Top ID: 98.9
		This contig has 2 significant alignments. [An ambiguously mapped contig]
		Using only first of these alignment (option --ambiguity-usage is set to "one"):
		Alignment: 1634218 1634943 | 1 726 | 726 726 | 98.9 | gi_556503834_ref_NC_000913.3_ NODE_22_length_729_cov_6.58605_ID_158478
		Skipping alignment  1432353 1433078 | 726 1 | 726 726 | 98.76 | gi_556503834_ref_NC_000913.3_ NODE_22_length_729_cov_6.58605_ID_158478

CONTIG: NODE_23_length_699_cov_1.63043_ID_158480 (699bp)
Top Length: 699  Top ID: 97.28
		One align captures most of this contig: 1448216 1448914 | 699 1 | 699 699 | 97.28 | gi_556503834_ref_NC_000913.3_ NODE_23_length_699_cov_1.63043_ID_158480

CONTIG: NODE_24_length_699_cov_2.39907_ID_158482 (699bp)
Top Length: 699  Top ID: 97.28
		One align captures most of this contig: 834979 835677 | 1 699 | 699 699 | 97.28 | gi_556503834_ref_NC_000913.3_ NODE_24_length_699_cov_2.39907_ID_158482

CONTIG: NODE_25_length_679_cov_2.19712_ID_158484 (679bp)
Top Length: 679  Top ID: 97.2
		One align captures most of this contig: 3915765 3916443 | 1 679 | 679 679 | 97.2 | gi_556503834_ref_NC_000913.3_ NODE_25_length_679_cov_2.19712_ID_158484

CONTIG: NODE_26_length_678_cov_4.40128_ID_158486 (678bp)
Top Length: 678  Top ID: 98.08
		One align captures most of this contig: 3174947 3175624 | 1 678 | 678 678 | 98.08 | gi_556503834_ref_NC_000913.3_ NODE_26_length_678_cov_4.40128_ID_158486

CONTIG: NODE_27_length_675_cov_19.5387_ID_158488 (675bp)
Top Length: 594  Top ID: 98.65
			Skipping redundant alignments after choosing the best set of alignments
		Skipping redundant alignment 1532374 1532967 | 1 594 | 594 594 | 98.65 | gi_556503834_ref_NC_000913.3_ NODE_27_length_675_cov_19.5387_ID_158488
		Skipping redundant alignment 3624936 3625524 | 1 589 | 589 589 | 98.3 | gi_556503834_ref_NC_000913.3_ NODE_27_length_675_cov_19.5387_ID_158488
		This contig is misassembled. 4 total aligns.
			Excluding internal overlap of size 291 between Alignment 1 and 2:  239098 239473 | 299 674 | 376 376 --> 239389 239473 | 590 674 | 85 85
			Real Alignment 1: 737383 737971 | 1 589 | 589 589 | 97.28 | gi_556503834_ref_NC_000913.3_ NODE_27_length_675_cov_19.5387_ID_158488
			  Extensive misassembly ( relocation, inconsistency = -498583 ) between these two alignments
			Real Alignment 2: 239389 239473 | 590 674 | 85 85 | 96.28 | gi_556503834_ref_NC_000913.3_ NODE_27_length_675_cov_19.5387_ID_158488

CONTIG: NODE_28_length_667_cov_2.05556_ID_158490 (667bp)
Top Length: 667  Top ID: 97.3
		One align captures most of this contig: 2828685 2829351 | 1 667 | 667 667 | 97.3 | gi_556503834_ref_NC_000913.3_ NODE_28_length_667_cov_2.05556_ID_158490

CONTIG: NODE_29_length_654_cov_1.18698_ID_158492 (654bp)
Top Length: 654  Top ID: 98.01
		One align captures most of this contig: 1893376 1894029 | 654 1 | 654 654 | 98.01 | gi_556503834_ref_NC_000913.3_ NODE_29_length_654_cov_1.18698_ID_158492

CONTIG: NODE_30_length_652_cov_1.59966_ID_158494 (652bp)
Top Length: 652  Top ID: 97.39
		One align captures most of this contig: 3228838 3229489 | 1 652 | 652 652 | 97.39 | gi_556503834_ref_NC_000913.3_ NODE_30_length_652_cov_1.59966_ID_158494

CONTIG: NODE_31_length_650_cov_6.55966_ID_158496 (650bp)
Top Length: 650  Top ID: 98.77
		One align captures most of this contig: 4539804 4540453 | 1 650 | 650 650 | 98.77 | gi_556503834_ref_NC_000913.3_ NODE_31_length_650_cov_6.55966_ID_158496

CONTIG: NODE_32_length_646_cov_13.9695_ID_158498 (646bp)
Top Length: 646  Top ID: 97.21
		Marking as insignificant: 736486 736681 | 1 196 | 196 196 | 95.41 | gi_556503834_ref_NC_000913.3_ NODE_32_length_646_cov_13.9695_ID_158498
		Marking as insignificant: 736866 737511 | 1 646 | 646 646 | 95.51 | gi_556503834_ref_NC_000913.3_ NODE_32_length_646_cov_13.9695_ID_158498
		Marking as insignificant: 1531857 1532502 | 1 646 | 646 646 | 96.13 | gi_556503834_ref_NC_000913.3_ NODE_32_length_646_cov_13.9695_ID_158498
		One align captures most of this contig: 3624419 3625064 | 1 646 | 646 646 | 97.21 | gi_556503834_ref_NC_000913.3_ NODE_32_length_646_cov_13.9695_ID_158498

CONTIG: NODE_33_length_643_cov_2.85714_ID_158500 (643bp)
Top Length: 640  Top ID: 97.81
		One align captures most of this contig: 2774875 2775514 | 640 1 | 640 640 | 97.81 | gi_556503834_ref_NC_000913.3_ NODE_33_length_643_cov_2.85714_ID_158500

CONTIG: NODE_34_length_632_cov_2.80763_ID_158502 (632bp)
Top Length: 632  Top ID: 97.63
		One align captures most of this contig: 3292594 3293225 | 632 1 | 632 632 | 97.63 | gi_556503834_ref_NC_000913.3_ NODE_34_length_632_cov_2.80763_ID_158502

CONTIG: NODE_35_length_627_cov_1.92657_ID_158504 (627bp)
Top Length: 625  Top ID: 96.64
		One align captures most of this contig: 2804868 2805492 | 627 3 | 625 625 | 96.64 | gi_556503834_ref_NC_000913.3_ NODE_35_length_627_cov_1.92657_ID_158504

CONTIG: NODE_36_length_627_cov_8.39685_ID_158506 (627bp)
Top Length: 627  Top ID: 98.25
		Marking as insignificant: 1571183 1571802 | 627 8 | 620 620 | 97.9 | gi_556503834_ref_NC_000913.3_ NODE_36_length_627_cov_8.39685_ID_158506
		One align captures most of this contig: 3666718 3667344 | 627 1 | 627 627 | 98.25 | gi_556503834_ref_NC_000913.3_ NODE_36_length_627_cov_8.39685_ID_158506

CONTIG: NODE_37_length_625_cov_2.78246_ID_158508 (625bp)
Top Length: 625  Top ID: 98.56
		One align captures most of this contig: 1152097 1152721 | 625 1 | 625 625 | 98.56 | gi_556503834_ref_NC_000913.3_ NODE_37_length_625_cov_2.78246_ID_158508

CONTIG: NODE_38_length_621_cov_2.47703_ID_158510 (621bp)
Top Length: 619  Top ID: 97.09
		One align captures most of this contig: 719777 720395 | 1 619 | 619 619 | 97.09 | gi_556503834_ref_NC_000913.3_ NODE_38_length_621_cov_2.47703_ID_158510

CONTIG: NODE_39_length_614_cov_2.59392_ID_158512 (614bp)
Top Length: 613  Top ID: 98.69
		One align captures most of this contig: 1023622 1024234 | 613 1 | 613 613 | 98.69 | gi_556503834_ref_NC_000913.3_ NODE_39_length_614_cov_2.59392_ID_158512

CONTIG: NODE_40_length_612_cov_2.48294_ID_158514 (612bp)
Top Length: 612  Top ID: 98.2
		One align captures most of this contig: 1119337 1119948 | 612 1 | 612 612 | 98.2 | gi_556503834_ref_NC_000913.3_ NODE_40_length_612_cov_2.48294_ID_158514

CONTIG: NODE_41_length_611_cov_0.976619_ID_158516 (611bp)
Top Length: 611  Top ID: 96.73
		One align captures most of this contig: 4224189 4224799 | 1 611 | 611 611 | 96.73 | gi_556503834_ref_NC_000913.3_ NODE_41_length_611_cov_0.976619_ID_158516

CONTIG: NODE_42_length_607_cov_1.0308_ID_158518 (607bp)
Top Length: 607  Top ID: 96.21
		One align captures most of this contig: 2008192 2008798 | 607 1 | 607 607 | 96.21 | gi_556503834_ref_NC_000913.3_ NODE_42_length_607_cov_1.0308_ID_158518

CONTIG: NODE_43_length_605_cov_1.49818_ID_158520 (605bp)
Top Length: 602  Top ID: 98.17
		One align captures most of this contig: 3876642 3877243 | 605 4 | 602 602 | 98.17 | gi_556503834_ref_NC_000913.3_ NODE_43_length_605_cov_1.49818_ID_158520

CONTIG: NODE_44_length_605_cov_1.53273_ID_158522 (605bp)
Top Length: 605  Top ID: 98.02
		One align captures most of this contig: 1368552 1369156 | 1 605 | 605 605 | 98.02 | gi_556503834_ref_NC_000913.3_ NODE_44_length_605_cov_1.53273_ID_158522

CONTIG: NODE_45_length_603_cov_3.54562_ID_158524 (603bp)
Top Length: 603  Top ID: 97.01
		One align captures most of this contig: 3860651 3861253 | 1 603 | 603 603 | 97.01 | gi_556503834_ref_NC_000913.3_ NODE_45_length_603_cov_3.54562_ID_158524

CONTIG: NODE_46_length_603_cov_10.188_ID_158526 (603bp)
Top Length: 410  Top ID: 99.76
		Skipping redundant alignment 1287537 1287622 | 279 194 | 86 86 | 100.0 | gi_556503834_ref_NC_000913.3_ NODE_46_length_603_cov_10.188_ID_158526
		Skipping redundant alignment 1286741 1287084 | 603 260 | 344 344 | 95.65 | gi_556503834_ref_NC_000913.3_ NODE_46_length_603_cov_10.188_ID_158526
		Skipping redundant alignment 1286704 1286906 | 462 260 | 203 203 | 95.59 | gi_556503834_ref_NC_000913.3_ NODE_46_length_603_cov_10.188_ID_158526
		This contig is misassembled. 5 total aligns.
			Excluding internal overlap of size 85 between Alignment 1 and 2:  4175279 4175556 | 1 278 | 278 278 --> 4175279 4175471 | 1 193 | 193 193
			Real Alignment 1: 4175279 4175471 | 1 193 | 193 193 | 97.48 | gi_556503834_ref_NC_000913.3_ NODE_46_length_603_cov_10.188_ID_158526
			  Extensive misassembly ( relocation, inconsistency = -2888553 ) between these two alignments
			Real Alignment 2: 1286919 1287328 | 603 194 | 410 410 | 99.76 | gi_556503834_ref_NC_000913.3_ NODE_46_length_603_cov_10.188_ID_158526

CONTIG: NODE_47_length_599_cov_1.98897_ID_158528 (599bp)
Top Length: 599  Top ID: 97.66
		One align captures most of this contig: 3504668 3505266 | 599 1 | 599 599 | 97.66 | gi_556503834_ref_NC_000913.3_ NODE_47_length_599_cov_1.98897_ID_158528

CONTIG: NODE_48_length_593_cov_3.26394_ID_158530 (593bp)
Top Length: 593  Top ID: 98.15
		One align captures most of this contig: 1318825 1319417 | 593 1 | 593 593 | 98.15 | gi_556503834_ref_NC_000913.3_ NODE_48_length_593_cov_3.26394_ID_158530

CONTIG: NODE_49_length_588_cov_1.75797_ID_158532 (588bp)
Top Length: 588  Top ID: 98.98
		One align captures most of this contig: 484318 484905 | 1 588 | 588 588 | 98.98 | gi_556503834_ref_NC_000913.3_ NODE_49_length_588_cov_1.75797_ID_158532

CONTIG: NODE_50_length_588_cov_1.35084_ID_158534 (588bp)
Top Length: 588  Top ID: 96.77
		One align captures most of this contig: 3420900 3421487 | 588 1 | 588 588 | 96.77 | gi_556503834_ref_NC_000913.3_ NODE_50_length_588_cov_1.35084_ID_158534

CONTIG: NODE_51_length_587_cov_6.10338_ID_158536 (587bp)
Top Length: 587  Top ID: 98.13
		Marking as insignificant: 1096961 1097040 | 157 236 | 80 80 | 100.0 | gi_556503834_ref_NC_000913.3_ NODE_51_length_587_cov_6.10338_ID_158536
		Marking as insignificant: 925841 925978 | 175 312 | 138 138 | 97.83 | gi_556503834_ref_NC_000913.3_ NODE_51_length_587_cov_6.10338_ID_158536
		Marking as insignificant: 1096986 1097221 | 1 236 | 236 236 | 99.15 | gi_556503834_ref_NC_000913.3_ NODE_51_length_587_cov_6.10338_ID_158536
		Marking as insignificant: 1097167 1097402 | 1 236 | 236 236 | 100.0 | gi_556503834_ref_NC_000913.3_ NODE_51_length_587_cov_6.10338_ID_158536
		One align captures most of this contig: 1097348 1097934 | 1 587 | 587 587 | 98.13 | gi_556503834_ref_NC_000913.3_ NODE_51_length_587_cov_6.10338_ID_158536

CONTIG: NODE_52_length_585_cov_1.21321_ID_158538 (585bp)
Top Length: 585  Top ID: 97.26
		One align captures most of this contig: 3617516 3618100 | 585 1 | 585 585 | 97.26 | gi_556503834_ref_NC_000913.3_ NODE_52_length_585_cov_1.21321_ID_158538

CONTIG: NODE_53_length_584_cov_1.23819_ID_158540 (584bp)
Top Length: 583  Top ID: 96.91
		One align captures most of this contig: 3647097 3647679 | 2 584 | 583 583 | 96.91 | gi_556503834_ref_NC_000913.3_ NODE_53_length_584_cov_1.23819_ID_158540

CONTIG: NODE_54_length_581_cov_4.42205_ID_158542 (581bp)
Top Length: 581  Top ID: 97.93
		One align captures most of this contig: 4634368 4634948 | 581 1 | 581 581 | 97.93 | gi_556503834_ref_NC_000913.3_ NODE_54_length_581_cov_4.42205_ID_158542

CONTIG: NODE_55_length_575_cov_2.66731_ID_158544 (575bp)
Top Length: 573  Top ID: 97.56
		One align captures most of this contig: 3307121 3307693 | 3 575 | 573 573 | 97.56 | gi_556503834_ref_NC_000913.3_ NODE_55_length_575_cov_2.66731_ID_158544

CONTIG: NODE_56_length_573_cov_1.17568_ID_158546 (573bp)
Top Length: 573  Top ID: 96.16
		One align captures most of this contig: 3390333 3390905 | 573 1 | 573 573 | 96.16 | gi_556503834_ref_NC_000913.3_ NODE_56_length_573_cov_1.17568_ID_158546

CONTIG: NODE_57_length_564_cov_1.39293_ID_158548 (564bp)
Top Length: 564  Top ID: 97.7
		One align captures most of this contig: 2155163 2155726 | 1 564 | 564 564 | 97.7 | gi_556503834_ref_NC_000913.3_ NODE_57_length_564_cov_1.39293_ID_158548

CONTIG: NODE_58_length_562_cov_3.54832_ID_158550 (562bp)
Top Length: 562  Top ID: 99.29
		One align captures most of this contig: 1779012 1779573 | 1 562 | 562 562 | 99.29 | gi_556503834_ref_NC_000913.3_ NODE_58_length_562_cov_3.54832_ID_158550

CONTIG: NODE_59_length_560_cov_1.97624_ID_158552 (560bp)
Top Length: 560  Top ID: 97.86
		One align captures most of this contig: 1292481 1293040 | 1 560 | 560 560 | 97.86 | gi_556503834_ref_NC_000913.3_ NODE_59_length_560_cov_1.97624_ID_158552

CONTIG: NODE_60_length_560_cov_2.42376_ID_158554 (560bp)
Top Length: 560  Top ID: 98.04
		One align captures most of this contig: 2104015 2104574 | 560 1 | 560 560 | 98.04 | gi_556503834_ref_NC_000913.3_ NODE_60_length_560_cov_2.42376_ID_158554

CONTIG: NODE_61_length_556_cov_0.96008_ID_158556 (556bp)
Top Length: 556  Top ID: 97.3
		One align captures most of this contig: 2955556 2956111 | 556 1 | 556 556 | 97.3 | gi_556503834_ref_NC_000913.3_ NODE_61_length_556_cov_0.96008_ID_158556

CONTIG: NODE_62_length_555_cov_3.34_ID_158558 (555bp)
Top Length: 555  Top ID: 96.04
		One align captures most of this contig: 947129 947683 | 1 555 | 555 555 | 96.04 | gi_556503834_ref_NC_000913.3_ NODE_62_length_555_cov_3.34_ID_158558

CONTIG: NODE_63_length_554_cov_3.60922_ID_158560 (554bp)
Top Length: 554  Top ID: 96.75
		One align captures most of this contig: 3985504 3986057 | 1 554 | 554 554 | 96.75 | gi_556503834_ref_NC_000913.3_ NODE_63_length_554_cov_3.60922_ID_158560

CONTIG: NODE_64_length_553_cov_2.06827_ID_158562 (553bp)
Top Length: 553  Top ID: 98.01
		One align captures most of this contig: 728397 728949 | 1 553 | 553 553 | 98.01 | gi_556503834_ref_NC_000913.3_ NODE_64_length_553_cov_2.06827_ID_158562

CONTIG: NODE_65_length_552_cov_1.50905_ID_158564 (552bp)
Top Length: 552  Top ID: 98.01
		One align captures most of this contig: 3144129 3144680 | 552 1 | 552 552 | 98.01 | gi_556503834_ref_NC_000913.3_ NODE_65_length_552_cov_1.50905_ID_158564

CONTIG: NODE_66_length_552_cov_2.65392_ID_158566 (552bp)
Top Length: 552  Top ID: 97.83
		One align captures most of this contig: 783582 784133 | 1 552 | 552 552 | 97.83 | gi_556503834_ref_NC_000913.3_ NODE_66_length_552_cov_2.65392_ID_158566

CONTIG: NODE_67_length_551_cov_3.3125_ID_158568 (551bp)
Top Length: 551  Top ID: 97.1
		One align captures most of this contig: 4040961 4041511 | 1 551 | 551 551 | 97.1 | gi_556503834_ref_NC_000913.3_ NODE_67_length_551_cov_3.3125_ID_158568

CONTIG: NODE_68_length_547_cov_1.90244_ID_158570 (547bp)
Top Length: 547  Top ID: 97.07
		One align captures most of this contig: 563399 563945 | 1 547 | 547 547 | 97.07 | gi_556503834_ref_NC_000913.3_ NODE_68_length_547_cov_1.90244_ID_158570

CONTIG: NODE_69_length_547_cov_2.24797_ID_158572 (547bp)
Top Length: 547  Top ID: 97.07
		One align captures most of this contig: 3694367 3694913 | 547 1 | 547 547 | 97.07 | gi_556503834_ref_NC_000913.3_ NODE_69_length_547_cov_2.24797_ID_158572

CONTIG: NODE_70_length_544_cov_4.0409_ID_158574 (544bp)
Top Length: 544  Top ID: 97.06
		This contig has 2 significant alignments. [An ambiguously mapped contig]
		Using only first of these alignment (option --ambiguity-usage is set to "one"):
		Alignment: 1433028 1433571 | 544 1 | 544 544 | 97.06 | gi_556503834_ref_NC_000913.3_ NODE_70_length_544_cov_4.0409_ID_158574
		Skipping alignment  1633725 1634268 | 1 544 | 544 544 | 96.51 | gi_556503834_ref_NC_000913.3_ NODE_70_length_544_cov_4.0409_ID_158574

CONTIG: NODE_71_length_543_cov_1.19057_ID_158576 (543bp)
Top Length: 537  Top ID: 96.46
		One align captures most of this contig: 3387951 3388487 | 543 7 | 537 537 | 96.46 | gi_556503834_ref_NC_000913.3_ NODE_71_length_543_cov_1.19057_ID_158576

CONTIG: NODE_72_length_541_cov_1.71605_ID_158578 (541bp)
Top Length: 541  Top ID: 98.15
		One align captures most of this contig: 3803761 3804301 | 541 1 | 541 541 | 98.15 | gi_556503834_ref_NC_000913.3_ NODE_72_length_541_cov_1.71605_ID_158578

CONTIG: NODE_73_length_540_cov_2.21237_ID_158580 (540bp)
Top Length: 540  Top ID: 96.67
		One align captures most of this contig: 607330 607869 | 540 1 | 540 540 | 96.67 | gi_556503834_ref_NC_000913.3_ NODE_73_length_540_cov_2.21237_ID_158580

CONTIG: NODE_74_length_540_cov_2.72165_ID_158582 (540bp)
Top Length: 540  Top ID: 96.11
		One align captures most of this contig: 1901276 1901815 | 1 540 | 540 540 | 96.11 | gi_556503834_ref_NC_000913.3_ NODE_74_length_540_cov_2.72165_ID_158582

CONTIG: NODE_75_length_539_cov_2.17149_ID_158584 (539bp)
Top Length: 539  Top ID: 96.66
		One align captures most of this contig: 2329578 2330116 | 539 1 | 539 539 | 96.66 | gi_556503834_ref_NC_000913.3_ NODE_75_length_539_cov_2.17149_ID_158584

CONTIG: NODE_76_length_539_cov_1.17562_ID_158586 (539bp)
Top Length: 539  Top ID: 96.85
		One align captures most of this contig: 1831505 1832043 | 539 1 | 539 539 | 96.85 | gi_556503834_ref_NC_000913.3_ NODE_76_length_539_cov_1.17562_ID_158586

CONTIG: NODE_77_length_538_cov_1.71843_ID_158588 (538bp)
Top Length: 538  Top ID: 96.65
		One align captures most of this contig: 582617 583154 | 1 538 | 538 538 | 96.65 | gi_556503834_ref_NC_000913.3_ NODE_77_length_538_cov_1.71843_ID_158588

CONTIG: NODE_78_length_537_cov_2.63071_ID_158590 (537bp)
Top Length: 537  Top ID: 97.58
		One align captures most of this contig: 31809 32345 | 1 537 | 537 537 | 97.58 | gi_556503834_ref_NC_000913.3_ NODE_78_length_537_cov_2.63071_ID_158590

CONTIG: NODE_79_length_536_cov_2.49896_ID_158592 (536bp)
Top Length: 535  Top ID: 96.07
		One align captures most of this contig: 3244215 3244749 | 535 1 | 535 535 | 96.07 | gi_556503834_ref_NC_000913.3_ NODE_79_length_536_cov_2.49896_ID_158592

CONTIG: NODE_80_length_532_cov_1.0021_ID_158594 (532bp)
Top Length: 532  Top ID: 96.62
		One align captures most of this contig: 4165560 4166091 | 532 1 | 532 532 | 96.62 | gi_556503834_ref_NC_000913.3_ NODE_80_length_532_cov_1.0021_ID_158594

CONTIG: NODE_81_length_532_cov_2.34801_ID_158596 (532bp)
Top Length: 532  Top ID: 96.24
		One align captures most of this contig: 3674056 3674587 | 1 532 | 532 532 | 96.24 | gi_556503834_ref_NC_000913.3_ NODE_81_length_532_cov_2.34801_ID_158596

CONTIG: NODE_82_length_531_cov_1.19958_ID_158598 (531bp)
Top Length: 531  Top ID: 96.61
		One align captures most of this contig: 2383808 2384338 | 1 531 | 531 531 | 96.61 | gi_556503834_ref_NC_000913.3_ NODE_82_length_531_cov_1.19958_ID_158598

CONTIG: NODE_83_length_531_cov_5.10924_ID_158600 (531bp)
Top Length: 531  Top ID: 97.74
		Marking as insignificant: 2058023 2058126 | 386 283 | 104 104 | 98.08 | gi_556503834_ref_NC_000913.3_ NODE_83_length_531_cov_5.10924_ID_158600
		Marking as insignificant: 2062236 2062346 | 283 393 | 111 111 | 98.2 | gi_556503834_ref_NC_000913.3_ NODE_83_length_531_cov_5.10924_ID_158600
		One align captures most of this contig: 2044243 2044773 | 1 531 | 531 531 | 97.74 | gi_556503834_ref_NC_000913.3_ NODE_83_length_531_cov_5.10924_ID_158600

CONTIG: NODE_84_length_530_cov_2.60211_ID_158602 (530bp)
Top Length: 530  Top ID: 99.06
		One align captures most of this contig: 3254708 3255237 | 530 1 | 530 530 | 99.06 | gi_556503834_ref_NC_000913.3_ NODE_84_length_530_cov_2.60211_ID_158602

CONTIG: NODE_85_length_529_cov_5.04641_ID_158604 (529bp)
Top Length: 529  Top ID: 98.49
		Marking as insignificant: 290428 290633 | 314 109 | 206 206 | 99.03 | gi_556503834_ref_NC_000913.3_ NODE_85_length_529_cov_5.04641_ID_158604
		One align captures most of this contig: 2759666 2760194 | 529 1 | 529 529 | 98.49 | gi_556503834_ref_NC_000913.3_ NODE_85_length_529_cov_5.04641_ID_158604

CONTIG: NODE_86_length_529_cov_2.53797_ID_158606 (529bp)
Top Length: 529  Top ID: 98.3
		One align captures most of this contig: 2739452 2739980 | 1 529 | 529 529 | 98.3 | gi_556503834_ref_NC_000913.3_ NODE_86_length_529_cov_2.53797_ID_158606

CONTIG: NODE_87_length_528_cov_1.13953_ID_158608 (528bp)
Top Length: 521  Top ID: 97.7
		One align captures most of this contig: 1990855 1991375 | 8 528 | 521 521 | 97.7 | gi_556503834_ref_NC_000913.3_ NODE_87_length_528_cov_1.13953_ID_158608

CONTIG: NODE_88_length_526_cov_1.90658_ID_158610 (526bp)
Top Length: 522  Top ID: 97.7
		One align captures most of this contig: 4369087 4369608 | 525 4 | 522 522 | 97.7 | gi_556503834_ref_NC_000913.3_ NODE_88_length_526_cov_1.90658_ID_158610

CONTIG: NODE_89_length_526_cov_2.56263_ID_158612 (526bp)
Top Length: 526  Top ID: 98.86
		One align captures most of this contig: 4057396 4057921 | 1 526 | 526 526 | 98.86 | gi_556503834_ref_NC_000913.3_ NODE_89_length_526_cov_2.56263_ID_158612

CONTIG: NODE_90_length_525_cov_2.08511_ID_158614 (525bp)
Top Length: 525  Top ID: 98.1
		One align captures most of this contig: 4314174 4314698 | 525 1 | 525 525 | 98.1 | gi_556503834_ref_NC_000913.3_ NODE_90_length_525_cov_2.08511_ID_158614

CONTIG: NODE_91_length_524_cov_2.46482_ID_158616 (524bp)
Top Length: 524  Top ID: 98.47
		One align captures most of this contig: 4241789 4242312 | 524 1 | 524 524 | 98.47 | gi_556503834_ref_NC_000913.3_ NODE_91_length_524_cov_2.46482_ID_158616

CONTIG: NODE_92_length_518_cov_1.10151_ID_158618 (518bp)
Top Length: 518  Top ID: 96.53
		One align captures most of this contig: 1843427 1843944 | 1 518 | 518 518 | 96.53 | gi_556503834_ref_NC_000913.3_ NODE_92_length_518_cov_1.10151_ID_158618

CONTIG: NODE_93_length_517_cov_1.68398_ID_158620 (517bp)
Top Length: 515  Top ID: 97.67
		One align captures most of this contig: 3747016 3747530 | 517 3 | 515 515 | 97.67 | gi_556503834_ref_NC_000913.3_ NODE_93_length_517_cov_1.68398_ID_158620

CONTIG: NODE_94_length_517_cov_1.71212_ID_158622 (517bp)
Top Length: 516  Top ID: 97.87
		One align captures most of this contig: 49884 50399 | 1 516 | 516 516 | 97.87 | gi_556503834_ref_NC_000913.3_ NODE_94_length_517_cov_1.71212_ID_158622

CONTIG: NODE_95_length_517_cov_2.03463_ID_158624 (517bp)
Top Length: 517  Top ID: 97.49
		One align captures most of this contig: 2368220 2368736 | 1 517 | 517 517 | 97.49 | gi_556503834_ref_NC_000913.3_ NODE_95_length_517_cov_2.03463_ID_158624

CONTIG: NODE_96_length_516_cov_1.98698_ID_158626 (516bp)
Top Length: 516  Top ID: 98.84
		One align captures most of this contig: 1734851 1735366 | 516 1 | 516 516 | 98.84 | gi_556503834_ref_NC_000913.3_ NODE_96_length_516_cov_1.98698_ID_158626

CONTIG: NODE_97_length_515_cov_1.6_ID_158628 (515bp)
Top Length: 515  Top ID: 97.67
		One align captures most of this contig: 2227074 2227588 | 1 515 | 515 515 | 97.67 | gi_556503834_ref_NC_000913.3_ NODE_97_length_515_cov_1.6_ID_158628

CONTIG: NODE_98_length_515_cov_1.08261_ID_158630 (515bp)
Top Length: 515  Top ID: 96.5
		One align captures most of this contig: 2441674 2442188 | 515 1 | 515 515 | 96.5 | gi_556503834_ref_NC_000913.3_ NODE_98_length_515_cov_1.08261_ID_158630

CONTIG: NODE_99_length_515_cov_6.61087_ID_158632 (515bp)
Top Length: 509  Top ID: 97.45
		One align captures most of this contig: 2075516 2076024 | 1 509 | 509 509 | 97.45 | gi_556503834_ref_NC_000913.3_ NODE_99_length_515_cov_6.61087_ID_158632

CONTIG: NODE_100_length_514_cov_1.72549_ID_158634 (514bp)
Top Length: 514  Top ID: 97.67
		One align captures most of this contig: 2612168 2612681 | 514 1 | 514 514 | 97.67 | gi_556503834_ref_NC_000913.3_ NODE_100_length_514_cov_1.72549_ID_158634

CONTIG: NODE_101_length_514_cov_1.18736_ID_158636 (514bp)
Top Length: 512  Top ID: 97.85
		One align captures most of this contig: 1249064 1249575 | 514 3 | 512 512 | 97.85 | gi_556503834_ref_NC_000913.3_ NODE_101_length_514_cov_1.18736_ID_158636

CONTIG: NODE_102_length_514_cov_1.53813_ID_158638 (514bp)
Top Length: 514  Top ID: 96.69
		One align captures most of this contig: 3903847 3904360 | 514 1 | 514 514 | 96.69 | gi_556503834_ref_NC_000913.3_ NODE_102_length_514_cov_1.53813_ID_158638

CONTIG: NODE_103_length_513_cov_1.63537_ID_158640 (513bp)
Top Length: 513  Top ID: 98.05
		One align captures most of this contig: 748270 748782 | 513 1 | 513 513 | 98.05 | gi_556503834_ref_NC_000913.3_ NODE_103_length_513_cov_1.63537_ID_158640

CONTIG: NODE_104_length_508_cov_1.46799_ID_158642 (508bp)
Top Length: 508  Top ID: 98.03
		One align captures most of this contig: 4150029 4150536 | 508 1 | 508 508 | 98.03 | gi_556503834_ref_NC_000913.3_ NODE_104_length_508_cov_1.46799_ID_158642

CONTIG: NODE_105_length_508_cov_2.20971_ID_158644 (508bp)
Top Length: 508  Top ID: 98.03
		One align captures most of this contig: 165735 166242 | 508 1 | 508 508 | 98.03 | gi_556503834_ref_NC_000913.3_ NODE_105_length_508_cov_2.20971_ID_158644

CONTIG: NODE_106_length_507_cov_1.65044_ID_158646 (507bp)
Top Length: 507  Top ID: 97.24
		One align captures most of this contig: 2631035 2631541 | 507 1 | 507 507 | 97.24 | gi_556503834_ref_NC_000913.3_ NODE_106_length_507_cov_1.65044_ID_158646

CONTIG: NODE_107_length_506_cov_1.78271_ID_158648 (506bp)
Top Length: 506  Top ID: 97.63
		One align captures most of this contig: 346766 347271 | 506 1 | 506 506 | 97.63 | gi_556503834_ref_NC_000913.3_ NODE_107_length_506_cov_1.78271_ID_158648

CONTIG: NODE_108_length_505_cov_1.26889_ID_158650 (505bp)
Top Length: 501  Top ID: 96.81
		One align captures most of this contig: 2901194 2901694 | 505 5 | 501 501 | 96.81 | gi_556503834_ref_NC_000913.3_ NODE_108_length_505_cov_1.26889_ID_158650

CONTIG: NODE_109_length_505_cov_5.07111_ID_158652 (505bp)
Top Length: 502  Top ID: 97.81
		One align captures most of this contig: 468187 468688 | 502 1 | 502 502 | 97.81 | gi_556503834_ref_NC_000913.3_ NODE_109_length_505_cov_5.07111_ID_158652

CONTIG: NODE_110_length_504_cov_1.88641_ID_158654 (504bp)
Top Length: 501  Top ID: 96.81
		One align captures most of this contig: 2701581 2702081 | 504 4 | 501 501 | 96.81 | gi_556503834_ref_NC_000913.3_ NODE_110_length_504_cov_1.88641_ID_158654

CONTIG: NODE_111_length_503_cov_2.01786_ID_158656 (503bp)
Top Length: 503  Top ID: 96.82
		One align captures most of this contig: 958357 958859 | 503 1 | 503 503 | 96.82 | gi_556503834_ref_NC_000913.3_ NODE_111_length_503_cov_2.01786_ID_158656

CONTIG: NODE_112_length_503_cov_1.38839_ID_158658 (503bp)
Top Length: 503  Top ID: 96.82
		One align captures most of this contig: 852600 853102 | 1 503 | 503 503 | 96.82 | gi_556503834_ref_NC_000913.3_ NODE_112_length_503_cov_1.38839_ID_158658

CONTIG: NODE_113_length_502_cov_1.55705_ID_158660 (502bp)
Top Length: 502  Top ID: 96.22
		One align captures most of this contig: 4274126 4274627 | 502 1 | 502 502 | 96.22 | gi_556503834_ref_NC_000913.3_ NODE_113_length_502_cov_1.55705_ID_158660

CONTIG: NODE_114_length_502_cov_3.02908_ID_158662 (502bp)
Top Length: 502  Top ID: 97.41
		One align captures most of this contig: 3156938 3157439 | 502 1 | 502 502 | 97.41 | gi_556503834_ref_NC_000913.3_ NODE_114_length_502_cov_3.02908_ID_158662

CONTIG: NODE_115_length_502_cov_1.25503_ID_158664 (502bp)
Top Length: 502  Top ID: 97.61
		One align captures most of this contig: 1261723 1262224 | 502 1 | 502 502 | 97.61 | gi_556503834_ref_NC_000913.3_ NODE_115_length_502_cov_1.25503_ID_158664

CONTIG: NODE_116_length_502_cov_1.61298_ID_158666 (502bp)
Top Length: 502  Top ID: 97.81
		One align captures most of this contig: 3184694 3185195 | 1 502 | 502 502 | 97.81 | gi_556503834_ref_NC_000913.3_ NODE_116_length_502_cov_1.61298_ID_158666

CONTIG: NODE_117_length_501_cov_4.88341_ID_158668 (501bp)
Top Length: 501  Top ID: 97.6
		This contig has 2 significant alignments. [An ambiguously mapped contig]
		Using only first of these alignment (option --ambiguity-usage is set to "one"):
		Alignment: 1433423 1433923 | 501 1 | 501 501 | 97.6 | gi_556503834_ref_NC_000913.3_ NODE_117_length_501_cov_4.88341_ID_158668
		Skipping alignment  1633373 1633873 | 1 501 | 501 501 | 97.41 | gi_556503834_ref_NC_000913.3_ NODE_117_length_501_cov_4.88341_ID_158668

Analyzing coverage...
Writing SNPs into /net/metagenomics/projects/afritz_assemblies/Simpipeline_Coverage_Sweep/050_error/Ecoli_cov16/quast_metaSPAde/contigs_reports/nucmer_output/contigs.used_snps
	Reference gi_556503834_ref_NC_000913.3_: 123 total alignments. 1 total regions.
		Region: 1 to 4641652 (4641652 bp)
			START in gap: 1 to 26237 (26236 bp)
			Align 1: 26237 26977 NODE_19_length_741_cov_1.27551_ID_158472 741 1
				Gap between this and next alignment: 26977 to 31809 (4831 bp)
				Next Alignment: 31809 32345 NODE_78_length_537_cov_2.63071_ID_158590 1 537

			Align 2: 31809 32345 NODE_78_length_537_cov_2.63071_ID_158590 1 537
				Gap between this and next alignment: 32345 to 49884 (17538 bp)
				Next Alignment: 49884 50399 NODE_94_length_517_cov_1.71212_ID_158622 1 516

			Align 3: 49884 50399 NODE_94_length_517_cov_1.71212_ID_158622 1 516
				Gap between this and next alignment: 50399 to 109330 (58930 bp)
				Next Alignment: 109330 110164 NODE_13_length_835_cov_3.56923_ID_158460 835 1

			Align 4: 109330 110164 NODE_13_length_835_cov_3.56923_ID_158460 835 1
				Gap between this and next alignment: 110164 to 165735 (55570 bp)
				Next Alignment: 165735 166242 NODE_105_length_508_cov_2.20971_ID_158644 508 1

			Align 5: 165735 166242 NODE_105_length_508_cov_2.20971_ID_158644 508 1
				Gap between this and next alignment: 166242 to 225739 (59496 bp)
				Next Alignment: 225739 228880 NODE_3_length_3141_cov_78.8876_ID_158440 1 3141

			Align 6: 225739 228880 NODE_3_length_3141_cov_78.8876_ID_158440 1 3141
				Gap between this and next alignment: 228880 to 239389 (10508 bp)
				Next Alignment: 239389 239473 NODE_27_length_675_cov_19.5387_ID_158488 590 674

			Align 7: 239389 239473 NODE_27_length_675_cov_19.5387_ID_158488 590 674
				Gap between this and next alignment: 239473 to 346766 (107292 bp)
				Next Alignment: 346766 347271 NODE_107_length_506_cov_1.78271_ID_158648 506 1

			Align 8: 346766 347271 NODE_107_length_506_cov_1.78271_ID_158648 506 1
				Gap between this and next alignment: 347271 to 381260 (33988 bp)
				Next Alignment: 381260 382817 NODE_2_length_3189_cov_36.9483_ID_158438 1632 3189

			Align 9: 381260 382817 NODE_2_length_3189_cov_36.9483_ID_158438 1632 3189
				Gap between this and next alignment: 382817 to 468187 (85369 bp)
				Next Alignment: 468187 468688 NODE_109_length_505_cov_5.07111_ID_158652 502 1

			Align 10: 468187 468688 NODE_109_length_505_cov_5.07111_ID_158652 502 1
				Gap between this and next alignment: 468688 to 478398 (9709 bp)
				Next Alignment: 478398 479166 NODE_16_length_770_cov_1.96643_ID_158466 769 1

			Align 11: 478398 479166 NODE_16_length_770_cov_1.96643_ID_158466 769 1
				Gap between this and next alignment: 479166 to 484318 (5151 bp)
				Next Alignment: 484318 484905 NODE_49_length_588_cov_1.75797_ID_158532 1 588

			Align 12: 484318 484905 NODE_49_length_588_cov_1.75797_ID_158532 1 588
				Gap between this and next alignment: 484905 to 525739 (40833 bp)
				Next Alignment: 525739 526811 NODE_9_length_1073_cov_8.68959_ID_158452 1 1073

			Align 13: 525739 526811 NODE_9_length_1073_cov_8.68959_ID_158452 1 1073
				Gap between this and next alignment: 526811 to 563399 (36587 bp)
				Next Alignment: 563399 563945 NODE_68_length_547_cov_1.90244_ID_158570 1 547

			Align 14: 563399 563945 NODE_68_length_547_cov_1.90244_ID_158570 1 547
				Gap between this and next alignment: 563945 to 566549 (2603 bp)
				Next Alignment: 566549 568034 NODE_5_length_1636_cov_44.0879_ID_158444 1636 151

			Align 15: 566549 568034 NODE_5_length_1636_cov_44.0879_ID_158444 1636 151
				Gap between this and next alignment: 568034 to 582617 (14582 bp)
				Next Alignment: 582617 583154 NODE_77_length_538_cov_1.71843_ID_158588 1 538

			Align 16: 582617 583154 NODE_77_length_538_cov_1.71843_ID_158588 1 538
				Gap between this and next alignment: 583154 to 607330 (24175 bp)
				Next Alignment: 607330 607869 NODE_73_length_540_cov_2.21237_ID_158580 540 1

			Align 17: 607330 607869 NODE_73_length_540_cov_2.21237_ID_158580 540 1
				Negative gap (overlap) between this and next alignment: 607869 to 607750 (-119 bp)
				Next Alignment: 607750 609164 NODE_7_length_1415_cov_21.9551_ID_158448 1415 1

			Previous gap was negative, modifying coordinates to ignore overlap
				Moving contig start from 1415 to 1295.
			Align 18: 607870 609164 NODE_7_length_1415_cov_21.9551_ID_158448 1295 1
				Gap between this and next alignment: 609164 to 719777 (110612 bp)
				Next Alignment: 719777 720395 NODE_38_length_621_cov_2.47703_ID_158510 1 619

			Align 19: 719777 720395 NODE_38_length_621_cov_2.47703_ID_158510 1 619
				Gap between this and next alignment: 720395 to 728397 (8001 bp)
				Next Alignment: 728397 728949 NODE_64_length_553_cov_2.06827_ID_158562 1 553

			Align 20: 728397 728949 NODE_64_length_553_cov_2.06827_ID_158562 1 553
				Gap between this and next alignment: 728949 to 737383 (8433 bp)
				Next Alignment: 737383 737971 NODE_27_length_675_cov_19.5387_ID_158488 1 589

			Align 21: 737383 737971 NODE_27_length_675_cov_19.5387_ID_158488 1 589
				Gap between this and next alignment: 737971 to 748270 (10298 bp)
				Next Alignment: 748270 748782 NODE_103_length_513_cov_1.63537_ID_158640 513 1

			Align 22: 748270 748782 NODE_103_length_513_cov_1.63537_ID_158640 513 1
				Gap between this and next alignment: 748782 to 783582 (34799 bp)
				Next Alignment: 783582 784133 NODE_66_length_552_cov_2.65392_ID_158566 1 552

			Align 23: 783582 784133 NODE_66_length_552_cov_2.65392_ID_158566 1 552
				Gap between this and next alignment: 784133 to 834979 (50845 bp)
				Next Alignment: 834979 835677 NODE_24_length_699_cov_2.39907_ID_158482 1 699

			Align 24: 834979 835677 NODE_24_length_699_cov_2.39907_ID_158482 1 699
				Gap between this and next alignment: 835677 to 852600 (16922 bp)
				Next Alignment: 852600 853102 NODE_112_length_503_cov_1.38839_ID_158658 1 503

			Align 25: 852600 853102 NODE_112_length_503_cov_1.38839_ID_158658 1 503
				Gap between this and next alignment: 853102 to 947129 (94026 bp)
				Next Alignment: 947129 947683 NODE_62_length_555_cov_3.34_ID_158558 1 555

			Align 26: 947129 947683 NODE_62_length_555_cov_3.34_ID_158558 1 555
				Gap between this and next alignment: 947683 to 958357 (10673 bp)
				Next Alignment: 958357 958859 NODE_111_length_503_cov_2.01786_ID_158656 503 1

			Align 27: 958357 958859 NODE_111_length_503_cov_2.01786_ID_158656 503 1
				Gap between this and next alignment: 958859 to 1023622 (64762 bp)
				Next Alignment: 1023622 1024234 NODE_39_length_614_cov_2.59392_ID_158512 613 1

			Align 28: 1023622 1024234 NODE_39_length_614_cov_2.59392_ID_158512 613 1
				Gap between this and next alignment: 1024234 to 1050550 (26315 bp)
				Next Alignment: 1050550 1050665 NODE_8_length_1087_cov_57.9205_ID_158450 972 1087

			Align 29: 1050550 1050665 NODE_8_length_1087_cov_57.9205_ID_158450 972 1087
				Gap between this and next alignment: 1050665 to 1097348 (46682 bp)
				Next Alignment: 1097348 1097934 NODE_51_length_587_cov_6.10338_ID_158536 1 587

			Align 30: 1097348 1097934 NODE_51_length_587_cov_6.10338_ID_158536 1 587
				Gap between this and next alignment: 1097934 to 1119337 (21402 bp)
				Next Alignment: 1119337 1119948 NODE_40_length_612_cov_2.48294_ID_158514 612 1

			Align 31: 1119337 1119948 NODE_40_length_612_cov_2.48294_ID_158514 612 1
				Gap between this and next alignment: 1119948 to 1152097 (32148 bp)
				Next Alignment: 1152097 1152721 NODE_37_length_625_cov_2.78246_ID_158508 625 1

			Align 32: 1152097 1152721 NODE_37_length_625_cov_2.78246_ID_158508 625 1
				Gap between this and next alignment: 1152721 to 1249064 (96342 bp)
				Next Alignment: 1249064 1249575 NODE_101_length_514_cov_1.18736_ID_158636 514 3

			Align 33: 1249064 1249575 NODE_101_length_514_cov_1.18736_ID_158636 514 3
				Gap between this and next alignment: 1249575 to 1261723 (12147 bp)
				Next Alignment: 1261723 1262224 NODE_115_length_502_cov_1.25503_ID_158664 502 1

			Align 34: 1261723 1262224 NODE_115_length_502_cov_1.25503_ID_158664 502 1
				Gap between this and next alignment: 1262224 to 1286919 (24694 bp)
				Next Alignment: 1286919 1287328 NODE_46_length_603_cov_10.188_ID_158526 603 194

			Align 35: 1286919 1287328 NODE_46_length_603_cov_10.188_ID_158526 603 194
				Gap between this and next alignment: 1287328 to 1292481 (5152 bp)
				Next Alignment: 1292481 1293040 NODE_59_length_560_cov_1.97624_ID_158552 1 560

			Align 36: 1292481 1293040 NODE_59_length_560_cov_1.97624_ID_158552 1 560
				Gap between this and next alignment: 1293040 to 1300700 (7659 bp)
				Next Alignment: 1300700 1300860 NODE_6_length_1533_cov_98.6407_ID_158446 1373 1533

			Align 37: 1300700 1300860 NODE_6_length_1533_cov_98.6407_ID_158446 1373 1533
				Gap between this and next alignment: 1300860 to 1318825 (17964 bp)
				Next Alignment: 1318825 1319417 NODE_48_length_593_cov_3.26394_ID_158530 593 1

			Align 38: 1318825 1319417 NODE_48_length_593_cov_3.26394_ID_158530 593 1
				Gap between this and next alignment: 1319417 to 1368552 (49134 bp)
				Next Alignment: 1368552 1369156 NODE_44_length_605_cov_1.53273_ID_158522 1 605

			Align 39: 1368552 1369156 NODE_44_length_605_cov_1.53273_ID_158522 1 605
				Gap between this and next alignment: 1369156 to 1433028 (63871 bp)
				Next Alignment: 1433028 1433571 NODE_70_length_544_cov_4.0409_ID_158574 544 1

			Align 40: 1433028 1433571 NODE_70_length_544_cov_4.0409_ID_158574 544 1
				Negative gap (overlap) between this and next alignment: 1433571 to 1433423 (-148 bp)
				Next Alignment: 1433423 1433923 NODE_117_length_501_cov_4.88341_ID_158668 501 1

			Previous gap was negative, modifying coordinates to ignore overlap
				Moving contig start from 501 to 352.
			Align 41: 1433572 1433923 NODE_117_length_501_cov_4.88341_ID_158668 352 1
				Negative gap (overlap) between this and next alignment: 1433923 to 1433808 (-115 bp)
				Next Alignment: 1433808 1434701 NODE_10_length_894_cov_6.07867_ID_158454 894 1

			Previous gap was negative, modifying coordinates to ignore overlap
				Moving contig start from 894 to 778.
			Align 42: 1433924 1434701 NODE_10_length_894_cov_6.07867_ID_158454 778 1
				Gap between this and next alignment: 1434701 to 1448216 (13514 bp)
				Next Alignment: 1448216 1448914 NODE_23_length_699_cov_1.63043_ID_158480 699 1

			Align 43: 1448216 1448914 NODE_23_length_699_cov_1.63043_ID_158480 699 1
				Gap between this and next alignment: 1448914 to 1634218 (185303 bp)
				Next Alignment: 1634218 1634943 NODE_22_length_729_cov_6.58605_ID_158478 1 726

			Align 44: 1634218 1634943 NODE_22_length_729_cov_6.58605_ID_158478 1 726
				Gap between this and next alignment: 1634943 to 1734851 (99907 bp)
				Next Alignment: 1734851 1735366 NODE_96_length_516_cov_1.98698_ID_158626 516 1

			Align 45: 1734851 1735366 NODE_96_length_516_cov_1.98698_ID_158626 516 1
				Gap between this and next alignment: 1735366 to 1779012 (43645 bp)
				Next Alignment: 1779012 1779573 NODE_58_length_562_cov_3.54832_ID_158550 1 562

			Align 46: 1779012 1779573 NODE_58_length_562_cov_3.54832_ID_158550 1 562
				Gap between this and next alignment: 1779573 to 1831505 (51931 bp)
				Next Alignment: 1831505 1832043 NODE_76_length_539_cov_1.17562_ID_158586 539 1

			Align 47: 1831505 1832043 NODE_76_length_539_cov_1.17562_ID_158586 539 1
				Gap between this and next alignment: 1832043 to 1843427 (11383 bp)
				Next Alignment: 1843427 1843944 NODE_92_length_518_cov_1.10151_ID_158618 1 518

			Align 48: 1843427 1843944 NODE_92_length_518_cov_1.10151_ID_158618 1 518
				Gap between this and next alignment: 1843944 to 1893376 (49431 bp)
				Next Alignment: 1893376 1894029 NODE_29_length_654_cov_1.18698_ID_158492 654 1

			Align 49: 1893376 1894029 NODE_29_length_654_cov_1.18698_ID_158492 654 1
				Gap between this and next alignment: 1894029 to 1901276 (7246 bp)
				Next Alignment: 1901276 1901815 NODE_74_length_540_cov_2.72165_ID_158582 1 540

			Align 50: 1901276 1901815 NODE_74_length_540_cov_2.72165_ID_158582 1 540
				Gap between this and next alignment: 1901815 to 1990855 (89039 bp)
				Next Alignment: 1990855 1991375 NODE_87_length_528_cov_1.13953_ID_158608 8 528

			Align 51: 1990855 1991375 NODE_87_length_528_cov_1.13953_ID_158608 8 528
				Gap between this and next alignment: 1991375 to 2008192 (16816 bp)
				Next Alignment: 2008192 2008798 NODE_42_length_607_cov_1.0308_ID_158518 607 1

			Align 52: 2008192 2008798 NODE_42_length_607_cov_1.0308_ID_158518 607 1
				Gap between this and next alignment: 2008798 to 2011486 (2687 bp)
				Next Alignment: 2011486 2012224 NODE_20_length_739_cov_4.36404_ID_158474 739 1

			Align 53: 2011486 2012224 NODE_20_length_739_cov_4.36404_ID_158474 739 1
				Gap between this and next alignment: 2012224 to 2044243 (32018 bp)
				Next Alignment: 2044243 2044773 NODE_83_length_531_cov_5.10924_ID_158600 1 531

			Align 54: 2044243 2044773 NODE_83_length_531_cov_5.10924_ID_158600 1 531
				Gap between this and next alignment: 2044773 to 2075516 (30742 bp)
				Next Alignment: 2075516 2076024 NODE_99_length_515_cov_6.61087_ID_158632 1 509

			Align 55: 2075516 2076024 NODE_99_length_515_cov_6.61087_ID_158632 1 509
				Gap between this and next alignment: 2076024 to 2104015 (27990 bp)
				Next Alignment: 2104015 2104574 NODE_60_length_560_cov_2.42376_ID_158554 560 1

			Align 56: 2104015 2104574 NODE_60_length_560_cov_2.42376_ID_158554 560 1
				Gap between this and next alignment: 2104574 to 2155163 (50588 bp)
				Next Alignment: 2155163 2155726 NODE_57_length_564_cov_1.39293_ID_158548 1 564

			Align 57: 2155163 2155726 NODE_57_length_564_cov_1.39293_ID_158548 1 564
				Gap between this and next alignment: 2155726 to 2171429 (15702 bp)
				Next Alignment: 2171429 2171578 NODE_5_length_1636_cov_44.0879_ID_158444 150 1

			Align 58: 2171429 2171578 NODE_5_length_1636_cov_44.0879_ID_158444 150 1
				Gap between this and next alignment: 2171578 to 2227074 (55495 bp)
				Next Alignment: 2227074 2227588 NODE_97_length_515_cov_1.6_ID_158628 1 515

			Align 59: 2227074 2227588 NODE_97_length_515_cov_1.6_ID_158628 1 515
				Gap between this and next alignment: 2227588 to 2329578 (101989 bp)
				Next Alignment: 2329578 2330116 NODE_75_length_539_cov_2.17149_ID_158584 539 1

			Align 60: 2329578 2330116 NODE_75_length_539_cov_2.17149_ID_158584 539 1
				Gap between this and next alignment: 2330116 to 2368220 (38103 bp)
				Next Alignment: 2368220 2368736 NODE_95_length_517_cov_2.03463_ID_158624 1 517

			Align 61: 2368220 2368736 NODE_95_length_517_cov_2.03463_ID_158624 1 517
				Gap between this and next alignment: 2368736 to 2383808 (15071 bp)
				Next Alignment: 2383808 2384338 NODE_82_length_531_cov_1.19958_ID_158598 1 531

			Align 62: 2383808 2384338 NODE_82_length_531_cov_1.19958_ID_158598 1 531
				Gap between this and next alignment: 2384338 to 2441674 (57335 bp)
				Next Alignment: 2441674 2442188 NODE_98_length_515_cov_1.08261_ID_158630 515 1

			Align 63: 2441674 2442188 NODE_98_length_515_cov_1.08261_ID_158630 515 1
				Gap between this and next alignment: 2442188 to 2612168 (169979 bp)
				Next Alignment: 2612168 2612681 NODE_100_length_514_cov_1.72549_ID_158634 514 1

			Align 64: 2612168 2612681 NODE_100_length_514_cov_1.72549_ID_158634 514 1
				Gap between this and next alignment: 2612681 to 2631035 (18353 bp)
				Next Alignment: 2631035 2631541 NODE_106_length_507_cov_1.65044_ID_158646 507 1

			Align 65: 2631035 2631541 NODE_106_length_507_cov_1.65044_ID_158646 507 1
				Gap between this and next alignment: 2631541 to 2701581 (70039 bp)
				Next Alignment: 2701581 2702081 NODE_110_length_504_cov_1.88641_ID_158654 504 4

			Align 66: 2701581 2702081 NODE_110_length_504_cov_1.88641_ID_158654 504 4
				Gap between this and next alignment: 2702081 to 2739452 (37370 bp)
				Next Alignment: 2739452 2739980 NODE_86_length_529_cov_2.53797_ID_158606 1 529

			Align 67: 2739452 2739980 NODE_86_length_529_cov_2.53797_ID_158606 1 529
				Gap between this and next alignment: 2739980 to 2759666 (19685 bp)
				Next Alignment: 2759666 2760194 NODE_85_length_529_cov_5.04641_ID_158604 529 1

			Align 68: 2759666 2760194 NODE_85_length_529_cov_5.04641_ID_158604 529 1
				Gap between this and next alignment: 2760194 to 2774875 (14680 bp)
				Next Alignment: 2774875 2775514 NODE_33_length_643_cov_2.85714_ID_158500 640 1

			Align 69: 2774875 2775514 NODE_33_length_643_cov_2.85714_ID_158500 640 1
				Gap between this and next alignment: 2775514 to 2804868 (29353 bp)
				Next Alignment: 2804868 2805492 NODE_35_length_627_cov_1.92657_ID_158504 627 3

			Align 70: 2804868 2805492 NODE_35_length_627_cov_1.92657_ID_158504 627 3
				Gap between this and next alignment: 2805492 to 2828685 (23192 bp)
				Next Alignment: 2828685 2829351 NODE_28_length_667_cov_2.05556_ID_158490 1 667

			Align 71: 2828685 2829351 NODE_28_length_667_cov_2.05556_ID_158490 1 667
				Gap between this and next alignment: 2829351 to 2901194 (71842 bp)
				Next Alignment: 2901194 2901694 NODE_108_length_505_cov_1.26889_ID_158650 505 5

			Align 72: 2901194 2901694 NODE_108_length_505_cov_1.26889_ID_158650 505 5
				Gap between this and next alignment: 2901694 to 2955556 (53861 bp)
				Next Alignment: 2955556 2956111 NODE_61_length_556_cov_0.96008_ID_158556 556 1

			Align 73: 2955556 2956111 NODE_61_length_556_cov_0.96008_ID_158556 556 1
				Gap between this and next alignment: 2956111 to 3129975 (173863 bp)
				Next Alignment: 3129975 3131346 NODE_6_length_1533_cov_98.6407_ID_158446 1 1372

			Align 74: 3129975 3131346 NODE_6_length_1533_cov_98.6407_ID_158446 1 1372
				Gap between this and next alignment: 3131346 to 3144129 (12782 bp)
				Next Alignment: 3144129 3144680 NODE_65_length_552_cov_1.50905_ID_158564 552 1

			Align 75: 3144129 3144680 NODE_65_length_552_cov_1.50905_ID_158564 552 1
				Gap between this and next alignment: 3144680 to 3156938 (12257 bp)
				Next Alignment: 3156938 3157439 NODE_114_length_502_cov_3.02908_ID_158662 502 1

			Align 76: 3156938 3157439 NODE_114_length_502_cov_3.02908_ID_158662 502 1
				Gap between this and next alignment: 3157439 to 3174947 (17507 bp)
				Next Alignment: 3174947 3175624 NODE_26_length_678_cov_4.40128_ID_158486 1 678

			Align 77: 3174947 3175624 NODE_26_length_678_cov_4.40128_ID_158486 1 678
				Gap between this and next alignment: 3175624 to 3184694 (9069 bp)
				Next Alignment: 3184694 3185195 NODE_116_length_502_cov_1.61298_ID_158666 1 502

			Align 78: 3184694 3185195 NODE_116_length_502_cov_1.61298_ID_158666 1 502
				Gap between this and next alignment: 3185195 to 3226555 (41359 bp)
				Next Alignment: 3226555 3227297 NODE_18_length_746_cov_2.5123_ID_158470 743 1

			Align 79: 3226555 3227297 NODE_18_length_746_cov_2.5123_ID_158470 743 1
				Gap between this and next alignment: 3227297 to 3228838 (1540 bp)
				Next Alignment: 3228838 3229489 NODE_30_length_652_cov_1.59966_ID_158494 1 652

			Align 80: 3228838 3229489 NODE_30_length_652_cov_1.59966_ID_158494 1 652
				Gap between this and next alignment: 3229489 to 3244215 (14725 bp)
				Next Alignment: 3244215 3244749 NODE_79_length_536_cov_2.49896_ID_158592 535 1

			Align 81: 3244215 3244749 NODE_79_length_536_cov_2.49896_ID_158592 535 1
				Gap between this and next alignment: 3244749 to 3254708 (9958 bp)
				Next Alignment: 3254708 3255237 NODE_84_length_530_cov_2.60211_ID_158602 530 1

			Align 82: 3254708 3255237 NODE_84_length_530_cov_2.60211_ID_158602 530 1
				Gap between this and next alignment: 3255237 to 3292594 (37356 bp)
				Next Alignment: 3292594 3293225 NODE_34_length_632_cov_2.80763_ID_158502 632 1

			Align 83: 3292594 3293225 NODE_34_length_632_cov_2.80763_ID_158502 632 1
				Gap between this and next alignment: 3293225 to 3307121 (13895 bp)
				Next Alignment: 3307121 3307693 NODE_55_length_575_cov_2.66731_ID_158544 3 575

			Align 84: 3307121 3307693 NODE_55_length_575_cov_2.66731_ID_158544 3 575
				Gap between this and next alignment: 3307693 to 3387951 (80257 bp)
				Next Alignment: 3387951 3388487 NODE_71_length_543_cov_1.19057_ID_158576 543 7

			Align 85: 3387951 3388487 NODE_71_length_543_cov_1.19057_ID_158576 543 7
				Gap between this and next alignment: 3388487 to 3390333 (1845 bp)
				Next Alignment: 3390333 3390905 NODE_56_length_573_cov_1.17568_ID_158546 573 1

			Align 86: 3390333 3390905 NODE_56_length_573_cov_1.17568_ID_158546 573 1
				Gap between this and next alignment: 3390905 to 3420900 (29994 bp)
				Next Alignment: 3420900 3421487 NODE_50_length_588_cov_1.35084_ID_158534 588 1

			Align 87: 3420900 3421487 NODE_50_length_588_cov_1.35084_ID_158534 588 1
				Gap between this and next alignment: 3421487 to 3504668 (83180 bp)
				Next Alignment: 3504668 3505266 NODE_47_length_599_cov_1.98897_ID_158528 599 1

			Align 88: 3504668 3505266 NODE_47_length_599_cov_1.98897_ID_158528 599 1
				Gap between this and next alignment: 3505266 to 3532505 (27238 bp)
				Next Alignment: 3532505 3533236 NODE_21_length_732_cov_3.37962_ID_158476 732 1

			Align 89: 3532505 3533236 NODE_21_length_732_cov_3.37962_ID_158476 732 1
				Gap between this and next alignment: 3533236 to 3583229 (49992 bp)
				Next Alignment: 3583229 3584199 NODE_8_length_1087_cov_57.9205_ID_158450 1 971

			Align 90: 3583229 3584199 NODE_8_length_1087_cov_57.9205_ID_158450 1 971
				Gap between this and next alignment: 3584199 to 3586952 (2752 bp)
				Next Alignment: 3586952 3587702 NODE_17_length_751_cov_1.92672_ID_158468 1 751

			Align 91: 3586952 3587702 NODE_17_length_751_cov_1.92672_ID_158468 1 751
				Gap between this and next alignment: 3587702 to 3617516 (29813 bp)
				Next Alignment: 3617516 3618100 NODE_52_length_585_cov_1.21321_ID_158538 585 1

			Align 92: 3617516 3618100 NODE_52_length_585_cov_1.21321_ID_158538 585 1
				Gap between this and next alignment: 3618100 to 3618655 (554 bp)
				Next Alignment: 3618655 3623096 NODE_1_length_4442_cov_24.3741_ID_158436 4442 1

			Align 93: 3618655 3623096 NODE_1_length_4442_cov_24.3741_ID_158436 4442 1
				Gap between this and next alignment: 3623096 to 3624419 (1322 bp)
				Next Alignment: 3624419 3625064 NODE_32_length_646_cov_13.9695_ID_158498 1 646

			Align 94: 3624419 3625064 NODE_32_length_646_cov_13.9695_ID_158498 1 646
				Gap between this and next alignment: 3625064 to 3647097 (22032 bp)
				Next Alignment: 3647097 3647679 NODE_53_length_584_cov_1.23819_ID_158540 2 584

			Align 95: 3647097 3647679 NODE_53_length_584_cov_1.23819_ID_158540 2 584
				Gap between this and next alignment: 3647679 to 3666103 (18423 bp)
				Next Alignment: 3666103 3666890 NODE_15_length_788_cov_11.6944_ID_158464 1 788

			Align 96: 3666103 3666890 NODE_15_length_788_cov_11.6944_ID_158464 1 788
				Negative gap (overlap) between this and next alignment: 3666890 to 3666718 (-172 bp)
				Next Alignment: 3666718 3667344 NODE_36_length_627_cov_8.39685_ID_158506 627 1

			Previous gap was negative, modifying coordinates to ignore overlap
				Moving contig start from 627 to 454.
			Align 97: 3666891 3667344 NODE_36_length_627_cov_8.39685_ID_158506 454 1
				Gap between this and next alignment: 3667344 to 3674056 (6711 bp)
				Next Alignment: 3674056 3674587 NODE_81_length_532_cov_2.34801_ID_158596 1 532

			Align 98: 3674056 3674587 NODE_81_length_532_cov_2.34801_ID_158596 1 532
				Gap between this and next alignment: 3674587 to 3694367 (19779 bp)
				Next Alignment: 3694367 3694913 NODE_69_length_547_cov_2.24797_ID_158572 547 1

			Align 99: 3694367 3694913 NODE_69_length_547_cov_2.24797_ID_158572 547 1
				Gap between this and next alignment: 3694913 to 3747016 (52102 bp)
				Next Alignment: 3747016 3747530 NODE_93_length_517_cov_1.68398_ID_158620 517 3

			Align 100: 3747016 3747530 NODE_93_length_517_cov_1.68398_ID_158620 517 3
				Gap between this and next alignment: 3747530 to 3803761 (56230 bp)
				Next Alignment: 3803761 3804301 NODE_72_length_541_cov_1.71605_ID_158578 541 1

			Align 101: 3803761 3804301 NODE_72_length_541_cov_1.71605_ID_158578 541 1
				Gap between this and next alignment: 3804301 to 3860651 (56349 bp)
				Next Alignment: 3860651 3861253 NODE_45_length_603_cov_3.54562_ID_158524 1 603

			Align 102: 3860651 3861253 NODE_45_length_603_cov_3.54562_ID_158524 1 603
				Gap between this and next alignment: 3861253 to 3876642 (15388 bp)
				Next Alignment: 3876642 3877243 NODE_43_length_605_cov_1.49818_ID_158520 605 4

			Align 103: 3876642 3877243 NODE_43_length_605_cov_1.49818_ID_158520 605 4
				Gap between this and next alignment: 3877243 to 3903847 (26603 bp)
				Next Alignment: 3903847 3904360 NODE_102_length_514_cov_1.53813_ID_158638 514 1

			Align 104: 3903847 3904360 NODE_102_length_514_cov_1.53813_ID_158638 514 1
				Gap between this and next alignment: 3904360 to 3915765 (11404 bp)
				Next Alignment: 3915765 3916443 NODE_25_length_679_cov_2.19712_ID_158484 1 679

			Align 105: 3915765 3916443 NODE_25_length_679_cov_2.19712_ID_158484 1 679
				Gap between this and next alignment: 3916443 to 3985504 (69060 bp)
				Next Alignment: 3985504 3986057 NODE_63_length_554_cov_3.60922_ID_158560 1 554

			Align 106: 3985504 3986057 NODE_63_length_554_cov_3.60922_ID_158560 1 554
				Gap between this and next alignment: 3986057 to 4035385 (49327 bp)
				Next Alignment: 4035385 4037445 NODE_4_length_2061_cov_68.0095_ID_158442 2061 1

			Align 107: 4035385 4037445 NODE_4_length_2061_cov_68.0095_ID_158442 2061 1
				Gap between this and next alignment: 4037445 to 4040961 (3515 bp)
				Next Alignment: 4040961 4041511 NODE_67_length_551_cov_3.3125_ID_158568 1 551

			Align 108: 4040961 4041511 NODE_67_length_551_cov_3.3125_ID_158568 1 551
				Gap between this and next alignment: 4041511 to 4057396 (15884 bp)
				Next Alignment: 4057396 4057921 NODE_89_length_526_cov_2.56263_ID_158612 1 526

			Align 109: 4057396 4057921 NODE_89_length_526_cov_2.56263_ID_158612 1 526
				Gap between this and next alignment: 4057921 to 4150029 (92107 bp)
				Next Alignment: 4150029 4150536 NODE_104_length_508_cov_1.46799_ID_158642 508 1

			Align 110: 4150029 4150536 NODE_104_length_508_cov_1.46799_ID_158642 508 1
				Gap between this and next alignment: 4150536 to 4165560 (15023 bp)
				Next Alignment: 4165560 4166091 NODE_80_length_532_cov_1.0021_ID_158594 532 1

			Align 111: 4165560 4166091 NODE_80_length_532_cov_1.0021_ID_158594 532 1
				Gap between this and next alignment: 4166091 to 4175279 (9187 bp)
				Next Alignment: 4175279 4175471 NODE_46_length_603_cov_10.188_ID_158526 1 193

			Align 112: 4175279 4175471 NODE_46_length_603_cov_10.188_ID_158526 1 193
				Gap between this and next alignment: 4175471 to 4176317 (845 bp)
				Next Alignment: 4176317 4177198 NODE_11_length_882_cov_15.3362_ID_158456 1 882

			Align 113: 4176317 4177198 NODE_11_length_882_cov_15.3362_ID_158456 1 882
				Gap between this and next alignment: 4177198 to 4224189 (46990 bp)
				Next Alignment: 4224189 4224799 NODE_41_length_611_cov_0.976619_ID_158516 1 611

			Align 114: 4224189 4224799 NODE_41_length_611_cov_0.976619_ID_158516 1 611
				Gap between this and next alignment: 4224799 to 4241789 (16989 bp)
				Next Alignment: 4241789 4242312 NODE_91_length_524_cov_2.46482_ID_158616 524 1

			Align 115: 4241789 4242312 NODE_91_length_524_cov_2.46482_ID_158616 524 1
				Gap between this and next alignment: 4242312 to 4263696 (21383 bp)
				Next Alignment: 4263696 4264485 NODE_14_length_790_cov_1.92925_ID_158462 790 1

			Align 116: 4263696 4264485 NODE_14_length_790_cov_1.92925_ID_158462 790 1
				Gap between this and next alignment: 4264485 to 4274126 (9640 bp)
				Next Alignment: 4274126 4274627 NODE_113_length_502_cov_1.55705_ID_158660 502 1

			Align 117: 4274126 4274627 NODE_113_length_502_cov_1.55705_ID_158660 502 1
				Gap between this and next alignment: 4274627 to 4314174 (39546 bp)
				Next Alignment: 4314174 4314698 NODE_90_length_525_cov_2.08511_ID_158614 525 1

			Align 118: 4314174 4314698 NODE_90_length_525_cov_2.08511_ID_158614 525 1
				Gap between this and next alignment: 4314698 to 4369087 (54388 bp)
				Next Alignment: 4369087 4369608 NODE_88_length_526_cov_1.90658_ID_158610 525 4

			Align 119: 4369087 4369608 NODE_88_length_526_cov_1.90658_ID_158610 525 4
				Gap between this and next alignment: 4369608 to 4481870 (112261 bp)
				Next Alignment: 4481870 4482731 NODE_12_length_862_cov_1.31599_ID_158458 1 862

			Align 120: 4481870 4482731 NODE_12_length_862_cov_1.31599_ID_158458 1 862
				Gap between this and next alignment: 4482731 to 4507107 (24375 bp)
				Next Alignment: 4507107 4508679 NODE_2_length_3189_cov_36.9483_ID_158438 4 1576

			Align 121: 4507107 4508679 NODE_2_length_3189_cov_36.9483_ID_158438 4 1576
				Gap between this and next alignment: 4508679 to 4539804 (31124 bp)
				Next Alignment: 4539804 4540453 NODE_31_length_650_cov_6.55966_ID_158496 1 650

			Align 122: 4539804 4540453 NODE_31_length_650_cov_6.55966_ID_158496 1 650
				Gap between this and next alignment: 4540453 to 4634368 (93914 bp)
				Next Alignment: 4634368 4634948 NODE_54_length_581_cov_4.42205_ID_158542 581 1

			Align 123: 4634368 4634948 NODE_54_length_581_cov_4.42205_ID_158542 581 1
			END in gap: 4634948 to 4641652 (6704 bp)

Analysis is finished!
Founded SNPs were written into /net/metagenomics/projects/afritz_assemblies/Simpipeline_Coverage_Sweep/050_error/Ecoli_cov16/quast_metaSPAde/contigs_reports/nucmer_output/contigs.used_snps

Results:
	Local Misassemblies: 0
	Misassemblies: 6
		Relocations: 6
		Translocations: 0
		Inversions: 0
	Misassembled Contigs: 6
	Misassembled Contig Bases: 8723
	Misassemblies Inter-Contig Overlap: 0
Uncovered Regions: 0 (0)
Unaligned Contigs: 0 + 0 part
Partially Unaligned Contigs with Misassemblies: 0
Unaligned Contig Bases: 0

Ambiguously Mapped Contigs: 6
Total Bases in Ambiguously Mapped Contigs: 7867
Note that --allow-ambiguity option was set to "one" and only first alignment per each contig was used.

	Covered Bases: 82543

	SNPs: 1630
	Insertions: 0
	Deletions: 1

	Positive Gaps: 120
		Internal Gaps:  0
		External Gaps:  120
		External Gap Total:  4559109
		External Gap Average: 37993
	Negative Gaps: 4
		Internal Overlaps:  0
		External Overlaps:  4
		External Overlaps Total: -554
		External Overlaps Average: -138
	Contigs with Redundant Alignments: 0 (0)
