Aligning contigs to reference...
	Using existing Nucmer alignments...
Parsing coords...
Loading reference...
	Loaded [e_coli_k12_gi_556503834_ref_NC_]
Loading SNPs...
Loading regions...
	No regions given, using whole reference.
	Total Regions: 1
	Total Region Length: 4641652
Analyzing contigs...
CONTIG: NODE_1_length_327064_cov_24.7505_ID_7882 (327064bp)
Top Length: 327064  Top ID: 100.0
		One align captures most of this contig: 1651494 1978557 | 327064 1 | 327064 327064 | 100.0 | e_coli_k12_gi_556503834_ref_NC_ NODE_1_length_327064_cov_24.7505_ID_7882

CONTIG: NODE_2_length_316718_cov_25.5038_ID_9743 (316718bp)
Top Length: 316718  Top ID: 99.99
		Marking as insignificant: 2520931 2521006 | 47903 47978 | 76 76 | 100.0 | e_coli_k12_gi_556503834_ref_NC_ NODE_2_length_316718_cov_25.5038_ID_9743
		Marking as insignificant: 2520931 2521006 | 47598 47673 | 76 76 | 100.0 | e_coli_k12_gi_556503834_ref_NC_ NODE_2_length_316718_cov_25.5038_ID_9743
		Marking as insignificant: 2521253 2521330 | 47387 47464 | 78 78 | 100.0 | e_coli_k12_gi_556503834_ref_NC_ NODE_2_length_316718_cov_25.5038_ID_9743
		Marking as insignificant: 2521051 2521129 | 47903 47981 | 79 79 | 100.0 | e_coli_k12_gi_556503834_ref_NC_ NODE_2_length_316718_cov_25.5038_ID_9743
		Marking as insignificant: 2521051 2521129 | 47598 47676 | 79 79 | 100.0 | e_coli_k12_gi_556503834_ref_NC_ NODE_2_length_316718_cov_25.5038_ID_9743
		Marking as insignificant: 2521253 2521335 | 48205 48287 | 83 83 | 98.8 | e_coli_k12_gi_556503834_ref_NC_ NODE_2_length_316718_cov_25.5038_ID_9743
		Marking as insignificant: 3071271 3071396 | 70158 70283 | 126 126 | 98.41 | e_coli_k12_gi_556503834_ref_NC_ NODE_2_length_316718_cov_25.5038_ID_9743
		Marking as insignificant: 596978 597105 | 70156 70283 | 128 128 | 99.22 | e_coli_k12_gi_556503834_ref_NC_ NODE_2_length_316718_cov_25.5038_ID_9743
		Marking as insignificant: 1097522 1097659 | 192677 192814 | 138 138 | 98.55 | e_coli_k12_gi_556503834_ref_NC_ NODE_2_length_316718_cov_25.5038_ID_9743
		Marking as insignificant: 2521173 2521328 | 47598 47753 | 156 156 | 100.0 | e_coli_k12_gi_556503834_ref_NC_ NODE_2_length_316718_cov_25.5038_ID_9743
		Marking as insignificant: 2521173 2521328 | 47903 48058 | 156 156 | 100.0 | e_coli_k12_gi_556503834_ref_NC_ NODE_2_length_316718_cov_25.5038_ID_9743
		Marking as insignificant: 2229115 2229376 | 182124 181863 | 262 262 | 95.04 | e_coli_k12_gi_556503834_ref_NC_ NODE_2_length_316718_cov_25.5038_ID_9743
		Marking as insignificant: 2521253 2521520 | 48413 48680 | 268 268 | 99.63 | e_coli_k12_gi_556503834_ref_NC_ NODE_2_length_316718_cov_25.5038_ID_9743
		Marking as insignificant: 3767197 3767651 | 1547 2002 | 455 456 | 96.27 | e_coli_k12_gi_556503834_ref_NC_ NODE_2_length_316718_cov_25.5038_ID_9743
		Marking as insignificant: 1531696 1532584 | 4805 5693 | 889 889 | 97.41 | e_coli_k12_gi_556503834_ref_NC_ NODE_2_length_316718_cov_25.5038_ID_9743
		Marking as insignificant: 3624258 3625146 | 4805 5693 | 889 889 | 98.09 | e_coli_k12_gi_556503834_ref_NC_ NODE_2_length_316718_cov_25.5038_ID_9743
		Marking as insignificant: 3621886 3622880 | 981 1975 | 995 995 | 98.69 | e_coli_k12_gi_556503834_ref_NC_ NODE_2_length_316718_cov_25.5038_ID_9743
		Marking as insignificant: 3764877 3765899 | 981 2003 | 1023 1023 | 98.44 | e_coli_k12_gi_556503834_ref_NC_ NODE_2_length_316718_cov_25.5038_ID_9743
		Marking as insignificant: 732277 733311 | 981 2015 | 1035 1035 | 97.78 | e_coli_k12_gi_556503834_ref_NC_ NODE_2_length_316718_cov_25.5038_ID_9743
		Marking as insignificant: 1531697 1532962 | 3540 4804 | 1266 1265 | 96.68 | e_coli_k12_gi_556503834_ref_NC_ NODE_2_length_316718_cov_25.5038_ID_9743
		Marking as insignificant: 3624233 3625524 | 3514 4804 | 1292 1291 | 96.21 | e_coli_k12_gi_556503834_ref_NC_ NODE_2_length_316718_cov_25.5038_ID_9743
		One align captures most of this contig: 733168 1049882 | 1 316718 | 316715 316718 | 99.99 | e_coli_k12_gi_556503834_ref_NC_ NODE_2_length_316718_cov_25.5038_ID_9743

CONTIG: NODE_3_length_284901_cov_25.0021_ID_8665 (284901bp)
Top Length: 202176  Top ID: 99.99
		Skipping redundant alignment 4295948 4296322 | 82726 83098 | 375 373 | 97.33 | e_coli_k12_gi_556503834_ref_NC_ NODE_3_length_284901_cov_25.0021_ID_8665
		Skipping redundant alignment 1992042 1992117 | 179100 179025 | 76 76 | 100.0 | e_coli_k12_gi_556503834_ref_NC_ NODE_3_length_284901_cov_25.0021_ID_8665
		Skipping redundant alignment 1992042 1992117 | 179212 179137 | 76 76 | 100.0 | e_coli_k12_gi_556503834_ref_NC_ NODE_3_length_284901_cov_25.0021_ID_8665
		Skipping redundant alignment 1992042 1992117 | 179324 179249 | 76 76 | 100.0 | e_coli_k12_gi_556503834_ref_NC_ NODE_3_length_284901_cov_25.0021_ID_8665
		This contig is misassembled. 6 total aligns.
			Excluding internal overlap of size 373 between Alignment 1 and 2:  4213110 4296209 | 1 83098 | 83100 83098 --> 4213110 4295836 | 1 82725 | 82727 82725
			Real Alignment 1: 4213110 4295836 | 1 82725 | 82727 82725 | 99.99 | e_coli_k12_gi_556503834_ref_NC_ NODE_3_length_284901_cov_25.0021_ID_8665
			  Gap between these two alignments (local misassembly). Inconsistency = 224 
			Real Alignment 2: 4296061 4498235 | 82726 284901 | 202175 202176 | 99.99 | e_coli_k12_gi_556503834_ref_NC_ NODE_3_length_284901_cov_25.0021_ID_8665

CONTIG: NODE_4_length_264985_cov_24.8489_ID_8090 (264985bp)
Top Length: 264985  Top ID: 99.99
		Marking as insignificant: 290428 290633 | 28451 28656 | 206 206 | 99.51 | e_coli_k12_gi_556503834_ref_NC_ NODE_4_length_264985_cov_24.8489_ID_8090
		One align captures most of this contig: 2731431 2996415 | 1 264985 | 264985 264985 | 99.99 | e_coli_k12_gi_556503834_ref_NC_ NODE_4_length_264985_cov_24.8489_ID_8090

CONTIG: NODE_5_length_224156_cov_24.9348_ID_7972 (224156bp)
Top Length: 209825  Top ID: 99.99
		Skipping redundant alignment 1207563 1207804 | 181952 181711 | 242 242 | 95.04 | e_coli_k12_gi_556503834_ref_NC_ NODE_5_length_224156_cov_24.9348_ID_7972
		This contig is misassembled. 3 total aligns.
			Excluding internal overlap of size 563 between Alignment 1 and 2:  2290059 2304952 | 1 14894 | 14894 14894 --> 2290059 2304389 | 1 14331 | 14331 14331
			Real Alignment 1: 2290059 2304389 | 1 14331 | 14331 14331 | 99.95 | e_coli_k12_gi_556503834_ref_NC_ NODE_5_length_224156_cov_24.9348_ID_7972
			  Gap between these two alignments (local misassembly). Inconsistency = 113 
			Real Alignment 2: 2304503 2514327 | 14332 224156 | 209825 209825 | 99.99 | e_coli_k12_gi_556503834_ref_NC_ NODE_5_length_224156_cov_24.9348_ID_7972

CONTIG: NODE_6_length_210558_cov_24.9368_ID_11487 (210558bp)
Top Length: 210558  Top ID: 99.99
		Marking as insignificant: 780765 780841 | 5491 5567 | 77 77 | 100.0 | e_coli_k12_gi_556503834_ref_NC_ NODE_6_length_210558_cov_24.9368_ID_11487
		Marking as insignificant: 780765 780841 | 5369 5445 | 77 77 | 100.0 | e_coli_k12_gi_556503834_ref_NC_ NODE_6_length_210558_cov_24.9368_ID_11487
		Marking as insignificant: 781068 781145 | 5491 5568 | 78 78 | 100.0 | e_coli_k12_gi_556503834_ref_NC_ NODE_6_length_210558_cov_24.9368_ID_11487
		Marking as insignificant: 781068 781145 | 5369 5446 | 78 78 | 100.0 | e_coli_k12_gi_556503834_ref_NC_ NODE_6_length_210558_cov_24.9368_ID_11487
		Marking as insignificant: 780554 780631 | 5693 5770 | 78 78 | 100.0 | e_coli_k12_gi_556503834_ref_NC_ NODE_6_length_210558_cov_24.9368_ID_11487
		Marking as insignificant: 781369 781451 | 5693 5775 | 83 83 | 98.8 | e_coli_k12_gi_556503834_ref_NC_ NODE_6_length_210558_cov_24.9368_ID_11487
		Marking as insignificant: 780765 780918 | 5613 5768 | 154 156 | 98.72 | e_coli_k12_gi_556503834_ref_NC_ NODE_6_length_210558_cov_24.9368_ID_11487
		Marking as insignificant: 781068 781222 | 5613 5768 | 155 156 | 99.36 | e_coli_k12_gi_556503834_ref_NC_ NODE_6_length_210558_cov_24.9368_ID_11487
		Marking as insignificant: 781577 781844 | 5693 5960 | 268 268 | 100.0 | e_coli_k12_gi_556503834_ref_NC_ NODE_6_length_210558_cov_24.9368_ID_11487
		One align captures most of this contig: 2515563 2726118 | 1 210558 | 210556 210558 | 99.99 | e_coli_k12_gi_556503834_ref_NC_ NODE_6_length_210558_cov_24.9368_ID_11487

CONTIG: NODE_7_length_203928_cov_25.3042_ID_8479 (203928bp)
Top Length: 202412  Top ID: 99.99
		Marking as insignificant: 925841 925978 | 1897 2034 | 138 138 | 98.55 | e_coli_k12_gi_556503834_ref_NC_ NODE_7_length_203928_cov_25.3042_ID_8479
		Marking as insignificant: 2471882 2472123 | 112179 111938 | 242 242 | 95.04 | e_coli_k12_gi_556503834_ref_NC_ NODE_7_length_203928_cov_25.3042_ID_8479
		Marking as insignificant: 1095445 1097402 | 1 1958 | 1958 1958 | 99.9 | e_coli_k12_gi_556503834_ref_NC_ NODE_7_length_203928_cov_25.3042_ID_8479
		One align captures most of this contig: 1097142 1299553 | 1517 203928 | 202412 202412 | 99.99 | e_coli_k12_gi_556503834_ref_NC_ NODE_7_length_203928_cov_25.3042_ID_8479

CONTIG: NODE_8_length_203221_cov_24.9178_ID_8943 (203221bp)
Top Length: 203221  Top ID: 100.0
		Marking as insignificant: 1979166 1979270 | 203221 203117 | 105 105 | 100.0 | e_coli_k12_gi_556503834_ref_NC_ NODE_8_length_203221_cov_24.9178_ID_8943
		Marking as insignificant: 291297 291401 | 203221 203117 | 105 105 | 100.0 | e_coli_k12_gi_556503834_ref_NC_ NODE_8_length_203221_cov_24.9178_ID_8943
		Marking as insignificant: 279826 279930 | 203221 203117 | 105 105 | 100.0 | e_coli_k12_gi_556503834_ref_NC_ NODE_8_length_203221_cov_24.9178_ID_8943
		Marking as insignificant: 3583427 3583532 | 203116 203221 | 106 106 | 100.0 | e_coli_k12_gi_556503834_ref_NC_ NODE_8_length_203221_cov_24.9178_ID_8943
		Marking as insignificant: 258571 258676 | 203221 203116 | 106 106 | 100.0 | e_coli_k12_gi_556503834_ref_NC_ NODE_8_length_203221_cov_24.9178_ID_8943
		Marking as insignificant: 3428854 3428998 | 1 145 | 145 145 | 99.31 | e_coli_k12_gi_556503834_ref_NC_ NODE_8_length_203221_cov_24.9178_ID_8943
		Marking as insignificant: 4207843 4208055 | 215 1 | 213 215 | 98.6 | e_coli_k12_gi_556503834_ref_NC_ NODE_8_length_203221_cov_24.9178_ID_8943
		One align captures most of this contig: 20459 223679 | 203221 1 | 203221 203221 | 100.0 | e_coli_k12_gi_556503834_ref_NC_ NODE_8_length_203221_cov_24.9178_ID_8943

CONTIG: NODE_9_length_178239_cov_24.8405_ID_9199 (178239bp)
Top Length: 178239  Top ID: 100.0
		One align captures most of this contig: 3187372 3365610 | 1 178239 | 178239 178239 | 100.0 | e_coli_k12_gi_556503834_ref_NC_ NODE_9_length_178239_cov_24.8405_ID_9199

CONTIG: NODE_10_length_173982_cov_24.8944_ID_7928 (173982bp)
Top Length: 173982  Top ID: 100.0
		One align captures most of this contig: 3767521 3941502 | 173982 1 | 173982 173982 | 100.0 | e_coli_k12_gi_556503834_ref_NC_ NODE_10_length_173982_cov_24.8944_ID_7928

CONTIG: NODE_11_length_133028_cov_24.8752_ID_8770 (133028bp)
Top Length: 133028  Top ID: 100.0
		Marking as insignificant: 3982605 3982692 | 35487 35574 | 88 88 | 100.0 | e_coli_k12_gi_556503834_ref_NC_ NODE_11_length_133028_cov_24.8752_ID_8770
		Marking as insignificant: 3982604 3982692 | 35250 35338 | 89 89 | 100.0 | e_coli_k12_gi_556503834_ref_NC_ NODE_11_length_133028_cov_24.8752_ID_8770
		One align captures most of this contig: 4508625 4641652 | 133028 1 | 133028 133028 | 100.0 | e_coli_k12_gi_556503834_ref_NC_ NODE_11_length_133028_cov_24.8752_ID_8770

CONTIG: NODE_12_length_132876_cov_24.7994_ID_8046 (132876bp)
Top Length: 132876  Top ID: 100.0
		One align captures most of this contig: 392909 525784 | 1 132876 | 132876 132876 | 100.0 | e_coli_k12_gi_556503834_ref_NC_ NODE_12_length_132876_cov_24.7994_ID_8046

CONTIG: NODE_13_length_132563_cov_24.8648_ID_9049 (132563bp)
Top Length: 132563  Top ID: 100.0
		Marking as insignificant: 803322 803447 | 58930 58805 | 126 126 | 98.41 | e_coli_k12_gi_556503834_ref_NC_ NODE_13_length_132563_cov_24.8648_ID_9049
		Marking as insignificant: 596980 597107 | 58930 58803 | 128 128 | 99.22 | e_coli_k12_gi_556503834_ref_NC_ NODE_13_length_132563_cov_24.8648_ID_9049
		One align captures most of this contig: 2997638 3130200 | 132563 1 | 132563 132563 | 100.0 | e_coli_k12_gi_556503834_ref_NC_ NODE_13_length_132563_cov_24.8648_ID_9049

CONTIG: NODE_14_length_125608_cov_25.0155_ID_9321 (125608bp)
Top Length: 125608  Top ID: 99.99
		Marking as insignificant: 4171866 4171965 | 1 100 | 100 100 | 100.0 | e_coli_k12_gi_556503834_ref_NC_ NODE_14_length_125608_cov_25.0155_ID_9321
		One align captures most of this contig: 4040746 4166353 | 1 125608 | 125608 125608 | 99.99 | e_coli_k12_gi_556503834_ref_NC_ NODE_14_length_125608_cov_25.0155_ID_9321

CONTIG: NODE_15_length_117600_cov_24.8729_ID_9268 (117600bp)
Top Length: 117600  Top ID: 99.99
		Marking as insignificant: 915027 915288 | 59598 59859 | 262 262 | 95.42 | e_coli_k12_gi_556503834_ref_NC_ NODE_15_length_117600_cov_24.8729_ID_9268
		One align captures most of this contig: 2171374 2288973 | 117600 1 | 117600 117600 | 99.99 | e_coli_k12_gi_556503834_ref_NC_ NODE_15_length_117600_cov_24.8729_ID_9268

CONTIG: NODE_16_length_112393_cov_24.8225_ID_8437 (112393bp)
Top Length: 112393  Top ID: 100.0
		Marking as insignificant: 291297 291401 | 112393 112289 | 105 105 | 100.0 | e_coli_k12_gi_556503834_ref_NC_ NODE_16_length_112393_cov_24.8225_ID_8437
		Marking as insignificant: 279826 279930 | 112393 112289 | 105 105 | 100.0 | e_coli_k12_gi_556503834_ref_NC_ NODE_16_length_112393_cov_24.8225_ID_8437
		Marking as insignificant: 258571 258676 | 112393 112288 | 106 106 | 100.0 | e_coli_k12_gi_556503834_ref_NC_ NODE_16_length_112393_cov_24.8225_ID_8437
		Marking as insignificant: 20459 20564 | 112393 112288 | 106 106 | 100.0 | e_coli_k12_gi_556503834_ref_NC_ NODE_16_length_112393_cov_24.8225_ID_8437
		Marking as insignificant: 1979166 1979285 | 112393 112274 | 120 120 | 96.69 | e_coli_k12_gi_556503834_ref_NC_ NODE_16_length_112393_cov_24.8225_ID_8437
		One align captures most of this contig: 3471140 3583532 | 1 112393 | 112393 112393 | 100.0 | e_coli_k12_gi_556503834_ref_NC_ NODE_16_length_112393_cov_24.8225_ID_8437

CONTIG: NODE_17_length_95460_cov_24.8341_ID_8836 (95460bp)
Top Length: 95460  Top ID: 100.0
		One align captures most of this contig: 1300639 1396098 | 1 95460 | 95460 95460 | 100.0 | e_coli_k12_gi_556503834_ref_NC_ NODE_17_length_95460_cov_24.8341_ID_8836

CONTIG: NODE_18_length_95009_cov_24.8592_ID_9505 (95009bp)
Top Length: 95009  Top ID: 100.0
		Marking as insignificant: 3619192 3619399 | 208 1 | 208 208 | 98.08 | e_coli_k12_gi_556503834_ref_NC_ NODE_18_length_95009_cov_24.8592_ID_9505
		Marking as insignificant: 729465 729790 | 325 1 | 326 325 | 95.41 | e_coli_k12_gi_556503834_ref_NC_ NODE_18_length_95009_cov_24.8592_ID_9505
		One align captures most of this contig: 3667382 3762390 | 95009 1 | 95009 95009 | 100.0 | e_coli_k12_gi_556503834_ref_NC_ NODE_18_length_95009_cov_24.8592_ID_9505

CONTIG: NODE_19_length_88456_cov_25.0799_ID_9634 (88456bp)
Top Length: 88456  Top ID: 100.0
		Marking as insignificant: 236931 237008 | 103 180 | 78 78 | 100.0 | e_coli_k12_gi_556503834_ref_NC_ NODE_19_length_88456_cov_25.0799_ID_9634
		Marking as insignificant: 4606079 4606166 | 35923 35836 | 88 88 | 100.0 | e_coli_k12_gi_556503834_ref_NC_ NODE_19_length_88456_cov_25.0799_ID_9634
		Marking as insignificant: 4606315 4606403 | 35923 35835 | 89 89 | 100.0 | e_coli_k12_gi_556503834_ref_NC_ NODE_19_length_88456_cov_25.0799_ID_9634
		Marking as insignificant: 228826 229005 | 1 180 | 180 180 | 100.0 | e_coli_k12_gi_556503834_ref_NC_ NODE_19_length_88456_cov_25.0799_ID_9634
		One align captures most of this contig: 3946770 4035225 | 1 88456 | 88456 88456 | 100.0 | e_coli_k12_gi_556503834_ref_NC_ NODE_19_length_88456_cov_25.0799_ID_9634

CONTIG: NODE_20_length_87064_cov_25.1113_ID_9560 (87064bp)
Top Length: 87064  Top ID: 100.0
		Marking as insignificant: 4392583 4392658 | 12952 12877 | 76 76 | 100.0 | e_coli_k12_gi_556503834_ref_NC_ NODE_20_length_87064_cov_25.1113_ID_9560
		Marking as insignificant: 4392472 4392547 | 12952 12877 | 76 76 | 100.0 | e_coli_k12_gi_556503834_ref_NC_ NODE_20_length_87064_cov_25.1113_ID_9560
		Marking as insignificant: 4392360 4392435 | 12952 12877 | 76 76 | 100.0 | e_coli_k12_gi_556503834_ref_NC_ NODE_20_length_87064_cov_25.1113_ID_9560
		Marking as insignificant: 2059846 2059930 | 78942 78858 | 85 85 | 100.0 | e_coli_k12_gi_556503834_ref_NC_ NODE_20_length_87064_cov_25.1113_ID_9560
		Marking as insignificant: 2058023 2058107 | 80765 80681 | 85 85 | 100.0 | e_coli_k12_gi_556503834_ref_NC_ NODE_20_length_87064_cov_25.1113_ID_9560
		Marking as insignificant: 2062236 2062339 | 78961 78858 | 104 104 | 97.12 | e_coli_k12_gi_556503834_ref_NC_ NODE_20_length_87064_cov_25.1113_ID_9560
		Marking as insignificant: 2058023 2058126 | 83174 83071 | 104 104 | 97.12 | e_coli_k12_gi_556503834_ref_NC_ NODE_20_length_87064_cov_25.1113_ID_9560
		Marking as insignificant: 2058023 2058126 | 65463 65360 | 104 104 | 98.08 | e_coli_k12_gi_556503834_ref_NC_ NODE_20_length_87064_cov_25.1113_ID_9560
		Marking as insignificant: 2044525 2044628 | 78961 78858 | 104 104 | 98.08 | e_coli_k12_gi_556503834_ref_NC_ NODE_20_length_87064_cov_25.1113_ID_9560
		Marking as insignificant: 291297 291401 | 1 105 | 105 105 | 100.0 | e_coli_k12_gi_556503834_ref_NC_ NODE_20_length_87064_cov_25.1113_ID_9560
		Marking as insignificant: 279826 279930 | 1 105 | 105 105 | 100.0 | e_coli_k12_gi_556503834_ref_NC_ NODE_20_length_87064_cov_25.1113_ID_9560
		Marking as insignificant: 258571 258675 | 1 105 | 105 105 | 100.0 | e_coli_k12_gi_556503834_ref_NC_ NODE_20_length_87064_cov_25.1113_ID_9560
		Marking as insignificant: 20459 20563 | 1 105 | 105 105 | 100.0 | e_coli_k12_gi_556503834_ref_NC_ NODE_20_length_87064_cov_25.1113_ID_9560
		Marking as insignificant: 3583413 3583532 | 120 1 | 120 120 | 96.69 | e_coli_k12_gi_556503834_ref_NC_ NODE_20_length_87064_cov_25.1113_ID_9560
		One align captures most of this contig: 1979166 2066229 | 1 87064 | 87064 87064 | 100.0 | e_coli_k12_gi_556503834_ref_NC_ NODE_20_length_87064_cov_25.1113_ID_9560

CONTIG: NODE_21_length_78609_cov_24.8859_ID_8998 (78609bp)
Top Length: 78609  Top ID: 100.0
		One align captures most of this contig: 609297 687905 | 1 78609 | 78609 78609 | 100.0 | e_coli_k12_gi_556503834_ref_NC_ NODE_21_length_78609_cov_24.8859_ID_8998

CONTIG: NODE_22_length_67340_cov_24.769_ID_9109 (67340bp)
Top Length: 67340  Top ID: 100.0
		One align captures most of this contig: 2102889 2170228 | 67340 1 | 67340 67340 | 100.0 | e_coli_k12_gi_556503834_ref_NC_ NODE_22_length_67340_cov_24.769_ID_9109

CONTIG: NODE_23_length_65511_cov_26.3142_ID_10515 (65511bp)
Top Length: 65511  Top ID: 99.99
		Marking as insignificant: 4498181 4498860 | 64832 65511 | 680 680 | 100.0 | e_coli_k12_gi_556503834_ref_NC_ NODE_23_length_65511_cov_26.3142_ID_10515
		Marking as insignificant: 2997012 2997691 | 65511 64832 | 680 680 | 100.0 | e_coli_k12_gi_556503834_ref_NC_ NODE_23_length_65511_cov_26.3142_ID_10515
		Marking as insignificant: 1468561 1469240 | 65511 64832 | 680 680 | 100.0 | e_coli_k12_gi_556503834_ref_NC_ NODE_23_length_65511_cov_26.3142_ID_10515
		Marking as insignificant: 2069592 2070273 | 65511 64830 | 682 682 | 100.0 | e_coli_k12_gi_556503834_ref_NC_ NODE_23_length_65511_cov_26.3142_ID_10515
		Marking as insignificant: 3186092 3186775 | 64828 65511 | 684 684 | 99.85 | e_coli_k12_gi_556503834_ref_NC_ NODE_23_length_65511_cov_26.3142_ID_10515
		One align captures most of this contig: 316429 381939 | 1 65511 | 65511 65511 | 99.99 | e_coli_k12_gi_556503834_ref_NC_ NODE_23_length_65511_cov_26.3142_ID_10515

CONTIG: NODE_24_length_60768_cov_24.7236_ID_9157 (60768bp)
Top Length: 60768  Top ID: 100.0
		One align captures most of this contig: 1571847 1632614 | 1 60768 | 60768 60768 | 100.0 | e_coli_k12_gi_556503834_ref_NC_ NODE_24_length_60768_cov_24.7236_ID_9157

CONTIG: NODE_25_length_57777_cov_24.8632_ID_9408 (57777bp)
Top Length: 57777  Top ID: 100.0
		One align captures most of this contig: 1470462 1528238 | 1 57777 | 57777 57777 | 100.0 | e_coli_k12_gi_556503834_ref_NC_ NODE_25_length_57777_cov_24.8632_ID_9408

CONTIG: NODE_26_length_56618_cov_24.8601_ID_12494 (56618bp)
Top Length: 56618  Top ID: 100.0
		One align captures most of this contig: 3366696 3423313 | 56618 1 | 56618 56618 | 100.0 | e_coli_k12_gi_556503834_ref_NC_ NODE_26_length_56618_cov_24.8601_ID_12494

CONTIG: NODE_27_length_54865_cov_24.7981_ID_9448 (54865bp)
Top Length: 54865  Top ID: 100.0
		One align captures most of this contig: 3131286 3186150 | 54865 1 | 54865 54865 | 100.0 | e_coli_k12_gi_556503834_ref_NC_ NODE_27_length_54865_cov_24.7981_ID_9448

CONTIG: NODE_28_length_43809_cov_24.8793_ID_9699 (43809bp)
Top Length: 43809  Top ID: 100.0
		One align captures most of this contig: 1050491 1094299 | 1 43809 | 43809 43809 | 100.0 | e_coli_k12_gi_556503834_ref_NC_ NODE_28_length_43809_cov_24.8793_ID_9699

CONTIG: NODE_29_length_41365_cov_24.8591_ID_10031 (41365bp)
Top Length: 41365  Top ID: 100.0
		Marking as insignificant: 4207913 4208055 | 41221 41365 | 143 145 | 97.24 | e_coli_k12_gi_556503834_ref_NC_ NODE_29_length_41365_cov_24.8591_ID_10031
		Marking as insignificant: 223535 223679 | 41221 41365 | 145 145 | 99.31 | e_coli_k12_gi_556503834_ref_NC_ NODE_29_length_41365_cov_24.8591_ID_10031
		One align captures most of this contig: 3428854 3470218 | 41365 1 | 41365 41365 | 100.0 | e_coli_k12_gi_556503834_ref_NC_ NODE_29_length_41365_cov_24.8591_ID_10031

CONTIG: NODE_30_length_40800_cov_24.8929_ID_10163 (40800bp)
Top Length: 40800  Top ID: 100.0
		Marking as insignificant: 3762066 3762390 | 40475 40800 | 325 326 | 95.41 | e_coli_k12_gi_556503834_ref_NC_ NODE_30_length_40800_cov_24.8929_ID_10163
		One align captures most of this contig: 688991 729790 | 1 40800 | 40800 40800 | 100.0 | e_coli_k12_gi_556503834_ref_NC_ NODE_30_length_40800_cov_24.8929_ID_10163

CONTIG: NODE_31_length_40169_cov_24.8907_ID_10071 (40169bp)
Top Length: 40169  Top ID: 100.0
		One align captures most of this contig: 526666 566834 | 1 40169 | 40169 40169 | 100.0 | e_coli_k12_gi_556503834_ref_NC_ NODE_31_length_40169_cov_24.8907_ID_10071

CONTIG: NODE_32_length_37873_cov_25.0402_ID_10727 (37873bp)
Top Length: 37873  Top ID: 100.0
		Marking as insignificant: 239278 239377 | 1 100 | 100 100 | 98.0 | e_coli_k12_gi_556503834_ref_NC_ NODE_32_length_37873_cov_25.0402_ID_10727
		One align captures most of this contig: 1532852 1570724 | 1 37873 | 37873 37873 | 100.0 | e_coli_k12_gi_556503834_ref_NC_ NODE_32_length_37873_cov_25.0402_ID_10727

CONTIG: NODE_33_length_35259_cov_25.0894_ID_10115 (35259bp)
Top Length: 35259  Top ID: 100.0
		Marking as insignificant: 3762183 3762390 | 35052 35259 | 208 208 | 98.08 | e_coli_k12_gi_556503834_ref_NC_ NODE_33_length_35259_cov_25.0894_ID_10115
		One align captures most of this contig: 3584141 3619399 | 1 35259 | 35259 35259 | 100.0 | e_coli_k12_gi_556503834_ref_NC_ NODE_33_length_35259_cov_25.0894_ID_10115

CONTIG: NODE_34_length_33283_cov_24.8354_ID_10288 (33283bp)
Top Length: 33283  Top ID: 99.98
		One align captures most of this contig: 1434682 1467964 | 33283 1 | 33283 33283 | 99.98 | e_coli_k12_gi_556503834_ref_NC_ NODE_34_length_33283_cov_24.8354_ID_10288

CONTIG: NODE_35_length_32331_cov_25.9214_ID_10875 (32331bp)
Top Length: 32331  Top ID: 99.97
		Marking as insignificant: 3071271 3071398 | 11082 10955 | 128 128 | 99.22 | e_coli_k12_gi_556503834_ref_NC_ NODE_35_length_32331_cov_25.9214_ID_10875
		Marking as insignificant: 803320 803447 | 11084 10957 | 128 128 | 99.22 | e_coli_k12_gi_556503834_ref_NC_ NODE_35_length_32331_cov_25.9214_ID_10875
		Marking as insignificant: 1423200 1423569 | 29935 29566 | 370 370 | 96.49 | e_coli_k12_gi_556503834_ref_NC_ NODE_35_length_32331_cov_25.9214_ID_10875
		Marking as insignificant: 1432557 1432973 | 26403 25987 | 417 417 | 95.2 | e_coli_k12_gi_556503834_ref_NC_ NODE_35_length_32331_cov_25.9214_ID_10875
		Marking as insignificant: 1634323 1634739 | 25987 26403 | 417 417 | 95.44 | e_coli_k12_gi_556503834_ref_NC_ NODE_35_length_32331_cov_25.9214_ID_10875
		Marking as insignificant: 1635839 1636918 | 26700 27779 | 1080 1080 | 97.59 | e_coli_k12_gi_556503834_ref_NC_ NODE_35_length_32331_cov_25.9214_ID_10875
		One align captures most of this contig: 575731 608061 | 32331 1 | 32331 32331 | 99.97 | e_coli_k12_gi_556503834_ref_NC_ NODE_35_length_32331_cov_25.9214_ID_10875

CONTIG: NODE_36_length_31585_cov_24.8378_ID_10235 (31585bp)
Top Length: 31585  Top ID: 100.0
		One align captures most of this contig: 2070219 2101803 | 1 31585 | 31585 31585 | 100.0 | e_coli_k12_gi_556503834_ref_NC_ NODE_36_length_31585_cov_24.8378_ID_10235

CONTIG: NODE_37_length_31003_cov_25.3536_ID_10420 (31003bp)
Top Length: 31003  Top ID: 99.99
		Marking as insignificant: 3428854 3428998 | 1 145 | 145 145 | 99.31 | e_coli_k12_gi_556503834_ref_NC_ NODE_37_length_31003_cov_25.3536_ID_10420
		Marking as insignificant: 223465 223679 | 215 1 | 215 215 | 100.0 | e_coli_k12_gi_556503834_ref_NC_ NODE_37_length_31003_cov_25.3536_ID_10420
		One align captures most of this contig: 4177055 4208055 | 31003 1 | 31001 31003 | 99.99 | e_coli_k12_gi_556503834_ref_NC_ NODE_37_length_31003_cov_25.3536_ID_10420

CONTIG: NODE_38_length_30866_cov_24.8673_ID_10462 (30866bp)
Top Length: 30866  Top ID: 99.99
		Marking as insignificant: 578127 578496 | 26017 26386 | 370 370 | 96.76 | e_coli_k12_gi_556503834_ref_NC_ NODE_38_length_30866_cov_24.8673_ID_10462
		One align captures most of this contig: 1397184 1428049 | 1 30866 | 30866 30866 | 99.99 | e_coli_k12_gi_556503834_ref_NC_ NODE_38_length_30866_cov_24.8673_ID_10462

CONTIG: NODE_39_length_29137_cov_25.5077_ID_10663 (29137bp)
Top Length: 29137  Top ID: 99.98
		Marking as insignificant: 3946872 3946949 | 8106 8183 | 78 78 | 100.0 | e_coli_k12_gi_556503834_ref_NC_ NODE_39_length_29137_cov_25.5077_ID_10663
		Marking as insignificant: 3946770 3946949 | 1 180 | 180 180 | 100.0 | e_coli_k12_gi_556503834_ref_NC_ NODE_39_length_29137_cov_25.5077_ID_10663
		Marking as insignificant: 737681 737960 | 10273 10552 | 280 280 | 96.79 | e_coli_k12_gi_556503834_ref_NC_ NODE_39_length_29137_cov_25.5077_ID_10663
		Marking as insignificant: 3625234 3625513 | 10273 10552 | 280 280 | 97.86 | e_coli_k12_gi_556503834_ref_NC_ NODE_39_length_29137_cov_25.5077_ID_10663
		Marking as insignificant: 1532672 1532951 | 10273 10552 | 280 280 | 99.64 | e_coli_k12_gi_556503834_ref_NC_ NODE_39_length_29137_cov_25.5077_ID_10663
		One align captures most of this contig: 228826 257962 | 1 29137 | 29137 29137 | 99.98 | e_coli_k12_gi_556503834_ref_NC_ NODE_39_length_29137_cov_25.5077_ID_10663

CONTIG: NODE_40_length_26677_cov_24.8516_ID_10588 (26677bp)
Top Length: 26677  Top ID: 100.0
		One align captures most of this contig: 3625414 3652090 | 26677 1 | 26677 26677 | 100.0 | e_coli_k12_gi_556503834_ref_NC_ NODE_40_length_26677_cov_24.8516_ID_10588

CONTIG: NODE_41_length_23987_cov_25.1277_ID_10793 (23987bp)
Top Length: 23987  Top ID: 100.0
		Marking as insignificant: 3583428 3583532 | 105 1 | 105 105 | 100.0 | e_coli_k12_gi_556503834_ref_NC_ NODE_41_length_23987_cov_25.1277_ID_10793
		Marking as insignificant: 1979166 1979270 | 1 105 | 105 105 | 100.0 | e_coli_k12_gi_556503834_ref_NC_ NODE_41_length_23987_cov_25.1277_ID_10793
		Marking as insignificant: 258571 258675 | 1 105 | 105 105 | 100.0 | e_coli_k12_gi_556503834_ref_NC_ NODE_41_length_23987_cov_25.1277_ID_10793
		Marking as insignificant: 20459 20563 | 1 105 | 105 105 | 100.0 | e_coli_k12_gi_556503834_ref_NC_ NODE_41_length_23987_cov_25.1277_ID_10793
		Marking as insignificant: 279826 279932 | 1 107 | 107 107 | 100.0 | e_coli_k12_gi_556503834_ref_NC_ NODE_41_length_23987_cov_25.1277_ID_10793
		One align captures most of this contig: 291297 315283 | 1 23987 | 23987 23987 | 100.0 | e_coli_k12_gi_556503834_ref_NC_ NODE_41_length_23987_cov_25.1277_ID_10793

CONTIG: NODE_42_length_15930_cov_26.2059_ID_10948 (15930bp)
Top Length: 15930  Top ID: 99.88
		Marking as insignificant: 580283 581362 | 13980 15059 | 1080 1080 | 98.89 | e_coli_k12_gi_556503834_ref_NC_ NODE_42_length_15930_cov_26.2059_ID_10948
		One align captures most of this contig: 1634968 1650897 | 15930 1 | 15930 15930 | 99.88 | e_coli_k12_gi_556503834_ref_NC_ NODE_42_length_15930_cov_26.2059_ID_10948

CONTIG: NODE_43_length_15440_cov_24.7992_ID_10839 (15440bp)
Top Length: 15440  Top ID: 100.0
		One align captures most of this contig: 2 15441 | 15440 1 | 15440 15440 | 100.0 | e_coli_k12_gi_556503834_ref_NC_ NODE_43_length_15440_cov_24.7992_ID_10839

CONTIG: NODE_44_length_13084_cov_24.8305_ID_11005 (13084bp)
Top Length: 13084  Top ID: 100.0
		One align captures most of this contig: 3653176 3666259 | 13084 1 | 13084 13084 | 100.0 | e_coli_k12_gi_556503834_ref_NC_ NODE_44_length_13084_cov_24.8305_ID_11005

CONTIG: NODE_45_length_12025_cov_25.1998_ID_11285 (12025bp)
Top Length: 12025  Top ID: 99.98
		Marking as insignificant: 1979166 1979270 | 1 105 | 105 105 | 100.0 | e_coli_k12_gi_556503834_ref_NC_ NODE_45_length_12025_cov_25.1998_ID_11285
		Marking as insignificant: 291297 291401 | 1 105 | 105 105 | 100.0 | e_coli_k12_gi_556503834_ref_NC_ NODE_45_length_12025_cov_25.1998_ID_11285
		Marking as insignificant: 279826 279930 | 1 105 | 105 105 | 100.0 | e_coli_k12_gi_556503834_ref_NC_ NODE_45_length_12025_cov_25.1998_ID_11285
		Marking as insignificant: 3583427 3583532 | 106 1 | 106 106 | 100.0 | e_coli_k12_gi_556503834_ref_NC_ NODE_45_length_12025_cov_25.1998_ID_11285
		Marking as insignificant: 20459 20564 | 1 106 | 106 106 | 100.0 | e_coli_k12_gi_556503834_ref_NC_ NODE_45_length_12025_cov_25.1998_ID_11285
		One align captures most of this contig: 258571 270595 | 1 12025 | 12025 12025 | 99.98 | e_coli_k12_gi_556503834_ref_NC_ NODE_45_length_12025_cov_25.1998_ID_11285

CONTIG: NODE_46_length_10670_cov_26.4039_ID_11051 (10670bp)
Top Length: 10670  Top ID: 100.0
		Marking as insignificant: 3583428 3583532 | 105 1 | 105 105 | 100.0 | e_coli_k12_gi_556503834_ref_NC_ NODE_46_length_10670_cov_26.4039_ID_11051
		Marking as insignificant: 1979166 1979270 | 1 105 | 105 105 | 100.0 | e_coli_k12_gi_556503834_ref_NC_ NODE_46_length_10670_cov_26.4039_ID_11051
		Marking as insignificant: 258571 258675 | 1 105 | 105 105 | 100.0 | e_coli_k12_gi_556503834_ref_NC_ NODE_46_length_10670_cov_26.4039_ID_11051
		Marking as insignificant: 20459 20563 | 1 105 | 105 105 | 100.0 | e_coli_k12_gi_556503834_ref_NC_ NODE_46_length_10670_cov_26.4039_ID_11051
		Marking as insignificant: 291297 291403 | 1 107 | 107 107 | 100.0 | e_coli_k12_gi_556503834_ref_NC_ NODE_46_length_10670_cov_26.4039_ID_11051
		Marking as insignificant: 271581 271761 | 106 286 | 181 181 | 99.45 | e_coli_k12_gi_556503834_ref_NC_ NODE_46_length_10670_cov_26.4039_ID_11051
		Marking as insignificant: 1470336 1470516 | 106 286 | 181 181 | 100.0 | e_coli_k12_gi_556503834_ref_NC_ NODE_46_length_10670_cov_26.4039_ID_11051
		Marking as insignificant: 4507443 4507639 | 303 106 | 197 198 | 98.48 | e_coli_k12_gi_556503834_ref_NC_ NODE_46_length_10670_cov_26.4039_ID_11051
		One align captures most of this contig: 279826 290495 | 1 10670 | 10670 10670 | 100.0 | e_coli_k12_gi_556503834_ref_NC_ NODE_46_length_10670_cov_26.4039_ID_11051

CONTIG: NODE_47_length_9228_cov_25.0547_ID_11160 (9228bp)
Top Length: 9228  Top ID: 100.0
		One align captures most of this contig: 382536 391763 | 1 9228 | 9228 9228 | 100.0 | e_coli_k12_gi_556503834_ref_NC_ NODE_47_length_9228_cov_25.0547_ID_11160

CONTIG: NODE_48_length_8057_cov_25.3454_ID_11202 (8057bp)
Top Length: 8057  Top ID: 100.0
		One align captures most of this contig: 4499457 4507513 | 8057 1 | 8057 8057 | 100.0 | e_coli_k12_gi_556503834_ref_NC_ NODE_48_length_8057_cov_25.3454_ID_11202

CONTIG: NODE_49_length_6666_cov_24.4375_ID_11242 (6666bp)
Top Length: 6666  Top ID: 100.0
		One align captures most of this contig: 567980 574645 | 6666 1 | 6666 6666 | 100.0 | e_coli_k12_gi_556503834_ref_NC_ NODE_49_length_6666_cov_24.4375_ID_11242

CONTIG: NODE_50_length_4268_cov_25.3328_ID_11347 (4268bp)
Top Length: 4268  Top ID: 100.0
		Marking as insignificant: 4040746 4040845 | 4268 4169 | 100 100 | 100.0 | e_coli_k12_gi_556503834_ref_NC_ NODE_50_length_4268_cov_25.3328_ID_11347
		One align captures most of this contig: 4171866 4176133 | 4268 1 | 4268 4268 | 100.0 | e_coli_k12_gi_556503834_ref_NC_ NODE_50_length_4268_cov_25.3328_ID_11347

CONTIG: NODE_51_length_4123_cov_25.1952_ID_11383 (4123bp)
Top Length: 4123  Top ID: 100.0
		One align captures most of this contig: 275095 279217 | 1 4123 | 4123 4123 | 100.0 | e_coli_k12_gi_556503834_ref_NC_ NODE_51_length_4123_cov_25.1952_ID_11383

CONTIG: NODE_52_length_4113_cov_25.2203_ID_11417 (4113bp)
Top Length: 4113  Top ID: 100.0
		One align captures most of this contig: 1428216 1432328 | 4113 1 | 4113 4113 | 100.0 | e_coli_k12_gi_556503834_ref_NC_ NODE_52_length_4113_cov_25.2203_ID_11417

CONTIG: NODE_53_length_3386_cov_167.191_ID_10352 (3386bp)
Top Length: 3386  Top ID: 99.73
		Marking as insignificant: 4040511 4040641 | 131 1 | 131 131 | 98.47 | e_coli_k12_gi_556503834_ref_NC_ NODE_53_length_3386_cov_167.191_ID_10352
		Marking as insignificant: 2726064 2726194 | 1 131 | 131 131 | 98.47 | e_coli_k12_gi_556503834_ref_NC_ NODE_53_length_3386_cov_167.191_ID_10352
		Marking as insignificant: 228750 228880 | 131 1 | 131 131 | 98.47 | e_coli_k12_gi_556503834_ref_NC_ NODE_53_length_3386_cov_167.191_ID_10352
		Marking as insignificant: 4213034 4213164 | 131 1 | 131 131 | 99.24 | e_coli_k12_gi_556503834_ref_NC_ NODE_53_length_3386_cov_167.191_ID_10352
		Marking as insignificant: 4171631 4171761 | 131 1 | 131 131 | 99.24 | e_coli_k12_gi_556503834_ref_NC_ NODE_53_length_3386_cov_167.191_ID_10352
		Marking as insignificant: 3946689 3946824 | 135 1 | 136 135 | 97.79 | e_coli_k12_gi_556503834_ref_NC_ NODE_53_length_3386_cov_167.191_ID_10352
		Marking as insignificant: 4168621 4171761 | 3386 246 | 3141 3141 | 99.62 | e_coli_k12_gi_556503834_ref_NC_ NODE_53_length_3386_cov_167.191_ID_10352
		Marking as insignificant: 2726063 2729204 | 245 3386 | 3142 3142 | 99.59 | e_coli_k12_gi_556503834_ref_NC_ NODE_53_length_3386_cov_167.191_ID_10352
		Marking as insignificant: 4037499 4040641 | 3386 246 | 3143 3141 | 99.68 | e_coli_k12_gi_556503834_ref_NC_ NODE_53_length_3386_cov_167.191_ID_10352
		Marking as insignificant: 4210023 4213165 | 3386 245 | 3143 3142 | 99.68 | e_coli_k12_gi_556503834_ref_NC_ NODE_53_length_3386_cov_167.191_ID_10352
		Marking as insignificant: 3943684 3946829 | 3386 241 | 3146 3146 | 99.65 | e_coli_k12_gi_556503834_ref_NC_ NODE_53_length_3386_cov_167.191_ID_10352
		Marking as insignificant: 225739 228885 | 3386 241 | 3147 3146 | 99.71 | e_coli_k12_gi_556503834_ref_NC_ NODE_53_length_3386_cov_167.191_ID_10352
		One align captures most of this contig: 3423418 3426803 | 1 3386 | 3386 3386 | 99.73 | e_coli_k12_gi_556503834_ref_NC_ NODE_53_length_3386_cov_167.191_ID_10352

CONTIG: NODE_54_length_3174_cov_24.3479_ID_11455 (3174bp)
Top Length: 3174  Top ID: 100.0
		One align captures most of this contig: 16677 19850 | 3174 1 | 3174 3174 | 100.0 | e_coli_k12_gi_556503834_ref_NC_ NODE_54_length_3174_cov_24.3479_ID_11455

CONTIG: NODE_55_length_2915_cov_25.7353_ID_11559 (2915bp)
Top Length: 2915  Top ID: 99.97
		Marking as insignificant: 737972 738310 | 339 1 | 339 339 | 97.94 | e_coli_k12_gi_556503834_ref_NC_ NODE_55_length_2915_cov_25.7353_ID_11559
		One align captures most of this contig: 1529120 1532034 | 2915 1 | 2915 2915 | 99.97 | e_coli_k12_gi_556503834_ref_NC_ NODE_55_length_2915_cov_25.7353_ID_11559

CONTIG: NODE_56_length_2596_cov_73.1271_ID_12167 (2596bp)
Top Length: 2596  Top ID: 100.0
		Marking as insignificant: 729736 732331 | 1 2596 | 2596 2596 | 97.23 | e_coli_k12_gi_556503834_ref_NC_ NODE_56_length_2596_cov_73.1271_ID_12167
		This contig has 2 significant alignments. [An ambiguously mapped contig]
		Using only first of these alignment (option --ambiguity-usage is set to "one"):
		Alignment: 3619345 3621940 | 1 2596 | 2596 2596 | 100.0 | e_coli_k12_gi_556503834_ref_NC_ NODE_56_length_2596_cov_73.1271_ID_12167
		Skipping alignment  3762336 3764931 | 1 2596 | 2596 2596 | 99.96 | e_coli_k12_gi_556503834_ref_NC_ NODE_56_length_2596_cov_73.1271_ID_12167

CONTIG: NODE_57_length_2303_cov_24.9382_ID_11599 (2303bp)
Top Length: 2303  Top ID: 100.0
		One align captures most of this contig: 271707 274009 | 2303 1 | 2303 2303 | 100.0 | e_coli_k12_gi_556503834_ref_NC_ NODE_57_length_2303_cov_24.9382_ID_11599

CONTIG: NODE_58_length_2049_cov_49.0145_ID_12153 (2049bp)
Top Length: 2049  Top ID: 99.9
		This contig has 2 significant alignments. [An ambiguously mapped contig]
		Using only first of these alignment (option --ambiguity-usage is set to "one"):
		Alignment: 1432688 1434736 | 2049 1 | 2049 2049 | 99.9 | e_coli_k12_gi_556503834_ref_NC_ NODE_58_length_2049_cov_49.0145_ID_12153
		Skipping alignment  1632560 1634608 | 1 2049 | 2049 2049 | 99.46 | e_coli_k12_gi_556503834_ref_NC_ NODE_58_length_2049_cov_49.0145_ID_12153

CONTIG: NODE_59_length_1750_cov_23.5015_ID_11638 (1750bp)
Top Length: 1750  Top ID: 100.0
		One align captures most of this contig: 2067246 2068995 | 1750 1 | 1750 1750 | 100.0 | e_coli_k12_gi_556503834_ref_NC_ NODE_59_length_1750_cov_23.5015_ID_11638

CONTIG: NODE_60_length_1702_cov_171.531_ID_12107 (1702bp)
Top Length: 1702  Top ID: 100.0
		This contig has 7 significant alignments. [An ambiguously mapped contig]
		Using only first of these alignment (option --ambiguity-usage is set to "one"):
		Alignment: 4208001 4209702 | 1 1702 | 1702 1702 | 100.0 | e_coli_k12_gi_556503834_ref_NC_ NODE_60_length_1702_cov_171.531_ID_12107
		Skipping alignment  4166513 4168214 | 1 1702 | 1702 1702 | 99.94 | e_coli_k12_gi_556503834_ref_NC_ NODE_60_length_1702_cov_171.531_ID_12107
		Skipping alignment  4035385 4037086 | 1 1702 | 1702 1702 | 99.88 | e_coli_k12_gi_556503834_ref_NC_ NODE_60_length_1702_cov_171.531_ID_12107
		Skipping alignment  3941662 3943363 | 1 1702 | 1702 1702 | 99.65 | e_coli_k12_gi_556503834_ref_NC_ NODE_60_length_1702_cov_171.531_ID_12107
		Skipping alignment  2729602 2731303 | 1702 1 | 1702 1702 | 99.53 | e_coli_k12_gi_556503834_ref_NC_ NODE_60_length_1702_cov_171.531_ID_12107
		Skipping alignment  223625 225326 | 1 1702 | 1702 1702 | 99.47 | e_coli_k12_gi_556503834_ref_NC_ NODE_60_length_1702_cov_171.531_ID_12107
		Skipping alignment  3427207 3428908 | 1702 1 | 1702 1702 | 99.47 | e_coli_k12_gi_556503834_ref_NC_ NODE_60_length_1702_cov_171.531_ID_12107

CONTIG: NODE_61_length_1442_cov_30.0721_ID_11721 (1442bp)
Top Length: 1442  Top ID: 99.51
		Marking as insignificant: 3623835 3624233 | 990 592 | 399 399 | 99.0 | e_coli_k12_gi_556503834_ref_NC_ NODE_61_length_1442_cov_30.0721_ID_11721
		One align captures most of this contig: 3765833 3767274 | 1442 1 | 1442 1442 | 99.51 | e_coli_k12_gi_556503834_ref_NC_ NODE_61_length_1442_cov_30.0721_ID_11721

CONTIG: NODE_62_length_1345_cov_73.0047_ID_12109 (1345bp)
Top Length: 1345  Top ID: 100.0
		This contig has 3 significant alignments. [An ambiguously mapped contig]
		Using only first of these alignment (option --ambiguity-usage is set to "one"):
		Alignment: 15387 16731 | 1 1345 | 1345 1345 | 100.0 | e_coli_k12_gi_556503834_ref_NC_ NODE_62_length_1345_cov_73.0047_ID_12109
		Skipping alignment  608007 609351 | 1 1345 | 1345 1345 | 100.0 | e_coli_k12_gi_556503834_ref_NC_ NODE_62_length_1345_cov_73.0047_ID_12109
		Skipping alignment  2514273 2515617 | 1 1345 | 1345 1345 | 100.0 | e_coli_k12_gi_556503834_ref_NC_ NODE_62_length_1345_cov_73.0047_ID_12109

CONTIG: NODE_63_length_1255_cov_123.852_ID_12119 (1255bp)
Top Length: 1255  Top ID: 100.0
		This contig has 5 significant alignments. [An ambiguously mapped contig]
		Using only first of these alignment (option --ambiguity-usage is set to "one"):
		Alignment: 315229 316483 | 1 1255 | 1255 1255 | 100.0 | e_coli_k12_gi_556503834_ref_NC_ NODE_63_length_1255_cov_123.852_ID_12119
		Skipping alignment  391709 392963 | 1255 1 | 1255 1255 | 100.0 | e_coli_k12_gi_556503834_ref_NC_ NODE_63_length_1255_cov_123.852_ID_12119
		Skipping alignment  566780 568034 | 1 1255 | 1255 1255 | 100.0 | e_coli_k12_gi_556503834_ref_NC_ NODE_63_length_1255_cov_123.852_ID_12119
		Skipping alignment  1094245 1095499 | 1255 1 | 1255 1255 | 100.0 | e_coli_k12_gi_556503834_ref_NC_ NODE_63_length_1255_cov_123.852_ID_12119
		Skipping alignment  2170174 2171428 | 1 1255 | 1255 1255 | 100.0 | e_coli_k12_gi_556503834_ref_NC_ NODE_63_length_1255_cov_123.852_ID_12119

CONTIG: NODE_64_length_1232_cov_51.0612_ID_12139 (1232bp)
Top Length: 1232  Top ID: 99.92
		This contig has 2 significant alignments. [An ambiguously mapped contig]
		Using only first of these alignment (option --ambiguity-usage is set to "one"):
		Alignment: 3666205 3667436 | 1232 1 | 1232 1232 | 99.92 | e_coli_k12_gi_556503834_ref_NC_ NODE_64_length_1232_cov_51.0612_ID_12139
		Skipping alignment  1570670 1571901 | 1232 1 | 1232 1232 | 99.35 | e_coli_k12_gi_556503834_ref_NC_ NODE_64_length_1232_cov_51.0612_ID_12139

CONTIG: NODE_65_length_1195_cov_276.378_ID_12231 (1195bp)
Top Length: 1195  Top ID: 100.0
		This contig has 11 significant alignments. [An ambiguously mapped contig]
		Using only first of these alignment (option --ambiguity-usage is set to "one"):
		Alignment: 273955 275149 | 1 1195 | 1195 1195 | 100.0 | e_coli_k12_gi_556503834_ref_NC_ NODE_65_length_1195_cov_276.378_ID_12231
		Skipping alignment  574591 575785 | 1 1195 | 1195 1195 | 100.0 | e_coli_k12_gi_556503834_ref_NC_ NODE_65_length_1195_cov_276.378_ID_12231
		Skipping alignment  687851 689045 | 1 1195 | 1195 1195 | 100.0 | e_coli_k12_gi_556503834_ref_NC_ NODE_65_length_1195_cov_276.378_ID_12231
		Skipping alignment  1299499 1300693 | 1195 1 | 1195 1195 | 100.0 | e_coli_k12_gi_556503834_ref_NC_ NODE_65_length_1195_cov_276.378_ID_12231
		Skipping alignment  1396044 1397238 | 1195 1 | 1195 1195 | 100.0 | e_coli_k12_gi_556503834_ref_NC_ NODE_65_length_1195_cov_276.378_ID_12231
		Skipping alignment  2101749 2102943 | 1 1195 | 1195 1195 | 100.0 | e_coli_k12_gi_556503834_ref_NC_ NODE_65_length_1195_cov_276.378_ID_12231
		Skipping alignment  2288919 2290113 | 1 1195 | 1195 1195 | 100.0 | e_coli_k12_gi_556503834_ref_NC_ NODE_65_length_1195_cov_276.378_ID_12231
		Skipping alignment  3130146 3131340 | 1195 1 | 1195 1195 | 100.0 | e_coli_k12_gi_556503834_ref_NC_ NODE_65_length_1195_cov_276.378_ID_12231
		Skipping alignment  3365556 3366750 | 1 1195 | 1195 1195 | 100.0 | e_coli_k12_gi_556503834_ref_NC_ NODE_65_length_1195_cov_276.378_ID_12231
		Skipping alignment  3652036 3653230 | 1 1195 | 1195 1195 | 100.0 | e_coli_k12_gi_556503834_ref_NC_ NODE_65_length_1195_cov_276.378_ID_12231
		Skipping alignment  2066159 2067353 | 1 1195 | 1195 1195 | 99.58 | e_coli_k12_gi_556503834_ref_NC_ NODE_65_length_1195_cov_276.378_ID_12231

CONTIG: NODE_66_length_1151_cov_25.5794_ID_11668 (1151bp)
Top Length: 1151  Top ID: 100.0
		One align captures most of this contig: 3622777 3623927 | 1 1151 | 1151 1151 | 100.0 | e_coli_k12_gi_556503834_ref_NC_ NODE_66_length_1151_cov_25.5794_ID_11668

CONTIG: NODE_67_length_1095_cov_73.8163_ID_12498 (1095bp)
Top Length: 1095  Top ID: 100.0
		This contig has 3 significant alignments. [An ambiguously mapped contig]
		Using only first of these alignment (option --ambiguity-usage is set to "one"):
		Alignment: 1469296 1470390 | 1 1095 | 1095 1095 | 100.0 | e_coli_k12_gi_556503834_ref_NC_ NODE_67_length_1095_cov_73.8163_ID_12498
		Skipping alignment  4507585 4508679 | 1095 1 | 1095 1095 | 100.0 | e_coli_k12_gi_556503834_ref_NC_ NODE_67_length_1095_cov_73.8163_ID_12498
		Skipping alignment  270541 271635 | 1 1095 | 1095 1095 | 99.73 | e_coli_k12_gi_556503834_ref_NC_ NODE_67_length_1095_cov_73.8163_ID_12498

CONTIG: NODE_68_length_1031_cov_49.6742_ID_12137 (1031bp)
Top Length: 1031  Top ID: 99.9
		This contig has 2 significant alignments. [An ambiguously mapped contig]
		Using only first of these alignment (option --ambiguity-usage is set to "one"):
		Alignment: 3470164 3471194 | 1031 1 | 1031 1031 | 99.9 | e_coli_k12_gi_556503834_ref_NC_ NODE_68_length_1031_cov_49.6742_ID_12137
		Skipping alignment  4176079 4177109 | 1 1031 | 1031 1031 | 99.9 | e_coli_k12_gi_556503834_ref_NC_ NODE_68_length_1031_cov_49.6742_ID_12137

CONTIG: NODE_69_length_991_cov_49.1517_ID_12129 (991bp)
Top Length: 991  Top ID: 100.0
		This contig has 2 significant alignments. [An ambiguously mapped contig]
		Using only first of these alignment (option --ambiguity-usage is set to "one"):
		Alignment: 525730 526720 | 1 991 | 991 991 | 100.0 | e_coli_k12_gi_556503834_ref_NC_ NODE_69_length_991_cov_49.1517_ID_12129
		Skipping alignment  1528184 1529174 | 1 991 | 991 991 | 99.6 | e_coli_k12_gi_556503834_ref_NC_ NODE_69_length_991_cov_49.1517_ID_12129

CONTIG: NODE_70_length_718_cov_169.249_ID_12097 (718bp)
Top Length: 718  Top ID: 100.0
		Marking as insignificant: 290634 291351 | 1 718 | 718 718 | 98.75 | e_coli_k12_gi_556503834_ref_NC_ NODE_70_length_718_cov_169.249_ID_12097
		Marking as insignificant: 279163 279880 | 1 718 | 718 718 | 98.75 | e_coli_k12_gi_556503834_ref_NC_ NODE_70_length_718_cov_169.249_ID_12097
		Marking as insignificant: 1049828 1050545 | 718 1 | 718 718 | 98.89 | e_coli_k12_gi_556503834_ref_NC_ NODE_70_length_718_cov_169.249_ID_12097
		This contig has 4 significant alignments. [An ambiguously mapped contig]
		Using only first of these alignment (option --ambiguity-usage is set to "one"):
		Alignment: 19796 20513 | 1 718 | 718 718 | 100.0 | e_coli_k12_gi_556503834_ref_NC_ NODE_70_length_718_cov_169.249_ID_12097
		Skipping alignment  257908 258625 | 1 718 | 718 718 | 100.0 | e_coli_k12_gi_556503834_ref_NC_ NODE_70_length_718_cov_169.249_ID_12097
		Skipping alignment  1978503 1979220 | 1 718 | 718 718 | 100.0 | e_coli_k12_gi_556503834_ref_NC_ NODE_70_length_718_cov_169.249_ID_12097
		Skipping alignment  3583478 3584195 | 718 1 | 718 718 | 100.0 | e_coli_k12_gi_556503834_ref_NC_ NODE_70_length_718_cov_169.249_ID_12097

CONTIG: NODE_71_length_706_cov_171.925_ID_12095 (706bp)
Top Length: 706  Top ID: 100.0
		This contig has 7 significant alignments. [An ambiguously mapped contig]
		Using only first of these alignment (option --ambiguity-usage is set to "one"):
		Alignment: 381885 382590 | 706 1 | 706 706 | 100.0 | e_coli_k12_gi_556503834_ref_NC_ NODE_71_length_706_cov_171.925_ID_12095
		Skipping alignment  1467910 1468615 | 1 706 | 706 706 | 100.0 | e_coli_k12_gi_556503834_ref_NC_ NODE_71_length_706_cov_171.925_ID_12095
		Skipping alignment  1650843 1651548 | 706 1 | 706 706 | 100.0 | e_coli_k12_gi_556503834_ref_NC_ NODE_71_length_706_cov_171.925_ID_12095
		Skipping alignment  2068941 2069646 | 1 706 | 706 706 | 100.0 | e_coli_k12_gi_556503834_ref_NC_ NODE_71_length_706_cov_171.925_ID_12095
		Skipping alignment  2996361 2997066 | 1 706 | 706 706 | 100.0 | e_coli_k12_gi_556503834_ref_NC_ NODE_71_length_706_cov_171.925_ID_12095
		Skipping alignment  3186721 3187426 | 706 1 | 706 706 | 100.0 | e_coli_k12_gi_556503834_ref_NC_ NODE_71_length_706_cov_171.925_ID_12095
		Skipping alignment  4498806 4499511 | 706 1 | 706 706 | 100.0 | e_coli_k12_gi_556503834_ref_NC_ NODE_71_length_706_cov_171.925_ID_12095

CONTIG: NODE_72_length_507_cov_54.719_ID_11907 (507bp)
Top Length: 507  Top ID: 100.0
		Marking as insignificant: 3427172 3427261 | 90 1 | 90 90 | 100.0 | e_coli_k12_gi_556503834_ref_NC_ NODE_72_length_507_cov_54.719_ID_11907
		Marking as insignificant: 225272 225361 | 1 90 | 90 90 | 100.0 | e_coli_k12_gi_556503834_ref_NC_ NODE_72_length_507_cov_54.719_ID_11907
		Marking as insignificant: 3426749 3426896 | 507 360 | 148 148 | 99.32 | e_coli_k12_gi_556503834_ref_NC_ NODE_72_length_507_cov_54.719_ID_11907
		One align captures most of this contig: 2729150 2729656 | 507 1 | 507 507 | 100.0 | e_coli_k12_gi_556503834_ref_NC_ NODE_72_length_507_cov_54.719_ID_11907

Analyzing coverage...
Writing SNPs into /net/metagenomics/projects/afritz_assemblies/Coverage_Sweep_wgsim/000_error/SPAdes_cov128/quast/runs_per_reference/e_coli_k12/contigs_reports/nucmer_output/scaffolds.used_snps
	Reference e_coli_k12_gi_556503834_ref_NC_: 74 total alignments. 1 total regions.
		Region: 1 to 4641652 (4641652 bp)
			START in gap: 1 to 2 (1 bp)
			Align 1: 2 15441 NODE_43_length_15440_cov_24.7992_ID_10839 15440 1
				Negative gap (overlap) between this and next alignment: 15441 to 15387 (-54 bp)
				Next Alignment: 15387 16731 NODE_62_length_1345_cov_73.0047_ID_12109 1 1345

			Previous gap was negative, modifying coordinates to ignore overlap
				Moving contig start from 1 to 56.
			Align 2: 15442 16731 NODE_62_length_1345_cov_73.0047_ID_12109 56 1345
				Negative gap (overlap) between this and next alignment: 16731 to 16677 (-54 bp)
				Next Alignment: 16677 19850 NODE_54_length_3174_cov_24.3479_ID_11455 3174 1

			Previous gap was negative, modifying coordinates to ignore overlap
				Moving contig start from 3174 to 3119.
			Align 3: 16732 19850 NODE_54_length_3174_cov_24.3479_ID_11455 3119 1
				Negative gap (overlap) between this and next alignment: 19850 to 19796 (-54 bp)
				Next Alignment: 19796 20513 NODE_70_length_718_cov_169.249_ID_12097 1 718

			Previous gap was negative, modifying coordinates to ignore overlap
				Moving contig start from 1 to 56.
			Align 4: 19851 20513 NODE_70_length_718_cov_169.249_ID_12097 56 718
				Negative gap (overlap) between this and next alignment: 20513 to 20459 (-54 bp)
				Next Alignment: 20459 223679 NODE_8_length_203221_cov_24.9178_ID_8943 203221 1

			Previous gap was negative, modifying coordinates to ignore overlap
				Moving contig start from 203221 to 203166.
			Align 5: 20514 223679 NODE_8_length_203221_cov_24.9178_ID_8943 203166 1
				Gap between this and next alignment: 223679 to 228826 (5146 bp)
				Next Alignment: 228826 257962 NODE_39_length_29137_cov_25.5077_ID_10663 1 29137

			Align 6: 228826 257962 NODE_39_length_29137_cov_25.5077_ID_10663 1 29137
				Gap between this and next alignment: 257962 to 258571 (608 bp)
				Next Alignment: 258571 270595 NODE_45_length_12025_cov_25.1998_ID_11285 1 12025

			Align 7: 258571 270595 NODE_45_length_12025_cov_25.1998_ID_11285 1 12025
				Gap between this and next alignment: 270595 to 271707 (1111 bp)
				Next Alignment: 271707 274009 NODE_57_length_2303_cov_24.9382_ID_11599 2303 1

			Align 8: 271707 274009 NODE_57_length_2303_cov_24.9382_ID_11599 2303 1
				Negative gap (overlap) between this and next alignment: 274009 to 273955 (-54 bp)
				Next Alignment: 273955 275149 NODE_65_length_1195_cov_276.378_ID_12231 1 1195

			Previous gap was negative, modifying coordinates to ignore overlap
				Moving contig start from 1 to 56.
			Align 9: 274010 275149 NODE_65_length_1195_cov_276.378_ID_12231 56 1195
				Negative gap (overlap) between this and next alignment: 275149 to 275095 (-54 bp)
				Next Alignment: 275095 279217 NODE_51_length_4123_cov_25.1952_ID_11383 1 4123

			Previous gap was negative, modifying coordinates to ignore overlap
				Moving contig start from 1 to 56.
			Align 10: 275150 279217 NODE_51_length_4123_cov_25.1952_ID_11383 56 4123
				Gap between this and next alignment: 279217 to 279826 (608 bp)
				Next Alignment: 279826 290495 NODE_46_length_10670_cov_26.4039_ID_11051 1 10670

			Align 11: 279826 290495 NODE_46_length_10670_cov_26.4039_ID_11051 1 10670
				Gap between this and next alignment: 290495 to 291297 (801 bp)
				Next Alignment: 291297 315283 NODE_41_length_23987_cov_25.1277_ID_10793 1 23987

			Align 12: 291297 315283 NODE_41_length_23987_cov_25.1277_ID_10793 1 23987
				Negative gap (overlap) between this and next alignment: 315283 to 315229 (-54 bp)
				Next Alignment: 315229 316483 NODE_63_length_1255_cov_123.852_ID_12119 1 1255

			Previous gap was negative, modifying coordinates to ignore overlap
				Moving contig start from 1 to 56.
			Align 13: 315284 316483 NODE_63_length_1255_cov_123.852_ID_12119 56 1255
				Negative gap (overlap) between this and next alignment: 316483 to 316429 (-54 bp)
				Next Alignment: 316429 381939 NODE_23_length_65511_cov_26.3142_ID_10515 1 65511

			Previous gap was negative, modifying coordinates to ignore overlap
				Moving contig start from 1 to 56.
			Align 14: 316484 381939 NODE_23_length_65511_cov_26.3142_ID_10515 56 65511
				Negative gap (overlap) between this and next alignment: 381939 to 381885 (-54 bp)
				Next Alignment: 381885 382590 NODE_71_length_706_cov_171.925_ID_12095 706 1

			Previous gap was negative, modifying coordinates to ignore overlap
				Moving contig start from 706 to 651.
			Align 15: 381940 382590 NODE_71_length_706_cov_171.925_ID_12095 651 1
				Negative gap (overlap) between this and next alignment: 382590 to 382536 (-54 bp)
				Next Alignment: 382536 391763 NODE_47_length_9228_cov_25.0547_ID_11160 1 9228

			Previous gap was negative, modifying coordinates to ignore overlap
				Moving contig start from 1 to 56.
			Align 16: 382591 391763 NODE_47_length_9228_cov_25.0547_ID_11160 56 9228
				Gap between this and next alignment: 391763 to 392909 (1145 bp)
				Next Alignment: 392909 525784 NODE_12_length_132876_cov_24.7994_ID_8046 1 132876

			Align 17: 392909 525784 NODE_12_length_132876_cov_24.7994_ID_8046 1 132876
				Negative gap (overlap) between this and next alignment: 525784 to 525730 (-54 bp)
				Next Alignment: 525730 526720 NODE_69_length_991_cov_49.1517_ID_12129 1 991

			Previous gap was negative, modifying coordinates to ignore overlap
				Moving contig start from 1 to 56.
			Align 18: 525785 526720 NODE_69_length_991_cov_49.1517_ID_12129 56 991
				Negative gap (overlap) between this and next alignment: 526720 to 526666 (-54 bp)
				Next Alignment: 526666 566834 NODE_31_length_40169_cov_24.8907_ID_10071 1 40169

			Previous gap was negative, modifying coordinates to ignore overlap
				Moving contig start from 1 to 56.
			Align 19: 526721 566834 NODE_31_length_40169_cov_24.8907_ID_10071 56 40169
				Gap between this and next alignment: 566834 to 567980 (1145 bp)
				Next Alignment: 567980 574645 NODE_49_length_6666_cov_24.4375_ID_11242 6666 1

			Align 20: 567980 574645 NODE_49_length_6666_cov_24.4375_ID_11242 6666 1
				Gap between this and next alignment: 574645 to 575731 (1085 bp)
				Next Alignment: 575731 608061 NODE_35_length_32331_cov_25.9214_ID_10875 32331 1

			Align 21: 575731 608061 NODE_35_length_32331_cov_25.9214_ID_10875 32331 1
				Gap between this and next alignment: 608061 to 609297 (1235 bp)
				Next Alignment: 609297 687905 NODE_21_length_78609_cov_24.8859_ID_8998 1 78609

			Align 22: 609297 687905 NODE_21_length_78609_cov_24.8859_ID_8998 1 78609
				Gap between this and next alignment: 687905 to 688991 (1085 bp)
				Next Alignment: 688991 729790 NODE_30_length_40800_cov_24.8929_ID_10163 1 40800

			Align 23: 688991 729790 NODE_30_length_40800_cov_24.8929_ID_10163 1 40800
				Gap between this and next alignment: 729790 to 733168 (3377 bp)
				Next Alignment: 733168 1049882 NODE_2_length_316718_cov_25.5038_ID_9743 1 316718

			Align 24: 733168 1049882 NODE_2_length_316718_cov_25.5038_ID_9743 1 316718
				Gap between this and next alignment: 1049882 to 1050491 (608 bp)
				Next Alignment: 1050491 1094299 NODE_28_length_43809_cov_24.8793_ID_9699 1 43809

			Align 25: 1050491 1094299 NODE_28_length_43809_cov_24.8793_ID_9699 1 43809
				Gap between this and next alignment: 1094299 to 1097142 (2842 bp)
				Next Alignment: 1097142 1299553 NODE_7_length_203928_cov_25.3042_ID_8479 1517 203928

			Align 26: 1097142 1299553 NODE_7_length_203928_cov_25.3042_ID_8479 1517 203928
				Gap between this and next alignment: 1299553 to 1300639 (1085 bp)
				Next Alignment: 1300639 1396098 NODE_17_length_95460_cov_24.8341_ID_8836 1 95460

			Align 27: 1300639 1396098 NODE_17_length_95460_cov_24.8341_ID_8836 1 95460
				Gap between this and next alignment: 1396098 to 1397184 (1085 bp)
				Next Alignment: 1397184 1428049 NODE_38_length_30866_cov_24.8673_ID_10462 1 30866

			Align 28: 1397184 1428049 NODE_38_length_30866_cov_24.8673_ID_10462 1 30866
				Gap between this and next alignment: 1428049 to 1428216 (166 bp)
				Next Alignment: 1428216 1432328 NODE_52_length_4113_cov_25.2203_ID_11417 4113 1

			Align 29: 1428216 1432328 NODE_52_length_4113_cov_25.2203_ID_11417 4113 1
				Gap between this and next alignment: 1432328 to 1432688 (359 bp)
				Next Alignment: 1432688 1434736 NODE_58_length_2049_cov_49.0145_ID_12153 2049 1

			Align 30: 1432688 1434736 NODE_58_length_2049_cov_49.0145_ID_12153 2049 1
				Negative gap (overlap) between this and next alignment: 1434736 to 1434682 (-54 bp)
				Next Alignment: 1434682 1467964 NODE_34_length_33283_cov_24.8354_ID_10288 33283 1

			Previous gap was negative, modifying coordinates to ignore overlap
				Moving contig start from 33283 to 33228.
			Align 31: 1434737 1467964 NODE_34_length_33283_cov_24.8354_ID_10288 33228 1
				Gap between this and next alignment: 1467964 to 1469296 (1331 bp)
				Next Alignment: 1469296 1470390 NODE_67_length_1095_cov_73.8163_ID_12498 1 1095

			Align 32: 1469296 1470390 NODE_67_length_1095_cov_73.8163_ID_12498 1 1095
				Gap between this and next alignment: 1470390 to 1470462 (71 bp)
				Next Alignment: 1470462 1528238 NODE_25_length_57777_cov_24.8632_ID_9408 1 57777

			Align 33: 1470462 1528238 NODE_25_length_57777_cov_24.8632_ID_9408 1 57777
				Gap between this and next alignment: 1528238 to 1529120 (881 bp)
				Next Alignment: 1529120 1532034 NODE_55_length_2915_cov_25.7353_ID_11559 2915 1

			Align 34: 1529120 1532034 NODE_55_length_2915_cov_25.7353_ID_11559 2915 1
				Gap between this and next alignment: 1532034 to 1532852 (817 bp)
				Next Alignment: 1532852 1570724 NODE_32_length_37873_cov_25.0402_ID_10727 1 37873

			Align 35: 1532852 1570724 NODE_32_length_37873_cov_25.0402_ID_10727 1 37873
				Gap between this and next alignment: 1570724 to 1571847 (1122 bp)
				Next Alignment: 1571847 1632614 NODE_24_length_60768_cov_24.7236_ID_9157 1 60768

			Align 36: 1571847 1632614 NODE_24_length_60768_cov_24.7236_ID_9157 1 60768
				Gap between this and next alignment: 1632614 to 1634968 (2353 bp)
				Next Alignment: 1634968 1650897 NODE_42_length_15930_cov_26.2059_ID_10948 15930 1

			Align 37: 1634968 1650897 NODE_42_length_15930_cov_26.2059_ID_10948 15930 1
				Gap between this and next alignment: 1650897 to 1651494 (596 bp)
				Next Alignment: 1651494 1978557 NODE_1_length_327064_cov_24.7505_ID_7882 327064 1

			Align 38: 1651494 1978557 NODE_1_length_327064_cov_24.7505_ID_7882 327064 1
				Gap between this and next alignment: 1978557 to 1979166 (608 bp)
				Next Alignment: 1979166 2066229 NODE_20_length_87064_cov_25.1113_ID_9560 1 87064

			Align 39: 1979166 2066229 NODE_20_length_87064_cov_25.1113_ID_9560 1 87064
				Gap between this and next alignment: 2066229 to 2067246 (1016 bp)
				Next Alignment: 2067246 2068995 NODE_59_length_1750_cov_23.5015_ID_11638 1750 1

			Align 40: 2067246 2068995 NODE_59_length_1750_cov_23.5015_ID_11638 1750 1
				Gap between this and next alignment: 2068995 to 2070219 (1223 bp)
				Next Alignment: 2070219 2101803 NODE_36_length_31585_cov_24.8378_ID_10235 1 31585

			Align 41: 2070219 2101803 NODE_36_length_31585_cov_24.8378_ID_10235 1 31585
				Gap between this and next alignment: 2101803 to 2102889 (1085 bp)
				Next Alignment: 2102889 2170228 NODE_22_length_67340_cov_24.769_ID_9109 67340 1

			Align 42: 2102889 2170228 NODE_22_length_67340_cov_24.769_ID_9109 67340 1
				Gap between this and next alignment: 2170228 to 2171374 (1145 bp)
				Next Alignment: 2171374 2288973 NODE_15_length_117600_cov_24.8729_ID_9268 117600 1

			Align 43: 2171374 2288973 NODE_15_length_117600_cov_24.8729_ID_9268 117600 1
				Gap between this and next alignment: 2288973 to 2290059 (1085 bp)
				Next Alignment: 2290059 2304389 NODE_5_length_224156_cov_24.9348_ID_7972 1 14331

			Align 44: 2290059 2304389 NODE_5_length_224156_cov_24.9348_ID_7972 1 14331
				Gap between this and next alignment: 2304389 to 2304503 (113 bp)
				Next Alignment: 2304503 2514327 NODE_5_length_224156_cov_24.9348_ID_7972 14332 224156

			Align 45: 2304503 2514327 NODE_5_length_224156_cov_24.9348_ID_7972 14332 224156
				Gap between this and next alignment: 2514327 to 2515563 (1235 bp)
				Next Alignment: 2515563 2726118 NODE_6_length_210558_cov_24.9368_ID_11487 1 210558

			Align 46: 2515563 2726118 NODE_6_length_210558_cov_24.9368_ID_11487 1 210558
				Gap between this and next alignment: 2726118 to 2729150 (3031 bp)
				Next Alignment: 2729150 2729656 NODE_72_length_507_cov_54.719_ID_11907 507 1

			Align 47: 2729150 2729656 NODE_72_length_507_cov_54.719_ID_11907 507 1
				Gap between this and next alignment: 2729656 to 2731431 (1774 bp)
				Next Alignment: 2731431 2996415 NODE_4_length_264985_cov_24.8489_ID_8090 1 264985

			Align 48: 2731431 2996415 NODE_4_length_264985_cov_24.8489_ID_8090 1 264985
				Gap between this and next alignment: 2996415 to 2997638 (1222 bp)
				Next Alignment: 2997638 3130200 NODE_13_length_132563_cov_24.8648_ID_9049 132563 1

			Align 49: 2997638 3130200 NODE_13_length_132563_cov_24.8648_ID_9049 132563 1
				Gap between this and next alignment: 3130200 to 3131286 (1085 bp)
				Next Alignment: 3131286 3186150 NODE_27_length_54865_cov_24.7981_ID_9448 54865 1

			Align 50: 3131286 3186150 NODE_27_length_54865_cov_24.7981_ID_9448 54865 1
				Gap between this and next alignment: 3186150 to 3187372 (1221 bp)
				Next Alignment: 3187372 3365610 NODE_9_length_178239_cov_24.8405_ID_9199 1 178239

			Align 51: 3187372 3365610 NODE_9_length_178239_cov_24.8405_ID_9199 1 178239
				Gap between this and next alignment: 3365610 to 3366696 (1085 bp)
				Next Alignment: 3366696 3423313 NODE_26_length_56618_cov_24.8601_ID_12494 56618 1

			Align 52: 3366696 3423313 NODE_26_length_56618_cov_24.8601_ID_12494 56618 1
				Gap between this and next alignment: 3423313 to 3423418 (104 bp)
				Next Alignment: 3423418 3426803 NODE_53_length_3386_cov_167.191_ID_10352 1 3386

			Align 53: 3423418 3426803 NODE_53_length_3386_cov_167.191_ID_10352 1 3386
				Gap between this and next alignment: 3426803 to 3428854 (2050 bp)
				Next Alignment: 3428854 3470218 NODE_29_length_41365_cov_24.8591_ID_10031 41365 1

			Align 54: 3428854 3470218 NODE_29_length_41365_cov_24.8591_ID_10031 41365 1
				Negative gap (overlap) between this and next alignment: 3470218 to 3470164 (-54 bp)
				Next Alignment: 3470164 3471194 NODE_68_length_1031_cov_49.6742_ID_12137 1031 1

			Previous gap was negative, modifying coordinates to ignore overlap
				Moving contig start from 1031 to 976.
			Align 55: 3470219 3471194 NODE_68_length_1031_cov_49.6742_ID_12137 976 1
				Negative gap (overlap) between this and next alignment: 3471194 to 3471140 (-54 bp)
				Next Alignment: 3471140 3583532 NODE_16_length_112393_cov_24.8225_ID_8437 1 112393

			Previous gap was negative, modifying coordinates to ignore overlap
				Moving contig start from 1 to 56.
			Align 56: 3471195 3583532 NODE_16_length_112393_cov_24.8225_ID_8437 56 112393
				Gap between this and next alignment: 3583532 to 3584141 (608 bp)
				Next Alignment: 3584141 3619399 NODE_33_length_35259_cov_25.0894_ID_10115 1 35259

			Align 57: 3584141 3619399 NODE_33_length_35259_cov_25.0894_ID_10115 1 35259
				Negative gap (overlap) between this and next alignment: 3619399 to 3619345 (-54 bp)
				Next Alignment: 3619345 3621940 NODE_56_length_2596_cov_73.1271_ID_12167 1 2596

			Previous gap was negative, modifying coordinates to ignore overlap
				Moving contig start from 1 to 56.
			Align 58: 3619400 3621940 NODE_56_length_2596_cov_73.1271_ID_12167 56 2596
				Gap between this and next alignment: 3621940 to 3622777 (836 bp)
				Next Alignment: 3622777 3623927 NODE_66_length_1151_cov_25.5794_ID_11668 1 1151

			Align 59: 3622777 3623927 NODE_66_length_1151_cov_25.5794_ID_11668 1 1151
				Gap between this and next alignment: 3623927 to 3625414 (1486 bp)
				Next Alignment: 3625414 3652090 NODE_40_length_26677_cov_24.8516_ID_10588 26677 1

			Align 60: 3625414 3652090 NODE_40_length_26677_cov_24.8516_ID_10588 26677 1
				Gap between this and next alignment: 3652090 to 3653176 (1085 bp)
				Next Alignment: 3653176 3666259 NODE_44_length_13084_cov_24.8305_ID_11005 13084 1

			Align 61: 3653176 3666259 NODE_44_length_13084_cov_24.8305_ID_11005 13084 1
				Negative gap (overlap) between this and next alignment: 3666259 to 3666205 (-54 bp)
				Next Alignment: 3666205 3667436 NODE_64_length_1232_cov_51.0612_ID_12139 1232 1

			Previous gap was negative, modifying coordinates to ignore overlap
				Moving contig start from 1232 to 1177.
			Align 62: 3666260 3667436 NODE_64_length_1232_cov_51.0612_ID_12139 1177 1
				Negative gap (overlap) between this and next alignment: 3667436 to 3667382 (-54 bp)
				Next Alignment: 3667382 3762390 NODE_18_length_95009_cov_24.8592_ID_9505 95009 1

			Previous gap was negative, modifying coordinates to ignore overlap
				Moving contig start from 95009 to 94954.
			Align 63: 3667437 3762390 NODE_18_length_95009_cov_24.8592_ID_9505 94954 1
				Gap between this and next alignment: 3762390 to 3765833 (3442 bp)
				Next Alignment: 3765833 3767274 NODE_61_length_1442_cov_30.0721_ID_11721 1442 1

			Align 64: 3765833 3767274 NODE_61_length_1442_cov_30.0721_ID_11721 1442 1
				Gap between this and next alignment: 3767274 to 3767521 (246 bp)
				Next Alignment: 3767521 3941502 NODE_10_length_173982_cov_24.8944_ID_7928 173982 1

			Align 65: 3767521 3941502 NODE_10_length_173982_cov_24.8944_ID_7928 173982 1
				Gap between this and next alignment: 3941502 to 3946770 (5267 bp)
				Next Alignment: 3946770 4035225 NODE_19_length_88456_cov_25.0799_ID_9634 1 88456

			Align 66: 3946770 4035225 NODE_19_length_88456_cov_25.0799_ID_9634 1 88456
				Gap between this and next alignment: 4035225 to 4040746 (5520 bp)
				Next Alignment: 4040746 4166353 NODE_14_length_125608_cov_25.0155_ID_9321 1 125608

			Align 67: 4040746 4166353 NODE_14_length_125608_cov_25.0155_ID_9321 1 125608
				Gap between this and next alignment: 4166353 to 4171866 (5512 bp)
				Next Alignment: 4171866 4176133 NODE_50_length_4268_cov_25.3328_ID_11347 4268 1

			Align 68: 4171866 4176133 NODE_50_length_4268_cov_25.3328_ID_11347 4268 1
				Gap between this and next alignment: 4176133 to 4177055 (921 bp)
				Next Alignment: 4177055 4208055 NODE_37_length_31003_cov_25.3536_ID_10420 31003 1

			Align 69: 4177055 4208055 NODE_37_length_31003_cov_25.3536_ID_10420 31003 1
				Negative gap (overlap) between this and next alignment: 4208055 to 4208001 (-54 bp)
				Next Alignment: 4208001 4209702 NODE_60_length_1702_cov_171.531_ID_12107 1 1702

			Previous gap was negative, modifying coordinates to ignore overlap
				Moving contig start from 1 to 56.
			Align 70: 4208056 4209702 NODE_60_length_1702_cov_171.531_ID_12107 56 1702
				Gap between this and next alignment: 4209702 to 4213110 (3407 bp)
				Next Alignment: 4213110 4295836 NODE_3_length_284901_cov_25.0021_ID_8665 1 82725

			Align 71: 4213110 4295836 NODE_3_length_284901_cov_25.0021_ID_8665 1 82725
				Gap between this and next alignment: 4295836 to 4296061 (224 bp)
				Next Alignment: 4296061 4498235 NODE_3_length_284901_cov_25.0021_ID_8665 82726 284901

			Align 72: 4296061 4498235 NODE_3_length_284901_cov_25.0021_ID_8665 82726 284901
				Gap between this and next alignment: 4498235 to 4499457 (1221 bp)
				Next Alignment: 4499457 4507513 NODE_48_length_8057_cov_25.3454_ID_11202 8057 1

			Align 73: 4499457 4507513 NODE_48_length_8057_cov_25.3454_ID_11202 8057 1
				Gap between this and next alignment: 4507513 to 4508625 (1111 bp)
				Next Alignment: 4508625 4641652 NODE_11_length_133028_cov_24.8752_ID_8770 133028 1

			Align 74: 4508625 4641652 NODE_11_length_133028_cov_24.8752_ID_8770 133028 1
			END in current alignment.  Modifying 4641652 to 4641652.

Analysis is finished!
Founded SNPs were written into /net/metagenomics/projects/afritz_assemblies/Coverage_Sweep_wgsim/000_error/SPAdes_cov128/quast/runs_per_reference/e_coli_k12/contigs_reports/nucmer_output/scaffolds.used_snps

Results:
	Local Misassemblies: 2
	Misassemblies: 0
		Relocations: 0
		Translocations: 0
		Inversions: 0
	Misassembled Contigs: 0
	Misassembled Contig Bases: 0
	Misassemblies Inter-Contig Overlap: 0
Uncovered Regions: 0 (0)
Unaligned Contigs: 0 + 0 part
Partially Unaligned Contigs with Misassemblies: 0
Unaligned Contig Bases: 0

Ambiguously Mapped Contigs: 12
Total Bases in Ambiguously Mapped Contigs: 15915
Note that --allow-ambiguity option was set to "one" and only first alignment per each contig was used.

	Covered Bases: 4561021

	SNPs: 197
	Insertions: 17
	Deletions: 9

	Positive Gaps: 55
		Internal Gaps:  2
		External Gaps:  53
		External Gap Total:  80294
		External Gap Average: 1515
	Negative Gaps: 19
		Internal Overlaps:  0
		External Overlaps:  19
		External Overlaps Total: -1026
		External Overlaps Average: -54
	Contigs with Redundant Alignments: 0 (0)
