Aligning contigs to reference...
	Running Nucmer
Parsing coords...
Loading reference...
	Loaded [gi_556503834_ref_NC_000913.3_]
Loading SNPs...
Loading regions...
	No regions given, using whole reference.
	Total Regions: 1
	Total Region Length: 4641652
Analyzing contigs...
CONTIG: S0C0 (4641800bp)
Top Length: 4641652  Top ID: 100.0
		Marking as insignificant: 4392583 4392658 | 1992117 1992042 | 76 76 | 100.0 | gi_556503834_ref_NC_000913.3_ S0C0
		Marking as insignificant: 4392472 4392547 | 1992117 1992042 | 76 76 | 100.0 | gi_556503834_ref_NC_000913.3_ S0C0
		Marking as insignificant: 4392360 4392435 | 1992117 1992042 | 76 76 | 100.0 | gi_556503834_ref_NC_000913.3_ S0C0
		Marking as insignificant: 1992042 1992117 | 4392658 4392583 | 76 76 | 100.0 | gi_556503834_ref_NC_000913.3_ S0C0
		Marking as insignificant: 1992042 1992117 | 4392547 4392472 | 76 76 | 100.0 | gi_556503834_ref_NC_000913.3_ S0C0
		Marking as insignificant: 1992042 1992117 | 4392435 4392360 | 76 76 | 100.0 | gi_556503834_ref_NC_000913.3_ S0C0
		Marking as insignificant: 2059846 2059930 | 2058107 2058023 | 85 85 | 100.0 | gi_556503834_ref_NC_000913.3_ S0C0
		Marking as insignificant: 2058023 2058107 | 2059930 2059846 | 85 85 | 100.0 | gi_556503834_ref_NC_000913.3_ S0C0
		Marking as insignificant: 4606079 4606166 | 3982692 3982605 | 88 88 | 100.0 | gi_556503834_ref_NC_000913.3_ S0C0
		Marking as insignificant: 3982605 3982692 | 4606166 4606079 | 88 88 | 100.0 | gi_556503834_ref_NC_000913.3_ S0C0
		Marking as insignificant: 4606315 4606403 | 3982692 3982604 | 89 89 | 100.0 | gi_556503834_ref_NC_000913.3_ S0C0
		Marking as insignificant: 3982604 3982692 | 4606403 4606315 | 89 89 | 100.0 | gi_556503834_ref_NC_000913.3_ S0C0
		Marking as insignificant: 2062236 2062339 | 2058126 2058023 | 104 104 | 97.12 | gi_556503834_ref_NC_000913.3_ S0C0
		Marking as insignificant: 2058023 2058126 | 2062339 2062236 | 104 104 | 97.12 | gi_556503834_ref_NC_000913.3_ S0C0
		Marking as insignificant: 2058023 2058126 | 2044628 2044525 | 104 104 | 98.08 | gi_556503834_ref_NC_000913.3_ S0C0
		Marking as insignificant: 2044525 2044628 | 2058126 2058023 | 104 104 | 98.08 | gi_556503834_ref_NC_000913.3_ S0C0
		Marking as insignificant: 3423418 3423548 | 228880 228750 | 131 131 | 97.71 | gi_556503834_ref_NC_000913.3_ S0C0
		Marking as insignificant: 228750 228880 | 3423548 3423418 | 131 131 | 97.71 | gi_556503834_ref_NC_000913.3_ S0C0
		Marking as insignificant: 4213034 4213164 | 3423548 3423418 | 131 131 | 98.47 | gi_556503834_ref_NC_000913.3_ S0C0
		Marking as insignificant: 3423418 3423548 | 4213164 4213034 | 131 131 | 98.47 | gi_556503834_ref_NC_000913.3_ S0C0
		Marking as insignificant: 3946689 3946824 | 3423552 3423418 | 136 135 | 97.06 | gi_556503834_ref_NC_000913.3_ S0C0
		Marking as insignificant: 3423418 3423552 | 3946824 3946689 | 135 136 | 97.06 | gi_556503834_ref_NC_000913.3_ S0C0
		Marking as insignificant: 279931 280128 | 4507639 4507443 | 198 197 | 98.48 | gi_556503834_ref_NC_000913.3_ S0C0
		Marking as insignificant: 4507443 4507639 | 280128 279931 | 197 198 | 98.48 | gi_556503834_ref_NC_000913.3_ S0C0
		Marking as insignificant: 2471882 2472123 | 1207804 1207563 | 242 242 | 95.04 | gi_556503834_ref_NC_000913.3_ S0C0
		Marking as insignificant: 1207563 1207804 | 2472123 2471882 | 242 242 | 95.04 | gi_556503834_ref_NC_000913.3_ S0C0
		Marking as insignificant: 2229115 2229376 | 915288 915027 | 262 262 | 95.04 | gi_556503834_ref_NC_000913.3_ S0C0
		Marking as insignificant: 915027 915288 | 2229376 2229115 | 262 262 | 95.04 | gi_556503834_ref_NC_000913.3_ S0C0
		Marking as insignificant: 4040511 4040845 | 3423548 3423214 | 335 335 | 95.82 | gi_556503834_ref_NC_000913.3_ S0C0
		Marking as insignificant: 3423214 3423548 | 4040845 4040511 | 335 335 | 95.82 | gi_556503834_ref_NC_000913.3_ S0C0
		Marking as insignificant: 4171631 4171970 | 3423548 3423209 | 340 340 | 95.59 | gi_556503834_ref_NC_000913.3_ S0C0
		Marking as insignificant: 3423209 3423548 | 4171970 4171631 | 340 340 | 95.59 | gi_556503834_ref_NC_000913.3_ S0C0
		Marking as insignificant: 3583428 3584130 | 291401 290699 | 703 703 | 98.86 | gi_556503834_ref_NC_000913.3_ S0C0
		Marking as insignificant: 2996361 2997066 | 1651548 1650843 | 706 706 | 100.0 | gi_556503834_ref_NC_000913.3_ S0C0
		Marking as insignificant: 2068941 2069646 | 1651548 1650843 | 706 706 | 100.0 | gi_556503834_ref_NC_000913.3_ S0C0
		Marking as insignificant: 1650843 1651548 | 2069646 2068941 | 706 706 | 100.0 | gi_556503834_ref_NC_000913.3_ S0C0
		Marking as insignificant: 1650843 1651548 | 1468615 1467910 | 706 706 | 100.0 | gi_556503834_ref_NC_000913.3_ S0C0
		Marking as insignificant: 1650843 1651548 | 2997066 2996361 | 706 706 | 100.0 | gi_556503834_ref_NC_000913.3_ S0C0
		Marking as insignificant: 1467910 1468615 | 1651548 1650843 | 706 706 | 100.0 | gi_556503834_ref_NC_000913.3_ S0C0
		Marking as insignificant: 1049778 1050545 | 258675 257908 | 768 768 | 98.83 | gi_556503834_ref_NC_000913.3_ S0C0
		Marking as insignificant: 1049778 1050545 | 20563 19796 | 768 768 | 98.83 | gi_556503834_ref_NC_000913.3_ S0C0
		Marking as insignificant: 290634 291401 | 3584195 3583428 | 768 768 | 98.83 | gi_556503834_ref_NC_000913.3_ S0C0
		Marking as insignificant: 257908 258675 | 1050545 1049778 | 768 768 | 98.83 | gi_556503834_ref_NC_000913.3_ S0C0
		Marking as insignificant: 19796 20563 | 1050545 1049778 | 768 768 | 98.83 | gi_556503834_ref_NC_000913.3_ S0C0
		Marking as insignificant: 3583428 3584196 | 279930 279162 | 769 769 | 98.83 | gi_556503834_ref_NC_000913.3_ S0C0
		Marking as insignificant: 1978503 1979271 | 1050545 1049777 | 769 769 | 98.83 | gi_556503834_ref_NC_000913.3_ S0C0
		Marking as insignificant: 1049777 1050545 | 1979271 1978503 | 769 769 | 98.83 | gi_556503834_ref_NC_000913.3_ S0C0
		Marking as insignificant: 279162 279930 | 3584196 3583428 | 769 769 | 98.83 | gi_556503834_ref_NC_000913.3_ S0C0
		Marking as insignificant: 1049778 1050545 | 291401 290634 | 768 768 | 99.48 | gi_556503834_ref_NC_000913.3_ S0C0
		Marking as insignificant: 290634 291401 | 1050545 1049778 | 768 768 | 99.48 | gi_556503834_ref_NC_000913.3_ S0C0
		Marking as insignificant: 1049778 1050546 | 279930 279162 | 769 769 | 99.48 | gi_556503834_ref_NC_000913.3_ S0C0
		Marking as insignificant: 279162 279930 | 1050546 1049778 | 769 769 | 99.48 | gi_556503834_ref_NC_000913.3_ S0C0
		Marking as insignificant: 3583427 3584195 | 20564 19796 | 769 769 | 100.0 | gi_556503834_ref_NC_000913.3_ S0C0
		Marking as insignificant: 3583427 3584195 | 258676 257908 | 769 769 | 100.0 | gi_556503834_ref_NC_000913.3_ S0C0
		Marking as insignificant: 257908 258676 | 3584195 3583427 | 769 769 | 100.0 | gi_556503834_ref_NC_000913.3_ S0C0
		Marking as insignificant: 19796 20564 | 3584195 3583427 | 769 769 | 100.0 | gi_556503834_ref_NC_000913.3_ S0C0
		Marking as insignificant: 3583413 3584195 | 1979285 1978503 | 783 783 | 99.49 | gi_556503834_ref_NC_000913.3_ S0C0
		Marking as insignificant: 1978503 1979285 | 3584195 3583413 | 783 783 | 99.49 | gi_556503834_ref_NC_000913.3_ S0C0
		Marking as insignificant: 1635839 1636918 | 581362 580283 | 1080 1080 | 97.13 | gi_556503834_ref_NC_000913.3_ S0C0
		Marking as insignificant: 580283 581362 | 1636918 1635839 | 1080 1080 | 97.13 | gi_556503834_ref_NC_000913.3_ S0C0
		Marking as insignificant: 4175945 4177130 | 3471328 3470143 | 1186 1186 | 98.99 | gi_556503834_ref_NC_000913.3_ S0C0
		Marking as insignificant: 3470143 3471328 | 4177130 4175945 | 1186 1186 | 98.99 | gi_556503834_ref_NC_000913.3_ S0C0
		Marking as insignificant: 3130146 3131343 | 2067353 2066156 | 1198 1198 | 99.58 | gi_556503834_ref_NC_000913.3_ S0C0
		Marking as insignificant: 2066156 2067353 | 3131343 3130146 | 1198 1198 | 99.58 | gi_556503834_ref_NC_000913.3_ S0C0
		Marking as insignificant: 2288919 2290113 | 1300693 1299499 | 1195 1195 | 100.0 | gi_556503834_ref_NC_000913.3_ S0C0
		Marking as insignificant: 2288919 2290113 | 1397238 1396044 | 1195 1195 | 100.0 | gi_556503834_ref_NC_000913.3_ S0C0
		Marking as insignificant: 1396044 1397238 | 2290113 2288919 | 1195 1195 | 100.0 | gi_556503834_ref_NC_000913.3_ S0C0
		Marking as insignificant: 1299499 1300693 | 2290113 2288919 | 1195 1195 | 100.0 | gi_556503834_ref_NC_000913.3_ S0C0
		Marking as insignificant: 2066156 2067357 | 1300696 1299495 | 1202 1202 | 99.5 | gi_556503834_ref_NC_000913.3_ S0C0
		Marking as insignificant: 2066156 2067357 | 1397241 1396040 | 1202 1202 | 99.5 | gi_556503834_ref_NC_000913.3_ S0C0
		Marking as insignificant: 1396040 1397241 | 2067357 2066156 | 1202 1202 | 99.5 | gi_556503834_ref_NC_000913.3_ S0C0
		Marking as insignificant: 1299495 1300696 | 2067357 2066156 | 1202 1202 | 99.5 | gi_556503834_ref_NC_000913.3_ S0C0
		Marking as insignificant: 3130146 3131344 | 275149 273951 | 1199 1199 | 99.92 | gi_556503834_ref_NC_000913.3_ S0C0
		Marking as insignificant: 3130142 3131340 | 2290117 2288919 | 1199 1199 | 99.92 | gi_556503834_ref_NC_000913.3_ S0C0
		Marking as insignificant: 2288919 2290117 | 3131340 3130142 | 1199 1199 | 99.92 | gi_556503834_ref_NC_000913.3_ S0C0
		Marking as insignificant: 1299499 1300697 | 275149 273951 | 1199 1199 | 99.92 | gi_556503834_ref_NC_000913.3_ S0C0
		Marking as insignificant: 273951 275149 | 1300697 1299499 | 1199 1199 | 99.92 | gi_556503834_ref_NC_000913.3_ S0C0
		Marking as insignificant: 273951 275149 | 3131344 3130146 | 1199 1199 | 99.92 | gi_556503834_ref_NC_000913.3_ S0C0
		Marking as insignificant: 1396044 1397243 | 275149 273950 | 1200 1200 | 99.92 | gi_556503834_ref_NC_000913.3_ S0C0
		Marking as insignificant: 273950 275149 | 1397243 1396044 | 1200 1200 | 99.92 | gi_556503834_ref_NC_000913.3_ S0C0
		Marking as insignificant: 2101745 2102946 | 1397242 1396041 | 1202 1202 | 99.92 | gi_556503834_ref_NC_000913.3_ S0C0
		Marking as insignificant: 2101745 2102946 | 1300697 1299496 | 1202 1202 | 99.92 | gi_556503834_ref_NC_000913.3_ S0C0
		Marking as insignificant: 1396041 1397242 | 2102946 2101745 | 1202 1202 | 99.92 | gi_556503834_ref_NC_000913.3_ S0C0
		Marking as insignificant: 1299496 1300697 | 2102946 2101745 | 1202 1202 | 99.92 | gi_556503834_ref_NC_000913.3_ S0C0
		Marking as insignificant: 3365552 3366753 | 3131344 3130143 | 1202 1202 | 100.0 | gi_556503834_ref_NC_000913.3_ S0C0
		Marking as insignificant: 3130143 3131344 | 689048 687847 | 1202 1202 | 100.0 | gi_556503834_ref_NC_000913.3_ S0C0
		Marking as insignificant: 3130143 3131344 | 3366753 3365552 | 1202 1202 | 100.0 | gi_556503834_ref_NC_000913.3_ S0C0
		Marking as insignificant: 687847 689048 | 3131344 3130143 | 1202 1202 | 100.0 | gi_556503834_ref_NC_000913.3_ S0C0
		Marking as insignificant: 3652032 3653234 | 1397242 1396040 | 1203 1203 | 100.0 | gi_556503834_ref_NC_000913.3_ S0C0
		Marking as insignificant: 3365552 3366754 | 1397242 1396040 | 1203 1203 | 100.0 | gi_556503834_ref_NC_000913.3_ S0C0
		Marking as insignificant: 3130143 3131345 | 575788 574586 | 1203 1203 | 100.0 | gi_556503834_ref_NC_000913.3_ S0C0
		Marking as insignificant: 1396040 1397242 | 3653234 3652032 | 1203 1203 | 100.0 | gi_556503834_ref_NC_000913.3_ S0C0
		Marking as insignificant: 1396040 1397242 | 575789 574587 | 1203 1203 | 100.0 | gi_556503834_ref_NC_000913.3_ S0C0
		Marking as insignificant: 1396040 1397242 | 3366754 3365552 | 1203 1203 | 100.0 | gi_556503834_ref_NC_000913.3_ S0C0
		Marking as insignificant: 1299495 1300697 | 689049 687847 | 1203 1203 | 100.0 | gi_556503834_ref_NC_000913.3_ S0C0
		Marking as insignificant: 687847 689049 | 1300697 1299495 | 1203 1203 | 100.0 | gi_556503834_ref_NC_000913.3_ S0C0
		Marking as insignificant: 574587 575789 | 1397242 1396040 | 1203 1203 | 100.0 | gi_556503834_ref_NC_000913.3_ S0C0
		Marking as insignificant: 574586 575788 | 3131345 3130143 | 1203 1203 | 100.0 | gi_556503834_ref_NC_000913.3_ S0C0
		Marking as insignificant: 3130141 3131344 | 2102948 2101745 | 1204 1204 | 99.92 | gi_556503834_ref_NC_000913.3_ S0C0
		Marking as insignificant: 2101745 2102948 | 3131344 3130141 | 1204 1204 | 99.92 | gi_556503834_ref_NC_000913.3_ S0C0
		Marking as insignificant: 3652030 3653233 | 3131346 3130143 | 1204 1204 | 100.0 | gi_556503834_ref_NC_000913.3_ S0C0
		Marking as insignificant: 3130143 3131346 | 3653233 3652030 | 1204 1204 | 100.0 | gi_556503834_ref_NC_000913.3_ S0C0
		Marking as insignificant: 1299495 1300698 | 575789 574586 | 1204 1204 | 100.0 | gi_556503834_ref_NC_000913.3_ S0C0
		Marking as insignificant: 574586 575789 | 1300698 1299495 | 1204 1204 | 100.0 | gi_556503834_ref_NC_000913.3_ S0C0
		Marking as insignificant: 3652030 3653234 | 1300699 1299495 | 1205 1205 | 100.0 | gi_556503834_ref_NC_000913.3_ S0C0
		Marking as insignificant: 1299495 1300699 | 3653234 3652030 | 1205 1205 | 100.0 | gi_556503834_ref_NC_000913.3_ S0C0
		Marking as insignificant: 3365552 3366759 | 1300697 1299490 | 1208 1208 | 99.92 | gi_556503834_ref_NC_000913.3_ S0C0
		Marking as insignificant: 1396036 1397243 | 689053 687846 | 1208 1208 | 99.92 | gi_556503834_ref_NC_000913.3_ S0C0
		Marking as insignificant: 1299490 1300697 | 3366759 3365552 | 1208 1208 | 99.92 | gi_556503834_ref_NC_000913.3_ S0C0
		Marking as insignificant: 687846 689053 | 1397243 1396036 | 1208 1208 | 99.92 | gi_556503834_ref_NC_000913.3_ S0C0
		Marking as insignificant: 4507459 4508679 | 1470516 1469296 | 1221 1221 | 100.0 | gi_556503834_ref_NC_000913.3_ S0C0
		Marking as insignificant: 1469296 1470516 | 4508679 4507459 | 1221 1221 | 100.0 | gi_556503834_ref_NC_000913.3_ S0C0
		Marking as insignificant: 4507459 4508696 | 271761 270524 | 1238 1238 | 99.6 | gi_556503834_ref_NC_000913.3_ S0C0
		Marking as insignificant: 270524 271761 | 4508696 4507459 | 1238 1238 | 99.6 | gi_556503834_ref_NC_000913.3_ S0C0
		Marking as insignificant: 1094245 1095499 | 316483 315229 | 1255 1255 | 100.0 | gi_556503834_ref_NC_000913.3_ S0C0
		Marking as insignificant: 391709 392963 | 316483 315229 | 1255 1255 | 100.0 | gi_556503834_ref_NC_000913.3_ S0C0
		Marking as insignificant: 315229 316483 | 392963 391709 | 1255 1255 | 100.0 | gi_556503834_ref_NC_000913.3_ S0C0
		Marking as insignificant: 315229 316483 | 1095499 1094245 | 1255 1255 | 100.0 | gi_556503834_ref_NC_000913.3_ S0C0
		Marking as insignificant: 2170170 2171428 | 1095503 1094245 | 1259 1259 | 100.0 | gi_556503834_ref_NC_000913.3_ S0C0
		Marking as insignificant: 1094245 1095503 | 2171428 2170170 | 1259 1259 | 100.0 | gi_556503834_ref_NC_000913.3_ S0C0
		Marking as insignificant: 1094244 1095503 | 568035 566776 | 1260 1260 | 100.0 | gi_556503834_ref_NC_000913.3_ S0C0
		Marking as insignificant: 566776 568035 | 1095503 1094244 | 1260 1260 | 100.0 | gi_556503834_ref_NC_000913.3_ S0C0
		Marking as insignificant: 2170169 2171436 | 392968 391701 | 1268 1268 | 99.84 | gi_556503834_ref_NC_000913.3_ S0C0
		Marking as insignificant: 391701 392968 | 2171436 2170169 | 1268 1268 | 99.84 | gi_556503834_ref_NC_000913.3_ S0C0
		Marking as insignificant: 566771 568040 | 392972 391703 | 1270 1270 | 99.92 | gi_556503834_ref_NC_000913.3_ S0C0
		Marking as insignificant: 391703 392972 | 568040 566771 | 1270 1270 | 99.92 | gi_556503834_ref_NC_000913.3_ S0C0
		Marking as insignificant: 4498181 4499511 | 2070271 2068941 | 1331 1331 | 100.0 | gi_556503834_ref_NC_000913.3_ S0C0
		Marking as insignificant: 4498181 4499511 | 2997691 2996361 | 1331 1331 | 100.0 | gi_556503834_ref_NC_000913.3_ S0C0
		Marking as insignificant: 4498181 4499511 | 1469240 1467910 | 1331 1331 | 100.0 | gi_556503834_ref_NC_000913.3_ S0C0
		Marking as insignificant: 2996361 2997691 | 4499511 4498181 | 1331 1331 | 100.0 | gi_556503834_ref_NC_000913.3_ S0C0
		Marking as insignificant: 2068941 2070271 | 4499511 4498181 | 1331 1331 | 100.0 | gi_556503834_ref_NC_000913.3_ S0C0
		Marking as insignificant: 1467910 1469240 | 382590 381260 | 1331 1331 | 100.0 | gi_556503834_ref_NC_000913.3_ S0C0
		Marking as insignificant: 1467910 1469240 | 4499511 4498181 | 1331 1331 | 100.0 | gi_556503834_ref_NC_000913.3_ S0C0
		Marking as insignificant: 381260 382590 | 1469240 1467910 | 1331 1331 | 100.0 | gi_556503834_ref_NC_000913.3_ S0C0
		Marking as insignificant: 3186096 3187427 | 2070271 2068940 | 1332 1332 | 100.0 | gi_556503834_ref_NC_000913.3_ S0C0
		Marking as insignificant: 3186095 3187426 | 2997692 2996361 | 1332 1332 | 100.0 | gi_556503834_ref_NC_000913.3_ S0C0
		Marking as insignificant: 2996361 2997692 | 3187426 3186095 | 1332 1332 | 100.0 | gi_556503834_ref_NC_000913.3_ S0C0
		Marking as insignificant: 2068940 2070271 | 3187427 3186096 | 1332 1332 | 100.0 | gi_556503834_ref_NC_000913.3_ S0C0
		Marking as insignificant: 3186095 3187427 | 1469241 1467909 | 1333 1333 | 100.0 | gi_556503834_ref_NC_000913.3_ S0C0
		Marking as insignificant: 2996359 2997691 | 382592 381260 | 1333 1333 | 100.0 | gi_556503834_ref_NC_000913.3_ S0C0
		Marking as insignificant: 2068941 2070273 | 382590 381258 | 1333 1333 | 100.0 | gi_556503834_ref_NC_000913.3_ S0C0
		Marking as insignificant: 1467909 1469241 | 3187427 3186095 | 1333 1333 | 100.0 | gi_556503834_ref_NC_000913.3_ S0C0
		Marking as insignificant: 381260 382592 | 2997691 2996359 | 1333 1333 | 100.0 | gi_556503834_ref_NC_000913.3_ S0C0
		Marking as insignificant: 381258 382590 | 2070273 2068941 | 1333 1333 | 100.0 | gi_556503834_ref_NC_000913.3_ S0C0
		Marking as insignificant: 2729567 2731303 | 225361 223625 | 1737 1737 | 99.02 | gi_556503834_ref_NC_000913.3_ S0C0
		Marking as insignificant: 223625 225361 | 2731303 2729567 | 1737 1737 | 99.02 | gi_556503834_ref_NC_000913.3_ S0C0
		Marking as insignificant: 3941662 3943393 | 3428908 3427177 | 1732 1732 | 99.65 | gi_556503834_ref_NC_000913.3_ S0C0
		Marking as insignificant: 3427177 3428908 | 3943393 3941662 | 1732 1732 | 99.65 | gi_556503834_ref_NC_000913.3_ S0C0
		Marking as insignificant: 4166513 4168253 | 3428908 3427169 | 1741 1740 | 99.25 | gi_556503834_ref_NC_000913.3_ S0C0
		Marking as insignificant: 3427169 3428908 | 4168253 4166513 | 1740 1741 | 99.25 | gi_556503834_ref_NC_000913.3_ S0C0
		Marking as insignificant: 3427169 3428998 | 4209741 4207913 | 1830 1829 | 99.13 | gi_556503834_ref_NC_000913.3_ S0C0
		Marking as insignificant: 4207913 4209741 | 3428998 3427169 | 1829 1830 | 99.13 | gi_556503834_ref_NC_000913.3_ S0C0
		Marking as insignificant: 4035202 4037121 | 2731485 2729567 | 1920 1919 | 98.91 | gi_556503834_ref_NC_000913.3_ S0C0
		Marking as insignificant: 2729567 2731485 | 4037121 4035202 | 1919 1920 | 98.91 | gi_556503834_ref_NC_000913.3_ S0C0
		Marking as insignificant: 1632528 1635088 | 1434768 1432208 | 2561 2561 | 98.91 | gi_556503834_ref_NC_000913.3_ S0C0
		Marking as insignificant: 1432208 1434768 | 1635088 1632528 | 2561 2561 | 98.91 | gi_556503834_ref_NC_000913.3_ S0C0
		Marking as insignificant: 225637 228882 | 2729297 2726062 | 3246 3236 | 99.08 | gi_556503834_ref_NC_000913.3_ S0C0
		Marking as insignificant: 4209921 4213165 | 3426896 3423662 | 3245 3235 | 99.14 | gi_556503834_ref_NC_000913.3_ S0C0
		Marking as insignificant: 4037397 4040653 | 2729297 2726052 | 3257 3246 | 98.83 | gi_556503834_ref_NC_000913.3_ S0C0
		Marking as insignificant: 4168519 4171761 | 3426896 3423663 | 3243 3234 | 99.26 | gi_556503834_ref_NC_000913.3_ S0C0
		Marking as insignificant: 3943582 3946829 | 3426896 3423658 | 3248 3239 | 99.14 | gi_556503834_ref_NC_000913.3_ S0C0
		Marking as insignificant: 2726062 2729297 | 228882 225637 | 3236 3246 | 99.08 | gi_556503834_ref_NC_000913.3_ S0C0
		Marking as insignificant: 3423662 3426896 | 4213165 4209921 | 3235 3245 | 99.14 | gi_556503834_ref_NC_000913.3_ S0C0
		Marking as insignificant: 2726052 2729297 | 4040653 4037397 | 3246 3257 | 98.83 | gi_556503834_ref_NC_000913.3_ S0C0
		Marking as insignificant: 3423663 3426896 | 4171761 4168519 | 3234 3243 | 99.26 | gi_556503834_ref_NC_000913.3_ S0C0
		Marking as insignificant: 3423658 3426896 | 3946829 3943582 | 3239 3248 | 99.14 | gi_556503834_ref_NC_000913.3_ S0C0
		Marking as insignificant: 2726062 2731303 | 4213166 4208001 | 5242 5166 | 97.53 | gi_556503834_ref_NC_000913.3_ S0C0
		Marking as insignificant: 4208001 4213166 | 2731303 2726062 | 5166 5242 | 97.53 | gi_556503834_ref_NC_000913.3_ S0C0
		Marking as insignificant: 2726062 2731485 | 3946826 3941479 | 5424 5348 | 97.15 | gi_556503834_ref_NC_000913.3_ S0C0
		Marking as insignificant: 4035385 4040641 | 3428908 3423663 | 5257 5246 | 99.2 | gi_556503834_ref_NC_000913.3_ S0C0
		Marking as insignificant: 3423663 3428908 | 4040641 4035385 | 5246 5257 | 99.2 | gi_556503834_ref_NC_000913.3_ S0C0
		Marking as insignificant: 3941479 3946826 | 2731485 2726062 | 5348 5424 | 97.15 | gi_556503834_ref_NC_000913.3_ S0C0
		Marking as insignificant: 223535 228885 | 3428998 3423658 | 5351 5341 | 99.12 | gi_556503834_ref_NC_000913.3_ S0C0
		Marking as insignificant: 3423658 3428998 | 228885 223535 | 5341 5351 | 99.12 | gi_556503834_ref_NC_000913.3_ S0C0
		Marking as insignificant: 4166330 4171773 | 2731485 2726052 | 5444 5434 | 99.08 | gi_556503834_ref_NC_000913.3_ S0C0
		Marking as insignificant: 2726052 2731485 | 4171773 4166330 | 5434 5444 | 99.08 | gi_556503834_ref_NC_000913.3_ S0C0
		One align captures most of this contig: 1 4641652 | 1 4641652 | 4641652 4641652 | 100.0 | gi_556503834_ref_NC_000913.3_ S0C0

Analyzing coverage...
Writing SNPs into /net/metagenomics/projects/afritz_assemblies/Simpipeline_Coverage_Sweep/050_error/Ecoli_cov512/quast_gsa/contigs_reports/nucmer_output/anonymous_gsa.used_snps
	Reference gi_556503834_ref_NC_000913.3_: 1 total alignments. 1 total regions.
		Region: 1 to 4641652 (4641652 bp)
			Align 1: 1 4641652 S0C0 1 4641652
			END in current alignment.  Modifying 4641652 to 4641652.

Analysis is finished!
Founded SNPs were written into /net/metagenomics/projects/afritz_assemblies/Simpipeline_Coverage_Sweep/050_error/Ecoli_cov512/quast_gsa/contigs_reports/nucmer_output/anonymous_gsa.used_snps

Results:
	Local Misassemblies: 0
	Misassemblies: 0
		Relocations: 0
		Translocations: 0
		Inversions: 0
	Misassembled Contigs: 0
	Misassembled Contig Bases: 0
	Misassemblies Inter-Contig Overlap: 0
Uncovered Regions: 0 (0)
Unaligned Contigs: 0 + 0 part
Partially Unaligned Contigs with Misassemblies: 0
Unaligned Contig Bases: 0

Ambiguously Mapped Contigs: 0
Total Bases in Ambiguously Mapped Contigs: 0
Note that --allow-ambiguity option was set to "one" and only first alignment per each contig was used.

	Covered Bases: 4641652

	SNPs: 0
	Insertions: 0
	Deletions: 0

	Positive Gaps: 0
		Internal Gaps:  0
		External Gaps:  0
		External Gap Total:  0
		External Gap Average: 0
	Negative Gaps: 0
		Internal Overlaps:  0
		External Overlaps:  0
		External Overlaps Total:  0
		External Overlaps Average: 0
	Contigs with Redundant Alignments: 0 (0)
