Aligning contigs to reference...
	Running Nucmer
Parsing coords...
Loading reference...
	Loaded [gi_556503834_ref_NC_000913.3_]
Loading SNPs...
Loading regions...
	No regions given, using whole reference.
	Total Regions: 1
	Total Region Length: 4641652
Analyzing contigs...
CONTIG: S0C0 (4641798bp)
Top Length: 4641651  Top ID: 100.0
		Marking as insignificant: 4392583 4392658 | 1992116 1992041 | 76 76 | 100.0 | gi_556503834_ref_NC_000913.3_ S0C0
		Marking as insignificant: 4392472 4392547 | 1992116 1992041 | 76 76 | 100.0 | gi_556503834_ref_NC_000913.3_ S0C0
		Marking as insignificant: 4392360 4392435 | 1992116 1992041 | 76 76 | 100.0 | gi_556503834_ref_NC_000913.3_ S0C0
		Marking as insignificant: 1992042 1992117 | 4392657 4392582 | 76 76 | 100.0 | gi_556503834_ref_NC_000913.3_ S0C0
		Marking as insignificant: 1992042 1992117 | 4392546 4392471 | 76 76 | 100.0 | gi_556503834_ref_NC_000913.3_ S0C0
		Marking as insignificant: 1992042 1992117 | 4392434 4392359 | 76 76 | 100.0 | gi_556503834_ref_NC_000913.3_ S0C0
		Marking as insignificant: 2059846 2059930 | 2058106 2058022 | 85 85 | 100.0 | gi_556503834_ref_NC_000913.3_ S0C0
		Marking as insignificant: 2058023 2058107 | 2059929 2059845 | 85 85 | 100.0 | gi_556503834_ref_NC_000913.3_ S0C0
		Marking as insignificant: 4606079 4606166 | 3982691 3982604 | 88 88 | 100.0 | gi_556503834_ref_NC_000913.3_ S0C0
		Marking as insignificant: 3982605 3982692 | 4606165 4606078 | 88 88 | 100.0 | gi_556503834_ref_NC_000913.3_ S0C0
		Marking as insignificant: 4606315 4606403 | 3982691 3982603 | 89 89 | 100.0 | gi_556503834_ref_NC_000913.3_ S0C0
		Marking as insignificant: 3982604 3982692 | 4606402 4606314 | 89 89 | 100.0 | gi_556503834_ref_NC_000913.3_ S0C0
		Marking as insignificant: 2062236 2062339 | 2058125 2058022 | 104 104 | 97.12 | gi_556503834_ref_NC_000913.3_ S0C0
		Marking as insignificant: 2058023 2058126 | 2062338 2062235 | 104 104 | 97.12 | gi_556503834_ref_NC_000913.3_ S0C0
		Marking as insignificant: 2058023 2058126 | 2044627 2044524 | 104 104 | 98.08 | gi_556503834_ref_NC_000913.3_ S0C0
		Marking as insignificant: 2044525 2044628 | 2058125 2058022 | 104 104 | 98.08 | gi_556503834_ref_NC_000913.3_ S0C0
		Marking as insignificant: 3423418 3423548 | 228879 228749 | 131 131 | 97.71 | gi_556503834_ref_NC_000913.3_ S0C0
		Marking as insignificant: 228750 228880 | 3423547 3423417 | 131 131 | 97.71 | gi_556503834_ref_NC_000913.3_ S0C0
		Marking as insignificant: 4213034 4213164 | 3423547 3423417 | 131 131 | 98.47 | gi_556503834_ref_NC_000913.3_ S0C0
		Marking as insignificant: 3423418 3423548 | 4213163 4213033 | 131 131 | 98.47 | gi_556503834_ref_NC_000913.3_ S0C0
		Marking as insignificant: 3946689 3946824 | 3423551 3423417 | 136 135 | 97.06 | gi_556503834_ref_NC_000913.3_ S0C0
		Marking as insignificant: 3423418 3423552 | 3946823 3946688 | 135 136 | 97.06 | gi_556503834_ref_NC_000913.3_ S0C0
		Marking as insignificant: 279931 280128 | 4507638 4507442 | 198 197 | 98.48 | gi_556503834_ref_NC_000913.3_ S0C0
		Marking as insignificant: 4507443 4507639 | 280127 279930 | 197 198 | 98.48 | gi_556503834_ref_NC_000913.3_ S0C0
		Marking as insignificant: 2471882 2472123 | 1207803 1207562 | 242 242 | 95.04 | gi_556503834_ref_NC_000913.3_ S0C0
		Marking as insignificant: 1207563 1207804 | 2472122 2471881 | 242 242 | 95.04 | gi_556503834_ref_NC_000913.3_ S0C0
		Marking as insignificant: 2229115 2229376 | 915287 915026 | 262 262 | 95.04 | gi_556503834_ref_NC_000913.3_ S0C0
		Marking as insignificant: 915027 915288 | 2229375 2229114 | 262 262 | 95.04 | gi_556503834_ref_NC_000913.3_ S0C0
		Marking as insignificant: 4040511 4040845 | 3423547 3423213 | 335 335 | 95.82 | gi_556503834_ref_NC_000913.3_ S0C0
		Marking as insignificant: 3423214 3423548 | 4040844 4040510 | 335 335 | 95.82 | gi_556503834_ref_NC_000913.3_ S0C0
		Marking as insignificant: 4171631 4171970 | 3423547 3423208 | 340 340 | 95.59 | gi_556503834_ref_NC_000913.3_ S0C0
		Marking as insignificant: 3423209 3423548 | 4171969 4171630 | 340 340 | 95.59 | gi_556503834_ref_NC_000913.3_ S0C0
		Marking as insignificant: 3583428 3584130 | 291400 290698 | 703 703 | 98.86 | gi_556503834_ref_NC_000913.3_ S0C0
		Marking as insignificant: 2996361 2997066 | 1651547 1650842 | 706 706 | 100.0 | gi_556503834_ref_NC_000913.3_ S0C0
		Marking as insignificant: 2068941 2069646 | 1651547 1650842 | 706 706 | 100.0 | gi_556503834_ref_NC_000913.3_ S0C0
		Marking as insignificant: 1650843 1651548 | 2069645 2068940 | 706 706 | 100.0 | gi_556503834_ref_NC_000913.3_ S0C0
		Marking as insignificant: 1650843 1651548 | 1468614 1467909 | 706 706 | 100.0 | gi_556503834_ref_NC_000913.3_ S0C0
		Marking as insignificant: 1650843 1651548 | 2997065 2996360 | 706 706 | 100.0 | gi_556503834_ref_NC_000913.3_ S0C0
		Marking as insignificant: 1467910 1468615 | 1651547 1650842 | 706 706 | 100.0 | gi_556503834_ref_NC_000913.3_ S0C0
		Marking as insignificant: 1049778 1050545 | 258674 257907 | 768 768 | 98.83 | gi_556503834_ref_NC_000913.3_ S0C0
		Marking as insignificant: 1049778 1050545 | 20562 19795 | 768 768 | 98.83 | gi_556503834_ref_NC_000913.3_ S0C0
		Marking as insignificant: 290634 291401 | 3584194 3583427 | 768 768 | 98.83 | gi_556503834_ref_NC_000913.3_ S0C0
		Marking as insignificant: 257908 258675 | 1050544 1049777 | 768 768 | 98.83 | gi_556503834_ref_NC_000913.3_ S0C0
		Marking as insignificant: 19796 20563 | 1050544 1049777 | 768 768 | 98.83 | gi_556503834_ref_NC_000913.3_ S0C0
		Marking as insignificant: 3583428 3584196 | 279929 279161 | 769 769 | 98.83 | gi_556503834_ref_NC_000913.3_ S0C0
		Marking as insignificant: 1978503 1979271 | 1050544 1049776 | 769 769 | 98.83 | gi_556503834_ref_NC_000913.3_ S0C0
		Marking as insignificant: 1049777 1050545 | 1979270 1978502 | 769 769 | 98.83 | gi_556503834_ref_NC_000913.3_ S0C0
		Marking as insignificant: 279162 279930 | 3584195 3583427 | 769 769 | 98.83 | gi_556503834_ref_NC_000913.3_ S0C0
		Marking as insignificant: 1049778 1050545 | 291400 290633 | 768 768 | 99.48 | gi_556503834_ref_NC_000913.3_ S0C0
		Marking as insignificant: 290634 291401 | 1050544 1049777 | 768 768 | 99.48 | gi_556503834_ref_NC_000913.3_ S0C0
		Marking as insignificant: 1049778 1050546 | 279929 279161 | 769 769 | 99.48 | gi_556503834_ref_NC_000913.3_ S0C0
		Marking as insignificant: 279162 279930 | 1050545 1049777 | 769 769 | 99.48 | gi_556503834_ref_NC_000913.3_ S0C0
		Marking as insignificant: 3583427 3584195 | 20563 19795 | 769 769 | 100.0 | gi_556503834_ref_NC_000913.3_ S0C0
		Marking as insignificant: 3583427 3584195 | 258675 257907 | 769 769 | 100.0 | gi_556503834_ref_NC_000913.3_ S0C0
		Marking as insignificant: 257908 258676 | 3584194 3583426 | 769 769 | 100.0 | gi_556503834_ref_NC_000913.3_ S0C0
		Marking as insignificant: 19796 20564 | 3584194 3583426 | 769 769 | 100.0 | gi_556503834_ref_NC_000913.3_ S0C0
		Marking as insignificant: 3583413 3584195 | 1979284 1978502 | 783 783 | 99.49 | gi_556503834_ref_NC_000913.3_ S0C0
		Marking as insignificant: 1978503 1979285 | 3584194 3583412 | 783 783 | 99.49 | gi_556503834_ref_NC_000913.3_ S0C0
		Marking as insignificant: 1635839 1636918 | 581361 580282 | 1080 1080 | 97.13 | gi_556503834_ref_NC_000913.3_ S0C0
		Marking as insignificant: 580283 581362 | 1636917 1635838 | 1080 1080 | 97.13 | gi_556503834_ref_NC_000913.3_ S0C0
		Marking as insignificant: 4175945 4177130 | 3471327 3470142 | 1186 1186 | 98.99 | gi_556503834_ref_NC_000913.3_ S0C0
		Marking as insignificant: 3470143 3471328 | 4177129 4175944 | 1186 1186 | 98.99 | gi_556503834_ref_NC_000913.3_ S0C0
		Marking as insignificant: 3130146 3131343 | 2067352 2066155 | 1198 1198 | 99.58 | gi_556503834_ref_NC_000913.3_ S0C0
		Marking as insignificant: 2066156 2067353 | 3131342 3130145 | 1198 1198 | 99.58 | gi_556503834_ref_NC_000913.3_ S0C0
		Marking as insignificant: 2288919 2290113 | 1300692 1299498 | 1195 1195 | 100.0 | gi_556503834_ref_NC_000913.3_ S0C0
		Marking as insignificant: 2288919 2290113 | 1397237 1396043 | 1195 1195 | 100.0 | gi_556503834_ref_NC_000913.3_ S0C0
		Marking as insignificant: 1396044 1397238 | 2290112 2288918 | 1195 1195 | 100.0 | gi_556503834_ref_NC_000913.3_ S0C0
		Marking as insignificant: 1299499 1300693 | 2290112 2288918 | 1195 1195 | 100.0 | gi_556503834_ref_NC_000913.3_ S0C0
		Marking as insignificant: 2066156 2067357 | 1300695 1299494 | 1202 1202 | 99.5 | gi_556503834_ref_NC_000913.3_ S0C0
		Marking as insignificant: 2066156 2067357 | 1397240 1396039 | 1202 1202 | 99.5 | gi_556503834_ref_NC_000913.3_ S0C0
		Marking as insignificant: 1396040 1397241 | 2067356 2066155 | 1202 1202 | 99.5 | gi_556503834_ref_NC_000913.3_ S0C0
		Marking as insignificant: 1299495 1300696 | 2067356 2066155 | 1202 1202 | 99.5 | gi_556503834_ref_NC_000913.3_ S0C0
		Marking as insignificant: 3130146 3131344 | 275148 273950 | 1199 1199 | 99.92 | gi_556503834_ref_NC_000913.3_ S0C0
		Marking as insignificant: 3130142 3131340 | 2290116 2288918 | 1199 1199 | 99.92 | gi_556503834_ref_NC_000913.3_ S0C0
		Marking as insignificant: 2288919 2290117 | 3131339 3130141 | 1199 1199 | 99.92 | gi_556503834_ref_NC_000913.3_ S0C0
		Marking as insignificant: 1299499 1300697 | 275148 273950 | 1199 1199 | 99.92 | gi_556503834_ref_NC_000913.3_ S0C0
		Marking as insignificant: 273951 275149 | 1300696 1299498 | 1199 1199 | 99.92 | gi_556503834_ref_NC_000913.3_ S0C0
		Marking as insignificant: 273951 275149 | 3131343 3130145 | 1199 1199 | 99.92 | gi_556503834_ref_NC_000913.3_ S0C0
		Marking as insignificant: 1396044 1397243 | 275148 273949 | 1200 1200 | 99.92 | gi_556503834_ref_NC_000913.3_ S0C0
		Marking as insignificant: 273950 275149 | 1397242 1396043 | 1200 1200 | 99.92 | gi_556503834_ref_NC_000913.3_ S0C0
		Marking as insignificant: 2101745 2102946 | 1397241 1396040 | 1202 1202 | 99.92 | gi_556503834_ref_NC_000913.3_ S0C0
		Marking as insignificant: 2101745 2102946 | 1300696 1299495 | 1202 1202 | 99.92 | gi_556503834_ref_NC_000913.3_ S0C0
		Marking as insignificant: 1396041 1397242 | 2102945 2101744 | 1202 1202 | 99.92 | gi_556503834_ref_NC_000913.3_ S0C0
		Marking as insignificant: 1299496 1300697 | 2102945 2101744 | 1202 1202 | 99.92 | gi_556503834_ref_NC_000913.3_ S0C0
		Marking as insignificant: 3365552 3366753 | 3131343 3130142 | 1202 1202 | 100.0 | gi_556503834_ref_NC_000913.3_ S0C0
		Marking as insignificant: 3130143 3131344 | 689047 687846 | 1202 1202 | 100.0 | gi_556503834_ref_NC_000913.3_ S0C0
		Marking as insignificant: 3130143 3131344 | 3366752 3365551 | 1202 1202 | 100.0 | gi_556503834_ref_NC_000913.3_ S0C0
		Marking as insignificant: 687847 689048 | 3131343 3130142 | 1202 1202 | 100.0 | gi_556503834_ref_NC_000913.3_ S0C0
		Marking as insignificant: 3652032 3653234 | 1397241 1396039 | 1203 1203 | 100.0 | gi_556503834_ref_NC_000913.3_ S0C0
		Marking as insignificant: 3365552 3366754 | 1397241 1396039 | 1203 1203 | 100.0 | gi_556503834_ref_NC_000913.3_ S0C0
		Marking as insignificant: 3130143 3131345 | 575787 574585 | 1203 1203 | 100.0 | gi_556503834_ref_NC_000913.3_ S0C0
		Marking as insignificant: 1396040 1397242 | 3653233 3652031 | 1203 1203 | 100.0 | gi_556503834_ref_NC_000913.3_ S0C0
		Marking as insignificant: 1396040 1397242 | 575788 574586 | 1203 1203 | 100.0 | gi_556503834_ref_NC_000913.3_ S0C0
		Marking as insignificant: 1396040 1397242 | 3366753 3365551 | 1203 1203 | 100.0 | gi_556503834_ref_NC_000913.3_ S0C0
		Marking as insignificant: 1299495 1300697 | 689048 687846 | 1203 1203 | 100.0 | gi_556503834_ref_NC_000913.3_ S0C0
		Marking as insignificant: 687847 689049 | 1300696 1299494 | 1203 1203 | 100.0 | gi_556503834_ref_NC_000913.3_ S0C0
		Marking as insignificant: 574587 575789 | 1397241 1396039 | 1203 1203 | 100.0 | gi_556503834_ref_NC_000913.3_ S0C0
		Marking as insignificant: 574586 575788 | 3131344 3130142 | 1203 1203 | 100.0 | gi_556503834_ref_NC_000913.3_ S0C0
		Marking as insignificant: 3130141 3131344 | 2102947 2101744 | 1204 1204 | 99.92 | gi_556503834_ref_NC_000913.3_ S0C0
		Marking as insignificant: 2101745 2102948 | 3131343 3130140 | 1204 1204 | 99.92 | gi_556503834_ref_NC_000913.3_ S0C0
		Marking as insignificant: 3652030 3653233 | 3131345 3130142 | 1204 1204 | 100.0 | gi_556503834_ref_NC_000913.3_ S0C0
		Marking as insignificant: 3130143 3131346 | 3653232 3652029 | 1204 1204 | 100.0 | gi_556503834_ref_NC_000913.3_ S0C0
		Marking as insignificant: 1299495 1300698 | 575788 574585 | 1204 1204 | 100.0 | gi_556503834_ref_NC_000913.3_ S0C0
		Marking as insignificant: 574586 575789 | 1300697 1299494 | 1204 1204 | 100.0 | gi_556503834_ref_NC_000913.3_ S0C0
		Marking as insignificant: 3652030 3653234 | 1300698 1299494 | 1205 1205 | 100.0 | gi_556503834_ref_NC_000913.3_ S0C0
		Marking as insignificant: 1299495 1300699 | 3653233 3652029 | 1205 1205 | 100.0 | gi_556503834_ref_NC_000913.3_ S0C0
		Marking as insignificant: 3365552 3366759 | 1300696 1299489 | 1208 1208 | 99.92 | gi_556503834_ref_NC_000913.3_ S0C0
		Marking as insignificant: 1396036 1397243 | 689052 687845 | 1208 1208 | 99.92 | gi_556503834_ref_NC_000913.3_ S0C0
		Marking as insignificant: 1299490 1300697 | 3366758 3365551 | 1208 1208 | 99.92 | gi_556503834_ref_NC_000913.3_ S0C0
		Marking as insignificant: 687846 689053 | 1397242 1396035 | 1208 1208 | 99.92 | gi_556503834_ref_NC_000913.3_ S0C0
		Marking as insignificant: 4507459 4508679 | 1470515 1469295 | 1221 1221 | 100.0 | gi_556503834_ref_NC_000913.3_ S0C0
		Marking as insignificant: 1469296 1470516 | 4508678 4507458 | 1221 1221 | 100.0 | gi_556503834_ref_NC_000913.3_ S0C0
		Marking as insignificant: 4507459 4508696 | 271760 270523 | 1238 1238 | 99.6 | gi_556503834_ref_NC_000913.3_ S0C0
		Marking as insignificant: 270524 271761 | 4508695 4507458 | 1238 1238 | 99.6 | gi_556503834_ref_NC_000913.3_ S0C0
		Marking as insignificant: 1094245 1095499 | 316482 315228 | 1255 1255 | 100.0 | gi_556503834_ref_NC_000913.3_ S0C0
		Marking as insignificant: 391709 392963 | 316482 315228 | 1255 1255 | 100.0 | gi_556503834_ref_NC_000913.3_ S0C0
		Marking as insignificant: 315229 316483 | 392962 391708 | 1255 1255 | 100.0 | gi_556503834_ref_NC_000913.3_ S0C0
		Marking as insignificant: 315229 316483 | 1095498 1094244 | 1255 1255 | 100.0 | gi_556503834_ref_NC_000913.3_ S0C0
		Marking as insignificant: 2170170 2171428 | 1095502 1094244 | 1259 1259 | 100.0 | gi_556503834_ref_NC_000913.3_ S0C0
		Marking as insignificant: 1094245 1095503 | 2171427 2170169 | 1259 1259 | 100.0 | gi_556503834_ref_NC_000913.3_ S0C0
		Marking as insignificant: 1094244 1095503 | 568034 566775 | 1260 1260 | 100.0 | gi_556503834_ref_NC_000913.3_ S0C0
		Marking as insignificant: 566776 568035 | 1095502 1094243 | 1260 1260 | 100.0 | gi_556503834_ref_NC_000913.3_ S0C0
		Marking as insignificant: 2170169 2171436 | 392967 391700 | 1268 1268 | 99.84 | gi_556503834_ref_NC_000913.3_ S0C0
		Marking as insignificant: 391701 392968 | 2171435 2170168 | 1268 1268 | 99.84 | gi_556503834_ref_NC_000913.3_ S0C0
		Marking as insignificant: 566771 568040 | 392971 391702 | 1270 1270 | 99.92 | gi_556503834_ref_NC_000913.3_ S0C0
		Marking as insignificant: 391703 392972 | 568039 566770 | 1270 1270 | 99.92 | gi_556503834_ref_NC_000913.3_ S0C0
		Marking as insignificant: 4498181 4499511 | 2070270 2068940 | 1331 1331 | 100.0 | gi_556503834_ref_NC_000913.3_ S0C0
		Marking as insignificant: 4498181 4499511 | 2997690 2996360 | 1331 1331 | 100.0 | gi_556503834_ref_NC_000913.3_ S0C0
		Marking as insignificant: 4498181 4499511 | 1469239 1467909 | 1331 1331 | 100.0 | gi_556503834_ref_NC_000913.3_ S0C0
		Marking as insignificant: 2996361 2997691 | 4499510 4498180 | 1331 1331 | 100.0 | gi_556503834_ref_NC_000913.3_ S0C0
		Marking as insignificant: 2068941 2070271 | 4499510 4498180 | 1331 1331 | 100.0 | gi_556503834_ref_NC_000913.3_ S0C0
		Marking as insignificant: 1467910 1469240 | 382589 381259 | 1331 1331 | 100.0 | gi_556503834_ref_NC_000913.3_ S0C0
		Marking as insignificant: 1467910 1469240 | 4499510 4498180 | 1331 1331 | 100.0 | gi_556503834_ref_NC_000913.3_ S0C0
		Marking as insignificant: 381260 382590 | 1469239 1467909 | 1331 1331 | 100.0 | gi_556503834_ref_NC_000913.3_ S0C0
		Marking as insignificant: 3186096 3187427 | 2070270 2068939 | 1332 1332 | 100.0 | gi_556503834_ref_NC_000913.3_ S0C0
		Marking as insignificant: 3186095 3187426 | 2997691 2996360 | 1332 1332 | 100.0 | gi_556503834_ref_NC_000913.3_ S0C0
		Marking as insignificant: 2996361 2997692 | 3187425 3186094 | 1332 1332 | 100.0 | gi_556503834_ref_NC_000913.3_ S0C0
		Marking as insignificant: 2068940 2070271 | 3187426 3186095 | 1332 1332 | 100.0 | gi_556503834_ref_NC_000913.3_ S0C0
		Marking as insignificant: 3186095 3187427 | 1469240 1467908 | 1333 1333 | 100.0 | gi_556503834_ref_NC_000913.3_ S0C0
		Marking as insignificant: 2996359 2997691 | 382591 381259 | 1333 1333 | 100.0 | gi_556503834_ref_NC_000913.3_ S0C0
		Marking as insignificant: 2068941 2070273 | 382589 381257 | 1333 1333 | 100.0 | gi_556503834_ref_NC_000913.3_ S0C0
		Marking as insignificant: 1467909 1469241 | 3187426 3186094 | 1333 1333 | 100.0 | gi_556503834_ref_NC_000913.3_ S0C0
		Marking as insignificant: 381260 382592 | 2997690 2996358 | 1333 1333 | 100.0 | gi_556503834_ref_NC_000913.3_ S0C0
		Marking as insignificant: 381258 382590 | 2070272 2068940 | 1333 1333 | 100.0 | gi_556503834_ref_NC_000913.3_ S0C0
		Marking as insignificant: 2729567 2731303 | 225360 223624 | 1737 1737 | 99.02 | gi_556503834_ref_NC_000913.3_ S0C0
		Marking as insignificant: 223625 225361 | 2731302 2729566 | 1737 1737 | 99.02 | gi_556503834_ref_NC_000913.3_ S0C0
		Marking as insignificant: 3941662 3943393 | 3428907 3427176 | 1732 1732 | 99.65 | gi_556503834_ref_NC_000913.3_ S0C0
		Marking as insignificant: 3427177 3428908 | 3943392 3941661 | 1732 1732 | 99.65 | gi_556503834_ref_NC_000913.3_ S0C0
		Marking as insignificant: 4166513 4168253 | 3428907 3427168 | 1741 1740 | 99.25 | gi_556503834_ref_NC_000913.3_ S0C0
		Marking as insignificant: 3427169 3428908 | 4168252 4166512 | 1740 1741 | 99.25 | gi_556503834_ref_NC_000913.3_ S0C0
		Marking as insignificant: 3427169 3428998 | 4209740 4207912 | 1830 1829 | 99.13 | gi_556503834_ref_NC_000913.3_ S0C0
		Marking as insignificant: 4207913 4209741 | 3428997 3427168 | 1829 1830 | 99.13 | gi_556503834_ref_NC_000913.3_ S0C0
		Marking as insignificant: 4035202 4037121 | 2731484 2729566 | 1920 1919 | 98.91 | gi_556503834_ref_NC_000913.3_ S0C0
		Marking as insignificant: 2729567 2731485 | 4037120 4035201 | 1919 1920 | 98.91 | gi_556503834_ref_NC_000913.3_ S0C0
		Marking as insignificant: 1632528 1635088 | 1434767 1432207 | 2561 2561 | 98.91 | gi_556503834_ref_NC_000913.3_ S0C0
		Marking as insignificant: 1432208 1434768 | 1635087 1632527 | 2561 2561 | 98.91 | gi_556503834_ref_NC_000913.3_ S0C0
		Marking as insignificant: 225637 228882 | 2729296 2726061 | 3246 3236 | 99.08 | gi_556503834_ref_NC_000913.3_ S0C0
		Marking as insignificant: 4209921 4213165 | 3426895 3423661 | 3245 3235 | 99.14 | gi_556503834_ref_NC_000913.3_ S0C0
		Marking as insignificant: 4037397 4040653 | 2729296 2726051 | 3257 3246 | 98.83 | gi_556503834_ref_NC_000913.3_ S0C0
		Marking as insignificant: 4168519 4171761 | 3426895 3423662 | 3243 3234 | 99.26 | gi_556503834_ref_NC_000913.3_ S0C0
		Marking as insignificant: 3943582 3946829 | 3426895 3423657 | 3248 3239 | 99.14 | gi_556503834_ref_NC_000913.3_ S0C0
		Marking as insignificant: 2726062 2729297 | 228881 225636 | 3236 3246 | 99.08 | gi_556503834_ref_NC_000913.3_ S0C0
		Marking as insignificant: 3423662 3426896 | 4213164 4209920 | 3235 3245 | 99.14 | gi_556503834_ref_NC_000913.3_ S0C0
		Marking as insignificant: 2726052 2729297 | 4040652 4037396 | 3246 3257 | 98.83 | gi_556503834_ref_NC_000913.3_ S0C0
		Marking as insignificant: 3423663 3426896 | 4171760 4168518 | 3234 3243 | 99.26 | gi_556503834_ref_NC_000913.3_ S0C0
		Marking as insignificant: 3423658 3426896 | 3946828 3943581 | 3239 3248 | 99.14 | gi_556503834_ref_NC_000913.3_ S0C0
		Marking as insignificant: 2726062 2731303 | 4213165 4208000 | 5242 5166 | 97.53 | gi_556503834_ref_NC_000913.3_ S0C0
		Marking as insignificant: 4208001 4213166 | 2731302 2726061 | 5166 5242 | 97.53 | gi_556503834_ref_NC_000913.3_ S0C0
		Marking as insignificant: 2726062 2731485 | 3946825 3941478 | 5424 5348 | 97.15 | gi_556503834_ref_NC_000913.3_ S0C0
		Marking as insignificant: 4035385 4040641 | 3428907 3423662 | 5257 5246 | 99.2 | gi_556503834_ref_NC_000913.3_ S0C0
		Marking as insignificant: 3423663 3428908 | 4040640 4035384 | 5246 5257 | 99.2 | gi_556503834_ref_NC_000913.3_ S0C0
		Marking as insignificant: 3941479 3946826 | 2731484 2726061 | 5348 5424 | 97.15 | gi_556503834_ref_NC_000913.3_ S0C0
		Marking as insignificant: 223535 228885 | 3428997 3423657 | 5351 5341 | 99.12 | gi_556503834_ref_NC_000913.3_ S0C0
		Marking as insignificant: 3423658 3428998 | 228884 223534 | 5341 5351 | 99.12 | gi_556503834_ref_NC_000913.3_ S0C0
		Marking as insignificant: 4166330 4171773 | 2731484 2726051 | 5444 5434 | 99.08 | gi_556503834_ref_NC_000913.3_ S0C0
		Marking as insignificant: 2726052 2731485 | 4171772 4166329 | 5434 5444 | 99.08 | gi_556503834_ref_NC_000913.3_ S0C0
		One align captures most of this contig: 2 4641652 | 1 4641651 | 4641651 4641651 | 100.0 | gi_556503834_ref_NC_000913.3_ S0C0

Analyzing coverage...
Writing SNPs into /net/metagenomics/projects/afritz_assemblies/Simpipeline_Coverage_Sweep/050_error/Ecoli_cov256/quast_gsa/contigs_reports/nucmer_output/anonymous_gsa.used_snps
	Reference gi_556503834_ref_NC_000913.3_: 1 total alignments. 1 total regions.
		Region: 1 to 4641652 (4641652 bp)
			START in gap: 1 to 2 (1 bp)
			Align 1: 2 4641652 S0C0 1 4641651
			END in current alignment.  Modifying 4641652 to 4641652.

Analysis is finished!
Founded SNPs were written into /net/metagenomics/projects/afritz_assemblies/Simpipeline_Coverage_Sweep/050_error/Ecoli_cov256/quast_gsa/contigs_reports/nucmer_output/anonymous_gsa.used_snps

Results:
	Local Misassemblies: 0
	Misassemblies: 0
		Relocations: 0
		Translocations: 0
		Inversions: 0
	Misassembled Contigs: 0
	Misassembled Contig Bases: 0
	Misassemblies Inter-Contig Overlap: 0
Uncovered Regions: 0 (0)
Unaligned Contigs: 0 + 0 part
Partially Unaligned Contigs with Misassemblies: 0
Unaligned Contig Bases: 0

Ambiguously Mapped Contigs: 0
Total Bases in Ambiguously Mapped Contigs: 0
Note that --allow-ambiguity option was set to "one" and only first alignment per each contig was used.

	Covered Bases: 4641651

	SNPs: 0
	Insertions: 0
	Deletions: 0

	Positive Gaps: 1
		Internal Gaps:  0
		External Gaps:  1
		External Gap Total:  1
		External Gap Average: 1
	Negative Gaps: 0
		Internal Overlaps:  0
		External Overlaps:  0
		External Overlaps Total:  0
		External Overlaps Average: 0
	Contigs with Redundant Alignments: 0 (0)
