Aligning contigs to reference...
	Running Nucmer
Parsing coords...
Loading Assembly...
Loading reference...
	Loaded [Buchnera_aphidicola_Baizongia_pistaciae_0905]
	Loaded [Buchnera_aphidicola_Baizongia_pistaciae_ancestor]
Loading SNPs...
Loading regions...
	No regions given, using whole reference.
	Total Regions: 2
	Total Region Length: 1231960
Analyzing contigs...
CONTIG: k99_25_flag_0_multi_48.4201_len_2315 (2315bp)
Top Length: 2315  Top ID: 100.0
		One align captures most of this contig: 268520 270834 | 1 2315 | 2315 2315 | 100.0 | Buchnera_aphidicola_Baizongia_pistaciae_0905 k99_25_flag_0_multi_48.4201_len_2315

CONTIG: k99_38_flag_0_multi_50.0822_len_4481 (4481bp)
Top Length: 4481  Top ID: 100.0
		One align captures most of this contig: 517139 521619 | 4481 1 | 4481 4481 | 100.0 | Buchnera_aphidicola_Baizongia_pistaciae_ancestor k99_38_flag_0_multi_50.0822_len_4481

CONTIG: k99_39_flag_0_multi_47.1758_len_10565 (10565bp)
Top Length: 10565  Top ID: 100.0
		One align captures most of this contig: 243567 254131 | 1 10565 | 10565 10565 | 100.0 | Buchnera_aphidicola_Baizongia_pistaciae_ancestor k99_39_flag_0_multi_47.1758_len_10565

CONTIG: k99_53_flag_0_multi_47.9048_len_37980 (37980bp)
Top Length: 37980  Top ID: 100.0
		One align captures most of this contig: 360703 398682 | 1 37980 | 37980 37980 | 100.0 | Buchnera_aphidicola_Baizongia_pistaciae_0905 k99_53_flag_0_multi_47.9048_len_37980

CONTIG: k99_29_flag_0_multi_46.5688_len_42977 (42977bp)
Top Length: 42977  Top ID: 100.0
		One align captures most of this contig: 474247 517223 | 42977 1 | 42977 42977 | 100.0 | Buchnera_aphidicola_Baizongia_pistaciae_ancestor k99_29_flag_0_multi_46.5688_len_42977

CONTIG: k99_57_flag_0_multi_46.4743_len_13609 (13609bp)
Top Length: 13609  Top ID: 100.0
		One align captures most of this contig: 329363 342971 | 13609 1 | 13609 13609 | 100.0 | Buchnera_aphidicola_Baizongia_pistaciae_ancestor k99_57_flag_0_multi_46.4743_len_13609

CONTIG: k99_10_flag_0_multi_50.1934_len_3683 (3683bp)
Top Length: 3683  Top ID: 100.0
		One align captures most of this contig: 140024 143706 | 3683 1 | 3683 3683 | 100.0 | Buchnera_aphidicola_Baizongia_pistaciae_ancestor k99_10_flag_0_multi_50.1934_len_3683

CONTIG: k99_94_flag_0_multi_46.0828_len_4168 (4168bp)
Top Length: 4168  Top ID: 100.0
		One align captures most of this contig: 202380 206547 | 1 4168 | 4168 4168 | 100.0 | Buchnera_aphidicola_Baizongia_pistaciae_0905 k99_94_flag_0_multi_46.0828_len_4168

CONTIG: k99_58_flag_0_multi_45.3723_len_17462 (17462bp)
Top Length: 17462  Top ID: 100.0
		One align captures most of this contig: 343339 360800 | 1 17462 | 17462 17462 | 100.0 | Buchnera_aphidicola_Baizongia_pistaciae_ancestor k99_58_flag_0_multi_45.3723_len_17462

CONTIG: k99_19_flag_0_multi_44.3003_len_18832 (18832bp)
Top Length: 18832  Top ID: 100.0
		One align captures most of this contig: 597129 615960 | 18832 1 | 18832 18832 | 100.0 | Buchnera_aphidicola_Baizongia_pistaciae_0905 k99_19_flag_0_multi_44.3003_len_18832

CONTIG: k99_23_flag_0_multi_45.4816_len_11411 (11411bp)
Top Length: 11411  Top ID: 100.0
		One align captures most of this contig: 299421 310831 | 11411 1 | 11411 11411 | 100.0 | Buchnera_aphidicola_Baizongia_pistaciae_ancestor k99_23_flag_0_multi_45.4816_len_11411

CONTIG: k99_11_flag_0_multi_47.6972_len_7038 (7038bp)
Top Length: 7038  Top ID: 100.0
		One align captures most of this contig: 270748 277785 | 7038 1 | 7038 7038 | 100.0 | Buchnera_aphidicola_Baizongia_pistaciae_0905 k99_11_flag_0_multi_47.6972_len_7038

CONTIG: k99_71_flag_0_multi_48.0062_len_41032 (41032bp)
Top Length: 41032  Top ID: 100.0
		One align captures most of this contig: 429177 470208 | 1 41032 | 41032 41032 | 100.0 | Buchnera_aphidicola_Baizongia_pistaciae_0905 k99_71_flag_0_multi_48.0062_len_41032

CONTIG: k99_68_flag_0_multi_47.5203_len_10064 (10064bp)
Top Length: 10064  Top ID: 100.0
		One align captures most of this contig: 319377 329440 | 10064 1 | 10064 10064 | 100.0 | Buchnera_aphidicola_Baizongia_pistaciae_ancestor k99_68_flag_0_multi_47.5203_len_10064

CONTIG: k99_55_flag_0_multi_48.0203_len_13623 (13623bp)
Top Length: 13623  Top ID: 100.0
		One align captures most of this contig: 17241 30863 | 1 13623 | 13623 13623 | 100.0 | Buchnera_aphidicola_Baizongia_pistaciae_ancestor k99_55_flag_0_multi_48.0203_len_13623

CONTIG: k99_44_flag_0_multi_45.1652_len_16868 (16868bp)
Top Length: 16868  Top ID: 100.0
		One align captures most of this contig: 49125 65992 | 1 16868 | 16868 16868 | 100.0 | Buchnera_aphidicola_Baizongia_pistaciae_ancestor k99_44_flag_0_multi_45.1652_len_16868

CONTIG: k99_64_flag_0_multi_47.9704_len_55466 (55466bp)
Top Length: 55466  Top ID: 100.0
		One align captures most of this contig: 371117 426582 | 1 55466 | 55466 55466 | 100.0 | Buchnera_aphidicola_Baizongia_pistaciae_ancestor k99_64_flag_0_multi_47.9704_len_55466

CONTIG: k99_48_flag_0_multi_42.5035_len_1831 (1831bp)
Top Length: 1831  Top ID: 100.0
		One align captures most of this contig: 151144 152974 | 1 1831 | 1831 1831 | 100.0 | Buchnera_aphidicola_Baizongia_pistaciae_ancestor k99_48_flag_0_multi_42.5035_len_1831

CONTIG: k99_21_flag_0_multi_48.6964_len_12753 (12753bp)
Top Length: 12753  Top ID: 100.0
		One align captures most of this contig: 416509 429261 | 12753 1 | 12753 12753 | 100.0 | Buchnera_aphidicola_Baizongia_pistaciae_0905 k99_21_flag_0_multi_48.6964_len_12753

CONTIG: k99_32_flag_0_multi_47.2952_len_22237 (22237bp)
Top Length: 22237  Top ID: 100.0
		One align captures most of this contig: 470112 492348 | 22237 1 | 22237 22237 | 100.0 | Buchnera_aphidicola_Baizongia_pistaciae_0905 k99_32_flag_0_multi_47.2952_len_22237

CONTIG: k99_97_flag_0_multi_46.5708_len_19393 (19393bp)
Top Length: 19393  Top ID: 100.0
		One align captures most of this contig: 426486 445878 | 19393 1 | 19393 19393 | 100.0 | Buchnera_aphidicola_Baizongia_pistaciae_ancestor k99_97_flag_0_multi_46.5708_len_19393

CONTIG: k99_82_flag_0_multi_46.0669_len_70005 (70005bp)
Top Length: 70005  Top ID: 100.0
		One align captures most of this contig: 152903 222907 | 1 70005 | 70005 70005 | 100.0 | Buchnera_aphidicola_Baizongia_pistaciae_ancestor k99_82_flag_0_multi_46.0669_len_70005

CONTIG: k99_36_flag_0_multi_46.3236_len_24555 (24555bp)
Top Length: 24555  Top ID: 100.0
		One align captures most of this contig: 206473 231027 | 1 24555 | 24555 24555 | 100.0 | Buchnera_aphidicola_Baizongia_pistaciae_0905 k99_36_flag_0_multi_46.3236_len_24555

CONTIG: k99_92_flag_0_multi_47.6501_len_21280 (21280bp)
Top Length: 21280  Top ID: 100.0
		One align captures most of this contig: 521563 542842 | 21280 1 | 21280 21280 | 100.0 | Buchnera_aphidicola_Baizongia_pistaciae_ancestor k99_92_flag_0_multi_47.6501_len_21280

CONTIG: k99_91_flag_0_multi_47.1248_len_5506 (5506bp)
Top Length: 5506  Top ID: 100.0
		One align captures most of this contig: 30793 36298 | 5506 1 | 5506 5506 | 100.0 | Buchnera_aphidicola_Baizongia_pistaciae_ancestor k99_91_flag_0_multi_47.1248_len_5506

CONTIG: k99_100_flag_0_multi_47.1900_len_24169 (24169bp)
Top Length: 24169  Top ID: 100.0
		One align captures most of this contig: 17241 41409 | 24169 1 | 24169 24169 | 100.0 | Buchnera_aphidicola_Baizongia_pistaciae_0905 k99_100_flag_0_multi_47.1900_len_24169

CONTIG: k99_4_flag_0_multi_64.1323_len_545 (545bp)
Top Length: 545  Top ID: 100.0
		Marking as insignificant: 342873 343417 | 1 545 | 545 545 | 95.78 | Buchnera_aphidicola_Baizongia_pistaciae_ancestor k99_4_flag_0_multi_64.1323_len_545
		One align captures most of this contig: 342873 343417 | 1 545 | 545 545 | 100.0 | Buchnera_aphidicola_Baizongia_pistaciae_0905 k99_4_flag_0_multi_64.1323_len_545

CONTIG: k99_69_flag_0_multi_46.7775_len_39955 (39955bp)
Top Length: 39955  Top ID: 100.0
		One align captures most of this contig: 542941 582895 | 39955 1 | 39955 39955 | 100.0 | Buchnera_aphidicola_Baizongia_pistaciae_ancestor k99_69_flag_0_multi_46.7775_len_39955

CONTIG: k99_51_flag_0_multi_45.0490_len_14703 (14703bp)
Top Length: 14703  Top ID: 100.0
		One align captures most of this contig: 282585 297287 | 1 14703 | 14703 14703 | 100.0 | Buchnera_aphidicola_Baizongia_pistaciae_ancestor k99_51_flag_0_multi_45.0490_len_14703

CONTIG: k99_15_flag_0_multi_45.5817_len_17462 (17462bp)
Top Length: 17462  Top ID: 100.0
		One align captures most of this contig: 343339 360800 | 1 17462 | 17462 17462 | 100.0 | Buchnera_aphidicola_Baizongia_pistaciae_0905 k99_15_flag_0_multi_45.5817_len_17462

CONTIG: k99_22_flag_0_multi_46.0302_len_12992 (12992bp)
Top Length: 12992  Top ID: 100.0
		One align captures most of this contig: 80562 93553 | 1 12992 | 12992 12992 | 100.0 | Buchnera_aphidicola_Baizongia_pistaciae_0905 k99_22_flag_0_multi_46.0302_len_12992

CONTIG: k99_65_flag_0_multi_46.5964_len_30198 (30198bp)
Top Length: 30198  Top ID: 100.0
		One align captures most of this contig: 45026 75223 | 1 30198 | 30198 30198 | 100.0 | Buchnera_aphidicola_Baizongia_pistaciae_0905 k99_65_flag_0_multi_46.5964_len_30198

CONTIG: k99_31_flag_0_multi_46.4514_len_17331 (17331bp)
Top Length: 17331  Top ID: 100.0
		One align captures most of this contig: 5 17335 | 1 17331 | 17331 17331 | 100.0 | Buchnera_aphidicola_Baizongia_pistaciae_ancestor k99_31_flag_0_multi_46.4514_len_17331

CONTIG: k99_9_flag_0_multi_41.0261_len_3284 (3284bp)
Top Length: 3284  Top ID: 100.0
		One align captures most of this contig: 41318 44601 | 3284 1 | 3284 3284 | 100.0 | Buchnera_aphidicola_Baizongia_pistaciae_0905 k99_9_flag_0_multi_41.0261_len_3284

CONTIG: k99_49_flag_0_multi_56.3493_len_1831 (1831bp)
Top Length: 1831  Top ID: 100.0
		One align captures most of this contig: 141281 143111 | 1 1831 | 1831 1831 | 100.0 | Buchnera_aphidicola_Baizongia_pistaciae_0905 k99_49_flag_0_multi_56.3493_len_1831

CONTIG: k99_45_flag_0_multi_47.4338_len_20851 (20851bp)
Top Length: 20851  Top ID: 100.0
		One align captures most of this contig: 222815 243665 | 20851 1 | 20851 20851 | 100.0 | Buchnera_aphidicola_Baizongia_pistaciae_ancestor k99_45_flag_0_multi_47.4338_len_20851

CONTIG: k99_87_flag_0_multi_48.4111_len_8694 (8694bp)
Top Length: 8694  Top ID: 100.0
		One align captures most of this contig: 310770 319463 | 8694 1 | 8694 8694 | 100.0 | Buchnera_aphidicola_Baizongia_pistaciae_ancestor k99_87_flag_0_multi_48.4111_len_8694

CONTIG: k99_90_flag_0_multi_45.1313_len_5506 (5506bp)
Top Length: 5506  Top ID: 100.0
		One align captures most of this contig: 75153 80658 | 5506 1 | 5506 5506 | 100.0 | Buchnera_aphidicola_Baizongia_pistaciae_0905 k99_90_flag_0_multi_45.1313_len_5506

CONTIG: k99_50_flag_0_multi_46.1178_len_18024 (18024bp)
Top Length: 18024  Top ID: 100.0
		One align captures most of this contig: 398584 416607 | 1 18024 | 18024 18024 | 100.0 | Buchnera_aphidicola_Baizongia_pistaciae_0905 k99_50_flag_0_multi_46.1178_len_18024

CONTIG: k99_93_flag_0_multi_49.1993_len_4168 (4168bp)
Top Length: 4168  Top ID: 100.0
		One align captures most of this contig: 254035 258202 | 1 4168 | 4168 4168 | 100.0 | Buchnera_aphidicola_Baizongia_pistaciae_ancestor k99_93_flag_0_multi_49.1993_len_4168

CONTIG: k99_18_flag_0_multi_47.5510_len_17290 (17290bp)
Top Length: 17290  Top ID: 100.0
		One align captures most of this contig: 597129 614418 | 1 17290 | 17290 17290 | 100.0 | Buchnera_aphidicola_Baizongia_pistaciae_ancestor k99_18_flag_0_multi_47.5510_len_17290

CONTIG: k99_86_flag_0_multi_47.7638_len_14437 (14437bp)
Top Length: 14437  Top ID: 100.0
		One align captures most of this contig: 251039 265475 | 14437 1 | 14437 14437 | 100.0 | Buchnera_aphidicola_Baizongia_pistaciae_0905 k99_86_flag_0_multi_47.7638_len_14437

CONTIG: k99_98_flag_0_multi_45.5970_len_10765 (10765bp)
Top Length: 10765  Top ID: 100.0
		One align captures most of this contig: 586439 597203 | 10765 1 | 10765 10765 | 100.0 | Buchnera_aphidicola_Baizongia_pistaciae_ancestor k99_98_flag_0_multi_45.5970_len_10765

CONTIG: k99_60_flag_0_multi_46.7707_len_43757 (43757bp)
Top Length: 43757  Top ID: 100.0
		One align captures most of this contig: 497380 541136 | 43757 1 | 43757 43757 | 100.0 | Buchnera_aphidicola_Baizongia_pistaciae_0905 k99_60_flag_0_multi_46.7707_len_43757

CONTIG: k99_6_flag_0_multi_49.6444_len_3226 (3226bp)
Top Length: 3226  Top ID: 100.0
		One align captures most of this contig: 265389 268614 | 1 3226 | 3226 3226 | 100.0 | Buchnera_aphidicola_Baizongia_pistaciae_0905 k99_6_flag_0_multi_49.6444_len_3226

CONTIG: k99_96_flag_1_multi_42.0000_len_1581 (1581bp)
Top Length: 1581  Top ID: 100.0
		One align captures most of this contig: 614399 615979 | 1 1581 | 1581 1581 | 100.0 | Buchnera_aphidicola_Baizongia_pistaciae_ancestor k99_96_flag_1_multi_42.0000_len_1581

CONTIG: k99_62_flag_0_multi_45.1346_len_7625 (7625bp)
Top Length: 7625  Top ID: 100.0
		One align captures most of this contig: 143616 151240 | 1 7625 | 7625 7625 | 100.0 | Buchnera_aphidicola_Baizongia_pistaciae_ancestor k99_62_flag_0_multi_45.1346_len_7625

CONTIG: k99_63_flag_0_multi_46.0306_len_12992 (12992bp)
Top Length: 12992  Top ID: 100.0
		One align captures most of this contig: 36202 49193 | 1 12992 | 12992 12992 | 100.0 | Buchnera_aphidicola_Baizongia_pistaciae_ancestor k99_63_flag_0_multi_46.0306_len_12992

CONTIG: k99_17_flag_0_multi_47.2077_len_29046 (29046bp)
Top Length: 29046  Top ID: 100.0
		One align captures most of this contig: 553567 582612 | 29046 1 | 29046 29046 | 100.0 | Buchnera_aphidicola_Baizongia_pistaciae_0905 k99_17_flag_0_multi_47.2077_len_29046

CONTIG: k99_80_flag_0_multi_46.5223_len_14649 (14649bp)
Top Length: 14649  Top ID: 100.0
		One align captures most of this contig: 582555 597203 | 1 14649 | 14649 14649 | 100.0 | Buchnera_aphidicola_Baizongia_pistaciae_0905 k99_80_flag_0_multi_46.5223_len_14649

CONTIG: k99_14_flag_0_multi_47.2526_len_17333 (17333bp)
Top Length: 17333  Top ID: 100.0
		One align captures most of this contig: 3 17335 | 1 17333 | 17333 17333 | 100.0 | Buchnera_aphidicola_Baizongia_pistaciae_0905 k99_14_flag_0_multi_47.2526_len_17333

CONTIG: k99_99_flag_0_multi_48.0035_len_3515 (3515bp)
Top Length: 3515  Top ID: 100.0
		One align captures most of this contig: 66186 69700 | 1 3515 | 3515 3515 | 100.0 | Buchnera_aphidicola_Baizongia_pistaciae_ancestor k99_99_flag_0_multi_48.0035_len_3515

CONTIG: k99_88_flag_0_multi_45.8931_len_36753 (36753bp)
Top Length: 36753  Top ID: 100.0
		One align captures most of this contig: 93485 130237 | 36753 1 | 36753 36753 | 100.0 | Buchnera_aphidicola_Baizongia_pistaciae_0905 k99_88_flag_0_multi_45.8931_len_36753

CONTIG: k99_33_flag_0_multi_45.6890_len_24555 (24555bp)
Top Length: 24555  Top ID: 100.0
		One align captures most of this contig: 258128 282682 | 1 24555 | 24555 24555 | 100.0 | Buchnera_aphidicola_Baizongia_pistaciae_ancestor k99_33_flag_0_multi_45.6890_len_24555

CONTIG: k99_28_flag_0_multi_46.7111_len_53282 (53282bp)
Top Length: 53282  Top ID: 100.0
		One align captures most of this contig: 277708 330989 | 1 53282 | 53282 53282 | 100.0 | Buchnera_aphidicola_Baizongia_pistaciae_0905 k99_28_flag_0_multi_46.7111_len_53282

CONTIG: k99_67_flag_0_multi_47.7003_len_28564 (28564bp)
Top Length: 28564  Top ID: 100.0
		One align captures most of this contig: 445780 474343 | 28564 1 | 28564 28564 | 100.0 | Buchnera_aphidicola_Baizongia_pistaciae_ancestor k99_67_flag_0_multi_47.7003_len_28564

CONTIG: k99_95_flag_0_multi_51.0887_len_5185 (5185bp)
Top Length: 5185  Top ID: 100.0
		One align captures most of this contig: 492292 497476 | 5185 1 | 5185 5185 | 100.0 | Buchnera_aphidicola_Baizongia_pistaciae_0905 k99_95_flag_0_multi_51.0887_len_5185

CONTIG: k99_54_flag_0_multi_43.6474_len_12075 (12075bp)
Top Length: 12075  Top ID: 100.0
		One align captures most of this contig: 330897 342971 | 12075 1 | 12075 12075 | 100.0 | Buchnera_aphidicola_Baizongia_pistaciae_0905 k99_54_flag_0_multi_43.6474_len_12075

CONTIG: k99_52_flag_0_multi_48.4905_len_12569 (12569bp)
Top Length: 12569  Top ID: 100.0
		One align captures most of this contig: 541072 553640 | 1 12569 | 12569 12569 | 100.0 | Buchnera_aphidicola_Baizongia_pistaciae_0905 k99_52_flag_0_multi_48.4905_len_12569

CONTIG: k99_56_flag_0_multi_46.0312_len_20171 (20171bp)
Top Length: 20171  Top ID: 100.0
		One align captures most of this contig: 230930 251100 | 1 20171 | 20171 20171 | 100.0 | Buchnera_aphidicola_Baizongia_pistaciae_0905 k99_56_flag_0_multi_46.0312_len_20171

CONTIG: k99_13_flag_0_multi_45.1338_len_7625 (7625bp)
Top Length: 7625  Top ID: 100.0
		One align captures most of this contig: 133753 141377 | 1 7625 | 7625 7625 | 100.0 | Buchnera_aphidicola_Baizongia_pistaciae_0905 k99_13_flag_0_multi_45.1338_len_7625

CONTIG: k99_41_flag_0_multi_47.2740_len_70492 (70492bp)
Top Length: 70492  Top ID: 100.0
		One align captures most of this contig: 69609 140100 | 70492 1 | 70492 70492 | 100.0 | Buchnera_aphidicola_Baizongia_pistaciae_ancestor k99_41_flag_0_multi_47.2740_len_70492

CONTIG: k99_3_flag_0_multi_63.5740_len_545 (545bp)
Top Length: 545  Top ID: 100.0
		Marking as insignificant: 342873 343417 | 1 545 | 545 545 | 95.78 | Buchnera_aphidicola_Baizongia_pistaciae_0905 k99_3_flag_0_multi_63.5740_len_545
		One align captures most of this contig: 342873 343417 | 1 545 | 545 545 | 100.0 | Buchnera_aphidicola_Baizongia_pistaciae_ancestor k99_3_flag_0_multi_63.5740_len_545

CONTIG: k99_8_flag_0_multi_43.1071_len_3675 (3675bp)
Top Length: 3675  Top ID: 100.0
		One align captures most of this contig: 582838 586512 | 3675 1 | 3675 3675 | 100.0 | Buchnera_aphidicola_Baizongia_pistaciae_ancestor k99_8_flag_0_multi_43.1071_len_3675

CONTIG: k99_73_flag_0_multi_48.0122_len_10479 (10479bp)
Top Length: 10479  Top ID: 100.0
		One align captures most of this contig: 360703 371181 | 1 10479 | 10479 10479 | 100.0 | Buchnera_aphidicola_Baizongia_pistaciae_ancestor k99_73_flag_0_multi_48.0122_len_10479

CONTIG: k99_16_flag_0_multi_50.1948_len_3683 (3683bp)
Top Length: 3683  Top ID: 100.0
		One align captures most of this contig: 130161 133843 | 3683 1 | 3683 3683 | 100.0 | Buchnera_aphidicola_Baizongia_pistaciae_0905 k99_16_flag_0_multi_50.1948_len_3683

CONTIG: k99_74_flag_0_multi_48.2222_len_10565 (10565bp)
Top Length: 10565  Top ID: 100.0
		One align captures most of this contig: 191912 202476 | 1 10565 | 10565 10565 | 100.0 | Buchnera_aphidicola_Baizongia_pistaciae_0905 k99_74_flag_0_multi_48.2222_len_10565

CONTIG: k99_26_flag_0_multi_47.6207_len_48971 (48971bp)
Top Length: 48971  Top ID: 100.0
		One align captures most of this contig: 143040 192010 | 48971 1 | 48971 48971 | 100.0 | Buchnera_aphidicola_Baizongia_pistaciae_0905 k99_26_flag_0_multi_47.6207_len_48971

CONTIG: k99_34_flag_0_multi_47.4282_len_2315 (2315bp)
Top Length: 2315  Top ID: 100.0
		One align captures most of this contig: 297193 299507 | 1 2315 | 2315 2315 | 100.0 | Buchnera_aphidicola_Baizongia_pistaciae_ancestor k99_34_flag_0_multi_47.4282_len_2315

Analyzing coverage...
Writing SNPs into /vol/cami-scratch/Simpipeline/iTol_genomes/Buchnera_aphidicola_Baizongia_pistaciae_0905/quast_strain/combined_quast_output/contigs_reports/nucmer_output/final.contigs.used_snps
	Reference Buchnera_aphidicola_Baizongia_pistaciae_0905: 34 total alignments. 1 total regions.
		Region: 1 to 615980 (615980 bp)
			START in gap: 1 to 3 (2 bp)
			Align 1: 3 17335 k99_14_flag_0_multi_47.2526_len_17333 1 17333
				Negative gap (overlap) between this and next alignment: 17335 to 17241 (-94 bp)
				Next Alignment: 17241 41409 k99_100_flag_0_multi_47.1900_len_24169 24169 1

			Previous gap was negative, modifying coordinates to ignore overlap
				Moving contig start from 24169 to 24074.
			Align 2: 17336 41409 k99_100_flag_0_multi_47.1900_len_24169 24074 1
				Negative gap (overlap) between this and next alignment: 41409 to 41318 (-91 bp)
				Next Alignment: 41318 44601 k99_9_flag_0_multi_41.0261_len_3284 3284 1

			Previous gap was negative, modifying coordinates to ignore overlap
				Moving contig start from 3284 to 3192.
			Align 3: 41410 44601 k99_9_flag_0_multi_41.0261_len_3284 3192 1
				Gap between this and next alignment: 44601 to 45026 (424 bp)
				Next Alignment: 45026 75223 k99_65_flag_0_multi_46.5964_len_30198 1 30198

			Align 4: 45026 75223 k99_65_flag_0_multi_46.5964_len_30198 1 30198
				Negative gap (overlap) between this and next alignment: 75223 to 75153 (-70 bp)
				Next Alignment: 75153 80658 k99_90_flag_0_multi_45.1313_len_5506 5506 1

			Previous gap was negative, modifying coordinates to ignore overlap
				Moving contig start from 5506 to 5435.
			Align 5: 75224 80658 k99_90_flag_0_multi_45.1313_len_5506 5435 1
				Negative gap (overlap) between this and next alignment: 80658 to 80562 (-96 bp)
				Next Alignment: 80562 93553 k99_22_flag_0_multi_46.0302_len_12992 1 12992

			Previous gap was negative, modifying coordinates to ignore overlap
				Moving contig start from 1 to 98.
			Align 6: 80659 93553 k99_22_flag_0_multi_46.0302_len_12992 98 12992
				Negative gap (overlap) between this and next alignment: 93553 to 93485 (-68 bp)
				Next Alignment: 93485 130237 k99_88_flag_0_multi_45.8931_len_36753 36753 1

			Previous gap was negative, modifying coordinates to ignore overlap
				Moving contig start from 36753 to 36684.
			Align 7: 93554 130237 k99_88_flag_0_multi_45.8931_len_36753 36684 1
				Negative gap (overlap) between this and next alignment: 130237 to 130161 (-76 bp)
				Next Alignment: 130161 133843 k99_16_flag_0_multi_50.1948_len_3683 3683 1

			Previous gap was negative, modifying coordinates to ignore overlap
				Moving contig start from 3683 to 3606.
			Align 8: 130238 133843 k99_16_flag_0_multi_50.1948_len_3683 3606 1
				Negative gap (overlap) between this and next alignment: 133843 to 133753 (-90 bp)
				Next Alignment: 133753 141377 k99_13_flag_0_multi_45.1338_len_7625 1 7625

			Previous gap was negative, modifying coordinates to ignore overlap
				Moving contig start from 1 to 92.
			Align 9: 133844 141377 k99_13_flag_0_multi_45.1338_len_7625 92 7625
				Negative gap (overlap) between this and next alignment: 141377 to 141281 (-96 bp)
				Next Alignment: 141281 143111 k99_49_flag_0_multi_56.3493_len_1831 1 1831

			Previous gap was negative, modifying coordinates to ignore overlap
				Moving contig start from 1 to 98.
			Align 10: 141378 143111 k99_49_flag_0_multi_56.3493_len_1831 98 1831
				Negative gap (overlap) between this and next alignment: 143111 to 143040 (-71 bp)
				Next Alignment: 143040 192010 k99_26_flag_0_multi_47.6207_len_48971 48971 1

			Previous gap was negative, modifying coordinates to ignore overlap
				Moving contig start from 48971 to 48899.
			Align 11: 143112 192010 k99_26_flag_0_multi_47.6207_len_48971 48899 1
				Negative gap (overlap) between this and next alignment: 192010 to 191912 (-98 bp)
				Next Alignment: 191912 202476 k99_74_flag_0_multi_48.2222_len_10565 1 10565

			Previous gap was negative, modifying coordinates to ignore overlap
				Moving contig start from 1 to 100.
			Align 12: 192011 202476 k99_74_flag_0_multi_48.2222_len_10565 100 10565
				Negative gap (overlap) between this and next alignment: 202476 to 202380 (-96 bp)
				Next Alignment: 202380 206547 k99_94_flag_0_multi_46.0828_len_4168 1 4168

			Previous gap was negative, modifying coordinates to ignore overlap
				Moving contig start from 1 to 98.
			Align 13: 202477 206547 k99_94_flag_0_multi_46.0828_len_4168 98 4168
				Negative gap (overlap) between this and next alignment: 206547 to 206473 (-74 bp)
				Next Alignment: 206473 231027 k99_36_flag_0_multi_46.3236_len_24555 1 24555

			Previous gap was negative, modifying coordinates to ignore overlap
				Moving contig start from 1 to 76.
			Align 14: 206548 231027 k99_36_flag_0_multi_46.3236_len_24555 76 24555
				Negative gap (overlap) between this and next alignment: 231027 to 230930 (-97 bp)
				Next Alignment: 230930 251100 k99_56_flag_0_multi_46.0312_len_20171 1 20171

			Previous gap was negative, modifying coordinates to ignore overlap
				Moving contig start from 1 to 99.
			Align 15: 231028 251100 k99_56_flag_0_multi_46.0312_len_20171 99 20171
				Negative gap (overlap) between this and next alignment: 251100 to 251039 (-61 bp)
				Next Alignment: 251039 265475 k99_86_flag_0_multi_47.7638_len_14437 14437 1

			Previous gap was negative, modifying coordinates to ignore overlap
				Moving contig start from 14437 to 14375.
			Align 16: 251101 265475 k99_86_flag_0_multi_47.7638_len_14437 14375 1
				Negative gap (overlap) between this and next alignment: 265475 to 265389 (-86 bp)
				Next Alignment: 265389 268614 k99_6_flag_0_multi_49.6444_len_3226 1 3226

			Previous gap was negative, modifying coordinates to ignore overlap
				Moving contig start from 1 to 88.
			Align 17: 265476 268614 k99_6_flag_0_multi_49.6444_len_3226 88 3226
				Negative gap (overlap) between this and next alignment: 268614 to 268520 (-94 bp)
				Next Alignment: 268520 270834 k99_25_flag_0_multi_48.4201_len_2315 1 2315

			Previous gap was negative, modifying coordinates to ignore overlap
				Moving contig start from 1 to 96.
			Align 18: 268615 270834 k99_25_flag_0_multi_48.4201_len_2315 96 2315
				Negative gap (overlap) between this and next alignment: 270834 to 270748 (-86 bp)
				Next Alignment: 270748 277785 k99_11_flag_0_multi_47.6972_len_7038 7038 1

			Previous gap was negative, modifying coordinates to ignore overlap
				Moving contig start from 7038 to 6951.
			Align 19: 270835 277785 k99_11_flag_0_multi_47.6972_len_7038 6951 1
				Negative gap (overlap) between this and next alignment: 277785 to 277708 (-77 bp)
				Next Alignment: 277708 330989 k99_28_flag_0_multi_46.7111_len_53282 1 53282

			Previous gap was negative, modifying coordinates to ignore overlap
				Moving contig start from 1 to 79.
			Align 20: 277786 330989 k99_28_flag_0_multi_46.7111_len_53282 79 53282
				Negative gap (overlap) between this and next alignment: 330989 to 330897 (-92 bp)
				Next Alignment: 330897 342971 k99_54_flag_0_multi_43.6474_len_12075 12075 1

			Previous gap was negative, modifying coordinates to ignore overlap
				Moving contig start from 12075 to 11982.
			Align 21: 330990 342971 k99_54_flag_0_multi_43.6474_len_12075 11982 1
				Negative gap (overlap) between this and next alignment: 342971 to 342873 (-98 bp)
				Next Alignment: 342873 343417 k99_4_flag_0_multi_64.1323_len_545 1 545

			Previous gap was negative, modifying coordinates to ignore overlap
				Moving contig start from 1 to 100.
			Align 22: 342972 343417 k99_4_flag_0_multi_64.1323_len_545 100 545
				Negative gap (overlap) between this and next alignment: 343417 to 343339 (-78 bp)
				Next Alignment: 343339 360800 k99_15_flag_0_multi_45.5817_len_17462 1 17462

			Previous gap was negative, modifying coordinates to ignore overlap
				Moving contig start from 1 to 80.
			Align 23: 343418 360800 k99_15_flag_0_multi_45.5817_len_17462 80 17462
				Negative gap (overlap) between this and next alignment: 360800 to 360703 (-97 bp)
				Next Alignment: 360703 398682 k99_53_flag_0_multi_47.9048_len_37980 1 37980

			Previous gap was negative, modifying coordinates to ignore overlap
				Moving contig start from 1 to 99.
			Align 24: 360801 398682 k99_53_flag_0_multi_47.9048_len_37980 99 37980
				Negative gap (overlap) between this and next alignment: 398682 to 398584 (-98 bp)
				Next Alignment: 398584 416607 k99_50_flag_0_multi_46.1178_len_18024 1 18024

			Previous gap was negative, modifying coordinates to ignore overlap
				Moving contig start from 1 to 100.
			Align 25: 398683 416607 k99_50_flag_0_multi_46.1178_len_18024 100 18024
				Negative gap (overlap) between this and next alignment: 416607 to 416509 (-98 bp)
				Next Alignment: 416509 429261 k99_21_flag_0_multi_48.6964_len_12753 12753 1

			Previous gap was negative, modifying coordinates to ignore overlap
				Moving contig start from 12753 to 12654.
			Align 26: 416608 429261 k99_21_flag_0_multi_48.6964_len_12753 12654 1
				Negative gap (overlap) between this and next alignment: 429261 to 429177 (-84 bp)
				Next Alignment: 429177 470208 k99_71_flag_0_multi_48.0062_len_41032 1 41032

			Previous gap was negative, modifying coordinates to ignore overlap
				Moving contig start from 1 to 86.
			Align 27: 429262 470208 k99_71_flag_0_multi_48.0062_len_41032 86 41032
				Negative gap (overlap) between this and next alignment: 470208 to 470112 (-96 bp)
				Next Alignment: 470112 492348 k99_32_flag_0_multi_47.2952_len_22237 22237 1

			Previous gap was negative, modifying coordinates to ignore overlap
				Moving contig start from 22237 to 22140.
			Align 28: 470209 492348 k99_32_flag_0_multi_47.2952_len_22237 22140 1
				Negative gap (overlap) between this and next alignment: 492348 to 492292 (-56 bp)
				Next Alignment: 492292 497476 k99_95_flag_0_multi_51.0887_len_5185 5185 1

			Previous gap was negative, modifying coordinates to ignore overlap
				Moving contig start from 5185 to 5128.
			Align 29: 492349 497476 k99_95_flag_0_multi_51.0887_len_5185 5128 1
				Negative gap (overlap) between this and next alignment: 497476 to 497380 (-96 bp)
				Next Alignment: 497380 541136 k99_60_flag_0_multi_46.7707_len_43757 43757 1

			Previous gap was negative, modifying coordinates to ignore overlap
				Moving contig start from 43757 to 43660.
			Align 30: 497477 541136 k99_60_flag_0_multi_46.7707_len_43757 43660 1
				Negative gap (overlap) between this and next alignment: 541136 to 541072 (-64 bp)
				Next Alignment: 541072 553640 k99_52_flag_0_multi_48.4905_len_12569 1 12569

			Previous gap was negative, modifying coordinates to ignore overlap
				Moving contig start from 1 to 66.
			Align 31: 541137 553640 k99_52_flag_0_multi_48.4905_len_12569 66 12569
				Negative gap (overlap) between this and next alignment: 553640 to 553567 (-73 bp)
				Next Alignment: 553567 582612 k99_17_flag_0_multi_47.2077_len_29046 29046 1

			Previous gap was negative, modifying coordinates to ignore overlap
				Moving contig start from 29046 to 28972.
			Align 32: 553641 582612 k99_17_flag_0_multi_47.2077_len_29046 28972 1
				Negative gap (overlap) between this and next alignment: 582612 to 582555 (-57 bp)
				Next Alignment: 582555 597203 k99_80_flag_0_multi_46.5223_len_14649 1 14649

			Previous gap was negative, modifying coordinates to ignore overlap
				Moving contig start from 1 to 59.
			Align 33: 582613 597203 k99_80_flag_0_multi_46.5223_len_14649 59 14649
				Negative gap (overlap) between this and next alignment: 597203 to 597129 (-74 bp)
				Next Alignment: 597129 615960 k99_19_flag_0_multi_44.3003_len_18832 18832 1

			Previous gap was negative, modifying coordinates to ignore overlap
				Moving contig start from 18832 to 18757.
			Align 34: 597204 615960 k99_19_flag_0_multi_44.3003_len_18832 18757 1
			END in gap: 615960 to 615980 (20 bp)

	Reference Buchnera_aphidicola_Baizongia_pistaciae_ancestor: 35 total alignments. 1 total regions.
		Region: 1 to 615980 (615980 bp)
			START in gap: 1 to 5 (4 bp)
			Align 1: 5 17335 k99_31_flag_0_multi_46.4514_len_17331 1 17331
				Negative gap (overlap) between this and next alignment: 17335 to 17241 (-94 bp)
				Next Alignment: 17241 30863 k99_55_flag_0_multi_48.0203_len_13623 1 13623

			Previous gap was negative, modifying coordinates to ignore overlap
				Moving contig start from 1 to 96.
			Align 2: 17336 30863 k99_55_flag_0_multi_48.0203_len_13623 96 13623
				Negative gap (overlap) between this and next alignment: 30863 to 30793 (-70 bp)
				Next Alignment: 30793 36298 k99_91_flag_0_multi_47.1248_len_5506 5506 1

			Previous gap was negative, modifying coordinates to ignore overlap
				Moving contig start from 5506 to 5435.
			Align 3: 30864 36298 k99_91_flag_0_multi_47.1248_len_5506 5435 1
				Negative gap (overlap) between this and next alignment: 36298 to 36202 (-96 bp)
				Next Alignment: 36202 49193 k99_63_flag_0_multi_46.0306_len_12992 1 12992

			Previous gap was negative, modifying coordinates to ignore overlap
				Moving contig start from 1 to 98.
			Align 4: 36299 49193 k99_63_flag_0_multi_46.0306_len_12992 98 12992
				Negative gap (overlap) between this and next alignment: 49193 to 49125 (-68 bp)
				Next Alignment: 49125 65992 k99_44_flag_0_multi_45.1652_len_16868 1 16868

			Previous gap was negative, modifying coordinates to ignore overlap
				Moving contig start from 1 to 70.
			Align 5: 49194 65992 k99_44_flag_0_multi_45.1652_len_16868 70 16868
				Gap between this and next alignment: 65992 to 66186 (193 bp)
				Next Alignment: 66186 69700 k99_99_flag_0_multi_48.0035_len_3515 1 3515

			Align 6: 66186 69700 k99_99_flag_0_multi_48.0035_len_3515 1 3515
				Negative gap (overlap) between this and next alignment: 69700 to 69609 (-91 bp)
				Next Alignment: 69609 140100 k99_41_flag_0_multi_47.2740_len_70492 70492 1

			Previous gap was negative, modifying coordinates to ignore overlap
				Moving contig start from 70492 to 70400.
			Align 7: 69701 140100 k99_41_flag_0_multi_47.2740_len_70492 70400 1
				Negative gap (overlap) between this and next alignment: 140100 to 140024 (-76 bp)
				Next Alignment: 140024 143706 k99_10_flag_0_multi_50.1934_len_3683 3683 1

			Previous gap was negative, modifying coordinates to ignore overlap
				Moving contig start from 3683 to 3606.
			Align 8: 140101 143706 k99_10_flag_0_multi_50.1934_len_3683 3606 1
				Negative gap (overlap) between this and next alignment: 143706 to 143616 (-90 bp)
				Next Alignment: 143616 151240 k99_62_flag_0_multi_45.1346_len_7625 1 7625

			Previous gap was negative, modifying coordinates to ignore overlap
				Moving contig start from 1 to 92.
			Align 9: 143707 151240 k99_62_flag_0_multi_45.1346_len_7625 92 7625
				Negative gap (overlap) between this and next alignment: 151240 to 151144 (-96 bp)
				Next Alignment: 151144 152974 k99_48_flag_0_multi_42.5035_len_1831 1 1831

			Previous gap was negative, modifying coordinates to ignore overlap
				Moving contig start from 1 to 98.
			Align 10: 151241 152974 k99_48_flag_0_multi_42.5035_len_1831 98 1831
				Negative gap (overlap) between this and next alignment: 152974 to 152903 (-71 bp)
				Next Alignment: 152903 222907 k99_82_flag_0_multi_46.0669_len_70005 1 70005

			Previous gap was negative, modifying coordinates to ignore overlap
				Moving contig start from 1 to 73.
			Align 11: 152975 222907 k99_82_flag_0_multi_46.0669_len_70005 73 70005
				Negative gap (overlap) between this and next alignment: 222907 to 222815 (-92 bp)
				Next Alignment: 222815 243665 k99_45_flag_0_multi_47.4338_len_20851 20851 1

			Previous gap was negative, modifying coordinates to ignore overlap
				Moving contig start from 20851 to 20758.
			Align 12: 222908 243665 k99_45_flag_0_multi_47.4338_len_20851 20758 1
				Negative gap (overlap) between this and next alignment: 243665 to 243567 (-98 bp)
				Next Alignment: 243567 254131 k99_39_flag_0_multi_47.1758_len_10565 1 10565

			Previous gap was negative, modifying coordinates to ignore overlap
				Moving contig start from 1 to 100.
			Align 13: 243666 254131 k99_39_flag_0_multi_47.1758_len_10565 100 10565
				Negative gap (overlap) between this and next alignment: 254131 to 254035 (-96 bp)
				Next Alignment: 254035 258202 k99_93_flag_0_multi_49.1993_len_4168 1 4168

			Previous gap was negative, modifying coordinates to ignore overlap
				Moving contig start from 1 to 98.
			Align 14: 254132 258202 k99_93_flag_0_multi_49.1993_len_4168 98 4168
				Negative gap (overlap) between this and next alignment: 258202 to 258128 (-74 bp)
				Next Alignment: 258128 282682 k99_33_flag_0_multi_45.6890_len_24555 1 24555

			Previous gap was negative, modifying coordinates to ignore overlap
				Moving contig start from 1 to 76.
			Align 15: 258203 282682 k99_33_flag_0_multi_45.6890_len_24555 76 24555
				Negative gap (overlap) between this and next alignment: 282682 to 282585 (-97 bp)
				Next Alignment: 282585 297287 k99_51_flag_0_multi_45.0490_len_14703 1 14703

			Previous gap was negative, modifying coordinates to ignore overlap
				Moving contig start from 1 to 99.
			Align 16: 282683 297287 k99_51_flag_0_multi_45.0490_len_14703 99 14703
				Negative gap (overlap) between this and next alignment: 297287 to 297193 (-94 bp)
				Next Alignment: 297193 299507 k99_34_flag_0_multi_47.4282_len_2315 1 2315

			Previous gap was negative, modifying coordinates to ignore overlap
				Moving contig start from 1 to 96.
			Align 17: 297288 299507 k99_34_flag_0_multi_47.4282_len_2315 96 2315
				Negative gap (overlap) between this and next alignment: 299507 to 299421 (-86 bp)
				Next Alignment: 299421 310831 k99_23_flag_0_multi_45.4816_len_11411 11411 1

			Previous gap was negative, modifying coordinates to ignore overlap
				Moving contig start from 11411 to 11324.
			Align 18: 299508 310831 k99_23_flag_0_multi_45.4816_len_11411 11324 1
				Negative gap (overlap) between this and next alignment: 310831 to 310770 (-61 bp)
				Next Alignment: 310770 319463 k99_87_flag_0_multi_48.4111_len_8694 8694 1

			Previous gap was negative, modifying coordinates to ignore overlap
				Moving contig start from 8694 to 8632.
			Align 19: 310832 319463 k99_87_flag_0_multi_48.4111_len_8694 8632 1
				Negative gap (overlap) between this and next alignment: 319463 to 319377 (-86 bp)
				Next Alignment: 319377 329440 k99_68_flag_0_multi_47.5203_len_10064 10064 1

			Previous gap was negative, modifying coordinates to ignore overlap
				Moving contig start from 10064 to 9977.
			Align 20: 319464 329440 k99_68_flag_0_multi_47.5203_len_10064 9977 1
				Negative gap (overlap) between this and next alignment: 329440 to 329363 (-77 bp)
				Next Alignment: 329363 342971 k99_57_flag_0_multi_46.4743_len_13609 13609 1

			Previous gap was negative, modifying coordinates to ignore overlap
				Moving contig start from 13609 to 13531.
			Align 21: 329441 342971 k99_57_flag_0_multi_46.4743_len_13609 13531 1
				Negative gap (overlap) between this and next alignment: 342971 to 342873 (-98 bp)
				Next Alignment: 342873 343417 k99_3_flag_0_multi_63.5740_len_545 1 545

			Previous gap was negative, modifying coordinates to ignore overlap
				Moving contig start from 1 to 100.
			Align 22: 342972 343417 k99_3_flag_0_multi_63.5740_len_545 100 545
				Negative gap (overlap) between this and next alignment: 343417 to 343339 (-78 bp)
				Next Alignment: 343339 360800 k99_58_flag_0_multi_45.3723_len_17462 1 17462

			Previous gap was negative, modifying coordinates to ignore overlap
				Moving contig start from 1 to 80.
			Align 23: 343418 360800 k99_58_flag_0_multi_45.3723_len_17462 80 17462
				Negative gap (overlap) between this and next alignment: 360800 to 360703 (-97 bp)
				Next Alignment: 360703 371181 k99_73_flag_0_multi_48.0122_len_10479 1 10479

			Previous gap was negative, modifying coordinates to ignore overlap
				Moving contig start from 1 to 99.
			Align 24: 360801 371181 k99_73_flag_0_multi_48.0122_len_10479 99 10479
				Negative gap (overlap) between this and next alignment: 371181 to 371117 (-64 bp)
				Next Alignment: 371117 426582 k99_64_flag_0_multi_47.9704_len_55466 1 55466

			Previous gap was negative, modifying coordinates to ignore overlap
				Moving contig start from 1 to 66.
			Align 25: 371182 426582 k99_64_flag_0_multi_47.9704_len_55466 66 55466
				Negative gap (overlap) between this and next alignment: 426582 to 426486 (-96 bp)
				Next Alignment: 426486 445878 k99_97_flag_0_multi_46.5708_len_19393 19393 1

			Previous gap was negative, modifying coordinates to ignore overlap
				Moving contig start from 19393 to 19296.
			Align 26: 426583 445878 k99_97_flag_0_multi_46.5708_len_19393 19296 1
				Negative gap (overlap) between this and next alignment: 445878 to 445780 (-98 bp)
				Next Alignment: 445780 474343 k99_67_flag_0_multi_47.7003_len_28564 28564 1

			Previous gap was negative, modifying coordinates to ignore overlap
				Moving contig start from 28564 to 28465.
			Align 27: 445879 474343 k99_67_flag_0_multi_47.7003_len_28564 28465 1
				Negative gap (overlap) between this and next alignment: 474343 to 474247 (-96 bp)
				Next Alignment: 474247 517223 k99_29_flag_0_multi_46.5688_len_42977 42977 1

			Previous gap was negative, modifying coordinates to ignore overlap
				Moving contig start from 42977 to 42880.
			Align 28: 474344 517223 k99_29_flag_0_multi_46.5688_len_42977 42880 1
				Negative gap (overlap) between this and next alignment: 517223 to 517139 (-84 bp)
				Next Alignment: 517139 521619 k99_38_flag_0_multi_50.0822_len_4481 4481 1

			Previous gap was negative, modifying coordinates to ignore overlap
				Moving contig start from 4481 to 4396.
			Align 29: 517224 521619 k99_38_flag_0_multi_50.0822_len_4481 4396 1
				Negative gap (overlap) between this and next alignment: 521619 to 521563 (-56 bp)
				Next Alignment: 521563 542842 k99_92_flag_0_multi_47.6501_len_21280 21280 1

			Previous gap was negative, modifying coordinates to ignore overlap
				Moving contig start from 21280 to 21223.
			Align 30: 521620 542842 k99_92_flag_0_multi_47.6501_len_21280 21223 1
				Gap between this and next alignment: 542842 to 542941 (98 bp)
				Next Alignment: 542941 582895 k99_69_flag_0_multi_46.7775_len_39955 39955 1

			Align 31: 542941 582895 k99_69_flag_0_multi_46.7775_len_39955 39955 1
				Negative gap (overlap) between this and next alignment: 582895 to 582838 (-57 bp)
				Next Alignment: 582838 586512 k99_8_flag_0_multi_43.1071_len_3675 3675 1

			Previous gap was negative, modifying coordinates to ignore overlap
				Moving contig start from 3675 to 3617.
			Align 32: 582896 586512 k99_8_flag_0_multi_43.1071_len_3675 3617 1
				Negative gap (overlap) between this and next alignment: 586512 to 586439 (-73 bp)
				Next Alignment: 586439 597203 k99_98_flag_0_multi_45.5970_len_10765 10765 1

			Previous gap was negative, modifying coordinates to ignore overlap
				Moving contig start from 10765 to 10691.
			Align 33: 586513 597203 k99_98_flag_0_multi_45.5970_len_10765 10691 1
				Negative gap (overlap) between this and next alignment: 597203 to 597129 (-74 bp)
				Next Alignment: 597129 614418 k99_18_flag_0_multi_47.5510_len_17290 1 17290

			Previous gap was negative, modifying coordinates to ignore overlap
				Moving contig start from 1 to 76.
			Align 34: 597204 614418 k99_18_flag_0_multi_47.5510_len_17290 76 17290
				Negative gap (overlap) between this and next alignment: 614418 to 614399 (-19 bp)
				Next Alignment: 614399 615979 k99_96_flag_1_multi_42.0000_len_1581 1 1581

			Previous gap was negative, modifying coordinates to ignore overlap
				Moving contig start from 1 to 21.
			Align 35: 614419 615979 k99_96_flag_1_multi_42.0000_len_1581 21 1581
			END in gap: 615979 to 615980 (1 bp)

Analysis is finished!
Founded SNPs were written into /vol/cami-scratch/Simpipeline/iTol_genomes/Buchnera_aphidicola_Baizongia_pistaciae_0905/quast_strain/combined_quast_output/contigs_reports/nucmer_output/final.contigs.used_snps

Results:
	Local Misassemblies: 0
	Misassemblies: 0
		Relocations: 0
		Translocations: 0
		Interspecies translocations: 0
		Inversions: 0
	Potentially Misassembled Contigs (i/s translocations): 0
	Misassembled Contigs: 0
	Misassembled Contig Bases: 0
	Misassemblies Inter-Contig Overlap: 0
Uncovered Regions: 0 (0)
Unaligned Contigs: 0 + 0 part
Partially Unaligned Contigs with Misassemblies: 0
Unaligned Contig Bases: 0

Ambiguously Mapped Contigs: 0
Total Bases in Ambiguously Mapped Contigs: 0
Note that --allow-ambiguity option was set to "one" and only first alignment per each contig was used.

	Covered Bases: 1231218

	SNPs: 0
	Insertions: 0
	Deletions: 0

	Positive Gaps: 7
		Internal Gaps:  0
		External Gaps:  7
		External Gap Total:  742
		External Gap Average: 106
	Negative Gaps: 64
		Internal Overlaps:  0
		External Overlaps:  64
		External Overlaps Total: -5285
		External Overlaps Average: -83
	Contigs with Redundant Alignments: 0 (0)
