Aligning contigs to reference...
	Running Nucmer
Parsing coords...
Loading reference...
	Loaded [e_coli_k12_gi_556503834_ref_NC_]
Loading SNPs...
Loading regions...
	No regions given, using whole reference.
	Total Regions: 1
	Total Region Length: 4641652
Analyzing contigs...
CONTIG: k99_2_flag_1_multi_5.0000_len_1164 (1164bp)
Top Length: 1162  Top ID: 98.8
		Marking as insignificant: 1650843 1651548 | 786 81 | 706 706 | 100.0 | e_coli_k12_gi_556503834_ref_NC_ k99_2_flag_1_multi_5.0000_len_1164
		Marking as insignificant: 4498430 4499511 | 1162 81 | 1082 1082 | 98.89 | e_coli_k12_gi_556503834_ref_NC_ k99_2_flag_1_multi_5.0000_len_1164
		Marking as insignificant: 2996361 2997442 | 81 1162 | 1082 1082 | 98.89 | e_coli_k12_gi_556503834_ref_NC_ k99_2_flag_1_multi_5.0000_len_1164
		Marking as insignificant: 2068940 2070022 | 80 1162 | 1083 1083 | 98.89 | e_coli_k12_gi_556503834_ref_NC_ k99_2_flag_1_multi_5.0000_len_1164
		Marking as insignificant: 1467909 1468991 | 80 1162 | 1083 1083 | 98.89 | e_coli_k12_gi_556503834_ref_NC_ k99_2_flag_1_multi_5.0000_len_1164
		Marking as insignificant: 381509 382594 | 1162 77 | 1086 1086 | 98.8 | e_coli_k12_gi_556503834_ref_NC_ k99_2_flag_1_multi_5.0000_len_1164
		One align captures most of this contig: 3186345 3187506 | 1162 1 | 1162 1162 | 98.8 | e_coli_k12_gi_556503834_ref_NC_ k99_2_flag_1_multi_5.0000_len_1164

CONTIG: k99_3_flag_1_multi_7.0000_len_1273 (1273bp)
Top Length: 1241  Top ID: 98.95
		Skipping redundant alignment 1396036 1397235 | 1242 43 | 1200 1200 | 99.25 | e_coli_k12_gi_556503834_ref_NC_ k99_3_flag_1_multi_7.0000_len_1273
		Skipping redundant alignment 574594 575790 | 43 1239 | 1197 1197 | 99.33 | e_coli_k12_gi_556503834_ref_NC_ k99_3_flag_1_multi_7.0000_len_1273
		Skipping redundant alignment 3365559 3366755 | 43 1239 | 1197 1197 | 99.33 | e_coli_k12_gi_556503834_ref_NC_ k99_3_flag_1_multi_7.0000_len_1273
		Skipping redundant alignment 1299495 1300690 | 1238 43 | 1196 1196 | 99.33 | e_coli_k12_gi_556503834_ref_NC_ k99_3_flag_1_multi_7.0000_len_1273
		Skipping redundant alignment 3652039 3653234 | 43 1238 | 1196 1196 | 99.33 | e_coli_k12_gi_556503834_ref_NC_ k99_3_flag_1_multi_7.0000_len_1273
		Skipping redundant alignment 2066162 2067357 | 43 1238 | 1196 1196 | 98.83 | e_coli_k12_gi_556503834_ref_NC_ k99_3_flag_1_multi_7.0000_len_1273
		Skipping redundant alignment 2101752 2102946 | 43 1237 | 1195 1195 | 99.33 | e_coli_k12_gi_556503834_ref_NC_ k99_3_flag_1_multi_7.0000_len_1273
		Skipping redundant alignment 3130143 3131337 | 1237 43 | 1195 1195 | 99.33 | e_coli_k12_gi_556503834_ref_NC_ k99_3_flag_1_multi_7.0000_len_1273
		Skipping redundant alignment 2288922 2290113 | 43 1234 | 1192 1192 | 99.33 | e_coli_k12_gi_556503834_ref_NC_ k99_3_flag_1_multi_7.0000_len_1273
			Skipping redundant alignments after choosing the best set of alignments
		Skipping redundant alignment 687844 689084 | 33 1273 | 1241 1241 | 98.95 | e_coli_k12_gi_556503834_ref_NC_ k99_3_flag_1_multi_7.0000_len_1273
		This contig is partially unaligned. (Aligned 1241 out of 1273 bases)
		Alignment: 273916 275149 | 1 1234 | 1234 1234 | 99.11 | e_coli_k12_gi_556503834_ref_NC_ k99_3_flag_1_multi_7.0000_len_1273
		Unaligned bases: 1235 to 1273 (39)

CONTIG: k99_6_flag_1_multi_6.0000_len_516 (516bp)
Top Length: 516  Top ID: 98.26
		Marking as insignificant: 3423787 3424301 | 1 516 | 515 516 | 96.71 | e_coli_k12_gi_556503834_ref_NC_ k99_6_flag_1_multi_6.0000_len_516
		Marking as insignificant: 4171123 4171637 | 516 1 | 515 516 | 97.09 | e_coli_k12_gi_556503834_ref_NC_ k99_6_flag_1_multi_6.0000_len_516
		Marking as insignificant: 2726188 2726702 | 1 516 | 515 516 | 97.09 | e_coli_k12_gi_556503834_ref_NC_ k99_6_flag_1_multi_6.0000_len_516
		This contig has 4 significant alignments. [An ambiguously mapped contig]
		Using only first of these alignment (option --ambiguity-usage is set to "one"):
		Alignment: 4040002 4040517 | 516 1 | 516 516 | 98.26 | e_coli_k12_gi_556503834_ref_NC_ k99_6_flag_1_multi_6.0000_len_516
		Skipping alignment  4212525 4213040 | 516 1 | 516 516 | 98.26 | e_coli_k12_gi_556503834_ref_NC_ k99_6_flag_1_multi_6.0000_len_516
		Skipping alignment  228241 228756 | 516 1 | 516 516 | 98.06 | e_coli_k12_gi_556503834_ref_NC_ k99_6_flag_1_multi_6.0000_len_516
		Skipping alignment  3946186 3946700 | 516 1 | 515 516 | 97.48 | e_coli_k12_gi_556503834_ref_NC_ k99_6_flag_1_multi_6.0000_len_516

CONTIG: k99_9_flag_1_multi_5.0000_len_521 (521bp)
Top Length: 521  Top ID: 98.85
		Marking as insignificant: 4498181 4498621 | 441 1 | 441 441 | 99.32 | e_coli_k12_gi_556503834_ref_NC_ k99_9_flag_1_multi_5.0000_len_521
		Marking as insignificant: 2069831 2070271 | 1 441 | 441 441 | 99.32 | e_coli_k12_gi_556503834_ref_NC_ k99_9_flag_1_multi_5.0000_len_521
		Marking as insignificant: 2997251 2997692 | 1 442 | 442 442 | 99.32 | e_coli_k12_gi_556503834_ref_NC_ k99_9_flag_1_multi_5.0000_len_521
		Marking as insignificant: 1468800 1469241 | 1 442 | 442 442 | 99.32 | e_coli_k12_gi_556503834_ref_NC_ k99_9_flag_1_multi_5.0000_len_521
		Marking as insignificant: 381256 381700 | 445 1 | 445 445 | 99.1 | e_coli_k12_gi_556503834_ref_NC_ k99_9_flag_1_multi_5.0000_len_521
		One align captures most of this contig: 3186016 3186536 | 521 1 | 521 521 | 98.85 | e_coli_k12_gi_556503834_ref_NC_ k99_9_flag_1_multi_5.0000_len_521

CONTIG: k99_12_flag_1_multi_2.5963_len_530 (530bp)
Top Length: 529  Top ID: 97.16
		This contig has 7 significant alignments. [An ambiguously mapped contig]
		Using only first of these alignment (option --ambiguity-usage is set to "one"):
		Alignment: 2728544 2729072 | 2 530 | 529 529 | 97.16 | e_coli_k12_gi_556503834_ref_NC_ k99_12_flag_1_multi_2.5963_len_530
		Skipping alignment  3426143 3426671 | 2 530 | 529 529 | 97.16 | e_coli_k12_gi_556503834_ref_NC_ k99_12_flag_1_multi_2.5963_len_530
		Skipping alignment  4168753 4169281 | 530 2 | 529 529 | 97.16 | e_coli_k12_gi_556503834_ref_NC_ k99_12_flag_1_multi_2.5963_len_530
		Skipping alignment  4210155 4210683 | 530 2 | 529 529 | 97.16 | e_coli_k12_gi_556503834_ref_NC_ k99_12_flag_1_multi_2.5963_len_530
		Skipping alignment  4037631 4038159 | 530 2 | 529 529 | 96.98 | e_coli_k12_gi_556503834_ref_NC_ k99_12_flag_1_multi_2.5963_len_530
		Skipping alignment  225871 226399 | 530 2 | 529 529 | 96.79 | e_coli_k12_gi_556503834_ref_NC_ k99_12_flag_1_multi_2.5963_len_530
		Skipping alignment  3943816 3944344 | 530 2 | 529 529 | 96.6 | e_coli_k12_gi_556503834_ref_NC_ k99_12_flag_1_multi_2.5963_len_530

CONTIG: k99_21_flag_1_multi_2.0000_len_516 (516bp)
Top Length: 516  Top ID: 95.74
		Marking as insignificant: 3946588 3946824 | 516 280 | 237 237 | 95.78 | e_coli_k12_gi_556503834_ref_NC_ k99_21_flag_1_multi_2.0000_len_516
		Marking as insignificant: 4212927 4213164 | 516 280 | 238 237 | 96.22 | e_coli_k12_gi_556503834_ref_NC_ k99_21_flag_1_multi_2.0000_len_516
		Marking as insignificant: 228643 228880 | 516 280 | 238 237 | 96.22 | e_coli_k12_gi_556503834_ref_NC_ k99_21_flag_1_multi_2.0000_len_516
		Marking as insignificant: 3423663 3423899 | 280 516 | 237 237 | 96.62 | e_coli_k12_gi_556503834_ref_NC_ k99_21_flag_1_multi_2.0000_len_516
		Marking as insignificant: 2726052 2726300 | 268 516 | 249 249 | 95.58 | e_coli_k12_gi_556503834_ref_NC_ k99_21_flag_1_multi_2.0000_len_516
		Marking as insignificant: 4171525 4171962 | 516 79 | 438 438 | 97.49 | e_coli_k12_gi_556503834_ref_NC_ k99_21_flag_1_multi_2.0000_len_516
		One align captures most of this contig: 4040404 4040920 | 516 1 | 517 516 | 95.74 | e_coli_k12_gi_556503834_ref_NC_ k99_21_flag_1_multi_2.0000_len_516

CONTIG: k99_22_flag_1_multi_4.0000_len_511 (511bp)
Top Length: 509  Top ID: 98.04
		Marking as insignificant: 2170174 2170653 | 482 3 | 480 480 | 98.54 | e_coli_k12_gi_556503834_ref_NC_ k99_22_flag_1_multi_4.0000_len_511
		Marking as insignificant: 1095020 1095499 | 3 482 | 480 480 | 98.54 | e_coli_k12_gi_556503834_ref_NC_ k99_22_flag_1_multi_4.0000_len_511
		Marking as insignificant: 566780 567259 | 482 3 | 480 480 | 98.54 | e_coli_k12_gi_556503834_ref_NC_ k99_22_flag_1_multi_4.0000_len_511
		Marking as insignificant: 392484 392963 | 3 482 | 480 480 | 98.54 | e_coli_k12_gi_556503834_ref_NC_ k99_22_flag_1_multi_4.0000_len_511
		One align captures most of this contig: 315200 315708 | 511 3 | 509 509 | 98.04 | e_coli_k12_gi_556503834_ref_NC_ k99_22_flag_1_multi_4.0000_len_511

CONTIG: k99_33_flag_1_multi_3.0000_len_501 (501bp)
Top Length: 501  Top ID: 96.61
		Marking as insignificant: 223625 223858 | 238 5 | 234 234 | 96.15 | e_coli_k12_gi_556503834_ref_NC_ k99_33_flag_1_multi_3.0000_len_501
		Marking as insignificant: 4208001 4208234 | 238 5 | 234 234 | 96.58 | e_coli_k12_gi_556503834_ref_NC_ k99_33_flag_1_multi_3.0000_len_501
		Marking as insignificant: 3428671 3428908 | 1 238 | 238 238 | 97.48 | e_coli_k12_gi_556503834_ref_NC_ k99_33_flag_1_multi_3.0000_len_501
		Marking as insignificant: 2731069 2731480 | 4 416 | 412 413 | 96.14 | e_coli_k12_gi_556503834_ref_NC_ k99_33_flag_1_multi_3.0000_len_501
		Marking as insignificant: 4166299 4166746 | 452 5 | 448 448 | 97.1 | e_coli_k12_gi_556503834_ref_NC_ k99_33_flag_1_multi_3.0000_len_501
		Marking as insignificant: 4035168 4035618 | 455 5 | 451 451 | 97.12 | e_coli_k12_gi_556503834_ref_NC_ k99_33_flag_1_multi_3.0000_len_501
		One align captures most of this contig: 3941399 3941899 | 501 1 | 501 501 | 96.61 | e_coli_k12_gi_556503834_ref_NC_ k99_33_flag_1_multi_3.0000_len_501

CONTIG: k99_34_flag_1_multi_3.0000_len_659 (659bp)
Top Length: 659  Top ID: 97.88
		This contig has 7 significant alignments. [An ambiguously mapped contig]
		Using only first of these alignment (option --ambiguity-usage is set to "one"):
		Alignment: 2727615 2728273 | 659 1 | 659 659 | 97.88 | e_coli_k12_gi_556503834_ref_NC_ k99_34_flag_1_multi_3.0000_len_659
		Skipping alignment  3425214 3425872 | 659 1 | 659 659 | 97.88 | e_coli_k12_gi_556503834_ref_NC_ k99_34_flag_1_multi_3.0000_len_659
		Skipping alignment  3944615 3945273 | 1 659 | 659 659 | 97.88 | e_coli_k12_gi_556503834_ref_NC_ k99_34_flag_1_multi_3.0000_len_659
		Skipping alignment  4169552 4170210 | 1 659 | 659 659 | 97.88 | e_coli_k12_gi_556503834_ref_NC_ k99_34_flag_1_multi_3.0000_len_659
		Skipping alignment  4210954 4211612 | 1 659 | 659 659 | 97.88 | e_coli_k12_gi_556503834_ref_NC_ k99_34_flag_1_multi_3.0000_len_659
		Skipping alignment  226670 227328 | 1 659 | 659 659 | 97.42 | e_coli_k12_gi_556503834_ref_NC_ k99_34_flag_1_multi_3.0000_len_659
		Skipping alignment  4038430 4039087 | 1 659 | 658 659 | 97.27 | e_coli_k12_gi_556503834_ref_NC_ k99_34_flag_1_multi_3.0000_len_659

CONTIG: k99_38_flag_1_multi_6.0000_len_843 (843bp)
Top Length: 843  Top ID: 99.41
		Marking as insignificant: 4211778 4212603 | 826 1 | 826 826 | 99.52 | e_coli_k12_gi_556503834_ref_NC_ k99_38_flag_1_multi_6.0000_len_843
		Marking as insignificant: 4170376 4171201 | 826 1 | 826 826 | 99.52 | e_coli_k12_gi_556503834_ref_NC_ k99_38_flag_1_multi_6.0000_len_843
		Marking as insignificant: 2726624 2727449 | 1 826 | 826 826 | 99.52 | e_coli_k12_gi_556503834_ref_NC_ k99_38_flag_1_multi_6.0000_len_843
		This contig has 4 significant alignments. [An ambiguously mapped contig]
		Using only first of these alignment (option --ambiguity-usage is set to "one"):
		Alignment: 227477 228319 | 843 1 | 843 843 | 99.41 | e_coli_k12_gi_556503834_ref_NC_ k99_38_flag_1_multi_6.0000_len_843
		Skipping alignment  4039236 4040080 | 843 1 | 845 843 | 99.17 | e_coli_k12_gi_556503834_ref_NC_ k99_38_flag_1_multi_6.0000_len_843
		Skipping alignment  3424223 3425065 | 1 843 | 843 843 | 99.05 | e_coli_k12_gi_556503834_ref_NC_ k99_38_flag_1_multi_6.0000_len_843
		Skipping alignment  3945422 3946264 | 843 1 | 843 843 | 98.93 | e_coli_k12_gi_556503834_ref_NC_ k99_38_flag_1_multi_6.0000_len_843

CONTIG: k99_39_flag_1_multi_4.0383_len_1588 (1588bp)
Top Length: 1588  Top ID: 98.43
		Marking as insignificant: 3941874 3943393 | 1588 69 | 1520 1520 | 98.36 | e_coli_k12_gi_556503834_ref_NC_ k99_39_flag_1_multi_4.0383_len_1588
		Marking as insignificant: 4166725 4168253 | 1588 61 | 1529 1528 | 98.36 | e_coli_k12_gi_556503834_ref_NC_ k99_39_flag_1_multi_4.0383_len_1588
		Marking as insignificant: 2729567 2731091 | 64 1588 | 1525 1525 | 98.56 | e_coli_k12_gi_556503834_ref_NC_ k99_39_flag_1_multi_4.0383_len_1588
		Marking as insignificant: 4208213 4209741 | 1588 61 | 1529 1528 | 98.5 | e_coli_k12_gi_556503834_ref_NC_ k99_39_flag_1_multi_4.0383_len_1588
		This contig has 3 significant alignments. [An ambiguously mapped contig]
		Using only first of these alignment (option --ambiguity-usage is set to "one"):
		Alignment: 3427109 3428696 | 1 1588 | 1588 1588 | 98.43 | e_coli_k12_gi_556503834_ref_NC_ k99_39_flag_1_multi_4.0383_len_1588
		Skipping alignment  4035597 4037184 | 1588 1 | 1588 1588 | 98.43 | e_coli_k12_gi_556503834_ref_NC_ k99_39_flag_1_multi_4.0383_len_1588
		Skipping alignment  223837 225424 | 1588 1 | 1588 1588 | 97.99 | e_coli_k12_gi_556503834_ref_NC_ k99_39_flag_1_multi_4.0383_len_1588

CONTIG: k99_40_flag_1_multi_2.0000_len_503 (503bp)
Top Length: 503  Top ID: 97.61
		One align captures most of this contig: 1701240 1701742 | 1 503 | 503 503 | 97.61 | e_coli_k12_gi_556503834_ref_NC_ k99_40_flag_1_multi_2.0000_len_503

Analyzing coverage...
Writing SNPs into /net/metagenomics/projects/afritz_assemblies/Coverage_Sweep_wgsim/050_error/MEGAHIT_cov4/quast/runs_per_reference/e_coli_k12/contigs_reports/nucmer_output/final.contigs.used_snps
	Reference e_coli_k12_gi_556503834_ref_NC_: 12 total alignments. 1 total regions.
		Region: 1 to 4641652 (4641652 bp)
			START in gap: 1 to 227477 (227476 bp)
			Align 1: 227477 228319 k99_38_flag_1_multi_6.0000_len_843 843 1
				Gap between this and next alignment: 228319 to 273916 (45596 bp)
				Next Alignment: 273916 275149 k99_3_flag_1_multi_7.0000_len_1273 1 1234

			Align 2: 273916 275149 k99_3_flag_1_multi_7.0000_len_1273 1 1234
				Gap between this and next alignment: 275149 to 315200 (40050 bp)
				Next Alignment: 315200 315708 k99_22_flag_1_multi_4.0000_len_511 511 3

			Align 3: 315200 315708 k99_22_flag_1_multi_4.0000_len_511 511 3
				Gap between this and next alignment: 315708 to 1701240 (1385531 bp)
				Next Alignment: 1701240 1701742 k99_40_flag_1_multi_2.0000_len_503 1 503

			Align 4: 1701240 1701742 k99_40_flag_1_multi_2.0000_len_503 1 503
				Gap between this and next alignment: 1701742 to 2727615 (1025872 bp)
				Next Alignment: 2727615 2728273 k99_34_flag_1_multi_3.0000_len_659 659 1

			Align 5: 2727615 2728273 k99_34_flag_1_multi_3.0000_len_659 659 1
				Gap between this and next alignment: 2728273 to 2728544 (270 bp)
				Next Alignment: 2728544 2729072 k99_12_flag_1_multi_2.5963_len_530 2 530

			Align 6: 2728544 2729072 k99_12_flag_1_multi_2.5963_len_530 2 530
				Gap between this and next alignment: 2729072 to 3186016 (456943 bp)
				Next Alignment: 3186016 3186536 k99_9_flag_1_multi_5.0000_len_521 521 1

			Align 7: 3186016 3186536 k99_9_flag_1_multi_5.0000_len_521 521 1
				Negative gap (overlap) between this and next alignment: 3186536 to 3186345 (-191 bp)
				Next Alignment: 3186345 3187506 k99_2_flag_1_multi_5.0000_len_1164 1162 1

			Previous gap was negative, modifying coordinates to ignore overlap
				Moving contig start from 1162 to 970.
			Align 8: 3186537 3187506 k99_2_flag_1_multi_5.0000_len_1164 970 1
				Gap between this and next alignment: 3187506 to 3427109 (239602 bp)
				Next Alignment: 3427109 3428696 k99_39_flag_1_multi_4.0383_len_1588 1 1588

			Align 9: 3427109 3428696 k99_39_flag_1_multi_4.0383_len_1588 1 1588
				Gap between this and next alignment: 3428696 to 3941399 (512702 bp)
				Next Alignment: 3941399 3941899 k99_33_flag_1_multi_3.0000_len_501 501 1

			Align 10: 3941399 3941899 k99_33_flag_1_multi_3.0000_len_501 501 1
				Gap between this and next alignment: 3941899 to 4040002 (98102 bp)
				Next Alignment: 4040002 4040517 k99_6_flag_1_multi_6.0000_len_516 516 1

			Align 11: 4040002 4040517 k99_6_flag_1_multi_6.0000_len_516 516 1
				Negative gap (overlap) between this and next alignment: 4040517 to 4040404 (-113 bp)
				Next Alignment: 4040404 4040920 k99_21_flag_1_multi_2.0000_len_516 516 1

			Previous gap was negative, modifying coordinates to ignore overlap
				Moving contig start from 516 to 403.
			Align 12: 4040518 4040920 k99_21_flag_1_multi_2.0000_len_516 403 1
			END in gap: 4040920 to 4641652 (600732 bp)

Analysis is finished!
Founded SNPs were written into /net/metagenomics/projects/afritz_assemblies/Coverage_Sweep_wgsim/050_error/MEGAHIT_cov4/quast/runs_per_reference/e_coli_k12/contigs_reports/nucmer_output/final.contigs.used_snps

Results:
	Local Misassemblies: 0
	Misassemblies: 0
		Relocations: 0
		Translocations: 0
		Inversions: 0
	Misassembled Contigs: 0
	Misassembled Contig Bases: 0
	Misassemblies Inter-Contig Overlap: 0
Uncovered Regions: 0 (0)
Unaligned Contigs: 0 + 1 part
Partially Unaligned Contigs with Misassemblies: 0
Unaligned Contig Bases: 39

Ambiguously Mapped Contigs: 5
Total Bases in Ambiguously Mapped Contigs: 4135
Note that --allow-ambiguity option was set to "one" and only first alignment per each contig was used.

	Covered Bases: 8776

	SNPs: 145
	Insertions: 0
	Deletions: 0

	Positive Gaps: 11
		Internal Gaps:  0
		External Gaps:  11
		External Gap Total:  4632876
		External Gap Average: 421171
	Negative Gaps: 2
		Internal Overlaps:  0
		External Overlaps:  2
		External Overlaps Total: -304
		External Overlaps Average: -152
	Contigs with Redundant Alignments: 0 (0)
