Aligning contigs to reference...
	Running Nucmer
Parsing coords...
Loading reference...
	Loaded [Ecoli_0920_Taxon005_]
Loading SNPs...
Loading regions...
	No regions given, using whole reference.
	Total Regions: 1
	Total Region Length: 4641652
Analyzing contigs...
CONTIG: NODE_14_length_209836_cov_34.6516_ID_160045 (209836bp)
Top Length: 1204  Top ID: 95.6
		This contig is misassembled. 3 total aligns.
			Warning! This contig is more unaligned than misassembled. Contig length is 209836 and total length of all aligns is 2273
		Alignment: 1850803 1850891 | 63448 63360 | 89 89 | 100.0 | Ecoli_0920_Taxon005_ NODE_14_length_209836_cov_34.6516_ID_160045
		Alignment: 2172867 2173846 | 93920 94899 | 980 980 | 95.31 | Ecoli_0920_Taxon005_ NODE_14_length_209836_cov_34.6516_ID_160045
		Alignment: 1971276 1972479 | 191813 193016 | 1204 1204 | 95.6 | Ecoli_0920_Taxon005_ NODE_14_length_209836_cov_34.6516_ID_160045
		Unaligned bases: 207563
		This contig has both significant aligned and unaligned parts (of length >= min-contig)! It can contain interspecies translocations
CONTIG: NODE_18_length_176518_cov_34.5652_ID_139546 (176518bp)
Top Length: 2929  Top ID: 95.08
		This contig is partially unaligned. (Aligned 2929 out of 176518 bases)
		Alignment: 1557191 1560119 | 100809 97881 | 2929 2929 | 95.08 | Ecoli_0920_Taxon005_ NODE_18_length_176518_cov_34.5652_ID_139546
		Unaligned bases: 1 to 97880 (97880)
		Unaligned bases: 100810 to 176518 (75709)
		This contig has both significant aligned and unaligned parts (of length >= min-contig)! It can contain interspecies translocations

CONTIG: NODE_20_length_165543_cov_35.8298_ID_133203 (165543bp)
Top Length: 1136  Top ID: 95.69
		This contig is partially unaligned. (Aligned 1136 out of 165543 bases)
		Alignment: 3104562 3105697 | 131837 132972 | 1136 1136 | 95.69 | Ecoli_0920_Taxon005_ NODE_20_length_165543_cov_35.8298_ID_133203
		Unaligned bases: 1 to 131836 (131836)
		Unaligned bases: 132973 to 165543 (32571)
		This contig has both significant aligned and unaligned parts (of length >= min-contig)! It can contain interspecies translocations

CONTIG: NODE_28_length_117612_cov_35.4998_ID_148473 (117612bp)
Top Length: 2106  Top ID: 95.44
		This contig is misassembled. 3 total aligns.
			Warning! This contig is more unaligned than misassembled. Contig length is 117612 and total length of all aligns is 3458
		Alignment: 2607037 2608321 | 15287 14003 | 1285 1285 | 95.1 | Ecoli_0920_Taxon005_ NODE_28_length_117612_cov_35.4998_ID_148473
		Alignment: 2586701 2588806 | 31685 33790 | 2106 2106 | 95.44 | Ecoli_0920_Taxon005_ NODE_28_length_117612_cov_35.4998_ID_148473
		Alignment: 4274186 4274252 | 117546 117612 | 67 67 | 100.0 | Ecoli_0920_Taxon005_ NODE_28_length_117612_cov_35.4998_ID_148473
		Unaligned bases: 114154
		This contig has both significant aligned and unaligned parts (of length >= min-contig)! It can contain interspecies translocations
CONTIG: NODE_29_length_109247_cov_36.098_ID_162848 (109247bp)
Top Length: 1867  Top ID: 95.34
		This contig is misassembled. 2 total aligns.
			Warning! This contig is more unaligned than misassembled. Contig length is 109247 and total length of all aligns is 1957
		Alignment: 826259 828125 | 69794 67928 | 1867 1867 | 95.34 | Ecoli_0920_Taxon005_ NODE_29_length_109247_cov_36.098_ID_162848
		Alignment: 1270368 1270457 | 109247 109158 | 90 90 | 98.89 | Ecoli_0920_Taxon005_ NODE_29_length_109247_cov_36.098_ID_162848
		Unaligned bases: 107290
		This contig has both significant aligned and unaligned parts (of length >= min-contig)! It can contain interspecies translocations
CONTIG: NODE_61_length_13661_cov_44.5628_ID_171214 (13661bp)
Top Length: 171  Top ID: 95.91
		This contig is partially unaligned. (Aligned 171 out of 13661 bases)
		Alignment: 4310568 4310738 | 1447 1617 | 171 171 | 95.91 | Ecoli_0920_Taxon005_ NODE_61_length_13661_cov_44.5628_ID_171214
		Unaligned bases: 1 to 1446 (1446)
		Unaligned bases: 1618 to 13661 (12044)

CONTIG: NODE_64_length_9250_cov_34.5001_ID_174595 (9250bp)
Top Length: 67  Top ID: 100.0
		This contig is partially unaligned. (Aligned 67 out of 9250 bases)
		Alignment: 4274186 4274252 | 9184 9250 | 67 67 | 100.0 | Ecoli_0920_Taxon005_ NODE_64_length_9250_cov_34.5001_ID_174595
		Unaligned bases: 1 to 9183 (9183)

CONTIG: NODE_66_length_6678_cov_31.0214_ID_172860 (6678bp)
Top Length: 67  Top ID: 100.0
		This contig is partially unaligned. (Aligned 67 out of 6678 bases)
		Alignment: 4274186 4274252 | 6612 6678 | 67 67 | 100.0 | Ecoli_0920_Taxon005_ NODE_66_length_6678_cov_31.0214_ID_172860
		Unaligned bases: 1 to 6611 (6611)

CONTIG: NODE_78_length_1001_cov_54.5_ID_176381 (1001bp)
Top Length: 1001  Top ID: 95.2
		One align captures most of this contig: 1289029 1290029 | 1 1001 | 1001 1001 | 95.2 | Ecoli_0920_Taxon005_ NODE_78_length_1001_cov_54.5_ID_176381

CONTIG: NODE_79_length_936_cov_54.16_ID_176375 (936bp)
Top Length: 935  Top ID: 96.79
		One align captures most of this contig: 1270339 1271273 | 2 936 | 935 935 | 96.79 | Ecoli_0920_Taxon005_ NODE_79_length_936_cov_54.16_ID_176375

Analyzing coverage...
Writing SNPs into /net/metagenomics/projects/afritz_assemblies/Similarity_Experiment/Ecoli_OneTree/metaquast_strain_spades/Ecoli_0910/runs_per_reference/Ecoli_0920/contigs_reports/nucmer_output/scaffolds.used_snps
	Reference Ecoli_0920_Taxon005_: 15 total alignments. 1 total regions.
		Region: 1 to 4641652 (4641652 bp)
			START in gap: 1 to 826259 (826258 bp)
			Align 1: 826259 828125 NODE_29_length_109247_cov_36.098_ID_162848 69794 67928
				Gap between this and next alignment: 828125 to 1270339 (442213 bp)
				Next Alignment: 1270339 1271273 NODE_79_length_936_cov_54.16_ID_176375 2 936

			Align 2: 1270339 1271273 NODE_79_length_936_cov_54.16_ID_176375 2 936
				The next alignment (1270368 1270457 NODE_29_length_109247_cov_36.098_ID_162848 109247 109158) is redundant. Skipping.
				Gap between this and next alignment: 1271273 to 1289029 (17755 bp)
				Next Alignment: 1289029 1290029 NODE_78_length_1001_cov_54.5_ID_176381 1 1001

			Align 4: 1289029 1290029 NODE_78_length_1001_cov_54.5_ID_176381 1 1001
				Gap between this and next alignment: 1290029 to 1557191 (267161 bp)
				Next Alignment: 1557191 1560119 NODE_18_length_176518_cov_34.5652_ID_139546 100809 97881

			Align 5: 1557191 1560119 NODE_18_length_176518_cov_34.5652_ID_139546 100809 97881
				Gap between this and next alignment: 1560119 to 1850803 (290683 bp)
				Next Alignment: 1850803 1850891 NODE_14_length_209836_cov_34.6516_ID_160045 63448 63360

			Align 6: 1850803 1850891 NODE_14_length_209836_cov_34.6516_ID_160045 63448 63360
				Gap between this and next alignment: 1850891 to 1971276 (120384 bp)
				Next Alignment: 1971276 1972479 NODE_14_length_209836_cov_34.6516_ID_160045 191813 193016

			Align 7: 1971276 1972479 NODE_14_length_209836_cov_34.6516_ID_160045 191813 193016
				Gap between this and next alignment: 1972479 to 2172867 (200387 bp)
				Next Alignment: 2172867 2173846 NODE_14_length_209836_cov_34.6516_ID_160045 93920 94899

			Align 8: 2172867 2173846 NODE_14_length_209836_cov_34.6516_ID_160045 93920 94899
				Gap between this and next alignment: 2173846 to 2586701 (412854 bp)
				Next Alignment: 2586701 2588806 NODE_28_length_117612_cov_35.4998_ID_148473 31685 33790

			Align 9: 2586701 2588806 NODE_28_length_117612_cov_35.4998_ID_148473 31685 33790
				Gap between this and next alignment: 2588806 to 2607037 (18230 bp)
				Next Alignment: 2607037 2608321 NODE_28_length_117612_cov_35.4998_ID_148473 15287 14003

			Align 10: 2607037 2608321 NODE_28_length_117612_cov_35.4998_ID_148473 15287 14003
				Gap between this and next alignment: 2608321 to 3104562 (496240 bp)
				Next Alignment: 3104562 3105697 NODE_20_length_165543_cov_35.8298_ID_133203 131837 132972

			Align 11: 3104562 3105697 NODE_20_length_165543_cov_35.8298_ID_133203 131837 132972
				Gap between this and next alignment: 3105697 to 4274186 (1168488 bp)
				Next Alignment: 4274186 4274252 NODE_28_length_117612_cov_35.4998_ID_148473 117546 117612

			Align 12: 4274186 4274252 NODE_28_length_117612_cov_35.4998_ID_148473 117546 117612
				The next alignment (4274186 4274252 NODE_64_length_9250_cov_34.5001_ID_174595 9184 9250) is redundant. Skipping.
				The next alignment (4274186 4274252 NODE_66_length_6678_cov_31.0214_ID_172860 6612 6678) is redundant. Skipping.
				Gap between this and next alignment: 4274252 to 4310568 (36315 bp)
				Next Alignment: 4310568 4310738 NODE_61_length_13661_cov_44.5628_ID_171214 1447 1617

			Align 15: 4310568 4310738 NODE_61_length_13661_cov_44.5628_ID_171214 1447 1617
			END in gap: 4310738 to 4641652 (330914 bp)

Analysis is finished!
Founded SNPs were written into /net/metagenomics/projects/afritz_assemblies/Similarity_Experiment/Ecoli_OneTree/metaquast_strain_spades/Ecoli_0910/runs_per_reference/Ecoli_0920/contigs_reports/nucmer_output/scaffolds.used_snps

Results:
	Local Misassemblies: 0
	Misassemblies: 0
		Relocations: 0
		Translocations: 0
		Inversions: 0
	Misassembled Contigs: 0
	Misassembled Contig Bases: 0
	Misassemblies Inter-Contig Overlap: 0
Uncovered Regions: 0 (0)
Unaligned Contigs: 0 + 8 part
Partially Unaligned Contigs with Misassemblies: 3
Unaligned Contig Bases: 796287

Ambiguously Mapped Contigs: 0
Total Bases in Ambiguously Mapped Contigs: 0
Note that --allow-ambiguity option was set to "one" and only first alignment per each contig was used.

	Covered Bases: 13770

	SNPs: 623
	Insertions: 0
	Deletions: 0

	Positive Gaps: 13
		Internal Gaps:  3
		External Gaps:  10
		External Gap Total:  4288881
		External Gap Average: 428888
	Negative Gaps: 0
		Internal Overlaps:  0
		External Overlaps:  0
		External Overlaps Total:  0
		External Overlaps Average: 0
	Contigs with Redundant Alignments: 2 (224)
