Aligning contigs to reference...
	Running Nucmer
Parsing coords...
Loading reference...
	Loaded [Ecoli_0995_Taxon020_]
Loading SNPs...
Loading regions...
	No regions given, using whole reference.
	Total Regions: 1
	Total Region Length: 4641652
Analyzing contigs...
CONTIG: NODE_2_length_161420_cov_66.4316_ID_579641 (161420bp)
Top Length: 140378  Top ID: 99.42
		This contig is misassembled. 2 total aligns.
			Excluding internal overlap of size 1 between Alignment 1 and 2:  1394017 1415059 | 161420 140378 | 21043 21043 --> 1394017 1415058 | 161420 140379 | 21042 21042
			Real Alignment 1: 1234679 1375056 | 1 140378 | 140378 140378 | 99.42 | Ecoli_0995_Taxon020_ NODE_2_length_161420_cov_66.4316_ID_579641
			  Extensive misassembly ( relocation, inconsistency = 18960 ) between these two alignments
			Real Alignment 2: 1394017 1415058 | 161420 140379 | 21042 21042 | 99.32 | Ecoli_0995_Taxon020_ NODE_2_length_161420_cov_66.4316_ID_579641

CONTIG: NODE_3_length_142244_cov_65.6647_ID_579643 (142244bp)
Top Length: 142244  Top ID: 99.37
		One align captures most of this contig: 1651494 1793737 | 1 142244 | 142244 142244 | 99.37 | Ecoli_0995_Taxon020_ NODE_3_length_142244_cov_65.6647_ID_579643

CONTIG: NODE_5_length_135654_cov_66.1773_ID_579647 (135654bp)
Top Length: 83098  Top ID: 99.46
		Skipping redundant alignment 4296174 4296433 | 52929 52668 | 260 262 | 95.04 | Ecoli_0995_Taxon020_ NODE_5_length_135654_cov_66.1773_ID_579647
		This contig is misassembled. 3 total aligns.
			Excluding internal overlap of size 373 between Alignment 1 and 2:  4296061 4348894 | 52929 96 | 52834 52834 --> 4296434 4348894 | 52556 96 | 52461 52461
			Real Alignment 1: 4296434 4348894 | 52556 96 | 52461 52461 | 99.42 | Ecoli_0995_Taxon020_ NODE_5_length_135654_cov_66.1773_ID_579647
			  Gap between these two alignments (local misassembly). Inconsistency = 224 
			Real Alignment 2: 4213110 4296209 | 135654 52557 | 83100 83098 | 99.46 | Ecoli_0995_Taxon020_ NODE_5_length_135654_cov_66.1773_ID_579647

CONTIG: NODE_6_length_128670_cov_65.5389_ID_579649 (128670bp)
Top Length: 128595  Top ID: 99.46
		Marking as insignificant: 3982605 3982692 | 97542 97455 | 88 88 | 100.0 | Ecoli_0995_Taxon020_ NODE_6_length_128670_cov_65.5389_ID_579649
		Marking as insignificant: 3982604 3982692 | 97779 97691 | 89 89 | 100.0 | Ecoli_0995_Taxon020_ NODE_6_length_128670_cov_65.5389_ID_579649
		One align captures most of this contig: 4508625 4637219 | 1 128595 | 128595 128595 | 99.46 | Ecoli_0995_Taxon020_ NODE_6_length_128670_cov_65.5389_ID_579649

CONTIG: NODE_7_length_119264_cov_65.343_ID_579651 (119264bp)
Top Length: 119264  Top ID: 99.41
		One align captures most of this contig: 406521 525784 | 1 119264 | 119264 119264 | 99.41 | Ecoli_0995_Taxon020_ NODE_7_length_119264_cov_65.343_ID_579651

CONTIG: NODE_8_length_117140_cov_65.3935_ID_579653 (117140bp)
Top Length: 117038  Top ID: 99.49
		One align captures most of this contig: 1793756 1910793 | 117038 1 | 117038 117038 | 99.49 | Ecoli_0995_Taxon020_ NODE_8_length_117140_cov_65.3935_ID_579653

CONTIG: NODE_9_length_108346_cov_65.3822_ID_579655 (108346bp)
Top Length: 108291  Top ID: 99.4
		One align captures most of this contig: 3256881 3365171 | 108346 56 | 108291 108291 | 99.4 | Ecoli_0995_Taxon020_ NODE_9_length_108346_cov_65.3822_ID_579655

CONTIG: NODE_10_length_106073_cov_65.3968_ID_579657 (106073bp)
Top Length: 106019  Top ID: 99.49
		One align captures most of this contig: 4348894 4454912 | 106019 1 | 106019 106019 | 99.49 | Ecoli_0995_Taxon020_ NODE_10_length_106073_cov_65.3968_ID_579657

CONTIG: NODE_11_length_105087_cov_65.6875_ID_579659 (105087bp)
Top Length: 105087  Top ID: 99.5
		One align captures most of this contig: 2183887 2288973 | 1 105087 | 105087 105087 | 99.5 | Ecoli_0995_Taxon020_ NODE_11_length_105087_cov_65.6875_ID_579659

CONTIG: NODE_14_length_91653_cov_64.8683_ID_579665 (91653bp)
Top Length: 91653  Top ID: 99.52
		One align captures most of this contig: 3767521 3859173 | 1 91653 | 91653 91653 | 99.52 | Ecoli_0995_Taxon020_ NODE_14_length_91653_cov_64.8683_ID_579665

CONTIG: NODE_15_length_89740_cov_66.0788_ID_579667 (89740bp)
Top Length: 88170  Top ID: 99.41
		This contig is misassembled. 2 total aligns.
			Excluding internal overlap of size 442 between Alignment 1 and 2:  1095445 1097402 | 89740 87783 | 1958 1958 --> 1095445 1096960 | 89740 88225 | 1516 1516
			Real Alignment 1: 1097142 1185311 | 88224 55 | 88170 88170 | 99.41 | Ecoli_0995_Taxon020_ NODE_15_length_89740_cov_66.0788_ID_579667
			  Gap between these two alignments (local misassembly). Inconsistency = 181 
			Real Alignment 2: 1095445 1096960 | 89740 88225 | 1516 1516 | 99.28 | Ecoli_0995_Taxon020_ NODE_15_length_89740_cov_66.0788_ID_579667

CONTIG: NODE_16_length_88331_cov_65.8361_ID_579669 (88331bp)
Top Length: 88331  Top ID: 99.47
		Marking as insignificant: 4606079 4606166 | 35798 35711 | 88 88 | 100.0 | Ecoli_0995_Taxon020_ NODE_16_length_88331_cov_65.8361_ID_579669
		Marking as insignificant: 4606315 4606403 | 35798 35710 | 89 89 | 100.0 | Ecoli_0995_Taxon020_ NODE_16_length_88331_cov_65.8361_ID_579669
		One align captures most of this contig: 3946895 4035225 | 1 88331 | 88331 88331 | 99.47 | Ecoli_0995_Taxon020_ NODE_16_length_88331_cov_65.8361_ID_579669

CONTIG: NODE_17_length_87964_cov_65.5366_ID_579671 (87964bp)
Top Length: 87964  Top ID: 99.42
		Marking as insignificant: 3103550 3103675 | 19960 19835 | 126 126 | 97.62 | Ecoli_0995_Taxon020_ NODE_17_length_87964_cov_65.5366_ID_579671
		Marking as insignificant: 596978 597105 | 19833 19960 | 128 128 | 98.44 | Ecoli_0995_Taxon020_ NODE_17_length_87964_cov_65.5366_ID_579671
		One align captures most of this contig: 763298 851261 | 87964 1 | 87964 87964 | 99.42 | Ecoli_0995_Taxon020_ NODE_17_length_87964_cov_65.5366_ID_579671

CONTIG: NODE_18_length_79853_cov_65.9053_ID_579673 (79853bp)
Top Length: 79853  Top ID: 99.41
		One align captures most of this contig: 2102889 2182741 | 79853 1 | 79853 79853 | 99.41 | Ecoli_0995_Taxon020_ NODE_18_length_79853_cov_65.9053_ID_579673

CONTIG: NODE_19_length_79530_cov_66.0586_ID_579675 (79530bp)
Top Length: 79530  Top ID: 99.47
		Marking as insignificant: 4117734 4117819 | 1 86 | 86 86 | 98.84 | Ecoli_0995_Taxon020_ NODE_19_length_79530_cov_66.0586_ID_579675
		Marking as insignificant: 4035165 4035256 | 92 1 | 92 92 | 100.0 | Ecoli_0995_Taxon020_ NODE_19_length_79530_cov_66.0586_ID_579675
		One align captures most of this contig: 3862004 3941533 | 79530 1 | 79530 79530 | 99.47 | Ecoli_0995_Taxon020_ NODE_19_length_79530_cov_66.0586_ID_579675

CONTIG: NODE_22_length_73758_cov_65.271_ID_579681 (73758bp)
Top Length: 73703  Top ID: 99.5
		Marking as insignificant: 2059846 2059930 | 65636 65552 | 85 85 | 100.0 | Ecoli_0995_Taxon020_ NODE_22_length_73758_cov_65.271_ID_579681
		Marking as insignificant: 2062236 2062339 | 65655 65552 | 104 104 | 97.12 | Ecoli_0995_Taxon020_ NODE_22_length_73758_cov_65.271_ID_579681
		One align captures most of this contig: 1992527 2066229 | 56 73758 | 73703 73703 | 99.5 | Ecoli_0995_Taxon020_ NODE_22_length_73758_cov_65.271_ID_579681

CONTIG: NODE_24_length_67824_cov_65.7116_ID_579685 (67824bp)
Top Length: 67824  Top ID: 99.53
		Marking as insignificant: 3619192 3619399 | 208 1 | 208 208 | 97.6 | Ecoli_0995_Taxon020_ NODE_24_length_67824_cov_65.7116_ID_579685
		One align captures most of this contig: 3694617 3762440 | 1 67824 | 67824 67824 | 99.53 | Ecoli_0995_Taxon020_ NODE_24_length_67824_cov_65.7116_ID_579685

CONTIG: NODE_25_length_66357_cov_65.0628_ID_579687 (66357bp)
Top Length: 34543  Top ID: 99.42
		This contig is misassembled. 2 total aligns.
			Real Alignment 1: 2546036 2577794 | 56 31814 | 31759 31759 | 99.38 | Ecoli_0995_Taxon020_ NODE_25_length_66357_cov_65.0628_ID_579687
			  Extensive misassembly ( inversion ) between these two alignments
			Real Alignment 2: 2577670 2612212 | 66357 31815 | 34543 34543 | 99.42 | Ecoli_0995_Taxon020_ NODE_25_length_66357_cov_65.0628_ID_579687

CONTIG: NODE_27_length_60768_cov_64.5876_ID_579691 (60768bp)
Top Length: 60768  Top ID: 99.43
		One align captures most of this contig: 1571847 1632614 | 60768 1 | 60768 60768 | 99.43 | Ecoli_0995_Taxon020_ NODE_27_length_60768_cov_64.5876_ID_579691

CONTIG: NODE_29_length_59673_cov_65.2448_ID_579695 (59673bp)
Top Length: 59673  Top ID: 99.58
		One align captures most of this contig: 3187372 3247044 | 1 59673 | 59673 59673 | 99.58 | Ecoli_0995_Taxon020_ NODE_29_length_59673_cov_65.2448_ID_579695

CONTIG: NODE_30_length_59359_cov_65.2289_ID_579697 (59359bp)
Top Length: 59359  Top ID: 99.4
		One align captures most of this contig: 2612126 2671484 | 59359 1 | 59359 59359 | 99.4 | Ecoli_0995_Taxon020_ NODE_30_length_59359_cov_65.2289_ID_579697

CONTIG: NODE_31_length_57782_cov_65.6768_ID_579699 (57782bp)
Top Length: 36794  Top ID: 99.53
		This contig is misassembled. 2 total aligns.
			Excluding internal overlap of size 1 between Alignment 1 and 2:  1445812 1466800 | 36794 57782 | 20989 20989 --> 1445813 1466800 | 36795 57782 | 20988 20988
			Real Alignment 1: 1491445 1528238 | 36794 1 | 36794 36794 | 99.53 | Ecoli_0995_Taxon020_ NODE_31_length_57782_cov_65.6768_ID_579699
			  Extensive misassembly ( relocation, inconsistency = -82426 ) between these two alignments
			Real Alignment 2: 1445813 1466800 | 36795 57782 | 20988 20988 | 99.37 | Ecoli_0995_Taxon020_ NODE_31_length_57782_cov_65.6768_ID_579699

CONTIG: NODE_32_length_56618_cov_65.7604_ID_579701 (56618bp)
Top Length: 56618  Top ID: 99.48
		One align captures most of this contig: 3394071 3450688 | 1 56618 | 56618 56618 | 99.48 | Ecoli_0995_Taxon020_ NODE_32_length_56618_cov_65.7604_ID_579701

CONTIG: NODE_33_length_54897_cov_65.9487_ID_579703 (54897bp)
Top Length: 54828  Top ID: 99.51
		Marking as insignificant: 831302 831427 | 43526 43651 | 126 126 | 98.41 | Ecoli_0995_Taxon020_ NODE_33_length_54897_cov_65.9487_ID_579703
		One align captures most of this contig: 3060025 3114852 | 1 54828 | 54828 54828 | 99.51 | Ecoli_0995_Taxon020_ NODE_33_length_54897_cov_65.9487_ID_579703

CONTIG: NODE_36_length_53647_cov_64.6131_ID_579709 (53647bp)
Top Length: 53647  Top ID: 99.44
		Marking as insignificant: 4171866 4171965 | 1 100 | 100 100 | 100.0 | Ecoli_0995_Taxon020_ NODE_36_length_53647_cov_64.6131_ID_579709
		One align captures most of this contig: 4040746 4094392 | 1 53647 | 53647 53647 | 99.44 | Ecoli_0995_Taxon020_ NODE_36_length_53647_cov_64.6131_ID_579709

CONTIG: NODE_37_length_51851_cov_64.9021_ID_579711 (51851bp)
Top Length: 51851  Top ID: 99.48
		One align captures most of this contig: 2997640 3049490 | 1 51851 | 51851 51851 | 99.48 | Ecoli_0995_Taxon020_ NODE_37_length_51851_cov_64.9021_ID_579711

CONTIG: NODE_38_length_43987_cov_65.2372_ID_579713 (43987bp)
Top Length: 43878  Top ID: 99.53
		One align captures most of this contig: 4124644 4168521 | 110 43987 | 43878 43878 | 99.53 | Ecoli_0995_Taxon020_ NODE_38_length_43987_cov_65.2372_ID_579713

CONTIG: NODE_42_length_34830_cov_65.1819_ID_579721 (34830bp)
Top Length: 34830  Top ID: 99.39
		One align captures most of this contig: 1936774 1971603 | 1 34830 | 34830 34830 | 99.39 | Ecoli_0995_Taxon020_ NODE_42_length_34830_cov_65.1819_ID_579721

CONTIG: NODE_44_length_33561_cov_65.3663_ID_579725 (33561bp)
Top Length: 33561  Top ID: 99.36
		One align captures most of this contig: 871104 904664 | 1 33561 | 33561 33561 | 99.36 | Ecoli_0995_Taxon020_ NODE_44_length_33561_cov_65.3663_ID_579725

CONTIG: NODE_48_length_30673_cov_64.6138_ID_579733 (30673bp)
Top Length: 30612  Top ID: 99.51
		One align captures most of this contig: 2421374 2451985 | 30612 1 | 30612 30612 | 99.51 | Ecoli_0995_Taxon020_ NODE_48_length_30673_cov_64.6138_ID_579733

CONTIG: NODE_51_length_28000_cov_65.0861_ID_579739 (28000bp)
Top Length: 28000  Top ID: 99.51
		One align captures most of this contig: 4470242 4498241 | 1 28000 | 28000 28000 | 99.51 | Ecoli_0995_Taxon020_ NODE_51_length_28000_cov_65.0861_ID_579739

CONTIG: NODE_52_length_26668_cov_63.8094_ID_579741 (26668bp)
Top Length: 26668  Top ID: 99.47
		One align captures most of this contig: 3625423 3652090 | 26668 1 | 26668 26668 | 99.47 | Ecoli_0995_Taxon020_ NODE_52_length_26668_cov_63.8094_ID_579741

CONTIG: NODE_55_length_22257_cov_65.2067_ID_579747 (22257bp)
Top Length: 22257  Top ID: 99.5
		One align captures most of this contig: 1469293 1491549 | 22257 1 | 22257 22257 | 99.5 | Ecoli_0995_Taxon020_ NODE_55_length_22257_cov_65.2067_ID_579747

CONTIG: NODE_56_length_21512_cov_65.451_ID_579749 (21512bp)
Top Length: 19688  Top ID: 99.57
		This contig is misassembled. 2 total aligns.
			Real Alignment 1: 688991 690813 | 1 1823 | 1823 1823 | 99.84 | Ecoli_0995_Taxon020_ NODE_56_length_21512_cov_65.451_ID_579749
			  Extensive misassembly ( relocation, inconsistency = -1824 ) between these two alignments
			Real Alignment 2: 688991 708678 | 21512 1825 | 19688 19688 | 99.57 | Ecoli_0995_Taxon020_ NODE_56_length_21512_cov_65.451_ID_579749

CONTIG: NODE_59_length_19598_cov_63.9279_ID_579755 (19598bp)
Top Length: 19598  Top ID: 99.43
		One align captures most of this contig: 547237 566834 | 1 19598 | 19598 19598 | 99.43 | Ecoli_0995_Taxon020_ NODE_59_length_19598_cov_63.9279_ID_579755

CONTIG: NODE_60_length_19056_cov_66.1482_ID_579757 (19056bp)
Top Length: 19056  Top ID: 99.31
		Marking as insignificant: 3497533 3497677 | 18912 19056 | 145 145 | 99.31 | Ecoli_0995_Taxon020_ NODE_60_length_19056_cov_66.1482_ID_579757
		Marking as insignificant: 4207843 4208055 | 18842 19056 | 213 215 | 98.6 | Ecoli_0995_Taxon020_ NODE_60_length_19056_cov_66.1482_ID_579757
		One align captures most of this contig: 204624 223679 | 1 19056 | 19056 19056 | 99.31 | Ecoli_0995_Taxon020_ NODE_60_length_19056_cov_66.1482_ID_579757

CONTIG: NODE_61_length_18501_cov_70.0702_ID_579759 (18501bp)
Top Length: 18501  Top ID: 99.39
		One align captures most of this contig: 2290059 2308559 | 1 18501 | 18501 18501 | 99.39 | Ecoli_0995_Taxon020_ NODE_61_length_18501_cov_70.0702_ID_579759

CONTIG: NODE_62_length_17930_cov_64.9729_ID_579761 (17930bp)
Top Length: 17930  Top ID: 99.43
		One align captures most of this contig: 1375002 1392931 | 1 17930 | 17930 17930 | 99.43 | Ecoli_0995_Taxon020_ NODE_62_length_17930_cov_64.9729_ID_579761

CONTIG: NODE_63_length_17636_cov_75.9019_ID_579763 (17636bp)
Top Length: 17636  Top ID: 99.34
		Marking as insignificant: 580283 581362 | 5109 6188 | 1080 1080 | 97.13 | Ecoli_0995_Taxon020_ NODE_63_length_17636_cov_75.9019_ID_579763
		Marking as insignificant: 1432208 1434034 | 6939 8765 | 1827 1827 | 98.91 | Ecoli_0995_Taxon020_ NODE_63_length_17636_cov_75.9019_ID_579763
		One align captures most of this contig: 1633262 1650897 | 1 17636 | 17636 17636 | 99.34 | Ecoli_0995_Taxon020_ NODE_63_length_17636_cov_75.9019_ID_579763

CONTIG: NODE_64_length_15441_cov_64.2853_ID_579765 (15441bp)
Top Length: 15441  Top ID: 99.41
		One align captures most of this contig: 1 15441 | 15441 1 | 15441 15441 | 99.41 | Ecoli_0995_Taxon020_ NODE_64_length_15441_cov_64.2853_ID_579765

CONTIG: NODE_65_length_15439_cov_66.3426_ID_579767 (15439bp)
Top Length: 15439  Top ID: 99.52
		One align captures most of this contig: 4454858 4470296 | 1 15439 | 15439 15439 | 99.52 | Ecoli_0995_Taxon020_ NODE_65_length_15439_cov_66.3426_ID_579767

CONTIG: NODE_66_length_15351_cov_66.7403_ID_579769 (15351bp)
Top Length: 15351  Top ID: 99.53
		One align captures most of this contig: 3114850 3130200 | 1 15351 | 15351 15351 | 99.53 | Ecoli_0995_Taxon020_ NODE_66_length_15351_cov_66.7403_ID_579769

CONTIG: NODE_67_length_13877_cov_64.3757_ID_579771 (13877bp)
Top Length: 13877  Top ID: 99.54
		One align captures most of this contig: 1912453 1926329 | 13877 1 | 13877 13877 | 99.54 | Ecoli_0995_Taxon020_ NODE_67_length_13877_cov_64.3757_ID_579771

CONTIG: NODE_68_length_13251_cov_67.1022_ID_579773 (13251bp)
Top Length: 13251  Top ID: 99.46
		Marking as insignificant: 4207913 4208055 | 13107 13251 | 143 145 | 97.24 | Ecoli_0995_Taxon020_ NODE_68_length_13251_cov_67.1022_ID_579773
		Marking as insignificant: 223535 223679 | 13107 13251 | 145 145 | 99.31 | Ecoli_0995_Taxon020_ NODE_68_length_13251_cov_67.1022_ID_579773
		One align captures most of this contig: 3484427 3497677 | 1 13251 | 13251 13251 | 99.46 | Ecoli_0995_Taxon020_ NODE_68_length_13251_cov_67.1022_ID_579773

CONTIG: NODE_69_length_13084_cov_66.3914_ID_579775 (13084bp)
Top Length: 13084  Top ID: 99.56
		One align captures most of this contig: 3653176 3666259 | 13084 1 | 13084 13084 | 99.56 | Ecoli_0995_Taxon020_ NODE_69_length_13084_cov_66.3914_ID_579775

CONTIG: NODE_71_length_12746_cov_65.0817_ID_579779 (12746bp)
Top Length: 12746  Top ID: 99.47
		One align captures most of this contig: 392909 405654 | 1 12746 | 12746 12746 | 99.47 | Ecoli_0995_Taxon020_ NODE_71_length_12746_cov_65.0817_ID_579779

CONTIG: NODE_75_length_12141_cov_66.8565_ID_579787 (12141bp)
Top Length: 12141  Top ID: 99.59
		One align captures most of this contig: 114365 126505 | 12141 1 | 12141 12141 | 99.59 | Ecoli_0995_Taxon020_ NODE_75_length_12141_cov_66.8565_ID_579787

CONTIG: NODE_76_length_12025_cov_65.6081_ID_579789 (12025bp)
Top Length: 12025  Top ID: 99.43
		Marking as insignificant: 1979166 1979270 | 1 105 | 105 105 | 98.1 | Ecoli_0995_Taxon020_ NODE_76_length_12025_cov_65.6081_ID_579789
		Marking as insignificant: 291297 291401 | 1 105 | 105 105 | 100.0 | Ecoli_0995_Taxon020_ NODE_76_length_12025_cov_65.6081_ID_579789
		Marking as insignificant: 279826 279930 | 1 105 | 105 105 | 100.0 | Ecoli_0995_Taxon020_ NODE_76_length_12025_cov_65.6081_ID_579789
		Marking as insignificant: 3583427 3583532 | 106 1 | 106 106 | 100.0 | Ecoli_0995_Taxon020_ NODE_76_length_12025_cov_65.6081_ID_579789
		One align captures most of this contig: 258571 270595 | 1 12025 | 12025 12025 | 99.43 | Ecoli_0995_Taxon020_ NODE_76_length_12025_cov_65.6081_ID_579789

CONTIG: NODE_77_length_11129_cov_66.6315_ID_579791 (11129bp)
Top Length: 11129  Top ID: 99.58
		One align captures most of this contig: 1434682 1445810 | 11129 1 | 11129 11129 | 99.58 | Ecoli_0995_Taxon020_ NODE_77_length_11129_cov_66.6315_ID_579791

CONTIG: NODE_83_length_9504_cov_65.4154_ID_579803 (9504bp)
Top Length: 9504  Top ID: 99.51
		One align captures most of this contig: 1185311 1194814 | 1 9504 | 9504 9504 | 99.51 | Ecoli_0995_Taxon020_ NODE_83_length_9504_cov_65.4154_ID_579803

CONTIG: NODE_84_length_9228_cov_66.7099_ID_579805 (9228bp)
Top Length: 9228  Top ID: 99.6
		One align captures most of this contig: 382536 391763 | 1 9228 | 9228 9228 | 99.6 | Ecoli_0995_Taxon020_ NODE_84_length_9228_cov_66.7099_ID_579805

CONTIG: NODE_86_length_8062_cov_65.1847_ID_579809 (8062bp)
Top Length: 8062  Top ID: 99.53
		One align captures most of this contig: 4499457 4507518 | 8062 1 | 8062 8062 | 99.53 | Ecoli_0995_Taxon020_ NODE_86_length_8062_cov_65.1847_ID_579809

CONTIG: NODE_87_length_8057_cov_68.6572_ID_579811 (8057bp)
Top Length: 8057  Top ID: 99.43
		Marking as insignificant: 4094338 4094626 | 1 289 | 289 289 | 96.89 | Ecoli_0995_Taxon020_ NODE_87_length_8057_cov_68.6572_ID_579811
		One align captures most of this contig: 4094430 4102486 | 1 8057 | 8057 8057 | 99.43 | Ecoli_0995_Taxon020_ NODE_87_length_8057_cov_68.6572_ID_579811

CONTIG: NODE_91_length_7373_cov_66.5611_ID_579819 (7373bp)
Top Length: 7373  Top ID: 99.58
		One align captures most of this contig: 3365172 3372544 | 7373 1 | 7373 7373 | 99.58 | Ecoli_0995_Taxon020_ NODE_91_length_7373_cov_66.5611_ID_579819

CONTIG: NODE_93_length_7009_cov_65.67_ID_579823 (7009bp)
Top Length: 7009  Top ID: 99.56
		One align captures most of this contig: 1971549 1978557 | 7009 1 | 7009 7009 | 99.56 | Ecoli_0995_Taxon020_ NODE_93_length_7009_cov_65.67_ID_579823

CONTIG: NODE_94_length_6989_cov_62.9223_ID_579825 (6989bp)
Top Length: 6989  Top ID: 99.64
		One align captures most of this contig: 2507339 2514327 | 6989 1 | 6989 6989 | 99.64 | Ecoli_0995_Taxon020_ NODE_94_length_6989_cov_62.9223_ID_579825

CONTIG: NODE_96_length_6880_cov_64.7848_ID_579829 (6880bp)
Top Length: 6880  Top ID: 99.52
		One align captures most of this contig: 4117765 4124644 | 6880 1 | 6880 6880 | 99.52 | Ecoli_0995_Taxon020_ NODE_96_length_6880_cov_64.7848_ID_579829

CONTIG: NODE_97_length_6839_cov_64.3016_ID_579831 (6839bp)
Top Length: 6839  Top ID: 99.56
		One align captures most of this contig: 864320 871158 | 6839 1 | 6839 6839 | 99.56 | Ecoli_0995_Taxon020_ NODE_97_length_6839_cov_64.3016_ID_579831

CONTIG: NODE_98_length_6666_cov_63.2857_ID_579833 (6666bp)
Top Length: 6666  Top ID: 99.58
		One align captures most of this contig: 567980 574645 | 6666 1 | 6666 6666 | 99.58 | Ecoli_0995_Taxon020_ NODE_98_length_6666_cov_63.2857_ID_579833

CONTIG: NODE_99_length_6617_cov_65.0994_ID_579835 (6617bp)
Top Length: 6617  Top ID: 99.62
		One align captures most of this contig: 904664 911280 | 1 6617 | 6617 6617 | 99.62 | Ecoli_0995_Taxon020_ NODE_99_length_6617_cov_65.0994_ID_579835

CONTIG: NODE_101_length_5979_cov_68.8425_ID_579839 (5979bp)
Top Length: 5979  Top ID: 99.45
		Marking as insignificant: 578127 578496 | 4748 4379 | 370 370 | 95.95 | Ecoli_0995_Taxon020_ NODE_101_length_5979_cov_68.8425_ID_579839
		One align captures most of this contig: 1421969 1427947 | 5979 1 | 5979 5979 | 99.45 | Ecoli_0995_Taxon020_ NODE_101_length_5979_cov_68.8425_ID_579839

CONTIG: NODE_104_length_5180_cov_64.7481_ID_579845 (5180bp)
Top Length: 5180  Top ID: 99.48
		One align captures most of this contig: 3472994 3478173 | 5180 1 | 5180 5180 | 99.48 | Ecoli_0995_Taxon020_ NODE_104_length_5180_cov_64.7481_ID_579845

CONTIG: NODE_105_length_4580_cov_66.2225_ID_579847 (4580bp)
Top Length: 4580  Top ID: 99.65
		One align captures most of this contig: 4107707 4112286 | 1 4580 | 4580 4580 | 99.65 | Ecoli_0995_Taxon020_ NODE_105_length_4580_cov_66.2225_ID_579847

CONTIG: NODE_106_length_4545_cov_65.6731_ID_579849 (4545bp)
Top Length: 4545  Top ID: 99.49
		One align captures most of this contig: 3468453 3472997 | 1 4545 | 4545 4545 | 99.49 | Ecoli_0995_Taxon020_ NODE_106_length_4545_cov_65.6731_ID_579849

CONTIG: NODE_108_length_4363_cov_64.4162_ID_579853 (4363bp)
Top Length: 4363  Top ID: 99.5
		One align captures most of this contig: 2503031 2507393 | 1 4363 | 4363 4363 | 99.5 | Ecoli_0995_Taxon020_ NODE_108_length_4363_cov_64.4162_ID_579853

CONTIG: NODE_110_length_4247_cov_67.8838_ID_579857 (4247bp)
Top Length: 4247  Top ID: 99.67
		One align captures most of this contig: 3372598 3376844 | 4247 1 | 4247 4247 | 99.67 | Ecoli_0995_Taxon020_ NODE_110_length_4247_cov_67.8838_ID_579857

CONTIG: NODE_111_length_4151_cov_66.4011_ID_579859 (4151bp)
Top Length: 4151  Top ID: 99.59
		One align captures most of this contig: 1428217 1432367 | 4151 1 | 4151 4151 | 99.59 | Ecoli_0995_Taxon020_ NODE_111_length_4151_cov_66.4011_ID_579859

CONTIG: NODE_113_length_3322_cov_66.2498_ID_579863 (3322bp)
Top Length: 3322  Top ID: 99.55
		One align captures most of this contig: 4168467 4171788 | 1 3322 | 3322 3322 | 99.55 | Ecoli_0995_Taxon020_ NODE_113_length_3322_cov_66.2498_ID_579863

CONTIG: NODE_114_length_3297_cov_91.6018_ID_579865 (3297bp)
Top Length: 1868  Top ID: 98.77
		Skipping redundant alignment 735039 735170 | 1 132 | 132 132 | 98.48 | Ecoli_0995_Taxon020_ NODE_114_length_3297_cov_91.6018_ID_579865
		Skipping redundant alignment 3623835 3624231 | 518 914 | 397 397 | 95.72 | Ecoli_0995_Taxon020_ NODE_114_length_3297_cov_91.6018_ID_579865
		Skipping redundant alignment 734714 735142 | 1430 1857 | 429 428 | 96.97 | Ecoli_0995_Taxon020_ NODE_114_length_3297_cov_91.6018_ID_579865
		Skipping redundant alignment 3765453 3765871 | 1440 1857 | 419 418 | 96.18 | Ecoli_0995_Taxon020_ NODE_114_length_3297_cov_91.6018_ID_579865
		Skipping redundant alignment 3766285 3766683 | 2812 3210 | 399 399 | 96.74 | Ecoli_0995_Taxon020_ NODE_114_length_3297_cov_91.6018_ID_579865
		This contig is misassembled. 7 total aligns.
			Excluding internal overlap of size 428 between Alignment 1 and 2:  3765768 3767624 | 1 1857 | 1857 1857 --> 3765768 3767196 | 1 1429 | 1429 1429
			Real Alignment 1: 3765768 3767196 | 1 1429 | 1429 1429 | 98.71 | Ecoli_0995_Taxon020_ NODE_114_length_3297_cov_91.6018_ID_579865
			  Extensive misassembly ( relocation, inconsistency = -144745 ) between these two alignments
			Real Alignment 2: 3622452 3624320 | 1430 3297 | 1869 1868 | 98.77 | Ecoli_0995_Taxon020_ NODE_114_length_3297_cov_91.6018_ID_579865

CONTIG: NODE_115_length_3189_cov_68.0377_ID_579867 (3189bp)
Top Length: 3189  Top ID: 99.59
		One align captures most of this contig: 3452213 3455401 | 3189 1 | 3189 3189 | 99.59 | Ecoli_0995_Taxon020_ NODE_115_length_3189_cov_68.0377_ID_579867

CONTIG: NODE_118_length_2940_cov_61.764_ID_579873 (2940bp)
Top Length: 2940  Top ID: 99.76
		One align captures most of this contig: 3859119 3862058 | 1 2940 | 2940 2940 | 99.76 | Ecoli_0995_Taxon020_ NODE_118_length_2940_cov_61.764_ID_579873

CONTIG: NODE_122_length_2216_cov_63.751_ID_579881 (2216bp)
Top Length: 2216  Top ID: 99.55
		One align captures most of this contig: 126451 128666 | 2216 1 | 2216 2216 | 99.55 | Ecoli_0995_Taxon020_ NODE_122_length_2216_cov_63.751_ID_579881

CONTIG: NODE_126_length_1750_cov_63.4991_ID_579889 (1750bp)
Top Length: 1750  Top ID: 99.66
		One align captures most of this contig: 2067246 2068995 | 1750 1 | 1750 1750 | 99.66 | Ecoli_0995_Taxon020_ NODE_126_length_1750_cov_63.4991_ID_579889

CONTIG: NODE_127_length_1716_cov_63.699_ID_579891 (1716bp)
Top Length: 1716  Top ID: 99.77
		One align captures most of this contig: 1910739 1912454 | 1 1716 | 1716 1716 | 99.77 | Ecoli_0995_Taxon020_ NODE_127_length_1716_cov_63.699_ID_579891

CONTIG: NODE_139_length_757_cov_123.128_ID_579915 (757bp)
Top Length: 757  Top ID: 98.41
		Marking as insignificant: 1434035 1434736 | 56 757 | 702 702 | 98.15 | Ecoli_0995_Taxon020_ NODE_139_length_757_cov_123.128_ID_579915
		One align captures most of this contig: 1632560 1633316 | 757 1 | 757 757 | 98.41 | Ecoli_0995_Taxon020_ NODE_139_length_757_cov_123.128_ID_579915

CONTIG: NODE_141_length_706_cov_437.367_ID_579919 (706bp)
Top Length: 706  Top ID: 100.0
		This contig has 7 significant alignments. [An ambiguously mapped contig]
		Using only first of these alignment (option --ambiguity-usage is set to "one"):
		Alignment: 2996361 2997066 | 1 706 | 706 706 | 100.0 | Ecoli_0995_Taxon020_ NODE_141_length_706_cov_437.367_ID_579919
		Skipping alignment  1468642 1469347 | 706 1 | 706 706 | 99.58 | Ecoli_0995_Taxon020_ NODE_141_length_706_cov_437.367_ID_579919
		Skipping alignment  2068941 2069645 | 1 705 | 705 705 | 99.72 | Ecoli_0995_Taxon020_ NODE_141_length_706_cov_437.367_ID_579919
		Skipping alignment  3186721 3187426 | 706 1 | 706 706 | 99.43 | Ecoli_0995_Taxon020_ NODE_141_length_706_cov_437.367_ID_579919
		Skipping alignment  381885 382590 | 706 1 | 706 706 | 99.01 | Ecoli_0995_Taxon020_ NODE_141_length_706_cov_437.367_ID_579919
		Skipping alignment  1650843 1651548 | 706 1 | 706 706 | 99.01 | Ecoli_0995_Taxon020_ NODE_141_length_706_cov_437.367_ID_579919
		Skipping alignment  4498806 4499511 | 706 1 | 706 706 | 99.01 | Ecoli_0995_Taxon020_ NODE_141_length_706_cov_437.367_ID_579919

CONTIG: NODE_142_length_659_cov_265.732_ID_579921 (659bp)
Top Length: 659  Top ID: 99.24
		Marking as insignificant: 3764877 3765535 | 1 659 | 659 659 | 97.42 | Ecoli_0995_Taxon020_ NODE_142_length_659_cov_265.732_ID_579921
		Marking as insignificant: 3621886 3622544 | 1 659 | 659 659 | 98.18 | Ecoli_0995_Taxon020_ NODE_142_length_659_cov_265.732_ID_579921
		Marking as insignificant: 732277 732935 | 1 659 | 659 659 | 98.18 | Ecoli_0995_Taxon020_ NODE_142_length_659_cov_265.732_ID_579921
		One align captures most of this contig: 734148 734806 | 1 659 | 659 659 | 99.24 | Ecoli_0995_Taxon020_ NODE_142_length_659_cov_265.732_ID_579921

CONTIG: NODE_143_length_546_cov_49.8961_ID_579923 (546bp)
Top Length: 546  Top ID: 99.82
		One align captures most of this contig: 3451667 3452212 | 546 1 | 546 546 | 99.82 | Ecoli_0995_Taxon020_ NODE_143_length_546_cov_49.8961_ID_579923

Analyzing coverage...
Writing SNPs into /net/metagenomics/projects/afritz_assemblies/Similarity_Experiment/Ecoli_OneTree/metaquast_strain_spades_c/Ecoli_0995/runs_per_reference/Ecoli_0995/contigs_reports/nucmer_output/contigs.used_snps
	Reference Ecoli_0995_Taxon020_: 85 total alignments. 1 total regions.
		Region: 1 to 4641652 (4641652 bp)
			Align 1: 1 15441 NODE_64_length_15441_cov_64.2853_ID_579765 15441 1
				Gap between this and next alignment: 15441 to 114365 (98923 bp)
				Next Alignment: 114365 126505 NODE_75_length_12141_cov_66.8565_ID_579787 12141 1

			Align 2: 114365 126505 NODE_75_length_12141_cov_66.8565_ID_579787 12141 1
				Negative gap (overlap) between this and next alignment: 126505 to 126451 (-54 bp)
				Next Alignment: 126451 128666 NODE_122_length_2216_cov_63.751_ID_579881 2216 1

			Previous gap was negative, modifying coordinates to ignore overlap
				Moving contig start from 2216 to 2161.
			Align 3: 126506 128666 NODE_122_length_2216_cov_63.751_ID_579881 2161 1
				Gap between this and next alignment: 128666 to 204624 (75957 bp)
				Next Alignment: 204624 223679 NODE_60_length_19056_cov_66.1482_ID_579757 1 19056

			Align 4: 204624 223679 NODE_60_length_19056_cov_66.1482_ID_579757 1 19056
				Gap between this and next alignment: 223679 to 258571 (34891 bp)
				Next Alignment: 258571 270595 NODE_76_length_12025_cov_65.6081_ID_579789 1 12025

			Align 5: 258571 270595 NODE_76_length_12025_cov_65.6081_ID_579789 1 12025
				Gap between this and next alignment: 270595 to 382536 (111940 bp)
				Next Alignment: 382536 391763 NODE_84_length_9228_cov_66.7099_ID_579805 1 9228

			Align 6: 382536 391763 NODE_84_length_9228_cov_66.7099_ID_579805 1 9228
				Gap between this and next alignment: 391763 to 392909 (1145 bp)
				Next Alignment: 392909 405654 NODE_71_length_12746_cov_65.0817_ID_579779 1 12746

			Align 7: 392909 405654 NODE_71_length_12746_cov_65.0817_ID_579779 1 12746
				Gap between this and next alignment: 405654 to 406521 (866 bp)
				Next Alignment: 406521 525784 NODE_7_length_119264_cov_65.343_ID_579651 1 119264

			Align 8: 406521 525784 NODE_7_length_119264_cov_65.343_ID_579651 1 119264
				Gap between this and next alignment: 525784 to 547237 (21452 bp)
				Next Alignment: 547237 566834 NODE_59_length_19598_cov_63.9279_ID_579755 1 19598

			Align 9: 547237 566834 NODE_59_length_19598_cov_63.9279_ID_579755 1 19598
				Gap between this and next alignment: 566834 to 567980 (1145 bp)
				Next Alignment: 567980 574645 NODE_98_length_6666_cov_63.2857_ID_579833 6666 1

			Align 10: 567980 574645 NODE_98_length_6666_cov_63.2857_ID_579833 6666 1
				Gap between this and next alignment: 574645 to 688991 (114345 bp)
				Next Alignment: 688991 690813 NODE_56_length_21512_cov_65.451_ID_579749 1 1823

			Align 11: 688991 690813 NODE_56_length_21512_cov_65.451_ID_579749 1 1823
				Negative gap (overlap) between this and next alignment: 690813 to 688991 (-1822 bp)
				Next Alignment: 688991 708678 NODE_56_length_21512_cov_65.451_ID_579749 21512 1825

			Previous gap was negative, modifying coordinates to ignore overlap
				Moving contig start from 21512 to 19689.
			Align 12: 690814 708678 NODE_56_length_21512_cov_65.451_ID_579749 19689 1825
				Gap between this and next alignment: 708678 to 734148 (25469 bp)
				Next Alignment: 734148 734806 NODE_142_length_659_cov_265.732_ID_579921 1 659

			Align 13: 734148 734806 NODE_142_length_659_cov_265.732_ID_579921 1 659
				Gap between this and next alignment: 734806 to 763298 (28491 bp)
				Next Alignment: 763298 851261 NODE_17_length_87964_cov_65.5366_ID_579671 87964 1

			Align 14: 763298 851261 NODE_17_length_87964_cov_65.5366_ID_579671 87964 1
				Gap between this and next alignment: 851261 to 864320 (13058 bp)
				Next Alignment: 864320 871158 NODE_97_length_6839_cov_64.3016_ID_579831 6839 1

			Align 15: 864320 871158 NODE_97_length_6839_cov_64.3016_ID_579831 6839 1
				Negative gap (overlap) between this and next alignment: 871158 to 871104 (-54 bp)
				Next Alignment: 871104 904664 NODE_44_length_33561_cov_65.3663_ID_579725 1 33561

			Previous gap was negative, modifying coordinates to ignore overlap
				Moving contig start from 1 to 56.
			Align 16: 871159 904664 NODE_44_length_33561_cov_65.3663_ID_579725 56 33561
				Negative gap (overlap) between this and next alignment: 904664 to 904664 (0 bp)
				Next Alignment: 904664 911280 NODE_99_length_6617_cov_65.0994_ID_579835 1 6617

			Previous gap was negative, modifying coordinates to ignore overlap
				Moving contig start from 1 to 2.
			Align 17: 904665 911280 NODE_99_length_6617_cov_65.0994_ID_579835 2 6617
				Gap between this and next alignment: 911280 to 1095445 (184164 bp)
				Next Alignment: 1095445 1096960 NODE_15_length_89740_cov_66.0788_ID_579667 89740 88225

			Align 18: 1095445 1096960 NODE_15_length_89740_cov_66.0788_ID_579667 89740 88225
				Gap between this and next alignment: 1096960 to 1097142 (181 bp)
				Next Alignment: 1097142 1185311 NODE_15_length_89740_cov_66.0788_ID_579667 88224 55

			Align 19: 1097142 1185311 NODE_15_length_89740_cov_66.0788_ID_579667 88224 55
				Negative gap (overlap) between this and next alignment: 1185311 to 1185311 (0 bp)
				Next Alignment: 1185311 1194814 NODE_83_length_9504_cov_65.4154_ID_579803 1 9504

			Previous gap was negative, modifying coordinates to ignore overlap
				Moving contig start from 1 to 2.
			Align 20: 1185312 1194814 NODE_83_length_9504_cov_65.4154_ID_579803 2 9504
				Gap between this and next alignment: 1194814 to 1234679 (39864 bp)
				Next Alignment: 1234679 1375056 NODE_2_length_161420_cov_66.4316_ID_579641 1 140378

			Align 21: 1234679 1375056 NODE_2_length_161420_cov_66.4316_ID_579641 1 140378
				Negative gap (overlap) between this and next alignment: 1375056 to 1375002 (-54 bp)
				Next Alignment: 1375002 1392931 NODE_62_length_17930_cov_64.9729_ID_579761 1 17930

			Previous gap was negative, modifying coordinates to ignore overlap
				Moving contig start from 1 to 56.
			Align 22: 1375057 1392931 NODE_62_length_17930_cov_64.9729_ID_579761 56 17930
				Gap between this and next alignment: 1392931 to 1394017 (1085 bp)
				Next Alignment: 1394017 1415058 NODE_2_length_161420_cov_66.4316_ID_579641 161420 140379

			Align 23: 1394017 1415058 NODE_2_length_161420_cov_66.4316_ID_579641 161420 140379
				Gap between this and next alignment: 1415058 to 1421969 (6910 bp)
				Next Alignment: 1421969 1427947 NODE_101_length_5979_cov_68.8425_ID_579839 5979 1

			Align 24: 1421969 1427947 NODE_101_length_5979_cov_68.8425_ID_579839 5979 1
				Gap between this and next alignment: 1427947 to 1428217 (269 bp)
				Next Alignment: 1428217 1432367 NODE_111_length_4151_cov_66.4011_ID_579859 4151 1

			Align 25: 1428217 1432367 NODE_111_length_4151_cov_66.4011_ID_579859 4151 1
				Gap between this and next alignment: 1432367 to 1434682 (2314 bp)
				Next Alignment: 1434682 1445810 NODE_77_length_11129_cov_66.6315_ID_579791 11129 1

			Align 26: 1434682 1445810 NODE_77_length_11129_cov_66.6315_ID_579791 11129 1
				Gap between this and next alignment: 1445810 to 1445813 (2 bp)
				Next Alignment: 1445813 1466800 NODE_31_length_57782_cov_65.6768_ID_579699 36795 57782

			Align 27: 1445813 1466800 NODE_31_length_57782_cov_65.6768_ID_579699 36795 57782
				Gap between this and next alignment: 1466800 to 1469293 (2492 bp)
				Next Alignment: 1469293 1491549 NODE_55_length_22257_cov_65.2067_ID_579747 22257 1

			Align 28: 1469293 1491549 NODE_55_length_22257_cov_65.2067_ID_579747 22257 1
				Negative gap (overlap) between this and next alignment: 1491549 to 1491445 (-104 bp)
				Next Alignment: 1491445 1528238 NODE_31_length_57782_cov_65.6768_ID_579699 36794 1

			Previous gap was negative, modifying coordinates to ignore overlap
				Moving contig start from 36794 to 36689.
			Align 29: 1491550 1528238 NODE_31_length_57782_cov_65.6768_ID_579699 36689 1
				Gap between this and next alignment: 1528238 to 1571847 (43608 bp)
				Next Alignment: 1571847 1632614 NODE_27_length_60768_cov_64.5876_ID_579691 60768 1

			Align 30: 1571847 1632614 NODE_27_length_60768_cov_64.5876_ID_579691 60768 1
				Negative gap (overlap) between this and next alignment: 1632614 to 1632560 (-54 bp)
				Next Alignment: 1632560 1633316 NODE_139_length_757_cov_123.128_ID_579915 757 1

			Previous gap was negative, modifying coordinates to ignore overlap
				Moving contig start from 757 to 702.
			Align 31: 1632615 1633316 NODE_139_length_757_cov_123.128_ID_579915 702 1
				Negative gap (overlap) between this and next alignment: 1633316 to 1633262 (-54 bp)
				Next Alignment: 1633262 1650897 NODE_63_length_17636_cov_75.9019_ID_579763 1 17636

			Previous gap was negative, modifying coordinates to ignore overlap
				Moving contig start from 1 to 56.
			Align 32: 1633317 1650897 NODE_63_length_17636_cov_75.9019_ID_579763 56 17636
				Gap between this and next alignment: 1650897 to 1651494 (596 bp)
				Next Alignment: 1651494 1793737 NODE_3_length_142244_cov_65.6647_ID_579643 1 142244

			Align 33: 1651494 1793737 NODE_3_length_142244_cov_65.6647_ID_579643 1 142244
				Gap between this and next alignment: 1793737 to 1793756 (18 bp)
				Next Alignment: 1793756 1910793 NODE_8_length_117140_cov_65.3935_ID_579653 117038 1

			Align 34: 1793756 1910793 NODE_8_length_117140_cov_65.3935_ID_579653 117038 1
				Negative gap (overlap) between this and next alignment: 1910793 to 1910739 (-54 bp)
				Next Alignment: 1910739 1912454 NODE_127_length_1716_cov_63.699_ID_579891 1 1716

			Previous gap was negative, modifying coordinates to ignore overlap
				Moving contig start from 1 to 56.
			Align 35: 1910794 1912454 NODE_127_length_1716_cov_63.699_ID_579891 56 1716
				Negative gap (overlap) between this and next alignment: 1912454 to 1912453 (-1 bp)
				Next Alignment: 1912453 1926329 NODE_67_length_13877_cov_64.3757_ID_579771 13877 1

			Previous gap was negative, modifying coordinates to ignore overlap
				Moving contig start from 13877 to 13875.
			Align 36: 1912455 1926329 NODE_67_length_13877_cov_64.3757_ID_579771 13875 1
				Gap between this and next alignment: 1926329 to 1936774 (10444 bp)
				Next Alignment: 1936774 1971603 NODE_42_length_34830_cov_65.1819_ID_579721 1 34830

			Align 37: 1936774 1971603 NODE_42_length_34830_cov_65.1819_ID_579721 1 34830
				Negative gap (overlap) between this and next alignment: 1971603 to 1971549 (-54 bp)
				Next Alignment: 1971549 1978557 NODE_93_length_7009_cov_65.67_ID_579823 7009 1

			Previous gap was negative, modifying coordinates to ignore overlap
				Moving contig start from 7009 to 6954.
			Align 38: 1971604 1978557 NODE_93_length_7009_cov_65.67_ID_579823 6954 1
				Gap between this and next alignment: 1978557 to 1992527 (13969 bp)
				Next Alignment: 1992527 2066229 NODE_22_length_73758_cov_65.271_ID_579681 56 73758

			Align 39: 1992527 2066229 NODE_22_length_73758_cov_65.271_ID_579681 56 73758
				Gap between this and next alignment: 2066229 to 2067246 (1016 bp)
				Next Alignment: 2067246 2068995 NODE_126_length_1750_cov_63.4991_ID_579889 1750 1

			Align 40: 2067246 2068995 NODE_126_length_1750_cov_63.4991_ID_579889 1750 1
				Gap between this and next alignment: 2068995 to 2102889 (33893 bp)
				Next Alignment: 2102889 2182741 NODE_18_length_79853_cov_65.9053_ID_579673 79853 1

			Align 41: 2102889 2182741 NODE_18_length_79853_cov_65.9053_ID_579673 79853 1
				Gap between this and next alignment: 2182741 to 2183887 (1145 bp)
				Next Alignment: 2183887 2288973 NODE_11_length_105087_cov_65.6875_ID_579659 1 105087

			Align 42: 2183887 2288973 NODE_11_length_105087_cov_65.6875_ID_579659 1 105087
				Gap between this and next alignment: 2288973 to 2290059 (1085 bp)
				Next Alignment: 2290059 2308559 NODE_61_length_18501_cov_70.0702_ID_579759 1 18501

			Align 43: 2290059 2308559 NODE_61_length_18501_cov_70.0702_ID_579759 1 18501
				Gap between this and next alignment: 2308559 to 2421374 (112814 bp)
				Next Alignment: 2421374 2451985 NODE_48_length_30673_cov_64.6138_ID_579733 30612 1

			Align 44: 2421374 2451985 NODE_48_length_30673_cov_64.6138_ID_579733 30612 1
				Gap between this and next alignment: 2451985 to 2503031 (51045 bp)
				Next Alignment: 2503031 2507393 NODE_108_length_4363_cov_64.4162_ID_579853 1 4363

			Align 45: 2503031 2507393 NODE_108_length_4363_cov_64.4162_ID_579853 1 4363
				Negative gap (overlap) between this and next alignment: 2507393 to 2507339 (-54 bp)
				Next Alignment: 2507339 2514327 NODE_94_length_6989_cov_62.9223_ID_579825 6989 1

			Previous gap was negative, modifying coordinates to ignore overlap
				Moving contig start from 6989 to 6934.
			Align 46: 2507394 2514327 NODE_94_length_6989_cov_62.9223_ID_579825 6934 1
				Gap between this and next alignment: 2514327 to 2546036 (31708 bp)
				Next Alignment: 2546036 2577794 NODE_25_length_66357_cov_65.0628_ID_579687 56 31814

			Align 47: 2546036 2577794 NODE_25_length_66357_cov_65.0628_ID_579687 56 31814
				Negative gap (overlap) between this and next alignment: 2577794 to 2577670 (-124 bp)
				Next Alignment: 2577670 2612212 NODE_25_length_66357_cov_65.0628_ID_579687 66357 31815

			Previous gap was negative, modifying coordinates to ignore overlap
				Moving contig start from 66357 to 66232.
			Align 48: 2577795 2612212 NODE_25_length_66357_cov_65.0628_ID_579687 66232 31815
				Negative gap (overlap) between this and next alignment: 2612212 to 2612126 (-86 bp)
				Next Alignment: 2612126 2671484 NODE_30_length_59359_cov_65.2289_ID_579697 59359 1

			Previous gap was negative, modifying coordinates to ignore overlap
				Moving contig start from 59359 to 59272.
			Align 49: 2612213 2671484 NODE_30_length_59359_cov_65.2289_ID_579697 59272 1
				Gap between this and next alignment: 2671484 to 2996361 (324876 bp)
				Next Alignment: 2996361 2997066 NODE_141_length_706_cov_437.367_ID_579919 1 706

			Align 50: 2996361 2997066 NODE_141_length_706_cov_437.367_ID_579919 1 706
				Gap between this and next alignment: 2997066 to 2997640 (573 bp)
				Next Alignment: 2997640 3049490 NODE_37_length_51851_cov_64.9021_ID_579711 1 51851

			Align 51: 2997640 3049490 NODE_37_length_51851_cov_64.9021_ID_579711 1 51851
				Gap between this and next alignment: 3049490 to 3060025 (10534 bp)
				Next Alignment: 3060025 3114852 NODE_33_length_54897_cov_65.9487_ID_579703 1 54828

			Align 52: 3060025 3114852 NODE_33_length_54897_cov_65.9487_ID_579703 1 54828
				Negative gap (overlap) between this and next alignment: 3114852 to 3114850 (-2 bp)
				Next Alignment: 3114850 3130200 NODE_66_length_15351_cov_66.7403_ID_579769 1 15351

			Previous gap was negative, modifying coordinates to ignore overlap
				Moving contig start from 1 to 4.
			Align 53: 3114853 3130200 NODE_66_length_15351_cov_66.7403_ID_579769 4 15351
				Gap between this and next alignment: 3130200 to 3187372 (57171 bp)
				Next Alignment: 3187372 3247044 NODE_29_length_59673_cov_65.2448_ID_579695 1 59673

			Align 54: 3187372 3247044 NODE_29_length_59673_cov_65.2448_ID_579695 1 59673
				Gap between this and next alignment: 3247044 to 3256881 (9836 bp)
				Next Alignment: 3256881 3365171 NODE_9_length_108346_cov_65.3822_ID_579655 108346 56

			Align 55: 3256881 3365171 NODE_9_length_108346_cov_65.3822_ID_579655 108346 56
				Next Alignment: 3365172 3372544 NODE_91_length_7373_cov_66.5611_ID_579819 7373 1

			Align 56: 3365172 3372544 NODE_91_length_7373_cov_66.5611_ID_579819 7373 1
				Gap between this and next alignment: 3372544 to 3372598 (53 bp)
				Next Alignment: 3372598 3376844 NODE_110_length_4247_cov_67.8838_ID_579857 4247 1

			Align 57: 3372598 3376844 NODE_110_length_4247_cov_67.8838_ID_579857 4247 1
				Gap between this and next alignment: 3376844 to 3394071 (17226 bp)
				Next Alignment: 3394071 3450688 NODE_32_length_56618_cov_65.7604_ID_579701 1 56618

			Align 58: 3394071 3450688 NODE_32_length_56618_cov_65.7604_ID_579701 1 56618
				Gap between this and next alignment: 3450688 to 3451667 (978 bp)
				Next Alignment: 3451667 3452212 NODE_143_length_546_cov_49.8961_ID_579923 546 1

			Align 59: 3451667 3452212 NODE_143_length_546_cov_49.8961_ID_579923 546 1
				Next Alignment: 3452213 3455401 NODE_115_length_3189_cov_68.0377_ID_579867 3189 1

			Align 60: 3452213 3455401 NODE_115_length_3189_cov_68.0377_ID_579867 3189 1
				Gap between this and next alignment: 3455401 to 3468453 (13051 bp)
				Next Alignment: 3468453 3472997 NODE_106_length_4545_cov_65.6731_ID_579849 1 4545

			Align 61: 3468453 3472997 NODE_106_length_4545_cov_65.6731_ID_579849 1 4545
				Negative gap (overlap) between this and next alignment: 3472997 to 3472994 (-3 bp)
				Next Alignment: 3472994 3478173 NODE_104_length_5180_cov_64.7481_ID_579845 5180 1

			Previous gap was negative, modifying coordinates to ignore overlap
				Moving contig start from 5180 to 5176.
			Align 62: 3472998 3478173 NODE_104_length_5180_cov_64.7481_ID_579845 5176 1
				Gap between this and next alignment: 3478173 to 3484427 (6253 bp)
				Next Alignment: 3484427 3497677 NODE_68_length_13251_cov_67.1022_ID_579773 1 13251

			Align 63: 3484427 3497677 NODE_68_length_13251_cov_67.1022_ID_579773 1 13251
				Gap between this and next alignment: 3497677 to 3622452 (124774 bp)
				Next Alignment: 3622452 3624320 NODE_114_length_3297_cov_91.6018_ID_579865 1430 3297

			Align 64: 3622452 3624320 NODE_114_length_3297_cov_91.6018_ID_579865 1430 3297
				Gap between this and next alignment: 3624320 to 3625423 (1102 bp)
				Next Alignment: 3625423 3652090 NODE_52_length_26668_cov_63.8094_ID_579741 26668 1

			Align 65: 3625423 3652090 NODE_52_length_26668_cov_63.8094_ID_579741 26668 1
				Gap between this and next alignment: 3652090 to 3653176 (1085 bp)
				Next Alignment: 3653176 3666259 NODE_69_length_13084_cov_66.3914_ID_579775 13084 1

			Align 66: 3653176 3666259 NODE_69_length_13084_cov_66.3914_ID_579775 13084 1
				Gap between this and next alignment: 3666259 to 3694617 (28357 bp)
				Next Alignment: 3694617 3762440 NODE_24_length_67824_cov_65.7116_ID_579685 1 67824

			Align 67: 3694617 3762440 NODE_24_length_67824_cov_65.7116_ID_579685 1 67824
				Gap between this and next alignment: 3762440 to 3765768 (3327 bp)
				Next Alignment: 3765768 3767196 NODE_114_length_3297_cov_91.6018_ID_579865 1 1429

			Align 68: 3765768 3767196 NODE_114_length_3297_cov_91.6018_ID_579865 1 1429
				Gap between this and next alignment: 3767196 to 3767521 (324 bp)
				Next Alignment: 3767521 3859173 NODE_14_length_91653_cov_64.8683_ID_579665 1 91653

			Align 69: 3767521 3859173 NODE_14_length_91653_cov_64.8683_ID_579665 1 91653
				Negative gap (overlap) between this and next alignment: 3859173 to 3859119 (-54 bp)
				Next Alignment: 3859119 3862058 NODE_118_length_2940_cov_61.764_ID_579873 1 2940

			Previous gap was negative, modifying coordinates to ignore overlap
				Moving contig start from 1 to 56.
			Align 70: 3859174 3862058 NODE_118_length_2940_cov_61.764_ID_579873 56 2940
				Negative gap (overlap) between this and next alignment: 3862058 to 3862004 (-54 bp)
				Next Alignment: 3862004 3941533 NODE_19_length_79530_cov_66.0586_ID_579675 79530 1

			Previous gap was negative, modifying coordinates to ignore overlap
				Moving contig start from 79530 to 79475.
			Align 71: 3862059 3941533 NODE_19_length_79530_cov_66.0586_ID_579675 79475 1
				Gap between this and next alignment: 3941533 to 3946895 (5361 bp)
				Next Alignment: 3946895 4035225 NODE_16_length_88331_cov_65.8361_ID_579669 1 88331

			Align 72: 3946895 4035225 NODE_16_length_88331_cov_65.8361_ID_579669 1 88331
				Gap between this and next alignment: 4035225 to 4040746 (5520 bp)
				Next Alignment: 4040746 4094392 NODE_36_length_53647_cov_64.6131_ID_579709 1 53647

			Align 73: 4040746 4094392 NODE_36_length_53647_cov_64.6131_ID_579709 1 53647
				Gap between this and next alignment: 4094392 to 4094430 (37 bp)
				Next Alignment: 4094430 4102486 NODE_87_length_8057_cov_68.6572_ID_579811 1 8057

			Align 74: 4094430 4102486 NODE_87_length_8057_cov_68.6572_ID_579811 1 8057
				Gap between this and next alignment: 4102486 to 4107707 (5220 bp)
				Next Alignment: 4107707 4112286 NODE_105_length_4580_cov_66.2225_ID_579847 1 4580

			Align 75: 4107707 4112286 NODE_105_length_4580_cov_66.2225_ID_579847 1 4580
				Gap between this and next alignment: 4112286 to 4117765 (5478 bp)
				Next Alignment: 4117765 4124644 NODE_96_length_6880_cov_64.7848_ID_579829 6880 1

			Align 76: 4117765 4124644 NODE_96_length_6880_cov_64.7848_ID_579829 6880 1
				Negative gap (overlap) between this and next alignment: 4124644 to 4124644 (0 bp)
				Next Alignment: 4124644 4168521 NODE_38_length_43987_cov_65.2372_ID_579713 110 43987

			Previous gap was negative, modifying coordinates to ignore overlap
				Moving contig start from 110 to 111.
			Align 77: 4124645 4168521 NODE_38_length_43987_cov_65.2372_ID_579713 111 43987
				Negative gap (overlap) between this and next alignment: 4168521 to 4168467 (-54 bp)
				Next Alignment: 4168467 4171788 NODE_113_length_3322_cov_66.2498_ID_579863 1 3322

			Previous gap was negative, modifying coordinates to ignore overlap
				Moving contig start from 1 to 56.
			Align 78: 4168522 4171788 NODE_113_length_3322_cov_66.2498_ID_579863 56 3322
				Gap between this and next alignment: 4171788 to 4213110 (41321 bp)
				Next Alignment: 4213110 4296209 NODE_5_length_135654_cov_66.1773_ID_579647 135654 52557

			Align 79: 4213110 4296209 NODE_5_length_135654_cov_66.1773_ID_579647 135654 52557
				Gap between this and next alignment: 4296209 to 4296434 (224 bp)
				Next Alignment: 4296434 4348894 NODE_5_length_135654_cov_66.1773_ID_579647 52556 96

			Align 80: 4296434 4348894 NODE_5_length_135654_cov_66.1773_ID_579647 52556 96
				Negative gap (overlap) between this and next alignment: 4348894 to 4348894 (0 bp)
				Next Alignment: 4348894 4454912 NODE_10_length_106073_cov_65.3968_ID_579657 106019 1

			Previous gap was negative, modifying coordinates to ignore overlap
				Moving contig start from 106019 to 106018.
			Align 81: 4348895 4454912 NODE_10_length_106073_cov_65.3968_ID_579657 106018 1
				Negative gap (overlap) between this and next alignment: 4454912 to 4454858 (-54 bp)
				Next Alignment: 4454858 4470296 NODE_65_length_15439_cov_66.3426_ID_579767 1 15439

			Previous gap was negative, modifying coordinates to ignore overlap
				Moving contig start from 1 to 56.
			Align 82: 4454913 4470296 NODE_65_length_15439_cov_66.3426_ID_579767 56 15439
				Negative gap (overlap) between this and next alignment: 4470296 to 4470242 (-54 bp)
				Next Alignment: 4470242 4498241 NODE_51_length_28000_cov_65.0861_ID_579739 1 28000

			Previous gap was negative, modifying coordinates to ignore overlap
				Moving contig start from 1 to 56.
			Align 83: 4470297 4498241 NODE_51_length_28000_cov_65.0861_ID_579739 56 28000
				Gap between this and next alignment: 4498241 to 4499457 (1215 bp)
				Next Alignment: 4499457 4507518 NODE_86_length_8062_cov_65.1847_ID_579809 8062 1

			Align 84: 4499457 4507518 NODE_86_length_8062_cov_65.1847_ID_579809 8062 1
				Gap between this and next alignment: 4507518 to 4508625 (1106 bp)
				Next Alignment: 4508625 4637219 NODE_6_length_128670_cov_65.5389_ID_579649 1 128595

			Align 85: 4508625 4637219 NODE_6_length_128670_cov_65.5389_ID_579649 1 128595
			END in gap: 4637219 to 4641652 (4433 bp)

Analysis is finished!
Founded SNPs were written into /net/metagenomics/projects/afritz_assemblies/Similarity_Experiment/Ecoli_OneTree/metaquast_strain_spades_c/Ecoli_0995/runs_per_reference/Ecoli_0995/contigs_reports/nucmer_output/contigs.used_snps

Results:
	Local Misassemblies: 2
	Misassemblies: 5
		Relocations: 4
		Translocations: 0
		Inversions: 1
	Misassembled Contigs: 5
	Misassembled Contig Bases: 310368
	Misassemblies Inter-Contig Overlap: 0
Uncovered Regions: 0 (0)
Unaligned Contigs: 0 + 0 part
Partially Unaligned Contigs with Misassemblies: 0
Unaligned Contig Bases: 0

Ambiguously Mapped Contigs: 1
Total Bases in Ambiguously Mapped Contigs: 706
Note that --allow-ambiguity option was set to "one" and only first alignment per each contig was used.

	Covered Bases: 2905913

	SNPs: 15733
	Insertions: 2
	Deletions: 5

	Positive Gaps: 59
		Internal Gaps:  2
		External Gaps:  57
		External Gap Total:  1735334
		External Gap Average: 30444
	Negative Gaps: 24
		Internal Overlaps:  2
		External Overlaps:  22
		External Overlaps Total: -898
		External Overlaps Average: -41
	Contigs with Redundant Alignments: 0 (0)
