Aligning contigs to reference...
	Running Nucmer
Parsing coords...
Loading reference...
	Loaded [e_coli_k12_gi_556503834_ref_NC_]
Loading SNPs...
Loading regions...
	No regions given, using whole reference.
	Total Regions: 1
	Total Region Length: 4641652
Analyzing contigs...
CONTIG: NODE_1_length_327076_cov_6.08792_ID_59473 (327076bp)
Top Length: 327076  Top ID: 99.93
		Marking as insignificant: 3187358 3187426 | 327076 327008 | 69 69 | 100.0 | e_coli_k12_gi_556503834_ref_NC_ NODE_1_length_327076_cov_6.08792_ID_59473
		Marking as insignificant: 2996361 2996429 | 327008 327076 | 69 69 | 100.0 | e_coli_k12_gi_556503834_ref_NC_ NODE_1_length_327076_cov_6.08792_ID_59473
		Marking as insignificant: 2068941 2069009 | 327008 327076 | 69 69 | 100.0 | e_coli_k12_gi_556503834_ref_NC_ NODE_1_length_327076_cov_6.08792_ID_59473
		Marking as insignificant: 1467910 1467978 | 327008 327076 | 69 69 | 100.0 | e_coli_k12_gi_556503834_ref_NC_ NODE_1_length_327076_cov_6.08792_ID_59473
		Marking as insignificant: 382522 382590 | 327076 327008 | 69 69 | 100.0 | e_coli_k12_gi_556503834_ref_NC_ NODE_1_length_327076_cov_6.08792_ID_59473
		Marking as insignificant: 4499443 4499512 | 327076 327007 | 70 70 | 100.0 | e_coli_k12_gi_556503834_ref_NC_ NODE_1_length_327076_cov_6.08792_ID_59473
		One align captures most of this contig: 1651480 1978557 | 327076 1 | 327078 327076 | 99.93 | e_coli_k12_gi_556503834_ref_NC_ NODE_1_length_327076_cov_6.08792_ID_59473

CONTIG: NODE_2_length_280352_cov_6.13122_ID_61545 (280352bp)
Top Length: 178227  Top ID: 99.93
		Skipping redundant alignment 1286882 1287118 | 237 1 | 237 237 | 95.78 | e_coli_k12_gi_556503834_ref_NC_ NODE_2_length_280352_cov_6.13122_ID_61545
		Skipping redundant alignment 1287060 1287262 | 237 35 | 203 203 | 95.59 | e_coli_k12_gi_556503834_ref_NC_ NODE_2_length_280352_cov_6.13122_ID_61545
		Skipping redundant alignment 2818197 2818275 | 102400 102478 | 79 79 | 100.0 | e_coli_k12_gi_556503834_ref_NC_ NODE_2_length_280352_cov_6.13122_ID_61545
		Skipping redundant alignment 382522 382592 | 280352 280282 | 71 71 | 100.0 | e_coli_k12_gi_556503834_ref_NC_ NODE_2_length_280352_cov_6.13122_ID_61545
		Skipping redundant alignment 1467910 1467978 | 280284 280352 | 69 69 | 100.0 | e_coli_k12_gi_556503834_ref_NC_ NODE_2_length_280352_cov_6.13122_ID_61545
		Skipping redundant alignment 1651480 1651548 | 280352 280284 | 69 69 | 100.0 | e_coli_k12_gi_556503834_ref_NC_ NODE_2_length_280352_cov_6.13122_ID_61545
		Skipping redundant alignment 2068941 2069009 | 280284 280352 | 69 69 | 100.0 | e_coli_k12_gi_556503834_ref_NC_ NODE_2_length_280352_cov_6.13122_ID_61545
		Skipping redundant alignment 3187358 3187426 | 280352 280284 | 69 69 | 100.0 | e_coli_k12_gi_556503834_ref_NC_ NODE_2_length_280352_cov_6.13122_ID_61545
		Skipping redundant alignment 4499443 4499511 | 280352 280284 | 69 69 | 100.0 | e_coli_k12_gi_556503834_ref_NC_ NODE_2_length_280352_cov_6.13122_ID_61545
		This contig is misassembled. 13 total aligns.
			Excluding internal overlap of size 1006 between Alignment 1 and 2:  1269620 1286940 | 17317 1 | 17321 17317 --> 1270626 1286940 | 16311 1 | 16315 16311
			Real Alignment 1: 1270626 1286940 | 16311 1 | 16315 16311 | 99.87 | e_coli_k12_gi_556503834_ref_NC_ NODE_2_length_280352_cov_6.13122_ID_61545
			  Gap between these two alignments (local misassembly). Inconsistency = 534 
			Excluding internal overlap of size 355 between Alignment 2 and 3:  2778136 2818136 | 62484 102478 | 40001 39995 --> 2778491 2818136 | 62839 102478 | 39646 39640
			Real Alignment 2: 1223564 1270091 | 62838 16312 | 46528 46527 | 99.84 | e_coli_k12_gi_556503834_ref_NC_ NODE_2_length_280352_cov_6.13122_ID_61545
			  Extensive misassembly ( relocation, inconsistency = 1508399 ) between these two alignments
			Excluding internal overlap of size 353 between Alignment 3 and 4:  2778491 2818136 | 62839 102478 | 39646 39640 --> 2778491 2817783 | 62839 102125 | 39293 39287
			Real Alignment 3: 2778491 2817783 | 62839 102125 | 39293 39287 | 99.9 | e_coli_k12_gi_556503834_ref_NC_ NODE_2_length_280352_cov_6.13122_ID_61545
			  Gap between these two alignments (local misassembly). Inconsistency = 413 
			Real Alignment 4: 2818197 2996429 | 102126 280352 | 178233 178227 | 99.93 | e_coli_k12_gi_556503834_ref_NC_ NODE_2_length_280352_cov_6.13122_ID_61545

CONTIG: NODE_3_length_268040_cov_6.09174_ID_59645 (268040bp)
Top Length: 268040  Top ID: 99.93
		Marking as insignificant: 3071271 3071396 | 21532 21657 | 126 126 | 98.41 | e_coli_k12_gi_556503834_ref_NC_ NODE_3_length_268040_cov_6.09174_ID_59645
		Marking as insignificant: 596978 597105 | 21530 21657 | 128 128 | 99.22 | e_coli_k12_gi_556503834_ref_NC_ NODE_3_length_268040_cov_6.09174_ID_59645
		Marking as insignificant: 1097522 1097659 | 144047 144184 | 138 138 | 98.55 | e_coli_k12_gi_556503834_ref_NC_ NODE_3_length_268040_cov_6.09174_ID_59645
		Marking as insignificant: 2229115 2229376 | 133494 133233 | 262 262 | 95.42 | e_coli_k12_gi_556503834_ref_NC_ NODE_3_length_268040_cov_6.09174_ID_59645
		One align captures most of this contig: 781790 1049832 | 1 268040 | 268043 268040 | 99.93 | e_coli_k12_gi_556503834_ref_NC_ NODE_3_length_268040_cov_6.09174_ID_59645

CONTIG: NODE_4_length_204656_cov_6.10449_ID_60166 (204656bp)
Top Length: 204656  Top ID: 99.93
		One align captures most of this contig: 2521466 2726118 | 1 204656 | 204653 204656 | 99.93 | e_coli_k12_gi_556503834_ref_NC_ NODE_4_length_204656_cov_6.10449_ID_60166

CONTIG: NODE_5_length_181899_cov_6.07475_ID_59568 (181899bp)
Top Length: 167514  Top ID: 99.92
		Skipping redundant alignment 2304503 2304952 | 167514 167065 | 450 450 | 96.22 | e_coli_k12_gi_556503834_ref_NC_ NODE_5_length_181899_cov_6.07475_ID_59568
		Skipping redundant alignment 2102835 2102947 | 181899 181787 | 113 113 | 99.12 | e_coli_k12_gi_556503834_ref_NC_ NODE_5_length_181899_cov_6.07475_ID_59568
		Skipping redundant alignment 3130142 3130254 | 181787 181899 | 113 113 | 99.12 | e_coli_k12_gi_556503834_ref_NC_ NODE_5_length_181899_cov_6.07475_ID_59568
		Skipping redundant alignment 275041 275149 | 181899 181791 | 109 109 | 100.0 | e_coli_k12_gi_556503834_ref_NC_ NODE_5_length_181899_cov_6.07475_ID_59568
		Skipping redundant alignment 575677 575785 | 181899 181791 | 109 109 | 100.0 | e_coli_k12_gi_556503834_ref_NC_ NODE_5_length_181899_cov_6.07475_ID_59568
		Skipping redundant alignment 688937 689045 | 181899 181791 | 109 109 | 100.0 | e_coli_k12_gi_556503834_ref_NC_ NODE_5_length_181899_cov_6.07475_ID_59568
		Skipping redundant alignment 1299499 1299607 | 181791 181899 | 109 109 | 100.0 | e_coli_k12_gi_556503834_ref_NC_ NODE_5_length_181899_cov_6.07475_ID_59568
		Skipping redundant alignment 1396044 1396152 | 181791 181899 | 109 109 | 100.0 | e_coli_k12_gi_556503834_ref_NC_ NODE_5_length_181899_cov_6.07475_ID_59568
		Skipping redundant alignment 3366642 3366750 | 181899 181791 | 109 109 | 100.0 | e_coli_k12_gi_556503834_ref_NC_ NODE_5_length_181899_cov_6.07475_ID_59568
		Skipping redundant alignment 3653122 3653230 | 181899 181791 | 109 109 | 100.0 | e_coli_k12_gi_556503834_ref_NC_ NODE_5_length_181899_cov_6.07475_ID_59568
		This contig is misassembled. 12 total aligns.
			Excluding internal overlap of size 450 between Alignment 1 and 2:  2290005 2304839 | 181899 167065 | 14835 14835 --> 2290005 2304389 | 181899 167515 | 14385 14385
			Real Alignment 1: 2304616 2472134 | 167514 1 | 167519 167514 | 99.92 | e_coli_k12_gi_556503834_ref_NC_ NODE_5_length_181899_cov_6.07475_ID_59568
			  Gap between these two alignments (local misassembly). Inconsistency = 226 
			Real Alignment 2: 2290005 2304389 | 181899 167515 | 14385 14385 | 99.92 | e_coli_k12_gi_556503834_ref_NC_ NODE_5_length_181899_cov_6.07475_ID_59568

CONTIG: NODE_6_length_179064_cov_6.14203_ID_62111 (179064bp)
Top Length: 96345  Top ID: 99.91
		Skipping redundant alignment 4295948 4296322 | 82720 83092 | 375 373 | 97.33 | e_coli_k12_gi_556503834_ref_NC_ NODE_6_length_179064_cov_6.14203_ID_62111
		This contig is misassembled. 3 total aligns.
			Excluding internal overlap of size 373 between Alignment 1 and 2:  4213110 4296209 | 1 83092 | 83100 83092 --> 4213110 4295836 | 1 82719 | 82727 82719
			Real Alignment 1: 4213110 4295836 | 1 82719 | 82727 82719 | 99.89 | e_coli_k12_gi_556503834_ref_NC_ NODE_6_length_179064_cov_6.14203_ID_62111
			  Gap between these two alignments (local misassembly). Inconsistency = 224 
			Real Alignment 2: 4296061 4392411 | 82720 179064 | 96351 96345 | 99.91 | e_coli_k12_gi_556503834_ref_NC_ NODE_6_length_179064_cov_6.14203_ID_62111

CONTIG: NODE_7_length_178247_cov_6.15686_ID_61040 (178247bp)
Top Length: 178247  Top ID: 99.92
		Marking as insignificant: 4499443 4499511 | 178247 178179 | 69 69 | 100.0 | e_coli_k12_gi_556503834_ref_NC_ NODE_7_length_178247_cov_6.15686_ID_61040
		Marking as insignificant: 2996361 2996429 | 178179 178247 | 69 69 | 100.0 | e_coli_k12_gi_556503834_ref_NC_ NODE_7_length_178247_cov_6.15686_ID_61040
		Marking as insignificant: 1651480 1651548 | 178247 178179 | 69 69 | 100.0 | e_coli_k12_gi_556503834_ref_NC_ NODE_7_length_178247_cov_6.15686_ID_61040
		Marking as insignificant: 2068940 2069009 | 178178 178247 | 70 70 | 100.0 | e_coli_k12_gi_556503834_ref_NC_ NODE_7_length_178247_cov_6.15686_ID_61040
		Marking as insignificant: 1467909 1467978 | 178178 178247 | 70 70 | 100.0 | e_coli_k12_gi_556503834_ref_NC_ NODE_7_length_178247_cov_6.15686_ID_61040
		Marking as insignificant: 382522 382594 | 178247 178175 | 73 73 | 98.63 | e_coli_k12_gi_556503834_ref_NC_ NODE_7_length_178247_cov_6.15686_ID_61040
		One align captures most of this contig: 3187358 3365610 | 178247 1 | 178253 178247 | 99.92 | e_coli_k12_gi_556503834_ref_NC_ NODE_7_length_178247_cov_6.15686_ID_61040

CONTIG: NODE_8_length_173980_cov_6.04879_ID_59745 (173980bp)
Top Length: 173980  Top ID: 99.94
		One align captures most of this contig: 3767521 3941496 | 1 173980 | 173976 173980 | 99.94 | e_coli_k12_gi_556503834_ref_NC_ NODE_8_length_173980_cov_6.04879_ID_59745

CONTIG: NODE_9_length_144263_cov_6.14247_ID_63583 (144263bp)
Top Length: 113338  Top ID: 99.93
		Skipping redundant alignment 223465 223679 | 215 1 | 215 215 | 100.0 | e_coli_k12_gi_556503834_ref_NC_ NODE_9_length_144263_cov_6.14247_ID_63583
		Skipping redundant alignment 3428854 3428998 | 1 145 | 145 145 | 99.31 | e_coli_k12_gi_556503834_ref_NC_ NODE_9_length_144263_cov_6.14247_ID_63583
		This contig is misassembled. 4 total aligns.
			Excluding internal overlap of size 1186 between Alignment 1 and 2:  4175945 4208055 | 32111 1 | 32111 32111 --> 4177131 4208055 | 30925 1 | 30925 30925
			Real Alignment 1: 4177131 4208055 | 30925 1 | 30925 30925 | 99.92 | e_coli_k12_gi_556503834_ref_NC_ NODE_9_length_144263_cov_6.14247_ID_63583
			  Extensive misassembly ( relocation, inconsistency = -737913 ) between these two alignments
			Real Alignment 2: 3470143 3583482 | 30926 144263 | 113340 113338 | 99.93 | e_coli_k12_gi_556503834_ref_NC_ NODE_9_length_144263_cov_6.14247_ID_63583

CONTIG: NODE_10_length_136567_cov_6.26601_ID_64107 (136567bp)
Top Length: 96140  Top ID: 99.93
		Skipping redundant alignment 3766285 3766683 | 1059 1457 | 399 399 | 99.0 | e_coli_k12_gi_556503834_ref_NC_ NODE_10_length_136567_cov_6.26601_ID_64107
		Skipping redundant alignment 736681 737971 | 1457 2748 | 1291 1292 | 96.37 | e_coli_k12_gi_556503834_ref_NC_ NODE_10_length_136567_cov_6.26601_ID_64107
		Skipping redundant alignment 737972 738860 | 1482 2370 | 889 889 | 96.74 | e_coli_k12_gi_556503834_ref_NC_ NODE_10_length_136567_cov_6.26601_ID_64107
		Skipping redundant alignment 239098 239377 | 2458 2737 | 280 280 | 98.21 | e_coli_k12_gi_556503834_ref_NC_ NODE_10_length_136567_cov_6.26601_ID_64107
		This contig is misassembled. 7 total aligns.
			Excluding internal overlap of size 1291 between Alignment 1 and 2:  3622777 3625524 | 1 2748 | 2748 2748 --> 3622777 3624233 | 1 1457 | 1457 1457
			Real Alignment 1: 3622777 3624233 | 1 1457 | 1457 1457 | 99.24 | e_coli_k12_gi_556503834_ref_NC_ NODE_10_length_136567_cov_6.26601_ID_64107
			  Extensive misassembly ( relocation, inconsistency = -2092562 ) between these two alignments
			Excluding internal overlap of size 1504 between Alignment 2 and 3:  1531672 1572144 | 1458 41931 | 40473 40474 --> 1531672 1570640 | 1458 40427 | 38969 38970
			Real Alignment 2: 1531672 1570640 | 1458 40427 | 38969 38970 | 99.75 | e_coli_k12_gi_556503834_ref_NC_ NODE_10_length_136567_cov_6.26601_ID_64107
			  Extensive misassembly ( relocation, inconsistency = 2095535 ) between these two alignments
			Real Alignment 3: 3666176 3762318 | 40428 136567 | 96143 96140 | 99.93 | e_coli_k12_gi_556503834_ref_NC_ NODE_10_length_136567_cov_6.26601_ID_64107

CONTIG: NODE_11_length_136341_cov_6.13592_ID_63811 (136341bp)
Top Length: 115810  Top ID: 99.92
		Skipping redundant alignment 736707 736817 | 111 1 | 111 111 | 99.1 | e_coli_k12_gi_556503834_ref_NC_ NODE_11_length_136341_cov_6.13592_ID_63811
		This contig is misassembled. 4 total aligns.
			Excluding internal overlap of size 1563 between Alignment 1 and 2:  1527926 1531807 | 3880 1 | 3882 3880 --> 1529489 1531807 | 2317 1 | 2319 2317
			Real Alignment 1: 1529489 1531807 | 2317 1 | 2319 2317 | 99.12 | e_coli_k12_gi_556503834_ref_NC_ NODE_11_length_136341_cov_6.13592_ID_63811
			  Extensive misassembly ( relocation, inconsistency = 1002454 ) between these two alignments
			Excluding internal overlap of size 137 between Alignment 2 and 3:  508682 527034 | 20668 2318 | 18353 18351 --> 508819 527034 | 20531 2318 | 18216 18214
			Real Alignment 2: 508819 527034 | 20531 2318 | 18216 18214 | 99.72 | e_coli_k12_gi_556503834_ref_NC_ NODE_11_length_136341_cov_6.13592_ID_63811
			  Gap between these two alignments (local misassembly). Inconsistency = 101 
			Real Alignment 3: 392909 508717 | 136341 20532 | 115809 115810 | 99.92 | e_coli_k12_gi_556503834_ref_NC_ NODE_11_length_136341_cov_6.13592_ID_63811

CONTIG: NODE_12_length_133024_cov_6.13499_ID_60341 (133024bp)
Top Length: 133024  Top ID: 99.94
		Marking as insignificant: 3982605 3982692 | 35480 35567 | 88 88 | 100.0 | e_coli_k12_gi_556503834_ref_NC_ NODE_12_length_133024_cov_6.13499_ID_60341
		Marking as insignificant: 3982604 3982692 | 35243 35331 | 89 89 | 100.0 | e_coli_k12_gi_556503834_ref_NC_ NODE_12_length_133024_cov_6.13499_ID_60341
		One align captures most of this contig: 4508625 4641645 | 133024 1 | 133021 133024 | 99.94 | e_coli_k12_gi_556503834_ref_NC_ NODE_12_length_133024_cov_6.13499_ID_60341

CONTIG: NODE_13_length_128110_cov_6.08079_ID_60937 (128110bp)
Top Length: 126594  Top ID: 99.92
		Skipping redundant alignment 2471882 2472123 | 15931 16172 | 242 242 | 95.04 | e_coli_k12_gi_556503834_ref_NC_ NODE_13_length_128110_cov_6.08079_ID_60937
		Skipping redundant alignment 925841 925978 | 126214 126077 | 138 138 | 98.55 | e_coli_k12_gi_556503834_ref_NC_ NODE_13_length_128110_cov_6.08079_ID_60937
		This contig is misassembled. 4 total aligns.
			Excluding internal overlap of size 442 between Alignment 1 and 2:  1095445 1097402 | 128110 126153 | 1958 1958 --> 1095445 1096960 | 128110 126595 | 1516 1516
			Real Alignment 1: 1097142 1223734 | 126594 1 | 126593 126594 | 99.92 | e_coli_k12_gi_556503834_ref_NC_ NODE_13_length_128110_cov_6.08079_ID_60937
			  Gap between these two alignments (local misassembly). Inconsistency = 181 
			Real Alignment 2: 1095445 1096960 | 128110 126595 | 1516 1516 | 99.9 | e_coli_k12_gi_556503834_ref_NC_ NODE_13_length_128110_cov_6.08079_ID_60937

CONTIG: NODE_14_length_118206_cov_6.11157_ID_60280 (118206bp)
Top Length: 72149  Top ID: 99.94
		This contig is misassembled. 2 total aligns.
			Excluding internal overlap of size 181 between Alignment 1 and 2:  20509 66744 | 1 46237 | 46236 46237 --> 20509 66563 | 1 46056 | 46055 46056
			Real Alignment 1: 20509 66563 | 1 46056 | 46055 46056 | 99.92 | e_coli_k12_gi_556503834_ref_NC_ NODE_14_length_118206_cov_6.11157_ID_60280
			  Fake misassembly between these two alignments: inconsistency = 85 , gap in the contig is small or absent or filled mostly with Ns (long indel: deletion of length 85; 0 mismatches)
			Real Alignment 2: 66649 138798 | 46057 118205 | 72150 72149 | 99.94 | e_coli_k12_gi_556503834_ref_NC_ NODE_14_length_118206_cov_6.11157_ID_60280

CONTIG: NODE_15_length_117600_cov_6.10025_ID_60805 (117600bp)
Top Length: 117600  Top ID: 99.94
		Marking as insignificant: 915027 915288 | 58005 57744 | 262 262 | 95.04 | e_coli_k12_gi_556503834_ref_NC_ NODE_15_length_117600_cov_6.10025_ID_60805
		One align captures most of this contig: 2171374 2288973 | 1 117600 | 117600 117600 | 99.94 | e_coli_k12_gi_556503834_ref_NC_ NODE_15_length_117600_cov_6.10025_ID_60805

CONTIG: NODE_16_length_105844_cov_6.15224_ID_60872 (105844bp)
Top Length: 105844  Top ID: 99.91
		Marking as insignificant: 1992042 1992117 | 165 90 | 76 76 | 100.0 | e_coli_k12_gi_556503834_ref_NC_ NODE_16_length_105844_cov_6.15224_ID_60872
		Marking as insignificant: 1992042 1992117 | 277 202 | 76 76 | 100.0 | e_coli_k12_gi_556503834_ref_NC_ NODE_16_length_105844_cov_6.15224_ID_60872
		Marking as insignificant: 4392360 4392549 | 90 279 | 190 190 | 100.0 | e_coli_k12_gi_556503834_ref_NC_ NODE_16_length_105844_cov_6.15224_ID_60872
		One align captures most of this contig: 4392383 4498235 | 1 105844 | 105853 105844 | 99.91 | e_coli_k12_gi_556503834_ref_NC_ NODE_16_length_105844_cov_6.15224_ID_60872

CONTIG: NODE_17_length_98827_cov_6.14604_ID_61349 (98827bp)
Top Length: 59023  Top ID: 99.88
		This contig is misassembled. 2 total aligns.
			Excluding internal overlap of size 1563 between Alignment 1 and 2:  525472 566834 | 41367 1 | 41363 41367 --> 527035 566834 | 39804 1 | 39800 39804
			Real Alignment 1: 527035 566834 | 39804 1 | 39800 39804 | 99.85 | e_coli_k12_gi_556503834_ref_NC_ NODE_17_length_98827_cov_6.14604_ID_61349
			  Extensive misassembly ( relocation, inconsistency = -1002454 ) between these two alignments
			Real Alignment 2: 1470462 1529488 | 98827 39805 | 59027 59023 | 99.88 | e_coli_k12_gi_556503834_ref_NC_ NODE_17_length_98827_cov_6.14604_ID_61349

CONTIG: NODE_18_length_95519_cov_6.12213_ID_59979 (95519bp)
Top Length: 95519  Top ID: 99.93
		Marking as insignificant: 2290005 2290113 | 1 109 | 109 109 | 100.0 | e_coli_k12_gi_556503834_ref_NC_ NODE_18_length_95519_cov_6.12213_ID_59979
		Marking as insignificant: 275041 275149 | 1 109 | 109 109 | 100.0 | e_coli_k12_gi_556503834_ref_NC_ NODE_18_length_95519_cov_6.12213_ID_59979
		Marking as insignificant: 3130143 3130254 | 112 1 | 112 112 | 100.0 | e_coli_k12_gi_556503834_ref_NC_ NODE_18_length_95519_cov_6.12213_ID_59979
		Marking as insignificant: 2102835 2102946 | 1 112 | 112 112 | 100.0 | e_coli_k12_gi_556503834_ref_NC_ NODE_18_length_95519_cov_6.12213_ID_59979
		Marking as insignificant: 3653122 3653234 | 1 113 | 113 113 | 100.0 | e_coli_k12_gi_556503834_ref_NC_ NODE_18_length_95519_cov_6.12213_ID_59979
		Marking as insignificant: 3366642 3366754 | 1 113 | 113 113 | 100.0 | e_coli_k12_gi_556503834_ref_NC_ NODE_18_length_95519_cov_6.12213_ID_59979
		Marking as insignificant: 575677 575789 | 1 113 | 113 113 | 100.0 | e_coli_k12_gi_556503834_ref_NC_ NODE_18_length_95519_cov_6.12213_ID_59979
		Marking as insignificant: 1299494 1299607 | 114 1 | 114 114 | 100.0 | e_coli_k12_gi_556503834_ref_NC_ NODE_18_length_95519_cov_6.12213_ID_59979
		Marking as insignificant: 688937 689053 | 1 117 | 117 117 | 99.15 | e_coli_k12_gi_556503834_ref_NC_ NODE_18_length_95519_cov_6.12213_ID_59979
		One align captures most of this contig: 1300639 1396152 | 95519 1 | 95514 95519 | 99.93 | e_coli_k12_gi_556503834_ref_NC_ NODE_18_length_95519_cov_6.12213_ID_59979

CONTIG: NODE_19_length_88474_cov_6.10213_ID_65360 (88474bp)
Top Length: 88474  Top ID: 99.89
		Marking as insignificant: 236931 237008 | 103 180 | 78 78 | 100.0 | e_coli_k12_gi_556503834_ref_NC_ NODE_19_length_88474_cov_6.10213_ID_65360
		Marking as insignificant: 4606079 4606166 | 35918 35831 | 88 88 | 100.0 | e_coli_k12_gi_556503834_ref_NC_ NODE_19_length_88474_cov_6.10213_ID_65360
		Marking as insignificant: 4606315 4606403 | 35918 35830 | 89 89 | 100.0 | e_coli_k12_gi_556503834_ref_NC_ NODE_19_length_88474_cov_6.10213_ID_65360
		Marking as insignificant: 228826 229005 | 1 180 | 180 180 | 100.0 | e_coli_k12_gi_556503834_ref_NC_ NODE_19_length_88474_cov_6.10213_ID_65360
		One align captures most of this contig: 3946770 4035219 | 1 88474 | 88450 88474 | 99.89 | e_coli_k12_gi_556503834_ref_NC_ NODE_19_length_88474_cov_6.10213_ID_65360

CONTIG: NODE_20_length_87010_cov_6.09708_ID_61181 (87010bp)
Top Length: 87010  Top ID: 99.93
		Marking as insignificant: 4392583 4392658 | 74111 74186 | 76 76 | 100.0 | e_coli_k12_gi_556503834_ref_NC_ NODE_20_length_87010_cov_6.09708_ID_61181
		Marking as insignificant: 4392472 4392547 | 74111 74186 | 76 76 | 100.0 | e_coli_k12_gi_556503834_ref_NC_ NODE_20_length_87010_cov_6.09708_ID_61181
		Marking as insignificant: 4392360 4392435 | 74111 74186 | 76 76 | 100.0 | e_coli_k12_gi_556503834_ref_NC_ NODE_20_length_87010_cov_6.09708_ID_61181
		Marking as insignificant: 2059846 2059930 | 8123 8207 | 85 85 | 100.0 | e_coli_k12_gi_556503834_ref_NC_ NODE_20_length_87010_cov_6.09708_ID_61181
		Marking as insignificant: 2058023 2058107 | 6300 6384 | 85 85 | 100.0 | e_coli_k12_gi_556503834_ref_NC_ NODE_20_length_87010_cov_6.09708_ID_61181
		Marking as insignificant: 2062236 2062339 | 8104 8207 | 104 104 | 97.12 | e_coli_k12_gi_556503834_ref_NC_ NODE_20_length_87010_cov_6.09708_ID_61181
		Marking as insignificant: 2058023 2058126 | 3891 3994 | 104 104 | 97.12 | e_coli_k12_gi_556503834_ref_NC_ NODE_20_length_87010_cov_6.09708_ID_61181
		Marking as insignificant: 2058023 2058126 | 21603 21706 | 104 104 | 98.08 | e_coli_k12_gi_556503834_ref_NC_ NODE_20_length_87010_cov_6.09708_ID_61181
		Marking as insignificant: 2044525 2044628 | 8104 8207 | 104 104 | 98.08 | e_coli_k12_gi_556503834_ref_NC_ NODE_20_length_87010_cov_6.09708_ID_61181
		One align captures most of this contig: 1979216 2066229 | 87010 1 | 87014 87010 | 99.93 | e_coli_k12_gi_556503834_ref_NC_ NODE_20_length_87010_cov_6.09708_ID_61181

CONTIG: NODE_21_length_78606_cov_6.05092_ID_60619 (78606bp)
Top Length: 78606  Top ID: 99.94
		One align captures most of this contig: 609297 687905 | 1 78606 | 78609 78606 | 99.94 | e_coli_k12_gi_556503834_ref_NC_ NODE_21_length_78606_cov_6.05092_ID_60619

CONTIG: NODE_22_length_76704_cov_6.07743_ID_60096 (76704bp)
Top Length: 76704  Top ID: 99.93
		One align captures most of this contig: 138773 215474 | 76704 1 | 76702 76704 | 99.93 | e_coli_k12_gi_556503834_ref_NC_ NODE_22_length_76704_cov_6.07743_ID_60096

CONTIG: NODE_23_length_73672_cov_6.19364_ID_60487 (73672bp)
Top Length: 73672  Top ID: 99.92
		One align captures most of this contig: 2997638 3071312 | 73672 1 | 73675 73672 | 99.92 | e_coli_k12_gi_556503834_ref_NC_ NODE_23_length_73672_cov_6.19364_ID_60487

CONTIG: NODE_24_length_71774_cov_6.02687_ID_61802 (71774bp)
Top Length: 71774  Top ID: 99.94
		Marking as insignificant: 4035171 4035256 | 71689 71774 | 86 86 | 100.0 | e_coli_k12_gi_556503834_ref_NC_ NODE_24_length_71774_cov_6.02687_ID_61802
		Marking as insignificant: 3941448 3941533 | 71689 71774 | 86 86 | 100.0 | e_coli_k12_gi_556503834_ref_NC_ NODE_24_length_71774_cov_6.02687_ID_61802
		Marking as insignificant: 4094432 4094534 | 1 103 | 103 103 | 96.12 | e_coli_k12_gi_556503834_ref_NC_ NODE_24_length_71774_cov_6.02687_ID_61802
		One align captures most of this contig: 4094616 4166384 | 1 71774 | 71769 71774 | 99.94 | e_coli_k12_gi_556503834_ref_NC_ NODE_24_length_71774_cov_6.02687_ID_61802

CONTIG: NODE_25_length_67390_cov_6.15049_ID_60439 (67390bp)
Top Length: 67390  Top ID: 99.95
		Marking as insignificant: 275041 275149 | 67390 67282 | 109 109 | 100.0 | e_coli_k12_gi_556503834_ref_NC_ NODE_25_length_67390_cov_6.15049_ID_60439
		Marking as insignificant: 3653122 3653233 | 67390 67279 | 112 112 | 100.0 | e_coli_k12_gi_556503834_ref_NC_ NODE_25_length_67390_cov_6.15049_ID_60439
		Marking as insignificant: 3366642 3366753 | 67390 67279 | 112 112 | 100.0 | e_coli_k12_gi_556503834_ref_NC_ NODE_25_length_67390_cov_6.15049_ID_60439
		Marking as insignificant: 1396041 1396152 | 67279 67390 | 112 112 | 100.0 | e_coli_k12_gi_556503834_ref_NC_ NODE_25_length_67390_cov_6.15049_ID_60439
		Marking as insignificant: 1299496 1299607 | 67279 67390 | 112 112 | 100.0 | e_coli_k12_gi_556503834_ref_NC_ NODE_25_length_67390_cov_6.15049_ID_60439
		Marking as insignificant: 688937 689048 | 67390 67279 | 112 112 | 100.0 | e_coli_k12_gi_556503834_ref_NC_ NODE_25_length_67390_cov_6.15049_ID_60439
		Marking as insignificant: 575677 575788 | 67390 67279 | 112 112 | 100.0 | e_coli_k12_gi_556503834_ref_NC_ NODE_25_length_67390_cov_6.15049_ID_60439
		Marking as insignificant: 2290005 2290117 | 67390 67278 | 113 113 | 99.12 | e_coli_k12_gi_556503834_ref_NC_ NODE_25_length_67390_cov_6.15049_ID_60439
		Marking as insignificant: 3130141 3130254 | 67277 67390 | 114 114 | 100.0 | e_coli_k12_gi_556503834_ref_NC_ NODE_25_length_67390_cov_6.15049_ID_60439
		One align captures most of this contig: 2102835 2170228 | 67390 1 | 67394 67390 | 99.95 | e_coli_k12_gi_556503834_ref_NC_ NODE_25_length_67390_cov_6.15049_ID_60439

CONTIG: NODE_26_length_65504_cov_6.44557_ID_62750 (65504bp)
Top Length: 65504  Top ID: 99.82
		Marking as insignificant: 4498181 4498860 | 64825 65504 | 680 680 | 100.0 | e_coli_k12_gi_556503834_ref_NC_ NODE_26_length_65504_cov_6.44557_ID_62750
		Marking as insignificant: 2997012 2997691 | 65504 64825 | 680 680 | 100.0 | e_coli_k12_gi_556503834_ref_NC_ NODE_26_length_65504_cov_6.44557_ID_62750
		Marking as insignificant: 1468561 1469240 | 65504 64825 | 680 680 | 100.0 | e_coli_k12_gi_556503834_ref_NC_ NODE_26_length_65504_cov_6.44557_ID_62750
		Marking as insignificant: 2069592 2070273 | 65504 64823 | 682 682 | 100.0 | e_coli_k12_gi_556503834_ref_NC_ NODE_26_length_65504_cov_6.44557_ID_62750
		Marking as insignificant: 3186092 3186775 | 64821 65504 | 684 684 | 99.85 | e_coli_k12_gi_556503834_ref_NC_ NODE_26_length_65504_cov_6.44557_ID_62750
		One align captures most of this contig: 316429 381939 | 1 65504 | 65511 65504 | 99.82 | e_coli_k12_gi_556503834_ref_NC_ NODE_26_length_65504_cov_6.44557_ID_62750

CONTIG: NODE_27_length_60705_cov_6.02516_ID_61126 (60705bp)
Top Length: 60705  Top ID: 99.94
		One align captures most of this contig: 1571910 1632614 | 1 60705 | 60705 60705 | 99.94 | e_coli_k12_gi_556503834_ref_NC_ NODE_27_length_60705_cov_6.02516_ID_61126

CONTIG: NODE_28_length_58979_cov_6.20801_ID_62474 (58979bp)
Top Length: 58979  Top ID: 99.93
		Marking as insignificant: 275041 275149 | 58979 58871 | 109 109 | 100.0 | e_coli_k12_gi_556503834_ref_NC_ NODE_28_length_58979_cov_6.20801_ID_62474
		Marking as insignificant: 3653122 3653233 | 58979 58868 | 112 112 | 100.0 | e_coli_k12_gi_556503834_ref_NC_ NODE_28_length_58979_cov_6.20801_ID_62474
		Marking as insignificant: 3366642 3366753 | 58979 58868 | 112 112 | 100.0 | e_coli_k12_gi_556503834_ref_NC_ NODE_28_length_58979_cov_6.20801_ID_62474
		Marking as insignificant: 1396041 1396152 | 58868 58979 | 112 112 | 100.0 | e_coli_k12_gi_556503834_ref_NC_ NODE_28_length_58979_cov_6.20801_ID_62474
		Marking as insignificant: 1299496 1299607 | 58868 58979 | 112 112 | 100.0 | e_coli_k12_gi_556503834_ref_NC_ NODE_28_length_58979_cov_6.20801_ID_62474
		Marking as insignificant: 688937 689048 | 58979 58868 | 112 112 | 100.0 | e_coli_k12_gi_556503834_ref_NC_ NODE_28_length_58979_cov_6.20801_ID_62474
		Marking as insignificant: 575677 575788 | 58979 58868 | 112 112 | 100.0 | e_coli_k12_gi_556503834_ref_NC_ NODE_28_length_58979_cov_6.20801_ID_62474
		Marking as insignificant: 2290005 2290117 | 58979 58867 | 113 113 | 99.12 | e_coli_k12_gi_556503834_ref_NC_ NODE_28_length_58979_cov_6.20801_ID_62474
		Marking as insignificant: 2102835 2102948 | 58979 58866 | 114 114 | 100.0 | e_coli_k12_gi_556503834_ref_NC_ NODE_28_length_58979_cov_6.20801_ID_62474
		Marking as insignificant: 803326 803447 | 1 122 | 122 122 | 99.18 | e_coli_k12_gi_556503834_ref_NC_ NODE_28_length_58979_cov_6.20801_ID_62474
		Marking as insignificant: 596984 597107 | 1 124 | 124 124 | 99.19 | e_coli_k12_gi_556503834_ref_NC_ NODE_28_length_58979_cov_6.20801_ID_62474
		One align captures most of this contig: 3071275 3130254 | 1 58979 | 58980 58979 | 99.93 | e_coli_k12_gi_556503834_ref_NC_ NODE_28_length_58979_cov_6.20801_ID_62474

CONTIG: NODE_29_length_56670_cov_6.16158_ID_61969 (56670bp)
Top Length: 56670  Top ID: 99.94
		Marking as insignificant: 2290005 2290113 | 1 109 | 109 109 | 100.0 | e_coli_k12_gi_556503834_ref_NC_ NODE_29_length_56670_cov_6.16158_ID_61969
		Marking as insignificant: 275041 275149 | 1 109 | 109 109 | 100.0 | e_coli_k12_gi_556503834_ref_NC_ NODE_29_length_56670_cov_6.16158_ID_61969
		Marking as insignificant: 3130143 3130254 | 112 1 | 112 112 | 100.0 | e_coli_k12_gi_556503834_ref_NC_ NODE_29_length_56670_cov_6.16158_ID_61969
		Marking as insignificant: 2102835 2102946 | 1 112 | 112 112 | 100.0 | e_coli_k12_gi_556503834_ref_NC_ NODE_29_length_56670_cov_6.16158_ID_61969
		Marking as insignificant: 3653122 3653234 | 1 113 | 113 113 | 100.0 | e_coli_k12_gi_556503834_ref_NC_ NODE_29_length_56670_cov_6.16158_ID_61969
		Marking as insignificant: 1396040 1396152 | 113 1 | 113 113 | 100.0 | e_coli_k12_gi_556503834_ref_NC_ NODE_29_length_56670_cov_6.16158_ID_61969
		Marking as insignificant: 688937 689049 | 1 113 | 113 113 | 100.0 | e_coli_k12_gi_556503834_ref_NC_ NODE_29_length_56670_cov_6.16158_ID_61969
		Marking as insignificant: 575677 575790 | 1 114 | 114 114 | 100.0 | e_coli_k12_gi_556503834_ref_NC_ NODE_29_length_56670_cov_6.16158_ID_61969
		Marking as insignificant: 1299490 1299607 | 118 1 | 118 118 | 99.15 | e_coli_k12_gi_556503834_ref_NC_ NODE_29_length_56670_cov_6.16158_ID_61969
		One align captures most of this contig: 3366642 3423313 | 1 56670 | 56672 56670 | 99.94 | e_coli_k12_gi_556503834_ref_NC_ NODE_29_length_56670_cov_6.16158_ID_61969

CONTIG: NODE_30_length_53914_cov_6.11623_ID_65028 (53914bp)
Top Length: 53914  Top ID: 99.93
		One align captures most of this contig: 3131292 3185210 | 1 53914 | 53919 53914 | 99.93 | e_coli_k12_gi_556503834_ref_NC_ NODE_30_length_53914_cov_6.11623_ID_65028

CONTIG: NODE_31_length_43815_cov_6.09143_ID_62277 (43815bp)
Top Length: 43815  Top ID: 99.91
		One align captures most of this contig: 1050491 1094299 | 43815 1 | 43809 43815 | 99.91 | e_coli_k12_gi_556503834_ref_NC_ NODE_31_length_43815_cov_6.09143_ID_62277

CONTIG: NODE_32_length_43395_cov_6.93673_ID_64815 (43395bp)
Top Length: 43395  Top ID: 99.76
		Marking as insignificant: 2290005 2290113 | 1 109 | 109 109 | 100.0 | e_coli_k12_gi_556503834_ref_NC_ NODE_32_length_43395_cov_6.93673_ID_64815
		Marking as insignificant: 275041 275149 | 1 109 | 109 109 | 100.0 | e_coli_k12_gi_556503834_ref_NC_ NODE_32_length_43395_cov_6.93673_ID_64815
		Marking as insignificant: 3130143 3130254 | 112 1 | 112 112 | 100.0 | e_coli_k12_gi_556503834_ref_NC_ NODE_32_length_43395_cov_6.93673_ID_64815
		Marking as insignificant: 2102835 2102946 | 1 112 | 112 112 | 100.0 | e_coli_k12_gi_556503834_ref_NC_ NODE_32_length_43395_cov_6.93673_ID_64815
		Marking as insignificant: 3366642 3366754 | 1 113 | 113 113 | 100.0 | e_coli_k12_gi_556503834_ref_NC_ NODE_32_length_43395_cov_6.93673_ID_64815
		Marking as insignificant: 1299495 1299607 | 113 1 | 113 113 | 100.0 | e_coli_k12_gi_556503834_ref_NC_ NODE_32_length_43395_cov_6.93673_ID_64815
		Marking as insignificant: 575677 575789 | 1 113 | 113 113 | 100.0 | e_coli_k12_gi_556503834_ref_NC_ NODE_32_length_43395_cov_6.93673_ID_64815
		Marking as insignificant: 1396036 1396152 | 117 1 | 117 117 | 99.15 | e_coli_k12_gi_556503834_ref_NC_ NODE_32_length_43395_cov_6.93673_ID_64815
		Marking as insignificant: 3653122 3653240 | 1 119 | 119 119 | 99.16 | e_coli_k12_gi_556503834_ref_NC_ NODE_32_length_43395_cov_6.93673_ID_64815
		Marking as insignificant: 3619191 3621940 | 40646 43395 | 2750 2750 | 99.71 | e_coli_k12_gi_556503834_ref_NC_ NODE_32_length_43395_cov_6.93673_ID_64815
		Marking as insignificant: 3762066 3764931 | 40529 43395 | 2866 2867 | 99.37 | e_coli_k12_gi_556503834_ref_NC_ NODE_32_length_43395_cov_6.93673_ID_64815
		One align captures most of this contig: 688937 732331 | 1 43395 | 43395 43395 | 99.76 | e_coli_k12_gi_556503834_ref_NC_ NODE_32_length_43395_cov_6.93673_ID_64815

CONTIG: NODE_33_length_42837_cov_6.18047_ID_62022 (42837bp)
Top Length: 42807  Top ID: 99.91
		Marking as insignificant: 2520931 2521006 | 42119 42194 | 76 76 | 100.0 | e_coli_k12_gi_556503834_ref_NC_ NODE_33_length_42837_cov_6.18047_ID_62022
		Marking as insignificant: 781577 781652 | 42503 42578 | 76 76 | 100.0 | e_coli_k12_gi_556503834_ref_NC_ NODE_33_length_42837_cov_6.18047_ID_62022
		Marking as insignificant: 781577 781652 | 42199 42274 | 76 76 | 100.0 | e_coli_k12_gi_556503834_ref_NC_ NODE_33_length_42837_cov_6.18047_ID_62022
		Marking as insignificant: 2521253 2521330 | 41908 41985 | 78 78 | 100.0 | e_coli_k12_gi_556503834_ref_NC_ NODE_33_length_42837_cov_6.18047_ID_62022
		Marking as insignificant: 781577 781654 | 41908 41985 | 78 78 | 100.0 | e_coli_k12_gi_556503834_ref_NC_ NODE_33_length_42837_cov_6.18047_ID_62022
		Marking as insignificant: 2521051 2521129 | 42119 42197 | 79 79 | 100.0 | e_coli_k12_gi_556503834_ref_NC_ NODE_33_length_42837_cov_6.18047_ID_62022
		Marking as insignificant: 2521253 2521365 | 42725 42837 | 113 113 | 99.12 | e_coli_k12_gi_556503834_ref_NC_ NODE_33_length_42837_cov_6.18047_ID_62022
		Marking as insignificant: 781577 781689 | 42725 42837 | 113 113 | 100.0 | e_coli_k12_gi_556503834_ref_NC_ NODE_33_length_42837_cov_6.18047_ID_62022
		Marking as insignificant: 2521173 2521328 | 42424 42578 | 156 155 | 98.72 | e_coli_k12_gi_556503834_ref_NC_ NODE_33_length_42837_cov_6.18047_ID_62022
		Marking as insignificant: 2521173 2521328 | 42119 42274 | 156 156 | 100.0 | e_coli_k12_gi_556503834_ref_NC_ NODE_33_length_42837_cov_6.18047_ID_62022
		One align captures most of this contig: 738642 781451 | 1 42807 | 42810 42807 | 99.91 | e_coli_k12_gi_556503834_ref_NC_ NODE_33_length_42837_cov_6.18047_ID_62022

CONTIG: NODE_34_length_42257_cov_6.05099_ID_59812 (42257bp)
Top Length: 42257  Top ID: 99.92
		One align captures most of this contig: 2472069 2514327 | 1 42257 | 42259 42257 | 99.92 | e_coli_k12_gi_556503834_ref_NC_ NODE_34_length_42257_cov_6.05099_ID_59812

CONTIG: NODE_35_length_41381_cov_6.00615_ID_62230 (41381bp)
Top Length: 41381  Top ID: 99.89
		Marking as insignificant: 4207913 4208055 | 145 1 | 143 145 | 97.24 | e_coli_k12_gi_556503834_ref_NC_ NODE_35_length_41381_cov_6.00615_ID_62230
		Marking as insignificant: 223535 223679 | 145 1 | 145 145 | 99.31 | e_coli_k12_gi_556503834_ref_NC_ NODE_35_length_41381_cov_6.00615_ID_62230
		One align captures most of this contig: 3428854 3470218 | 1 41381 | 41365 41381 | 99.89 | e_coli_k12_gi_556503834_ref_NC_ NODE_35_length_41381_cov_6.00615_ID_62230

CONTIG: NODE_36_length_39252_cov_6.0587_ID_65040 (39252bp)
Top Length: 39252  Top ID: 99.94
		One align captures most of this contig: 4040791 4080043 | 1 39252 | 39253 39252 | 99.94 | e_coli_k12_gi_556503834_ref_NC_ NODE_36_length_39252_cov_6.0587_ID_65040

CONTIG: NODE_37_length_35188_cov_6.15339_ID_61620 (35188bp)
Top Length: 35188  Top ID: 99.95
		One align captures most of this contig: 3584141 3619327 | 1 35188 | 35187 35188 | 99.95 | e_coli_k12_gi_556503834_ref_NC_ NODE_37_length_35188_cov_6.15339_ID_61620

CONTIG: NODE_38_length_33007_cov_6.1728_ID_61918 (33007bp)
Top Length: 32048  Top ID: 99.74
		Skipping redundant alignment 2068940 2069009 | 70 1 | 70 70 | 100.0 | e_coli_k12_gi_556503834_ref_NC_ NODE_38_length_33007_cov_6.1728_ID_61918
		Skipping redundant alignment 3187358 3187427 | 1 70 | 70 70 | 100.0 | e_coli_k12_gi_556503834_ref_NC_ NODE_38_length_33007_cov_6.1728_ID_61918
		Skipping redundant alignment 382522 382590 | 1 69 | 69 69 | 100.0 | e_coli_k12_gi_556503834_ref_NC_ NODE_38_length_33007_cov_6.1728_ID_61918
		Skipping redundant alignment 1651480 1651548 | 1 69 | 69 69 | 100.0 | e_coli_k12_gi_556503834_ref_NC_ NODE_38_length_33007_cov_6.1728_ID_61918
		Skipping redundant alignment 2996361 2996429 | 69 1 | 69 69 | 100.0 | e_coli_k12_gi_556503834_ref_NC_ NODE_38_length_33007_cov_6.1728_ID_61918
		Skipping redundant alignment 4499443 4499511 | 1 69 | 69 69 | 100.0 | e_coli_k12_gi_556503834_ref_NC_ NODE_38_length_33007_cov_6.1728_ID_61918
		This contig is misassembled. 8 total aligns.
			Excluding internal overlap of size 674 between Alignment 1 and 2:  1466346 1467978 | 1633 1 | 1633 1633 --> 1467020 1467978 | 959 1 | 959 959
			Real Alignment 1: 1467020 1467978 | 959 1 | 959 959 | 99.45 | e_coli_k12_gi_556503834_ref_NC_ NODE_38_length_33007_cov_6.1728_ID_61918
			  Gap between these two alignments (local misassembly). Inconsistency = 294 
			Real Alignment 2: 1434682 1466725 | 33007 960 | 32044 32048 | 99.74 | e_coli_k12_gi_556503834_ref_NC_ NODE_38_length_33007_cov_6.1728_ID_61918

CONTIG: NODE_39_length_32383_cov_6.44577_ID_62679 (32383bp)
Top Length: 32383  Top ID: 99.87
		Marking as insignificant: 2290005 2290113 | 32383 32275 | 109 109 | 100.0 | e_coli_k12_gi_556503834_ref_NC_ NODE_39_length_32383_cov_6.44577_ID_62679
		Marking as insignificant: 275041 275149 | 32383 32275 | 109 109 | 100.0 | e_coli_k12_gi_556503834_ref_NC_ NODE_39_length_32383_cov_6.44577_ID_62679
		Marking as insignificant: 3130143 3130254 | 32272 32383 | 112 112 | 100.0 | e_coli_k12_gi_556503834_ref_NC_ NODE_39_length_32383_cov_6.44577_ID_62679
		Marking as insignificant: 2102835 2102946 | 32383 32272 | 112 112 | 100.0 | e_coli_k12_gi_556503834_ref_NC_ NODE_39_length_32383_cov_6.44577_ID_62679
		Marking as insignificant: 3653122 3653234 | 32383 32271 | 113 113 | 100.0 | e_coli_k12_gi_556503834_ref_NC_ NODE_39_length_32383_cov_6.44577_ID_62679
		Marking as insignificant: 1396040 1396152 | 32271 32383 | 113 113 | 100.0 | e_coli_k12_gi_556503834_ref_NC_ NODE_39_length_32383_cov_6.44577_ID_62679
		Marking as insignificant: 1299495 1299607 | 32271 32383 | 113 113 | 100.0 | e_coli_k12_gi_556503834_ref_NC_ NODE_39_length_32383_cov_6.44577_ID_62679
		Marking as insignificant: 688937 689049 | 32383 32271 | 113 113 | 100.0 | e_coli_k12_gi_556503834_ref_NC_ NODE_39_length_32383_cov_6.44577_ID_62679
		Marking as insignificant: 3366642 3366755 | 32383 32270 | 114 114 | 100.0 | e_coli_k12_gi_556503834_ref_NC_ NODE_39_length_32383_cov_6.44577_ID_62679
		Marking as insignificant: 3071271 3071398 | 11081 10954 | 128 128 | 99.22 | e_coli_k12_gi_556503834_ref_NC_ NODE_39_length_32383_cov_6.44577_ID_62679
		Marking as insignificant: 803320 803447 | 11083 10956 | 128 128 | 99.22 | e_coli_k12_gi_556503834_ref_NC_ NODE_39_length_32383_cov_6.44577_ID_62679
		Marking as insignificant: 1423200 1423569 | 29933 29564 | 370 370 | 96.49 | e_coli_k12_gi_556503834_ref_NC_ NODE_39_length_32383_cov_6.44577_ID_62679
		Marking as insignificant: 1432557 1432971 | 26402 25988 | 415 415 | 95.18 | e_coli_k12_gi_556503834_ref_NC_ NODE_39_length_32383_cov_6.44577_ID_62679
		Marking as insignificant: 1634325 1634739 | 25988 26402 | 415 415 | 95.42 | e_coli_k12_gi_556503834_ref_NC_ NODE_39_length_32383_cov_6.44577_ID_62679
		Marking as insignificant: 1635839 1636918 | 26699 27778 | 1080 1080 | 98.52 | e_coli_k12_gi_556503834_ref_NC_ NODE_39_length_32383_cov_6.44577_ID_62679
		One align captures most of this contig: 575677 608061 | 32383 1 | 32385 32383 | 99.87 | e_coli_k12_gi_556503834_ref_NC_ NODE_39_length_32383_cov_6.44577_ID_62679

CONTIG: NODE_40_length_31584_cov_6.11884_ID_61874 (31584bp)
Top Length: 31584  Top ID: 99.92
		One align captures most of this contig: 2070219 2101803 | 1 31584 | 31585 31584 | 99.92 | e_coli_k12_gi_556503834_ref_NC_ NODE_40_length_31584_cov_6.11884_ID_61874

CONTIG: NODE_41_length_30783_cov_6.18244_ID_62336 (30783bp)
Top Length: 30783  Top ID: 99.92
		Marking as insignificant: 578127 578496 | 26018 26387 | 370 370 | 96.76 | e_coli_k12_gi_556503834_ref_NC_ NODE_41_length_30783_cov_6.18244_ID_62336
		One align captures most of this contig: 1397184 1427965 | 1 30783 | 30782 30783 | 99.92 | e_coli_k12_gi_556503834_ref_NC_ NODE_41_length_30783_cov_6.18244_ID_62336

CONTIG: NODE_42_length_29138_cov_6.07561_ID_62973 (29138bp)
Top Length: 29138  Top ID: 99.91
		Marking as insignificant: 3946872 3946949 | 8107 8184 | 78 78 | 100.0 | e_coli_k12_gi_556503834_ref_NC_ NODE_42_length_29138_cov_6.07561_ID_62973
		Marking as insignificant: 3946770 3946949 | 1 180 | 180 180 | 100.0 | e_coli_k12_gi_556503834_ref_NC_ NODE_42_length_29138_cov_6.07561_ID_62973
		Marking as insignificant: 737681 737960 | 10274 10553 | 280 280 | 97.14 | e_coli_k12_gi_556503834_ref_NC_ NODE_42_length_29138_cov_6.07561_ID_62973
		Marking as insignificant: 3625234 3625513 | 10274 10553 | 280 280 | 98.21 | e_coli_k12_gi_556503834_ref_NC_ NODE_42_length_29138_cov_6.07561_ID_62973
		Marking as insignificant: 1532672 1532951 | 10274 10553 | 280 280 | 99.29 | e_coli_k12_gi_556503834_ref_NC_ NODE_42_length_29138_cov_6.07561_ID_62973
		One align captures most of this contig: 228826 257962 | 1 29138 | 29137 29138 | 99.91 | e_coli_k12_gi_556503834_ref_NC_ NODE_42_length_29138_cov_6.07561_ID_62973

CONTIG: NODE_43_length_23937_cov_6.15212_ID_62538 (23937bp)
Top Length: 23937  Top ID: 99.94
		One align captures most of this contig: 291347 315283 | 1 23937 | 23937 23937 | 99.94 | e_coli_k12_gi_556503834_ref_NC_ NODE_43_length_23937_cov_6.15212_ID_62538

CONTIG: NODE_44_length_22696_cov_6.05812_ID_62387 (22696bp)
Top Length: 22696  Top ID: 99.92
		One align captures most of this contig: 3625444 3648137 | 22696 1 | 22694 22696 | 99.92 | e_coli_k12_gi_556503834_ref_NC_ NODE_44_length_22696_cov_6.05812_ID_62387

CONTIG: NODE_45_length_21930_cov_6.16046_ID_65018 (21930bp)
Top Length: 21930  Top ID: 99.93
		One align captures most of this contig: 2731431 2753365 | 1 21930 | 21935 21930 | 99.93 | e_coli_k12_gi_556503834_ref_NC_ NODE_45_length_21930_cov_6.16046_ID_65018

CONTIG: NODE_46_length_16035_cov_6.24099_ID_62405 (16035bp)
Top Length: 16033  Top ID: 99.93
		Marking as insignificant: 290428 290633 | 6577 6782 | 206 206 | 99.51 | e_coli_k12_gi_556503834_ref_NC_ NODE_46_length_16035_cov_6.24099_ID_62405
		One align captures most of this contig: 2753304 2769338 | 1 16033 | 16035 16033 | 99.93 | e_coli_k12_gi_556503834_ref_NC_ NODE_46_length_16035_cov_6.24099_ID_62405

CONTIG: NODE_47_length_15438_cov_5.9597_ID_63244 (15438bp)
Top Length: 15438  Top ID: 99.9
		One align captures most of this contig: 4 15441 | 1 15438 | 15438 15438 | 99.9 | e_coli_k12_gi_556503834_ref_NC_ NODE_47_length_15438_cov_5.9597_ID_63244

CONTIG: NODE_48_length_14404_cov_6.0122_ID_64974 (14404bp)
Top Length: 14404  Top ID: 99.91
		One align captures most of this contig: 4079989 4094394 | 1 14404 | 14406 14404 | 99.91 | e_coli_k12_gi_556503834_ref_NC_ NODE_48_length_14404_cov_6.0122_ID_64974

CONTIG: NODE_49_length_14060_cov_6.31032_ID_63038 (14060bp)
Top Length: 14060  Top ID: 99.96
		One align captures most of this contig: 1636838 1650897 | 14060 1 | 14060 14060 | 99.96 | e_coli_k12_gi_556503834_ref_NC_ NODE_49_length_14060_cov_6.31032_ID_63038

CONTIG: NODE_50_length_13138_cov_6.6312_ID_61676 (13138bp)
Top Length: 13138  Top ID: 99.92
		Marking as insignificant: 2290005 2290113 | 13138 13030 | 109 109 | 100.0 | e_coli_k12_gi_556503834_ref_NC_ NODE_50_length_13138_cov_6.6312_ID_61676
		Marking as insignificant: 275041 275149 | 13138 13030 | 109 109 | 100.0 | e_coli_k12_gi_556503834_ref_NC_ NODE_50_length_13138_cov_6.6312_ID_61676
		Marking as insignificant: 3130143 3130254 | 13027 13138 | 112 112 | 100.0 | e_coli_k12_gi_556503834_ref_NC_ NODE_50_length_13138_cov_6.6312_ID_61676
		Marking as insignificant: 2102835 2102946 | 13138 13027 | 112 112 | 100.0 | e_coli_k12_gi_556503834_ref_NC_ NODE_50_length_13138_cov_6.6312_ID_61676
		Marking as insignificant: 3366642 3366754 | 13138 13026 | 113 113 | 100.0 | e_coli_k12_gi_556503834_ref_NC_ NODE_50_length_13138_cov_6.6312_ID_61676
		Marking as insignificant: 1396040 1396152 | 13026 13138 | 113 113 | 100.0 | e_coli_k12_gi_556503834_ref_NC_ NODE_50_length_13138_cov_6.6312_ID_61676
		Marking as insignificant: 1299495 1299607 | 13026 13138 | 113 113 | 100.0 | e_coli_k12_gi_556503834_ref_NC_ NODE_50_length_13138_cov_6.6312_ID_61676
		Marking as insignificant: 575677 575789 | 13138 13026 | 113 113 | 100.0 | e_coli_k12_gi_556503834_ref_NC_ NODE_50_length_13138_cov_6.6312_ID_61676
		Marking as insignificant: 688937 689055 | 13138 13020 | 119 119 | 99.16 | e_coli_k12_gi_556503834_ref_NC_ NODE_50_length_13138_cov_6.6312_ID_61676
		One align captures most of this contig: 3653122 3666259 | 13138 1 | 13138 13138 | 99.92 | e_coli_k12_gi_556503834_ref_NC_ NODE_50_length_13138_cov_6.6312_ID_61676

CONTIG: NODE_51_length_12333_cov_6.26014_ID_63190 (12333bp)
Top Length: 12333  Top ID: 99.9
		Marking as insignificant: 1287243 1287337 | 263 358 | 95 96 | 98.96 | e_coli_k12_gi_556503834_ref_NC_ NODE_51_length_12333_cov_6.26014_ID_63190
		Marking as insignificant: 2290005 2290113 | 12333 12225 | 109 109 | 100.0 | e_coli_k12_gi_556503834_ref_NC_ NODE_51_length_12333_cov_6.26014_ID_63190
		Marking as insignificant: 275041 275149 | 12333 12225 | 109 109 | 100.0 | e_coli_k12_gi_556503834_ref_NC_ NODE_51_length_12333_cov_6.26014_ID_63190
		Marking as insignificant: 3130143 3130254 | 12222 12333 | 112 112 | 100.0 | e_coli_k12_gi_556503834_ref_NC_ NODE_51_length_12333_cov_6.26014_ID_63190
		Marking as insignificant: 2102835 2102946 | 12333 12222 | 112 112 | 100.0 | e_coli_k12_gi_556503834_ref_NC_ NODE_51_length_12333_cov_6.26014_ID_63190
		Marking as insignificant: 3653122 3653234 | 12333 12221 | 113 113 | 100.0 | e_coli_k12_gi_556503834_ref_NC_ NODE_51_length_12333_cov_6.26014_ID_63190
		Marking as insignificant: 688937 689049 | 12333 12221 | 113 113 | 100.0 | e_coli_k12_gi_556503834_ref_NC_ NODE_51_length_12333_cov_6.26014_ID_63190
		Marking as insignificant: 575677 575789 | 12333 12221 | 113 113 | 100.0 | e_coli_k12_gi_556503834_ref_NC_ NODE_51_length_12333_cov_6.26014_ID_63190
		Marking as insignificant: 1396039 1396152 | 12220 12333 | 114 114 | 100.0 | e_coli_k12_gi_556503834_ref_NC_ NODE_51_length_12333_cov_6.26014_ID_63190
		Marking as insignificant: 3366642 3366759 | 12333 12216 | 118 118 | 99.15 | e_coli_k12_gi_556503834_ref_NC_ NODE_51_length_12333_cov_6.26014_ID_63190
		One align captures most of this contig: 1287275 1299607 | 1 12333 | 12333 12333 | 99.9 | e_coli_k12_gi_556503834_ref_NC_ NODE_51_length_12333_cov_6.26014_ID_63190

CONTIG: NODE_52_length_10620_cov_6.34103_ID_63083 (10620bp)
Top Length: 10620  Top ID: 99.95
		Marking as insignificant: 271581 271761 | 56 236 | 181 181 | 99.45 | e_coli_k12_gi_556503834_ref_NC_ NODE_52_length_10620_cov_6.34103_ID_63083
		Marking as insignificant: 1470336 1470516 | 56 236 | 181 181 | 100.0 | e_coli_k12_gi_556503834_ref_NC_ NODE_52_length_10620_cov_6.34103_ID_63083
		Marking as insignificant: 4507443 4507639 | 253 56 | 197 198 | 98.48 | e_coli_k12_gi_556503834_ref_NC_ NODE_52_length_10620_cov_6.34103_ID_63083
		One align captures most of this contig: 279876 290495 | 1 10620 | 10620 10620 | 99.95 | e_coli_k12_gi_556503834_ref_NC_ NODE_52_length_10620_cov_6.34103_ID_63083

CONTIG: NODE_53_length_10177_cov_6.09188_ID_63525 (10177bp)
Top Length: 6034  Top ID: 98.59
		This contig is misassembled. 2 total aligns.
			Excluding internal overlap of size 1212 between Alignment 1 and 2:  2772327 2777679 | 10177 4823 | 5353 5355 --> 2772327 2776467 | 10177 6035 | 4141 4143
			Real Alignment 1: 258621 264654 | 1 6034 | 6034 6034 | 98.59 | e_coli_k12_gi_556503834_ref_NC_ NODE_53_length_10177_cov_6.09188_ID_63525
			  Extensive misassembly ( relocation, inconsistency = 2507672 ) between these two alignments
			Real Alignment 2: 2772327 2776467 | 10177 6035 | 4141 4143 | 97.8 | e_coli_k12_gi_556503834_ref_NC_ NODE_53_length_10177_cov_6.09188_ID_63525

CONTIG: NODE_54_length_9239_cov_6.0282_ID_63398 (9239bp)
Top Length: 9239  Top ID: 99.87
		Marking as insignificant: 4499443 4499511 | 1 69 | 69 69 | 100.0 | e_coli_k12_gi_556503834_ref_NC_ NODE_54_length_9239_cov_6.0282_ID_63398
		Marking as insignificant: 2068941 2069009 | 69 1 | 69 69 | 100.0 | e_coli_k12_gi_556503834_ref_NC_ NODE_54_length_9239_cov_6.0282_ID_63398
		Marking as insignificant: 1651480 1651548 | 1 69 | 69 69 | 100.0 | e_coli_k12_gi_556503834_ref_NC_ NODE_54_length_9239_cov_6.0282_ID_63398
		Marking as insignificant: 1467910 1467978 | 69 1 | 69 69 | 100.0 | e_coli_k12_gi_556503834_ref_NC_ NODE_54_length_9239_cov_6.0282_ID_63398
		Marking as insignificant: 2996359 2996429 | 71 1 | 71 71 | 100.0 | e_coli_k12_gi_556503834_ref_NC_ NODE_54_length_9239_cov_6.0282_ID_63398
		Marking as insignificant: 3187358 3187430 | 1 73 | 73 73 | 98.63 | e_coli_k12_gi_556503834_ref_NC_ NODE_54_length_9239_cov_6.0282_ID_63398
		One align captures most of this contig: 382522 391763 | 1 9239 | 9242 9239 | 99.87 | e_coli_k12_gi_556503834_ref_NC_ NODE_54_length_9239_cov_6.0282_ID_63398

CONTIG: NODE_55_length_8314_cov_6.19034_ID_63288 (8314bp)
Top Length: 8314  Top ID: 99.87
		Marking as insignificant: 3428854 3428998 | 1 145 | 145 145 | 99.31 | e_coli_k12_gi_556503834_ref_NC_ NODE_55_length_8314_cov_6.19034_ID_63288
		Marking as insignificant: 4207843 4208055 | 215 1 | 213 215 | 98.6 | e_coli_k12_gi_556503834_ref_NC_ NODE_55_length_8314_cov_6.19034_ID_63288
		One align captures most of this contig: 215365 223679 | 8314 1 | 8315 8314 | 99.87 | e_coli_k12_gi_556503834_ref_NC_ NODE_55_length_8314_cov_6.19034_ID_63288

CONTIG: NODE_56_length_8071_cov_6.34456_ID_63320 (8071bp)
Top Length: 8071  Top ID: 99.96
		Marking as insignificant: 3187358 3187426 | 8071 8003 | 69 69 | 100.0 | e_coli_k12_gi_556503834_ref_NC_ NODE_56_length_8071_cov_6.34456_ID_63320
		Marking as insignificant: 2996361 2996429 | 8003 8071 | 69 69 | 100.0 | e_coli_k12_gi_556503834_ref_NC_ NODE_56_length_8071_cov_6.34456_ID_63320
		Marking as insignificant: 2068941 2069009 | 8003 8071 | 69 69 | 100.0 | e_coli_k12_gi_556503834_ref_NC_ NODE_56_length_8071_cov_6.34456_ID_63320
		Marking as insignificant: 1467910 1467978 | 8003 8071 | 69 69 | 100.0 | e_coli_k12_gi_556503834_ref_NC_ NODE_56_length_8071_cov_6.34456_ID_63320
		Marking as insignificant: 382522 382590 | 8071 8003 | 69 69 | 100.0 | e_coli_k12_gi_556503834_ref_NC_ NODE_56_length_8071_cov_6.34456_ID_63320
		Marking as insignificant: 1651480 1651549 | 8071 8002 | 70 70 | 100.0 | e_coli_k12_gi_556503834_ref_NC_ NODE_56_length_8071_cov_6.34456_ID_63320
		One align captures most of this contig: 4499443 4507513 | 8071 1 | 8071 8071 | 99.96 | e_coli_k12_gi_556503834_ref_NC_ NODE_56_length_8071_cov_6.34456_ID_63320

CONTIG: NODE_57_length_6666_cov_6.35017_ID_63362 (6666bp)
Top Length: 6666  Top ID: 99.94
		One align captures most of this contig: 567980 574645 | 6666 1 | 6666 6666 | 99.94 | e_coli_k12_gi_556503834_ref_NC_ NODE_57_length_6666_cov_6.35017_ID_63362

CONTIG: NODE_58_length_5543_cov_5.92238_ID_63448 (5543bp)
Top Length: 5543  Top ID: 99.89
		Marking as insignificant: 2521173 2521248 | 5369 5444 | 76 76 | 100.0 | e_coli_k12_gi_556503834_ref_NC_ NODE_58_length_5543_cov_5.92238_ID_63448
		Marking as insignificant: 781068 781143 | 5369 5444 | 76 76 | 100.0 | e_coli_k12_gi_556503834_ref_NC_ NODE_58_length_5543_cov_5.92238_ID_63448
		Marking as insignificant: 780765 780840 | 5369 5444 | 76 76 | 100.0 | e_coli_k12_gi_556503834_ref_NC_ NODE_58_length_5543_cov_5.92238_ID_63448
		One align captures most of this contig: 2515563 2521105 | 1 5543 | 5543 5543 | 99.89 | e_coli_k12_gi_556503834_ref_NC_ NODE_58_length_5543_cov_5.92238_ID_63448

CONTIG: NODE_59_length_4268_cov_6.0273_ID_62897 (4268bp)
Top Length: 4268  Top ID: 99.95
		Marking as insignificant: 4040746 4040845 | 1 100 | 100 100 | 100.0 | e_coli_k12_gi_556503834_ref_NC_ NODE_59_length_4268_cov_6.0273_ID_62897
		One align captures most of this contig: 4171866 4176133 | 1 4268 | 4268 4268 | 99.95 | e_coli_k12_gi_556503834_ref_NC_ NODE_59_length_4268_cov_6.0273_ID_62897

CONTIG: NODE_60_length_4122_cov_5.89255_ID_63635 (4122bp)
Top Length: 4122  Top ID: 99.95
		One align captures most of this contig: 275096 279217 | 4122 1 | 4122 4122 | 99.95 | e_coli_k12_gi_556503834_ref_NC_ NODE_60_length_4122_cov_5.89255_ID_63635

CONTIG: NODE_61_length_3999_cov_6.1676_ID_63665 (3999bp)
Top Length: 3999  Top ID: 99.97
		One align captures most of this contig: 3648092 3652090 | 3999 1 | 3999 3999 | 99.97 | e_coli_k12_gi_556503834_ref_NC_ NODE_61_length_3999_cov_6.1676_ID_63665

CONTIG: NODE_62_length_3890_cov_6.05398_ID_63701 (3890bp)
Top Length: 3890  Top ID: 99.85
		One align captures most of this contig: 1428438 1432328 | 3890 1 | 3891 3890 | 99.85 | e_coli_k12_gi_556503834_ref_NC_ NODE_62_length_3890_cov_6.05398_ID_63701

CONTIG: NODE_63_length_3266_cov_5.8692_ID_63769 (3266bp)
Top Length: 3266  Top ID: 100.0
		One align captures most of this contig: 267330 270595 | 3266 1 | 3266 3266 | 100.0 | e_coli_k12_gi_556503834_ref_NC_ NODE_63_length_3266_cov_5.8692_ID_63769

CONTIG: NODE_64_length_3174_cov_6.3546_ID_63737 (3174bp)
Top Length: 3174  Top ID: 99.94
		One align captures most of this contig: 16677 19850 | 3174 1 | 3174 3174 | 99.94 | e_coli_k12_gi_556503834_ref_NC_ NODE_64_length_3174_cov_6.3546_ID_63737

CONTIG: NODE_65_length_3142_cov_43.3949_ID_65002 (3142bp)
Top Length: 3142  Top ID: 99.78
		Marking as insignificant: 3423418 3423548 | 1 131 | 131 131 | 98.47 | e_coli_k12_gi_556503834_ref_NC_ NODE_65_length_3142_cov_43.3949_ID_65002
		This contig has 7 significant alignments. [An ambiguously mapped contig]
		Using only first of these alignment (option --ambiguity-usage is set to "one"):
		Alignment: 225739 228880 | 3142 1 | 3142 3142 | 99.78 | e_coli_k12_gi_556503834_ref_NC_ NODE_65_length_3142_cov_43.3949_ID_65002
		Skipping alignment  3423663 3426803 | 1 3142 | 3141 3142 | 99.71 | e_coli_k12_gi_556503834_ref_NC_ NODE_65_length_3142_cov_43.3949_ID_65002
		Skipping alignment  4037499 4040641 | 3142 1 | 3143 3142 | 99.71 | e_coli_k12_gi_556503834_ref_NC_ NODE_65_length_3142_cov_43.3949_ID_65002
		Skipping alignment  4210023 4213164 | 3142 1 | 3142 3142 | 99.71 | e_coli_k12_gi_556503834_ref_NC_ NODE_65_length_3142_cov_43.3949_ID_65002
		Skipping alignment  3943684 3946824 | 3142 1 | 3141 3142 | 99.65 | e_coli_k12_gi_556503834_ref_NC_ NODE_65_length_3142_cov_43.3949_ID_65002
		Skipping alignment  4168621 4171761 | 3142 1 | 3141 3142 | 99.59 | e_coli_k12_gi_556503834_ref_NC_ NODE_65_length_3142_cov_43.3949_ID_65002
		Skipping alignment  2726064 2729204 | 1 3142 | 3141 3142 | 99.55 | e_coli_k12_gi_556503834_ref_NC_ NODE_65_length_3142_cov_43.3949_ID_65002

CONTIG: NODE_66_length_3119_cov_5.78031_ID_64976 (3119bp)
Top Length: 3119  Top ID: 99.84
		One align captures most of this contig: 2769268 2772386 | 3119 1 | 3119 3119 | 99.84 | e_coli_k12_gi_556503834_ref_NC_ NODE_66_length_3119_cov_5.78031_ID_64976

CONTIG: NODE_67_length_2302_cov_6.14686_ID_63875 (2302bp)
Top Length: 2302  Top ID: 99.96
		One align captures most of this contig: 271707 274009 | 2302 1 | 2303 2302 | 99.96 | e_coli_k12_gi_556503834_ref_NC_ NODE_67_length_2302_cov_6.14686_ID_63875

CONTIG: NODE_68_length_2261_cov_5.72076_ID_63937 (2261bp)
Top Length: 2261  Top ID: 99.82
		One align captures most of this contig: 264357 266617 | 2261 1 | 2261 2261 | 99.82 | e_coli_k12_gi_556503834_ref_NC_ NODE_68_length_2261_cov_5.72076_ID_63937

CONTIG: NODE_69_length_2049_cov_11.9985_ID_64928 (2049bp)
Top Length: 2049  Top ID: 99.85
		This contig has 2 significant alignments. [An ambiguously mapped contig]
		Using only first of these alignment (option --ambiguity-usage is set to "one"):
		Alignment: 1432688 1434736 | 2049 1 | 2049 2049 | 99.85 | e_coli_k12_gi_556503834_ref_NC_ NODE_69_length_2049_cov_11.9985_ID_64928
		Skipping alignment  1632560 1634608 | 1 2049 | 2049 2049 | 99.41 | e_coli_k12_gi_556503834_ref_NC_ NODE_69_length_2049_cov_11.9985_ID_64928

CONTIG: NODE_70_length_1922_cov_38.7236_ID_61469 (1922bp)
Top Length: 1922  Top ID: 99.9
		Marking as insignificant: 3427207 3428908 | 1 1702 | 1702 1702 | 99.47 | e_coli_k12_gi_556503834_ref_NC_ NODE_70_length_1922_cov_38.7236_ID_61469
		Marking as insignificant: 223625 225326 | 1702 1 | 1702 1702 | 99.47 | e_coli_k12_gi_556503834_ref_NC_ NODE_70_length_1922_cov_38.7236_ID_61469
		Marking as insignificant: 4208001 4209702 | 1702 1 | 1702 1702 | 100.0 | e_coli_k12_gi_556503834_ref_NC_ NODE_70_length_1922_cov_38.7236_ID_61469
		Marking as insignificant: 2729602 2731485 | 1 1885 | 1884 1885 | 99.1 | e_coli_k12_gi_556503834_ref_NC_ NODE_70_length_1922_cov_38.7236_ID_61469
		This contig has 3 significant alignments. [An ambiguously mapped contig]
		Using only first of these alignment (option --ambiguity-usage is set to "one"):
		Alignment: 4035165 4037086 | 1922 1 | 1922 1922 | 99.9 | e_coli_k12_gi_556503834_ref_NC_ NODE_70_length_1922_cov_38.7236_ID_61469
		Skipping alignment  4166299 4168214 | 1916 1 | 1916 1916 | 99.95 | e_coli_k12_gi_556503834_ref_NC_ NODE_70_length_1922_cov_38.7236_ID_61469
		Skipping alignment  3941442 3943363 | 1922 1 | 1922 1922 | 99.58 | e_coli_k12_gi_556503834_ref_NC_ NODE_70_length_1922_cov_38.7236_ID_61469

CONTIG: NODE_71_length_1765_cov_5.8538_ID_63907 (1765bp)
Top Length: 1765  Top ID: 99.89
		One align captures most of this contig: 2067245 2069009 | 1 1765 | 1765 1765 | 99.89 | e_coli_k12_gi_556503834_ref_NC_ NODE_71_length_1765_cov_5.8538_ID_63907

CONTIG: NODE_72_length_1542_cov_6.96974_ID_64012 (1542bp)
Top Length: 1542  Top ID: 99.94
		Marking as insignificant: 3765768 3765899 | 1542 1411 | 132 132 | 98.48 | e_coli_k12_gi_556503834_ref_NC_ NODE_72_length_1542_cov_6.96974_ID_64012
		One align captures most of this contig: 735039 736580 | 1542 1 | 1542 1542 | 99.94 | e_coli_k12_gi_556503834_ref_NC_ NODE_72_length_1542_cov_6.96974_ID_64012

CONTIG: NODE_73_length_1507_cov_7.67011_ID_64308 (1507bp)
Top Length: 1507  Top ID: 100.0
		Marking as insignificant: 3623835 3624233 | 990 592 | 399 399 | 97.24 | e_coli_k12_gi_556503834_ref_NC_ NODE_73_length_1507_cov_7.67011_ID_64308
		One align captures most of this contig: 3765768 3767274 | 1507 1 | 1507 1507 | 100.0 | e_coli_k12_gi_556503834_ref_NC_ NODE_73_length_1507_cov_7.67011_ID_64308

CONTIG: NODE_74_length_1413_cov_5.46613_ID_65014 (1413bp)
Top Length: 1413  Top ID: 99.93
		One align captures most of this contig: 2776947 2778359 | 1 1413 | 1413 1413 | 99.93 | e_coli_k12_gi_556503834_ref_NC_ NODE_74_length_1413_cov_5.46613_ID_65014

CONTIG: NODE_75_length_1345_cov_19.8372_ID_64920 (1345bp)
Top Length: 1345  Top ID: 100.0
		This contig has 3 significant alignments. [An ambiguously mapped contig]
		Using only first of these alignment (option --ambiguity-usage is set to "one"):
		Alignment: 15387 16731 | 1345 1 | 1345 1345 | 100.0 | e_coli_k12_gi_556503834_ref_NC_ NODE_75_length_1345_cov_19.8372_ID_64920
		Skipping alignment  608007 609351 | 1345 1 | 1345 1345 | 100.0 | e_coli_k12_gi_556503834_ref_NC_ NODE_75_length_1345_cov_19.8372_ID_64920
		Skipping alignment  2514273 2515617 | 1345 1 | 1345 1345 | 100.0 | e_coli_k12_gi_556503834_ref_NC_ NODE_75_length_1345_cov_19.8372_ID_64920

CONTIG: NODE_76_length_1255_cov_30.9025_ID_64902 (1255bp)
Top Length: 1255  Top ID: 100.0
		This contig has 5 significant alignments. [An ambiguously mapped contig]
		Using only first of these alignment (option --ambiguity-usage is set to "one"):
		Alignment: 315229 316483 | 1 1255 | 1255 1255 | 100.0 | e_coli_k12_gi_556503834_ref_NC_ NODE_76_length_1255_cov_30.9025_ID_64902
		Skipping alignment  391709 392963 | 1255 1 | 1255 1255 | 100.0 | e_coli_k12_gi_556503834_ref_NC_ NODE_76_length_1255_cov_30.9025_ID_64902
		Skipping alignment  566780 568034 | 1 1255 | 1255 1255 | 100.0 | e_coli_k12_gi_556503834_ref_NC_ NODE_76_length_1255_cov_30.9025_ID_64902
		Skipping alignment  1094245 1095499 | 1255 1 | 1255 1255 | 100.0 | e_coli_k12_gi_556503834_ref_NC_ NODE_76_length_1255_cov_30.9025_ID_64902
		Skipping alignment  2170174 2171428 | 1 1255 | 1255 1255 | 100.0 | e_coli_k12_gi_556503834_ref_NC_ NODE_76_length_1255_cov_30.9025_ID_64902

CONTIG: NODE_77_length_1141_cov_67_ID_64884 (1141bp)
Top Length: 1141  Top ID: 100.0
		This contig has 11 significant alignments. [An ambiguously mapped contig]
		Using only first of these alignment (option --ambiguity-usage is set to "one"):
		Alignment: 273955 275095 | 1141 1 | 1141 1141 | 100.0 | e_coli_k12_gi_556503834_ref_NC_ NODE_77_length_1141_cov_67_ID_64884
		Skipping alignment  574591 575731 | 1141 1 | 1141 1141 | 100.0 | e_coli_k12_gi_556503834_ref_NC_ NODE_77_length_1141_cov_67_ID_64884
		Skipping alignment  687851 688991 | 1141 1 | 1141 1141 | 100.0 | e_coli_k12_gi_556503834_ref_NC_ NODE_77_length_1141_cov_67_ID_64884
		Skipping alignment  1299553 1300693 | 1 1141 | 1141 1141 | 100.0 | e_coli_k12_gi_556503834_ref_NC_ NODE_77_length_1141_cov_67_ID_64884
		Skipping alignment  1396098 1397238 | 1 1141 | 1141 1141 | 100.0 | e_coli_k12_gi_556503834_ref_NC_ NODE_77_length_1141_cov_67_ID_64884
		Skipping alignment  2101749 2102889 | 1141 1 | 1141 1141 | 100.0 | e_coli_k12_gi_556503834_ref_NC_ NODE_77_length_1141_cov_67_ID_64884
		Skipping alignment  2288919 2290059 | 1141 1 | 1141 1141 | 100.0 | e_coli_k12_gi_556503834_ref_NC_ NODE_77_length_1141_cov_67_ID_64884
		Skipping alignment  3130200 3131340 | 1 1141 | 1141 1141 | 100.0 | e_coli_k12_gi_556503834_ref_NC_ NODE_77_length_1141_cov_67_ID_64884
		Skipping alignment  3365556 3366696 | 1141 1 | 1141 1141 | 100.0 | e_coli_k12_gi_556503834_ref_NC_ NODE_77_length_1141_cov_67_ID_64884
		Skipping alignment  3652036 3653176 | 1141 1 | 1141 1141 | 100.0 | e_coli_k12_gi_556503834_ref_NC_ NODE_77_length_1141_cov_67_ID_64884
		Skipping alignment  2066159 2067299 | 1141 1 | 1141 1141 | 99.65 | e_coli_k12_gi_556503834_ref_NC_ NODE_77_length_1141_cov_67_ID_64884

CONTIG: NODE_78_length_1095_cov_16.9404_ID_64904 (1095bp)
Top Length: 1095  Top ID: 100.0
		This contig has 3 significant alignments. [An ambiguously mapped contig]
		Using only first of these alignment (option --ambiguity-usage is set to "one"):
		Alignment: 1469296 1470390 | 1 1095 | 1095 1095 | 100.0 | e_coli_k12_gi_556503834_ref_NC_ NODE_78_length_1095_cov_16.9404_ID_64904
		Skipping alignment  4507585 4508679 | 1095 1 | 1095 1095 | 100.0 | e_coli_k12_gi_556503834_ref_NC_ NODE_78_length_1095_cov_16.9404_ID_64904
		Skipping alignment  270541 271635 | 1 1095 | 1095 1095 | 99.73 | e_coli_k12_gi_556503834_ref_NC_ NODE_78_length_1095_cov_16.9404_ID_64904

CONTIG: NODE_79_length_1011_cov_5.6569_ID_64996 (1011bp)
Top Length: 1011  Top ID: 99.8
		One align captures most of this contig: 3185138 3186149 | 1011 1 | 1012 1011 | 99.8 | e_coli_k12_gi_556503834_ref_NC_ NODE_79_length_1011_cov_5.6569_ID_64996

CONTIG: NODE_80_length_1004_cov_6.08008_ID_65016 (1004bp)
Top Length: 1004  Top ID: 100.0
		One align captures most of this contig: 733199 734202 | 1 1004 | 1004 1004 | 100.0 | e_coli_k12_gi_556503834_ref_NC_ NODE_80_length_1004_cov_6.08008_ID_65016

CONTIG: NODE_81_length_926_cov_5.64753_ID_64398 (926bp)
Top Length: 926  Top ID: 100.0
		One align captures most of this contig: 1634968 1635893 | 926 1 | 926 926 | 100.0 | e_coli_k12_gi_556503834_ref_NC_ NODE_81_length_926_cov_5.64753_ID_64398

CONTIG: NODE_82_length_834_cov_5.43774_ID_64986 (834bp)
Top Length: 834  Top ID: 100.0
		One align captures most of this contig: 266551 267384 | 1 834 | 834 834 | 100.0 | e_coli_k12_gi_556503834_ref_NC_ NODE_82_length_834_cov_5.43774_ID_64986

CONTIG: NODE_83_length_768_cov_43.1683_ID_64876 (768bp)
Top Length: 768  Top ID: 100.0
		Marking as insignificant: 1049778 1050545 | 768 1 | 768 768 | 98.83 | e_coli_k12_gi_556503834_ref_NC_ NODE_83_length_768_cov_43.1683_ID_64876
		Marking as insignificant: 290634 291401 | 1 768 | 768 768 | 98.83 | e_coli_k12_gi_556503834_ref_NC_ NODE_83_length_768_cov_43.1683_ID_64876
		Marking as insignificant: 279163 279930 | 1 768 | 768 768 | 98.83 | e_coli_k12_gi_556503834_ref_NC_ NODE_83_length_768_cov_43.1683_ID_64876
		This contig has 4 significant alignments. [An ambiguously mapped contig]
		Using only first of these alignment (option --ambiguity-usage is set to "one"):
		Alignment: 19796 20563 | 1 768 | 768 768 | 100.0 | e_coli_k12_gi_556503834_ref_NC_ NODE_83_length_768_cov_43.1683_ID_64876
		Skipping alignment  257908 258675 | 1 768 | 768 768 | 100.0 | e_coli_k12_gi_556503834_ref_NC_ NODE_83_length_768_cov_43.1683_ID_64876
		Skipping alignment  1978503 1979270 | 1 768 | 768 768 | 100.0 | e_coli_k12_gi_556503834_ref_NC_ NODE_83_length_768_cov_43.1683_ID_64876
		Skipping alignment  3583428 3584195 | 768 1 | 768 768 | 100.0 | e_coli_k12_gi_556503834_ref_NC_ NODE_83_length_768_cov_43.1683_ID_64876

CONTIG: NODE_84_length_692_cov_43.4239_ID_64874 (692bp)
Top Length: 692  Top ID: 100.0
		This contig has 7 significant alignments. [An ambiguously mapped contig]
		Using only first of these alignment (option --ambiguity-usage is set to "one"):
		Alignment: 381885 382576 | 692 1 | 692 692 | 100.0 | e_coli_k12_gi_556503834_ref_NC_ NODE_84_length_692_cov_43.4239_ID_64874
		Skipping alignment  1467924 1468615 | 1 692 | 692 692 | 100.0 | e_coli_k12_gi_556503834_ref_NC_ NODE_84_length_692_cov_43.4239_ID_64874
		Skipping alignment  1650843 1651534 | 692 1 | 692 692 | 100.0 | e_coli_k12_gi_556503834_ref_NC_ NODE_84_length_692_cov_43.4239_ID_64874
		Skipping alignment  2068955 2069646 | 1 692 | 692 692 | 100.0 | e_coli_k12_gi_556503834_ref_NC_ NODE_84_length_692_cov_43.4239_ID_64874
		Skipping alignment  2996375 2997066 | 1 692 | 692 692 | 100.0 | e_coli_k12_gi_556503834_ref_NC_ NODE_84_length_692_cov_43.4239_ID_64874
		Skipping alignment  3186721 3187412 | 692 1 | 692 692 | 100.0 | e_coli_k12_gi_556503834_ref_NC_ NODE_84_length_692_cov_43.4239_ID_64874
		Skipping alignment  4498806 4499497 | 692 1 | 692 692 | 100.0 | e_coli_k12_gi_556503834_ref_NC_ NODE_84_length_692_cov_43.4239_ID_64874

CONTIG: NODE_85_length_645_cov_22.5169_ID_64984 (645bp)
Top Length: 645  Top ID: 99.22
		This contig has 4 significant alignments. [An ambiguously mapped contig]
		Using only first of these alignment (option --ambiguity-usage is set to "one"):
		Alignment: 3764877 3765521 | 1 645 | 645 645 | 99.22 | e_coli_k12_gi_556503834_ref_NC_ NODE_85_length_645_cov_22.5169_ID_64984
		Skipping alignment  734148 734792 | 1 645 | 645 645 | 99.07 | e_coli_k12_gi_556503834_ref_NC_ NODE_85_length_645_cov_22.5169_ID_64984
		Skipping alignment  732277 732921 | 1 645 | 645 645 | 98.91 | e_coli_k12_gi_556503834_ref_NC_ NODE_85_length_645_cov_22.5169_ID_64984
		Skipping alignment  3621886 3622530 | 1 645 | 645 645 | 98.76 | e_coli_k12_gi_556503834_ref_NC_ NODE_85_length_645_cov_22.5169_ID_64984

Analyzing coverage...
Writing SNPs into /net/metagenomics/projects/afritz_assemblies/Coverage_Sweep_wgsim/020_error/SPAdes_cov32/quast/runs_per_reference/e_coli_k12/contigs_reports/nucmer_output/scaffolds.used_snps
	Reference e_coli_k12_gi_556503834_ref_NC_: 100 total alignments. 1 total regions.
		Region: 1 to 4641652 (4641652 bp)
			START in gap: 1 to 4 (3 bp)
			Align 1: 4 15441 NODE_47_length_15438_cov_5.9597_ID_63244 1 15438
				Negative gap (overlap) between this and next alignment: 15441 to 15387 (-54 bp)
				Next Alignment: 15387 16731 NODE_75_length_1345_cov_19.8372_ID_64920 1345 1

			Previous gap was negative, modifying coordinates to ignore overlap
				Moving contig start from 1345 to 1290.
			Align 2: 15442 16731 NODE_75_length_1345_cov_19.8372_ID_64920 1290 1
				Negative gap (overlap) between this and next alignment: 16731 to 16677 (-54 bp)
				Next Alignment: 16677 19850 NODE_64_length_3174_cov_6.3546_ID_63737 3174 1

			Previous gap was negative, modifying coordinates to ignore overlap
				Moving contig start from 3174 to 3119.
			Align 3: 16732 19850 NODE_64_length_3174_cov_6.3546_ID_63737 3119 1
				Negative gap (overlap) between this and next alignment: 19850 to 19796 (-54 bp)
				Next Alignment: 19796 20563 NODE_83_length_768_cov_43.1683_ID_64876 1 768

			Previous gap was negative, modifying coordinates to ignore overlap
				Moving contig start from 1 to 56.
			Align 4: 19851 20563 NODE_83_length_768_cov_43.1683_ID_64876 56 768
				Negative gap (overlap) between this and next alignment: 20563 to 20509 (-54 bp)
				Next Alignment: 20509 66563 NODE_14_length_118206_cov_6.11157_ID_60280 1 46056

			Previous gap was negative, modifying coordinates to ignore overlap
				Moving contig start from 1 to 56.
			Align 5: 20564 66563 NODE_14_length_118206_cov_6.11157_ID_60280 56 46056
				Gap between this and next alignment: 66563 to 66649 (85 bp)
				Next Alignment: 66649 138798 NODE_14_length_118206_cov_6.11157_ID_60280 46057 118205

			Align 6: 66649 138798 NODE_14_length_118206_cov_6.11157_ID_60280 46057 118205
				Negative gap (overlap) between this and next alignment: 138798 to 138773 (-25 bp)
				Next Alignment: 138773 215474 NODE_22_length_76704_cov_6.07743_ID_60096 76704 1

			Previous gap was negative, modifying coordinates to ignore overlap
				Moving contig start from 76704 to 76678.
			Align 7: 138799 215474 NODE_22_length_76704_cov_6.07743_ID_60096 76678 1
				Negative gap (overlap) between this and next alignment: 215474 to 215365 (-109 bp)
				Next Alignment: 215365 223679 NODE_55_length_8314_cov_6.19034_ID_63288 8314 1

			Previous gap was negative, modifying coordinates to ignore overlap
				Moving contig start from 8314 to 8204.
			Align 8: 215475 223679 NODE_55_length_8314_cov_6.19034_ID_63288 8204 1
				Gap between this and next alignment: 223679 to 225739 (2059 bp)
				Next Alignment: 225739 228880 NODE_65_length_3142_cov_43.3949_ID_65002 3142 1

			Align 9: 225739 228880 NODE_65_length_3142_cov_43.3949_ID_65002 3142 1
				Negative gap (overlap) between this and next alignment: 228880 to 228826 (-54 bp)
				Next Alignment: 228826 257962 NODE_42_length_29138_cov_6.07561_ID_62973 1 29138

			Previous gap was negative, modifying coordinates to ignore overlap
				Moving contig start from 1 to 56.
			Align 10: 228881 257962 NODE_42_length_29138_cov_6.07561_ID_62973 56 29138
				Gap between this and next alignment: 257962 to 258621 (658 bp)
				Next Alignment: 258621 264654 NODE_53_length_10177_cov_6.09188_ID_63525 1 6034

			Align 11: 258621 264654 NODE_53_length_10177_cov_6.09188_ID_63525 1 6034
				Negative gap (overlap) between this and next alignment: 264654 to 264357 (-297 bp)
				Next Alignment: 264357 266617 NODE_68_length_2261_cov_5.72076_ID_63937 2261 1

			Previous gap was negative, modifying coordinates to ignore overlap
				Moving contig start from 2261 to 1963.
			Align 12: 264655 266617 NODE_68_length_2261_cov_5.72076_ID_63937 1963 1
				Negative gap (overlap) between this and next alignment: 266617 to 266551 (-66 bp)
				Next Alignment: 266551 267384 NODE_82_length_834_cov_5.43774_ID_64986 1 834

			Previous gap was negative, modifying coordinates to ignore overlap
				Moving contig start from 1 to 68.
			Align 13: 266618 267384 NODE_82_length_834_cov_5.43774_ID_64986 68 834
				Negative gap (overlap) between this and next alignment: 267384 to 267330 (-54 bp)
				Next Alignment: 267330 270595 NODE_63_length_3266_cov_5.8692_ID_63769 3266 1

			Previous gap was negative, modifying coordinates to ignore overlap
				Moving contig start from 3266 to 3211.
			Align 14: 267385 270595 NODE_63_length_3266_cov_5.8692_ID_63769 3211 1
				Gap between this and next alignment: 270595 to 271707 (1111 bp)
				Next Alignment: 271707 274009 NODE_67_length_2302_cov_6.14686_ID_63875 2302 1

			Align 15: 271707 274009 NODE_67_length_2302_cov_6.14686_ID_63875 2302 1
				Negative gap (overlap) between this and next alignment: 274009 to 273955 (-54 bp)
				Next Alignment: 273955 275095 NODE_77_length_1141_cov_67_ID_64884 1141 1

			Previous gap was negative, modifying coordinates to ignore overlap
				Moving contig start from 1141 to 1086.
			Align 16: 274010 275095 NODE_77_length_1141_cov_67_ID_64884 1086 1
				Next Alignment: 275096 279217 NODE_60_length_4122_cov_5.89255_ID_63635 4122 1

			Align 17: 275096 279217 NODE_60_length_4122_cov_5.89255_ID_63635 4122 1
				Gap between this and next alignment: 279217 to 279876 (658 bp)
				Next Alignment: 279876 290495 NODE_52_length_10620_cov_6.34103_ID_63083 1 10620

			Align 18: 279876 290495 NODE_52_length_10620_cov_6.34103_ID_63083 1 10620
				Gap between this and next alignment: 290495 to 291347 (851 bp)
				Next Alignment: 291347 315283 NODE_43_length_23937_cov_6.15212_ID_62538 1 23937

			Align 19: 291347 315283 NODE_43_length_23937_cov_6.15212_ID_62538 1 23937
				Negative gap (overlap) between this and next alignment: 315283 to 315229 (-54 bp)
				Next Alignment: 315229 316483 NODE_76_length_1255_cov_30.9025_ID_64902 1 1255

			Previous gap was negative, modifying coordinates to ignore overlap
				Moving contig start from 1 to 56.
			Align 20: 315284 316483 NODE_76_length_1255_cov_30.9025_ID_64902 56 1255
				Negative gap (overlap) between this and next alignment: 316483 to 316429 (-54 bp)
				Next Alignment: 316429 381939 NODE_26_length_65504_cov_6.44557_ID_62750 1 65504

			Previous gap was negative, modifying coordinates to ignore overlap
				Moving contig start from 1 to 56.
			Align 21: 316484 381939 NODE_26_length_65504_cov_6.44557_ID_62750 56 65504
				Negative gap (overlap) between this and next alignment: 381939 to 381885 (-54 bp)
				Next Alignment: 381885 382576 NODE_84_length_692_cov_43.4239_ID_64874 692 1

			Previous gap was negative, modifying coordinates to ignore overlap
				Moving contig start from 692 to 637.
			Align 22: 381940 382576 NODE_84_length_692_cov_43.4239_ID_64874 637 1
				Negative gap (overlap) between this and next alignment: 382576 to 382522 (-54 bp)
				Next Alignment: 382522 391763 NODE_54_length_9239_cov_6.0282_ID_63398 1 9239

			Previous gap was negative, modifying coordinates to ignore overlap
				Moving contig start from 1 to 56.
			Align 23: 382577 391763 NODE_54_length_9239_cov_6.0282_ID_63398 56 9239
				Gap between this and next alignment: 391763 to 392909 (1145 bp)
				Next Alignment: 392909 508717 NODE_11_length_136341_cov_6.13592_ID_63811 136341 20532

			Align 24: 392909 508717 NODE_11_length_136341_cov_6.13592_ID_63811 136341 20532
				Gap between this and next alignment: 508717 to 508819 (101 bp)
				Next Alignment: 508819 527034 NODE_11_length_136341_cov_6.13592_ID_63811 20531 2318

			Align 25: 508819 527034 NODE_11_length_136341_cov_6.13592_ID_63811 20531 2318
				Next Alignment: 527035 566834 NODE_17_length_98827_cov_6.14604_ID_61349 39804 1

			Align 26: 527035 566834 NODE_17_length_98827_cov_6.14604_ID_61349 39804 1
				Gap between this and next alignment: 566834 to 567980 (1145 bp)
				Next Alignment: 567980 574645 NODE_57_length_6666_cov_6.35017_ID_63362 6666 1

			Align 27: 567980 574645 NODE_57_length_6666_cov_6.35017_ID_63362 6666 1
				Gap between this and next alignment: 574645 to 575677 (1031 bp)
				Next Alignment: 575677 608061 NODE_39_length_32383_cov_6.44577_ID_62679 32383 1

			Align 28: 575677 608061 NODE_39_length_32383_cov_6.44577_ID_62679 32383 1
				Gap between this and next alignment: 608061 to 609297 (1235 bp)
				Next Alignment: 609297 687905 NODE_21_length_78606_cov_6.05092_ID_60619 1 78606

			Align 29: 609297 687905 NODE_21_length_78606_cov_6.05092_ID_60619 1 78606
				Gap between this and next alignment: 687905 to 688937 (1031 bp)
				Next Alignment: 688937 732331 NODE_32_length_43395_cov_6.93673_ID_64815 1 43395

			Align 30: 688937 732331 NODE_32_length_43395_cov_6.93673_ID_64815 1 43395
				Gap between this and next alignment: 732331 to 733199 (867 bp)
				Next Alignment: 733199 734202 NODE_80_length_1004_cov_6.08008_ID_65016 1 1004

			Align 31: 733199 734202 NODE_80_length_1004_cov_6.08008_ID_65016 1 1004
				Gap between this and next alignment: 734202 to 735039 (836 bp)
				Next Alignment: 735039 736580 NODE_72_length_1542_cov_6.96974_ID_64012 1542 1

			Align 32: 735039 736580 NODE_72_length_1542_cov_6.96974_ID_64012 1542 1
				Gap between this and next alignment: 736580 to 738642 (2061 bp)
				Next Alignment: 738642 781451 NODE_33_length_42837_cov_6.18047_ID_62022 1 42807

			Align 33: 738642 781451 NODE_33_length_42837_cov_6.18047_ID_62022 1 42807
				Gap between this and next alignment: 781451 to 781790 (338 bp)
				Next Alignment: 781790 1049832 NODE_3_length_268040_cov_6.09174_ID_59645 1 268040

			Align 34: 781790 1049832 NODE_3_length_268040_cov_6.09174_ID_59645 1 268040
				Gap between this and next alignment: 1049832 to 1050491 (658 bp)
				Next Alignment: 1050491 1094299 NODE_31_length_43815_cov_6.09143_ID_62277 43815 1

			Align 35: 1050491 1094299 NODE_31_length_43815_cov_6.09143_ID_62277 43815 1
				Gap between this and next alignment: 1094299 to 1095445 (1145 bp)
				Next Alignment: 1095445 1096960 NODE_13_length_128110_cov_6.08079_ID_60937 128110 126595

			Align 36: 1095445 1096960 NODE_13_length_128110_cov_6.08079_ID_60937 128110 126595
				Gap between this and next alignment: 1096960 to 1097142 (181 bp)
				Next Alignment: 1097142 1223734 NODE_13_length_128110_cov_6.08079_ID_60937 126594 1

			Align 37: 1097142 1223734 NODE_13_length_128110_cov_6.08079_ID_60937 126594 1
				Negative gap (overlap) between this and next alignment: 1223734 to 1223564 (-170 bp)
				Next Alignment: 1223564 1270091 NODE_2_length_280352_cov_6.13122_ID_61545 62838 16312

			Previous gap was negative, modifying coordinates to ignore overlap
				Moving contig start from 62838 to 62666.
			Align 38: 1223735 1270091 NODE_2_length_280352_cov_6.13122_ID_61545 62666 16312
				Gap between this and next alignment: 1270091 to 1270626 (534 bp)
				Next Alignment: 1270626 1286940 NODE_2_length_280352_cov_6.13122_ID_61545 16311 1

			Align 39: 1270626 1286940 NODE_2_length_280352_cov_6.13122_ID_61545 16311 1
				Gap between this and next alignment: 1286940 to 1287275 (334 bp)
				Next Alignment: 1287275 1299607 NODE_51_length_12333_cov_6.26014_ID_63190 1 12333

			Align 40: 1287275 1299607 NODE_51_length_12333_cov_6.26014_ID_63190 1 12333
				Gap between this and next alignment: 1299607 to 1300639 (1031 bp)
				Next Alignment: 1300639 1396152 NODE_18_length_95519_cov_6.12213_ID_59979 95519 1

			Align 41: 1300639 1396152 NODE_18_length_95519_cov_6.12213_ID_59979 95519 1
				Gap between this and next alignment: 1396152 to 1397184 (1031 bp)
				Next Alignment: 1397184 1427965 NODE_41_length_30783_cov_6.18244_ID_62336 1 30783

			Align 42: 1397184 1427965 NODE_41_length_30783_cov_6.18244_ID_62336 1 30783
				Gap between this and next alignment: 1427965 to 1428438 (472 bp)
				Next Alignment: 1428438 1432328 NODE_62_length_3890_cov_6.05398_ID_63701 3890 1

			Align 43: 1428438 1432328 NODE_62_length_3890_cov_6.05398_ID_63701 3890 1
				Gap between this and next alignment: 1432328 to 1432688 (359 bp)
				Next Alignment: 1432688 1434736 NODE_69_length_2049_cov_11.9985_ID_64928 2049 1

			Align 44: 1432688 1434736 NODE_69_length_2049_cov_11.9985_ID_64928 2049 1
				Negative gap (overlap) between this and next alignment: 1434736 to 1434682 (-54 bp)
				Next Alignment: 1434682 1466725 NODE_38_length_33007_cov_6.1728_ID_61918 33007 960

			Previous gap was negative, modifying coordinates to ignore overlap
				Moving contig start from 33007 to 32952.
			Align 45: 1434737 1466725 NODE_38_length_33007_cov_6.1728_ID_61918 32952 960
				Gap between this and next alignment: 1466725 to 1467020 (294 bp)
				Next Alignment: 1467020 1467978 NODE_38_length_33007_cov_6.1728_ID_61918 959 1

			Align 46: 1467020 1467978 NODE_38_length_33007_cov_6.1728_ID_61918 959 1
				Gap between this and next alignment: 1467978 to 1469296 (1317 bp)
				Next Alignment: 1469296 1470390 NODE_78_length_1095_cov_16.9404_ID_64904 1 1095

			Align 47: 1469296 1470390 NODE_78_length_1095_cov_16.9404_ID_64904 1 1095
				Gap between this and next alignment: 1470390 to 1470462 (71 bp)
				Next Alignment: 1470462 1529488 NODE_17_length_98827_cov_6.14604_ID_61349 98827 39805

			Align 48: 1470462 1529488 NODE_17_length_98827_cov_6.14604_ID_61349 98827 39805
				Next Alignment: 1529489 1531807 NODE_11_length_136341_cov_6.13592_ID_63811 2317 1

			Align 49: 1529489 1531807 NODE_11_length_136341_cov_6.13592_ID_63811 2317 1
				Negative gap (overlap) between this and next alignment: 1531807 to 1531672 (-135 bp)
				Next Alignment: 1531672 1570640 NODE_10_length_136567_cov_6.26601_ID_64107 1458 40427

			Previous gap was negative, modifying coordinates to ignore overlap
				Moving contig start from 1458 to 1594.
			Align 50: 1531808 1570640 NODE_10_length_136567_cov_6.26601_ID_64107 1594 40427
				Gap between this and next alignment: 1570640 to 1571910 (1269 bp)
				Next Alignment: 1571910 1632614 NODE_27_length_60705_cov_6.02516_ID_61126 1 60705

			Align 51: 1571910 1632614 NODE_27_length_60705_cov_6.02516_ID_61126 1 60705
				Gap between this and next alignment: 1632614 to 1634968 (2353 bp)
				Next Alignment: 1634968 1635893 NODE_81_length_926_cov_5.64753_ID_64398 926 1

			Align 52: 1634968 1635893 NODE_81_length_926_cov_5.64753_ID_64398 926 1
				Gap between this and next alignment: 1635893 to 1636838 (944 bp)
				Next Alignment: 1636838 1650897 NODE_49_length_14060_cov_6.31032_ID_63038 14060 1

			Align 53: 1636838 1650897 NODE_49_length_14060_cov_6.31032_ID_63038 14060 1
				Gap between this and next alignment: 1650897 to 1651480 (582 bp)
				Next Alignment: 1651480 1978557 NODE_1_length_327076_cov_6.08792_ID_59473 327076 1

			Align 54: 1651480 1978557 NODE_1_length_327076_cov_6.08792_ID_59473 327076 1
				Gap between this and next alignment: 1978557 to 1979216 (658 bp)
				Next Alignment: 1979216 2066229 NODE_20_length_87010_cov_6.09708_ID_61181 87010 1

			Align 55: 1979216 2066229 NODE_20_length_87010_cov_6.09708_ID_61181 87010 1
				Gap between this and next alignment: 2066229 to 2067245 (1015 bp)
				Next Alignment: 2067245 2069009 NODE_71_length_1765_cov_5.8538_ID_63907 1 1765

			Align 56: 2067245 2069009 NODE_71_length_1765_cov_5.8538_ID_63907 1 1765
				Gap between this and next alignment: 2069009 to 2070219 (1209 bp)
				Next Alignment: 2070219 2101803 NODE_40_length_31584_cov_6.11884_ID_61874 1 31584

			Align 57: 2070219 2101803 NODE_40_length_31584_cov_6.11884_ID_61874 1 31584
				Gap between this and next alignment: 2101803 to 2102835 (1031 bp)
				Next Alignment: 2102835 2170228 NODE_25_length_67390_cov_6.15049_ID_60439 67390 1

			Align 58: 2102835 2170228 NODE_25_length_67390_cov_6.15049_ID_60439 67390 1
				Gap between this and next alignment: 2170228 to 2171374 (1145 bp)
				Next Alignment: 2171374 2288973 NODE_15_length_117600_cov_6.10025_ID_60805 1 117600

			Align 59: 2171374 2288973 NODE_15_length_117600_cov_6.10025_ID_60805 1 117600
				Gap between this and next alignment: 2288973 to 2290005 (1031 bp)
				Next Alignment: 2290005 2304389 NODE_5_length_181899_cov_6.07475_ID_59568 181899 167515

			Align 60: 2290005 2304389 NODE_5_length_181899_cov_6.07475_ID_59568 181899 167515
				Gap between this and next alignment: 2304389 to 2304616 (226 bp)
				Next Alignment: 2304616 2472134 NODE_5_length_181899_cov_6.07475_ID_59568 167514 1

			Align 61: 2304616 2472134 NODE_5_length_181899_cov_6.07475_ID_59568 167514 1
				Negative gap (overlap) between this and next alignment: 2472134 to 2472069 (-65 bp)
				Next Alignment: 2472069 2514327 NODE_34_length_42257_cov_6.05099_ID_59812 1 42257

			Previous gap was negative, modifying coordinates to ignore overlap
				Moving contig start from 1 to 67.
			Align 62: 2472135 2514327 NODE_34_length_42257_cov_6.05099_ID_59812 67 42257
				Gap between this and next alignment: 2514327 to 2515563 (1235 bp)
				Next Alignment: 2515563 2521105 NODE_58_length_5543_cov_5.92238_ID_63448 1 5543

			Align 63: 2515563 2521105 NODE_58_length_5543_cov_5.92238_ID_63448 1 5543
				Gap between this and next alignment: 2521105 to 2521466 (360 bp)
				Next Alignment: 2521466 2726118 NODE_4_length_204656_cov_6.10449_ID_60166 1 204656

			Align 64: 2521466 2726118 NODE_4_length_204656_cov_6.10449_ID_60166 1 204656
				Gap between this and next alignment: 2726118 to 2731431 (5312 bp)
				Next Alignment: 2731431 2753365 NODE_45_length_21930_cov_6.16046_ID_65018 1 21930

			Align 65: 2731431 2753365 NODE_45_length_21930_cov_6.16046_ID_65018 1 21930
				Negative gap (overlap) between this and next alignment: 2753365 to 2753304 (-61 bp)
				Next Alignment: 2753304 2769338 NODE_46_length_16035_cov_6.24099_ID_62405 1 16033

			Previous gap was negative, modifying coordinates to ignore overlap
				Moving contig start from 1 to 63.
			Align 66: 2753366 2769338 NODE_46_length_16035_cov_6.24099_ID_62405 63 16033
				Negative gap (overlap) between this and next alignment: 2769338 to 2769268 (-70 bp)
				Next Alignment: 2769268 2772386 NODE_66_length_3119_cov_5.78031_ID_64976 3119 1

			Previous gap was negative, modifying coordinates to ignore overlap
				Moving contig start from 3119 to 3048.
			Align 67: 2769339 2772386 NODE_66_length_3119_cov_5.78031_ID_64976 3048 1
				Negative gap (overlap) between this and next alignment: 2772386 to 2772327 (-59 bp)
				Next Alignment: 2772327 2776467 NODE_53_length_10177_cov_6.09188_ID_63525 10177 6035

			Previous gap was negative, modifying coordinates to ignore overlap
				Moving contig start from 10177 to 10117.
			Align 68: 2772387 2776467 NODE_53_length_10177_cov_6.09188_ID_63525 10117 6035
				Gap between this and next alignment: 2776467 to 2776947 (479 bp)
				Next Alignment: 2776947 2778359 NODE_74_length_1413_cov_5.46613_ID_65014 1 1413

			Align 69: 2776947 2778359 NODE_74_length_1413_cov_5.46613_ID_65014 1 1413
				Gap between this and next alignment: 2778359 to 2778491 (131 bp)
				Next Alignment: 2778491 2817783 NODE_2_length_280352_cov_6.13122_ID_61545 62839 102125

			Align 70: 2778491 2817783 NODE_2_length_280352_cov_6.13122_ID_61545 62839 102125
				Gap between this and next alignment: 2817783 to 2818197 (413 bp)
				Next Alignment: 2818197 2996429 NODE_2_length_280352_cov_6.13122_ID_61545 102126 280352

			Align 71: 2818197 2996429 NODE_2_length_280352_cov_6.13122_ID_61545 102126 280352
				Gap between this and next alignment: 2996429 to 2997638 (1208 bp)
				Next Alignment: 2997638 3071312 NODE_23_length_73672_cov_6.19364_ID_60487 73672 1

			Align 72: 2997638 3071312 NODE_23_length_73672_cov_6.19364_ID_60487 73672 1
				Negative gap (overlap) between this and next alignment: 3071312 to 3071275 (-37 bp)
				Next Alignment: 3071275 3130254 NODE_28_length_58979_cov_6.20801_ID_62474 1 58979

			Previous gap was negative, modifying coordinates to ignore overlap
				Moving contig start from 1 to 39.
			Align 73: 3071313 3130254 NODE_28_length_58979_cov_6.20801_ID_62474 39 58979
				Gap between this and next alignment: 3130254 to 3131292 (1037 bp)
				Next Alignment: 3131292 3185210 NODE_30_length_53914_cov_6.11623_ID_65028 1 53914

			Align 74: 3131292 3185210 NODE_30_length_53914_cov_6.11623_ID_65028 1 53914
				Negative gap (overlap) between this and next alignment: 3185210 to 3185138 (-72 bp)
				Next Alignment: 3185138 3186149 NODE_79_length_1011_cov_5.6569_ID_64996 1011 1

			Previous gap was negative, modifying coordinates to ignore overlap
				Moving contig start from 1011 to 939.
			Align 75: 3185211 3186149 NODE_79_length_1011_cov_5.6569_ID_64996 939 1
				Gap between this and next alignment: 3186149 to 3187358 (1208 bp)
				Next Alignment: 3187358 3365610 NODE_7_length_178247_cov_6.15686_ID_61040 178247 1

			Align 76: 3187358 3365610 NODE_7_length_178247_cov_6.15686_ID_61040 178247 1
				Gap between this and next alignment: 3365610 to 3366642 (1031 bp)
				Next Alignment: 3366642 3423313 NODE_29_length_56670_cov_6.16158_ID_61969 1 56670

			Align 77: 3366642 3423313 NODE_29_length_56670_cov_6.16158_ID_61969 1 56670
				Gap between this and next alignment: 3423313 to 3428854 (5540 bp)
				Next Alignment: 3428854 3470218 NODE_35_length_41381_cov_6.00615_ID_62230 1 41381

			Align 78: 3428854 3470218 NODE_35_length_41381_cov_6.00615_ID_62230 1 41381
				Negative gap (overlap) between this and next alignment: 3470218 to 3470143 (-75 bp)
				Next Alignment: 3470143 3583482 NODE_9_length_144263_cov_6.14247_ID_63583 30926 144263

			Previous gap was negative, modifying coordinates to ignore overlap
				Moving contig start from 30926 to 31002.
			Align 79: 3470219 3583482 NODE_9_length_144263_cov_6.14247_ID_63583 31002 144263
				Gap between this and next alignment: 3583482 to 3584141 (658 bp)
				Next Alignment: 3584141 3619327 NODE_37_length_35188_cov_6.15339_ID_61620 1 35188

			Align 80: 3584141 3619327 NODE_37_length_35188_cov_6.15339_ID_61620 1 35188
				Gap between this and next alignment: 3619327 to 3622777 (3449 bp)
				Next Alignment: 3622777 3624233 NODE_10_length_136567_cov_6.26601_ID_64107 1 1457

			Align 81: 3622777 3624233 NODE_10_length_136567_cov_6.26601_ID_64107 1 1457
				Gap between this and next alignment: 3624233 to 3625444 (1210 bp)
				Next Alignment: 3625444 3648137 NODE_44_length_22696_cov_6.05812_ID_62387 22696 1

			Align 82: 3625444 3648137 NODE_44_length_22696_cov_6.05812_ID_62387 22696 1
				Negative gap (overlap) between this and next alignment: 3648137 to 3648092 (-45 bp)
				Next Alignment: 3648092 3652090 NODE_61_length_3999_cov_6.1676_ID_63665 3999 1

			Previous gap was negative, modifying coordinates to ignore overlap
				Moving contig start from 3999 to 3953.
			Align 83: 3648138 3652090 NODE_61_length_3999_cov_6.1676_ID_63665 3953 1
				Gap between this and next alignment: 3652090 to 3653122 (1031 bp)
				Next Alignment: 3653122 3666259 NODE_50_length_13138_cov_6.6312_ID_61676 13138 1

			Align 84: 3653122 3666259 NODE_50_length_13138_cov_6.6312_ID_61676 13138 1
				Negative gap (overlap) between this and next alignment: 3666259 to 3666176 (-83 bp)
				Next Alignment: 3666176 3762318 NODE_10_length_136567_cov_6.26601_ID_64107 40428 136567

			Previous gap was negative, modifying coordinates to ignore overlap
				Moving contig start from 40428 to 40512.
			Align 85: 3666260 3762318 NODE_10_length_136567_cov_6.26601_ID_64107 40512 136567
				Gap between this and next alignment: 3762318 to 3764877 (2558 bp)
				Next Alignment: 3764877 3765521 NODE_85_length_645_cov_22.5169_ID_64984 1 645

			Align 86: 3764877 3765521 NODE_85_length_645_cov_22.5169_ID_64984 1 645
				Gap between this and next alignment: 3765521 to 3765768 (246 bp)
				Next Alignment: 3765768 3767274 NODE_73_length_1507_cov_7.67011_ID_64308 1507 1

			Align 87: 3765768 3767274 NODE_73_length_1507_cov_7.67011_ID_64308 1507 1
				Gap between this and next alignment: 3767274 to 3767521 (246 bp)
				Next Alignment: 3767521 3941496 NODE_8_length_173980_cov_6.04879_ID_59745 1 173980

			Align 88: 3767521 3941496 NODE_8_length_173980_cov_6.04879_ID_59745 1 173980
				Gap between this and next alignment: 3941496 to 3946770 (5273 bp)
				Next Alignment: 3946770 4035219 NODE_19_length_88474_cov_6.10213_ID_65360 1 88474

			Align 89: 3946770 4035219 NODE_19_length_88474_cov_6.10213_ID_65360 1 88474
				Negative gap (overlap) between this and next alignment: 4035219 to 4035165 (-54 bp)
				Next Alignment: 4035165 4037086 NODE_70_length_1922_cov_38.7236_ID_61469 1922 1

			Previous gap was negative, modifying coordinates to ignore overlap
				Moving contig start from 1922 to 1867.
			Align 90: 4035220 4037086 NODE_70_length_1922_cov_38.7236_ID_61469 1867 1
				Gap between this and next alignment: 4037086 to 4040791 (3704 bp)
				Next Alignment: 4040791 4080043 NODE_36_length_39252_cov_6.0587_ID_65040 1 39252

			Align 91: 4040791 4080043 NODE_36_length_39252_cov_6.0587_ID_65040 1 39252
				Negative gap (overlap) between this and next alignment: 4080043 to 4079989 (-54 bp)
				Next Alignment: 4079989 4094394 NODE_48_length_14404_cov_6.0122_ID_64974 1 14404

			Previous gap was negative, modifying coordinates to ignore overlap
				Moving contig start from 1 to 56.
			Align 92: 4080044 4094394 NODE_48_length_14404_cov_6.0122_ID_64974 56 14404
				Gap between this and next alignment: 4094394 to 4094616 (221 bp)
				Next Alignment: 4094616 4166384 NODE_24_length_71774_cov_6.02687_ID_61802 1 71774

			Align 93: 4094616 4166384 NODE_24_length_71774_cov_6.02687_ID_61802 1 71774
				Gap between this and next alignment: 4166384 to 4171866 (5481 bp)
				Next Alignment: 4171866 4176133 NODE_59_length_4268_cov_6.0273_ID_62897 1 4268

			Align 94: 4171866 4176133 NODE_59_length_4268_cov_6.0273_ID_62897 1 4268
				Gap between this and next alignment: 4176133 to 4177131 (997 bp)
				Next Alignment: 4177131 4208055 NODE_9_length_144263_cov_6.14247_ID_63583 30925 1

			Align 95: 4177131 4208055 NODE_9_length_144263_cov_6.14247_ID_63583 30925 1
				Gap between this and next alignment: 4208055 to 4213110 (5054 bp)
				Next Alignment: 4213110 4295836 NODE_6_length_179064_cov_6.14203_ID_62111 1 82719

			Align 96: 4213110 4295836 NODE_6_length_179064_cov_6.14203_ID_62111 1 82719
				Gap between this and next alignment: 4295836 to 4296061 (224 bp)
				Next Alignment: 4296061 4392411 NODE_6_length_179064_cov_6.14203_ID_62111 82720 179064

			Align 97: 4296061 4392411 NODE_6_length_179064_cov_6.14203_ID_62111 82720 179064
				Negative gap (overlap) between this and next alignment: 4392411 to 4392383 (-28 bp)
				Next Alignment: 4392383 4498235 NODE_16_length_105844_cov_6.15224_ID_60872 1 105844

			Previous gap was negative, modifying coordinates to ignore overlap
				Moving contig start from 1 to 30.
			Align 98: 4392412 4498235 NODE_16_length_105844_cov_6.15224_ID_60872 30 105844
				Gap between this and next alignment: 4498235 to 4499443 (1207 bp)
				Next Alignment: 4499443 4507513 NODE_56_length_8071_cov_6.34456_ID_63320 8071 1

			Align 99: 4499443 4507513 NODE_56_length_8071_cov_6.34456_ID_63320 8071 1
				Gap between this and next alignment: 4507513 to 4508625 (1111 bp)
				Next Alignment: 4508625 4641645 NODE_12_length_133024_cov_6.13499_ID_60341 133024 1

			Align 100: 4508625 4641645 NODE_12_length_133024_cov_6.13499_ID_60341 133024 1
			END in gap: 4641645 to 4641652 (7 bp)

Analysis is finished!
Founded SNPs were written into /net/metagenomics/projects/afritz_assemblies/Coverage_Sweep_wgsim/020_error/SPAdes_cov32/quast/runs_per_reference/e_coli_k12/contigs_reports/nucmer_output/scaffolds.used_snps

Results:
	Local Misassemblies: 7
	Misassemblies: 7
		Relocations: 7
		Translocations: 0
		Inversions: 0
	Misassembled Contigs: 6
	Misassembled Contig Bases: 806527
	Misassemblies Inter-Contig Overlap: 0
Uncovered Regions: 0 (0)
Unaligned Contigs: 0 + 0 part
Partially Unaligned Contigs with Misassemblies: 0
Unaligned Contig Bases: 0

Ambiguously Mapped Contigs: 10
Total Bases in Ambiguously Mapped Contigs: 14054
Note that --allow-ambiguity option was set to "one" and only first alignment per each contig was used.

	Covered Bases: 4556916

	SNPs: 3073
	Insertions: 297
	Deletions: 418

	Positive Gaps: 68
		Internal Gaps:  8
		External Gaps:  60
		External Gap Total:  82678
		External Gap Average: 1378
	Negative Gaps: 30
		Internal Overlaps:  0
		External Overlaps:  30
		External Overlaps Total: -2153
		External Overlaps Average: -72
	Contigs with Redundant Alignments: 0 (0)
