Aligning contigs to reference...
	Running Nucmer
Parsing coords...
Loading reference...
	Loaded [gi_556503834_ref_NC_000913.3_]
Loading SNPs...
Loading regions...
	No regions given, using whole reference.
	Total Regions: 1
	Total Region Length: 4641652
Analyzing contigs...
CONTIG: NODE_1_length_360895_cov_378.586_ID_425372 (360895bp)
Top Length: 360895  Top ID: 99.96
		Marking as insignificant: 2520931 2521006 | 91775 91850 | 76 76 | 100.0 | gi_556503834_ref_NC_000913.3_ NODE_1_length_360895_cov_378.586_ID_425372
		Marking as insignificant: 2520931 2521006 | 92080 92155 | 76 76 | 100.0 | gi_556503834_ref_NC_000913.3_ NODE_1_length_360895_cov_378.586_ID_425372
		Marking as insignificant: 2521253 2521330 | 91564 91641 | 78 78 | 100.0 | gi_556503834_ref_NC_000913.3_ NODE_1_length_360895_cov_378.586_ID_425372
		Marking as insignificant: 2521051 2521129 | 92080 92158 | 79 79 | 100.0 | gi_556503834_ref_NC_000913.3_ NODE_1_length_360895_cov_378.586_ID_425372
		Marking as insignificant: 2521051 2521129 | 91775 91853 | 79 79 | 100.0 | gi_556503834_ref_NC_000913.3_ NODE_1_length_360895_cov_378.586_ID_425372
		Marking as insignificant: 2521253 2521335 | 92382 92464 | 83 83 | 98.8 | gi_556503834_ref_NC_000913.3_ NODE_1_length_360895_cov_378.586_ID_425372
		Marking as insignificant: 3071271 3071396 | 114335 114460 | 126 126 | 98.41 | gi_556503834_ref_NC_000913.3_ NODE_1_length_360895_cov_378.586_ID_425372
		Marking as insignificant: 596978 597105 | 114333 114460 | 128 128 | 99.22 | gi_556503834_ref_NC_000913.3_ NODE_1_length_360895_cov_378.586_ID_425372
		Marking as insignificant: 1097522 1097659 | 236854 236991 | 138 138 | 98.55 | gi_556503834_ref_NC_000913.3_ NODE_1_length_360895_cov_378.586_ID_425372
		Marking as insignificant: 2521173 2521328 | 91775 91930 | 156 156 | 100.0 | gi_556503834_ref_NC_000913.3_ NODE_1_length_360895_cov_378.586_ID_425372
		Marking as insignificant: 2521173 2521328 | 92080 92235 | 156 156 | 100.0 | gi_556503834_ref_NC_000913.3_ NODE_1_length_360895_cov_378.586_ID_425372
		Marking as insignificant: 2229115 2229376 | 226301 226040 | 262 262 | 95.42 | gi_556503834_ref_NC_000913.3_ NODE_1_length_360895_cov_378.586_ID_425372
		Marking as insignificant: 2521253 2521520 | 92590 92857 | 268 268 | 99.63 | gi_556503834_ref_NC_000913.3_ NODE_1_length_360895_cov_378.586_ID_425372
		Marking as insignificant: 3767197 3767651 | 45724 46179 | 455 456 | 95.39 | gi_556503834_ref_NC_000913.3_ NODE_1_length_360895_cov_378.586_ID_425372
		Marking as insignificant: 1531696 1532584 | 48982 49870 | 889 889 | 97.41 | gi_556503834_ref_NC_000913.3_ NODE_1_length_360895_cov_378.586_ID_425372
		Marking as insignificant: 3624258 3625146 | 48982 49870 | 889 889 | 97.86 | gi_556503834_ref_NC_000913.3_ NODE_1_length_360895_cov_378.586_ID_425372
		Marking as insignificant: 3621886 3622880 | 45158 46152 | 995 995 | 98.59 | gi_556503834_ref_NC_000913.3_ NODE_1_length_360895_cov_378.586_ID_425372
		Marking as insignificant: 3764877 3765899 | 45158 46180 | 1023 1023 | 98.92 | gi_556503834_ref_NC_000913.3_ NODE_1_length_360895_cov_378.586_ID_425372
		Marking as insignificant: 1531697 1532962 | 47717 48981 | 1266 1265 | 96.68 | gi_556503834_ref_NC_000913.3_ NODE_1_length_360895_cov_378.586_ID_425372
		Marking as insignificant: 3624233 3625524 | 47691 48981 | 1292 1291 | 96.21 | gi_556503834_ref_NC_000913.3_ NODE_1_length_360895_cov_378.586_ID_425372
		Marking as insignificant: 3619191 3622911 | 40592 44312 | 3721 3721 | 99.3 | gi_556503834_ref_NC_000913.3_ NODE_1_length_360895_cov_378.586_ID_425372
		Marking as insignificant: 3762066 3765895 | 40475 44305 | 3830 3831 | 99.43 | gi_556503834_ref_NC_000913.3_ NODE_1_length_360895_cov_378.586_ID_425372
		One align captures most of this contig: 688991 1049882 | 1 360895 | 360892 360895 | 99.96 | gi_556503834_ref_NC_000913.3_ NODE_1_length_360895_cov_378.586_ID_425372

CONTIG: NODE_2_length_327064_cov_364.193_ID_425374 (327064bp)
Top Length: 327064  Top ID: 99.99
		One align captures most of this contig: 1651494 1978557 | 1 327064 | 327064 327064 | 99.99 | gi_556503834_ref_NC_000913.3_ NODE_2_length_327064_cov_364.193_ID_425374

CONTIG: NODE_3_length_284899_cov_364.989_ID_425376 (284899bp)
Top Length: 202174  Top ID: 99.99
		Skipping redundant alignment 1992042 1992117 | 105578 105653 | 76 76 | 100.0 | gi_556503834_ref_NC_000913.3_ NODE_3_length_284899_cov_364.989_ID_425376
		Skipping redundant alignment 1992042 1992117 | 105689 105764 | 76 76 | 100.0 | gi_556503834_ref_NC_000913.3_ NODE_3_length_284899_cov_364.989_ID_425376
		Skipping redundant alignment 1992042 1992117 | 105800 105875 | 76 76 | 100.0 | gi_556503834_ref_NC_000913.3_ NODE_3_length_284899_cov_364.989_ID_425376
		Skipping redundant alignment 4295948 4296322 | 202174 201802 | 375 373 | 97.33 | gi_556503834_ref_NC_000913.3_ NODE_3_length_284899_cov_364.989_ID_425376
		This contig is misassembled. 6 total aligns.
			Excluding internal overlap of size 373 between Alignment 1 and 2:  4213110 4296209 | 284899 201802 | 83100 83098 --> 4213110 4295836 | 284899 202175 | 82727 82725
			Real Alignment 1: 4296061 4498235 | 202174 1 | 202175 202174 | 99.99 | gi_556503834_ref_NC_000913.3_ NODE_3_length_284899_cov_364.989_ID_425376
			  Gap between these two alignments (local misassembly). Inconsistency = 224 
			Real Alignment 2: 4213110 4295836 | 284899 202175 | 82727 82725 | 99.99 | gi_556503834_ref_NC_000913.3_ NODE_3_length_284899_cov_364.989_ID_425376

CONTIG: NODE_4_length_264571_cov_365.525_ID_425378 (264571bp)
Top Length: 178219  Top ID: 99.99
		Skipping redundant alignment 290428 290633 | 28451 28656 | 206 206 | 99.51 | gi_556503834_ref_NC_000913.3_ NODE_4_length_264571_cov_365.525_ID_425378
		This contig is misassembled. 3 total aligns.
			Excluding internal overlap of size 354 between Alignment 1 and 2:  2731431 2818136 | 1 86706 | 86706 86706 --> 2731431 2817782 | 1 86352 | 86352 86352
			Real Alignment 1: 2731431 2817782 | 1 86352 | 86352 86352 | 99.99 | gi_556503834_ref_NC_000913.3_ NODE_4_length_264571_cov_365.525_ID_425378
			  Gap between these two alignments (local misassembly). Inconsistency = 414 
			Real Alignment 2: 2818197 2996415 | 86353 264571 | 178219 178219 | 99.99 | gi_556503834_ref_NC_000913.3_ NODE_4_length_264571_cov_365.525_ID_425378

CONTIG: NODE_5_length_224269_cov_363.304_ID_425380 (224269bp)
Top Length: 224269  Top ID: 99.99
		Marking as insignificant: 1207562 1207804 | 182066 181824 | 243 243 | 95.06 | gi_556503834_ref_NC_000913.3_ NODE_5_length_224269_cov_363.304_ID_425380
		One align captures most of this contig: 2290059 2514327 | 1 224269 | 224269 224269 | 99.99 | gi_556503834_ref_NC_000913.3_ NODE_5_length_224269_cov_363.304_ID_425380

CONTIG: NODE_6_length_210558_cov_363.946_ID_425382 (210558bp)
Top Length: 210558  Top ID: 99.99
		Marking as insignificant: 780765 780841 | 5491 5567 | 77 77 | 100.0 | gi_556503834_ref_NC_000913.3_ NODE_6_length_210558_cov_363.946_ID_425382
		Marking as insignificant: 780765 780841 | 5369 5445 | 77 77 | 100.0 | gi_556503834_ref_NC_000913.3_ NODE_6_length_210558_cov_363.946_ID_425382
		Marking as insignificant: 781068 781145 | 5491 5568 | 78 78 | 100.0 | gi_556503834_ref_NC_000913.3_ NODE_6_length_210558_cov_363.946_ID_425382
		Marking as insignificant: 781068 781145 | 5369 5446 | 78 78 | 100.0 | gi_556503834_ref_NC_000913.3_ NODE_6_length_210558_cov_363.946_ID_425382
		Marking as insignificant: 780554 780631 | 5693 5770 | 78 78 | 100.0 | gi_556503834_ref_NC_000913.3_ NODE_6_length_210558_cov_363.946_ID_425382
		Marking as insignificant: 781369 781451 | 5693 5775 | 83 83 | 98.8 | gi_556503834_ref_NC_000913.3_ NODE_6_length_210558_cov_363.946_ID_425382
		Marking as insignificant: 780765 780918 | 5613 5768 | 154 156 | 98.72 | gi_556503834_ref_NC_000913.3_ NODE_6_length_210558_cov_363.946_ID_425382
		Marking as insignificant: 781068 781222 | 5613 5768 | 155 156 | 99.36 | gi_556503834_ref_NC_000913.3_ NODE_6_length_210558_cov_363.946_ID_425382
		Marking as insignificant: 781577 781844 | 5693 5960 | 268 268 | 100.0 | gi_556503834_ref_NC_000913.3_ NODE_6_length_210558_cov_363.946_ID_425382
		One align captures most of this contig: 2515563 2726118 | 1 210558 | 210556 210558 | 99.99 | gi_556503834_ref_NC_000913.3_ NODE_6_length_210558_cov_363.946_ID_425382

CONTIG: NODE_7_length_203928_cov_368.585_ID_425384 (203928bp)
Top Length: 202412  Top ID: 99.97
		Marking as insignificant: 925841 925978 | 1897 2034 | 138 138 | 98.55 | gi_556503834_ref_NC_000913.3_ NODE_7_length_203928_cov_368.585_ID_425384
		Marking as insignificant: 2471882 2472123 | 112179 111938 | 242 242 | 95.04 | gi_556503834_ref_NC_000913.3_ NODE_7_length_203928_cov_368.585_ID_425384
		Marking as insignificant: 1095445 1097402 | 1 1958 | 1958 1958 | 99.9 | gi_556503834_ref_NC_000913.3_ NODE_7_length_203928_cov_368.585_ID_425384
		One align captures most of this contig: 1097142 1299553 | 1517 203928 | 202412 202412 | 99.97 | gi_556503834_ref_NC_000913.3_ NODE_7_length_203928_cov_368.585_ID_425384

CONTIG: NODE_8_length_203170_cov_362.948_ID_425386 (203170bp)
Top Length: 203170  Top ID: 99.99
		Marking as insignificant: 3428854 3428998 | 1 145 | 145 145 | 99.31 | gi_556503834_ref_NC_000913.3_ NODE_8_length_203170_cov_362.948_ID_425386
		Marking as insignificant: 4207843 4208055 | 215 1 | 213 215 | 98.6 | gi_556503834_ref_NC_000913.3_ NODE_8_length_203170_cov_362.948_ID_425386
		One align captures most of this contig: 20510 223679 | 203170 1 | 203170 203170 | 99.99 | gi_556503834_ref_NC_000913.3_ NODE_8_length_203170_cov_362.948_ID_425386

CONTIG: NODE_9_length_178256_cov_363.298_ID_425388 (178256bp)
Top Length: 178256  Top ID: 100.0
		Marking as insignificant: 2288919 2288990 | 178185 178256 | 72 72 | 100.0 | gi_556503834_ref_NC_000913.3_ NODE_9_length_178256_cov_363.298_ID_425388
		Marking as insignificant: 273951 274026 | 178181 178256 | 76 76 | 98.68 | gi_556503834_ref_NC_000913.3_ NODE_9_length_178256_cov_363.298_ID_425388
		Marking as insignificant: 2101744 2101820 | 178180 178256 | 77 77 | 98.7 | gi_556503834_ref_NC_000913.3_ NODE_9_length_178256_cov_363.298_ID_425388
		Marking as insignificant: 3652032 3652107 | 178181 178256 | 76 76 | 100.0 | gi_556503834_ref_NC_000913.3_ NODE_9_length_178256_cov_363.298_ID_425388
		Marking as insignificant: 3131269 3131344 | 178256 178181 | 76 76 | 100.0 | gi_556503834_ref_NC_000913.3_ NODE_9_length_178256_cov_363.298_ID_425388
		Marking as insignificant: 1397167 1397242 | 178256 178181 | 76 76 | 100.0 | gi_556503834_ref_NC_000913.3_ NODE_9_length_178256_cov_363.298_ID_425388
		Marking as insignificant: 1300622 1300697 | 178256 178181 | 76 76 | 100.0 | gi_556503834_ref_NC_000913.3_ NODE_9_length_178256_cov_363.298_ID_425388
		Marking as insignificant: 687847 687922 | 178181 178256 | 76 76 | 100.0 | gi_556503834_ref_NC_000913.3_ NODE_9_length_178256_cov_363.298_ID_425388
		Marking as insignificant: 574587 574662 | 178181 178256 | 76 76 | 100.0 | gi_556503834_ref_NC_000913.3_ NODE_9_length_178256_cov_363.298_ID_425388
		One align captures most of this contig: 3187372 3365627 | 1 178256 | 178256 178256 | 100.0 | gi_556503834_ref_NC_000913.3_ NODE_9_length_178256_cov_363.298_ID_425388

CONTIG: NODE_10_length_175728_cov_365.878_ID_425390 (175728bp)
Top Length: 175728  Top ID: 99.99
		Marking as insignificant: 3623835 3624233 | 175218 174820 | 399 399 | 97.99 | gi_556503834_ref_NC_000913.3_ NODE_10_length_175728_cov_365.878_ID_425390
		Marking as insignificant: 3622452 3622880 | 174306 173879 | 429 428 | 96.74 | gi_556503834_ref_NC_000913.3_ NODE_10_length_175728_cov_365.878_ID_425390
		Marking as insignificant: 3765443 3765895 | 174306 173855 | 453 452 | 97.35 | gi_556503834_ref_NC_000913.3_ NODE_10_length_175728_cov_365.878_ID_425390
		Marking as insignificant: 734714 735169 | 174306 173852 | 456 455 | 97.59 | gi_556503834_ref_NC_000913.3_ NODE_10_length_175728_cov_365.878_ID_425390
		One align captures most of this contig: 3765775 3941502 | 175728 1 | 175728 175728 | 99.99 | gi_556503834_ref_NC_000913.3_ NODE_10_length_175728_cov_365.878_ID_425390

CONTIG: NODE_11_length_133027_cov_363.177_ID_425392 (133027bp)
Top Length: 133027  Top ID: 99.99
		Marking as insignificant: 3982605 3982692 | 35486 35573 | 88 88 | 100.0 | gi_556503834_ref_NC_000913.3_ NODE_11_length_133027_cov_363.177_ID_425392
		Marking as insignificant: 3982604 3982692 | 35249 35337 | 89 89 | 100.0 | gi_556503834_ref_NC_000913.3_ NODE_11_length_133027_cov_363.177_ID_425392
		One align captures most of this contig: 4508625 4641651 | 133027 1 | 133027 133027 | 99.99 | gi_556503834_ref_NC_000913.3_ NODE_11_length_133027_cov_363.177_ID_425392

CONTIG: NODE_12_length_132783_cov_362.868_ID_425394 (132783bp)
Top Length: 132783  Top ID: 99.99
		One align captures most of this contig: 392909 525691 | 132783 1 | 132783 132783 | 99.99 | gi_556503834_ref_NC_000913.3_ NODE_12_length_132783_cov_362.868_ID_425394

CONTIG: NODE_13_length_132564_cov_363.578_ID_425396 (132564bp)
Top Length: 132564  Top ID: 100.0
		Marking as insignificant: 803322 803447 | 73635 73760 | 126 126 | 98.41 | gi_556503834_ref_NC_000913.3_ NODE_13_length_132564_cov_363.578_ID_425396
		Marking as insignificant: 596980 597107 | 73635 73762 | 128 128 | 99.22 | gi_556503834_ref_NC_000913.3_ NODE_13_length_132564_cov_363.578_ID_425396
		One align captures most of this contig: 2997637 3130200 | 1 132564 | 132564 132564 | 100.0 | gi_556503834_ref_NC_000913.3_ NODE_13_length_132564_cov_363.578_ID_425396

CONTIG: NODE_14_length_125608_cov_364.449_ID_425398 (125608bp)
Top Length: 125608  Top ID: 99.99
		Marking as insignificant: 4171866 4171965 | 1 100 | 100 100 | 100.0 | gi_556503834_ref_NC_000913.3_ NODE_14_length_125608_cov_364.449_ID_425398
		One align captures most of this contig: 4040746 4166353 | 1 125608 | 125608 125608 | 99.99 | gi_556503834_ref_NC_000913.3_ NODE_14_length_125608_cov_364.449_ID_425398

CONTIG: NODE_15_length_117617_cov_363.418_ID_425400 (117617bp)
Top Length: 117617  Top ID: 100.0
		Marking as insignificant: 3365556 3365627 | 72 1 | 72 72 | 100.0 | gi_556503834_ref_NC_000913.3_ NODE_15_length_117617_cov_363.418_ID_425400
		Marking as insignificant: 3131269 3131340 | 1 72 | 72 72 | 100.0 | gi_556503834_ref_NC_000913.3_ NODE_15_length_117617_cov_363.418_ID_425400
		Marking as insignificant: 1397167 1397238 | 1 72 | 72 72 | 100.0 | gi_556503834_ref_NC_000913.3_ NODE_15_length_117617_cov_363.418_ID_425400
		Marking as insignificant: 1300622 1300693 | 1 72 | 72 72 | 100.0 | gi_556503834_ref_NC_000913.3_ NODE_15_length_117617_cov_363.418_ID_425400
		Marking as insignificant: 687851 687922 | 72 1 | 72 72 | 100.0 | gi_556503834_ref_NC_000913.3_ NODE_15_length_117617_cov_363.418_ID_425400
		Marking as insignificant: 574591 574662 | 72 1 | 72 72 | 100.0 | gi_556503834_ref_NC_000913.3_ NODE_15_length_117617_cov_363.418_ID_425400
		Marking as insignificant: 273955 274026 | 72 1 | 72 72 | 100.0 | gi_556503834_ref_NC_000913.3_ NODE_15_length_117617_cov_363.418_ID_425400
		Marking as insignificant: 2101746 2101820 | 75 1 | 75 75 | 100.0 | gi_556503834_ref_NC_000913.3_ NODE_15_length_117617_cov_363.418_ID_425400
		Marking as insignificant: 3652029 3652107 | 79 1 | 79 79 | 97.47 | gi_556503834_ref_NC_000913.3_ NODE_15_length_117617_cov_363.418_ID_425400
		Marking as insignificant: 915027 915288 | 59615 59876 | 262 262 | 95.04 | gi_556503834_ref_NC_000913.3_ NODE_15_length_117617_cov_363.418_ID_425400
		One align captures most of this contig: 2171374 2288990 | 117617 1 | 117617 117617 | 100.0 | gi_556503834_ref_NC_000913.3_ NODE_15_length_117617_cov_363.418_ID_425400

CONTIG: NODE_16_length_112342_cov_363.608_ID_425402 (112342bp)
Top Length: 112342  Top ID: 99.99
		One align captures most of this contig: 3471140 3583481 | 1 112342 | 112342 112342 | 99.99 | gi_556503834_ref_NC_000913.3_ NODE_16_length_112342_cov_363.608_ID_425402

CONTIG: NODE_17_length_95477_cov_365.215_ID_425408 (95477bp)
Top Length: 95477  Top ID: 100.0
		Marking as insignificant: 2288919 2288990 | 72 1 | 72 72 | 100.0 | gi_556503834_ref_NC_000913.3_ NODE_17_length_95477_cov_365.215_ID_425408
		Marking as insignificant: 2101745 2101820 | 76 1 | 76 76 | 98.68 | gi_556503834_ref_NC_000913.3_ NODE_17_length_95477_cov_365.215_ID_425408
		Marking as insignificant: 273951 274026 | 76 1 | 76 76 | 98.68 | gi_556503834_ref_NC_000913.3_ NODE_17_length_95477_cov_365.215_ID_425408
		Marking as insignificant: 3365552 3365627 | 76 1 | 76 76 | 100.0 | gi_556503834_ref_NC_000913.3_ NODE_17_length_95477_cov_365.215_ID_425408
		Marking as insignificant: 687847 687922 | 76 1 | 76 76 | 100.0 | gi_556503834_ref_NC_000913.3_ NODE_17_length_95477_cov_365.215_ID_425408
		Marking as insignificant: 574586 574662 | 77 1 | 77 77 | 100.0 | gi_556503834_ref_NC_000913.3_ NODE_17_length_95477_cov_365.215_ID_425408
		Marking as insignificant: 3652030 3652107 | 78 1 | 78 78 | 100.0 | gi_556503834_ref_NC_000913.3_ NODE_17_length_95477_cov_365.215_ID_425408
		Marking as insignificant: 3131269 3131346 | 1 78 | 78 78 | 100.0 | gi_556503834_ref_NC_000913.3_ NODE_17_length_95477_cov_365.215_ID_425408
		Marking as insignificant: 1397167 1397247 | 1 81 | 81 81 | 98.77 | gi_556503834_ref_NC_000913.3_ NODE_17_length_95477_cov_365.215_ID_425408
		One align captures most of this contig: 1300622 1396098 | 1 95477 | 95477 95477 | 100.0 | gi_556503834_ref_NC_000913.3_ NODE_17_length_95477_cov_365.215_ID_425408

CONTIG: NODE_18_length_94773_cov_363.697_ID_425410 (94773bp)
Top Length: 94773  Top ID: 99.99
		One align captures most of this contig: 3667382 3762154 | 1 94773 | 94773 94773 | 99.99 | gi_556503834_ref_NC_000913.3_ NODE_18_length_94773_cov_363.697_ID_425410

CONTIG: NODE_19_length_87065_cov_366.348_ID_425412 (87065bp)
Top Length: 87065  Top ID: 100.0
		Marking as insignificant: 4392583 4392658 | 12952 12877 | 76 76 | 100.0 | gi_556503834_ref_NC_000913.3_ NODE_19_length_87065_cov_366.348_ID_425412
		Marking as insignificant: 4392472 4392547 | 12952 12877 | 76 76 | 100.0 | gi_556503834_ref_NC_000913.3_ NODE_19_length_87065_cov_366.348_ID_425412
		Marking as insignificant: 4392360 4392435 | 12952 12877 | 76 76 | 100.0 | gi_556503834_ref_NC_000913.3_ NODE_19_length_87065_cov_366.348_ID_425412
		Marking as insignificant: 2059846 2059930 | 78942 78858 | 85 85 | 100.0 | gi_556503834_ref_NC_000913.3_ NODE_19_length_87065_cov_366.348_ID_425412
		Marking as insignificant: 2058023 2058107 | 80765 80681 | 85 85 | 100.0 | gi_556503834_ref_NC_000913.3_ NODE_19_length_87065_cov_366.348_ID_425412
		Marking as insignificant: 2062236 2062339 | 78961 78858 | 104 104 | 97.12 | gi_556503834_ref_NC_000913.3_ NODE_19_length_87065_cov_366.348_ID_425412
		Marking as insignificant: 2058023 2058126 | 83174 83071 | 104 104 | 97.12 | gi_556503834_ref_NC_000913.3_ NODE_19_length_87065_cov_366.348_ID_425412
		Marking as insignificant: 2058023 2058126 | 65463 65360 | 104 104 | 98.08 | gi_556503834_ref_NC_000913.3_ NODE_19_length_87065_cov_366.348_ID_425412
		Marking as insignificant: 2044525 2044628 | 78961 78858 | 104 104 | 98.08 | gi_556503834_ref_NC_000913.3_ NODE_19_length_87065_cov_366.348_ID_425412
		Marking as insignificant: 291297 291401 | 1 105 | 105 105 | 100.0 | gi_556503834_ref_NC_000913.3_ NODE_19_length_87065_cov_366.348_ID_425412
		Marking as insignificant: 279826 279930 | 1 105 | 105 105 | 100.0 | gi_556503834_ref_NC_000913.3_ NODE_19_length_87065_cov_366.348_ID_425412
		Marking as insignificant: 258571 258675 | 1 105 | 105 105 | 100.0 | gi_556503834_ref_NC_000913.3_ NODE_19_length_87065_cov_366.348_ID_425412
		Marking as insignificant: 20459 20563 | 1 105 | 105 105 | 100.0 | gi_556503834_ref_NC_000913.3_ NODE_19_length_87065_cov_366.348_ID_425412
		Marking as insignificant: 3583413 3583532 | 120 1 | 120 120 | 96.69 | gi_556503834_ref_NC_000913.3_ NODE_19_length_87065_cov_366.348_ID_425412
		One align captures most of this contig: 1979166 2066230 | 1 87065 | 87065 87065 | 100.0 | gi_556503834_ref_NC_000913.3_ NODE_19_length_87065_cov_366.348_ID_425412

CONTIG: NODE_20_length_80764_cov_362.874_ID_425414 (80764bp)
Top Length: 80764  Top ID: 100.0
		Marking as insignificant: 236931 237008 | 103 180 | 78 78 | 100.0 | gi_556503834_ref_NC_000913.3_ NODE_20_length_80764_cov_362.874_ID_425414
		Marking as insignificant: 4606079 4606166 | 35923 35836 | 88 88 | 100.0 | gi_556503834_ref_NC_000913.3_ NODE_20_length_80764_cov_362.874_ID_425414
		Marking as insignificant: 4606315 4606403 | 35923 35835 | 89 89 | 100.0 | gi_556503834_ref_NC_000913.3_ NODE_20_length_80764_cov_362.874_ID_425414
		Marking as insignificant: 228826 229005 | 1 180 | 180 180 | 100.0 | gi_556503834_ref_NC_000913.3_ NODE_20_length_80764_cov_362.874_ID_425414
		One align captures most of this contig: 3946770 4027533 | 1 80764 | 80764 80764 | 100.0 | gi_556503834_ref_NC_000913.3_ NODE_20_length_80764_cov_362.874_ID_425414

CONTIG: NODE_21_length_78626_cov_364.136_ID_425416 (78626bp)
Top Length: 78626  Top ID: 99.99
		Marking as insignificant: 2288919 2288990 | 78555 78626 | 72 72 | 100.0 | gi_556503834_ref_NC_000913.3_ NODE_21_length_78626_cov_364.136_ID_425416
		Marking as insignificant: 2101745 2101820 | 78551 78626 | 76 76 | 98.68 | gi_556503834_ref_NC_000913.3_ NODE_21_length_78626_cov_364.136_ID_425416
		Marking as insignificant: 3652032 3652107 | 78551 78626 | 76 76 | 100.0 | gi_556503834_ref_NC_000913.3_ NODE_21_length_78626_cov_364.136_ID_425416
		Marking as insignificant: 3365552 3365627 | 78551 78626 | 76 76 | 100.0 | gi_556503834_ref_NC_000913.3_ NODE_21_length_78626_cov_364.136_ID_425416
		Marking as insignificant: 3131269 3131344 | 78626 78551 | 76 76 | 100.0 | gi_556503834_ref_NC_000913.3_ NODE_21_length_78626_cov_364.136_ID_425416
		Marking as insignificant: 1300622 1300697 | 78626 78551 | 76 76 | 100.0 | gi_556503834_ref_NC_000913.3_ NODE_21_length_78626_cov_364.136_ID_425416
		Marking as insignificant: 574587 574662 | 78551 78626 | 76 76 | 100.0 | gi_556503834_ref_NC_000913.3_ NODE_21_length_78626_cov_364.136_ID_425416
		Marking as insignificant: 1397167 1397243 | 78626 78550 | 77 77 | 100.0 | gi_556503834_ref_NC_000913.3_ NODE_21_length_78626_cov_364.136_ID_425416
		Marking as insignificant: 273948 274026 | 78548 78626 | 79 79 | 98.73 | gi_556503834_ref_NC_000913.3_ NODE_21_length_78626_cov_364.136_ID_425416
		One align captures most of this contig: 609297 687922 | 1 78626 | 78626 78626 | 99.99 | gi_556503834_ref_NC_000913.3_ NODE_21_length_78626_cov_364.136_ID_425416

CONTIG: NODE_22_length_67340_cov_362.561_ID_425418 (67340bp)
Top Length: 67340  Top ID: 100.0
		One align captures most of this contig: 2102889 2170228 | 67340 1 | 67340 67340 | 100.0 | gi_556503834_ref_NC_000913.3_ NODE_22_length_67340_cov_362.561_ID_425418

CONTIG: NODE_23_length_67233_cov_377.836_ID_425406 (67233bp)
Top Length: 63242  Top ID: 99.98
		Skipping redundant alignment 1635249 1635574 | 3870 3545 | 326 326 | 95.4 | gi_556503834_ref_NC_000913.3_ NODE_23_length_67233_cov_377.836_ID_425406
		This contig is misassembled. 3 total aligns.
			Excluding internal overlap of size 2561 between Alignment 1 and 2:  1428217 1434768 | 1 6552 | 6552 6552 --> 1428217 1432207 | 1 3991 | 3991 3991
			Real Alignment 1: 1428217 1432207 | 1 3991 | 3991 3991 | 99.68 | gi_556503834_ref_NC_000913.3_ NODE_23_length_67233_cov_377.836_ID_425406
			  Extensive misassembly ( relocation, inconsistency = 139639 ) between these two alignments
			Real Alignment 2: 1571847 1635088 | 67233 3992 | 63242 63242 | 99.98 | gi_556503834_ref_NC_000913.3_ NODE_23_length_67233_cov_377.836_ID_425406

CONTIG: NODE_24_length_64886_cov_363.45_ID_425420 (64886bp)
Top Length: 64886  Top ID: 99.99
		One align captures most of this contig: 316429 381314 | 1 64886 | 64886 64886 | 99.99 | gi_556503834_ref_NC_000913.3_ NODE_24_length_64886_cov_363.45_ID_425420

CONTIG: NODE_25_length_57684_cov_363.849_ID_425422 (57684bp)
Top Length: 57684  Top ID: 99.99
		One align captures most of this contig: 1470462 1528145 | 1 57684 | 57684 57684 | 99.99 | gi_556503834_ref_NC_000913.3_ NODE_25_length_57684_cov_363.849_ID_425422

CONTIG: NODE_26_length_56618_cov_366.45_ID_425424 (56618bp)
Top Length: 56618  Top ID: 100.0
		One align captures most of this contig: 3366696 3423313 | 1 56618 | 56618 56618 | 100.0 | gi_556503834_ref_NC_000913.3_ NODE_26_length_56618_cov_366.45_ID_425424

CONTIG: NODE_27_length_54882_cov_363.329_ID_425426 (54882bp)
Top Length: 54882  Top ID: 100.0
		Marking as insignificant: 2288919 2288990 | 54811 54882 | 72 72 | 100.0 | gi_556503834_ref_NC_000913.3_ NODE_27_length_54882_cov_363.329_ID_425426
		Marking as insignificant: 2101745 2101820 | 54807 54882 | 76 76 | 98.68 | gi_556503834_ref_NC_000913.3_ NODE_27_length_54882_cov_363.329_ID_425426
		Marking as insignificant: 273951 274026 | 54807 54882 | 76 76 | 98.68 | gi_556503834_ref_NC_000913.3_ NODE_27_length_54882_cov_363.329_ID_425426
		Marking as insignificant: 3365552 3365627 | 54807 54882 | 76 76 | 100.0 | gi_556503834_ref_NC_000913.3_ NODE_27_length_54882_cov_363.329_ID_425426
		Marking as insignificant: 1397167 1397242 | 54882 54807 | 76 76 | 100.0 | gi_556503834_ref_NC_000913.3_ NODE_27_length_54882_cov_363.329_ID_425426
		Marking as insignificant: 687847 687922 | 54807 54882 | 76 76 | 100.0 | gi_556503834_ref_NC_000913.3_ NODE_27_length_54882_cov_363.329_ID_425426
		Marking as insignificant: 574586 574662 | 54806 54882 | 77 77 | 100.0 | gi_556503834_ref_NC_000913.3_ NODE_27_length_54882_cov_363.329_ID_425426
		Marking as insignificant: 3652030 3652107 | 54805 54882 | 78 78 | 100.0 | gi_556503834_ref_NC_000913.3_ NODE_27_length_54882_cov_363.329_ID_425426
		Marking as insignificant: 1300622 1300699 | 54882 54805 | 78 78 | 100.0 | gi_556503834_ref_NC_000913.3_ NODE_27_length_54882_cov_363.329_ID_425426
		One align captures most of this contig: 3131269 3186150 | 54882 1 | 54882 54882 | 100.0 | gi_556503834_ref_NC_000913.3_ NODE_27_length_54882_cov_363.329_ID_425426

CONTIG: NODE_28_length_43809_cov_362.852_ID_425428 (43809bp)
Top Length: 43809  Top ID: 100.0
		One align captures most of this contig: 1050491 1094299 | 1 43809 | 43809 43809 | 100.0 | gi_556503834_ref_NC_000913.3_ NODE_28_length_43809_cov_362.852_ID_425428

CONTIG: NODE_29_length_41534_cov_385.456_ID_425430 (41534bp)
Top Length: 41534  Top ID: 99.97
		Marking as insignificant: 239098 239377 | 38053 37774 | 280 280 | 97.86 | gi_556503834_ref_NC_000913.3_ NODE_29_length_41534_cov_385.456_ID_425430
		Marking as insignificant: 737972 738860 | 39029 38141 | 889 889 | 96.63 | gi_556503834_ref_NC_000913.3_ NODE_29_length_41534_cov_385.456_ID_425430
		Marking as insignificant: 736707 737971 | 39028 37763 | 1265 1266 | 96.37 | gi_556503834_ref_NC_000913.3_ NODE_29_length_41534_cov_385.456_ID_425430
		Marking as insignificant: 3624234 3625524 | 39053 37763 | 1291 1291 | 97.75 | gi_556503834_ref_NC_000913.3_ NODE_29_length_41534_cov_385.456_ID_425430
		One align captures most of this contig: 1529191 1570724 | 41534 1 | 41534 41534 | 99.97 | gi_556503834_ref_NC_000913.3_ NODE_29_length_41534_cov_385.456_ID_425430

CONTIG: NODE_30_length_41365_cov_364.175_ID_425432 (41365bp)
Top Length: 41365  Top ID: 100.0
		Marking as insignificant: 4207913 4208055 | 41221 41365 | 143 145 | 97.24 | gi_556503834_ref_NC_000913.3_ NODE_30_length_41365_cov_364.175_ID_425432
		Marking as insignificant: 223535 223679 | 41221 41365 | 145 145 | 99.31 | gi_556503834_ref_NC_000913.3_ NODE_30_length_41365_cov_364.175_ID_425432
		One align captures most of this contig: 3428854 3470218 | 41365 1 | 41365 41365 | 100.0 | gi_556503834_ref_NC_000913.3_ NODE_30_length_41365_cov_364.175_ID_425432

CONTIG: NODE_31_length_40098_cov_360.887_ID_425434 (40098bp)
Top Length: 40098  Top ID: 99.99
		One align captures most of this contig: 526737 566834 | 1 40098 | 40098 40098 | 99.99 | gi_556503834_ref_NC_000913.3_ NODE_31_length_40098_cov_360.887_ID_425434

CONTIG: NODE_32_length_35183_cov_365.492_ID_425436 (35183bp)
Top Length: 35183  Top ID: 99.99
		One align captures most of this contig: 3584145 3619327 | 35183 1 | 35183 35183 | 99.99 | gi_556503834_ref_NC_000913.3_ NODE_32_length_35183_cov_365.492_ID_425436

CONTIG: NODE_33_length_33283_cov_366.812_ID_425438 (33283bp)
Top Length: 33283  Top ID: 99.98
		One align captures most of this contig: 1434682 1467964 | 33283 1 | 33283 33283 | 99.98 | gi_556503834_ref_NC_000913.3_ NODE_33_length_33283_cov_366.812_ID_425438

CONTIG: NODE_34_length_32331_cov_381.14_ID_425440 (32331bp)
Top Length: 32331  Top ID: 99.96
		Marking as insignificant: 3071271 3071398 | 11082 10955 | 128 128 | 99.22 | gi_556503834_ref_NC_000913.3_ NODE_34_length_32331_cov_381.14_ID_425440
		Marking as insignificant: 803320 803447 | 11084 10957 | 128 128 | 99.22 | gi_556503834_ref_NC_000913.3_ NODE_34_length_32331_cov_381.14_ID_425440
		Marking as insignificant: 1423200 1423571 | 29935 29564 | 372 372 | 96.77 | gi_556503834_ref_NC_000913.3_ NODE_34_length_32331_cov_381.14_ID_425440
		Marking as insignificant: 1432557 1432973 | 26403 25987 | 417 417 | 95.2 | gi_556503834_ref_NC_000913.3_ NODE_34_length_32331_cov_381.14_ID_425440
		Marking as insignificant: 1634323 1634739 | 25987 26403 | 417 417 | 95.44 | gi_556503834_ref_NC_000913.3_ NODE_34_length_32331_cov_381.14_ID_425440
		Marking as insignificant: 1635839 1636918 | 26700 27779 | 1080 1080 | 97.69 | gi_556503834_ref_NC_000913.3_ NODE_34_length_32331_cov_381.14_ID_425440
		One align captures most of this contig: 575731 608061 | 32331 1 | 32331 32331 | 99.96 | gi_556503834_ref_NC_000913.3_ NODE_34_length_32331_cov_381.14_ID_425440

CONTIG: NODE_35_length_31604_cov_365.704_ID_425442 (31604bp)
Top Length: 31604  Top ID: 100.0
		Marking as insignificant: 3652032 3652107 | 31529 31604 | 76 76 | 98.68 | gi_556503834_ref_NC_000913.3_ NODE_35_length_31604_cov_365.704_ID_425442
		Marking as insignificant: 3131269 3131344 | 31604 31529 | 76 76 | 98.68 | gi_556503834_ref_NC_000913.3_ NODE_35_length_31604_cov_365.704_ID_425442
		Marking as insignificant: 1397167 1397242 | 31604 31529 | 76 76 | 98.68 | gi_556503834_ref_NC_000913.3_ NODE_35_length_31604_cov_365.704_ID_425442
		Marking as insignificant: 1300622 1300697 | 31604 31529 | 76 76 | 98.68 | gi_556503834_ref_NC_000913.3_ NODE_35_length_31604_cov_365.704_ID_425442
		Marking as insignificant: 687847 687922 | 31529 31604 | 76 76 | 98.68 | gi_556503834_ref_NC_000913.3_ NODE_35_length_31604_cov_365.704_ID_425442
		Marking as insignificant: 574587 574662 | 31529 31604 | 76 76 | 98.68 | gi_556503834_ref_NC_000913.3_ NODE_35_length_31604_cov_365.704_ID_425442
		Marking as insignificant: 273951 274026 | 31529 31604 | 76 76 | 98.68 | gi_556503834_ref_NC_000913.3_ NODE_35_length_31604_cov_365.704_ID_425442
		Marking as insignificant: 2288916 2288990 | 31530 31604 | 75 75 | 100.0 | gi_556503834_ref_NC_000913.3_ NODE_35_length_31604_cov_365.704_ID_425442
		Marking as insignificant: 3365551 3365627 | 31528 31604 | 77 77 | 98.7 | gi_556503834_ref_NC_000913.3_ NODE_35_length_31604_cov_365.704_ID_425442
		One align captures most of this contig: 2070217 2101820 | 1 31604 | 31604 31604 | 100.0 | gi_556503834_ref_NC_000913.3_ NODE_35_length_31604_cov_365.704_ID_425442

CONTIG: NODE_36_length_31003_cov_366.091_ID_425444 (31003bp)
Top Length: 31003  Top ID: 99.99
		Marking as insignificant: 3428854 3428998 | 1 145 | 145 145 | 99.31 | gi_556503834_ref_NC_000913.3_ NODE_36_length_31003_cov_366.091_ID_425444
		Marking as insignificant: 223465 223679 | 215 1 | 215 215 | 100.0 | gi_556503834_ref_NC_000913.3_ NODE_36_length_31003_cov_366.091_ID_425444
		One align captures most of this contig: 4177055 4208055 | 31003 1 | 31001 31003 | 99.99 | gi_556503834_ref_NC_000913.3_ NODE_36_length_31003_cov_366.091_ID_425444

CONTIG: NODE_37_length_30883_cov_362.721_ID_425404 (30883bp)
Top Length: 30883  Top ID: 100.0
		Marking as insignificant: 2288919 2288990 | 72 1 | 72 72 | 100.0 | gi_556503834_ref_NC_000913.3_ NODE_37_length_30883_cov_362.721_ID_425404
		Marking as insignificant: 2101745 2101820 | 76 1 | 76 76 | 98.68 | gi_556503834_ref_NC_000913.3_ NODE_37_length_30883_cov_362.721_ID_425404
		Marking as insignificant: 273950 274026 | 77 1 | 77 77 | 98.7 | gi_556503834_ref_NC_000913.3_ NODE_37_length_30883_cov_362.721_ID_425404
		Marking as insignificant: 3652032 3652107 | 76 1 | 76 76 | 100.0 | gi_556503834_ref_NC_000913.3_ NODE_37_length_30883_cov_362.721_ID_425404
		Marking as insignificant: 3365552 3365627 | 76 1 | 76 76 | 100.0 | gi_556503834_ref_NC_000913.3_ NODE_37_length_30883_cov_362.721_ID_425404
		Marking as insignificant: 3131269 3131344 | 1 76 | 76 76 | 100.0 | gi_556503834_ref_NC_000913.3_ NODE_37_length_30883_cov_362.721_ID_425404
		Marking as insignificant: 574587 574662 | 76 1 | 76 76 | 100.0 | gi_556503834_ref_NC_000913.3_ NODE_37_length_30883_cov_362.721_ID_425404
		Marking as insignificant: 687846 687922 | 77 1 | 77 77 | 100.0 | gi_556503834_ref_NC_000913.3_ NODE_37_length_30883_cov_362.721_ID_425404
		Marking as insignificant: 1300622 1300702 | 1 81 | 81 81 | 98.77 | gi_556503834_ref_NC_000913.3_ NODE_37_length_30883_cov_362.721_ID_425404
		Marking as insignificant: 578127 578496 | 26034 26403 | 370 370 | 96.49 | gi_556503834_ref_NC_000913.3_ NODE_37_length_30883_cov_362.721_ID_425404
		One align captures most of this contig: 1397167 1428049 | 1 30883 | 30883 30883 | 100.0 | gi_556503834_ref_NC_000913.3_ NODE_37_length_30883_cov_362.721_ID_425404

CONTIG: NODE_38_length_29300_cov_397.97_ID_425446 (29300bp)
Top Length: 29300  Top ID: 99.91
		Marking as insignificant: 2101745 2101820 | 76 1 | 76 76 | 98.68 | gi_556503834_ref_NC_000913.3_ NODE_38_length_29300_cov_397.97_ID_425446
		Marking as insignificant: 273951 274026 | 76 1 | 76 76 | 98.68 | gi_556503834_ref_NC_000913.3_ NODE_38_length_29300_cov_397.97_ID_425446
		Marking as insignificant: 3365552 3365627 | 76 1 | 76 76 | 100.0 | gi_556503834_ref_NC_000913.3_ NODE_38_length_29300_cov_397.97_ID_425446
		Marking as insignificant: 1397167 1397242 | 1 76 | 76 76 | 100.0 | gi_556503834_ref_NC_000913.3_ NODE_38_length_29300_cov_397.97_ID_425446
		Marking as insignificant: 687847 687922 | 76 1 | 76 76 | 100.0 | gi_556503834_ref_NC_000913.3_ NODE_38_length_29300_cov_397.97_ID_425446
		Marking as insignificant: 574586 574662 | 77 1 | 77 77 | 100.0 | gi_556503834_ref_NC_000913.3_ NODE_38_length_29300_cov_397.97_ID_425446
		Marking as insignificant: 2288912 2288990 | 79 1 | 79 79 | 97.47 | gi_556503834_ref_NC_000913.3_ NODE_38_length_29300_cov_397.97_ID_425446
		Marking as insignificant: 3131269 3131346 | 1 78 | 78 78 | 100.0 | gi_556503834_ref_NC_000913.3_ NODE_38_length_29300_cov_397.97_ID_425446
		Marking as insignificant: 1300622 1300699 | 1 78 | 78 78 | 100.0 | gi_556503834_ref_NC_000913.3_ NODE_38_length_29300_cov_397.97_ID_425446
		Marking as insignificant: 3766285 3766683 | 28273 27875 | 399 399 | 99.0 | gi_556503834_ref_NC_000913.3_ NODE_38_length_29300_cov_397.97_ID_425446
		Marking as insignificant: 737972 738860 | 27850 26962 | 889 889 | 96.96 | gi_556503834_ref_NC_000913.3_ NODE_38_length_29300_cov_397.97_ID_425446
		Marking as insignificant: 736681 737971 | 27875 26584 | 1291 1292 | 96.44 | gi_556503834_ref_NC_000913.3_ NODE_38_length_29300_cov_397.97_ID_425446
		Marking as insignificant: 1531672 1532962 | 27874 26584 | 1291 1291 | 98.14 | gi_556503834_ref_NC_000913.3_ NODE_38_length_29300_cov_397.97_ID_425446
		One align captures most of this contig: 3622808 3652107 | 29300 1 | 29300 29300 | 99.91 | gi_556503834_ref_NC_000913.3_ NODE_38_length_29300_cov_397.97_ID_425446

CONTIG: NODE_39_length_29137_cov_371.41_ID_425448 (29137bp)
Top Length: 29137  Top ID: 99.97
		Marking as insignificant: 3946872 3946949 | 8106 8183 | 78 78 | 100.0 | gi_556503834_ref_NC_000913.3_ NODE_39_length_29137_cov_371.41_ID_425448
		Marking as insignificant: 3946770 3946949 | 1 180 | 180 180 | 100.0 | gi_556503834_ref_NC_000913.3_ NODE_39_length_29137_cov_371.41_ID_425448
		Marking as insignificant: 737681 737960 | 10273 10552 | 280 280 | 96.79 | gi_556503834_ref_NC_000913.3_ NODE_39_length_29137_cov_371.41_ID_425448
		Marking as insignificant: 3625234 3625513 | 10273 10552 | 280 280 | 97.86 | gi_556503834_ref_NC_000913.3_ NODE_39_length_29137_cov_371.41_ID_425448
		Marking as insignificant: 1532672 1532951 | 10273 10552 | 280 280 | 99.64 | gi_556503834_ref_NC_000913.3_ NODE_39_length_29137_cov_371.41_ID_425448
		One align captures most of this contig: 228826 257962 | 1 29137 | 29137 29137 | 99.97 | gi_556503834_ref_NC_000913.3_ NODE_39_length_29137_cov_371.41_ID_425448

CONTIG: NODE_40_length_24705_cov_400.568_ID_425450 (24705bp)
Top Length: 24705  Top ID: 99.96
		Marking as insignificant: 1049778 1050545 | 823 56 | 768 768 | 98.83 | gi_556503834_ref_NC_000913.3_ NODE_40_length_24705_cov_400.568_ID_425450
		Marking as insignificant: 279163 279932 | 56 825 | 770 770 | 98.83 | gi_556503834_ref_NC_000913.3_ NODE_40_length_24705_cov_400.568_ID_425450
		Marking as insignificant: 3583428 3584195 | 823 56 | 768 768 | 100.0 | gi_556503834_ref_NC_000913.3_ NODE_40_length_24705_cov_400.568_ID_425450
		Marking as insignificant: 257908 258675 | 56 823 | 768 768 | 100.0 | gi_556503834_ref_NC_000913.3_ NODE_40_length_24705_cov_400.568_ID_425450
		Marking as insignificant: 19796 20563 | 56 823 | 768 768 | 100.0 | gi_556503834_ref_NC_000913.3_ NODE_40_length_24705_cov_400.568_ID_425450
		Marking as insignificant: 1978502 1979270 | 55 823 | 769 769 | 100.0 | gi_556503834_ref_NC_000913.3_ NODE_40_length_24705_cov_400.568_ID_425450
		One align captures most of this contig: 290579 315283 | 1 24705 | 24705 24705 | 99.96 | gi_556503834_ref_NC_000913.3_ NODE_40_length_24705_cov_400.568_ID_425450

CONTIG: NODE_41_length_16581_cov_457.251_ID_425452 (16581bp)
Top Length: 16581  Top ID: 99.87
		Marking as insignificant: 1431761 1432086 | 15975 16300 | 326 326 | 95.09 | gi_556503834_ref_NC_000913.3_ NODE_41_length_16581_cov_457.251_ID_425452
		Marking as insignificant: 4498806 4499511 | 706 1 | 706 706 | 100.0 | gi_556503834_ref_NC_000913.3_ NODE_41_length_16581_cov_457.251_ID_425452
		Marking as insignificant: 3186721 3187426 | 706 1 | 706 706 | 100.0 | gi_556503834_ref_NC_000913.3_ NODE_41_length_16581_cov_457.251_ID_425452
		Marking as insignificant: 2996361 2997066 | 1 706 | 706 706 | 100.0 | gi_556503834_ref_NC_000913.3_ NODE_41_length_16581_cov_457.251_ID_425452
		Marking as insignificant: 2068941 2069646 | 1 706 | 706 706 | 100.0 | gi_556503834_ref_NC_000913.3_ NODE_41_length_16581_cov_457.251_ID_425452
		Marking as insignificant: 1467910 1468615 | 1 706 | 706 706 | 100.0 | gi_556503834_ref_NC_000913.3_ NODE_41_length_16581_cov_457.251_ID_425452
		Marking as insignificant: 381885 382590 | 706 1 | 706 706 | 100.0 | gi_556503834_ref_NC_000913.3_ NODE_41_length_16581_cov_457.251_ID_425452
		Marking as insignificant: 580283 581362 | 14631 15710 | 1080 1080 | 98.89 | gi_556503834_ref_NC_000913.3_ NODE_41_length_16581_cov_457.251_ID_425452
		One align captures most of this contig: 1634968 1651548 | 16581 1 | 16581 16581 | 99.87 | gi_556503834_ref_NC_000913.3_ NODE_41_length_16581_cov_457.251_ID_425452

CONTIG: NODE_42_length_15441_cov_360.668_ID_425454 (15441bp)
Top Length: 15441  Top ID: 100.0
		One align captures most of this contig: 1 15441 | 1 15441 | 15441 15441 | 100.0 | gi_556503834_ref_NC_000913.3_ NODE_42_length_15441_cov_360.668_ID_425454

CONTIG: NODE_43_length_13084_cov_366.595_ID_425456 (13084bp)
Top Length: 13084  Top ID: 100.0
		One align captures most of this contig: 3653176 3666259 | 13084 1 | 13084 13084 | 100.0 | gi_556503834_ref_NC_000913.3_ NODE_43_length_13084_cov_366.595_ID_425456

CONTIG: NODE_44_length_11974_cov_375.097_ID_425458 (11974bp)
Top Length: 11974  Top ID: 99.87
		One align captures most of this contig: 258622 270595 | 1 11974 | 11974 11974 | 99.87 | gi_556503834_ref_NC_000913.3_ NODE_44_length_11974_cov_375.097_ID_425458

CONTIG: NODE_45_length_10438_cov_362.468_ID_425460 (10438bp)
Top Length: 10438  Top ID: 100.0
		One align captures most of this contig: 280058 290495 | 1 10438 | 10438 10438 | 100.0 | gi_556503834_ref_NC_000913.3_ NODE_45_length_10438_cov_362.468_ID_425460

CONTIG: NODE_46_length_9228_cov_361.036_ID_425462 (9228bp)
Top Length: 9228  Top ID: 100.0
		One align captures most of this contig: 382536 391763 | 1 9228 | 9228 9228 | 100.0 | gi_556503834_ref_NC_000913.3_ NODE_46_length_9228_cov_361.036_ID_425462

CONTIG: NODE_47_length_8056_cov_361.999_ID_425464 (8056bp)
Top Length: 8056  Top ID: 99.96
		One align captures most of this contig: 4499457 4507512 | 8056 1 | 8056 8056 | 99.96 | gi_556503834_ref_NC_000913.3_ NODE_47_length_8056_cov_361.999_ID_425464

CONTIG: NODE_48_length_7741_cov_359.844_ID_425466 (7741bp)
Top Length: 7741  Top ID: 100.0
		One align captures most of this contig: 4027479 4035219 | 7741 1 | 7741 7741 | 100.0 | gi_556503834_ref_NC_000913.3_ NODE_48_length_7741_cov_359.844_ID_425466

CONTIG: NODE_49_length_6683_cov_367.708_ID_425468 (6683bp)
Top Length: 6683  Top ID: 100.0
		Marking as insignificant: 2288919 2288990 | 72 1 | 72 72 | 100.0 | gi_556503834_ref_NC_000913.3_ NODE_49_length_6683_cov_367.708_ID_425468
		Marking as insignificant: 2101745 2101820 | 76 1 | 76 76 | 98.68 | gi_556503834_ref_NC_000913.3_ NODE_49_length_6683_cov_367.708_ID_425468
		Marking as insignificant: 273951 274026 | 76 1 | 76 76 | 98.68 | gi_556503834_ref_NC_000913.3_ NODE_49_length_6683_cov_367.708_ID_425468
		Marking as insignificant: 3365552 3365627 | 76 1 | 76 76 | 100.0 | gi_556503834_ref_NC_000913.3_ NODE_49_length_6683_cov_367.708_ID_425468
		Marking as insignificant: 1397167 1397242 | 1 76 | 76 76 | 100.0 | gi_556503834_ref_NC_000913.3_ NODE_49_length_6683_cov_367.708_ID_425468
		Marking as insignificant: 687847 687922 | 76 1 | 76 76 | 100.0 | gi_556503834_ref_NC_000913.3_ NODE_49_length_6683_cov_367.708_ID_425468
		Marking as insignificant: 3652031 3652107 | 77 1 | 77 77 | 100.0 | gi_556503834_ref_NC_000913.3_ NODE_49_length_6683_cov_367.708_ID_425468
		Marking as insignificant: 3131269 3131345 | 1 77 | 77 77 | 100.0 | gi_556503834_ref_NC_000913.3_ NODE_49_length_6683_cov_367.708_ID_425468
		Marking as insignificant: 1300622 1300698 | 1 77 | 77 77 | 100.0 | gi_556503834_ref_NC_000913.3_ NODE_49_length_6683_cov_367.708_ID_425468
		One align captures most of this contig: 567980 574662 | 6683 1 | 6683 6683 | 100.0 | gi_556503834_ref_NC_000913.3_ NODE_49_length_6683_cov_367.708_ID_425468

CONTIG: NODE_50_length_4427_cov_387.884_ID_425470 (4427bp)
Top Length: 4427  Top ID: 99.95
		Marking as insignificant: 1287538 1287622 | 578 662 | 85 85 | 100.0 | gi_556503834_ref_NC_000913.3_ NODE_50_length_4427_cov_387.884_ID_425470
		Marking as insignificant: 1287244 1287328 | 578 662 | 85 85 | 100.0 | gi_556503834_ref_NC_000913.3_ NODE_50_length_4427_cov_387.884_ID_425470
		Marking as insignificant: 4040587 4040845 | 4427 4169 | 259 259 | 99.23 | gi_556503834_ref_NC_000913.3_ NODE_50_length_4427_cov_387.884_ID_425470
		One align captures most of this contig: 4171707 4176133 | 4427 1 | 4427 4427 | 99.95 | gi_556503834_ref_NC_000913.3_ NODE_50_length_4427_cov_387.884_ID_425470

CONTIG: NODE_51_length_4123_cov_355.015_ID_425472 (4123bp)
Top Length: 4123  Top ID: 100.0
		One align captures most of this contig: 275095 279217 | 1 4123 | 4123 4123 | 100.0 | gi_556503834_ref_NC_000913.3_ NODE_51_length_4123_cov_355.015_ID_425472

CONTIG: NODE_52_length_3174_cov_353.439_ID_425474 (3174bp)
Top Length: 3174  Top ID: 100.0
		One align captures most of this contig: 16677 19850 | 3174 1 | 3174 3174 | 100.0 | gi_556503834_ref_NC_000913.3_ NODE_52_length_3174_cov_353.439_ID_425474

CONTIG: NODE_53_length_3141_cov_1855.61_ID_425476 (3141bp)
Top Length: 3141  Top ID: 99.75
		Marking as insignificant: 3423418 3423548 | 1 131 | 131 131 | 98.47 | gi_556503834_ref_NC_000913.3_ NODE_53_length_3141_cov_1855.61_ID_425476
		This contig has 7 significant alignments. [An ambiguously mapped contig]
		Using only first of these alignment (option --ambiguity-usage is set to "one"):
		Alignment: 225739 228880 | 3141 1 | 3142 3141 | 99.75 | gi_556503834_ref_NC_000913.3_ NODE_53_length_3141_cov_1855.61_ID_425476
		Skipping alignment  3423663 3426803 | 1 3141 | 3141 3141 | 99.75 | gi_556503834_ref_NC_000913.3_ NODE_53_length_3141_cov_1855.61_ID_425476
		Skipping alignment  3943684 3946824 | 3141 1 | 3141 3141 | 99.68 | gi_556503834_ref_NC_000913.3_ NODE_53_length_3141_cov_1855.61_ID_425476
		Skipping alignment  4037499 4040641 | 3141 1 | 3143 3141 | 99.68 | gi_556503834_ref_NC_000913.3_ NODE_53_length_3141_cov_1855.61_ID_425476
		Skipping alignment  4210023 4213164 | 3141 1 | 3142 3141 | 99.68 | gi_556503834_ref_NC_000913.3_ NODE_53_length_3141_cov_1855.61_ID_425476
		Skipping alignment  4168621 4171761 | 3141 1 | 3141 3141 | 99.62 | gi_556503834_ref_NC_000913.3_ NODE_53_length_3141_cov_1855.61_ID_425476
		Skipping alignment  2726064 2729204 | 1 3141 | 3141 3141 | 99.59 | gi_556503834_ref_NC_000913.3_ NODE_53_length_3141_cov_1855.61_ID_425476

CONTIG: NODE_54_length_1983_cov_369.368_ID_425478 (1983bp)
Top Length: 1983  Top ID: 100.0
		Marking as insignificant: 2288919 2288990 | 72 1 | 72 72 | 100.0 | gi_556503834_ref_NC_000913.3_ NODE_54_length_1983_cov_369.368_ID_425478
		Marking as insignificant: 3652032 3652107 | 76 1 | 76 76 | 98.68 | gi_556503834_ref_NC_000913.3_ NODE_54_length_1983_cov_369.368_ID_425478
		Marking as insignificant: 3365552 3365627 | 76 1 | 76 76 | 98.68 | gi_556503834_ref_NC_000913.3_ NODE_54_length_1983_cov_369.368_ID_425478
		Marking as insignificant: 3131269 3131344 | 1 76 | 76 76 | 98.68 | gi_556503834_ref_NC_000913.3_ NODE_54_length_1983_cov_369.368_ID_425478
		Marking as insignificant: 2101745 2101820 | 76 1 | 76 76 | 98.68 | gi_556503834_ref_NC_000913.3_ NODE_54_length_1983_cov_369.368_ID_425478
		Marking as insignificant: 1300622 1300697 | 1 76 | 76 76 | 98.68 | gi_556503834_ref_NC_000913.3_ NODE_54_length_1983_cov_369.368_ID_425478
		Marking as insignificant: 574587 574662 | 76 1 | 76 76 | 98.68 | gi_556503834_ref_NC_000913.3_ NODE_54_length_1983_cov_369.368_ID_425478
		Marking as insignificant: 1397167 1397243 | 1 77 | 77 77 | 98.7 | gi_556503834_ref_NC_000913.3_ NODE_54_length_1983_cov_369.368_ID_425478
		Marking as insignificant: 687844 687922 | 79 1 | 79 79 | 98.73 | gi_556503834_ref_NC_000913.3_ NODE_54_length_1983_cov_369.368_ID_425478
		One align captures most of this contig: 272044 274026 | 1983 1 | 1983 1983 | 100.0 | gi_556503834_ref_NC_000913.3_ NODE_54_length_1983_cov_369.368_ID_425478

CONTIG: NODE_55_length_1750_cov_359.236_ID_425480 (1750bp)
Top Length: 1750  Top ID: 100.0
		One align captures most of this contig: 2067246 2068995 | 1750 1 | 1750 1750 | 100.0 | gi_556503834_ref_NC_000913.3_ NODE_55_length_1750_cov_359.236_ID_425480

CONTIG: NODE_56_length_1702_cov_1943.82_ID_425482 (1702bp)
Top Length: 1702  Top ID: 100.0
		This contig has 7 significant alignments. [An ambiguously mapped contig]
		Using only first of these alignment (option --ambiguity-usage is set to "one"):
		Alignment: 4208001 4209702 | 1 1702 | 1702 1702 | 100.0 | gi_556503834_ref_NC_000913.3_ NODE_56_length_1702_cov_1943.82_ID_425482
		Skipping alignment  4166513 4168214 | 1 1702 | 1702 1702 | 99.94 | gi_556503834_ref_NC_000913.3_ NODE_56_length_1702_cov_1943.82_ID_425482
		Skipping alignment  4035385 4037086 | 1 1702 | 1702 1702 | 99.88 | gi_556503834_ref_NC_000913.3_ NODE_56_length_1702_cov_1943.82_ID_425482
		Skipping alignment  3941662 3943363 | 1 1702 | 1702 1702 | 99.65 | gi_556503834_ref_NC_000913.3_ NODE_56_length_1702_cov_1943.82_ID_425482
		Skipping alignment  2729602 2731303 | 1702 1 | 1702 1702 | 99.53 | gi_556503834_ref_NC_000913.3_ NODE_56_length_1702_cov_1943.82_ID_425482
		Skipping alignment  223625 225326 | 1 1702 | 1702 1702 | 99.47 | gi_556503834_ref_NC_000913.3_ NODE_56_length_1702_cov_1943.82_ID_425482
		Skipping alignment  3427207 3428908 | 1702 1 | 1702 1702 | 99.47 | gi_556503834_ref_NC_000913.3_ NODE_56_length_1702_cov_1943.82_ID_425482

CONTIG: NODE_57_length_1345_cov_1074.01_ID_425484 (1345bp)
Top Length: 1345  Top ID: 100.0
		This contig has 3 significant alignments. [An ambiguously mapped contig]
		Using only first of these alignment (option --ambiguity-usage is set to "one"):
		Alignment: 15387 16731 | 1 1345 | 1345 1345 | 100.0 | gi_556503834_ref_NC_000913.3_ NODE_57_length_1345_cov_1074.01_ID_425484
		Skipping alignment  608007 609351 | 1 1345 | 1345 1345 | 100.0 | gi_556503834_ref_NC_000913.3_ NODE_57_length_1345_cov_1074.01_ID_425484
		Skipping alignment  2514273 2515617 | 1 1345 | 1345 1345 | 100.0 | gi_556503834_ref_NC_000913.3_ NODE_57_length_1345_cov_1074.01_ID_425484

CONTIG: NODE_58_length_1331_cov_2050.33_ID_425486 (1331bp)
Top Length: 1331  Top ID: 100.0
		Marking as insignificant: 1650843 1651548 | 706 1 | 706 706 | 100.0 | gi_556503834_ref_NC_000913.3_ NODE_58_length_1331_cov_2050.33_ID_425486
		This contig has 6 significant alignments. [An ambiguously mapped contig]
		Using only first of these alignment (option --ambiguity-usage is set to "one"):
		Alignment: 381260 382590 | 1331 1 | 1331 1331 | 100.0 | gi_556503834_ref_NC_000913.3_ NODE_58_length_1331_cov_2050.33_ID_425486
		Skipping alignment  1467910 1469240 | 1 1331 | 1331 1331 | 100.0 | gi_556503834_ref_NC_000913.3_ NODE_58_length_1331_cov_2050.33_ID_425486
		Skipping alignment  2068941 2070271 | 1 1331 | 1331 1331 | 100.0 | gi_556503834_ref_NC_000913.3_ NODE_58_length_1331_cov_2050.33_ID_425486
		Skipping alignment  2996361 2997691 | 1 1331 | 1331 1331 | 100.0 | gi_556503834_ref_NC_000913.3_ NODE_58_length_1331_cov_2050.33_ID_425486
		Skipping alignment  3186096 3187426 | 1331 1 | 1331 1331 | 100.0 | gi_556503834_ref_NC_000913.3_ NODE_58_length_1331_cov_2050.33_ID_425486
		Skipping alignment  4498181 4499511 | 1331 1 | 1331 1331 | 100.0 | gi_556503834_ref_NC_000913.3_ NODE_58_length_1331_cov_2050.33_ID_425486

CONTIG: NODE_59_length_1255_cov_1710.9_ID_425488 (1255bp)
Top Length: 1255  Top ID: 100.0
		This contig has 5 significant alignments. [An ambiguously mapped contig]
		Using only first of these alignment (option --ambiguity-usage is set to "one"):
		Alignment: 315229 316483 | 1 1255 | 1255 1255 | 100.0 | gi_556503834_ref_NC_000913.3_ NODE_59_length_1255_cov_1710.9_ID_425488
		Skipping alignment  391709 392963 | 1255 1 | 1255 1255 | 100.0 | gi_556503834_ref_NC_000913.3_ NODE_59_length_1255_cov_1710.9_ID_425488
		Skipping alignment  566780 568034 | 1 1255 | 1255 1255 | 100.0 | gi_556503834_ref_NC_000913.3_ NODE_59_length_1255_cov_1710.9_ID_425488
		Skipping alignment  1094245 1095499 | 1255 1 | 1255 1255 | 100.0 | gi_556503834_ref_NC_000913.3_ NODE_59_length_1255_cov_1710.9_ID_425488
		Skipping alignment  2170174 2171428 | 1 1255 | 1255 1255 | 100.0 | gi_556503834_ref_NC_000913.3_ NODE_59_length_1255_cov_1710.9_ID_425488

CONTIG: NODE_60_length_1232_cov_718.839_ID_425490 (1232bp)
Top Length: 1232  Top ID: 99.76
		This contig has 2 significant alignments. [An ambiguously mapped contig]
		Using only first of these alignment (option --ambiguity-usage is set to "one"):
		Alignment: 3666205 3667436 | 1232 1 | 1232 1232 | 99.76 | gi_556503834_ref_NC_000913.3_ NODE_60_length_1232_cov_718.839_ID_425490
		Skipping alignment  1570670 1571901 | 1232 1 | 1232 1232 | 99.51 | gi_556503834_ref_NC_000913.3_ NODE_60_length_1232_cov_718.839_ID_425490

CONTIG: NODE_61_length_1221_cov_1114.49_ID_425492 (1221bp)
Top Length: 1221  Top ID: 100.0
		Marking as insignificant: 279931 280111 | 1041 1221 | 181 181 | 100.0 | gi_556503834_ref_NC_000913.3_ NODE_61_length_1221_cov_1114.49_ID_425492
		This contig has 3 significant alignments. [An ambiguously mapped contig]
		Using only first of these alignment (option --ambiguity-usage is set to "one"):
		Alignment: 1469296 1470516 | 1 1221 | 1221 1221 | 100.0 | gi_556503834_ref_NC_000913.3_ NODE_61_length_1221_cov_1114.49_ID_425492
		Skipping alignment  4507459 4508679 | 1221 1 | 1221 1221 | 100.0 | gi_556503834_ref_NC_000913.3_ NODE_61_length_1221_cov_1114.49_ID_425492
		Skipping alignment  270541 271761 | 1 1221 | 1221 1221 | 99.75 | gi_556503834_ref_NC_000913.3_ NODE_61_length_1221_cov_1114.49_ID_425492

CONTIG: NODE_62_length_1178_cov_3099.06_ID_425494 (1178bp)
Top Length: 1178  Top ID: 100.0
		This contig has 11 significant alignments. [An ambiguously mapped contig]
		Using only first of these alignment (option --ambiguity-usage is set to "one"):
		Alignment: 273972 275149 | 1178 1 | 1178 1178 | 100.0 | gi_556503834_ref_NC_000913.3_ NODE_62_length_1178_cov_3099.06_ID_425494
		Skipping alignment  574608 575785 | 1178 1 | 1178 1178 | 100.0 | gi_556503834_ref_NC_000913.3_ NODE_62_length_1178_cov_3099.06_ID_425494
		Skipping alignment  687868 689045 | 1178 1 | 1178 1178 | 100.0 | gi_556503834_ref_NC_000913.3_ NODE_62_length_1178_cov_3099.06_ID_425494
		Skipping alignment  1299499 1300676 | 1 1178 | 1178 1178 | 100.0 | gi_556503834_ref_NC_000913.3_ NODE_62_length_1178_cov_3099.06_ID_425494
		Skipping alignment  1396044 1397221 | 1 1178 | 1178 1178 | 100.0 | gi_556503834_ref_NC_000913.3_ NODE_62_length_1178_cov_3099.06_ID_425494
		Skipping alignment  2101766 2102943 | 1178 1 | 1178 1178 | 100.0 | gi_556503834_ref_NC_000913.3_ NODE_62_length_1178_cov_3099.06_ID_425494
		Skipping alignment  2288936 2290113 | 1178 1 | 1178 1178 | 100.0 | gi_556503834_ref_NC_000913.3_ NODE_62_length_1178_cov_3099.06_ID_425494
		Skipping alignment  3130146 3131323 | 1 1178 | 1178 1178 | 100.0 | gi_556503834_ref_NC_000913.3_ NODE_62_length_1178_cov_3099.06_ID_425494
		Skipping alignment  3365573 3366750 | 1178 1 | 1178 1178 | 100.0 | gi_556503834_ref_NC_000913.3_ NODE_62_length_1178_cov_3099.06_ID_425494
		Skipping alignment  3652053 3653230 | 1178 1 | 1178 1178 | 100.0 | gi_556503834_ref_NC_000913.3_ NODE_62_length_1178_cov_3099.06_ID_425494
		Skipping alignment  2066176 2067353 | 1178 1 | 1178 1178 | 99.66 | gi_556503834_ref_NC_000913.3_ NODE_62_length_1178_cov_3099.06_ID_425494

CONTIG: NODE_63_length_1155_cov_715.253_ID_425496 (1155bp)
Top Length: 1155  Top ID: 99.22
		This contig has 2 significant alignments. [An ambiguously mapped contig]
		Using only first of these alignment (option --ambiguity-usage is set to "one"):
		Alignment: 525637 526791 | 1 1155 | 1155 1155 | 99.22 | gi_556503834_ref_NC_000913.3_ NODE_63_length_1155_cov_715.253_ID_425496
		Skipping alignment  1528091 1529245 | 1 1155 | 1155 1155 | 98.87 | gi_556503834_ref_NC_000913.3_ NODE_63_length_1155_cov_715.253_ID_425496

CONTIG: NODE_64_length_1142_cov_1315.03_ID_425498 (1142bp)
Top Length: 963  Top ID: 99.07
		Skipping redundant alignment 1470336 1470516 | 181 1 | 181 181 | 100.0 | gi_556503834_ref_NC_000913.3_ NODE_64_length_1142_cov_1315.03_ID_425498
		Skipping redundant alignment 4507459 4507639 | 1 181 | 181 181 | 100.0 | gi_556503834_ref_NC_000913.3_ NODE_64_length_1142_cov_1315.03_ID_425498
		Skipping redundant alignment 271581 271761 | 181 1 | 181 181 | 99.45 | gi_556503834_ref_NC_000913.3_ NODE_64_length_1142_cov_1315.03_ID_425498
		Skipping redundant alignment 1978502 1979270 | 950 182 | 769 769 | 100.0 | gi_556503834_ref_NC_000913.3_ NODE_64_length_1142_cov_1315.03_ID_425498
		Skipping redundant alignment 19796 20563 | 949 182 | 768 768 | 100.0 | gi_556503834_ref_NC_000913.3_ NODE_64_length_1142_cov_1315.03_ID_425498
		Skipping redundant alignment 257908 258675 | 949 182 | 768 768 | 100.0 | gi_556503834_ref_NC_000913.3_ NODE_64_length_1142_cov_1315.03_ID_425498
		Skipping redundant alignment 3583428 3584195 | 182 949 | 768 768 | 100.0 | gi_556503834_ref_NC_000913.3_ NODE_64_length_1142_cov_1315.03_ID_425498
		Skipping redundant alignment 1049778 1050545 | 182 949 | 768 768 | 98.83 | gi_556503834_ref_NC_000913.3_ NODE_64_length_1142_cov_1315.03_ID_425498
		Skipping redundant alignment 2759894 2760086 | 1142 950 | 193 193 | 100.0 | gi_556503834_ref_NC_000913.3_ NODE_64_length_1142_cov_1315.03_ID_425498
		This contig is misassembled. 11 total aligns.
			Excluding internal overlap of size 770 between Alignment 1 and 2:  279163 280111 | 949 1 | 949 949 --> 279933 280111 | 179 1 | 179 179
			Real Alignment 1: 279933 280111 | 179 1 | 179 179 | 99.05 | gi_556503834_ref_NC_000913.3_ NODE_64_length_1142_cov_1315.03_ID_425498
			  Extensive misassembly ( relocation, inconsistency = -11471 ) between these two alignments
			Real Alignment 2: 290441 291403 | 1142 180 | 963 963 | 99.07 | gi_556503834_ref_NC_000913.3_ NODE_64_length_1142_cov_1315.03_ID_425498

CONTIG: NODE_65_length_1031_cov_725.428_ID_425500 (1031bp)
Top Length: 1031  Top ID: 100.0
		This contig has 2 significant alignments. [An ambiguously mapped contig]
		Using only first of these alignment (option --ambiguity-usage is set to "one"):
		Alignment: 3470164 3471194 | 1031 1 | 1031 1031 | 100.0 | gi_556503834_ref_NC_000913.3_ NODE_65_length_1031_cov_725.428_ID_425500
		Skipping alignment  4176079 4177109 | 1 1031 | 1031 1031 | 99.81 | gi_556503834_ref_NC_000913.3_ NODE_65_length_1031_cov_725.428_ID_425500

CONTIG: NODE_66_length_718_cov_1587.3_ID_425502 (718bp)
Top Length: 718  Top ID: 100.0
		Marking as insignificant: 290634 291351 | 718 1 | 718 718 | 98.75 | gi_556503834_ref_NC_000913.3_ NODE_66_length_718_cov_1587.3_ID_425502
		Marking as insignificant: 279163 279880 | 718 1 | 718 718 | 98.75 | gi_556503834_ref_NC_000913.3_ NODE_66_length_718_cov_1587.3_ID_425502
		Marking as insignificant: 1049828 1050545 | 1 718 | 718 718 | 98.89 | gi_556503834_ref_NC_000913.3_ NODE_66_length_718_cov_1587.3_ID_425502
		This contig has 4 significant alignments. [An ambiguously mapped contig]
		Using only first of these alignment (option --ambiguity-usage is set to "one"):
		Alignment: 19796 20513 | 718 1 | 718 718 | 100.0 | gi_556503834_ref_NC_000913.3_ NODE_66_length_718_cov_1587.3_ID_425502
		Skipping alignment  257908 258625 | 718 1 | 718 718 | 100.0 | gi_556503834_ref_NC_000913.3_ NODE_66_length_718_cov_1587.3_ID_425502
		Skipping alignment  1978503 1979220 | 718 1 | 718 718 | 100.0 | gi_556503834_ref_NC_000913.3_ NODE_66_length_718_cov_1587.3_ID_425502
		Skipping alignment  3583478 3584195 | 1 718 | 718 718 | 100.0 | gi_556503834_ref_NC_000913.3_ NODE_66_length_718_cov_1587.3_ID_425502

Analyzing coverage...
Writing SNPs into /net/metagenomics/projects/afritz_assemblies/Simpipeline_Coverage_Sweep/020_error/Ecoli_cov512/quast_metaSPAde/contigs_reports/nucmer_output/contigs.used_snps
	Reference gi_556503834_ref_NC_000913.3_: 70 total alignments. 1 total regions.
		Region: 1 to 4641652 (4641652 bp)
			Align 1: 1 15441 NODE_42_length_15441_cov_360.668_ID_425454 1 15441
				Negative gap (overlap) between this and next alignment: 15441 to 15387 (-54 bp)
				Next Alignment: 15387 16731 NODE_57_length_1345_cov_1074.01_ID_425484 1 1345

			Previous gap was negative, modifying coordinates to ignore overlap
				Moving contig start from 1 to 56.
			Align 2: 15442 16731 NODE_57_length_1345_cov_1074.01_ID_425484 56 1345
				Negative gap (overlap) between this and next alignment: 16731 to 16677 (-54 bp)
				Next Alignment: 16677 19850 NODE_52_length_3174_cov_353.439_ID_425474 3174 1

			Previous gap was negative, modifying coordinates to ignore overlap
				Moving contig start from 3174 to 3119.
			Align 3: 16732 19850 NODE_52_length_3174_cov_353.439_ID_425474 3119 1
				Negative gap (overlap) between this and next alignment: 19850 to 19796 (-54 bp)
				Next Alignment: 19796 20513 NODE_66_length_718_cov_1587.3_ID_425502 718 1

			Previous gap was negative, modifying coordinates to ignore overlap
				Moving contig start from 718 to 663.
			Align 4: 19851 20513 NODE_66_length_718_cov_1587.3_ID_425502 663 1
				Negative gap (overlap) between this and next alignment: 20513 to 20510 (-3 bp)
				Next Alignment: 20510 223679 NODE_8_length_203170_cov_362.948_ID_425386 203170 1

			Previous gap was negative, modifying coordinates to ignore overlap
				Moving contig start from 203170 to 203166.
			Align 5: 20514 223679 NODE_8_length_203170_cov_362.948_ID_425386 203166 1
				Gap between this and next alignment: 223679 to 225739 (2059 bp)
				Next Alignment: 225739 228880 NODE_53_length_3141_cov_1855.61_ID_425476 3141 1

			Align 6: 225739 228880 NODE_53_length_3141_cov_1855.61_ID_425476 3141 1
				Negative gap (overlap) between this and next alignment: 228880 to 228826 (-54 bp)
				Next Alignment: 228826 257962 NODE_39_length_29137_cov_371.41_ID_425448 1 29137

			Previous gap was negative, modifying coordinates to ignore overlap
				Moving contig start from 1 to 56.
			Align 7: 228881 257962 NODE_39_length_29137_cov_371.41_ID_425448 56 29137
				Gap between this and next alignment: 257962 to 258622 (659 bp)
				Next Alignment: 258622 270595 NODE_44_length_11974_cov_375.097_ID_425458 1 11974

			Align 8: 258622 270595 NODE_44_length_11974_cov_375.097_ID_425458 1 11974
				Gap between this and next alignment: 270595 to 272044 (1448 bp)
				Next Alignment: 272044 274026 NODE_54_length_1983_cov_369.368_ID_425478 1983 1

			Align 9: 272044 274026 NODE_54_length_1983_cov_369.368_ID_425478 1983 1
				Negative gap (overlap) between this and next alignment: 274026 to 273972 (-54 bp)
				Next Alignment: 273972 275149 NODE_62_length_1178_cov_3099.06_ID_425494 1178 1

			Previous gap was negative, modifying coordinates to ignore overlap
				Moving contig start from 1178 to 1123.
			Align 10: 274027 275149 NODE_62_length_1178_cov_3099.06_ID_425494 1123 1
				Negative gap (overlap) between this and next alignment: 275149 to 275095 (-54 bp)
				Next Alignment: 275095 279217 NODE_51_length_4123_cov_355.015_ID_425472 1 4123

			Previous gap was negative, modifying coordinates to ignore overlap
				Moving contig start from 1 to 56.
			Align 11: 275150 279217 NODE_51_length_4123_cov_355.015_ID_425472 56 4123
				Gap between this and next alignment: 279217 to 279933 (715 bp)
				Next Alignment: 279933 280111 NODE_64_length_1142_cov_1315.03_ID_425498 179 1

			Align 12: 279933 280111 NODE_64_length_1142_cov_1315.03_ID_425498 179 1
				Negative gap (overlap) between this and next alignment: 280111 to 280058 (-53 bp)
				Next Alignment: 280058 290495 NODE_45_length_10438_cov_362.468_ID_425460 1 10438

			Previous gap was negative, modifying coordinates to ignore overlap
				Moving contig start from 1 to 55.
			Align 13: 280112 290495 NODE_45_length_10438_cov_362.468_ID_425460 55 10438
				Negative gap (overlap) between this and next alignment: 290495 to 290441 (-54 bp)
				Next Alignment: 290441 291403 NODE_64_length_1142_cov_1315.03_ID_425498 1142 180

			Previous gap was negative, modifying coordinates to ignore overlap
				Moving contig start from 1142 to 1087.
			Align 14: 290496 291403 NODE_64_length_1142_cov_1315.03_ID_425498 1087 180
				Negative gap (overlap) between this and next alignment: 291403 to 290579 (-824 bp)
				Next Alignment: 290579 315283 NODE_40_length_24705_cov_400.568_ID_425450 1 24705

			Previous gap was negative, modifying coordinates to ignore overlap
				Moving contig start from 1 to 826.
			Align 15: 291404 315283 NODE_40_length_24705_cov_400.568_ID_425450 826 24705
				Negative gap (overlap) between this and next alignment: 315283 to 315229 (-54 bp)
				Next Alignment: 315229 316483 NODE_59_length_1255_cov_1710.9_ID_425488 1 1255

			Previous gap was negative, modifying coordinates to ignore overlap
				Moving contig start from 1 to 56.
			Align 16: 315284 316483 NODE_59_length_1255_cov_1710.9_ID_425488 56 1255
				Negative gap (overlap) between this and next alignment: 316483 to 316429 (-54 bp)
				Next Alignment: 316429 381314 NODE_24_length_64886_cov_363.45_ID_425420 1 64886

			Previous gap was negative, modifying coordinates to ignore overlap
				Moving contig start from 1 to 56.
			Align 17: 316484 381314 NODE_24_length_64886_cov_363.45_ID_425420 56 64886
				Negative gap (overlap) between this and next alignment: 381314 to 381260 (-54 bp)
				Next Alignment: 381260 382590 NODE_58_length_1331_cov_2050.33_ID_425486 1331 1

			Previous gap was negative, modifying coordinates to ignore overlap
				Moving contig start from 1331 to 1276.
			Align 18: 381315 382590 NODE_58_length_1331_cov_2050.33_ID_425486 1276 1
				Negative gap (overlap) between this and next alignment: 382590 to 382536 (-54 bp)
				Next Alignment: 382536 391763 NODE_46_length_9228_cov_361.036_ID_425462 1 9228

			Previous gap was negative, modifying coordinates to ignore overlap
				Moving contig start from 1 to 56.
			Align 19: 382591 391763 NODE_46_length_9228_cov_361.036_ID_425462 56 9228
				Gap between this and next alignment: 391763 to 392909 (1145 bp)
				Next Alignment: 392909 525691 NODE_12_length_132783_cov_362.868_ID_425394 132783 1

			Align 20: 392909 525691 NODE_12_length_132783_cov_362.868_ID_425394 132783 1
				Negative gap (overlap) between this and next alignment: 525691 to 525637 (-54 bp)
				Next Alignment: 525637 526791 NODE_63_length_1155_cov_715.253_ID_425496 1 1155

			Previous gap was negative, modifying coordinates to ignore overlap
				Moving contig start from 1 to 56.
			Align 21: 525692 526791 NODE_63_length_1155_cov_715.253_ID_425496 56 1155
				Negative gap (overlap) between this and next alignment: 526791 to 526737 (-54 bp)
				Next Alignment: 526737 566834 NODE_31_length_40098_cov_360.887_ID_425434 1 40098

			Previous gap was negative, modifying coordinates to ignore overlap
				Moving contig start from 1 to 56.
			Align 22: 526792 566834 NODE_31_length_40098_cov_360.887_ID_425434 56 40098
				Gap between this and next alignment: 566834 to 567980 (1145 bp)
				Next Alignment: 567980 574662 NODE_49_length_6683_cov_367.708_ID_425468 6683 1

			Align 23: 567980 574662 NODE_49_length_6683_cov_367.708_ID_425468 6683 1
				Gap between this and next alignment: 574662 to 575731 (1068 bp)
				Next Alignment: 575731 608061 NODE_34_length_32331_cov_381.14_ID_425440 32331 1

			Align 24: 575731 608061 NODE_34_length_32331_cov_381.14_ID_425440 32331 1
				Gap between this and next alignment: 608061 to 609297 (1235 bp)
				Next Alignment: 609297 687922 NODE_21_length_78626_cov_364.136_ID_425416 1 78626

			Align 25: 609297 687922 NODE_21_length_78626_cov_364.136_ID_425416 1 78626
				Gap between this and next alignment: 687922 to 688991 (1068 bp)
				Next Alignment: 688991 1049882 NODE_1_length_360895_cov_378.586_ID_425372 1 360895

			Align 26: 688991 1049882 NODE_1_length_360895_cov_378.586_ID_425372 1 360895
				Gap between this and next alignment: 1049882 to 1050491 (608 bp)
				Next Alignment: 1050491 1094299 NODE_28_length_43809_cov_362.852_ID_425428 1 43809

			Align 27: 1050491 1094299 NODE_28_length_43809_cov_362.852_ID_425428 1 43809
				Gap between this and next alignment: 1094299 to 1097142 (2842 bp)
				Next Alignment: 1097142 1299553 NODE_7_length_203928_cov_368.585_ID_425384 1517 203928

			Align 28: 1097142 1299553 NODE_7_length_203928_cov_368.585_ID_425384 1517 203928
				Gap between this and next alignment: 1299553 to 1300622 (1068 bp)
				Next Alignment: 1300622 1396098 NODE_17_length_95477_cov_365.215_ID_425408 1 95477

			Align 29: 1300622 1396098 NODE_17_length_95477_cov_365.215_ID_425408 1 95477
				Gap between this and next alignment: 1396098 to 1397167 (1068 bp)
				Next Alignment: 1397167 1428049 NODE_37_length_30883_cov_362.721_ID_425404 1 30883

			Align 30: 1397167 1428049 NODE_37_length_30883_cov_362.721_ID_425404 1 30883
				Gap between this and next alignment: 1428049 to 1428217 (167 bp)
				Next Alignment: 1428217 1432207 NODE_23_length_67233_cov_377.836_ID_425406 1 3991

			Align 31: 1428217 1432207 NODE_23_length_67233_cov_377.836_ID_425406 1 3991
				Gap between this and next alignment: 1432207 to 1434682 (2474 bp)
				Next Alignment: 1434682 1467964 NODE_33_length_33283_cov_366.812_ID_425438 33283 1

			Align 32: 1434682 1467964 NODE_33_length_33283_cov_366.812_ID_425438 33283 1
				Gap between this and next alignment: 1467964 to 1469296 (1331 bp)
				Next Alignment: 1469296 1470516 NODE_61_length_1221_cov_1114.49_ID_425492 1 1221

			Align 33: 1469296 1470516 NODE_61_length_1221_cov_1114.49_ID_425492 1 1221
				Negative gap (overlap) between this and next alignment: 1470516 to 1470462 (-54 bp)
				Next Alignment: 1470462 1528145 NODE_25_length_57684_cov_363.849_ID_425422 1 57684

			Previous gap was negative, modifying coordinates to ignore overlap
				Moving contig start from 1 to 56.
			Align 34: 1470517 1528145 NODE_25_length_57684_cov_363.849_ID_425422 56 57684
				Gap between this and next alignment: 1528145 to 1529191 (1045 bp)
				Next Alignment: 1529191 1570724 NODE_29_length_41534_cov_385.456_ID_425430 41534 1

			Align 35: 1529191 1570724 NODE_29_length_41534_cov_385.456_ID_425430 41534 1
				Gap between this and next alignment: 1570724 to 1571847 (1122 bp)
				Next Alignment: 1571847 1635088 NODE_23_length_67233_cov_377.836_ID_425406 67233 3992

			Align 36: 1571847 1635088 NODE_23_length_67233_cov_377.836_ID_425406 67233 3992
				Negative gap (overlap) between this and next alignment: 1635088 to 1634968 (-120 bp)
				Next Alignment: 1634968 1651548 NODE_41_length_16581_cov_457.251_ID_425452 16581 1

			Previous gap was negative, modifying coordinates to ignore overlap
				Moving contig start from 16581 to 16460.
			Align 37: 1635089 1651548 NODE_41_length_16581_cov_457.251_ID_425452 16460 1
				Negative gap (overlap) between this and next alignment: 1651548 to 1651494 (-54 bp)
				Next Alignment: 1651494 1978557 NODE_2_length_327064_cov_364.193_ID_425374 1 327064

			Previous gap was negative, modifying coordinates to ignore overlap
				Moving contig start from 1 to 56.
			Align 38: 1651549 1978557 NODE_2_length_327064_cov_364.193_ID_425374 56 327064
				Gap between this and next alignment: 1978557 to 1979166 (608 bp)
				Next Alignment: 1979166 2066230 NODE_19_length_87065_cov_366.348_ID_425412 1 87065

			Align 39: 1979166 2066230 NODE_19_length_87065_cov_366.348_ID_425412 1 87065
				Gap between this and next alignment: 2066230 to 2067246 (1015 bp)
				Next Alignment: 2067246 2068995 NODE_55_length_1750_cov_359.236_ID_425480 1750 1

			Align 40: 2067246 2068995 NODE_55_length_1750_cov_359.236_ID_425480 1750 1
				Gap between this and next alignment: 2068995 to 2070217 (1221 bp)
				Next Alignment: 2070217 2101820 NODE_35_length_31604_cov_365.704_ID_425442 1 31604

			Align 41: 2070217 2101820 NODE_35_length_31604_cov_365.704_ID_425442 1 31604
				Gap between this and next alignment: 2101820 to 2102889 (1068 bp)
				Next Alignment: 2102889 2170228 NODE_22_length_67340_cov_362.561_ID_425418 67340 1

			Align 42: 2102889 2170228 NODE_22_length_67340_cov_362.561_ID_425418 67340 1
				Gap between this and next alignment: 2170228 to 2171374 (1145 bp)
				Next Alignment: 2171374 2288990 NODE_15_length_117617_cov_363.418_ID_425400 117617 1

			Align 43: 2171374 2288990 NODE_15_length_117617_cov_363.418_ID_425400 117617 1
				Gap between this and next alignment: 2288990 to 2290059 (1068 bp)
				Next Alignment: 2290059 2514327 NODE_5_length_224269_cov_363.304_ID_425380 1 224269

			Align 44: 2290059 2514327 NODE_5_length_224269_cov_363.304_ID_425380 1 224269
				Gap between this and next alignment: 2514327 to 2515563 (1235 bp)
				Next Alignment: 2515563 2726118 NODE_6_length_210558_cov_363.946_ID_425382 1 210558

			Align 45: 2515563 2726118 NODE_6_length_210558_cov_363.946_ID_425382 1 210558
				Gap between this and next alignment: 2726118 to 2731431 (5312 bp)
				Next Alignment: 2731431 2817782 NODE_4_length_264571_cov_365.525_ID_425378 1 86352

			Align 46: 2731431 2817782 NODE_4_length_264571_cov_365.525_ID_425378 1 86352
				Gap between this and next alignment: 2817782 to 2818197 (414 bp)
				Next Alignment: 2818197 2996415 NODE_4_length_264571_cov_365.525_ID_425378 86353 264571

			Align 47: 2818197 2996415 NODE_4_length_264571_cov_365.525_ID_425378 86353 264571
				Gap between this and next alignment: 2996415 to 2997637 (1221 bp)
				Next Alignment: 2997637 3130200 NODE_13_length_132564_cov_363.578_ID_425396 1 132564

			Align 48: 2997637 3130200 NODE_13_length_132564_cov_363.578_ID_425396 1 132564
				Gap between this and next alignment: 3130200 to 3131269 (1068 bp)
				Next Alignment: 3131269 3186150 NODE_27_length_54882_cov_363.329_ID_425426 54882 1

			Align 49: 3131269 3186150 NODE_27_length_54882_cov_363.329_ID_425426 54882 1
				Gap between this and next alignment: 3186150 to 3187372 (1221 bp)
				Next Alignment: 3187372 3365627 NODE_9_length_178256_cov_363.298_ID_425388 1 178256

			Align 50: 3187372 3365627 NODE_9_length_178256_cov_363.298_ID_425388 1 178256
				Gap between this and next alignment: 3365627 to 3366696 (1068 bp)
				Next Alignment: 3366696 3423313 NODE_26_length_56618_cov_366.45_ID_425424 1 56618

			Align 51: 3366696 3423313 NODE_26_length_56618_cov_366.45_ID_425424 1 56618
				Gap between this and next alignment: 3423313 to 3428854 (5540 bp)
				Next Alignment: 3428854 3470218 NODE_30_length_41365_cov_364.175_ID_425432 41365 1

			Align 52: 3428854 3470218 NODE_30_length_41365_cov_364.175_ID_425432 41365 1
				Negative gap (overlap) between this and next alignment: 3470218 to 3470164 (-54 bp)
				Next Alignment: 3470164 3471194 NODE_65_length_1031_cov_725.428_ID_425500 1031 1

			Previous gap was negative, modifying coordinates to ignore overlap
				Moving contig start from 1031 to 976.
			Align 53: 3470219 3471194 NODE_65_length_1031_cov_725.428_ID_425500 976 1
				Negative gap (overlap) between this and next alignment: 3471194 to 3471140 (-54 bp)
				Next Alignment: 3471140 3583481 NODE_16_length_112342_cov_363.608_ID_425402 1 112342

			Previous gap was negative, modifying coordinates to ignore overlap
				Moving contig start from 1 to 56.
			Align 54: 3471195 3583481 NODE_16_length_112342_cov_363.608_ID_425402 56 112342
				Gap between this and next alignment: 3583481 to 3584145 (663 bp)
				Next Alignment: 3584145 3619327 NODE_32_length_35183_cov_365.492_ID_425436 35183 1

			Align 55: 3584145 3619327 NODE_32_length_35183_cov_365.492_ID_425436 35183 1
				Gap between this and next alignment: 3619327 to 3622808 (3480 bp)
				Next Alignment: 3622808 3652107 NODE_38_length_29300_cov_397.97_ID_425446 29300 1

			Align 56: 3622808 3652107 NODE_38_length_29300_cov_397.97_ID_425446 29300 1
				Gap between this and next alignment: 3652107 to 3653176 (1068 bp)
				Next Alignment: 3653176 3666259 NODE_43_length_13084_cov_366.595_ID_425456 13084 1

			Align 57: 3653176 3666259 NODE_43_length_13084_cov_366.595_ID_425456 13084 1
				Negative gap (overlap) between this and next alignment: 3666259 to 3666205 (-54 bp)
				Next Alignment: 3666205 3667436 NODE_60_length_1232_cov_718.839_ID_425490 1232 1

			Previous gap was negative, modifying coordinates to ignore overlap
				Moving contig start from 1232 to 1177.
			Align 58: 3666260 3667436 NODE_60_length_1232_cov_718.839_ID_425490 1177 1
				Negative gap (overlap) between this and next alignment: 3667436 to 3667382 (-54 bp)
				Next Alignment: 3667382 3762154 NODE_18_length_94773_cov_363.697_ID_425410 1 94773

			Previous gap was negative, modifying coordinates to ignore overlap
				Moving contig start from 1 to 56.
			Align 59: 3667437 3762154 NODE_18_length_94773_cov_363.697_ID_425410 56 94773
				Gap between this and next alignment: 3762154 to 3765775 (3620 bp)
				Next Alignment: 3765775 3941502 NODE_10_length_175728_cov_365.878_ID_425390 175728 1

			Align 60: 3765775 3941502 NODE_10_length_175728_cov_365.878_ID_425390 175728 1
				Gap between this and next alignment: 3941502 to 3946770 (5267 bp)
				Next Alignment: 3946770 4027533 NODE_20_length_80764_cov_362.874_ID_425414 1 80764

			Align 61: 3946770 4027533 NODE_20_length_80764_cov_362.874_ID_425414 1 80764
				Negative gap (overlap) between this and next alignment: 4027533 to 4027479 (-54 bp)
				Next Alignment: 4027479 4035219 NODE_48_length_7741_cov_359.844_ID_425466 7741 1

			Previous gap was negative, modifying coordinates to ignore overlap
				Moving contig start from 7741 to 7686.
			Align 62: 4027534 4035219 NODE_48_length_7741_cov_359.844_ID_425466 7686 1
				Gap between this and next alignment: 4035219 to 4040746 (5526 bp)
				Next Alignment: 4040746 4166353 NODE_14_length_125608_cov_364.449_ID_425398 1 125608

			Align 63: 4040746 4166353 NODE_14_length_125608_cov_364.449_ID_425398 1 125608
				Gap between this and next alignment: 4166353 to 4171707 (5353 bp)
				Next Alignment: 4171707 4176133 NODE_50_length_4427_cov_387.884_ID_425470 4427 1

			Align 64: 4171707 4176133 NODE_50_length_4427_cov_387.884_ID_425470 4427 1
				Gap between this and next alignment: 4176133 to 4177055 (921 bp)
				Next Alignment: 4177055 4208055 NODE_36_length_31003_cov_366.091_ID_425444 31003 1

			Align 65: 4177055 4208055 NODE_36_length_31003_cov_366.091_ID_425444 31003 1
				Negative gap (overlap) between this and next alignment: 4208055 to 4208001 (-54 bp)
				Next Alignment: 4208001 4209702 NODE_56_length_1702_cov_1943.82_ID_425482 1 1702

			Previous gap was negative, modifying coordinates to ignore overlap
				Moving contig start from 1 to 56.
			Align 66: 4208056 4209702 NODE_56_length_1702_cov_1943.82_ID_425482 56 1702
				Gap between this and next alignment: 4209702 to 4213110 (3407 bp)
				Next Alignment: 4213110 4295836 NODE_3_length_284899_cov_364.989_ID_425376 284899 202175

			Align 67: 4213110 4295836 NODE_3_length_284899_cov_364.989_ID_425376 284899 202175
				Gap between this and next alignment: 4295836 to 4296061 (224 bp)
				Next Alignment: 4296061 4498235 NODE_3_length_284899_cov_364.989_ID_425376 202174 1

			Align 68: 4296061 4498235 NODE_3_length_284899_cov_364.989_ID_425376 202174 1
				Gap between this and next alignment: 4498235 to 4499457 (1221 bp)
				Next Alignment: 4499457 4507512 NODE_47_length_8056_cov_361.999_ID_425464 8056 1

			Align 69: 4499457 4507512 NODE_47_length_8056_cov_361.999_ID_425464 8056 1
				Gap between this and next alignment: 4507512 to 4508625 (1112 bp)
				Next Alignment: 4508625 4641651 NODE_11_length_133027_cov_363.177_ID_425392 133027 1

			Align 70: 4508625 4641651 NODE_11_length_133027_cov_363.177_ID_425392 133027 1
			END in gap: 4641651 to 4641652 (1 bp)

Analysis is finished!
Founded SNPs were written into /net/metagenomics/projects/afritz_assemblies/Simpipeline_Coverage_Sweep/020_error/Ecoli_cov512/quast_metaSPAde/contigs_reports/nucmer_output/contigs.used_snps

Results:
	Local Misassemblies: 2
	Misassemblies: 2
		Relocations: 2
		Translocations: 0
		Inversions: 0
	Misassembled Contigs: 2
	Misassembled Contig Bases: 68375
	Misassemblies Inter-Contig Overlap: 0
Uncovered Regions: 0 (0)
Unaligned Contigs: 0 + 0 part
Partially Unaligned Contigs with Misassemblies: 0
Unaligned Contig Bases: 0

Ambiguously Mapped Contigs: 11
Total Bases in Ambiguously Mapped Contigs: 15309
Note that --allow-ambiguity option was set to "one" and only first alignment per each contig was used.

	Covered Bases: 4564318

	SNPs: 454
	Insertions: 18
	Deletions: 13

	Positive Gaps: 45
		Internal Gaps:  2
		External Gaps:  43
		External Gap Total:  76696
		External Gap Average: 1784
	Negative Gaps: 25
		Internal Overlaps:  0
		External Overlaps:  25
		External Overlaps Total: -2134
		External Overlaps Average: -85
	Contigs with Redundant Alignments: 0 (0)
