Aligning contigs to reference...
	Running Nucmer
Parsing coords...
Loading Assembly...
Loading reference...
	Loaded [Buchnera_aphidicola_Acyrthosiphon_pisum_0900]
	Loaded [Buchnera_aphidicola_Acyrthosiphon_pisum_ancestor]
Loading SNPs...
Loading regions...
	No regions given, using whole reference.
	Total Regions: 2
	Total Region Length: 1283598
Analyzing contigs...
CONTIG: k99_55_flag_0_multi_47.0683_len_9306 (9306bp)
Top Length: 9306  Top ID: 100.0
		One align captures most of this contig: 253928 263233 | 9306 1 | 9306 9306 | 100.0 | Buchnera_aphidicola_Acyrthosiphon_pisum_ancestor k99_55_flag_0_multi_47.0683_len_9306

CONTIG: k99_91_flag_0_multi_46.0508_len_17721 (17721bp)
Top Length: 17721  Top ID: 100.0
		One align captures most of this contig: 236305 254025 | 17721 1 | 17721 17721 | 100.0 | Buchnera_aphidicola_Acyrthosiphon_pisum_ancestor k99_91_flag_0_multi_46.0508_len_17721

CONTIG: k99_52_flag_0_multi_47.1244_len_26337 (26337bp)
Top Length: 26337  Top ID: 100.0
		One align captures most of this contig: 281125 307461 | 1 26337 | 26337 26337 | 100.0 | Buchnera_aphidicola_Acyrthosiphon_pisum_0900 k99_52_flag_0_multi_47.1244_len_26337

CONTIG: k99_103_flag_0_multi_49.0797_len_1755 (1755bp)
Top Length: 1755  Top ID: 100.0
		One align captures most of this contig: 263147 264901 | 1 1755 | 1755 1755 | 100.0 | Buchnera_aphidicola_Acyrthosiphon_pisum_ancestor k99_103_flag_0_multi_49.0797_len_1755

CONTIG: k99_84_flag_0_multi_46.9205_len_33350 (33350bp)
Top Length: 33350  Top ID: 100.0
		One align captures most of this contig: 600060 633409 | 33350 1 | 33350 33350 | 100.0 | Buchnera_aphidicola_Acyrthosiphon_pisum_0900 k99_84_flag_0_multi_46.9205_len_33350

CONTIG: k99_61_flag_0_multi_46.0946_len_4551 (4551bp)
Top Length: 4551  Top ID: 100.0
		One align captures most of this contig: 111026 115576 | 4551 1 | 4551 4551 | 100.0 | Buchnera_aphidicola_Acyrthosiphon_pisum_ancestor k99_61_flag_0_multi_46.0946_len_4551

CONTIG: k99_115_flag_0_multi_47.2013_len_2195 (2195bp)
Top Length: 2195  Top ID: 100.0
		One align captures most of this contig: 375707 377901 | 1 2195 | 2195 2195 | 100.0 | Buchnera_aphidicola_Acyrthosiphon_pisum_0900 k99_115_flag_0_multi_47.2013_len_2195

CONTIG: k99_116_flag_0_multi_45.9466_len_19814 (19814bp)
Top Length: 19814  Top ID: 100.0
		One align captures most of this contig: 337772 357585 | 19814 1 | 19814 19814 | 100.0 | Buchnera_aphidicola_Acyrthosiphon_pisum_ancestor k99_116_flag_0_multi_45.9466_len_19814

CONTIG: k99_19_flag_0_multi_45.7392_len_12992 (12992bp)
Top Length: 12992  Top ID: 100.0
		One align captures most of this contig: 98061 111052 | 1 12992 | 12992 12992 | 100.0 | Buchnera_aphidicola_Acyrthosiphon_pisum_ancestor k99_19_flag_0_multi_45.7392_len_12992

CONTIG: k99_80_flag_0_multi_46.9242_len_16521 (16521bp)
Top Length: 16521  Top ID: 100.0
		One align captures most of this contig: 616889 633409 | 1 16521 | 16521 16521 | 100.0 | Buchnera_aphidicola_Acyrthosiphon_pisum_ancestor k99_80_flag_0_multi_46.9242_len_16521

CONTIG: k99_42_flag_0_multi_46.5922_len_18441 (18441bp)
Top Length: 18441  Top ID: 100.0
		One align captures most of this contig: 363460 381900 | 1 18441 | 18441 18441 | 100.0 | Buchnera_aphidicola_Acyrthosiphon_pisum_ancestor k99_42_flag_0_multi_46.5922_len_18441

CONTIG: k99_20_flag_0_multi_47.0179_len_23452 (23452bp)
Top Length: 23452  Top ID: 100.0
		One align captures most of this contig: 500035 523486 | 23452 1 | 23452 23452 | 100.0 | Buchnera_aphidicola_Acyrthosiphon_pisum_ancestor k99_20_flag_0_multi_47.0179_len_23452

CONTIG: k99_21_flag_0_multi_48.0865_len_16403 (16403bp)
Top Length: 16403  Top ID: 100.0
		One align captures most of this contig: 583755 600157 | 16403 1 | 16403 16403 | 100.0 | Buchnera_aphidicola_Acyrthosiphon_pisum_0900 k99_21_flag_0_multi_48.0865_len_16403

CONTIG: k99_79_flag_0_multi_45.0344_len_11595 (11595bp)
Top Length: 11595  Top ID: 100.0
		Marking as insignificant: 473786 473904 | 1 119 | 119 119 | 99.16 | Buchnera_aphidicola_Acyrthosiphon_pisum_ancestor k99_79_flag_0_multi_45.0344_len_11595
		One align captures most of this contig: 307372 318966 | 1 11595 | 11595 11595 | 100.0 | Buchnera_aphidicola_Acyrthosiphon_pisum_0900 k99_79_flag_0_multi_45.0344_len_11595

CONTIG: k99_65_flag_0_multi_47.0235_len_4533 (4533bp)
Top Length: 4533  Top ID: 100.0
		One align captures most of this contig: 579321 583853 | 4533 1 | 4533 4533 | 100.0 | Buchnera_aphidicola_Acyrthosiphon_pisum_0900 k99_65_flag_0_multi_47.0235_len_4533

CONTIG: k99_74_flag_0_multi_49.0151_len_4533 (4533bp)
Top Length: 4533  Top ID: 100.0
		One align captures most of this contig: 29503 34035 | 1 4533 | 4533 4533 | 100.0 | Buchnera_aphidicola_Acyrthosiphon_pisum_ancestor k99_74_flag_0_multi_49.0151_len_4533

CONTIG: k99_122_flag_0_multi_45.9982_len_8081 (8081bp)
Top Length: 8081  Top ID: 100.0
		One align captures most of this contig: 90079 98159 | 1 8081 | 8081 8081 | 100.0 | Buchnera_aphidicola_Acyrthosiphon_pisum_ancestor k99_122_flag_0_multi_45.9982_len_8081

CONTIG: k99_108_flag_0_multi_47.9926_len_43302 (43302bp)
Top Length: 43302  Top ID: 100.0
		One align captures most of this contig: 33951 77252 | 1 43302 | 43302 43302 | 100.0 | Buchnera_aphidicola_Acyrthosiphon_pisum_ancestor k99_108_flag_0_multi_47.9926_len_43302

CONTIG: k99_44_flag_0_multi_44.9007_len_5615 (5615bp)
Top Length: 5615  Top ID: 100.0
		One align captures most of this contig: 191243 196857 | 1 5615 | 5615 5615 | 100.0 | Buchnera_aphidicola_Acyrthosiphon_pisum_0900 k99_44_flag_0_multi_44.9007_len_5615

CONTIG: k99_87_flag_0_multi_46.7583_len_52465 (52465bp)
Top Length: 52465  Top ID: 100.0
		One align captures most of this contig: 175302 227766 | 52465 1 | 52465 52465 | 100.0 | Buchnera_aphidicola_Acyrthosiphon_pisum_ancestor k99_87_flag_0_multi_46.7583_len_52465

CONTIG: k99_111_flag_0_multi_46.7717_len_39709 (39709bp)
Top Length: 39709  Top ID: 100.0
		One align captures most of this contig: 74159 113867 | 39709 1 | 39709 39709 | 100.0 | Buchnera_aphidicola_Acyrthosiphon_pisum_0900 k99_111_flag_0_multi_46.7717_len_39709

CONTIG: k99_53_flag_0_multi_39.1265_len_1198 (1198bp)
Top Length: 1198  Top ID: 100.0
		Marking as insignificant: 307372 307490 | 1 119 | 119 119 | 99.16 | Buchnera_aphidicola_Acyrthosiphon_pisum_0900 k99_53_flag_0_multi_39.1265_len_1198
		One align captures most of this contig: 473786 474983 | 1 1198 | 1198 1198 | 100.0 | Buchnera_aphidicola_Acyrthosiphon_pisum_ancestor k99_53_flag_0_multi_39.1265_len_1198

CONTIG: k99_39_flag_0_multi_48.0416_len_10056 (10056bp)
Top Length: 10056  Top ID: 100.0
		One align captures most of this contig: 159598 169653 | 1 10056 | 10056 10056 | 100.0 | Buchnera_aphidicola_Acyrthosiphon_pisum_0900 k99_39_flag_0_multi_48.0416_len_10056

CONTIG: k99_117_flag_0_multi_46.1880_len_60549 (60549bp)
Top Length: 60549  Top ID: 100.0
		One align captures most of this contig: 524818 585366 | 60549 1 | 60549 60549 | 100.0 | Buchnera_aphidicola_Acyrthosiphon_pisum_ancestor k99_117_flag_0_multi_46.1880_len_60549

CONTIG: k99_90_flag_0_multi_49.0825_len_4246 (4246bp)
Top Length: 4246  Top ID: 100.0
		One align captures most of this contig: 262604 266849 | 1 4246 | 4246 4246 | 100.0 | Buchnera_aphidicola_Acyrthosiphon_pisum_0900 k99_90_flag_0_multi_49.0825_len_4246

CONTIG: k99_71_flag_0_multi_48.8173_len_8467 (8467bp)
Top Length: 8467  Top ID: 99.98
		One align captures most of this contig: 633321 641787 | 1 8467 | 8467 8467 | 99.98 | Buchnera_aphidicola_Acyrthosiphon_pisum_ancestor k99_71_flag_0_multi_48.8173_len_8467

CONTIG: k99_106_flag_0_multi_46.7499_len_51868 (51868bp)
Top Length: 51868  Top ID: 100.0
		One align captures most of this contig: 13091 64958 | 51868 1 | 51868 51868 | 100.0 | Buchnera_aphidicola_Acyrthosiphon_pisum_0900 k99_106_flag_0_multi_46.7499_len_51868

CONTIG: k99_64_flag_0_multi_51.0332_len_8504 (8504bp)
Top Length: 8504  Top ID: 100.0
		One align captures most of this contig: 227898 236401 | 8504 1 | 8504 8504 | 100.0 | Buchnera_aphidicola_Acyrthosiphon_pisum_ancestor k99_64_flag_0_multi_51.0332_len_8504

CONTIG: k99_17_flag_0_multi_47.0637_len_8478 (8478bp)
Top Length: 8478  Top ID: 100.0
		One align captures most of this contig: 633321 641798 | 8478 1 | 8478 8478 | 100.0 | Buchnera_aphidicola_Acyrthosiphon_pisum_0900 k99_17_flag_0_multi_47.0637_len_8478

CONTIG: k99_76_flag_0_multi_45.6194_len_16511 (16511bp)
Top Length: 16511  Top ID: 100.0
		One align captures most of this contig: 13091 29601 | 16511 1 | 16511 16511 | 100.0 | Buchnera_aphidicola_Acyrthosiphon_pisum_ancestor k99_76_flag_0_multi_45.6194_len_16511

CONTIG: k99_18_flag_0_multi_48.5415_len_17009 (17009bp)
Top Length: 17009  Top ID: 100.0
		One align captures most of this contig: 325808 342816 | 1 17009 | 17009 17009 | 100.0 | Buchnera_aphidicola_Acyrthosiphon_pisum_0900 k99_18_flag_0_multi_48.5415_len_17009

CONTIG: k99_112_flag_0_multi_45.9466_len_23428 (23428bp)
Top Length: 23428  Top ID: 100.0
		One align captures most of this contig: 438175 461602 | 23428 1 | 23428 23428 | 100.0 | Buchnera_aphidicola_Acyrthosiphon_pisum_ancestor k99_112_flag_0_multi_45.9466_len_23428

CONTIG: k99_41_flag_0_multi_49.0482_len_7941 (7941bp)
Top Length: 7941  Top ID: 100.0
		One align captures most of this contig: 64887 72827 | 7941 1 | 7941 7941 | 100.0 | Buchnera_aphidicola_Acyrthosiphon_pisum_0900 k99_41_flag_0_multi_49.0482_len_7941

CONTIG: k99_113_flag_0_multi_46.1698_len_3026 (3026bp)
Top Length: 3026  Top ID: 100.0
		One align captures most of this contig: 564941 567966 | 3026 1 | 3026 3026 | 100.0 | Buchnera_aphidicola_Acyrthosiphon_pisum_0900 k99_113_flag_0_multi_46.1698_len_3026

CONTIG: k99_57_flag_0_multi_48.1511_len_1495 (1495bp)
Top Length: 1495  Top ID: 100.0
		One align captures most of this contig: 523392 524886 | 1495 1 | 1495 1495 | 100.0 | Buchnera_aphidicola_Acyrthosiphon_pisum_ancestor k99_57_flag_0_multi_48.1511_len_1495

CONTIG: k99_50_flag_0_multi_49.0769_len_12357 (12357bp)
Top Length: 12357  Top ID: 100.0
		One align captures most of this contig: 461519 473875 | 12357 1 | 12357 12357 | 100.0 | Buchnera_aphidicola_Acyrthosiphon_pisum_ancestor k99_50_flag_0_multi_49.0769_len_12357

CONTIG: k99_119_flag_0_multi_47.8749_len_19022 (19022bp)
Top Length: 19022  Top ID: 100.0
		One align captures most of this contig: 447005 466026 | 1 19022 | 19022 19022 | 100.0 | Buchnera_aphidicola_Acyrthosiphon_pisum_0900 k99_119_flag_0_multi_47.8749_len_19022

CONTIG: k99_45_flag_0_multi_46.4841_len_33068 (33068bp)
Top Length: 33068  Top ID: 100.0
		One align captures most of this contig: 342733 375800 | 1 33068 | 33068 33068 | 100.0 | Buchnera_aphidicola_Acyrthosiphon_pisum_0900 k99_45_flag_0_multi_46.4841_len_33068

CONTIG: k99_10_flag_0_multi_41.1062_len_4243 (4243bp)
Top Length: 4243  Top ID: 99.95
		One align captures most of this contig: 474941 479183 | 1 4243 | 4243 4243 | 99.95 | Buchnera_aphidicola_Acyrthosiphon_pisum_ancestor k99_10_flag_0_multi_41.1062_len_4243

CONTIG: k99_37_flag_0_multi_45.3911_len_12769 (12769bp)
Top Length: 12769  Top ID: 100.0
		One align captures most of this contig: 2 12770 | 12769 1 | 12769 12769 | 100.0 | Buchnera_aphidicola_Acyrthosiphon_pisum_0900 k99_37_flag_0_multi_45.3911_len_12769

CONTIG: k99_114_flag_0_multi_45.3816_len_17448 (17448bp)
Top Length: 17448  Top ID: 100.0
		One align captures most of this contig: 320418 337865 | 17448 1 | 17448 17448 | 100.0 | Buchnera_aphidicola_Acyrthosiphon_pisum_ancestor k99_114_flag_0_multi_45.3816_len_17448

CONTIG: k99_69_flag_0_multi_48.0877_len_19814 (19814bp)
Top Length: 19814  Top ID: 100.0
		One align captures most of this contig: 218552 238365 | 19814 1 | 19814 19814 | 100.0 | Buchnera_aphidicola_Acyrthosiphon_pisum_0900 k99_69_flag_0_multi_48.0877_len_19814

CONTIG: k99_82_flag_0_multi_47.8240_len_14400 (14400bp)
Top Length: 14400  Top ID: 100.0
		One align captures most of this contig: 266779 281178 | 14400 1 | 14400 14400 | 100.0 | Buchnera_aphidicola_Acyrthosiphon_pisum_0900 k99_82_flag_0_multi_47.8240_len_14400

CONTIG: k99_72_flag_0_multi_47.4620_len_7698 (7698bp)
Top Length: 7698  Top ID: 100.0
		One align captures most of this contig: 585289 592986 | 7698 1 | 7698 7698 | 100.0 | Buchnera_aphidicola_Acyrthosiphon_pisum_ancestor k99_72_flag_0_multi_47.4620_len_7698

CONTIG: k99_98_flag_0_multi_47.1021_len_1755 (1755bp)
Top Length: 1755  Top ID: 100.0
		One align captures most of this contig: 567881 569635 | 1755 1 | 1755 1755 | 100.0 | Buchnera_aphidicola_Acyrthosiphon_pisum_0900 k99_98_flag_0_multi_47.1021_len_1755

CONTIG: k99_51_flag_0_multi_48.7995_len_7015 (7015bp)
Top Length: 7015  Top ID: 100.0
		One align captures most of this contig: 318871 325885 | 7015 1 | 7015 7015 | 100.0 | Buchnera_aphidicola_Acyrthosiphon_pisum_0900 k99_51_flag_0_multi_48.7995_len_7015

CONTIG: k99_29_flag_0_multi_48.1398_len_41949 (41949bp)
Top Length: 41949  Top ID: 100.0
		One align captures most of this contig: 465930 507878 | 41949 1 | 41949 41949 | 100.0 | Buchnera_aphidicola_Acyrthosiphon_pisum_0900 k99_29_flag_0_multi_48.1398_len_41949

CONTIG: k99_22_flag_0_multi_49.2345_len_12992 (12992bp)
Top Length: 12992  Top ID: 100.0
		Marking as insignificant: 416282 416431 | 12992 12843 | 150 150 | 97.33 | Buchnera_aphidicola_Acyrthosiphon_pisum_0900 k99_22_flag_0_multi_49.2345_len_12992
		One align captures most of this contig: 77181 90172 | 1 12992 | 12992 12992 | 100.0 | Buchnera_aphidicola_Acyrthosiphon_pisum_ancestor k99_22_flag_0_multi_49.2345_len_12992

CONTIG: k99_28_flag_0_multi_45.6834_len_18441 (18441bp)
Top Length: 18441  Top ID: 100.0
		One align captures most of this contig: 244240 262680 | 1 18441 | 18441 18441 | 100.0 | Buchnera_aphidicola_Acyrthosiphon_pisum_0900 k99_28_flag_0_multi_45.6834_len_18441

CONTIG: k99_99_flag_0_multi_35.6889_len_504 (504bp)
Top Length: 504  Top ID: 100.0
		Marking as insignificant: 12674 13177 | 1 504 | 504 504 | 97.02 | Buchnera_aphidicola_Acyrthosiphon_pisum_ancestor k99_99_flag_0_multi_35.6889_len_504
		One align captures most of this contig: 12674 13177 | 1 504 | 504 504 | 100.0 | Buchnera_aphidicola_Acyrthosiphon_pisum_0900 k99_99_flag_0_multi_35.6889_len_504

CONTIG: k99_75_flag_0_multi_47.5475_len_18788 (18788bp)
Top Length: 18788  Top ID: 100.0
		One align captures most of this contig: 592895 611682 | 1 18788 | 18788 18788 | 100.0 | Buchnera_aphidicola_Acyrthosiphon_pisum_ancestor k99_75_flag_0_multi_47.5475_len_18788

CONTIG: k99_11_flag_0_multi_48.6061_len_4730 (4730bp)
Top Length: 4730  Top ID: 100.0
		One align captures most of this contig: 150795 155524 | 4730 1 | 4730 4730 | 100.0 | Buchnera_aphidicola_Acyrthosiphon_pisum_0900 k99_11_flag_0_multi_48.6061_len_4730

CONTIG: k99_123_flag_0_multi_46.1053_len_4268 (4268bp)
Top Length: 4268  Top ID: 100.0
		One align captures most of this contig: 155428 159695 | 1 4268 | 4268 4268 | 100.0 | Buchnera_aphidicola_Acyrthosiphon_pisum_0900 k99_123_flag_0_multi_46.1053_len_4268

CONTIG: k99_23_flag_0_multi_50.1669_len_8621 (8621bp)
Top Length: 8621  Top ID: 100.0
		One align captures most of this contig: 264816 273436 | 1 8621 | 8621 8621 | 100.0 | Buchnera_aphidicola_Acyrthosiphon_pisum_ancestor k99_23_flag_0_multi_50.1669_len_8621

CONTIG: k99_121_flag_0_multi_45.2257_len_2195 (2195bp)
Top Length: 2195  Top ID: 100.0
		One align captures most of this contig: 273343 275537 | 1 2195 | 2195 2195 | 100.0 | Buchnera_aphidicola_Acyrthosiphon_pisum_ancestor k99_121_flag_0_multi_45.2257_len_2195

CONTIG: k99_34_flag_0_multi_45.6784_len_24193 (24193bp)
Top Length: 24193  Top ID: 100.0
		One align captures most of this contig: 119074 143266 | 24193 1 | 24193 24193 | 100.0 | Buchnera_aphidicola_Acyrthosiphon_pisum_0900 k99_34_flag_0_multi_45.6784_len_24193

CONTIG: k99_14_flag_0_multi_44.3940_len_9857 (9857bp)
Top Length: 9857  Top ID: 100.0
		One align captures most of this contig: 569549 579405 | 1 9857 | 9857 9857 | 100.0 | Buchnera_aphidicola_Acyrthosiphon_pisum_0900 k99_14_flag_0_multi_44.3940_len_9857

CONTIG: k99_88_flag_0_multi_47.1564_len_23781 (23781bp)
Top Length: 23781  Top ID: 100.0
		One align captures most of this contig: 541232 565012 | 1 23781 | 23781 23781 | 100.0 | Buchnera_aphidicola_Acyrthosiphon_pisum_0900 k99_88_flag_0_multi_47.1564_len_23781

CONTIG: k99_70_flag_0_multi_48.0400_len_8504 (8504bp)
Top Length: 8504  Top ID: 100.0
		One align captures most of this contig: 532825 541328 | 8504 1 | 8504 8504 | 100.0 | Buchnera_aphidicola_Acyrthosiphon_pisum_0900 k99_70_flag_0_multi_48.0400_len_8504

CONTIG: k99_59_flag_0_multi_47.1921_len_45036 (45036bp)
Top Length: 45036  Top ID: 100.0
		One align captures most of this contig: 275449 320484 | 45036 1 | 45036 45036 | 100.0 | Buchnera_aphidicola_Acyrthosiphon_pisum_ancestor k99_59_flag_0_multi_47.1921_len_45036

CONTIG: k99_49_flag_0_multi_45.7576_len_7698 (7698bp)
Top Length: 7698  Top ID: 100.0
		One align captures most of this contig: 143175 150872 | 1 7698 | 7698 7698 | 100.0 | Buchnera_aphidicola_Acyrthosiphon_pisum_0900 k99_49_flag_0_multi_45.7576_len_7698

CONTIG: k99_12_flag_0_multi_46.7596_len_5478 (5478bp)
Top Length: 5478  Top ID: 100.0
		One align captures most of this contig: 489044 494521 | 1 5478 | 5478 5478 | 100.0 | Buchnera_aphidicola_Acyrthosiphon_pisum_ancestor k99_12_flag_0_multi_46.7596_len_5478

CONTIG: k99_100_flag_0_multi_45.1002_len_12762 (12762bp)
Top Length: 12762  Top ID: 100.0
		One align captures most of this contig: 9 12770 | 12762 1 | 12762 12762 | 100.0 | Buchnera_aphidicola_Acyrthosiphon_pisum_ancestor k99_100_flag_0_multi_45.1002_len_12762

CONTIG: k99_97_flag_0_multi_46.1531_len_504 (504bp)
Top Length: 504  Top ID: 100.0
		Marking as insignificant: 12674 13177 | 1 504 | 504 504 | 97.02 | Buchnera_aphidicola_Acyrthosiphon_pisum_0900 k99_97_flag_0_multi_46.1531_len_504
		One align captures most of this contig: 12674 13177 | 1 504 | 504 504 | 100.0 | Buchnera_aphidicola_Acyrthosiphon_pisum_ancestor k99_97_flag_0_multi_46.1531_len_504

CONTIG: k99_118_flag_0_multi_47.8590_len_45335 (45335bp)
Top Length: 45335  Top ID: 100.0
		One align captures most of this contig: 385999 431333 | 1 45335 | 45335 45335 | 100.0 | Buchnera_aphidicola_Acyrthosiphon_pisum_ancestor k99_118_flag_0_multi_47.8590_len_45335

CONTIG: k99_68_flag_0_multi_52.1386_len_5337 (5337bp)
Top Length: 5337  Top ID: 100.0
		One align captures most of this contig: 113804 119140 | 5337 1 | 5337 5337 | 100.0 | Buchnera_aphidicola_Acyrthosiphon_pisum_0900 k99_68_flag_0_multi_52.1386_len_5337

CONTIG: k99_27_flag_0_multi_46.9999_len_21786 (21786bp)
Top Length: 21786  Top ID: 100.0
		One align captures most of this contig: 169556 191341 | 1 21786 | 21786 21786 | 100.0 | Buchnera_aphidicola_Acyrthosiphon_pisum_0900 k99_27_flag_0_multi_46.9999_len_21786

CONTIG: k99_67_flag_0_multi_47.6195_len_21855 (21855bp)
Top Length: 21855  Top ID: 100.0
		One align captures most of this contig: 196791 218645 | 21855 1 | 21855 21855 | 100.0 | Buchnera_aphidicola_Acyrthosiphon_pisum_0900 k99_67_flag_0_multi_47.6195_len_21855

CONTIG: k99_31_flag_0_multi_45.1416_len_6011 (6011bp)
Top Length: 6011  Top ID: 100.0
		One align captures most of this contig: 357488 363498 | 6011 1 | 6011 6011 | 100.0 | Buchnera_aphidicola_Acyrthosiphon_pisum_ancestor k99_31_flag_0_multi_45.1416_len_6011

CONTIG: k99_89_flag_0_multi_49.1354_len_5682 (5682bp)
Top Length: 5682  Top ID: 100.0
		One align captures most of this contig: 494425 500106 | 1 5682 | 5682 5682 | 100.0 | Buchnera_aphidicola_Acyrthosiphon_pisum_ancestor k99_89_flag_0_multi_49.1354_len_5682

CONTIG: k99_36_flag_0_multi_47.0273_len_24912 (24912bp)
Top Length: 24912  Top ID: 100.0
		One align captures most of this contig: 507782 532693 | 1 24912 | 24912 24912 | 100.0 | Buchnera_aphidicola_Acyrthosiphon_pisum_0900 k99_36_flag_0_multi_47.0273_len_24912

CONTIG: k99_15_flag_0_multi_48.6814_len_12935 (12935bp)
Top Length: 12935  Top ID: 100.0
		One align captures most of this contig: 395402 408336 | 12935 1 | 12935 12935 | 100.0 | Buchnera_aphidicola_Acyrthosiphon_pisum_0900 k99_15_flag_0_multi_48.6814_len_12935

CONTIG: k99_33_flag_0_multi_46.9047_len_17616 (17616bp)
Top Length: 17616  Top ID: 100.0
		One align captures most of this contig: 377813 395428 | 17616 1 | 17616 17616 | 100.0 | Buchnera_aphidicola_Acyrthosiphon_pisum_0900 k99_33_flag_0_multi_46.9047_len_17616

CONTIG: k99_94_flag_0_multi_44.9712_len_7015 (7015bp)
Top Length: 7015  Top ID: 100.0
		One align captures most of this contig: 431256 438270 | 1 7015 | 7015 7015 | 100.0 | Buchnera_aphidicola_Acyrthosiphon_pisum_ancestor k99_94_flag_0_multi_44.9712_len_7015

CONTIG: k99_78_flag_0_multi_50.6977_len_6011 (6011bp)
Top Length: 6011  Top ID: 100.0
		One align captures most of this contig: 238268 244278 | 6011 1 | 6011 6011 | 100.0 | Buchnera_aphidicola_Acyrthosiphon_pisum_0900 k99_78_flag_0_multi_50.6977_len_6011

CONTIG: k99_56_flag_0_multi_41.2493_len_1495 (1495bp)
Top Length: 1495  Top ID: 100.0
		One align captures most of this contig: 72733 74227 | 1495 1 | 1495 1495 | 100.0 | Buchnera_aphidicola_Acyrthosiphon_pisum_0900 k99_56_flag_0_multi_41.2493_len_1495

CONTIG: k99_92_flag_0_multi_43.1085_len_4246 (4246bp)
Top Length: 4246  Top ID: 100.0
		One align captures most of this contig: 381824 386069 | 1 4246 | 4246 4246 | 100.0 | Buchnera_aphidicola_Acyrthosiphon_pisum_ancestor k99_92_flag_0_multi_43.1085_len_4246

CONTIG: k99_25_flag_0_multi_45.8547_len_30815 (30815bp)
Top Length: 30815  Top ID: 100.0
		Marking as insignificant: 90023 90172 | 30666 30815 | 150 150 | 97.33 | Buchnera_aphidicola_Acyrthosiphon_pisum_ancestor k99_25_flag_0_multi_45.8547_len_30815
		Marking as insignificant: 175043 175393 | 351 1 | 351 351 | 95.44 | Buchnera_aphidicola_Acyrthosiphon_pisum_ancestor k99_25_flag_0_multi_45.8547_len_30815
		One align captures most of this contig: 416282 447096 | 30815 1 | 30815 30815 | 100.0 | Buchnera_aphidicola_Acyrthosiphon_pisum_0900 k99_25_flag_0_multi_45.8547_len_30815

CONTIG: k99_13_flag_0_multi_49.0871_len_1776 (1776bp)
Top Length: 1776  Top ID: 100.0
		Marking as insignificant: 446746 447096 | 351 1 | 351 351 | 95.44 | Buchnera_aphidicola_Acyrthosiphon_pisum_0900 k99_13_flag_0_multi_49.0871_len_1776
		One align captures most of this contig: 173618 175393 | 1776 1 | 1776 1776 | 100.0 | Buchnera_aphidicola_Acyrthosiphon_pisum_ancestor k99_13_flag_0_multi_49.0871_len_1776

CONTIG: k99_95_flag_0_multi_50.0830_len_10056 (10056bp)
Top Length: 10056  Top ID: 100.0
		One align captures most of this contig: 479086 489141 | 1 10056 | 10056 10056 | 100.0 | Buchnera_aphidicola_Acyrthosiphon_pisum_ancestor k99_95_flag_0_multi_50.0830_len_10056

CONTIG: k99_83_flag_0_multi_46.5745_len_58235 (58235bp)
Top Length: 58235  Top ID: 100.0
		One align captures most of this contig: 115480 173714 | 1 58235 | 58235 58235 | 100.0 | Buchnera_aphidicola_Acyrthosiphon_pisum_ancestor k99_83_flag_0_multi_46.5745_len_58235

CONTIG: k99_54_flag_0_multi_48.1533_len_5337 (5337bp)
Top Length: 5337  Top ID: 100.0
		One align captures most of this contig: 611619 616955 | 5337 1 | 5337 5337 | 100.0 | Buchnera_aphidicola_Acyrthosiphon_pisum_ancestor k99_54_flag_0_multi_48.1533_len_5337

CONTIG: k99_120_flag_0_multi_45.5044_len_8138 (8138bp)
Top Length: 8138  Top ID: 100.0
		One align captures most of this contig: 408238 416375 | 8138 1 | 8138 8138 | 100.0 | Buchnera_aphidicola_Acyrthosiphon_pisum_0900 k99_120_flag_0_multi_45.5044_len_8138

Analyzing coverage...
Writing SNPs into /vol/cami-scratch/Simpipeline/iTol_genomes/Buchnera_aphidicola_Acyrthosiphon_pisum_0900/quast_strain/combined_quast_output/contigs_reports/nucmer_output/final.contigs.used_snps
	Reference Buchnera_aphidicola_Acyrthosiphon_pisum_ancestor: 41 total alignments. 1 total regions.
		Region: 1 to 641799 (641799 bp)
			START in gap: 1 to 9 (8 bp)
			Align 1: 9 12770 k99_100_flag_0_multi_45.1002_len_12762 12762 1
				Negative gap (overlap) between this and next alignment: 12770 to 12674 (-96 bp)
				Next Alignment: 12674 13177 k99_97_flag_0_multi_46.1531_len_504 1 504

			Previous gap was negative, modifying coordinates to ignore overlap
				Moving contig start from 1 to 98.
			Align 2: 12771 13177 k99_97_flag_0_multi_46.1531_len_504 98 504
				Negative gap (overlap) between this and next alignment: 13177 to 13091 (-86 bp)
				Next Alignment: 13091 29601 k99_76_flag_0_multi_45.6194_len_16511 16511 1

			Previous gap was negative, modifying coordinates to ignore overlap
				Moving contig start from 16511 to 16424.
			Align 3: 13178 29601 k99_76_flag_0_multi_45.6194_len_16511 16424 1
				Negative gap (overlap) between this and next alignment: 29601 to 29503 (-98 bp)
				Next Alignment: 29503 34035 k99_74_flag_0_multi_49.0151_len_4533 1 4533

			Previous gap was negative, modifying coordinates to ignore overlap
				Moving contig start from 1 to 100.
			Align 4: 29602 34035 k99_74_flag_0_multi_49.0151_len_4533 100 4533
				Negative gap (overlap) between this and next alignment: 34035 to 33951 (-84 bp)
				Next Alignment: 33951 77252 k99_108_flag_0_multi_47.9926_len_43302 1 43302

			Previous gap was negative, modifying coordinates to ignore overlap
				Moving contig start from 1 to 86.
			Align 5: 34036 77252 k99_108_flag_0_multi_47.9926_len_43302 86 43302
				Negative gap (overlap) between this and next alignment: 77252 to 77181 (-71 bp)
				Next Alignment: 77181 90172 k99_22_flag_0_multi_49.2345_len_12992 1 12992

			Previous gap was negative, modifying coordinates to ignore overlap
				Moving contig start from 1 to 73.
			Align 6: 77253 90172 k99_22_flag_0_multi_49.2345_len_12992 73 12992
				Negative gap (overlap) between this and next alignment: 90172 to 90079 (-93 bp)
				Next Alignment: 90079 98159 k99_122_flag_0_multi_45.9982_len_8081 1 8081

			Previous gap was negative, modifying coordinates to ignore overlap
				Moving contig start from 1 to 95.
			Align 7: 90173 98159 k99_122_flag_0_multi_45.9982_len_8081 95 8081
				Negative gap (overlap) between this and next alignment: 98159 to 98061 (-98 bp)
				Next Alignment: 98061 111052 k99_19_flag_0_multi_45.7392_len_12992 1 12992

			Previous gap was negative, modifying coordinates to ignore overlap
				Moving contig start from 1 to 100.
			Align 8: 98160 111052 k99_19_flag_0_multi_45.7392_len_12992 100 12992
				Negative gap (overlap) between this and next alignment: 111052 to 111026 (-26 bp)
				Next Alignment: 111026 115576 k99_61_flag_0_multi_46.0946_len_4551 4551 1

			Previous gap was negative, modifying coordinates to ignore overlap
				Moving contig start from 4551 to 4524.
			Align 9: 111053 115576 k99_61_flag_0_multi_46.0946_len_4551 4524 1
				Negative gap (overlap) between this and next alignment: 115576 to 115480 (-96 bp)
				Next Alignment: 115480 173714 k99_83_flag_0_multi_46.5745_len_58235 1 58235

			Previous gap was negative, modifying coordinates to ignore overlap
				Moving contig start from 1 to 98.
			Align 10: 115577 173714 k99_83_flag_0_multi_46.5745_len_58235 98 58235
				Negative gap (overlap) between this and next alignment: 173714 to 173618 (-96 bp)
				Next Alignment: 173618 175393 k99_13_flag_0_multi_49.0871_len_1776 1776 1

			Previous gap was negative, modifying coordinates to ignore overlap
				Moving contig start from 1776 to 1679.
			Align 11: 173715 175393 k99_13_flag_0_multi_49.0871_len_1776 1679 1
				Negative gap (overlap) between this and next alignment: 175393 to 175302 (-91 bp)
				Next Alignment: 175302 227766 k99_87_flag_0_multi_46.7583_len_52465 52465 1

			Previous gap was negative, modifying coordinates to ignore overlap
				Moving contig start from 52465 to 52373.
			Align 12: 175394 227766 k99_87_flag_0_multi_46.7583_len_52465 52373 1
				Gap between this and next alignment: 227766 to 227898 (131 bp)
				Next Alignment: 227898 236401 k99_64_flag_0_multi_51.0332_len_8504 8504 1

			Align 13: 227898 236401 k99_64_flag_0_multi_51.0332_len_8504 8504 1
				Negative gap (overlap) between this and next alignment: 236401 to 236305 (-96 bp)
				Next Alignment: 236305 254025 k99_91_flag_0_multi_46.0508_len_17721 17721 1

			Previous gap was negative, modifying coordinates to ignore overlap
				Moving contig start from 17721 to 17624.
			Align 14: 236402 254025 k99_91_flag_0_multi_46.0508_len_17721 17624 1
				Negative gap (overlap) between this and next alignment: 254025 to 253928 (-97 bp)
				Next Alignment: 253928 263233 k99_55_flag_0_multi_47.0683_len_9306 9306 1

			Previous gap was negative, modifying coordinates to ignore overlap
				Moving contig start from 9306 to 9208.
			Align 15: 254026 263233 k99_55_flag_0_multi_47.0683_len_9306 9208 1
				Negative gap (overlap) between this and next alignment: 263233 to 263147 (-86 bp)
				Next Alignment: 263147 264901 k99_103_flag_0_multi_49.0797_len_1755 1 1755

			Previous gap was negative, modifying coordinates to ignore overlap
				Moving contig start from 1 to 88.
			Align 16: 263234 264901 k99_103_flag_0_multi_49.0797_len_1755 88 1755
				Negative gap (overlap) between this and next alignment: 264901 to 264816 (-85 bp)
				Next Alignment: 264816 273436 k99_23_flag_0_multi_50.1669_len_8621 1 8621

			Previous gap was negative, modifying coordinates to ignore overlap
				Moving contig start from 1 to 87.
			Align 17: 264902 273436 k99_23_flag_0_multi_50.1669_len_8621 87 8621
				Negative gap (overlap) between this and next alignment: 273436 to 273343 (-93 bp)
				Next Alignment: 273343 275537 k99_121_flag_0_multi_45.2257_len_2195 1 2195

			Previous gap was negative, modifying coordinates to ignore overlap
				Moving contig start from 1 to 95.
			Align 18: 273437 275537 k99_121_flag_0_multi_45.2257_len_2195 95 2195
				Negative gap (overlap) between this and next alignment: 275537 to 275449 (-88 bp)
				Next Alignment: 275449 320484 k99_59_flag_0_multi_47.1921_len_45036 45036 1

			Previous gap was negative, modifying coordinates to ignore overlap
				Moving contig start from 45036 to 44947.
			Align 19: 275538 320484 k99_59_flag_0_multi_47.1921_len_45036 44947 1
				Negative gap (overlap) between this and next alignment: 320484 to 320418 (-66 bp)
				Next Alignment: 320418 337865 k99_114_flag_0_multi_45.3816_len_17448 17448 1

			Previous gap was negative, modifying coordinates to ignore overlap
				Moving contig start from 17448 to 17381.
			Align 20: 320485 337865 k99_114_flag_0_multi_45.3816_len_17448 17381 1
				Negative gap (overlap) between this and next alignment: 337865 to 337772 (-93 bp)
				Next Alignment: 337772 357585 k99_116_flag_0_multi_45.9466_len_19814 19814 1

			Previous gap was negative, modifying coordinates to ignore overlap
				Moving contig start from 19814 to 19720.
			Align 21: 337866 357585 k99_116_flag_0_multi_45.9466_len_19814 19720 1
				Negative gap (overlap) between this and next alignment: 357585 to 357488 (-97 bp)
				Next Alignment: 357488 363498 k99_31_flag_0_multi_45.1416_len_6011 6011 1

			Previous gap was negative, modifying coordinates to ignore overlap
				Moving contig start from 6011 to 5913.
			Align 22: 357586 363498 k99_31_flag_0_multi_45.1416_len_6011 5913 1
				Negative gap (overlap) between this and next alignment: 363498 to 363460 (-38 bp)
				Next Alignment: 363460 381900 k99_42_flag_0_multi_46.5922_len_18441 1 18441

			Previous gap was negative, modifying coordinates to ignore overlap
				Moving contig start from 1 to 40.
			Align 23: 363499 381900 k99_42_flag_0_multi_46.5922_len_18441 40 18441
				Negative gap (overlap) between this and next alignment: 381900 to 381824 (-76 bp)
				Next Alignment: 381824 386069 k99_92_flag_0_multi_43.1085_len_4246 1 4246

			Previous gap was negative, modifying coordinates to ignore overlap
				Moving contig start from 1 to 78.
			Align 24: 381901 386069 k99_92_flag_0_multi_43.1085_len_4246 78 4246
				Negative gap (overlap) between this and next alignment: 386069 to 385999 (-70 bp)
				Next Alignment: 385999 431333 k99_118_flag_0_multi_47.8590_len_45335 1 45335

			Previous gap was negative, modifying coordinates to ignore overlap
				Moving contig start from 1 to 72.
			Align 25: 386070 431333 k99_118_flag_0_multi_47.8590_len_45335 72 45335
				Negative gap (overlap) between this and next alignment: 431333 to 431256 (-77 bp)
				Next Alignment: 431256 438270 k99_94_flag_0_multi_44.9712_len_7015 1 7015

			Previous gap was negative, modifying coordinates to ignore overlap
				Moving contig start from 1 to 79.
			Align 26: 431334 438270 k99_94_flag_0_multi_44.9712_len_7015 79 7015
				Negative gap (overlap) between this and next alignment: 438270 to 438175 (-95 bp)
				Next Alignment: 438175 461602 k99_112_flag_0_multi_45.9466_len_23428 23428 1

			Previous gap was negative, modifying coordinates to ignore overlap
				Moving contig start from 23428 to 23332.
			Align 27: 438271 461602 k99_112_flag_0_multi_45.9466_len_23428 23332 1
				Negative gap (overlap) between this and next alignment: 461602 to 461519 (-83 bp)
				Next Alignment: 461519 473875 k99_50_flag_0_multi_49.0769_len_12357 12357 1

			Previous gap was negative, modifying coordinates to ignore overlap
				Moving contig start from 12357 to 12273.
			Align 28: 461603 473875 k99_50_flag_0_multi_49.0769_len_12357 12273 1
				Negative gap (overlap) between this and next alignment: 473875 to 473786 (-89 bp)
				Next Alignment: 473786 474983 k99_53_flag_0_multi_39.1265_len_1198 1 1198

			Previous gap was negative, modifying coordinates to ignore overlap
				Moving contig start from 1 to 91.
			Align 29: 473876 474983 k99_53_flag_0_multi_39.1265_len_1198 91 1198
				Negative gap (overlap) between this and next alignment: 474983 to 474941 (-42 bp)
				Next Alignment: 474941 479183 k99_10_flag_0_multi_41.1062_len_4243 1 4243

			Previous gap was negative, modifying coordinates to ignore overlap
				Moving contig start from 1 to 44.
			Align 30: 474984 479183 k99_10_flag_0_multi_41.1062_len_4243 44 4243
				Negative gap (overlap) between this and next alignment: 479183 to 479086 (-97 bp)
				Next Alignment: 479086 489141 k99_95_flag_0_multi_50.0830_len_10056 1 10056

			Previous gap was negative, modifying coordinates to ignore overlap
				Moving contig start from 1 to 99.
			Align 31: 479184 489141 k99_95_flag_0_multi_50.0830_len_10056 99 10056
				Negative gap (overlap) between this and next alignment: 489141 to 489044 (-97 bp)
				Next Alignment: 489044 494521 k99_12_flag_0_multi_46.7596_len_5478 1 5478

			Previous gap was negative, modifying coordinates to ignore overlap
				Moving contig start from 1 to 99.
			Align 32: 489142 494521 k99_12_flag_0_multi_46.7596_len_5478 99 5478
				Negative gap (overlap) between this and next alignment: 494521 to 494425 (-96 bp)
				Next Alignment: 494425 500106 k99_89_flag_0_multi_49.1354_len_5682 1 5682

			Previous gap was negative, modifying coordinates to ignore overlap
				Moving contig start from 1 to 98.
			Align 33: 494522 500106 k99_89_flag_0_multi_49.1354_len_5682 98 5682
				Negative gap (overlap) between this and next alignment: 500106 to 500035 (-71 bp)
				Next Alignment: 500035 523486 k99_20_flag_0_multi_47.0179_len_23452 23452 1

			Previous gap was negative, modifying coordinates to ignore overlap
				Moving contig start from 23452 to 23380.
			Align 34: 500107 523486 k99_20_flag_0_multi_47.0179_len_23452 23380 1
				Negative gap (overlap) between this and next alignment: 523486 to 523392 (-94 bp)
				Next Alignment: 523392 524886 k99_57_flag_0_multi_48.1511_len_1495 1495 1

			Previous gap was negative, modifying coordinates to ignore overlap
				Moving contig start from 1495 to 1400.
			Align 35: 523487 524886 k99_57_flag_0_multi_48.1511_len_1495 1400 1
				Negative gap (overlap) between this and next alignment: 524886 to 524818 (-68 bp)
				Next Alignment: 524818 585366 k99_117_flag_0_multi_46.1880_len_60549 60549 1

			Previous gap was negative, modifying coordinates to ignore overlap
				Moving contig start from 60549 to 60480.
			Align 36: 524887 585366 k99_117_flag_0_multi_46.1880_len_60549 60480 1
				Negative gap (overlap) between this and next alignment: 585366 to 585289 (-77 bp)
				Next Alignment: 585289 592986 k99_72_flag_0_multi_47.4620_len_7698 7698 1

			Previous gap was negative, modifying coordinates to ignore overlap
				Moving contig start from 7698 to 7620.
			Align 37: 585367 592986 k99_72_flag_0_multi_47.4620_len_7698 7620 1
				Negative gap (overlap) between this and next alignment: 592986 to 592895 (-91 bp)
				Next Alignment: 592895 611682 k99_75_flag_0_multi_47.5475_len_18788 1 18788

			Previous gap was negative, modifying coordinates to ignore overlap
				Moving contig start from 1 to 93.
			Align 38: 592987 611682 k99_75_flag_0_multi_47.5475_len_18788 93 18788
				Negative gap (overlap) between this and next alignment: 611682 to 611619 (-63 bp)
				Next Alignment: 611619 616955 k99_54_flag_0_multi_48.1533_len_5337 5337 1

			Previous gap was negative, modifying coordinates to ignore overlap
				Moving contig start from 5337 to 5273.
			Align 39: 611683 616955 k99_54_flag_0_multi_48.1533_len_5337 5273 1
				Negative gap (overlap) between this and next alignment: 616955 to 616889 (-66 bp)
				Next Alignment: 616889 633409 k99_80_flag_0_multi_46.9242_len_16521 1 16521

			Previous gap was negative, modifying coordinates to ignore overlap
				Moving contig start from 1 to 68.
			Align 40: 616956 633409 k99_80_flag_0_multi_46.9242_len_16521 68 16521
				Negative gap (overlap) between this and next alignment: 633409 to 633321 (-88 bp)
				Next Alignment: 633321 641787 k99_71_flag_0_multi_48.8173_len_8467 1 8467

			Previous gap was negative, modifying coordinates to ignore overlap
				Moving contig start from 1 to 90.
			Align 41: 633410 641787 k99_71_flag_0_multi_48.8173_len_8467 90 8467
			END in gap: 641787 to 641799 (12 bp)

	Reference Buchnera_aphidicola_Acyrthosiphon_pisum_0900: 42 total alignments. 1 total regions.
		Region: 1 to 641799 (641799 bp)
			START in gap: 1 to 2 (1 bp)
			Align 1: 2 12770 k99_37_flag_0_multi_45.3911_len_12769 12769 1
				Negative gap (overlap) between this and next alignment: 12770 to 12674 (-96 bp)
				Next Alignment: 12674 13177 k99_99_flag_0_multi_35.6889_len_504 1 504

			Previous gap was negative, modifying coordinates to ignore overlap
				Moving contig start from 1 to 98.
			Align 2: 12771 13177 k99_99_flag_0_multi_35.6889_len_504 98 504
				Negative gap (overlap) between this and next alignment: 13177 to 13091 (-86 bp)
				Next Alignment: 13091 64958 k99_106_flag_0_multi_46.7499_len_51868 51868 1

			Previous gap was negative, modifying coordinates to ignore overlap
				Moving contig start from 51868 to 51781.
			Align 3: 13178 64958 k99_106_flag_0_multi_46.7499_len_51868 51781 1
				Negative gap (overlap) between this and next alignment: 64958 to 64887 (-71 bp)
				Next Alignment: 64887 72827 k99_41_flag_0_multi_49.0482_len_7941 7941 1

			Previous gap was negative, modifying coordinates to ignore overlap
				Moving contig start from 7941 to 7869.
			Align 4: 64959 72827 k99_41_flag_0_multi_49.0482_len_7941 7869 1
				Negative gap (overlap) between this and next alignment: 72827 to 72733 (-94 bp)
				Next Alignment: 72733 74227 k99_56_flag_0_multi_41.2493_len_1495 1495 1

			Previous gap was negative, modifying coordinates to ignore overlap
				Moving contig start from 1495 to 1400.
			Align 5: 72828 74227 k99_56_flag_0_multi_41.2493_len_1495 1400 1
				Negative gap (overlap) between this and next alignment: 74227 to 74159 (-68 bp)
				Next Alignment: 74159 113867 k99_111_flag_0_multi_46.7717_len_39709 39709 1

			Previous gap was negative, modifying coordinates to ignore overlap
				Moving contig start from 39709 to 39640.
			Align 6: 74228 113867 k99_111_flag_0_multi_46.7717_len_39709 39640 1
				Negative gap (overlap) between this and next alignment: 113867 to 113804 (-63 bp)
				Next Alignment: 113804 119140 k99_68_flag_0_multi_52.1386_len_5337 5337 1

			Previous gap was negative, modifying coordinates to ignore overlap
				Moving contig start from 5337 to 5273.
			Align 7: 113868 119140 k99_68_flag_0_multi_52.1386_len_5337 5273 1
				Negative gap (overlap) between this and next alignment: 119140 to 119074 (-66 bp)
				Next Alignment: 119074 143266 k99_34_flag_0_multi_45.6784_len_24193 24193 1

			Previous gap was negative, modifying coordinates to ignore overlap
				Moving contig start from 24193 to 24126.
			Align 8: 119141 143266 k99_34_flag_0_multi_45.6784_len_24193 24126 1
				Negative gap (overlap) between this and next alignment: 143266 to 143175 (-91 bp)
				Next Alignment: 143175 150872 k99_49_flag_0_multi_45.7576_len_7698 1 7698

			Previous gap was negative, modifying coordinates to ignore overlap
				Moving contig start from 1 to 93.
			Align 9: 143267 150872 k99_49_flag_0_multi_45.7576_len_7698 93 7698
				Negative gap (overlap) between this and next alignment: 150872 to 150795 (-77 bp)
				Next Alignment: 150795 155524 k99_11_flag_0_multi_48.6061_len_4730 4730 1

			Previous gap was negative, modifying coordinates to ignore overlap
				Moving contig start from 4730 to 4652.
			Align 10: 150873 155524 k99_11_flag_0_multi_48.6061_len_4730 4652 1
				Negative gap (overlap) between this and next alignment: 155524 to 155428 (-96 bp)
				Next Alignment: 155428 159695 k99_123_flag_0_multi_46.1053_len_4268 1 4268

			Previous gap was negative, modifying coordinates to ignore overlap
				Moving contig start from 1 to 98.
			Align 11: 155525 159695 k99_123_flag_0_multi_46.1053_len_4268 98 4268
				Negative gap (overlap) between this and next alignment: 159695 to 159598 (-97 bp)
				Next Alignment: 159598 169653 k99_39_flag_0_multi_48.0416_len_10056 1 10056

			Previous gap was negative, modifying coordinates to ignore overlap
				Moving contig start from 1 to 99.
			Align 12: 159696 169653 k99_39_flag_0_multi_48.0416_len_10056 99 10056
				Negative gap (overlap) between this and next alignment: 169653 to 169556 (-97 bp)
				Next Alignment: 169556 191341 k99_27_flag_0_multi_46.9999_len_21786 1 21786

			Previous gap was negative, modifying coordinates to ignore overlap
				Moving contig start from 1 to 99.
			Align 13: 169654 191341 k99_27_flag_0_multi_46.9999_len_21786 99 21786
				Negative gap (overlap) between this and next alignment: 191341 to 191243 (-98 bp)
				Next Alignment: 191243 196857 k99_44_flag_0_multi_44.9007_len_5615 1 5615

			Previous gap was negative, modifying coordinates to ignore overlap
				Moving contig start from 1 to 100.
			Align 14: 191342 196857 k99_44_flag_0_multi_44.9007_len_5615 100 5615
				Negative gap (overlap) between this and next alignment: 196857 to 196791 (-66 bp)
				Next Alignment: 196791 218645 k99_67_flag_0_multi_47.6195_len_21855 21855 1

			Previous gap was negative, modifying coordinates to ignore overlap
				Moving contig start from 21855 to 21788.
			Align 15: 196858 218645 k99_67_flag_0_multi_47.6195_len_21855 21788 1
				Negative gap (overlap) between this and next alignment: 218645 to 218552 (-93 bp)
				Next Alignment: 218552 238365 k99_69_flag_0_multi_48.0877_len_19814 19814 1

			Previous gap was negative, modifying coordinates to ignore overlap
				Moving contig start from 19814 to 19720.
			Align 16: 218646 238365 k99_69_flag_0_multi_48.0877_len_19814 19720 1
				Negative gap (overlap) between this and next alignment: 238365 to 238268 (-97 bp)
				Next Alignment: 238268 244278 k99_78_flag_0_multi_50.6977_len_6011 6011 1

			Previous gap was negative, modifying coordinates to ignore overlap
				Moving contig start from 6011 to 5913.
			Align 17: 238366 244278 k99_78_flag_0_multi_50.6977_len_6011 5913 1
				Negative gap (overlap) between this and next alignment: 244278 to 244240 (-38 bp)
				Next Alignment: 244240 262680 k99_28_flag_0_multi_45.6834_len_18441 1 18441

			Previous gap was negative, modifying coordinates to ignore overlap
				Moving contig start from 1 to 40.
			Align 18: 244279 262680 k99_28_flag_0_multi_45.6834_len_18441 40 18441
				Negative gap (overlap) between this and next alignment: 262680 to 262604 (-76 bp)
				Next Alignment: 262604 266849 k99_90_flag_0_multi_49.0825_len_4246 1 4246

			Previous gap was negative, modifying coordinates to ignore overlap
				Moving contig start from 1 to 78.
			Align 19: 262681 266849 k99_90_flag_0_multi_49.0825_len_4246 78 4246
				Negative gap (overlap) between this and next alignment: 266849 to 266779 (-70 bp)
				Next Alignment: 266779 281178 k99_82_flag_0_multi_47.8240_len_14400 14400 1

			Previous gap was negative, modifying coordinates to ignore overlap
				Moving contig start from 14400 to 14329.
			Align 20: 266850 281178 k99_82_flag_0_multi_47.8240_len_14400 14329 1
				Negative gap (overlap) between this and next alignment: 281178 to 281125 (-53 bp)
				Next Alignment: 281125 307461 k99_52_flag_0_multi_47.1244_len_26337 1 26337

			Previous gap was negative, modifying coordinates to ignore overlap
				Moving contig start from 1 to 55.
			Align 21: 281179 307461 k99_52_flag_0_multi_47.1244_len_26337 55 26337
				Negative gap (overlap) between this and next alignment: 307461 to 307372 (-89 bp)
				Next Alignment: 307372 318966 k99_79_flag_0_multi_45.0344_len_11595 1 11595

			Previous gap was negative, modifying coordinates to ignore overlap
				Moving contig start from 1 to 91.
			Align 22: 307462 318966 k99_79_flag_0_multi_45.0344_len_11595 91 11595
				Negative gap (overlap) between this and next alignment: 318966 to 318871 (-95 bp)
				Next Alignment: 318871 325885 k99_51_flag_0_multi_48.7995_len_7015 7015 1

			Previous gap was negative, modifying coordinates to ignore overlap
				Moving contig start from 7015 to 6919.
			Align 23: 318967 325885 k99_51_flag_0_multi_48.7995_len_7015 6919 1
				Negative gap (overlap) between this and next alignment: 325885 to 325808 (-77 bp)
				Next Alignment: 325808 342816 k99_18_flag_0_multi_48.5415_len_17009 1 17009

			Previous gap was negative, modifying coordinates to ignore overlap
				Moving contig start from 1 to 79.
			Align 24: 325886 342816 k99_18_flag_0_multi_48.5415_len_17009 79 17009
				Negative gap (overlap) between this and next alignment: 342816 to 342733 (-83 bp)
				Next Alignment: 342733 375800 k99_45_flag_0_multi_46.4841_len_33068 1 33068

			Previous gap was negative, modifying coordinates to ignore overlap
				Moving contig start from 1 to 85.
			Align 25: 342817 375800 k99_45_flag_0_multi_46.4841_len_33068 85 33068
				Negative gap (overlap) between this and next alignment: 375800 to 375707 (-93 bp)
				Next Alignment: 375707 377901 k99_115_flag_0_multi_47.2013_len_2195 1 2195

			Previous gap was negative, modifying coordinates to ignore overlap
				Moving contig start from 1 to 95.
			Align 26: 375801 377901 k99_115_flag_0_multi_47.2013_len_2195 95 2195
				Negative gap (overlap) between this and next alignment: 377901 to 377813 (-88 bp)
				Next Alignment: 377813 395428 k99_33_flag_0_multi_46.9047_len_17616 17616 1

			Previous gap was negative, modifying coordinates to ignore overlap
				Moving contig start from 17616 to 17527.
			Align 27: 377902 395428 k99_33_flag_0_multi_46.9047_len_17616 17527 1
				Negative gap (overlap) between this and next alignment: 395428 to 395402 (-26 bp)
				Next Alignment: 395402 408336 k99_15_flag_0_multi_48.6814_len_12935 12935 1

			Previous gap was negative, modifying coordinates to ignore overlap
				Moving contig start from 12935 to 12908.
			Align 28: 395429 408336 k99_15_flag_0_multi_48.6814_len_12935 12908 1
				Negative gap (overlap) between this and next alignment: 408336 to 408238 (-98 bp)
				Next Alignment: 408238 416375 k99_120_flag_0_multi_45.5044_len_8138 8138 1

			Previous gap was negative, modifying coordinates to ignore overlap
				Moving contig start from 8138 to 8039.
			Align 29: 408337 416375 k99_120_flag_0_multi_45.5044_len_8138 8039 1
				Negative gap (overlap) between this and next alignment: 416375 to 416282 (-93 bp)
				Next Alignment: 416282 447096 k99_25_flag_0_multi_45.8547_len_30815 30815 1

			Previous gap was negative, modifying coordinates to ignore overlap
				Moving contig start from 30815 to 30721.
			Align 30: 416376 447096 k99_25_flag_0_multi_45.8547_len_30815 30721 1
				Negative gap (overlap) between this and next alignment: 447096 to 447005 (-91 bp)
				Next Alignment: 447005 466026 k99_119_flag_0_multi_47.8749_len_19022 1 19022

			Previous gap was negative, modifying coordinates to ignore overlap
				Moving contig start from 1 to 93.
			Align 31: 447097 466026 k99_119_flag_0_multi_47.8749_len_19022 93 19022
				Negative gap (overlap) between this and next alignment: 466026 to 465930 (-96 bp)
				Next Alignment: 465930 507878 k99_29_flag_0_multi_48.1398_len_41949 41949 1

			Previous gap was negative, modifying coordinates to ignore overlap
				Moving contig start from 41949 to 41852.
			Align 32: 466027 507878 k99_29_flag_0_multi_48.1398_len_41949 41852 1
				Negative gap (overlap) between this and next alignment: 507878 to 507782 (-96 bp)
				Next Alignment: 507782 532693 k99_36_flag_0_multi_47.0273_len_24912 1 24912

			Previous gap was negative, modifying coordinates to ignore overlap
				Moving contig start from 1 to 98.
			Align 33: 507879 532693 k99_36_flag_0_multi_47.0273_len_24912 98 24912
				Gap between this and next alignment: 532693 to 532825 (131 bp)
				Next Alignment: 532825 541328 k99_70_flag_0_multi_48.0400_len_8504 8504 1

			Align 34: 532825 541328 k99_70_flag_0_multi_48.0400_len_8504 8504 1
				Negative gap (overlap) between this and next alignment: 541328 to 541232 (-96 bp)
				Next Alignment: 541232 565012 k99_88_flag_0_multi_47.1564_len_23781 1 23781

			Previous gap was negative, modifying coordinates to ignore overlap
				Moving contig start from 1 to 98.
			Align 35: 541329 565012 k99_88_flag_0_multi_47.1564_len_23781 98 23781
				Negative gap (overlap) between this and next alignment: 565012 to 564941 (-71 bp)
				Next Alignment: 564941 567966 k99_113_flag_0_multi_46.1698_len_3026 3026 1

			Previous gap was negative, modifying coordinates to ignore overlap
				Moving contig start from 3026 to 2954.
			Align 36: 565013 567966 k99_113_flag_0_multi_46.1698_len_3026 2954 1
				Negative gap (overlap) between this and next alignment: 567966 to 567881 (-85 bp)
				Next Alignment: 567881 569635 k99_98_flag_0_multi_47.1021_len_1755 1755 1

			Previous gap was negative, modifying coordinates to ignore overlap
				Moving contig start from 1755 to 1669.
			Align 37: 567967 569635 k99_98_flag_0_multi_47.1021_len_1755 1669 1
				Negative gap (overlap) between this and next alignment: 569635 to 569549 (-86 bp)
				Next Alignment: 569549 579405 k99_14_flag_0_multi_44.3940_len_9857 1 9857

			Previous gap was negative, modifying coordinates to ignore overlap
				Moving contig start from 1 to 88.
			Align 38: 569636 579405 k99_14_flag_0_multi_44.3940_len_9857 88 9857
				Negative gap (overlap) between this and next alignment: 579405 to 579321 (-84 bp)
				Next Alignment: 579321 583853 k99_65_flag_0_multi_47.0235_len_4533 4533 1

			Previous gap was negative, modifying coordinates to ignore overlap
				Moving contig start from 4533 to 4448.
			Align 39: 579406 583853 k99_65_flag_0_multi_47.0235_len_4533 4448 1
				Negative gap (overlap) between this and next alignment: 583853 to 583755 (-98 bp)
				Next Alignment: 583755 600157 k99_21_flag_0_multi_48.0865_len_16403 16403 1

			Previous gap was negative, modifying coordinates to ignore overlap
				Moving contig start from 16403 to 16304.
			Align 40: 583854 600157 k99_21_flag_0_multi_48.0865_len_16403 16304 1
				Negative gap (overlap) between this and next alignment: 600157 to 600060 (-97 bp)
				Next Alignment: 600060 633409 k99_84_flag_0_multi_46.9205_len_33350 33350 1

			Previous gap was negative, modifying coordinates to ignore overlap
				Moving contig start from 33350 to 33252.
			Align 41: 600158 633409 k99_84_flag_0_multi_46.9205_len_33350 33252 1
				Negative gap (overlap) between this and next alignment: 633409 to 633321 (-88 bp)
				Next Alignment: 633321 641798 k99_17_flag_0_multi_47.0637_len_8478 8478 1

			Previous gap was negative, modifying coordinates to ignore overlap
				Moving contig start from 8478 to 8389.
			Align 42: 633410 641798 k99_17_flag_0_multi_47.0637_len_8478 8389 1
			END in gap: 641798 to 641799 (1 bp)

Analysis is finished!
Founded SNPs were written into /vol/cami-scratch/Simpipeline/iTol_genomes/Buchnera_aphidicola_Acyrthosiphon_pisum_0900/quast_strain/combined_quast_output/contigs_reports/nucmer_output/final.contigs.used_snps

Results:
	Local Misassemblies: 0
	Misassemblies: 0
		Relocations: 0
		Translocations: 0
		Interspecies translocations: 0
		Inversions: 0
	Potentially Misassembled Contigs (i/s translocations): 0
	Misassembled Contigs: 0
	Misassembled Contig Bases: 0
	Misassemblies Inter-Contig Overlap: 0
Uncovered Regions: 0 (0)
Unaligned Contigs: 0 + 0 part
Partially Unaligned Contigs with Misassemblies: 0
Unaligned Contig Bases: 0

Ambiguously Mapped Contigs: 0
Total Bases in Ambiguously Mapped Contigs: 0
Note that --allow-ambiguity option was set to "one" and only first alignment per each contig was used.

	Covered Bases: 1283314

	SNPs: 3
	Insertions: 0
	Deletions: 0

	Positive Gaps: 6
		Internal Gaps:  0
		External Gaps:  6
		External Gap Total:  284
		External Gap Average: 47
	Negative Gaps: 79
		Internal Overlaps:  0
		External Overlaps:  79
		External Overlaps Total: -6537
		External Overlaps Average: -83
	Contigs with Redundant Alignments: 0 (0)
