Aligning contigs to reference...
	Running Nucmer
Parsing coords...
Loading reference...
	Loaded [Ecoli_0955_Taxon012_]
Loading SNPs...
Loading regions...
	No regions given, using whole reference.
	Total Regions: 1
	Total Region Length: 4641652
Analyzing contigs...
CONTIG: NODE_1_length_475325_cov_50.4472_ID_435323 (475325bp)
Top Length: 475325  Top ID: 99.14
		Marking as insignificant: 1467910 1468328 | 403565 403147 | 419 419 | 96.42 | Ecoli_0955_Taxon012_ NODE_1_length_475325_cov_50.4472_ID_435323
		Marking as insignificant: 2066312 2067013 | 402863 403564 | 702 702 | 96.15 | Ecoli_0955_Taxon012_ NODE_1_length_475325_cov_50.4472_ID_435323
		Marking as insignificant: 4462856 4463560 | 403566 402862 | 705 705 | 96.17 | Ecoli_0955_Taxon012_ NODE_1_length_475325_cov_50.4472_ID_435323
		Marking as insignificant: 3220324 3221028 | 402861 403565 | 705 705 | 96.31 | Ecoli_0955_Taxon012_ NODE_1_length_475325_cov_50.4472_ID_435323
		Marking as insignificant: 381885 382590 | 402860 403565 | 706 706 | 96.32 | Ecoli_0955_Taxon012_ NODE_1_length_475325_cov_50.4472_ID_435323
		Marking as insignificant: 3080746 3081451 | 403565 402860 | 706 706 | 98.02 | Ecoli_0955_Taxon012_ NODE_1_length_475325_cov_50.4472_ID_435323
		Marking as insignificant: 1434035 1434768 | 385278 384545 | 734 734 | 96.59 | Ecoli_0955_Taxon012_ NODE_1_length_475325_cov_50.4472_ID_435323
		Marking as insignificant: 324565 325682 | 14189 13072 | 1118 1118 | 95.44 | Ecoli_0955_Taxon012_ NODE_1_length_475325_cov_50.4472_ID_435323
		Marking as insignificant: 391846 392968 | 14189 13067 | 1123 1123 | 95.81 | Ecoli_0955_Taxon012_ NODE_1_length_475325_cov_50.4472_ID_435323
		Marking as insignificant: 462855 463976 | 14188 13067 | 1122 1122 | 96.43 | Ecoli_0955_Taxon012_ NODE_1_length_475325_cov_50.4472_ID_435323
		Marking as insignificant: 1282300 1283421 | 14189 13068 | 1122 1122 | 97.15 | Ecoli_0955_Taxon012_ NODE_1_length_475325_cov_50.4472_ID_435323
		Marking as insignificant: 1432208 1434034 | 392217 394043 | 1827 1827 | 95.4 | Ecoli_0955_Taxon012_ NODE_1_length_475325_cov_50.4472_ID_435323
		One align captures most of this contig: 1589045 2064369 | 475325 1 | 475325 475325 | 99.14 | Ecoli_0955_Taxon012_ NODE_1_length_475325_cov_50.4472_ID_435323

CONTIG: NODE_2_length_392596_cov_49.5446_ID_435325 (392596bp)
Top Length: 392596  Top ID: 99.09
		One align captures most of this contig: 886698 1279293 | 392596 1 | 392596 392596 | 99.09 | Ecoli_0955_Taxon012_ NODE_2_length_392596_cov_49.5446_ID_435325

CONTIG: NODE_4_length_329762_cov_49.1018_ID_435329 (329762bp)
Top Length: 329762  Top ID: 99.18
		One align captures most of this contig: 2704041 3033802 | 329762 1 | 329762 329762 | 99.18 | Ecoli_0955_Taxon012_ NODE_4_length_329762_cov_49.1018_ID_435329

CONTIG: NODE_7_length_241323_cov_51.2863_ID_435335 (241323bp)
Top Length: 241323  Top ID: 99.01
		Marking as insignificant: 324428 324565 | 24411 24274 | 138 138 | 98.55 | Ecoli_0955_Taxon012_ NODE_7_length_241323_cov_51.2863_ID_435335
		Marking as insignificant: 608007 609361 | 121062 122416 | 1355 1355 | 96.46 | Ecoli_0955_Taxon012_ NODE_7_length_241323_cov_51.2863_ID_435335
		Marking as insignificant: 15377 16741 | 121052 122416 | 1365 1365 | 95.82 | Ecoli_0955_Taxon012_ NODE_7_length_241323_cov_51.2863_ID_435335
		One align captures most of this contig: 2419996 2661316 | 1 241323 | 241321 241323 | 99.01 | Ecoli_0955_Taxon012_ NODE_7_length_241323_cov_51.2863_ID_435335

CONTIG: NODE_8_length_240170_cov_52.0255_ID_435337 (240170bp)
Top Length: 240170  Top ID: 99.17
		Marking as insignificant: 280019 280128 | 112629 112521 | 110 109 | 96.36 | Ecoli_0955_Taxon012_ NODE_8_length_240170_cov_52.0255_ID_435337
		Marking as insignificant: 1660807 1661510 | 178617 177914 | 704 704 | 96.45 | Ecoli_0955_Taxon012_ NODE_8_length_240170_cov_52.0255_ID_435337
		Marking as insignificant: 270524 271669 | 113774 112629 | 1146 1146 | 95.55 | Ecoli_0955_Taxon012_ NODE_8_length_240170_cov_52.0255_ID_435337
		Marking as insignificant: 1469295 1470516 | 113758 112537 | 1222 1222 | 96.89 | Ecoli_0955_Taxon012_ NODE_8_length_240170_cov_52.0255_ID_435337
		Marking as insignificant: 2065684 2067013 | 177289 178618 | 1330 1330 | 95.79 | Ecoli_0955_Taxon012_ NODE_8_length_240170_cov_52.0255_ID_435337
		Marking as insignificant: 1467910 1469240 | 178619 177289 | 1331 1331 | 95.72 | Ecoli_0955_Taxon012_ NODE_8_length_240170_cov_52.0255_ID_435337
		Marking as insignificant: 381260 382590 | 177289 178619 | 1331 1331 | 96.47 | Ecoli_0955_Taxon012_ NODE_8_length_240170_cov_52.0255_ID_435337
		Marking as insignificant: 3219698 3221028 | 177289 178619 | 1331 1331 | 96.62 | Ecoli_0955_Taxon012_ NODE_8_length_240170_cov_52.0255_ID_435337
		Marking as insignificant: 3080746 3082076 | 178619 177289 | 1331 1331 | 97.3 | Ecoli_0955_Taxon012_ NODE_8_length_240170_cov_52.0255_ID_435337
		One align captures most of this contig: 4401306 4641475 | 240170 1 | 240170 240170 | 99.17 | Ecoli_0955_Taxon012_ NODE_8_length_240170_cov_52.0255_ID_435337

CONTIG: NODE_9_length_227845_cov_50.7273_ID_435339 (227845bp)
Top Length: 227762  Top ID: 99.16
		Marking as insignificant: 2189642 2189725 | 1 84 | 84 84 | 98.81 | Ecoli_0955_Taxon012_ NODE_9_length_227845_cov_50.7273_ID_435339
		One align captures most of this contig: 2189838 2417599 | 84 227845 | 227762 227762 | 99.16 | Ecoli_0955_Taxon012_ NODE_9_length_227845_cov_50.7273_ID_435339

CONTIG: NODE_12_length_203564_cov_48.4799_ID_435345 (203564bp)
Top Length: 203562  Top ID: 99.17
		One align captures most of this contig: 20116 223677 | 203564 3 | 203562 203562 | 99.17 | Ecoli_0955_Taxon012_ NODE_12_length_203564_cov_48.4799_ID_435345

CONTIG: NODE_14_length_186479_cov_50.8665_ID_435349 (186479bp)
Top Length: 186479  Top ID: 99.07
		Marking as insignificant: 3455203 3456388 | 29532 28347 | 1186 1186 | 95.95 | Ecoli_0955_Taxon012_ NODE_14_length_186479_cov_50.8665_ID_435349
		One align captures most of this contig: 4118556 4305034 | 1 186479 | 186479 186479 | 99.07 | Ecoli_0955_Taxon012_ NODE_14_length_186479_cov_50.8665_ID_435349

CONTIG: NODE_17_length_173165_cov_49.8219_ID_435355 (173165bp)
Top Length: 173164  Top ID: 99.12
		One align captures most of this contig: 3767396 3940559 | 173164 1 | 173164 173164 | 99.12 | Ecoli_0955_Taxon012_ NODE_17_length_173165_cov_49.8219_ID_435355

CONTIG: NODE_20_length_151846_cov_49.124_ID_435361 (151846bp)
Top Length: 151846  Top ID: 99.2
		One align captures most of this contig: 3222192 3374037 | 1 151846 | 151846 151846 | 99.2 | Ecoli_0955_Taxon012_ NODE_20_length_151846_cov_49.124_ID_435361

CONTIG: NODE_24_length_118929_cov_49.1725_ID_435369 (118929bp)
Top Length: 118929  Top ID: 99.13
		Marking as insignificant: 3202281 3202392 | 118929 118818 | 112 112 | 99.11 | Ecoli_0955_Taxon012_ NODE_24_length_118929_cov_49.1725_ID_435369
		Marking as insignificant: 3375611 3375723 | 118817 118929 | 113 113 | 99.12 | Ecoli_0955_Taxon012_ NODE_24_length_118929_cov_49.1725_ID_435369
		One align captures most of this contig: 1285889 1404817 | 1 118929 | 118929 118929 | 99.13 | Ecoli_0955_Taxon012_ NODE_24_length_118929_cov_49.1725_ID_435369

CONTIG: NODE_25_length_118111_cov_48.0937_ID_435371 (118111bp)
Top Length: 118111  Top ID: 99.23
		Marking as insignificant: 1469138 1469242 | 118111 118007 | 105 105 | 95.24 | Ecoli_0955_Taxon012_ NODE_25_length_118111_cov_48.0937_ID_435371
		Marking as insignificant: 381260 381362 | 118009 118111 | 103 103 | 97.09 | Ecoli_0955_Taxon012_ NODE_25_length_118111_cov_48.0937_ID_435371
		One align captures most of this contig: 3081974 3200084 | 118111 1 | 118111 118111 | 99.23 | Ecoli_0955_Taxon012_ NODE_25_length_118111_cov_48.0937_ID_435371

CONTIG: NODE_27_length_112621_cov_48.8384_ID_435375 (112621bp)
Top Length: 112621  Top ID: 99.22
		One align captures most of this contig: 464946 577566 | 1 112621 | 112621 112621 | 99.22 | Ecoli_0955_Taxon012_ NODE_27_length_112621_cov_48.8384_ID_435375

CONTIG: NODE_30_length_104517_cov_48.8611_ID_435381 (104517bp)
Top Length: 104517  Top ID: 99.14
		One align captures most of this contig: 2069618 2174134 | 104517 1 | 104517 104517 | 99.14 | Ecoli_0955_Taxon012_ NODE_30_length_104517_cov_48.8611_ID_435381

CONTIG: NODE_31_length_103216_cov_57.4455_ID_435383 (103216bp)
Top Length: 103216  Top ID: 98.88
		Marking as insignificant: 3621886 3622877 | 102222 101231 | 992 992 | 95.77 | Ecoli_0955_Taxon012_ NODE_31_length_103216_cov_57.4455_ID_435383
		Marking as insignificant: 3764877 3765899 | 102222 101200 | 1023 1023 | 95.11 | Ecoli_0955_Taxon012_ NODE_31_length_103216_cov_57.4455_ID_435383
		Marking as insignificant: 2541047 2542411 | 29193 30557 | 1365 1365 | 95.61 | Ecoli_0955_Taxon012_ NODE_31_length_103216_cov_57.4455_ID_435383
		Marking as insignificant: 15376 16742 | 29192 30558 | 1367 1367 | 95.76 | Ecoli_0955_Taxon012_ NODE_31_length_103216_cov_57.4455_ID_435383
		One align captures most of this contig: 578805 682021 | 1 103216 | 103217 103216 | 98.88 | Ecoli_0955_Taxon012_ NODE_31_length_103216_cov_57.4455_ID_435383

CONTIG: NODE_33_length_96941_cov_51.1093_ID_435387 (96941bp)
Top Length: 96941  Top ID: 99.05
		One align captures most of this contig: 1472041 1568981 | 96941 1 | 96941 96941 | 99.05 | Ecoli_0955_Taxon012_ NODE_33_length_96941_cov_51.1093_ID_435387

CONTIG: NODE_35_length_89198_cov_47.5028_ID_435391 (89198bp)
Top Length: 89198  Top ID: 99.22
		One align captures most of this contig: 4311584 4400781 | 89198 1 | 89198 89198 | 99.22 | Ecoli_0955_Taxon012_ NODE_35_length_89198_cov_47.5028_ID_435391

CONTIG: NODE_37_length_85499_cov_48.9305_ID_435395 (85499bp)
Top Length: 85499  Top ID: 99.26
		Marking as insignificant: 3202281 3202392 | 1 112 | 112 112 | 99.11 | Ecoli_0955_Taxon012_ NODE_37_length_85499_cov_48.9305_ID_435395
		Marking as insignificant: 3375610 3375723 | 114 1 | 114 114 | 99.12 | Ecoli_0955_Taxon012_ NODE_37_length_85499_cov_48.9305_ID_435395
		One align captures most of this contig: 753294 838792 | 1 85499 | 85499 85499 | 99.26 | Ecoli_0955_Taxon012_ NODE_37_length_85499_cov_48.9305_ID_435395

CONTIG: NODE_41_length_78915_cov_49.4757_ID_435403 (78915bp)
Top Length: 78915  Top ID: 99.24
		One align captures most of this contig: 3499101 3578015 | 1 78915 | 78915 78915 | 99.24 | Ecoli_0955_Taxon012_ NODE_41_length_78915_cov_49.4757_ID_435403

CONTIG: NODE_45_length_66688_cov_47.7494_ID_435411 (66688bp)
Top Length: 66688  Top ID: 99.18
		One align captures most of this contig: 395685 462372 | 66688 1 | 66688 66688 | 99.18 | Ecoli_0955_Taxon012_ NODE_45_length_66688_cov_47.7494_ID_435411

CONTIG: NODE_46_length_65562_cov_46.8498_ID_435413 (65562bp)
Top Length: 65562  Top ID: 99.36
		One align captures most of this contig: 4044860 4110421 | 65562 1 | 65562 65562 | 99.36 | Ecoli_0955_Taxon012_ NODE_46_length_65562_cov_46.8498_ID_435413

CONTIG: NODE_47_length_64674_cov_50.9731_ID_435415 (64674bp)
Top Length: 64674  Top ID: 99.2
		One align captures most of this contig: 3428422 3493095 | 1 64674 | 64674 64674 | 99.2 | Ecoli_0955_Taxon012_ NODE_47_length_64674_cov_50.9731_ID_435415

CONTIG: NODE_48_length_64617_cov_49.2728_ID_435417 (64617bp)
Top Length: 64617  Top ID: 99.2
		One align captures most of this contig: 688431 753047 | 1 64617 | 64617 64617 | 99.2 | Ecoli_0955_Taxon012_ NODE_48_length_64617_cov_49.2728_ID_435417

CONTIG: NODE_49_length_64354_cov_50.3385_ID_435419 (64354bp)
Top Length: 64354  Top ID: 99.22
		One align captures most of this contig: 3696810 3761163 | 1 64354 | 64354 64354 | 99.22 | Ecoli_0955_Taxon012_ NODE_49_length_64354_cov_50.3385_ID_435419

CONTIG: NODE_51_length_62994_cov_57.2135_ID_435423 (62994bp)
Top Length: 62994  Top ID: 98.87
		Marking as insignificant: 3426842 3427351 | 1 510 | 510 510 | 96.08 | Ecoli_0955_Taxon012_ NODE_51_length_62994_cov_57.2135_ID_435423
		Marking as insignificant: 223625 225691 | 2073 1 | 2067 2073 | 95.32 | Ecoli_0955_Taxon012_ NODE_51_length_62994_cov_57.2135_ID_435423
		One align captures most of this contig: 3975040 4038027 | 1 62994 | 62988 62994 | 98.87 | Ecoli_0955_Taxon012_ NODE_51_length_62994_cov_57.2135_ID_435423

CONTIG: NODE_52_length_54840_cov_49.4228_ID_435425 (54840bp)
Top Length: 54840  Top ID: 99.16
		One align captures most of this contig: 326082 380921 | 54840 1 | 54840 54840 | 99.16 | Ecoli_0955_Taxon012_ NODE_52_length_54840_cov_49.4228_ID_435425

CONTIG: NODE_56_length_46887_cov_51.5033_ID_435433 (46887bp)
Top Length: 46887  Top ID: 99.01
		Marking as insignificant: 3201191 3201741 | 551 1 | 551 551 | 98.0 | Ecoli_0955_Taxon012_ NODE_56_length_46887_cov_51.5033_ID_435433
		One align captures most of this contig: 3376263 3423149 | 1 46887 | 46887 46887 | 99.01 | Ecoli_0955_Taxon012_ NODE_56_length_46887_cov_51.5033_ID_435433

CONTIG: NODE_57_length_43728_cov_51.4755_ID_435435 (43728bp)
Top Length: 43728  Top ID: 99.18
		One align captures most of this contig: 3037126 3080853 | 1 43728 | 43728 43728 | 99.18 | Ecoli_0955_Taxon012_ NODE_57_length_43728_cov_51.4755_ID_435435

CONTIG: NODE_59_length_39765_cov_52.2353_ID_435439 (39765bp)
Top Length: 39765  Top ID: 99.0
		One align captures most of this contig: 3652938 3692702 | 39765 1 | 39765 39765 | 99.0 | Ecoli_0955_Taxon012_ NODE_59_length_39765_cov_52.2353_ID_435439

CONTIG: NODE_63_length_35192_cov_47.2134_ID_435447 (35192bp)
Top Length: 35192  Top ID: 99.08
		One align captures most of this contig: 3583940 3619131 | 35192 1 | 35192 35192 | 99.08 | Ecoli_0955_Taxon012_ NODE_63_length_35192_cov_47.2134_ID_435447

CONTIG: NODE_66_length_32769_cov_45.6913_ID_435453 (32769bp)
Top Length: 32769  Top ID: 99.44
		One align captures most of this contig: 2662633 2695401 | 1 32769 | 32769 32769 | 99.44 | Ecoli_0955_Taxon012_ NODE_66_length_32769_cov_45.6913_ID_435453

CONTIG: NODE_67_length_32197_cov_46.4876_ID_435455 (32197bp)
Top Length: 32197  Top ID: 99.45
		One align captures most of this contig: 1435968 1468164 | 1 32197 | 32197 32197 | 99.45 | Ecoli_0955_Taxon012_ NODE_67_length_32197_cov_46.4876_ID_435455

CONTIG: NODE_69_length_30855_cov_50.173_ID_435459 (30855bp)
Top Length: 30855  Top ID: 99.13
		One align captures most of this contig: 292337 323191 | 30855 1 | 30855 30855 | 99.13 | Ecoli_0955_Taxon012_ NODE_69_length_30855_cov_50.173_ID_435459

CONTIG: NODE_73_length_29600_cov_52.9372_ID_435467 (29600bp)
Top Length: 29600  Top ID: 98.99
		One align captures most of this contig: 3622763 3652362 | 29600 1 | 29600 29600 | 98.99 | Ecoli_0955_Taxon012_ NODE_73_length_29600_cov_52.9372_ID_435467

CONTIG: NODE_76_length_28305_cov_49.0302_ID_435473 (28305bp)
Top Length: 28305  Top ID: 99.16
		One align captures most of this contig: 841185 869489 | 28305 1 | 28305 28305 | 99.16 | Ecoli_0955_Taxon012_ NODE_76_length_28305_cov_49.0302_ID_435473

CONTIG: NODE_77_length_26024_cov_45.5589_ID_435475 (26024bp)
Top Length: 26024  Top ID: 99.29
		One align captures most of this contig: 229395 255418 | 26024 1 | 26024 26024 | 99.29 | Ecoli_0955_Taxon012_ NODE_77_length_26024_cov_45.5589_ID_435475

CONTIG: NODE_79_length_22567_cov_51.4502_ID_435479 (22567bp)
Top Length: 22567  Top ID: 99.08
		One align captures most of this contig: 3951424 3973990 | 22567 1 | 22567 22567 | 99.08 | Ecoli_0955_Taxon012_ NODE_79_length_22567_cov_51.4502_ID_435479

CONTIG: NODE_84_length_14458_cov_49.3714_ID_435489 (14458bp)
Top Length: 14458  Top ID: 98.7
		One align captures most of this contig: 1410367 1424824 | 14458 1 | 14458 14458 | 98.7 | Ecoli_0955_Taxon012_ NODE_84_length_14458_cov_49.3714_ID_435489

CONTIG: NODE_85_length_13735_cov_49.2586_ID_435491 (13735bp)
Top Length: 13735  Top ID: 99.32
		Marking as insignificant: 279162 279451 | 290 1 | 290 290 | 95.17 | Ecoli_0955_Taxon012_ NODE_85_length_13735_cov_49.2586_ID_435491
		One align captures most of this contig: 871646 885380 | 13735 1 | 13735 13735 | 99.32 | Ecoli_0955_Taxon012_ NODE_85_length_13735_cov_49.2586_ID_435491

CONTIG: NODE_86_length_13182_cov_48.8443_ID_435493 (13182bp)
Top Length: 13182  Top ID: 99.51
		One align captures most of this contig: 2175472 2188653 | 13182 1 | 13182 13182 | 99.51 | Ecoli_0955_Taxon012_ NODE_86_length_13182_cov_48.8443_ID_435493

CONTIG: NODE_87_length_13126_cov_59.9262_ID_435495 (13126bp)
Top Length: 13126  Top ID: 99.0
		Marking as insignificant: 279931 280111 | 10698 10878 | 181 181 | 97.79 | Ecoli_0955_Taxon012_ NODE_87_length_13126_cov_59.9262_ID_435495
		Marking as insignificant: 4527702 4528939 | 9641 10878 | 1238 1238 | 95.88 | Ecoli_0955_Taxon012_ NODE_87_length_13126_cov_59.9262_ID_435495
		Marking as insignificant: 1469287 1470517 | 9649 10879 | 1231 1231 | 96.83 | Ecoli_0955_Taxon012_ NODE_87_length_13126_cov_59.9262_ID_435495
		One align captures most of this contig: 260884 274009 | 1 13126 | 13126 13126 | 99.0 | Ecoli_0955_Taxon012_ NODE_87_length_13126_cov_59.9262_ID_435495

CONTIG: NODE_88_length_12910_cov_52.4853_ID_435497 (12910bp)
Top Length: 12910  Top ID: 99.24
		One align captures most of this contig: 3206203 3219112 | 1 12910 | 12910 12910 | 99.24 | Ecoli_0955_Taxon012_ NODE_88_length_12910_cov_52.4853_ID_435497

CONTIG: NODE_90_length_11141_cov_47.5749_ID_435501 (11141bp)
Top Length: 11141  Top ID: 99.36
		One align captures most of this contig: 692 11832 | 1 11141 | 11141 11141 | 99.36 | Ecoli_0955_Taxon012_ NODE_90_length_11141_cov_47.5749_ID_435501

CONTIG: NODE_91_length_7703_cov_47.0864_ID_435503 (7703bp)
Top Length: 7703  Top ID: 99.58
		One align captures most of this contig: 383409 391111 | 1 7703 | 7703 7703 | 99.58 | Ecoli_0955_Taxon012_ NODE_91_length_7703_cov_47.0864_ID_435503

CONTIG: NODE_94_length_6767_cov_46.5869_ID_435509 (6767bp)
Top Length: 6767  Top ID: 99.16
		One align captures most of this contig: 280364 287130 | 1 6767 | 6767 6767 | 99.16 | Ecoli_0955_Taxon012_ NODE_94_length_6767_cov_46.5869_ID_435509

CONTIG: NODE_97_length_4601_cov_47.8328_ID_435515 (4601bp)
Top Length: 4601  Top ID: 99.22
		One align captures most of this contig: 1568927 1573527 | 1 4601 | 4601 4601 | 99.22 | Ecoli_0955_Taxon012_ NODE_97_length_4601_cov_47.8328_ID_435515

CONTIG: NODE_98_length_4473_cov_49.421_ID_435517 (4473bp)
Top Length: 4473  Top ID: 97.92
		One align captures most of this contig: 578805 583277 | 4473 1 | 4473 4473 | 97.92 | Ecoli_0955_Taxon012_ NODE_98_length_4473_cov_49.421_ID_435517

CONTIG: NODE_99_length_3985_cov_56.8628_ID_435519 (3985bp)
Top Length: 3984  Top ID: 98.29
		One align captures most of this contig: 3202274 3206257 | 2 3985 | 3984 3984 | 98.29 | Ecoli_0955_Taxon012_ NODE_99_length_3985_cov_56.8628_ID_435519

CONTIG: NODE_100_length_3434_cov_57.681_ID_435521 (3434bp)
Top Length: 3434  Top ID: 98.89
		One align captures most of this contig: 287076 290509 | 3434 1 | 3434 3434 | 98.89 | Ecoli_0955_Taxon012_ NODE_100_length_3434_cov_57.681_ID_435521

CONTIG: NODE_103_length_3190_cov_64.3308_ID_435527 (3190bp)
Top Length: 3188  Top ID: 98.02
		One align captures most of this contig: 16663 19850 | 3188 1 | 3188 3188 | 98.02 | Ecoli_0955_Taxon012_ NODE_103_length_3190_cov_64.3308_ID_435527

CONTIG: NODE_104_length_2979_cov_64.0958_ID_435529 (2979bp)
Top Length: 2977  Top ID: 98.02
		One align captures most of this contig: 1279239 1282215 | 1 2977 | 2977 2977 | 98.02 | Ecoli_0955_Taxon012_ NODE_104_length_2979_cov_64.0958_ID_435529

CONTIG: NODE_105_length_2877_cov_58.1513_ID_435531 (2877bp)
Top Length: 2877  Top ID: 98.47
		One align captures most of this contig: 685609 688485 | 2877 1 | 2877 2877 | 98.47 | Ecoli_0955_Taxon012_ NODE_105_length_2877_cov_58.1513_ID_435531

CONTIG: NODE_106_length_2867_cov_63.096_ID_435533 (2867bp)
Top Length: 2867  Top ID: 98.12
		One align captures most of this contig: 3494811 3497677 | 1 2867 | 2867 2867 | 98.12 | Ecoli_0955_Taxon012_ NODE_106_length_2867_cov_63.096_ID_435533

CONTIG: NODE_107_length_2683_cov_67.8524_ID_435535 (2683bp)
Top Length: 2683  Top ID: 98.17
		Marking as insignificant: 2242784 2242888 | 2683 2579 | 105 105 | 96.19 | Ecoli_0955_Taxon012_ NODE_107_length_2683_cov_67.8524_ID_435535
		Marking as insignificant: 258571 258676 | 2683 2578 | 106 106 | 99.06 | Ecoli_0955_Taxon012_ NODE_107_length_2683_cov_67.8524_ID_435535
		One align captures most of this contig: 3580850 3583532 | 1 2683 | 2683 2683 | 98.17 | Ecoli_0955_Taxon012_ NODE_107_length_2683_cov_67.8524_ID_435535

CONTIG: NODE_108_length_2677_cov_56.5774_ID_435537 (2677bp)
Top Length: 2677  Top ID: 99.33
		One align captures most of this contig: 255364 258040 | 1 2677 | 2677 2677 | 99.33 | Ecoli_0955_Taxon012_ NODE_108_length_2677_cov_56.5774_ID_435537

CONTIG: NODE_110_length_2591_cov_45.9345_ID_435541 (2591bp)
Top Length: 2591  Top ID: 98.84
		One align captures most of this contig: 1428537 1431127 | 1 2591 | 2591 2591 | 98.84 | Ecoli_0955_Taxon012_ NODE_110_length_2591_cov_45.9345_ID_435541

CONTIG: NODE_111_length_2454_cov_49.0692_ID_435543 (2454bp)
Top Length: 2454  Top ID: 98.41
		One align captures most of this contig: 276764 279217 | 2454 1 | 2454 2454 | 98.41 | Ecoli_0955_Taxon012_ NODE_111_length_2454_cov_49.0692_ID_435543

CONTIG: NODE_112_length_2342_cov_57.0013_ID_435545 (2342bp)
Top Length: 2342  Top ID: 98.55
		One align captures most of this contig: 258597 260938 | 2342 1 | 2342 2342 | 98.55 | Ecoli_0955_Taxon012_ NODE_112_length_2342_cov_57.0013_ID_435545

CONTIG: NODE_113_length_2132_cov_45.3635_ID_435547 (2132bp)
Top Length: 2132  Top ID: 99.39
		One align captures most of this contig: 3033748 3035879 | 2132 1 | 2132 2132 | 99.39 | Ecoli_0955_Taxon012_ NODE_113_length_2132_cov_45.3635_ID_435547

CONTIG: NODE_116_length_1765_cov_54.6737_ID_435553 (1765bp)
Top Length: 1765  Top ID: 98.3
		One align captures most of this contig: 4304980 4306744 | 1 1765 | 1765 1765 | 98.3 | Ecoli_0955_Taxon012_ NODE_116_length_1765_cov_54.6737_ID_435553

CONTIG: NODE_118_length_1730_cov_52.7266_ID_435557 (1730bp)
Top Length: 1730  Top ID: 98.9
		One align captures most of this contig: 2702366 2704095 | 1 1730 | 1730 1730 | 98.9 | Ecoli_0955_Taxon012_ NODE_118_length_1730_cov_52.7266_ID_435557

CONTIG: NODE_120_length_1689_cov_60.5924_ID_435561 (1689bp)
Top Length: 1689  Top ID: 98.22
		One align captures most of this contig: 1405849 1407537 | 1689 1 | 1689 1689 | 98.22 | Ecoli_0955_Taxon012_ NODE_120_length_1689_cov_60.5924_ID_435561

CONTIG: NODE_121_length_1671_cov_65.3441_ID_435563 (1671bp)
Top Length: 1671  Top ID: 98.8
		One align captures most of this contig: 1470425 1472095 | 1 1671 | 1671 1671 | 98.8 | Ecoli_0955_Taxon012_ NODE_121_length_1671_cov_65.3441_ID_435563

CONTIG: NODE_124_length_1521_cov_69.4468_ID_435569 (1521bp)
Top Length: 1518  Top ID: 98.88
		One align captures most of this contig: 3765757 3767274 | 4 1521 | 1518 1518 | 98.88 | Ecoli_0955_Taxon012_ NODE_124_length_1521_cov_69.4468_ID_435569

CONTIG: NODE_125_length_1479_cov_141.461_ID_435571 (1479bp)
Top Length: 1479  Top ID: 97.97
		One align captures most of this contig: 1427113 1428591 | 1 1479 | 1479 1479 | 97.97 | Ecoli_0955_Taxon012_ NODE_125_length_1479_cov_141.461_ID_435571

CONTIG: NODE_127_length_1429_cov_59.4949_ID_435575 (1429bp)
Top Length: 1429  Top ID: 99.79
		One align captures most of this contig: 1425739 1427167 | 1 1429 | 1429 1429 | 99.79 | Ecoli_0955_Taxon012_ NODE_127_length_1429_cov_59.4949_ID_435575

CONTIG: NODE_128_length_1370_cov_54.5582_ID_435577 (1370bp)
Top Length: 1370  Top ID: 99.93
		One align captures most of this contig: 1434653 1436022 | 1 1370 | 1370 1370 | 99.93 | Ecoli_0955_Taxon012_ NODE_128_length_1370_cov_54.5582_ID_435577

CONTIG: NODE_129_length_1365_cov_66.9183_ID_435579 (1365bp)
Top Length: 1365  Top ID: 98.46
		One align captures most of this contig: 1431073 1432437 | 1365 1 | 1365 1365 | 98.46 | Ecoli_0955_Taxon012_ NODE_129_length_1365_cov_66.9183_ID_435579

CONTIG: NODE_131_length_1356_cov_59.9892_ID_435583 (1356bp)
Top Length: 1356  Top ID: 99.12
		One align captures most of this contig: 3035825 3037180 | 1 1356 | 1356 1356 | 99.12 | Ecoli_0955_Taxon012_ NODE_131_length_1356_cov_59.9892_ID_435583

CONTIG: NODE_132_length_1346_cov_63.9194_ID_435585 (1346bp)
Top Length: 1346  Top ID: 99.63
		One align captures most of this contig: 323137 324482 | 1346 1 | 1346 1346 | 99.63 | Ecoli_0955_Taxon012_ NODE_132_length_1346_cov_63.9194_ID_435585

CONTIG: NODE_134_length_1220_cov_55.1004_ID_435589 (1220bp)
Top Length: 1220  Top ID: 98.93
		One align captures most of this contig: 3200030 3201249 | 1 1220 | 1220 1220 | 98.93 | Ecoli_0955_Taxon012_ NODE_134_length_1220_cov_55.1004_ID_435589

CONTIG: NODE_136_length_1204_cov_38.0896_ID_435593 (1204bp)
Top Length: 1204  Top ID: 99.5
		One align captures most of this contig: 2067269 2068472 | 1204 1 | 1204 1204 | 99.5 | Ecoli_0955_Taxon012_ NODE_136_length_1204_cov_38.0896_ID_435593

CONTIG: NODE_140_length_1136_cov_48.4542_ID_435601 (1136bp)
Top Length: 1136  Top ID: 99.65
		One align captures most of this contig: 2417545 2418680 | 1 1136 | 1136 1136 | 99.65 | Ecoli_0955_Taxon012_ NODE_140_length_1136_cov_48.4542_ID_435601

CONTIG: NODE_141_length_1117_cov_34.7043_ID_435603 (1117bp)
Top Length: 1117  Top ID: 100.0
		One align captures most of this contig: 3948673 3949789 | 1117 1 | 1117 1117 | 100.0 | Ecoli_0955_Taxon012_ NODE_141_length_1117_cov_34.7043_ID_435603

CONTIG: NODE_143_length_1092_cov_32.9074_ID_435607 (1092bp)
Top Length: 1092  Top ID: 100.0
		One align captures most of this contig: 840148 841239 | 1 1092 | 1092 1092 | 100.0 | Ecoli_0955_Taxon012_ NODE_143_length_1092_cov_32.9074_ID_435607

CONTIG: NODE_144_length_1084_cov_55.4412_ID_435609 (1084bp)
Top Length: 1084  Top ID: 98.43
		One align captures most of this contig: 463917 465000 | 1 1084 | 1084 1084 | 98.43 | Ecoli_0955_Taxon012_ NODE_144_length_1084_cov_55.4412_ID_435609

CONTIG: NODE_147_length_1067_cov_32_ID_435615 (1067bp)
Top Length: 1067  Top ID: 100.0
		One align captures most of this contig: 1283501 1284567 | 1 1067 | 1067 1067 | 100.0 | Ecoli_0955_Taxon012_ NODE_147_length_1067_cov_32_ID_435615

CONTIG: NODE_148_length_1045_cov_75.9293_ID_435617 (1045bp)
Top Length: 1045  Top ID: 98.85
		Marking as insignificant: 3375615 3375723 | 937 1045 | 109 109 | 99.08 | Ecoli_0955_Taxon012_ NODE_148_length_1045_cov_75.9293_ID_435617
		Marking as insignificant: 3202281 3202389 | 1045 937 | 109 109 | 99.08 | Ecoli_0955_Taxon012_ NODE_148_length_1045_cov_75.9293_ID_435617
		One align captures most of this contig: 275041 276085 | 1045 1 | 1045 1045 | 98.85 | Ecoli_0955_Taxon012_ NODE_148_length_1045_cov_75.9293_ID_435617

CONTIG: NODE_149_length_1029_cov_52.0688_ID_435619 (1029bp)
Top Length: 1029  Top ID: 97.67
		Marking as insignificant: 4117734 4117819 | 1 86 | 86 86 | 98.84 | Ecoli_0955_Taxon012_ NODE_149_length_1029_cov_52.0688_ID_435619
		Marking as insignificant: 3977235 3977326 | 1 92 | 92 92 | 98.91 | Ecoli_0955_Taxon012_ NODE_149_length_1029_cov_52.0688_ID_435619
		One align captures most of this contig: 3940505 3941533 | 1029 1 | 1029 1029 | 97.67 | Ecoli_0955_Taxon012_ NODE_149_length_1029_cov_52.0688_ID_435619

CONTIG: NODE_150_length_998_cov_50.7667_ID_435621 (998bp)
Top Length: 998  Top ID: 99.1
		One align captures most of this contig: 885755 886752 | 1 998 | 998 998 | 99.1 | Ecoli_0955_Taxon012_ NODE_150_length_998_cov_50.7667_ID_435621

CONTIG: NODE_152_length_981_cov_66.3823_ID_435625 (981bp)
Top Length: 981  Top ID: 99.8
		One align captures most of this contig: 382483 383463 | 1 981 | 981 981 | 99.8 | Ecoli_0955_Taxon012_ NODE_152_length_981_cov_66.3823_ID_435625

CONTIG: NODE_154_length_925_cov_69.0241_ID_435629 (925bp)
Top Length: 925  Top ID: 98.7
		One align captures most of this contig: 2188599 2189523 | 925 1 | 925 925 | 98.7 | Ecoli_0955_Taxon012_ NODE_154_length_925_cov_69.0241_ID_435629

CONTIG: NODE_157_length_824_cov_108.35_ID_435635 (824bp)
Top Length: 824  Top ID: 97.94
		Marking as insignificant: 3941448 3941716 | 269 1 | 269 269 | 95.54 | Ecoli_0955_Taxon012_ NODE_157_length_824_cov_108.35_ID_435635
		Marking as insignificant: 3977052 3977320 | 1 269 | 269 269 | 96.28 | Ecoli_0955_Taxon012_ NODE_157_length_824_cov_108.35_ID_435635
		One align captures most of this contig: 4117551 4118374 | 1 824 | 824 824 | 97.94 | Ecoli_0955_Taxon012_ NODE_157_length_824_cov_108.35_ID_435635

CONTIG: NODE_159_length_788_cov_32.7844_ID_435639 (788bp)
Top Length: 788  Top ID: 100.0
		One align captures most of this contig: 276031 276818 | 1 788 | 788 788 | 100.0 | Ecoli_0955_Taxon012_ NODE_159_length_788_cov_32.7844_ID_435639

CONTIG: NODE_164_length_756_cov_73.572_ID_435649 (756bp)
Top Length: 754  Top ID: 98.28
		Marking as insignificant: 382483 382594 | 756 645 | 112 112 | 98.21 | Ecoli_0955_Taxon012_ NODE_164_length_756_cov_73.572_ID_435649
		One align captures most of this contig: 3220923 3221676 | 754 1 | 754 754 | 98.28 | Ecoli_0955_Taxon012_ NODE_164_length_756_cov_73.572_ID_435649

CONTIG: NODE_165_length_747_cov_113.496_ID_435651 (747bp)
Top Length: 633  Top ID: 98.26
		This contig is misassembled. 2 total aligns.
			Excluding internal overlap of size 190 between Alignment 1 and 2:  4401058 4401360 | 304 1 | 303 304 --> 4401248 4401360 | 114 1 | 113 114
			Real Alignment 1: 4401248 4401360 | 114 1 | 113 114 | 98.03 | Ecoli_0955_Taxon012_ NODE_165_length_747_cov_113.496_ID_435651
			  Overlap between these two alignments (local misassembly). Inconsistency = -111 
			Real Alignment 2: 4400727 4401358 | 747 115 | 632 633 | 98.26 | Ecoli_0955_Taxon012_ NODE_165_length_747_cov_113.496_ID_435651

CONTIG: NODE_168_length_728_cov_131.765_ID_435657 (728bp)
Top Length: 728  Top ID: 97.53
		One align captures most of this contig: 1433980 1434707 | 728 1 | 728 728 | 97.53 | Ecoli_0955_Taxon012_ NODE_168_length_728_cov_131.765_ID_435657

CONTIG: NODE_170_length_706_cov_54.0876_ID_435661 (706bp)
Top Length: 706  Top ID: 98.58
		One align captures most of this contig: 391057 391762 | 1 706 | 706 706 | 98.58 | Ecoli_0955_Taxon012_ NODE_170_length_706_cov_54.0876_ID_435661

CONTIG: NODE_174_length_680_cov_29.0192_ID_435669 (680bp)
Top Length: 680  Top ID: 100.0
		One align captures most of this contig: 393632 394311 | 1 680 | 680 680 | 100.0 | Ecoli_0955_Taxon012_ NODE_174_length_680_cov_29.0192_ID_435669

CONTIG: NODE_176_length_673_cov_31.1715_ID_435673 (673bp)
Top Length: 673  Top ID: 100.0
		One align captures most of this contig: 4041161 4041833 | 673 1 | 673 673 | 100.0 | Ecoli_0955_Taxon012_ NODE_176_length_673_cov_31.1715_ID_435673

CONTIG: NODE_177_length_672_cov_46.5559_ID_435675 (672bp)
Top Length: 672  Top ID: 98.66
		One align captures most of this contig: 2419379 2420050 | 672 1 | 672 672 | 98.66 | Ecoli_0955_Taxon012_ NODE_177_length_672_cov_46.5559_ID_435675

CONTIG: NODE_179_length_640_cov_32.3846_ID_435679 (640bp)
Top Length: 640  Top ID: 100.0
		One align captures most of this contig: 3578488 3579127 | 1 640 | 640 640 | 100.0 | Ecoli_0955_Taxon012_ NODE_179_length_640_cov_32.3846_ID_435679

CONTIG: NODE_180_length_634_cov_30.0622_ID_435681 (634bp)
Top Length: 634  Top ID: 100.0
		One align captures most of this contig: 3948072 3948705 | 1 634 | 634 634 | 100.0 | Ecoli_0955_Taxon012_ NODE_180_length_634_cov_30.0622_ID_435681

CONTIG: NODE_189_length_601_cov_37.9176_ID_435699 (601bp)
Top Length: 601  Top ID: 100.0
		One align captures most of this contig: 1407483 1408083 | 1 601 | 601 601 | 100.0 | Ecoli_0955_Taxon012_ NODE_189_length_601_cov_37.9176_ID_435699

CONTIG: NODE_195_length_577_cov_32.6724_ID_435711 (577bp)
Top Length: 577  Top ID: 100.0
		One align captures most of this contig: 3579078 3579654 | 577 1 | 577 577 | 100.0 | Ecoli_0955_Taxon012_ NODE_195_length_577_cov_32.6724_ID_435711

CONTIG: NODE_197_length_563_cov_31.7933_ID_435715 (563bp)
Top Length: 563  Top ID: 100.0
		One align captures most of this contig: 4042702 4043264 | 1 563 | 563 563 | 100.0 | Ecoli_0955_Taxon012_ NODE_197_length_563_cov_31.7933_ID_435715

CONTIG: NODE_198_length_559_cov_71.3234_ID_435717 (559bp)
Top Length: 559  Top ID: 99.64
		Marking as insignificant: 1284882 1284954 | 41 113 | 73 73 | 100.0 | Ecoli_0955_Taxon012_ NODE_198_length_559_cov_71.3234_ID_435717
		Marking as insignificant: 1285204 1285314 | 1 111 | 111 111 | 98.2 | Ecoli_0955_Taxon012_ NODE_198_length_559_cov_71.3234_ID_435717
		One align captures most of this contig: 1285385 1285943 | 1 559 | 559 559 | 99.64 | Ecoli_0955_Taxon012_ NODE_198_length_559_cov_71.3234_ID_435717

CONTIG: NODE_200_length_557_cov_32.2171_ID_435721 (557bp)
Top Length: 557  Top ID: 100.0
		One align captures most of this contig: 3950524 3951080 | 557 1 | 557 557 | 100.0 | Ecoli_0955_Taxon012_ NODE_200_length_557_cov_32.2171_ID_435721

CONTIG: NODE_204_length_538_cov_32.7205_ID_435729 (538bp)
Top Length: 538  Top ID: 100.0
		One align captures most of this contig: 3221622 3222159 | 1 538 | 538 538 | 100.0 | Ecoli_0955_Taxon012_ NODE_204_length_538_cov_32.7205_ID_435729

CONTIG: NODE_208_length_520_cov_33.4538_ID_435737 (520bp)
Top Length: 520  Top ID: 100.0
		One align captures most of this contig: 1409516 1410035 | 520 1 | 520 520 | 100.0 | Ecoli_0955_Taxon012_ NODE_208_length_520_cov_33.4538_ID_435737

CONTIG: NODE_210_length_518_cov_34.0454_ID_435741 (518bp)
Top Length: 518  Top ID: 100.0
		One align captures most of this contig: 11778 12295 | 518 1 | 518 518 | 100.0 | Ecoli_0955_Taxon012_ NODE_210_length_518_cov_34.0454_ID_435741

Analyzing coverage...
Writing SNPs into /net/metagenomics/projects/afritz_assemblies/Similarity_Experiment/Ecoli_OneTree/metaquast_consensus_spades_c/Ecoli_0955/runs_per_reference/Ecoli_0955/contigs_reports/nucmer_output/contigs.used_snps
	Reference Ecoli_0955_Taxon012_: 102 total alignments. 1 total regions.
		Region: 1 to 4641652 (4641652 bp)
			START in gap: 1 to 692 (691 bp)
			Align 1: 692 11832 NODE_90_length_11141_cov_47.5749_ID_435501 1 11141
				Negative gap (overlap) between this and next alignment: 11832 to 11778 (-54 bp)
				Next Alignment: 11778 12295 NODE_210_length_518_cov_34.0454_ID_435741 518 1

			Previous gap was negative, modifying coordinates to ignore overlap
				Moving contig start from 518 to 463.
			Align 2: 11833 12295 NODE_210_length_518_cov_34.0454_ID_435741 463 1
				Gap between this and next alignment: 12295 to 16663 (4367 bp)
				Next Alignment: 16663 19850 NODE_103_length_3190_cov_64.3308_ID_435527 3188 1

			Align 3: 16663 19850 NODE_103_length_3190_cov_64.3308_ID_435527 3188 1
				Gap between this and next alignment: 19850 to 20116 (265 bp)
				Next Alignment: 20116 223677 NODE_12_length_203564_cov_48.4799_ID_435345 203564 3

			Align 4: 20116 223677 NODE_12_length_203564_cov_48.4799_ID_435345 203564 3
				Gap between this and next alignment: 223677 to 229395 (5717 bp)
				Next Alignment: 229395 255418 NODE_77_length_26024_cov_45.5589_ID_435475 26024 1

			Align 5: 229395 255418 NODE_77_length_26024_cov_45.5589_ID_435475 26024 1
				Negative gap (overlap) between this and next alignment: 255418 to 255364 (-54 bp)
				Next Alignment: 255364 258040 NODE_108_length_2677_cov_56.5774_ID_435537 1 2677

			Previous gap was negative, modifying coordinates to ignore overlap
				Moving contig start from 1 to 56.
			Align 6: 255419 258040 NODE_108_length_2677_cov_56.5774_ID_435537 56 2677
				Gap between this and next alignment: 258040 to 258597 (556 bp)
				Next Alignment: 258597 260938 NODE_112_length_2342_cov_57.0013_ID_435545 2342 1

			Align 7: 258597 260938 NODE_112_length_2342_cov_57.0013_ID_435545 2342 1
				Negative gap (overlap) between this and next alignment: 260938 to 260884 (-54 bp)
				Next Alignment: 260884 274009 NODE_87_length_13126_cov_59.9262_ID_435495 1 13126

			Previous gap was negative, modifying coordinates to ignore overlap
				Moving contig start from 1 to 56.
			Align 8: 260939 274009 NODE_87_length_13126_cov_59.9262_ID_435495 56 13126
				Gap between this and next alignment: 274009 to 275041 (1031 bp)
				Next Alignment: 275041 276085 NODE_148_length_1045_cov_75.9293_ID_435617 1045 1

			Align 9: 275041 276085 NODE_148_length_1045_cov_75.9293_ID_435617 1045 1
				Negative gap (overlap) between this and next alignment: 276085 to 276031 (-54 bp)
				Next Alignment: 276031 276818 NODE_159_length_788_cov_32.7844_ID_435639 1 788

			Previous gap was negative, modifying coordinates to ignore overlap
				Moving contig start from 1 to 56.
			Align 10: 276086 276818 NODE_159_length_788_cov_32.7844_ID_435639 56 788
				Negative gap (overlap) between this and next alignment: 276818 to 276764 (-54 bp)
				Next Alignment: 276764 279217 NODE_111_length_2454_cov_49.0692_ID_435543 2454 1

			Previous gap was negative, modifying coordinates to ignore overlap
				Moving contig start from 2454 to 2399.
			Align 11: 276819 279217 NODE_111_length_2454_cov_49.0692_ID_435543 2399 1
				Gap between this and next alignment: 279217 to 280364 (1146 bp)
				Next Alignment: 280364 287130 NODE_94_length_6767_cov_46.5869_ID_435509 1 6767

			Align 12: 280364 287130 NODE_94_length_6767_cov_46.5869_ID_435509 1 6767
				Negative gap (overlap) between this and next alignment: 287130 to 287076 (-54 bp)
				Next Alignment: 287076 290509 NODE_100_length_3434_cov_57.681_ID_435521 3434 1

			Previous gap was negative, modifying coordinates to ignore overlap
				Moving contig start from 3434 to 3379.
			Align 13: 287131 290509 NODE_100_length_3434_cov_57.681_ID_435521 3379 1
				Gap between this and next alignment: 290509 to 292337 (1827 bp)
				Next Alignment: 292337 323191 NODE_69_length_30855_cov_50.173_ID_435459 30855 1

			Align 14: 292337 323191 NODE_69_length_30855_cov_50.173_ID_435459 30855 1
				Negative gap (overlap) between this and next alignment: 323191 to 323137 (-54 bp)
				Next Alignment: 323137 324482 NODE_132_length_1346_cov_63.9194_ID_435585 1346 1

			Previous gap was negative, modifying coordinates to ignore overlap
				Moving contig start from 1346 to 1291.
			Align 15: 323192 324482 NODE_132_length_1346_cov_63.9194_ID_435585 1291 1
				Gap between this and next alignment: 324482 to 326082 (1599 bp)
				Next Alignment: 326082 380921 NODE_52_length_54840_cov_49.4228_ID_435425 54840 1

			Align 16: 326082 380921 NODE_52_length_54840_cov_49.4228_ID_435425 54840 1
				Gap between this and next alignment: 380921 to 382483 (1561 bp)
				Next Alignment: 382483 383463 NODE_152_length_981_cov_66.3823_ID_435625 1 981

			Align 17: 382483 383463 NODE_152_length_981_cov_66.3823_ID_435625 1 981
				Negative gap (overlap) between this and next alignment: 383463 to 383409 (-54 bp)
				Next Alignment: 383409 391111 NODE_91_length_7703_cov_47.0864_ID_435503 1 7703

			Previous gap was negative, modifying coordinates to ignore overlap
				Moving contig start from 1 to 56.
			Align 18: 383464 391111 NODE_91_length_7703_cov_47.0864_ID_435503 56 7703
				Negative gap (overlap) between this and next alignment: 391111 to 391057 (-54 bp)
				Next Alignment: 391057 391762 NODE_170_length_706_cov_54.0876_ID_435661 1 706

			Previous gap was negative, modifying coordinates to ignore overlap
				Moving contig start from 1 to 56.
			Align 19: 391112 391762 NODE_170_length_706_cov_54.0876_ID_435661 56 706
				Gap between this and next alignment: 391762 to 393632 (1869 bp)
				Next Alignment: 393632 394311 NODE_174_length_680_cov_29.0192_ID_435669 1 680

			Align 20: 393632 394311 NODE_174_length_680_cov_29.0192_ID_435669 1 680
				Gap between this and next alignment: 394311 to 395685 (1373 bp)
				Next Alignment: 395685 462372 NODE_45_length_66688_cov_47.7494_ID_435411 66688 1

			Align 21: 395685 462372 NODE_45_length_66688_cov_47.7494_ID_435411 66688 1
				Gap between this and next alignment: 462372 to 463917 (1544 bp)
				Next Alignment: 463917 465000 NODE_144_length_1084_cov_55.4412_ID_435609 1 1084

			Align 22: 463917 465000 NODE_144_length_1084_cov_55.4412_ID_435609 1 1084
				Negative gap (overlap) between this and next alignment: 465000 to 464946 (-54 bp)
				Next Alignment: 464946 577566 NODE_27_length_112621_cov_48.8384_ID_435375 1 112621

			Previous gap was negative, modifying coordinates to ignore overlap
				Moving contig start from 1 to 56.
			Align 23: 465001 577566 NODE_27_length_112621_cov_48.8384_ID_435375 56 112621
				Gap between this and next alignment: 577566 to 578805 (1238 bp)
				Next Alignment: 578805 682021 NODE_31_length_103216_cov_57.4455_ID_435383 1 103216

			Align 24: 578805 682021 NODE_31_length_103216_cov_57.4455_ID_435383 1 103216
				The next alignment (578805 583277 NODE_98_length_4473_cov_49.421_ID_435517 4473 1) is redundant. Skipping.
				Gap between this and next alignment: 682021 to 685609 (3587 bp)
				Next Alignment: 685609 688485 NODE_105_length_2877_cov_58.1513_ID_435531 2877 1

			Align 26: 685609 688485 NODE_105_length_2877_cov_58.1513_ID_435531 2877 1
				Negative gap (overlap) between this and next alignment: 688485 to 688431 (-54 bp)
				Next Alignment: 688431 753047 NODE_48_length_64617_cov_49.2728_ID_435417 1 64617

			Previous gap was negative, modifying coordinates to ignore overlap
				Moving contig start from 1 to 56.
			Align 27: 688486 753047 NODE_48_length_64617_cov_49.2728_ID_435417 56 64617
				Gap between this and next alignment: 753047 to 753294 (246 bp)
				Next Alignment: 753294 838792 NODE_37_length_85499_cov_48.9305_ID_435395 1 85499

			Align 28: 753294 838792 NODE_37_length_85499_cov_48.9305_ID_435395 1 85499
				Gap between this and next alignment: 838792 to 840148 (1355 bp)
				Next Alignment: 840148 841239 NODE_143_length_1092_cov_32.9074_ID_435607 1 1092

			Align 29: 840148 841239 NODE_143_length_1092_cov_32.9074_ID_435607 1 1092
				Negative gap (overlap) between this and next alignment: 841239 to 841185 (-54 bp)
				Next Alignment: 841185 869489 NODE_76_length_28305_cov_49.0302_ID_435473 28305 1

			Previous gap was negative, modifying coordinates to ignore overlap
				Moving contig start from 28305 to 28250.
			Align 30: 841240 869489 NODE_76_length_28305_cov_49.0302_ID_435473 28250 1
				Gap between this and next alignment: 869489 to 871646 (2156 bp)
				Next Alignment: 871646 885380 NODE_85_length_13735_cov_49.2586_ID_435491 13735 1

			Align 31: 871646 885380 NODE_85_length_13735_cov_49.2586_ID_435491 13735 1
				Gap between this and next alignment: 885380 to 885755 (374 bp)
				Next Alignment: 885755 886752 NODE_150_length_998_cov_50.7667_ID_435621 1 998

			Align 32: 885755 886752 NODE_150_length_998_cov_50.7667_ID_435621 1 998
				Negative gap (overlap) between this and next alignment: 886752 to 886698 (-54 bp)
				Next Alignment: 886698 1279293 NODE_2_length_392596_cov_49.5446_ID_435325 392596 1

			Previous gap was negative, modifying coordinates to ignore overlap
				Moving contig start from 392596 to 392541.
			Align 33: 886753 1279293 NODE_2_length_392596_cov_49.5446_ID_435325 392541 1
				Negative gap (overlap) between this and next alignment: 1279293 to 1279239 (-54 bp)
				Next Alignment: 1279239 1282215 NODE_104_length_2979_cov_64.0958_ID_435529 1 2977

			Previous gap was negative, modifying coordinates to ignore overlap
				Moving contig start from 1 to 56.
			Align 34: 1279294 1282215 NODE_104_length_2979_cov_64.0958_ID_435529 56 2977
				Gap between this and next alignment: 1282215 to 1283501 (1285 bp)
				Next Alignment: 1283501 1284567 NODE_147_length_1067_cov_32_ID_435615 1 1067

			Align 35: 1283501 1284567 NODE_147_length_1067_cov_32_ID_435615 1 1067
				Gap between this and next alignment: 1284567 to 1285385 (817 bp)
				Next Alignment: 1285385 1285943 NODE_198_length_559_cov_71.3234_ID_435717 1 559

			Align 36: 1285385 1285943 NODE_198_length_559_cov_71.3234_ID_435717 1 559
				Negative gap (overlap) between this and next alignment: 1285943 to 1285889 (-54 bp)
				Next Alignment: 1285889 1404817 NODE_24_length_118929_cov_49.1725_ID_435369 1 118929

			Previous gap was negative, modifying coordinates to ignore overlap
				Moving contig start from 1 to 56.
			Align 37: 1285944 1404817 NODE_24_length_118929_cov_49.1725_ID_435369 56 118929
				Gap between this and next alignment: 1404817 to 1405849 (1031 bp)
				Next Alignment: 1405849 1407537 NODE_120_length_1689_cov_60.5924_ID_435561 1689 1

			Align 38: 1405849 1407537 NODE_120_length_1689_cov_60.5924_ID_435561 1689 1
				Negative gap (overlap) between this and next alignment: 1407537 to 1407483 (-54 bp)
				Next Alignment: 1407483 1408083 NODE_189_length_601_cov_37.9176_ID_435699 1 601

			Previous gap was negative, modifying coordinates to ignore overlap
				Moving contig start from 1 to 56.
			Align 39: 1407538 1408083 NODE_189_length_601_cov_37.9176_ID_435699 56 601
				Gap between this and next alignment: 1408083 to 1409516 (1432 bp)
				Next Alignment: 1409516 1410035 NODE_208_length_520_cov_33.4538_ID_435737 520 1

			Align 40: 1409516 1410035 NODE_208_length_520_cov_33.4538_ID_435737 520 1
				Gap between this and next alignment: 1410035 to 1410367 (331 bp)
				Next Alignment: 1410367 1424824 NODE_84_length_14458_cov_49.3714_ID_435489 14458 1

			Align 41: 1410367 1424824 NODE_84_length_14458_cov_49.3714_ID_435489 14458 1
				Gap between this and next alignment: 1424824 to 1425739 (914 bp)
				Next Alignment: 1425739 1427167 NODE_127_length_1429_cov_59.4949_ID_435575 1 1429

			Align 42: 1425739 1427167 NODE_127_length_1429_cov_59.4949_ID_435575 1 1429
				Negative gap (overlap) between this and next alignment: 1427167 to 1427113 (-54 bp)
				Next Alignment: 1427113 1428591 NODE_125_length_1479_cov_141.461_ID_435571 1 1479

			Previous gap was negative, modifying coordinates to ignore overlap
				Moving contig start from 1 to 56.
			Align 43: 1427168 1428591 NODE_125_length_1479_cov_141.461_ID_435571 56 1479
				Negative gap (overlap) between this and next alignment: 1428591 to 1428537 (-54 bp)
				Next Alignment: 1428537 1431127 NODE_110_length_2591_cov_45.9345_ID_435541 1 2591

			Previous gap was negative, modifying coordinates to ignore overlap
				Moving contig start from 1 to 56.
			Align 44: 1428592 1431127 NODE_110_length_2591_cov_45.9345_ID_435541 56 2591
				Negative gap (overlap) between this and next alignment: 1431127 to 1431073 (-54 bp)
				Next Alignment: 1431073 1432437 NODE_129_length_1365_cov_66.9183_ID_435579 1365 1

			Previous gap was negative, modifying coordinates to ignore overlap
				Moving contig start from 1365 to 1310.
			Align 45: 1431128 1432437 NODE_129_length_1365_cov_66.9183_ID_435579 1310 1
				Gap between this and next alignment: 1432437 to 1433980 (1542 bp)
				Next Alignment: 1433980 1434707 NODE_168_length_728_cov_131.765_ID_435657 728 1

			Align 46: 1433980 1434707 NODE_168_length_728_cov_131.765_ID_435657 728 1
				Negative gap (overlap) between this and next alignment: 1434707 to 1434653 (-54 bp)
				Next Alignment: 1434653 1436022 NODE_128_length_1370_cov_54.5582_ID_435577 1 1370

			Previous gap was negative, modifying coordinates to ignore overlap
				Moving contig start from 1 to 56.
			Align 47: 1434708 1436022 NODE_128_length_1370_cov_54.5582_ID_435577 56 1370
				Negative gap (overlap) between this and next alignment: 1436022 to 1435968 (-54 bp)
				Next Alignment: 1435968 1468164 NODE_67_length_32197_cov_46.4876_ID_435455 1 32197

			Previous gap was negative, modifying coordinates to ignore overlap
				Moving contig start from 1 to 56.
			Align 48: 1436023 1468164 NODE_67_length_32197_cov_46.4876_ID_435455 56 32197
				Gap between this and next alignment: 1468164 to 1470425 (2260 bp)
				Next Alignment: 1470425 1472095 NODE_121_length_1671_cov_65.3441_ID_435563 1 1671

			Align 49: 1470425 1472095 NODE_121_length_1671_cov_65.3441_ID_435563 1 1671
				Negative gap (overlap) between this and next alignment: 1472095 to 1472041 (-54 bp)
				Next Alignment: 1472041 1568981 NODE_33_length_96941_cov_51.1093_ID_435387 96941 1

			Previous gap was negative, modifying coordinates to ignore overlap
				Moving contig start from 96941 to 96886.
			Align 50: 1472096 1568981 NODE_33_length_96941_cov_51.1093_ID_435387 96886 1
				Negative gap (overlap) between this and next alignment: 1568981 to 1568927 (-54 bp)
				Next Alignment: 1568927 1573527 NODE_97_length_4601_cov_47.8328_ID_435515 1 4601

			Previous gap was negative, modifying coordinates to ignore overlap
				Moving contig start from 1 to 56.
			Align 51: 1568982 1573527 NODE_97_length_4601_cov_47.8328_ID_435515 56 4601
				Gap between this and next alignment: 1573527 to 1589045 (15517 bp)
				Next Alignment: 1589045 2064369 NODE_1_length_475325_cov_50.4472_ID_435323 475325 1

			Align 52: 1589045 2064369 NODE_1_length_475325_cov_50.4472_ID_435323 475325 1
				Gap between this and next alignment: 2064369 to 2067269 (2899 bp)
				Next Alignment: 2067269 2068472 NODE_136_length_1204_cov_38.0896_ID_435593 1204 1

			Align 53: 2067269 2068472 NODE_136_length_1204_cov_38.0896_ID_435593 1204 1
				Gap between this and next alignment: 2068472 to 2069618 (1145 bp)
				Next Alignment: 2069618 2174134 NODE_30_length_104517_cov_48.8611_ID_435381 104517 1

			Align 54: 2069618 2174134 NODE_30_length_104517_cov_48.8611_ID_435381 104517 1
				Gap between this and next alignment: 2174134 to 2175472 (1337 bp)
				Next Alignment: 2175472 2188653 NODE_86_length_13182_cov_48.8443_ID_435493 13182 1

			Align 55: 2175472 2188653 NODE_86_length_13182_cov_48.8443_ID_435493 13182 1
				Negative gap (overlap) between this and next alignment: 2188653 to 2188599 (-54 bp)
				Next Alignment: 2188599 2189523 NODE_154_length_925_cov_69.0241_ID_435629 925 1

			Previous gap was negative, modifying coordinates to ignore overlap
				Moving contig start from 925 to 870.
			Align 56: 2188654 2189523 NODE_154_length_925_cov_69.0241_ID_435629 870 1
				Gap between this and next alignment: 2189523 to 2189838 (314 bp)
				Next Alignment: 2189838 2417599 NODE_9_length_227845_cov_50.7273_ID_435339 84 227845

			Align 57: 2189838 2417599 NODE_9_length_227845_cov_50.7273_ID_435339 84 227845
				Negative gap (overlap) between this and next alignment: 2417599 to 2417545 (-54 bp)
				Next Alignment: 2417545 2418680 NODE_140_length_1136_cov_48.4542_ID_435601 1 1136

			Previous gap was negative, modifying coordinates to ignore overlap
				Moving contig start from 1 to 56.
			Align 58: 2417600 2418680 NODE_140_length_1136_cov_48.4542_ID_435601 56 1136
				Gap between this and next alignment: 2418680 to 2419379 (698 bp)
				Next Alignment: 2419379 2420050 NODE_177_length_672_cov_46.5559_ID_435675 672 1

			Align 59: 2419379 2420050 NODE_177_length_672_cov_46.5559_ID_435675 672 1
				Negative gap (overlap) between this and next alignment: 2420050 to 2419996 (-54 bp)
				Next Alignment: 2419996 2661316 NODE_7_length_241323_cov_51.2863_ID_435335 1 241323

			Previous gap was negative, modifying coordinates to ignore overlap
				Moving contig start from 1 to 56.
			Align 60: 2420051 2661316 NODE_7_length_241323_cov_51.2863_ID_435335 56 241323
				Gap between this and next alignment: 2661316 to 2662633 (1316 bp)
				Next Alignment: 2662633 2695401 NODE_66_length_32769_cov_45.6913_ID_435453 1 32769

			Align 61: 2662633 2695401 NODE_66_length_32769_cov_45.6913_ID_435453 1 32769
				Gap between this and next alignment: 2695401 to 2702366 (6964 bp)
				Next Alignment: 2702366 2704095 NODE_118_length_1730_cov_52.7266_ID_435557 1 1730

			Align 62: 2702366 2704095 NODE_118_length_1730_cov_52.7266_ID_435557 1 1730
				Negative gap (overlap) between this and next alignment: 2704095 to 2704041 (-54 bp)
				Next Alignment: 2704041 3033802 NODE_4_length_329762_cov_49.1018_ID_435329 329762 1

			Previous gap was negative, modifying coordinates to ignore overlap
				Moving contig start from 329762 to 329707.
			Align 63: 2704096 3033802 NODE_4_length_329762_cov_49.1018_ID_435329 329707 1
				Negative gap (overlap) between this and next alignment: 3033802 to 3033748 (-54 bp)
				Next Alignment: 3033748 3035879 NODE_113_length_2132_cov_45.3635_ID_435547 2132 1

			Previous gap was negative, modifying coordinates to ignore overlap
				Moving contig start from 2132 to 2077.
			Align 64: 3033803 3035879 NODE_113_length_2132_cov_45.3635_ID_435547 2077 1
				Negative gap (overlap) between this and next alignment: 3035879 to 3035825 (-54 bp)
				Next Alignment: 3035825 3037180 NODE_131_length_1356_cov_59.9892_ID_435583 1 1356

			Previous gap was negative, modifying coordinates to ignore overlap
				Moving contig start from 1 to 56.
			Align 65: 3035880 3037180 NODE_131_length_1356_cov_59.9892_ID_435583 56 1356
				Negative gap (overlap) between this and next alignment: 3037180 to 3037126 (-54 bp)
				Next Alignment: 3037126 3080853 NODE_57_length_43728_cov_51.4755_ID_435435 1 43728

			Previous gap was negative, modifying coordinates to ignore overlap
				Moving contig start from 1 to 56.
			Align 66: 3037181 3080853 NODE_57_length_43728_cov_51.4755_ID_435435 56 43728
				Gap between this and next alignment: 3080853 to 3081974 (1120 bp)
				Next Alignment: 3081974 3200084 NODE_25_length_118111_cov_48.0937_ID_435371 118111 1

			Align 67: 3081974 3200084 NODE_25_length_118111_cov_48.0937_ID_435371 118111 1
				Negative gap (overlap) between this and next alignment: 3200084 to 3200030 (-54 bp)
				Next Alignment: 3200030 3201249 NODE_134_length_1220_cov_55.1004_ID_435589 1 1220

			Previous gap was negative, modifying coordinates to ignore overlap
				Moving contig start from 1 to 56.
			Align 68: 3200085 3201249 NODE_134_length_1220_cov_55.1004_ID_435589 56 1220
				Gap between this and next alignment: 3201249 to 3202274 (1024 bp)
				Next Alignment: 3202274 3206257 NODE_99_length_3985_cov_56.8628_ID_435519 2 3985

			Align 69: 3202274 3206257 NODE_99_length_3985_cov_56.8628_ID_435519 2 3985
				Negative gap (overlap) between this and next alignment: 3206257 to 3206203 (-54 bp)
				Next Alignment: 3206203 3219112 NODE_88_length_12910_cov_52.4853_ID_435497 1 12910

			Previous gap was negative, modifying coordinates to ignore overlap
				Moving contig start from 1 to 56.
			Align 70: 3206258 3219112 NODE_88_length_12910_cov_52.4853_ID_435497 56 12910
				Gap between this and next alignment: 3219112 to 3220923 (1810 bp)
				Next Alignment: 3220923 3221676 NODE_164_length_756_cov_73.572_ID_435649 754 1

			Align 71: 3220923 3221676 NODE_164_length_756_cov_73.572_ID_435649 754 1
				Negative gap (overlap) between this and next alignment: 3221676 to 3221622 (-54 bp)
				Next Alignment: 3221622 3222159 NODE_204_length_538_cov_32.7205_ID_435729 1 538

			Previous gap was negative, modifying coordinates to ignore overlap
				Moving contig start from 1 to 56.
			Align 72: 3221677 3222159 NODE_204_length_538_cov_32.7205_ID_435729 56 538
				Gap between this and next alignment: 3222159 to 3222192 (32 bp)
				Next Alignment: 3222192 3374037 NODE_20_length_151846_cov_49.124_ID_435361 1 151846

			Align 73: 3222192 3374037 NODE_20_length_151846_cov_49.124_ID_435361 1 151846
				Gap between this and next alignment: 3374037 to 3376263 (2225 bp)
				Next Alignment: 3376263 3423149 NODE_56_length_46887_cov_51.5033_ID_435433 1 46887

			Align 74: 3376263 3423149 NODE_56_length_46887_cov_51.5033_ID_435433 1 46887
				Gap between this and next alignment: 3423149 to 3428422 (5272 bp)
				Next Alignment: 3428422 3493095 NODE_47_length_64674_cov_50.9731_ID_435415 1 64674

			Align 75: 3428422 3493095 NODE_47_length_64674_cov_50.9731_ID_435415 1 64674
				Gap between this and next alignment: 3493095 to 3494811 (1715 bp)
				Next Alignment: 3494811 3497677 NODE_106_length_2867_cov_63.096_ID_435533 1 2867

			Align 76: 3494811 3497677 NODE_106_length_2867_cov_63.096_ID_435533 1 2867
				Gap between this and next alignment: 3497677 to 3499101 (1423 bp)
				Next Alignment: 3499101 3578015 NODE_41_length_78915_cov_49.4757_ID_435403 1 78915

			Align 77: 3499101 3578015 NODE_41_length_78915_cov_49.4757_ID_435403 1 78915
				Gap between this and next alignment: 3578015 to 3578488 (472 bp)
				Next Alignment: 3578488 3579127 NODE_179_length_640_cov_32.3846_ID_435679 1 640

			Align 78: 3578488 3579127 NODE_179_length_640_cov_32.3846_ID_435679 1 640
				Negative gap (overlap) between this and next alignment: 3579127 to 3579078 (-49 bp)
				Next Alignment: 3579078 3579654 NODE_195_length_577_cov_32.6724_ID_435711 577 1

			Previous gap was negative, modifying coordinates to ignore overlap
				Moving contig start from 577 to 527.
			Align 79: 3579128 3579654 NODE_195_length_577_cov_32.6724_ID_435711 527 1
				Gap between this and next alignment: 3579654 to 3580850 (1195 bp)
				Next Alignment: 3580850 3583532 NODE_107_length_2683_cov_67.8524_ID_435535 1 2683

			Align 80: 3580850 3583532 NODE_107_length_2683_cov_67.8524_ID_435535 1 2683
				Gap between this and next alignment: 3583532 to 3583940 (407 bp)
				Next Alignment: 3583940 3619131 NODE_63_length_35192_cov_47.2134_ID_435447 35192 1

			Align 81: 3583940 3619131 NODE_63_length_35192_cov_47.2134_ID_435447 35192 1
				Gap between this and next alignment: 3619131 to 3622763 (3631 bp)
				Next Alignment: 3622763 3652362 NODE_73_length_29600_cov_52.9372_ID_435467 29600 1

			Align 82: 3622763 3652362 NODE_73_length_29600_cov_52.9372_ID_435467 29600 1
				Gap between this and next alignment: 3652362 to 3652938 (575 bp)
				Next Alignment: 3652938 3692702 NODE_59_length_39765_cov_52.2353_ID_435439 39765 1

			Align 83: 3652938 3692702 NODE_59_length_39765_cov_52.2353_ID_435439 39765 1
				Gap between this and next alignment: 3692702 to 3696810 (4107 bp)
				Next Alignment: 3696810 3761163 NODE_49_length_64354_cov_50.3385_ID_435419 1 64354

			Align 84: 3696810 3761163 NODE_49_length_64354_cov_50.3385_ID_435419 1 64354
				Gap between this and next alignment: 3761163 to 3765757 (4593 bp)
				Next Alignment: 3765757 3767274 NODE_124_length_1521_cov_69.4468_ID_435569 4 1521

			Align 85: 3765757 3767274 NODE_124_length_1521_cov_69.4468_ID_435569 4 1521
				Gap between this and next alignment: 3767274 to 3767396 (121 bp)
				Next Alignment: 3767396 3940559 NODE_17_length_173165_cov_49.8219_ID_435355 173164 1

			Align 86: 3767396 3940559 NODE_17_length_173165_cov_49.8219_ID_435355 173164 1
				Negative gap (overlap) between this and next alignment: 3940559 to 3940505 (-54 bp)
				Next Alignment: 3940505 3941533 NODE_149_length_1029_cov_52.0688_ID_435619 1029 1

			Previous gap was negative, modifying coordinates to ignore overlap
				Moving contig start from 1029 to 974.
			Align 87: 3940560 3941533 NODE_149_length_1029_cov_52.0688_ID_435619 974 1
				Gap between this and next alignment: 3941533 to 3948072 (6538 bp)
				Next Alignment: 3948072 3948705 NODE_180_length_634_cov_30.0622_ID_435681 1 634

			Align 88: 3948072 3948705 NODE_180_length_634_cov_30.0622_ID_435681 1 634
				Negative gap (overlap) between this and next alignment: 3948705 to 3948673 (-32 bp)
				Next Alignment: 3948673 3949789 NODE_141_length_1117_cov_34.7043_ID_435603 1117 1

			Previous gap was negative, modifying coordinates to ignore overlap
				Moving contig start from 1117 to 1084.
			Align 89: 3948706 3949789 NODE_141_length_1117_cov_34.7043_ID_435603 1084 1
				Gap between this and next alignment: 3949789 to 3950524 (734 bp)
				Next Alignment: 3950524 3951080 NODE_200_length_557_cov_32.2171_ID_435721 557 1

			Align 90: 3950524 3951080 NODE_200_length_557_cov_32.2171_ID_435721 557 1
				Gap between this and next alignment: 3951080 to 3951424 (343 bp)
				Next Alignment: 3951424 3973990 NODE_79_length_22567_cov_51.4502_ID_435479 22567 1

			Align 91: 3951424 3973990 NODE_79_length_22567_cov_51.4502_ID_435479 22567 1
				Gap between this and next alignment: 3973990 to 3975040 (1049 bp)
				Next Alignment: 3975040 4038027 NODE_51_length_62994_cov_57.2135_ID_435423 1 62994

			Align 92: 3975040 4038027 NODE_51_length_62994_cov_57.2135_ID_435423 1 62994
				Gap between this and next alignment: 4038027 to 4041161 (3133 bp)
				Next Alignment: 4041161 4041833 NODE_176_length_673_cov_31.1715_ID_435673 673 1

			Align 93: 4041161 4041833 NODE_176_length_673_cov_31.1715_ID_435673 673 1
				Gap between this and next alignment: 4041833 to 4042702 (868 bp)
				Next Alignment: 4042702 4043264 NODE_197_length_563_cov_31.7933_ID_435715 1 563

			Align 94: 4042702 4043264 NODE_197_length_563_cov_31.7933_ID_435715 1 563
				Gap between this and next alignment: 4043264 to 4044860 (1595 bp)
				Next Alignment: 4044860 4110421 NODE_46_length_65562_cov_46.8498_ID_435413 65562 1

			Align 95: 4044860 4110421 NODE_46_length_65562_cov_46.8498_ID_435413 65562 1
				Gap between this and next alignment: 4110421 to 4117551 (7129 bp)
				Next Alignment: 4117551 4118374 NODE_157_length_824_cov_108.35_ID_435635 1 824

			Align 96: 4117551 4118374 NODE_157_length_824_cov_108.35_ID_435635 1 824
				Gap between this and next alignment: 4118374 to 4118556 (181 bp)
				Next Alignment: 4118556 4305034 NODE_14_length_186479_cov_50.8665_ID_435349 1 186479

			Align 97: 4118556 4305034 NODE_14_length_186479_cov_50.8665_ID_435349 1 186479
				Negative gap (overlap) between this and next alignment: 4305034 to 4304980 (-54 bp)
				Next Alignment: 4304980 4306744 NODE_116_length_1765_cov_54.6737_ID_435553 1 1765

			Previous gap was negative, modifying coordinates to ignore overlap
				Moving contig start from 1 to 56.
			Align 98: 4305035 4306744 NODE_116_length_1765_cov_54.6737_ID_435553 56 1765
				Gap between this and next alignment: 4306744 to 4311584 (4839 bp)
				Next Alignment: 4311584 4400781 NODE_35_length_89198_cov_47.5028_ID_435391 89198 1

			Align 99: 4311584 4400781 NODE_35_length_89198_cov_47.5028_ID_435391 89198 1
				Negative gap (overlap) between this and next alignment: 4400781 to 4400727 (-54 bp)
				Next Alignment: 4400727 4401358 NODE_165_length_747_cov_113.496_ID_435651 747 115

			Previous gap was negative, modifying coordinates to ignore overlap
				Moving contig start from 747 to 692.
			Align 100: 4400782 4401358 NODE_165_length_747_cov_113.496_ID_435651 692 115
				Negative gap (overlap) between this and next alignment: 4401358 to 4401248 (-110 bp)
				Next Alignment: 4401248 4401360 NODE_165_length_747_cov_113.496_ID_435651 114 1

			Previous gap was negative, modifying coordinates to ignore overlap
				Moving contig start from 114 to 3.
			Align 101: 4401359 4401360 NODE_165_length_747_cov_113.496_ID_435651 3 1
				Negative gap (overlap) between this and next alignment: 4401360 to 4401306 (-54 bp)
				Next Alignment: 4401306 4641475 NODE_8_length_240170_cov_52.0255_ID_435337 240170 1

			Previous gap was negative, modifying coordinates to ignore overlap
				Moving contig start from 240170 to 240115.
			Align 102: 4401361 4641475 NODE_8_length_240170_cov_52.0255_ID_435337 240115 1
			END in gap: 4641475 to 4641652 (177 bp)

Analysis is finished!
Founded SNPs were written into /net/metagenomics/projects/afritz_assemblies/Similarity_Experiment/Ecoli_OneTree/metaquast_consensus_spades_c/Ecoli_0955/runs_per_reference/Ecoli_0955/contigs_reports/nucmer_output/contigs.used_snps

Results:
	Local Misassemblies: 1
	Misassemblies: 0
		Relocations: 0
		Translocations: 0
		Inversions: 0
	Misassembled Contigs: 0
	Misassembled Contig Bases: 0
	Misassemblies Inter-Contig Overlap: 0
Uncovered Regions: 0 (0)
Unaligned Contigs: 0 + 0 part
Partially Unaligned Contigs with Misassemblies: 0
Unaligned Contig Bases: 0

Ambiguously Mapped Contigs: 0
Total Bases in Ambiguously Mapped Contigs: 0
Note that --allow-ambiguity option was set to "one" and only first alignment per each contig was used.

	Covered Bases: 4513040

	SNPs: 38920
	Insertions: 28
	Deletions: 20

	Positive Gaps: 62
		Internal Gaps:  0
		External Gaps:  62
		External Gap Total:  128612
		External Gap Average: 2074
	Negative Gaps: 40
		Internal Overlaps:  1
		External Overlaps:  39
		External Overlaps Total: -2079
		External Overlaps Average: -53
	Contigs with Redundant Alignments: 1 (4473)
