Aligning contigs to reference...
	Running Nucmer
Parsing coords...
Loading Assembly...
Loading reference...
	Loaded [Buchnera_aphidicola_Acyrthosiphon_pisum_0905]
	Loaded [Buchnera_aphidicola_Acyrthosiphon_pisum_ancestor]
Loading SNPs...
Loading regions...
	No regions given, using whole reference.
	Total Regions: 2
	Total Region Length: 1283598
Analyzing contigs...
CONTIG: k99_105_flag_0_multi_48.0112_len_30347 (30347bp)
Top Length: 30347  Top ID: 100.0
		One align captures most of this contig: 431256 461602 | 1 30347 | 30347 30347 | 100.0 | Buchnera_aphidicola_Acyrthosiphon_pisum_ancestor k99_105_flag_0_multi_48.0112_len_30347

CONTIG: k99_120_flag_0_multi_47.0244_len_17448 (17448bp)
Top Length: 17448  Top ID: 100.0
		One align captures most of this contig: 320418 337865 | 17448 1 | 17448 17448 | 100.0 | Buchnera_aphidicola_Acyrthosiphon_pisum_ancestor k99_120_flag_0_multi_47.0244_len_17448

CONTIG: k99_121_flag_0_multi_44.0632_len_9306 (9306bp)
Top Length: 9306  Top ID: 100.0
		One align captures most of this contig: 253928 263233 | 9306 1 | 9306 9306 | 100.0 | Buchnera_aphidicola_Acyrthosiphon_pisum_ancestor k99_121_flag_0_multi_44.0632_len_9306

CONTIG: k99_80_flag_0_multi_48.3346_len_8478 (8478bp)
Top Length: 8478  Top ID: 100.0
		One align captures most of this contig: 633321 641798 | 8478 1 | 8478 8478 | 100.0 | Buchnera_aphidicola_Acyrthosiphon_pisum_0905 k99_80_flag_0_multi_48.3346_len_8478

CONTIG: k99_53_flag_0_multi_46.2132_len_19814 (19814bp)
Top Length: 19814  Top ID: 100.0
		One align captures most of this contig: 337772 357585 | 19814 1 | 19814 19814 | 100.0 | Buchnera_aphidicola_Acyrthosiphon_pisum_ancestor k99_53_flag_0_multi_46.2132_len_19814

CONTIG: k99_110_flag_0_multi_46.4980_len_45036 (45036bp)
Top Length: 45036  Top ID: 100.0
		One align captures most of this contig: 275449 320484 | 45036 1 | 45036 45036 | 100.0 | Buchnera_aphidicola_Acyrthosiphon_pisum_ancestor k99_110_flag_0_multi_46.4980_len_45036

CONTIG: k99_48_flag_0_multi_47.1130_len_20945 (20945bp)
Top Length: 20945  Top ID: 100.0
		One align captures most of this contig: 13091 34035 | 20945 1 | 20945 20945 | 100.0 | Buchnera_aphidicola_Acyrthosiphon_pisum_ancestor k99_48_flag_0_multi_47.1130_len_20945

CONTIG: k99_37_flag_0_multi_50.2091_len_9643 (9643bp)
Top Length: 9643  Top ID: 100.0
		One align captures most of this contig: 513844 523486 | 9643 1 | 9643 9643 | 100.0 | Buchnera_aphidicola_Acyrthosiphon_pisum_ancestor k99_37_flag_0_multi_50.2091_len_9643

CONTIG: k99_144_flag_0_multi_48.5551_len_29042 (29042bp)
Top Length: 29042  Top ID: 100.0
		One align captures most of this contig: 144478 173519 | 29042 1 | 29042 29042 | 100.0 | Buchnera_aphidicola_Acyrthosiphon_pisum_ancestor k99_144_flag_0_multi_48.5551_len_29042

CONTIG: k99_32_flag_0_multi_47.7303_len_29739 (29739bp)
Top Length: 29739  Top ID: 100.0
		One align captures most of this contig: 342733 372471 | 29739 1 | 29739 29739 | 100.0 | Buchnera_aphidicola_Acyrthosiphon_pisum_0905 k99_32_flag_0_multi_47.7303_len_29739

CONTIG: k99_26_flag_0_multi_46.0190_len_5572 (5572bp)
Top Length: 5572  Top ID: 100.0
		One align captures most of this contig: 148141 153712 | 1 5572 | 5572 5572 | 100.0 | Buchnera_aphidicola_Acyrthosiphon_pisum_0905 k99_26_flag_0_multi_46.0190_len_5572

CONTIG: k99_131_flag_0_multi_45.5453_len_16520 (16520bp)
Top Length: 16520  Top ID: 100.0
		One align captures most of this contig: 616890 633409 | 1 16520 | 16520 16520 | 100.0 | Buchnera_aphidicola_Acyrthosiphon_pisum_ancestor k99_131_flag_0_multi_45.5453_len_16520

CONTIG: k99_72_flag_0_multi_39.9105_len_1920 (1920bp)
Top Length: 1920  Top ID: 100.0
		One align captures most of this contig: 453007 454926 | 1 1920 | 1920 1920 | 100.0 | Buchnera_aphidicola_Acyrthosiphon_pisum_0905 k99_72_flag_0_multi_39.9105_len_1920

CONTIG: k99_56_flag_0_multi_46.8259_len_12569 (12569bp)
Top Length: 12569  Top ID: 100.0
		One align captures most of this contig: 131956 144524 | 12569 1 | 12569 12569 | 100.0 | Buchnera_aphidicola_Acyrthosiphon_pisum_ancestor k99_56_flag_0_multi_46.8259_len_12569

CONTIG: k99_64_flag_0_multi_46.2499_len_8478 (8478bp)
Top Length: 8478  Top ID: 100.0
		One align captures most of this contig: 633321 641798 | 8478 1 | 8478 8478 | 100.0 | Buchnera_aphidicola_Acyrthosiphon_pisum_ancestor k99_64_flag_0_multi_46.2499_len_8478

CONTIG: k99_104_flag_0_multi_45.1633_len_3425 (3425bp)
Top Length: 3425  Top ID: 100.0
		One align captures most of this contig: 270012 273436 | 1 3425 | 3425 3425 | 100.0 | Buchnera_aphidicola_Acyrthosiphon_pisum_ancestor k99_104_flag_0_multi_45.1633_len_3425

CONTIG: k99_45_flag_0_multi_44.0074_len_10435 (10435bp)
Top Length: 10435  Top ID: 100.0
		One align captures most of this contig: 208211 218645 | 10435 1 | 10435 10435 | 100.0 | Buchnera_aphidicola_Acyrthosiphon_pisum_0905 k99_45_flag_0_multi_44.0074_len_10435

CONTIG: k99_60_flag_0_multi_46.5784_len_44861 (44861bp)
Top Length: 44861  Top ID: 100.0
		Marking as insignificant: 454838 455083 | 1 246 | 246 246 | 96.34 | Buchnera_aphidicola_Acyrthosiphon_pisum_0905 k99_60_flag_0_multi_46.5784_len_44861
		One align captures most of this contig: 183135 227995 | 1 44861 | 44861 44861 | 100.0 | Buchnera_aphidicola_Acyrthosiphon_pisum_ancestor k99_60_flag_0_multi_46.5784_len_44861

CONTIG: k99_128_flag_0_multi_44.0547_len_8504 (8504bp)
Top Length: 8504  Top ID: 100.0
		One align captures most of this contig: 532825 541328 | 8504 1 | 8504 8504 | 100.0 | Buchnera_aphidicola_Acyrthosiphon_pisum_0905 k99_128_flag_0_multi_44.0547_len_8504

CONTIG: k99_139_flag_0_multi_47.5511_len_17665 (17665bp)
Top Length: 17665  Top ID: 100.0
		One align captures most of this contig: 461519 479183 | 17665 1 | 17665 17665 | 100.0 | Buchnera_aphidicola_Acyrthosiphon_pisum_ancestor k99_139_flag_0_multi_47.5511_len_17665

CONTIG: k99_29_flag_0_multi_47.5458_len_31987 (31987bp)
Top Length: 31987  Top ID: 100.0
		One align captures most of this contig: 465749 497735 | 31987 1 | 31987 31987 | 100.0 | Buchnera_aphidicola_Acyrthosiphon_pisum_0905 k99_29_flag_0_multi_47.5458_len_31987

CONTIG: k99_123_flag_0_multi_43.7669_len_12770 (12770bp)
Top Length: 12770  Top ID: 100.0
		One align captures most of this contig: 1 12770 | 12770 1 | 12770 12770 | 100.0 | Buchnera_aphidicola_Acyrthosiphon_pisum_ancestor k99_123_flag_0_multi_43.7669_len_12770

CONTIG: k99_135_flag_0_multi_50.1079_len_4251 (4251bp)
Top Length: 4251  Top ID: 100.0
		One align captures most of this contig: 262599 266849 | 1 4251 | 4251 4251 | 100.0 | Buchnera_aphidicola_Acyrthosiphon_pisum_0905 k99_135_flag_0_multi_50.1079_len_4251

CONTIG: k99_84_flag_0_multi_47.1994_len_2195 (2195bp)
Top Length: 2195  Top ID: 100.0
		One align captures most of this contig: 273343 275537 | 1 2195 | 2195 2195 | 100.0 | Buchnera_aphidicola_Acyrthosiphon_pisum_ancestor k99_84_flag_0_multi_47.1994_len_2195

CONTIG: k99_43_flag_0_multi_49.1378_len_5337 (5337bp)
Top Length: 5337  Top ID: 100.0
		One align captures most of this contig: 80150 85486 | 1 5337 | 5337 5337 | 100.0 | Buchnera_aphidicola_Acyrthosiphon_pisum_0905 k99_43_flag_0_multi_49.1378_len_5337

CONTIG: k99_95_flag_0_multi_46.3203_len_19814 (19814bp)
Top Length: 19814  Top ID: 100.0
		One align captures most of this contig: 218552 238365 | 19814 1 | 19814 19814 | 100.0 | Buchnera_aphidicola_Acyrthosiphon_pisum_0905 k99_95_flag_0_multi_46.3203_len_19814

CONTIG: k99_79_flag_0_multi_44.9909_len_19749 (19749bp)
Top Length: 19749  Top ID: 100.0
		Marking as insignificant: 560344 560675 | 332 1 | 332 332 | 96.08 | Buchnera_aphidicola_Acyrthosiphon_pisum_0905 k99_79_flag_0_multi_44.9909_len_19749
		One align captures most of this contig: 53167 72915 | 19749 1 | 19749 19749 | 100.0 | Buchnera_aphidicola_Acyrthosiphon_pisum_ancestor k99_79_flag_0_multi_44.9909_len_19749

CONTIG: k99_38_flag_0_multi_41.7888_len_4853 (4853bp)
Top Length: 4853  Top ID: 100.0
		One align captures most of this contig: 120279 125131 | 1 4853 | 4853 4853 | 100.0 | Buchnera_aphidicola_Acyrthosiphon_pisum_0905 k99_38_flag_0_multi_41.7888_len_4853

CONTIG: k99_137_flag_0_multi_47.0850_len_18788 (18788bp)
Top Length: 18788  Top ID: 100.0
		One align captures most of this contig: 592895 611682 | 1 18788 | 18788 18788 | 100.0 | Buchnera_aphidicola_Acyrthosiphon_pisum_ancestor k99_137_flag_0_multi_47.0850_len_18788

CONTIG: k99_69_flag_0_multi_47.6653_len_14685 (14685bp)
Top Length: 14685  Top ID: 100.0
		One align captures most of this contig: 618725 633409 | 1 14685 | 14685 14685 | 100.0 | Buchnera_aphidicola_Acyrthosiphon_pisum_0905 k99_69_flag_0_multi_47.6653_len_14685

CONTIG: k99_61_flag_0_multi_45.2809_len_1957 (1957bp)
Top Length: 1957  Top ID: 100.0
		Marking as insignificant: 446746 447096 | 351 1 | 351 351 | 96.01 | Buchnera_aphidicola_Acyrthosiphon_pisum_0905 k99_61_flag_0_multi_45.2809_len_1957
		One align captures most of this contig: 173437 175393 | 1957 1 | 1957 1957 | 100.0 | Buchnera_aphidicola_Acyrthosiphon_pisum_ancestor k99_61_flag_0_multi_45.2809_len_1957

CONTIG: k99_118_flag_0_multi_56.1655_len_1851 (1851bp)
Top Length: 1851  Top ID: 100.0
		One align captures most of this contig: 494427 496277 | 1 1851 | 1851 1851 | 100.0 | Buchnera_aphidicola_Acyrthosiphon_pisum_ancestor k99_118_flag_0_multi_56.1655_len_1851

CONTIG: k99_28_flag_0_multi_49.3944_len_12458 (12458bp)
Top Length: 12458  Top ID: 100.0
		One align captures most of this contig: 330359 342816 | 1 12458 | 12458 12458 | 100.0 | Buchnera_aphidicola_Acyrthosiphon_pisum_0905 k99_28_flag_0_multi_49.3944_len_12458

CONTIG: k99_50_flag_0_multi_47.9074_len_26980 (26980bp)
Top Length: 26980  Top ID: 100.0
		One align captures most of this contig: 169878 196857 | 26980 1 | 26980 26980 | 100.0 | Buchnera_aphidicola_Acyrthosiphon_pisum_0905 k99_50_flag_0_multi_47.9074_len_26980

CONTIG: k99_101_flag_0_multi_48.1774_len_6098 (6098bp)
Top Length: 6098  Top ID: 100.0
		One align captures most of this contig: 175302 181399 | 1 6098 | 6098 6098 | 100.0 | Buchnera_aphidicola_Acyrthosiphon_pisum_ancestor k99_101_flag_0_multi_48.1774_len_6098

CONTIG: k99_103_flag_0_multi_47.3554_len_19444 (19444bp)
Top Length: 19444  Top ID: 100.0
		Marking as insignificant: 72584 72915 | 332 1 | 332 332 | 96.08 | Buchnera_aphidicola_Acyrthosiphon_pisum_ancestor k99_103_flag_0_multi_47.3554_len_19444
		One align captures most of this contig: 541232 560675 | 19444 1 | 19444 19444 | 100.0 | Buchnera_aphidicola_Acyrthosiphon_pisum_0905 k99_103_flag_0_multi_47.3554_len_19444

CONTIG: k99_129_flag_0_multi_45.3160_len_10994 (10994bp)
Top Length: 10994  Top ID: 100.0
		Marking as insignificant: 183135 183380 | 1 246 | 246 246 | 96.34 | Buchnera_aphidicola_Acyrthosiphon_pisum_ancestor k99_129_flag_0_multi_45.3160_len_10994
		One align captures most of this contig: 454838 465831 | 1 10994 | 10994 10994 | 100.0 | Buchnera_aphidicola_Acyrthosiphon_pisum_0905 k99_129_flag_0_multi_45.3160_len_10994

CONTIG: k99_16_flag_0_multi_49.5499_len_10365 (10365bp)
Top Length: 10365  Top ID: 100.0
		One align captures most of this contig: 159598 169962 | 1 10365 | 10365 10365 | 100.0 | Buchnera_aphidicola_Acyrthosiphon_pisum_0905 k99_16_flag_0_multi_49.5499_len_10365

CONTIG: k99_51_flag_0_multi_47.6731_len_20837 (20837bp)
Top Length: 20837  Top ID: 100.0
		One align captures most of this contig: 579321 600157 | 20837 1 | 20837 20837 | 100.0 | Buchnera_aphidicola_Acyrthosiphon_pisum_0905 k99_51_flag_0_multi_47.6731_len_20837

CONTIG: k99_93_flag_0_multi_47.6562_len_20974 (20974bp)
Top Length: 20974  Top ID: 100.0
		One align captures most of this contig: 395402 416375 | 20974 1 | 20974 20974 | 100.0 | Buchnera_aphidicola_Acyrthosiphon_pisum_0905 k99_93_flag_0_multi_47.6562_len_20974

CONTIG: k99_21_flag_0_multi_46.2453_len_12995 (12995bp)
Top Length: 12995  Top ID: 100.0
		One align captures most of this contig: 249686 262680 | 1 12995 | 12995 12995 | 100.0 | Buchnera_aphidicola_Acyrthosiphon_pisum_0905 k99_21_flag_0_multi_46.2453_len_12995

CONTIG: k99_145_flag_0_multi_46.4380_len_17671 (17671bp)
Top Length: 17671  Top ID: 100.0
		One align captures most of this contig: 496237 513907 | 1 17671 | 17671 17671 | 100.0 | Buchnera_aphidicola_Acyrthosiphon_pisum_ancestor k99_145_flag_0_multi_46.4380_len_17671

CONTIG: k99_82_flag_0_multi_53.3625_len_1495 (1495bp)
Top Length: 1495  Top ID: 100.0
		One align captures most of this contig: 523392 524886 | 1495 1 | 1495 1495 | 100.0 | Buchnera_aphidicola_Acyrthosiphon_pisum_ancestor k99_82_flag_0_multi_53.3625_len_1495

CONTIG: k99_85_flag_0_multi_48.3389_len_10365 (10365bp)
Top Length: 10365  Top ID: 100.0
		One align captures most of this contig: 479086 489450 | 1 10365 | 10365 10365 | 100.0 | Buchnera_aphidicola_Acyrthosiphon_pisum_ancestor k99_85_flag_0_multi_48.3389_len_10365

CONTIG: k99_83_flag_0_multi_46.0902_len_5156 (5156bp)
Top Length: 5156  Top ID: 100.0
		One align captures most of this contig: 489366 494521 | 5156 1 | 5156 5156 | 100.0 | Buchnera_aphidicola_Acyrthosiphon_pisum_ancestor k99_83_flag_0_multi_46.0902_len_5156

CONTIG: k99_142_flag_0_multi_47.0625_len_24192 (24192bp)
Top Length: 24192  Top ID: 100.0
		One align captures most of this contig: 56024 80215 | 24192 1 | 24192 24192 | 100.0 | Buchnera_aphidicola_Acyrthosiphon_pisum_0905 k99_142_flag_0_multi_47.0625_len_24192

CONTIG: k99_34_flag_0_multi_51.1298_len_5337 (5337bp)
Top Length: 5337  Top ID: 100.0
		One align captures most of this contig: 611619 616955 | 5337 1 | 5337 5337 | 100.0 | Buchnera_aphidicola_Acyrthosiphon_pisum_ancestor k99_34_flag_0_multi_51.1298_len_5337

CONTIG: k99_115_flag_0_multi_45.0645_len_6979 (6979bp)
Top Length: 6979  Top ID: 100.0
		One align captures most of this contig: 524818 531796 | 6979 1 | 6979 6979 | 100.0 | Buchnera_aphidicola_Acyrthosiphon_pisum_ancestor k99_115_flag_0_multi_45.0645_len_6979

CONTIG: k99_17_flag_0_multi_46.0650_len_5541 (5541bp)
Top Length: 5541  Top ID: 100.0
		One align captures most of this contig: 363460 369000 | 5541 1 | 5541 5541 | 100.0 | Buchnera_aphidicola_Acyrthosiphon_pisum_ancestor k99_17_flag_0_multi_46.0650_len_5541

CONTIG: k99_96_flag_0_multi_48.0900_len_6011 (6011bp)
Top Length: 6011  Top ID: 100.0
		One align captures most of this contig: 357488 363498 | 6011 1 | 6011 6011 | 100.0 | Buchnera_aphidicola_Acyrthosiphon_pisum_ancestor k99_96_flag_0_multi_48.0900_len_6011

CONTIG: k99_55_flag_0_multi_49.0608_len_14761 (14761bp)
Top Length: 14761  Top ID: 100.0
		One align captures most of this contig: 38494 53254 | 1 14761 | 14761 14761 | 100.0 | Buchnera_aphidicola_Acyrthosiphon_pisum_ancestor k99_55_flag_0_multi_49.0608_len_14761

CONTIG: k99_54_flag_0_multi_45.1285_len_12995 (12995bp)
Top Length: 12995  Top ID: 100.0
		One align captures most of this contig: 368906 381900 | 1 12995 | 12995 12995 | 100.0 | Buchnera_aphidicola_Acyrthosiphon_pisum_ancestor k99_54_flag_0_multi_45.1285_len_12995

CONTIG: k99_138_flag_0_multi_45.0014_len_3026 (3026bp)
Top Length: 3026  Top ID: 100.0
		One align captures most of this contig: 564941 567966 | 3026 1 | 3026 3026 | 100.0 | Buchnera_aphidicola_Acyrthosiphon_pisum_0905 k99_138_flag_0_multi_45.0014_len_3026

CONTIG: k99_23_flag_0_multi_46.1166_len_4600 (4600bp)
Top Length: 4600  Top ID: 100.0
		One align captures most of this contig: 33951 38550 | 1 4600 | 4600 4600 | 100.0 | Buchnera_aphidicola_Acyrthosiphon_pisum_ancestor k99_23_flag_0_multi_46.1166_len_4600

CONTIG: k99_99_flag_0_multi_47.1566_len_5292 (5292bp)
Top Length: 5292  Top ID: 100.0
		One align captures most of this contig: 264816 270107 | 5292 1 | 5292 5292 | 100.0 | Buchnera_aphidicola_Acyrthosiphon_pisum_ancestor k99_99_flag_0_multi_47.1566_len_5292

CONTIG: k99_81_flag_0_multi_49.1885_len_2195 (2195bp)
Top Length: 2195  Top ID: 100.0
		One align captures most of this contig: 375707 377901 | 1 2195 | 2195 2195 | 100.0 | Buchnera_aphidicola_Acyrthosiphon_pisum_0905 k99_81_flag_0_multi_49.1885_len_2195

CONTIG: k99_91_flag_0_multi_49.5129_len_1727 (1727bp)
Top Length: 1727  Top ID: 100.0
		One align captures most of this contig: 567881 569607 | 1727 1 | 1727 1727 | 100.0 | Buchnera_aphidicola_Acyrthosiphon_pisum_0905 k99_91_flag_0_multi_49.5129_len_1727

CONTIG: k99_30_flag_0_multi_52.3988_len_4663 (4663bp)
Top Length: 4663  Top ID: 100.0
		One align captures most of this contig: 325793 330455 | 4663 1 | 4663 4663 | 100.0 | Buchnera_aphidicola_Acyrthosiphon_pisum_0905 k99_30_flag_0_multi_52.3988_len_4663

CONTIG: k99_75_flag_0_multi_49.5160_len_1727 (1727bp)
Top Length: 1727  Top ID: 100.0
		One align captures most of this contig: 263175 264901 | 1 1727 | 1727 1727 | 100.0 | Buchnera_aphidicola_Acyrthosiphon_pisum_ancestor k99_75_flag_0_multi_49.5160_len_1727

CONTIG: k99_73_flag_0_multi_45.6565_len_27782 (27782bp)
Top Length: 27782  Top ID: 100.0
		One align captures most of this contig: 13091 40872 | 1 27782 | 27782 27782 | 100.0 | Buchnera_aphidicola_Acyrthosiphon_pisum_0905 k99_73_flag_0_multi_45.6565_len_27782

CONTIG: k99_59_flag_0_multi_46.2253_len_25141 (25141bp)
Top Length: 25141  Top ID: 100.0
		One align captures most of this contig: 507782 532922 | 1 25141 | 25141 25141 | 100.0 | Buchnera_aphidicola_Acyrthosiphon_pisum_0905 k99_59_flag_0_multi_46.2253_len_25141

CONTIG: k99_25_flag_0_multi_50.1681_len_4425 (4425bp)
Top Length: 4425  Top ID: 100.0
		One align captures most of this contig: 560588 565012 | 1 4425 | 4425 4425 | 100.0 | Buchnera_aphidicola_Acyrthosiphon_pisum_0905 k99_25_flag_0_multi_50.1681_len_4425

CONTIG: k99_88_flag_0_multi_50.3034_len_6098 (6098bp)
Top Length: 6098  Top ID: 100.0
		One align captures most of this contig: 447005 453102 | 1 6098 | 6098 6098 | 100.0 | Buchnera_aphidicola_Acyrthosiphon_pisum_0905 k99_88_flag_0_multi_50.3034_len_6098

CONTIG: k99_70_flag_0_multi_45.6213_len_4551 (4551bp)
Top Length: 4551  Top ID: 100.0
		Marking as insignificant: 394950 395428 | 4073 4551 | 479 479 | 95.2 | Buchnera_aphidicola_Acyrthosiphon_pisum_0905 k99_70_flag_0_multi_45.6213_len_4551
		One align captures most of this contig: 111026 115576 | 4551 1 | 4551 4551 | 100.0 | Buchnera_aphidicola_Acyrthosiphon_pisum_ancestor k99_70_flag_0_multi_45.6213_len_4551

CONTIG: k99_12_flag_0_multi_46.8021_len_5541 (5541bp)
Top Length: 5541  Top ID: 100.0
		One align captures most of this contig: 244240 249780 | 5541 1 | 5541 5541 | 100.0 | Buchnera_aphidicola_Acyrthosiphon_pisum_0905 k99_12_flag_0_multi_46.8021_len_5541

CONTIG: k99_44_flag_0_multi_48.0313_len_11476 (11476bp)
Top Length: 11476  Top ID: 100.0
		One align captures most of this contig: 196791 208266 | 11476 1 | 11476 11476 | 100.0 | Buchnera_aphidicola_Acyrthosiphon_pisum_0905 k99_44_flag_0_multi_48.0313_len_11476

CONTIG: k99_113_flag_0_multi_45.8679_len_21742 (21742bp)
Top Length: 21742  Top ID: 100.0
		One align captures most of this contig: 126463 148204 | 1 21742 | 21742 21742 | 100.0 | Buchnera_aphidicola_Acyrthosiphon_pisum_0905 k99_113_flag_0_multi_45.8679_len_21742

CONTIG: k99_130_flag_0_multi_45.1284_len_4251 (4251bp)
Top Length: 4251  Top ID: 100.0
		One align captures most of this contig: 381819 386069 | 1 4251 | 4251 4251 | 100.0 | Buchnera_aphidicola_Acyrthosiphon_pisum_ancestor k99_130_flag_0_multi_45.1284_len_4251

CONTIG: k99_11_flag_0_multi_48.1491_len_3425 (3425bp)
Top Length: 3425  Top ID: 100.0
		One align captures most of this contig: 372376 375800 | 1 3425 | 3425 3425 | 100.0 | Buchnera_aphidicola_Acyrthosiphon_pisum_0905 k99_11_flag_0_multi_48.1491_len_3425

CONTIG: k99_132_flag_0_multi_47.6993_len_12768 (12768bp)
Top Length: 12768  Top ID: 100.0
		One align captures most of this contig: 3 12770 | 12768 1 | 12768 12768 | 100.0 | Buchnera_aphidicola_Acyrthosiphon_pisum_0905 k99_132_flag_0_multi_47.6993_len_12768

CONTIG: k99_46_flag_0_multi_46.6523_len_16525 (16525bp)
Top Length: 16525  Top ID: 100.0
		One align captures most of this contig: 115480 132004 | 1 16525 | 16525 16525 | 100.0 | Buchnera_aphidicola_Acyrthosiphon_pisum_ancestor k99_46_flag_0_multi_46.6523_len_16525

CONTIG: k99_117_flag_0_multi_52.2083_len_1851 (1851bp)
Top Length: 1851  Top ID: 100.0
		One align captures most of this contig: 153672 155522 | 1851 1 | 1851 1851 | 100.0 | Buchnera_aphidicola_Acyrthosiphon_pisum_0905 k99_117_flag_0_multi_52.2083_len_1851

CONTIG: k99_15_flag_0_multi_46.0168_len_15342 (15342bp)
Top Length: 15342  Top ID: 100.0
		One align captures most of this contig: 40774 56115 | 1 15342 | 15342 15342 | 100.0 | Buchnera_aphidicola_Acyrthosiphon_pisum_0905 k99_15_flag_0_multi_46.0168_len_15342

CONTIG: k99_49_flag_0_multi_48.0897_len_4268 (4268bp)
Top Length: 4268  Top ID: 100.0
		One align captures most of this contig: 155428 159695 | 1 4268 | 4268 4268 | 100.0 | Buchnera_aphidicola_Acyrthosiphon_pisum_0905 k99_49_flag_0_multi_48.0897_len_4268

CONTIG: k99_86_flag_0_multi_49.4573_len_9216 (9216bp)
Top Length: 9216  Top ID: 100.0
		One align captures most of this contig: 417567 426782 | 1 9216 | 9216 9216 | 100.0 | Buchnera_aphidicola_Acyrthosiphon_pisum_ancestor k99_86_flag_0_multi_49.4573_len_9216

CONTIG: k99_62_flag_0_multi_51.1634_len_4425 (4425bp)
Top Length: 4425  Top ID: 100.0
		One align captures most of this contig: 72828 77252 | 1 4425 | 4425 4425 | 100.0 | Buchnera_aphidicola_Acyrthosiphon_pisum_ancestor k99_62_flag_0_multi_51.1634_len_4425

CONTIG: k99_124_flag_0_multi_45.1447_len_27449 (27449bp)
Top Length: 27449  Top ID: 100.0
		One align captures most of this contig: 531717 559165 | 1 27449 | 27449 27449 | 100.0 | Buchnera_aphidicola_Acyrthosiphon_pisum_ancestor k99_124_flag_0_multi_45.1447_len_27449

CONTIG: k99_20_flag_0_multi_43.7888_len_4663 (4663bp)
Top Length: 4663  Top ID: 100.0
		One align captures most of this contig: 426686 431348 | 1 4663 | 4663 4663 | 100.0 | Buchnera_aphidicola_Acyrthosiphon_pisum_ancestor k99_20_flag_0_multi_43.7888_len_4663

CONTIG: k99_143_flag_0_multi_47.5930_len_34936 (34936bp)
Top Length: 34936  Top ID: 100.0
		One align captures most of this contig: 85423 120358 | 1 34936 | 34936 34936 | 100.0 | Buchnera_aphidicola_Acyrthosiphon_pisum_0905 k99_143_flag_0_multi_47.5930_len_34936

CONTIG: k99_22_flag_0_multi_46.0325_len_17721 (17721bp)
Top Length: 17721  Top ID: 100.0
		One align captures most of this contig: 236305 254025 | 17721 1 | 17721 17721 | 100.0 | Buchnera_aphidicola_Acyrthosiphon_pisum_ancestor k99_22_flag_0_multi_46.0325_len_17721

CONTIG: k99_127_flag_0_multi_49.0261_len_10192 (10192bp)
Top Length: 10192  Top ID: 100.0
		One align captures most of this contig: 497687 507878 | 1 10192 | 10192 10192 | 100.0 | Buchnera_aphidicola_Acyrthosiphon_pisum_0905 k99_127_flag_0_multi_49.0261_len_10192

CONTIG: k99_107_flag_0_multi_48.6602_len_17616 (17616bp)
Top Length: 17616  Top ID: 100.0
		Marking as insignificant: 111026 111504 | 1 479 | 479 479 | 95.2 | Buchnera_aphidicola_Acyrthosiphon_pisum_ancestor k99_107_flag_0_multi_48.6602_len_17616
		One align captures most of this contig: 377813 395428 | 17616 1 | 17616 17616 | 100.0 | Buchnera_aphidicola_Acyrthosiphon_pisum_0905 k99_107_flag_0_multi_48.6602_len_17616

CONTIG: k99_14_flag_0_multi_47.1610_len_18548 (18548bp)
Top Length: 18548  Top ID: 99.99
		One align captures most of this contig: 559155 577702 | 1 18548 | 18548 18548 | 99.99 | Buchnera_aphidicola_Acyrthosiphon_pisum_ancestor k99_14_flag_0_multi_47.1610_len_18548

CONTIG: k99_108_flag_0_multi_47.0470_len_8504 (8504bp)
Top Length: 8504  Top ID: 100.0
		One align captures most of this contig: 227898 236401 | 8504 1 | 8504 8504 | 100.0 | Buchnera_aphidicola_Acyrthosiphon_pisum_ancestor k99_108_flag_0_multi_47.0470_len_8504

CONTIG: k99_78_flag_0_multi_44.4728_len_1495 (1495bp)
Top Length: 1495  Top ID: 100.0
		One align captures most of this contig: 125063 126557 | 1 1495 | 1495 1495 | 100.0 | Buchnera_aphidicola_Acyrthosiphon_pisum_0905 k99_78_flag_0_multi_44.4728_len_1495

CONTIG: k99_58_flag_0_multi_48.0212_len_44756 (44756bp)
Top Length: 44756  Top ID: 100.0
		One align captures most of this contig: 281130 325885 | 44756 1 | 44756 44756 | 100.0 | Buchnera_aphidicola_Acyrthosiphon_pisum_0905 k99_58_flag_0_multi_48.0212_len_44756

CONTIG: k99_67_flag_0_multi_49.0206_len_30815 (30815bp)
Top Length: 30815  Top ID: 100.0
		Marking as insignificant: 90023 90172 | 30666 30815 | 150 150 | 97.33 | Buchnera_aphidicola_Acyrthosiphon_pisum_ancestor k99_67_flag_0_multi_49.0206_len_30815
		Marking as insignificant: 175043 175393 | 351 1 | 351 351 | 96.01 | Buchnera_aphidicola_Acyrthosiphon_pisum_ancestor k99_67_flag_0_multi_49.0206_len_30815
		One align captures most of this contig: 416282 447096 | 30815 1 | 30815 30815 | 100.0 | Buchnera_aphidicola_Acyrthosiphon_pisum_0905 k99_67_flag_0_multi_49.0206_len_30815

CONTIG: k99_89_flag_0_multi_49.0896_len_6011 (6011bp)
Top Length: 6011  Top ID: 100.0
		One align captures most of this contig: 238268 244278 | 6011 1 | 6011 6011 | 100.0 | Buchnera_aphidicola_Acyrthosiphon_pisum_0905 k99_89_flag_0_multi_49.0896_len_6011

CONTIG: k99_102_flag_0_multi_47.5222_len_15383 (15383bp)
Top Length: 15383  Top ID: 100.0
		One align captures most of this contig: 577604 592986 | 15383 1 | 15383 15383 | 100.0 | Buchnera_aphidicola_Acyrthosiphon_pisum_ancestor k99_102_flag_0_multi_47.5222_len_15383

CONTIG: k99_13_flag_0_multi_44.0605_len_9857 (9857bp)
Top Length: 9857  Top ID: 100.0
		One align captures most of this contig: 569549 579405 | 1 9857 | 9857 9857 | 100.0 | Buchnera_aphidicola_Acyrthosiphon_pisum_0905 k99_13_flag_0_multi_44.0605_len_9857

CONTIG: k99_31_flag_0_multi_49.0984_len_9073 (9073bp)
Top Length: 9073  Top ID: 100.0
		One align captures most of this contig: 609740 618812 | 9073 1 | 9073 9073 | 100.0 | Buchnera_aphidicola_Acyrthosiphon_pisum_0905 k99_31_flag_0_multi_49.0984_len_9073

CONTIG: k99_106_flag_0_multi_47.7621_len_31662 (31662bp)
Top Length: 31662  Top ID: 100.0
		One align captures most of this contig: 385999 417660 | 1 31662 | 31662 31662 | 100.0 | Buchnera_aphidicola_Acyrthosiphon_pisum_ancestor k99_106_flag_0_multi_47.7621_len_31662

CONTIG: k99_146_flag_0_multi_50.0491_len_14445 (14445bp)
Top Length: 14445  Top ID: 100.0
		One align captures most of this contig: 266779 281223 | 1 14445 | 14445 14445 | 100.0 | Buchnera_aphidicola_Acyrthosiphon_pisum_0905 k99_146_flag_0_multi_50.0491_len_14445

CONTIG: k99_68_flag_0_multi_43.5541_len_1920 (1920bp)
Top Length: 1920  Top ID: 100.0
		One align captures most of this contig: 181304 183223 | 1 1920 | 1920 1920 | 100.0 | Buchnera_aphidicola_Acyrthosiphon_pisum_ancestor k99_68_flag_0_multi_43.5541_len_1920

CONTIG: k99_125_flag_0_multi_46.6951_len_20974 (20974bp)
Top Length: 20974  Top ID: 100.0
		One align captures most of this contig: 90079 111052 | 1 20974 | 20974 20974 | 100.0 | Buchnera_aphidicola_Acyrthosiphon_pisum_ancestor k99_125_flag_0_multi_46.6951_len_20974

CONTIG: k99_98_flag_0_multi_47.0505_len_9737 (9737bp)
Top Length: 9737  Top ID: 100.0
		One align captures most of this contig: 600060 609796 | 9737 1 | 9737 9737 | 100.0 | Buchnera_aphidicola_Acyrthosiphon_pisum_0905 k99_98_flag_0_multi_47.0505_len_9737

CONTIG: k99_87_flag_0_multi_48.3582_len_12992 (12992bp)
Top Length: 12992  Top ID: 100.0
		Marking as insignificant: 416282 416431 | 12992 12843 | 150 150 | 97.33 | Buchnera_aphidicola_Acyrthosiphon_pisum_0905 k99_87_flag_0_multi_48.3582_len_12992
		One align captures most of this contig: 77181 90172 | 1 12992 | 12992 12992 | 100.0 | Buchnera_aphidicola_Acyrthosiphon_pisum_ancestor k99_87_flag_0_multi_48.3582_len_12992

Analyzing coverage...
Writing SNPs into /vol/cami-scratch/Simpipeline/iTol_genomes/Buchnera_aphidicola_Acyrthosiphon_pisum_0905/quast_strain/combined_quast_output/contigs_reports/nucmer_output/final.contigs.used_snps
	Reference Buchnera_aphidicola_Acyrthosiphon_pisum_ancestor: 49 total alignments. 1 total regions.
		Region: 1 to 641799 (641799 bp)
			Align 1: 1 12770 k99_123_flag_0_multi_43.7669_len_12770 12770 1
				Gap between this and next alignment: 12770 to 13091 (320 bp)
				Next Alignment: 13091 34035 k99_48_flag_0_multi_47.1130_len_20945 20945 1

			Align 2: 13091 34035 k99_48_flag_0_multi_47.1130_len_20945 20945 1
				Negative gap (overlap) between this and next alignment: 34035 to 33951 (-84 bp)
				Next Alignment: 33951 38550 k99_23_flag_0_multi_46.1166_len_4600 1 4600

			Previous gap was negative, modifying coordinates to ignore overlap
				Moving contig start from 1 to 86.
			Align 3: 34036 38550 k99_23_flag_0_multi_46.1166_len_4600 86 4600
				Negative gap (overlap) between this and next alignment: 38550 to 38494 (-56 bp)
				Next Alignment: 38494 53254 k99_55_flag_0_multi_49.0608_len_14761 1 14761

			Previous gap was negative, modifying coordinates to ignore overlap
				Moving contig start from 1 to 58.
			Align 4: 38551 53254 k99_55_flag_0_multi_49.0608_len_14761 58 14761
				Negative gap (overlap) between this and next alignment: 53254 to 53167 (-87 bp)
				Next Alignment: 53167 72915 k99_79_flag_0_multi_44.9909_len_19749 19749 1

			Previous gap was negative, modifying coordinates to ignore overlap
				Moving contig start from 19749 to 19661.
			Align 5: 53255 72915 k99_79_flag_0_multi_44.9909_len_19749 19661 1
				Negative gap (overlap) between this and next alignment: 72915 to 72828 (-87 bp)
				Next Alignment: 72828 77252 k99_62_flag_0_multi_51.1634_len_4425 1 4425

			Previous gap was negative, modifying coordinates to ignore overlap
				Moving contig start from 1 to 89.
			Align 6: 72916 77252 k99_62_flag_0_multi_51.1634_len_4425 89 4425
				Negative gap (overlap) between this and next alignment: 77252 to 77181 (-71 bp)
				Next Alignment: 77181 90172 k99_87_flag_0_multi_48.3582_len_12992 1 12992

			Previous gap was negative, modifying coordinates to ignore overlap
				Moving contig start from 1 to 73.
			Align 7: 77253 90172 k99_87_flag_0_multi_48.3582_len_12992 73 12992
				Negative gap (overlap) between this and next alignment: 90172 to 90079 (-93 bp)
				Next Alignment: 90079 111052 k99_125_flag_0_multi_46.6951_len_20974 1 20974

			Previous gap was negative, modifying coordinates to ignore overlap
				Moving contig start from 1 to 95.
			Align 8: 90173 111052 k99_125_flag_0_multi_46.6951_len_20974 95 20974
				Negative gap (overlap) between this and next alignment: 111052 to 111026 (-26 bp)
				Next Alignment: 111026 115576 k99_70_flag_0_multi_45.6213_len_4551 4551 1

			Previous gap was negative, modifying coordinates to ignore overlap
				Moving contig start from 4551 to 4524.
			Align 9: 111053 115576 k99_70_flag_0_multi_45.6213_len_4551 4524 1
				Negative gap (overlap) between this and next alignment: 115576 to 115480 (-96 bp)
				Next Alignment: 115480 132004 k99_46_flag_0_multi_46.6523_len_16525 1 16525

			Previous gap was negative, modifying coordinates to ignore overlap
				Moving contig start from 1 to 98.
			Align 10: 115577 132004 k99_46_flag_0_multi_46.6523_len_16525 98 16525
				Negative gap (overlap) between this and next alignment: 132004 to 131956 (-48 bp)
				Next Alignment: 131956 144524 k99_56_flag_0_multi_46.8259_len_12569 12569 1

			Previous gap was negative, modifying coordinates to ignore overlap
				Moving contig start from 12569 to 12520.
			Align 11: 132005 144524 k99_56_flag_0_multi_46.8259_len_12569 12520 1
				Negative gap (overlap) between this and next alignment: 144524 to 144478 (-46 bp)
				Next Alignment: 144478 173519 k99_144_flag_0_multi_48.5551_len_29042 29042 1

			Previous gap was negative, modifying coordinates to ignore overlap
				Moving contig start from 29042 to 28995.
			Align 12: 144525 173519 k99_144_flag_0_multi_48.5551_len_29042 28995 1
				Negative gap (overlap) between this and next alignment: 173519 to 173437 (-82 bp)
				Next Alignment: 173437 175393 k99_61_flag_0_multi_45.2809_len_1957 1957 1

			Previous gap was negative, modifying coordinates to ignore overlap
				Moving contig start from 1957 to 1874.
			Align 13: 173520 175393 k99_61_flag_0_multi_45.2809_len_1957 1874 1
				Negative gap (overlap) between this and next alignment: 175393 to 175302 (-91 bp)
				Next Alignment: 175302 181399 k99_101_flag_0_multi_48.1774_len_6098 1 6098

			Previous gap was negative, modifying coordinates to ignore overlap
				Moving contig start from 1 to 93.
			Align 14: 175394 181399 k99_101_flag_0_multi_48.1774_len_6098 93 6098
				Negative gap (overlap) between this and next alignment: 181399 to 181304 (-95 bp)
				Next Alignment: 181304 183223 k99_68_flag_0_multi_43.5541_len_1920 1 1920

			Previous gap was negative, modifying coordinates to ignore overlap
				Moving contig start from 1 to 97.
			Align 15: 181400 183223 k99_68_flag_0_multi_43.5541_len_1920 97 1920
				Negative gap (overlap) between this and next alignment: 183223 to 183135 (-88 bp)
				Next Alignment: 183135 227995 k99_60_flag_0_multi_46.5784_len_44861 1 44861

			Previous gap was negative, modifying coordinates to ignore overlap
				Moving contig start from 1 to 90.
			Align 16: 183224 227995 k99_60_flag_0_multi_46.5784_len_44861 90 44861
				Negative gap (overlap) between this and next alignment: 227995 to 227898 (-97 bp)
				Next Alignment: 227898 236401 k99_108_flag_0_multi_47.0470_len_8504 8504 1

			Previous gap was negative, modifying coordinates to ignore overlap
				Moving contig start from 8504 to 8406.
			Align 17: 227996 236401 k99_108_flag_0_multi_47.0470_len_8504 8406 1
				Negative gap (overlap) between this and next alignment: 236401 to 236305 (-96 bp)
				Next Alignment: 236305 254025 k99_22_flag_0_multi_46.0325_len_17721 17721 1

			Previous gap was negative, modifying coordinates to ignore overlap
				Moving contig start from 17721 to 17624.
			Align 18: 236402 254025 k99_22_flag_0_multi_46.0325_len_17721 17624 1
				Negative gap (overlap) between this and next alignment: 254025 to 253928 (-97 bp)
				Next Alignment: 253928 263233 k99_121_flag_0_multi_44.0632_len_9306 9306 1

			Previous gap was negative, modifying coordinates to ignore overlap
				Moving contig start from 9306 to 9208.
			Align 19: 254026 263233 k99_121_flag_0_multi_44.0632_len_9306 9208 1
				Negative gap (overlap) between this and next alignment: 263233 to 263175 (-58 bp)
				Next Alignment: 263175 264901 k99_75_flag_0_multi_49.5160_len_1727 1 1727

			Previous gap was negative, modifying coordinates to ignore overlap
				Moving contig start from 1 to 60.
			Align 20: 263234 264901 k99_75_flag_0_multi_49.5160_len_1727 60 1727
				Negative gap (overlap) between this and next alignment: 264901 to 264816 (-85 bp)
				Next Alignment: 264816 270107 k99_99_flag_0_multi_47.1566_len_5292 5292 1

			Previous gap was negative, modifying coordinates to ignore overlap
				Moving contig start from 5292 to 5206.
			Align 21: 264902 270107 k99_99_flag_0_multi_47.1566_len_5292 5206 1
				Negative gap (overlap) between this and next alignment: 270107 to 270012 (-95 bp)
				Next Alignment: 270012 273436 k99_104_flag_0_multi_45.1633_len_3425 1 3425

			Previous gap was negative, modifying coordinates to ignore overlap
				Moving contig start from 1 to 97.
			Align 22: 270108 273436 k99_104_flag_0_multi_45.1633_len_3425 97 3425
				Negative gap (overlap) between this and next alignment: 273436 to 273343 (-93 bp)
				Next Alignment: 273343 275537 k99_84_flag_0_multi_47.1994_len_2195 1 2195

			Previous gap was negative, modifying coordinates to ignore overlap
				Moving contig start from 1 to 95.
			Align 23: 273437 275537 k99_84_flag_0_multi_47.1994_len_2195 95 2195
				Negative gap (overlap) between this and next alignment: 275537 to 275449 (-88 bp)
				Next Alignment: 275449 320484 k99_110_flag_0_multi_46.4980_len_45036 45036 1

			Previous gap was negative, modifying coordinates to ignore overlap
				Moving contig start from 45036 to 44947.
			Align 24: 275538 320484 k99_110_flag_0_multi_46.4980_len_45036 44947 1
				Negative gap (overlap) between this and next alignment: 320484 to 320418 (-66 bp)
				Next Alignment: 320418 337865 k99_120_flag_0_multi_47.0244_len_17448 17448 1

			Previous gap was negative, modifying coordinates to ignore overlap
				Moving contig start from 17448 to 17381.
			Align 25: 320485 337865 k99_120_flag_0_multi_47.0244_len_17448 17381 1
				Negative gap (overlap) between this and next alignment: 337865 to 337772 (-93 bp)
				Next Alignment: 337772 357585 k99_53_flag_0_multi_46.2132_len_19814 19814 1

			Previous gap was negative, modifying coordinates to ignore overlap
				Moving contig start from 19814 to 19720.
			Align 26: 337866 357585 k99_53_flag_0_multi_46.2132_len_19814 19720 1
				Negative gap (overlap) between this and next alignment: 357585 to 357488 (-97 bp)
				Next Alignment: 357488 363498 k99_96_flag_0_multi_48.0900_len_6011 6011 1

			Previous gap was negative, modifying coordinates to ignore overlap
				Moving contig start from 6011 to 5913.
			Align 27: 357586 363498 k99_96_flag_0_multi_48.0900_len_6011 5913 1
				Negative gap (overlap) between this and next alignment: 363498 to 363460 (-38 bp)
				Next Alignment: 363460 369000 k99_17_flag_0_multi_46.0650_len_5541 5541 1

			Previous gap was negative, modifying coordinates to ignore overlap
				Moving contig start from 5541 to 5502.
			Align 28: 363499 369000 k99_17_flag_0_multi_46.0650_len_5541 5502 1
				Negative gap (overlap) between this and next alignment: 369000 to 368906 (-94 bp)
				Next Alignment: 368906 381900 k99_54_flag_0_multi_45.1285_len_12995 1 12995

			Previous gap was negative, modifying coordinates to ignore overlap
				Moving contig start from 1 to 96.
			Align 29: 369001 381900 k99_54_flag_0_multi_45.1285_len_12995 96 12995
				Negative gap (overlap) between this and next alignment: 381900 to 381819 (-81 bp)
				Next Alignment: 381819 386069 k99_130_flag_0_multi_45.1284_len_4251 1 4251

			Previous gap was negative, modifying coordinates to ignore overlap
				Moving contig start from 1 to 83.
			Align 30: 381901 386069 k99_130_flag_0_multi_45.1284_len_4251 83 4251
				Negative gap (overlap) between this and next alignment: 386069 to 385999 (-70 bp)
				Next Alignment: 385999 417660 k99_106_flag_0_multi_47.7621_len_31662 1 31662

			Previous gap was negative, modifying coordinates to ignore overlap
				Moving contig start from 1 to 72.
			Align 31: 386070 417660 k99_106_flag_0_multi_47.7621_len_31662 72 31662
				Negative gap (overlap) between this and next alignment: 417660 to 417567 (-93 bp)
				Next Alignment: 417567 426782 k99_86_flag_0_multi_49.4573_len_9216 1 9216

			Previous gap was negative, modifying coordinates to ignore overlap
				Moving contig start from 1 to 95.
			Align 32: 417661 426782 k99_86_flag_0_multi_49.4573_len_9216 95 9216
				Negative gap (overlap) between this and next alignment: 426782 to 426686 (-96 bp)
				Next Alignment: 426686 431348 k99_20_flag_0_multi_43.7888_len_4663 1 4663

			Previous gap was negative, modifying coordinates to ignore overlap
				Moving contig start from 1 to 98.
			Align 33: 426783 431348 k99_20_flag_0_multi_43.7888_len_4663 98 4663
				Negative gap (overlap) between this and next alignment: 431348 to 431256 (-92 bp)
				Next Alignment: 431256 461602 k99_105_flag_0_multi_48.0112_len_30347 1 30347

			Previous gap was negative, modifying coordinates to ignore overlap
				Moving contig start from 1 to 94.
			Align 34: 431349 461602 k99_105_flag_0_multi_48.0112_len_30347 94 30347
				Negative gap (overlap) between this and next alignment: 461602 to 461519 (-83 bp)
				Next Alignment: 461519 479183 k99_139_flag_0_multi_47.5511_len_17665 17665 1

			Previous gap was negative, modifying coordinates to ignore overlap
				Moving contig start from 17665 to 17581.
			Align 35: 461603 479183 k99_139_flag_0_multi_47.5511_len_17665 17581 1
				Negative gap (overlap) between this and next alignment: 479183 to 479086 (-97 bp)
				Next Alignment: 479086 489450 k99_85_flag_0_multi_48.3389_len_10365 1 10365

			Previous gap was negative, modifying coordinates to ignore overlap
				Moving contig start from 1 to 99.
			Align 36: 479184 489450 k99_85_flag_0_multi_48.3389_len_10365 99 10365
				Negative gap (overlap) between this and next alignment: 489450 to 489366 (-84 bp)
				Next Alignment: 489366 494521 k99_83_flag_0_multi_46.0902_len_5156 5156 1

			Previous gap was negative, modifying coordinates to ignore overlap
				Moving contig start from 5156 to 5071.
			Align 37: 489451 494521 k99_83_flag_0_multi_46.0902_len_5156 5071 1
				Negative gap (overlap) between this and next alignment: 494521 to 494427 (-94 bp)
				Next Alignment: 494427 496277 k99_118_flag_0_multi_56.1655_len_1851 1 1851

			Previous gap was negative, modifying coordinates to ignore overlap
				Moving contig start from 1 to 96.
			Align 38: 494522 496277 k99_118_flag_0_multi_56.1655_len_1851 96 1851
				Negative gap (overlap) between this and next alignment: 496277 to 496237 (-40 bp)
				Next Alignment: 496237 513907 k99_145_flag_0_multi_46.4380_len_17671 1 17671

			Previous gap was negative, modifying coordinates to ignore overlap
				Moving contig start from 1 to 42.
			Align 39: 496278 513907 k99_145_flag_0_multi_46.4380_len_17671 42 17671
				Negative gap (overlap) between this and next alignment: 513907 to 513844 (-63 bp)
				Next Alignment: 513844 523486 k99_37_flag_0_multi_50.2091_len_9643 9643 1

			Previous gap was negative, modifying coordinates to ignore overlap
				Moving contig start from 9643 to 9579.
			Align 40: 513908 523486 k99_37_flag_0_multi_50.2091_len_9643 9579 1
				Negative gap (overlap) between this and next alignment: 523486 to 523392 (-94 bp)
				Next Alignment: 523392 524886 k99_82_flag_0_multi_53.3625_len_1495 1495 1

			Previous gap was negative, modifying coordinates to ignore overlap
				Moving contig start from 1495 to 1400.
			Align 41: 523487 524886 k99_82_flag_0_multi_53.3625_len_1495 1400 1
				Negative gap (overlap) between this and next alignment: 524886 to 524818 (-68 bp)
				Next Alignment: 524818 531796 k99_115_flag_0_multi_45.0645_len_6979 6979 1

			Previous gap was negative, modifying coordinates to ignore overlap
				Moving contig start from 6979 to 6910.
			Align 42: 524887 531796 k99_115_flag_0_multi_45.0645_len_6979 6910 1
				Negative gap (overlap) between this and next alignment: 531796 to 531717 (-79 bp)
				Next Alignment: 531717 559165 k99_124_flag_0_multi_45.1447_len_27449 1 27449

			Previous gap was negative, modifying coordinates to ignore overlap
				Moving contig start from 1 to 81.
			Align 43: 531797 559165 k99_124_flag_0_multi_45.1447_len_27449 81 27449
				Negative gap (overlap) between this and next alignment: 559165 to 559155 (-10 bp)
				Next Alignment: 559155 577702 k99_14_flag_0_multi_47.1610_len_18548 1 18548

			Previous gap was negative, modifying coordinates to ignore overlap
				Moving contig start from 1 to 12.
			Align 44: 559166 577702 k99_14_flag_0_multi_47.1610_len_18548 12 18548
				Negative gap (overlap) between this and next alignment: 577702 to 577604 (-98 bp)
				Next Alignment: 577604 592986 k99_102_flag_0_multi_47.5222_len_15383 15383 1

			Previous gap was negative, modifying coordinates to ignore overlap
				Moving contig start from 15383 to 15284.
			Align 45: 577703 592986 k99_102_flag_0_multi_47.5222_len_15383 15284 1
				Negative gap (overlap) between this and next alignment: 592986 to 592895 (-91 bp)
				Next Alignment: 592895 611682 k99_137_flag_0_multi_47.0850_len_18788 1 18788

			Previous gap was negative, modifying coordinates to ignore overlap
				Moving contig start from 1 to 93.
			Align 46: 592987 611682 k99_137_flag_0_multi_47.0850_len_18788 93 18788
				Negative gap (overlap) between this and next alignment: 611682 to 611619 (-63 bp)
				Next Alignment: 611619 616955 k99_34_flag_0_multi_51.1298_len_5337 5337 1

			Previous gap was negative, modifying coordinates to ignore overlap
				Moving contig start from 5337 to 5273.
			Align 47: 611683 616955 k99_34_flag_0_multi_51.1298_len_5337 5273 1
				Negative gap (overlap) between this and next alignment: 616955 to 616890 (-65 bp)
				Next Alignment: 616890 633409 k99_131_flag_0_multi_45.5453_len_16520 1 16520

			Previous gap was negative, modifying coordinates to ignore overlap
				Moving contig start from 1 to 67.
			Align 48: 616956 633409 k99_131_flag_0_multi_45.5453_len_16520 67 16520
				Negative gap (overlap) between this and next alignment: 633409 to 633321 (-88 bp)
				Next Alignment: 633321 641798 k99_64_flag_0_multi_46.2499_len_8478 8478 1

			Previous gap was negative, modifying coordinates to ignore overlap
				Moving contig start from 8478 to 8389.
			Align 49: 633410 641798 k99_64_flag_0_multi_46.2499_len_8478 8389 1
			END in gap: 641798 to 641799 (1 bp)

	Reference Buchnera_aphidicola_Acyrthosiphon_pisum_0905: 48 total alignments. 1 total regions.
		Region: 1 to 641799 (641799 bp)
			START in gap: 1 to 3 (2 bp)
			Align 1: 3 12770 k99_132_flag_0_multi_47.6993_len_12768 12768 1
				Gap between this and next alignment: 12770 to 13091 (320 bp)
				Next Alignment: 13091 40872 k99_73_flag_0_multi_45.6565_len_27782 1 27782

			Align 2: 13091 40872 k99_73_flag_0_multi_45.6565_len_27782 1 27782
				Negative gap (overlap) between this and next alignment: 40872 to 40774 (-98 bp)
				Next Alignment: 40774 56115 k99_15_flag_0_multi_46.0168_len_15342 1 15342

			Previous gap was negative, modifying coordinates to ignore overlap
				Moving contig start from 1 to 100.
			Align 3: 40873 56115 k99_15_flag_0_multi_46.0168_len_15342 100 15342
				Negative gap (overlap) between this and next alignment: 56115 to 56024 (-91 bp)
				Next Alignment: 56024 80215 k99_142_flag_0_multi_47.0625_len_24192 24192 1

			Previous gap was negative, modifying coordinates to ignore overlap
				Moving contig start from 24192 to 24100.
			Align 4: 56116 80215 k99_142_flag_0_multi_47.0625_len_24192 24100 1
				Negative gap (overlap) between this and next alignment: 80215 to 80150 (-65 bp)
				Next Alignment: 80150 85486 k99_43_flag_0_multi_49.1378_len_5337 1 5337

			Previous gap was negative, modifying coordinates to ignore overlap
				Moving contig start from 1 to 67.
			Align 5: 80216 85486 k99_43_flag_0_multi_49.1378_len_5337 67 5337
				Negative gap (overlap) between this and next alignment: 85486 to 85423 (-63 bp)
				Next Alignment: 85423 120358 k99_143_flag_0_multi_47.5930_len_34936 1 34936

			Previous gap was negative, modifying coordinates to ignore overlap
				Moving contig start from 1 to 65.
			Align 6: 85487 120358 k99_143_flag_0_multi_47.5930_len_34936 65 34936
				Negative gap (overlap) between this and next alignment: 120358 to 120279 (-79 bp)
				Next Alignment: 120279 125131 k99_38_flag_0_multi_41.7888_len_4853 1 4853

			Previous gap was negative, modifying coordinates to ignore overlap
				Moving contig start from 1 to 81.
			Align 7: 120359 125131 k99_38_flag_0_multi_41.7888_len_4853 81 4853
				Negative gap (overlap) between this and next alignment: 125131 to 125063 (-68 bp)
				Next Alignment: 125063 126557 k99_78_flag_0_multi_44.4728_len_1495 1 1495

			Previous gap was negative, modifying coordinates to ignore overlap
				Moving contig start from 1 to 70.
			Align 8: 125132 126557 k99_78_flag_0_multi_44.4728_len_1495 70 1495
				Negative gap (overlap) between this and next alignment: 126557 to 126463 (-94 bp)
				Next Alignment: 126463 148204 k99_113_flag_0_multi_45.8679_len_21742 1 21742

			Previous gap was negative, modifying coordinates to ignore overlap
				Moving contig start from 1 to 96.
			Align 9: 126558 148204 k99_113_flag_0_multi_45.8679_len_21742 96 21742
				Negative gap (overlap) between this and next alignment: 148204 to 148141 (-63 bp)
				Next Alignment: 148141 153712 k99_26_flag_0_multi_46.0190_len_5572 1 5572

			Previous gap was negative, modifying coordinates to ignore overlap
				Moving contig start from 1 to 65.
			Align 10: 148205 153712 k99_26_flag_0_multi_46.0190_len_5572 65 5572
				Negative gap (overlap) between this and next alignment: 153712 to 153672 (-40 bp)
				Next Alignment: 153672 155522 k99_117_flag_0_multi_52.2083_len_1851 1851 1

			Previous gap was negative, modifying coordinates to ignore overlap
				Moving contig start from 1851 to 1810.
			Align 11: 153713 155522 k99_117_flag_0_multi_52.2083_len_1851 1810 1
				Negative gap (overlap) between this and next alignment: 155522 to 155428 (-94 bp)
				Next Alignment: 155428 159695 k99_49_flag_0_multi_48.0897_len_4268 1 4268

			Previous gap was negative, modifying coordinates to ignore overlap
				Moving contig start from 1 to 96.
			Align 12: 155523 159695 k99_49_flag_0_multi_48.0897_len_4268 96 4268
				Negative gap (overlap) between this and next alignment: 159695 to 159598 (-97 bp)
				Next Alignment: 159598 169962 k99_16_flag_0_multi_49.5499_len_10365 1 10365

			Previous gap was negative, modifying coordinates to ignore overlap
				Moving contig start from 1 to 99.
			Align 13: 159696 169962 k99_16_flag_0_multi_49.5499_len_10365 99 10365
				Negative gap (overlap) between this and next alignment: 169962 to 169878 (-84 bp)
				Next Alignment: 169878 196857 k99_50_flag_0_multi_47.9074_len_26980 26980 1

			Previous gap was negative, modifying coordinates to ignore overlap
				Moving contig start from 26980 to 26895.
			Align 14: 169963 196857 k99_50_flag_0_multi_47.9074_len_26980 26895 1
				Negative gap (overlap) between this and next alignment: 196857 to 196791 (-66 bp)
				Next Alignment: 196791 208266 k99_44_flag_0_multi_48.0313_len_11476 11476 1

			Previous gap was negative, modifying coordinates to ignore overlap
				Moving contig start from 11476 to 11409.
			Align 15: 196858 208266 k99_44_flag_0_multi_48.0313_len_11476 11409 1
				Negative gap (overlap) between this and next alignment: 208266 to 208211 (-55 bp)
				Next Alignment: 208211 218645 k99_45_flag_0_multi_44.0074_len_10435 10435 1

			Previous gap was negative, modifying coordinates to ignore overlap
				Moving contig start from 10435 to 10379.
			Align 16: 208267 218645 k99_45_flag_0_multi_44.0074_len_10435 10379 1
				Negative gap (overlap) between this and next alignment: 218645 to 218552 (-93 bp)
				Next Alignment: 218552 238365 k99_95_flag_0_multi_46.3203_len_19814 19814 1

			Previous gap was negative, modifying coordinates to ignore overlap
				Moving contig start from 19814 to 19720.
			Align 17: 218646 238365 k99_95_flag_0_multi_46.3203_len_19814 19720 1
				Negative gap (overlap) between this and next alignment: 238365 to 238268 (-97 bp)
				Next Alignment: 238268 244278 k99_89_flag_0_multi_49.0896_len_6011 6011 1

			Previous gap was negative, modifying coordinates to ignore overlap
				Moving contig start from 6011 to 5913.
			Align 18: 238366 244278 k99_89_flag_0_multi_49.0896_len_6011 5913 1
				Negative gap (overlap) between this and next alignment: 244278 to 244240 (-38 bp)
				Next Alignment: 244240 249780 k99_12_flag_0_multi_46.8021_len_5541 5541 1

			Previous gap was negative, modifying coordinates to ignore overlap
				Moving contig start from 5541 to 5502.
			Align 19: 244279 249780 k99_12_flag_0_multi_46.8021_len_5541 5502 1
				Negative gap (overlap) between this and next alignment: 249780 to 249686 (-94 bp)
				Next Alignment: 249686 262680 k99_21_flag_0_multi_46.2453_len_12995 1 12995

			Previous gap was negative, modifying coordinates to ignore overlap
				Moving contig start from 1 to 96.
			Align 20: 249781 262680 k99_21_flag_0_multi_46.2453_len_12995 96 12995
				Negative gap (overlap) between this and next alignment: 262680 to 262599 (-81 bp)
				Next Alignment: 262599 266849 k99_135_flag_0_multi_50.1079_len_4251 1 4251

			Previous gap was negative, modifying coordinates to ignore overlap
				Moving contig start from 1 to 83.
			Align 21: 262681 266849 k99_135_flag_0_multi_50.1079_len_4251 83 4251
				Negative gap (overlap) between this and next alignment: 266849 to 266779 (-70 bp)
				Next Alignment: 266779 281223 k99_146_flag_0_multi_50.0491_len_14445 1 14445

			Previous gap was negative, modifying coordinates to ignore overlap
				Moving contig start from 1 to 72.
			Align 22: 266850 281223 k99_146_flag_0_multi_50.0491_len_14445 72 14445
				Negative gap (overlap) between this and next alignment: 281223 to 281130 (-93 bp)
				Next Alignment: 281130 325885 k99_58_flag_0_multi_48.0212_len_44756 44756 1

			Previous gap was negative, modifying coordinates to ignore overlap
				Moving contig start from 44756 to 44662.
			Align 23: 281224 325885 k99_58_flag_0_multi_48.0212_len_44756 44662 1
				Negative gap (overlap) between this and next alignment: 325885 to 325793 (-92 bp)
				Next Alignment: 325793 330455 k99_30_flag_0_multi_52.3988_len_4663 4663 1

			Previous gap was negative, modifying coordinates to ignore overlap
				Moving contig start from 4663 to 4570.
			Align 24: 325886 330455 k99_30_flag_0_multi_52.3988_len_4663 4570 1
				Negative gap (overlap) between this and next alignment: 330455 to 330359 (-96 bp)
				Next Alignment: 330359 342816 k99_28_flag_0_multi_49.3944_len_12458 1 12458

			Previous gap was negative, modifying coordinates to ignore overlap
				Moving contig start from 1 to 98.
			Align 25: 330456 342816 k99_28_flag_0_multi_49.3944_len_12458 98 12458
				Negative gap (overlap) between this and next alignment: 342816 to 342733 (-83 bp)
				Next Alignment: 342733 372471 k99_32_flag_0_multi_47.7303_len_29739 29739 1

			Previous gap was negative, modifying coordinates to ignore overlap
				Moving contig start from 29739 to 29655.
			Align 26: 342817 372471 k99_32_flag_0_multi_47.7303_len_29739 29655 1
				Negative gap (overlap) between this and next alignment: 372471 to 372376 (-95 bp)
				Next Alignment: 372376 375800 k99_11_flag_0_multi_48.1491_len_3425 1 3425

			Previous gap was negative, modifying coordinates to ignore overlap
				Moving contig start from 1 to 97.
			Align 27: 372472 375800 k99_11_flag_0_multi_48.1491_len_3425 97 3425
				Negative gap (overlap) between this and next alignment: 375800 to 375707 (-93 bp)
				Next Alignment: 375707 377901 k99_81_flag_0_multi_49.1885_len_2195 1 2195

			Previous gap was negative, modifying coordinates to ignore overlap
				Moving contig start from 1 to 95.
			Align 28: 375801 377901 k99_81_flag_0_multi_49.1885_len_2195 95 2195
				Negative gap (overlap) between this and next alignment: 377901 to 377813 (-88 bp)
				Next Alignment: 377813 395428 k99_107_flag_0_multi_48.6602_len_17616 17616 1

			Previous gap was negative, modifying coordinates to ignore overlap
				Moving contig start from 17616 to 17527.
			Align 29: 377902 395428 k99_107_flag_0_multi_48.6602_len_17616 17527 1
				Negative gap (overlap) between this and next alignment: 395428 to 395402 (-26 bp)
				Next Alignment: 395402 416375 k99_93_flag_0_multi_47.6562_len_20974 20974 1

			Previous gap was negative, modifying coordinates to ignore overlap
				Moving contig start from 20974 to 20947.
			Align 30: 395429 416375 k99_93_flag_0_multi_47.6562_len_20974 20947 1
				Negative gap (overlap) between this and next alignment: 416375 to 416282 (-93 bp)
				Next Alignment: 416282 447096 k99_67_flag_0_multi_49.0206_len_30815 30815 1

			Previous gap was negative, modifying coordinates to ignore overlap
				Moving contig start from 30815 to 30721.
			Align 31: 416376 447096 k99_67_flag_0_multi_49.0206_len_30815 30721 1
				Negative gap (overlap) between this and next alignment: 447096 to 447005 (-91 bp)
				Next Alignment: 447005 453102 k99_88_flag_0_multi_50.3034_len_6098 1 6098

			Previous gap was negative, modifying coordinates to ignore overlap
				Moving contig start from 1 to 93.
			Align 32: 447097 453102 k99_88_flag_0_multi_50.3034_len_6098 93 6098
				Negative gap (overlap) between this and next alignment: 453102 to 453007 (-95 bp)
				Next Alignment: 453007 454926 k99_72_flag_0_multi_39.9105_len_1920 1 1920

			Previous gap was negative, modifying coordinates to ignore overlap
				Moving contig start from 1 to 97.
			Align 33: 453103 454926 k99_72_flag_0_multi_39.9105_len_1920 97 1920
				Negative gap (overlap) between this and next alignment: 454926 to 454838 (-88 bp)
				Next Alignment: 454838 465831 k99_129_flag_0_multi_45.3160_len_10994 1 10994

			Previous gap was negative, modifying coordinates to ignore overlap
				Moving contig start from 1 to 90.
			Align 34: 454927 465831 k99_129_flag_0_multi_45.3160_len_10994 90 10994
				Negative gap (overlap) between this and next alignment: 465831 to 465749 (-82 bp)
				Next Alignment: 465749 497735 k99_29_flag_0_multi_47.5458_len_31987 31987 1

			Previous gap was negative, modifying coordinates to ignore overlap
				Moving contig start from 31987 to 31904.
			Align 35: 465832 497735 k99_29_flag_0_multi_47.5458_len_31987 31904 1
				Negative gap (overlap) between this and next alignment: 497735 to 497687 (-48 bp)
				Next Alignment: 497687 507878 k99_127_flag_0_multi_49.0261_len_10192 1 10192

			Previous gap was negative, modifying coordinates to ignore overlap
				Moving contig start from 1 to 50.
			Align 36: 497736 507878 k99_127_flag_0_multi_49.0261_len_10192 50 10192
				Negative gap (overlap) between this and next alignment: 507878 to 507782 (-96 bp)
				Next Alignment: 507782 532922 k99_59_flag_0_multi_46.2253_len_25141 1 25141

			Previous gap was negative, modifying coordinates to ignore overlap
				Moving contig start from 1 to 98.
			Align 37: 507879 532922 k99_59_flag_0_multi_46.2253_len_25141 98 25141
				Negative gap (overlap) between this and next alignment: 532922 to 532825 (-97 bp)
				Next Alignment: 532825 541328 k99_128_flag_0_multi_44.0547_len_8504 8504 1

			Previous gap was negative, modifying coordinates to ignore overlap
				Moving contig start from 8504 to 8406.
			Align 38: 532923 541328 k99_128_flag_0_multi_44.0547_len_8504 8406 1
				Negative gap (overlap) between this and next alignment: 541328 to 541232 (-96 bp)
				Next Alignment: 541232 560675 k99_103_flag_0_multi_47.3554_len_19444 19444 1

			Previous gap was negative, modifying coordinates to ignore overlap
				Moving contig start from 19444 to 19347.
			Align 39: 541329 560675 k99_103_flag_0_multi_47.3554_len_19444 19347 1
				Negative gap (overlap) between this and next alignment: 560675 to 560588 (-87 bp)
				Next Alignment: 560588 565012 k99_25_flag_0_multi_50.1681_len_4425 1 4425

			Previous gap was negative, modifying coordinates to ignore overlap
				Moving contig start from 1 to 89.
			Align 40: 560676 565012 k99_25_flag_0_multi_50.1681_len_4425 89 4425
				Negative gap (overlap) between this and next alignment: 565012 to 564941 (-71 bp)
				Next Alignment: 564941 567966 k99_138_flag_0_multi_45.0014_len_3026 3026 1

			Previous gap was negative, modifying coordinates to ignore overlap
				Moving contig start from 3026 to 2954.
			Align 41: 565013 567966 k99_138_flag_0_multi_45.0014_len_3026 2954 1
				Negative gap (overlap) between this and next alignment: 567966 to 567881 (-85 bp)
				Next Alignment: 567881 569607 k99_91_flag_0_multi_49.5129_len_1727 1727 1

			Previous gap was negative, modifying coordinates to ignore overlap
				Moving contig start from 1727 to 1641.
			Align 42: 567967 569607 k99_91_flag_0_multi_49.5129_len_1727 1641 1
				Negative gap (overlap) between this and next alignment: 569607 to 569549 (-58 bp)
				Next Alignment: 569549 579405 k99_13_flag_0_multi_44.0605_len_9857 1 9857

			Previous gap was negative, modifying coordinates to ignore overlap
				Moving contig start from 1 to 60.
			Align 43: 569608 579405 k99_13_flag_0_multi_44.0605_len_9857 60 9857
				Negative gap (overlap) between this and next alignment: 579405 to 579321 (-84 bp)
				Next Alignment: 579321 600157 k99_51_flag_0_multi_47.6731_len_20837 20837 1

			Previous gap was negative, modifying coordinates to ignore overlap
				Moving contig start from 20837 to 20752.
			Align 44: 579406 600157 k99_51_flag_0_multi_47.6731_len_20837 20752 1
				Negative gap (overlap) between this and next alignment: 600157 to 600060 (-97 bp)
				Next Alignment: 600060 609796 k99_98_flag_0_multi_47.0505_len_9737 9737 1

			Previous gap was negative, modifying coordinates to ignore overlap
				Moving contig start from 9737 to 9639.
			Align 45: 600158 609796 k99_98_flag_0_multi_47.0505_len_9737 9639 1
				Negative gap (overlap) between this and next alignment: 609796 to 609740 (-56 bp)
				Next Alignment: 609740 618812 k99_31_flag_0_multi_49.0984_len_9073 9073 1

			Previous gap was negative, modifying coordinates to ignore overlap
				Moving contig start from 9073 to 9016.
			Align 46: 609797 618812 k99_31_flag_0_multi_49.0984_len_9073 9016 1
				Negative gap (overlap) between this and next alignment: 618812 to 618725 (-87 bp)
				Next Alignment: 618725 633409 k99_69_flag_0_multi_47.6653_len_14685 1 14685

			Previous gap was negative, modifying coordinates to ignore overlap
				Moving contig start from 1 to 89.
			Align 47: 618813 633409 k99_69_flag_0_multi_47.6653_len_14685 89 14685
				Negative gap (overlap) between this and next alignment: 633409 to 633321 (-88 bp)
				Next Alignment: 633321 641798 k99_80_flag_0_multi_48.3346_len_8478 8478 1

			Previous gap was negative, modifying coordinates to ignore overlap
				Moving contig start from 8478 to 8389.
			Align 48: 633410 641798 k99_80_flag_0_multi_48.3346_len_8478 8389 1
			END in gap: 641798 to 641799 (1 bp)

Analysis is finished!
Founded SNPs were written into /vol/cami-scratch/Simpipeline/iTol_genomes/Buchnera_aphidicola_Acyrthosiphon_pisum_0905/quast_strain/combined_quast_output/contigs_reports/nucmer_output/final.contigs.used_snps

Results:
	Local Misassemblies: 0
	Misassemblies: 0
		Relocations: 0
		Translocations: 0
		Interspecies translocations: 0
		Inversions: 0
	Potentially Misassembled Contigs (i/s translocations): 0
	Misassembled Contigs: 0
	Misassembled Contig Bases: 0
	Misassemblies Inter-Contig Overlap: 0
Uncovered Regions: 0 (0)
Unaligned Contigs: 0 + 0 part
Partially Unaligned Contigs with Misassemblies: 0
Unaligned Contig Bases: 0

Ambiguously Mapped Contigs: 0
Total Bases in Ambiguously Mapped Contigs: 0
Note that --allow-ambiguity option was set to "one" and only first alignment per each contig was used.

	Covered Bases: 1282954

	SNPs: 0
	Insertions: 0
	Deletions: 0

	Positive Gaps: 5
		Internal Gaps:  0
		External Gaps:  5
		External Gap Total:  644
		External Gap Average: 129
	Negative Gaps: 93
		Internal Overlaps:  0
		External Overlaps:  93
		External Overlaps Total: -7391
		External Overlaps Average: -79
	Contigs with Redundant Alignments: 0 (0)
