Aligning contigs to reference...
	Running Nucmer
Parsing coords...
Loading reference...
	Loaded [gi_556503834_ref_NC_000913.3_]
Loading SNPs...
Loading regions...
	No regions given, using whole reference.
	Total Regions: 1
	Total Region Length: 4641652
Analyzing contigs...
CONTIG: NODE_1_length_327064_cov_91.3011_ID_12442 (327064bp)
Top Length: 327064  Top ID: 100.0
		One align captures most of this contig: 1651494 1978557 | 1 327064 | 327064 327064 | 100.0 | gi_556503834_ref_NC_000913.3_ NODE_1_length_327064_cov_91.3011_ID_12442

CONTIG: NODE_2_length_314847_cov_92.6814_ID_12444 (314847bp)
Top Length: 314847  Top ID: 99.99
		Marking as insignificant: 2520931 2521006 | 45727 45802 | 76 76 | 100.0 | gi_556503834_ref_NC_000913.3_ NODE_2_length_314847_cov_92.6814_ID_12444
		Marking as insignificant: 2520931 2521006 | 46032 46107 | 76 76 | 100.0 | gi_556503834_ref_NC_000913.3_ NODE_2_length_314847_cov_92.6814_ID_12444
		Marking as insignificant: 2521253 2521330 | 45516 45593 | 78 78 | 100.0 | gi_556503834_ref_NC_000913.3_ NODE_2_length_314847_cov_92.6814_ID_12444
		Marking as insignificant: 2521051 2521129 | 45727 45805 | 79 79 | 100.0 | gi_556503834_ref_NC_000913.3_ NODE_2_length_314847_cov_92.6814_ID_12444
		Marking as insignificant: 2521051 2521129 | 46032 46110 | 79 79 | 100.0 | gi_556503834_ref_NC_000913.3_ NODE_2_length_314847_cov_92.6814_ID_12444
		Marking as insignificant: 2521253 2521335 | 46334 46416 | 83 83 | 98.8 | gi_556503834_ref_NC_000913.3_ NODE_2_length_314847_cov_92.6814_ID_12444
		Marking as insignificant: 3071271 3071396 | 68287 68412 | 126 126 | 98.41 | gi_556503834_ref_NC_000913.3_ NODE_2_length_314847_cov_92.6814_ID_12444
		Marking as insignificant: 596978 597105 | 68285 68412 | 128 128 | 99.22 | gi_556503834_ref_NC_000913.3_ NODE_2_length_314847_cov_92.6814_ID_12444
		Marking as insignificant: 3765768 3765899 | 1 132 | 132 132 | 98.48 | gi_556503834_ref_NC_000913.3_ NODE_2_length_314847_cov_92.6814_ID_12444
		Marking as insignificant: 1097522 1097659 | 190806 190943 | 138 138 | 98.55 | gi_556503834_ref_NC_000913.3_ NODE_2_length_314847_cov_92.6814_ID_12444
		Marking as insignificant: 2521173 2521328 | 45727 45882 | 156 156 | 100.0 | gi_556503834_ref_NC_000913.3_ NODE_2_length_314847_cov_92.6814_ID_12444
		Marking as insignificant: 2521173 2521328 | 46032 46187 | 156 156 | 100.0 | gi_556503834_ref_NC_000913.3_ NODE_2_length_314847_cov_92.6814_ID_12444
		Marking as insignificant: 2229115 2229376 | 180253 179992 | 262 262 | 95.04 | gi_556503834_ref_NC_000913.3_ NODE_2_length_314847_cov_92.6814_ID_12444
		Marking as insignificant: 2521253 2521520 | 46542 46809 | 268 268 | 99.63 | gi_556503834_ref_NC_000913.3_ NODE_2_length_314847_cov_92.6814_ID_12444
		Marking as insignificant: 1531696 1532584 | 2934 3822 | 889 889 | 97.86 | gi_556503834_ref_NC_000913.3_ NODE_2_length_314847_cov_92.6814_ID_12444
		Marking as insignificant: 3624258 3625146 | 2934 3822 | 889 889 | 98.31 | gi_556503834_ref_NC_000913.3_ NODE_2_length_314847_cov_92.6814_ID_12444
		Marking as insignificant: 1531697 1532962 | 1669 2933 | 1266 1265 | 97.0 | gi_556503834_ref_NC_000913.3_ NODE_2_length_314847_cov_92.6814_ID_12444
		Marking as insignificant: 3624233 3625524 | 1643 2933 | 1292 1291 | 96.52 | gi_556503834_ref_NC_000913.3_ NODE_2_length_314847_cov_92.6814_ID_12444
		One align captures most of this contig: 735039 1049882 | 1 314847 | 314844 314847 | 99.99 | gi_556503834_ref_NC_000913.3_ NODE_2_length_314847_cov_92.6814_ID_12444

CONTIG: NODE_3_length_284901_cov_91.6808_ID_12446 (284901bp)
Top Length: 202176  Top ID: 99.99
		Skipping redundant alignment 1992042 1992117 | 105578 105653 | 76 76 | 100.0 | gi_556503834_ref_NC_000913.3_ NODE_3_length_284901_cov_91.6808_ID_12446
		Skipping redundant alignment 1992042 1992117 | 105690 105765 | 76 76 | 100.0 | gi_556503834_ref_NC_000913.3_ NODE_3_length_284901_cov_91.6808_ID_12446
		Skipping redundant alignment 1992042 1992117 | 105802 105877 | 76 76 | 100.0 | gi_556503834_ref_NC_000913.3_ NODE_3_length_284901_cov_91.6808_ID_12446
		Skipping redundant alignment 4295948 4296322 | 202176 201804 | 375 373 | 97.33 | gi_556503834_ref_NC_000913.3_ NODE_3_length_284901_cov_91.6808_ID_12446
		This contig is misassembled. 6 total aligns.
			Excluding internal overlap of size 373 between Alignment 1 and 2:  4213110 4296209 | 284901 201804 | 83100 83098 --> 4213110 4295836 | 284901 202177 | 82727 82725
			Real Alignment 1: 4296061 4498235 | 202176 1 | 202175 202176 | 99.99 | gi_556503834_ref_NC_000913.3_ NODE_3_length_284901_cov_91.6808_ID_12446
			  Gap between these two alignments (local misassembly). Inconsistency = 224 
			Real Alignment 2: 4213110 4295836 | 284901 202177 | 82727 82725 | 99.99 | gi_556503834_ref_NC_000913.3_ NODE_3_length_284901_cov_91.6808_ID_12446

CONTIG: NODE_4_length_224269_cov_91.195_ID_12448 (224269bp)
Top Length: 224269  Top ID: 99.99
		Marking as insignificant: 1207563 1207804 | 182065 181824 | 242 242 | 95.04 | gi_556503834_ref_NC_000913.3_ NODE_4_length_224269_cov_91.195_ID_12448
		One align captures most of this contig: 2290059 2514327 | 1 224269 | 224269 224269 | 99.99 | gi_556503834_ref_NC_000913.3_ NODE_4_length_224269_cov_91.195_ID_12448

CONTIG: NODE_5_length_210558_cov_91.5233_ID_12450 (210558bp)
Top Length: 210558  Top ID: 99.99
		Marking as insignificant: 780765 780841 | 5491 5567 | 77 77 | 100.0 | gi_556503834_ref_NC_000913.3_ NODE_5_length_210558_cov_91.5233_ID_12450
		Marking as insignificant: 780765 780841 | 5369 5445 | 77 77 | 100.0 | gi_556503834_ref_NC_000913.3_ NODE_5_length_210558_cov_91.5233_ID_12450
		Marking as insignificant: 781068 781145 | 5491 5568 | 78 78 | 100.0 | gi_556503834_ref_NC_000913.3_ NODE_5_length_210558_cov_91.5233_ID_12450
		Marking as insignificant: 781068 781145 | 5369 5446 | 78 78 | 100.0 | gi_556503834_ref_NC_000913.3_ NODE_5_length_210558_cov_91.5233_ID_12450
		Marking as insignificant: 780554 780631 | 5693 5770 | 78 78 | 100.0 | gi_556503834_ref_NC_000913.3_ NODE_5_length_210558_cov_91.5233_ID_12450
		Marking as insignificant: 781369 781451 | 5693 5775 | 83 83 | 98.8 | gi_556503834_ref_NC_000913.3_ NODE_5_length_210558_cov_91.5233_ID_12450
		Marking as insignificant: 780765 780918 | 5613 5768 | 154 156 | 98.72 | gi_556503834_ref_NC_000913.3_ NODE_5_length_210558_cov_91.5233_ID_12450
		Marking as insignificant: 781068 781222 | 5613 5768 | 155 156 | 99.36 | gi_556503834_ref_NC_000913.3_ NODE_5_length_210558_cov_91.5233_ID_12450
		Marking as insignificant: 781577 781844 | 5693 5960 | 268 268 | 100.0 | gi_556503834_ref_NC_000913.3_ NODE_5_length_210558_cov_91.5233_ID_12450
		One align captures most of this contig: 2515563 2726118 | 1 210558 | 210556 210558 | 99.99 | gi_556503834_ref_NC_000913.3_ NODE_5_length_210558_cov_91.5233_ID_12450

CONTIG: NODE_6_length_203928_cov_92.0652_ID_12452 (203928bp)
Top Length: 202412  Top ID: 99.99
		Marking as insignificant: 925841 925978 | 1897 2034 | 138 138 | 98.55 | gi_556503834_ref_NC_000913.3_ NODE_6_length_203928_cov_92.0652_ID_12452
		Marking as insignificant: 2471882 2472123 | 112179 111938 | 242 242 | 95.04 | gi_556503834_ref_NC_000913.3_ NODE_6_length_203928_cov_92.0652_ID_12452
		Marking as insignificant: 1095445 1097402 | 1 1958 | 1958 1958 | 99.9 | gi_556503834_ref_NC_000913.3_ NODE_6_length_203928_cov_92.0652_ID_12452
		One align captures most of this contig: 1097142 1299553 | 1517 203928 | 202412 202412 | 99.99 | gi_556503834_ref_NC_000913.3_ NODE_6_length_203928_cov_92.0652_ID_12452

CONTIG: NODE_7_length_203221_cov_91.4253_ID_12454 (203221bp)
Top Length: 203221  Top ID: 100.0
		Marking as insignificant: 1979166 1979270 | 203221 203117 | 105 105 | 100.0 | gi_556503834_ref_NC_000913.3_ NODE_7_length_203221_cov_91.4253_ID_12454
		Marking as insignificant: 291297 291401 | 203221 203117 | 105 105 | 100.0 | gi_556503834_ref_NC_000913.3_ NODE_7_length_203221_cov_91.4253_ID_12454
		Marking as insignificant: 279826 279930 | 203221 203117 | 105 105 | 100.0 | gi_556503834_ref_NC_000913.3_ NODE_7_length_203221_cov_91.4253_ID_12454
		Marking as insignificant: 3583427 3583532 | 203116 203221 | 106 106 | 100.0 | gi_556503834_ref_NC_000913.3_ NODE_7_length_203221_cov_91.4253_ID_12454
		Marking as insignificant: 258571 258676 | 203221 203116 | 106 106 | 100.0 | gi_556503834_ref_NC_000913.3_ NODE_7_length_203221_cov_91.4253_ID_12454
		Marking as insignificant: 3428854 3428998 | 1 145 | 145 145 | 99.31 | gi_556503834_ref_NC_000913.3_ NODE_7_length_203221_cov_91.4253_ID_12454
		Marking as insignificant: 4207843 4208055 | 215 1 | 213 215 | 98.6 | gi_556503834_ref_NC_000913.3_ NODE_7_length_203221_cov_91.4253_ID_12454
		One align captures most of this contig: 20459 223679 | 203221 1 | 203221 203221 | 100.0 | gi_556503834_ref_NC_000913.3_ NODE_7_length_203221_cov_91.4253_ID_12454

CONTIG: NODE_8_length_178334_cov_91.5764_ID_12456 (178334bp)
Top Length: 178334  Top ID: 99.99
		Marking as insignificant: 2817783 2818136 | 116 469 | 354 354 | 100.0 | gi_556503834_ref_NC_000913.3_ NODE_8_length_178334_cov_91.5764_ID_12456
		One align captures most of this contig: 2818082 2996415 | 1 178334 | 178334 178334 | 99.99 | gi_556503834_ref_NC_000913.3_ NODE_8_length_178334_cov_91.5764_ID_12456

CONTIG: NODE_9_length_178256_cov_91.1094_ID_12458 (178256bp)
Top Length: 178256  Top ID: 100.0
		Marking as insignificant: 2288919 2288990 | 178185 178256 | 72 72 | 100.0 | gi_556503834_ref_NC_000913.3_ NODE_9_length_178256_cov_91.1094_ID_12458
		Marking as insignificant: 273951 274026 | 178181 178256 | 76 76 | 98.68 | gi_556503834_ref_NC_000913.3_ NODE_9_length_178256_cov_91.1094_ID_12458
		Marking as insignificant: 2101744 2101820 | 178180 178256 | 77 77 | 98.7 | gi_556503834_ref_NC_000913.3_ NODE_9_length_178256_cov_91.1094_ID_12458
		Marking as insignificant: 3652032 3652107 | 178181 178256 | 76 76 | 100.0 | gi_556503834_ref_NC_000913.3_ NODE_9_length_178256_cov_91.1094_ID_12458
		Marking as insignificant: 3131269 3131344 | 178256 178181 | 76 76 | 100.0 | gi_556503834_ref_NC_000913.3_ NODE_9_length_178256_cov_91.1094_ID_12458
		Marking as insignificant: 1397167 1397242 | 178256 178181 | 76 76 | 100.0 | gi_556503834_ref_NC_000913.3_ NODE_9_length_178256_cov_91.1094_ID_12458
		Marking as insignificant: 1300622 1300697 | 178256 178181 | 76 76 | 100.0 | gi_556503834_ref_NC_000913.3_ NODE_9_length_178256_cov_91.1094_ID_12458
		Marking as insignificant: 687847 687922 | 178181 178256 | 76 76 | 100.0 | gi_556503834_ref_NC_000913.3_ NODE_9_length_178256_cov_91.1094_ID_12458
		Marking as insignificant: 574587 574662 | 178181 178256 | 76 76 | 100.0 | gi_556503834_ref_NC_000913.3_ NODE_9_length_178256_cov_91.1094_ID_12458
		One align captures most of this contig: 3187372 3365627 | 1 178256 | 178256 178256 | 100.0 | gi_556503834_ref_NC_000913.3_ NODE_9_length_178256_cov_91.1094_ID_12458

CONTIG: NODE_10_length_175735_cov_91.5698_ID_12460 (175735bp)
Top Length: 175735  Top ID: 99.99
		Marking as insignificant: 3623835 3624233 | 175218 174820 | 399 399 | 97.24 | gi_556503834_ref_NC_000913.3_ NODE_10_length_175735_cov_91.5698_ID_12460
		Marking as insignificant: 3622452 3622880 | 174306 173879 | 429 428 | 96.5 | gi_556503834_ref_NC_000913.3_ NODE_10_length_175735_cov_91.5698_ID_12460
		Marking as insignificant: 3765443 3765895 | 174306 173855 | 453 452 | 97.13 | gi_556503834_ref_NC_000913.3_ NODE_10_length_175735_cov_91.5698_ID_12460
		Marking as insignificant: 734714 735169 | 174306 173852 | 456 455 | 97.81 | gi_556503834_ref_NC_000913.3_ NODE_10_length_175735_cov_91.5698_ID_12460
		One align captures most of this contig: 3765768 3941502 | 175735 1 | 175735 175735 | 99.99 | gi_556503834_ref_NC_000913.3_ NODE_10_length_175735_cov_91.5698_ID_12460

CONTIG: NODE_11_length_133022_cov_91.3244_ID_12462 (133022bp)
Top Length: 133022  Top ID: 100.0
		Marking as insignificant: 3982605 3982692 | 35481 35568 | 88 88 | 100.0 | gi_556503834_ref_NC_000913.3_ NODE_11_length_133022_cov_91.3244_ID_12462
		Marking as insignificant: 3982604 3982692 | 35244 35332 | 89 89 | 100.0 | gi_556503834_ref_NC_000913.3_ NODE_11_length_133022_cov_91.3244_ID_12462
		One align captures most of this contig: 4508625 4641646 | 133022 1 | 133022 133022 | 100.0 | gi_556503834_ref_NC_000913.3_ NODE_11_length_133022_cov_91.3244_ID_12462

CONTIG: NODE_12_length_132876_cov_91.1535_ID_12464 (132876bp)
Top Length: 132876  Top ID: 100.0
		One align captures most of this contig: 392909 525784 | 1 132876 | 132876 132876 | 100.0 | gi_556503834_ref_NC_000913.3_ NODE_12_length_132876_cov_91.1535_ID_12464

CONTIG: NODE_13_length_132563_cov_90.9319_ID_12466 (132563bp)
Top Length: 132563  Top ID: 100.0
		Marking as insignificant: 803322 803447 | 58930 58805 | 126 126 | 98.41 | gi_556503834_ref_NC_000913.3_ NODE_13_length_132563_cov_90.9319_ID_12466
		Marking as insignificant: 596980 597107 | 58930 58803 | 128 128 | 99.22 | gi_556503834_ref_NC_000913.3_ NODE_13_length_132563_cov_90.9319_ID_12466
		One align captures most of this contig: 2997638 3130200 | 132563 1 | 132563 132563 | 100.0 | gi_556503834_ref_NC_000913.3_ NODE_13_length_132563_cov_90.9319_ID_12466

CONTIG: NODE_14_length_117617_cov_91.2095_ID_12468 (117617bp)
Top Length: 117617  Top ID: 99.99
		Marking as insignificant: 3365556 3365627 | 72 1 | 72 72 | 100.0 | gi_556503834_ref_NC_000913.3_ NODE_14_length_117617_cov_91.2095_ID_12468
		Marking as insignificant: 3131269 3131340 | 1 72 | 72 72 | 100.0 | gi_556503834_ref_NC_000913.3_ NODE_14_length_117617_cov_91.2095_ID_12468
		Marking as insignificant: 1397167 1397238 | 1 72 | 72 72 | 100.0 | gi_556503834_ref_NC_000913.3_ NODE_14_length_117617_cov_91.2095_ID_12468
		Marking as insignificant: 1300622 1300693 | 1 72 | 72 72 | 100.0 | gi_556503834_ref_NC_000913.3_ NODE_14_length_117617_cov_91.2095_ID_12468
		Marking as insignificant: 687851 687922 | 72 1 | 72 72 | 100.0 | gi_556503834_ref_NC_000913.3_ NODE_14_length_117617_cov_91.2095_ID_12468
		Marking as insignificant: 574591 574662 | 72 1 | 72 72 | 100.0 | gi_556503834_ref_NC_000913.3_ NODE_14_length_117617_cov_91.2095_ID_12468
		Marking as insignificant: 273955 274026 | 72 1 | 72 72 | 100.0 | gi_556503834_ref_NC_000913.3_ NODE_14_length_117617_cov_91.2095_ID_12468
		Marking as insignificant: 2101746 2101820 | 75 1 | 75 75 | 100.0 | gi_556503834_ref_NC_000913.3_ NODE_14_length_117617_cov_91.2095_ID_12468
		Marking as insignificant: 3652029 3652107 | 79 1 | 79 79 | 97.47 | gi_556503834_ref_NC_000913.3_ NODE_14_length_117617_cov_91.2095_ID_12468
		Marking as insignificant: 915027 915288 | 59615 59876 | 262 262 | 95.42 | gi_556503834_ref_NC_000913.3_ NODE_14_length_117617_cov_91.2095_ID_12468
		One align captures most of this contig: 2171374 2288990 | 117617 1 | 117617 117617 | 99.99 | gi_556503834_ref_NC_000913.3_ NODE_14_length_117617_cov_91.2095_ID_12468

CONTIG: NODE_15_length_112782_cov_92.2211_ID_12470 (112782bp)
Top Length: 112782  Top ID: 99.99
		Marking as insignificant: 4171866 4171965 | 1 100 | 100 100 | 100.0 | gi_556503834_ref_NC_000913.3_ NODE_15_length_112782_cov_92.2211_ID_12470
		Marking as insignificant: 4153469 4153650 | 112601 112782 | 182 182 | 97.8 | gi_556503834_ref_NC_000913.3_ NODE_15_length_112782_cov_92.2211_ID_12470
		One align captures most of this contig: 4040746 4153527 | 1 112782 | 112782 112782 | 99.99 | gi_556503834_ref_NC_000913.3_ NODE_15_length_112782_cov_92.2211_ID_12470

CONTIG: NODE_16_length_112393_cov_90.7121_ID_12472 (112393bp)
Top Length: 112393  Top ID: 100.0
		Marking as insignificant: 291297 291401 | 112393 112289 | 105 105 | 100.0 | gi_556503834_ref_NC_000913.3_ NODE_16_length_112393_cov_90.7121_ID_12472
		Marking as insignificant: 279826 279930 | 112393 112289 | 105 105 | 100.0 | gi_556503834_ref_NC_000913.3_ NODE_16_length_112393_cov_90.7121_ID_12472
		Marking as insignificant: 258571 258676 | 112393 112288 | 106 106 | 100.0 | gi_556503834_ref_NC_000913.3_ NODE_16_length_112393_cov_90.7121_ID_12472
		Marking as insignificant: 20459 20564 | 112393 112288 | 106 106 | 100.0 | gi_556503834_ref_NC_000913.3_ NODE_16_length_112393_cov_90.7121_ID_12472
		Marking as insignificant: 1979166 1979285 | 112393 112274 | 120 120 | 96.69 | gi_556503834_ref_NC_000913.3_ NODE_16_length_112393_cov_90.7121_ID_12472
		One align captures most of this contig: 3471140 3583532 | 1 112393 | 112393 112393 | 100.0 | gi_556503834_ref_NC_000913.3_ NODE_16_length_112393_cov_90.7121_ID_12472

CONTIG: NODE_17_length_95477_cov_90.5542_ID_12474 (95477bp)
Top Length: 95477  Top ID: 100.0
		Marking as insignificant: 2288919 2288990 | 72 1 | 72 72 | 100.0 | gi_556503834_ref_NC_000913.3_ NODE_17_length_95477_cov_90.5542_ID_12474
		Marking as insignificant: 2101745 2101820 | 76 1 | 76 76 | 98.68 | gi_556503834_ref_NC_000913.3_ NODE_17_length_95477_cov_90.5542_ID_12474
		Marking as insignificant: 273951 274026 | 76 1 | 76 76 | 98.68 | gi_556503834_ref_NC_000913.3_ NODE_17_length_95477_cov_90.5542_ID_12474
		Marking as insignificant: 3365552 3365627 | 76 1 | 76 76 | 100.0 | gi_556503834_ref_NC_000913.3_ NODE_17_length_95477_cov_90.5542_ID_12474
		Marking as insignificant: 687847 687922 | 76 1 | 76 76 | 100.0 | gi_556503834_ref_NC_000913.3_ NODE_17_length_95477_cov_90.5542_ID_12474
		Marking as insignificant: 574586 574662 | 77 1 | 77 77 | 100.0 | gi_556503834_ref_NC_000913.3_ NODE_17_length_95477_cov_90.5542_ID_12474
		Marking as insignificant: 3652030 3652107 | 78 1 | 78 78 | 100.0 | gi_556503834_ref_NC_000913.3_ NODE_17_length_95477_cov_90.5542_ID_12474
		Marking as insignificant: 3131269 3131346 | 1 78 | 78 78 | 100.0 | gi_556503834_ref_NC_000913.3_ NODE_17_length_95477_cov_90.5542_ID_12474
		Marking as insignificant: 1397167 1397247 | 1 81 | 81 81 | 98.77 | gi_556503834_ref_NC_000913.3_ NODE_17_length_95477_cov_90.5542_ID_12474
		One align captures most of this contig: 1300622 1396098 | 1 95477 | 95477 95477 | 100.0 | gi_556503834_ref_NC_000913.3_ NODE_17_length_95477_cov_90.5542_ID_12474

CONTIG: NODE_18_length_95009_cov_91.4337_ID_12476 (95009bp)
Top Length: 95009  Top ID: 100.0
		Marking as insignificant: 3619192 3619399 | 208 1 | 208 208 | 98.08 | gi_556503834_ref_NC_000913.3_ NODE_18_length_95009_cov_91.4337_ID_12476
		Marking as insignificant: 729465 729790 | 325 1 | 326 325 | 95.41 | gi_556503834_ref_NC_000913.3_ NODE_18_length_95009_cov_91.4337_ID_12476
		One align captures most of this contig: 3667382 3762390 | 95009 1 | 95009 95009 | 100.0 | gi_556503834_ref_NC_000913.3_ NODE_18_length_95009_cov_91.4337_ID_12476

CONTIG: NODE_19_length_88487_cov_91.4948_ID_12478 (88487bp)
Top Length: 88487  Top ID: 100.0
		Marking as insignificant: 236931 237008 | 103 180 | 78 78 | 100.0 | gi_556503834_ref_NC_000913.3_ NODE_19_length_88487_cov_91.4948_ID_12478
		Marking as insignificant: 4166299 4166384 | 88402 88487 | 86 86 | 100.0 | gi_556503834_ref_NC_000913.3_ NODE_19_length_88487_cov_91.4948_ID_12478
		Marking as insignificant: 4606079 4606166 | 35923 35836 | 88 88 | 100.0 | gi_556503834_ref_NC_000913.3_ NODE_19_length_88487_cov_91.4948_ID_12478
		Marking as insignificant: 4606315 4606403 | 35923 35835 | 89 89 | 100.0 | gi_556503834_ref_NC_000913.3_ NODE_19_length_88487_cov_91.4948_ID_12478
		Marking as insignificant: 3941442 3941533 | 88396 88487 | 92 92 | 100.0 | gi_556503834_ref_NC_000913.3_ NODE_19_length_88487_cov_91.4948_ID_12478
		Marking as insignificant: 228826 229005 | 1 180 | 180 180 | 100.0 | gi_556503834_ref_NC_000913.3_ NODE_19_length_88487_cov_91.4948_ID_12478
		One align captures most of this contig: 3946770 4035256 | 1 88487 | 88487 88487 | 100.0 | gi_556503834_ref_NC_000913.3_ NODE_19_length_88487_cov_91.4948_ID_12478

CONTIG: NODE_20_length_87065_cov_90.923_ID_12480 (87065bp)
Top Length: 87065  Top ID: 100.0
		Marking as insignificant: 4392583 4392658 | 12952 12877 | 76 76 | 100.0 | gi_556503834_ref_NC_000913.3_ NODE_20_length_87065_cov_90.923_ID_12480
		Marking as insignificant: 4392472 4392547 | 12952 12877 | 76 76 | 100.0 | gi_556503834_ref_NC_000913.3_ NODE_20_length_87065_cov_90.923_ID_12480
		Marking as insignificant: 4392360 4392435 | 12952 12877 | 76 76 | 100.0 | gi_556503834_ref_NC_000913.3_ NODE_20_length_87065_cov_90.923_ID_12480
		Marking as insignificant: 2059846 2059930 | 78942 78858 | 85 85 | 100.0 | gi_556503834_ref_NC_000913.3_ NODE_20_length_87065_cov_90.923_ID_12480
		Marking as insignificant: 2058023 2058107 | 80765 80681 | 85 85 | 100.0 | gi_556503834_ref_NC_000913.3_ NODE_20_length_87065_cov_90.923_ID_12480
		Marking as insignificant: 2062236 2062339 | 78961 78858 | 104 104 | 97.12 | gi_556503834_ref_NC_000913.3_ NODE_20_length_87065_cov_90.923_ID_12480
		Marking as insignificant: 2058023 2058126 | 83174 83071 | 104 104 | 97.12 | gi_556503834_ref_NC_000913.3_ NODE_20_length_87065_cov_90.923_ID_12480
		Marking as insignificant: 2058023 2058126 | 65463 65360 | 104 104 | 98.08 | gi_556503834_ref_NC_000913.3_ NODE_20_length_87065_cov_90.923_ID_12480
		Marking as insignificant: 2044525 2044628 | 78961 78858 | 104 104 | 98.08 | gi_556503834_ref_NC_000913.3_ NODE_20_length_87065_cov_90.923_ID_12480
		Marking as insignificant: 291297 291401 | 1 105 | 105 105 | 100.0 | gi_556503834_ref_NC_000913.3_ NODE_20_length_87065_cov_90.923_ID_12480
		Marking as insignificant: 279826 279930 | 1 105 | 105 105 | 100.0 | gi_556503834_ref_NC_000913.3_ NODE_20_length_87065_cov_90.923_ID_12480
		Marking as insignificant: 258571 258675 | 1 105 | 105 105 | 100.0 | gi_556503834_ref_NC_000913.3_ NODE_20_length_87065_cov_90.923_ID_12480
		Marking as insignificant: 20459 20563 | 1 105 | 105 105 | 100.0 | gi_556503834_ref_NC_000913.3_ NODE_20_length_87065_cov_90.923_ID_12480
		Marking as insignificant: 3583413 3583532 | 120 1 | 120 120 | 96.69 | gi_556503834_ref_NC_000913.3_ NODE_20_length_87065_cov_90.923_ID_12480
		One align captures most of this contig: 1979166 2066230 | 1 87065 | 87065 87065 | 100.0 | gi_556503834_ref_NC_000913.3_ NODE_20_length_87065_cov_90.923_ID_12480

CONTIG: NODE_21_length_78626_cov_90.6483_ID_12482 (78626bp)
Top Length: 78626  Top ID: 100.0
		Marking as insignificant: 2288919 2288990 | 78555 78626 | 72 72 | 100.0 | gi_556503834_ref_NC_000913.3_ NODE_21_length_78626_cov_90.6483_ID_12482
		Marking as insignificant: 2101745 2101820 | 78551 78626 | 76 76 | 98.68 | gi_556503834_ref_NC_000913.3_ NODE_21_length_78626_cov_90.6483_ID_12482
		Marking as insignificant: 3652032 3652107 | 78551 78626 | 76 76 | 100.0 | gi_556503834_ref_NC_000913.3_ NODE_21_length_78626_cov_90.6483_ID_12482
		Marking as insignificant: 3365552 3365627 | 78551 78626 | 76 76 | 100.0 | gi_556503834_ref_NC_000913.3_ NODE_21_length_78626_cov_90.6483_ID_12482
		Marking as insignificant: 3131269 3131344 | 78626 78551 | 76 76 | 100.0 | gi_556503834_ref_NC_000913.3_ NODE_21_length_78626_cov_90.6483_ID_12482
		Marking as insignificant: 1300622 1300697 | 78626 78551 | 76 76 | 100.0 | gi_556503834_ref_NC_000913.3_ NODE_21_length_78626_cov_90.6483_ID_12482
		Marking as insignificant: 574587 574662 | 78551 78626 | 76 76 | 100.0 | gi_556503834_ref_NC_000913.3_ NODE_21_length_78626_cov_90.6483_ID_12482
		Marking as insignificant: 1397167 1397243 | 78626 78550 | 77 77 | 100.0 | gi_556503834_ref_NC_000913.3_ NODE_21_length_78626_cov_90.6483_ID_12482
		Marking as insignificant: 273948 274026 | 78548 78626 | 79 79 | 98.73 | gi_556503834_ref_NC_000913.3_ NODE_21_length_78626_cov_90.6483_ID_12482
		One align captures most of this contig: 609297 687922 | 1 78626 | 78626 78626 | 100.0 | gi_556503834_ref_NC_000913.3_ NODE_21_length_78626_cov_90.6483_ID_12482

CONTIG: NODE_22_length_67340_cov_91.348_ID_12484 (67340bp)
Top Length: 67340  Top ID: 100.0
		One align captures most of this contig: 2102889 2170228 | 67340 1 | 67340 67340 | 100.0 | gi_556503834_ref_NC_000913.3_ NODE_22_length_67340_cov_91.348_ID_12484

CONTIG: NODE_23_length_65511_cov_97.0283_ID_12486 (65511bp)
Top Length: 65511  Top ID: 99.99
		Marking as insignificant: 4498181 4498860 | 64832 65511 | 680 680 | 100.0 | gi_556503834_ref_NC_000913.3_ NODE_23_length_65511_cov_97.0283_ID_12486
		Marking as insignificant: 2997012 2997691 | 65511 64832 | 680 680 | 100.0 | gi_556503834_ref_NC_000913.3_ NODE_23_length_65511_cov_97.0283_ID_12486
		Marking as insignificant: 1468561 1469240 | 65511 64832 | 680 680 | 100.0 | gi_556503834_ref_NC_000913.3_ NODE_23_length_65511_cov_97.0283_ID_12486
		Marking as insignificant: 2069592 2070273 | 65511 64830 | 682 682 | 100.0 | gi_556503834_ref_NC_000913.3_ NODE_23_length_65511_cov_97.0283_ID_12486
		Marking as insignificant: 3186092 3186775 | 64828 65511 | 684 684 | 99.85 | gi_556503834_ref_NC_000913.3_ NODE_23_length_65511_cov_97.0283_ID_12486
		One align captures most of this contig: 316429 381939 | 1 65511 | 65511 65511 | 99.99 | gi_556503834_ref_NC_000913.3_ NODE_23_length_65511_cov_97.0283_ID_12486

CONTIG: NODE_24_length_60768_cov_90.3962_ID_12488 (60768bp)
Top Length: 60768  Top ID: 100.0
		One align captures most of this contig: 1571847 1632614 | 1 60768 | 60768 60768 | 100.0 | gi_556503834_ref_NC_000913.3_ NODE_24_length_60768_cov_90.3962_ID_12488

CONTIG: NODE_25_length_57944_cov_91.584_ID_12490 (57944bp)
Top Length: 57944  Top ID: 100.0
		Marking as insignificant: 290441 290633 | 1 193 | 193 193 | 100.0 | gi_556503834_ref_NC_000913.3_ NODE_25_length_57944_cov_91.584_ID_12490
		One align captures most of this contig: 2759894 2817837 | 1 57944 | 57944 57944 | 100.0 | gi_556503834_ref_NC_000913.3_ NODE_25_length_57944_cov_91.584_ID_12490

CONTIG: NODE_26_length_57777_cov_90.5645_ID_12492 (57777bp)
Top Length: 57777  Top ID: 100.0
		One align captures most of this contig: 1470462 1528238 | 1 57777 | 57777 57777 | 100.0 | gi_556503834_ref_NC_000913.3_ NODE_26_length_57777_cov_90.5645_ID_12492

CONTIG: NODE_27_length_54882_cov_91.0994_ID_12494 (54882bp)
Top Length: 54882  Top ID: 100.0
		Marking as insignificant: 2288919 2288990 | 54811 54882 | 72 72 | 100.0 | gi_556503834_ref_NC_000913.3_ NODE_27_length_54882_cov_91.0994_ID_12494
		Marking as insignificant: 2101745 2101820 | 54807 54882 | 76 76 | 98.68 | gi_556503834_ref_NC_000913.3_ NODE_27_length_54882_cov_91.0994_ID_12494
		Marking as insignificant: 273951 274026 | 54807 54882 | 76 76 | 98.68 | gi_556503834_ref_NC_000913.3_ NODE_27_length_54882_cov_91.0994_ID_12494
		Marking as insignificant: 3365552 3365627 | 54807 54882 | 76 76 | 100.0 | gi_556503834_ref_NC_000913.3_ NODE_27_length_54882_cov_91.0994_ID_12494
		Marking as insignificant: 1397167 1397242 | 54882 54807 | 76 76 | 100.0 | gi_556503834_ref_NC_000913.3_ NODE_27_length_54882_cov_91.0994_ID_12494
		Marking as insignificant: 687847 687922 | 54807 54882 | 76 76 | 100.0 | gi_556503834_ref_NC_000913.3_ NODE_27_length_54882_cov_91.0994_ID_12494
		Marking as insignificant: 574586 574662 | 54806 54882 | 77 77 | 100.0 | gi_556503834_ref_NC_000913.3_ NODE_27_length_54882_cov_91.0994_ID_12494
		Marking as insignificant: 3652030 3652107 | 54805 54882 | 78 78 | 100.0 | gi_556503834_ref_NC_000913.3_ NODE_27_length_54882_cov_91.0994_ID_12494
		Marking as insignificant: 1300622 1300699 | 54882 54805 | 78 78 | 100.0 | gi_556503834_ref_NC_000913.3_ NODE_27_length_54882_cov_91.0994_ID_12494
		One align captures most of this contig: 3131269 3186150 | 54882 1 | 54882 54882 | 100.0 | gi_556503834_ref_NC_000913.3_ NODE_27_length_54882_cov_91.0994_ID_12494

CONTIG: NODE_28_length_43809_cov_91.0663_ID_12496 (43809bp)
Top Length: 43809  Top ID: 100.0
		One align captures most of this contig: 1050491 1094299 | 1 43809 | 43809 43809 | 100.0 | gi_556503834_ref_NC_000913.3_ NODE_28_length_43809_cov_91.0663_ID_12496

CONTIG: NODE_29_length_41605_cov_95.7038_ID_12498 (41605bp)
Top Length: 41605  Top ID: 99.99
		Marking as insignificant: 239098 239377 | 3553 3832 | 280 280 | 97.86 | gi_556503834_ref_NC_000913.3_ NODE_29_length_41605_cov_95.7038_ID_12498
		Marking as insignificant: 737972 738860 | 2577 3465 | 889 889 | 96.18 | gi_556503834_ref_NC_000913.3_ NODE_29_length_41605_cov_95.7038_ID_12498
		Marking as insignificant: 736707 737971 | 2578 3843 | 1265 1266 | 96.05 | gi_556503834_ref_NC_000913.3_ NODE_29_length_41605_cov_95.7038_ID_12498
		Marking as insignificant: 3624234 3625524 | 2553 3843 | 1291 1291 | 98.06 | gi_556503834_ref_NC_000913.3_ NODE_29_length_41605_cov_95.7038_ID_12498
		One align captures most of this contig: 1529120 1570724 | 1 41605 | 41605 41605 | 99.99 | gi_556503834_ref_NC_000913.3_ NODE_29_length_41605_cov_95.7038_ID_12498

CONTIG: NODE_30_length_41365_cov_91.0372_ID_12500 (41365bp)
Top Length: 41365  Top ID: 100.0
		Marking as insignificant: 4207913 4208055 | 41221 41365 | 143 145 | 97.24 | gi_556503834_ref_NC_000913.3_ NODE_30_length_41365_cov_91.0372_ID_12500
		Marking as insignificant: 223535 223679 | 41221 41365 | 145 145 | 99.31 | gi_556503834_ref_NC_000913.3_ NODE_30_length_41365_cov_91.0372_ID_12500
		One align captures most of this contig: 3428854 3470218 | 41365 1 | 41365 41365 | 100.0 | gi_556503834_ref_NC_000913.3_ NODE_30_length_41365_cov_91.0372_ID_12500

CONTIG: NODE_31_length_40800_cov_90.8235_ID_12502 (40800bp)
Top Length: 40800  Top ID: 100.0
		Marking as insignificant: 3762066 3762390 | 40475 40800 | 325 326 | 95.41 | gi_556503834_ref_NC_000913.3_ NODE_31_length_40800_cov_90.8235_ID_12502
		One align captures most of this contig: 688991 729790 | 1 40800 | 40800 40800 | 100.0 | gi_556503834_ref_NC_000913.3_ NODE_31_length_40800_cov_90.8235_ID_12502

CONTIG: NODE_32_length_40169_cov_90.7223_ID_12504 (40169bp)
Top Length: 40169  Top ID: 100.0
		One align captures most of this contig: 526666 566834 | 1 40169 | 40169 40169 | 100.0 | gi_556503834_ref_NC_000913.3_ NODE_32_length_40169_cov_90.7223_ID_12504

CONTIG: NODE_33_length_35259_cov_91.2335_ID_12506 (35259bp)
Top Length: 35259  Top ID: 100.0
		Marking as insignificant: 3762183 3762390 | 35052 35259 | 208 208 | 98.08 | gi_556503834_ref_NC_000913.3_ NODE_33_length_35259_cov_91.2335_ID_12506
		One align captures most of this contig: 3584141 3619399 | 1 35259 | 35259 35259 | 100.0 | gi_556503834_ref_NC_000913.3_ NODE_33_length_35259_cov_91.2335_ID_12506

CONTIG: NODE_34_length_33283_cov_91.3012_ID_12512 (33283bp)
Top Length: 33283  Top ID: 99.98
		One align captures most of this contig: 1434682 1467964 | 33283 1 | 33283 33283 | 99.98 | gi_556503834_ref_NC_000913.3_ NODE_34_length_33283_cov_91.3012_ID_12512

CONTIG: NODE_35_length_32331_cov_95.5372_ID_12514 (32331bp)
Top Length: 32331  Top ID: 99.94
		Marking as insignificant: 3071271 3071398 | 11082 10955 | 128 128 | 99.22 | gi_556503834_ref_NC_000913.3_ NODE_35_length_32331_cov_95.5372_ID_12514
		Marking as insignificant: 803320 803447 | 11084 10957 | 128 128 | 99.22 | gi_556503834_ref_NC_000913.3_ NODE_35_length_32331_cov_95.5372_ID_12514
		Marking as insignificant: 1423200 1423569 | 29935 29566 | 370 370 | 96.49 | gi_556503834_ref_NC_000913.3_ NODE_35_length_32331_cov_95.5372_ID_12514
		Marking as insignificant: 1432557 1432973 | 26403 25987 | 417 417 | 95.2 | gi_556503834_ref_NC_000913.3_ NODE_35_length_32331_cov_95.5372_ID_12514
		Marking as insignificant: 1634323 1634739 | 25987 26403 | 417 417 | 95.44 | gi_556503834_ref_NC_000913.3_ NODE_35_length_32331_cov_95.5372_ID_12514
		Marking as insignificant: 1635839 1636918 | 26700 27779 | 1080 1080 | 98.61 | gi_556503834_ref_NC_000913.3_ NODE_35_length_32331_cov_95.5372_ID_12514
		One align captures most of this contig: 575731 608061 | 32331 1 | 32331 32331 | 99.94 | gi_556503834_ref_NC_000913.3_ NODE_35_length_32331_cov_95.5372_ID_12514

CONTIG: NODE_36_length_31602_cov_92.6422_ID_12516 (31602bp)
Top Length: 31602  Top ID: 100.0
		Marking as insignificant: 3652032 3652107 | 31527 31602 | 76 76 | 98.68 | gi_556503834_ref_NC_000913.3_ NODE_36_length_31602_cov_92.6422_ID_12516
		Marking as insignificant: 3131269 3131344 | 31602 31527 | 76 76 | 98.68 | gi_556503834_ref_NC_000913.3_ NODE_36_length_31602_cov_92.6422_ID_12516
		Marking as insignificant: 1397167 1397242 | 31602 31527 | 76 76 | 98.68 | gi_556503834_ref_NC_000913.3_ NODE_36_length_31602_cov_92.6422_ID_12516
		Marking as insignificant: 1300622 1300697 | 31602 31527 | 76 76 | 98.68 | gi_556503834_ref_NC_000913.3_ NODE_36_length_31602_cov_92.6422_ID_12516
		Marking as insignificant: 687847 687922 | 31527 31602 | 76 76 | 98.68 | gi_556503834_ref_NC_000913.3_ NODE_36_length_31602_cov_92.6422_ID_12516
		Marking as insignificant: 574587 574662 | 31527 31602 | 76 76 | 98.68 | gi_556503834_ref_NC_000913.3_ NODE_36_length_31602_cov_92.6422_ID_12516
		Marking as insignificant: 273951 274026 | 31527 31602 | 76 76 | 98.68 | gi_556503834_ref_NC_000913.3_ NODE_36_length_31602_cov_92.6422_ID_12516
		Marking as insignificant: 2288916 2288990 | 31528 31602 | 75 75 | 100.0 | gi_556503834_ref_NC_000913.3_ NODE_36_length_31602_cov_92.6422_ID_12516
		Marking as insignificant: 3365551 3365627 | 31526 31602 | 77 77 | 98.7 | gi_556503834_ref_NC_000913.3_ NODE_36_length_31602_cov_92.6422_ID_12516
		One align captures most of this contig: 2070219 2101820 | 1 31602 | 31602 31602 | 100.0 | gi_556503834_ref_NC_000913.3_ NODE_36_length_31602_cov_92.6422_ID_12516

CONTIG: NODE_37_length_31005_cov_91.0767_ID_12518 (31005bp)
Top Length: 31005  Top ID: 100.0
		One align captures most of this contig: 3392309 3423313 | 1 31005 | 31005 31005 | 100.0 | gi_556503834_ref_NC_000913.3_ NODE_37_length_31005_cov_91.0767_ID_12518

CONTIG: NODE_38_length_31003_cov_91.4566_ID_12520 (31003bp)
Top Length: 31003  Top ID: 99.99
		Marking as insignificant: 3428854 3428998 | 1 145 | 145 145 | 99.31 | gi_556503834_ref_NC_000913.3_ NODE_38_length_31003_cov_91.4566_ID_12520
		Marking as insignificant: 223465 223679 | 215 1 | 215 215 | 100.0 | gi_556503834_ref_NC_000913.3_ NODE_38_length_31003_cov_91.4566_ID_12520
		One align captures most of this contig: 4177055 4208055 | 31003 1 | 31001 31003 | 99.99 | gi_556503834_ref_NC_000913.3_ NODE_38_length_31003_cov_91.4566_ID_12520

CONTIG: NODE_39_length_30883_cov_91.53_ID_12508 (30883bp)
Top Length: 30883  Top ID: 99.99
		Marking as insignificant: 2288919 2288990 | 72 1 | 72 72 | 100.0 | gi_556503834_ref_NC_000913.3_ NODE_39_length_30883_cov_91.53_ID_12508
		Marking as insignificant: 2101745 2101820 | 76 1 | 76 76 | 98.68 | gi_556503834_ref_NC_000913.3_ NODE_39_length_30883_cov_91.53_ID_12508
		Marking as insignificant: 273950 274026 | 77 1 | 77 77 | 98.7 | gi_556503834_ref_NC_000913.3_ NODE_39_length_30883_cov_91.53_ID_12508
		Marking as insignificant: 3652032 3652107 | 76 1 | 76 76 | 100.0 | gi_556503834_ref_NC_000913.3_ NODE_39_length_30883_cov_91.53_ID_12508
		Marking as insignificant: 3365552 3365627 | 76 1 | 76 76 | 100.0 | gi_556503834_ref_NC_000913.3_ NODE_39_length_30883_cov_91.53_ID_12508
		Marking as insignificant: 3131269 3131344 | 1 76 | 76 76 | 100.0 | gi_556503834_ref_NC_000913.3_ NODE_39_length_30883_cov_91.53_ID_12508
		Marking as insignificant: 574587 574662 | 76 1 | 76 76 | 100.0 | gi_556503834_ref_NC_000913.3_ NODE_39_length_30883_cov_91.53_ID_12508
		Marking as insignificant: 687846 687922 | 77 1 | 77 77 | 100.0 | gi_556503834_ref_NC_000913.3_ NODE_39_length_30883_cov_91.53_ID_12508
		Marking as insignificant: 1300622 1300702 | 1 81 | 81 81 | 98.77 | gi_556503834_ref_NC_000913.3_ NODE_39_length_30883_cov_91.53_ID_12508
		Marking as insignificant: 578127 578496 | 26034 26403 | 370 370 | 96.76 | gi_556503834_ref_NC_000913.3_ NODE_39_length_30883_cov_91.53_ID_12508
		One align captures most of this contig: 1397167 1428049 | 1 30883 | 30883 30883 | 99.99 | gi_556503834_ref_NC_000913.3_ NODE_39_length_30883_cov_91.53_ID_12508

CONTIG: NODE_40_length_29331_cov_100.555_ID_12522 (29331bp)
Top Length: 29331  Top ID: 99.93
		Marking as insignificant: 2101745 2101820 | 76 1 | 76 76 | 98.68 | gi_556503834_ref_NC_000913.3_ NODE_40_length_29331_cov_100.555_ID_12522
		Marking as insignificant: 273951 274026 | 76 1 | 76 76 | 98.68 | gi_556503834_ref_NC_000913.3_ NODE_40_length_29331_cov_100.555_ID_12522
		Marking as insignificant: 3365552 3365627 | 76 1 | 76 76 | 100.0 | gi_556503834_ref_NC_000913.3_ NODE_40_length_29331_cov_100.555_ID_12522
		Marking as insignificant: 1397167 1397242 | 1 76 | 76 76 | 100.0 | gi_556503834_ref_NC_000913.3_ NODE_40_length_29331_cov_100.555_ID_12522
		Marking as insignificant: 687847 687922 | 76 1 | 76 76 | 100.0 | gi_556503834_ref_NC_000913.3_ NODE_40_length_29331_cov_100.555_ID_12522
		Marking as insignificant: 574586 574662 | 77 1 | 77 77 | 100.0 | gi_556503834_ref_NC_000913.3_ NODE_40_length_29331_cov_100.555_ID_12522
		Marking as insignificant: 2288912 2288990 | 79 1 | 79 79 | 97.47 | gi_556503834_ref_NC_000913.3_ NODE_40_length_29331_cov_100.555_ID_12522
		Marking as insignificant: 3131269 3131346 | 1 78 | 78 78 | 100.0 | gi_556503834_ref_NC_000913.3_ NODE_40_length_29331_cov_100.555_ID_12522
		Marking as insignificant: 1300622 1300699 | 1 78 | 78 78 | 100.0 | gi_556503834_ref_NC_000913.3_ NODE_40_length_29331_cov_100.555_ID_12522
		Marking as insignificant: 3766285 3766683 | 28273 27875 | 399 399 | 99.0 | gi_556503834_ref_NC_000913.3_ NODE_40_length_29331_cov_100.555_ID_12522
		Marking as insignificant: 737972 738860 | 27850 26962 | 889 889 | 96.63 | gi_556503834_ref_NC_000913.3_ NODE_40_length_29331_cov_100.555_ID_12522
		Marking as insignificant: 736681 737971 | 27875 26584 | 1291 1292 | 96.06 | gi_556503834_ref_NC_000913.3_ NODE_40_length_29331_cov_100.555_ID_12522
		Marking as insignificant: 1531672 1532962 | 27874 26584 | 1291 1291 | 98.53 | gi_556503834_ref_NC_000913.3_ NODE_40_length_29331_cov_100.555_ID_12522
		One align captures most of this contig: 3622777 3652107 | 29331 1 | 29331 29331 | 99.93 | gi_556503834_ref_NC_000913.3_ NODE_40_length_29331_cov_100.555_ID_12522

CONTIG: NODE_41_length_29137_cov_94.0512_ID_12524 (29137bp)
Top Length: 29137  Top ID: 99.98
		Marking as insignificant: 3946872 3946949 | 8106 8183 | 78 78 | 100.0 | gi_556503834_ref_NC_000913.3_ NODE_41_length_29137_cov_94.0512_ID_12524
		Marking as insignificant: 3946770 3946949 | 1 180 | 180 180 | 100.0 | gi_556503834_ref_NC_000913.3_ NODE_41_length_29137_cov_94.0512_ID_12524
		Marking as insignificant: 737681 737960 | 10273 10552 | 280 280 | 96.79 | gi_556503834_ref_NC_000913.3_ NODE_41_length_29137_cov_94.0512_ID_12524
		Marking as insignificant: 3625234 3625513 | 10273 10552 | 280 280 | 97.86 | gi_556503834_ref_NC_000913.3_ NODE_41_length_29137_cov_94.0512_ID_12524
		Marking as insignificant: 1532672 1532951 | 10273 10552 | 280 280 | 99.64 | gi_556503834_ref_NC_000913.3_ NODE_41_length_29137_cov_94.0512_ID_12524
		One align captures most of this contig: 228826 257962 | 1 29137 | 29137 29137 | 99.98 | gi_556503834_ref_NC_000913.3_ NODE_41_length_29137_cov_94.0512_ID_12524

CONTIG: NODE_42_length_28518_cov_91.4396_ID_12526 (28518bp)
Top Length: 28518  Top ID: 100.0
		One align captures most of this contig: 2731431 2759948 | 28518 1 | 28518 28518 | 100.0 | gi_556503834_ref_NC_000913.3_ NODE_42_length_28518_cov_91.4396_ID_12526

CONTIG: NODE_43_length_25529_cov_91.0348_ID_12528 (25529bp)
Top Length: 25529  Top ID: 100.0
		One align captures most of this contig: 3366696 3392224 | 1 25529 | 25529 25529 | 100.0 | gi_556503834_ref_NC_000913.3_ NODE_43_length_25529_cov_91.0348_ID_12528

CONTIG: NODE_44_length_23987_cov_91.8958_ID_12530 (23987bp)
Top Length: 23987  Top ID: 100.0
		Marking as insignificant: 3583428 3583532 | 105 1 | 105 105 | 100.0 | gi_556503834_ref_NC_000913.3_ NODE_44_length_23987_cov_91.8958_ID_12530
		Marking as insignificant: 1979166 1979270 | 1 105 | 105 105 | 100.0 | gi_556503834_ref_NC_000913.3_ NODE_44_length_23987_cov_91.8958_ID_12530
		Marking as insignificant: 258571 258675 | 1 105 | 105 105 | 100.0 | gi_556503834_ref_NC_000913.3_ NODE_44_length_23987_cov_91.8958_ID_12530
		Marking as insignificant: 20459 20563 | 1 105 | 105 105 | 100.0 | gi_556503834_ref_NC_000913.3_ NODE_44_length_23987_cov_91.8958_ID_12530
		Marking as insignificant: 279826 279932 | 1 107 | 107 107 | 100.0 | gi_556503834_ref_NC_000913.3_ NODE_44_length_23987_cov_91.8958_ID_12530
		One align captures most of this contig: 291297 315283 | 1 23987 | 23987 23987 | 100.0 | gi_556503834_ref_NC_000913.3_ NODE_44_length_23987_cov_91.8958_ID_12530

CONTIG: NODE_45_length_15930_cov_97.3311_ID_12532 (15930bp)
Top Length: 15930  Top ID: 99.95
		Marking as insignificant: 580283 581362 | 13980 15059 | 1080 1080 | 97.87 | gi_556503834_ref_NC_000913.3_ NODE_45_length_15930_cov_97.3311_ID_12532
		One align captures most of this contig: 1634968 1650897 | 15930 1 | 15930 15930 | 99.95 | gi_556503834_ref_NC_000913.3_ NODE_45_length_15930_cov_97.3311_ID_12532

CONTIG: NODE_46_length_15441_cov_93.7468_ID_12534 (15441bp)
Top Length: 15441  Top ID: 100.0
		One align captures most of this contig: 1 15441 | 1 15441 | 15441 15441 | 100.0 | gi_556503834_ref_NC_000913.3_ NODE_46_length_15441_cov_93.7468_ID_12534

CONTIG: NODE_47_length_13084_cov_93.4182_ID_12536 (13084bp)
Top Length: 13084  Top ID: 100.0
		One align captures most of this contig: 3653176 3666259 | 13084 1 | 13084 13084 | 100.0 | gi_556503834_ref_NC_000913.3_ NODE_47_length_13084_cov_93.4182_ID_12536

CONTIG: NODE_48_length_12839_cov_91.4142_ID_12538 (12839bp)
Top Length: 12839  Top ID: 100.0
		One align captures most of this contig: 4153515 4166353 | 1 12839 | 12839 12839 | 100.0 | gi_556503834_ref_NC_000913.3_ NODE_48_length_12839_cov_91.4142_ID_12538

CONTIG: NODE_49_length_12025_cov_93.1056_ID_12540 (12025bp)
Top Length: 12025  Top ID: 99.98
		Marking as insignificant: 1979166 1979270 | 1 105 | 105 105 | 100.0 | gi_556503834_ref_NC_000913.3_ NODE_49_length_12025_cov_93.1056_ID_12540
		Marking as insignificant: 291297 291401 | 1 105 | 105 105 | 100.0 | gi_556503834_ref_NC_000913.3_ NODE_49_length_12025_cov_93.1056_ID_12540
		Marking as insignificant: 279826 279930 | 1 105 | 105 105 | 100.0 | gi_556503834_ref_NC_000913.3_ NODE_49_length_12025_cov_93.1056_ID_12540
		Marking as insignificant: 3583427 3583532 | 106 1 | 106 106 | 100.0 | gi_556503834_ref_NC_000913.3_ NODE_49_length_12025_cov_93.1056_ID_12540
		Marking as insignificant: 20459 20564 | 1 106 | 106 106 | 100.0 | gi_556503834_ref_NC_000913.3_ NODE_49_length_12025_cov_93.1056_ID_12540
		One align captures most of this contig: 258571 270595 | 1 12025 | 12025 12025 | 99.98 | gi_556503834_ref_NC_000913.3_ NODE_49_length_12025_cov_93.1056_ID_12540

CONTIG: NODE_50_length_10670_cov_95.787_ID_12542 (10670bp)
Top Length: 10670  Top ID: 100.0
		Marking as insignificant: 3583428 3583532 | 105 1 | 105 105 | 100.0 | gi_556503834_ref_NC_000913.3_ NODE_50_length_10670_cov_95.787_ID_12542
		Marking as insignificant: 1979166 1979270 | 1 105 | 105 105 | 100.0 | gi_556503834_ref_NC_000913.3_ NODE_50_length_10670_cov_95.787_ID_12542
		Marking as insignificant: 258571 258675 | 1 105 | 105 105 | 100.0 | gi_556503834_ref_NC_000913.3_ NODE_50_length_10670_cov_95.787_ID_12542
		Marking as insignificant: 20459 20563 | 1 105 | 105 105 | 100.0 | gi_556503834_ref_NC_000913.3_ NODE_50_length_10670_cov_95.787_ID_12542
		Marking as insignificant: 291297 291403 | 1 107 | 107 107 | 100.0 | gi_556503834_ref_NC_000913.3_ NODE_50_length_10670_cov_95.787_ID_12542
		Marking as insignificant: 271581 271761 | 106 286 | 181 181 | 99.45 | gi_556503834_ref_NC_000913.3_ NODE_50_length_10670_cov_95.787_ID_12542
		Marking as insignificant: 1470336 1470516 | 106 286 | 181 181 | 100.0 | gi_556503834_ref_NC_000913.3_ NODE_50_length_10670_cov_95.787_ID_12542
		Marking as insignificant: 4507443 4507639 | 303 106 | 197 198 | 98.48 | gi_556503834_ref_NC_000913.3_ NODE_50_length_10670_cov_95.787_ID_12542
		One align captures most of this contig: 279826 290495 | 1 10670 | 10670 10670 | 100.0 | gi_556503834_ref_NC_000913.3_ NODE_50_length_10670_cov_95.787_ID_12542

CONTIG: NODE_51_length_9228_cov_92.2188_ID_12544 (9228bp)
Top Length: 9228  Top ID: 100.0
		One align captures most of this contig: 382536 391763 | 1 9228 | 9228 9228 | 100.0 | gi_556503834_ref_NC_000913.3_ NODE_51_length_9228_cov_92.2188_ID_12544

CONTIG: NODE_52_length_8057_cov_86.9953_ID_12546 (8057bp)
Top Length: 8057  Top ID: 100.0
		One align captures most of this contig: 4499457 4507513 | 8057 1 | 8057 8057 | 100.0 | gi_556503834_ref_NC_000913.3_ NODE_52_length_8057_cov_86.9953_ID_12546

CONTIG: NODE_53_length_6683_cov_90.796_ID_12548 (6683bp)
Top Length: 6683  Top ID: 100.0
		Marking as insignificant: 2288919 2288990 | 72 1 | 72 72 | 100.0 | gi_556503834_ref_NC_000913.3_ NODE_53_length_6683_cov_90.796_ID_12548
		Marking as insignificant: 2101745 2101820 | 76 1 | 76 76 | 98.68 | gi_556503834_ref_NC_000913.3_ NODE_53_length_6683_cov_90.796_ID_12548
		Marking as insignificant: 273951 274026 | 76 1 | 76 76 | 98.68 | gi_556503834_ref_NC_000913.3_ NODE_53_length_6683_cov_90.796_ID_12548
		Marking as insignificant: 3365552 3365627 | 76 1 | 76 76 | 100.0 | gi_556503834_ref_NC_000913.3_ NODE_53_length_6683_cov_90.796_ID_12548
		Marking as insignificant: 1397167 1397242 | 1 76 | 76 76 | 100.0 | gi_556503834_ref_NC_000913.3_ NODE_53_length_6683_cov_90.796_ID_12548
		Marking as insignificant: 687847 687922 | 76 1 | 76 76 | 100.0 | gi_556503834_ref_NC_000913.3_ NODE_53_length_6683_cov_90.796_ID_12548
		Marking as insignificant: 3652031 3652107 | 77 1 | 77 77 | 100.0 | gi_556503834_ref_NC_000913.3_ NODE_53_length_6683_cov_90.796_ID_12548
		Marking as insignificant: 3131269 3131345 | 1 77 | 77 77 | 100.0 | gi_556503834_ref_NC_000913.3_ NODE_53_length_6683_cov_90.796_ID_12548
		Marking as insignificant: 1300622 1300698 | 1 77 | 77 77 | 100.0 | gi_556503834_ref_NC_000913.3_ NODE_53_length_6683_cov_90.796_ID_12548
		One align captures most of this contig: 567980 574662 | 6683 1 | 6683 6683 | 100.0 | gi_556503834_ref_NC_000913.3_ NODE_53_length_6683_cov_90.796_ID_12548

CONTIG: NODE_54_length_4427_cov_97.6347_ID_12550 (4427bp)
Top Length: 4427  Top ID: 100.0
		Marking as insignificant: 4040587 4040845 | 4427 4169 | 259 259 | 99.23 | gi_556503834_ref_NC_000913.3_ NODE_54_length_4427_cov_97.6347_ID_12550
		One align captures most of this contig: 4171707 4176133 | 4427 1 | 4427 4427 | 100.0 | gi_556503834_ref_NC_000913.3_ NODE_54_length_4427_cov_97.6347_ID_12550

CONTIG: NODE_55_length_4123_cov_92.5924_ID_12552 (4123bp)
Top Length: 4123  Top ID: 100.0
		One align captures most of this contig: 275095 279217 | 1 4123 | 4123 4123 | 100.0 | gi_556503834_ref_NC_000913.3_ NODE_55_length_4123_cov_92.5924_ID_12552

CONTIG: NODE_56_length_4112_cov_89.0922_ID_12510 (4112bp)
Top Length: 4112  Top ID: 100.0
		One align captures most of this contig: 1428217 1432328 | 1 4112 | 4112 4112 | 100.0 | gi_556503834_ref_NC_000913.3_ NODE_56_length_4112_cov_89.0922_ID_12510

CONTIG: NODE_57_length_3174_cov_89.4809_ID_12554 (3174bp)
Top Length: 3174  Top ID: 100.0
		One align captures most of this contig: 16677 19850 | 3174 1 | 3174 3174 | 100.0 | gi_556503834_ref_NC_000913.3_ NODE_57_length_3174_cov_89.4809_ID_12554

CONTIG: NODE_58_length_3141_cov_640.039_ID_12556 (3141bp)
Top Length: 3141  Top ID: 99.75
		Marking as insignificant: 3423418 3423548 | 1 131 | 131 131 | 98.47 | gi_556503834_ref_NC_000913.3_ NODE_58_length_3141_cov_640.039_ID_12556
		This contig has 7 significant alignments. [An ambiguously mapped contig]
		Using only first of these alignment (option --ambiguity-usage is set to "one"):
		Alignment: 225739 228880 | 3141 1 | 3142 3141 | 99.75 | gi_556503834_ref_NC_000913.3_ NODE_58_length_3141_cov_640.039_ID_12556
		Skipping alignment  3423663 3426803 | 1 3141 | 3141 3141 | 99.75 | gi_556503834_ref_NC_000913.3_ NODE_58_length_3141_cov_640.039_ID_12556
		Skipping alignment  3943684 3946824 | 3141 1 | 3141 3141 | 99.68 | gi_556503834_ref_NC_000913.3_ NODE_58_length_3141_cov_640.039_ID_12556
		Skipping alignment  4037499 4040641 | 3141 1 | 3143 3141 | 99.68 | gi_556503834_ref_NC_000913.3_ NODE_58_length_3141_cov_640.039_ID_12556
		Skipping alignment  4210023 4213164 | 3141 1 | 3142 3141 | 99.68 | gi_556503834_ref_NC_000913.3_ NODE_58_length_3141_cov_640.039_ID_12556
		Skipping alignment  4168621 4171761 | 3141 1 | 3141 3141 | 99.62 | gi_556503834_ref_NC_000913.3_ NODE_58_length_3141_cov_640.039_ID_12556
		Skipping alignment  2726064 2729204 | 1 3141 | 3141 3141 | 99.59 | gi_556503834_ref_NC_000913.3_ NODE_58_length_3141_cov_640.039_ID_12556

CONTIG: NODE_59_length_2596_cov_275.08_ID_12558 (2596bp)
Top Length: 2596  Top ID: 100.0
		Marking as insignificant: 729736 732331 | 2596 1 | 2596 2596 | 97.23 | gi_556503834_ref_NC_000913.3_ NODE_59_length_2596_cov_275.08_ID_12558
		This contig has 2 significant alignments. [An ambiguously mapped contig]
		Using only first of these alignment (option --ambiguity-usage is set to "one"):
		Alignment: 3619345 3621940 | 2596 1 | 2596 2596 | 100.0 | gi_556503834_ref_NC_000913.3_ NODE_59_length_2596_cov_275.08_ID_12558
		Skipping alignment  3762336 3764931 | 2596 1 | 2596 2596 | 99.96 | gi_556503834_ref_NC_000913.3_ NODE_59_length_2596_cov_275.08_ID_12558

CONTIG: NODE_60_length_2463_cov_185.333_ID_12560 (2463bp)
Top Length: 2463  Top ID: 99.92
		This contig has 2 significant alignments. [An ambiguously mapped contig]
		Using only first of these alignment (option --ambiguity-usage is set to "one"):
		Alignment: 1632560 1635022 | 1 2463 | 2463 2463 | 99.92 | gi_556503834_ref_NC_000913.3_ NODE_60_length_2463_cov_185.333_ID_12560
		Skipping alignment  1432274 1434736 | 2463 1 | 2463 2463 | 99.51 | gi_556503834_ref_NC_000913.3_ NODE_60_length_2463_cov_185.333_ID_12560

CONTIG: NODE_61_length_2320_cov_94.8667_ID_12562 (2320bp)
Top Length: 2320  Top ID: 100.0
		Marking as insignificant: 2288919 2288990 | 72 1 | 72 72 | 100.0 | gi_556503834_ref_NC_000913.3_ NODE_61_length_2320_cov_94.8667_ID_12562
		Marking as insignificant: 3652032 3652107 | 76 1 | 76 76 | 98.68 | gi_556503834_ref_NC_000913.3_ NODE_61_length_2320_cov_94.8667_ID_12562
		Marking as insignificant: 3365552 3365627 | 76 1 | 76 76 | 98.68 | gi_556503834_ref_NC_000913.3_ NODE_61_length_2320_cov_94.8667_ID_12562
		Marking as insignificant: 3131269 3131344 | 1 76 | 76 76 | 98.68 | gi_556503834_ref_NC_000913.3_ NODE_61_length_2320_cov_94.8667_ID_12562
		Marking as insignificant: 2101745 2101820 | 76 1 | 76 76 | 98.68 | gi_556503834_ref_NC_000913.3_ NODE_61_length_2320_cov_94.8667_ID_12562
		Marking as insignificant: 1300622 1300697 | 1 76 | 76 76 | 98.68 | gi_556503834_ref_NC_000913.3_ NODE_61_length_2320_cov_94.8667_ID_12562
		Marking as insignificant: 574587 574662 | 76 1 | 76 76 | 98.68 | gi_556503834_ref_NC_000913.3_ NODE_61_length_2320_cov_94.8667_ID_12562
		Marking as insignificant: 1397167 1397243 | 1 77 | 77 77 | 98.7 | gi_556503834_ref_NC_000913.3_ NODE_61_length_2320_cov_94.8667_ID_12562
		Marking as insignificant: 687844 687922 | 79 1 | 79 79 | 98.73 | gi_556503834_ref_NC_000913.3_ NODE_61_length_2320_cov_94.8667_ID_12562
		One align captures most of this contig: 271707 274026 | 2320 1 | 2320 2320 | 100.0 | gi_556503834_ref_NC_000913.3_ NODE_61_length_2320_cov_94.8667_ID_12562

CONTIG: NODE_62_length_1750_cov_92.4407_ID_12564 (1750bp)
Top Length: 1750  Top ID: 100.0
		One align captures most of this contig: 2067246 2068995 | 1750 1 | 1750 1750 | 100.0 | gi_556503834_ref_NC_000913.3_ NODE_62_length_1750_cov_92.4407_ID_12564

CONTIG: NODE_63_length_1702_cov_635.935_ID_12566 (1702bp)
Top Length: 1702  Top ID: 100.0
		This contig has 7 significant alignments. [An ambiguously mapped contig]
		Using only first of these alignment (option --ambiguity-usage is set to "one"):
		Alignment: 4208001 4209702 | 1 1702 | 1702 1702 | 100.0 | gi_556503834_ref_NC_000913.3_ NODE_63_length_1702_cov_635.935_ID_12566
		Skipping alignment  4166513 4168214 | 1 1702 | 1702 1702 | 99.94 | gi_556503834_ref_NC_000913.3_ NODE_63_length_1702_cov_635.935_ID_12566
		Skipping alignment  4035385 4037086 | 1 1702 | 1702 1702 | 99.88 | gi_556503834_ref_NC_000913.3_ NODE_63_length_1702_cov_635.935_ID_12566
		Skipping alignment  3941662 3943363 | 1 1702 | 1702 1702 | 99.65 | gi_556503834_ref_NC_000913.3_ NODE_63_length_1702_cov_635.935_ID_12566
		Skipping alignment  2729602 2731303 | 1702 1 | 1702 1702 | 99.53 | gi_556503834_ref_NC_000913.3_ NODE_63_length_1702_cov_635.935_ID_12566
		Skipping alignment  223625 225326 | 1 1702 | 1702 1702 | 99.47 | gi_556503834_ref_NC_000913.3_ NODE_63_length_1702_cov_635.935_ID_12566
		Skipping alignment  3427207 3428908 | 1702 1 | 1702 1702 | 99.47 | gi_556503834_ref_NC_000913.3_ NODE_63_length_1702_cov_635.935_ID_12566

CONTIG: NODE_64_length_1345_cov_271.472_ID_12568 (1345bp)
Top Length: 1345  Top ID: 100.0
		This contig has 3 significant alignments. [An ambiguously mapped contig]
		Using only first of these alignment (option --ambiguity-usage is set to "one"):
		Alignment: 15387 16731 | 1 1345 | 1345 1345 | 100.0 | gi_556503834_ref_NC_000913.3_ NODE_64_length_1345_cov_271.472_ID_12568
		Skipping alignment  608007 609351 | 1 1345 | 1345 1345 | 100.0 | gi_556503834_ref_NC_000913.3_ NODE_64_length_1345_cov_271.472_ID_12568
		Skipping alignment  2514273 2515617 | 1 1345 | 1345 1345 | 100.0 | gi_556503834_ref_NC_000913.3_ NODE_64_length_1345_cov_271.472_ID_12568

CONTIG: NODE_65_length_1255_cov_441.587_ID_12570 (1255bp)
Top Length: 1255  Top ID: 100.0
		This contig has 5 significant alignments. [An ambiguously mapped contig]
		Using only first of these alignment (option --ambiguity-usage is set to "one"):
		Alignment: 315229 316483 | 1 1255 | 1255 1255 | 100.0 | gi_556503834_ref_NC_000913.3_ NODE_65_length_1255_cov_441.587_ID_12570
		Skipping alignment  391709 392963 | 1255 1 | 1255 1255 | 100.0 | gi_556503834_ref_NC_000913.3_ NODE_65_length_1255_cov_441.587_ID_12570
		Skipping alignment  566780 568034 | 1 1255 | 1255 1255 | 100.0 | gi_556503834_ref_NC_000913.3_ NODE_65_length_1255_cov_441.587_ID_12570
		Skipping alignment  1094245 1095499 | 1255 1 | 1255 1255 | 100.0 | gi_556503834_ref_NC_000913.3_ NODE_65_length_1255_cov_441.587_ID_12570
		Skipping alignment  2170174 2171428 | 1 1255 | 1255 1255 | 100.0 | gi_556503834_ref_NC_000913.3_ NODE_65_length_1255_cov_441.587_ID_12570

CONTIG: NODE_66_length_1232_cov_186.314_ID_12572 (1232bp)
Top Length: 1232  Top ID: 99.92
		This contig has 2 significant alignments. [An ambiguously mapped contig]
		Using only first of these alignment (option --ambiguity-usage is set to "one"):
		Alignment: 3666205 3667436 | 1232 1 | 1232 1232 | 99.92 | gi_556503834_ref_NC_000913.3_ NODE_66_length_1232_cov_186.314_ID_12572
		Skipping alignment  1570670 1571901 | 1232 1 | 1232 1232 | 99.35 | gi_556503834_ref_NC_000913.3_ NODE_66_length_1232_cov_186.314_ID_12572

CONTIG: NODE_67_length_1221_cov_289.381_ID_12574 (1221bp)
Top Length: 1221  Top ID: 100.0
		Marking as insignificant: 279931 280111 | 1041 1221 | 181 181 | 100.0 | gi_556503834_ref_NC_000913.3_ NODE_67_length_1221_cov_289.381_ID_12574
		This contig has 3 significant alignments. [An ambiguously mapped contig]
		Using only first of these alignment (option --ambiguity-usage is set to "one"):
		Alignment: 1469296 1470516 | 1 1221 | 1221 1221 | 100.0 | gi_556503834_ref_NC_000913.3_ NODE_67_length_1221_cov_289.381_ID_12574
		Skipping alignment  4507459 4508679 | 1221 1 | 1221 1221 | 100.0 | gi_556503834_ref_NC_000913.3_ NODE_67_length_1221_cov_289.381_ID_12574
		Skipping alignment  270541 271761 | 1 1221 | 1221 1221 | 99.75 | gi_556503834_ref_NC_000913.3_ NODE_67_length_1221_cov_289.381_ID_12574

CONTIG: NODE_68_length_1178_cov_1009.58_ID_12576 (1178bp)
Top Length: 1178  Top ID: 100.0
		This contig has 11 significant alignments. [An ambiguously mapped contig]
		Using only first of these alignment (option --ambiguity-usage is set to "one"):
		Alignment: 273972 275149 | 1178 1 | 1178 1178 | 100.0 | gi_556503834_ref_NC_000913.3_ NODE_68_length_1178_cov_1009.58_ID_12576
		Skipping alignment  574608 575785 | 1178 1 | 1178 1178 | 100.0 | gi_556503834_ref_NC_000913.3_ NODE_68_length_1178_cov_1009.58_ID_12576
		Skipping alignment  687868 689045 | 1178 1 | 1178 1178 | 100.0 | gi_556503834_ref_NC_000913.3_ NODE_68_length_1178_cov_1009.58_ID_12576
		Skipping alignment  1299499 1300676 | 1 1178 | 1178 1178 | 100.0 | gi_556503834_ref_NC_000913.3_ NODE_68_length_1178_cov_1009.58_ID_12576
		Skipping alignment  1396044 1397221 | 1 1178 | 1178 1178 | 100.0 | gi_556503834_ref_NC_000913.3_ NODE_68_length_1178_cov_1009.58_ID_12576
		Skipping alignment  2101766 2102943 | 1178 1 | 1178 1178 | 100.0 | gi_556503834_ref_NC_000913.3_ NODE_68_length_1178_cov_1009.58_ID_12576
		Skipping alignment  2288936 2290113 | 1178 1 | 1178 1178 | 100.0 | gi_556503834_ref_NC_000913.3_ NODE_68_length_1178_cov_1009.58_ID_12576
		Skipping alignment  3130146 3131323 | 1 1178 | 1178 1178 | 100.0 | gi_556503834_ref_NC_000913.3_ NODE_68_length_1178_cov_1009.58_ID_12576
		Skipping alignment  3365573 3366750 | 1178 1 | 1178 1178 | 100.0 | gi_556503834_ref_NC_000913.3_ NODE_68_length_1178_cov_1009.58_ID_12576
		Skipping alignment  3652053 3653230 | 1178 1 | 1178 1178 | 100.0 | gi_556503834_ref_NC_000913.3_ NODE_68_length_1178_cov_1009.58_ID_12576
		Skipping alignment  2066176 2067353 | 1178 1 | 1178 1178 | 99.66 | gi_556503834_ref_NC_000913.3_ NODE_68_length_1178_cov_1009.58_ID_12576

CONTIG: NODE_69_length_1035_cov_92.601_ID_12578 (1035bp)
Top Length: 1035  Top ID: 100.0
		One align captures most of this contig: 733168 734202 | 1 1035 | 1035 1035 | 100.0 | gi_556503834_ref_NC_000913.3_ NODE_69_length_1035_cov_92.601_ID_12578

CONTIG: NODE_70_length_1031_cov_177.278_ID_12580 (1031bp)
Top Length: 1031  Top ID: 99.9
		This contig has 2 significant alignments. [An ambiguously mapped contig]
		Using only first of these alignment (option --ambiguity-usage is set to "one"):
		Alignment: 3470164 3471194 | 1031 1 | 1031 1031 | 99.9 | gi_556503834_ref_NC_000913.3_ NODE_70_length_1031_cov_177.278_ID_12580
		Skipping alignment  4176079 4177109 | 1 1031 | 1031 1031 | 99.9 | gi_556503834_ref_NC_000913.3_ NODE_70_length_1031_cov_177.278_ID_12580

CONTIG: NODE_71_length_991_cov_180.524_ID_12582 (991bp)
Top Length: 991  Top ID: 100.0
		This contig has 2 significant alignments. [An ambiguously mapped contig]
		Using only first of these alignment (option --ambiguity-usage is set to "one"):
		Alignment: 525730 526720 | 1 991 | 991 991 | 100.0 | gi_556503834_ref_NC_000913.3_ NODE_71_length_991_cov_180.524_ID_12582
		Skipping alignment  1528184 1529174 | 1 991 | 991 991 | 99.6 | gi_556503834_ref_NC_000913.3_ NODE_71_length_991_cov_180.524_ID_12582

CONTIG: NODE_72_length_718_cov_645.836_ID_12584 (718bp)
Top Length: 718  Top ID: 100.0
		Marking as insignificant: 290634 291351 | 1 718 | 718 718 | 98.75 | gi_556503834_ref_NC_000913.3_ NODE_72_length_718_cov_645.836_ID_12584
		Marking as insignificant: 279163 279880 | 1 718 | 718 718 | 98.75 | gi_556503834_ref_NC_000913.3_ NODE_72_length_718_cov_645.836_ID_12584
		Marking as insignificant: 1049828 1050545 | 718 1 | 718 718 | 98.89 | gi_556503834_ref_NC_000913.3_ NODE_72_length_718_cov_645.836_ID_12584
		This contig has 4 significant alignments. [An ambiguously mapped contig]
		Using only first of these alignment (option --ambiguity-usage is set to "one"):
		Alignment: 19796 20513 | 1 718 | 718 718 | 100.0 | gi_556503834_ref_NC_000913.3_ NODE_72_length_718_cov_645.836_ID_12584
		Skipping alignment  257908 258625 | 1 718 | 718 718 | 100.0 | gi_556503834_ref_NC_000913.3_ NODE_72_length_718_cov_645.836_ID_12584
		Skipping alignment  1978503 1979220 | 1 718 | 718 718 | 100.0 | gi_556503834_ref_NC_000913.3_ NODE_72_length_718_cov_645.836_ID_12584
		Skipping alignment  3583478 3584195 | 718 1 | 718 718 | 100.0 | gi_556503834_ref_NC_000913.3_ NODE_72_length_718_cov_645.836_ID_12584

CONTIG: NODE_73_length_706_cov_640.114_ID_12586 (706bp)
Top Length: 706  Top ID: 100.0
		This contig has 7 significant alignments. [An ambiguously mapped contig]
		Using only first of these alignment (option --ambiguity-usage is set to "one"):
		Alignment: 381885 382590 | 706 1 | 706 706 | 100.0 | gi_556503834_ref_NC_000913.3_ NODE_73_length_706_cov_640.114_ID_12586
		Skipping alignment  1467910 1468615 | 1 706 | 706 706 | 100.0 | gi_556503834_ref_NC_000913.3_ NODE_73_length_706_cov_640.114_ID_12586
		Skipping alignment  1650843 1651548 | 706 1 | 706 706 | 100.0 | gi_556503834_ref_NC_000913.3_ NODE_73_length_706_cov_640.114_ID_12586
		Skipping alignment  2068941 2069646 | 1 706 | 706 706 | 100.0 | gi_556503834_ref_NC_000913.3_ NODE_73_length_706_cov_640.114_ID_12586
		Skipping alignment  2996361 2997066 | 1 706 | 706 706 | 100.0 | gi_556503834_ref_NC_000913.3_ NODE_73_length_706_cov_640.114_ID_12586
		Skipping alignment  3186721 3187426 | 706 1 | 706 706 | 100.0 | gi_556503834_ref_NC_000913.3_ NODE_73_length_706_cov_640.114_ID_12586
		Skipping alignment  4498806 4499511 | 706 1 | 706 706 | 100.0 | gi_556503834_ref_NC_000913.3_ NODE_73_length_706_cov_640.114_ID_12586

CONTIG: NODE_74_length_645_cov_370.783_ID_12588 (645bp)
Top Length: 645  Top ID: 99.38
		This contig has 4 significant alignments. [An ambiguously mapped contig]
		Using only first of these alignment (option --ambiguity-usage is set to "one"):
		Alignment: 3764877 3765521 | 1 645 | 645 645 | 99.38 | gi_556503834_ref_NC_000913.3_ NODE_74_length_645_cov_370.783_ID_12588
		Skipping alignment  734148 734792 | 1 645 | 645 645 | 98.91 | gi_556503834_ref_NC_000913.3_ NODE_74_length_645_cov_370.783_ID_12588
		Skipping alignment  3621886 3622530 | 1 645 | 645 645 | 98.91 | gi_556503834_ref_NC_000913.3_ NODE_74_length_645_cov_370.783_ID_12588
		Skipping alignment  732277 732921 | 1 645 | 645 645 | 98.76 | gi_556503834_ref_NC_000913.3_ NODE_74_length_645_cov_370.783_ID_12588

Analyzing coverage...
Writing SNPs into /net/metagenomics/projects/afritz_assemblies/Simpipeline_Coverage_Sweep/000_error/Ecoli_cov128/quast_metaSPAde/contigs_reports/nucmer_output/contigs.used_snps
	Reference gi_556503834_ref_NC_000913.3_: 75 total alignments. 1 total regions.
		Region: 1 to 4641652 (4641652 bp)
			Align 1: 1 15441 NODE_46_length_15441_cov_93.7468_ID_12534 1 15441
				Negative gap (overlap) between this and next alignment: 15441 to 15387 (-54 bp)
				Next Alignment: 15387 16731 NODE_64_length_1345_cov_271.472_ID_12568 1 1345

			Previous gap was negative, modifying coordinates to ignore overlap
				Moving contig start from 1 to 56.
			Align 2: 15442 16731 NODE_64_length_1345_cov_271.472_ID_12568 56 1345
				Negative gap (overlap) between this and next alignment: 16731 to 16677 (-54 bp)
				Next Alignment: 16677 19850 NODE_57_length_3174_cov_89.4809_ID_12554 3174 1

			Previous gap was negative, modifying coordinates to ignore overlap
				Moving contig start from 3174 to 3119.
			Align 3: 16732 19850 NODE_57_length_3174_cov_89.4809_ID_12554 3119 1
				Negative gap (overlap) between this and next alignment: 19850 to 19796 (-54 bp)
				Next Alignment: 19796 20513 NODE_72_length_718_cov_645.836_ID_12584 1 718

			Previous gap was negative, modifying coordinates to ignore overlap
				Moving contig start from 1 to 56.
			Align 4: 19851 20513 NODE_72_length_718_cov_645.836_ID_12584 56 718
				Negative gap (overlap) between this and next alignment: 20513 to 20459 (-54 bp)
				Next Alignment: 20459 223679 NODE_7_length_203221_cov_91.4253_ID_12454 203221 1

			Previous gap was negative, modifying coordinates to ignore overlap
				Moving contig start from 203221 to 203166.
			Align 5: 20514 223679 NODE_7_length_203221_cov_91.4253_ID_12454 203166 1
				Gap between this and next alignment: 223679 to 225739 (2059 bp)
				Next Alignment: 225739 228880 NODE_58_length_3141_cov_640.039_ID_12556 3141 1

			Align 6: 225739 228880 NODE_58_length_3141_cov_640.039_ID_12556 3141 1
				Negative gap (overlap) between this and next alignment: 228880 to 228826 (-54 bp)
				Next Alignment: 228826 257962 NODE_41_length_29137_cov_94.0512_ID_12524 1 29137

			Previous gap was negative, modifying coordinates to ignore overlap
				Moving contig start from 1 to 56.
			Align 7: 228881 257962 NODE_41_length_29137_cov_94.0512_ID_12524 56 29137
				Gap between this and next alignment: 257962 to 258571 (608 bp)
				Next Alignment: 258571 270595 NODE_49_length_12025_cov_93.1056_ID_12540 1 12025

			Align 8: 258571 270595 NODE_49_length_12025_cov_93.1056_ID_12540 1 12025
				Gap between this and next alignment: 270595 to 271707 (1111 bp)
				Next Alignment: 271707 274026 NODE_61_length_2320_cov_94.8667_ID_12562 2320 1

			Align 9: 271707 274026 NODE_61_length_2320_cov_94.8667_ID_12562 2320 1
				Negative gap (overlap) between this and next alignment: 274026 to 273972 (-54 bp)
				Next Alignment: 273972 275149 NODE_68_length_1178_cov_1009.58_ID_12576 1178 1

			Previous gap was negative, modifying coordinates to ignore overlap
				Moving contig start from 1178 to 1123.
			Align 10: 274027 275149 NODE_68_length_1178_cov_1009.58_ID_12576 1123 1
				Negative gap (overlap) between this and next alignment: 275149 to 275095 (-54 bp)
				Next Alignment: 275095 279217 NODE_55_length_4123_cov_92.5924_ID_12552 1 4123

			Previous gap was negative, modifying coordinates to ignore overlap
				Moving contig start from 1 to 56.
			Align 11: 275150 279217 NODE_55_length_4123_cov_92.5924_ID_12552 56 4123
				Gap between this and next alignment: 279217 to 279826 (608 bp)
				Next Alignment: 279826 290495 NODE_50_length_10670_cov_95.787_ID_12542 1 10670

			Align 12: 279826 290495 NODE_50_length_10670_cov_95.787_ID_12542 1 10670
				Gap between this and next alignment: 290495 to 291297 (801 bp)
				Next Alignment: 291297 315283 NODE_44_length_23987_cov_91.8958_ID_12530 1 23987

			Align 13: 291297 315283 NODE_44_length_23987_cov_91.8958_ID_12530 1 23987
				Negative gap (overlap) between this and next alignment: 315283 to 315229 (-54 bp)
				Next Alignment: 315229 316483 NODE_65_length_1255_cov_441.587_ID_12570 1 1255

			Previous gap was negative, modifying coordinates to ignore overlap
				Moving contig start from 1 to 56.
			Align 14: 315284 316483 NODE_65_length_1255_cov_441.587_ID_12570 56 1255
				Negative gap (overlap) between this and next alignment: 316483 to 316429 (-54 bp)
				Next Alignment: 316429 381939 NODE_23_length_65511_cov_97.0283_ID_12486 1 65511

			Previous gap was negative, modifying coordinates to ignore overlap
				Moving contig start from 1 to 56.
			Align 15: 316484 381939 NODE_23_length_65511_cov_97.0283_ID_12486 56 65511
				Negative gap (overlap) between this and next alignment: 381939 to 381885 (-54 bp)
				Next Alignment: 381885 382590 NODE_73_length_706_cov_640.114_ID_12586 706 1

			Previous gap was negative, modifying coordinates to ignore overlap
				Moving contig start from 706 to 651.
			Align 16: 381940 382590 NODE_73_length_706_cov_640.114_ID_12586 651 1
				Negative gap (overlap) between this and next alignment: 382590 to 382536 (-54 bp)
				Next Alignment: 382536 391763 NODE_51_length_9228_cov_92.2188_ID_12544 1 9228

			Previous gap was negative, modifying coordinates to ignore overlap
				Moving contig start from 1 to 56.
			Align 17: 382591 391763 NODE_51_length_9228_cov_92.2188_ID_12544 56 9228
				Gap between this and next alignment: 391763 to 392909 (1145 bp)
				Next Alignment: 392909 525784 NODE_12_length_132876_cov_91.1535_ID_12464 1 132876

			Align 18: 392909 525784 NODE_12_length_132876_cov_91.1535_ID_12464 1 132876
				Negative gap (overlap) between this and next alignment: 525784 to 525730 (-54 bp)
				Next Alignment: 525730 526720 NODE_71_length_991_cov_180.524_ID_12582 1 991

			Previous gap was negative, modifying coordinates to ignore overlap
				Moving contig start from 1 to 56.
			Align 19: 525785 526720 NODE_71_length_991_cov_180.524_ID_12582 56 991
				Negative gap (overlap) between this and next alignment: 526720 to 526666 (-54 bp)
				Next Alignment: 526666 566834 NODE_32_length_40169_cov_90.7223_ID_12504 1 40169

			Previous gap was negative, modifying coordinates to ignore overlap
				Moving contig start from 1 to 56.
			Align 20: 526721 566834 NODE_32_length_40169_cov_90.7223_ID_12504 56 40169
				Gap between this and next alignment: 566834 to 567980 (1145 bp)
				Next Alignment: 567980 574662 NODE_53_length_6683_cov_90.796_ID_12548 6683 1

			Align 21: 567980 574662 NODE_53_length_6683_cov_90.796_ID_12548 6683 1
				Gap between this and next alignment: 574662 to 575731 (1068 bp)
				Next Alignment: 575731 608061 NODE_35_length_32331_cov_95.5372_ID_12514 32331 1

			Align 22: 575731 608061 NODE_35_length_32331_cov_95.5372_ID_12514 32331 1
				Gap between this and next alignment: 608061 to 609297 (1235 bp)
				Next Alignment: 609297 687922 NODE_21_length_78626_cov_90.6483_ID_12482 1 78626

			Align 23: 609297 687922 NODE_21_length_78626_cov_90.6483_ID_12482 1 78626
				Gap between this and next alignment: 687922 to 688991 (1068 bp)
				Next Alignment: 688991 729790 NODE_31_length_40800_cov_90.8235_ID_12502 1 40800

			Align 24: 688991 729790 NODE_31_length_40800_cov_90.8235_ID_12502 1 40800
				Gap between this and next alignment: 729790 to 733168 (3377 bp)
				Next Alignment: 733168 734202 NODE_69_length_1035_cov_92.601_ID_12578 1 1035

			Align 25: 733168 734202 NODE_69_length_1035_cov_92.601_ID_12578 1 1035
				Gap between this and next alignment: 734202 to 735039 (836 bp)
				Next Alignment: 735039 1049882 NODE_2_length_314847_cov_92.6814_ID_12444 1 314847

			Align 26: 735039 1049882 NODE_2_length_314847_cov_92.6814_ID_12444 1 314847
				Gap between this and next alignment: 1049882 to 1050491 (608 bp)
				Next Alignment: 1050491 1094299 NODE_28_length_43809_cov_91.0663_ID_12496 1 43809

			Align 27: 1050491 1094299 NODE_28_length_43809_cov_91.0663_ID_12496 1 43809
				Gap between this and next alignment: 1094299 to 1097142 (2842 bp)
				Next Alignment: 1097142 1299553 NODE_6_length_203928_cov_92.0652_ID_12452 1517 203928

			Align 28: 1097142 1299553 NODE_6_length_203928_cov_92.0652_ID_12452 1517 203928
				Gap between this and next alignment: 1299553 to 1300622 (1068 bp)
				Next Alignment: 1300622 1396098 NODE_17_length_95477_cov_90.5542_ID_12474 1 95477

			Align 29: 1300622 1396098 NODE_17_length_95477_cov_90.5542_ID_12474 1 95477
				Gap between this and next alignment: 1396098 to 1397167 (1068 bp)
				Next Alignment: 1397167 1428049 NODE_39_length_30883_cov_91.53_ID_12508 1 30883

			Align 30: 1397167 1428049 NODE_39_length_30883_cov_91.53_ID_12508 1 30883
				Gap between this and next alignment: 1428049 to 1428217 (167 bp)
				Next Alignment: 1428217 1432328 NODE_56_length_4112_cov_89.0922_ID_12510 1 4112

			Align 31: 1428217 1432328 NODE_56_length_4112_cov_89.0922_ID_12510 1 4112
				Gap between this and next alignment: 1432328 to 1434682 (2353 bp)
				Next Alignment: 1434682 1467964 NODE_34_length_33283_cov_91.3012_ID_12512 33283 1

			Align 32: 1434682 1467964 NODE_34_length_33283_cov_91.3012_ID_12512 33283 1
				Gap between this and next alignment: 1467964 to 1469296 (1331 bp)
				Next Alignment: 1469296 1470516 NODE_67_length_1221_cov_289.381_ID_12574 1 1221

			Align 33: 1469296 1470516 NODE_67_length_1221_cov_289.381_ID_12574 1 1221
				Negative gap (overlap) between this and next alignment: 1470516 to 1470462 (-54 bp)
				Next Alignment: 1470462 1528238 NODE_26_length_57777_cov_90.5645_ID_12492 1 57777

			Previous gap was negative, modifying coordinates to ignore overlap
				Moving contig start from 1 to 56.
			Align 34: 1470517 1528238 NODE_26_length_57777_cov_90.5645_ID_12492 56 57777
				Gap between this and next alignment: 1528238 to 1529120 (881 bp)
				Next Alignment: 1529120 1570724 NODE_29_length_41605_cov_95.7038_ID_12498 1 41605

			Align 35: 1529120 1570724 NODE_29_length_41605_cov_95.7038_ID_12498 1 41605
				Gap between this and next alignment: 1570724 to 1571847 (1122 bp)
				Next Alignment: 1571847 1632614 NODE_24_length_60768_cov_90.3962_ID_12488 1 60768

			Align 36: 1571847 1632614 NODE_24_length_60768_cov_90.3962_ID_12488 1 60768
				Negative gap (overlap) between this and next alignment: 1632614 to 1632560 (-54 bp)
				Next Alignment: 1632560 1635022 NODE_60_length_2463_cov_185.333_ID_12560 1 2463

			Previous gap was negative, modifying coordinates to ignore overlap
				Moving contig start from 1 to 56.
			Align 37: 1632615 1635022 NODE_60_length_2463_cov_185.333_ID_12560 56 2463
				Negative gap (overlap) between this and next alignment: 1635022 to 1634968 (-54 bp)
				Next Alignment: 1634968 1650897 NODE_45_length_15930_cov_97.3311_ID_12532 15930 1

			Previous gap was negative, modifying coordinates to ignore overlap
				Moving contig start from 15930 to 15875.
			Align 38: 1635023 1650897 NODE_45_length_15930_cov_97.3311_ID_12532 15875 1
				Gap between this and next alignment: 1650897 to 1651494 (596 bp)
				Next Alignment: 1651494 1978557 NODE_1_length_327064_cov_91.3011_ID_12442 1 327064

			Align 39: 1651494 1978557 NODE_1_length_327064_cov_91.3011_ID_12442 1 327064
				Gap between this and next alignment: 1978557 to 1979166 (608 bp)
				Next Alignment: 1979166 2066230 NODE_20_length_87065_cov_90.923_ID_12480 1 87065

			Align 40: 1979166 2066230 NODE_20_length_87065_cov_90.923_ID_12480 1 87065
				Gap between this and next alignment: 2066230 to 2067246 (1015 bp)
				Next Alignment: 2067246 2068995 NODE_62_length_1750_cov_92.4407_ID_12564 1750 1

			Align 41: 2067246 2068995 NODE_62_length_1750_cov_92.4407_ID_12564 1750 1
				Gap between this and next alignment: 2068995 to 2070219 (1223 bp)
				Next Alignment: 2070219 2101820 NODE_36_length_31602_cov_92.6422_ID_12516 1 31602

			Align 42: 2070219 2101820 NODE_36_length_31602_cov_92.6422_ID_12516 1 31602
				Gap between this and next alignment: 2101820 to 2102889 (1068 bp)
				Next Alignment: 2102889 2170228 NODE_22_length_67340_cov_91.348_ID_12484 67340 1

			Align 43: 2102889 2170228 NODE_22_length_67340_cov_91.348_ID_12484 67340 1
				Gap between this and next alignment: 2170228 to 2171374 (1145 bp)
				Next Alignment: 2171374 2288990 NODE_14_length_117617_cov_91.2095_ID_12468 117617 1

			Align 44: 2171374 2288990 NODE_14_length_117617_cov_91.2095_ID_12468 117617 1
				Gap between this and next alignment: 2288990 to 2290059 (1068 bp)
				Next Alignment: 2290059 2514327 NODE_4_length_224269_cov_91.195_ID_12448 1 224269

			Align 45: 2290059 2514327 NODE_4_length_224269_cov_91.195_ID_12448 1 224269
				Gap between this and next alignment: 2514327 to 2515563 (1235 bp)
				Next Alignment: 2515563 2726118 NODE_5_length_210558_cov_91.5233_ID_12450 1 210558

			Align 46: 2515563 2726118 NODE_5_length_210558_cov_91.5233_ID_12450 1 210558
				Gap between this and next alignment: 2726118 to 2731431 (5312 bp)
				Next Alignment: 2731431 2759948 NODE_42_length_28518_cov_91.4396_ID_12526 28518 1

			Align 47: 2731431 2759948 NODE_42_length_28518_cov_91.4396_ID_12526 28518 1
				Negative gap (overlap) between this and next alignment: 2759948 to 2759894 (-54 bp)
				Next Alignment: 2759894 2817837 NODE_25_length_57944_cov_91.584_ID_12490 1 57944

			Previous gap was negative, modifying coordinates to ignore overlap
				Moving contig start from 1 to 56.
			Align 48: 2759949 2817837 NODE_25_length_57944_cov_91.584_ID_12490 56 57944
				Gap between this and next alignment: 2817837 to 2818082 (244 bp)
				Next Alignment: 2818082 2996415 NODE_8_length_178334_cov_91.5764_ID_12456 1 178334

			Align 49: 2818082 2996415 NODE_8_length_178334_cov_91.5764_ID_12456 1 178334
				Gap between this and next alignment: 2996415 to 2997638 (1222 bp)
				Next Alignment: 2997638 3130200 NODE_13_length_132563_cov_90.9319_ID_12466 132563 1

			Align 50: 2997638 3130200 NODE_13_length_132563_cov_90.9319_ID_12466 132563 1
				Gap between this and next alignment: 3130200 to 3131269 (1068 bp)
				Next Alignment: 3131269 3186150 NODE_27_length_54882_cov_91.0994_ID_12494 54882 1

			Align 51: 3131269 3186150 NODE_27_length_54882_cov_91.0994_ID_12494 54882 1
				Gap between this and next alignment: 3186150 to 3187372 (1221 bp)
				Next Alignment: 3187372 3365627 NODE_9_length_178256_cov_91.1094_ID_12458 1 178256

			Align 52: 3187372 3365627 NODE_9_length_178256_cov_91.1094_ID_12458 1 178256
				Gap between this and next alignment: 3365627 to 3366696 (1068 bp)
				Next Alignment: 3366696 3392224 NODE_43_length_25529_cov_91.0348_ID_12528 1 25529

			Align 53: 3366696 3392224 NODE_43_length_25529_cov_91.0348_ID_12528 1 25529
				Gap between this and next alignment: 3392224 to 3392309 (84 bp)
				Next Alignment: 3392309 3423313 NODE_37_length_31005_cov_91.0767_ID_12518 1 31005

			Align 54: 3392309 3423313 NODE_37_length_31005_cov_91.0767_ID_12518 1 31005
				Gap between this and next alignment: 3423313 to 3428854 (5540 bp)
				Next Alignment: 3428854 3470218 NODE_30_length_41365_cov_91.0372_ID_12500 41365 1

			Align 55: 3428854 3470218 NODE_30_length_41365_cov_91.0372_ID_12500 41365 1
				Negative gap (overlap) between this and next alignment: 3470218 to 3470164 (-54 bp)
				Next Alignment: 3470164 3471194 NODE_70_length_1031_cov_177.278_ID_12580 1031 1

			Previous gap was negative, modifying coordinates to ignore overlap
				Moving contig start from 1031 to 976.
			Align 56: 3470219 3471194 NODE_70_length_1031_cov_177.278_ID_12580 976 1
				Negative gap (overlap) between this and next alignment: 3471194 to 3471140 (-54 bp)
				Next Alignment: 3471140 3583532 NODE_16_length_112393_cov_90.7121_ID_12472 1 112393

			Previous gap was negative, modifying coordinates to ignore overlap
				Moving contig start from 1 to 56.
			Align 57: 3471195 3583532 NODE_16_length_112393_cov_90.7121_ID_12472 56 112393
				Gap between this and next alignment: 3583532 to 3584141 (608 bp)
				Next Alignment: 3584141 3619399 NODE_33_length_35259_cov_91.2335_ID_12506 1 35259

			Align 58: 3584141 3619399 NODE_33_length_35259_cov_91.2335_ID_12506 1 35259
				Negative gap (overlap) between this and next alignment: 3619399 to 3619345 (-54 bp)
				Next Alignment: 3619345 3621940 NODE_59_length_2596_cov_275.08_ID_12558 2596 1

			Previous gap was negative, modifying coordinates to ignore overlap
				Moving contig start from 2596 to 2541.
			Align 59: 3619400 3621940 NODE_59_length_2596_cov_275.08_ID_12558 2541 1
				Gap between this and next alignment: 3621940 to 3622777 (836 bp)
				Next Alignment: 3622777 3652107 NODE_40_length_29331_cov_100.555_ID_12522 29331 1

			Align 60: 3622777 3652107 NODE_40_length_29331_cov_100.555_ID_12522 29331 1
				Gap between this and next alignment: 3652107 to 3653176 (1068 bp)
				Next Alignment: 3653176 3666259 NODE_47_length_13084_cov_93.4182_ID_12536 13084 1

			Align 61: 3653176 3666259 NODE_47_length_13084_cov_93.4182_ID_12536 13084 1
				Negative gap (overlap) between this and next alignment: 3666259 to 3666205 (-54 bp)
				Next Alignment: 3666205 3667436 NODE_66_length_1232_cov_186.314_ID_12572 1232 1

			Previous gap was negative, modifying coordinates to ignore overlap
				Moving contig start from 1232 to 1177.
			Align 62: 3666260 3667436 NODE_66_length_1232_cov_186.314_ID_12572 1177 1
				Negative gap (overlap) between this and next alignment: 3667436 to 3667382 (-54 bp)
				Next Alignment: 3667382 3762390 NODE_18_length_95009_cov_91.4337_ID_12476 95009 1

			Previous gap was negative, modifying coordinates to ignore overlap
				Moving contig start from 95009 to 94954.
			Align 63: 3667437 3762390 NODE_18_length_95009_cov_91.4337_ID_12476 94954 1
				Gap between this and next alignment: 3762390 to 3764877 (2486 bp)
				Next Alignment: 3764877 3765521 NODE_74_length_645_cov_370.783_ID_12588 1 645

			Align 64: 3764877 3765521 NODE_74_length_645_cov_370.783_ID_12588 1 645
				Gap between this and next alignment: 3765521 to 3765768 (246 bp)
				Next Alignment: 3765768 3941502 NODE_10_length_175735_cov_91.5698_ID_12460 175735 1

			Align 65: 3765768 3941502 NODE_10_length_175735_cov_91.5698_ID_12460 175735 1
				Gap between this and next alignment: 3941502 to 3946770 (5267 bp)
				Next Alignment: 3946770 4035256 NODE_19_length_88487_cov_91.4948_ID_12478 1 88487

			Align 66: 3946770 4035256 NODE_19_length_88487_cov_91.4948_ID_12478 1 88487
				Gap between this and next alignment: 4035256 to 4040746 (5489 bp)
				Next Alignment: 4040746 4153527 NODE_15_length_112782_cov_92.2211_ID_12470 1 112782

			Align 67: 4040746 4153527 NODE_15_length_112782_cov_92.2211_ID_12470 1 112782
				Negative gap (overlap) between this and next alignment: 4153527 to 4153515 (-12 bp)
				Next Alignment: 4153515 4166353 NODE_48_length_12839_cov_91.4142_ID_12538 1 12839

			Previous gap was negative, modifying coordinates to ignore overlap
				Moving contig start from 1 to 14.
			Align 68: 4153528 4166353 NODE_48_length_12839_cov_91.4142_ID_12538 14 12839
				Gap between this and next alignment: 4166353 to 4171707 (5353 bp)
				Next Alignment: 4171707 4176133 NODE_54_length_4427_cov_97.6347_ID_12550 4427 1

			Align 69: 4171707 4176133 NODE_54_length_4427_cov_97.6347_ID_12550 4427 1
				Gap between this and next alignment: 4176133 to 4177055 (921 bp)
				Next Alignment: 4177055 4208055 NODE_38_length_31003_cov_91.4566_ID_12520 31003 1

			Align 70: 4177055 4208055 NODE_38_length_31003_cov_91.4566_ID_12520 31003 1
				Negative gap (overlap) between this and next alignment: 4208055 to 4208001 (-54 bp)
				Next Alignment: 4208001 4209702 NODE_63_length_1702_cov_635.935_ID_12566 1 1702

			Previous gap was negative, modifying coordinates to ignore overlap
				Moving contig start from 1 to 56.
			Align 71: 4208056 4209702 NODE_63_length_1702_cov_635.935_ID_12566 56 1702
				Gap between this and next alignment: 4209702 to 4213110 (3407 bp)
				Next Alignment: 4213110 4295836 NODE_3_length_284901_cov_91.6808_ID_12446 284901 202177

			Align 72: 4213110 4295836 NODE_3_length_284901_cov_91.6808_ID_12446 284901 202177
				Gap between this and next alignment: 4295836 to 4296061 (224 bp)
				Next Alignment: 4296061 4498235 NODE_3_length_284901_cov_91.6808_ID_12446 202176 1

			Align 73: 4296061 4498235 NODE_3_length_284901_cov_91.6808_ID_12446 202176 1
				Gap between this and next alignment: 4498235 to 4499457 (1221 bp)
				Next Alignment: 4499457 4507513 NODE_52_length_8057_cov_86.9953_ID_12546 8057 1

			Align 74: 4499457 4507513 NODE_52_length_8057_cov_86.9953_ID_12546 8057 1
				Gap between this and next alignment: 4507513 to 4508625 (1111 bp)
				Next Alignment: 4508625 4641646 NODE_11_length_133022_cov_91.3244_ID_12462 133022 1

			Align 75: 4508625 4641646 NODE_11_length_133022_cov_91.3244_ID_12462 133022 1
			END in gap: 4641646 to 4641652 (6 bp)

Analysis is finished!
Founded SNPs were written into /net/metagenomics/projects/afritz_assemblies/Simpipeline_Coverage_Sweep/000_error/Ecoli_cov128/quast_metaSPAde/contigs_reports/nucmer_output/contigs.used_snps

Results:
	Local Misassemblies: 1
	Misassemblies: 0
		Relocations: 0
		Translocations: 0
		Inversions: 0
	Misassembled Contigs: 0
	Misassembled Contig Bases: 0
	Misassemblies Inter-Contig Overlap: 0
Uncovered Regions: 0 (0)
Unaligned Contigs: 0 + 0 part
Partially Unaligned Contigs with Misassemblies: 0
Unaligned Contig Bases: 0

Ambiguously Mapped Contigs: 14
Total Bases in Ambiguously Mapped Contigs: 20224
Note that --allow-ambiguity option was set to "one" and only first alignment per each contig was used.

	Covered Bases: 4563191

	SNPs: 222
	Insertions: 16
	Deletions: 9

	Positive Gaps: 51
		Internal Gaps:  1
		External Gaps:  50
		External Gap Total:  78237
		External Gap Average: 1565
	Negative Gaps: 24
		Internal Overlaps:  0
		External Overlaps:  24
		External Overlaps Total: -1254
		External Overlaps Average: -52
	Contigs with Redundant Alignments: 0 (0)
