Aligning contigs to reference...
	Running Nucmer
Parsing coords...
Loading Assembly...
Loading reference...
	Loaded [Buchnera_aphidicola_Baizongia_pistaciae_0915]
	Loaded [Buchnera_aphidicola_Baizongia_pistaciae_ancestor]
Loading SNPs...
Loading regions...
	No regions given, using whole reference.
	Total Regions: 2
	Total Region Length: 1231960
Analyzing contigs...
CONTIG: k99_147_flag_0_multi_45.9030_len_5489 (5489bp)
Top Length: 5489  Top ID: 100.0
		One align captures most of this contig: 435342 440830 | 1 5489 | 5489 5489 | 100.0 | Buchnera_aphidicola_Baizongia_pistaciae_0915 k99_147_flag_0_multi_45.9030_len_5489

CONTIG: k99_148_flag_0_multi_49.0411_len_6639 (6639bp)
Top Length: 6639  Top ID: 100.0
		Marking as insignificant: 267486 267707 | 6639 6418 | 222 222 | 95.95 | Buchnera_aphidicola_Baizongia_pistaciae_0915 k99_148_flag_0_multi_49.0411_len_6639
		One align captures most of this contig: 310728 317366 | 1 6639 | 6639 6639 | 100.0 | Buchnera_aphidicola_Baizongia_pistaciae_ancestor k99_148_flag_0_multi_49.0411_len_6639

CONTIG: k99_157_flag_0_multi_43.7718_len_6659 (6659bp)
Top Length: 6659  Top ID: 100.0
		One align captures most of this contig: 23147 29805 | 1 6659 | 6659 6659 | 100.0 | Buchnera_aphidicola_Baizongia_pistaciae_ancestor k99_157_flag_0_multi_43.7718_len_6659

CONTIG: k99_9_flag_0_multi_49.4477_len_3025 (3025bp)
Top Length: 3025  Top ID: 100.0
		One align captures most of this contig: 20202 23226 | 1 3025 | 3025 3025 | 100.0 | Buchnera_aphidicola_Baizongia_pistaciae_ancestor k99_9_flag_0_multi_49.4477_len_3025

CONTIG: k99_113_flag_0_multi_44.8041_len_6500 (6500bp)
Top Length: 6500  Top ID: 100.0
		One align captures most of this contig: 293008 299507 | 6500 1 | 6500 6500 | 100.0 | Buchnera_aphidicola_Baizongia_pistaciae_ancestor k99_113_flag_0_multi_44.8041_len_6500

CONTIG: k99_67_flag_0_multi_48.8503_len_5578 (5578bp)
Top Length: 5578  Top ID: 100.0
		One align captures most of this contig: 360703 366280 | 1 5578 | 5578 5578 | 100.0 | Buchnera_aphidicola_Baizongia_pistaciae_ancestor k99_67_flag_0_multi_48.8503_len_5578

CONTIG: k99_58_flag_0_multi_50.1966_len_16177 (16177bp)
Top Length: 16177  Top ID: 100.0
		One align captures most of this contig: 597129 613305 | 16177 1 | 16177 16177 | 100.0 | Buchnera_aphidicola_Baizongia_pistaciae_0915 k99_58_flag_0_multi_50.1966_len_16177

CONTIG: k99_141_flag_0_multi_45.7266_len_17462 (17462bp)
Top Length: 17462  Top ID: 100.0
		One align captures most of this contig: 343339 360800 | 1 17462 | 17462 17462 | 100.0 | Buchnera_aphidicola_Baizongia_pistaciae_ancestor k99_141_flag_0_multi_45.7266_len_17462

CONTIG: k99_86_flag_0_multi_47.9487_len_27741 (27741bp)
Top Length: 27741  Top ID: 100.0
		One align captures most of this contig: 196642 224382 | 1 27741 | 27741 27741 | 100.0 | Buchnera_aphidicola_Baizongia_pistaciae_ancestor k99_86_flag_0_multi_47.9487_len_27741

CONTIG: k99_51_flag_0_multi_48.4361_len_17878 (17878bp)
Top Length: 17878  Top ID: 100.0
		One align captures most of this contig: 286932 304809 | 1 17878 | 17878 17878 | 100.0 | Buchnera_aphidicola_Baizongia_pistaciae_0915 k99_51_flag_0_multi_48.4361_len_17878

CONTIG: k99_124_flag_0_multi_41.2160_len_7864 (7864bp)
Top Length: 7864  Top ID: 100.0
		One align captures most of this contig: 545777 553640 | 1 7864 | 7864 7864 | 100.0 | Buchnera_aphidicola_Baizongia_pistaciae_0915 k99_124_flag_0_multi_41.2160_len_7864

CONTIG: k99_38_flag_0_multi_43.5189_len_10390 (10390bp)
Top Length: 10390  Top ID: 100.0
		One align captures most of this contig: 586814 597203 | 10390 1 | 10390 10390 | 100.0 | Buchnera_aphidicola_Baizongia_pistaciae_0915 k99_38_flag_0_multi_43.5189_len_10390

CONTIG: k99_160_flag_0_multi_47.3912_len_12168 (12168bp)
Top Length: 12168  Top ID: 100.0
		One align captures most of this contig: 317273 329440 | 12168 1 | 12168 12168 | 100.0 | Buchnera_aphidicola_Baizongia_pistaciae_ancestor k99_160_flag_0_multi_47.3912_len_12168

CONTIG: k99_127_flag_0_multi_49.8098_len_4809 (4809bp)
Top Length: 4809  Top ID: 100.0
		One align captures most of this contig: 541064 545872 | 1 4809 | 4809 4809 | 100.0 | Buchnera_aphidicola_Baizongia_pistaciae_0915 k99_127_flag_0_multi_49.8098_len_4809

CONTIG: k99_59_flag_0_multi_48.0708_len_16558 (16558bp)
Top Length: 16558  Top ID: 100.0
		One align captures most of this contig: 457786 474343 | 1 16558 | 16558 16558 | 100.0 | Buchnera_aphidicola_Baizongia_pistaciae_ancestor k99_59_flag_0_multi_48.0708_len_16558

CONTIG: k99_118_flag_0_multi_45.0938_len_3832 (3832bp)
Top Length: 3832  Top ID: 100.0
		One align captures most of this contig: 488517 492348 | 3832 1 | 3832 3832 | 100.0 | Buchnera_aphidicola_Baizongia_pistaciae_0915 k99_118_flag_0_multi_45.0938_len_3832

CONTIG: k99_30_flag_0_multi_48.5040_len_5190 (5190bp)
Top Length: 5190  Top ID: 100.0
		One align captures most of this contig: 287904 293093 | 5190 1 | 5190 5190 | 100.0 | Buchnera_aphidicola_Baizongia_pistaciae_ancestor k99_30_flag_0_multi_48.5040_len_5190

CONTIG: k99_110_flag_0_multi_44.1886_len_3683 (3683bp)
Top Length: 3683  Top ID: 100.0
		One align captures most of this contig: 130161 133843 | 3683 1 | 3683 3683 | 100.0 | Buchnera_aphidicola_Baizongia_pistaciae_0915 k99_110_flag_0_multi_44.1886_len_3683

CONTIG: k99_120_flag_0_multi_46.3640_len_3349 (3349bp)
Top Length: 3349  Top ID: 100.0
		Marking as insignificant: 317145 317366 | 222 1 | 222 222 | 95.95 | Buchnera_aphidicola_Baizongia_pistaciae_ancestor k99_120_flag_0_multi_46.3640_len_3349
		One align captures most of this contig: 267486 270834 | 1 3349 | 3349 3349 | 100.0 | Buchnera_aphidicola_Baizongia_pistaciae_0915 k99_120_flag_0_multi_46.3640_len_3349

CONTIG: k99_71_flag_0_multi_51.9139_len_10565 (10565bp)
Top Length: 10565  Top ID: 100.0
		One align captures most of this contig: 243567 254131 | 1 10565 | 10565 10565 | 100.0 | Buchnera_aphidicola_Baizongia_pistaciae_ancestor k99_71_flag_0_multi_51.9139_len_10565

CONTIG: k99_80_flag_0_multi_45.0637_len_5137 (5137bp)
Top Length: 5137  Top ID: 100.0
		One align captures most of this contig: 1 5137 | 5137 1 | 5137 5137 | 100.0 | Buchnera_aphidicola_Baizongia_pistaciae_ancestor k99_80_flag_0_multi_45.0637_len_5137

CONTIG: k99_126_flag_0_multi_51.2379_len_4332 (4332bp)
Top Length: 4332  Top ID: 100.0
		One align captures most of this contig: 582555 586886 | 1 4332 | 4332 4332 | 100.0 | Buchnera_aphidicola_Baizongia_pistaciae_0915 k99_126_flag_0_multi_51.2379_len_4332

CONTIG: k99_62_flag_0_multi_48.4244_len_18207 (18207bp)
Top Length: 18207  Top ID: 100.0
		Marking as insignificant: 512837 513137 | 1 301 | 301 301 | 97.34 | Buchnera_aphidicola_Baizongia_pistaciae_ancestor k99_62_flag_0_multi_48.4244_len_18207
		One align captures most of this contig: 452002 470208 | 1 18207 | 18207 18207 | 100.0 | Buchnera_aphidicola_Baizongia_pistaciae_0915 k99_62_flag_0_multi_48.4244_len_18207

CONTIG: k99_137_flag_0_multi_49.2977_len_7035 (7035bp)
Top Length: 7035  Top ID: 100.0
		One align captures most of this contig: 270751 277785 | 7035 1 | 7035 7035 | 100.0 | Buchnera_aphidicola_Baizongia_pistaciae_0915 k99_137_flag_0_multi_49.2977_len_7035

CONTIG: k99_93_flag_0_multi_46.1658_len_2686 (2686bp)
Top Length: 2686  Top ID: 100.0
		One align captures most of this contig: 613229 615914 | 1 2686 | 2686 2686 | 100.0 | Buchnera_aphidicola_Baizongia_pistaciae_ancestor k99_93_flag_0_multi_46.1658_len_2686

CONTIG: k99_78_flag_0_multi_46.7447_len_16669 (16669bp)
Top Length: 16669  Top ID: 100.0
		One align captures most of this contig: 23147 39815 | 1 16669 | 16669 16669 | 100.0 | Buchnera_aphidicola_Baizongia_pistaciae_0915 k99_78_flag_0_multi_46.7447_len_16669

CONTIG: k99_20_flag_0_multi_43.0868_len_8634 (8634bp)
Top Length: 8634  Top ID: 100.0
		One align captures most of this contig: 277708 286341 | 8634 1 | 8634 8634 | 100.0 | Buchnera_aphidicola_Baizongia_pistaciae_0915 k99_20_flag_0_multi_43.0868_len_8634

CONTIG: k99_29_flag_0_multi_50.0011_len_1881 (1881bp)
Top Length: 1881  Top ID: 100.0
		One align captures most of this contig: 139497 141377 | 1881 1 | 1881 1881 | 100.0 | Buchnera_aphidicola_Baizongia_pistaciae_0915 k99_29_flag_0_multi_50.0011_len_1881

CONTIG: k99_43_flag_0_multi_46.4354_len_1314 (1314bp)
Top Length: 1314  Top ID: 100.0
		One align captures most of this contig: 138268 139581 | 1314 1 | 1314 1314 | 100.0 | Buchnera_aphidicola_Baizongia_pistaciae_0915 k99_43_flag_0_multi_46.4354_len_1314

CONTIG: k99_98_flag_0_multi_46.8162_len_38972 (38972bp)
Top Length: 38972  Top ID: 100.0
		One align captures most of this contig: 387360 426331 | 38972 1 | 38972 38972 | 100.0 | Buchnera_aphidicola_Baizongia_pistaciae_ancestor k99_98_flag_0_multi_46.8162_len_38972

CONTIG: k99_96_flag_0_multi_46.0621_len_5125 (5125bp)
Top Length: 5125  Top ID: 100.0
		One align captures most of this contig: 13 5137 | 5125 1 | 5125 5125 | 100.0 | Buchnera_aphidicola_Baizongia_pistaciae_0915 k99_96_flag_0_multi_46.0621_len_5125

CONTIG: k99_31_flag_0_multi_47.4587_len_12836 (12836bp)
Top Length: 12836  Top ID: 100.0
		One align captures most of this contig: 71203 84038 | 12836 1 | 12836 12836 | 100.0 | Buchnera_aphidicola_Baizongia_pistaciae_ancestor k99_31_flag_0_multi_47.4587_len_12836

CONTIG: k99_15_flag_0_multi_36.3544_len_1792 (1792bp)
Top Length: 1792  Top ID: 100.0
		One align captures most of this contig: 266475 268266 | 1 1792 | 1792 1792 | 100.0 | Buchnera_aphidicola_Baizongia_pistaciae_ancestor k99_15_flag_0_multi_36.3544_len_1792

CONTIG: k99_54_flag_0_multi_46.1649_len_17462 (17462bp)
Top Length: 17462  Top ID: 100.0
		One align captures most of this contig: 343339 360800 | 1 17462 | 17462 17462 | 100.0 | Buchnera_aphidicola_Baizongia_pistaciae_0915 k99_54_flag_0_multi_46.1649_len_17462

CONTIG: k99_87_flag_0_multi_48.2192_len_12352 (12352bp)
Top Length: 12352  Top ID: 100.0
		One align captures most of this contig: 53641 65992 | 12352 1 | 12352 12352 | 100.0 | Buchnera_aphidicola_Baizongia_pistaciae_ancestor k99_87_flag_0_multi_48.2192_len_12352

CONTIG: k99_73_flag_0_multi_47.0813_len_21276 (21276bp)
Top Length: 21276  Top ID: 100.0
		One align captures most of this contig: 521563 542838 | 21276 1 | 21276 21276 | 100.0 | Buchnera_aphidicola_Baizongia_pistaciae_ancestor k99_73_flag_0_multi_47.0813_len_21276

CONTIG: k99_11_flag_0_multi_44.6700_len_4332 (4332bp)
Top Length: 4332  Top ID: 100.0
		One align captures most of this contig: 578564 582895 | 4332 1 | 4332 4332 | 100.0 | Buchnera_aphidicola_Baizongia_pistaciae_ancestor k99_11_flag_0_multi_44.6700_len_4332

CONTIG: k99_42_flag_0_multi_47.1608_len_2749 (2749bp)
Top Length: 2749  Top ID: 100.0
		One align captures most of this contig: 613229 615977 | 1 2749 | 2749 2749 | 100.0 | Buchnera_aphidicola_Baizongia_pistaciae_0915 k99_42_flag_0_multi_47.1608_len_2749

CONTIG: k99_146_flag_0_multi_44.2488_len_11661 (11661bp)
Top Length: 11661  Top ID: 100.0
		One align captures most of this contig: 5060 16720 | 1 11661 | 11661 11661 | 100.0 | Buchnera_aphidicola_Baizongia_pistaciae_0915 k99_146_flag_0_multi_44.2488_len_11661

CONTIG: k99_123_flag_0_multi_46.1343_len_25406 (25406bp)
Top Length: 25406  Top ID: 100.0
		One align captures most of this contig: 515731 541136 | 25406 1 | 25406 25406 | 100.0 | Buchnera_aphidicola_Baizongia_pistaciae_0915 k99_123_flag_0_multi_46.1343_len_25406

CONTIG: k99_152_flag_0_multi_45.6711_len_10765 (10765bp)
Top Length: 10765  Top ID: 100.0
		One align captures most of this contig: 586439 597203 | 10765 1 | 10765 10765 | 100.0 | Buchnera_aphidicola_Baizongia_pistaciae_ancestor k99_152_flag_0_multi_45.6711_len_10765

CONTIG: k99_23_flag_0_multi_47.9425_len_11661 (11661bp)
Top Length: 11661  Top ID: 100.0
		One align captures most of this contig: 5060 16720 | 1 11661 | 11661 11661 | 100.0 | Buchnera_aphidicola_Baizongia_pistaciae_ancestor k99_23_flag_0_multi_47.9425_len_11661

CONTIG: k99_111_flag_0_multi_53.3366_len_10266 (10266bp)
Top Length: 10266  Top ID: 100.0
		One align captures most of this contig: 272417 282682 | 10266 1 | 10266 10266 | 100.0 | Buchnera_aphidicola_Baizongia_pistaciae_ancestor k99_111_flag_0_multi_53.3366_len_10266

CONTIG: k99_50_flag_0_multi_47.8880_len_17367 (17367bp)
Top Length: 17367  Top ID: 100.0
		Marking as insignificant: 386459 386626 | 17200 17367 | 168 168 | 97.02 | Buchnera_aphidicola_Baizongia_pistaciae_ancestor k99_50_flag_0_multi_47.8880_len_17367
		One align captures most of this contig: 497631 514997 | 1 17367 | 17367 17367 | 100.0 | Buchnera_aphidicola_Baizongia_pistaciae_0915 k99_50_flag_0_multi_47.8880_len_17367

CONTIG: k99_8_flag_0_multi_50.2769_len_1677 (1677bp)
Top Length: 1677  Top ID: 100.0
		One align captures most of this contig: 57290 58966 | 1677 1 | 1677 1677 | 100.0 | Buchnera_aphidicola_Baizongia_pistaciae_0915 k99_8_flag_0_multi_50.2769_len_1677

CONTIG: k99_103_flag_0_multi_46.0735_len_11002 (11002bp)
Top Length: 11002  Top ID: 100.0
		One align captures most of this contig: 567635 578636 | 1 11002 | 11002 11002 | 100.0 | Buchnera_aphidicola_Baizongia_pistaciae_ancestor k99_103_flag_0_multi_46.0735_len_11002

CONTIG: k99_83_flag_0_multi_46.2398_len_19485 (19485bp)
Top Length: 19485  Top ID: 100.0
		One align captures most of this contig: 74069 93553 | 1 19485 | 19485 19485 | 100.0 | Buchnera_aphidicola_Baizongia_pistaciae_0915 k99_83_flag_0_multi_46.2398_len_19485

CONTIG: k99_60_flag_0_multi_49.8837_len_36507 (36507bp)
Top Length: 36507  Top ID: 100.0
		One align captures most of this contig: 141281 177787 | 1 36507 | 36507 36507 | 100.0 | Buchnera_aphidicola_Baizongia_pistaciae_0915 k99_60_flag_0_multi_49.8837_len_36507

CONTIG: k99_16_flag_0_multi_42.8346_len_3025 (3025bp)
Top Length: 3025  Top ID: 100.0
		One align captures most of this contig: 20202 23226 | 1 3025 | 3025 3025 | 100.0 | Buchnera_aphidicola_Baizongia_pistaciae_0915 k99_16_flag_0_multi_42.8346_len_3025

CONTIG: k99_134_flag_0_multi_47.0719_len_6260 (6260bp)
Top Length: 6260  Top ID: 100.0
		One align captures most of this contig: 429177 435436 | 1 6260 | 6260 6260 | 100.0 | Buchnera_aphidicola_Baizongia_pistaciae_0915 k99_134_flag_0_multi_47.0719_len_6260

CONTIG: k99_136_flag_0_multi_43.9927_len_1058 (1058bp)
Top Length: 1058  Top ID: 100.0
		Marking as insignificant: 303752 304809 | 1 1058 | 1058 1058 | 95.27 | Buchnera_aphidicola_Baizongia_pistaciae_0915 k99_136_flag_0_multi_43.9927_len_1058
		One align captures most of this contig: 195670 196727 | 1 1058 | 1058 1058 | 100.0 | Buchnera_aphidicola_Baizongia_pistaciae_ancestor k99_136_flag_0_multi_43.9927_len_1058

CONTIG: k99_55_flag_0_multi_45.3546_len_11403 (11403bp)
Top Length: 11403  Top ID: 100.0
		One align captures most of this contig: 299424 310826 | 11403 1 | 11403 11403 | 100.0 | Buchnera_aphidicola_Baizongia_pistaciae_ancestor k99_55_flag_0_multi_45.3546_len_11403

CONTIG: k99_92_flag_0_multi_46.0374_len_19485 (19485bp)
Top Length: 19485  Top ID: 100.0
		One align captures most of this contig: 29709 49193 | 1 19485 | 19485 19485 | 100.0 | Buchnera_aphidicola_Baizongia_pistaciae_ancestor k99_92_flag_0_multi_46.0374_len_19485

CONTIG: k99_139_flag_0_multi_49.7200_len_5489 (5489bp)
Top Length: 5489  Top ID: 100.0
		One align captures most of this contig: 496177 501665 | 1 5489 | 5489 5489 | 100.0 | Buchnera_aphidicola_Baizongia_pistaciae_ancestor k99_139_flag_0_multi_49.7200_len_5489

CONTIG: k99_45_flag_0_multi_45.4394_len_18693 (18693bp)
Top Length: 18693  Top ID: 100.0
		One align captures most of this contig: 224973 243665 | 18693 1 | 18693 18693 | 100.0 | Buchnera_aphidicola_Baizongia_pistaciae_ancestor k99_45_flag_0_multi_45.4394_len_18693

CONTIG: k99_57_flag_0_multi_46.3573_len_5190 (5190bp)
Top Length: 5190  Top ID: 100.0
		One align captures most of this contig: 236249 241438 | 5190 1 | 5190 5190 | 100.0 | Buchnera_aphidicola_Baizongia_pistaciae_0915 k99_57_flag_0_multi_46.3573_len_5190

CONTIG: k99_143_flag_0_multi_46.5338_len_11343 (11343bp)
Top Length: 11343  Top ID: 100.0
		One align captures most of this contig: 440749 452091 | 11343 1 | 11343 11343 | 100.0 | Buchnera_aphidicola_Baizongia_pistaciae_0915 k99_143_flag_0_multi_46.5338_len_11343

CONTIG: k99_100_flag_0_multi_48.4238_len_545 (545bp)
Top Length: 545  Top ID: 100.0
		Marking as insignificant: 342873 343417 | 1 545 | 545 545 | 96.33 | Buchnera_aphidicola_Baizongia_pistaciae_ancestor k99_100_flag_0_multi_48.4238_len_545
		One align captures most of this contig: 342873 343417 | 1 545 | 545 545 | 100.0 | Buchnera_aphidicola_Baizongia_pistaciae_0915 k99_100_flag_0_multi_48.4238_len_545

CONTIG: k99_144_flag_0_multi_45.7363_len_10565 (10565bp)
Top Length: 10565  Top ID: 100.0
		One align captures most of this contig: 191912 202476 | 1 10565 | 10565 10565 | 100.0 | Buchnera_aphidicola_Baizongia_pistaciae_0915 k99_144_flag_0_multi_45.7363_len_10565

CONTIG: k99_106_flag_0_multi_44.7620_len_4993 (4993bp)
Top Length: 4993  Top ID: 100.0
		One align captures most of this contig: 366189 371181 | 1 4993 | 4993 4993 | 100.0 | Buchnera_aphidicola_Baizongia_pistaciae_ancestor k99_106_flag_0_multi_44.7620_len_4993

CONTIG: k99_32_flag_0_multi_35.9066_len_913 (913bp)
Top Length: 913  Top ID: 100.0
		One align captures most of this contig: 514911 515823 | 913 1 | 913 913 | 100.0 | Buchnera_aphidicola_Baizongia_pistaciae_0915 k99_32_flag_0_multi_35.9066_len_913

CONTIG: k99_133_flag_0_multi_50.4262_len_3677 (3677bp)
Top Length: 3677  Top ID: 100.0
		One align captures most of this contig: 16624 20300 | 3677 1 | 3677 3677 | 100.0 | Buchnera_aphidicola_Baizongia_pistaciae_0915 k99_133_flag_0_multi_50.4262_len_3677

CONTIG: k99_21_flag_0_multi_41.0316_len_5411 (5411bp)
Top Length: 5411  Top ID: 100.0
		One align captures most of this contig: 230930 236340 | 1 5411 | 5411 5411 | 100.0 | Buchnera_aphidicola_Baizongia_pistaciae_0915 k99_21_flag_0_multi_41.0316_len_5411

CONTIG: k99_140_flag_0_multi_43.6406_len_4809 (4809bp)
Top Length: 4809  Top ID: 100.0
		One align captures most of this contig: 371109 375917 | 1 4809 | 4809 4809 | 100.0 | Buchnera_aphidicola_Baizongia_pistaciae_ancestor k99_140_flag_0_multi_43.6406_len_4809

CONTIG: k99_149_flag_0_multi_45.0930_len_12512 (12512bp)
Top Length: 12512  Top ID: 99.99
		One align captures most of this contig: 254043 266554 | 1 12512 | 12512 12512 | 99.99 | Buchnera_aphidicola_Baizongia_pistaciae_ancestor k99_149_flag_0_multi_45.0930_len_12512

CONTIG: k99_95_flag_0_multi_46.6683_len_10266 (10266bp)
Top Length: 10266  Top ID: 100.0
		One align captures most of this contig: 220762 231027 | 10266 1 | 10266 10266 | 100.0 | Buchnera_aphidicola_Baizongia_pistaciae_0915 k99_95_flag_0_multi_46.6683_len_10266

CONTIG: k99_135_flag_0_multi_44.1637_len_4387 (4387bp)
Top Length: 4387  Top ID: 100.0
		Marking as insignificant: 452002 452302 | 4387 4087 | 301 301 | 97.34 | Buchnera_aphidicola_Baizongia_pistaciae_0915 k99_135_flag_0_multi_44.1637_len_4387
		One align captures most of this contig: 512837 517223 | 4387 1 | 4387 4387 | 100.0 | Buchnera_aphidicola_Baizongia_pistaciae_ancestor k99_135_flag_0_multi_44.1637_len_4387

CONTIG: k99_7_flag_0_multi_55.4094_len_1645 (1645bp)
Top Length: 1645  Top ID: 100.0
		Marking as insignificant: 177700 178422 | 1645 923 | 723 723 | 96.27 | Buchnera_aphidicola_Baizongia_pistaciae_0915 k99_7_flag_0_multi_55.4094_len_1645
		One align captures most of this contig: 341327 342971 | 1645 1 | 1645 1645 | 100.0 | Buchnera_aphidicola_Baizongia_pistaciae_ancestor k99_7_flag_0_multi_55.4094_len_1645

CONTIG: k99_39_flag_0_multi_51.0814_len_1881 (1881bp)
Top Length: 1881  Top ID: 100.0
		One align captures most of this contig: 149360 151240 | 1881 1 | 1881 1881 | 100.0 | Buchnera_aphidicola_Baizongia_pistaciae_ancestor k99_39_flag_0_multi_51.0814_len_1881

CONTIG: k99_85_flag_0_multi_47.4678_len_12052 (12052bp)
Top Length: 12052  Top ID: 100.0
		One align captures most of this contig: 329363 341414 | 12052 1 | 12052 12052 | 100.0 | Buchnera_aphidicola_Baizongia_pistaciae_ancestor k99_85_flag_0_multi_47.4678_len_12052

CONTIG: k99_76_flag_0_multi_47.6278_len_12505 (12505bp)
Top Length: 12505  Top ID: 100.0
		One align captures most of this contig: 83981 96485 | 12505 1 | 12505 12505 | 100.0 | Buchnera_aphidicola_Baizongia_pistaciae_ancestor k99_76_flag_0_multi_47.6278_len_12505

CONTIG: k99_105_flag_0_multi_45.1074_len_3683 (3683bp)
Top Length: 3683  Top ID: 100.0
		One align captures most of this contig: 140024 143706 | 3683 1 | 3683 3683 | 100.0 | Buchnera_aphidicola_Baizongia_pistaciae_ancestor k99_105_flag_0_multi_45.1074_len_3683

CONTIG: k99_91_flag_0_multi_47.1308_len_4481 (4481bp)
Top Length: 4481  Top ID: 100.0
		One align captures most of this contig: 517139 521619 | 4481 1 | 4481 4481 | 100.0 | Buchnera_aphidicola_Baizongia_pistaciae_ancestor k99_91_flag_0_multi_47.1308_len_4481

CONTIG: k99_117_flag_0_multi_46.7840_len_15273 (15273bp)
Top Length: 15273  Top ID: 100.0
		One align captures most of this contig: 58893 74165 | 1 15273 | 15273 15273 | 100.0 | Buchnera_aphidicola_Baizongia_pistaciae_0915 k99_117_flag_0_multi_46.7840_len_15273

CONTIG: k99_88_flag_0_multi_46.6404_len_38248 (38248bp)
Top Length: 38248  Top ID: 100.0
		One align captures most of this contig: 304724 342971 | 1 38248 | 38248 38248 | 100.0 | Buchnera_aphidicola_Baizongia_pistaciae_0915 k99_88_flag_0_multi_46.6404_len_38248

CONTIG: k99_19_flag_0_multi_45.6509_len_3677 (3677bp)
Top Length: 3677  Top ID: 100.0
		One align captures most of this contig: 16624 20300 | 3677 1 | 3677 3677 | 100.0 | Buchnera_aphidicola_Baizongia_pistaciae_ancestor k99_19_flag_0_multi_45.6509_len_3677

CONTIG: k99_132_flag_0_multi_46.9028_len_16177 (16177bp)
Top Length: 16177  Top ID: 100.0
		One align captures most of this contig: 597129 613305 | 16177 1 | 16177 16177 | 100.0 | Buchnera_aphidicola_Baizongia_pistaciae_ancestor k99_132_flag_0_multi_46.9028_len_16177

CONTIG: k99_13_flag_0_multi_45.2786_len_5411 (5411bp)
Top Length: 5411  Top ID: 100.0
		One align captures most of this contig: 282585 287995 | 1 5411 | 5411 5411 | 100.0 | Buchnera_aphidicola_Baizongia_pistaciae_ancestor k99_13_flag_0_multi_45.2786_len_5411

CONTIG: k99_145_flag_0_multi_51.5638_len_11343 (11343bp)
Top Length: 11343  Top ID: 100.0
		One align captures most of this contig: 501584 512926 | 11343 1 | 11343 11343 | 100.0 | Buchnera_aphidicola_Baizongia_pistaciae_ancestor k99_145_flag_0_multi_51.5638_len_11343

CONTIG: k99_102_flag_0_multi_44.2636_len_4606 (4606bp)
Top Length: 4606  Top ID: 100.0
		One align captures most of this contig: 143616 148221 | 1 4606 | 4606 4606 | 100.0 | Buchnera_aphidicola_Baizongia_pistaciae_ancestor k99_102_flag_0_multi_44.2636_len_4606

CONTIG: k99_153_flag_0_multi_44.7594_len_12512 (12512bp)
Top Length: 12512  Top ID: 100.0
		One align captures most of this contig: 202388 214899 | 1 12512 | 12512 12512 | 100.0 | Buchnera_aphidicola_Baizongia_pistaciae_0915 k99_153_flag_0_multi_44.7594_len_12512

CONTIG: k99_46_flag_0_multi_44.1554_len_4283 (4283bp)
Top Length: 4283  Top ID: 100.0
		One align captures most of this contig: 268209 272491 | 1 4283 | 4283 4283 | 100.0 | Buchnera_aphidicola_Baizongia_pistaciae_ancestor k99_46_flag_0_multi_44.1554_len_4283

CONTIG: k99_36_flag_0_multi_53.5135_len_913 (913bp)
Top Length: 913  Top ID: 100.0
		One align captures most of this contig: 386540 387452 | 913 1 | 913 913 | 100.0 | Buchnera_aphidicola_Baizongia_pistaciae_ancestor k99_36_flag_0_multi_53.5135_len_913

CONTIG: k99_112_flag_0_multi_48.7264_len_24716 (24716bp)
Top Length: 24716  Top ID: 99.99
		One align captures most of this contig: 542941 567656 | 24716 1 | 24716 24716 | 99.99 | Buchnera_aphidicola_Baizongia_pistaciae_ancestor k99_112_flag_0_multi_48.7264_len_24716

CONTIG: k99_65_flag_0_multi_54.0507_len_770 (770bp)
Top Length: 770  Top ID: 100.0
		One align captures most of this contig: 224294 225063 | 770 1 | 770 770 | 100.0 | Buchnera_aphidicola_Baizongia_pistaciae_ancestor k99_65_flag_0_multi_54.0507_len_770

CONTIG: k99_18_flag_0_multi_45.4519_len_1314 (1314bp)
Top Length: 1314  Top ID: 100.0
		One align captures most of this contig: 148131 149444 | 1314 1 | 1314 1314 | 100.0 | Buchnera_aphidicola_Baizongia_pistaciae_ancestor k99_18_flag_0_multi_45.4519_len_1314

CONTIG: k99_101_flag_0_multi_45.0077_len_16536 (16536bp)
Top Length: 16536  Top ID: 100.0
		One align captures most of this contig: 251044 267579 | 1 16536 | 16536 16536 | 100.0 | Buchnera_aphidicola_Baizongia_pistaciae_0915 k99_101_flag_0_multi_45.0077_len_16536

CONTIG: k99_10_flag_0_multi_46.2475_len_1792 (1792bp)
Top Length: 1792  Top ID: 100.0
		One align captures most of this contig: 214820 216611 | 1 1792 | 1792 1792 | 100.0 | Buchnera_aphidicola_Baizongia_pistaciae_0915 k99_10_flag_0_multi_46.2475_len_1792

CONTIG: k99_154_flag_0_multi_48.1668_len_10805 (10805bp)
Top Length: 10805  Top ID: 100.0
		Marking as insignificant: 514830 514997 | 10638 10805 | 168 168 | 97.02 | Buchnera_aphidicola_Baizongia_pistaciae_0915 k99_154_flag_0_multi_48.1668_len_10805
		One align captures most of this contig: 375822 386626 | 1 10805 | 10805 10805 | 100.0 | Buchnera_aphidicola_Baizongia_pistaciae_ancestor k99_154_flag_0_multi_48.1668_len_10805

CONTIG: k99_26_flag_0_multi_51.1228_len_4283 (4283bp)
Top Length: 4283  Top ID: 100.0
		One align captures most of this contig: 216554 220836 | 1 4283 | 4283 4283 | 100.0 | Buchnera_aphidicola_Baizongia_pistaciae_0915 k99_26_flag_0_multi_51.1228_len_4283

CONTIG: k99_34_flag_0_multi_44.6528_len_9790 (9790bp)
Top Length: 9790  Top ID: 100.0
		One align captures most of this contig: 241353 251142 | 9790 1 | 9790 9790 | 100.0 | Buchnera_aphidicola_Baizongia_pistaciae_0915 k99_34_flag_0_multi_44.6528_len_9790

CONTIG: k99_107_flag_0_multi_49.8061_len_4606 (4606bp)
Top Length: 4606  Top ID: 100.0
		One align captures most of this contig: 133753 138358 | 1 4606 | 4606 4606 | 100.0 | Buchnera_aphidicola_Baizongia_pistaciae_0915 k99_107_flag_0_multi_49.8061_len_4606

CONTIG: k99_142_flag_0_multi_40.1176_len_4604 (4604bp)
Top Length: 4604  Top ID: 100.0
		One align captures most of this contig: 49125 53728 | 1 4604 | 4604 4604 | 100.0 | Buchnera_aphidicola_Baizongia_pistaciae_ancestor k99_142_flag_0_multi_40.1176_len_4604

CONTIG: k99_12_flag_0_multi_45.6350_len_5578 (5578bp)
Top Length: 5578  Top ID: 100.0
		One align captures most of this contig: 360703 366280 | 1 5578 | 5578 5578 | 100.0 | Buchnera_aphidicola_Baizongia_pistaciae_0915 k99_12_flag_0_multi_45.6350_len_5578

CONTIG: k99_53_flag_0_multi_47.0768_len_14311 (14311bp)
Top Length: 14311  Top ID: 100.0
		Marking as insignificant: 341327 342049 | 14311 13589 | 723 723 | 96.27 | Buchnera_aphidicola_Baizongia_pistaciae_ancestor k99_53_flag_0_multi_47.0768_len_14311
		One align captures most of this contig: 177700 192010 | 14311 1 | 14311 14311 | 100.0 | Buchnera_aphidicola_Baizongia_pistaciae_0915 k99_53_flag_0_multi_47.0768_len_14311

CONTIG: k99_68_flag_0_multi_46.4931_len_22025 (22025bp)
Top Length: 22025  Top ID: 100.0
		One align captures most of this contig: 474247 496271 | 22025 1 | 22025 22025 | 100.0 | Buchnera_aphidicola_Baizongia_pistaciae_ancestor k99_68_flag_0_multi_46.4931_len_22025

CONTIG: k99_66_flag_0_multi_54.0507_len_770 (770bp)
Top Length: 770  Top ID: 100.0
		One align captures most of this contig: 286253 287022 | 770 1 | 770 770 | 100.0 | Buchnera_aphidicola_Baizongia_pistaciae_0915 k99_66_flag_0_multi_54.0507_len_770

CONTIG: k99_121_flag_0_multi_46.0044_len_48138 (48138bp)
Top Length: 48138  Top ID: 100.0
		One align captures most of this contig: 381124 429261 | 48138 1 | 48138 48138 | 100.0 | Buchnera_aphidicola_Baizongia_pistaciae_0915 k99_121_flag_0_multi_46.0044_len_48138

CONTIG: k99_35_flag_0_multi_46.4966_len_5351 (5351bp)
Top Length: 5351  Top ID: 100.0
		One align captures most of this contig: 39745 45095 | 5351 1 | 5351 5351 | 100.0 | Buchnera_aphidicola_Baizongia_pistaciae_0915 k99_35_flag_0_multi_46.4966_len_5351

CONTIG: k99_64_flag_0_multi_47.2802_len_36753 (36753bp)
Top Length: 36753  Top ID: 100.0
		One align captures most of this contig: 93485 130237 | 36753 1 | 36753 36753 | 100.0 | Buchnera_aphidicola_Baizongia_pistaciae_0915 k99_64_flag_0_multi_47.2802_len_36753

CONTIG: k99_156_flag_0_multi_48.3489_len_44541 (44541bp)
Top Length: 44541  Top ID: 100.0
		One align captures most of this contig: 151144 195684 | 1 44541 | 44541 44541 | 100.0 | Buchnera_aphidicola_Baizongia_pistaciae_ancestor k99_156_flag_0_multi_48.3489_len_44541

CONTIG: k99_41_flag_0_multi_47.2992_len_18503 (18503bp)
Top Length: 18503  Top ID: 100.0
		One align captures most of this contig: 470112 488614 | 18503 1 | 18503 18503 | 100.0 | Buchnera_aphidicola_Baizongia_pistaciae_0915 k99_41_flag_0_multi_47.2992_len_18503

CONTIG: k99_108_flag_0_multi_46.8842_len_43689 (43689bp)
Top Length: 43689  Top ID: 99.99
		One align captures most of this contig: 96412 140100 | 1 43689 | 43689 43689 | 99.99 | Buchnera_aphidicola_Baizongia_pistaciae_ancestor k99_108_flag_0_multi_46.8842_len_43689

CONTIG: k99_122_flag_0_multi_46.8822_len_31370 (31370bp)
Top Length: 31370  Top ID: 100.0
		One align captures most of this contig: 426514 457883 | 1 31370 | 31370 31370 | 100.0 | Buchnera_aphidicola_Baizongia_pistaciae_ancestor k99_122_flag_0_multi_46.8822_len_31370

CONTIG: k99_27_flag_0_multi_46.9000_len_5157 (5157bp)
Top Length: 5157  Top ID: 100.0
		One align captures most of this contig: 492292 497448 | 5157 1 | 5157 5157 | 100.0 | Buchnera_aphidicola_Baizongia_pistaciae_0915 k99_27_flag_0_multi_46.9000_len_5157

CONTIG: k99_75_flag_0_multi_46.2008_len_14833 (14833bp)
Top Length: 14833  Top ID: 100.0
		One align captures most of this contig: 366189 381021 | 1 14833 | 14833 14833 | 100.0 | Buchnera_aphidicola_Baizongia_pistaciae_0915 k99_75_flag_0_multi_46.2008_len_14833

CONTIG: k99_114_flag_0_multi_44.2707_len_12352 (12352bp)
Top Length: 12352  Top ID: 100.0
		One align captures most of this contig: 45026 57377 | 1 12352 | 12352 12352 | 100.0 | Buchnera_aphidicola_Baizongia_pistaciae_0915 k99_114_flag_0_multi_44.2707_len_12352

CONTIG: k99_99_flag_0_multi_55.6906_len_545 (545bp)
Top Length: 545  Top ID: 100.0
		Marking as insignificant: 342873 343417 | 1 545 | 545 545 | 96.33 | Buchnera_aphidicola_Baizongia_pistaciae_0915 k99_99_flag_0_multi_55.6906_len_545
		One align captures most of this contig: 342873 343417 | 1 545 | 545 545 | 100.0 | Buchnera_aphidicola_Baizongia_pistaciae_ancestor k99_99_flag_0_multi_55.6906_len_545

CONTIG: k99_82_flag_0_multi_47.3633_len_29046 (29046bp)
Top Length: 29046  Top ID: 100.0
		One align captures most of this contig: 553567 582612 | 29046 1 | 29046 29046 | 100.0 | Buchnera_aphidicola_Baizongia_pistaciae_0915 k99_82_flag_0_multi_47.3633_len_29046

CONTIG: k99_28_flag_0_multi_48.0632_len_3675 (3675bp)
Top Length: 3675  Top ID: 100.0
		One align captures most of this contig: 582838 586512 | 3675 1 | 3675 3675 | 100.0 | Buchnera_aphidicola_Baizongia_pistaciae_ancestor k99_28_flag_0_multi_48.0632_len_3675

CONTIG: k99_22_flag_0_multi_44.7631_len_5351 (5351bp)
Top Length: 5351  Top ID: 100.0
		One align captures most of this contig: 65923 71273 | 1 5351 | 5351 5351 | 100.0 | Buchnera_aphidicola_Baizongia_pistaciae_ancestor k99_22_flag_0_multi_44.7631_len_5351

Analyzing coverage...
Writing SNPs into /vol/cami-scratch/Simpipeline/iTol_genomes/Buchnera_aphidicola_Baizongia_pistaciae_0915/quast_consensus/combined_quast_output/contigs_reports/nucmer_output/final.contigs.used_snps
	Reference Buchnera_aphidicola_Baizongia_pistaciae_0915: 54 total alignments. 1 total regions.
		Region: 1 to 615980 (615980 bp)
			START in gap: 1 to 13 (12 bp)
			Align 1: 13 5137 k99_96_flag_0_multi_46.0621_len_5125 5125 1
				Negative gap (overlap) between this and next alignment: 5137 to 5060 (-77 bp)
				Next Alignment: 5060 16720 k99_146_flag_0_multi_44.2488_len_11661 1 11661

			Previous gap was negative, modifying coordinates to ignore overlap
				Moving contig start from 1 to 79.
			Align 2: 5138 16720 k99_146_flag_0_multi_44.2488_len_11661 79 11661
				Negative gap (overlap) between this and next alignment: 16720 to 16624 (-96 bp)
				Next Alignment: 16624 20300 k99_133_flag_0_multi_50.4262_len_3677 3677 1

			Previous gap was negative, modifying coordinates to ignore overlap
				Moving contig start from 3677 to 3580.
			Align 3: 16721 20300 k99_133_flag_0_multi_50.4262_len_3677 3580 1
				Negative gap (overlap) between this and next alignment: 20300 to 20202 (-98 bp)
				Next Alignment: 20202 23226 k99_16_flag_0_multi_42.8346_len_3025 1 3025

			Previous gap was negative, modifying coordinates to ignore overlap
				Moving contig start from 1 to 100.
			Align 4: 20301 23226 k99_16_flag_0_multi_42.8346_len_3025 100 3025
				Negative gap (overlap) between this and next alignment: 23226 to 23147 (-79 bp)
				Next Alignment: 23147 39815 k99_78_flag_0_multi_46.7447_len_16669 1 16669

			Previous gap was negative, modifying coordinates to ignore overlap
				Moving contig start from 1 to 81.
			Align 5: 23227 39815 k99_78_flag_0_multi_46.7447_len_16669 81 16669
				Negative gap (overlap) between this and next alignment: 39815 to 39745 (-70 bp)
				Next Alignment: 39745 45095 k99_35_flag_0_multi_46.4966_len_5351 5351 1

			Previous gap was negative, modifying coordinates to ignore overlap
				Moving contig start from 5351 to 5280.
			Align 6: 39816 45095 k99_35_flag_0_multi_46.4966_len_5351 5280 1
				Negative gap (overlap) between this and next alignment: 45095 to 45026 (-69 bp)
				Next Alignment: 45026 57377 k99_114_flag_0_multi_44.2707_len_12352 1 12352

			Previous gap was negative, modifying coordinates to ignore overlap
				Moving contig start from 1 to 71.
			Align 7: 45096 57377 k99_114_flag_0_multi_44.2707_len_12352 71 12352
				Negative gap (overlap) between this and next alignment: 57377 to 57290 (-87 bp)
				Next Alignment: 57290 58966 k99_8_flag_0_multi_50.2769_len_1677 1677 1

			Previous gap was negative, modifying coordinates to ignore overlap
				Moving contig start from 1677 to 1589.
			Align 8: 57378 58966 k99_8_flag_0_multi_50.2769_len_1677 1589 1
				Negative gap (overlap) between this and next alignment: 58966 to 58893 (-73 bp)
				Next Alignment: 58893 74165 k99_117_flag_0_multi_46.7840_len_15273 1 15273

			Previous gap was negative, modifying coordinates to ignore overlap
				Moving contig start from 1 to 75.
			Align 9: 58967 74165 k99_117_flag_0_multi_46.7840_len_15273 75 15273
				Negative gap (overlap) between this and next alignment: 74165 to 74069 (-96 bp)
				Next Alignment: 74069 93553 k99_83_flag_0_multi_46.2398_len_19485 1 19485

			Previous gap was negative, modifying coordinates to ignore overlap
				Moving contig start from 1 to 98.
			Align 10: 74166 93553 k99_83_flag_0_multi_46.2398_len_19485 98 19485
				Negative gap (overlap) between this and next alignment: 93553 to 93485 (-68 bp)
				Next Alignment: 93485 130237 k99_64_flag_0_multi_47.2802_len_36753 36753 1

			Previous gap was negative, modifying coordinates to ignore overlap
				Moving contig start from 36753 to 36684.
			Align 11: 93554 130237 k99_64_flag_0_multi_47.2802_len_36753 36684 1
				Negative gap (overlap) between this and next alignment: 130237 to 130161 (-76 bp)
				Next Alignment: 130161 133843 k99_110_flag_0_multi_44.1886_len_3683 3683 1

			Previous gap was negative, modifying coordinates to ignore overlap
				Moving contig start from 3683 to 3606.
			Align 12: 130238 133843 k99_110_flag_0_multi_44.1886_len_3683 3606 1
				Negative gap (overlap) between this and next alignment: 133843 to 133753 (-90 bp)
				Next Alignment: 133753 138358 k99_107_flag_0_multi_49.8061_len_4606 1 4606

			Previous gap was negative, modifying coordinates to ignore overlap
				Moving contig start from 1 to 92.
			Align 13: 133844 138358 k99_107_flag_0_multi_49.8061_len_4606 92 4606
				Negative gap (overlap) between this and next alignment: 138358 to 138268 (-90 bp)
				Next Alignment: 138268 139581 k99_43_flag_0_multi_46.4354_len_1314 1314 1

			Previous gap was negative, modifying coordinates to ignore overlap
				Moving contig start from 1314 to 1223.
			Align 14: 138359 139581 k99_43_flag_0_multi_46.4354_len_1314 1223 1
				Negative gap (overlap) between this and next alignment: 139581 to 139497 (-84 bp)
				Next Alignment: 139497 141377 k99_29_flag_0_multi_50.0011_len_1881 1881 1

			Previous gap was negative, modifying coordinates to ignore overlap
				Moving contig start from 1881 to 1796.
			Align 15: 139582 141377 k99_29_flag_0_multi_50.0011_len_1881 1796 1
				Negative gap (overlap) between this and next alignment: 141377 to 141281 (-96 bp)
				Next Alignment: 141281 177787 k99_60_flag_0_multi_49.8837_len_36507 1 36507

			Previous gap was negative, modifying coordinates to ignore overlap
				Moving contig start from 1 to 98.
			Align 16: 141378 177787 k99_60_flag_0_multi_49.8837_len_36507 98 36507
				Negative gap (overlap) between this and next alignment: 177787 to 177700 (-87 bp)
				Next Alignment: 177700 192010 k99_53_flag_0_multi_47.0768_len_14311 14311 1

			Previous gap was negative, modifying coordinates to ignore overlap
				Moving contig start from 14311 to 14223.
			Align 17: 177788 192010 k99_53_flag_0_multi_47.0768_len_14311 14223 1
				Negative gap (overlap) between this and next alignment: 192010 to 191912 (-98 bp)
				Next Alignment: 191912 202476 k99_144_flag_0_multi_45.7363_len_10565 1 10565

			Previous gap was negative, modifying coordinates to ignore overlap
				Moving contig start from 1 to 100.
			Align 18: 192011 202476 k99_144_flag_0_multi_45.7363_len_10565 100 10565
				Negative gap (overlap) between this and next alignment: 202476 to 202388 (-88 bp)
				Next Alignment: 202388 214899 k99_153_flag_0_multi_44.7594_len_12512 1 12512

			Previous gap was negative, modifying coordinates to ignore overlap
				Moving contig start from 1 to 90.
			Align 19: 202477 214899 k99_153_flag_0_multi_44.7594_len_12512 90 12512
				Negative gap (overlap) between this and next alignment: 214899 to 214820 (-79 bp)
				Next Alignment: 214820 216611 k99_10_flag_0_multi_46.2475_len_1792 1 1792

			Previous gap was negative, modifying coordinates to ignore overlap
				Moving contig start from 1 to 81.
			Align 20: 214900 216611 k99_10_flag_0_multi_46.2475_len_1792 81 1792
				Negative gap (overlap) between this and next alignment: 216611 to 216554 (-57 bp)
				Next Alignment: 216554 220836 k99_26_flag_0_multi_51.1228_len_4283 1 4283

			Previous gap was negative, modifying coordinates to ignore overlap
				Moving contig start from 1 to 59.
			Align 21: 216612 220836 k99_26_flag_0_multi_51.1228_len_4283 59 4283
				Negative gap (overlap) between this and next alignment: 220836 to 220762 (-74 bp)
				Next Alignment: 220762 231027 k99_95_flag_0_multi_46.6683_len_10266 10266 1

			Previous gap was negative, modifying coordinates to ignore overlap
				Moving contig start from 10266 to 10191.
			Align 22: 220837 231027 k99_95_flag_0_multi_46.6683_len_10266 10191 1
				Negative gap (overlap) between this and next alignment: 231027 to 230930 (-97 bp)
				Next Alignment: 230930 236340 k99_21_flag_0_multi_41.0316_len_5411 1 5411

			Previous gap was negative, modifying coordinates to ignore overlap
				Moving contig start from 1 to 99.
			Align 23: 231028 236340 k99_21_flag_0_multi_41.0316_len_5411 99 5411
				Negative gap (overlap) between this and next alignment: 236340 to 236249 (-91 bp)
				Next Alignment: 236249 241438 k99_57_flag_0_multi_46.3573_len_5190 5190 1

			Previous gap was negative, modifying coordinates to ignore overlap
				Moving contig start from 5190 to 5098.
			Align 24: 236341 241438 k99_57_flag_0_multi_46.3573_len_5190 5098 1
				Negative gap (overlap) between this and next alignment: 241438 to 241353 (-85 bp)
				Next Alignment: 241353 251142 k99_34_flag_0_multi_44.6528_len_9790 9790 1

			Previous gap was negative, modifying coordinates to ignore overlap
				Moving contig start from 9790 to 9704.
			Align 25: 241439 251142 k99_34_flag_0_multi_44.6528_len_9790 9704 1
				Negative gap (overlap) between this and next alignment: 251142 to 251044 (-98 bp)
				Next Alignment: 251044 267579 k99_101_flag_0_multi_45.0077_len_16536 1 16536

			Previous gap was negative, modifying coordinates to ignore overlap
				Moving contig start from 1 to 100.
			Align 26: 251143 267579 k99_101_flag_0_multi_45.0077_len_16536 100 16536
				Negative gap (overlap) between this and next alignment: 267579 to 267486 (-93 bp)
				Next Alignment: 267486 270834 k99_120_flag_0_multi_46.3640_len_3349 1 3349

			Previous gap was negative, modifying coordinates to ignore overlap
				Moving contig start from 1 to 95.
			Align 27: 267580 270834 k99_120_flag_0_multi_46.3640_len_3349 95 3349
				Negative gap (overlap) between this and next alignment: 270834 to 270751 (-83 bp)
				Next Alignment: 270751 277785 k99_137_flag_0_multi_49.2977_len_7035 7035 1

			Previous gap was negative, modifying coordinates to ignore overlap
				Moving contig start from 7035 to 6951.
			Align 28: 270835 277785 k99_137_flag_0_multi_49.2977_len_7035 6951 1
				Negative gap (overlap) between this and next alignment: 277785 to 277708 (-77 bp)
				Next Alignment: 277708 286341 k99_20_flag_0_multi_43.0868_len_8634 8634 1

			Previous gap was negative, modifying coordinates to ignore overlap
				Moving contig start from 8634 to 8556.
			Align 29: 277786 286341 k99_20_flag_0_multi_43.0868_len_8634 8556 1
				Negative gap (overlap) between this and next alignment: 286341 to 286253 (-88 bp)
				Next Alignment: 286253 287022 k99_66_flag_0_multi_54.0507_len_770 770 1

			Previous gap was negative, modifying coordinates to ignore overlap
				Moving contig start from 770 to 681.
			Align 30: 286342 287022 k99_66_flag_0_multi_54.0507_len_770 681 1
				Negative gap (overlap) between this and next alignment: 287022 to 286932 (-90 bp)
				Next Alignment: 286932 304809 k99_51_flag_0_multi_48.4361_len_17878 1 17878

			Previous gap was negative, modifying coordinates to ignore overlap
				Moving contig start from 1 to 92.
			Align 31: 287023 304809 k99_51_flag_0_multi_48.4361_len_17878 92 17878
				Negative gap (overlap) between this and next alignment: 304809 to 304724 (-85 bp)
				Next Alignment: 304724 342971 k99_88_flag_0_multi_46.6404_len_38248 1 38248

			Previous gap was negative, modifying coordinates to ignore overlap
				Moving contig start from 1 to 87.
			Align 32: 304810 342971 k99_88_flag_0_multi_46.6404_len_38248 87 38248
				Negative gap (overlap) between this and next alignment: 342971 to 342873 (-98 bp)
				Next Alignment: 342873 343417 k99_100_flag_0_multi_48.4238_len_545 1 545

			Previous gap was negative, modifying coordinates to ignore overlap
				Moving contig start from 1 to 100.
			Align 33: 342972 343417 k99_100_flag_0_multi_48.4238_len_545 100 545
				Negative gap (overlap) between this and next alignment: 343417 to 343339 (-78 bp)
				Next Alignment: 343339 360800 k99_54_flag_0_multi_46.1649_len_17462 1 17462

			Previous gap was negative, modifying coordinates to ignore overlap
				Moving contig start from 1 to 80.
			Align 34: 343418 360800 k99_54_flag_0_multi_46.1649_len_17462 80 17462
				Negative gap (overlap) between this and next alignment: 360800 to 360703 (-97 bp)
				Next Alignment: 360703 366280 k99_12_flag_0_multi_45.6350_len_5578 1 5578

			Previous gap was negative, modifying coordinates to ignore overlap
				Moving contig start from 1 to 99.
			Align 35: 360801 366280 k99_12_flag_0_multi_45.6350_len_5578 99 5578
				Negative gap (overlap) between this and next alignment: 366280 to 366189 (-91 bp)
				Next Alignment: 366189 381021 k99_75_flag_0_multi_46.2008_len_14833 1 14833

			Previous gap was negative, modifying coordinates to ignore overlap
				Moving contig start from 1 to 93.
			Align 36: 366281 381021 k99_75_flag_0_multi_46.2008_len_14833 93 14833
				Gap between this and next alignment: 381021 to 381124 (102 bp)
				Next Alignment: 381124 429261 k99_121_flag_0_multi_46.0044_len_48138 48138 1

			Align 37: 381124 429261 k99_121_flag_0_multi_46.0044_len_48138 48138 1
				Negative gap (overlap) between this and next alignment: 429261 to 429177 (-84 bp)
				Next Alignment: 429177 435436 k99_134_flag_0_multi_47.0719_len_6260 1 6260

			Previous gap was negative, modifying coordinates to ignore overlap
				Moving contig start from 1 to 86.
			Align 38: 429262 435436 k99_134_flag_0_multi_47.0719_len_6260 86 6260
				Negative gap (overlap) between this and next alignment: 435436 to 435342 (-94 bp)
				Next Alignment: 435342 440830 k99_147_flag_0_multi_45.9030_len_5489 1 5489

			Previous gap was negative, modifying coordinates to ignore overlap
				Moving contig start from 1 to 96.
			Align 39: 435437 440830 k99_147_flag_0_multi_45.9030_len_5489 96 5489
				Negative gap (overlap) between this and next alignment: 440830 to 440749 (-81 bp)
				Next Alignment: 440749 452091 k99_143_flag_0_multi_46.5338_len_11343 11343 1

			Previous gap was negative, modifying coordinates to ignore overlap
				Moving contig start from 11343 to 11261.
			Align 40: 440831 452091 k99_143_flag_0_multi_46.5338_len_11343 11261 1
				Negative gap (overlap) between this and next alignment: 452091 to 452002 (-89 bp)
				Next Alignment: 452002 470208 k99_62_flag_0_multi_48.4244_len_18207 1 18207

			Previous gap was negative, modifying coordinates to ignore overlap
				Moving contig start from 1 to 91.
			Align 41: 452092 470208 k99_62_flag_0_multi_48.4244_len_18207 91 18207
				Negative gap (overlap) between this and next alignment: 470208 to 470112 (-96 bp)
				Next Alignment: 470112 488614 k99_41_flag_0_multi_47.2992_len_18503 18503 1

			Previous gap was negative, modifying coordinates to ignore overlap
				Moving contig start from 18503 to 18406.
			Align 42: 470209 488614 k99_41_flag_0_multi_47.2992_len_18503 18406 1
				Negative gap (overlap) between this and next alignment: 488614 to 488517 (-97 bp)
				Next Alignment: 488517 492348 k99_118_flag_0_multi_45.0938_len_3832 3832 1

			Previous gap was negative, modifying coordinates to ignore overlap
				Moving contig start from 3832 to 3734.
			Align 43: 488615 492348 k99_118_flag_0_multi_45.0938_len_3832 3734 1
				Negative gap (overlap) between this and next alignment: 492348 to 492292 (-56 bp)
				Next Alignment: 492292 497448 k99_27_flag_0_multi_46.9000_len_5157 5157 1

			Previous gap was negative, modifying coordinates to ignore overlap
				Moving contig start from 5157 to 5100.
			Align 44: 492349 497448 k99_27_flag_0_multi_46.9000_len_5157 5100 1
				Gap between this and next alignment: 497448 to 497631 (182 bp)
				Next Alignment: 497631 514997 k99_50_flag_0_multi_47.8880_len_17367 1 17367

			Align 45: 497631 514997 k99_50_flag_0_multi_47.8880_len_17367 1 17367
				Negative gap (overlap) between this and next alignment: 514997 to 514911 (-86 bp)
				Next Alignment: 514911 515823 k99_32_flag_0_multi_35.9066_len_913 913 1

			Previous gap was negative, modifying coordinates to ignore overlap
				Moving contig start from 913 to 826.
			Align 46: 514998 515823 k99_32_flag_0_multi_35.9066_len_913 826 1
				Negative gap (overlap) between this and next alignment: 515823 to 515731 (-92 bp)
				Next Alignment: 515731 541136 k99_123_flag_0_multi_46.1343_len_25406 25406 1

			Previous gap was negative, modifying coordinates to ignore overlap
				Moving contig start from 25406 to 25313.
			Align 47: 515824 541136 k99_123_flag_0_multi_46.1343_len_25406 25313 1
				Negative gap (overlap) between this and next alignment: 541136 to 541064 (-72 bp)
				Next Alignment: 541064 545872 k99_127_flag_0_multi_49.8098_len_4809 1 4809

			Previous gap was negative, modifying coordinates to ignore overlap
				Moving contig start from 1 to 74.
			Align 48: 541137 545872 k99_127_flag_0_multi_49.8098_len_4809 74 4809
				Negative gap (overlap) between this and next alignment: 545872 to 545777 (-95 bp)
				Next Alignment: 545777 553640 k99_124_flag_0_multi_41.2160_len_7864 1 7864

			Previous gap was negative, modifying coordinates to ignore overlap
				Moving contig start from 1 to 97.
			Align 49: 545873 553640 k99_124_flag_0_multi_41.2160_len_7864 97 7864
				Negative gap (overlap) between this and next alignment: 553640 to 553567 (-73 bp)
				Next Alignment: 553567 582612 k99_82_flag_0_multi_47.3633_len_29046 29046 1

			Previous gap was negative, modifying coordinates to ignore overlap
				Moving contig start from 29046 to 28972.
			Align 50: 553641 582612 k99_82_flag_0_multi_47.3633_len_29046 28972 1
				Negative gap (overlap) between this and next alignment: 582612 to 582555 (-57 bp)
				Next Alignment: 582555 586886 k99_126_flag_0_multi_51.2379_len_4332 1 4332

			Previous gap was negative, modifying coordinates to ignore overlap
				Moving contig start from 1 to 59.
			Align 51: 582613 586886 k99_126_flag_0_multi_51.2379_len_4332 59 4332
				Negative gap (overlap) between this and next alignment: 586886 to 586814 (-72 bp)
				Next Alignment: 586814 597203 k99_38_flag_0_multi_43.5189_len_10390 10390 1

			Previous gap was negative, modifying coordinates to ignore overlap
				Moving contig start from 10390 to 10317.
			Align 52: 586887 597203 k99_38_flag_0_multi_43.5189_len_10390 10317 1
				Negative gap (overlap) between this and next alignment: 597203 to 597129 (-74 bp)
				Next Alignment: 597129 613305 k99_58_flag_0_multi_50.1966_len_16177 16177 1

			Previous gap was negative, modifying coordinates to ignore overlap
				Moving contig start from 16177 to 16102.
			Align 53: 597204 613305 k99_58_flag_0_multi_50.1966_len_16177 16102 1
				Negative gap (overlap) between this and next alignment: 613305 to 613229 (-76 bp)
				Next Alignment: 613229 615977 k99_42_flag_0_multi_47.1608_len_2749 1 2749

			Previous gap was negative, modifying coordinates to ignore overlap
				Moving contig start from 1 to 78.
			Align 54: 613306 615977 k99_42_flag_0_multi_47.1608_len_2749 78 2749
			END in gap: 615977 to 615980 (3 bp)

	Reference Buchnera_aphidicola_Baizongia_pistaciae_ancestor: 57 total alignments. 1 total regions.
		Region: 1 to 615980 (615980 bp)
			Align 1: 1 5137 k99_80_flag_0_multi_45.0637_len_5137 5137 1
				Negative gap (overlap) between this and next alignment: 5137 to 5060 (-77 bp)
				Next Alignment: 5060 16720 k99_23_flag_0_multi_47.9425_len_11661 1 11661

			Previous gap was negative, modifying coordinates to ignore overlap
				Moving contig start from 1 to 79.
			Align 2: 5138 16720 k99_23_flag_0_multi_47.9425_len_11661 79 11661
				Negative gap (overlap) between this and next alignment: 16720 to 16624 (-96 bp)
				Next Alignment: 16624 20300 k99_19_flag_0_multi_45.6509_len_3677 3677 1

			Previous gap was negative, modifying coordinates to ignore overlap
				Moving contig start from 3677 to 3580.
			Align 3: 16721 20300 k99_19_flag_0_multi_45.6509_len_3677 3580 1
				Negative gap (overlap) between this and next alignment: 20300 to 20202 (-98 bp)
				Next Alignment: 20202 23226 k99_9_flag_0_multi_49.4477_len_3025 1 3025

			Previous gap was negative, modifying coordinates to ignore overlap
				Moving contig start from 1 to 100.
			Align 4: 20301 23226 k99_9_flag_0_multi_49.4477_len_3025 100 3025
				Negative gap (overlap) between this and next alignment: 23226 to 23147 (-79 bp)
				Next Alignment: 23147 29805 k99_157_flag_0_multi_43.7718_len_6659 1 6659

			Previous gap was negative, modifying coordinates to ignore overlap
				Moving contig start from 1 to 81.
			Align 5: 23227 29805 k99_157_flag_0_multi_43.7718_len_6659 81 6659
				Negative gap (overlap) between this and next alignment: 29805 to 29709 (-96 bp)
				Next Alignment: 29709 49193 k99_92_flag_0_multi_46.0374_len_19485 1 19485

			Previous gap was negative, modifying coordinates to ignore overlap
				Moving contig start from 1 to 98.
			Align 6: 29806 49193 k99_92_flag_0_multi_46.0374_len_19485 98 19485
				Negative gap (overlap) between this and next alignment: 49193 to 49125 (-68 bp)
				Next Alignment: 49125 53728 k99_142_flag_0_multi_40.1176_len_4604 1 4604

			Previous gap was negative, modifying coordinates to ignore overlap
				Moving contig start from 1 to 70.
			Align 7: 49194 53728 k99_142_flag_0_multi_40.1176_len_4604 70 4604
				Negative gap (overlap) between this and next alignment: 53728 to 53641 (-87 bp)
				Next Alignment: 53641 65992 k99_87_flag_0_multi_48.2192_len_12352 12352 1

			Previous gap was negative, modifying coordinates to ignore overlap
				Moving contig start from 12352 to 12264.
			Align 8: 53729 65992 k99_87_flag_0_multi_48.2192_len_12352 12264 1
				Negative gap (overlap) between this and next alignment: 65992 to 65923 (-69 bp)
				Next Alignment: 65923 71273 k99_22_flag_0_multi_44.7631_len_5351 1 5351

			Previous gap was negative, modifying coordinates to ignore overlap
				Moving contig start from 1 to 71.
			Align 9: 65993 71273 k99_22_flag_0_multi_44.7631_len_5351 71 5351
				Negative gap (overlap) between this and next alignment: 71273 to 71203 (-70 bp)
				Next Alignment: 71203 84038 k99_31_flag_0_multi_47.4587_len_12836 12836 1

			Previous gap was negative, modifying coordinates to ignore overlap
				Moving contig start from 12836 to 12765.
			Align 10: 71274 84038 k99_31_flag_0_multi_47.4587_len_12836 12765 1
				Negative gap (overlap) between this and next alignment: 84038 to 83981 (-57 bp)
				Next Alignment: 83981 96485 k99_76_flag_0_multi_47.6278_len_12505 12505 1

			Previous gap was negative, modifying coordinates to ignore overlap
				Moving contig start from 12505 to 12447.
			Align 11: 84039 96485 k99_76_flag_0_multi_47.6278_len_12505 12447 1
				Negative gap (overlap) between this and next alignment: 96485 to 96412 (-73 bp)
				Next Alignment: 96412 140100 k99_108_flag_0_multi_46.8842_len_43689 1 43689

			Previous gap was negative, modifying coordinates to ignore overlap
				Moving contig start from 1 to 75.
			Align 12: 96486 140100 k99_108_flag_0_multi_46.8842_len_43689 75 43689
				Negative gap (overlap) between this and next alignment: 140100 to 140024 (-76 bp)
				Next Alignment: 140024 143706 k99_105_flag_0_multi_45.1074_len_3683 3683 1

			Previous gap was negative, modifying coordinates to ignore overlap
				Moving contig start from 3683 to 3606.
			Align 13: 140101 143706 k99_105_flag_0_multi_45.1074_len_3683 3606 1
				Negative gap (overlap) between this and next alignment: 143706 to 143616 (-90 bp)
				Next Alignment: 143616 148221 k99_102_flag_0_multi_44.2636_len_4606 1 4606

			Previous gap was negative, modifying coordinates to ignore overlap
				Moving contig start from 1 to 92.
			Align 14: 143707 148221 k99_102_flag_0_multi_44.2636_len_4606 92 4606
				Negative gap (overlap) between this and next alignment: 148221 to 148131 (-90 bp)
				Next Alignment: 148131 149444 k99_18_flag_0_multi_45.4519_len_1314 1314 1

			Previous gap was negative, modifying coordinates to ignore overlap
				Moving contig start from 1314 to 1223.
			Align 15: 148222 149444 k99_18_flag_0_multi_45.4519_len_1314 1223 1
				Negative gap (overlap) between this and next alignment: 149444 to 149360 (-84 bp)
				Next Alignment: 149360 151240 k99_39_flag_0_multi_51.0814_len_1881 1881 1

			Previous gap was negative, modifying coordinates to ignore overlap
				Moving contig start from 1881 to 1796.
			Align 16: 149445 151240 k99_39_flag_0_multi_51.0814_len_1881 1796 1
				Negative gap (overlap) between this and next alignment: 151240 to 151144 (-96 bp)
				Next Alignment: 151144 195684 k99_156_flag_0_multi_48.3489_len_44541 1 44541

			Previous gap was negative, modifying coordinates to ignore overlap
				Moving contig start from 1 to 98.
			Align 17: 151241 195684 k99_156_flag_0_multi_48.3489_len_44541 98 44541
				Negative gap (overlap) between this and next alignment: 195684 to 195670 (-14 bp)
				Next Alignment: 195670 196727 k99_136_flag_0_multi_43.9927_len_1058 1 1058

			Previous gap was negative, modifying coordinates to ignore overlap
				Moving contig start from 1 to 16.
			Align 18: 195685 196727 k99_136_flag_0_multi_43.9927_len_1058 16 1058
				Negative gap (overlap) between this and next alignment: 196727 to 196642 (-85 bp)
				Next Alignment: 196642 224382 k99_86_flag_0_multi_47.9487_len_27741 1 27741

			Previous gap was negative, modifying coordinates to ignore overlap
				Moving contig start from 1 to 87.
			Align 19: 196728 224382 k99_86_flag_0_multi_47.9487_len_27741 87 27741
				Negative gap (overlap) between this and next alignment: 224382 to 224294 (-88 bp)
				Next Alignment: 224294 225063 k99_65_flag_0_multi_54.0507_len_770 770 1

			Previous gap was negative, modifying coordinates to ignore overlap
				Moving contig start from 770 to 681.
			Align 20: 224383 225063 k99_65_flag_0_multi_54.0507_len_770 681 1
				Negative gap (overlap) between this and next alignment: 225063 to 224973 (-90 bp)
				Next Alignment: 224973 243665 k99_45_flag_0_multi_45.4394_len_18693 18693 1

			Previous gap was negative, modifying coordinates to ignore overlap
				Moving contig start from 18693 to 18602.
			Align 21: 225064 243665 k99_45_flag_0_multi_45.4394_len_18693 18602 1
				Negative gap (overlap) between this and next alignment: 243665 to 243567 (-98 bp)
				Next Alignment: 243567 254131 k99_71_flag_0_multi_51.9139_len_10565 1 10565

			Previous gap was negative, modifying coordinates to ignore overlap
				Moving contig start from 1 to 100.
			Align 22: 243666 254131 k99_71_flag_0_multi_51.9139_len_10565 100 10565
				Negative gap (overlap) between this and next alignment: 254131 to 254043 (-88 bp)
				Next Alignment: 254043 266554 k99_149_flag_0_multi_45.0930_len_12512 1 12512

			Previous gap was negative, modifying coordinates to ignore overlap
				Moving contig start from 1 to 90.
			Align 23: 254132 266554 k99_149_flag_0_multi_45.0930_len_12512 90 12512
				Negative gap (overlap) between this and next alignment: 266554 to 266475 (-79 bp)
				Next Alignment: 266475 268266 k99_15_flag_0_multi_36.3544_len_1792 1 1792

			Previous gap was negative, modifying coordinates to ignore overlap
				Moving contig start from 1 to 81.
			Align 24: 266555 268266 k99_15_flag_0_multi_36.3544_len_1792 81 1792
				Negative gap (overlap) between this and next alignment: 268266 to 268209 (-57 bp)
				Next Alignment: 268209 272491 k99_46_flag_0_multi_44.1554_len_4283 1 4283

			Previous gap was negative, modifying coordinates to ignore overlap
				Moving contig start from 1 to 59.
			Align 25: 268267 272491 k99_46_flag_0_multi_44.1554_len_4283 59 4283
				Negative gap (overlap) between this and next alignment: 272491 to 272417 (-74 bp)
				Next Alignment: 272417 282682 k99_111_flag_0_multi_53.3366_len_10266 10266 1

			Previous gap was negative, modifying coordinates to ignore overlap
				Moving contig start from 10266 to 10191.
			Align 26: 272492 282682 k99_111_flag_0_multi_53.3366_len_10266 10191 1
				Negative gap (overlap) between this and next alignment: 282682 to 282585 (-97 bp)
				Next Alignment: 282585 287995 k99_13_flag_0_multi_45.2786_len_5411 1 5411

			Previous gap was negative, modifying coordinates to ignore overlap
				Moving contig start from 1 to 99.
			Align 27: 282683 287995 k99_13_flag_0_multi_45.2786_len_5411 99 5411
				Negative gap (overlap) between this and next alignment: 287995 to 287904 (-91 bp)
				Next Alignment: 287904 293093 k99_30_flag_0_multi_48.5040_len_5190 5190 1

			Previous gap was negative, modifying coordinates to ignore overlap
				Moving contig start from 5190 to 5098.
			Align 28: 287996 293093 k99_30_flag_0_multi_48.5040_len_5190 5098 1
				Negative gap (overlap) between this and next alignment: 293093 to 293008 (-85 bp)
				Next Alignment: 293008 299507 k99_113_flag_0_multi_44.8041_len_6500 6500 1

			Previous gap was negative, modifying coordinates to ignore overlap
				Moving contig start from 6500 to 6414.
			Align 29: 293094 299507 k99_113_flag_0_multi_44.8041_len_6500 6414 1
				Negative gap (overlap) between this and next alignment: 299507 to 299424 (-83 bp)
				Next Alignment: 299424 310826 k99_55_flag_0_multi_45.3546_len_11403 11403 1

			Previous gap was negative, modifying coordinates to ignore overlap
				Moving contig start from 11403 to 11319.
			Align 30: 299508 310826 k99_55_flag_0_multi_45.3546_len_11403 11319 1
				Negative gap (overlap) between this and next alignment: 310826 to 310728 (-98 bp)
				Next Alignment: 310728 317366 k99_148_flag_0_multi_49.0411_len_6639 1 6639

			Previous gap was negative, modifying coordinates to ignore overlap
				Moving contig start from 1 to 100.
			Align 31: 310827 317366 k99_148_flag_0_multi_49.0411_len_6639 100 6639
				Negative gap (overlap) between this and next alignment: 317366 to 317273 (-93 bp)
				Next Alignment: 317273 329440 k99_160_flag_0_multi_47.3912_len_12168 12168 1

			Previous gap was negative, modifying coordinates to ignore overlap
				Moving contig start from 12168 to 12074.
			Align 32: 317367 329440 k99_160_flag_0_multi_47.3912_len_12168 12074 1
				Negative gap (overlap) between this and next alignment: 329440 to 329363 (-77 bp)
				Next Alignment: 329363 341414 k99_85_flag_0_multi_47.4678_len_12052 12052 1

			Previous gap was negative, modifying coordinates to ignore overlap
				Moving contig start from 12052 to 11974.
			Align 33: 329441 341414 k99_85_flag_0_multi_47.4678_len_12052 11974 1
				Negative gap (overlap) between this and next alignment: 341414 to 341327 (-87 bp)
				Next Alignment: 341327 342971 k99_7_flag_0_multi_55.4094_len_1645 1645 1

			Previous gap was negative, modifying coordinates to ignore overlap
				Moving contig start from 1645 to 1557.
			Align 34: 341415 342971 k99_7_flag_0_multi_55.4094_len_1645 1557 1
				Negative gap (overlap) between this and next alignment: 342971 to 342873 (-98 bp)
				Next Alignment: 342873 343417 k99_99_flag_0_multi_55.6906_len_545 1 545

			Previous gap was negative, modifying coordinates to ignore overlap
				Moving contig start from 1 to 100.
			Align 35: 342972 343417 k99_99_flag_0_multi_55.6906_len_545 100 545
				Negative gap (overlap) between this and next alignment: 343417 to 343339 (-78 bp)
				Next Alignment: 343339 360800 k99_141_flag_0_multi_45.7266_len_17462 1 17462

			Previous gap was negative, modifying coordinates to ignore overlap
				Moving contig start from 1 to 80.
			Align 36: 343418 360800 k99_141_flag_0_multi_45.7266_len_17462 80 17462
				Negative gap (overlap) between this and next alignment: 360800 to 360703 (-97 bp)
				Next Alignment: 360703 366280 k99_67_flag_0_multi_48.8503_len_5578 1 5578

			Previous gap was negative, modifying coordinates to ignore overlap
				Moving contig start from 1 to 99.
			Align 37: 360801 366280 k99_67_flag_0_multi_48.8503_len_5578 99 5578
				Negative gap (overlap) between this and next alignment: 366280 to 366189 (-91 bp)
				Next Alignment: 366189 371181 k99_106_flag_0_multi_44.7620_len_4993 1 4993

			Previous gap was negative, modifying coordinates to ignore overlap
				Moving contig start from 1 to 93.
			Align 38: 366281 371181 k99_106_flag_0_multi_44.7620_len_4993 93 4993
				Negative gap (overlap) between this and next alignment: 371181 to 371109 (-72 bp)
				Next Alignment: 371109 375917 k99_140_flag_0_multi_43.6406_len_4809 1 4809

			Previous gap was negative, modifying coordinates to ignore overlap
				Moving contig start from 1 to 74.
			Align 39: 371182 375917 k99_140_flag_0_multi_43.6406_len_4809 74 4809
				Negative gap (overlap) between this and next alignment: 375917 to 375822 (-95 bp)
				Next Alignment: 375822 386626 k99_154_flag_0_multi_48.1668_len_10805 1 10805

			Previous gap was negative, modifying coordinates to ignore overlap
				Moving contig start from 1 to 97.
			Align 40: 375918 386626 k99_154_flag_0_multi_48.1668_len_10805 97 10805
				Negative gap (overlap) between this and next alignment: 386626 to 386540 (-86 bp)
				Next Alignment: 386540 387452 k99_36_flag_0_multi_53.5135_len_913 913 1

			Previous gap was negative, modifying coordinates to ignore overlap
				Moving contig start from 913 to 826.
			Align 41: 386627 387452 k99_36_flag_0_multi_53.5135_len_913 826 1
				Negative gap (overlap) between this and next alignment: 387452 to 387360 (-92 bp)
				Next Alignment: 387360 426331 k99_98_flag_0_multi_46.8162_len_38972 38972 1

			Previous gap was negative, modifying coordinates to ignore overlap
				Moving contig start from 38972 to 38879.
			Align 42: 387453 426331 k99_98_flag_0_multi_46.8162_len_38972 38879 1
				Gap between this and next alignment: 426331 to 426514 (182 bp)
				Next Alignment: 426514 457883 k99_122_flag_0_multi_46.8822_len_31370 1 31370

			Align 43: 426514 457883 k99_122_flag_0_multi_46.8822_len_31370 1 31370
				Negative gap (overlap) between this and next alignment: 457883 to 457786 (-97 bp)
				Next Alignment: 457786 474343 k99_59_flag_0_multi_48.0708_len_16558 1 16558

			Previous gap was negative, modifying coordinates to ignore overlap
				Moving contig start from 1 to 99.
			Align 44: 457884 474343 k99_59_flag_0_multi_48.0708_len_16558 99 16558
				Negative gap (overlap) between this and next alignment: 474343 to 474247 (-96 bp)
				Next Alignment: 474247 496271 k99_68_flag_0_multi_46.4931_len_22025 22025 1

			Previous gap was negative, modifying coordinates to ignore overlap
				Moving contig start from 22025 to 21928.
			Align 45: 474344 496271 k99_68_flag_0_multi_46.4931_len_22025 21928 1
				Negative gap (overlap) between this and next alignment: 496271 to 496177 (-94 bp)
				Next Alignment: 496177 501665 k99_139_flag_0_multi_49.7200_len_5489 1 5489

			Previous gap was negative, modifying coordinates to ignore overlap
				Moving contig start from 1 to 96.
			Align 46: 496272 501665 k99_139_flag_0_multi_49.7200_len_5489 96 5489
				Negative gap (overlap) between this and next alignment: 501665 to 501584 (-81 bp)
				Next Alignment: 501584 512926 k99_145_flag_0_multi_51.5638_len_11343 11343 1

			Previous gap was negative, modifying coordinates to ignore overlap
				Moving contig start from 11343 to 11261.
			Align 47: 501666 512926 k99_145_flag_0_multi_51.5638_len_11343 11261 1
				Negative gap (overlap) between this and next alignment: 512926 to 512837 (-89 bp)
				Next Alignment: 512837 517223 k99_135_flag_0_multi_44.1637_len_4387 4387 1

			Previous gap was negative, modifying coordinates to ignore overlap
				Moving contig start from 4387 to 4297.
			Align 48: 512927 517223 k99_135_flag_0_multi_44.1637_len_4387 4297 1
				Negative gap (overlap) between this and next alignment: 517223 to 517139 (-84 bp)
				Next Alignment: 517139 521619 k99_91_flag_0_multi_47.1308_len_4481 4481 1

			Previous gap was negative, modifying coordinates to ignore overlap
				Moving contig start from 4481 to 4396.
			Align 49: 517224 521619 k99_91_flag_0_multi_47.1308_len_4481 4396 1
				Negative gap (overlap) between this and next alignment: 521619 to 521563 (-56 bp)
				Next Alignment: 521563 542838 k99_73_flag_0_multi_47.0813_len_21276 21276 1

			Previous gap was negative, modifying coordinates to ignore overlap
				Moving contig start from 21276 to 21219.
			Align 50: 521620 542838 k99_73_flag_0_multi_47.0813_len_21276 21219 1
				Gap between this and next alignment: 542838 to 542941 (102 bp)
				Next Alignment: 542941 567656 k99_112_flag_0_multi_48.7264_len_24716 24716 1

			Align 51: 542941 567656 k99_112_flag_0_multi_48.7264_len_24716 24716 1
				Negative gap (overlap) between this and next alignment: 567656 to 567635 (-21 bp)
				Next Alignment: 567635 578636 k99_103_flag_0_multi_46.0735_len_11002 1 11002

			Previous gap was negative, modifying coordinates to ignore overlap
				Moving contig start from 1 to 23.
			Align 52: 567657 578636 k99_103_flag_0_multi_46.0735_len_11002 23 11002
				Negative gap (overlap) between this and next alignment: 578636 to 578564 (-72 bp)
				Next Alignment: 578564 582895 k99_11_flag_0_multi_44.6700_len_4332 4332 1

			Previous gap was negative, modifying coordinates to ignore overlap
				Moving contig start from 4332 to 4259.
			Align 53: 578637 582895 k99_11_flag_0_multi_44.6700_len_4332 4259 1
				Negative gap (overlap) between this and next alignment: 582895 to 582838 (-57 bp)
				Next Alignment: 582838 586512 k99_28_flag_0_multi_48.0632_len_3675 3675 1

			Previous gap was negative, modifying coordinates to ignore overlap
				Moving contig start from 3675 to 3617.
			Align 54: 582896 586512 k99_28_flag_0_multi_48.0632_len_3675 3617 1
				Negative gap (overlap) between this and next alignment: 586512 to 586439 (-73 bp)
				Next Alignment: 586439 597203 k99_152_flag_0_multi_45.6711_len_10765 10765 1

			Previous gap was negative, modifying coordinates to ignore overlap
				Moving contig start from 10765 to 10691.
			Align 55: 586513 597203 k99_152_flag_0_multi_45.6711_len_10765 10691 1
				Negative gap (overlap) between this and next alignment: 597203 to 597129 (-74 bp)
				Next Alignment: 597129 613305 k99_132_flag_0_multi_46.9028_len_16177 16177 1

			Previous gap was negative, modifying coordinates to ignore overlap
				Moving contig start from 16177 to 16102.
			Align 56: 597204 613305 k99_132_flag_0_multi_46.9028_len_16177 16102 1
				Negative gap (overlap) between this and next alignment: 613305 to 613229 (-76 bp)
				Next Alignment: 613229 615914 k99_93_flag_0_multi_46.1658_len_2686 1 2686

			Previous gap was negative, modifying coordinates to ignore overlap
				Moving contig start from 1 to 78.
			Align 57: 613306 615914 k99_93_flag_0_multi_46.1658_len_2686 78 2686
			END in gap: 615914 to 615980 (66 bp)

Analysis is finished!
Founded SNPs were written into /vol/cami-scratch/Simpipeline/iTol_genomes/Buchnera_aphidicola_Baizongia_pistaciae_0915/quast_consensus/combined_quast_output/contigs_reports/nucmer_output/final.contigs.used_snps

Results:
	Local Misassemblies: 0
	Misassemblies: 0
		Relocations: 0
		Translocations: 0
		Interspecies translocations: 0
		Inversions: 0
	Potentially Misassembled Contigs (i/s translocations): 0
	Misassembled Contigs: 0
	Misassembled Contig Bases: 0
	Misassemblies Inter-Contig Overlap: 0
Uncovered Regions: 0 (0)
Unaligned Contigs: 0 + 0 part
Partially Unaligned Contigs with Misassemblies: 0
Unaligned Contig Bases: 0

Ambiguously Mapped Contigs: 0
Extra Bases in Ambiguously Mapped Contigs: 0
Note that --allow-ambiguity option was set to "all" and each contig was used several times.

	Covered Bases: 1231311

	SNPs: 3
	Insertions: 0
	Deletions: 0

	Positive Gaps: 7
		Internal Gaps:  0
		External Gaps:  7
		External Gap Total:  649
		External Gap Average: 93
	Negative Gaps: 105
		Internal Overlaps:  0
		External Overlaps:  105
		External Overlaps Total: -8646
		External Overlaps Average: -82
	Contigs with Redundant Alignments: 0 (0)
