Aligning contigs to reference...
	Running Nucmer
Parsing coords...
Loading reference...
	Loaded [Ecoli_0910_Taxon003_]
Loading SNPs...
Loading regions...
	No regions given, using whole reference.
	Total Regions: 1
	Total Region Length: 4641652
Analyzing contigs...
CONTIG: NODE_1_length_601815_cov_35.2853_ID_176477 (601815bp)
Top Length: 601815  Top ID: 99.82
		One align captures most of this contig: 2560690 3162504 | 601815 1 | 601815 601815 | 99.82 | Ecoli_0910_Taxon003_ NODE_1_length_601815_cov_35.2853_ID_176477

CONTIG: NODE_2_length_488701_cov_38.3303_ID_176479 (488701bp)
Top Length: 488701  Top ID: 99.66
		One align captures most of this contig: 646132 1134831 | 1 488701 | 488700 488701 | 99.66 | Ecoli_0910_Taxon003_ NODE_2_length_488701_cov_38.3303_ID_176479

CONTIG: NODE_3_length_487635_cov_38.8091_ID_176481 (487635bp)
Top Length: 487635  Top ID: 99.76
		One align captures most of this contig: 1 487632 | 487635 1 | 487632 487635 | 99.76 | Ecoli_0910_Taxon003_ NODE_3_length_487635_cov_38.8091_ID_176481

CONTIG: NODE_4_length_461322_cov_34.9202_ID_176483 (461322bp)
Top Length: 461322  Top ID: 99.84
		One align captures most of this contig: 1289975 1751296 | 1 461322 | 461322 461322 | 99.84 | Ecoli_0910_Taxon003_ NODE_4_length_461322_cov_34.9202_ID_176483

CONTIG: NODE_5_length_451329_cov_36.6607_ID_176485 (451329bp)
Top Length: 451329  Top ID: 99.81
		One align captures most of this contig: 3540787 3992115 | 1 451329 | 451329 451329 | 99.81 | Ecoli_0910_Taxon003_ NODE_5_length_451329_cov_36.6607_ID_176485

CONTIG: NODE_6_length_439363_cov_36.7833_ID_176487 (439363bp)
Top Length: 439363  Top ID: 99.75
		One align captures most of this contig: 2064181 2503543 | 439363 1 | 439363 439363 | 99.75 | Ecoli_0910_Taxon003_ NODE_6_length_439363_cov_36.7833_ID_176487

CONTIG: NODE_8_length_325400_cov_41.8246_ID_176493 (325400bp)
Top Length: 325400  Top ID: 99.63
		One align captures most of this contig: 4316250 4641648 | 1 325400 | 325399 325400 | 99.63 | Ecoli_0910_Taxon003_ NODE_8_length_325400_cov_41.8246_ID_176493

CONTIG: NODE_9_length_321933_cov_38.1457_ID_176495 (321933bp)
Top Length: 321933  Top ID: 99.73
		Marking as insignificant: 2063342 2064539 | 305083 306280 | 1198 1198 | 95.16 | Ecoli_0910_Taxon003_ NODE_9_length_321933_cov_38.1457_ID_176495
		One align captures most of this contig: 3218898 3540830 | 1 321933 | 321933 321933 | 99.73 | Ecoli_0910_Taxon003_ NODE_9_length_321933_cov_38.1457_ID_176495

CONTIG: NODE_10_length_318078_cov_38.2463_ID_176497 (318078bp)
Top Length: 318078  Top ID: 99.76
		One align captures most of this contig: 3992716 4310793 | 1 318078 | 318078 318078 | 99.76 | Ecoli_0910_Taxon003_ NODE_10_length_318078_cov_38.2463_ID_176497

CONTIG: NODE_17_length_181893_cov_34.6066_ID_176511 (181893bp)
Top Length: 181893  Top ID: 99.9
		One align captures most of this contig: 1881606 2063498 | 181893 1 | 181893 181893 | 99.9 | Ecoli_0910_Taxon003_ NODE_17_length_181893_cov_34.6066_ID_176511

CONTIG: NODE_25_length_124745_cov_34.5459_ID_176527 (124745bp)
Top Length: 124745  Top ID: 99.9
		One align captures most of this contig: 1753234 1877978 | 124745 1 | 124745 124745 | 99.9 | Ecoli_0910_Taxon003_ NODE_25_length_124745_cov_34.5459_ID_176527

CONTIG: NODE_27_length_120439_cov_43.3712_ID_176531 (120439bp)
Top Length: 120439  Top ID: 99.56
		One align captures most of this contig: 492222 612660 | 1 120439 | 120439 120439 | 99.56 | Ecoli_0910_Taxon003_ NODE_27_length_120439_cov_43.3712_ID_176531

CONTIG: NODE_30_length_101507_cov_40.305_ID_176537 (101507bp)
Top Length: 101503  Top ID: 99.7
		One align captures most of this contig: 1166956 1268458 | 101503 1 | 101503 101503 | 99.7 | Ecoli_0910_Taxon003_ NODE_30_length_101507_cov_40.305_ID_176537

CONTIG: NODE_40_length_55993_cov_34.9484_ID_176475 (55993bp)
Top Length: 55993  Top ID: 99.75
		One align captures most of this contig: 3162518 3218510 | 55993 1 | 55993 55993 | 99.75 | Ecoli_0910_Taxon003_ NODE_40_length_55993_cov_34.9484_ID_176475

CONTIG: NODE_41_length_55678_cov_34.2792_ID_176557 (55678bp)
Top Length: 55678  Top ID: 99.9
		One align captures most of this contig: 2504509 2560186 | 55678 1 | 55678 55678 | 99.9 | Ecoli_0910_Taxon003_ NODE_41_length_55678_cov_34.2792_ID_176557

CONTIG: NODE_53_length_29462_cov_35.0693_ID_176581 (29462bp)
Top Length: 29460  Top ID: 99.81
		One align captures most of this contig: 614438 643897 | 1 29460 | 29460 29460 | 99.81 | Ecoli_0910_Taxon003_ NODE_53_length_29462_cov_35.0693_ID_176581

CONTIG: NODE_55_length_27820_cov_34.0904_ID_176585 (27820bp)
Top Length: 27820  Top ID: 99.99
		One align captures most of this contig: 1136434 1164253 | 27820 1 | 27820 27820 | 99.99 | Ecoli_0910_Taxon003_ NODE_55_length_27820_cov_34.0904_ID_176585

CONTIG: NODE_59_length_16214_cov_35.569_ID_176593 (16214bp)
Top Length: 16214  Top ID: 99.82
		One align captures most of this contig: 1271219 1287432 | 16214 1 | 16214 16214 | 99.82 | Ecoli_0910_Taxon003_ NODE_59_length_16214_cov_35.569_ID_176593

CONTIG: NODE_68_length_4781_cov_32.0068_ID_176491 (4781bp)
Top Length: 4781  Top ID: 100.0
		One align captures most of this contig: 4311346 4316126 | 1 4781 | 4781 4781 | 100.0 | Ecoli_0910_Taxon003_ NODE_68_length_4781_cov_32.0068_ID_176491

CONTIG: NODE_87_length_911_cov_54.0023_ID_176647 (911bp)
Top Length: 911  Top ID: 99.67
		One align captures most of this contig: 1268404 1269314 | 1 911 | 911 911 | 99.67 | Ecoli_0910_Taxon003_ NODE_87_length_911_cov_54.0023_ID_176647

CONTIG: NODE_88_length_850_cov_33.3824_ID_176649 (850bp)
Top Length: 850  Top ID: 100.0
		One align captures most of this contig: 1752439 1753288 | 850 1 | 850 850 | 100.0 | Ecoli_0910_Taxon003_ NODE_88_length_850_cov_33.3824_ID_176649

CONTIG: NODE_93_length_738_cov_28.1391_ID_176659 (738bp)
Top Length: 738  Top ID: 100.0
		One align captures most of this contig: 1751746 1752483 | 738 1 | 738 738 | 100.0 | Ecoli_0910_Taxon003_ NODE_93_length_738_cov_28.1391_ID_176659

Analyzing coverage...
Writing SNPs into /net/metagenomics/projects/afritz_assemblies/Similarity_Experiment/Ecoli_OneTree/metaquast_consensus_spades_c/Ecoli_0910/runs_per_reference/Ecoli_0910/contigs_reports/nucmer_output/contigs.used_snps
	Reference Ecoli_0910_Taxon003_: 22 total alignments. 1 total regions.
		Region: 1 to 4641652 (4641652 bp)
			Align 1: 1 487632 NODE_3_length_487635_cov_38.8091_ID_176481 487635 1
				Gap between this and next alignment: 487632 to 492222 (4589 bp)
				Next Alignment: 492222 612660 NODE_27_length_120439_cov_43.3712_ID_176531 1 120439

			Align 2: 492222 612660 NODE_27_length_120439_cov_43.3712_ID_176531 1 120439
				Gap between this and next alignment: 612660 to 614438 (1777 bp)
				Next Alignment: 614438 643897 NODE_53_length_29462_cov_35.0693_ID_176581 1 29460

			Align 3: 614438 643897 NODE_53_length_29462_cov_35.0693_ID_176581 1 29460
				Gap between this and next alignment: 643897 to 646132 (2234 bp)
				Next Alignment: 646132 1134831 NODE_2_length_488701_cov_38.3303_ID_176479 1 488701

			Align 4: 646132 1134831 NODE_2_length_488701_cov_38.3303_ID_176479 1 488701
				Gap between this and next alignment: 1134831 to 1136434 (1602 bp)
				Next Alignment: 1136434 1164253 NODE_55_length_27820_cov_34.0904_ID_176585 27820 1

			Align 5: 1136434 1164253 NODE_55_length_27820_cov_34.0904_ID_176585 27820 1
				Gap between this and next alignment: 1164253 to 1166956 (2702 bp)
				Next Alignment: 1166956 1268458 NODE_30_length_101507_cov_40.305_ID_176537 101503 1

			Align 6: 1166956 1268458 NODE_30_length_101507_cov_40.305_ID_176537 101503 1
				Negative gap (overlap) between this and next alignment: 1268458 to 1268404 (-54 bp)
				Next Alignment: 1268404 1269314 NODE_87_length_911_cov_54.0023_ID_176647 1 911

			Previous gap was negative, modifying coordinates to ignore overlap
				Moving contig start from 1 to 56.
			Align 7: 1268459 1269314 NODE_87_length_911_cov_54.0023_ID_176647 56 911
				Gap between this and next alignment: 1269314 to 1271219 (1904 bp)
				Next Alignment: 1271219 1287432 NODE_59_length_16214_cov_35.569_ID_176593 16214 1

			Align 8: 1271219 1287432 NODE_59_length_16214_cov_35.569_ID_176593 16214 1
				Gap between this and next alignment: 1287432 to 1289975 (2542 bp)
				Next Alignment: 1289975 1751296 NODE_4_length_461322_cov_34.9202_ID_176483 1 461322

			Align 9: 1289975 1751296 NODE_4_length_461322_cov_34.9202_ID_176483 1 461322
				Gap between this and next alignment: 1751296 to 1751746 (449 bp)
				Next Alignment: 1751746 1752483 NODE_93_length_738_cov_28.1391_ID_176659 738 1

			Align 10: 1751746 1752483 NODE_93_length_738_cov_28.1391_ID_176659 738 1
				Negative gap (overlap) between this and next alignment: 1752483 to 1752439 (-44 bp)
				Next Alignment: 1752439 1753288 NODE_88_length_850_cov_33.3824_ID_176649 850 1

			Previous gap was negative, modifying coordinates to ignore overlap
				Moving contig start from 850 to 805.
			Align 11: 1752484 1753288 NODE_88_length_850_cov_33.3824_ID_176649 805 1
				Negative gap (overlap) between this and next alignment: 1753288 to 1753234 (-54 bp)
				Next Alignment: 1753234 1877978 NODE_25_length_124745_cov_34.5459_ID_176527 124745 1

			Previous gap was negative, modifying coordinates to ignore overlap
				Moving contig start from 124745 to 124690.
			Align 12: 1753289 1877978 NODE_25_length_124745_cov_34.5459_ID_176527 124690 1
				Gap between this and next alignment: 1877978 to 1881606 (3627 bp)
				Next Alignment: 1881606 2063498 NODE_17_length_181893_cov_34.6066_ID_176511 181893 1

			Align 13: 1881606 2063498 NODE_17_length_181893_cov_34.6066_ID_176511 181893 1
				Gap between this and next alignment: 2063498 to 2064181 (682 bp)
				Next Alignment: 2064181 2503543 NODE_6_length_439363_cov_36.7833_ID_176487 439363 1

			Align 14: 2064181 2503543 NODE_6_length_439363_cov_36.7833_ID_176487 439363 1
				Gap between this and next alignment: 2503543 to 2504509 (965 bp)
				Next Alignment: 2504509 2560186 NODE_41_length_55678_cov_34.2792_ID_176557 55678 1

			Align 15: 2504509 2560186 NODE_41_length_55678_cov_34.2792_ID_176557 55678 1
				Gap between this and next alignment: 2560186 to 2560690 (503 bp)
				Next Alignment: 2560690 3162504 NODE_1_length_601815_cov_35.2853_ID_176477 601815 1

			Align 16: 2560690 3162504 NODE_1_length_601815_cov_35.2853_ID_176477 601815 1
				Gap between this and next alignment: 3162504 to 3162518 (13 bp)
				Next Alignment: 3162518 3218510 NODE_40_length_55993_cov_34.9484_ID_176475 55993 1

			Align 17: 3162518 3218510 NODE_40_length_55993_cov_34.9484_ID_176475 55993 1
				Gap between this and next alignment: 3218510 to 3218898 (387 bp)
				Next Alignment: 3218898 3540830 NODE_9_length_321933_cov_38.1457_ID_176495 1 321933

			Align 18: 3218898 3540830 NODE_9_length_321933_cov_38.1457_ID_176495 1 321933
				Negative gap (overlap) between this and next alignment: 3540830 to 3540787 (-43 bp)
				Next Alignment: 3540787 3992115 NODE_5_length_451329_cov_36.6607_ID_176485 1 451329

			Previous gap was negative, modifying coordinates to ignore overlap
				Moving contig start from 1 to 45.
			Align 19: 3540831 3992115 NODE_5_length_451329_cov_36.6607_ID_176485 45 451329
				Gap between this and next alignment: 3992115 to 3992716 (600 bp)
				Next Alignment: 3992716 4310793 NODE_10_length_318078_cov_38.2463_ID_176497 1 318078

			Align 20: 3992716 4310793 NODE_10_length_318078_cov_38.2463_ID_176497 1 318078
				Gap between this and next alignment: 4310793 to 4311346 (552 bp)
				Next Alignment: 4311346 4316126 NODE_68_length_4781_cov_32.0068_ID_176491 1 4781

			Align 21: 4311346 4316126 NODE_68_length_4781_cov_32.0068_ID_176491 1 4781
				Gap between this and next alignment: 4316126 to 4316250 (123 bp)
				Next Alignment: 4316250 4641648 NODE_8_length_325400_cov_41.8246_ID_176493 1 325400

			Align 22: 4316250 4641648 NODE_8_length_325400_cov_41.8246_ID_176493 1 325400
			END in gap: 4641648 to 4641652 (4 bp)

Analysis is finished!
Founded SNPs were written into /net/metagenomics/projects/afritz_assemblies/Similarity_Experiment/Ecoli_OneTree/metaquast_consensus_spades_c/Ecoli_0910/runs_per_reference/Ecoli_0910/contigs_reports/nucmer_output/contigs.used_snps

Results:
	Local Misassemblies: 0
	Misassemblies: 0
		Relocations: 0
		Translocations: 0
		Inversions: 0
	Misassembled Contigs: 0
	Misassembled Contig Bases: 0
	Misassemblies Inter-Contig Overlap: 0
Uncovered Regions: 0 (0)
Unaligned Contigs: 0 + 0 part
Partially Unaligned Contigs with Misassemblies: 0
Unaligned Contig Bases: 0

Ambiguously Mapped Contigs: 0
Total Bases in Ambiguously Mapped Contigs: 0
Note that --allow-ambiguity option was set to "one" and only first alignment per each contig was used.

	Covered Bases: 4616397

	SNPs: 10814
	Insertions: 27
	Deletions: 22

	Positive Gaps: 18
		Internal Gaps:  0
		External Gaps:  18
		External Gap Total:  25255
		External Gap Average: 1403
	Negative Gaps: 4
		Internal Overlaps:  0
		External Overlaps:  4
		External Overlaps Total: -195
		External Overlaps Average: -49
	Contigs with Redundant Alignments: 0 (0)
