Aligning contigs to reference...
	Running Nucmer
Parsing coords...
Loading reference...
	Loaded [gi_556503834_ref_NC_000913.3_]
Loading SNPs...
Loading regions...
	No regions given, using whole reference.
	Total Regions: 1
	Total Region Length: 4641652
Analyzing contigs...
CONTIG: NODE_1_length_327064_cov_181.95_ID_12180 (327064bp)
Top Length: 327064  Top ID: 100.0
		One align captures most of this contig: 1651494 1978557 | 327064 1 | 327064 327064 | 100.0 | gi_556503834_ref_NC_000913.3_ NODE_1_length_327064_cov_181.95_ID_12180

CONTIG: NODE_2_length_316718_cov_187.068_ID_12182 (316718bp)
Top Length: 316718  Top ID: 99.99
		Marking as insignificant: 2520931 2521006 | 47903 47978 | 76 76 | 100.0 | gi_556503834_ref_NC_000913.3_ NODE_2_length_316718_cov_187.068_ID_12182
		Marking as insignificant: 2520931 2521006 | 47598 47673 | 76 76 | 100.0 | gi_556503834_ref_NC_000913.3_ NODE_2_length_316718_cov_187.068_ID_12182
		Marking as insignificant: 2521253 2521330 | 47387 47464 | 78 78 | 100.0 | gi_556503834_ref_NC_000913.3_ NODE_2_length_316718_cov_187.068_ID_12182
		Marking as insignificant: 2521051 2521129 | 47903 47981 | 79 79 | 100.0 | gi_556503834_ref_NC_000913.3_ NODE_2_length_316718_cov_187.068_ID_12182
		Marking as insignificant: 2521051 2521129 | 47598 47676 | 79 79 | 100.0 | gi_556503834_ref_NC_000913.3_ NODE_2_length_316718_cov_187.068_ID_12182
		Marking as insignificant: 2521253 2521335 | 48205 48287 | 83 83 | 98.8 | gi_556503834_ref_NC_000913.3_ NODE_2_length_316718_cov_187.068_ID_12182
		Marking as insignificant: 3071271 3071396 | 70158 70283 | 126 126 | 98.41 | gi_556503834_ref_NC_000913.3_ NODE_2_length_316718_cov_187.068_ID_12182
		Marking as insignificant: 596978 597105 | 70156 70283 | 128 128 | 99.22 | gi_556503834_ref_NC_000913.3_ NODE_2_length_316718_cov_187.068_ID_12182
		Marking as insignificant: 1097522 1097659 | 192677 192814 | 138 138 | 98.55 | gi_556503834_ref_NC_000913.3_ NODE_2_length_316718_cov_187.068_ID_12182
		Marking as insignificant: 2521173 2521328 | 47598 47753 | 156 156 | 100.0 | gi_556503834_ref_NC_000913.3_ NODE_2_length_316718_cov_187.068_ID_12182
		Marking as insignificant: 2521173 2521328 | 47903 48058 | 156 156 | 100.0 | gi_556503834_ref_NC_000913.3_ NODE_2_length_316718_cov_187.068_ID_12182
		Marking as insignificant: 2229115 2229376 | 182124 181863 | 262 262 | 95.04 | gi_556503834_ref_NC_000913.3_ NODE_2_length_316718_cov_187.068_ID_12182
		Marking as insignificant: 2521253 2521520 | 48413 48680 | 268 268 | 99.63 | gi_556503834_ref_NC_000913.3_ NODE_2_length_316718_cov_187.068_ID_12182
		Marking as insignificant: 3767197 3767651 | 1547 2002 | 455 456 | 96.27 | gi_556503834_ref_NC_000913.3_ NODE_2_length_316718_cov_187.068_ID_12182
		Marking as insignificant: 1531696 1532584 | 4805 5693 | 889 889 | 97.3 | gi_556503834_ref_NC_000913.3_ NODE_2_length_316718_cov_187.068_ID_12182
		Marking as insignificant: 3624258 3625146 | 4805 5693 | 889 889 | 98.2 | gi_556503834_ref_NC_000913.3_ NODE_2_length_316718_cov_187.068_ID_12182
		Marking as insignificant: 3621886 3622880 | 981 1975 | 995 995 | 98.69 | gi_556503834_ref_NC_000913.3_ NODE_2_length_316718_cov_187.068_ID_12182
		Marking as insignificant: 3764877 3765899 | 981 2003 | 1023 1023 | 98.44 | gi_556503834_ref_NC_000913.3_ NODE_2_length_316718_cov_187.068_ID_12182
		Marking as insignificant: 732277 733311 | 981 2015 | 1035 1035 | 97.78 | gi_556503834_ref_NC_000913.3_ NODE_2_length_316718_cov_187.068_ID_12182
		Marking as insignificant: 1531697 1532962 | 3540 4804 | 1266 1265 | 96.68 | gi_556503834_ref_NC_000913.3_ NODE_2_length_316718_cov_187.068_ID_12182
		Marking as insignificant: 3624233 3625524 | 3514 4804 | 1292 1291 | 96.21 | gi_556503834_ref_NC_000913.3_ NODE_2_length_316718_cov_187.068_ID_12182
		One align captures most of this contig: 733168 1049882 | 1 316718 | 316715 316718 | 99.99 | gi_556503834_ref_NC_000913.3_ NODE_2_length_316718_cov_187.068_ID_12182

CONTIG: NODE_3_length_284901_cov_183.452_ID_12184 (284901bp)
Top Length: 202176  Top ID: 99.99
		Skipping redundant alignment 1992042 1992117 | 105578 105653 | 76 76 | 100.0 | gi_556503834_ref_NC_000913.3_ NODE_3_length_284901_cov_183.452_ID_12184
		Skipping redundant alignment 1992042 1992117 | 105690 105765 | 76 76 | 100.0 | gi_556503834_ref_NC_000913.3_ NODE_3_length_284901_cov_183.452_ID_12184
		Skipping redundant alignment 1992042 1992117 | 105802 105877 | 76 76 | 100.0 | gi_556503834_ref_NC_000913.3_ NODE_3_length_284901_cov_183.452_ID_12184
		Skipping redundant alignment 4295948 4296322 | 202176 201804 | 375 373 | 97.33 | gi_556503834_ref_NC_000913.3_ NODE_3_length_284901_cov_183.452_ID_12184
		This contig is misassembled. 6 total aligns.
			Excluding internal overlap of size 373 between Alignment 1 and 2:  4213110 4296209 | 284901 201804 | 83100 83098 --> 4213110 4295836 | 284901 202177 | 82727 82725
			Real Alignment 1: 4296061 4498235 | 202176 1 | 202175 202176 | 99.99 | gi_556503834_ref_NC_000913.3_ NODE_3_length_284901_cov_183.452_ID_12184
			  Gap between these two alignments (local misassembly). Inconsistency = 224 
			Real Alignment 2: 4213110 4295836 | 284901 202177 | 82727 82725 | 99.99 | gi_556503834_ref_NC_000913.3_ NODE_3_length_284901_cov_183.452_ID_12184

CONTIG: NODE_4_length_264571_cov_182.742_ID_12186 (264571bp)
Top Length: 178219  Top ID: 99.99
		Skipping redundant alignment 290428 290633 | 28451 28656 | 206 206 | 99.51 | gi_556503834_ref_NC_000913.3_ NODE_4_length_264571_cov_182.742_ID_12186
		This contig is misassembled. 3 total aligns.
			Excluding internal overlap of size 354 between Alignment 1 and 2:  2731431 2818136 | 1 86706 | 86706 86706 --> 2731431 2817782 | 1 86352 | 86352 86352
			Real Alignment 1: 2731431 2817782 | 1 86352 | 86352 86352 | 100.0 | gi_556503834_ref_NC_000913.3_ NODE_4_length_264571_cov_182.742_ID_12186
			  Gap between these two alignments (local misassembly). Inconsistency = 414 
			Real Alignment 2: 2818197 2996415 | 86353 264571 | 178219 178219 | 99.99 | gi_556503834_ref_NC_000913.3_ NODE_4_length_264571_cov_182.742_ID_12186

CONTIG: NODE_5_length_224323_cov_184.151_ID_12188 (224323bp)
Top Length: 224323  Top ID: 99.99
		Marking as insignificant: 3653122 3653230 | 1 109 | 109 109 | 100.0 | gi_556503834_ref_NC_000913.3_ NODE_5_length_224323_cov_184.151_ID_12188
		Marking as insignificant: 3366642 3366750 | 1 109 | 109 109 | 100.0 | gi_556503834_ref_NC_000913.3_ NODE_5_length_224323_cov_184.151_ID_12188
		Marking as insignificant: 1396044 1396152 | 109 1 | 109 109 | 100.0 | gi_556503834_ref_NC_000913.3_ NODE_5_length_224323_cov_184.151_ID_12188
		Marking as insignificant: 1299499 1299607 | 109 1 | 109 109 | 100.0 | gi_556503834_ref_NC_000913.3_ NODE_5_length_224323_cov_184.151_ID_12188
		Marking as insignificant: 688937 689045 | 1 109 | 109 109 | 100.0 | gi_556503834_ref_NC_000913.3_ NODE_5_length_224323_cov_184.151_ID_12188
		Marking as insignificant: 575677 575785 | 1 109 | 109 109 | 100.0 | gi_556503834_ref_NC_000913.3_ NODE_5_length_224323_cov_184.151_ID_12188
		Marking as insignificant: 275041 275149 | 1 109 | 109 109 | 100.0 | gi_556503834_ref_NC_000913.3_ NODE_5_length_224323_cov_184.151_ID_12188
		Marking as insignificant: 3130142 3130254 | 113 1 | 113 113 | 99.12 | gi_556503834_ref_NC_000913.3_ NODE_5_length_224323_cov_184.151_ID_12188
		Marking as insignificant: 2102835 2102947 | 1 113 | 113 113 | 99.12 | gi_556503834_ref_NC_000913.3_ NODE_5_length_224323_cov_184.151_ID_12188
		Marking as insignificant: 1207563 1207804 | 182119 181878 | 242 242 | 95.04 | gi_556503834_ref_NC_000913.3_ NODE_5_length_224323_cov_184.151_ID_12188
		One align captures most of this contig: 2290005 2514327 | 1 224323 | 224323 224323 | 99.99 | gi_556503834_ref_NC_000913.3_ NODE_5_length_224323_cov_184.151_ID_12188

CONTIG: NODE_6_length_210558_cov_182.571_ID_12190 (210558bp)
Top Length: 210558  Top ID: 99.99
		Marking as insignificant: 780765 780841 | 5491 5567 | 77 77 | 100.0 | gi_556503834_ref_NC_000913.3_ NODE_6_length_210558_cov_182.571_ID_12190
		Marking as insignificant: 780765 780841 | 5369 5445 | 77 77 | 100.0 | gi_556503834_ref_NC_000913.3_ NODE_6_length_210558_cov_182.571_ID_12190
		Marking as insignificant: 781068 781145 | 5491 5568 | 78 78 | 100.0 | gi_556503834_ref_NC_000913.3_ NODE_6_length_210558_cov_182.571_ID_12190
		Marking as insignificant: 781068 781145 | 5369 5446 | 78 78 | 100.0 | gi_556503834_ref_NC_000913.3_ NODE_6_length_210558_cov_182.571_ID_12190
		Marking as insignificant: 780554 780631 | 5693 5770 | 78 78 | 100.0 | gi_556503834_ref_NC_000913.3_ NODE_6_length_210558_cov_182.571_ID_12190
		Marking as insignificant: 781369 781451 | 5693 5775 | 83 83 | 98.8 | gi_556503834_ref_NC_000913.3_ NODE_6_length_210558_cov_182.571_ID_12190
		Marking as insignificant: 780765 780918 | 5613 5768 | 154 156 | 98.72 | gi_556503834_ref_NC_000913.3_ NODE_6_length_210558_cov_182.571_ID_12190
		Marking as insignificant: 781068 781222 | 5613 5768 | 155 156 | 99.36 | gi_556503834_ref_NC_000913.3_ NODE_6_length_210558_cov_182.571_ID_12190
		Marking as insignificant: 781577 781844 | 5693 5960 | 268 268 | 100.0 | gi_556503834_ref_NC_000913.3_ NODE_6_length_210558_cov_182.571_ID_12190
		One align captures most of this contig: 2515563 2726118 | 1 210558 | 210556 210558 | 99.99 | gi_556503834_ref_NC_000913.3_ NODE_6_length_210558_cov_182.571_ID_12190

CONTIG: NODE_7_length_203982_cov_185.323_ID_12192 (203982bp)
Top Length: 202466  Top ID: 99.99
		Marking as insignificant: 2290005 2290113 | 203982 203874 | 109 109 | 100.0 | gi_556503834_ref_NC_000913.3_ NODE_7_length_203982_cov_185.323_ID_12192
		Marking as insignificant: 275041 275149 | 203982 203874 | 109 109 | 100.0 | gi_556503834_ref_NC_000913.3_ NODE_7_length_203982_cov_185.323_ID_12192
		Marking as insignificant: 3130143 3130254 | 203871 203982 | 112 112 | 100.0 | gi_556503834_ref_NC_000913.3_ NODE_7_length_203982_cov_185.323_ID_12192
		Marking as insignificant: 2102835 2102946 | 203982 203871 | 112 112 | 100.0 | gi_556503834_ref_NC_000913.3_ NODE_7_length_203982_cov_185.323_ID_12192
		Marking as insignificant: 3653122 3653234 | 203982 203870 | 113 113 | 100.0 | gi_556503834_ref_NC_000913.3_ NODE_7_length_203982_cov_185.323_ID_12192
		Marking as insignificant: 688937 689049 | 203982 203870 | 113 113 | 100.0 | gi_556503834_ref_NC_000913.3_ NODE_7_length_203982_cov_185.323_ID_12192
		Marking as insignificant: 575677 575789 | 203982 203870 | 113 113 | 100.0 | gi_556503834_ref_NC_000913.3_ NODE_7_length_203982_cov_185.323_ID_12192
		Marking as insignificant: 1396039 1396152 | 203869 203982 | 114 114 | 100.0 | gi_556503834_ref_NC_000913.3_ NODE_7_length_203982_cov_185.323_ID_12192
		Marking as insignificant: 3366642 3366759 | 203982 203865 | 118 118 | 99.15 | gi_556503834_ref_NC_000913.3_ NODE_7_length_203982_cov_185.323_ID_12192
		Marking as insignificant: 925841 925978 | 1897 2034 | 138 138 | 98.55 | gi_556503834_ref_NC_000913.3_ NODE_7_length_203982_cov_185.323_ID_12192
		Marking as insignificant: 2471882 2472123 | 112179 111938 | 242 242 | 95.04 | gi_556503834_ref_NC_000913.3_ NODE_7_length_203982_cov_185.323_ID_12192
		Marking as insignificant: 1095445 1097402 | 1 1958 | 1958 1958 | 99.9 | gi_556503834_ref_NC_000913.3_ NODE_7_length_203982_cov_185.323_ID_12192
		One align captures most of this contig: 1097142 1299607 | 1517 203982 | 202466 202466 | 99.99 | gi_556503834_ref_NC_000913.3_ NODE_7_length_203982_cov_185.323_ID_12192

CONTIG: NODE_8_length_203221_cov_182.3_ID_12194 (203221bp)
Top Length: 203221  Top ID: 100.0
		Marking as insignificant: 1979166 1979270 | 203221 203117 | 105 105 | 100.0 | gi_556503834_ref_NC_000913.3_ NODE_8_length_203221_cov_182.3_ID_12194
		Marking as insignificant: 291297 291401 | 203221 203117 | 105 105 | 100.0 | gi_556503834_ref_NC_000913.3_ NODE_8_length_203221_cov_182.3_ID_12194
		Marking as insignificant: 279826 279930 | 203221 203117 | 105 105 | 100.0 | gi_556503834_ref_NC_000913.3_ NODE_8_length_203221_cov_182.3_ID_12194
		Marking as insignificant: 3583427 3583532 | 203116 203221 | 106 106 | 100.0 | gi_556503834_ref_NC_000913.3_ NODE_8_length_203221_cov_182.3_ID_12194
		Marking as insignificant: 258571 258676 | 203221 203116 | 106 106 | 100.0 | gi_556503834_ref_NC_000913.3_ NODE_8_length_203221_cov_182.3_ID_12194
		Marking as insignificant: 3428854 3428998 | 1 145 | 145 145 | 99.31 | gi_556503834_ref_NC_000913.3_ NODE_8_length_203221_cov_182.3_ID_12194
		Marking as insignificant: 4207843 4208055 | 215 1 | 213 215 | 98.6 | gi_556503834_ref_NC_000913.3_ NODE_8_length_203221_cov_182.3_ID_12194
		One align captures most of this contig: 20459 223679 | 203221 1 | 203221 203221 | 100.0 | gi_556503834_ref_NC_000913.3_ NODE_8_length_203221_cov_182.3_ID_12194

CONTIG: NODE_9_length_178256_cov_181.974_ID_12196 (178256bp)
Top Length: 178256  Top ID: 100.0
		Marking as insignificant: 2288919 2288990 | 178185 178256 | 72 72 | 100.0 | gi_556503834_ref_NC_000913.3_ NODE_9_length_178256_cov_181.974_ID_12196
		Marking as insignificant: 273951 274026 | 178181 178256 | 76 76 | 98.68 | gi_556503834_ref_NC_000913.3_ NODE_9_length_178256_cov_181.974_ID_12196
		Marking as insignificant: 2101744 2101820 | 178180 178256 | 77 77 | 98.7 | gi_556503834_ref_NC_000913.3_ NODE_9_length_178256_cov_181.974_ID_12196
		Marking as insignificant: 3652032 3652107 | 178181 178256 | 76 76 | 100.0 | gi_556503834_ref_NC_000913.3_ NODE_9_length_178256_cov_181.974_ID_12196
		Marking as insignificant: 3131269 3131344 | 178256 178181 | 76 76 | 100.0 | gi_556503834_ref_NC_000913.3_ NODE_9_length_178256_cov_181.974_ID_12196
		Marking as insignificant: 1397167 1397242 | 178256 178181 | 76 76 | 100.0 | gi_556503834_ref_NC_000913.3_ NODE_9_length_178256_cov_181.974_ID_12196
		Marking as insignificant: 1300622 1300697 | 178256 178181 | 76 76 | 100.0 | gi_556503834_ref_NC_000913.3_ NODE_9_length_178256_cov_181.974_ID_12196
		Marking as insignificant: 687847 687922 | 178181 178256 | 76 76 | 100.0 | gi_556503834_ref_NC_000913.3_ NODE_9_length_178256_cov_181.974_ID_12196
		Marking as insignificant: 574587 574662 | 178181 178256 | 76 76 | 100.0 | gi_556503834_ref_NC_000913.3_ NODE_9_length_178256_cov_181.974_ID_12196
		One align captures most of this contig: 3187372 3365627 | 1 178256 | 178256 178256 | 100.0 | gi_556503834_ref_NC_000913.3_ NODE_9_length_178256_cov_181.974_ID_12196

CONTIG: NODE_10_length_174013_cov_181.53_ID_12198 (174013bp)
Top Length: 174013  Top ID: 100.0
		Marking as insignificant: 4166299 4166384 | 86 1 | 86 86 | 100.0 | gi_556503834_ref_NC_000913.3_ NODE_10_length_174013_cov_181.53_ID_12198
		Marking as insignificant: 4035165 4035256 | 92 1 | 92 92 | 100.0 | gi_556503834_ref_NC_000913.3_ NODE_10_length_174013_cov_181.53_ID_12198
		One align captures most of this contig: 3767521 3941533 | 174013 1 | 174013 174013 | 100.0 | gi_556503834_ref_NC_000913.3_ NODE_10_length_174013_cov_181.53_ID_12198

CONTIG: NODE_11_length_133028_cov_181.593_ID_12200 (133028bp)
Top Length: 133028  Top ID: 100.0
		Marking as insignificant: 3982605 3982692 | 35487 35574 | 88 88 | 100.0 | gi_556503834_ref_NC_000913.3_ NODE_11_length_133028_cov_181.593_ID_12200
		Marking as insignificant: 3982604 3982692 | 35250 35338 | 89 89 | 100.0 | gi_556503834_ref_NC_000913.3_ NODE_11_length_133028_cov_181.593_ID_12200
		One align captures most of this contig: 4508625 4641652 | 133028 1 | 133028 133028 | 100.0 | gi_556503834_ref_NC_000913.3_ NODE_11_length_133028_cov_181.593_ID_12200

CONTIG: NODE_12_length_132876_cov_182.127_ID_12202 (132876bp)
Top Length: 132876  Top ID: 100.0
		One align captures most of this contig: 392909 525784 | 1 132876 | 132876 132876 | 100.0 | gi_556503834_ref_NC_000913.3_ NODE_12_length_132876_cov_182.127_ID_12202

CONTIG: NODE_13_length_132617_cov_183.259_ID_12204 (132617bp)
Top Length: 132617  Top ID: 100.0
		Marking as insignificant: 275041 275149 | 1 109 | 109 109 | 100.0 | gi_556503834_ref_NC_000913.3_ NODE_13_length_132617_cov_183.259_ID_12204
		Marking as insignificant: 3653122 3653233 | 1 112 | 112 112 | 100.0 | gi_556503834_ref_NC_000913.3_ NODE_13_length_132617_cov_183.259_ID_12204
		Marking as insignificant: 3366642 3366753 | 1 112 | 112 112 | 100.0 | gi_556503834_ref_NC_000913.3_ NODE_13_length_132617_cov_183.259_ID_12204
		Marking as insignificant: 1396041 1396152 | 112 1 | 112 112 | 100.0 | gi_556503834_ref_NC_000913.3_ NODE_13_length_132617_cov_183.259_ID_12204
		Marking as insignificant: 1299496 1299607 | 112 1 | 112 112 | 100.0 | gi_556503834_ref_NC_000913.3_ NODE_13_length_132617_cov_183.259_ID_12204
		Marking as insignificant: 688937 689048 | 1 112 | 112 112 | 100.0 | gi_556503834_ref_NC_000913.3_ NODE_13_length_132617_cov_183.259_ID_12204
		Marking as insignificant: 575677 575788 | 1 112 | 112 112 | 100.0 | gi_556503834_ref_NC_000913.3_ NODE_13_length_132617_cov_183.259_ID_12204
		Marking as insignificant: 2290005 2290117 | 1 113 | 113 113 | 99.12 | gi_556503834_ref_NC_000913.3_ NODE_13_length_132617_cov_183.259_ID_12204
		Marking as insignificant: 2102835 2102948 | 1 114 | 114 114 | 100.0 | gi_556503834_ref_NC_000913.3_ NODE_13_length_132617_cov_183.259_ID_12204
		Marking as insignificant: 803322 803447 | 58984 58859 | 126 126 | 98.41 | gi_556503834_ref_NC_000913.3_ NODE_13_length_132617_cov_183.259_ID_12204
		Marking as insignificant: 596980 597107 | 58984 58857 | 128 128 | 99.22 | gi_556503834_ref_NC_000913.3_ NODE_13_length_132617_cov_183.259_ID_12204
		One align captures most of this contig: 2997638 3130254 | 132617 1 | 132617 132617 | 100.0 | gi_556503834_ref_NC_000913.3_ NODE_13_length_132617_cov_183.259_ID_12204

CONTIG: NODE_14_length_125608_cov_183.322_ID_12206 (125608bp)
Top Length: 125608  Top ID: 99.99
		Marking as insignificant: 4171866 4171965 | 1 100 | 100 100 | 100.0 | gi_556503834_ref_NC_000913.3_ NODE_14_length_125608_cov_183.322_ID_12206
		One align captures most of this contig: 4040746 4166353 | 1 125608 | 125608 125608 | 99.99 | gi_556503834_ref_NC_000913.3_ NODE_14_length_125608_cov_183.322_ID_12206

CONTIG: NODE_15_length_117617_cov_182.83_ID_12208 (117617bp)
Top Length: 117617  Top ID: 99.99
		Marking as insignificant: 3365556 3365627 | 72 1 | 72 72 | 100.0 | gi_556503834_ref_NC_000913.3_ NODE_15_length_117617_cov_182.83_ID_12208
		Marking as insignificant: 3131269 3131340 | 1 72 | 72 72 | 100.0 | gi_556503834_ref_NC_000913.3_ NODE_15_length_117617_cov_182.83_ID_12208
		Marking as insignificant: 1397167 1397238 | 1 72 | 72 72 | 100.0 | gi_556503834_ref_NC_000913.3_ NODE_15_length_117617_cov_182.83_ID_12208
		Marking as insignificant: 1300622 1300693 | 1 72 | 72 72 | 100.0 | gi_556503834_ref_NC_000913.3_ NODE_15_length_117617_cov_182.83_ID_12208
		Marking as insignificant: 687851 687922 | 72 1 | 72 72 | 100.0 | gi_556503834_ref_NC_000913.3_ NODE_15_length_117617_cov_182.83_ID_12208
		Marking as insignificant: 574591 574662 | 72 1 | 72 72 | 100.0 | gi_556503834_ref_NC_000913.3_ NODE_15_length_117617_cov_182.83_ID_12208
		Marking as insignificant: 273955 274026 | 72 1 | 72 72 | 100.0 | gi_556503834_ref_NC_000913.3_ NODE_15_length_117617_cov_182.83_ID_12208
		Marking as insignificant: 2101746 2101820 | 75 1 | 75 75 | 100.0 | gi_556503834_ref_NC_000913.3_ NODE_15_length_117617_cov_182.83_ID_12208
		Marking as insignificant: 3652029 3652107 | 79 1 | 79 79 | 97.47 | gi_556503834_ref_NC_000913.3_ NODE_15_length_117617_cov_182.83_ID_12208
		Marking as insignificant: 915027 915288 | 59615 59876 | 262 262 | 95.42 | gi_556503834_ref_NC_000913.3_ NODE_15_length_117617_cov_182.83_ID_12208
		One align captures most of this contig: 2171374 2288990 | 117617 1 | 117617 117617 | 99.99 | gi_556503834_ref_NC_000913.3_ NODE_15_length_117617_cov_182.83_ID_12208

CONTIG: NODE_16_length_112393_cov_182.699_ID_12210 (112393bp)
Top Length: 112393  Top ID: 100.0
		Marking as insignificant: 291297 291401 | 112393 112289 | 105 105 | 100.0 | gi_556503834_ref_NC_000913.3_ NODE_16_length_112393_cov_182.699_ID_12210
		Marking as insignificant: 279826 279930 | 112393 112289 | 105 105 | 100.0 | gi_556503834_ref_NC_000913.3_ NODE_16_length_112393_cov_182.699_ID_12210
		Marking as insignificant: 258571 258676 | 112393 112288 | 106 106 | 100.0 | gi_556503834_ref_NC_000913.3_ NODE_16_length_112393_cov_182.699_ID_12210
		Marking as insignificant: 20459 20564 | 112393 112288 | 106 106 | 100.0 | gi_556503834_ref_NC_000913.3_ NODE_16_length_112393_cov_182.699_ID_12210
		Marking as insignificant: 1979166 1979285 | 112393 112274 | 120 120 | 96.69 | gi_556503834_ref_NC_000913.3_ NODE_16_length_112393_cov_182.699_ID_12210
		One align captures most of this contig: 3471140 3583532 | 1 112393 | 112393 112393 | 100.0 | gi_556503834_ref_NC_000913.3_ NODE_16_length_112393_cov_182.699_ID_12210

CONTIG: NODE_17_length_95531_cov_183.81_ID_12212 (95531bp)
Top Length: 95531  Top ID: 100.0
		Marking as insignificant: 2288919 2288990 | 72 1 | 72 72 | 100.0 | gi_556503834_ref_NC_000913.3_ NODE_17_length_95531_cov_183.81_ID_12212
		Marking as insignificant: 2101745 2101820 | 76 1 | 76 76 | 98.68 | gi_556503834_ref_NC_000913.3_ NODE_17_length_95531_cov_183.81_ID_12212
		Marking as insignificant: 273951 274026 | 76 1 | 76 76 | 98.68 | gi_556503834_ref_NC_000913.3_ NODE_17_length_95531_cov_183.81_ID_12212
		Marking as insignificant: 3365552 3365627 | 76 1 | 76 76 | 100.0 | gi_556503834_ref_NC_000913.3_ NODE_17_length_95531_cov_183.81_ID_12212
		Marking as insignificant: 687847 687922 | 76 1 | 76 76 | 100.0 | gi_556503834_ref_NC_000913.3_ NODE_17_length_95531_cov_183.81_ID_12212
		Marking as insignificant: 574586 574662 | 77 1 | 77 77 | 100.0 | gi_556503834_ref_NC_000913.3_ NODE_17_length_95531_cov_183.81_ID_12212
		Marking as insignificant: 3652030 3652107 | 78 1 | 78 78 | 100.0 | gi_556503834_ref_NC_000913.3_ NODE_17_length_95531_cov_183.81_ID_12212
		Marking as insignificant: 3131269 3131346 | 1 78 | 78 78 | 100.0 | gi_556503834_ref_NC_000913.3_ NODE_17_length_95531_cov_183.81_ID_12212
		Marking as insignificant: 1397167 1397247 | 1 81 | 81 81 | 98.77 | gi_556503834_ref_NC_000913.3_ NODE_17_length_95531_cov_183.81_ID_12212
		Marking as insignificant: 2290005 2290113 | 95531 95423 | 109 109 | 100.0 | gi_556503834_ref_NC_000913.3_ NODE_17_length_95531_cov_183.81_ID_12212
		Marking as insignificant: 275041 275149 | 95531 95423 | 109 109 | 100.0 | gi_556503834_ref_NC_000913.3_ NODE_17_length_95531_cov_183.81_ID_12212
		Marking as insignificant: 3130143 3130254 | 95420 95531 | 112 112 | 100.0 | gi_556503834_ref_NC_000913.3_ NODE_17_length_95531_cov_183.81_ID_12212
		Marking as insignificant: 2102835 2102946 | 95531 95420 | 112 112 | 100.0 | gi_556503834_ref_NC_000913.3_ NODE_17_length_95531_cov_183.81_ID_12212
		Marking as insignificant: 3653122 3653234 | 95531 95419 | 113 113 | 100.0 | gi_556503834_ref_NC_000913.3_ NODE_17_length_95531_cov_183.81_ID_12212
		Marking as insignificant: 3366642 3366754 | 95531 95419 | 113 113 | 100.0 | gi_556503834_ref_NC_000913.3_ NODE_17_length_95531_cov_183.81_ID_12212
		Marking as insignificant: 575677 575789 | 95531 95419 | 113 113 | 100.0 | gi_556503834_ref_NC_000913.3_ NODE_17_length_95531_cov_183.81_ID_12212
		Marking as insignificant: 1299494 1299607 | 95418 95531 | 114 114 | 100.0 | gi_556503834_ref_NC_000913.3_ NODE_17_length_95531_cov_183.81_ID_12212
		Marking as insignificant: 688937 689053 | 95531 95415 | 117 117 | 99.15 | gi_556503834_ref_NC_000913.3_ NODE_17_length_95531_cov_183.81_ID_12212
		One align captures most of this contig: 1300622 1396152 | 1 95531 | 95531 95531 | 100.0 | gi_556503834_ref_NC_000913.3_ NODE_17_length_95531_cov_183.81_ID_12212

CONTIG: NODE_18_length_95009_cov_182.916_ID_12214 (95009bp)
Top Length: 95009  Top ID: 100.0
		Marking as insignificant: 3619192 3619399 | 94802 95009 | 208 208 | 98.08 | gi_556503834_ref_NC_000913.3_ NODE_18_length_95009_cov_182.916_ID_12214
		Marking as insignificant: 729465 729790 | 94685 95009 | 326 325 | 95.41 | gi_556503834_ref_NC_000913.3_ NODE_18_length_95009_cov_182.916_ID_12214
		One align captures most of this contig: 3667382 3762390 | 1 95009 | 95009 95009 | 100.0 | gi_556503834_ref_NC_000913.3_ NODE_18_length_95009_cov_182.916_ID_12214

CONTIG: NODE_19_length_88456_cov_182.153_ID_12216 (88456bp)
Top Length: 88456  Top ID: 100.0
		Marking as insignificant: 236931 237008 | 103 180 | 78 78 | 100.0 | gi_556503834_ref_NC_000913.3_ NODE_19_length_88456_cov_182.153_ID_12216
		Marking as insignificant: 4606079 4606166 | 35923 35836 | 88 88 | 100.0 | gi_556503834_ref_NC_000913.3_ NODE_19_length_88456_cov_182.153_ID_12216
		Marking as insignificant: 4606315 4606403 | 35923 35835 | 89 89 | 100.0 | gi_556503834_ref_NC_000913.3_ NODE_19_length_88456_cov_182.153_ID_12216
		Marking as insignificant: 228826 229005 | 1 180 | 180 180 | 100.0 | gi_556503834_ref_NC_000913.3_ NODE_19_length_88456_cov_182.153_ID_12216
		One align captures most of this contig: 3946770 4035225 | 1 88456 | 88456 88456 | 100.0 | gi_556503834_ref_NC_000913.3_ NODE_19_length_88456_cov_182.153_ID_12216

CONTIG: NODE_20_length_87065_cov_183.093_ID_12218 (87065bp)
Top Length: 87065  Top ID: 100.0
		Marking as insignificant: 4392583 4392658 | 12952 12877 | 76 76 | 100.0 | gi_556503834_ref_NC_000913.3_ NODE_20_length_87065_cov_183.093_ID_12218
		Marking as insignificant: 4392472 4392547 | 12952 12877 | 76 76 | 100.0 | gi_556503834_ref_NC_000913.3_ NODE_20_length_87065_cov_183.093_ID_12218
		Marking as insignificant: 4392360 4392435 | 12952 12877 | 76 76 | 100.0 | gi_556503834_ref_NC_000913.3_ NODE_20_length_87065_cov_183.093_ID_12218
		Marking as insignificant: 2059846 2059930 | 78942 78858 | 85 85 | 100.0 | gi_556503834_ref_NC_000913.3_ NODE_20_length_87065_cov_183.093_ID_12218
		Marking as insignificant: 2058023 2058107 | 80765 80681 | 85 85 | 100.0 | gi_556503834_ref_NC_000913.3_ NODE_20_length_87065_cov_183.093_ID_12218
		Marking as insignificant: 2062236 2062339 | 78961 78858 | 104 104 | 97.12 | gi_556503834_ref_NC_000913.3_ NODE_20_length_87065_cov_183.093_ID_12218
		Marking as insignificant: 2058023 2058126 | 83174 83071 | 104 104 | 97.12 | gi_556503834_ref_NC_000913.3_ NODE_20_length_87065_cov_183.093_ID_12218
		Marking as insignificant: 2058023 2058126 | 65463 65360 | 104 104 | 98.08 | gi_556503834_ref_NC_000913.3_ NODE_20_length_87065_cov_183.093_ID_12218
		Marking as insignificant: 2044525 2044628 | 78961 78858 | 104 104 | 98.08 | gi_556503834_ref_NC_000913.3_ NODE_20_length_87065_cov_183.093_ID_12218
		Marking as insignificant: 291297 291401 | 1 105 | 105 105 | 100.0 | gi_556503834_ref_NC_000913.3_ NODE_20_length_87065_cov_183.093_ID_12218
		Marking as insignificant: 279826 279930 | 1 105 | 105 105 | 100.0 | gi_556503834_ref_NC_000913.3_ NODE_20_length_87065_cov_183.093_ID_12218
		Marking as insignificant: 258571 258675 | 1 105 | 105 105 | 100.0 | gi_556503834_ref_NC_000913.3_ NODE_20_length_87065_cov_183.093_ID_12218
		Marking as insignificant: 20459 20563 | 1 105 | 105 105 | 100.0 | gi_556503834_ref_NC_000913.3_ NODE_20_length_87065_cov_183.093_ID_12218
		Marking as insignificant: 3583413 3583532 | 120 1 | 120 120 | 96.69 | gi_556503834_ref_NC_000913.3_ NODE_20_length_87065_cov_183.093_ID_12218
		One align captures most of this contig: 1979166 2066230 | 1 87065 | 87065 87065 | 100.0 | gi_556503834_ref_NC_000913.3_ NODE_20_length_87065_cov_183.093_ID_12218

CONTIG: NODE_21_length_78626_cov_181.334_ID_12220 (78626bp)
Top Length: 78626  Top ID: 100.0
		Marking as insignificant: 2288919 2288990 | 78555 78626 | 72 72 | 100.0 | gi_556503834_ref_NC_000913.3_ NODE_21_length_78626_cov_181.334_ID_12220
		Marking as insignificant: 2101745 2101820 | 78551 78626 | 76 76 | 98.68 | gi_556503834_ref_NC_000913.3_ NODE_21_length_78626_cov_181.334_ID_12220
		Marking as insignificant: 3652032 3652107 | 78551 78626 | 76 76 | 100.0 | gi_556503834_ref_NC_000913.3_ NODE_21_length_78626_cov_181.334_ID_12220
		Marking as insignificant: 3365552 3365627 | 78551 78626 | 76 76 | 100.0 | gi_556503834_ref_NC_000913.3_ NODE_21_length_78626_cov_181.334_ID_12220
		Marking as insignificant: 3131269 3131344 | 78626 78551 | 76 76 | 100.0 | gi_556503834_ref_NC_000913.3_ NODE_21_length_78626_cov_181.334_ID_12220
		Marking as insignificant: 1300622 1300697 | 78626 78551 | 76 76 | 100.0 | gi_556503834_ref_NC_000913.3_ NODE_21_length_78626_cov_181.334_ID_12220
		Marking as insignificant: 574587 574662 | 78551 78626 | 76 76 | 100.0 | gi_556503834_ref_NC_000913.3_ NODE_21_length_78626_cov_181.334_ID_12220
		Marking as insignificant: 1397167 1397243 | 78626 78550 | 77 77 | 100.0 | gi_556503834_ref_NC_000913.3_ NODE_21_length_78626_cov_181.334_ID_12220
		Marking as insignificant: 273948 274026 | 78548 78626 | 79 79 | 98.73 | gi_556503834_ref_NC_000913.3_ NODE_21_length_78626_cov_181.334_ID_12220
		One align captures most of this contig: 609297 687922 | 1 78626 | 78626 78626 | 100.0 | gi_556503834_ref_NC_000913.3_ NODE_21_length_78626_cov_181.334_ID_12220

CONTIG: NODE_22_length_67394_cov_184.628_ID_12222 (67394bp)
Top Length: 67394  Top ID: 100.0
		Marking as insignificant: 275041 275149 | 67394 67286 | 109 109 | 100.0 | gi_556503834_ref_NC_000913.3_ NODE_22_length_67394_cov_184.628_ID_12222
		Marking as insignificant: 3653122 3653233 | 67394 67283 | 112 112 | 100.0 | gi_556503834_ref_NC_000913.3_ NODE_22_length_67394_cov_184.628_ID_12222
		Marking as insignificant: 3366642 3366753 | 67394 67283 | 112 112 | 100.0 | gi_556503834_ref_NC_000913.3_ NODE_22_length_67394_cov_184.628_ID_12222
		Marking as insignificant: 1396041 1396152 | 67283 67394 | 112 112 | 100.0 | gi_556503834_ref_NC_000913.3_ NODE_22_length_67394_cov_184.628_ID_12222
		Marking as insignificant: 1299496 1299607 | 67283 67394 | 112 112 | 100.0 | gi_556503834_ref_NC_000913.3_ NODE_22_length_67394_cov_184.628_ID_12222
		Marking as insignificant: 688937 689048 | 67394 67283 | 112 112 | 100.0 | gi_556503834_ref_NC_000913.3_ NODE_22_length_67394_cov_184.628_ID_12222
		Marking as insignificant: 575677 575788 | 67394 67283 | 112 112 | 100.0 | gi_556503834_ref_NC_000913.3_ NODE_22_length_67394_cov_184.628_ID_12222
		Marking as insignificant: 2290005 2290117 | 67394 67282 | 113 113 | 99.12 | gi_556503834_ref_NC_000913.3_ NODE_22_length_67394_cov_184.628_ID_12222
		Marking as insignificant: 3130141 3130254 | 67281 67394 | 114 114 | 100.0 | gi_556503834_ref_NC_000913.3_ NODE_22_length_67394_cov_184.628_ID_12222
		One align captures most of this contig: 2102835 2170228 | 67394 1 | 67394 67394 | 100.0 | gi_556503834_ref_NC_000913.3_ NODE_22_length_67394_cov_184.628_ID_12222

CONTIG: NODE_23_length_65511_cov_192.429_ID_12224 (65511bp)
Top Length: 65511  Top ID: 99.99
		Marking as insignificant: 4498181 4498860 | 64832 65511 | 680 680 | 100.0 | gi_556503834_ref_NC_000913.3_ NODE_23_length_65511_cov_192.429_ID_12224
		Marking as insignificant: 2997012 2997691 | 65511 64832 | 680 680 | 100.0 | gi_556503834_ref_NC_000913.3_ NODE_23_length_65511_cov_192.429_ID_12224
		Marking as insignificant: 1468561 1469240 | 65511 64832 | 680 680 | 100.0 | gi_556503834_ref_NC_000913.3_ NODE_23_length_65511_cov_192.429_ID_12224
		Marking as insignificant: 2069592 2070273 | 65511 64830 | 682 682 | 100.0 | gi_556503834_ref_NC_000913.3_ NODE_23_length_65511_cov_192.429_ID_12224
		Marking as insignificant: 3186092 3186775 | 64828 65511 | 684 684 | 99.85 | gi_556503834_ref_NC_000913.3_ NODE_23_length_65511_cov_192.429_ID_12224
		One align captures most of this contig: 316429 381939 | 1 65511 | 65511 65511 | 99.99 | gi_556503834_ref_NC_000913.3_ NODE_23_length_65511_cov_192.429_ID_12224

CONTIG: NODE_24_length_60768_cov_181.669_ID_12226 (60768bp)
Top Length: 60768  Top ID: 100.0
		One align captures most of this contig: 1571847 1632614 | 1 60768 | 60768 60768 | 100.0 | gi_556503834_ref_NC_000913.3_ NODE_24_length_60768_cov_181.669_ID_12226

CONTIG: NODE_25_length_57777_cov_181.59_ID_12228 (57777bp)
Top Length: 57777  Top ID: 100.0
		One align captures most of this contig: 1470462 1528238 | 1 57777 | 57777 57777 | 100.0 | gi_556503834_ref_NC_000913.3_ NODE_25_length_57777_cov_181.59_ID_12228

CONTIG: NODE_26_length_54882_cov_181.975_ID_12230 (54882bp)
Top Length: 54882  Top ID: 100.0
		Marking as insignificant: 2288919 2288990 | 54811 54882 | 72 72 | 100.0 | gi_556503834_ref_NC_000913.3_ NODE_26_length_54882_cov_181.975_ID_12230
		Marking as insignificant: 2101745 2101820 | 54807 54882 | 76 76 | 98.68 | gi_556503834_ref_NC_000913.3_ NODE_26_length_54882_cov_181.975_ID_12230
		Marking as insignificant: 273951 274026 | 54807 54882 | 76 76 | 98.68 | gi_556503834_ref_NC_000913.3_ NODE_26_length_54882_cov_181.975_ID_12230
		Marking as insignificant: 3365552 3365627 | 54807 54882 | 76 76 | 100.0 | gi_556503834_ref_NC_000913.3_ NODE_26_length_54882_cov_181.975_ID_12230
		Marking as insignificant: 1397167 1397242 | 54882 54807 | 76 76 | 100.0 | gi_556503834_ref_NC_000913.3_ NODE_26_length_54882_cov_181.975_ID_12230
		Marking as insignificant: 687847 687922 | 54807 54882 | 76 76 | 100.0 | gi_556503834_ref_NC_000913.3_ NODE_26_length_54882_cov_181.975_ID_12230
		Marking as insignificant: 574586 574662 | 54806 54882 | 77 77 | 100.0 | gi_556503834_ref_NC_000913.3_ NODE_26_length_54882_cov_181.975_ID_12230
		Marking as insignificant: 3652030 3652107 | 54805 54882 | 78 78 | 100.0 | gi_556503834_ref_NC_000913.3_ NODE_26_length_54882_cov_181.975_ID_12230
		Marking as insignificant: 1300622 1300699 | 54882 54805 | 78 78 | 100.0 | gi_556503834_ref_NC_000913.3_ NODE_26_length_54882_cov_181.975_ID_12230
		One align captures most of this contig: 3131269 3186150 | 54882 1 | 54882 54882 | 100.0 | gi_556503834_ref_NC_000913.3_ NODE_26_length_54882_cov_181.975_ID_12230

CONTIG: NODE_27_length_43809_cov_182.039_ID_12232 (43809bp)
Top Length: 43809  Top ID: 100.0
		One align captures most of this contig: 1050491 1094299 | 1 43809 | 43809 43809 | 100.0 | gi_556503834_ref_NC_000913.3_ NODE_27_length_43809_cov_182.039_ID_12232

CONTIG: NODE_28_length_41605_cov_193.133_ID_12234 (41605bp)
Top Length: 41605  Top ID: 99.98
		Marking as insignificant: 239098 239377 | 3553 3832 | 280 280 | 97.86 | gi_556503834_ref_NC_000913.3_ NODE_28_length_41605_cov_193.133_ID_12234
		Marking as insignificant: 737972 738860 | 2577 3465 | 889 889 | 96.63 | gi_556503834_ref_NC_000913.3_ NODE_28_length_41605_cov_193.133_ID_12234
		Marking as insignificant: 736707 737971 | 2578 3843 | 1265 1266 | 96.37 | gi_556503834_ref_NC_000913.3_ NODE_28_length_41605_cov_193.133_ID_12234
		Marking as insignificant: 3624234 3625524 | 2553 3843 | 1291 1291 | 97.75 | gi_556503834_ref_NC_000913.3_ NODE_28_length_41605_cov_193.133_ID_12234
		One align captures most of this contig: 1529120 1570724 | 1 41605 | 41605 41605 | 99.98 | gi_556503834_ref_NC_000913.3_ NODE_28_length_41605_cov_193.133_ID_12234

CONTIG: NODE_29_length_41365_cov_183.618_ID_12236 (41365bp)
Top Length: 41365  Top ID: 100.0
		Marking as insignificant: 4207913 4208055 | 41221 41365 | 143 145 | 97.24 | gi_556503834_ref_NC_000913.3_ NODE_29_length_41365_cov_183.618_ID_12236
		Marking as insignificant: 223535 223679 | 41221 41365 | 145 145 | 99.31 | gi_556503834_ref_NC_000913.3_ NODE_29_length_41365_cov_183.618_ID_12236
		One align captures most of this contig: 3428854 3470218 | 41365 1 | 41365 41365 | 100.0 | gi_556503834_ref_NC_000913.3_ NODE_29_length_41365_cov_183.618_ID_12236

CONTIG: NODE_30_length_40854_cov_184.168_ID_12238 (40854bp)
Top Length: 40854  Top ID: 100.0
		Marking as insignificant: 2290005 2290113 | 1 109 | 109 109 | 100.0 | gi_556503834_ref_NC_000913.3_ NODE_30_length_40854_cov_184.168_ID_12238
		Marking as insignificant: 275041 275149 | 1 109 | 109 109 | 100.0 | gi_556503834_ref_NC_000913.3_ NODE_30_length_40854_cov_184.168_ID_12238
		Marking as insignificant: 3130143 3130254 | 112 1 | 112 112 | 100.0 | gi_556503834_ref_NC_000913.3_ NODE_30_length_40854_cov_184.168_ID_12238
		Marking as insignificant: 2102835 2102946 | 1 112 | 112 112 | 100.0 | gi_556503834_ref_NC_000913.3_ NODE_30_length_40854_cov_184.168_ID_12238
		Marking as insignificant: 3366642 3366754 | 1 113 | 113 113 | 100.0 | gi_556503834_ref_NC_000913.3_ NODE_30_length_40854_cov_184.168_ID_12238
		Marking as insignificant: 1299495 1299607 | 113 1 | 113 113 | 100.0 | gi_556503834_ref_NC_000913.3_ NODE_30_length_40854_cov_184.168_ID_12238
		Marking as insignificant: 575677 575789 | 1 113 | 113 113 | 100.0 | gi_556503834_ref_NC_000913.3_ NODE_30_length_40854_cov_184.168_ID_12238
		Marking as insignificant: 1396036 1396152 | 117 1 | 117 117 | 99.15 | gi_556503834_ref_NC_000913.3_ NODE_30_length_40854_cov_184.168_ID_12238
		Marking as insignificant: 3653122 3653240 | 1 119 | 119 119 | 99.16 | gi_556503834_ref_NC_000913.3_ NODE_30_length_40854_cov_184.168_ID_12238
		Marking as insignificant: 3762066 3762390 | 40529 40854 | 325 326 | 95.41 | gi_556503834_ref_NC_000913.3_ NODE_30_length_40854_cov_184.168_ID_12238
		One align captures most of this contig: 688937 729790 | 1 40854 | 40854 40854 | 100.0 | gi_556503834_ref_NC_000913.3_ NODE_30_length_40854_cov_184.168_ID_12238

CONTIG: NODE_31_length_40169_cov_184.109_ID_12240 (40169bp)
Top Length: 40169  Top ID: 100.0
		One align captures most of this contig: 526666 566834 | 1 40169 | 40169 40169 | 100.0 | gi_556503834_ref_NC_000913.3_ NODE_31_length_40169_cov_184.109_ID_12240

CONTIG: NODE_32_length_35259_cov_181.865_ID_12242 (35259bp)
Top Length: 35259  Top ID: 100.0
		Marking as insignificant: 3762183 3762390 | 35052 35259 | 208 208 | 98.08 | gi_556503834_ref_NC_000913.3_ NODE_32_length_35259_cov_181.865_ID_12242
		One align captures most of this contig: 3584141 3619399 | 1 35259 | 35259 35259 | 100.0 | gi_556503834_ref_NC_000913.3_ NODE_32_length_35259_cov_181.865_ID_12242

CONTIG: NODE_33_length_33283_cov_184.791_ID_12248 (33283bp)
Top Length: 33283  Top ID: 99.98
		One align captures most of this contig: 1434682 1467964 | 33283 1 | 33283 33283 | 99.98 | gi_556503834_ref_NC_000913.3_ NODE_33_length_33283_cov_184.791_ID_12248

CONTIG: NODE_34_length_32385_cov_195.068_ID_12250 (32385bp)
Top Length: 32385  Top ID: 99.95
		Marking as insignificant: 2290005 2290113 | 32385 32277 | 109 109 | 100.0 | gi_556503834_ref_NC_000913.3_ NODE_34_length_32385_cov_195.068_ID_12250
		Marking as insignificant: 275041 275149 | 32385 32277 | 109 109 | 100.0 | gi_556503834_ref_NC_000913.3_ NODE_34_length_32385_cov_195.068_ID_12250
		Marking as insignificant: 3130143 3130254 | 32274 32385 | 112 112 | 100.0 | gi_556503834_ref_NC_000913.3_ NODE_34_length_32385_cov_195.068_ID_12250
		Marking as insignificant: 2102835 2102946 | 32385 32274 | 112 112 | 100.0 | gi_556503834_ref_NC_000913.3_ NODE_34_length_32385_cov_195.068_ID_12250
		Marking as insignificant: 3653122 3653234 | 32385 32273 | 113 113 | 100.0 | gi_556503834_ref_NC_000913.3_ NODE_34_length_32385_cov_195.068_ID_12250
		Marking as insignificant: 1396040 1396152 | 32273 32385 | 113 113 | 100.0 | gi_556503834_ref_NC_000913.3_ NODE_34_length_32385_cov_195.068_ID_12250
		Marking as insignificant: 1299495 1299607 | 32273 32385 | 113 113 | 100.0 | gi_556503834_ref_NC_000913.3_ NODE_34_length_32385_cov_195.068_ID_12250
		Marking as insignificant: 688937 689049 | 32385 32273 | 113 113 | 100.0 | gi_556503834_ref_NC_000913.3_ NODE_34_length_32385_cov_195.068_ID_12250
		Marking as insignificant: 3366642 3366755 | 32385 32272 | 114 114 | 100.0 | gi_556503834_ref_NC_000913.3_ NODE_34_length_32385_cov_195.068_ID_12250
		Marking as insignificant: 3071271 3071398 | 11082 10955 | 128 128 | 99.22 | gi_556503834_ref_NC_000913.3_ NODE_34_length_32385_cov_195.068_ID_12250
		Marking as insignificant: 803320 803447 | 11084 10957 | 128 128 | 99.22 | gi_556503834_ref_NC_000913.3_ NODE_34_length_32385_cov_195.068_ID_12250
		Marking as insignificant: 1423200 1423569 | 29935 29566 | 370 370 | 96.76 | gi_556503834_ref_NC_000913.3_ NODE_34_length_32385_cov_195.068_ID_12250
		Marking as insignificant: 1432557 1432973 | 26403 25987 | 417 417 | 95.2 | gi_556503834_ref_NC_000913.3_ NODE_34_length_32385_cov_195.068_ID_12250
		Marking as insignificant: 1634323 1634739 | 25987 26403 | 417 417 | 95.44 | gi_556503834_ref_NC_000913.3_ NODE_34_length_32385_cov_195.068_ID_12250
		Marking as insignificant: 1635839 1636918 | 26700 27779 | 1080 1080 | 98.15 | gi_556503834_ref_NC_000913.3_ NODE_34_length_32385_cov_195.068_ID_12250
		One align captures most of this contig: 575677 608061 | 32385 1 | 32385 32385 | 99.95 | gi_556503834_ref_NC_000913.3_ NODE_34_length_32385_cov_195.068_ID_12250

CONTIG: NODE_35_length_31602_cov_182.979_ID_12252 (31602bp)
Top Length: 31602  Top ID: 100.0
		Marking as insignificant: 3652032 3652107 | 31527 31602 | 76 76 | 98.68 | gi_556503834_ref_NC_000913.3_ NODE_35_length_31602_cov_182.979_ID_12252
		Marking as insignificant: 3131269 3131344 | 31602 31527 | 76 76 | 98.68 | gi_556503834_ref_NC_000913.3_ NODE_35_length_31602_cov_182.979_ID_12252
		Marking as insignificant: 1397167 1397242 | 31602 31527 | 76 76 | 98.68 | gi_556503834_ref_NC_000913.3_ NODE_35_length_31602_cov_182.979_ID_12252
		Marking as insignificant: 1300622 1300697 | 31602 31527 | 76 76 | 98.68 | gi_556503834_ref_NC_000913.3_ NODE_35_length_31602_cov_182.979_ID_12252
		Marking as insignificant: 687847 687922 | 31527 31602 | 76 76 | 98.68 | gi_556503834_ref_NC_000913.3_ NODE_35_length_31602_cov_182.979_ID_12252
		Marking as insignificant: 574587 574662 | 31527 31602 | 76 76 | 98.68 | gi_556503834_ref_NC_000913.3_ NODE_35_length_31602_cov_182.979_ID_12252
		Marking as insignificant: 273951 274026 | 31527 31602 | 76 76 | 98.68 | gi_556503834_ref_NC_000913.3_ NODE_35_length_31602_cov_182.979_ID_12252
		Marking as insignificant: 2288916 2288990 | 31528 31602 | 75 75 | 100.0 | gi_556503834_ref_NC_000913.3_ NODE_35_length_31602_cov_182.979_ID_12252
		Marking as insignificant: 3365551 3365627 | 31526 31602 | 77 77 | 98.7 | gi_556503834_ref_NC_000913.3_ NODE_35_length_31602_cov_182.979_ID_12252
		One align captures most of this contig: 2070219 2101820 | 1 31602 | 31602 31602 | 100.0 | gi_556503834_ref_NC_000913.3_ NODE_35_length_31602_cov_182.979_ID_12252

CONTIG: NODE_36_length_31005_cov_181.591_ID_12254 (31005bp)
Top Length: 31005  Top ID: 100.0
		One align captures most of this contig: 3392309 3423313 | 1 31005 | 31005 31005 | 100.0 | gi_556503834_ref_NC_000913.3_ NODE_36_length_31005_cov_181.591_ID_12254

CONTIG: NODE_37_length_31003_cov_183.253_ID_12256 (31003bp)
Top Length: 31003  Top ID: 99.99
		Marking as insignificant: 3428854 3428998 | 1 145 | 145 145 | 99.31 | gi_556503834_ref_NC_000913.3_ NODE_37_length_31003_cov_183.253_ID_12256
		Marking as insignificant: 223465 223679 | 215 1 | 215 215 | 100.0 | gi_556503834_ref_NC_000913.3_ NODE_37_length_31003_cov_183.253_ID_12256
		One align captures most of this contig: 4177055 4208055 | 31003 1 | 31001 31003 | 99.99 | gi_556503834_ref_NC_000913.3_ NODE_37_length_31003_cov_183.253_ID_12256

CONTIG: NODE_38_length_30883_cov_185.116_ID_12246 (30883bp)
Top Length: 30883  Top ID: 100.0
		Marking as insignificant: 2288919 2288990 | 30812 30883 | 72 72 | 100.0 | gi_556503834_ref_NC_000913.3_ NODE_38_length_30883_cov_185.116_ID_12246
		Marking as insignificant: 2101745 2101820 | 30808 30883 | 76 76 | 98.68 | gi_556503834_ref_NC_000913.3_ NODE_38_length_30883_cov_185.116_ID_12246
		Marking as insignificant: 273950 274026 | 30807 30883 | 77 77 | 98.7 | gi_556503834_ref_NC_000913.3_ NODE_38_length_30883_cov_185.116_ID_12246
		Marking as insignificant: 3652032 3652107 | 30808 30883 | 76 76 | 100.0 | gi_556503834_ref_NC_000913.3_ NODE_38_length_30883_cov_185.116_ID_12246
		Marking as insignificant: 3365552 3365627 | 30808 30883 | 76 76 | 100.0 | gi_556503834_ref_NC_000913.3_ NODE_38_length_30883_cov_185.116_ID_12246
		Marking as insignificant: 3131269 3131344 | 30883 30808 | 76 76 | 100.0 | gi_556503834_ref_NC_000913.3_ NODE_38_length_30883_cov_185.116_ID_12246
		Marking as insignificant: 574587 574662 | 30808 30883 | 76 76 | 100.0 | gi_556503834_ref_NC_000913.3_ NODE_38_length_30883_cov_185.116_ID_12246
		Marking as insignificant: 687846 687922 | 30807 30883 | 77 77 | 100.0 | gi_556503834_ref_NC_000913.3_ NODE_38_length_30883_cov_185.116_ID_12246
		Marking as insignificant: 1300622 1300702 | 30883 30803 | 81 81 | 98.77 | gi_556503834_ref_NC_000913.3_ NODE_38_length_30883_cov_185.116_ID_12246
		Marking as insignificant: 578127 578496 | 4850 4481 | 370 370 | 96.49 | gi_556503834_ref_NC_000913.3_ NODE_38_length_30883_cov_185.116_ID_12246
		One align captures most of this contig: 1397167 1428049 | 30883 1 | 30883 30883 | 100.0 | gi_556503834_ref_NC_000913.3_ NODE_38_length_30883_cov_185.116_ID_12246

CONTIG: NODE_39_length_29331_cov_201.606_ID_12258 (29331bp)
Top Length: 29331  Top ID: 99.95
		Marking as insignificant: 2101745 2101820 | 76 1 | 76 76 | 98.68 | gi_556503834_ref_NC_000913.3_ NODE_39_length_29331_cov_201.606_ID_12258
		Marking as insignificant: 273951 274026 | 76 1 | 76 76 | 98.68 | gi_556503834_ref_NC_000913.3_ NODE_39_length_29331_cov_201.606_ID_12258
		Marking as insignificant: 3365552 3365627 | 76 1 | 76 76 | 100.0 | gi_556503834_ref_NC_000913.3_ NODE_39_length_29331_cov_201.606_ID_12258
		Marking as insignificant: 1397167 1397242 | 1 76 | 76 76 | 100.0 | gi_556503834_ref_NC_000913.3_ NODE_39_length_29331_cov_201.606_ID_12258
		Marking as insignificant: 687847 687922 | 76 1 | 76 76 | 100.0 | gi_556503834_ref_NC_000913.3_ NODE_39_length_29331_cov_201.606_ID_12258
		Marking as insignificant: 574586 574662 | 77 1 | 77 77 | 100.0 | gi_556503834_ref_NC_000913.3_ NODE_39_length_29331_cov_201.606_ID_12258
		Marking as insignificant: 2288912 2288990 | 79 1 | 79 79 | 97.47 | gi_556503834_ref_NC_000913.3_ NODE_39_length_29331_cov_201.606_ID_12258
		Marking as insignificant: 3131269 3131346 | 1 78 | 78 78 | 100.0 | gi_556503834_ref_NC_000913.3_ NODE_39_length_29331_cov_201.606_ID_12258
		Marking as insignificant: 1300622 1300699 | 1 78 | 78 78 | 100.0 | gi_556503834_ref_NC_000913.3_ NODE_39_length_29331_cov_201.606_ID_12258
		Marking as insignificant: 3766285 3766683 | 28273 27875 | 399 399 | 97.24 | gi_556503834_ref_NC_000913.3_ NODE_39_length_29331_cov_201.606_ID_12258
		Marking as insignificant: 737972 738860 | 27850 26962 | 889 889 | 96.74 | gi_556503834_ref_NC_000913.3_ NODE_39_length_29331_cov_201.606_ID_12258
		Marking as insignificant: 736681 737971 | 27875 26584 | 1291 1292 | 96.29 | gi_556503834_ref_NC_000913.3_ NODE_39_length_29331_cov_201.606_ID_12258
		Marking as insignificant: 1531672 1532962 | 27874 26584 | 1291 1291 | 98.14 | gi_556503834_ref_NC_000913.3_ NODE_39_length_29331_cov_201.606_ID_12258
		One align captures most of this contig: 3622777 3652107 | 29331 1 | 29331 29331 | 99.95 | gi_556503834_ref_NC_000913.3_ NODE_39_length_29331_cov_201.606_ID_12258

CONTIG: NODE_40_length_29137_cov_187.738_ID_12260 (29137bp)
Top Length: 29137  Top ID: 99.98
		Marking as insignificant: 3946872 3946949 | 8106 8183 | 78 78 | 100.0 | gi_556503834_ref_NC_000913.3_ NODE_40_length_29137_cov_187.738_ID_12260
		Marking as insignificant: 3946770 3946949 | 1 180 | 180 180 | 100.0 | gi_556503834_ref_NC_000913.3_ NODE_40_length_29137_cov_187.738_ID_12260
		Marking as insignificant: 737681 737960 | 10273 10552 | 280 280 | 96.79 | gi_556503834_ref_NC_000913.3_ NODE_40_length_29137_cov_187.738_ID_12260
		Marking as insignificant: 3625234 3625513 | 10273 10552 | 280 280 | 97.86 | gi_556503834_ref_NC_000913.3_ NODE_40_length_29137_cov_187.738_ID_12260
		Marking as insignificant: 1532672 1532951 | 10273 10552 | 280 280 | 99.64 | gi_556503834_ref_NC_000913.3_ NODE_40_length_29137_cov_187.738_ID_12260
		One align captures most of this contig: 228826 257962 | 1 29137 | 29137 29137 | 99.98 | gi_556503834_ref_NC_000913.3_ NODE_40_length_29137_cov_187.738_ID_12260

CONTIG: NODE_41_length_25583_cov_184.19_ID_12262 (25583bp)
Top Length: 25583  Top ID: 100.0
		Marking as insignificant: 2290005 2290113 | 1 109 | 109 109 | 100.0 | gi_556503834_ref_NC_000913.3_ NODE_41_length_25583_cov_184.19_ID_12262
		Marking as insignificant: 275041 275149 | 1 109 | 109 109 | 100.0 | gi_556503834_ref_NC_000913.3_ NODE_41_length_25583_cov_184.19_ID_12262
		Marking as insignificant: 3130143 3130254 | 112 1 | 112 112 | 100.0 | gi_556503834_ref_NC_000913.3_ NODE_41_length_25583_cov_184.19_ID_12262
		Marking as insignificant: 2102835 2102946 | 1 112 | 112 112 | 100.0 | gi_556503834_ref_NC_000913.3_ NODE_41_length_25583_cov_184.19_ID_12262
		Marking as insignificant: 3653122 3653234 | 1 113 | 113 113 | 100.0 | gi_556503834_ref_NC_000913.3_ NODE_41_length_25583_cov_184.19_ID_12262
		Marking as insignificant: 1396040 1396152 | 113 1 | 113 113 | 100.0 | gi_556503834_ref_NC_000913.3_ NODE_41_length_25583_cov_184.19_ID_12262
		Marking as insignificant: 688937 689049 | 1 113 | 113 113 | 100.0 | gi_556503834_ref_NC_000913.3_ NODE_41_length_25583_cov_184.19_ID_12262
		Marking as insignificant: 575677 575790 | 1 114 | 114 114 | 100.0 | gi_556503834_ref_NC_000913.3_ NODE_41_length_25583_cov_184.19_ID_12262
		Marking as insignificant: 1299490 1299607 | 118 1 | 118 118 | 99.15 | gi_556503834_ref_NC_000913.3_ NODE_41_length_25583_cov_184.19_ID_12262
		One align captures most of this contig: 3366642 3392224 | 1 25583 | 25583 25583 | 100.0 | gi_556503834_ref_NC_000913.3_ NODE_41_length_25583_cov_184.19_ID_12262

CONTIG: NODE_42_length_23987_cov_182.3_ID_12264 (23987bp)
Top Length: 23987  Top ID: 100.0
		Marking as insignificant: 3583428 3583532 | 105 1 | 105 105 | 100.0 | gi_556503834_ref_NC_000913.3_ NODE_42_length_23987_cov_182.3_ID_12264
		Marking as insignificant: 1979166 1979270 | 1 105 | 105 105 | 100.0 | gi_556503834_ref_NC_000913.3_ NODE_42_length_23987_cov_182.3_ID_12264
		Marking as insignificant: 258571 258675 | 1 105 | 105 105 | 100.0 | gi_556503834_ref_NC_000913.3_ NODE_42_length_23987_cov_182.3_ID_12264
		Marking as insignificant: 20459 20563 | 1 105 | 105 105 | 100.0 | gi_556503834_ref_NC_000913.3_ NODE_42_length_23987_cov_182.3_ID_12264
		Marking as insignificant: 279826 279932 | 1 107 | 107 107 | 100.0 | gi_556503834_ref_NC_000913.3_ NODE_42_length_23987_cov_182.3_ID_12264
		One align captures most of this contig: 291297 315283 | 1 23987 | 23987 23987 | 100.0 | gi_556503834_ref_NC_000913.3_ NODE_42_length_23987_cov_182.3_ID_12264

CONTIG: NODE_43_length_15930_cov_193.277_ID_12266 (15930bp)
Top Length: 15930  Top ID: 99.92
		Marking as insignificant: 580283 581362 | 13980 15059 | 1080 1080 | 98.33 | gi_556503834_ref_NC_000913.3_ NODE_43_length_15930_cov_193.277_ID_12266
		One align captures most of this contig: 1634968 1650897 | 15930 1 | 15930 15930 | 99.92 | gi_556503834_ref_NC_000913.3_ NODE_43_length_15930_cov_193.277_ID_12266

CONTIG: NODE_44_length_15441_cov_180.023_ID_12268 (15441bp)
Top Length: 15441  Top ID: 100.0
		One align captures most of this contig: 1 15441 | 1 15441 | 15441 15441 | 100.0 | gi_556503834_ref_NC_000913.3_ NODE_44_length_15441_cov_180.023_ID_12268

CONTIG: NODE_45_length_13138_cov_188.295_ID_12270 (13138bp)
Top Length: 13138  Top ID: 100.0
		Marking as insignificant: 2290005 2290113 | 13138 13030 | 109 109 | 100.0 | gi_556503834_ref_NC_000913.3_ NODE_45_length_13138_cov_188.295_ID_12270
		Marking as insignificant: 275041 275149 | 13138 13030 | 109 109 | 100.0 | gi_556503834_ref_NC_000913.3_ NODE_45_length_13138_cov_188.295_ID_12270
		Marking as insignificant: 3130143 3130254 | 13027 13138 | 112 112 | 100.0 | gi_556503834_ref_NC_000913.3_ NODE_45_length_13138_cov_188.295_ID_12270
		Marking as insignificant: 2102835 2102946 | 13138 13027 | 112 112 | 100.0 | gi_556503834_ref_NC_000913.3_ NODE_45_length_13138_cov_188.295_ID_12270
		Marking as insignificant: 3366642 3366754 | 13138 13026 | 113 113 | 100.0 | gi_556503834_ref_NC_000913.3_ NODE_45_length_13138_cov_188.295_ID_12270
		Marking as insignificant: 1396040 1396152 | 13026 13138 | 113 113 | 100.0 | gi_556503834_ref_NC_000913.3_ NODE_45_length_13138_cov_188.295_ID_12270
		Marking as insignificant: 1299495 1299607 | 13026 13138 | 113 113 | 100.0 | gi_556503834_ref_NC_000913.3_ NODE_45_length_13138_cov_188.295_ID_12270
		Marking as insignificant: 575677 575789 | 13138 13026 | 113 113 | 100.0 | gi_556503834_ref_NC_000913.3_ NODE_45_length_13138_cov_188.295_ID_12270
		Marking as insignificant: 688937 689055 | 13138 13020 | 119 119 | 99.16 | gi_556503834_ref_NC_000913.3_ NODE_45_length_13138_cov_188.295_ID_12270
		One align captures most of this contig: 3653122 3666259 | 13138 1 | 13138 13138 | 100.0 | gi_556503834_ref_NC_000913.3_ NODE_45_length_13138_cov_188.295_ID_12270

CONTIG: NODE_46_length_12025_cov_184.151_ID_12272 (12025bp)
Top Length: 12025  Top ID: 99.98
		Marking as insignificant: 1979166 1979270 | 1 105 | 105 105 | 100.0 | gi_556503834_ref_NC_000913.3_ NODE_46_length_12025_cov_184.151_ID_12272
		Marking as insignificant: 291297 291401 | 1 105 | 105 105 | 100.0 | gi_556503834_ref_NC_000913.3_ NODE_46_length_12025_cov_184.151_ID_12272
		Marking as insignificant: 279826 279930 | 1 105 | 105 105 | 100.0 | gi_556503834_ref_NC_000913.3_ NODE_46_length_12025_cov_184.151_ID_12272
		Marking as insignificant: 3583427 3583532 | 106 1 | 106 106 | 100.0 | gi_556503834_ref_NC_000913.3_ NODE_46_length_12025_cov_184.151_ID_12272
		Marking as insignificant: 20459 20564 | 1 106 | 106 106 | 100.0 | gi_556503834_ref_NC_000913.3_ NODE_46_length_12025_cov_184.151_ID_12272
		One align captures most of this contig: 258571 270595 | 1 12025 | 12025 12025 | 99.98 | gi_556503834_ref_NC_000913.3_ NODE_46_length_12025_cov_184.151_ID_12272

CONTIG: NODE_47_length_10670_cov_193.48_ID_12274 (10670bp)
Top Length: 10670  Top ID: 100.0
		Marking as insignificant: 3583428 3583532 | 105 1 | 105 105 | 100.0 | gi_556503834_ref_NC_000913.3_ NODE_47_length_10670_cov_193.48_ID_12274
		Marking as insignificant: 1979166 1979270 | 1 105 | 105 105 | 100.0 | gi_556503834_ref_NC_000913.3_ NODE_47_length_10670_cov_193.48_ID_12274
		Marking as insignificant: 258571 258675 | 1 105 | 105 105 | 100.0 | gi_556503834_ref_NC_000913.3_ NODE_47_length_10670_cov_193.48_ID_12274
		Marking as insignificant: 20459 20563 | 1 105 | 105 105 | 100.0 | gi_556503834_ref_NC_000913.3_ NODE_47_length_10670_cov_193.48_ID_12274
		Marking as insignificant: 291297 291403 | 1 107 | 107 107 | 100.0 | gi_556503834_ref_NC_000913.3_ NODE_47_length_10670_cov_193.48_ID_12274
		Marking as insignificant: 271581 271761 | 106 286 | 181 181 | 99.45 | gi_556503834_ref_NC_000913.3_ NODE_47_length_10670_cov_193.48_ID_12274
		Marking as insignificant: 1470336 1470516 | 106 286 | 181 181 | 100.0 | gi_556503834_ref_NC_000913.3_ NODE_47_length_10670_cov_193.48_ID_12274
		Marking as insignificant: 4507443 4507639 | 303 106 | 197 198 | 98.48 | gi_556503834_ref_NC_000913.3_ NODE_47_length_10670_cov_193.48_ID_12274
		One align captures most of this contig: 279826 290495 | 1 10670 | 10670 10670 | 100.0 | gi_556503834_ref_NC_000913.3_ NODE_47_length_10670_cov_193.48_ID_12274

CONTIG: NODE_48_length_9228_cov_179.096_ID_12276 (9228bp)
Top Length: 9228  Top ID: 100.0
		One align captures most of this contig: 382536 391763 | 1 9228 | 9228 9228 | 100.0 | gi_556503834_ref_NC_000913.3_ NODE_48_length_9228_cov_179.096_ID_12276

CONTIG: NODE_49_length_8057_cov_179.968_ID_12278 (8057bp)
Top Length: 8057  Top ID: 100.0
		One align captures most of this contig: 4499457 4507513 | 8057 1 | 8057 8057 | 100.0 | gi_556503834_ref_NC_000913.3_ NODE_49_length_8057_cov_179.968_ID_12278

CONTIG: NODE_50_length_6683_cov_180.363_ID_12280 (6683bp)
Top Length: 6683  Top ID: 100.0
		Marking as insignificant: 2288919 2288990 | 72 1 | 72 72 | 100.0 | gi_556503834_ref_NC_000913.3_ NODE_50_length_6683_cov_180.363_ID_12280
		Marking as insignificant: 2101745 2101820 | 76 1 | 76 76 | 98.68 | gi_556503834_ref_NC_000913.3_ NODE_50_length_6683_cov_180.363_ID_12280
		Marking as insignificant: 273951 274026 | 76 1 | 76 76 | 98.68 | gi_556503834_ref_NC_000913.3_ NODE_50_length_6683_cov_180.363_ID_12280
		Marking as insignificant: 3365552 3365627 | 76 1 | 76 76 | 100.0 | gi_556503834_ref_NC_000913.3_ NODE_50_length_6683_cov_180.363_ID_12280
		Marking as insignificant: 1397167 1397242 | 1 76 | 76 76 | 100.0 | gi_556503834_ref_NC_000913.3_ NODE_50_length_6683_cov_180.363_ID_12280
		Marking as insignificant: 687847 687922 | 76 1 | 76 76 | 100.0 | gi_556503834_ref_NC_000913.3_ NODE_50_length_6683_cov_180.363_ID_12280
		Marking as insignificant: 3652031 3652107 | 77 1 | 77 77 | 100.0 | gi_556503834_ref_NC_000913.3_ NODE_50_length_6683_cov_180.363_ID_12280
		Marking as insignificant: 3131269 3131345 | 1 77 | 77 77 | 100.0 | gi_556503834_ref_NC_000913.3_ NODE_50_length_6683_cov_180.363_ID_12280
		Marking as insignificant: 1300622 1300698 | 1 77 | 77 77 | 100.0 | gi_556503834_ref_NC_000913.3_ NODE_50_length_6683_cov_180.363_ID_12280
		One align captures most of this contig: 567980 574662 | 6683 1 | 6683 6683 | 100.0 | gi_556503834_ref_NC_000913.3_ NODE_50_length_6683_cov_180.363_ID_12280

CONTIG: NODE_51_length_4427_cov_192.954_ID_12282 (4427bp)
Top Length: 4427  Top ID: 100.0
		Marking as insignificant: 4040587 4040845 | 4427 4169 | 259 259 | 99.23 | gi_556503834_ref_NC_000913.3_ NODE_51_length_4427_cov_192.954_ID_12282
		One align captures most of this contig: 4171707 4176133 | 4427 1 | 4427 4427 | 100.0 | gi_556503834_ref_NC_000913.3_ NODE_51_length_4427_cov_192.954_ID_12282

CONTIG: NODE_52_length_4177_cov_201.828_ID_12284 (4177bp)
Top Length: 4177  Top ID: 100.0
		Marking as insignificant: 3653122 3653230 | 1 109 | 109 109 | 100.0 | gi_556503834_ref_NC_000913.3_ NODE_52_length_4177_cov_201.828_ID_12284
		Marking as insignificant: 3366642 3366750 | 1 109 | 109 109 | 100.0 | gi_556503834_ref_NC_000913.3_ NODE_52_length_4177_cov_201.828_ID_12284
		Marking as insignificant: 3130146 3130254 | 109 1 | 109 109 | 100.0 | gi_556503834_ref_NC_000913.3_ NODE_52_length_4177_cov_201.828_ID_12284
		Marking as insignificant: 2290005 2290113 | 1 109 | 109 109 | 100.0 | gi_556503834_ref_NC_000913.3_ NODE_52_length_4177_cov_201.828_ID_12284
		Marking as insignificant: 2102835 2102943 | 1 109 | 109 109 | 100.0 | gi_556503834_ref_NC_000913.3_ NODE_52_length_4177_cov_201.828_ID_12284
		Marking as insignificant: 1396044 1396152 | 109 1 | 109 109 | 100.0 | gi_556503834_ref_NC_000913.3_ NODE_52_length_4177_cov_201.828_ID_12284
		Marking as insignificant: 1299499 1299607 | 109 1 | 109 109 | 100.0 | gi_556503834_ref_NC_000913.3_ NODE_52_length_4177_cov_201.828_ID_12284
		Marking as insignificant: 688937 689045 | 1 109 | 109 109 | 100.0 | gi_556503834_ref_NC_000913.3_ NODE_52_length_4177_cov_201.828_ID_12284
		Marking as insignificant: 575677 575785 | 1 109 | 109 109 | 100.0 | gi_556503834_ref_NC_000913.3_ NODE_52_length_4177_cov_201.828_ID_12284
		One align captures most of this contig: 275041 279217 | 1 4177 | 4177 4177 | 100.0 | gi_556503834_ref_NC_000913.3_ NODE_52_length_4177_cov_201.828_ID_12284

CONTIG: NODE_53_length_4112_cov_184.062_ID_12244 (4112bp)
Top Length: 4112  Top ID: 100.0
		One align captures most of this contig: 1428217 1432328 | 4112 1 | 4112 4112 | 100.0 | gi_556503834_ref_NC_000913.3_ NODE_53_length_4112_cov_184.062_ID_12244

CONTIG: NODE_54_length_3487_cov_592.795_ID_12286 (3487bp)
Top Length: 3487  Top ID: 99.68
		Marking as insignificant: 3767197 3767575 | 380 1 | 379 380 | 96.32 | gi_556503834_ref_NC_000913.3_ NODE_54_length_3487_cov_592.795_ID_12286
		Marking as insignificant: 734148 735093 | 946 1 | 946 946 | 98.94 | gi_556503834_ref_NC_000913.3_ NODE_54_length_3487_cov_592.795_ID_12286
		Marking as insignificant: 729736 733222 | 3487 1 | 3487 3487 | 97.51 | gi_556503834_ref_NC_000913.3_ NODE_54_length_3487_cov_592.795_ID_12286
		This contig has 2 significant alignments. [An ambiguously mapped contig]
		Using only first of these alignment (option --ambiguity-usage is set to "one"):
		Alignment: 3619345 3622831 | 3487 1 | 3487 3487 | 99.68 | gi_556503834_ref_NC_000913.3_ NODE_54_length_3487_cov_592.795_ID_12286
		Skipping alignment  3762336 3765822 | 3487 1 | 3487 3487 | 99.57 | gi_556503834_ref_NC_000913.3_ NODE_54_length_3487_cov_592.795_ID_12286

CONTIG: NODE_55_length_3174_cov_178.477_ID_12288 (3174bp)
Top Length: 3174  Top ID: 100.0
		One align captures most of this contig: 16677 19850 | 3174 1 | 3174 3174 | 100.0 | gi_556503834_ref_NC_000913.3_ NODE_55_length_3174_cov_178.477_ID_12288

CONTIG: NODE_56_length_3141_cov_1269.62_ID_12290 (3141bp)
Top Length: 3141  Top ID: 99.75
		Marking as insignificant: 3423418 3423548 | 1 131 | 131 131 | 98.47 | gi_556503834_ref_NC_000913.3_ NODE_56_length_3141_cov_1269.62_ID_12290
		This contig has 7 significant alignments. [An ambiguously mapped contig]
		Using only first of these alignment (option --ambiguity-usage is set to "one"):
		Alignment: 225739 228880 | 3141 1 | 3142 3141 | 99.75 | gi_556503834_ref_NC_000913.3_ NODE_56_length_3141_cov_1269.62_ID_12290
		Skipping alignment  3423663 3426803 | 1 3141 | 3141 3141 | 99.75 | gi_556503834_ref_NC_000913.3_ NODE_56_length_3141_cov_1269.62_ID_12290
		Skipping alignment  3943684 3946824 | 3141 1 | 3141 3141 | 99.68 | gi_556503834_ref_NC_000913.3_ NODE_56_length_3141_cov_1269.62_ID_12290
		Skipping alignment  4037499 4040641 | 3141 1 | 3143 3141 | 99.68 | gi_556503834_ref_NC_000913.3_ NODE_56_length_3141_cov_1269.62_ID_12290
		Skipping alignment  4210023 4213164 | 3141 1 | 3142 3141 | 99.68 | gi_556503834_ref_NC_000913.3_ NODE_56_length_3141_cov_1269.62_ID_12290
		Skipping alignment  4168621 4171761 | 3141 1 | 3141 3141 | 99.62 | gi_556503834_ref_NC_000913.3_ NODE_56_length_3141_cov_1269.62_ID_12290
		Skipping alignment  2726064 2729204 | 1 3141 | 3141 3141 | 99.59 | gi_556503834_ref_NC_000913.3_ NODE_56_length_3141_cov_1269.62_ID_12290

CONTIG: NODE_57_length_2463_cov_382.355_ID_12292 (2463bp)
Top Length: 2463  Top ID: 99.76
		This contig has 2 significant alignments. [An ambiguously mapped contig]
		Using only first of these alignment (option --ambiguity-usage is set to "one"):
		Alignment: 1632560 1635022 | 1 2463 | 2463 2463 | 99.76 | gi_556503834_ref_NC_000913.3_ NODE_57_length_2463_cov_382.355_ID_12292
		Skipping alignment  1432274 1434736 | 2463 1 | 2463 2463 | 99.68 | gi_556503834_ref_NC_000913.3_ NODE_57_length_2463_cov_382.355_ID_12292

CONTIG: NODE_58_length_2320_cov_197.533_ID_12294 (2320bp)
Top Length: 2320  Top ID: 100.0
		Marking as insignificant: 2288919 2288990 | 72 1 | 72 72 | 100.0 | gi_556503834_ref_NC_000913.3_ NODE_58_length_2320_cov_197.533_ID_12294
		Marking as insignificant: 3652032 3652107 | 76 1 | 76 76 | 98.68 | gi_556503834_ref_NC_000913.3_ NODE_58_length_2320_cov_197.533_ID_12294
		Marking as insignificant: 3365552 3365627 | 76 1 | 76 76 | 98.68 | gi_556503834_ref_NC_000913.3_ NODE_58_length_2320_cov_197.533_ID_12294
		Marking as insignificant: 3131269 3131344 | 1 76 | 76 76 | 98.68 | gi_556503834_ref_NC_000913.3_ NODE_58_length_2320_cov_197.533_ID_12294
		Marking as insignificant: 2101745 2101820 | 76 1 | 76 76 | 98.68 | gi_556503834_ref_NC_000913.3_ NODE_58_length_2320_cov_197.533_ID_12294
		Marking as insignificant: 1300622 1300697 | 1 76 | 76 76 | 98.68 | gi_556503834_ref_NC_000913.3_ NODE_58_length_2320_cov_197.533_ID_12294
		Marking as insignificant: 574587 574662 | 76 1 | 76 76 | 98.68 | gi_556503834_ref_NC_000913.3_ NODE_58_length_2320_cov_197.533_ID_12294
		Marking as insignificant: 1397167 1397243 | 1 77 | 77 77 | 98.7 | gi_556503834_ref_NC_000913.3_ NODE_58_length_2320_cov_197.533_ID_12294
		Marking as insignificant: 687844 687922 | 79 1 | 79 79 | 98.73 | gi_556503834_ref_NC_000913.3_ NODE_58_length_2320_cov_197.533_ID_12294
		One align captures most of this contig: 271707 274026 | 2320 1 | 2320 2320 | 100.0 | gi_556503834_ref_NC_000913.3_ NODE_58_length_2320_cov_197.533_ID_12294

CONTIG: NODE_59_length_1751_cov_183.869_ID_12296 (1751bp)
Top Length: 1751  Top ID: 100.0
		One align captures most of this contig: 2067245 2068995 | 1 1751 | 1751 1751 | 100.0 | gi_556503834_ref_NC_000913.3_ NODE_59_length_1751_cov_183.869_ID_12296

CONTIG: NODE_60_length_1702_cov_1269.94_ID_12298 (1702bp)
Top Length: 1702  Top ID: 100.0
		This contig has 7 significant alignments. [An ambiguously mapped contig]
		Using only first of these alignment (option --ambiguity-usage is set to "one"):
		Alignment: 4208001 4209702 | 1 1702 | 1702 1702 | 100.0 | gi_556503834_ref_NC_000913.3_ NODE_60_length_1702_cov_1269.94_ID_12298
		Skipping alignment  4166513 4168214 | 1 1702 | 1702 1702 | 99.94 | gi_556503834_ref_NC_000913.3_ NODE_60_length_1702_cov_1269.94_ID_12298
		Skipping alignment  4035385 4037086 | 1 1702 | 1702 1702 | 99.88 | gi_556503834_ref_NC_000913.3_ NODE_60_length_1702_cov_1269.94_ID_12298
		Skipping alignment  3941662 3943363 | 1 1702 | 1702 1702 | 99.65 | gi_556503834_ref_NC_000913.3_ NODE_60_length_1702_cov_1269.94_ID_12298
		Skipping alignment  2729602 2731303 | 1702 1 | 1702 1702 | 99.53 | gi_556503834_ref_NC_000913.3_ NODE_60_length_1702_cov_1269.94_ID_12298
		Skipping alignment  223625 225326 | 1 1702 | 1702 1702 | 99.47 | gi_556503834_ref_NC_000913.3_ NODE_60_length_1702_cov_1269.94_ID_12298
		Skipping alignment  3427207 3428908 | 1702 1 | 1702 1702 | 99.47 | gi_556503834_ref_NC_000913.3_ NODE_60_length_1702_cov_1269.94_ID_12298

CONTIG: NODE_61_length_1507_cov_230.817_ID_12300 (1507bp)
Top Length: 1507  Top ID: 99.54
		Marking as insignificant: 3623835 3624233 | 990 592 | 399 399 | 99.0 | gi_556503834_ref_NC_000913.3_ NODE_61_length_1507_cov_230.817_ID_12300
		One align captures most of this contig: 3765768 3767274 | 1507 1 | 1507 1507 | 99.54 | gi_556503834_ref_NC_000913.3_ NODE_61_length_1507_cov_230.817_ID_12300

CONTIG: NODE_62_length_1345_cov_534.65_ID_12302 (1345bp)
Top Length: 1345  Top ID: 100.0
		This contig has 3 significant alignments. [An ambiguously mapped contig]
		Using only first of these alignment (option --ambiguity-usage is set to "one"):
		Alignment: 15387 16731 | 1 1345 | 1345 1345 | 100.0 | gi_556503834_ref_NC_000913.3_ NODE_62_length_1345_cov_534.65_ID_12302
		Skipping alignment  608007 609351 | 1 1345 | 1345 1345 | 100.0 | gi_556503834_ref_NC_000913.3_ NODE_62_length_1345_cov_534.65_ID_12302
		Skipping alignment  2514273 2515617 | 1 1345 | 1345 1345 | 100.0 | gi_556503834_ref_NC_000913.3_ NODE_62_length_1345_cov_534.65_ID_12302

CONTIG: NODE_63_length_1255_cov_907.986_ID_12304 (1255bp)
Top Length: 1255  Top ID: 100.0
		This contig has 5 significant alignments. [An ambiguously mapped contig]
		Using only first of these alignment (option --ambiguity-usage is set to "one"):
		Alignment: 315229 316483 | 1 1255 | 1255 1255 | 100.0 | gi_556503834_ref_NC_000913.3_ NODE_63_length_1255_cov_907.986_ID_12304
		Skipping alignment  391709 392963 | 1255 1 | 1255 1255 | 100.0 | gi_556503834_ref_NC_000913.3_ NODE_63_length_1255_cov_907.986_ID_12304
		Skipping alignment  566780 568034 | 1 1255 | 1255 1255 | 100.0 | gi_556503834_ref_NC_000913.3_ NODE_63_length_1255_cov_907.986_ID_12304
		Skipping alignment  1094245 1095499 | 1255 1 | 1255 1255 | 100.0 | gi_556503834_ref_NC_000913.3_ NODE_63_length_1255_cov_907.986_ID_12304
		Skipping alignment  2170174 2171428 | 1 1255 | 1255 1255 | 100.0 | gi_556503834_ref_NC_000913.3_ NODE_63_length_1255_cov_907.986_ID_12304

CONTIG: NODE_64_length_1232_cov_366.123_ID_12306 (1232bp)
Top Length: 1232  Top ID: 99.84
		This contig has 2 significant alignments. [An ambiguously mapped contig]
		Using only first of these alignment (option --ambiguity-usage is set to "one"):
		Alignment: 1570670 1571901 | 1232 1 | 1232 1232 | 99.84 | gi_556503834_ref_NC_000913.3_ NODE_64_length_1232_cov_366.123_ID_12306
		Skipping alignment  3666205 3667436 | 1232 1 | 1232 1232 | 99.43 | gi_556503834_ref_NC_000913.3_ NODE_64_length_1232_cov_366.123_ID_12306

CONTIG: NODE_65_length_1221_cov_577.334_ID_12308 (1221bp)
Top Length: 1221  Top ID: 100.0
		Marking as insignificant: 279931 280111 | 1041 1221 | 181 181 | 100.0 | gi_556503834_ref_NC_000913.3_ NODE_65_length_1221_cov_577.334_ID_12308
		This contig has 3 significant alignments. [An ambiguously mapped contig]
		Using only first of these alignment (option --ambiguity-usage is set to "one"):
		Alignment: 1469296 1470516 | 1 1221 | 1221 1221 | 100.0 | gi_556503834_ref_NC_000913.3_ NODE_65_length_1221_cov_577.334_ID_12308
		Skipping alignment  4507459 4508679 | 1221 1 | 1221 1221 | 100.0 | gi_556503834_ref_NC_000913.3_ NODE_65_length_1221_cov_577.334_ID_12308
		Skipping alignment  270541 271761 | 1 1221 | 1221 1221 | 99.75 | gi_556503834_ref_NC_000913.3_ NODE_65_length_1221_cov_577.334_ID_12308

CONTIG: NODE_66_length_1124_cov_2016.39_ID_12310 (1124bp)
Top Length: 1124  Top ID: 100.0
		This contig has 11 significant alignments. [An ambiguously mapped contig]
		Using only first of these alignment (option --ambiguity-usage is set to "one"):
		Alignment: 273972 275095 | 1124 1 | 1124 1124 | 100.0 | gi_556503834_ref_NC_000913.3_ NODE_66_length_1124_cov_2016.39_ID_12310
		Skipping alignment  574608 575731 | 1124 1 | 1124 1124 | 100.0 | gi_556503834_ref_NC_000913.3_ NODE_66_length_1124_cov_2016.39_ID_12310
		Skipping alignment  687868 688991 | 1124 1 | 1124 1124 | 100.0 | gi_556503834_ref_NC_000913.3_ NODE_66_length_1124_cov_2016.39_ID_12310
		Skipping alignment  1299553 1300676 | 1 1124 | 1124 1124 | 100.0 | gi_556503834_ref_NC_000913.3_ NODE_66_length_1124_cov_2016.39_ID_12310
		Skipping alignment  1396098 1397221 | 1 1124 | 1124 1124 | 100.0 | gi_556503834_ref_NC_000913.3_ NODE_66_length_1124_cov_2016.39_ID_12310
		Skipping alignment  2101766 2102889 | 1124 1 | 1124 1124 | 100.0 | gi_556503834_ref_NC_000913.3_ NODE_66_length_1124_cov_2016.39_ID_12310
		Skipping alignment  2288936 2290059 | 1124 1 | 1124 1124 | 100.0 | gi_556503834_ref_NC_000913.3_ NODE_66_length_1124_cov_2016.39_ID_12310
		Skipping alignment  3130200 3131323 | 1 1124 | 1124 1124 | 100.0 | gi_556503834_ref_NC_000913.3_ NODE_66_length_1124_cov_2016.39_ID_12310
		Skipping alignment  3365573 3366696 | 1124 1 | 1124 1124 | 100.0 | gi_556503834_ref_NC_000913.3_ NODE_66_length_1124_cov_2016.39_ID_12310
		Skipping alignment  3652053 3653176 | 1124 1 | 1124 1124 | 100.0 | gi_556503834_ref_NC_000913.3_ NODE_66_length_1124_cov_2016.39_ID_12310
		Skipping alignment  2066176 2067299 | 1124 1 | 1124 1124 | 99.73 | gi_556503834_ref_NC_000913.3_ NODE_66_length_1124_cov_2016.39_ID_12310

CONTIG: NODE_67_length_1031_cov_360.824_ID_12312 (1031bp)
Top Length: 1031  Top ID: 100.0
		This contig has 2 significant alignments. [An ambiguously mapped contig]
		Using only first of these alignment (option --ambiguity-usage is set to "one"):
		Alignment: 3470164 3471194 | 1031 1 | 1031 1031 | 100.0 | gi_556503834_ref_NC_000913.3_ NODE_67_length_1031_cov_360.824_ID_12312
		Skipping alignment  4176079 4177109 | 1 1031 | 1031 1031 | 99.81 | gi_556503834_ref_NC_000913.3_ NODE_67_length_1031_cov_360.824_ID_12312

CONTIG: NODE_68_length_991_cov_364.874_ID_12314 (991bp)
Top Length: 991  Top ID: 100.0
		This contig has 2 significant alignments. [An ambiguously mapped contig]
		Using only first of these alignment (option --ambiguity-usage is set to "one"):
		Alignment: 525730 526720 | 1 991 | 991 991 | 100.0 | gi_556503834_ref_NC_000913.3_ NODE_68_length_991_cov_364.874_ID_12314
		Skipping alignment  1528184 1529174 | 1 991 | 991 991 | 99.6 | gi_556503834_ref_NC_000913.3_ NODE_68_length_991_cov_364.874_ID_12314

CONTIG: NODE_69_length_718_cov_1262.54_ID_12316 (718bp)
Top Length: 718  Top ID: 100.0
		Marking as insignificant: 290634 291351 | 1 718 | 718 718 | 98.75 | gi_556503834_ref_NC_000913.3_ NODE_69_length_718_cov_1262.54_ID_12316
		Marking as insignificant: 279163 279880 | 1 718 | 718 718 | 98.75 | gi_556503834_ref_NC_000913.3_ NODE_69_length_718_cov_1262.54_ID_12316
		Marking as insignificant: 1049828 1050545 | 718 1 | 718 718 | 98.89 | gi_556503834_ref_NC_000913.3_ NODE_69_length_718_cov_1262.54_ID_12316
		This contig has 4 significant alignments. [An ambiguously mapped contig]
		Using only first of these alignment (option --ambiguity-usage is set to "one"):
		Alignment: 19796 20513 | 1 718 | 718 718 | 100.0 | gi_556503834_ref_NC_000913.3_ NODE_69_length_718_cov_1262.54_ID_12316
		Skipping alignment  257908 258625 | 1 718 | 718 718 | 100.0 | gi_556503834_ref_NC_000913.3_ NODE_69_length_718_cov_1262.54_ID_12316
		Skipping alignment  1978503 1979220 | 1 718 | 718 718 | 100.0 | gi_556503834_ref_NC_000913.3_ NODE_69_length_718_cov_1262.54_ID_12316
		Skipping alignment  3583478 3584195 | 718 1 | 718 718 | 100.0 | gi_556503834_ref_NC_000913.3_ NODE_69_length_718_cov_1262.54_ID_12316

CONTIG: NODE_70_length_706_cov_1292.74_ID_12318 (706bp)
Top Length: 706  Top ID: 100.0
		This contig has 7 significant alignments. [An ambiguously mapped contig]
		Using only first of these alignment (option --ambiguity-usage is set to "one"):
		Alignment: 381885 382590 | 706 1 | 706 706 | 100.0 | gi_556503834_ref_NC_000913.3_ NODE_70_length_706_cov_1292.74_ID_12318
		Skipping alignment  1467910 1468615 | 1 706 | 706 706 | 100.0 | gi_556503834_ref_NC_000913.3_ NODE_70_length_706_cov_1292.74_ID_12318
		Skipping alignment  1650843 1651548 | 706 1 | 706 706 | 100.0 | gi_556503834_ref_NC_000913.3_ NODE_70_length_706_cov_1292.74_ID_12318
		Skipping alignment  2068941 2069646 | 1 706 | 706 706 | 100.0 | gi_556503834_ref_NC_000913.3_ NODE_70_length_706_cov_1292.74_ID_12318
		Skipping alignment  2996361 2997066 | 1 706 | 706 706 | 100.0 | gi_556503834_ref_NC_000913.3_ NODE_70_length_706_cov_1292.74_ID_12318
		Skipping alignment  3186721 3187426 | 706 1 | 706 706 | 100.0 | gi_556503834_ref_NC_000913.3_ NODE_70_length_706_cov_1292.74_ID_12318
		Skipping alignment  4498806 4499511 | 706 1 | 706 706 | 100.0 | gi_556503834_ref_NC_000913.3_ NODE_70_length_706_cov_1292.74_ID_12318

Analyzing coverage...
Writing SNPs into /net/metagenomics/projects/afritz_assemblies/Simpipeline_Coverage_Sweep/000_error/Ecoli_cov256/quast_metaSPAde/contigs_reports/nucmer_output/contigs.used_snps
	Reference gi_556503834_ref_NC_000913.3_: 72 total alignments. 1 total regions.
		Region: 1 to 4641652 (4641652 bp)
			Align 1: 1 15441 NODE_44_length_15441_cov_180.023_ID_12268 1 15441
				Negative gap (overlap) between this and next alignment: 15441 to 15387 (-54 bp)
				Next Alignment: 15387 16731 NODE_62_length_1345_cov_534.65_ID_12302 1 1345

			Previous gap was negative, modifying coordinates to ignore overlap
				Moving contig start from 1 to 56.
			Align 2: 15442 16731 NODE_62_length_1345_cov_534.65_ID_12302 56 1345
				Negative gap (overlap) between this and next alignment: 16731 to 16677 (-54 bp)
				Next Alignment: 16677 19850 NODE_55_length_3174_cov_178.477_ID_12288 3174 1

			Previous gap was negative, modifying coordinates to ignore overlap
				Moving contig start from 3174 to 3119.
			Align 3: 16732 19850 NODE_55_length_3174_cov_178.477_ID_12288 3119 1
				Negative gap (overlap) between this and next alignment: 19850 to 19796 (-54 bp)
				Next Alignment: 19796 20513 NODE_69_length_718_cov_1262.54_ID_12316 1 718

			Previous gap was negative, modifying coordinates to ignore overlap
				Moving contig start from 1 to 56.
			Align 4: 19851 20513 NODE_69_length_718_cov_1262.54_ID_12316 56 718
				Negative gap (overlap) between this and next alignment: 20513 to 20459 (-54 bp)
				Next Alignment: 20459 223679 NODE_8_length_203221_cov_182.3_ID_12194 203221 1

			Previous gap was negative, modifying coordinates to ignore overlap
				Moving contig start from 203221 to 203166.
			Align 5: 20514 223679 NODE_8_length_203221_cov_182.3_ID_12194 203166 1
				Gap between this and next alignment: 223679 to 225739 (2059 bp)
				Next Alignment: 225739 228880 NODE_56_length_3141_cov_1269.62_ID_12290 3141 1

			Align 6: 225739 228880 NODE_56_length_3141_cov_1269.62_ID_12290 3141 1
				Negative gap (overlap) between this and next alignment: 228880 to 228826 (-54 bp)
				Next Alignment: 228826 257962 NODE_40_length_29137_cov_187.738_ID_12260 1 29137

			Previous gap was negative, modifying coordinates to ignore overlap
				Moving contig start from 1 to 56.
			Align 7: 228881 257962 NODE_40_length_29137_cov_187.738_ID_12260 56 29137
				Gap between this and next alignment: 257962 to 258571 (608 bp)
				Next Alignment: 258571 270595 NODE_46_length_12025_cov_184.151_ID_12272 1 12025

			Align 8: 258571 270595 NODE_46_length_12025_cov_184.151_ID_12272 1 12025
				Gap between this and next alignment: 270595 to 271707 (1111 bp)
				Next Alignment: 271707 274026 NODE_58_length_2320_cov_197.533_ID_12294 2320 1

			Align 9: 271707 274026 NODE_58_length_2320_cov_197.533_ID_12294 2320 1
				Negative gap (overlap) between this and next alignment: 274026 to 273972 (-54 bp)
				Next Alignment: 273972 275095 NODE_66_length_1124_cov_2016.39_ID_12310 1124 1

			Previous gap was negative, modifying coordinates to ignore overlap
				Moving contig start from 1124 to 1069.
			Align 10: 274027 275095 NODE_66_length_1124_cov_2016.39_ID_12310 1069 1
				Negative gap (overlap) between this and next alignment: 275095 to 275041 (-54 bp)
				Next Alignment: 275041 279217 NODE_52_length_4177_cov_201.828_ID_12284 1 4177

			Previous gap was negative, modifying coordinates to ignore overlap
				Moving contig start from 1 to 56.
			Align 11: 275096 279217 NODE_52_length_4177_cov_201.828_ID_12284 56 4177
				Gap between this and next alignment: 279217 to 279826 (608 bp)
				Next Alignment: 279826 290495 NODE_47_length_10670_cov_193.48_ID_12274 1 10670

			Align 12: 279826 290495 NODE_47_length_10670_cov_193.48_ID_12274 1 10670
				Gap between this and next alignment: 290495 to 291297 (801 bp)
				Next Alignment: 291297 315283 NODE_42_length_23987_cov_182.3_ID_12264 1 23987

			Align 13: 291297 315283 NODE_42_length_23987_cov_182.3_ID_12264 1 23987
				Negative gap (overlap) between this and next alignment: 315283 to 315229 (-54 bp)
				Next Alignment: 315229 316483 NODE_63_length_1255_cov_907.986_ID_12304 1 1255

			Previous gap was negative, modifying coordinates to ignore overlap
				Moving contig start from 1 to 56.
			Align 14: 315284 316483 NODE_63_length_1255_cov_907.986_ID_12304 56 1255
				Negative gap (overlap) between this and next alignment: 316483 to 316429 (-54 bp)
				Next Alignment: 316429 381939 NODE_23_length_65511_cov_192.429_ID_12224 1 65511

			Previous gap was negative, modifying coordinates to ignore overlap
				Moving contig start from 1 to 56.
			Align 15: 316484 381939 NODE_23_length_65511_cov_192.429_ID_12224 56 65511
				Negative gap (overlap) between this and next alignment: 381939 to 381885 (-54 bp)
				Next Alignment: 381885 382590 NODE_70_length_706_cov_1292.74_ID_12318 706 1

			Previous gap was negative, modifying coordinates to ignore overlap
				Moving contig start from 706 to 651.
			Align 16: 381940 382590 NODE_70_length_706_cov_1292.74_ID_12318 651 1
				Negative gap (overlap) between this and next alignment: 382590 to 382536 (-54 bp)
				Next Alignment: 382536 391763 NODE_48_length_9228_cov_179.096_ID_12276 1 9228

			Previous gap was negative, modifying coordinates to ignore overlap
				Moving contig start from 1 to 56.
			Align 17: 382591 391763 NODE_48_length_9228_cov_179.096_ID_12276 56 9228
				Gap between this and next alignment: 391763 to 392909 (1145 bp)
				Next Alignment: 392909 525784 NODE_12_length_132876_cov_182.127_ID_12202 1 132876

			Align 18: 392909 525784 NODE_12_length_132876_cov_182.127_ID_12202 1 132876
				Negative gap (overlap) between this and next alignment: 525784 to 525730 (-54 bp)
				Next Alignment: 525730 526720 NODE_68_length_991_cov_364.874_ID_12314 1 991

			Previous gap was negative, modifying coordinates to ignore overlap
				Moving contig start from 1 to 56.
			Align 19: 525785 526720 NODE_68_length_991_cov_364.874_ID_12314 56 991
				Negative gap (overlap) between this and next alignment: 526720 to 526666 (-54 bp)
				Next Alignment: 526666 566834 NODE_31_length_40169_cov_184.109_ID_12240 1 40169

			Previous gap was negative, modifying coordinates to ignore overlap
				Moving contig start from 1 to 56.
			Align 20: 526721 566834 NODE_31_length_40169_cov_184.109_ID_12240 56 40169
				Gap between this and next alignment: 566834 to 567980 (1145 bp)
				Next Alignment: 567980 574662 NODE_50_length_6683_cov_180.363_ID_12280 6683 1

			Align 21: 567980 574662 NODE_50_length_6683_cov_180.363_ID_12280 6683 1
				Gap between this and next alignment: 574662 to 575677 (1014 bp)
				Next Alignment: 575677 608061 NODE_34_length_32385_cov_195.068_ID_12250 32385 1

			Align 22: 575677 608061 NODE_34_length_32385_cov_195.068_ID_12250 32385 1
				Gap between this and next alignment: 608061 to 609297 (1235 bp)
				Next Alignment: 609297 687922 NODE_21_length_78626_cov_181.334_ID_12220 1 78626

			Align 23: 609297 687922 NODE_21_length_78626_cov_181.334_ID_12220 1 78626
				Gap between this and next alignment: 687922 to 688937 (1014 bp)
				Next Alignment: 688937 729790 NODE_30_length_40854_cov_184.168_ID_12238 1 40854

			Align 24: 688937 729790 NODE_30_length_40854_cov_184.168_ID_12238 1 40854
				Gap between this and next alignment: 729790 to 733168 (3377 bp)
				Next Alignment: 733168 1049882 NODE_2_length_316718_cov_187.068_ID_12182 1 316718

			Align 25: 733168 1049882 NODE_2_length_316718_cov_187.068_ID_12182 1 316718
				Gap between this and next alignment: 1049882 to 1050491 (608 bp)
				Next Alignment: 1050491 1094299 NODE_27_length_43809_cov_182.039_ID_12232 1 43809

			Align 26: 1050491 1094299 NODE_27_length_43809_cov_182.039_ID_12232 1 43809
				Gap between this and next alignment: 1094299 to 1097142 (2842 bp)
				Next Alignment: 1097142 1299607 NODE_7_length_203982_cov_185.323_ID_12192 1517 203982

			Align 27: 1097142 1299607 NODE_7_length_203982_cov_185.323_ID_12192 1517 203982
				Gap between this and next alignment: 1299607 to 1300622 (1014 bp)
				Next Alignment: 1300622 1396152 NODE_17_length_95531_cov_183.81_ID_12212 1 95531

			Align 28: 1300622 1396152 NODE_17_length_95531_cov_183.81_ID_12212 1 95531
				Gap between this and next alignment: 1396152 to 1397167 (1014 bp)
				Next Alignment: 1397167 1428049 NODE_38_length_30883_cov_185.116_ID_12246 30883 1

			Align 29: 1397167 1428049 NODE_38_length_30883_cov_185.116_ID_12246 30883 1
				Gap between this and next alignment: 1428049 to 1428217 (167 bp)
				Next Alignment: 1428217 1432328 NODE_53_length_4112_cov_184.062_ID_12244 4112 1

			Align 30: 1428217 1432328 NODE_53_length_4112_cov_184.062_ID_12244 4112 1
				Gap between this and next alignment: 1432328 to 1434682 (2353 bp)
				Next Alignment: 1434682 1467964 NODE_33_length_33283_cov_184.791_ID_12248 33283 1

			Align 31: 1434682 1467964 NODE_33_length_33283_cov_184.791_ID_12248 33283 1
				Gap between this and next alignment: 1467964 to 1469296 (1331 bp)
				Next Alignment: 1469296 1470516 NODE_65_length_1221_cov_577.334_ID_12308 1 1221

			Align 32: 1469296 1470516 NODE_65_length_1221_cov_577.334_ID_12308 1 1221
				Negative gap (overlap) between this and next alignment: 1470516 to 1470462 (-54 bp)
				Next Alignment: 1470462 1528238 NODE_25_length_57777_cov_181.59_ID_12228 1 57777

			Previous gap was negative, modifying coordinates to ignore overlap
				Moving contig start from 1 to 56.
			Align 33: 1470517 1528238 NODE_25_length_57777_cov_181.59_ID_12228 56 57777
				Gap between this and next alignment: 1528238 to 1529120 (881 bp)
				Next Alignment: 1529120 1570724 NODE_28_length_41605_cov_193.133_ID_12234 1 41605

			Align 34: 1529120 1570724 NODE_28_length_41605_cov_193.133_ID_12234 1 41605
				Negative gap (overlap) between this and next alignment: 1570724 to 1570670 (-54 bp)
				Next Alignment: 1570670 1571901 NODE_64_length_1232_cov_366.123_ID_12306 1232 1

			Previous gap was negative, modifying coordinates to ignore overlap
				Moving contig start from 1232 to 1177.
			Align 35: 1570725 1571901 NODE_64_length_1232_cov_366.123_ID_12306 1177 1
				Negative gap (overlap) between this and next alignment: 1571901 to 1571847 (-54 bp)
				Next Alignment: 1571847 1632614 NODE_24_length_60768_cov_181.669_ID_12226 1 60768

			Previous gap was negative, modifying coordinates to ignore overlap
				Moving contig start from 1 to 56.
			Align 36: 1571902 1632614 NODE_24_length_60768_cov_181.669_ID_12226 56 60768
				Negative gap (overlap) between this and next alignment: 1632614 to 1632560 (-54 bp)
				Next Alignment: 1632560 1635022 NODE_57_length_2463_cov_382.355_ID_12292 1 2463

			Previous gap was negative, modifying coordinates to ignore overlap
				Moving contig start from 1 to 56.
			Align 37: 1632615 1635022 NODE_57_length_2463_cov_382.355_ID_12292 56 2463
				Negative gap (overlap) between this and next alignment: 1635022 to 1634968 (-54 bp)
				Next Alignment: 1634968 1650897 NODE_43_length_15930_cov_193.277_ID_12266 15930 1

			Previous gap was negative, modifying coordinates to ignore overlap
				Moving contig start from 15930 to 15875.
			Align 38: 1635023 1650897 NODE_43_length_15930_cov_193.277_ID_12266 15875 1
				Gap between this and next alignment: 1650897 to 1651494 (596 bp)
				Next Alignment: 1651494 1978557 NODE_1_length_327064_cov_181.95_ID_12180 327064 1

			Align 39: 1651494 1978557 NODE_1_length_327064_cov_181.95_ID_12180 327064 1
				Gap between this and next alignment: 1978557 to 1979166 (608 bp)
				Next Alignment: 1979166 2066230 NODE_20_length_87065_cov_183.093_ID_12218 1 87065

			Align 40: 1979166 2066230 NODE_20_length_87065_cov_183.093_ID_12218 1 87065
				Gap between this and next alignment: 2066230 to 2067245 (1014 bp)
				Next Alignment: 2067245 2068995 NODE_59_length_1751_cov_183.869_ID_12296 1 1751

			Align 41: 2067245 2068995 NODE_59_length_1751_cov_183.869_ID_12296 1 1751
				Gap between this and next alignment: 2068995 to 2070219 (1223 bp)
				Next Alignment: 2070219 2101820 NODE_35_length_31602_cov_182.979_ID_12252 1 31602

			Align 42: 2070219 2101820 NODE_35_length_31602_cov_182.979_ID_12252 1 31602
				Gap between this and next alignment: 2101820 to 2102835 (1014 bp)
				Next Alignment: 2102835 2170228 NODE_22_length_67394_cov_184.628_ID_12222 67394 1

			Align 43: 2102835 2170228 NODE_22_length_67394_cov_184.628_ID_12222 67394 1
				Gap between this and next alignment: 2170228 to 2171374 (1145 bp)
				Next Alignment: 2171374 2288990 NODE_15_length_117617_cov_182.83_ID_12208 117617 1

			Align 44: 2171374 2288990 NODE_15_length_117617_cov_182.83_ID_12208 117617 1
				Gap between this and next alignment: 2288990 to 2290005 (1014 bp)
				Next Alignment: 2290005 2514327 NODE_5_length_224323_cov_184.151_ID_12188 1 224323

			Align 45: 2290005 2514327 NODE_5_length_224323_cov_184.151_ID_12188 1 224323
				Gap between this and next alignment: 2514327 to 2515563 (1235 bp)
				Next Alignment: 2515563 2726118 NODE_6_length_210558_cov_182.571_ID_12190 1 210558

			Align 46: 2515563 2726118 NODE_6_length_210558_cov_182.571_ID_12190 1 210558
				Gap between this and next alignment: 2726118 to 2731431 (5312 bp)
				Next Alignment: 2731431 2817782 NODE_4_length_264571_cov_182.742_ID_12186 1 86352

			Align 47: 2731431 2817782 NODE_4_length_264571_cov_182.742_ID_12186 1 86352
				Gap between this and next alignment: 2817782 to 2818197 (414 bp)
				Next Alignment: 2818197 2996415 NODE_4_length_264571_cov_182.742_ID_12186 86353 264571

			Align 48: 2818197 2996415 NODE_4_length_264571_cov_182.742_ID_12186 86353 264571
				Gap between this and next alignment: 2996415 to 2997638 (1222 bp)
				Next Alignment: 2997638 3130254 NODE_13_length_132617_cov_183.259_ID_12204 132617 1

			Align 49: 2997638 3130254 NODE_13_length_132617_cov_183.259_ID_12204 132617 1
				Gap between this and next alignment: 3130254 to 3131269 (1014 bp)
				Next Alignment: 3131269 3186150 NODE_26_length_54882_cov_181.975_ID_12230 54882 1

			Align 50: 3131269 3186150 NODE_26_length_54882_cov_181.975_ID_12230 54882 1
				Gap between this and next alignment: 3186150 to 3187372 (1221 bp)
				Next Alignment: 3187372 3365627 NODE_9_length_178256_cov_181.974_ID_12196 1 178256

			Align 51: 3187372 3365627 NODE_9_length_178256_cov_181.974_ID_12196 1 178256
				Gap between this and next alignment: 3365627 to 3366642 (1014 bp)
				Next Alignment: 3366642 3392224 NODE_41_length_25583_cov_184.19_ID_12262 1 25583

			Align 52: 3366642 3392224 NODE_41_length_25583_cov_184.19_ID_12262 1 25583
				Gap between this and next alignment: 3392224 to 3392309 (84 bp)
				Next Alignment: 3392309 3423313 NODE_36_length_31005_cov_181.591_ID_12254 1 31005

			Align 53: 3392309 3423313 NODE_36_length_31005_cov_181.591_ID_12254 1 31005
				Gap between this and next alignment: 3423313 to 3428854 (5540 bp)
				Next Alignment: 3428854 3470218 NODE_29_length_41365_cov_183.618_ID_12236 41365 1

			Align 54: 3428854 3470218 NODE_29_length_41365_cov_183.618_ID_12236 41365 1
				Negative gap (overlap) between this and next alignment: 3470218 to 3470164 (-54 bp)
				Next Alignment: 3470164 3471194 NODE_67_length_1031_cov_360.824_ID_12312 1031 1

			Previous gap was negative, modifying coordinates to ignore overlap
				Moving contig start from 1031 to 976.
			Align 55: 3470219 3471194 NODE_67_length_1031_cov_360.824_ID_12312 976 1
				Negative gap (overlap) between this and next alignment: 3471194 to 3471140 (-54 bp)
				Next Alignment: 3471140 3583532 NODE_16_length_112393_cov_182.699_ID_12210 1 112393

			Previous gap was negative, modifying coordinates to ignore overlap
				Moving contig start from 1 to 56.
			Align 56: 3471195 3583532 NODE_16_length_112393_cov_182.699_ID_12210 56 112393
				Gap between this and next alignment: 3583532 to 3584141 (608 bp)
				Next Alignment: 3584141 3619399 NODE_32_length_35259_cov_181.865_ID_12242 1 35259

			Align 57: 3584141 3619399 NODE_32_length_35259_cov_181.865_ID_12242 1 35259
				Negative gap (overlap) between this and next alignment: 3619399 to 3619345 (-54 bp)
				Next Alignment: 3619345 3622831 NODE_54_length_3487_cov_592.795_ID_12286 3487 1

			Previous gap was negative, modifying coordinates to ignore overlap
				Moving contig start from 3487 to 3432.
			Align 58: 3619400 3622831 NODE_54_length_3487_cov_592.795_ID_12286 3432 1
				Negative gap (overlap) between this and next alignment: 3622831 to 3622777 (-54 bp)
				Next Alignment: 3622777 3652107 NODE_39_length_29331_cov_201.606_ID_12258 29331 1

			Previous gap was negative, modifying coordinates to ignore overlap
				Moving contig start from 29331 to 29276.
			Align 59: 3622832 3652107 NODE_39_length_29331_cov_201.606_ID_12258 29276 1
				Gap between this and next alignment: 3652107 to 3653122 (1014 bp)
				Next Alignment: 3653122 3666259 NODE_45_length_13138_cov_188.295_ID_12270 13138 1

			Align 60: 3653122 3666259 NODE_45_length_13138_cov_188.295_ID_12270 13138 1
				Gap between this and next alignment: 3666259 to 3667382 (1122 bp)
				Next Alignment: 3667382 3762390 NODE_18_length_95009_cov_182.916_ID_12214 1 95009

			Align 61: 3667382 3762390 NODE_18_length_95009_cov_182.916_ID_12214 1 95009
				Gap between this and next alignment: 3762390 to 3765768 (3377 bp)
				Next Alignment: 3765768 3767274 NODE_61_length_1507_cov_230.817_ID_12300 1507 1

			Align 62: 3765768 3767274 NODE_61_length_1507_cov_230.817_ID_12300 1507 1
				Gap between this and next alignment: 3767274 to 3767521 (246 bp)
				Next Alignment: 3767521 3941533 NODE_10_length_174013_cov_181.53_ID_12198 174013 1

			Align 63: 3767521 3941533 NODE_10_length_174013_cov_181.53_ID_12198 174013 1
				Gap between this and next alignment: 3941533 to 3946770 (5236 bp)
				Next Alignment: 3946770 4035225 NODE_19_length_88456_cov_182.153_ID_12216 1 88456

			Align 64: 3946770 4035225 NODE_19_length_88456_cov_182.153_ID_12216 1 88456
				Gap between this and next alignment: 4035225 to 4040746 (5520 bp)
				Next Alignment: 4040746 4166353 NODE_14_length_125608_cov_183.322_ID_12206 1 125608

			Align 65: 4040746 4166353 NODE_14_length_125608_cov_183.322_ID_12206 1 125608
				Gap between this and next alignment: 4166353 to 4171707 (5353 bp)
				Next Alignment: 4171707 4176133 NODE_51_length_4427_cov_192.954_ID_12282 4427 1

			Align 66: 4171707 4176133 NODE_51_length_4427_cov_192.954_ID_12282 4427 1
				Gap between this and next alignment: 4176133 to 4177055 (921 bp)
				Next Alignment: 4177055 4208055 NODE_37_length_31003_cov_183.253_ID_12256 31003 1

			Align 67: 4177055 4208055 NODE_37_length_31003_cov_183.253_ID_12256 31003 1
				Negative gap (overlap) between this and next alignment: 4208055 to 4208001 (-54 bp)
				Next Alignment: 4208001 4209702 NODE_60_length_1702_cov_1269.94_ID_12298 1 1702

			Previous gap was negative, modifying coordinates to ignore overlap
				Moving contig start from 1 to 56.
			Align 68: 4208056 4209702 NODE_60_length_1702_cov_1269.94_ID_12298 56 1702
				Gap between this and next alignment: 4209702 to 4213110 (3407 bp)
				Next Alignment: 4213110 4295836 NODE_3_length_284901_cov_183.452_ID_12184 284901 202177

			Align 69: 4213110 4295836 NODE_3_length_284901_cov_183.452_ID_12184 284901 202177
				Gap between this and next alignment: 4295836 to 4296061 (224 bp)
				Next Alignment: 4296061 4498235 NODE_3_length_284901_cov_183.452_ID_12184 202176 1

			Align 70: 4296061 4498235 NODE_3_length_284901_cov_183.452_ID_12184 202176 1
				Gap between this and next alignment: 4498235 to 4499457 (1221 bp)
				Next Alignment: 4499457 4507513 NODE_49_length_8057_cov_179.968_ID_12278 8057 1

			Align 71: 4499457 4507513 NODE_49_length_8057_cov_179.968_ID_12278 8057 1
				Gap between this and next alignment: 4507513 to 4508625 (1111 bp)
				Next Alignment: 4508625 4641652 NODE_11_length_133028_cov_181.593_ID_12200 133028 1

			Align 72: 4508625 4641652 NODE_11_length_133028_cov_181.593_ID_12200 133028 1
			END in current alignment.  Modifying 4641652 to 4641652.

Analysis is finished!
Founded SNPs were written into /net/metagenomics/projects/afritz_assemblies/Simpipeline_Coverage_Sweep/000_error/Ecoli_cov256/quast_metaSPAde/contigs_reports/nucmer_output/contigs.used_snps

Results:
	Local Misassemblies: 2
	Misassemblies: 0
		Relocations: 0
		Translocations: 0
		Inversions: 0
	Misassembled Contigs: 0
	Misassembled Contig Bases: 0
	Misassemblies Inter-Contig Overlap: 0
Uncovered Regions: 0 (0)
Unaligned Contigs: 0 + 0 part
Partially Unaligned Contigs with Misassemblies: 0
Unaligned Contig Bases: 0

Ambiguously Mapped Contigs: 13
Total Bases in Ambiguously Mapped Contigs: 20416
Note that --allow-ambiguity option was set to "one" and only first alignment per each contig was used.

	Covered Bases: 4564295

	SNPs: 230
	Insertions: 16
	Deletions: 9

	Positive Gaps: 48
		Internal Gaps:  2
		External Gaps:  46
		External Gap Total:  76719
		External Gap Average: 1668
	Negative Gaps: 23
		Internal Overlaps:  0
		External Overlaps:  23
		External Overlaps Total: -1242
		External Overlaps Average: -54
	Contigs with Redundant Alignments: 0 (0)
