Aligning contigs to reference...
	Using existing Nucmer alignments...
Parsing coords...
Loading reference...
	Loaded [e_coli_k12_gi_556503834_ref_NC_]
Loading SNPs...
Loading regions...
	No regions given, using whole reference.
	Total Regions: 1
	Total Region Length: 4641652
Analyzing contigs...
CONTIG: NODE_1_length_327046_cov_24.4146_ID_244855 (327046bp)
Top Length: 327046  Top ID: 99.93
		One align captures most of this contig: 1651494 1978557 | 327046 1 | 327064 327046 | 99.93 | e_coli_k12_gi_556503834_ref_NC_ NODE_1_length_327046_cov_24.4146_ID_244855

CONTIG: NODE_2_length_316717_cov_25.0126_ID_245176 (316717bp)
Top Length: 316717  Top ID: 99.92
		Marking as insignificant: 2520931 2521006 | 47902 47977 | 76 76 | 100.0 | e_coli_k12_gi_556503834_ref_NC_ NODE_2_length_316717_cov_25.0126_ID_245176
		Marking as insignificant: 2520931 2521006 | 47597 47672 | 76 76 | 100.0 | e_coli_k12_gi_556503834_ref_NC_ NODE_2_length_316717_cov_25.0126_ID_245176
		Marking as insignificant: 2521253 2521330 | 47386 47463 | 78 78 | 100.0 | e_coli_k12_gi_556503834_ref_NC_ NODE_2_length_316717_cov_25.0126_ID_245176
		Marking as insignificant: 2521051 2521129 | 47902 47980 | 79 79 | 100.0 | e_coli_k12_gi_556503834_ref_NC_ NODE_2_length_316717_cov_25.0126_ID_245176
		Marking as insignificant: 2521051 2521129 | 47597 47675 | 79 79 | 100.0 | e_coli_k12_gi_556503834_ref_NC_ NODE_2_length_316717_cov_25.0126_ID_245176
		Marking as insignificant: 2521253 2521335 | 48204 48286 | 83 83 | 98.8 | e_coli_k12_gi_556503834_ref_NC_ NODE_2_length_316717_cov_25.0126_ID_245176
		Marking as insignificant: 3071271 3071396 | 70157 70282 | 126 126 | 98.41 | e_coli_k12_gi_556503834_ref_NC_ NODE_2_length_316717_cov_25.0126_ID_245176
		Marking as insignificant: 596978 597105 | 70155 70282 | 128 128 | 99.22 | e_coli_k12_gi_556503834_ref_NC_ NODE_2_length_316717_cov_25.0126_ID_245176
		Marking as insignificant: 1097522 1097659 | 192674 192811 | 138 138 | 98.55 | e_coli_k12_gi_556503834_ref_NC_ NODE_2_length_316717_cov_25.0126_ID_245176
		Marking as insignificant: 2521173 2521328 | 47597 47752 | 156 156 | 100.0 | e_coli_k12_gi_556503834_ref_NC_ NODE_2_length_316717_cov_25.0126_ID_245176
		Marking as insignificant: 2521173 2521328 | 47902 48057 | 156 156 | 100.0 | e_coli_k12_gi_556503834_ref_NC_ NODE_2_length_316717_cov_25.0126_ID_245176
		Marking as insignificant: 2229115 2229376 | 182119 181858 | 262 262 | 95.04 | e_coli_k12_gi_556503834_ref_NC_ NODE_2_length_316717_cov_25.0126_ID_245176
		Marking as insignificant: 2521253 2521520 | 48412 48679 | 268 268 | 99.63 | e_coli_k12_gi_556503834_ref_NC_ NODE_2_length_316717_cov_25.0126_ID_245176
		Marking as insignificant: 3767197 3767651 | 1548 2003 | 455 456 | 96.27 | e_coli_k12_gi_556503834_ref_NC_ NODE_2_length_316717_cov_25.0126_ID_245176
		Marking as insignificant: 1531696 1532584 | 4806 5694 | 889 889 | 97.3 | e_coli_k12_gi_556503834_ref_NC_ NODE_2_length_316717_cov_25.0126_ID_245176
		Marking as insignificant: 3624258 3625146 | 4806 5694 | 889 889 | 97.75 | e_coli_k12_gi_556503834_ref_NC_ NODE_2_length_316717_cov_25.0126_ID_245176
		Marking as insignificant: 3621886 3622880 | 981 1976 | 995 996 | 98.8 | e_coli_k12_gi_556503834_ref_NC_ NODE_2_length_316717_cov_25.0126_ID_245176
		Marking as insignificant: 3764877 3765899 | 981 2004 | 1023 1024 | 98.54 | e_coli_k12_gi_556503834_ref_NC_ NODE_2_length_316717_cov_25.0126_ID_245176
		Marking as insignificant: 732277 733311 | 981 2016 | 1035 1036 | 97.49 | e_coli_k12_gi_556503834_ref_NC_ NODE_2_length_316717_cov_25.0126_ID_245176
		Marking as insignificant: 1531697 1532962 | 3541 4805 | 1266 1265 | 96.52 | e_coli_k12_gi_556503834_ref_NC_ NODE_2_length_316717_cov_25.0126_ID_245176
		Marking as insignificant: 3624233 3625524 | 3515 4805 | 1292 1291 | 96.06 | e_coli_k12_gi_556503834_ref_NC_ NODE_2_length_316717_cov_25.0126_ID_245176
		One align captures most of this contig: 733168 1049882 | 1 316717 | 316715 316717 | 99.92 | e_coli_k12_gi_556503834_ref_NC_ NODE_2_length_316717_cov_25.0126_ID_245176

CONTIG: NODE_3_length_284899_cov_24.5105_ID_245764 (284899bp)
Top Length: 202179  Top ID: 99.92
		Skipping redundant alignment 4295948 4296322 | 82721 83093 | 375 373 | 97.33 | e_coli_k12_gi_556503834_ref_NC_ NODE_3_length_284899_cov_24.5105_ID_245764
		Skipping redundant alignment 1992042 1992117 | 179099 179024 | 76 76 | 100.0 | e_coli_k12_gi_556503834_ref_NC_ NODE_3_length_284899_cov_24.5105_ID_245764
		Skipping redundant alignment 1992042 1992117 | 179211 179136 | 76 76 | 100.0 | e_coli_k12_gi_556503834_ref_NC_ NODE_3_length_284899_cov_24.5105_ID_245764
		Skipping redundant alignment 1992042 1992117 | 179323 179248 | 76 76 | 100.0 | e_coli_k12_gi_556503834_ref_NC_ NODE_3_length_284899_cov_24.5105_ID_245764
		This contig is misassembled. 6 total aligns.
			Excluding internal overlap of size 373 between Alignment 1 and 2:  4213110 4296209 | 1 83093 | 83100 83093 --> 4213110 4295836 | 1 82720 | 82727 82720
			Real Alignment 1: 4213110 4295836 | 1 82720 | 82727 82720 | 99.93 | e_coli_k12_gi_556503834_ref_NC_ NODE_3_length_284899_cov_24.5105_ID_245764
			  Gap between these two alignments (local misassembly). Inconsistency = 224 
			Real Alignment 2: 4296061 4498235 | 82721 284899 | 202175 202179 | 99.92 | e_coli_k12_gi_556503834_ref_NC_ NODE_3_length_284899_cov_24.5105_ID_245764

CONTIG: NODE_4_length_264972_cov_24.4236_ID_245081 (264972bp)
Top Length: 264972  Top ID: 99.93
		Marking as insignificant: 290428 290633 | 28453 28658 | 206 206 | 99.51 | e_coli_k12_gi_556503834_ref_NC_ NODE_4_length_264972_cov_24.4236_ID_245081
		One align captures most of this contig: 2731431 2996415 | 1 264972 | 264985 264972 | 99.93 | e_coli_k12_gi_556503834_ref_NC_ NODE_4_length_264972_cov_24.4236_ID_245081

CONTIG: NODE_5_length_224152_cov_24.4554_ID_244965 (224152bp)
Top Length: 209821  Top ID: 99.93
		Skipping redundant alignment 1207563 1207805 | 181946 181704 | 243 243 | 95.06 | e_coli_k12_gi_556503834_ref_NC_ NODE_5_length_224152_cov_24.4554_ID_244965
		This contig is misassembled. 3 total aligns.
			Excluding internal overlap of size 563 between Alignment 1 and 2:  2290059 2304952 | 1 14894 | 14894 14894 --> 2290059 2304389 | 1 14331 | 14331 14331
			Real Alignment 1: 2290059 2304389 | 1 14331 | 14331 14331 | 99.9 | e_coli_k12_gi_556503834_ref_NC_ NODE_5_length_224152_cov_24.4554_ID_244965
			  Gap between these two alignments (local misassembly). Inconsistency = 113 
			Real Alignment 2: 2304503 2514327 | 14332 224152 | 209825 209821 | 99.93 | e_coli_k12_gi_556503834_ref_NC_ NODE_5_length_224152_cov_24.4554_ID_244965

CONTIG: NODE_6_length_210547_cov_24.4875_ID_248287 (210547bp)
Top Length: 210547  Top ID: 99.91
		Marking as insignificant: 780765 780841 | 5491 5567 | 77 77 | 100.0 | e_coli_k12_gi_556503834_ref_NC_ NODE_6_length_210547_cov_24.4875_ID_248287
		Marking as insignificant: 780765 780841 | 5369 5445 | 77 77 | 100.0 | e_coli_k12_gi_556503834_ref_NC_ NODE_6_length_210547_cov_24.4875_ID_248287
		Marking as insignificant: 781068 781145 | 5491 5568 | 78 78 | 100.0 | e_coli_k12_gi_556503834_ref_NC_ NODE_6_length_210547_cov_24.4875_ID_248287
		Marking as insignificant: 781068 781145 | 5369 5446 | 78 78 | 100.0 | e_coli_k12_gi_556503834_ref_NC_ NODE_6_length_210547_cov_24.4875_ID_248287
		Marking as insignificant: 780554 780631 | 5693 5770 | 78 78 | 100.0 | e_coli_k12_gi_556503834_ref_NC_ NODE_6_length_210547_cov_24.4875_ID_248287
		Marking as insignificant: 781369 781451 | 5693 5775 | 83 83 | 98.8 | e_coli_k12_gi_556503834_ref_NC_ NODE_6_length_210547_cov_24.4875_ID_248287
		Marking as insignificant: 780765 780918 | 5613 5768 | 154 156 | 98.72 | e_coli_k12_gi_556503834_ref_NC_ NODE_6_length_210547_cov_24.4875_ID_248287
		Marking as insignificant: 781068 781222 | 5613 5768 | 155 156 | 99.36 | e_coli_k12_gi_556503834_ref_NC_ NODE_6_length_210547_cov_24.4875_ID_248287
		Marking as insignificant: 781577 781844 | 5693 5960 | 268 268 | 100.0 | e_coli_k12_gi_556503834_ref_NC_ NODE_6_length_210547_cov_24.4875_ID_248287
		One align captures most of this contig: 2515563 2726118 | 1 210547 | 210556 210547 | 99.91 | e_coli_k12_gi_556503834_ref_NC_ NODE_6_length_210547_cov_24.4875_ID_248287

CONTIG: NODE_7_length_203211_cov_24.4193_ID_246042 (203211bp)
Top Length: 203211  Top ID: 99.93
		Marking as insignificant: 1979166 1979270 | 203211 203107 | 105 105 | 100.0 | e_coli_k12_gi_556503834_ref_NC_ NODE_7_length_203211_cov_24.4193_ID_246042
		Marking as insignificant: 291297 291401 | 203211 203107 | 105 105 | 100.0 | e_coli_k12_gi_556503834_ref_NC_ NODE_7_length_203211_cov_24.4193_ID_246042
		Marking as insignificant: 279826 279930 | 203211 203107 | 105 105 | 100.0 | e_coli_k12_gi_556503834_ref_NC_ NODE_7_length_203211_cov_24.4193_ID_246042
		Marking as insignificant: 3583427 3583532 | 203106 203211 | 106 106 | 100.0 | e_coli_k12_gi_556503834_ref_NC_ NODE_7_length_203211_cov_24.4193_ID_246042
		Marking as insignificant: 258571 258676 | 203211 203106 | 106 106 | 100.0 | e_coli_k12_gi_556503834_ref_NC_ NODE_7_length_203211_cov_24.4193_ID_246042
		Marking as insignificant: 3428854 3428998 | 1 145 | 145 145 | 99.31 | e_coli_k12_gi_556503834_ref_NC_ NODE_7_length_203211_cov_24.4193_ID_246042
		Marking as insignificant: 4207843 4208055 | 215 1 | 213 215 | 98.6 | e_coli_k12_gi_556503834_ref_NC_ NODE_7_length_203211_cov_24.4193_ID_246042
		One align captures most of this contig: 20459 223679 | 203211 1 | 203221 203211 | 99.93 | e_coli_k12_gi_556503834_ref_NC_ NODE_7_length_203211_cov_24.4193_ID_246042

CONTIG: NODE_8_length_178236_cov_24.4478_ID_246294 (178236bp)
Top Length: 178236  Top ID: 99.93
		One align captures most of this contig: 3187372 3365610 | 1 178236 | 178239 178236 | 99.93 | e_coli_k12_gi_556503834_ref_NC_ NODE_8_length_178236_cov_24.4478_ID_246294

CONTIG: NODE_9_length_174580_cov_24.6979_ID_245606 (174580bp)
Top Length: 173064  Top ID: 99.92
		Marking as insignificant: 925841 925978 | 1897 2034 | 138 138 | 98.55 | e_coli_k12_gi_556503834_ref_NC_ NODE_9_length_174580_cov_24.6979_ID_245606
		Marking as insignificant: 2471882 2472123 | 112172 111931 | 242 242 | 95.04 | e_coli_k12_gi_556503834_ref_NC_ NODE_9_length_174580_cov_24.6979_ID_245606
		Marking as insignificant: 1269620 1270625 | 173448 174454 | 1006 1007 | 98.91 | e_coli_k12_gi_556503834_ref_NC_ NODE_9_length_174580_cov_24.6979_ID_245606
		Marking as insignificant: 1095445 1097402 | 1 1958 | 1958 1958 | 99.85 | e_coli_k12_gi_556503834_ref_NC_ NODE_9_length_174580_cov_24.6979_ID_245606
		One align captures most of this contig: 1097142 1270217 | 1517 174580 | 173076 173064 | 99.92 | e_coli_k12_gi_556503834_ref_NC_ NODE_9_length_174580_cov_24.6979_ID_245606

CONTIG: NODE_10_length_173984_cov_24.4101_ID_244903 (173984bp)
Top Length: 173984  Top ID: 99.94
		One align captures most of this contig: 3767521 3941502 | 173984 1 | 173982 173984 | 99.94 | e_coli_k12_gi_556503834_ref_NC_ NODE_10_length_173984_cov_24.4101_ID_244903

CONTIG: NODE_11_length_133026_cov_24.3978_ID_245869 (133026bp)
Top Length: 133026  Top ID: 99.91
		Marking as insignificant: 3982605 3982692 | 35485 35572 | 88 88 | 100.0 | e_coli_k12_gi_556503834_ref_NC_ NODE_11_length_133026_cov_24.3978_ID_245869
		Marking as insignificant: 3982604 3982692 | 35248 35336 | 89 89 | 100.0 | e_coli_k12_gi_556503834_ref_NC_ NODE_11_length_133026_cov_24.3978_ID_245869
		One align captures most of this contig: 4508625 4641650 | 133026 1 | 133026 133026 | 99.91 | e_coli_k12_gi_556503834_ref_NC_ NODE_11_length_133026_cov_24.3978_ID_245869

CONTIG: NODE_12_length_132873_cov_24.5907_ID_245037 (132873bp)
Top Length: 132873  Top ID: 99.93
		One align captures most of this contig: 392909 525784 | 1 132873 | 132876 132873 | 99.93 | e_coli_k12_gi_556503834_ref_NC_ NODE_12_length_132873_cov_24.5907_ID_245037

CONTIG: NODE_13_length_132559_cov_24.3643_ID_246148 (132559bp)
Top Length: 132559  Top ID: 99.94
		Marking as insignificant: 803322 803447 | 58932 58807 | 126 126 | 98.41 | e_coli_k12_gi_556503834_ref_NC_ NODE_13_length_132559_cov_24.3643_ID_246148
		Marking as insignificant: 596980 597107 | 58932 58805 | 128 128 | 99.22 | e_coli_k12_gi_556503834_ref_NC_ NODE_13_length_132559_cov_24.3643_ID_246148
		One align captures most of this contig: 2997638 3130200 | 132559 1 | 132563 132559 | 99.94 | e_coli_k12_gi_556503834_ref_NC_ NODE_13_length_132559_cov_24.3643_ID_246148

CONTIG: NODE_14_length_125624_cov_24.6184_ID_246393 (125624bp)
Top Length: 125624  Top ID: 99.92
		Marking as insignificant: 4171866 4171965 | 1 100 | 100 100 | 100.0 | e_coli_k12_gi_556503834_ref_NC_ NODE_14_length_125624_cov_24.6184_ID_246393
		One align captures most of this contig: 4040746 4166353 | 1 125624 | 125608 125624 | 99.92 | e_coli_k12_gi_556503834_ref_NC_ NODE_14_length_125624_cov_24.6184_ID_246393

CONTIG: NODE_15_length_117597_cov_24.4117_ID_246349 (117597bp)
Top Length: 117597  Top ID: 99.93
		Marking as insignificant: 915027 915288 | 59597 59858 | 262 262 | 95.42 | e_coli_k12_gi_556503834_ref_NC_ NODE_15_length_117597_cov_24.4117_ID_246349
		One align captures most of this contig: 2171374 2288973 | 117597 1 | 117600 117597 | 99.93 | e_coli_k12_gi_556503834_ref_NC_ NODE_15_length_117597_cov_24.4117_ID_246349

CONTIG: NODE_16_length_112389_cov_24.487_ID_245554 (112389bp)
Top Length: 112389  Top ID: 99.94
		Marking as insignificant: 291297 291401 | 112389 112285 | 105 105 | 100.0 | e_coli_k12_gi_556503834_ref_NC_ NODE_16_length_112389_cov_24.487_ID_245554
		Marking as insignificant: 279826 279930 | 112389 112285 | 105 105 | 100.0 | e_coli_k12_gi_556503834_ref_NC_ NODE_16_length_112389_cov_24.487_ID_245554
		Marking as insignificant: 258571 258676 | 112389 112284 | 106 106 | 100.0 | e_coli_k12_gi_556503834_ref_NC_ NODE_16_length_112389_cov_24.487_ID_245554
		Marking as insignificant: 20459 20564 | 112389 112284 | 106 106 | 100.0 | e_coli_k12_gi_556503834_ref_NC_ NODE_16_length_112389_cov_24.487_ID_245554
		Marking as insignificant: 1979166 1979285 | 112389 112270 | 120 120 | 96.69 | e_coli_k12_gi_556503834_ref_NC_ NODE_16_length_112389_cov_24.487_ID_245554
		One align captures most of this contig: 3471140 3583532 | 1 112389 | 112393 112389 | 99.94 | e_coli_k12_gi_556503834_ref_NC_ NODE_16_length_112389_cov_24.487_ID_245554

CONTIG: NODE_17_length_95454_cov_24.4826_ID_245935 (95454bp)
Top Length: 95454  Top ID: 99.93
		One align captures most of this contig: 1300639 1396098 | 1 95454 | 95460 95454 | 99.93 | e_coli_k12_gi_556503834_ref_NC_ NODE_17_length_95454_cov_24.4826_ID_245935

CONTIG: NODE_18_length_95006_cov_24.2503_ID_246568 (95006bp)
Top Length: 95006  Top ID: 99.92
		Marking as insignificant: 3619192 3619399 | 94799 95006 | 208 208 | 98.08 | e_coli_k12_gi_556503834_ref_NC_ NODE_18_length_95006_cov_24.2503_ID_246568
		Marking as insignificant: 729465 729790 | 94682 95006 | 326 325 | 95.41 | e_coli_k12_gi_556503834_ref_NC_ NODE_18_length_95006_cov_24.2503_ID_246568
		One align captures most of this contig: 3667382 3762390 | 1 95006 | 95009 95006 | 99.92 | e_coli_k12_gi_556503834_ref_NC_ NODE_18_length_95006_cov_24.2503_ID_246568

CONTIG: NODE_19_length_88457_cov_24.5274_ID_246707 (88457bp)
Top Length: 88457  Top ID: 99.93
		Marking as insignificant: 236931 237008 | 103 180 | 78 78 | 100.0 | e_coli_k12_gi_556503834_ref_NC_ NODE_19_length_88457_cov_24.5274_ID_246707
		Marking as insignificant: 4606079 4606166 | 35925 35838 | 88 88 | 100.0 | e_coli_k12_gi_556503834_ref_NC_ NODE_19_length_88457_cov_24.5274_ID_246707
		Marking as insignificant: 4606315 4606403 | 35925 35837 | 89 89 | 100.0 | e_coli_k12_gi_556503834_ref_NC_ NODE_19_length_88457_cov_24.5274_ID_246707
		Marking as insignificant: 228826 229005 | 1 180 | 180 180 | 100.0 | e_coli_k12_gi_556503834_ref_NC_ NODE_19_length_88457_cov_24.5274_ID_246707
		One align captures most of this contig: 3946770 4035225 | 1 88457 | 88456 88457 | 99.93 | e_coli_k12_gi_556503834_ref_NC_ NODE_19_length_88457_cov_24.5274_ID_246707

CONTIG: NODE_20_length_87058_cov_24.4458_ID_246623 (87058bp)
Top Length: 87058  Top ID: 99.93
		Marking as insignificant: 4392583 4392658 | 12950 12875 | 76 76 | 100.0 | e_coli_k12_gi_556503834_ref_NC_ NODE_20_length_87058_cov_24.4458_ID_246623
		Marking as insignificant: 4392472 4392547 | 12950 12875 | 76 76 | 100.0 | e_coli_k12_gi_556503834_ref_NC_ NODE_20_length_87058_cov_24.4458_ID_246623
		Marking as insignificant: 4392360 4392435 | 12950 12875 | 76 76 | 100.0 | e_coli_k12_gi_556503834_ref_NC_ NODE_20_length_87058_cov_24.4458_ID_246623
		Marking as insignificant: 2059846 2059930 | 78933 78849 | 85 85 | 100.0 | e_coli_k12_gi_556503834_ref_NC_ NODE_20_length_87058_cov_24.4458_ID_246623
		Marking as insignificant: 2058023 2058107 | 80759 80675 | 85 85 | 100.0 | e_coli_k12_gi_556503834_ref_NC_ NODE_20_length_87058_cov_24.4458_ID_246623
		Marking as insignificant: 2062236 2062339 | 78952 78849 | 104 104 | 96.15 | e_coli_k12_gi_556503834_ref_NC_ NODE_20_length_87058_cov_24.4458_ID_246623
		Marking as insignificant: 2058023 2058126 | 83168 83065 | 104 104 | 97.12 | e_coli_k12_gi_556503834_ref_NC_ NODE_20_length_87058_cov_24.4458_ID_246623
		Marking as insignificant: 2044525 2044628 | 78952 78849 | 104 104 | 97.12 | e_coli_k12_gi_556503834_ref_NC_ NODE_20_length_87058_cov_24.4458_ID_246623
		Marking as insignificant: 2058023 2058126 | 65456 65353 | 104 104 | 98.08 | e_coli_k12_gi_556503834_ref_NC_ NODE_20_length_87058_cov_24.4458_ID_246623
		Marking as insignificant: 291297 291401 | 1 105 | 105 105 | 100.0 | e_coli_k12_gi_556503834_ref_NC_ NODE_20_length_87058_cov_24.4458_ID_246623
		Marking as insignificant: 279826 279930 | 1 105 | 105 105 | 100.0 | e_coli_k12_gi_556503834_ref_NC_ NODE_20_length_87058_cov_24.4458_ID_246623
		Marking as insignificant: 258571 258675 | 1 105 | 105 105 | 100.0 | e_coli_k12_gi_556503834_ref_NC_ NODE_20_length_87058_cov_24.4458_ID_246623
		Marking as insignificant: 20459 20563 | 1 105 | 105 105 | 100.0 | e_coli_k12_gi_556503834_ref_NC_ NODE_20_length_87058_cov_24.4458_ID_246623
		Marking as insignificant: 3583413 3583532 | 120 1 | 120 120 | 96.69 | e_coli_k12_gi_556503834_ref_NC_ NODE_20_length_87058_cov_24.4458_ID_246623
		One align captures most of this contig: 1979166 2066229 | 1 87058 | 87064 87058 | 99.93 | e_coli_k12_gi_556503834_ref_NC_ NODE_20_length_87058_cov_24.4458_ID_246623

CONTIG: NODE_21_length_78609_cov_24.4568_ID_246106 (78609bp)
Top Length: 78609  Top ID: 99.93
		One align captures most of this contig: 609297 687905 | 1 78609 | 78609 78609 | 99.93 | e_coli_k12_gi_556503834_ref_NC_ NODE_21_length_78609_cov_24.4568_ID_246106

CONTIG: NODE_22_length_67336_cov_24.2501_ID_246206 (67336bp)
Top Length: 67336  Top ID: 99.94
		One align captures most of this contig: 2102889 2170228 | 67336 1 | 67340 67336 | 99.94 | e_coli_k12_gi_556503834_ref_NC_ NODE_22_length_67336_cov_24.2501_ID_246206

CONTIG: NODE_23_length_65505_cov_25.8332_ID_247271 (65505bp)
Top Length: 65505  Top ID: 99.93
		Marking as insignificant: 4498181 4498860 | 64826 65505 | 680 680 | 100.0 | e_coli_k12_gi_556503834_ref_NC_ NODE_23_length_65505_cov_25.8332_ID_247271
		Marking as insignificant: 2997012 2997691 | 65505 64826 | 680 680 | 100.0 | e_coli_k12_gi_556503834_ref_NC_ NODE_23_length_65505_cov_25.8332_ID_247271
		Marking as insignificant: 1468561 1469240 | 65505 64826 | 680 680 | 100.0 | e_coli_k12_gi_556503834_ref_NC_ NODE_23_length_65505_cov_25.8332_ID_247271
		Marking as insignificant: 2069592 2070273 | 65505 64824 | 682 682 | 100.0 | e_coli_k12_gi_556503834_ref_NC_ NODE_23_length_65505_cov_25.8332_ID_247271
		Marking as insignificant: 3186092 3186775 | 64822 65505 | 684 684 | 99.85 | e_coli_k12_gi_556503834_ref_NC_ NODE_23_length_65505_cov_25.8332_ID_247271
		One align captures most of this contig: 316429 381939 | 1 65505 | 65511 65505 | 99.93 | e_coli_k12_gi_556503834_ref_NC_ NODE_23_length_65505_cov_25.8332_ID_247271

CONTIG: NODE_24_length_60767_cov_24.2522_ID_246252 (60767bp)
Top Length: 60767  Top ID: 99.95
		One align captures most of this contig: 1571847 1632614 | 1 60767 | 60768 60767 | 99.95 | e_coli_k12_gi_556503834_ref_NC_ NODE_24_length_60767_cov_24.2522_ID_246252

CONTIG: NODE_25_length_57775_cov_24.3318_ID_246480 (57775bp)
Top Length: 57775  Top ID: 99.93
		One align captures most of this contig: 1470462 1528238 | 1 57775 | 57777 57775 | 99.93 | e_coli_k12_gi_556503834_ref_NC_ NODE_25_length_57775_cov_24.3318_ID_246480

CONTIG: NODE_26_length_56618_cov_24.3794_ID_249289 (56618bp)
Top Length: 56618  Top ID: 99.92
		One align captures most of this contig: 3366696 3423313 | 56618 1 | 56618 56618 | 99.92 | e_coli_k12_gi_556503834_ref_NC_ NODE_26_length_56618_cov_24.3794_ID_249289

CONTIG: NODE_27_length_54868_cov_24.429_ID_246520 (54868bp)
Top Length: 54868  Top ID: 99.96
		One align captures most of this contig: 3131286 3186150 | 54868 1 | 54865 54868 | 99.96 | e_coli_k12_gi_556503834_ref_NC_ NODE_27_length_54868_cov_24.429_ID_246520

CONTIG: NODE_28_length_43802_cov_24.6419_ID_246772 (43802bp)
Top Length: 43802  Top ID: 99.91
		One align captures most of this contig: 1050491 1094299 | 1 43802 | 43809 43802 | 99.91 | e_coli_k12_gi_556503834_ref_NC_ NODE_28_length_43802_cov_24.6419_ID_246772

CONTIG: NODE_29_length_41599_cov_25.6403_ID_247465 (41599bp)
Top Length: 41599  Top ID: 99.91
		Marking as insignificant: 239098 239377 | 3552 3831 | 280 280 | 97.86 | e_coli_k12_gi_556503834_ref_NC_ NODE_29_length_41599_cov_25.6403_ID_247465
		Marking as insignificant: 737972 738860 | 2576 3464 | 889 889 | 96.51 | e_coli_k12_gi_556503834_ref_NC_ NODE_29_length_41599_cov_25.6403_ID_247465
		Marking as insignificant: 736707 737971 | 2577 3842 | 1265 1266 | 96.29 | e_coli_k12_gi_556503834_ref_NC_ NODE_29_length_41599_cov_25.6403_ID_247465
		Marking as insignificant: 3624234 3625524 | 2552 3842 | 1291 1291 | 97.68 | e_coli_k12_gi_556503834_ref_NC_ NODE_29_length_41599_cov_25.6403_ID_247465
		One align captures most of this contig: 1529120 1570724 | 1 41599 | 41605 41599 | 99.91 | e_coli_k12_gi_556503834_ref_NC_ NODE_29_length_41599_cov_25.6403_ID_247465

CONTIG: NODE_30_length_41362_cov_24.5831_ID_246816 (41362bp)
Top Length: 41362  Top ID: 99.92
		Marking as insignificant: 4207913 4208055 | 41218 41362 | 143 145 | 97.24 | e_coli_k12_gi_556503834_ref_NC_ NODE_30_length_41362_cov_24.5831_ID_246816
		Marking as insignificant: 223535 223679 | 41218 41362 | 145 145 | 99.31 | e_coli_k12_gi_556503834_ref_NC_ NODE_30_length_41362_cov_24.5831_ID_246816
		One align captures most of this contig: 3428854 3470218 | 41362 1 | 41365 41362 | 99.92 | e_coli_k12_gi_556503834_ref_NC_ NODE_30_length_41362_cov_24.5831_ID_246816

CONTIG: NODE_31_length_40796_cov_24.423_ID_246948 (40796bp)
Top Length: 40796  Top ID: 99.92
		Marking as insignificant: 3762066 3762390 | 40471 40796 | 325 326 | 95.41 | e_coli_k12_gi_556503834_ref_NC_ NODE_31_length_40796_cov_24.423_ID_246948
		One align captures most of this contig: 688991 729790 | 1 40796 | 40800 40796 | 99.92 | e_coli_k12_gi_556503834_ref_NC_ NODE_31_length_40796_cov_24.423_ID_246948

CONTIG: NODE_32_length_40170_cov_24.5233_ID_246856 (40170bp)
Top Length: 40170  Top ID: 99.9
		One align captures most of this contig: 526666 566834 | 1 40170 | 40169 40170 | 99.9 | e_coli_k12_gi_556503834_ref_NC_ NODE_32_length_40170_cov_24.5233_ID_246856

CONTIG: NODE_33_length_35256_cov_24.4477_ID_246900 (35256bp)
Top Length: 35256  Top ID: 99.93
		Marking as insignificant: 3762183 3762390 | 35049 35256 | 208 208 | 98.08 | e_coli_k12_gi_556503834_ref_NC_ NODE_33_length_35256_cov_24.4477_ID_246900
		One align captures most of this contig: 3584141 3619399 | 1 35256 | 35259 35256 | 99.93 | e_coli_k12_gi_556503834_ref_NC_ NODE_33_length_35256_cov_24.4477_ID_246900

CONTIG: NODE_34_length_33281_cov_24.3507_ID_247062 (33281bp)
Top Length: 33281  Top ID: 99.93
		One align captures most of this contig: 1434682 1467964 | 33281 1 | 33283 33281 | 99.93 | e_coli_k12_gi_556503834_ref_NC_ NODE_34_length_33281_cov_24.3507_ID_247062

CONTIG: NODE_35_length_31580_cov_24.4441_ID_247018 (31580bp)
Top Length: 31580  Top ID: 99.94
		One align captures most of this contig: 2070219 2101803 | 1 31580 | 31585 31580 | 99.94 | e_coli_k12_gi_556503834_ref_NC_ NODE_35_length_31580_cov_24.4441_ID_247018

CONTIG: NODE_36_length_31001_cov_24.6165_ID_247185 (31001bp)
Top Length: 31001  Top ID: 99.92
		Marking as insignificant: 3428854 3428998 | 1 145 | 145 145 | 99.31 | e_coli_k12_gi_556503834_ref_NC_ NODE_36_length_31001_cov_24.6165_ID_247185
		Marking as insignificant: 223465 223679 | 215 1 | 215 215 | 100.0 | e_coli_k12_gi_556503834_ref_NC_ NODE_36_length_31001_cov_24.6165_ID_247185
		One align captures most of this contig: 4177055 4208055 | 31001 1 | 31001 31001 | 99.92 | e_coli_k12_gi_556503834_ref_NC_ NODE_36_length_31001_cov_24.6165_ID_247185

CONTIG: NODE_37_length_30866_cov_24.5692_ID_247227 (30866bp)
Top Length: 30866  Top ID: 99.95
		Marking as insignificant: 578127 578496 | 4850 4481 | 370 370 | 96.76 | e_coli_k12_gi_556503834_ref_NC_ NODE_37_length_30866_cov_24.5692_ID_247227
		One align captures most of this contig: 1397184 1428049 | 30866 1 | 30866 30866 | 99.95 | e_coli_k12_gi_556503834_ref_NC_ NODE_37_length_30866_cov_24.5692_ID_247227

CONTIG: NODE_38_length_29136_cov_24.9313_ID_247399 (29136bp)
Top Length: 29136  Top ID: 99.92
		Marking as insignificant: 3946872 3946949 | 8106 8183 | 78 78 | 100.0 | e_coli_k12_gi_556503834_ref_NC_ NODE_38_length_29136_cov_24.9313_ID_247399
		Marking as insignificant: 3946770 3946949 | 1 180 | 180 180 | 100.0 | e_coli_k12_gi_556503834_ref_NC_ NODE_38_length_29136_cov_24.9313_ID_247399
		Marking as insignificant: 737681 737960 | 10273 10552 | 280 280 | 96.79 | e_coli_k12_gi_556503834_ref_NC_ NODE_38_length_29136_cov_24.9313_ID_247399
		Marking as insignificant: 3625234 3625513 | 10273 10552 | 280 280 | 97.86 | e_coli_k12_gi_556503834_ref_NC_ NODE_38_length_29136_cov_24.9313_ID_247399
		Marking as insignificant: 1532672 1532951 | 10273 10552 | 280 280 | 99.64 | e_coli_k12_gi_556503834_ref_NC_ NODE_38_length_29136_cov_24.9313_ID_247399
		One align captures most of this contig: 228826 257962 | 1 29136 | 29137 29136 | 99.92 | e_coli_k12_gi_556503834_ref_NC_ NODE_38_length_29136_cov_24.9313_ID_247399

CONTIG: NODE_39_length_29115_cov_24.789_ID_247605 (29115bp)
Top Length: 29115  Top ID: 99.9
		One align captures most of this contig: 1270440 1299553 | 1 29115 | 29114 29115 | 99.9 | e_coli_k12_gi_556503834_ref_NC_ NODE_39_length_29115_cov_24.789_ID_247605

CONTIG: NODE_40_length_26752_cov_24.9001_ID_247695 (26752bp)
Top Length: 26752  Top ID: 99.9
		Marking as insignificant: 3071271 3071398 | 11080 10953 | 128 128 | 99.22 | e_coli_k12_gi_556503834_ref_NC_ NODE_40_length_26752_cov_24.9001_ID_247695
		Marking as insignificant: 803320 803447 | 11082 10955 | 128 128 | 99.22 | e_coli_k12_gi_556503834_ref_NC_ NODE_40_length_26752_cov_24.9001_ID_247695
		Marking as insignificant: 1432557 1432973 | 26401 25985 | 417 417 | 95.2 | e_coli_k12_gi_556503834_ref_NC_ NODE_40_length_26752_cov_24.9001_ID_247695
		Marking as insignificant: 1634323 1634739 | 25985 26401 | 417 417 | 95.44 | e_coli_k12_gi_556503834_ref_NC_ NODE_40_length_26752_cov_24.9001_ID_247695
		One align captures most of this contig: 581308 608061 | 26752 1 | 26754 26752 | 99.9 | e_coli_k12_gi_556503834_ref_NC_ NODE_40_length_26752_cov_24.9001_ID_247695

CONTIG: NODE_41_length_26676_cov_24.4054_ID_247344 (26676bp)
Top Length: 26676  Top ID: 99.97
		One align captures most of this contig: 3625414 3652090 | 26676 1 | 26677 26676 | 99.97 | e_coli_k12_gi_556503834_ref_NC_ NODE_41_length_26676_cov_24.4054_ID_247344

CONTIG: NODE_42_length_23987_cov_24.4902_ID_247559 (23987bp)
Top Length: 23987  Top ID: 99.95
		Marking as insignificant: 3583428 3583532 | 105 1 | 105 105 | 100.0 | e_coli_k12_gi_556503834_ref_NC_ NODE_42_length_23987_cov_24.4902_ID_247559
		Marking as insignificant: 1979166 1979270 | 1 105 | 105 105 | 100.0 | e_coli_k12_gi_556503834_ref_NC_ NODE_42_length_23987_cov_24.4902_ID_247559
		Marking as insignificant: 258571 258675 | 1 105 | 105 105 | 100.0 | e_coli_k12_gi_556503834_ref_NC_ NODE_42_length_23987_cov_24.4902_ID_247559
		Marking as insignificant: 20459 20563 | 1 105 | 105 105 | 100.0 | e_coli_k12_gi_556503834_ref_NC_ NODE_42_length_23987_cov_24.4902_ID_247559
		Marking as insignificant: 279826 279932 | 1 107 | 107 107 | 100.0 | e_coli_k12_gi_556503834_ref_NC_ NODE_42_length_23987_cov_24.4902_ID_247559
		One align captures most of this contig: 291297 315283 | 1 23987 | 23987 23987 | 99.95 | e_coli_k12_gi_556503834_ref_NC_ NODE_42_length_23987_cov_24.4902_ID_247559

CONTIG: NODE_43_length_15982_cov_25.5715_ID_247745 (15982bp)
Top Length: 15982  Top ID: 99.74
		Marking as insignificant: 580283 581362 | 13983 15062 | 1080 1080 | 98.98 | e_coli_k12_gi_556503834_ref_NC_ NODE_43_length_15982_cov_25.5715_ID_247745
		One align captures most of this contig: 1634919 1650897 | 15982 1 | 15979 15982 | 99.74 | e_coli_k12_gi_556503834_ref_NC_ NODE_43_length_15982_cov_25.5715_ID_247745

CONTIG: NODE_44_length_15432_cov_24.551_ID_247659 (15432bp)
Top Length: 15432  Top ID: 99.93
		One align captures most of this contig: 11 15441 | 1 15432 | 15431 15432 | 99.93 | e_coli_k12_gi_556503834_ref_NC_ NODE_44_length_15432_cov_24.551_ID_247659

CONTIG: NODE_45_length_13084_cov_24.8103_ID_247803 (13084bp)
Top Length: 13084  Top ID: 99.94
		One align captures most of this contig: 3653176 3666259 | 13084 1 | 13084 13084 | 99.94 | e_coli_k12_gi_556503834_ref_NC_ NODE_45_length_13084_cov_24.8103_ID_247803

CONTIG: NODE_46_length_12028_cov_24.9844_ID_248080 (12028bp)
Top Length: 12028  Top ID: 99.94
		Marking as insignificant: 1979166 1979270 | 1 105 | 105 105 | 100.0 | e_coli_k12_gi_556503834_ref_NC_ NODE_46_length_12028_cov_24.9844_ID_248080
		Marking as insignificant: 291297 291401 | 1 105 | 105 105 | 100.0 | e_coli_k12_gi_556503834_ref_NC_ NODE_46_length_12028_cov_24.9844_ID_248080
		Marking as insignificant: 279826 279930 | 1 105 | 105 105 | 100.0 | e_coli_k12_gi_556503834_ref_NC_ NODE_46_length_12028_cov_24.9844_ID_248080
		Marking as insignificant: 3583427 3583532 | 106 1 | 106 106 | 100.0 | e_coli_k12_gi_556503834_ref_NC_ NODE_46_length_12028_cov_24.9844_ID_248080
		Marking as insignificant: 20459 20564 | 1 106 | 106 106 | 100.0 | e_coli_k12_gi_556503834_ref_NC_ NODE_46_length_12028_cov_24.9844_ID_248080
		One align captures most of this contig: 258571 270595 | 1 12028 | 12025 12028 | 99.94 | e_coli_k12_gi_556503834_ref_NC_ NODE_46_length_12028_cov_24.9844_ID_248080

CONTIG: NODE_47_length_10672_cov_26.0299_ID_247847 (10672bp)
Top Length: 10672  Top ID: 99.88
		Marking as insignificant: 3583428 3583532 | 105 1 | 105 105 | 100.0 | e_coli_k12_gi_556503834_ref_NC_ NODE_47_length_10672_cov_26.0299_ID_247847
		Marking as insignificant: 1979166 1979270 | 1 105 | 105 105 | 100.0 | e_coli_k12_gi_556503834_ref_NC_ NODE_47_length_10672_cov_26.0299_ID_247847
		Marking as insignificant: 258571 258675 | 1 105 | 105 105 | 100.0 | e_coli_k12_gi_556503834_ref_NC_ NODE_47_length_10672_cov_26.0299_ID_247847
		Marking as insignificant: 20459 20563 | 1 105 | 105 105 | 100.0 | e_coli_k12_gi_556503834_ref_NC_ NODE_47_length_10672_cov_26.0299_ID_247847
		Marking as insignificant: 291297 291403 | 1 107 | 107 107 | 100.0 | e_coli_k12_gi_556503834_ref_NC_ NODE_47_length_10672_cov_26.0299_ID_247847
		Marking as insignificant: 271581 271761 | 106 286 | 181 181 | 99.45 | e_coli_k12_gi_556503834_ref_NC_ NODE_47_length_10672_cov_26.0299_ID_247847
		Marking as insignificant: 1470336 1470516 | 106 286 | 181 181 | 100.0 | e_coli_k12_gi_556503834_ref_NC_ NODE_47_length_10672_cov_26.0299_ID_247847
		Marking as insignificant: 4507443 4507639 | 303 106 | 197 198 | 98.48 | e_coli_k12_gi_556503834_ref_NC_ NODE_47_length_10672_cov_26.0299_ID_247847
		One align captures most of this contig: 279826 290495 | 1 10672 | 10670 10672 | 99.88 | e_coli_k12_gi_556503834_ref_NC_ NODE_47_length_10672_cov_26.0299_ID_247847

CONTIG: NODE_48_length_9228_cov_24.2804_ID_247962 (9228bp)
Top Length: 9228  Top ID: 99.93
		One align captures most of this contig: 382536 391763 | 1 9228 | 9228 9228 | 99.93 | e_coli_k12_gi_556503834_ref_NC_ NODE_48_length_9228_cov_24.2804_ID_247962

CONTIG: NODE_49_length_8058_cov_24.1521_ID_248004 (8058bp)
Top Length: 8058  Top ID: 99.98
		One align captures most of this contig: 4499457 4507513 | 8058 1 | 8057 8058 | 99.98 | e_coli_k12_gi_556503834_ref_NC_ NODE_49_length_8058_cov_24.1521_ID_248004

CONTIG: NODE_50_length_6666_cov_24.8211_ID_248044 (6666bp)
Top Length: 6666  Top ID: 99.91
		One align captures most of this contig: 567980 574645 | 6666 1 | 6666 6666 | 99.91 | e_coli_k12_gi_556503834_ref_NC_ NODE_50_length_6666_cov_24.8211_ID_248044

CONTIG: NODE_51_length_4633_cov_25.4976_ID_248359 (4633bp)
Top Length: 4633  Top ID: 99.96
		Marking as insignificant: 1423200 1423569 | 2397 2766 | 370 370 | 96.49 | e_coli_k12_gi_556503834_ref_NC_ NODE_51_length_4633_cov_25.4976_ID_248359
		One align captures most of this contig: 575731 580363 | 1 4633 | 4633 4633 | 99.96 | e_coli_k12_gi_556503834_ref_NC_ NODE_51_length_4633_cov_25.4976_ID_248359

CONTIG: NODE_52_length_4268_cov_24.0586_ID_248151 (4268bp)
Top Length: 4268  Top ID: 99.95
		Marking as insignificant: 4040746 4040845 | 4268 4169 | 100 100 | 100.0 | e_coli_k12_gi_556503834_ref_NC_ NODE_52_length_4268_cov_24.0586_ID_248151
		One align captures most of this contig: 4171866 4176133 | 4268 1 | 4268 4268 | 99.95 | e_coli_k12_gi_556503834_ref_NC_ NODE_52_length_4268_cov_24.0586_ID_248151

CONTIG: NODE_53_length_4161_cov_24.4959_ID_248217 (4161bp)
Top Length: 4161  Top ID: 99.9
		One align captures most of this contig: 1428217 1432377 | 4161 1 | 4161 4161 | 99.9 | e_coli_k12_gi_556503834_ref_NC_ NODE_53_length_4161_cov_24.4959_ID_248217

CONTIG: NODE_54_length_4144_cov_23.6469_ID_248187 (4144bp)
Top Length: 4144  Top ID: 99.93
		One align captures most of this contig: 275095 279238 | 1 4144 | 4144 4144 | 99.93 | e_coli_k12_gi_556503834_ref_NC_ NODE_54_length_4144_cov_23.6469_ID_248187

CONTIG: NODE_55_length_3386_cov_164.903_ID_247126 (3386bp)
Top Length: 3386  Top ID: 99.73
		Marking as insignificant: 4040511 4040641 | 131 1 | 131 131 | 98.47 | e_coli_k12_gi_556503834_ref_NC_ NODE_55_length_3386_cov_164.903_ID_247126
		Marking as insignificant: 2726064 2726194 | 1 131 | 131 131 | 98.47 | e_coli_k12_gi_556503834_ref_NC_ NODE_55_length_3386_cov_164.903_ID_247126
		Marking as insignificant: 228750 228880 | 131 1 | 131 131 | 98.47 | e_coli_k12_gi_556503834_ref_NC_ NODE_55_length_3386_cov_164.903_ID_247126
		Marking as insignificant: 4213034 4213164 | 131 1 | 131 131 | 99.24 | e_coli_k12_gi_556503834_ref_NC_ NODE_55_length_3386_cov_164.903_ID_247126
		Marking as insignificant: 4171631 4171761 | 131 1 | 131 131 | 99.24 | e_coli_k12_gi_556503834_ref_NC_ NODE_55_length_3386_cov_164.903_ID_247126
		Marking as insignificant: 3946689 3946824 | 135 1 | 136 135 | 97.79 | e_coli_k12_gi_556503834_ref_NC_ NODE_55_length_3386_cov_164.903_ID_247126
		Marking as insignificant: 4168621 4171761 | 3386 246 | 3141 3141 | 99.62 | e_coli_k12_gi_556503834_ref_NC_ NODE_55_length_3386_cov_164.903_ID_247126
		Marking as insignificant: 2726063 2729204 | 245 3386 | 3142 3142 | 99.59 | e_coli_k12_gi_556503834_ref_NC_ NODE_55_length_3386_cov_164.903_ID_247126
		Marking as insignificant: 4037499 4040641 | 3386 246 | 3143 3141 | 99.68 | e_coli_k12_gi_556503834_ref_NC_ NODE_55_length_3386_cov_164.903_ID_247126
		Marking as insignificant: 4210023 4213165 | 3386 245 | 3143 3142 | 99.68 | e_coli_k12_gi_556503834_ref_NC_ NODE_55_length_3386_cov_164.903_ID_247126
		Marking as insignificant: 3943684 3946829 | 3386 241 | 3146 3146 | 99.65 | e_coli_k12_gi_556503834_ref_NC_ NODE_55_length_3386_cov_164.903_ID_247126
		Marking as insignificant: 225739 228885 | 3386 241 | 3147 3146 | 99.71 | e_coli_k12_gi_556503834_ref_NC_ NODE_55_length_3386_cov_164.903_ID_247126
		One align captures most of this contig: 3423418 3426803 | 1 3386 | 3386 3386 | 99.73 | e_coli_k12_gi_556503834_ref_NC_ NODE_55_length_3386_cov_164.903_ID_247126

CONTIG: NODE_56_length_3174_cov_24.2805_ID_248253 (3174bp)
Top Length: 3174  Top ID: 99.94
		One align captures most of this contig: 16677 19850 | 3174 1 | 3174 3174 | 99.94 | e_coli_k12_gi_556503834_ref_NC_ NODE_56_length_3174_cov_24.2805_ID_248253

CONTIG: NODE_57_length_2596_cov_74.0799_ID_248907 (2596bp)
Top Length: 2596  Top ID: 100.0
		Marking as insignificant: 729736 732331 | 2596 1 | 2596 2596 | 97.23 | e_coli_k12_gi_556503834_ref_NC_ NODE_57_length_2596_cov_74.0799_ID_248907
		This contig has 2 significant alignments. [An ambiguously mapped contig]
		Using only first of these alignment (option --ambiguity-usage is set to "one"):
		Alignment: 3619345 3621940 | 2596 1 | 2596 2596 | 100.0 | e_coli_k12_gi_556503834_ref_NC_ NODE_57_length_2596_cov_74.0799_ID_248907
		Skipping alignment  3762336 3764931 | 2596 1 | 2596 2596 | 99.96 | e_coli_k12_gi_556503834_ref_NC_ NODE_57_length_2596_cov_74.0799_ID_248907

CONTIG: NODE_58_length_2303_cov_24.6152_ID_248399 (2303bp)
Top Length: 2303  Top ID: 99.96
		One align captures most of this contig: 271707 274009 | 2303 1 | 2303 2303 | 99.96 | e_coli_k12_gi_556503834_ref_NC_ NODE_58_length_2303_cov_24.6152_ID_248399

CONTIG: NODE_59_length_2049_cov_49.2748_ID_248957 (2049bp)
Top Length: 2049  Top ID: 99.8
		This contig has 2 significant alignments. [An ambiguously mapped contig]
		Using only first of these alignment (option --ambiguity-usage is set to "one"):
		Alignment: 1632560 1634608 | 1 2049 | 2049 2049 | 99.8 | e_coli_k12_gi_556503834_ref_NC_ NODE_59_length_2049_cov_49.2748_ID_248957
		Skipping alignment  1432688 1434736 | 2049 1 | 2049 2049 | 99.46 | e_coli_k12_gi_556503834_ref_NC_ NODE_59_length_2049_cov_49.2748_ID_248957

CONTIG: NODE_60_length_1750_cov_23.2873_ID_248431 (1750bp)
Top Length: 1750  Top ID: 99.94
		One align captures most of this contig: 2067246 2068995 | 1750 1 | 1750 1750 | 99.94 | e_coli_k12_gi_556503834_ref_NC_ NODE_60_length_1750_cov_23.2873_ID_248431

CONTIG: NODE_61_length_1702_cov_167.212_ID_248913 (1702bp)
Top Length: 1702  Top ID: 100.0
		This contig has 7 significant alignments. [An ambiguously mapped contig]
		Using only first of these alignment (option --ambiguity-usage is set to "one"):
		Alignment: 4208001 4209702 | 1 1702 | 1702 1702 | 100.0 | e_coli_k12_gi_556503834_ref_NC_ NODE_61_length_1702_cov_167.212_ID_248913
		Skipping alignment  4166513 4168214 | 1 1702 | 1702 1702 | 99.94 | e_coli_k12_gi_556503834_ref_NC_ NODE_61_length_1702_cov_167.212_ID_248913
		Skipping alignment  4035385 4037086 | 1 1702 | 1702 1702 | 99.88 | e_coli_k12_gi_556503834_ref_NC_ NODE_61_length_1702_cov_167.212_ID_248913
		Skipping alignment  3941662 3943363 | 1 1702 | 1702 1702 | 99.65 | e_coli_k12_gi_556503834_ref_NC_ NODE_61_length_1702_cov_167.212_ID_248913
		Skipping alignment  2729602 2731303 | 1702 1 | 1702 1702 | 99.53 | e_coli_k12_gi_556503834_ref_NC_ NODE_61_length_1702_cov_167.212_ID_248913
		Skipping alignment  223625 225326 | 1 1702 | 1702 1702 | 99.47 | e_coli_k12_gi_556503834_ref_NC_ NODE_61_length_1702_cov_167.212_ID_248913
		Skipping alignment  3427207 3428908 | 1702 1 | 1702 1702 | 99.47 | e_coli_k12_gi_556503834_ref_NC_ NODE_61_length_1702_cov_167.212_ID_248913

CONTIG: NODE_62_length_1507_cov_28.6632_ID_248523 (1507bp)
Top Length: 1507  Top ID: 99.47
		Marking as insignificant: 3623835 3624233 | 990 592 | 399 399 | 99.0 | e_coli_k12_gi_556503834_ref_NC_ NODE_62_length_1507_cov_28.6632_ID_248523
		One align captures most of this contig: 3765768 3767274 | 1507 1 | 1507 1507 | 99.47 | e_coli_k12_gi_556503834_ref_NC_ NODE_62_length_1507_cov_28.6632_ID_248523

CONTIG: NODE_63_length_1345_cov_74.2543_ID_248915 (1345bp)
Top Length: 1345  Top ID: 100.0
		This contig has 3 significant alignments. [An ambiguously mapped contig]
		Using only first of these alignment (option --ambiguity-usage is set to "one"):
		Alignment: 15387 16731 | 1 1345 | 1345 1345 | 100.0 | e_coli_k12_gi_556503834_ref_NC_ NODE_63_length_1345_cov_74.2543_ID_248915
		Skipping alignment  608007 609351 | 1 1345 | 1345 1345 | 100.0 | e_coli_k12_gi_556503834_ref_NC_ NODE_63_length_1345_cov_74.2543_ID_248915
		Skipping alignment  2514273 2515617 | 1 1345 | 1345 1345 | 100.0 | e_coli_k12_gi_556503834_ref_NC_ NODE_63_length_1345_cov_74.2543_ID_248915

CONTIG: NODE_64_length_1255_cov_120.695_ID_248935 (1255bp)
Top Length: 1255  Top ID: 100.0
		This contig has 5 significant alignments. [An ambiguously mapped contig]
		Using only first of these alignment (option --ambiguity-usage is set to "one"):
		Alignment: 315229 316483 | 1 1255 | 1255 1255 | 100.0 | e_coli_k12_gi_556503834_ref_NC_ NODE_64_length_1255_cov_120.695_ID_248935
		Skipping alignment  391709 392963 | 1255 1 | 1255 1255 | 100.0 | e_coli_k12_gi_556503834_ref_NC_ NODE_64_length_1255_cov_120.695_ID_248935
		Skipping alignment  566780 568034 | 1 1255 | 1255 1255 | 100.0 | e_coli_k12_gi_556503834_ref_NC_ NODE_64_length_1255_cov_120.695_ID_248935
		Skipping alignment  1094245 1095499 | 1255 1 | 1255 1255 | 100.0 | e_coli_k12_gi_556503834_ref_NC_ NODE_64_length_1255_cov_120.695_ID_248935
		Skipping alignment  2170174 2171428 | 1 1255 | 1255 1255 | 100.0 | e_coli_k12_gi_556503834_ref_NC_ NODE_64_length_1255_cov_120.695_ID_248935

CONTIG: NODE_65_length_1232_cov_48.0901_ID_248949 (1232bp)
Top Length: 1232  Top ID: 99.76
		This contig has 2 significant alignments. [An ambiguously mapped contig]
		Using only first of these alignment (option --ambiguity-usage is set to "one"):
		Alignment: 1570670 1571901 | 1232 1 | 1232 1232 | 99.76 | e_coli_k12_gi_556503834_ref_NC_ NODE_65_length_1232_cov_48.0901_ID_248949
		Skipping alignment  3666205 3667436 | 1232 1 | 1232 1232 | 99.35 | e_coli_k12_gi_556503834_ref_NC_ NODE_65_length_1232_cov_48.0901_ID_248949

CONTIG: NODE_66_length_1195_cov_269.974_ID_249039 (1195bp)
Top Length: 1195  Top ID: 100.0
		This contig has 11 significant alignments. [An ambiguously mapped contig]
		Using only first of these alignment (option --ambiguity-usage is set to "one"):
		Alignment: 273955 275149 | 1 1195 | 1195 1195 | 100.0 | e_coli_k12_gi_556503834_ref_NC_ NODE_66_length_1195_cov_269.974_ID_249039
		Skipping alignment  574591 575785 | 1 1195 | 1195 1195 | 100.0 | e_coli_k12_gi_556503834_ref_NC_ NODE_66_length_1195_cov_269.974_ID_249039
		Skipping alignment  687851 689045 | 1 1195 | 1195 1195 | 100.0 | e_coli_k12_gi_556503834_ref_NC_ NODE_66_length_1195_cov_269.974_ID_249039
		Skipping alignment  1299499 1300693 | 1195 1 | 1195 1195 | 100.0 | e_coli_k12_gi_556503834_ref_NC_ NODE_66_length_1195_cov_269.974_ID_249039
		Skipping alignment  1396044 1397238 | 1195 1 | 1195 1195 | 100.0 | e_coli_k12_gi_556503834_ref_NC_ NODE_66_length_1195_cov_269.974_ID_249039
		Skipping alignment  2101749 2102943 | 1 1195 | 1195 1195 | 100.0 | e_coli_k12_gi_556503834_ref_NC_ NODE_66_length_1195_cov_269.974_ID_249039
		Skipping alignment  2288919 2290113 | 1 1195 | 1195 1195 | 100.0 | e_coli_k12_gi_556503834_ref_NC_ NODE_66_length_1195_cov_269.974_ID_249039
		Skipping alignment  3130146 3131340 | 1195 1 | 1195 1195 | 100.0 | e_coli_k12_gi_556503834_ref_NC_ NODE_66_length_1195_cov_269.974_ID_249039
		Skipping alignment  3365556 3366750 | 1 1195 | 1195 1195 | 100.0 | e_coli_k12_gi_556503834_ref_NC_ NODE_66_length_1195_cov_269.974_ID_249039
		Skipping alignment  3652036 3653230 | 1 1195 | 1195 1195 | 100.0 | e_coli_k12_gi_556503834_ref_NC_ NODE_66_length_1195_cov_269.974_ID_249039
		Skipping alignment  2066159 2067353 | 1 1195 | 1195 1195 | 99.58 | e_coli_k12_gi_556503834_ref_NC_ NODE_66_length_1195_cov_269.974_ID_249039

CONTIG: NODE_67_length_1148_cov_25.2644_ID_248461 (1148bp)
Top Length: 1148  Top ID: 99.91
		One align captures most of this contig: 3622777 3623924 | 1 1148 | 1148 1148 | 99.91 | e_coli_k12_gi_556503834_ref_NC_ NODE_67_length_1148_cov_25.2644_ID_248461

CONTIG: NODE_68_length_1095_cov_71.1769_ID_248943 (1095bp)
Top Length: 1095  Top ID: 100.0
		This contig has 3 significant alignments. [An ambiguously mapped contig]
		Using only first of these alignment (option --ambiguity-usage is set to "one"):
		Alignment: 1469296 1470390 | 1 1095 | 1095 1095 | 100.0 | e_coli_k12_gi_556503834_ref_NC_ NODE_68_length_1095_cov_71.1769_ID_248943
		Skipping alignment  4507585 4508679 | 1095 1 | 1095 1095 | 100.0 | e_coli_k12_gi_556503834_ref_NC_ NODE_68_length_1095_cov_71.1769_ID_248943
		Skipping alignment  270541 271635 | 1 1095 | 1095 1095 | 99.73 | e_coli_k12_gi_556503834_ref_NC_ NODE_68_length_1095_cov_71.1769_ID_248943

CONTIG: NODE_69_length_1031_cov_49.4344_ID_248947 (1031bp)
Top Length: 1031  Top ID: 100.0
		This contig has 2 significant alignments. [An ambiguously mapped contig]
		Using only first of these alignment (option --ambiguity-usage is set to "one"):
		Alignment: 4176079 4177109 | 1 1031 | 1031 1031 | 100.0 | e_coli_k12_gi_556503834_ref_NC_ NODE_69_length_1031_cov_49.4344_ID_248947
		Skipping alignment  3470164 3471194 | 1031 1 | 1031 1031 | 99.81 | e_coli_k12_gi_556503834_ref_NC_ NODE_69_length_1031_cov_49.4344_ID_248947

CONTIG: NODE_70_length_991_cov_46.5427_ID_248937 (991bp)
Top Length: 991  Top ID: 100.0
		This contig has 2 significant alignments. [An ambiguously mapped contig]
		Using only first of these alignment (option --ambiguity-usage is set to "one"):
		Alignment: 1528184 1529174 | 1 991 | 991 991 | 100.0 | e_coli_k12_gi_556503834_ref_NC_ NODE_70_length_991_cov_46.5427_ID_248937
		Skipping alignment  525730 526720 | 1 991 | 991 991 | 99.6 | e_coli_k12_gi_556503834_ref_NC_ NODE_70_length_991_cov_46.5427_ID_248937

CONTIG: NODE_71_length_706_cov_172.928_ID_248901 (706bp)
Top Length: 706  Top ID: 100.0
		This contig has 7 significant alignments. [An ambiguously mapped contig]
		Using only first of these alignment (option --ambiguity-usage is set to "one"):
		Alignment: 381885 382590 | 706 1 | 706 706 | 100.0 | e_coli_k12_gi_556503834_ref_NC_ NODE_71_length_706_cov_172.928_ID_248901
		Skipping alignment  1467910 1468615 | 1 706 | 706 706 | 100.0 | e_coli_k12_gi_556503834_ref_NC_ NODE_71_length_706_cov_172.928_ID_248901
		Skipping alignment  1650843 1651548 | 706 1 | 706 706 | 100.0 | e_coli_k12_gi_556503834_ref_NC_ NODE_71_length_706_cov_172.928_ID_248901
		Skipping alignment  2068941 2069646 | 1 706 | 706 706 | 100.0 | e_coli_k12_gi_556503834_ref_NC_ NODE_71_length_706_cov_172.928_ID_248901
		Skipping alignment  2996361 2997066 | 1 706 | 706 706 | 100.0 | e_coli_k12_gi_556503834_ref_NC_ NODE_71_length_706_cov_172.928_ID_248901
		Skipping alignment  3186721 3187426 | 706 1 | 706 706 | 100.0 | e_coli_k12_gi_556503834_ref_NC_ NODE_71_length_706_cov_172.928_ID_248901
		Skipping alignment  4498806 4499511 | 706 1 | 706 706 | 100.0 | e_coli_k12_gi_556503834_ref_NC_ NODE_71_length_706_cov_172.928_ID_248901

CONTIG: NODE_72_length_697_cov_171.098_ID_248903 (697bp)
Top Length: 697  Top ID: 99.86
		Marking as insignificant: 1049828 1050524 | 697 1 | 697 697 | 98.71 | e_coli_k12_gi_556503834_ref_NC_ NODE_72_length_697_cov_171.098_ID_248903
		Marking as insignificant: 290655 291351 | 1 697 | 697 697 | 98.85 | e_coli_k12_gi_556503834_ref_NC_ NODE_72_length_697_cov_171.098_ID_248903
		Marking as insignificant: 279184 279880 | 1 697 | 697 697 | 98.85 | e_coli_k12_gi_556503834_ref_NC_ NODE_72_length_697_cov_171.098_ID_248903
		This contig has 4 significant alignments. [An ambiguously mapped contig]
		Using only first of these alignment (option --ambiguity-usage is set to "one"):
		Alignment: 19817 20513 | 1 697 | 697 697 | 99.86 | e_coli_k12_gi_556503834_ref_NC_ NODE_72_length_697_cov_171.098_ID_248903
		Skipping alignment  257929 258625 | 1 697 | 697 697 | 99.86 | e_coli_k12_gi_556503834_ref_NC_ NODE_72_length_697_cov_171.098_ID_248903
		Skipping alignment  1978524 1979220 | 1 697 | 697 697 | 99.86 | e_coli_k12_gi_556503834_ref_NC_ NODE_72_length_697_cov_171.098_ID_248903
		Skipping alignment  3583478 3584174 | 697 1 | 697 697 | 99.86 | e_coli_k12_gi_556503834_ref_NC_ NODE_72_length_697_cov_171.098_ID_248903

CONTIG: NODE_73_length_522_cov_64.6146_ID_248818 (522bp)
Top Length: 522  Top ID: 99.81
		Marking as insignificant: 2729567 2729656 | 90 1 | 90 90 | 100.0 | e_coli_k12_gi_556503834_ref_NC_ NODE_73_length_522_cov_64.6146_ID_248818
		Marking as insignificant: 3426749 3427261 | 522 1 | 513 522 | 97.7 | e_coli_k12_gi_556503834_ref_NC_ NODE_73_length_522_cov_64.6146_ID_248818
		This contig has 2 significant alignments. [An ambiguously mapped contig]
		Using only first of these alignment (option --ambiguity-usage is set to "one"):
		Alignment: 225272 225793 | 1 522 | 522 522 | 99.81 | e_coli_k12_gi_556503834_ref_NC_ NODE_73_length_522_cov_64.6146_ID_248818
		Skipping alignment  4037032 4037553 | 1 522 | 522 522 | 99.04 | e_coli_k12_gi_556503834_ref_NC_ NODE_73_length_522_cov_64.6146_ID_248818

Analyzing coverage...
Writing SNPs into /net/metagenomics/projects/afritz_assemblies/Coverage_Sweep_wgsim/005_error/SPAdes_cov128/quast/runs_per_reference/e_coli_k12/contigs_reports/nucmer_output/scaffolds.used_snps
	Reference e_coli_k12_gi_556503834_ref_NC_: 75 total alignments. 1 total regions.
		Region: 1 to 4641652 (4641652 bp)
			START in gap: 1 to 11 (10 bp)
			Align 1: 11 15441 NODE_44_length_15432_cov_24.551_ID_247659 1 15432
				Negative gap (overlap) between this and next alignment: 15441 to 15387 (-54 bp)
				Next Alignment: 15387 16731 NODE_63_length_1345_cov_74.2543_ID_248915 1 1345

			Previous gap was negative, modifying coordinates to ignore overlap
				Moving contig start from 1 to 56.
			Align 2: 15442 16731 NODE_63_length_1345_cov_74.2543_ID_248915 56 1345
				Negative gap (overlap) between this and next alignment: 16731 to 16677 (-54 bp)
				Next Alignment: 16677 19850 NODE_56_length_3174_cov_24.2805_ID_248253 3174 1

			Previous gap was negative, modifying coordinates to ignore overlap
				Moving contig start from 3174 to 3119.
			Align 3: 16732 19850 NODE_56_length_3174_cov_24.2805_ID_248253 3119 1
				Negative gap (overlap) between this and next alignment: 19850 to 19817 (-33 bp)
				Next Alignment: 19817 20513 NODE_72_length_697_cov_171.098_ID_248903 1 697

			Previous gap was negative, modifying coordinates to ignore overlap
				Moving contig start from 1 to 35.
			Align 4: 19851 20513 NODE_72_length_697_cov_171.098_ID_248903 35 697
				Negative gap (overlap) between this and next alignment: 20513 to 20459 (-54 bp)
				Next Alignment: 20459 223679 NODE_7_length_203211_cov_24.4193_ID_246042 203211 1

			Previous gap was negative, modifying coordinates to ignore overlap
				Moving contig start from 203211 to 203156.
			Align 5: 20514 223679 NODE_7_length_203211_cov_24.4193_ID_246042 203156 1
				Gap between this and next alignment: 223679 to 225272 (1592 bp)
				Next Alignment: 225272 225793 NODE_73_length_522_cov_64.6146_ID_248818 1 522

			Align 6: 225272 225793 NODE_73_length_522_cov_64.6146_ID_248818 1 522
				Gap between this and next alignment: 225793 to 228826 (3032 bp)
				Next Alignment: 228826 257962 NODE_38_length_29136_cov_24.9313_ID_247399 1 29136

			Align 7: 228826 257962 NODE_38_length_29136_cov_24.9313_ID_247399 1 29136
				Gap between this and next alignment: 257962 to 258571 (608 bp)
				Next Alignment: 258571 270595 NODE_46_length_12028_cov_24.9844_ID_248080 1 12028

			Align 8: 258571 270595 NODE_46_length_12028_cov_24.9844_ID_248080 1 12028
				Gap between this and next alignment: 270595 to 271707 (1111 bp)
				Next Alignment: 271707 274009 NODE_58_length_2303_cov_24.6152_ID_248399 2303 1

			Align 9: 271707 274009 NODE_58_length_2303_cov_24.6152_ID_248399 2303 1
				Negative gap (overlap) between this and next alignment: 274009 to 273955 (-54 bp)
				Next Alignment: 273955 275149 NODE_66_length_1195_cov_269.974_ID_249039 1 1195

			Previous gap was negative, modifying coordinates to ignore overlap
				Moving contig start from 1 to 56.
			Align 10: 274010 275149 NODE_66_length_1195_cov_269.974_ID_249039 56 1195
				Negative gap (overlap) between this and next alignment: 275149 to 275095 (-54 bp)
				Next Alignment: 275095 279238 NODE_54_length_4144_cov_23.6469_ID_248187 1 4144

			Previous gap was negative, modifying coordinates to ignore overlap
				Moving contig start from 1 to 56.
			Align 11: 275150 279238 NODE_54_length_4144_cov_23.6469_ID_248187 56 4144
				Gap between this and next alignment: 279238 to 279826 (587 bp)
				Next Alignment: 279826 290495 NODE_47_length_10672_cov_26.0299_ID_247847 1 10672

			Align 12: 279826 290495 NODE_47_length_10672_cov_26.0299_ID_247847 1 10672
				Gap between this and next alignment: 290495 to 291297 (801 bp)
				Next Alignment: 291297 315283 NODE_42_length_23987_cov_24.4902_ID_247559 1 23987

			Align 13: 291297 315283 NODE_42_length_23987_cov_24.4902_ID_247559 1 23987
				Negative gap (overlap) between this and next alignment: 315283 to 315229 (-54 bp)
				Next Alignment: 315229 316483 NODE_64_length_1255_cov_120.695_ID_248935 1 1255

			Previous gap was negative, modifying coordinates to ignore overlap
				Moving contig start from 1 to 56.
			Align 14: 315284 316483 NODE_64_length_1255_cov_120.695_ID_248935 56 1255
				Negative gap (overlap) between this and next alignment: 316483 to 316429 (-54 bp)
				Next Alignment: 316429 381939 NODE_23_length_65505_cov_25.8332_ID_247271 1 65505

			Previous gap was negative, modifying coordinates to ignore overlap
				Moving contig start from 1 to 56.
			Align 15: 316484 381939 NODE_23_length_65505_cov_25.8332_ID_247271 56 65505
				Negative gap (overlap) between this and next alignment: 381939 to 381885 (-54 bp)
				Next Alignment: 381885 382590 NODE_71_length_706_cov_172.928_ID_248901 706 1

			Previous gap was negative, modifying coordinates to ignore overlap
				Moving contig start from 706 to 651.
			Align 16: 381940 382590 NODE_71_length_706_cov_172.928_ID_248901 651 1
				Negative gap (overlap) between this and next alignment: 382590 to 382536 (-54 bp)
				Next Alignment: 382536 391763 NODE_48_length_9228_cov_24.2804_ID_247962 1 9228

			Previous gap was negative, modifying coordinates to ignore overlap
				Moving contig start from 1 to 56.
			Align 17: 382591 391763 NODE_48_length_9228_cov_24.2804_ID_247962 56 9228
				Gap between this and next alignment: 391763 to 392909 (1145 bp)
				Next Alignment: 392909 525784 NODE_12_length_132873_cov_24.5907_ID_245037 1 132873

			Align 18: 392909 525784 NODE_12_length_132873_cov_24.5907_ID_245037 1 132873
				Gap between this and next alignment: 525784 to 526666 (881 bp)
				Next Alignment: 526666 566834 NODE_32_length_40170_cov_24.5233_ID_246856 1 40170

			Align 19: 526666 566834 NODE_32_length_40170_cov_24.5233_ID_246856 1 40170
				Gap between this and next alignment: 566834 to 567980 (1145 bp)
				Next Alignment: 567980 574645 NODE_50_length_6666_cov_24.8211_ID_248044 6666 1

			Align 20: 567980 574645 NODE_50_length_6666_cov_24.8211_ID_248044 6666 1
				Gap between this and next alignment: 574645 to 575731 (1085 bp)
				Next Alignment: 575731 580363 NODE_51_length_4633_cov_25.4976_ID_248359 1 4633

			Align 21: 575731 580363 NODE_51_length_4633_cov_25.4976_ID_248359 1 4633
				Gap between this and next alignment: 580363 to 581308 (944 bp)
				Next Alignment: 581308 608061 NODE_40_length_26752_cov_24.9001_ID_247695 26752 1

			Align 22: 581308 608061 NODE_40_length_26752_cov_24.9001_ID_247695 26752 1
				Gap between this and next alignment: 608061 to 609297 (1235 bp)
				Next Alignment: 609297 687905 NODE_21_length_78609_cov_24.4568_ID_246106 1 78609

			Align 23: 609297 687905 NODE_21_length_78609_cov_24.4568_ID_246106 1 78609
				Gap between this and next alignment: 687905 to 688991 (1085 bp)
				Next Alignment: 688991 729790 NODE_31_length_40796_cov_24.423_ID_246948 1 40796

			Align 24: 688991 729790 NODE_31_length_40796_cov_24.423_ID_246948 1 40796
				Gap between this and next alignment: 729790 to 733168 (3377 bp)
				Next Alignment: 733168 1049882 NODE_2_length_316717_cov_25.0126_ID_245176 1 316717

			Align 25: 733168 1049882 NODE_2_length_316717_cov_25.0126_ID_245176 1 316717
				Gap between this and next alignment: 1049882 to 1050491 (608 bp)
				Next Alignment: 1050491 1094299 NODE_28_length_43802_cov_24.6419_ID_246772 1 43802

			Align 26: 1050491 1094299 NODE_28_length_43802_cov_24.6419_ID_246772 1 43802
				Gap between this and next alignment: 1094299 to 1097142 (2842 bp)
				Next Alignment: 1097142 1270217 NODE_9_length_174580_cov_24.6979_ID_245606 1517 174580

			Align 27: 1097142 1270217 NODE_9_length_174580_cov_24.6979_ID_245606 1517 174580
				Gap between this and next alignment: 1270217 to 1270440 (222 bp)
				Next Alignment: 1270440 1299553 NODE_39_length_29115_cov_24.789_ID_247605 1 29115

			Align 28: 1270440 1299553 NODE_39_length_29115_cov_24.789_ID_247605 1 29115
				Gap between this and next alignment: 1299553 to 1300639 (1085 bp)
				Next Alignment: 1300639 1396098 NODE_17_length_95454_cov_24.4826_ID_245935 1 95454

			Align 29: 1300639 1396098 NODE_17_length_95454_cov_24.4826_ID_245935 1 95454
				Gap between this and next alignment: 1396098 to 1397184 (1085 bp)
				Next Alignment: 1397184 1428049 NODE_37_length_30866_cov_24.5692_ID_247227 30866 1

			Align 30: 1397184 1428049 NODE_37_length_30866_cov_24.5692_ID_247227 30866 1
				Gap between this and next alignment: 1428049 to 1428217 (167 bp)
				Next Alignment: 1428217 1432377 NODE_53_length_4161_cov_24.4959_ID_248217 4161 1

			Align 31: 1428217 1432377 NODE_53_length_4161_cov_24.4959_ID_248217 4161 1
				Gap between this and next alignment: 1432377 to 1434682 (2304 bp)
				Next Alignment: 1434682 1467964 NODE_34_length_33281_cov_24.3507_ID_247062 33281 1

			Align 32: 1434682 1467964 NODE_34_length_33281_cov_24.3507_ID_247062 33281 1
				Gap between this and next alignment: 1467964 to 1469296 (1331 bp)
				Next Alignment: 1469296 1470390 NODE_68_length_1095_cov_71.1769_ID_248943 1 1095

			Align 33: 1469296 1470390 NODE_68_length_1095_cov_71.1769_ID_248943 1 1095
				Gap between this and next alignment: 1470390 to 1470462 (71 bp)
				Next Alignment: 1470462 1528238 NODE_25_length_57775_cov_24.3318_ID_246480 1 57775

			Align 34: 1470462 1528238 NODE_25_length_57775_cov_24.3318_ID_246480 1 57775
				Negative gap (overlap) between this and next alignment: 1528238 to 1528184 (-54 bp)
				Next Alignment: 1528184 1529174 NODE_70_length_991_cov_46.5427_ID_248937 1 991

			Previous gap was negative, modifying coordinates to ignore overlap
				Moving contig start from 1 to 56.
			Align 35: 1528239 1529174 NODE_70_length_991_cov_46.5427_ID_248937 56 991
				Negative gap (overlap) between this and next alignment: 1529174 to 1529120 (-54 bp)
				Next Alignment: 1529120 1570724 NODE_29_length_41599_cov_25.6403_ID_247465 1 41599

			Previous gap was negative, modifying coordinates to ignore overlap
				Moving contig start from 1 to 56.
			Align 36: 1529175 1570724 NODE_29_length_41599_cov_25.6403_ID_247465 56 41599
				Negative gap (overlap) between this and next alignment: 1570724 to 1570670 (-54 bp)
				Next Alignment: 1570670 1571901 NODE_65_length_1232_cov_48.0901_ID_248949 1232 1

			Previous gap was negative, modifying coordinates to ignore overlap
				Moving contig start from 1232 to 1177.
			Align 37: 1570725 1571901 NODE_65_length_1232_cov_48.0901_ID_248949 1177 1
				Negative gap (overlap) between this and next alignment: 1571901 to 1571847 (-54 bp)
				Next Alignment: 1571847 1632614 NODE_24_length_60767_cov_24.2522_ID_246252 1 60767

			Previous gap was negative, modifying coordinates to ignore overlap
				Moving contig start from 1 to 56.
			Align 38: 1571902 1632614 NODE_24_length_60767_cov_24.2522_ID_246252 56 60767
				Negative gap (overlap) between this and next alignment: 1632614 to 1632560 (-54 bp)
				Next Alignment: 1632560 1634608 NODE_59_length_2049_cov_49.2748_ID_248957 1 2049

			Previous gap was negative, modifying coordinates to ignore overlap
				Moving contig start from 1 to 56.
			Align 39: 1632615 1634608 NODE_59_length_2049_cov_49.2748_ID_248957 56 2049
				Gap between this and next alignment: 1634608 to 1634919 (310 bp)
				Next Alignment: 1634919 1650897 NODE_43_length_15982_cov_25.5715_ID_247745 15982 1

			Align 40: 1634919 1650897 NODE_43_length_15982_cov_25.5715_ID_247745 15982 1
				Gap between this and next alignment: 1650897 to 1651494 (596 bp)
				Next Alignment: 1651494 1978557 NODE_1_length_327046_cov_24.4146_ID_244855 327046 1

			Align 41: 1651494 1978557 NODE_1_length_327046_cov_24.4146_ID_244855 327046 1
				Gap between this and next alignment: 1978557 to 1979166 (608 bp)
				Next Alignment: 1979166 2066229 NODE_20_length_87058_cov_24.4458_ID_246623 1 87058

			Align 42: 1979166 2066229 NODE_20_length_87058_cov_24.4458_ID_246623 1 87058
				Gap between this and next alignment: 2066229 to 2067246 (1016 bp)
				Next Alignment: 2067246 2068995 NODE_60_length_1750_cov_23.2873_ID_248431 1750 1

			Align 43: 2067246 2068995 NODE_60_length_1750_cov_23.2873_ID_248431 1750 1
				Gap between this and next alignment: 2068995 to 2070219 (1223 bp)
				Next Alignment: 2070219 2101803 NODE_35_length_31580_cov_24.4441_ID_247018 1 31580

			Align 44: 2070219 2101803 NODE_35_length_31580_cov_24.4441_ID_247018 1 31580
				Gap between this and next alignment: 2101803 to 2102889 (1085 bp)
				Next Alignment: 2102889 2170228 NODE_22_length_67336_cov_24.2501_ID_246206 67336 1

			Align 45: 2102889 2170228 NODE_22_length_67336_cov_24.2501_ID_246206 67336 1
				Gap between this and next alignment: 2170228 to 2171374 (1145 bp)
				Next Alignment: 2171374 2288973 NODE_15_length_117597_cov_24.4117_ID_246349 117597 1

			Align 46: 2171374 2288973 NODE_15_length_117597_cov_24.4117_ID_246349 117597 1
				Gap between this and next alignment: 2288973 to 2290059 (1085 bp)
				Next Alignment: 2290059 2304389 NODE_5_length_224152_cov_24.4554_ID_244965 1 14331

			Align 47: 2290059 2304389 NODE_5_length_224152_cov_24.4554_ID_244965 1 14331
				Gap between this and next alignment: 2304389 to 2304503 (113 bp)
				Next Alignment: 2304503 2514327 NODE_5_length_224152_cov_24.4554_ID_244965 14332 224152

			Align 48: 2304503 2514327 NODE_5_length_224152_cov_24.4554_ID_244965 14332 224152
				Gap between this and next alignment: 2514327 to 2515563 (1235 bp)
				Next Alignment: 2515563 2726118 NODE_6_length_210547_cov_24.4875_ID_248287 1 210547

			Align 49: 2515563 2726118 NODE_6_length_210547_cov_24.4875_ID_248287 1 210547
				Gap between this and next alignment: 2726118 to 2731431 (5312 bp)
				Next Alignment: 2731431 2996415 NODE_4_length_264972_cov_24.4236_ID_245081 1 264972

			Align 50: 2731431 2996415 NODE_4_length_264972_cov_24.4236_ID_245081 1 264972
				Gap between this and next alignment: 2996415 to 2997638 (1222 bp)
				Next Alignment: 2997638 3130200 NODE_13_length_132559_cov_24.3643_ID_246148 132559 1

			Align 51: 2997638 3130200 NODE_13_length_132559_cov_24.3643_ID_246148 132559 1
				Gap between this and next alignment: 3130200 to 3131286 (1085 bp)
				Next Alignment: 3131286 3186150 NODE_27_length_54868_cov_24.429_ID_246520 54868 1

			Align 52: 3131286 3186150 NODE_27_length_54868_cov_24.429_ID_246520 54868 1
				Gap between this and next alignment: 3186150 to 3187372 (1221 bp)
				Next Alignment: 3187372 3365610 NODE_8_length_178236_cov_24.4478_ID_246294 1 178236

			Align 53: 3187372 3365610 NODE_8_length_178236_cov_24.4478_ID_246294 1 178236
				Gap between this and next alignment: 3365610 to 3366696 (1085 bp)
				Next Alignment: 3366696 3423313 NODE_26_length_56618_cov_24.3794_ID_249289 56618 1

			Align 54: 3366696 3423313 NODE_26_length_56618_cov_24.3794_ID_249289 56618 1
				Gap between this and next alignment: 3423313 to 3423418 (104 bp)
				Next Alignment: 3423418 3426803 NODE_55_length_3386_cov_164.903_ID_247126 1 3386

			Align 55: 3423418 3426803 NODE_55_length_3386_cov_164.903_ID_247126 1 3386
				Gap between this and next alignment: 3426803 to 3428854 (2050 bp)
				Next Alignment: 3428854 3470218 NODE_30_length_41362_cov_24.5831_ID_246816 41362 1

			Align 56: 3428854 3470218 NODE_30_length_41362_cov_24.5831_ID_246816 41362 1
				Gap between this and next alignment: 3470218 to 3471140 (921 bp)
				Next Alignment: 3471140 3583532 NODE_16_length_112389_cov_24.487_ID_245554 1 112389

			Align 57: 3471140 3583532 NODE_16_length_112389_cov_24.487_ID_245554 1 112389
				Gap between this and next alignment: 3583532 to 3584141 (608 bp)
				Next Alignment: 3584141 3619399 NODE_33_length_35256_cov_24.4477_ID_246900 1 35256

			Align 58: 3584141 3619399 NODE_33_length_35256_cov_24.4477_ID_246900 1 35256
				Negative gap (overlap) between this and next alignment: 3619399 to 3619345 (-54 bp)
				Next Alignment: 3619345 3621940 NODE_57_length_2596_cov_74.0799_ID_248907 2596 1

			Previous gap was negative, modifying coordinates to ignore overlap
				Moving contig start from 2596 to 2541.
			Align 59: 3619400 3621940 NODE_57_length_2596_cov_74.0799_ID_248907 2541 1
				Gap between this and next alignment: 3621940 to 3622777 (836 bp)
				Next Alignment: 3622777 3623924 NODE_67_length_1148_cov_25.2644_ID_248461 1 1148

			Align 60: 3622777 3623924 NODE_67_length_1148_cov_25.2644_ID_248461 1 1148
				Gap between this and next alignment: 3623924 to 3625414 (1489 bp)
				Next Alignment: 3625414 3652090 NODE_41_length_26676_cov_24.4054_ID_247344 26676 1

			Align 61: 3625414 3652090 NODE_41_length_26676_cov_24.4054_ID_247344 26676 1
				Gap between this and next alignment: 3652090 to 3653176 (1085 bp)
				Next Alignment: 3653176 3666259 NODE_45_length_13084_cov_24.8103_ID_247803 13084 1

			Align 62: 3653176 3666259 NODE_45_length_13084_cov_24.8103_ID_247803 13084 1
				Gap between this and next alignment: 3666259 to 3667382 (1122 bp)
				Next Alignment: 3667382 3762390 NODE_18_length_95006_cov_24.2503_ID_246568 1 95006

			Align 63: 3667382 3762390 NODE_18_length_95006_cov_24.2503_ID_246568 1 95006
				Gap between this and next alignment: 3762390 to 3765768 (3377 bp)
				Next Alignment: 3765768 3767274 NODE_62_length_1507_cov_28.6632_ID_248523 1507 1

			Align 64: 3765768 3767274 NODE_62_length_1507_cov_28.6632_ID_248523 1507 1
				Gap between this and next alignment: 3767274 to 3767521 (246 bp)
				Next Alignment: 3767521 3941502 NODE_10_length_173984_cov_24.4101_ID_244903 173984 1

			Align 65: 3767521 3941502 NODE_10_length_173984_cov_24.4101_ID_244903 173984 1
				Gap between this and next alignment: 3941502 to 3946770 (5267 bp)
				Next Alignment: 3946770 4035225 NODE_19_length_88457_cov_24.5274_ID_246707 1 88457

			Align 66: 3946770 4035225 NODE_19_length_88457_cov_24.5274_ID_246707 1 88457
				Gap between this and next alignment: 4035225 to 4040746 (5520 bp)
				Next Alignment: 4040746 4166353 NODE_14_length_125624_cov_24.6184_ID_246393 1 125624

			Align 67: 4040746 4166353 NODE_14_length_125624_cov_24.6184_ID_246393 1 125624
				Gap between this and next alignment: 4166353 to 4171866 (5512 bp)
				Next Alignment: 4171866 4176133 NODE_52_length_4268_cov_24.0586_ID_248151 4268 1

			Align 68: 4171866 4176133 NODE_52_length_4268_cov_24.0586_ID_248151 4268 1
				Negative gap (overlap) between this and next alignment: 4176133 to 4176079 (-54 bp)
				Next Alignment: 4176079 4177109 NODE_69_length_1031_cov_49.4344_ID_248947 1 1031

			Previous gap was negative, modifying coordinates to ignore overlap
				Moving contig start from 1 to 56.
			Align 69: 4176134 4177109 NODE_69_length_1031_cov_49.4344_ID_248947 56 1031
				Negative gap (overlap) between this and next alignment: 4177109 to 4177055 (-54 bp)
				Next Alignment: 4177055 4208055 NODE_36_length_31001_cov_24.6165_ID_247185 31001 1

			Previous gap was negative, modifying coordinates to ignore overlap
				Moving contig start from 31001 to 30946.
			Align 70: 4177110 4208055 NODE_36_length_31001_cov_24.6165_ID_247185 30946 1
				Negative gap (overlap) between this and next alignment: 4208055 to 4208001 (-54 bp)
				Next Alignment: 4208001 4209702 NODE_61_length_1702_cov_167.212_ID_248913 1 1702

			Previous gap was negative, modifying coordinates to ignore overlap
				Moving contig start from 1 to 56.
			Align 71: 4208056 4209702 NODE_61_length_1702_cov_167.212_ID_248913 56 1702
				Gap between this and next alignment: 4209702 to 4213110 (3407 bp)
				Next Alignment: 4213110 4295836 NODE_3_length_284899_cov_24.5105_ID_245764 1 82720

			Align 72: 4213110 4295836 NODE_3_length_284899_cov_24.5105_ID_245764 1 82720
				Gap between this and next alignment: 4295836 to 4296061 (224 bp)
				Next Alignment: 4296061 4498235 NODE_3_length_284899_cov_24.5105_ID_245764 82721 284899

			Align 73: 4296061 4498235 NODE_3_length_284899_cov_24.5105_ID_245764 82721 284899
				Gap between this and next alignment: 4498235 to 4499457 (1221 bp)
				Next Alignment: 4499457 4507513 NODE_49_length_8058_cov_24.1521_ID_248004 8058 1

			Align 74: 4499457 4507513 NODE_49_length_8058_cov_24.1521_ID_248004 8058 1
				Gap between this and next alignment: 4507513 to 4508625 (1111 bp)
				Next Alignment: 4508625 4641650 NODE_11_length_133026_cov_24.3978_ID_245869 133026 1

			Align 75: 4508625 4641650 NODE_11_length_133026_cov_24.3978_ID_245869 133026 1
			END in gap: 4641650 to 4641652 (2 bp)

Analysis is finished!
Founded SNPs were written into /net/metagenomics/projects/afritz_assemblies/Coverage_Sweep_wgsim/005_error/SPAdes_cov128/quast/runs_per_reference/e_coli_k12/contigs_reports/nucmer_output/scaffolds.used_snps

Results:
	Local Misassemblies: 2
	Misassemblies: 0
		Relocations: 0
		Translocations: 0
		Inversions: 0
	Misassembled Contigs: 0
	Misassembled Contig Bases: 0
	Misassemblies Inter-Contig Overlap: 0
Uncovered Regions: 0 (0)
Unaligned Contigs: 0 + 0 part
Partially Unaligned Contigs with Misassemblies: 0
Unaligned Contig Bases: 0

Ambiguously Mapped Contigs: 13
Total Bases in Ambiguously Mapped Contigs: 16416
Note that --allow-ambiguity option was set to "one" and only first alignment per each contig was used.

	Covered Bases: 4560856

	SNPs: 2807
	Insertions: 229
	Deletions: 339

	Positive Gaps: 57
		Internal Gaps:  2
		External Gaps:  55
		External Gap Total:  80459
		External Gap Average: 1463
	Negative Gaps: 19
		Internal Overlaps:  0
		External Overlaps:  19
		External Overlaps Total: -1005
		External Overlaps Average: -53
	Contigs with Redundant Alignments: 0 (0)
