Aligning contigs to reference...
	Running Nucmer
Parsing coords...
Loading Assembly...
Loading reference...
	Loaded [Buchnera_aphidicola_Acyrthosiphon_pisum_ancestor]
Loading SNPs...
Loading regions...
	No regions given, using whole reference.
	Total Regions: 1
	Total Region Length: 641799
Analyzing contigs...
CONTIG: k99_105_flag_0_multi_48.0112_len_30347 (30347bp)
Top Length: 30347  Top ID: 100.0
		One align captures most of this contig: 431256 461602 | 1 30347 | 30347 30347 | 100.0 | Buchnera_aphidicola_Acyrthosiphon_pisum_ancestor k99_105_flag_0_multi_48.0112_len_30347

CONTIG: k99_120_flag_0_multi_47.0244_len_17448 (17448bp)
Top Length: 17448  Top ID: 100.0
		One align captures most of this contig: 320418 337865 | 17448 1 | 17448 17448 | 100.0 | Buchnera_aphidicola_Acyrthosiphon_pisum_ancestor k99_120_flag_0_multi_47.0244_len_17448

CONTIG: k99_121_flag_0_multi_44.0632_len_9306 (9306bp)
Top Length: 9306  Top ID: 100.0
		One align captures most of this contig: 253928 263233 | 9306 1 | 9306 9306 | 100.0 | Buchnera_aphidicola_Acyrthosiphon_pisum_ancestor k99_121_flag_0_multi_44.0632_len_9306

CONTIG: k99_80_flag_0_multi_48.3346_len_8478 (8478bp)
		This contig is unaligned. (8478 bp)
		Unaligned bases: 8478  total: 8478

CONTIG: k99_53_flag_0_multi_46.2132_len_19814 (19814bp)
Top Length: 19814  Top ID: 100.0
		One align captures most of this contig: 337772 357585 | 19814 1 | 19814 19814 | 100.0 | Buchnera_aphidicola_Acyrthosiphon_pisum_ancestor k99_53_flag_0_multi_46.2132_len_19814

CONTIG: k99_110_flag_0_multi_46.4980_len_45036 (45036bp)
Top Length: 45036  Top ID: 100.0
		One align captures most of this contig: 275449 320484 | 45036 1 | 45036 45036 | 100.0 | Buchnera_aphidicola_Acyrthosiphon_pisum_ancestor k99_110_flag_0_multi_46.4980_len_45036

CONTIG: k99_48_flag_0_multi_47.1130_len_20945 (20945bp)
Top Length: 20945  Top ID: 100.0
		One align captures most of this contig: 13091 34035 | 20945 1 | 20945 20945 | 100.0 | Buchnera_aphidicola_Acyrthosiphon_pisum_ancestor k99_48_flag_0_multi_47.1130_len_20945

CONTIG: k99_37_flag_0_multi_50.2091_len_9643 (9643bp)
Top Length: 9643  Top ID: 100.0
		One align captures most of this contig: 513844 523486 | 9643 1 | 9643 9643 | 100.0 | Buchnera_aphidicola_Acyrthosiphon_pisum_ancestor k99_37_flag_0_multi_50.2091_len_9643

CONTIG: k99_144_flag_0_multi_48.5551_len_29042 (29042bp)
Top Length: 29042  Top ID: 100.0
		One align captures most of this contig: 144478 173519 | 29042 1 | 29042 29042 | 100.0 | Buchnera_aphidicola_Acyrthosiphon_pisum_ancestor k99_144_flag_0_multi_48.5551_len_29042

CONTIG: k99_32_flag_0_multi_47.7303_len_29739 (29739bp)
		This contig is unaligned. (29739 bp)
		Unaligned bases: 29739  total: 38217

CONTIG: k99_26_flag_0_multi_46.0190_len_5572 (5572bp)
		This contig is unaligned. (5572 bp)
		Unaligned bases: 5572  total: 43789

CONTIG: k99_131_flag_0_multi_45.5453_len_16520 (16520bp)
Top Length: 16520  Top ID: 100.0
		One align captures most of this contig: 616890 633409 | 1 16520 | 16520 16520 | 100.0 | Buchnera_aphidicola_Acyrthosiphon_pisum_ancestor k99_131_flag_0_multi_45.5453_len_16520

CONTIG: k99_72_flag_0_multi_39.9105_len_1920 (1920bp)
		This contig is unaligned. (1920 bp)
		Unaligned bases: 1920  total: 45709

CONTIG: k99_56_flag_0_multi_46.8259_len_12569 (12569bp)
Top Length: 12569  Top ID: 100.0
		One align captures most of this contig: 131956 144524 | 12569 1 | 12569 12569 | 100.0 | Buchnera_aphidicola_Acyrthosiphon_pisum_ancestor k99_56_flag_0_multi_46.8259_len_12569

CONTIG: k99_64_flag_0_multi_46.2499_len_8478 (8478bp)
Top Length: 8478  Top ID: 100.0
		One align captures most of this contig: 633321 641798 | 8478 1 | 8478 8478 | 100.0 | Buchnera_aphidicola_Acyrthosiphon_pisum_ancestor k99_64_flag_0_multi_46.2499_len_8478

CONTIG: k99_104_flag_0_multi_45.1633_len_3425 (3425bp)
Top Length: 3425  Top ID: 100.0
		One align captures most of this contig: 270012 273436 | 1 3425 | 3425 3425 | 100.0 | Buchnera_aphidicola_Acyrthosiphon_pisum_ancestor k99_104_flag_0_multi_45.1633_len_3425

CONTIG: k99_45_flag_0_multi_44.0074_len_10435 (10435bp)
		This contig is unaligned. (10435 bp)
		Unaligned bases: 10435  total: 56144

CONTIG: k99_60_flag_0_multi_46.5784_len_44861 (44861bp)
Top Length: 44861  Top ID: 100.0
		One align captures most of this contig: 183135 227995 | 1 44861 | 44861 44861 | 100.0 | Buchnera_aphidicola_Acyrthosiphon_pisum_ancestor k99_60_flag_0_multi_46.5784_len_44861

CONTIG: k99_128_flag_0_multi_44.0547_len_8504 (8504bp)
		This contig is unaligned. (8504 bp)
		Unaligned bases: 8504  total: 64648

CONTIG: k99_139_flag_0_multi_47.5511_len_17665 (17665bp)
Top Length: 17665  Top ID: 100.0
		One align captures most of this contig: 461519 479183 | 17665 1 | 17665 17665 | 100.0 | Buchnera_aphidicola_Acyrthosiphon_pisum_ancestor k99_139_flag_0_multi_47.5511_len_17665

CONTIG: k99_29_flag_0_multi_47.5458_len_31987 (31987bp)
		This contig is unaligned. (31987 bp)
		Unaligned bases: 31987  total: 96635

CONTIG: k99_123_flag_0_multi_43.7669_len_12770 (12770bp)
Top Length: 12770  Top ID: 100.0
		One align captures most of this contig: 1 12770 | 12770 1 | 12770 12770 | 100.0 | Buchnera_aphidicola_Acyrthosiphon_pisum_ancestor k99_123_flag_0_multi_43.7669_len_12770

CONTIG: k99_135_flag_0_multi_50.1079_len_4251 (4251bp)
		This contig is unaligned. (4251 bp)
		Unaligned bases: 4251  total: 100886

CONTIG: k99_84_flag_0_multi_47.1994_len_2195 (2195bp)
Top Length: 2195  Top ID: 100.0
		One align captures most of this contig: 273343 275537 | 1 2195 | 2195 2195 | 100.0 | Buchnera_aphidicola_Acyrthosiphon_pisum_ancestor k99_84_flag_0_multi_47.1994_len_2195

CONTIG: k99_43_flag_0_multi_49.1378_len_5337 (5337bp)
		This contig is unaligned. (5337 bp)
		Unaligned bases: 5337  total: 106223

CONTIG: k99_95_flag_0_multi_46.3203_len_19814 (19814bp)
		This contig is unaligned. (19814 bp)
		Unaligned bases: 19814  total: 126037

CONTIG: k99_79_flag_0_multi_44.9909_len_19749 (19749bp)
Top Length: 19749  Top ID: 100.0
		One align captures most of this contig: 53167 72915 | 19749 1 | 19749 19749 | 100.0 | Buchnera_aphidicola_Acyrthosiphon_pisum_ancestor k99_79_flag_0_multi_44.9909_len_19749

CONTIG: k99_38_flag_0_multi_41.7888_len_4853 (4853bp)
		This contig is unaligned. (4853 bp)
		Unaligned bases: 4853  total: 130890

CONTIG: k99_137_flag_0_multi_47.0850_len_18788 (18788bp)
Top Length: 18788  Top ID: 100.0
		One align captures most of this contig: 592895 611682 | 1 18788 | 18788 18788 | 100.0 | Buchnera_aphidicola_Acyrthosiphon_pisum_ancestor k99_137_flag_0_multi_47.0850_len_18788

CONTIG: k99_69_flag_0_multi_47.6653_len_14685 (14685bp)
		This contig is unaligned. (14685 bp)
		Unaligned bases: 14685  total: 145575

CONTIG: k99_61_flag_0_multi_45.2809_len_1957 (1957bp)
Top Length: 1957  Top ID: 100.0
		One align captures most of this contig: 173437 175393 | 1957 1 | 1957 1957 | 100.0 | Buchnera_aphidicola_Acyrthosiphon_pisum_ancestor k99_61_flag_0_multi_45.2809_len_1957

CONTIG: k99_118_flag_0_multi_56.1655_len_1851 (1851bp)
Top Length: 1851  Top ID: 100.0
		One align captures most of this contig: 494427 496277 | 1 1851 | 1851 1851 | 100.0 | Buchnera_aphidicola_Acyrthosiphon_pisum_ancestor k99_118_flag_0_multi_56.1655_len_1851

CONTIG: k99_28_flag_0_multi_49.3944_len_12458 (12458bp)
		This contig is unaligned. (12458 bp)
		Unaligned bases: 12458  total: 158033

CONTIG: k99_86_flag_0_multi_49.4573_len_9216 (9216bp)
Top Length: 9216  Top ID: 100.0
		One align captures most of this contig: 417567 426782 | 1 9216 | 9216 9216 | 100.0 | Buchnera_aphidicola_Acyrthosiphon_pisum_ancestor k99_86_flag_0_multi_49.4573_len_9216

CONTIG: k99_101_flag_0_multi_48.1774_len_6098 (6098bp)
Top Length: 6098  Top ID: 100.0
		One align captures most of this contig: 175302 181399 | 1 6098 | 6098 6098 | 100.0 | Buchnera_aphidicola_Acyrthosiphon_pisum_ancestor k99_101_flag_0_multi_48.1774_len_6098

CONTIG: k99_103_flag_0_multi_47.3554_len_19444 (19444bp)
Top Length: 332  Top ID: 96.08
		This contig is partially unaligned. (Aligned 332 out of 19444 bases)
		Alignment: 72584 72915 | 332 1 | 332 332 | 96.08 | Buchnera_aphidicola_Acyrthosiphon_pisum_ancestor k99_103_flag_0_multi_47.3554_len_19444
		Unaligned bases: 333 to 19444 (19112)

CONTIG: k99_129_flag_0_multi_45.3160_len_10994 (10994bp)
Top Length: 246  Top ID: 96.34
		This contig is partially unaligned. (Aligned 246 out of 10994 bases)
		Alignment: 183135 183380 | 1 246 | 246 246 | 96.34 | Buchnera_aphidicola_Acyrthosiphon_pisum_ancestor k99_129_flag_0_multi_45.3160_len_10994
		Unaligned bases: 247 to 10994 (10748)

CONTIG: k99_102_flag_0_multi_47.5222_len_15383 (15383bp)
Top Length: 15383  Top ID: 100.0
		One align captures most of this contig: 577604 592986 | 15383 1 | 15383 15383 | 100.0 | Buchnera_aphidicola_Acyrthosiphon_pisum_ancestor k99_102_flag_0_multi_47.5222_len_15383

CONTIG: k99_51_flag_0_multi_47.6731_len_20837 (20837bp)
		This contig is unaligned. (20837 bp)
		Unaligned bases: 20837  total: 178870

CONTIG: k99_93_flag_0_multi_47.6562_len_20974 (20974bp)
		This contig is unaligned. (20974 bp)
		Unaligned bases: 20974  total: 199844

CONTIG: k99_21_flag_0_multi_46.2453_len_12995 (12995bp)
		This contig is unaligned. (12995 bp)
		Unaligned bases: 12995  total: 212839

CONTIG: k99_82_flag_0_multi_53.3625_len_1495 (1495bp)
Top Length: 1495  Top ID: 100.0
		One align captures most of this contig: 523392 524886 | 1495 1 | 1495 1495 | 100.0 | Buchnera_aphidicola_Acyrthosiphon_pisum_ancestor k99_82_flag_0_multi_53.3625_len_1495

CONTIG: k99_85_flag_0_multi_48.3389_len_10365 (10365bp)
Top Length: 10365  Top ID: 100.0
		One align captures most of this contig: 479086 489450 | 1 10365 | 10365 10365 | 100.0 | Buchnera_aphidicola_Acyrthosiphon_pisum_ancestor k99_85_flag_0_multi_48.3389_len_10365

CONTIG: k99_83_flag_0_multi_46.0902_len_5156 (5156bp)
Top Length: 5156  Top ID: 100.0
		One align captures most of this contig: 489366 494521 | 5156 1 | 5156 5156 | 100.0 | Buchnera_aphidicola_Acyrthosiphon_pisum_ancestor k99_83_flag_0_multi_46.0902_len_5156

CONTIG: k99_142_flag_0_multi_47.0625_len_24192 (24192bp)
		This contig is unaligned. (24192 bp)
		Unaligned bases: 24192  total: 237031

CONTIG: k99_34_flag_0_multi_51.1298_len_5337 (5337bp)
Top Length: 5337  Top ID: 100.0
		One align captures most of this contig: 611619 616955 | 5337 1 | 5337 5337 | 100.0 | Buchnera_aphidicola_Acyrthosiphon_pisum_ancestor k99_34_flag_0_multi_51.1298_len_5337

CONTIG: k99_115_flag_0_multi_45.0645_len_6979 (6979bp)
Top Length: 6979  Top ID: 100.0
		One align captures most of this contig: 524818 531796 | 6979 1 | 6979 6979 | 100.0 | Buchnera_aphidicola_Acyrthosiphon_pisum_ancestor k99_115_flag_0_multi_45.0645_len_6979

CONTIG: k99_17_flag_0_multi_46.0650_len_5541 (5541bp)
Top Length: 5541  Top ID: 100.0
		One align captures most of this contig: 363460 369000 | 5541 1 | 5541 5541 | 100.0 | Buchnera_aphidicola_Acyrthosiphon_pisum_ancestor k99_17_flag_0_multi_46.0650_len_5541

CONTIG: k99_96_flag_0_multi_48.0900_len_6011 (6011bp)
Top Length: 6011  Top ID: 100.0
		One align captures most of this contig: 357488 363498 | 6011 1 | 6011 6011 | 100.0 | Buchnera_aphidicola_Acyrthosiphon_pisum_ancestor k99_96_flag_0_multi_48.0900_len_6011

CONTIG: k99_55_flag_0_multi_49.0608_len_14761 (14761bp)
Top Length: 14761  Top ID: 100.0
		One align captures most of this contig: 38494 53254 | 1 14761 | 14761 14761 | 100.0 | Buchnera_aphidicola_Acyrthosiphon_pisum_ancestor k99_55_flag_0_multi_49.0608_len_14761

CONTIG: k99_78_flag_0_multi_44.4728_len_1495 (1495bp)
		This contig is unaligned. (1495 bp)
		Unaligned bases: 1495  total: 238526

CONTIG: k99_138_flag_0_multi_45.0014_len_3026 (3026bp)
		This contig is unaligned. (3026 bp)
		Unaligned bases: 3026  total: 241552

CONTIG: k99_23_flag_0_multi_46.1166_len_4600 (4600bp)
Top Length: 4600  Top ID: 100.0
		One align captures most of this contig: 33951 38550 | 1 4600 | 4600 4600 | 100.0 | Buchnera_aphidicola_Acyrthosiphon_pisum_ancestor k99_23_flag_0_multi_46.1166_len_4600

CONTIG: k99_99_flag_0_multi_47.1566_len_5292 (5292bp)
Top Length: 5292  Top ID: 100.0
		One align captures most of this contig: 264816 270107 | 5292 1 | 5292 5292 | 100.0 | Buchnera_aphidicola_Acyrthosiphon_pisum_ancestor k99_99_flag_0_multi_47.1566_len_5292

CONTIG: k99_81_flag_0_multi_49.1885_len_2195 (2195bp)
		This contig is unaligned. (2195 bp)
		Unaligned bases: 2195  total: 243747

CONTIG: k99_91_flag_0_multi_49.5129_len_1727 (1727bp)
		This contig is unaligned. (1727 bp)
		Unaligned bases: 1727  total: 245474

CONTIG: k99_30_flag_0_multi_52.3988_len_4663 (4663bp)
		This contig is unaligned. (4663 bp)
		Unaligned bases: 4663  total: 250137

CONTIG: k99_75_flag_0_multi_49.5160_len_1727 (1727bp)
Top Length: 1727  Top ID: 100.0
		One align captures most of this contig: 263175 264901 | 1 1727 | 1727 1727 | 100.0 | Buchnera_aphidicola_Acyrthosiphon_pisum_ancestor k99_75_flag_0_multi_49.5160_len_1727

CONTIG: k99_73_flag_0_multi_45.6565_len_27782 (27782bp)
		This contig is unaligned. (27782 bp)
		Unaligned bases: 27782  total: 277919

CONTIG: k99_59_flag_0_multi_46.2253_len_25141 (25141bp)
		This contig is unaligned. (25141 bp)
		Unaligned bases: 25141  total: 303060

CONTIG: k99_25_flag_0_multi_50.1681_len_4425 (4425bp)
		This contig is unaligned. (4425 bp)
		Unaligned bases: 4425  total: 307485

CONTIG: k99_88_flag_0_multi_50.3034_len_6098 (6098bp)
		This contig is unaligned. (6098 bp)
		Unaligned bases: 6098  total: 313583

CONTIG: k99_70_flag_0_multi_45.6213_len_4551 (4551bp)
Top Length: 4551  Top ID: 100.0
		One align captures most of this contig: 111026 115576 | 4551 1 | 4551 4551 | 100.0 | Buchnera_aphidicola_Acyrthosiphon_pisum_ancestor k99_70_flag_0_multi_45.6213_len_4551

CONTIG: k99_12_flag_0_multi_46.8021_len_5541 (5541bp)
		This contig is unaligned. (5541 bp)
		Unaligned bases: 5541  total: 319124

CONTIG: k99_44_flag_0_multi_48.0313_len_11476 (11476bp)
		This contig is unaligned. (11476 bp)
		Unaligned bases: 11476  total: 330600

CONTIG: k99_113_flag_0_multi_45.8679_len_21742 (21742bp)
		This contig is unaligned. (21742 bp)
		Unaligned bases: 21742  total: 352342

CONTIG: k99_130_flag_0_multi_45.1284_len_4251 (4251bp)
Top Length: 4251  Top ID: 100.0
		One align captures most of this contig: 381819 386069 | 1 4251 | 4251 4251 | 100.0 | Buchnera_aphidicola_Acyrthosiphon_pisum_ancestor k99_130_flag_0_multi_45.1284_len_4251

CONTIG: k99_11_flag_0_multi_48.1491_len_3425 (3425bp)
		This contig is unaligned. (3425 bp)
		Unaligned bases: 3425  total: 355767

CONTIG: k99_132_flag_0_multi_47.6993_len_12768 (12768bp)
		This contig is unaligned. (12768 bp)
		Unaligned bases: 12768  total: 368535

CONTIG: k99_46_flag_0_multi_46.6523_len_16525 (16525bp)
Top Length: 16525  Top ID: 100.0
		One align captures most of this contig: 115480 132004 | 1 16525 | 16525 16525 | 100.0 | Buchnera_aphidicola_Acyrthosiphon_pisum_ancestor k99_46_flag_0_multi_46.6523_len_16525

CONTIG: k99_117_flag_0_multi_52.2083_len_1851 (1851bp)
		This contig is unaligned. (1851 bp)
		Unaligned bases: 1851  total: 370386

CONTIG: k99_15_flag_0_multi_46.0168_len_15342 (15342bp)
		This contig is unaligned. (15342 bp)
		Unaligned bases: 15342  total: 385728

CONTIG: k99_16_flag_0_multi_49.5499_len_10365 (10365bp)
		This contig is unaligned. (10365 bp)
		Unaligned bases: 10365  total: 396093

CONTIG: k99_49_flag_0_multi_48.0897_len_4268 (4268bp)
		This contig is unaligned. (4268 bp)
		Unaligned bases: 4268  total: 400361

CONTIG: k99_50_flag_0_multi_47.9074_len_26980 (26980bp)
		This contig is unaligned. (26980 bp)
		Unaligned bases: 26980  total: 427341

CONTIG: k99_62_flag_0_multi_51.1634_len_4425 (4425bp)
Top Length: 4425  Top ID: 100.0
		One align captures most of this contig: 72828 77252 | 1 4425 | 4425 4425 | 100.0 | Buchnera_aphidicola_Acyrthosiphon_pisum_ancestor k99_62_flag_0_multi_51.1634_len_4425

CONTIG: k99_124_flag_0_multi_45.1447_len_27449 (27449bp)
Top Length: 27449  Top ID: 100.0
		One align captures most of this contig: 531717 559165 | 1 27449 | 27449 27449 | 100.0 | Buchnera_aphidicola_Acyrthosiphon_pisum_ancestor k99_124_flag_0_multi_45.1447_len_27449

CONTIG: k99_20_flag_0_multi_43.7888_len_4663 (4663bp)
Top Length: 4663  Top ID: 100.0
		One align captures most of this contig: 426686 431348 | 1 4663 | 4663 4663 | 100.0 | Buchnera_aphidicola_Acyrthosiphon_pisum_ancestor k99_20_flag_0_multi_43.7888_len_4663

CONTIG: k99_143_flag_0_multi_47.5930_len_34936 (34936bp)
		This contig is unaligned. (34936 bp)
		Unaligned bases: 34936  total: 462277

CONTIG: k99_22_flag_0_multi_46.0325_len_17721 (17721bp)
Top Length: 17721  Top ID: 100.0
		One align captures most of this contig: 236305 254025 | 17721 1 | 17721 17721 | 100.0 | Buchnera_aphidicola_Acyrthosiphon_pisum_ancestor k99_22_flag_0_multi_46.0325_len_17721

CONTIG: k99_127_flag_0_multi_49.0261_len_10192 (10192bp)
		This contig is unaligned. (10192 bp)
		Unaligned bases: 10192  total: 472469

CONTIG: k99_145_flag_0_multi_46.4380_len_17671 (17671bp)
Top Length: 17671  Top ID: 100.0
		One align captures most of this contig: 496237 513907 | 1 17671 | 17671 17671 | 100.0 | Buchnera_aphidicola_Acyrthosiphon_pisum_ancestor k99_145_flag_0_multi_46.4380_len_17671

CONTIG: k99_14_flag_0_multi_47.1610_len_18548 (18548bp)
Top Length: 18548  Top ID: 99.99
		One align captures most of this contig: 559155 577702 | 1 18548 | 18548 18548 | 99.99 | Buchnera_aphidicola_Acyrthosiphon_pisum_ancestor k99_14_flag_0_multi_47.1610_len_18548

CONTIG: k99_108_flag_0_multi_47.0470_len_8504 (8504bp)
Top Length: 8504  Top ID: 100.0
		One align captures most of this contig: 227898 236401 | 8504 1 | 8504 8504 | 100.0 | Buchnera_aphidicola_Acyrthosiphon_pisum_ancestor k99_108_flag_0_multi_47.0470_len_8504

CONTIG: k99_54_flag_0_multi_45.1285_len_12995 (12995bp)
Top Length: 12995  Top ID: 100.0
		One align captures most of this contig: 368906 381900 | 1 12995 | 12995 12995 | 100.0 | Buchnera_aphidicola_Acyrthosiphon_pisum_ancestor k99_54_flag_0_multi_45.1285_len_12995

CONTIG: k99_58_flag_0_multi_48.0212_len_44756 (44756bp)
		This contig is unaligned. (44756 bp)
		Unaligned bases: 44756  total: 517225

CONTIG: k99_67_flag_0_multi_49.0206_len_30815 (30815bp)
Top Length: 351  Top ID: 96.01
		This contig is misassembled. 2 total aligns.
			Warning! This contig is more unaligned than misassembled. Contig length is 30815 and total length of all aligns is 501
		Alignment: 175043 175393 | 351 1 | 351 351 | 96.01 | Buchnera_aphidicola_Acyrthosiphon_pisum_ancestor k99_67_flag_0_multi_49.0206_len_30815
		Alignment: 90023 90172 | 30666 30815 | 150 150 | 97.33 | Buchnera_aphidicola_Acyrthosiphon_pisum_ancestor k99_67_flag_0_multi_49.0206_len_30815
		Unaligned bases: 30314
		This contig has both significant aligned and unaligned parts (of length >= min-contig)! It can contain interspecies translocations
CONTIG: k99_89_flag_0_multi_49.0896_len_6011 (6011bp)
		This contig is unaligned. (6011 bp)
		Unaligned bases: 6011  total: 523236

CONTIG: k99_13_flag_0_multi_44.0605_len_9857 (9857bp)
		This contig is unaligned. (9857 bp)
		Unaligned bases: 9857  total: 533093

CONTIG: k99_31_flag_0_multi_49.0984_len_9073 (9073bp)
		This contig is unaligned. (9073 bp)
		Unaligned bases: 9073  total: 542166

CONTIG: k99_106_flag_0_multi_47.7621_len_31662 (31662bp)
Top Length: 31662  Top ID: 100.0
		One align captures most of this contig: 385999 417660 | 1 31662 | 31662 31662 | 100.0 | Buchnera_aphidicola_Acyrthosiphon_pisum_ancestor k99_106_flag_0_multi_47.7621_len_31662

CONTIG: k99_146_flag_0_multi_50.0491_len_14445 (14445bp)
		This contig is unaligned. (14445 bp)
		Unaligned bases: 14445  total: 556611

CONTIG: k99_68_flag_0_multi_43.5541_len_1920 (1920bp)
Top Length: 1920  Top ID: 100.0
		One align captures most of this contig: 181304 183223 | 1 1920 | 1920 1920 | 100.0 | Buchnera_aphidicola_Acyrthosiphon_pisum_ancestor k99_68_flag_0_multi_43.5541_len_1920

CONTIG: k99_125_flag_0_multi_46.6951_len_20974 (20974bp)
Top Length: 20974  Top ID: 100.0
		One align captures most of this contig: 90079 111052 | 1 20974 | 20974 20974 | 100.0 | Buchnera_aphidicola_Acyrthosiphon_pisum_ancestor k99_125_flag_0_multi_46.6951_len_20974

CONTIG: k99_98_flag_0_multi_47.0505_len_9737 (9737bp)
		This contig is unaligned. (9737 bp)
		Unaligned bases: 9737  total: 566348

CONTIG: k99_107_flag_0_multi_48.6602_len_17616 (17616bp)
Top Length: 479  Top ID: 95.2
		This contig is partially unaligned. (Aligned 479 out of 17616 bases)
		Alignment: 111026 111504 | 1 479 | 479 479 | 95.2 | Buchnera_aphidicola_Acyrthosiphon_pisum_ancestor k99_107_flag_0_multi_48.6602_len_17616
		Unaligned bases: 480 to 17616 (17137)

CONTIG: k99_87_flag_0_multi_48.3582_len_12992 (12992bp)
Top Length: 12992  Top ID: 100.0
		One align captures most of this contig: 77181 90172 | 1 12992 | 12992 12992 | 100.0 | Buchnera_aphidicola_Acyrthosiphon_pisum_ancestor k99_87_flag_0_multi_48.3582_len_12992

Analyzing coverage...
Writing SNPs into /vol/cami-scratch/Simpipeline/iTol_genomes/Buchnera_aphidicola_Acyrthosiphon_pisum_0905/quast_consensus/Buchnera_aphidicola_Acyrthosiphon_pisum_ancestor_quast_output/contigs_reports/nucmer_output/final.contigs.used_snps
	Reference Buchnera_aphidicola_Acyrthosiphon_pisum_ancestor: 54 total alignments. 1 total regions.
		Region: 1 to 641799 (641799 bp)
			Align 1: 1 12770 k99_123_flag_0_multi_43.7669_len_12770 12770 1
				Gap between this and next alignment: 12770 to 13091 (320 bp)
				Next Alignment: 13091 34035 k99_48_flag_0_multi_47.1130_len_20945 20945 1

			Align 2: 13091 34035 k99_48_flag_0_multi_47.1130_len_20945 20945 1
				Negative gap (overlap) between this and next alignment: 34035 to 33951 (-84 bp)
				Next Alignment: 33951 38550 k99_23_flag_0_multi_46.1166_len_4600 1 4600

			Previous gap was negative, modifying coordinates to ignore overlap
				Moving contig start from 1 to 86.
			Align 3: 34036 38550 k99_23_flag_0_multi_46.1166_len_4600 86 4600
				Negative gap (overlap) between this and next alignment: 38550 to 38494 (-56 bp)
				Next Alignment: 38494 53254 k99_55_flag_0_multi_49.0608_len_14761 1 14761

			Previous gap was negative, modifying coordinates to ignore overlap
				Moving contig start from 1 to 58.
			Align 4: 38551 53254 k99_55_flag_0_multi_49.0608_len_14761 58 14761
				Negative gap (overlap) between this and next alignment: 53254 to 53167 (-87 bp)
				Next Alignment: 53167 72915 k99_79_flag_0_multi_44.9909_len_19749 19749 1

			Previous gap was negative, modifying coordinates to ignore overlap
				Moving contig start from 19749 to 19661.
			Align 5: 53255 72915 k99_79_flag_0_multi_44.9909_len_19749 19661 1
				The next alignment (72584 72915 k99_103_flag_0_multi_47.3554_len_19444 332 1) is redundant. Skipping.
				Negative gap (overlap) between this and next alignment: 72915 to 72828 (-87 bp)
				Next Alignment: 72828 77252 k99_62_flag_0_multi_51.1634_len_4425 1 4425

			Previous gap was negative, modifying coordinates to ignore overlap
				Moving contig start from 1 to 89.
			Align 7: 72916 77252 k99_62_flag_0_multi_51.1634_len_4425 89 4425
				Negative gap (overlap) between this and next alignment: 77252 to 77181 (-71 bp)
				Next Alignment: 77181 90172 k99_87_flag_0_multi_48.3582_len_12992 1 12992

			Previous gap was negative, modifying coordinates to ignore overlap
				Moving contig start from 1 to 73.
			Align 8: 77253 90172 k99_87_flag_0_multi_48.3582_len_12992 73 12992
				The next alignment (90023 90172 k99_67_flag_0_multi_49.0206_len_30815 30666 30815) is redundant. Skipping.
				Negative gap (overlap) between this and next alignment: 90172 to 90079 (-93 bp)
				Next Alignment: 90079 111052 k99_125_flag_0_multi_46.6951_len_20974 1 20974

			Previous gap was negative, modifying coordinates to ignore overlap
				Moving contig start from 1 to 95.
			Align 10: 90173 111052 k99_125_flag_0_multi_46.6951_len_20974 95 20974
				Negative gap (overlap) between this and next alignment: 111052 to 111026 (-26 bp)
				Next Alignment: 111026 115576 k99_70_flag_0_multi_45.6213_len_4551 4551 1

			Previous gap was negative, modifying coordinates to ignore overlap
				Moving contig start from 4551 to 4524.
			Align 11: 111053 115576 k99_70_flag_0_multi_45.6213_len_4551 4524 1
				The next alignment (111026 111504 k99_107_flag_0_multi_48.6602_len_17616 1 479) is redundant. Skipping.
				Negative gap (overlap) between this and next alignment: 115576 to 115480 (-96 bp)
				Next Alignment: 115480 132004 k99_46_flag_0_multi_46.6523_len_16525 1 16525

			Previous gap was negative, modifying coordinates to ignore overlap
				Moving contig start from 1 to 98.
			Align 13: 115577 132004 k99_46_flag_0_multi_46.6523_len_16525 98 16525
				Negative gap (overlap) between this and next alignment: 132004 to 131956 (-48 bp)
				Next Alignment: 131956 144524 k99_56_flag_0_multi_46.8259_len_12569 12569 1

			Previous gap was negative, modifying coordinates to ignore overlap
				Moving contig start from 12569 to 12520.
			Align 14: 132005 144524 k99_56_flag_0_multi_46.8259_len_12569 12520 1
				Negative gap (overlap) between this and next alignment: 144524 to 144478 (-46 bp)
				Next Alignment: 144478 173519 k99_144_flag_0_multi_48.5551_len_29042 29042 1

			Previous gap was negative, modifying coordinates to ignore overlap
				Moving contig start from 29042 to 28995.
			Align 15: 144525 173519 k99_144_flag_0_multi_48.5551_len_29042 28995 1
				Negative gap (overlap) between this and next alignment: 173519 to 173437 (-82 bp)
				Next Alignment: 173437 175393 k99_61_flag_0_multi_45.2809_len_1957 1957 1

			Previous gap was negative, modifying coordinates to ignore overlap
				Moving contig start from 1957 to 1874.
			Align 16: 173520 175393 k99_61_flag_0_multi_45.2809_len_1957 1874 1
				The next alignment (175043 175393 k99_67_flag_0_multi_49.0206_len_30815 351 1) is redundant. Skipping.
				Negative gap (overlap) between this and next alignment: 175393 to 175302 (-91 bp)
				Next Alignment: 175302 181399 k99_101_flag_0_multi_48.1774_len_6098 1 6098

			Previous gap was negative, modifying coordinates to ignore overlap
				Moving contig start from 1 to 93.
			Align 18: 175394 181399 k99_101_flag_0_multi_48.1774_len_6098 93 6098
				Negative gap (overlap) between this and next alignment: 181399 to 181304 (-95 bp)
				Next Alignment: 181304 183223 k99_68_flag_0_multi_43.5541_len_1920 1 1920

			Previous gap was negative, modifying coordinates to ignore overlap
				Moving contig start from 1 to 97.
			Align 19: 181400 183223 k99_68_flag_0_multi_43.5541_len_1920 97 1920
				Negative gap (overlap) between this and next alignment: 183223 to 183135 (-88 bp)
				Next Alignment: 183135 227995 k99_60_flag_0_multi_46.5784_len_44861 1 44861

			Previous gap was negative, modifying coordinates to ignore overlap
				Moving contig start from 1 to 90.
			Align 20: 183224 227995 k99_60_flag_0_multi_46.5784_len_44861 90 44861
				The next alignment (183135 183380 k99_129_flag_0_multi_45.3160_len_10994 1 246) is redundant. Skipping.
				Negative gap (overlap) between this and next alignment: 227995 to 227898 (-97 bp)
				Next Alignment: 227898 236401 k99_108_flag_0_multi_47.0470_len_8504 8504 1

			Previous gap was negative, modifying coordinates to ignore overlap
				Moving contig start from 8504 to 8406.
			Align 22: 227996 236401 k99_108_flag_0_multi_47.0470_len_8504 8406 1
				Negative gap (overlap) between this and next alignment: 236401 to 236305 (-96 bp)
				Next Alignment: 236305 254025 k99_22_flag_0_multi_46.0325_len_17721 17721 1

			Previous gap was negative, modifying coordinates to ignore overlap
				Moving contig start from 17721 to 17624.
			Align 23: 236402 254025 k99_22_flag_0_multi_46.0325_len_17721 17624 1
				Negative gap (overlap) between this and next alignment: 254025 to 253928 (-97 bp)
				Next Alignment: 253928 263233 k99_121_flag_0_multi_44.0632_len_9306 9306 1

			Previous gap was negative, modifying coordinates to ignore overlap
				Moving contig start from 9306 to 9208.
			Align 24: 254026 263233 k99_121_flag_0_multi_44.0632_len_9306 9208 1
				Negative gap (overlap) between this and next alignment: 263233 to 263175 (-58 bp)
				Next Alignment: 263175 264901 k99_75_flag_0_multi_49.5160_len_1727 1 1727

			Previous gap was negative, modifying coordinates to ignore overlap
				Moving contig start from 1 to 60.
			Align 25: 263234 264901 k99_75_flag_0_multi_49.5160_len_1727 60 1727
				Negative gap (overlap) between this and next alignment: 264901 to 264816 (-85 bp)
				Next Alignment: 264816 270107 k99_99_flag_0_multi_47.1566_len_5292 5292 1

			Previous gap was negative, modifying coordinates to ignore overlap
				Moving contig start from 5292 to 5206.
			Align 26: 264902 270107 k99_99_flag_0_multi_47.1566_len_5292 5206 1
				Negative gap (overlap) between this and next alignment: 270107 to 270012 (-95 bp)
				Next Alignment: 270012 273436 k99_104_flag_0_multi_45.1633_len_3425 1 3425

			Previous gap was negative, modifying coordinates to ignore overlap
				Moving contig start from 1 to 97.
			Align 27: 270108 273436 k99_104_flag_0_multi_45.1633_len_3425 97 3425
				Negative gap (overlap) between this and next alignment: 273436 to 273343 (-93 bp)
				Next Alignment: 273343 275537 k99_84_flag_0_multi_47.1994_len_2195 1 2195

			Previous gap was negative, modifying coordinates to ignore overlap
				Moving contig start from 1 to 95.
			Align 28: 273437 275537 k99_84_flag_0_multi_47.1994_len_2195 95 2195
				Negative gap (overlap) between this and next alignment: 275537 to 275449 (-88 bp)
				Next Alignment: 275449 320484 k99_110_flag_0_multi_46.4980_len_45036 45036 1

			Previous gap was negative, modifying coordinates to ignore overlap
				Moving contig start from 45036 to 44947.
			Align 29: 275538 320484 k99_110_flag_0_multi_46.4980_len_45036 44947 1
				Negative gap (overlap) between this and next alignment: 320484 to 320418 (-66 bp)
				Next Alignment: 320418 337865 k99_120_flag_0_multi_47.0244_len_17448 17448 1

			Previous gap was negative, modifying coordinates to ignore overlap
				Moving contig start from 17448 to 17381.
			Align 30: 320485 337865 k99_120_flag_0_multi_47.0244_len_17448 17381 1
				Negative gap (overlap) between this and next alignment: 337865 to 337772 (-93 bp)
				Next Alignment: 337772 357585 k99_53_flag_0_multi_46.2132_len_19814 19814 1

			Previous gap was negative, modifying coordinates to ignore overlap
				Moving contig start from 19814 to 19720.
			Align 31: 337866 357585 k99_53_flag_0_multi_46.2132_len_19814 19720 1
				Negative gap (overlap) between this and next alignment: 357585 to 357488 (-97 bp)
				Next Alignment: 357488 363498 k99_96_flag_0_multi_48.0900_len_6011 6011 1

			Previous gap was negative, modifying coordinates to ignore overlap
				Moving contig start from 6011 to 5913.
			Align 32: 357586 363498 k99_96_flag_0_multi_48.0900_len_6011 5913 1
				Negative gap (overlap) between this and next alignment: 363498 to 363460 (-38 bp)
				Next Alignment: 363460 369000 k99_17_flag_0_multi_46.0650_len_5541 5541 1

			Previous gap was negative, modifying coordinates to ignore overlap
				Moving contig start from 5541 to 5502.
			Align 33: 363499 369000 k99_17_flag_0_multi_46.0650_len_5541 5502 1
				Negative gap (overlap) between this and next alignment: 369000 to 368906 (-94 bp)
				Next Alignment: 368906 381900 k99_54_flag_0_multi_45.1285_len_12995 1 12995

			Previous gap was negative, modifying coordinates to ignore overlap
				Moving contig start from 1 to 96.
			Align 34: 369001 381900 k99_54_flag_0_multi_45.1285_len_12995 96 12995
				Negative gap (overlap) between this and next alignment: 381900 to 381819 (-81 bp)
				Next Alignment: 381819 386069 k99_130_flag_0_multi_45.1284_len_4251 1 4251

			Previous gap was negative, modifying coordinates to ignore overlap
				Moving contig start from 1 to 83.
			Align 35: 381901 386069 k99_130_flag_0_multi_45.1284_len_4251 83 4251
				Negative gap (overlap) between this and next alignment: 386069 to 385999 (-70 bp)
				Next Alignment: 385999 417660 k99_106_flag_0_multi_47.7621_len_31662 1 31662

			Previous gap was negative, modifying coordinates to ignore overlap
				Moving contig start from 1 to 72.
			Align 36: 386070 417660 k99_106_flag_0_multi_47.7621_len_31662 72 31662
				Negative gap (overlap) between this and next alignment: 417660 to 417567 (-93 bp)
				Next Alignment: 417567 426782 k99_86_flag_0_multi_49.4573_len_9216 1 9216

			Previous gap was negative, modifying coordinates to ignore overlap
				Moving contig start from 1 to 95.
			Align 37: 417661 426782 k99_86_flag_0_multi_49.4573_len_9216 95 9216
				Negative gap (overlap) between this and next alignment: 426782 to 426686 (-96 bp)
				Next Alignment: 426686 431348 k99_20_flag_0_multi_43.7888_len_4663 1 4663

			Previous gap was negative, modifying coordinates to ignore overlap
				Moving contig start from 1 to 98.
			Align 38: 426783 431348 k99_20_flag_0_multi_43.7888_len_4663 98 4663
				Negative gap (overlap) between this and next alignment: 431348 to 431256 (-92 bp)
				Next Alignment: 431256 461602 k99_105_flag_0_multi_48.0112_len_30347 1 30347

			Previous gap was negative, modifying coordinates to ignore overlap
				Moving contig start from 1 to 94.
			Align 39: 431349 461602 k99_105_flag_0_multi_48.0112_len_30347 94 30347
				Negative gap (overlap) between this and next alignment: 461602 to 461519 (-83 bp)
				Next Alignment: 461519 479183 k99_139_flag_0_multi_47.5511_len_17665 17665 1

			Previous gap was negative, modifying coordinates to ignore overlap
				Moving contig start from 17665 to 17581.
			Align 40: 461603 479183 k99_139_flag_0_multi_47.5511_len_17665 17581 1
				Negative gap (overlap) between this and next alignment: 479183 to 479086 (-97 bp)
				Next Alignment: 479086 489450 k99_85_flag_0_multi_48.3389_len_10365 1 10365

			Previous gap was negative, modifying coordinates to ignore overlap
				Moving contig start from 1 to 99.
			Align 41: 479184 489450 k99_85_flag_0_multi_48.3389_len_10365 99 10365
				Negative gap (overlap) between this and next alignment: 489450 to 489366 (-84 bp)
				Next Alignment: 489366 494521 k99_83_flag_0_multi_46.0902_len_5156 5156 1

			Previous gap was negative, modifying coordinates to ignore overlap
				Moving contig start from 5156 to 5071.
			Align 42: 489451 494521 k99_83_flag_0_multi_46.0902_len_5156 5071 1
				Negative gap (overlap) between this and next alignment: 494521 to 494427 (-94 bp)
				Next Alignment: 494427 496277 k99_118_flag_0_multi_56.1655_len_1851 1 1851

			Previous gap was negative, modifying coordinates to ignore overlap
				Moving contig start from 1 to 96.
			Align 43: 494522 496277 k99_118_flag_0_multi_56.1655_len_1851 96 1851
				Negative gap (overlap) between this and next alignment: 496277 to 496237 (-40 bp)
				Next Alignment: 496237 513907 k99_145_flag_0_multi_46.4380_len_17671 1 17671

			Previous gap was negative, modifying coordinates to ignore overlap
				Moving contig start from 1 to 42.
			Align 44: 496278 513907 k99_145_flag_0_multi_46.4380_len_17671 42 17671
				Negative gap (overlap) between this and next alignment: 513907 to 513844 (-63 bp)
				Next Alignment: 513844 523486 k99_37_flag_0_multi_50.2091_len_9643 9643 1

			Previous gap was negative, modifying coordinates to ignore overlap
				Moving contig start from 9643 to 9579.
			Align 45: 513908 523486 k99_37_flag_0_multi_50.2091_len_9643 9579 1
				Negative gap (overlap) between this and next alignment: 523486 to 523392 (-94 bp)
				Next Alignment: 523392 524886 k99_82_flag_0_multi_53.3625_len_1495 1495 1

			Previous gap was negative, modifying coordinates to ignore overlap
				Moving contig start from 1495 to 1400.
			Align 46: 523487 524886 k99_82_flag_0_multi_53.3625_len_1495 1400 1
				Negative gap (overlap) between this and next alignment: 524886 to 524818 (-68 bp)
				Next Alignment: 524818 531796 k99_115_flag_0_multi_45.0645_len_6979 6979 1

			Previous gap was negative, modifying coordinates to ignore overlap
				Moving contig start from 6979 to 6910.
			Align 47: 524887 531796 k99_115_flag_0_multi_45.0645_len_6979 6910 1
				Negative gap (overlap) between this and next alignment: 531796 to 531717 (-79 bp)
				Next Alignment: 531717 559165 k99_124_flag_0_multi_45.1447_len_27449 1 27449

			Previous gap was negative, modifying coordinates to ignore overlap
				Moving contig start from 1 to 81.
			Align 48: 531797 559165 k99_124_flag_0_multi_45.1447_len_27449 81 27449
				Negative gap (overlap) between this and next alignment: 559165 to 559155 (-10 bp)
				Next Alignment: 559155 577702 k99_14_flag_0_multi_47.1610_len_18548 1 18548

			Previous gap was negative, modifying coordinates to ignore overlap
				Moving contig start from 1 to 12.
			Align 49: 559166 577702 k99_14_flag_0_multi_47.1610_len_18548 12 18548
				Negative gap (overlap) between this and next alignment: 577702 to 577604 (-98 bp)
				Next Alignment: 577604 592986 k99_102_flag_0_multi_47.5222_len_15383 15383 1

			Previous gap was negative, modifying coordinates to ignore overlap
				Moving contig start from 15383 to 15284.
			Align 50: 577703 592986 k99_102_flag_0_multi_47.5222_len_15383 15284 1
				Negative gap (overlap) between this and next alignment: 592986 to 592895 (-91 bp)
				Next Alignment: 592895 611682 k99_137_flag_0_multi_47.0850_len_18788 1 18788

			Previous gap was negative, modifying coordinates to ignore overlap
				Moving contig start from 1 to 93.
			Align 51: 592987 611682 k99_137_flag_0_multi_47.0850_len_18788 93 18788
				Negative gap (overlap) between this and next alignment: 611682 to 611619 (-63 bp)
				Next Alignment: 611619 616955 k99_34_flag_0_multi_51.1298_len_5337 5337 1

			Previous gap was negative, modifying coordinates to ignore overlap
				Moving contig start from 5337 to 5273.
			Align 52: 611683 616955 k99_34_flag_0_multi_51.1298_len_5337 5273 1
				Negative gap (overlap) between this and next alignment: 616955 to 616890 (-65 bp)
				Next Alignment: 616890 633409 k99_131_flag_0_multi_45.5453_len_16520 1 16520

			Previous gap was negative, modifying coordinates to ignore overlap
				Moving contig start from 1 to 67.
			Align 53: 616956 633409 k99_131_flag_0_multi_45.5453_len_16520 67 16520
				Negative gap (overlap) between this and next alignment: 633409 to 633321 (-88 bp)
				Next Alignment: 633321 641798 k99_64_flag_0_multi_46.2499_len_8478 8478 1

			Previous gap was negative, modifying coordinates to ignore overlap
				Moving contig start from 8478 to 8389.
			Align 54: 633410 641798 k99_64_flag_0_multi_46.2499_len_8478 8389 1
			END in gap: 641798 to 641799 (1 bp)

Analysis is finished!
Founded SNPs were written into /vol/cami-scratch/Simpipeline/iTol_genomes/Buchnera_aphidicola_Acyrthosiphon_pisum_0905/quast_consensus/Buchnera_aphidicola_Acyrthosiphon_pisum_ancestor_quast_output/contigs_reports/nucmer_output/final.contigs.used_snps

Results:
	Local Misassemblies: 0
	Misassemblies: 0
		Relocations: 0
		Translocations: 0
		Inversions: 0
	Misassembled Contigs: 0
	Misassembled Contig Bases: 0
	Misassemblies Inter-Contig Overlap: 0
Uncovered Regions: 0 (0)
Unaligned Contigs: 44 + 4 part
Partially Unaligned Contigs with Misassemblies: 1
Unaligned Contig Bases: 643659

Ambiguously Mapped Contigs: 0
Total Bases in Ambiguously Mapped Contigs: 0
Note that --allow-ambiguity option was set to "one" and only first alignment per each contig was used.

	Covered Bases: 641478

	SNPs: 0
	Insertions: 0
	Deletions: 0

	Positive Gaps: 2
		Internal Gaps:  0
		External Gaps:  2
		External Gap Total:  321
		External Gap Average: 160
	Negative Gaps: 47
		Internal Overlaps:  0
		External Overlaps:  47
		External Overlaps Total: -3696
		External Overlaps Average: -79
	Contigs with Redundant Alignments: 5 (1558)
