Aligning contigs to reference...
	Using existing Nucmer alignments...
Parsing coords...
Loading reference...
	Loaded [e_coli_k12_gi_556503834_ref_NC_]
Loading SNPs...
Loading regions...
	No regions given, using whole reference.
	Total Regions: 1
	Total Region Length: 4641652
Analyzing contigs...
CONTIG: NODE_1_length_327055_cov_46.3969_ID_240600 (327055bp)
Top Length: 327055  Top ID: 99.95
		One align captures most of this contig: 1651494 1978557 | 327055 1 | 327064 327055 | 99.95 | e_coli_k12_gi_556503834_ref_NC_ NODE_1_length_327055_cov_46.3969_ID_240600

CONTIG: NODE_2_length_314839_cov_47.3105_ID_242489 (314839bp)
Top Length: 314839  Top ID: 99.92
		Marking as insignificant: 2520931 2521006 | 45725 45800 | 76 76 | 100.0 | e_coli_k12_gi_556503834_ref_NC_ NODE_2_length_314839_cov_47.3105_ID_242489
		Marking as insignificant: 2520931 2521006 | 46030 46105 | 76 76 | 100.0 | e_coli_k12_gi_556503834_ref_NC_ NODE_2_length_314839_cov_47.3105_ID_242489
		Marking as insignificant: 2521253 2521330 | 45514 45591 | 78 78 | 100.0 | e_coli_k12_gi_556503834_ref_NC_ NODE_2_length_314839_cov_47.3105_ID_242489
		Marking as insignificant: 2521051 2521129 | 45725 45803 | 79 79 | 100.0 | e_coli_k12_gi_556503834_ref_NC_ NODE_2_length_314839_cov_47.3105_ID_242489
		Marking as insignificant: 2521051 2521129 | 46030 46108 | 79 79 | 100.0 | e_coli_k12_gi_556503834_ref_NC_ NODE_2_length_314839_cov_47.3105_ID_242489
		Marking as insignificant: 2521253 2521335 | 46332 46414 | 83 83 | 98.8 | e_coli_k12_gi_556503834_ref_NC_ NODE_2_length_314839_cov_47.3105_ID_242489
		Marking as insignificant: 3071271 3071396 | 68285 68410 | 126 126 | 98.41 | e_coli_k12_gi_556503834_ref_NC_ NODE_2_length_314839_cov_47.3105_ID_242489
		Marking as insignificant: 596978 597105 | 68283 68410 | 128 128 | 99.22 | e_coli_k12_gi_556503834_ref_NC_ NODE_2_length_314839_cov_47.3105_ID_242489
		Marking as insignificant: 3765768 3765899 | 1 132 | 132 132 | 98.48 | e_coli_k12_gi_556503834_ref_NC_ NODE_2_length_314839_cov_47.3105_ID_242489
		Marking as insignificant: 1097522 1097659 | 190801 190938 | 138 138 | 98.55 | e_coli_k12_gi_556503834_ref_NC_ NODE_2_length_314839_cov_47.3105_ID_242489
		Marking as insignificant: 2521173 2521328 | 46030 46185 | 156 156 | 100.0 | e_coli_k12_gi_556503834_ref_NC_ NODE_2_length_314839_cov_47.3105_ID_242489
		Marking as insignificant: 2521173 2521328 | 45725 45880 | 156 156 | 100.0 | e_coli_k12_gi_556503834_ref_NC_ NODE_2_length_314839_cov_47.3105_ID_242489
		Marking as insignificant: 2229115 2229376 | 180248 179987 | 262 262 | 95.04 | e_coli_k12_gi_556503834_ref_NC_ NODE_2_length_314839_cov_47.3105_ID_242489
		Marking as insignificant: 2521253 2521520 | 46540 46807 | 268 268 | 99.63 | e_coli_k12_gi_556503834_ref_NC_ NODE_2_length_314839_cov_47.3105_ID_242489
		Marking as insignificant: 1531696 1532584 | 2933 3821 | 889 889 | 97.86 | e_coli_k12_gi_556503834_ref_NC_ NODE_2_length_314839_cov_47.3105_ID_242489
		Marking as insignificant: 3624258 3625146 | 2933 3821 | 889 889 | 98.31 | e_coli_k12_gi_556503834_ref_NC_ NODE_2_length_314839_cov_47.3105_ID_242489
		Marking as insignificant: 1531697 1532962 | 1668 2932 | 1266 1265 | 97.63 | e_coli_k12_gi_556503834_ref_NC_ NODE_2_length_314839_cov_47.3105_ID_242489
		Marking as insignificant: 3624233 3625524 | 1642 2932 | 1292 1291 | 97.22 | e_coli_k12_gi_556503834_ref_NC_ NODE_2_length_314839_cov_47.3105_ID_242489
		One align captures most of this contig: 735039 1049882 | 1 314839 | 314844 314839 | 99.92 | e_coli_k12_gi_556503834_ref_NC_ NODE_2_length_314839_cov_47.3105_ID_242489

CONTIG: NODE_3_length_284896_cov_46.5987_ID_241406 (284896bp)
Top Length: 202173  Top ID: 99.92
		Skipping redundant alignment 4295948 4296322 | 82724 83096 | 375 373 | 97.33 | e_coli_k12_gi_556503834_ref_NC_ NODE_3_length_284896_cov_46.5987_ID_241406
		Skipping redundant alignment 1992042 1992117 | 179093 179018 | 76 76 | 100.0 | e_coli_k12_gi_556503834_ref_NC_ NODE_3_length_284896_cov_46.5987_ID_241406
		Skipping redundant alignment 1992042 1992117 | 179204 179129 | 76 76 | 100.0 | e_coli_k12_gi_556503834_ref_NC_ NODE_3_length_284896_cov_46.5987_ID_241406
		Skipping redundant alignment 1992042 1992117 | 179315 179240 | 76 76 | 100.0 | e_coli_k12_gi_556503834_ref_NC_ NODE_3_length_284896_cov_46.5987_ID_241406
		This contig is misassembled. 6 total aligns.
			Excluding internal overlap of size 373 between Alignment 1 and 2:  4213110 4296209 | 1 83096 | 83100 83096 --> 4213110 4295836 | 1 82723 | 82727 82723
			Real Alignment 1: 4213110 4295836 | 1 82723 | 82727 82723 | 99.94 | e_coli_k12_gi_556503834_ref_NC_ NODE_3_length_284896_cov_46.5987_ID_241406
			  Gap between these two alignments (local misassembly). Inconsistency = 224 
			Real Alignment 2: 4296061 4498235 | 82724 284896 | 202175 202173 | 99.92 | e_coli_k12_gi_556503834_ref_NC_ NODE_3_length_284896_cov_46.5987_ID_241406

CONTIG: NODE_4_length_264968_cov_46.6848_ID_240800 (264968bp)
Top Length: 264968  Top ID: 99.92
		Marking as insignificant: 290428 290633 | 28451 28656 | 206 206 | 99.51 | e_coli_k12_gi_556503834_ref_NC_ NODE_4_length_264968_cov_46.6848_ID_240800
		One align captures most of this contig: 2731431 2996415 | 1 264968 | 264985 264968 | 99.92 | e_coli_k12_gi_556503834_ref_NC_ NODE_4_length_264968_cov_46.6848_ID_240800

CONTIG: NODE_5_length_224336_cov_46.691_ID_243655 (224336bp)
Top Length: 224336  Top ID: 99.93
		Marking as insignificant: 3653122 3653230 | 1 109 | 109 109 | 100.0 | e_coli_k12_gi_556503834_ref_NC_ NODE_5_length_224336_cov_46.691_ID_243655
		Marking as insignificant: 3366642 3366750 | 1 109 | 109 109 | 100.0 | e_coli_k12_gi_556503834_ref_NC_ NODE_5_length_224336_cov_46.691_ID_243655
		Marking as insignificant: 1396044 1396152 | 109 1 | 109 109 | 100.0 | e_coli_k12_gi_556503834_ref_NC_ NODE_5_length_224336_cov_46.691_ID_243655
		Marking as insignificant: 1299499 1299607 | 109 1 | 109 109 | 100.0 | e_coli_k12_gi_556503834_ref_NC_ NODE_5_length_224336_cov_46.691_ID_243655
		Marking as insignificant: 688937 689045 | 1 109 | 109 109 | 100.0 | e_coli_k12_gi_556503834_ref_NC_ NODE_5_length_224336_cov_46.691_ID_243655
		Marking as insignificant: 575677 575785 | 1 109 | 109 109 | 100.0 | e_coli_k12_gi_556503834_ref_NC_ NODE_5_length_224336_cov_46.691_ID_243655
		Marking as insignificant: 275041 275149 | 1 109 | 109 109 | 100.0 | e_coli_k12_gi_556503834_ref_NC_ NODE_5_length_224336_cov_46.691_ID_243655
		Marking as insignificant: 3130142 3130254 | 113 1 | 113 113 | 99.12 | e_coli_k12_gi_556503834_ref_NC_ NODE_5_length_224336_cov_46.691_ID_243655
		Marking as insignificant: 2102835 2102947 | 1 113 | 113 113 | 99.12 | e_coli_k12_gi_556503834_ref_NC_ NODE_5_length_224336_cov_46.691_ID_243655
		Marking as insignificant: 1207563 1207804 | 182130 181889 | 242 242 | 95.04 | e_coli_k12_gi_556503834_ref_NC_ NODE_5_length_224336_cov_46.691_ID_243655
		One align captures most of this contig: 2290005 2514327 | 1 224336 | 224323 224336 | 99.93 | e_coli_k12_gi_556503834_ref_NC_ NODE_5_length_224336_cov_46.691_ID_243655

CONTIG: NODE_6_length_210550_cov_46.6914_ID_244287 (210550bp)
Top Length: 210550  Top ID: 99.92
		Marking as insignificant: 780765 780841 | 5491 5567 | 77 77 | 100.0 | e_coli_k12_gi_556503834_ref_NC_ NODE_6_length_210550_cov_46.6914_ID_244287
		Marking as insignificant: 780765 780841 | 5369 5445 | 77 77 | 100.0 | e_coli_k12_gi_556503834_ref_NC_ NODE_6_length_210550_cov_46.6914_ID_244287
		Marking as insignificant: 781068 781145 | 5491 5568 | 78 78 | 100.0 | e_coli_k12_gi_556503834_ref_NC_ NODE_6_length_210550_cov_46.6914_ID_244287
		Marking as insignificant: 781068 781145 | 5369 5446 | 78 78 | 100.0 | e_coli_k12_gi_556503834_ref_NC_ NODE_6_length_210550_cov_46.6914_ID_244287
		Marking as insignificant: 780554 780631 | 5693 5770 | 78 78 | 100.0 | e_coli_k12_gi_556503834_ref_NC_ NODE_6_length_210550_cov_46.6914_ID_244287
		Marking as insignificant: 781369 781451 | 5693 5775 | 83 83 | 98.8 | e_coli_k12_gi_556503834_ref_NC_ NODE_6_length_210550_cov_46.6914_ID_244287
		Marking as insignificant: 780765 780918 | 5613 5768 | 154 156 | 98.72 | e_coli_k12_gi_556503834_ref_NC_ NODE_6_length_210550_cov_46.6914_ID_244287
		Marking as insignificant: 781068 781222 | 5613 5768 | 155 156 | 99.36 | e_coli_k12_gi_556503834_ref_NC_ NODE_6_length_210550_cov_46.6914_ID_244287
		Marking as insignificant: 781577 781844 | 5693 5960 | 268 268 | 100.0 | e_coli_k12_gi_556503834_ref_NC_ NODE_6_length_210550_cov_46.6914_ID_244287
		One align captures most of this contig: 2515563 2726118 | 1 210550 | 210556 210550 | 99.92 | e_coli_k12_gi_556503834_ref_NC_ NODE_6_length_210550_cov_46.6914_ID_244287

CONTIG: NODE_7_length_203970_cov_47.5792_ID_241218 (203970bp)
Top Length: 202451  Top ID: 99.92
		Marking as insignificant: 2290005 2290113 | 203970 203862 | 109 109 | 100.0 | e_coli_k12_gi_556503834_ref_NC_ NODE_7_length_203970_cov_47.5792_ID_241218
		Marking as insignificant: 275041 275149 | 203970 203862 | 109 109 | 100.0 | e_coli_k12_gi_556503834_ref_NC_ NODE_7_length_203970_cov_47.5792_ID_241218
		Marking as insignificant: 3130143 3130254 | 203859 203970 | 112 112 | 100.0 | e_coli_k12_gi_556503834_ref_NC_ NODE_7_length_203970_cov_47.5792_ID_241218
		Marking as insignificant: 2102835 2102946 | 203970 203859 | 112 112 | 100.0 | e_coli_k12_gi_556503834_ref_NC_ NODE_7_length_203970_cov_47.5792_ID_241218
		Marking as insignificant: 3653122 3653234 | 203970 203858 | 113 113 | 100.0 | e_coli_k12_gi_556503834_ref_NC_ NODE_7_length_203970_cov_47.5792_ID_241218
		Marking as insignificant: 688937 689049 | 203970 203858 | 113 113 | 100.0 | e_coli_k12_gi_556503834_ref_NC_ NODE_7_length_203970_cov_47.5792_ID_241218
		Marking as insignificant: 575677 575789 | 203970 203858 | 113 113 | 100.0 | e_coli_k12_gi_556503834_ref_NC_ NODE_7_length_203970_cov_47.5792_ID_241218
		Marking as insignificant: 1396039 1396152 | 203857 203970 | 114 114 | 100.0 | e_coli_k12_gi_556503834_ref_NC_ NODE_7_length_203970_cov_47.5792_ID_241218
		Marking as insignificant: 3366642 3366759 | 203970 203853 | 118 118 | 99.15 | e_coli_k12_gi_556503834_ref_NC_ NODE_7_length_203970_cov_47.5792_ID_241218
		Marking as insignificant: 925841 925978 | 1900 2037 | 138 138 | 98.55 | e_coli_k12_gi_556503834_ref_NC_ NODE_7_length_203970_cov_47.5792_ID_241218
		Marking as insignificant: 2471882 2472123 | 112176 111935 | 242 242 | 95.04 | e_coli_k12_gi_556503834_ref_NC_ NODE_7_length_203970_cov_47.5792_ID_241218
		Marking as insignificant: 1095445 1097402 | 1 1961 | 1958 1961 | 99.75 | e_coli_k12_gi_556503834_ref_NC_ NODE_7_length_203970_cov_47.5792_ID_241218
		One align captures most of this contig: 1097142 1299607 | 1520 203970 | 202466 202451 | 99.92 | e_coli_k12_gi_556503834_ref_NC_ NODE_7_length_203970_cov_47.5792_ID_241218

CONTIG: NODE_8_length_203217_cov_46.5392_ID_241686 (203217bp)
Top Length: 203217  Top ID: 99.92
		Marking as insignificant: 1979166 1979270 | 203217 203113 | 105 105 | 100.0 | e_coli_k12_gi_556503834_ref_NC_ NODE_8_length_203217_cov_46.5392_ID_241686
		Marking as insignificant: 291297 291401 | 203217 203113 | 105 105 | 100.0 | e_coli_k12_gi_556503834_ref_NC_ NODE_8_length_203217_cov_46.5392_ID_241686
		Marking as insignificant: 279826 279930 | 203217 203113 | 105 105 | 100.0 | e_coli_k12_gi_556503834_ref_NC_ NODE_8_length_203217_cov_46.5392_ID_241686
		Marking as insignificant: 3583427 3583532 | 203112 203217 | 106 106 | 100.0 | e_coli_k12_gi_556503834_ref_NC_ NODE_8_length_203217_cov_46.5392_ID_241686
		Marking as insignificant: 258571 258676 | 203217 203112 | 106 106 | 100.0 | e_coli_k12_gi_556503834_ref_NC_ NODE_8_length_203217_cov_46.5392_ID_241686
		Marking as insignificant: 3428854 3428998 | 1 145 | 145 145 | 99.31 | e_coli_k12_gi_556503834_ref_NC_ NODE_8_length_203217_cov_46.5392_ID_241686
		Marking as insignificant: 4207843 4208055 | 215 1 | 213 215 | 98.6 | e_coli_k12_gi_556503834_ref_NC_ NODE_8_length_203217_cov_46.5392_ID_241686
		One align captures most of this contig: 20459 223679 | 203217 1 | 203221 203217 | 99.92 | e_coli_k12_gi_556503834_ref_NC_ NODE_8_length_203217_cov_46.5392_ID_241686

CONTIG: NODE_9_length_178258_cov_46.3874_ID_241951 (178258bp)
Top Length: 178258  Top ID: 99.94
		Marking as insignificant: 2288919 2288990 | 178187 178258 | 72 72 | 100.0 | e_coli_k12_gi_556503834_ref_NC_ NODE_9_length_178258_cov_46.3874_ID_241951
		Marking as insignificant: 273951 274026 | 178183 178258 | 76 76 | 98.68 | e_coli_k12_gi_556503834_ref_NC_ NODE_9_length_178258_cov_46.3874_ID_241951
		Marking as insignificant: 2101744 2101820 | 178182 178258 | 77 77 | 98.7 | e_coli_k12_gi_556503834_ref_NC_ NODE_9_length_178258_cov_46.3874_ID_241951
		Marking as insignificant: 3652032 3652107 | 178183 178258 | 76 76 | 100.0 | e_coli_k12_gi_556503834_ref_NC_ NODE_9_length_178258_cov_46.3874_ID_241951
		Marking as insignificant: 3131269 3131344 | 178258 178183 | 76 76 | 100.0 | e_coli_k12_gi_556503834_ref_NC_ NODE_9_length_178258_cov_46.3874_ID_241951
		Marking as insignificant: 1397167 1397242 | 178258 178183 | 76 76 | 100.0 | e_coli_k12_gi_556503834_ref_NC_ NODE_9_length_178258_cov_46.3874_ID_241951
		Marking as insignificant: 1300622 1300697 | 178258 178183 | 76 76 | 100.0 | e_coli_k12_gi_556503834_ref_NC_ NODE_9_length_178258_cov_46.3874_ID_241951
		Marking as insignificant: 687847 687922 | 178183 178258 | 76 76 | 100.0 | e_coli_k12_gi_556503834_ref_NC_ NODE_9_length_178258_cov_46.3874_ID_241951
		Marking as insignificant: 574587 574662 | 178183 178258 | 76 76 | 100.0 | e_coli_k12_gi_556503834_ref_NC_ NODE_9_length_178258_cov_46.3874_ID_241951
		One align captures most of this contig: 3187372 3365627 | 1 178258 | 178256 178258 | 99.94 | e_coli_k12_gi_556503834_ref_NC_ NODE_9_length_178258_cov_46.3874_ID_241951

CONTIG: NODE_10_length_173973_cov_46.6116_ID_240648 (173973bp)
Top Length: 173973  Top ID: 99.93
		One align captures most of this contig: 3767521 3941496 | 173973 1 | 173976 173973 | 99.93 | e_coli_k12_gi_556503834_ref_NC_ NODE_10_length_173973_cov_46.6116_ID_240648

CONTIG: NODE_11_length_133023_cov_46.284_ID_241509 (133023bp)
Top Length: 133023  Top ID: 99.92
		Marking as insignificant: 3982605 3982692 | 35485 35572 | 88 88 | 98.86 | e_coli_k12_gi_556503834_ref_NC_ NODE_11_length_133023_cov_46.284_ID_241509
		Marking as insignificant: 3982604 3982692 | 35248 35336 | 89 89 | 100.0 | e_coli_k12_gi_556503834_ref_NC_ NODE_11_length_133023_cov_46.284_ID_241509
		One align captures most of this contig: 4508625 4641652 | 133023 1 | 133028 133023 | 99.92 | e_coli_k12_gi_556503834_ref_NC_ NODE_11_length_133023_cov_46.284_ID_241509

CONTIG: NODE_12_length_132872_cov_46.4962_ID_240756 (132872bp)
Top Length: 132872  Top ID: 99.94
		One align captures most of this contig: 392909 525784 | 1 132872 | 132876 132872 | 99.94 | e_coli_k12_gi_556503834_ref_NC_ NODE_12_length_132872_cov_46.4962_ID_240756

CONTIG: NODE_13_length_132619_cov_46.5136_ID_241797 (132619bp)
Top Length: 132619  Top ID: 99.92
		Marking as insignificant: 275041 275149 | 1 109 | 109 109 | 100.0 | e_coli_k12_gi_556503834_ref_NC_ NODE_13_length_132619_cov_46.5136_ID_241797
		Marking as insignificant: 3653122 3653233 | 1 112 | 112 112 | 100.0 | e_coli_k12_gi_556503834_ref_NC_ NODE_13_length_132619_cov_46.5136_ID_241797
		Marking as insignificant: 3366642 3366753 | 1 112 | 112 112 | 100.0 | e_coli_k12_gi_556503834_ref_NC_ NODE_13_length_132619_cov_46.5136_ID_241797
		Marking as insignificant: 1396041 1396152 | 112 1 | 112 112 | 100.0 | e_coli_k12_gi_556503834_ref_NC_ NODE_13_length_132619_cov_46.5136_ID_241797
		Marking as insignificant: 1299496 1299607 | 112 1 | 112 112 | 100.0 | e_coli_k12_gi_556503834_ref_NC_ NODE_13_length_132619_cov_46.5136_ID_241797
		Marking as insignificant: 688937 689048 | 1 112 | 112 112 | 100.0 | e_coli_k12_gi_556503834_ref_NC_ NODE_13_length_132619_cov_46.5136_ID_241797
		Marking as insignificant: 575677 575788 | 1 112 | 112 112 | 100.0 | e_coli_k12_gi_556503834_ref_NC_ NODE_13_length_132619_cov_46.5136_ID_241797
		Marking as insignificant: 2290005 2290117 | 1 113 | 113 113 | 99.12 | e_coli_k12_gi_556503834_ref_NC_ NODE_13_length_132619_cov_46.5136_ID_241797
		Marking as insignificant: 2102835 2102948 | 1 114 | 114 114 | 100.0 | e_coli_k12_gi_556503834_ref_NC_ NODE_13_length_132619_cov_46.5136_ID_241797
		Marking as insignificant: 803322 803447 | 58981 58856 | 126 126 | 98.41 | e_coli_k12_gi_556503834_ref_NC_ NODE_13_length_132619_cov_46.5136_ID_241797
		Marking as insignificant: 596980 597107 | 58981 58854 | 128 128 | 99.22 | e_coli_k12_gi_556503834_ref_NC_ NODE_13_length_132619_cov_46.5136_ID_241797
		One align captures most of this contig: 2997638 3130254 | 132619 1 | 132617 132619 | 99.92 | e_coli_k12_gi_556503834_ref_NC_ NODE_13_length_132619_cov_46.5136_ID_241797

CONTIG: NODE_14_length_125608_cov_46.4948_ID_242059 (125608bp)
Top Length: 125608  Top ID: 99.93
		Marking as insignificant: 4171866 4171965 | 1 100 | 100 100 | 100.0 | e_coli_k12_gi_556503834_ref_NC_ NODE_14_length_125608_cov_46.4948_ID_242059
		One align captures most of this contig: 4040746 4166353 | 1 125608 | 125608 125608 | 99.93 | e_coli_k12_gi_556503834_ref_NC_ NODE_14_length_125608_cov_46.4948_ID_242059

CONTIG: NODE_15_length_117663_cov_46.609_ID_242013 (117663bp)
Top Length: 117663  Top ID: 99.91
		Marking as insignificant: 3365556 3365627 | 72 1 | 72 72 | 100.0 | e_coli_k12_gi_556503834_ref_NC_ NODE_15_length_117663_cov_46.609_ID_242013
		Marking as insignificant: 3131269 3131340 | 1 72 | 72 72 | 100.0 | e_coli_k12_gi_556503834_ref_NC_ NODE_15_length_117663_cov_46.609_ID_242013
		Marking as insignificant: 1397167 1397238 | 1 72 | 72 72 | 100.0 | e_coli_k12_gi_556503834_ref_NC_ NODE_15_length_117663_cov_46.609_ID_242013
		Marking as insignificant: 1300622 1300693 | 1 72 | 72 72 | 100.0 | e_coli_k12_gi_556503834_ref_NC_ NODE_15_length_117663_cov_46.609_ID_242013
		Marking as insignificant: 687851 687922 | 72 1 | 72 72 | 100.0 | e_coli_k12_gi_556503834_ref_NC_ NODE_15_length_117663_cov_46.609_ID_242013
		Marking as insignificant: 574591 574662 | 72 1 | 72 72 | 100.0 | e_coli_k12_gi_556503834_ref_NC_ NODE_15_length_117663_cov_46.609_ID_242013
		Marking as insignificant: 273955 274026 | 72 1 | 72 72 | 100.0 | e_coli_k12_gi_556503834_ref_NC_ NODE_15_length_117663_cov_46.609_ID_242013
		Marking as insignificant: 2101746 2101820 | 75 1 | 75 75 | 100.0 | e_coli_k12_gi_556503834_ref_NC_ NODE_15_length_117663_cov_46.609_ID_242013
		Marking as insignificant: 3652029 3652107 | 79 1 | 79 79 | 97.47 | e_coli_k12_gi_556503834_ref_NC_ NODE_15_length_117663_cov_46.609_ID_242013
		Marking as insignificant: 915027 915288 | 59613 59874 | 262 262 | 95.42 | e_coli_k12_gi_556503834_ref_NC_ NODE_15_length_117663_cov_46.609_ID_242013
		One align captures most of this contig: 2171323 2288990 | 117663 1 | 117668 117663 | 99.91 | e_coli_k12_gi_556503834_ref_NC_ NODE_15_length_117663_cov_46.609_ID_242013

CONTIG: NODE_16_length_112377_cov_46.7652_ID_241165 (112377bp)
Top Length: 112377  Top ID: 99.92
		Marking as insignificant: 291297 291401 | 112377 112273 | 105 105 | 100.0 | e_coli_k12_gi_556503834_ref_NC_ NODE_16_length_112377_cov_46.7652_ID_241165
		Marking as insignificant: 279826 279930 | 112377 112273 | 105 105 | 100.0 | e_coli_k12_gi_556503834_ref_NC_ NODE_16_length_112377_cov_46.7652_ID_241165
		Marking as insignificant: 258571 258676 | 112377 112272 | 106 106 | 100.0 | e_coli_k12_gi_556503834_ref_NC_ NODE_16_length_112377_cov_46.7652_ID_241165
		Marking as insignificant: 20459 20564 | 112377 112272 | 106 106 | 100.0 | e_coli_k12_gi_556503834_ref_NC_ NODE_16_length_112377_cov_46.7652_ID_241165
		Marking as insignificant: 1979166 1979285 | 112377 112258 | 120 120 | 96.69 | e_coli_k12_gi_556503834_ref_NC_ NODE_16_length_112377_cov_46.7652_ID_241165
		One align captures most of this contig: 3471140 3583532 | 1 112377 | 112393 112377 | 99.92 | e_coli_k12_gi_556503834_ref_NC_ NODE_16_length_112377_cov_46.7652_ID_241165

CONTIG: NODE_17_length_95526_cov_46.7398_ID_241575 (95526bp)
Top Length: 95526  Top ID: 99.93
		Marking as insignificant: 2288919 2288990 | 72 1 | 72 72 | 100.0 | e_coli_k12_gi_556503834_ref_NC_ NODE_17_length_95526_cov_46.7398_ID_241575
		Marking as insignificant: 2101745 2101820 | 76 1 | 76 76 | 98.68 | e_coli_k12_gi_556503834_ref_NC_ NODE_17_length_95526_cov_46.7398_ID_241575
		Marking as insignificant: 273951 274026 | 76 1 | 76 76 | 98.68 | e_coli_k12_gi_556503834_ref_NC_ NODE_17_length_95526_cov_46.7398_ID_241575
		Marking as insignificant: 3365552 3365627 | 76 1 | 76 76 | 100.0 | e_coli_k12_gi_556503834_ref_NC_ NODE_17_length_95526_cov_46.7398_ID_241575
		Marking as insignificant: 687847 687922 | 76 1 | 76 76 | 100.0 | e_coli_k12_gi_556503834_ref_NC_ NODE_17_length_95526_cov_46.7398_ID_241575
		Marking as insignificant: 574586 574662 | 77 1 | 77 77 | 100.0 | e_coli_k12_gi_556503834_ref_NC_ NODE_17_length_95526_cov_46.7398_ID_241575
		Marking as insignificant: 3652030 3652107 | 78 1 | 78 78 | 100.0 | e_coli_k12_gi_556503834_ref_NC_ NODE_17_length_95526_cov_46.7398_ID_241575
		Marking as insignificant: 3131269 3131346 | 1 78 | 78 78 | 100.0 | e_coli_k12_gi_556503834_ref_NC_ NODE_17_length_95526_cov_46.7398_ID_241575
		Marking as insignificant: 1397167 1397247 | 1 81 | 81 81 | 98.77 | e_coli_k12_gi_556503834_ref_NC_ NODE_17_length_95526_cov_46.7398_ID_241575
		Marking as insignificant: 2290005 2290113 | 95526 95418 | 109 109 | 100.0 | e_coli_k12_gi_556503834_ref_NC_ NODE_17_length_95526_cov_46.7398_ID_241575
		Marking as insignificant: 275041 275149 | 95526 95418 | 109 109 | 100.0 | e_coli_k12_gi_556503834_ref_NC_ NODE_17_length_95526_cov_46.7398_ID_241575
		Marking as insignificant: 3130143 3130254 | 95415 95526 | 112 112 | 100.0 | e_coli_k12_gi_556503834_ref_NC_ NODE_17_length_95526_cov_46.7398_ID_241575
		Marking as insignificant: 2102835 2102946 | 95526 95415 | 112 112 | 100.0 | e_coli_k12_gi_556503834_ref_NC_ NODE_17_length_95526_cov_46.7398_ID_241575
		Marking as insignificant: 3653122 3653234 | 95526 95414 | 113 113 | 100.0 | e_coli_k12_gi_556503834_ref_NC_ NODE_17_length_95526_cov_46.7398_ID_241575
		Marking as insignificant: 3366642 3366754 | 95526 95414 | 113 113 | 100.0 | e_coli_k12_gi_556503834_ref_NC_ NODE_17_length_95526_cov_46.7398_ID_241575
		Marking as insignificant: 575677 575789 | 95526 95414 | 113 113 | 100.0 | e_coli_k12_gi_556503834_ref_NC_ NODE_17_length_95526_cov_46.7398_ID_241575
		Marking as insignificant: 1299494 1299607 | 95413 95526 | 114 114 | 100.0 | e_coli_k12_gi_556503834_ref_NC_ NODE_17_length_95526_cov_46.7398_ID_241575
		Marking as insignificant: 688937 689053 | 95526 95410 | 117 117 | 99.15 | e_coli_k12_gi_556503834_ref_NC_ NODE_17_length_95526_cov_46.7398_ID_241575
		One align captures most of this contig: 1300622 1396152 | 1 95526 | 95531 95526 | 99.93 | e_coli_k12_gi_556503834_ref_NC_ NODE_17_length_95526_cov_46.7398_ID_241575

CONTIG: NODE_18_length_95014_cov_46.5177_ID_242242 (95014bp)
Top Length: 95014  Top ID: 99.93
		Marking as insignificant: 3619192 3619399 | 94807 95014 | 208 208 | 98.08 | e_coli_k12_gi_556503834_ref_NC_ NODE_18_length_95014_cov_46.5177_ID_242242
		Marking as insignificant: 729465 729790 | 94690 95014 | 326 325 | 95.41 | e_coli_k12_gi_556503834_ref_NC_ NODE_18_length_95014_cov_46.5177_ID_242242
		One align captures most of this contig: 3667382 3762390 | 1 95014 | 95009 95014 | 99.93 | e_coli_k12_gi_556503834_ref_NC_ NODE_18_length_95014_cov_46.5177_ID_242242

CONTIG: NODE_19_length_88449_cov_46.5722_ID_245420 (88449bp)
Top Length: 88449  Top ID: 99.94
		Marking as insignificant: 236931 237008 | 103 180 | 78 78 | 100.0 | e_coli_k12_gi_556503834_ref_NC_ NODE_19_length_88449_cov_46.5722_ID_245420
		Marking as insignificant: 4606079 4606166 | 35922 35835 | 88 88 | 100.0 | e_coli_k12_gi_556503834_ref_NC_ NODE_19_length_88449_cov_46.5722_ID_245420
		Marking as insignificant: 4606315 4606403 | 35922 35834 | 89 89 | 100.0 | e_coli_k12_gi_556503834_ref_NC_ NODE_19_length_88449_cov_46.5722_ID_245420
		Marking as insignificant: 228826 229005 | 1 180 | 180 180 | 100.0 | e_coli_k12_gi_556503834_ref_NC_ NODE_19_length_88449_cov_46.5722_ID_245420
		One align captures most of this contig: 3946770 4035219 | 1 88449 | 88450 88449 | 99.94 | e_coli_k12_gi_556503834_ref_NC_ NODE_19_length_88449_cov_46.5722_ID_245420

CONTIG: NODE_20_length_87062_cov_46.7892_ID_242297 (87062bp)
Top Length: 87062  Top ID: 99.91
		Marking as insignificant: 4392583 4392658 | 12951 12876 | 76 76 | 100.0 | e_coli_k12_gi_556503834_ref_NC_ NODE_20_length_87062_cov_46.7892_ID_242297
		Marking as insignificant: 4392472 4392547 | 12951 12876 | 76 76 | 100.0 | e_coli_k12_gi_556503834_ref_NC_ NODE_20_length_87062_cov_46.7892_ID_242297
		Marking as insignificant: 4392360 4392435 | 12951 12876 | 76 76 | 100.0 | e_coli_k12_gi_556503834_ref_NC_ NODE_20_length_87062_cov_46.7892_ID_242297
		Marking as insignificant: 2059846 2059930 | 78939 78855 | 85 85 | 100.0 | e_coli_k12_gi_556503834_ref_NC_ NODE_20_length_87062_cov_46.7892_ID_242297
		Marking as insignificant: 2058023 2058107 | 80762 80678 | 85 85 | 100.0 | e_coli_k12_gi_556503834_ref_NC_ NODE_20_length_87062_cov_46.7892_ID_242297
		Marking as insignificant: 2062236 2062339 | 78958 78855 | 104 104 | 97.12 | e_coli_k12_gi_556503834_ref_NC_ NODE_20_length_87062_cov_46.7892_ID_242297
		Marking as insignificant: 2058023 2058126 | 83171 83068 | 104 104 | 97.12 | e_coli_k12_gi_556503834_ref_NC_ NODE_20_length_87062_cov_46.7892_ID_242297
		Marking as insignificant: 2058023 2058126 | 65459 65356 | 104 104 | 98.08 | e_coli_k12_gi_556503834_ref_NC_ NODE_20_length_87062_cov_46.7892_ID_242297
		Marking as insignificant: 2044525 2044628 | 78958 78855 | 104 104 | 98.08 | e_coli_k12_gi_556503834_ref_NC_ NODE_20_length_87062_cov_46.7892_ID_242297
		Marking as insignificant: 291297 291401 | 1 105 | 105 105 | 99.05 | e_coli_k12_gi_556503834_ref_NC_ NODE_20_length_87062_cov_46.7892_ID_242297
		Marking as insignificant: 279826 279930 | 1 105 | 105 105 | 99.05 | e_coli_k12_gi_556503834_ref_NC_ NODE_20_length_87062_cov_46.7892_ID_242297
		Marking as insignificant: 258571 258675 | 1 105 | 105 105 | 99.05 | e_coli_k12_gi_556503834_ref_NC_ NODE_20_length_87062_cov_46.7892_ID_242297
		Marking as insignificant: 20459 20563 | 1 105 | 105 105 | 99.05 | e_coli_k12_gi_556503834_ref_NC_ NODE_20_length_87062_cov_46.7892_ID_242297
		Marking as insignificant: 3583413 3583532 | 120 1 | 120 120 | 95.87 | e_coli_k12_gi_556503834_ref_NC_ NODE_20_length_87062_cov_46.7892_ID_242297
		One align captures most of this contig: 1979166 2066230 | 1 87062 | 87065 87062 | 99.91 | e_coli_k12_gi_556503834_ref_NC_ NODE_20_length_87062_cov_46.7892_ID_242297

CONTIG: NODE_21_length_78620_cov_46.4574_ID_241753 (78620bp)
Top Length: 78620  Top ID: 99.92
		Marking as insignificant: 2288919 2288990 | 78549 78620 | 72 72 | 100.0 | e_coli_k12_gi_556503834_ref_NC_ NODE_21_length_78620_cov_46.4574_ID_241753
		Marking as insignificant: 2101745 2101820 | 78545 78620 | 76 76 | 98.68 | e_coli_k12_gi_556503834_ref_NC_ NODE_21_length_78620_cov_46.4574_ID_241753
		Marking as insignificant: 3652032 3652107 | 78545 78620 | 76 76 | 100.0 | e_coli_k12_gi_556503834_ref_NC_ NODE_21_length_78620_cov_46.4574_ID_241753
		Marking as insignificant: 3365552 3365627 | 78545 78620 | 76 76 | 100.0 | e_coli_k12_gi_556503834_ref_NC_ NODE_21_length_78620_cov_46.4574_ID_241753
		Marking as insignificant: 3131269 3131344 | 78620 78545 | 76 76 | 100.0 | e_coli_k12_gi_556503834_ref_NC_ NODE_21_length_78620_cov_46.4574_ID_241753
		Marking as insignificant: 1300622 1300697 | 78620 78545 | 76 76 | 100.0 | e_coli_k12_gi_556503834_ref_NC_ NODE_21_length_78620_cov_46.4574_ID_241753
		Marking as insignificant: 574587 574662 | 78545 78620 | 76 76 | 100.0 | e_coli_k12_gi_556503834_ref_NC_ NODE_21_length_78620_cov_46.4574_ID_241753
		Marking as insignificant: 1397167 1397243 | 78620 78544 | 77 77 | 100.0 | e_coli_k12_gi_556503834_ref_NC_ NODE_21_length_78620_cov_46.4574_ID_241753
		Marking as insignificant: 273948 274026 | 78542 78620 | 79 79 | 98.73 | e_coli_k12_gi_556503834_ref_NC_ NODE_21_length_78620_cov_46.4574_ID_241753
		One align captures most of this contig: 609297 687922 | 1 78620 | 78626 78620 | 99.92 | e_coli_k12_gi_556503834_ref_NC_ NODE_21_length_78620_cov_46.4574_ID_241753

CONTIG: NODE_22_length_67397_cov_46.7099_ID_241859 (67397bp)
Top Length: 67397  Top ID: 99.94
		Marking as insignificant: 275041 275149 | 67397 67289 | 109 109 | 100.0 | e_coli_k12_gi_556503834_ref_NC_ NODE_22_length_67397_cov_46.7099_ID_241859
		Marking as insignificant: 3653122 3653233 | 67397 67286 | 112 112 | 100.0 | e_coli_k12_gi_556503834_ref_NC_ NODE_22_length_67397_cov_46.7099_ID_241859
		Marking as insignificant: 3366642 3366753 | 67397 67286 | 112 112 | 100.0 | e_coli_k12_gi_556503834_ref_NC_ NODE_22_length_67397_cov_46.7099_ID_241859
		Marking as insignificant: 1396041 1396152 | 67286 67397 | 112 112 | 100.0 | e_coli_k12_gi_556503834_ref_NC_ NODE_22_length_67397_cov_46.7099_ID_241859
		Marking as insignificant: 1299496 1299607 | 67286 67397 | 112 112 | 100.0 | e_coli_k12_gi_556503834_ref_NC_ NODE_22_length_67397_cov_46.7099_ID_241859
		Marking as insignificant: 688937 689048 | 67397 67286 | 112 112 | 100.0 | e_coli_k12_gi_556503834_ref_NC_ NODE_22_length_67397_cov_46.7099_ID_241859
		Marking as insignificant: 575677 575788 | 67397 67286 | 112 112 | 100.0 | e_coli_k12_gi_556503834_ref_NC_ NODE_22_length_67397_cov_46.7099_ID_241859
		Marking as insignificant: 2290005 2290117 | 67397 67285 | 113 113 | 99.12 | e_coli_k12_gi_556503834_ref_NC_ NODE_22_length_67397_cov_46.7099_ID_241859
		Marking as insignificant: 3130141 3130254 | 67284 67397 | 114 114 | 100.0 | e_coli_k12_gi_556503834_ref_NC_ NODE_22_length_67397_cov_46.7099_ID_241859
		One align captures most of this contig: 2102835 2170228 | 67397 1 | 67394 67397 | 99.94 | e_coli_k12_gi_556503834_ref_NC_ NODE_22_length_67397_cov_46.7099_ID_241859

CONTIG: NODE_23_length_65564_cov_48.9807_ID_243170 (65564bp)
Top Length: 65564  Top ID: 99.93
		Marking as insignificant: 2171323 2171428 | 1 106 | 106 106 | 100.0 | e_coli_k12_gi_556503834_ref_NC_ NODE_23_length_65564_cov_48.9807_ID_243170
		Marking as insignificant: 1094245 1094350 | 106 1 | 106 106 | 100.0 | e_coli_k12_gi_556503834_ref_NC_ NODE_23_length_65564_cov_48.9807_ID_243170
		Marking as insignificant: 567929 568034 | 1 106 | 106 106 | 100.0 | e_coli_k12_gi_556503834_ref_NC_ NODE_23_length_65564_cov_48.9807_ID_243170
		Marking as insignificant: 391709 391814 | 106 1 | 106 106 | 100.0 | e_coli_k12_gi_556503834_ref_NC_ NODE_23_length_65564_cov_48.9807_ID_243170
		Marking as insignificant: 4498181 4498860 | 64885 65564 | 680 680 | 100.0 | e_coli_k12_gi_556503834_ref_NC_ NODE_23_length_65564_cov_48.9807_ID_243170
		Marking as insignificant: 2997012 2997691 | 65564 64885 | 680 680 | 100.0 | e_coli_k12_gi_556503834_ref_NC_ NODE_23_length_65564_cov_48.9807_ID_243170
		Marking as insignificant: 1468561 1469240 | 65564 64885 | 680 680 | 100.0 | e_coli_k12_gi_556503834_ref_NC_ NODE_23_length_65564_cov_48.9807_ID_243170
		Marking as insignificant: 2069592 2070273 | 65564 64883 | 682 682 | 100.0 | e_coli_k12_gi_556503834_ref_NC_ NODE_23_length_65564_cov_48.9807_ID_243170
		Marking as insignificant: 3186092 3186775 | 64881 65564 | 684 684 | 99.85 | e_coli_k12_gi_556503834_ref_NC_ NODE_23_length_65564_cov_48.9807_ID_243170
		One align captures most of this contig: 316378 381939 | 1 65564 | 65562 65564 | 99.93 | e_coli_k12_gi_556503834_ref_NC_ NODE_23_length_65564_cov_48.9807_ID_243170

CONTIG: NODE_24_length_60765_cov_46.5031_ID_241909 (60765bp)
Top Length: 60765  Top ID: 99.93
		One align captures most of this contig: 1571847 1632614 | 1 60765 | 60768 60765 | 99.93 | e_coli_k12_gi_556503834_ref_NC_ NODE_24_length_60765_cov_46.5031_ID_241909

CONTIG: NODE_25_length_57775_cov_46.5738_ID_242152 (57775bp)
Top Length: 57775  Top ID: 99.93
		One align captures most of this contig: 1470462 1528238 | 1 57775 | 57777 57775 | 99.93 | e_coli_k12_gi_556503834_ref_NC_ NODE_25_length_57775_cov_46.5738_ID_242152

CONTIG: NODE_26_length_56668_cov_47.0266_ID_245424 (56668bp)
Top Length: 56668  Top ID: 99.93
		Marking as insignificant: 2290005 2290113 | 56668 56560 | 109 109 | 100.0 | e_coli_k12_gi_556503834_ref_NC_ NODE_26_length_56668_cov_47.0266_ID_245424
		Marking as insignificant: 275041 275149 | 56668 56560 | 109 109 | 100.0 | e_coli_k12_gi_556503834_ref_NC_ NODE_26_length_56668_cov_47.0266_ID_245424
		Marking as insignificant: 3130143 3130254 | 56557 56668 | 112 112 | 100.0 | e_coli_k12_gi_556503834_ref_NC_ NODE_26_length_56668_cov_47.0266_ID_245424
		Marking as insignificant: 2102835 2102946 | 56668 56557 | 112 112 | 100.0 | e_coli_k12_gi_556503834_ref_NC_ NODE_26_length_56668_cov_47.0266_ID_245424
		Marking as insignificant: 3653122 3653234 | 56668 56556 | 113 113 | 100.0 | e_coli_k12_gi_556503834_ref_NC_ NODE_26_length_56668_cov_47.0266_ID_245424
		Marking as insignificant: 1396040 1396152 | 56556 56668 | 113 113 | 100.0 | e_coli_k12_gi_556503834_ref_NC_ NODE_26_length_56668_cov_47.0266_ID_245424
		Marking as insignificant: 688937 689049 | 56668 56556 | 113 113 | 100.0 | e_coli_k12_gi_556503834_ref_NC_ NODE_26_length_56668_cov_47.0266_ID_245424
		Marking as insignificant: 575677 575790 | 56668 56555 | 114 114 | 100.0 | e_coli_k12_gi_556503834_ref_NC_ NODE_26_length_56668_cov_47.0266_ID_245424
		Marking as insignificant: 1299490 1299607 | 56551 56668 | 118 118 | 99.15 | e_coli_k12_gi_556503834_ref_NC_ NODE_26_length_56668_cov_47.0266_ID_245424
		One align captures most of this contig: 3366642 3423313 | 56668 1 | 56672 56668 | 99.93 | e_coli_k12_gi_556503834_ref_NC_ NODE_26_length_56668_cov_47.0266_ID_245424

CONTIG: NODE_27_length_54878_cov_46.6134_ID_242192 (54878bp)
Top Length: 54878  Top ID: 99.96
		Marking as insignificant: 2288919 2288990 | 54807 54878 | 72 72 | 100.0 | e_coli_k12_gi_556503834_ref_NC_ NODE_27_length_54878_cov_46.6134_ID_242192
		Marking as insignificant: 2101745 2101820 | 54803 54878 | 76 76 | 98.68 | e_coli_k12_gi_556503834_ref_NC_ NODE_27_length_54878_cov_46.6134_ID_242192
		Marking as insignificant: 273951 274026 | 54803 54878 | 76 76 | 98.68 | e_coli_k12_gi_556503834_ref_NC_ NODE_27_length_54878_cov_46.6134_ID_242192
		Marking as insignificant: 3365552 3365627 | 54803 54878 | 76 76 | 100.0 | e_coli_k12_gi_556503834_ref_NC_ NODE_27_length_54878_cov_46.6134_ID_242192
		Marking as insignificant: 1397167 1397242 | 54878 54803 | 76 76 | 100.0 | e_coli_k12_gi_556503834_ref_NC_ NODE_27_length_54878_cov_46.6134_ID_242192
		Marking as insignificant: 687847 687922 | 54803 54878 | 76 76 | 100.0 | e_coli_k12_gi_556503834_ref_NC_ NODE_27_length_54878_cov_46.6134_ID_242192
		Marking as insignificant: 574586 574662 | 54802 54878 | 77 77 | 100.0 | e_coli_k12_gi_556503834_ref_NC_ NODE_27_length_54878_cov_46.6134_ID_242192
		Marking as insignificant: 3652030 3652107 | 54801 54878 | 78 78 | 100.0 | e_coli_k12_gi_556503834_ref_NC_ NODE_27_length_54878_cov_46.6134_ID_242192
		Marking as insignificant: 1300622 1300699 | 54878 54801 | 78 78 | 100.0 | e_coli_k12_gi_556503834_ref_NC_ NODE_27_length_54878_cov_46.6134_ID_242192
		One align captures most of this contig: 3131269 3186150 | 54878 1 | 54882 54878 | 99.96 | e_coli_k12_gi_556503834_ref_NC_ NODE_27_length_54878_cov_46.6134_ID_242192

CONTIG: NODE_28_length_43858_cov_46.7598_ID_242443 (43858bp)
Top Length: 43858  Top ID: 99.94
		Marking as insignificant: 2171323 2171428 | 1 106 | 106 106 | 100.0 | e_coli_k12_gi_556503834_ref_NC_ NODE_28_length_43858_cov_46.7598_ID_242443
		Marking as insignificant: 316378 316483 | 1 106 | 106 106 | 100.0 | e_coli_k12_gi_556503834_ref_NC_ NODE_28_length_43858_cov_46.7598_ID_242443
		Marking as insignificant: 567929 568035 | 1 107 | 107 107 | 100.0 | e_coli_k12_gi_556503834_ref_NC_ NODE_28_length_43858_cov_46.7598_ID_242443
		Marking as insignificant: 391708 391814 | 107 1 | 107 107 | 100.0 | e_coli_k12_gi_556503834_ref_NC_ NODE_28_length_43858_cov_46.7598_ID_242443
		One align captures most of this contig: 1050491 1094350 | 43858 1 | 43860 43858 | 99.94 | e_coli_k12_gi_556503834_ref_NC_ NODE_28_length_43858_cov_46.7598_ID_242443

CONTIG: NODE_29_length_41604_cov_49.1092_ID_243409 (41604bp)
Top Length: 41604  Top ID: 99.91
		Marking as insignificant: 239098 239377 | 3553 3832 | 280 280 | 97.86 | e_coli_k12_gi_556503834_ref_NC_ NODE_29_length_41604_cov_49.1092_ID_243409
		Marking as insignificant: 737972 738860 | 2577 3465 | 889 889 | 96.18 | e_coli_k12_gi_556503834_ref_NC_ NODE_29_length_41604_cov_49.1092_ID_243409
		Marking as insignificant: 736707 737971 | 2578 3843 | 1265 1266 | 95.97 | e_coli_k12_gi_556503834_ref_NC_ NODE_29_length_41604_cov_49.1092_ID_243409
		Marking as insignificant: 3624234 3625524 | 2553 3843 | 1291 1291 | 98.06 | e_coli_k12_gi_556503834_ref_NC_ NODE_29_length_41604_cov_49.1092_ID_243409
		One align captures most of this contig: 1529120 1570724 | 1 41604 | 41605 41604 | 99.91 | e_coli_k12_gi_556503834_ref_NC_ NODE_29_length_41604_cov_49.1092_ID_243409

CONTIG: NODE_30_length_41364_cov_46.7415_ID_242732 (41364bp)
Top Length: 41364  Top ID: 99.93
		Marking as insignificant: 4207913 4208055 | 41220 41364 | 143 145 | 97.24 | e_coli_k12_gi_556503834_ref_NC_ NODE_30_length_41364_cov_46.7415_ID_242732
		Marking as insignificant: 223535 223679 | 41220 41364 | 145 145 | 99.31 | e_coli_k12_gi_556503834_ref_NC_ NODE_30_length_41364_cov_46.7415_ID_242732
		One align captures most of this contig: 3428854 3470218 | 41364 1 | 41365 41364 | 99.93 | e_coli_k12_gi_556503834_ref_NC_ NODE_30_length_41364_cov_46.7415_ID_242732

CONTIG: NODE_31_length_40846_cov_47.3197_ID_242860 (40846bp)
Top Length: 40846  Top ID: 99.91
		Marking as insignificant: 2290005 2290113 | 1 109 | 109 109 | 100.0 | e_coli_k12_gi_556503834_ref_NC_ NODE_31_length_40846_cov_47.3197_ID_242860
		Marking as insignificant: 275041 275149 | 1 109 | 109 109 | 100.0 | e_coli_k12_gi_556503834_ref_NC_ NODE_31_length_40846_cov_47.3197_ID_242860
		Marking as insignificant: 3130143 3130254 | 112 1 | 112 112 | 100.0 | e_coli_k12_gi_556503834_ref_NC_ NODE_31_length_40846_cov_47.3197_ID_242860
		Marking as insignificant: 2102835 2102946 | 1 112 | 112 112 | 100.0 | e_coli_k12_gi_556503834_ref_NC_ NODE_31_length_40846_cov_47.3197_ID_242860
		Marking as insignificant: 3366642 3366754 | 1 113 | 113 113 | 100.0 | e_coli_k12_gi_556503834_ref_NC_ NODE_31_length_40846_cov_47.3197_ID_242860
		Marking as insignificant: 1299495 1299607 | 113 1 | 113 113 | 100.0 | e_coli_k12_gi_556503834_ref_NC_ NODE_31_length_40846_cov_47.3197_ID_242860
		Marking as insignificant: 575677 575789 | 1 113 | 113 113 | 100.0 | e_coli_k12_gi_556503834_ref_NC_ NODE_31_length_40846_cov_47.3197_ID_242860
		Marking as insignificant: 1396036 1396152 | 117 1 | 117 117 | 99.15 | e_coli_k12_gi_556503834_ref_NC_ NODE_31_length_40846_cov_47.3197_ID_242860
		Marking as insignificant: 3653122 3653240 | 1 119 | 119 119 | 99.16 | e_coli_k12_gi_556503834_ref_NC_ NODE_31_length_40846_cov_47.3197_ID_242860
		Marking as insignificant: 3762066 3762390 | 40521 40846 | 325 326 | 95.41 | e_coli_k12_gi_556503834_ref_NC_ NODE_31_length_40846_cov_47.3197_ID_242860
		One align captures most of this contig: 688937 729790 | 1 40846 | 40854 40846 | 99.91 | e_coli_k12_gi_556503834_ref_NC_ NODE_31_length_40846_cov_47.3197_ID_242860

CONTIG: NODE_32_length_40168_cov_46.426_ID_242772 (40168bp)
Top Length: 40168  Top ID: 99.93
		One align captures most of this contig: 526666 566834 | 1 40168 | 40169 40168 | 99.93 | e_coli_k12_gi_556503834_ref_NC_ NODE_32_length_40168_cov_46.426_ID_242772

CONTIG: NODE_33_length_35914_cov_51.2629_ID_242816 (35914bp)
Top Length: 35914  Top ID: 99.9
		Marking as insignificant: 3762183 3762390 | 35707 35914 | 208 208 | 98.08 | e_coli_k12_gi_556503834_ref_NC_ NODE_33_length_35914_cov_51.2629_ID_242816
		Marking as insignificant: 290634 291351 | 718 1 | 718 718 | 98.61 | e_coli_k12_gi_556503834_ref_NC_ NODE_33_length_35914_cov_51.2629_ID_242816
		Marking as insignificant: 279162 279880 | 719 1 | 719 719 | 98.61 | e_coli_k12_gi_556503834_ref_NC_ NODE_33_length_35914_cov_51.2629_ID_242816
		Marking as insignificant: 1049828 1050549 | 1 722 | 722 722 | 98.75 | e_coli_k12_gi_556503834_ref_NC_ NODE_33_length_35914_cov_51.2629_ID_242816
		Marking as insignificant: 1978503 1979220 | 718 1 | 718 718 | 99.86 | e_coli_k12_gi_556503834_ref_NC_ NODE_33_length_35914_cov_51.2629_ID_242816
		Marking as insignificant: 257908 258625 | 718 1 | 718 718 | 99.86 | e_coli_k12_gi_556503834_ref_NC_ NODE_33_length_35914_cov_51.2629_ID_242816
		Marking as insignificant: 19796 20513 | 718 1 | 718 718 | 99.86 | e_coli_k12_gi_556503834_ref_NC_ NODE_33_length_35914_cov_51.2629_ID_242816
		One align captures most of this contig: 3583478 3619399 | 1 35914 | 35922 35914 | 99.9 | e_coli_k12_gi_556503834_ref_NC_ NODE_33_length_35914_cov_51.2629_ID_242816

CONTIG: NODE_34_length_33280_cov_47.1971_ID_242934 (33280bp)
Top Length: 33280  Top ID: 99.9
		One align captures most of this contig: 1434682 1467964 | 33280 1 | 33283 33280 | 99.9 | e_coli_k12_gi_556503834_ref_NC_ NODE_34_length_33280_cov_47.1971_ID_242934

CONTIG: NODE_35_length_32388_cov_49.0751_ID_243585 (32388bp)
Top Length: 32388  Top ID: 99.87
		Marking as insignificant: 2290005 2290113 | 32388 32280 | 109 109 | 100.0 | e_coli_k12_gi_556503834_ref_NC_ NODE_35_length_32388_cov_49.0751_ID_243585
		Marking as insignificant: 275041 275149 | 32388 32280 | 109 109 | 100.0 | e_coli_k12_gi_556503834_ref_NC_ NODE_35_length_32388_cov_49.0751_ID_243585
		Marking as insignificant: 3653122 3653231 | 32388 32279 | 110 110 | 100.0 | e_coli_k12_gi_556503834_ref_NC_ NODE_35_length_32388_cov_49.0751_ID_243585
		Marking as insignificant: 3130145 3130254 | 32279 32388 | 110 110 | 100.0 | e_coli_k12_gi_556503834_ref_NC_ NODE_35_length_32388_cov_49.0751_ID_243585
		Marking as insignificant: 2102835 2102944 | 32388 32279 | 110 110 | 100.0 | e_coli_k12_gi_556503834_ref_NC_ NODE_35_length_32388_cov_49.0751_ID_243585
		Marking as insignificant: 1396043 1396152 | 32279 32388 | 110 110 | 100.0 | e_coli_k12_gi_556503834_ref_NC_ NODE_35_length_32388_cov_49.0751_ID_243585
		Marking as insignificant: 1299498 1299607 | 32279 32388 | 110 110 | 100.0 | e_coli_k12_gi_556503834_ref_NC_ NODE_35_length_32388_cov_49.0751_ID_243585
		Marking as insignificant: 688937 689046 | 32388 32279 | 110 110 | 100.0 | e_coli_k12_gi_556503834_ref_NC_ NODE_35_length_32388_cov_49.0751_ID_243585
		Marking as insignificant: 3366642 3366755 | 32388 32275 | 114 114 | 99.12 | e_coli_k12_gi_556503834_ref_NC_ NODE_35_length_32388_cov_49.0751_ID_243585
		Marking as insignificant: 3071271 3071398 | 11081 10954 | 128 128 | 99.22 | e_coli_k12_gi_556503834_ref_NC_ NODE_35_length_32388_cov_49.0751_ID_243585
		Marking as insignificant: 803320 803447 | 11083 10956 | 128 128 | 99.22 | e_coli_k12_gi_556503834_ref_NC_ NODE_35_length_32388_cov_49.0751_ID_243585
		Marking as insignificant: 1423200 1423569 | 29938 29569 | 370 370 | 96.76 | e_coli_k12_gi_556503834_ref_NC_ NODE_35_length_32388_cov_49.0751_ID_243585
		Marking as insignificant: 1432557 1432973 | 26406 25990 | 417 417 | 95.2 | e_coli_k12_gi_556503834_ref_NC_ NODE_35_length_32388_cov_49.0751_ID_243585
		Marking as insignificant: 1634323 1634739 | 25990 26406 | 417 417 | 95.44 | e_coli_k12_gi_556503834_ref_NC_ NODE_35_length_32388_cov_49.0751_ID_243585
		Marking as insignificant: 1635839 1636918 | 26703 27782 | 1080 1080 | 98.24 | e_coli_k12_gi_556503834_ref_NC_ NODE_35_length_32388_cov_49.0751_ID_243585
		One align captures most of this contig: 575677 608061 | 32388 1 | 32385 32388 | 99.87 | e_coli_k12_gi_556503834_ref_NC_ NODE_35_length_32388_cov_49.0751_ID_243585

CONTIG: NODE_36_length_31597_cov_46.9892_ID_242983 (31597bp)
Top Length: 31597  Top ID: 99.92
		Marking as insignificant: 3652032 3652107 | 31522 31597 | 76 76 | 98.68 | e_coli_k12_gi_556503834_ref_NC_ NODE_36_length_31597_cov_46.9892_ID_242983
		Marking as insignificant: 3131269 3131344 | 31597 31522 | 76 76 | 98.68 | e_coli_k12_gi_556503834_ref_NC_ NODE_36_length_31597_cov_46.9892_ID_242983
		Marking as insignificant: 1397167 1397242 | 31597 31522 | 76 76 | 98.68 | e_coli_k12_gi_556503834_ref_NC_ NODE_36_length_31597_cov_46.9892_ID_242983
		Marking as insignificant: 1300622 1300697 | 31597 31522 | 76 76 | 98.68 | e_coli_k12_gi_556503834_ref_NC_ NODE_36_length_31597_cov_46.9892_ID_242983
		Marking as insignificant: 687847 687922 | 31522 31597 | 76 76 | 98.68 | e_coli_k12_gi_556503834_ref_NC_ NODE_36_length_31597_cov_46.9892_ID_242983
		Marking as insignificant: 574587 574662 | 31522 31597 | 76 76 | 98.68 | e_coli_k12_gi_556503834_ref_NC_ NODE_36_length_31597_cov_46.9892_ID_242983
		Marking as insignificant: 273951 274026 | 31522 31597 | 76 76 | 98.68 | e_coli_k12_gi_556503834_ref_NC_ NODE_36_length_31597_cov_46.9892_ID_242983
		Marking as insignificant: 2288916 2288990 | 31523 31597 | 75 75 | 100.0 | e_coli_k12_gi_556503834_ref_NC_ NODE_36_length_31597_cov_46.9892_ID_242983
		Marking as insignificant: 3365551 3365627 | 31521 31597 | 77 77 | 98.7 | e_coli_k12_gi_556503834_ref_NC_ NODE_36_length_31597_cov_46.9892_ID_242983
		One align captures most of this contig: 2070219 2101820 | 1 31597 | 31602 31597 | 99.92 | e_coli_k12_gi_556503834_ref_NC_ NODE_36_length_31597_cov_46.9892_ID_242983

CONTIG: NODE_37_length_31002_cov_47.0909_ID_243082 (31002bp)
Top Length: 31002  Top ID: 99.92
		Marking as insignificant: 3428854 3428998 | 1 145 | 145 145 | 99.31 | e_coli_k12_gi_556503834_ref_NC_ NODE_37_length_31002_cov_47.0909_ID_243082
		Marking as insignificant: 223465 223679 | 215 1 | 215 215 | 100.0 | e_coli_k12_gi_556503834_ref_NC_ NODE_37_length_31002_cov_47.0909_ID_243082
		One align captures most of this contig: 4177055 4208055 | 31002 1 | 31001 31002 | 99.92 | e_coli_k12_gi_556503834_ref_NC_ NODE_37_length_31002_cov_47.0909_ID_243082

CONTIG: NODE_38_length_30670_cov_46.9978_ID_243124 (30670bp)
Top Length: 30670  Top ID: 99.95
		Marking as insignificant: 2288919 2288990 | 30599 30670 | 72 72 | 100.0 | e_coli_k12_gi_556503834_ref_NC_ NODE_38_length_30670_cov_46.9978_ID_243124
		Marking as insignificant: 2101745 2101820 | 30595 30670 | 76 76 | 98.68 | e_coli_k12_gi_556503834_ref_NC_ NODE_38_length_30670_cov_46.9978_ID_243124
		Marking as insignificant: 273950 274026 | 30594 30670 | 77 77 | 98.7 | e_coli_k12_gi_556503834_ref_NC_ NODE_38_length_30670_cov_46.9978_ID_243124
		Marking as insignificant: 3652032 3652107 | 30595 30670 | 76 76 | 100.0 | e_coli_k12_gi_556503834_ref_NC_ NODE_38_length_30670_cov_46.9978_ID_243124
		Marking as insignificant: 3365552 3365627 | 30595 30670 | 76 76 | 100.0 | e_coli_k12_gi_556503834_ref_NC_ NODE_38_length_30670_cov_46.9978_ID_243124
		Marking as insignificant: 3131269 3131344 | 30670 30595 | 76 76 | 100.0 | e_coli_k12_gi_556503834_ref_NC_ NODE_38_length_30670_cov_46.9978_ID_243124
		Marking as insignificant: 574587 574662 | 30595 30670 | 76 76 | 100.0 | e_coli_k12_gi_556503834_ref_NC_ NODE_38_length_30670_cov_46.9978_ID_243124
		Marking as insignificant: 687846 687922 | 30594 30670 | 77 77 | 100.0 | e_coli_k12_gi_556503834_ref_NC_ NODE_38_length_30670_cov_46.9978_ID_243124
		Marking as insignificant: 1300622 1300702 | 30670 30590 | 81 81 | 98.77 | e_coli_k12_gi_556503834_ref_NC_ NODE_38_length_30670_cov_46.9978_ID_243124
		Marking as insignificant: 578127 578496 | 4638 4269 | 370 370 | 96.49 | e_coli_k12_gi_556503834_ref_NC_ NODE_38_length_30670_cov_46.9978_ID_243124
		One align captures most of this contig: 1397167 1427837 | 30670 1 | 30671 30670 | 99.95 | e_coli_k12_gi_556503834_ref_NC_ NODE_38_length_30670_cov_46.9978_ID_243124

CONTIG: NODE_39_length_29331_cov_51.156_ID_243245 (29331bp)
Top Length: 29331  Top ID: 99.85
		Marking as insignificant: 2101745 2101820 | 76 1 | 76 76 | 98.68 | e_coli_k12_gi_556503834_ref_NC_ NODE_39_length_29331_cov_51.156_ID_243245
		Marking as insignificant: 273951 274026 | 76 1 | 76 76 | 98.68 | e_coli_k12_gi_556503834_ref_NC_ NODE_39_length_29331_cov_51.156_ID_243245
		Marking as insignificant: 3365552 3365627 | 76 1 | 76 76 | 100.0 | e_coli_k12_gi_556503834_ref_NC_ NODE_39_length_29331_cov_51.156_ID_243245
		Marking as insignificant: 1397167 1397242 | 1 76 | 76 76 | 100.0 | e_coli_k12_gi_556503834_ref_NC_ NODE_39_length_29331_cov_51.156_ID_243245
		Marking as insignificant: 687847 687922 | 76 1 | 76 76 | 100.0 | e_coli_k12_gi_556503834_ref_NC_ NODE_39_length_29331_cov_51.156_ID_243245
		Marking as insignificant: 574586 574662 | 77 1 | 77 77 | 100.0 | e_coli_k12_gi_556503834_ref_NC_ NODE_39_length_29331_cov_51.156_ID_243245
		Marking as insignificant: 2288912 2288990 | 79 1 | 79 79 | 97.47 | e_coli_k12_gi_556503834_ref_NC_ NODE_39_length_29331_cov_51.156_ID_243245
		Marking as insignificant: 3131269 3131346 | 1 78 | 78 78 | 100.0 | e_coli_k12_gi_556503834_ref_NC_ NODE_39_length_29331_cov_51.156_ID_243245
		Marking as insignificant: 1300622 1300699 | 1 78 | 78 78 | 100.0 | e_coli_k12_gi_556503834_ref_NC_ NODE_39_length_29331_cov_51.156_ID_243245
		Marking as insignificant: 3766285 3766683 | 28273 27875 | 399 399 | 99.0 | e_coli_k12_gi_556503834_ref_NC_ NODE_39_length_29331_cov_51.156_ID_243245
		Marking as insignificant: 737972 738860 | 27850 26962 | 889 889 | 96.63 | e_coli_k12_gi_556503834_ref_NC_ NODE_39_length_29331_cov_51.156_ID_243245
		Marking as insignificant: 736681 737971 | 27875 26585 | 1291 1291 | 95.9 | e_coli_k12_gi_556503834_ref_NC_ NODE_39_length_29331_cov_51.156_ID_243245
		Marking as insignificant: 1531672 1532962 | 27874 26585 | 1291 1290 | 98.37 | e_coli_k12_gi_556503834_ref_NC_ NODE_39_length_29331_cov_51.156_ID_243245
		One align captures most of this contig: 3622777 3652107 | 29331 1 | 29331 29331 | 99.85 | e_coli_k12_gi_556503834_ref_NC_ NODE_39_length_29331_cov_51.156_ID_243245

CONTIG: NODE_40_length_29134_cov_48.1801_ID_243347 (29134bp)
Top Length: 29134  Top ID: 99.95
		Marking as insignificant: 3946872 3946949 | 8106 8183 | 78 78 | 100.0 | e_coli_k12_gi_556503834_ref_NC_ NODE_40_length_29134_cov_48.1801_ID_243347
		Marking as insignificant: 3946770 3946949 | 1 180 | 180 180 | 100.0 | e_coli_k12_gi_556503834_ref_NC_ NODE_40_length_29134_cov_48.1801_ID_243347
		Marking as insignificant: 737681 737960 | 10273 10552 | 280 280 | 96.79 | e_coli_k12_gi_556503834_ref_NC_ NODE_40_length_29134_cov_48.1801_ID_243347
		Marking as insignificant: 3625234 3625513 | 10273 10552 | 280 280 | 97.86 | e_coli_k12_gi_556503834_ref_NC_ NODE_40_length_29134_cov_48.1801_ID_243347
		Marking as insignificant: 1532672 1532951 | 10273 10552 | 280 280 | 99.64 | e_coli_k12_gi_556503834_ref_NC_ NODE_40_length_29134_cov_48.1801_ID_243347
		One align captures most of this contig: 228826 257962 | 1 29134 | 29137 29134 | 99.95 | e_coli_k12_gi_556503834_ref_NC_ NODE_40_length_29134_cov_48.1801_ID_243347

CONTIG: NODE_41_length_23988_cov_46.9922_ID_243492 (23988bp)
Top Length: 23988  Top ID: 99.94
		Marking as insignificant: 3583428 3583532 | 105 1 | 105 105 | 100.0 | e_coli_k12_gi_556503834_ref_NC_ NODE_41_length_23988_cov_46.9922_ID_243492
		Marking as insignificant: 1979166 1979270 | 1 105 | 105 105 | 100.0 | e_coli_k12_gi_556503834_ref_NC_ NODE_41_length_23988_cov_46.9922_ID_243492
		Marking as insignificant: 258571 258675 | 1 105 | 105 105 | 100.0 | e_coli_k12_gi_556503834_ref_NC_ NODE_41_length_23988_cov_46.9922_ID_243492
		Marking as insignificant: 20459 20563 | 1 105 | 105 105 | 100.0 | e_coli_k12_gi_556503834_ref_NC_ NODE_41_length_23988_cov_46.9922_ID_243492
		Marking as insignificant: 279826 279932 | 1 107 | 107 107 | 100.0 | e_coli_k12_gi_556503834_ref_NC_ NODE_41_length_23988_cov_46.9922_ID_243492
		One align captures most of this contig: 291297 315283 | 1 23988 | 23987 23988 | 99.94 | e_coli_k12_gi_556503834_ref_NC_ NODE_41_length_23988_cov_46.9922_ID_243492

CONTIG: NODE_42_length_15439_cov_46.7914_ID_243549 (15439bp)
Top Length: 15439  Top ID: 99.97
		One align captures most of this contig: 2 15441 | 15439 1 | 15440 15439 | 99.97 | e_coli_k12_gi_556503834_ref_NC_ NODE_42_length_15439_cov_46.7914_ID_243549

CONTIG: NODE_43_length_14110_cov_46.5107_ID_243740 (14110bp)
Top Length: 14110  Top ID: 99.91
		One align captures most of this contig: 1636784 1650897 | 14110 1 | 14114 14110 | 99.91 | e_coli_k12_gi_556503834_ref_NC_ NODE_43_length_14110_cov_46.5107_ID_243740

CONTIG: NODE_44_length_13138_cov_48.3014_ID_243778 (13138bp)
Top Length: 13138  Top ID: 99.95
		Marking as insignificant: 2290005 2290113 | 13138 13030 | 109 109 | 100.0 | e_coli_k12_gi_556503834_ref_NC_ NODE_44_length_13138_cov_48.3014_ID_243778
		Marking as insignificant: 275041 275149 | 13138 13030 | 109 109 | 100.0 | e_coli_k12_gi_556503834_ref_NC_ NODE_44_length_13138_cov_48.3014_ID_243778
		Marking as insignificant: 3130143 3130254 | 13027 13138 | 112 112 | 100.0 | e_coli_k12_gi_556503834_ref_NC_ NODE_44_length_13138_cov_48.3014_ID_243778
		Marking as insignificant: 2102835 2102946 | 13138 13027 | 112 112 | 100.0 | e_coli_k12_gi_556503834_ref_NC_ NODE_44_length_13138_cov_48.3014_ID_243778
		Marking as insignificant: 3366642 3366754 | 13138 13026 | 113 113 | 100.0 | e_coli_k12_gi_556503834_ref_NC_ NODE_44_length_13138_cov_48.3014_ID_243778
		Marking as insignificant: 1396040 1396152 | 13026 13138 | 113 113 | 100.0 | e_coli_k12_gi_556503834_ref_NC_ NODE_44_length_13138_cov_48.3014_ID_243778
		Marking as insignificant: 1299495 1299607 | 13026 13138 | 113 113 | 100.0 | e_coli_k12_gi_556503834_ref_NC_ NODE_44_length_13138_cov_48.3014_ID_243778
		Marking as insignificant: 575677 575789 | 13138 13026 | 113 113 | 100.0 | e_coli_k12_gi_556503834_ref_NC_ NODE_44_length_13138_cov_48.3014_ID_243778
		Marking as insignificant: 688937 689055 | 13138 13020 | 119 119 | 99.16 | e_coli_k12_gi_556503834_ref_NC_ NODE_44_length_13138_cov_48.3014_ID_243778
		One align captures most of this contig: 3653122 3666259 | 13138 1 | 13138 13138 | 99.95 | e_coli_k12_gi_556503834_ref_NC_ NODE_44_length_13138_cov_48.3014_ID_243778

CONTIG: NODE_45_length_12025_cov_47.6639_ID_244074 (12025bp)
Top Length: 12025  Top ID: 99.88
		Marking as insignificant: 1979166 1979270 | 1 105 | 105 105 | 100.0 | e_coli_k12_gi_556503834_ref_NC_ NODE_45_length_12025_cov_47.6639_ID_244074
		Marking as insignificant: 291297 291401 | 1 105 | 105 105 | 100.0 | e_coli_k12_gi_556503834_ref_NC_ NODE_45_length_12025_cov_47.6639_ID_244074
		Marking as insignificant: 279826 279930 | 1 105 | 105 105 | 100.0 | e_coli_k12_gi_556503834_ref_NC_ NODE_45_length_12025_cov_47.6639_ID_244074
		Marking as insignificant: 3583427 3583532 | 106 1 | 106 106 | 100.0 | e_coli_k12_gi_556503834_ref_NC_ NODE_45_length_12025_cov_47.6639_ID_244074
		Marking as insignificant: 20459 20564 | 1 106 | 106 106 | 100.0 | e_coli_k12_gi_556503834_ref_NC_ NODE_45_length_12025_cov_47.6639_ID_244074
		One align captures most of this contig: 258571 270595 | 1 12025 | 12025 12025 | 99.88 | e_coli_k12_gi_556503834_ref_NC_ NODE_45_length_12025_cov_47.6639_ID_244074

CONTIG: NODE_46_length_10669_cov_49.4093_ID_243826 (10669bp)
Top Length: 10669  Top ID: 99.94
		Marking as insignificant: 3583428 3583532 | 105 1 | 105 105 | 100.0 | e_coli_k12_gi_556503834_ref_NC_ NODE_46_length_10669_cov_49.4093_ID_243826
		Marking as insignificant: 1979166 1979270 | 1 105 | 105 105 | 100.0 | e_coli_k12_gi_556503834_ref_NC_ NODE_46_length_10669_cov_49.4093_ID_243826
		Marking as insignificant: 258571 258675 | 1 105 | 105 105 | 100.0 | e_coli_k12_gi_556503834_ref_NC_ NODE_46_length_10669_cov_49.4093_ID_243826
		Marking as insignificant: 20459 20563 | 1 105 | 105 105 | 100.0 | e_coli_k12_gi_556503834_ref_NC_ NODE_46_length_10669_cov_49.4093_ID_243826
		Marking as insignificant: 291297 291403 | 1 107 | 107 107 | 100.0 | e_coli_k12_gi_556503834_ref_NC_ NODE_46_length_10669_cov_49.4093_ID_243826
		Marking as insignificant: 271581 271761 | 106 286 | 181 181 | 99.45 | e_coli_k12_gi_556503834_ref_NC_ NODE_46_length_10669_cov_49.4093_ID_243826
		Marking as insignificant: 1470336 1470516 | 106 286 | 181 181 | 100.0 | e_coli_k12_gi_556503834_ref_NC_ NODE_46_length_10669_cov_49.4093_ID_243826
		Marking as insignificant: 4507443 4507639 | 303 106 | 197 198 | 98.48 | e_coli_k12_gi_556503834_ref_NC_ NODE_46_length_10669_cov_49.4093_ID_243826
		One align captures most of this contig: 279826 290495 | 1 10669 | 10670 10669 | 99.94 | e_coli_k12_gi_556503834_ref_NC_ NODE_46_length_10669_cov_49.4093_ID_243826

CONTIG: NODE_47_length_9277_cov_47.7723_ID_243950 (9277bp)
Top Length: 9277  Top ID: 99.97
		Marking as insignificant: 316378 316483 | 9277 9172 | 106 106 | 100.0 | e_coli_k12_gi_556503834_ref_NC_ NODE_47_length_9277_cov_47.7723_ID_243950
		Marking as insignificant: 1094244 1094350 | 9171 9277 | 107 107 | 100.0 | e_coli_k12_gi_556503834_ref_NC_ NODE_47_length_9277_cov_47.7723_ID_243950
		Marking as insignificant: 567929 568040 | 9277 9166 | 112 112 | 99.11 | e_coli_k12_gi_556503834_ref_NC_ NODE_47_length_9277_cov_47.7723_ID_243950
		Marking as insignificant: 2171323 2171436 | 9277 9164 | 114 114 | 98.25 | e_coli_k12_gi_556503834_ref_NC_ NODE_47_length_9277_cov_47.7723_ID_243950
		One align captures most of this contig: 382536 391814 | 1 9277 | 9279 9277 | 99.97 | e_coli_k12_gi_556503834_ref_NC_ NODE_47_length_9277_cov_47.7723_ID_243950

CONTIG: NODE_48_length_8057_cov_47.1592_ID_243994 (8057bp)
Top Length: 8057  Top ID: 99.9
		One align captures most of this contig: 4499457 4507513 | 8057 1 | 8057 8057 | 99.9 | e_coli_k12_gi_556503834_ref_NC_ NODE_48_length_8057_cov_47.1592_ID_243994

CONTIG: NODE_49_length_6736_cov_48.5974_ID_244034 (6736bp)
Top Length: 6736  Top ID: 99.91
		Marking as insignificant: 2288919 2288990 | 72 1 | 72 72 | 100.0 | e_coli_k12_gi_556503834_ref_NC_ NODE_49_length_6736_cov_48.5974_ID_244034
		Marking as insignificant: 2101745 2101820 | 76 1 | 76 76 | 98.68 | e_coli_k12_gi_556503834_ref_NC_ NODE_49_length_6736_cov_48.5974_ID_244034
		Marking as insignificant: 273951 274026 | 76 1 | 76 76 | 98.68 | e_coli_k12_gi_556503834_ref_NC_ NODE_49_length_6736_cov_48.5974_ID_244034
		Marking as insignificant: 3365552 3365627 | 76 1 | 76 76 | 100.0 | e_coli_k12_gi_556503834_ref_NC_ NODE_49_length_6736_cov_48.5974_ID_244034
		Marking as insignificant: 1397167 1397242 | 1 76 | 76 76 | 100.0 | e_coli_k12_gi_556503834_ref_NC_ NODE_49_length_6736_cov_48.5974_ID_244034
		Marking as insignificant: 687847 687922 | 76 1 | 76 76 | 100.0 | e_coli_k12_gi_556503834_ref_NC_ NODE_49_length_6736_cov_48.5974_ID_244034
		Marking as insignificant: 3652031 3652107 | 77 1 | 77 77 | 100.0 | e_coli_k12_gi_556503834_ref_NC_ NODE_49_length_6736_cov_48.5974_ID_244034
		Marking as insignificant: 3131269 3131345 | 1 77 | 77 77 | 100.0 | e_coli_k12_gi_556503834_ref_NC_ NODE_49_length_6736_cov_48.5974_ID_244034
		Marking as insignificant: 1300622 1300698 | 1 77 | 77 77 | 100.0 | e_coli_k12_gi_556503834_ref_NC_ NODE_49_length_6736_cov_48.5974_ID_244034
		Marking as insignificant: 2171323 2171428 | 6736 6631 | 106 106 | 100.0 | e_coli_k12_gi_556503834_ref_NC_ NODE_49_length_6736_cov_48.5974_ID_244034
		Marking as insignificant: 316378 316483 | 6736 6631 | 106 106 | 100.0 | e_coli_k12_gi_556503834_ref_NC_ NODE_49_length_6736_cov_48.5974_ID_244034
		Marking as insignificant: 1094244 1094350 | 6630 6736 | 107 107 | 100.0 | e_coli_k12_gi_556503834_ref_NC_ NODE_49_length_6736_cov_48.5974_ID_244034
		Marking as insignificant: 391703 391814 | 6625 6736 | 112 112 | 99.11 | e_coli_k12_gi_556503834_ref_NC_ NODE_49_length_6736_cov_48.5974_ID_244034
		One align captures most of this contig: 567929 574662 | 6736 1 | 6734 6736 | 99.91 | e_coli_k12_gi_556503834_ref_NC_ NODE_49_length_6736_cov_48.5974_ID_244034

CONTIG: NODE_50_length_4270_cov_46.6391_ID_244147 (4270bp)
Top Length: 4270  Top ID: 99.86
		Marking as insignificant: 4040746 4040845 | 4270 4171 | 100 100 | 100.0 | e_coli_k12_gi_556503834_ref_NC_ NODE_50_length_4270_cov_46.6391_ID_244147
		One align captures most of this contig: 4171866 4176133 | 4270 1 | 4268 4270 | 99.86 | e_coli_k12_gi_556503834_ref_NC_ NODE_50_length_4270_cov_46.6391_ID_244147

CONTIG: NODE_51_length_4177_cov_52.1504_ID_244181 (4177bp)
Top Length: 4177  Top ID: 99.95
		Marking as insignificant: 3653122 3653230 | 1 109 | 109 109 | 100.0 | e_coli_k12_gi_556503834_ref_NC_ NODE_51_length_4177_cov_52.1504_ID_244181
		Marking as insignificant: 3366642 3366750 | 1 109 | 109 109 | 100.0 | e_coli_k12_gi_556503834_ref_NC_ NODE_51_length_4177_cov_52.1504_ID_244181
		Marking as insignificant: 3130146 3130254 | 109 1 | 109 109 | 100.0 | e_coli_k12_gi_556503834_ref_NC_ NODE_51_length_4177_cov_52.1504_ID_244181
		Marking as insignificant: 2290005 2290113 | 1 109 | 109 109 | 100.0 | e_coli_k12_gi_556503834_ref_NC_ NODE_51_length_4177_cov_52.1504_ID_244181
		Marking as insignificant: 2102835 2102943 | 1 109 | 109 109 | 100.0 | e_coli_k12_gi_556503834_ref_NC_ NODE_51_length_4177_cov_52.1504_ID_244181
		Marking as insignificant: 1396044 1396152 | 109 1 | 109 109 | 100.0 | e_coli_k12_gi_556503834_ref_NC_ NODE_51_length_4177_cov_52.1504_ID_244181
		Marking as insignificant: 1299499 1299607 | 109 1 | 109 109 | 100.0 | e_coli_k12_gi_556503834_ref_NC_ NODE_51_length_4177_cov_52.1504_ID_244181
		Marking as insignificant: 688937 689045 | 1 109 | 109 109 | 100.0 | e_coli_k12_gi_556503834_ref_NC_ NODE_51_length_4177_cov_52.1504_ID_244181
		Marking as insignificant: 575677 575785 | 1 109 | 109 109 | 100.0 | e_coli_k12_gi_556503834_ref_NC_ NODE_51_length_4177_cov_52.1504_ID_244181
		One align captures most of this contig: 275041 279217 | 1 4177 | 4177 4177 | 99.95 | e_coli_k12_gi_556503834_ref_NC_ NODE_51_length_4177_cov_52.1504_ID_244181

CONTIG: NODE_52_length_4013_cov_45.8194_ID_244217 (4013bp)
Top Length: 4012  Top ID: 99.88
		One align captures most of this contig: 1428317 1432328 | 4012 1 | 4012 4012 | 99.88 | e_coli_k12_gi_556503834_ref_NC_ NODE_52_length_4013_cov_45.8194_ID_244217

CONTIG: NODE_53_length_3169_cov_46.7383_ID_244253 (3169bp)
Top Length: 3169  Top ID: 99.81
		One align captures most of this contig: 16677 19850 | 3169 1 | 3174 3169 | 99.81 | e_coli_k12_gi_556503834_ref_NC_ NODE_53_length_3169_cov_46.7383_ID_244253

CONTIG: NODE_54_length_3141_cov_324.776_ID_243029 (3141bp)
Top Length: 3141  Top ID: 99.75
		Marking as insignificant: 3423418 3423548 | 3141 3011 | 131 131 | 98.47 | e_coli_k12_gi_556503834_ref_NC_ NODE_54_length_3141_cov_324.776_ID_243029
		This contig has 7 significant alignments. [An ambiguously mapped contig]
		Using only first of these alignment (option --ambiguity-usage is set to "one"):
		Alignment: 225739 228880 | 1 3141 | 3142 3141 | 99.75 | e_coli_k12_gi_556503834_ref_NC_ NODE_54_length_3141_cov_324.776_ID_243029
		Skipping alignment  3423663 3426803 | 3141 1 | 3141 3141 | 99.75 | e_coli_k12_gi_556503834_ref_NC_ NODE_54_length_3141_cov_324.776_ID_243029
		Skipping alignment  3943684 3946824 | 1 3141 | 3141 3141 | 99.68 | e_coli_k12_gi_556503834_ref_NC_ NODE_54_length_3141_cov_324.776_ID_243029
		Skipping alignment  4037499 4040641 | 1 3141 | 3143 3141 | 99.68 | e_coli_k12_gi_556503834_ref_NC_ NODE_54_length_3141_cov_324.776_ID_243029
		Skipping alignment  4210023 4213164 | 1 3141 | 3142 3141 | 99.68 | e_coli_k12_gi_556503834_ref_NC_ NODE_54_length_3141_cov_324.776_ID_243029
		Skipping alignment  4168621 4171761 | 1 3141 | 3141 3141 | 99.62 | e_coli_k12_gi_556503834_ref_NC_ NODE_54_length_3141_cov_324.776_ID_243029
		Skipping alignment  2726064 2729204 | 3141 1 | 3141 3141 | 99.59 | e_coli_k12_gi_556503834_ref_NC_ NODE_54_length_3141_cov_324.776_ID_243029

CONTIG: NODE_55_length_2596_cov_138.874_ID_245044 (2596bp)
Top Length: 2596  Top ID: 100.0
		Marking as insignificant: 729736 732331 | 1 2596 | 2596 2596 | 97.23 | e_coli_k12_gi_556503834_ref_NC_ NODE_55_length_2596_cov_138.874_ID_245044
		This contig has 2 significant alignments. [An ambiguously mapped contig]
		Using only first of these alignment (option --ambiguity-usage is set to "one"):
		Alignment: 3619345 3621940 | 1 2596 | 2596 2596 | 100.0 | e_coli_k12_gi_556503834_ref_NC_ NODE_55_length_2596_cov_138.874_ID_245044
		Skipping alignment  3762336 3764931 | 1 2596 | 2596 2596 | 99.96 | e_coli_k12_gi_556503834_ref_NC_ NODE_55_length_2596_cov_138.874_ID_245044

CONTIG: NODE_56_length_2320_cov_49.4587_ID_244359 (2320bp)
Top Length: 2320  Top ID: 99.96
		Marking as insignificant: 2288919 2288990 | 72 1 | 72 72 | 100.0 | e_coli_k12_gi_556503834_ref_NC_ NODE_56_length_2320_cov_49.4587_ID_244359
		Marking as insignificant: 3652032 3652107 | 76 1 | 76 76 | 98.68 | e_coli_k12_gi_556503834_ref_NC_ NODE_56_length_2320_cov_49.4587_ID_244359
		Marking as insignificant: 3365552 3365627 | 76 1 | 76 76 | 98.68 | e_coli_k12_gi_556503834_ref_NC_ NODE_56_length_2320_cov_49.4587_ID_244359
		Marking as insignificant: 3131269 3131344 | 1 76 | 76 76 | 98.68 | e_coli_k12_gi_556503834_ref_NC_ NODE_56_length_2320_cov_49.4587_ID_244359
		Marking as insignificant: 2101745 2101820 | 76 1 | 76 76 | 98.68 | e_coli_k12_gi_556503834_ref_NC_ NODE_56_length_2320_cov_49.4587_ID_244359
		Marking as insignificant: 1300622 1300697 | 1 76 | 76 76 | 98.68 | e_coli_k12_gi_556503834_ref_NC_ NODE_56_length_2320_cov_49.4587_ID_244359
		Marking as insignificant: 574587 574662 | 76 1 | 76 76 | 98.68 | e_coli_k12_gi_556503834_ref_NC_ NODE_56_length_2320_cov_49.4587_ID_244359
		Marking as insignificant: 1397167 1397243 | 1 77 | 77 77 | 98.7 | e_coli_k12_gi_556503834_ref_NC_ NODE_56_length_2320_cov_49.4587_ID_244359
		Marking as insignificant: 687844 687922 | 79 1 | 79 79 | 98.73 | e_coli_k12_gi_556503834_ref_NC_ NODE_56_length_2320_cov_49.4587_ID_244359
		One align captures most of this contig: 271707 274026 | 2320 1 | 2320 2320 | 99.96 | e_coli_k12_gi_556503834_ref_NC_ NODE_56_length_2320_cov_49.4587_ID_244359

CONTIG: NODE_57_length_2049_cov_92.0797_ID_245056 (2049bp)
Top Length: 2049  Top ID: 99.71
		This contig has 2 significant alignments. [An ambiguously mapped contig]
		Using only first of these alignment (option --ambiguity-usage is set to "one"):
		Alignment: 1632560 1634608 | 1 2049 | 2049 2049 | 99.71 | e_coli_k12_gi_556503834_ref_NC_ NODE_57_length_2049_cov_92.0797_ID_245056
		Skipping alignment  1432688 1434736 | 2049 1 | 2049 2049 | 99.66 | e_coli_k12_gi_556503834_ref_NC_ NODE_57_length_2049_cov_92.0797_ID_245056

CONTIG: NODE_58_length_1916_cov_307.803_ID_242382 (1916bp)
Top Length: 1916  Top ID: 99.95
		Marking as insignificant: 3427207 3428908 | 1916 215 | 1702 1702 | 99.47 | e_coli_k12_gi_556503834_ref_NC_ NODE_58_length_1916_cov_307.803_ID_242382
		Marking as insignificant: 223625 225326 | 215 1916 | 1702 1702 | 99.47 | e_coli_k12_gi_556503834_ref_NC_ NODE_58_length_1916_cov_307.803_ID_242382
		Marking as insignificant: 4208001 4209702 | 215 1916 | 1702 1702 | 100.0 | e_coli_k12_gi_556503834_ref_NC_ NODE_58_length_1916_cov_307.803_ID_242382
		Marking as insignificant: 2729602 2731485 | 1916 32 | 1884 1885 | 99.1 | e_coli_k12_gi_556503834_ref_NC_ NODE_58_length_1916_cov_307.803_ID_242382
		This contig has 3 significant alignments. [An ambiguously mapped contig]
		Using only first of these alignment (option --ambiguity-usage is set to "one"):
		Alignment: 4166299 4168214 | 1 1916 | 1916 1916 | 99.95 | e_coli_k12_gi_556503834_ref_NC_ NODE_58_length_1916_cov_307.803_ID_242382
		Skipping alignment  4035171 4037086 | 1 1916 | 1916 1916 | 99.9 | e_coli_k12_gi_556503834_ref_NC_ NODE_58_length_1916_cov_307.803_ID_242382
		Skipping alignment  3941448 3943363 | 1 1916 | 1916 1916 | 99.58 | e_coli_k12_gi_556503834_ref_NC_ NODE_58_length_1916_cov_307.803_ID_242382

CONTIG: NODE_59_length_1751_cov_45.9528_ID_244393 (1751bp)
Top Length: 1751  Top ID: 100.0
		One align captures most of this contig: 2067245 2068995 | 1 1751 | 1751 1751 | 100.0 | e_coli_k12_gi_556503834_ref_NC_ NODE_59_length_1751_cov_45.9528_ID_244393

CONTIG: NODE_60_length_1507_cov_57.2562_ID_244564 (1507bp)
Top Length: 1507  Top ID: 99.93
		Marking as insignificant: 3623835 3624233 | 990 592 | 399 399 | 97.24 | e_coli_k12_gi_556503834_ref_NC_ NODE_60_length_1507_cov_57.2562_ID_244564
		One align captures most of this contig: 3765768 3767274 | 1507 1 | 1507 1507 | 99.93 | e_coli_k12_gi_556503834_ref_NC_ NODE_60_length_1507_cov_57.2562_ID_244564

CONTIG: NODE_61_length_1345_cov_142.258_ID_245012 (1345bp)
Top Length: 1345  Top ID: 100.0
		This contig has 3 significant alignments. [An ambiguously mapped contig]
		Using only first of these alignment (option --ambiguity-usage is set to "one"):
		Alignment: 15387 16731 | 1 1345 | 1345 1345 | 100.0 | e_coli_k12_gi_556503834_ref_NC_ NODE_61_length_1345_cov_142.258_ID_245012
		Skipping alignment  608007 609351 | 1 1345 | 1345 1345 | 100.0 | e_coli_k12_gi_556503834_ref_NC_ NODE_61_length_1345_cov_142.258_ID_245012
		Skipping alignment  2514273 2515617 | 1 1345 | 1345 1345 | 100.0 | e_coli_k12_gi_556503834_ref_NC_ NODE_61_length_1345_cov_142.258_ID_245012

CONTIG: NODE_62_length_1232_cov_93.1937_ID_245046 (1232bp)
Top Length: 1232  Top ID: 99.84
		This contig has 2 significant alignments. [An ambiguously mapped contig]
		Using only first of these alignment (option --ambiguity-usage is set to "one"):
		Alignment: 1570670 1571901 | 1232 1 | 1232 1232 | 99.84 | e_coli_k12_gi_556503834_ref_NC_ NODE_62_length_1232_cov_93.1937_ID_245046
		Skipping alignment  3666205 3667436 | 1232 1 | 1232 1232 | 99.27 | e_coli_k12_gi_556503834_ref_NC_ NODE_62_length_1232_cov_93.1937_ID_245046

CONTIG: NODE_63_length_1204_cov_226.784_ID_245022 (1204bp)
Top Length: 1204  Top ID: 100.0
		This contig has 5 significant alignments. [An ambiguously mapped contig]
		Using only first of these alignment (option --ambiguity-usage is set to "one"):
		Alignment: 315229 316432 | 1 1204 | 1204 1204 | 100.0 | e_coli_k12_gi_556503834_ref_NC_ NODE_63_length_1204_cov_226.784_ID_245022
		Skipping alignment  391760 392963 | 1204 1 | 1204 1204 | 100.0 | e_coli_k12_gi_556503834_ref_NC_ NODE_63_length_1204_cov_226.784_ID_245022
		Skipping alignment  566780 567983 | 1 1204 | 1204 1204 | 100.0 | e_coli_k12_gi_556503834_ref_NC_ NODE_63_length_1204_cov_226.784_ID_245022
		Skipping alignment  1094296 1095499 | 1204 1 | 1204 1204 | 100.0 | e_coli_k12_gi_556503834_ref_NC_ NODE_63_length_1204_cov_226.784_ID_245022
		Skipping alignment  2170174 2171377 | 1 1204 | 1204 1204 | 100.0 | e_coli_k12_gi_556503834_ref_NC_ NODE_63_length_1204_cov_226.784_ID_245022

CONTIG: NODE_64_length_1124_cov_533.324_ID_245142 (1124bp)
Top Length: 1124  Top ID: 99.91
		This contig has 11 significant alignments. [An ambiguously mapped contig]
		Using only first of these alignment (option --ambiguity-usage is set to "one"):
		Alignment: 273972 275095 | 1124 1 | 1124 1124 | 99.91 | e_coli_k12_gi_556503834_ref_NC_ NODE_64_length_1124_cov_533.324_ID_245142
		Skipping alignment  574608 575731 | 1124 1 | 1124 1124 | 99.91 | e_coli_k12_gi_556503834_ref_NC_ NODE_64_length_1124_cov_533.324_ID_245142
		Skipping alignment  687868 688991 | 1124 1 | 1124 1124 | 99.91 | e_coli_k12_gi_556503834_ref_NC_ NODE_64_length_1124_cov_533.324_ID_245142
		Skipping alignment  1299553 1300676 | 1 1124 | 1124 1124 | 99.91 | e_coli_k12_gi_556503834_ref_NC_ NODE_64_length_1124_cov_533.324_ID_245142
		Skipping alignment  1396098 1397221 | 1 1124 | 1124 1124 | 99.91 | e_coli_k12_gi_556503834_ref_NC_ NODE_64_length_1124_cov_533.324_ID_245142
		Skipping alignment  2101766 2102889 | 1124 1 | 1124 1124 | 99.91 | e_coli_k12_gi_556503834_ref_NC_ NODE_64_length_1124_cov_533.324_ID_245142
		Skipping alignment  2288936 2290059 | 1124 1 | 1124 1124 | 99.91 | e_coli_k12_gi_556503834_ref_NC_ NODE_64_length_1124_cov_533.324_ID_245142
		Skipping alignment  3130200 3131323 | 1 1124 | 1124 1124 | 99.91 | e_coli_k12_gi_556503834_ref_NC_ NODE_64_length_1124_cov_533.324_ID_245142
		Skipping alignment  3365573 3366696 | 1124 1 | 1124 1124 | 99.91 | e_coli_k12_gi_556503834_ref_NC_ NODE_64_length_1124_cov_533.324_ID_245142
		Skipping alignment  3652053 3653176 | 1124 1 | 1124 1124 | 99.91 | e_coli_k12_gi_556503834_ref_NC_ NODE_64_length_1124_cov_533.324_ID_245142
		Skipping alignment  2066176 2067299 | 1124 1 | 1124 1124 | 99.64 | e_coli_k12_gi_556503834_ref_NC_ NODE_64_length_1124_cov_533.324_ID_245142

CONTIG: NODE_65_length_1095_cov_138.081_ID_245430 (1095bp)
Top Length: 1095  Top ID: 100.0
		This contig has 3 significant alignments. [An ambiguously mapped contig]
		Using only first of these alignment (option --ambiguity-usage is set to "one"):
		Alignment: 1469296 1470390 | 1 1095 | 1095 1095 | 100.0 | e_coli_k12_gi_556503834_ref_NC_ NODE_65_length_1095_cov_138.081_ID_245430
		Skipping alignment  4507585 4508679 | 1095 1 | 1095 1095 | 100.0 | e_coli_k12_gi_556503834_ref_NC_ NODE_65_length_1095_cov_138.081_ID_245430
		Skipping alignment  270541 271635 | 1 1095 | 1095 1095 | 99.73 | e_coli_k12_gi_556503834_ref_NC_ NODE_65_length_1095_cov_138.081_ID_245430

CONTIG: NODE_66_length_1035_cov_49.3969_ID_244425 (1035bp)
Top Length: 1035  Top ID: 99.9
		One align captures most of this contig: 733168 734202 | 1 1035 | 1035 1035 | 99.9 | e_coli_k12_gi_556503834_ref_NC_ NODE_66_length_1035_cov_49.3969_ID_244425

CONTIG: NODE_67_length_1031_cov_93.2377_ID_245042 (1031bp)
Top Length: 1031  Top ID: 99.9
		This contig has 2 significant alignments. [An ambiguously mapped contig]
		Using only first of these alignment (option --ambiguity-usage is set to "one"):
		Alignment: 3470164 3471194 | 1031 1 | 1031 1031 | 99.9 | e_coli_k12_gi_556503834_ref_NC_ NODE_67_length_1031_cov_93.2377_ID_245042
		Skipping alignment  4176079 4177109 | 1 1031 | 1031 1031 | 99.9 | e_coli_k12_gi_556503834_ref_NC_ NODE_67_length_1031_cov_93.2377_ID_245042

CONTIG: NODE_68_length_991_cov_91.8462_ID_245036 (991bp)
Top Length: 991  Top ID: 99.8
		This contig has 2 significant alignments. [An ambiguously mapped contig]
		Using only first of these alignment (option --ambiguity-usage is set to "one"):
		Alignment: 525730 526720 | 1 991 | 991 991 | 99.8 | e_coli_k12_gi_556503834_ref_NC_ NODE_68_length_991_cov_91.8462_ID_245036
		Skipping alignment  1528184 1529174 | 1 991 | 991 991 | 99.8 | e_coli_k12_gi_556503834_ref_NC_ NODE_68_length_991_cov_91.8462_ID_245036

CONTIG: NODE_69_length_926_cov_43.6762_ID_244648 (926bp)
Top Length: 926  Top ID: 100.0
		One align captures most of this contig: 1634968 1635893 | 926 1 | 926 926 | 100.0 | e_coli_k12_gi_556503834_ref_NC_ NODE_69_length_926_cov_43.6762_ID_244648

CONTIG: NODE_70_length_706_cov_323.318_ID_244998 (706bp)
Top Length: 706  Top ID: 100.0
		This contig has 7 significant alignments. [An ambiguously mapped contig]
		Using only first of these alignment (option --ambiguity-usage is set to "one"):
		Alignment: 381885 382590 | 706 1 | 706 706 | 100.0 | e_coli_k12_gi_556503834_ref_NC_ NODE_70_length_706_cov_323.318_ID_244998
		Skipping alignment  1467910 1468615 | 1 706 | 706 706 | 100.0 | e_coli_k12_gi_556503834_ref_NC_ NODE_70_length_706_cov_323.318_ID_244998
		Skipping alignment  1650843 1651548 | 706 1 | 706 706 | 100.0 | e_coli_k12_gi_556503834_ref_NC_ NODE_70_length_706_cov_323.318_ID_244998
		Skipping alignment  2068941 2069646 | 1 706 | 706 706 | 100.0 | e_coli_k12_gi_556503834_ref_NC_ NODE_70_length_706_cov_323.318_ID_244998
		Skipping alignment  2996361 2997066 | 1 706 | 706 706 | 100.0 | e_coli_k12_gi_556503834_ref_NC_ NODE_70_length_706_cov_323.318_ID_244998
		Skipping alignment  3186721 3187426 | 706 1 | 706 706 | 100.0 | e_coli_k12_gi_556503834_ref_NC_ NODE_70_length_706_cov_323.318_ID_244998
		Skipping alignment  4498806 4499511 | 706 1 | 706 706 | 100.0 | e_coli_k12_gi_556503834_ref_NC_ NODE_70_length_706_cov_323.318_ID_244998

CONTIG: NODE_71_length_645_cov_184.675_ID_245004 (645bp)
Top Length: 645  Top ID: 99.22
		This contig has 4 significant alignments. [An ambiguously mapped contig]
		Using only first of these alignment (option --ambiguity-usage is set to "one"):
		Alignment: 3764877 3765521 | 645 1 | 645 645 | 99.22 | e_coli_k12_gi_556503834_ref_NC_ NODE_71_length_645_cov_184.675_ID_245004
		Skipping alignment  734148 734792 | 645 1 | 645 645 | 99.07 | e_coli_k12_gi_556503834_ref_NC_ NODE_71_length_645_cov_184.675_ID_245004
		Skipping alignment  732277 732921 | 645 1 | 645 645 | 98.91 | e_coli_k12_gi_556503834_ref_NC_ NODE_71_length_645_cov_184.675_ID_245004
		Skipping alignment  3621886 3622530 | 645 1 | 645 645 | 98.76 | e_coli_k12_gi_556503834_ref_NC_ NODE_71_length_645_cov_184.675_ID_245004

CONTIG: NODE_72_length_507_cov_96.5531_ID_244814 (507bp)
Top Length: 507  Top ID: 100.0
		Marking as insignificant: 3427172 3427261 | 90 1 | 90 90 | 100.0 | e_coli_k12_gi_556503834_ref_NC_ NODE_72_length_507_cov_96.5531_ID_244814
		Marking as insignificant: 225272 225361 | 1 90 | 90 90 | 100.0 | e_coli_k12_gi_556503834_ref_NC_ NODE_72_length_507_cov_96.5531_ID_244814
		Marking as insignificant: 3426749 3426896 | 507 360 | 148 148 | 99.32 | e_coli_k12_gi_556503834_ref_NC_ NODE_72_length_507_cov_96.5531_ID_244814
		One align captures most of this contig: 2729150 2729656 | 507 1 | 507 507 | 100.0 | e_coli_k12_gi_556503834_ref_NC_ NODE_72_length_507_cov_96.5531_ID_244814

Analyzing coverage...
Writing SNPs into /net/metagenomics/projects/afritz_assemblies/Coverage_Sweep_wgsim/010_error/SPAdes_cov256/quast/runs_per_reference/e_coli_k12/contigs_reports/nucmer_output/scaffolds.used_snps
	Reference e_coli_k12_gi_556503834_ref_NC_: 73 total alignments. 1 total regions.
		Region: 1 to 4641652 (4641652 bp)
			START in gap: 1 to 2 (1 bp)
			Align 1: 2 15441 NODE_42_length_15439_cov_46.7914_ID_243549 15439 1
				Negative gap (overlap) between this and next alignment: 15441 to 15387 (-54 bp)
				Next Alignment: 15387 16731 NODE_61_length_1345_cov_142.258_ID_245012 1 1345

			Previous gap was negative, modifying coordinates to ignore overlap
				Moving contig start from 1 to 56.
			Align 2: 15442 16731 NODE_61_length_1345_cov_142.258_ID_245012 56 1345
				Negative gap (overlap) between this and next alignment: 16731 to 16677 (-54 bp)
				Next Alignment: 16677 19850 NODE_53_length_3169_cov_46.7383_ID_244253 3169 1

			Previous gap was negative, modifying coordinates to ignore overlap
				Moving contig start from 3169 to 3114.
			Align 3: 16732 19850 NODE_53_length_3169_cov_46.7383_ID_244253 3114 1
				Gap between this and next alignment: 19850 to 20459 (608 bp)
				Next Alignment: 20459 223679 NODE_8_length_203217_cov_46.5392_ID_241686 203217 1

			Align 4: 20459 223679 NODE_8_length_203217_cov_46.5392_ID_241686 203217 1
				Gap between this and next alignment: 223679 to 225739 (2059 bp)
				Next Alignment: 225739 228880 NODE_54_length_3141_cov_324.776_ID_243029 1 3141

			Align 5: 225739 228880 NODE_54_length_3141_cov_324.776_ID_243029 1 3141
				Negative gap (overlap) between this and next alignment: 228880 to 228826 (-54 bp)
				Next Alignment: 228826 257962 NODE_40_length_29134_cov_48.1801_ID_243347 1 29134

			Previous gap was negative, modifying coordinates to ignore overlap
				Moving contig start from 1 to 56.
			Align 6: 228881 257962 NODE_40_length_29134_cov_48.1801_ID_243347 56 29134
				Gap between this and next alignment: 257962 to 258571 (608 bp)
				Next Alignment: 258571 270595 NODE_45_length_12025_cov_47.6639_ID_244074 1 12025

			Align 7: 258571 270595 NODE_45_length_12025_cov_47.6639_ID_244074 1 12025
				Gap between this and next alignment: 270595 to 271707 (1111 bp)
				Next Alignment: 271707 274026 NODE_56_length_2320_cov_49.4587_ID_244359 2320 1

			Align 8: 271707 274026 NODE_56_length_2320_cov_49.4587_ID_244359 2320 1
				Negative gap (overlap) between this and next alignment: 274026 to 273972 (-54 bp)
				Next Alignment: 273972 275095 NODE_64_length_1124_cov_533.324_ID_245142 1124 1

			Previous gap was negative, modifying coordinates to ignore overlap
				Moving contig start from 1124 to 1069.
			Align 9: 274027 275095 NODE_64_length_1124_cov_533.324_ID_245142 1069 1
				Negative gap (overlap) between this and next alignment: 275095 to 275041 (-54 bp)
				Next Alignment: 275041 279217 NODE_51_length_4177_cov_52.1504_ID_244181 1 4177

			Previous gap was negative, modifying coordinates to ignore overlap
				Moving contig start from 1 to 56.
			Align 10: 275096 279217 NODE_51_length_4177_cov_52.1504_ID_244181 56 4177
				Gap between this and next alignment: 279217 to 279826 (608 bp)
				Next Alignment: 279826 290495 NODE_46_length_10669_cov_49.4093_ID_243826 1 10669

			Align 11: 279826 290495 NODE_46_length_10669_cov_49.4093_ID_243826 1 10669
				Gap between this and next alignment: 290495 to 291297 (801 bp)
				Next Alignment: 291297 315283 NODE_41_length_23988_cov_46.9922_ID_243492 1 23988

			Align 12: 291297 315283 NODE_41_length_23988_cov_46.9922_ID_243492 1 23988
				Negative gap (overlap) between this and next alignment: 315283 to 315229 (-54 bp)
				Next Alignment: 315229 316432 NODE_63_length_1204_cov_226.784_ID_245022 1 1204

			Previous gap was negative, modifying coordinates to ignore overlap
				Moving contig start from 1 to 56.
			Align 13: 315284 316432 NODE_63_length_1204_cov_226.784_ID_245022 56 1204
				Negative gap (overlap) between this and next alignment: 316432 to 316378 (-54 bp)
				Next Alignment: 316378 381939 NODE_23_length_65564_cov_48.9807_ID_243170 1 65564

			Previous gap was negative, modifying coordinates to ignore overlap
				Moving contig start from 1 to 56.
			Align 14: 316433 381939 NODE_23_length_65564_cov_48.9807_ID_243170 56 65564
				Negative gap (overlap) between this and next alignment: 381939 to 381885 (-54 bp)
				Next Alignment: 381885 382590 NODE_70_length_706_cov_323.318_ID_244998 706 1

			Previous gap was negative, modifying coordinates to ignore overlap
				Moving contig start from 706 to 651.
			Align 15: 381940 382590 NODE_70_length_706_cov_323.318_ID_244998 651 1
				Negative gap (overlap) between this and next alignment: 382590 to 382536 (-54 bp)
				Next Alignment: 382536 391814 NODE_47_length_9277_cov_47.7723_ID_243950 1 9277

			Previous gap was negative, modifying coordinates to ignore overlap
				Moving contig start from 1 to 56.
			Align 16: 382591 391814 NODE_47_length_9277_cov_47.7723_ID_243950 56 9277
				Gap between this and next alignment: 391814 to 392909 (1094 bp)
				Next Alignment: 392909 525784 NODE_12_length_132872_cov_46.4962_ID_240756 1 132872

			Align 17: 392909 525784 NODE_12_length_132872_cov_46.4962_ID_240756 1 132872
				Negative gap (overlap) between this and next alignment: 525784 to 525730 (-54 bp)
				Next Alignment: 525730 526720 NODE_68_length_991_cov_91.8462_ID_245036 1 991

			Previous gap was negative, modifying coordinates to ignore overlap
				Moving contig start from 1 to 56.
			Align 18: 525785 526720 NODE_68_length_991_cov_91.8462_ID_245036 56 991
				Negative gap (overlap) between this and next alignment: 526720 to 526666 (-54 bp)
				Next Alignment: 526666 566834 NODE_32_length_40168_cov_46.426_ID_242772 1 40168

			Previous gap was negative, modifying coordinates to ignore overlap
				Moving contig start from 1 to 56.
			Align 19: 526721 566834 NODE_32_length_40168_cov_46.426_ID_242772 56 40168
				Gap between this and next alignment: 566834 to 567929 (1094 bp)
				Next Alignment: 567929 574662 NODE_49_length_6736_cov_48.5974_ID_244034 6736 1

			Align 20: 567929 574662 NODE_49_length_6736_cov_48.5974_ID_244034 6736 1
				Gap between this and next alignment: 574662 to 575677 (1014 bp)
				Next Alignment: 575677 608061 NODE_35_length_32388_cov_49.0751_ID_243585 32388 1

			Align 21: 575677 608061 NODE_35_length_32388_cov_49.0751_ID_243585 32388 1
				Gap between this and next alignment: 608061 to 609297 (1235 bp)
				Next Alignment: 609297 687922 NODE_21_length_78620_cov_46.4574_ID_241753 1 78620

			Align 22: 609297 687922 NODE_21_length_78620_cov_46.4574_ID_241753 1 78620
				Gap between this and next alignment: 687922 to 688937 (1014 bp)
				Next Alignment: 688937 729790 NODE_31_length_40846_cov_47.3197_ID_242860 1 40846

			Align 23: 688937 729790 NODE_31_length_40846_cov_47.3197_ID_242860 1 40846
				Gap between this and next alignment: 729790 to 733168 (3377 bp)
				Next Alignment: 733168 734202 NODE_66_length_1035_cov_49.3969_ID_244425 1 1035

			Align 24: 733168 734202 NODE_66_length_1035_cov_49.3969_ID_244425 1 1035
				Gap between this and next alignment: 734202 to 735039 (836 bp)
				Next Alignment: 735039 1049882 NODE_2_length_314839_cov_47.3105_ID_242489 1 314839

			Align 25: 735039 1049882 NODE_2_length_314839_cov_47.3105_ID_242489 1 314839
				Gap between this and next alignment: 1049882 to 1050491 (608 bp)
				Next Alignment: 1050491 1094350 NODE_28_length_43858_cov_46.7598_ID_242443 43858 1

			Align 26: 1050491 1094350 NODE_28_length_43858_cov_46.7598_ID_242443 43858 1
				Gap between this and next alignment: 1094350 to 1097142 (2791 bp)
				Next Alignment: 1097142 1299607 NODE_7_length_203970_cov_47.5792_ID_241218 1520 203970

			Align 27: 1097142 1299607 NODE_7_length_203970_cov_47.5792_ID_241218 1520 203970
				Gap between this and next alignment: 1299607 to 1300622 (1014 bp)
				Next Alignment: 1300622 1396152 NODE_17_length_95526_cov_46.7398_ID_241575 1 95526

			Align 28: 1300622 1396152 NODE_17_length_95526_cov_46.7398_ID_241575 1 95526
				Gap between this and next alignment: 1396152 to 1397167 (1014 bp)
				Next Alignment: 1397167 1427837 NODE_38_length_30670_cov_46.9978_ID_243124 30670 1

			Align 29: 1397167 1427837 NODE_38_length_30670_cov_46.9978_ID_243124 30670 1
				Gap between this and next alignment: 1427837 to 1428317 (479 bp)
				Next Alignment: 1428317 1432328 NODE_52_length_4013_cov_45.8194_ID_244217 4012 1

			Align 30: 1428317 1432328 NODE_52_length_4013_cov_45.8194_ID_244217 4012 1
				Gap between this and next alignment: 1432328 to 1434682 (2353 bp)
				Next Alignment: 1434682 1467964 NODE_34_length_33280_cov_47.1971_ID_242934 33280 1

			Align 31: 1434682 1467964 NODE_34_length_33280_cov_47.1971_ID_242934 33280 1
				Gap between this and next alignment: 1467964 to 1469296 (1331 bp)
				Next Alignment: 1469296 1470390 NODE_65_length_1095_cov_138.081_ID_245430 1 1095

			Align 32: 1469296 1470390 NODE_65_length_1095_cov_138.081_ID_245430 1 1095
				Gap between this and next alignment: 1470390 to 1470462 (71 bp)
				Next Alignment: 1470462 1528238 NODE_25_length_57775_cov_46.5738_ID_242152 1 57775

			Align 33: 1470462 1528238 NODE_25_length_57775_cov_46.5738_ID_242152 1 57775
				Gap between this and next alignment: 1528238 to 1529120 (881 bp)
				Next Alignment: 1529120 1570724 NODE_29_length_41604_cov_49.1092_ID_243409 1 41604

			Align 34: 1529120 1570724 NODE_29_length_41604_cov_49.1092_ID_243409 1 41604
				Negative gap (overlap) between this and next alignment: 1570724 to 1570670 (-54 bp)
				Next Alignment: 1570670 1571901 NODE_62_length_1232_cov_93.1937_ID_245046 1232 1

			Previous gap was negative, modifying coordinates to ignore overlap
				Moving contig start from 1232 to 1177.
			Align 35: 1570725 1571901 NODE_62_length_1232_cov_93.1937_ID_245046 1177 1
				Negative gap (overlap) between this and next alignment: 1571901 to 1571847 (-54 bp)
				Next Alignment: 1571847 1632614 NODE_24_length_60765_cov_46.5031_ID_241909 1 60765

			Previous gap was negative, modifying coordinates to ignore overlap
				Moving contig start from 1 to 56.
			Align 36: 1571902 1632614 NODE_24_length_60765_cov_46.5031_ID_241909 56 60765
				Negative gap (overlap) between this and next alignment: 1632614 to 1632560 (-54 bp)
				Next Alignment: 1632560 1634608 NODE_57_length_2049_cov_92.0797_ID_245056 1 2049

			Previous gap was negative, modifying coordinates to ignore overlap
				Moving contig start from 1 to 56.
			Align 37: 1632615 1634608 NODE_57_length_2049_cov_92.0797_ID_245056 56 2049
				Gap between this and next alignment: 1634608 to 1634968 (359 bp)
				Next Alignment: 1634968 1635893 NODE_69_length_926_cov_43.6762_ID_244648 926 1

			Align 38: 1634968 1635893 NODE_69_length_926_cov_43.6762_ID_244648 926 1
				Gap between this and next alignment: 1635893 to 1636784 (890 bp)
				Next Alignment: 1636784 1650897 NODE_43_length_14110_cov_46.5107_ID_243740 14110 1

			Align 39: 1636784 1650897 NODE_43_length_14110_cov_46.5107_ID_243740 14110 1
				Gap between this and next alignment: 1650897 to 1651494 (596 bp)
				Next Alignment: 1651494 1978557 NODE_1_length_327055_cov_46.3969_ID_240600 327055 1

			Align 40: 1651494 1978557 NODE_1_length_327055_cov_46.3969_ID_240600 327055 1
				Gap between this and next alignment: 1978557 to 1979166 (608 bp)
				Next Alignment: 1979166 2066230 NODE_20_length_87062_cov_46.7892_ID_242297 1 87062

			Align 41: 1979166 2066230 NODE_20_length_87062_cov_46.7892_ID_242297 1 87062
				Gap between this and next alignment: 2066230 to 2067245 (1014 bp)
				Next Alignment: 2067245 2068995 NODE_59_length_1751_cov_45.9528_ID_244393 1 1751

			Align 42: 2067245 2068995 NODE_59_length_1751_cov_45.9528_ID_244393 1 1751
				Gap between this and next alignment: 2068995 to 2070219 (1223 bp)
				Next Alignment: 2070219 2101820 NODE_36_length_31597_cov_46.9892_ID_242983 1 31597

			Align 43: 2070219 2101820 NODE_36_length_31597_cov_46.9892_ID_242983 1 31597
				Gap between this and next alignment: 2101820 to 2102835 (1014 bp)
				Next Alignment: 2102835 2170228 NODE_22_length_67397_cov_46.7099_ID_241859 67397 1

			Align 44: 2102835 2170228 NODE_22_length_67397_cov_46.7099_ID_241859 67397 1
				Gap between this and next alignment: 2170228 to 2171323 (1094 bp)
				Next Alignment: 2171323 2288990 NODE_15_length_117663_cov_46.609_ID_242013 117663 1

			Align 45: 2171323 2288990 NODE_15_length_117663_cov_46.609_ID_242013 117663 1
				Gap between this and next alignment: 2288990 to 2290005 (1014 bp)
				Next Alignment: 2290005 2514327 NODE_5_length_224336_cov_46.691_ID_243655 1 224336

			Align 46: 2290005 2514327 NODE_5_length_224336_cov_46.691_ID_243655 1 224336
				Gap between this and next alignment: 2514327 to 2515563 (1235 bp)
				Next Alignment: 2515563 2726118 NODE_6_length_210550_cov_46.6914_ID_244287 1 210550

			Align 47: 2515563 2726118 NODE_6_length_210550_cov_46.6914_ID_244287 1 210550
				Gap between this and next alignment: 2726118 to 2729150 (3031 bp)
				Next Alignment: 2729150 2729656 NODE_72_length_507_cov_96.5531_ID_244814 507 1

			Align 48: 2729150 2729656 NODE_72_length_507_cov_96.5531_ID_244814 507 1
				Gap between this and next alignment: 2729656 to 2731431 (1774 bp)
				Next Alignment: 2731431 2996415 NODE_4_length_264968_cov_46.6848_ID_240800 1 264968

			Align 49: 2731431 2996415 NODE_4_length_264968_cov_46.6848_ID_240800 1 264968
				Gap between this and next alignment: 2996415 to 2997638 (1222 bp)
				Next Alignment: 2997638 3130254 NODE_13_length_132619_cov_46.5136_ID_241797 132619 1

			Align 50: 2997638 3130254 NODE_13_length_132619_cov_46.5136_ID_241797 132619 1
				Gap between this and next alignment: 3130254 to 3131269 (1014 bp)
				Next Alignment: 3131269 3186150 NODE_27_length_54878_cov_46.6134_ID_242192 54878 1

			Align 51: 3131269 3186150 NODE_27_length_54878_cov_46.6134_ID_242192 54878 1
				Gap between this and next alignment: 3186150 to 3187372 (1221 bp)
				Next Alignment: 3187372 3365627 NODE_9_length_178258_cov_46.3874_ID_241951 1 178258

			Align 52: 3187372 3365627 NODE_9_length_178258_cov_46.3874_ID_241951 1 178258
				Gap between this and next alignment: 3365627 to 3366642 (1014 bp)
				Next Alignment: 3366642 3423313 NODE_26_length_56668_cov_47.0266_ID_245424 56668 1

			Align 53: 3366642 3423313 NODE_26_length_56668_cov_47.0266_ID_245424 56668 1
				Gap between this and next alignment: 3423313 to 3428854 (5540 bp)
				Next Alignment: 3428854 3470218 NODE_30_length_41364_cov_46.7415_ID_242732 41364 1

			Align 54: 3428854 3470218 NODE_30_length_41364_cov_46.7415_ID_242732 41364 1
				Negative gap (overlap) between this and next alignment: 3470218 to 3470164 (-54 bp)
				Next Alignment: 3470164 3471194 NODE_67_length_1031_cov_93.2377_ID_245042 1031 1

			Previous gap was negative, modifying coordinates to ignore overlap
				Moving contig start from 1031 to 976.
			Align 55: 3470219 3471194 NODE_67_length_1031_cov_93.2377_ID_245042 976 1
				Negative gap (overlap) between this and next alignment: 3471194 to 3471140 (-54 bp)
				Next Alignment: 3471140 3583532 NODE_16_length_112377_cov_46.7652_ID_241165 1 112377

			Previous gap was negative, modifying coordinates to ignore overlap
				Moving contig start from 1 to 56.
			Align 56: 3471195 3583532 NODE_16_length_112377_cov_46.7652_ID_241165 56 112377
				Negative gap (overlap) between this and next alignment: 3583532 to 3583478 (-54 bp)
				Next Alignment: 3583478 3619399 NODE_33_length_35914_cov_51.2629_ID_242816 1 35914

			Previous gap was negative, modifying coordinates to ignore overlap
				Moving contig start from 1 to 56.
			Align 57: 3583533 3619399 NODE_33_length_35914_cov_51.2629_ID_242816 56 35914
				Negative gap (overlap) between this and next alignment: 3619399 to 3619345 (-54 bp)
				Next Alignment: 3619345 3621940 NODE_55_length_2596_cov_138.874_ID_245044 1 2596

			Previous gap was negative, modifying coordinates to ignore overlap
				Moving contig start from 1 to 56.
			Align 58: 3619400 3621940 NODE_55_length_2596_cov_138.874_ID_245044 56 2596
				Gap between this and next alignment: 3621940 to 3622777 (836 bp)
				Next Alignment: 3622777 3652107 NODE_39_length_29331_cov_51.156_ID_243245 29331 1

			Align 59: 3622777 3652107 NODE_39_length_29331_cov_51.156_ID_243245 29331 1
				Gap between this and next alignment: 3652107 to 3653122 (1014 bp)
				Next Alignment: 3653122 3666259 NODE_44_length_13138_cov_48.3014_ID_243778 13138 1

			Align 60: 3653122 3666259 NODE_44_length_13138_cov_48.3014_ID_243778 13138 1
				Gap between this and next alignment: 3666259 to 3667382 (1122 bp)
				Next Alignment: 3667382 3762390 NODE_18_length_95014_cov_46.5177_ID_242242 1 95014

			Align 61: 3667382 3762390 NODE_18_length_95014_cov_46.5177_ID_242242 1 95014
				Gap between this and next alignment: 3762390 to 3764877 (2486 bp)
				Next Alignment: 3764877 3765521 NODE_71_length_645_cov_184.675_ID_245004 645 1

			Align 62: 3764877 3765521 NODE_71_length_645_cov_184.675_ID_245004 645 1
				Gap between this and next alignment: 3765521 to 3765768 (246 bp)
				Next Alignment: 3765768 3767274 NODE_60_length_1507_cov_57.2562_ID_244564 1507 1

			Align 63: 3765768 3767274 NODE_60_length_1507_cov_57.2562_ID_244564 1507 1
				Gap between this and next alignment: 3767274 to 3767521 (246 bp)
				Next Alignment: 3767521 3941496 NODE_10_length_173973_cov_46.6116_ID_240648 173973 1

			Align 64: 3767521 3941496 NODE_10_length_173973_cov_46.6116_ID_240648 173973 1
				Gap between this and next alignment: 3941496 to 3946770 (5273 bp)
				Next Alignment: 3946770 4035219 NODE_19_length_88449_cov_46.5722_ID_245420 1 88449

			Align 65: 3946770 4035219 NODE_19_length_88449_cov_46.5722_ID_245420 1 88449
				Gap between this and next alignment: 4035219 to 4040746 (5526 bp)
				Next Alignment: 4040746 4166353 NODE_14_length_125608_cov_46.4948_ID_242059 1 125608

			Align 66: 4040746 4166353 NODE_14_length_125608_cov_46.4948_ID_242059 1 125608
				Negative gap (overlap) between this and next alignment: 4166353 to 4166299 (-54 bp)
				Next Alignment: 4166299 4168214 NODE_58_length_1916_cov_307.803_ID_242382 1 1916

			Previous gap was negative, modifying coordinates to ignore overlap
				Moving contig start from 1 to 56.
			Align 67: 4166354 4168214 NODE_58_length_1916_cov_307.803_ID_242382 56 1916
				Gap between this and next alignment: 4168214 to 4171866 (3651 bp)
				Next Alignment: 4171866 4176133 NODE_50_length_4270_cov_46.6391_ID_244147 4270 1

			Align 68: 4171866 4176133 NODE_50_length_4270_cov_46.6391_ID_244147 4270 1
				Gap between this and next alignment: 4176133 to 4177055 (921 bp)
				Next Alignment: 4177055 4208055 NODE_37_length_31002_cov_47.0909_ID_243082 31002 1

			Align 69: 4177055 4208055 NODE_37_length_31002_cov_47.0909_ID_243082 31002 1
				Gap between this and next alignment: 4208055 to 4213110 (5054 bp)
				Next Alignment: 4213110 4295836 NODE_3_length_284896_cov_46.5987_ID_241406 1 82723

			Align 70: 4213110 4295836 NODE_3_length_284896_cov_46.5987_ID_241406 1 82723
				Gap between this and next alignment: 4295836 to 4296061 (224 bp)
				Next Alignment: 4296061 4498235 NODE_3_length_284896_cov_46.5987_ID_241406 82724 284896

			Align 71: 4296061 4498235 NODE_3_length_284896_cov_46.5987_ID_241406 82724 284896
				Gap between this and next alignment: 4498235 to 4499457 (1221 bp)
				Next Alignment: 4499457 4507513 NODE_48_length_8057_cov_47.1592_ID_243994 8057 1

			Align 72: 4499457 4507513 NODE_48_length_8057_cov_47.1592_ID_243994 8057 1
				Gap between this and next alignment: 4507513 to 4508625 (1111 bp)
				Next Alignment: 4508625 4641652 NODE_11_length_133023_cov_46.284_ID_241509 133023 1

			Align 73: 4508625 4641652 NODE_11_length_133023_cov_46.284_ID_241509 133023 1
			END in current alignment.  Modifying 4641652 to 4641652.

Analysis is finished!
Founded SNPs were written into /net/metagenomics/projects/afritz_assemblies/Coverage_Sweep_wgsim/010_error/SPAdes_cov256/quast/runs_per_reference/e_coli_k12/contigs_reports/nucmer_output/scaffolds.used_snps

Results:
	Local Misassemblies: 1
	Misassemblies: 0
		Relocations: 0
		Translocations: 0
		Inversions: 0
	Misassembled Contigs: 0
	Misassembled Contig Bases: 0
	Misassemblies Inter-Contig Overlap: 0
Uncovered Regions: 0 (0)
Unaligned Contigs: 0 + 0 part
Partially Unaligned Contigs with Misassemblies: 0
Unaligned Contig Bases: 0

Ambiguously Mapped Contigs: 13
Total Bases in Ambiguously Mapped Contigs: 19075
Note that --allow-ambiguity option was set to "one" and only first alignment per each contig was used.

	Covered Bases: 4562856

	SNPs: 2806
	Insertions: 203
	Deletions: 335

	Positive Gaps: 54
		Internal Gaps:  1
		External Gaps:  53
		External Gap Total:  78572
		External Gap Average: 1482
	Negative Gaps: 19
		Internal Overlaps:  0
		External Overlaps:  19
		External Overlaps Total: -1026
		External Overlaps Average: -54
	Contigs with Redundant Alignments: 0 (0)
