/home/afritz/bin/quast-3.2/metaquast.py.OLD -R /net/metagenomics/projects/afritz_assemblies/Similarity_Experiment/Ecoli_OneTree/Ecoli_0950.fa,/net/metagenomics/projects/afritz_assemblies/Similarity_Experiment/Ecoli_OneTree/Ecoli_0920.fa -o /net/metagenomics/projects/afritz_assemblies/Similarity_Experiment/Ecoli_OneTree/metaquast_consensus_spades/Ecoli_0950 /net/metagenomics/projects/afritz_assemblies/Similarity_Experiment/Ecoli_OneTree/Ecoli_0950_spades/scaffolds.fasta

Version: 3.2, build 26.11.2015 18:55

System information:
  OS: Linux-3.16.0-4-amd64-x86_64-with-debian-8.4 (linux_64)
  Python version: 2.7.9
  CPUs number: 60

Started: 2016-05-09 09:41:31

Logging to /net/metagenomics/projects/afritz_assemblies/Similarity_Experiment/Ecoli_OneTree/metaquast_consensus_spades/Ecoli_0950/metaquast.log

NOTICE: Maximum number of threads is set to 15 (use --threads option to set it manually)

Reference(s):
  /net/metagenomics/projects/afritz_assemblies/Similarity_Experiment/Ecoli_OneTree/Ecoli_0950.fa ==> Ecoli_0950
  /net/metagenomics/projects/afritz_assemblies/Similarity_Experiment/Ecoli_OneTree/Ecoli_0920.fa ==> Ecoli_0920
  All references combined in combined_reference.fasta

Contigs:
  /net/metagenomics/projects/afritz_assemblies/Similarity_Experiment/Ecoli_OneTree/Ecoli_0950_spades/scaffolds.fasta ==> scaffolds

Starting quast.py for the combined reference...
(logging to /net/metagenomics/projects/afritz_assemblies/Similarity_Experiment/Ecoli_OneTree/metaquast_consensus_spades/Ecoli_0950/combined_reference/quast.log)

Partitioning contigs into bins aligned to each reference..
  processing scaffolds

Starting quast.py for the contigs aligned to Ecoli_0950
(logging to /net/metagenomics/projects/afritz_assemblies/Similarity_Experiment/Ecoli_OneTree/metaquast_consensus_spades/Ecoli_0950/runs_per_reference/Ecoli_0950/quast.log)

Starting quast.py for the contigs aligned to Ecoli_0920
(logging to /net/metagenomics/projects/afritz_assemblies/Similarity_Experiment/Ecoli_OneTree/metaquast_consensus_spades/Ecoli_0950/runs_per_reference/Ecoli_0920/quast.log)

Starting quast.py for the contigs not aligned anywhere...
(logging to /net/metagenomics/projects/afritz_assemblies/Similarity_Experiment/Ecoli_OneTree/metaquast_consensus_spades/Ecoli_0950/not_aligned/quast.log)

2016-05-09 10:11:37
Summarizing results...
  Drawing # contigs metaQUAST summary plot...
  Drawing Largest contig metaQUAST summary plot...
  Drawing Total length metaQUAST summary plot...
  Drawing Total length (>= 1000 bp) metaQUAST summary plot...
  Drawing Total length (>= 10000 bp) metaQUAST summary plot...
  Drawing Total length (>= 50000 bp) metaQUAST summary plot...
  Drawing # misassemblies metaQUAST summary plot...
  Drawing metaQUAST summary misassemblies plot for scaffolds...
  Drawing Misassembled contigs length metaQUAST summary plot...
  Drawing # mismatches per 100 kbp metaQUAST summary plot...
  Drawing # indels per 100 kbp metaQUAST summary plot...
  Drawing # N's per 100 kbp metaQUAST summary plot...
  Drawing Genome fraction (%) metaQUAST summary plot...
  Drawing Duplication ratio metaQUAST summary plot...
  Drawing NGA50 metaQUAST summary plot...

  Text versions of reports and plots for each metric (for all references and assemblies) are saved to /net/metagenomics/projects/afritz_assemblies/Similarity_Experiment/Ecoli_OneTree/metaquast_consensus_spades/Ecoli_0950/summary/
  Extended version of HTML-report (for all references and assemblies) is saved to /net/metagenomics/projects/afritz_assemblies/Similarity_Experiment/Ecoli_OneTree/metaquast_consensus_spades/Ecoli_0950/report.html

MetaQUAST finished.
  Log saved to /net/metagenomics/projects/afritz_assemblies/Similarity_Experiment/Ecoli_OneTree/metaquast_consensus_spades/Ecoli_0950/metaquast.log

Finished: 2016-05-09 10:11:44
Elapsed time: 0:30:12.881920
Total NOTICEs: 10; WARNINGs: 0; non-fatal ERRORs: 0

Thank you for using QUAST!
