Aligning contigs to reference...
	Running Nucmer
Parsing coords...
Loading reference...
	Loaded [e_coli_k12_gi_556503834_ref_NC_]
Loading SNPs...
Loading regions...
	No regions given, using whole reference.
	Total Regions: 1
	Total Region Length: 4641652
Analyzing contigs...
CONTIG: NODE_1_length_327060_cov_49.1628_ID_234785 (327060bp)
Top Length: 327060  Top ID: 99.93
		One align captures most of this contig: 1651494 1978557 | 1 327060 | 327064 327060 | 99.93 | e_coli_k12_gi_556503834_ref_NC_ NODE_1_length_327060_cov_49.1628_ID_234785

CONTIG: NODE_2_length_311232_cov_49.272_ID_235194 (311232bp)
Top Length: 311232  Top ID: 99.93
		Marking as insignificant: 2520931 2521006 | 42118 42193 | 76 76 | 100.0 | e_coli_k12_gi_556503834_ref_NC_ NODE_2_length_311232_cov_49.272_ID_235194
		Marking as insignificant: 2521253 2521330 | 41907 41984 | 78 78 | 100.0 | e_coli_k12_gi_556503834_ref_NC_ NODE_2_length_311232_cov_49.272_ID_235194
		Marking as insignificant: 2521051 2521129 | 42118 42196 | 79 79 | 100.0 | e_coli_k12_gi_556503834_ref_NC_ NODE_2_length_311232_cov_49.272_ID_235194
		Marking as insignificant: 2521253 2521335 | 42724 42806 | 83 83 | 98.8 | e_coli_k12_gi_556503834_ref_NC_ NODE_2_length_311232_cov_49.272_ID_235194
		Marking as insignificant: 3071271 3071396 | 64677 64802 | 126 126 | 98.41 | e_coli_k12_gi_556503834_ref_NC_ NODE_2_length_311232_cov_49.272_ID_235194
		Marking as insignificant: 596978 597105 | 64675 64802 | 128 128 | 99.22 | e_coli_k12_gi_556503834_ref_NC_ NODE_2_length_311232_cov_49.272_ID_235194
		Marking as insignificant: 1097522 1097659 | 187191 187328 | 138 138 | 98.55 | e_coli_k12_gi_556503834_ref_NC_ NODE_2_length_311232_cov_49.272_ID_235194
		Marking as insignificant: 2521173 2521328 | 42423 42577 | 156 155 | 98.72 | e_coli_k12_gi_556503834_ref_NC_ NODE_2_length_311232_cov_49.272_ID_235194
		Marking as insignificant: 2521173 2521328 | 42118 42273 | 156 156 | 100.0 | e_coli_k12_gi_556503834_ref_NC_ NODE_2_length_311232_cov_49.272_ID_235194
		Marking as insignificant: 2229115 2229376 | 176638 176377 | 262 262 | 95.04 | e_coli_k12_gi_556503834_ref_NC_ NODE_2_length_311232_cov_49.272_ID_235194
		Marking as insignificant: 2521253 2521520 | 42932 43199 | 268 268 | 99.63 | e_coli_k12_gi_556503834_ref_NC_ NODE_2_length_311232_cov_49.272_ID_235194
		One align captures most of this contig: 738642 1049882 | 1 311232 | 311241 311232 | 99.93 | e_coli_k12_gi_556503834_ref_NC_ NODE_2_length_311232_cov_49.272_ID_235194

CONTIG: NODE_3_length_284587_cov_49.2383_ID_235631 (284587bp)
Top Length: 172130  Top ID: 99.92
		Skipping redundant alignment 4295948 4296322 | 82720 83092 | 375 373 | 97.33 | e_coli_k12_gi_556503834_ref_NC_ NODE_3_length_284587_cov_49.2383_ID_235631
		Skipping redundant alignment 1992042 1992117 | 178787 178712 | 76 76 | 100.0 | e_coli_k12_gi_556503834_ref_NC_ NODE_3_length_284587_cov_49.2383_ID_235631
		Skipping redundant alignment 1992042 1992117 | 178898 178823 | 76 76 | 100.0 | e_coli_k12_gi_556503834_ref_NC_ NODE_3_length_284587_cov_49.2383_ID_235631
		Skipping redundant alignment 1992042 1992117 | 179009 178934 | 76 76 | 100.0 | e_coli_k12_gi_556503834_ref_NC_ NODE_3_length_284587_cov_49.2383_ID_235631
		This contig is misassembled. 7 total aligns.
			Excluding internal overlap of size 373 between Alignment 1 and 2:  4296061 4326088 | 82720 112741 | 30028 30022 --> 4296434 4326088 | 83093 112741 | 29655 29649
			Real Alignment 1: 4213110 4296209 | 1 83092 | 83100 83092 | 99.91 | e_coli_k12_gi_556503834_ref_NC_ NODE_3_length_284587_cov_49.2383_ID_235631
			  Gap between these two alignments (local misassembly). Inconsistency = 224 
			Excluding internal overlap of size 284 between Alignment 2 and 3:  4296434 4326088 | 83093 112741 | 29655 29649 --> 4296434 4325804 | 83093 112457 | 29371 29365
			Real Alignment 2: 4296434 4325804 | 83093 112457 | 29371 29365 | 99.87 | e_coli_k12_gi_556503834_ref_NC_ NODE_3_length_284587_cov_49.2383_ID_235631
			  Gap between these two alignments (local misassembly). Inconsistency = 300 
			Real Alignment 3: 4326105 4498235 | 112458 284587 | 172131 172130 | 99.92 | e_coli_k12_gi_556503834_ref_NC_ NODE_3_length_284587_cov_49.2383_ID_235631

CONTIG: NODE_4_length_264559_cov_49.3281_ID_235109 (264559bp)
Top Length: 178220  Top ID: 99.93
		Skipping redundant alignment 290428 290633 | 28445 28650 | 206 206 | 99.51 | e_coli_k12_gi_556503834_ref_NC_ NODE_4_length_264559_cov_49.3281_ID_235109
		This contig is misassembled. 3 total aligns.
			Excluding internal overlap of size 355 between Alignment 1 and 2:  2731431 2818136 | 1 86694 | 86706 86694 --> 2731431 2817781 | 1 86339 | 86351 86339
			Real Alignment 1: 2731431 2817781 | 1 86339 | 86351 86339 | 99.92 | e_coli_k12_gi_556503834_ref_NC_ NODE_4_length_264559_cov_49.3281_ID_235109
			  Gap between these two alignments (local misassembly). Inconsistency = 415 
			Real Alignment 2: 2818197 2996415 | 86340 264559 | 178219 178220 | 99.93 | e_coli_k12_gi_556503834_ref_NC_ NODE_4_length_264559_cov_49.3281_ID_235109

CONTIG: NODE_5_length_224253_cov_49.2384_ID_237579 (224253bp)
Top Length: 224253  Top ID: 99.92
		Marking as insignificant: 1207563 1207804 | 182056 181815 | 242 242 | 95.04 | e_coli_k12_gi_556503834_ref_NC_ NODE_5_length_224253_cov_49.2384_ID_237579
		One align captures most of this contig: 2290059 2514327 | 1 224253 | 224269 224253 | 99.92 | e_coli_k12_gi_556503834_ref_NC_ NODE_5_length_224253_cov_49.2384_ID_237579

CONTIG: NODE_6_length_210549_cov_49.3177_ID_237971 (210549bp)
Top Length: 210549  Top ID: 99.91
		Marking as insignificant: 780765 780841 | 5491 5567 | 77 77 | 100.0 | e_coli_k12_gi_556503834_ref_NC_ NODE_6_length_210549_cov_49.3177_ID_237971
		Marking as insignificant: 780765 780841 | 5369 5445 | 77 77 | 100.0 | e_coli_k12_gi_556503834_ref_NC_ NODE_6_length_210549_cov_49.3177_ID_237971
		Marking as insignificant: 781068 781145 | 5491 5568 | 78 78 | 100.0 | e_coli_k12_gi_556503834_ref_NC_ NODE_6_length_210549_cov_49.3177_ID_237971
		Marking as insignificant: 781068 781145 | 5369 5446 | 78 78 | 100.0 | e_coli_k12_gi_556503834_ref_NC_ NODE_6_length_210549_cov_49.3177_ID_237971
		Marking as insignificant: 780554 780631 | 5693 5770 | 78 78 | 100.0 | e_coli_k12_gi_556503834_ref_NC_ NODE_6_length_210549_cov_49.3177_ID_237971
		Marking as insignificant: 781369 781451 | 5693 5775 | 83 83 | 98.8 | e_coli_k12_gi_556503834_ref_NC_ NODE_6_length_210549_cov_49.3177_ID_237971
		Marking as insignificant: 780765 780918 | 5613 5768 | 154 156 | 98.72 | e_coli_k12_gi_556503834_ref_NC_ NODE_6_length_210549_cov_49.3177_ID_237971
		Marking as insignificant: 781068 781222 | 5613 5768 | 155 156 | 99.36 | e_coli_k12_gi_556503834_ref_NC_ NODE_6_length_210549_cov_49.3177_ID_237971
		Marking as insignificant: 781577 781844 | 5693 5960 | 268 268 | 100.0 | e_coli_k12_gi_556503834_ref_NC_ NODE_6_length_210549_cov_49.3177_ID_237971
		One align captures most of this contig: 2515563 2726118 | 1 210549 | 210556 210549 | 99.91 | e_coli_k12_gi_556503834_ref_NC_ NODE_6_length_210549_cov_49.3177_ID_237971

CONTIG: NODE_7_length_203924_cov_49.8487_ID_235411 (203924bp)
Top Length: 202408  Top ID: 99.92
		Marking as insignificant: 925841 925978 | 1897 2034 | 138 138 | 98.55 | e_coli_k12_gi_556503834_ref_NC_ NODE_7_length_203924_cov_49.8487_ID_235411
		Marking as insignificant: 2471882 2472123 | 112179 111938 | 242 242 | 95.04 | e_coli_k12_gi_556503834_ref_NC_ NODE_7_length_203924_cov_49.8487_ID_235411
		Marking as insignificant: 1095445 1097402 | 1 1958 | 1958 1958 | 99.9 | e_coli_k12_gi_556503834_ref_NC_ NODE_7_length_203924_cov_49.8487_ID_235411
		One align captures most of this contig: 1097142 1299553 | 1517 203924 | 202412 202408 | 99.92 | e_coli_k12_gi_556503834_ref_NC_ NODE_7_length_203924_cov_49.8487_ID_235411

CONTIG: NODE_8_length_203222_cov_49.2549_ID_235886 (203222bp)
Top Length: 203222  Top ID: 99.94
		Marking as insignificant: 1979166 1979270 | 203222 203118 | 105 105 | 100.0 | e_coli_k12_gi_556503834_ref_NC_ NODE_8_length_203222_cov_49.2549_ID_235886
		Marking as insignificant: 291297 291401 | 203222 203118 | 105 105 | 100.0 | e_coli_k12_gi_556503834_ref_NC_ NODE_8_length_203222_cov_49.2549_ID_235886
		Marking as insignificant: 279826 279930 | 203222 203118 | 105 105 | 100.0 | e_coli_k12_gi_556503834_ref_NC_ NODE_8_length_203222_cov_49.2549_ID_235886
		Marking as insignificant: 3583427 3583532 | 203117 203222 | 106 106 | 100.0 | e_coli_k12_gi_556503834_ref_NC_ NODE_8_length_203222_cov_49.2549_ID_235886
		Marking as insignificant: 258571 258676 | 203222 203117 | 106 106 | 100.0 | e_coli_k12_gi_556503834_ref_NC_ NODE_8_length_203222_cov_49.2549_ID_235886
		Marking as insignificant: 3428854 3428998 | 1 145 | 145 145 | 99.31 | e_coli_k12_gi_556503834_ref_NC_ NODE_8_length_203222_cov_49.2549_ID_235886
		Marking as insignificant: 4207843 4208055 | 215 1 | 213 215 | 98.6 | e_coli_k12_gi_556503834_ref_NC_ NODE_8_length_203222_cov_49.2549_ID_235886
		One align captures most of this contig: 20459 223679 | 203222 1 | 203221 203222 | 99.94 | e_coli_k12_gi_556503834_ref_NC_ NODE_8_length_203222_cov_49.2549_ID_235886

CONTIG: NODE_9_length_178235_cov_49.1381_ID_236127 (178235bp)
Top Length: 178235  Top ID: 99.93
		One align captures most of this contig: 3187372 3365610 | 1 178235 | 178239 178235 | 99.93 | e_coli_k12_gi_556503834_ref_NC_ NODE_9_length_178235_cov_49.1381_ID_236127

CONTIG: NODE_10_length_173986_cov_49.0524_ID_234831 (173986bp)
Top Length: 173986  Top ID: 99.94
		One align captures most of this contig: 3767521 3941502 | 173986 1 | 173982 173986 | 99.94 | e_coli_k12_gi_556503834_ref_NC_ NODE_10_length_173986_cov_49.0524_ID_234831

CONTIG: NODE_11_length_133029_cov_49.1313_ID_235720 (133029bp)
Top Length: 133029  Top ID: 99.94
		Marking as insignificant: 3982605 3982692 | 35486 35573 | 88 88 | 100.0 | e_coli_k12_gi_556503834_ref_NC_ NODE_11_length_133029_cov_49.1313_ID_235720
		Marking as insignificant: 3982604 3982692 | 35249 35337 | 89 89 | 100.0 | e_coli_k12_gi_556503834_ref_NC_ NODE_11_length_133029_cov_49.1313_ID_235720
		One align captures most of this contig: 4508625 4641652 | 133029 1 | 133028 133029 | 99.94 | e_coli_k12_gi_556503834_ref_NC_ NODE_11_length_133029_cov_49.1313_ID_235720

CONTIG: NODE_12_length_132876_cov_48.9361_ID_235065 (132876bp)
Top Length: 132876  Top ID: 99.93
		One align captures most of this contig: 392909 525784 | 1 132876 | 132876 132876 | 99.93 | e_coli_k12_gi_556503834_ref_NC_ NODE_12_length_132876_cov_48.9361_ID_235065

CONTIG: NODE_13_length_132561_cov_49.0555_ID_235983 (132561bp)
Top Length: 132561  Top ID: 99.93
		Marking as insignificant: 803322 803447 | 58929 58804 | 126 126 | 98.41 | e_coli_k12_gi_556503834_ref_NC_ NODE_13_length_132561_cov_49.0555_ID_235983
		Marking as insignificant: 596980 597107 | 58929 58802 | 128 128 | 99.22 | e_coli_k12_gi_556503834_ref_NC_ NODE_13_length_132561_cov_49.0555_ID_235983
		One align captures most of this contig: 2997637 3130200 | 132561 1 | 132564 132561 | 99.93 | e_coli_k12_gi_556503834_ref_NC_ NODE_13_length_132561_cov_49.0555_ID_235983

CONTIG: NODE_14_length_117594_cov_49.1944_ID_236187 (117594bp)
Top Length: 117594  Top ID: 99.94
		Marking as insignificant: 915027 915288 | 59593 59854 | 262 262 | 95.42 | e_coli_k12_gi_556503834_ref_NC_ NODE_14_length_117594_cov_49.1944_ID_236187
		One align captures most of this contig: 2171374 2288973 | 117594 1 | 117600 117594 | 99.94 | e_coli_k12_gi_556503834_ref_NC_ NODE_14_length_117594_cov_49.1944_ID_236187

CONTIG: NODE_15_length_112390_cov_49.3537_ID_235369 (112390bp)
Top Length: 112390  Top ID: 99.92
		Marking as insignificant: 291297 291401 | 112390 112286 | 105 105 | 100.0 | e_coli_k12_gi_556503834_ref_NC_ NODE_15_length_112390_cov_49.3537_ID_235369
		Marking as insignificant: 279826 279930 | 112390 112286 | 105 105 | 100.0 | e_coli_k12_gi_556503834_ref_NC_ NODE_15_length_112390_cov_49.3537_ID_235369
		Marking as insignificant: 258571 258676 | 112390 112285 | 106 106 | 100.0 | e_coli_k12_gi_556503834_ref_NC_ NODE_15_length_112390_cov_49.3537_ID_235369
		Marking as insignificant: 20459 20564 | 112390 112285 | 106 106 | 100.0 | e_coli_k12_gi_556503834_ref_NC_ NODE_15_length_112390_cov_49.3537_ID_235369
		Marking as insignificant: 1979166 1979285 | 112390 112271 | 120 120 | 96.69 | e_coli_k12_gi_556503834_ref_NC_ NODE_15_length_112390_cov_49.3537_ID_235369
		One align captures most of this contig: 3471140 3583532 | 1 112390 | 112393 112390 | 99.92 | e_coli_k12_gi_556503834_ref_NC_ NODE_15_length_112390_cov_49.3537_ID_235369

CONTIG: NODE_16_length_95462_cov_49.146_ID_235779 (95462bp)
Top Length: 95462  Top ID: 99.93
		One align captures most of this contig: 1300639 1396098 | 1 95462 | 95460 95462 | 99.93 | e_coli_k12_gi_556503834_ref_NC_ NODE_16_length_95462_cov_49.146_ID_235779

CONTIG: NODE_17_length_95005_cov_48.9477_ID_236405 (95005bp)
Top Length: 95005  Top ID: 99.94
		Marking as insignificant: 3619192 3619399 | 94798 95005 | 208 208 | 98.08 | e_coli_k12_gi_556503834_ref_NC_ NODE_17_length_95005_cov_48.9477_ID_236405
		Marking as insignificant: 729465 729790 | 94681 95005 | 326 325 | 95.41 | e_coli_k12_gi_556503834_ref_NC_ NODE_17_length_95005_cov_48.9477_ID_236405
		One align captures most of this contig: 3667382 3762390 | 1 95005 | 95009 95005 | 99.94 | e_coli_k12_gi_556503834_ref_NC_ NODE_17_length_95005_cov_48.9477_ID_236405

CONTIG: NODE_18_length_88445_cov_49.3091_ID_236534 (88445bp)
Top Length: 88445  Top ID: 99.92
		Marking as insignificant: 236931 237008 | 103 180 | 78 78 | 100.0 | e_coli_k12_gi_556503834_ref_NC_ NODE_18_length_88445_cov_49.3091_ID_236534
		Marking as insignificant: 4606079 4606166 | 35921 35834 | 88 88 | 100.0 | e_coli_k12_gi_556503834_ref_NC_ NODE_18_length_88445_cov_49.3091_ID_236534
		Marking as insignificant: 4606315 4606403 | 35921 35833 | 89 89 | 100.0 | e_coli_k12_gi_556503834_ref_NC_ NODE_18_length_88445_cov_49.3091_ID_236534
		Marking as insignificant: 228826 229005 | 1 180 | 180 180 | 100.0 | e_coli_k12_gi_556503834_ref_NC_ NODE_18_length_88445_cov_49.3091_ID_236534
		One align captures most of this contig: 3946770 4035225 | 1 88445 | 88456 88445 | 99.92 | e_coli_k12_gi_556503834_ref_NC_ NODE_18_length_88445_cov_49.3091_ID_236534

CONTIG: NODE_19_length_87061_cov_49.6075_ID_236460 (87061bp)
Top Length: 87061  Top ID: 99.93
		Marking as insignificant: 4392583 4392658 | 12952 12877 | 76 76 | 100.0 | e_coli_k12_gi_556503834_ref_NC_ NODE_19_length_87061_cov_49.6075_ID_236460
		Marking as insignificant: 4392472 4392547 | 12952 12877 | 76 76 | 100.0 | e_coli_k12_gi_556503834_ref_NC_ NODE_19_length_87061_cov_49.6075_ID_236460
		Marking as insignificant: 4392360 4392435 | 12952 12877 | 76 76 | 100.0 | e_coli_k12_gi_556503834_ref_NC_ NODE_19_length_87061_cov_49.6075_ID_236460
		Marking as insignificant: 2059846 2059930 | 78939 78855 | 85 85 | 100.0 | e_coli_k12_gi_556503834_ref_NC_ NODE_19_length_87061_cov_49.6075_ID_236460
		Marking as insignificant: 2058023 2058107 | 80762 80678 | 85 85 | 100.0 | e_coli_k12_gi_556503834_ref_NC_ NODE_19_length_87061_cov_49.6075_ID_236460
		Marking as insignificant: 2062236 2062339 | 78958 78855 | 104 104 | 97.12 | e_coli_k12_gi_556503834_ref_NC_ NODE_19_length_87061_cov_49.6075_ID_236460
		Marking as insignificant: 2058023 2058126 | 83171 83068 | 104 104 | 97.12 | e_coli_k12_gi_556503834_ref_NC_ NODE_19_length_87061_cov_49.6075_ID_236460
		Marking as insignificant: 2058023 2058126 | 65460 65357 | 104 104 | 98.08 | e_coli_k12_gi_556503834_ref_NC_ NODE_19_length_87061_cov_49.6075_ID_236460
		Marking as insignificant: 2044525 2044628 | 78958 78855 | 104 104 | 98.08 | e_coli_k12_gi_556503834_ref_NC_ NODE_19_length_87061_cov_49.6075_ID_236460
		Marking as insignificant: 291297 291401 | 1 105 | 105 105 | 100.0 | e_coli_k12_gi_556503834_ref_NC_ NODE_19_length_87061_cov_49.6075_ID_236460
		Marking as insignificant: 279826 279930 | 1 105 | 105 105 | 100.0 | e_coli_k12_gi_556503834_ref_NC_ NODE_19_length_87061_cov_49.6075_ID_236460
		Marking as insignificant: 258571 258675 | 1 105 | 105 105 | 100.0 | e_coli_k12_gi_556503834_ref_NC_ NODE_19_length_87061_cov_49.6075_ID_236460
		Marking as insignificant: 20459 20563 | 1 105 | 105 105 | 100.0 | e_coli_k12_gi_556503834_ref_NC_ NODE_19_length_87061_cov_49.6075_ID_236460
		Marking as insignificant: 3583413 3583532 | 120 1 | 120 120 | 96.69 | e_coli_k12_gi_556503834_ref_NC_ NODE_19_length_87061_cov_49.6075_ID_236460
		One align captures most of this contig: 1979166 2066229 | 1 87061 | 87064 87061 | 99.93 | e_coli_k12_gi_556503834_ref_NC_ NODE_19_length_87061_cov_49.6075_ID_236460

CONTIG: NODE_20_length_78607_cov_49.1864_ID_235941 (78607bp)
Top Length: 78607  Top ID: 99.95
		One align captures most of this contig: 609297 687905 | 1 78607 | 78609 78607 | 99.95 | e_coli_k12_gi_556503834_ref_NC_ NODE_20_length_78607_cov_49.1864_ID_235941

CONTIG: NODE_21_length_71736_cov_48.9877_ID_236231 (71736bp)
Top Length: 71736  Top ID: 99.94
		Marking as insignificant: 4094432 4094534 | 1 103 | 103 103 | 96.12 | e_coli_k12_gi_556503834_ref_NC_ NODE_21_length_71736_cov_48.9877_ID_236231
		One align captures most of this contig: 4094616 4166353 | 1 71736 | 71738 71736 | 99.94 | e_coli_k12_gi_556503834_ref_NC_ NODE_21_length_71736_cov_48.9877_ID_236231

CONTIG: NODE_22_length_67335_cov_49.2884_ID_236039 (67335bp)
Top Length: 67335  Top ID: 99.94
		One align captures most of this contig: 2102889 2170228 | 67335 1 | 67340 67335 | 99.94 | e_coli_k12_gi_556503834_ref_NC_ NODE_22_length_67335_cov_49.2884_ID_236039

CONTIG: NODE_23_length_64884_cov_48.9571_ID_237162 (64884bp)
Top Length: 64884  Top ID: 99.94
		One align captures most of this contig: 316429 381314 | 1 64884 | 64886 64884 | 99.94 | e_coli_k12_gi_556503834_ref_NC_ NODE_23_length_64884_cov_48.9571_ID_237162

CONTIG: NODE_24_length_60766_cov_49.0617_ID_236085 (60766bp)
Top Length: 60766  Top ID: 99.95
		One align captures most of this contig: 1571847 1632614 | 1 60766 | 60768 60766 | 99.95 | e_coli_k12_gi_556503834_ref_NC_ NODE_24_length_60766_cov_49.0617_ID_236085

CONTIG: NODE_25_length_57771_cov_49.1216_ID_236319 (57771bp)
Top Length: 57771  Top ID: 99.94
		One align captures most of this contig: 1470462 1528238 | 1 57771 | 57777 57771 | 99.94 | e_coli_k12_gi_556503834_ref_NC_ NODE_25_length_57771_cov_49.1216_ID_236319

CONTIG: NODE_26_length_56616_cov_48.9841_ID_237017 (56616bp)
Top Length: 56616  Top ID: 99.93
		One align captures most of this contig: 3366696 3423313 | 1 56616 | 56618 56616 | 99.93 | e_coli_k12_gi_556503834_ref_NC_ NODE_26_length_56616_cov_48.9841_ID_237017

CONTIG: NODE_27_length_54862_cov_49.1769_ID_236359 (54862bp)
Top Length: 54862  Top ID: 99.94
		One align captures most of this contig: 3131286 3186150 | 54862 1 | 54865 54862 | 99.94 | e_coli_k12_gi_556503834_ref_NC_ NODE_27_length_54862_cov_49.1769_ID_236359

CONTIG: NODE_28_length_53644_cov_49.1156_ID_236727 (53644bp)
Top Length: 53644  Top ID: 99.93
		Marking as insignificant: 4171866 4171965 | 1 100 | 100 100 | 100.0 | e_coli_k12_gi_556503834_ref_NC_ NODE_28_length_53644_cov_49.1156_ID_236727
		One align captures most of this contig: 4040746 4094392 | 1 53644 | 53647 53644 | 99.93 | e_coli_k12_gi_556503834_ref_NC_ NODE_28_length_53644_cov_49.1156_ID_236727

CONTIG: NODE_29_length_43815_cov_49.2141_ID_236599 (43815bp)
Top Length: 43815  Top ID: 99.92
		One align captures most of this contig: 1050491 1094299 | 1 43815 | 43809 43815 | 99.92 | e_coli_k12_gi_556503834_ref_NC_ NODE_29_length_43815_cov_49.2141_ID_236599

CONTIG: NODE_30_length_41364_cov_49.4557_ID_236643 (41364bp)
Top Length: 41364  Top ID: 99.93
		Marking as insignificant: 4207913 4208055 | 41220 41364 | 143 145 | 97.24 | e_coli_k12_gi_556503834_ref_NC_ NODE_30_length_41364_cov_49.4557_ID_236643
		Marking as insignificant: 223535 223679 | 41220 41364 | 145 145 | 99.31 | e_coli_k12_gi_556503834_ref_NC_ NODE_30_length_41364_cov_49.4557_ID_236643
		One align captures most of this contig: 3428854 3470218 | 41364 1 | 41365 41364 | 99.93 | e_coli_k12_gi_556503834_ref_NC_ NODE_30_length_41364_cov_49.4557_ID_236643

CONTIG: NODE_31_length_40800_cov_49.3246_ID_236841 (40800bp)
Top Length: 40800  Top ID: 99.93
		Marking as insignificant: 3762066 3762390 | 40475 40800 | 325 326 | 95.41 | e_coli_k12_gi_556503834_ref_NC_ NODE_31_length_40800_cov_49.3246_ID_236841
		One align captures most of this contig: 688991 729790 | 1 40800 | 40800 40800 | 99.93 | e_coli_k12_gi_556503834_ref_NC_ NODE_31_length_40800_cov_49.3246_ID_236841

CONTIG: NODE_32_length_40173_cov_48.9661_ID_236683 (40173bp)
Top Length: 40173  Top ID: 99.93
		One align captures most of this contig: 526666 566834 | 1 40173 | 40169 40173 | 99.93 | e_coli_k12_gi_556503834_ref_NC_ NODE_32_length_40173_cov_48.9661_ID_236683

CONTIG: NODE_33_length_37873_cov_49.6124_ID_237368 (37873bp)
Top Length: 37873  Top ID: 99.94
		Marking as insignificant: 239278 239377 | 1 100 | 100 100 | 98.0 | e_coli_k12_gi_556503834_ref_NC_ NODE_33_length_37873_cov_49.6124_ID_237368
		One align captures most of this contig: 1532852 1570724 | 1 37873 | 37873 37873 | 99.94 | e_coli_k12_gi_556503834_ref_NC_ NODE_33_length_37873_cov_49.6124_ID_237368

CONTIG: NODE_34_length_35260_cov_49.3459_ID_236793 (35260bp)
Top Length: 35260  Top ID: 99.95
		Marking as insignificant: 3762183 3762390 | 35053 35260 | 208 208 | 98.08 | e_coli_k12_gi_556503834_ref_NC_ NODE_34_length_35260_cov_49.3459_ID_236793
		One align captures most of this contig: 3584141 3619399 | 1 35260 | 35259 35260 | 99.95 | e_coli_k12_gi_556503834_ref_NC_ NODE_34_length_35260_cov_49.3459_ID_236793

CONTIG: NODE_35_length_33286_cov_49.7537_ID_236953 (33286bp)
Top Length: 33286  Top ID: 99.88
		One align captures most of this contig: 1434682 1467964 | 33286 1 | 33283 33286 | 99.88 | e_coli_k12_gi_556503834_ref_NC_ NODE_35_length_33286_cov_49.7537_ID_236953

CONTIG: NODE_36_length_32329_cov_51.5702_ID_237507 (32329bp)
Top Length: 32329  Top ID: 99.86
		Marking as insignificant: 3071271 3071398 | 11081 10954 | 128 128 | 99.22 | e_coli_k12_gi_556503834_ref_NC_ NODE_36_length_32329_cov_51.5702_ID_237507
		Marking as insignificant: 803320 803447 | 11083 10956 | 128 128 | 99.22 | e_coli_k12_gi_556503834_ref_NC_ NODE_36_length_32329_cov_51.5702_ID_237507
		Marking as insignificant: 1423200 1423569 | 29933 29564 | 370 370 | 96.76 | e_coli_k12_gi_556503834_ref_NC_ NODE_36_length_32329_cov_51.5702_ID_237507
		Marking as insignificant: 1432557 1432971 | 26402 25988 | 415 415 | 95.18 | e_coli_k12_gi_556503834_ref_NC_ NODE_36_length_32329_cov_51.5702_ID_237507
		Marking as insignificant: 1634325 1634739 | 25988 26402 | 415 415 | 95.42 | e_coli_k12_gi_556503834_ref_NC_ NODE_36_length_32329_cov_51.5702_ID_237507
		Marking as insignificant: 1635839 1636918 | 26699 27778 | 1080 1080 | 98.61 | e_coli_k12_gi_556503834_ref_NC_ NODE_36_length_32329_cov_51.5702_ID_237507
		One align captures most of this contig: 575731 608061 | 32329 1 | 32331 32329 | 99.86 | e_coli_k12_gi_556503834_ref_NC_ NODE_36_length_32329_cov_51.5702_ID_237507

CONTIG: NODE_37_length_31587_cov_49.2374_ID_236911 (31587bp)
Top Length: 31587  Top ID: 99.92
		One align captures most of this contig: 2070217 2101803 | 1 31587 | 31587 31587 | 99.92 | e_coli_k12_gi_556503834_ref_NC_ NODE_37_length_31587_cov_49.2374_ID_236911

CONTIG: NODE_38_length_31002_cov_49.5959_ID_237076 (31002bp)
Top Length: 31002  Top ID: 99.94
		Marking as insignificant: 3428854 3428998 | 1 145 | 145 145 | 99.31 | e_coli_k12_gi_556503834_ref_NC_ NODE_38_length_31002_cov_49.5959_ID_237076
		Marking as insignificant: 223465 223679 | 215 1 | 215 215 | 100.0 | e_coli_k12_gi_556503834_ref_NC_ NODE_38_length_31002_cov_49.5959_ID_237076
		One align captures most of this contig: 4177055 4208055 | 31002 1 | 31001 31002 | 99.94 | e_coli_k12_gi_556503834_ref_NC_ NODE_38_length_31002_cov_49.5959_ID_237076

CONTIG: NODE_39_length_30652_cov_49.4483_ID_237118 (30652bp)
Top Length: 30652  Top ID: 99.95
		Marking as insignificant: 578127 578496 | 4638 4269 | 370 370 | 96.49 | e_coli_k12_gi_556503834_ref_NC_ NODE_39_length_30652_cov_49.4483_ID_237118
		One align captures most of this contig: 1397184 1427837 | 30652 1 | 30654 30652 | 99.95 | e_coli_k12_gi_556503834_ref_NC_ NODE_39_length_30652_cov_49.4483_ID_237118

CONTIG: NODE_40_length_29137_cov_50.0498_ID_237304 (29137bp)
Top Length: 29137  Top ID: 99.93
		Marking as insignificant: 3946872 3946949 | 8106 8183 | 78 78 | 100.0 | e_coli_k12_gi_556503834_ref_NC_ NODE_40_length_29137_cov_50.0498_ID_237304
		Marking as insignificant: 3946770 3946949 | 1 180 | 180 180 | 100.0 | e_coli_k12_gi_556503834_ref_NC_ NODE_40_length_29137_cov_50.0498_ID_237304
		Marking as insignificant: 737681 737960 | 10273 10552 | 280 280 | 96.79 | e_coli_k12_gi_556503834_ref_NC_ NODE_40_length_29137_cov_50.0498_ID_237304
		Marking as insignificant: 3625234 3625513 | 10273 10552 | 280 280 | 97.86 | e_coli_k12_gi_556503834_ref_NC_ NODE_40_length_29137_cov_50.0498_ID_237304
		Marking as insignificant: 1532672 1532951 | 10273 10552 | 280 280 | 99.64 | e_coli_k12_gi_556503834_ref_NC_ NODE_40_length_29137_cov_50.0498_ID_237304
		One align captures most of this contig: 228826 257962 | 1 29137 | 29137 29137 | 99.93 | e_coli_k12_gi_556503834_ref_NC_ NODE_40_length_29137_cov_50.0498_ID_237304

CONTIG: NODE_41_length_26677_cov_49.5004_ID_237247 (26677bp)
Top Length: 26677  Top ID: 99.94
		One align captures most of this contig: 3625414 3652090 | 26677 1 | 26677 26677 | 99.94 | e_coli_k12_gi_556503834_ref_NC_ NODE_41_length_26677_cov_49.5004_ID_237247

CONTIG: NODE_42_length_23988_cov_49.9208_ID_237425 (23988bp)
Top Length: 23988  Top ID: 99.94
		Marking as insignificant: 3583428 3583532 | 105 1 | 105 105 | 100.0 | e_coli_k12_gi_556503834_ref_NC_ NODE_42_length_23988_cov_49.9208_ID_237425
		Marking as insignificant: 1979166 1979270 | 1 105 | 105 105 | 100.0 | e_coli_k12_gi_556503834_ref_NC_ NODE_42_length_23988_cov_49.9208_ID_237425
		Marking as insignificant: 258571 258675 | 1 105 | 105 105 | 100.0 | e_coli_k12_gi_556503834_ref_NC_ NODE_42_length_23988_cov_49.9208_ID_237425
		Marking as insignificant: 20459 20563 | 1 105 | 105 105 | 100.0 | e_coli_k12_gi_556503834_ref_NC_ NODE_42_length_23988_cov_49.9208_ID_237425
		Marking as insignificant: 279826 279932 | 1 107 | 107 107 | 100.0 | e_coli_k12_gi_556503834_ref_NC_ NODE_42_length_23988_cov_49.9208_ID_237425
		One align captures most of this contig: 291297 315283 | 1 23988 | 23987 23988 | 99.94 | e_coli_k12_gi_556503834_ref_NC_ NODE_42_length_23988_cov_49.9208_ID_237425

CONTIG: NODE_43_length_15953_cov_52.1628_ID_237639 (15953bp)
Top Length: 15953  Top ID: 99.91
		Marking as insignificant: 580283 581362 | 1951 872 | 1080 1080 | 97.87 | e_coli_k12_gi_556503834_ref_NC_ NODE_43_length_15953_cov_52.1628_ID_237639
		One align captures most of this contig: 1634968 1650920 | 1 15953 | 15953 15953 | 99.91 | e_coli_k12_gi_556503834_ref_NC_ NODE_43_length_15953_cov_52.1628_ID_237639

CONTIG: NODE_44_length_15441_cov_49.071_ID_237471 (15441bp)
Top Length: 15441  Top ID: 99.93
		One align captures most of this contig: 1 15441 | 1 15441 | 15441 15441 | 99.93 | e_coli_k12_gi_556503834_ref_NC_ NODE_44_length_15441_cov_49.071_ID_237471

CONTIG: NODE_45_length_13084_cov_50.0431_ID_237694 (13084bp)
Top Length: 13084  Top ID: 99.92
		One align captures most of this contig: 3653176 3666259 | 13084 1 | 13084 13084 | 99.92 | e_coli_k12_gi_556503834_ref_NC_ NODE_45_length_13084_cov_50.0431_ID_237694

CONTIG: NODE_46_length_12026_cov_50.4358_ID_238040 (12026bp)
Top Length: 12026  Top ID: 99.93
		Marking as insignificant: 1979166 1979270 | 1 105 | 105 105 | 100.0 | e_coli_k12_gi_556503834_ref_NC_ NODE_46_length_12026_cov_50.4358_ID_238040
		Marking as insignificant: 291297 291401 | 1 105 | 105 105 | 100.0 | e_coli_k12_gi_556503834_ref_NC_ NODE_46_length_12026_cov_50.4358_ID_238040
		Marking as insignificant: 279826 279930 | 1 105 | 105 105 | 100.0 | e_coli_k12_gi_556503834_ref_NC_ NODE_46_length_12026_cov_50.4358_ID_238040
		Marking as insignificant: 3583427 3583532 | 106 1 | 106 106 | 100.0 | e_coli_k12_gi_556503834_ref_NC_ NODE_46_length_12026_cov_50.4358_ID_238040
		Marking as insignificant: 20459 20564 | 1 106 | 106 106 | 100.0 | e_coli_k12_gi_556503834_ref_NC_ NODE_46_length_12026_cov_50.4358_ID_238040
		One align captures most of this contig: 258571 270595 | 1 12026 | 12025 12026 | 99.93 | e_coli_k12_gi_556503834_ref_NC_ NODE_46_length_12026_cov_50.4358_ID_238040

CONTIG: NODE_47_length_10670_cov_51.8905_ID_237738 (10670bp)
Top Length: 10670  Top ID: 99.96
		Marking as insignificant: 3583428 3583532 | 105 1 | 105 105 | 100.0 | e_coli_k12_gi_556503834_ref_NC_ NODE_47_length_10670_cov_51.8905_ID_237738
		Marking as insignificant: 1979166 1979270 | 1 105 | 105 105 | 100.0 | e_coli_k12_gi_556503834_ref_NC_ NODE_47_length_10670_cov_51.8905_ID_237738
		Marking as insignificant: 258571 258675 | 1 105 | 105 105 | 100.0 | e_coli_k12_gi_556503834_ref_NC_ NODE_47_length_10670_cov_51.8905_ID_237738
		Marking as insignificant: 20459 20563 | 1 105 | 105 105 | 100.0 | e_coli_k12_gi_556503834_ref_NC_ NODE_47_length_10670_cov_51.8905_ID_237738
		Marking as insignificant: 291297 291403 | 1 107 | 107 107 | 100.0 | e_coli_k12_gi_556503834_ref_NC_ NODE_47_length_10670_cov_51.8905_ID_237738
		Marking as insignificant: 271581 271761 | 106 286 | 181 181 | 99.45 | e_coli_k12_gi_556503834_ref_NC_ NODE_47_length_10670_cov_51.8905_ID_237738
		Marking as insignificant: 1470336 1470516 | 106 286 | 181 181 | 100.0 | e_coli_k12_gi_556503834_ref_NC_ NODE_47_length_10670_cov_51.8905_ID_237738
		Marking as insignificant: 4507443 4507639 | 303 106 | 197 198 | 98.48 | e_coli_k12_gi_556503834_ref_NC_ NODE_47_length_10670_cov_51.8905_ID_237738
		One align captures most of this contig: 279826 290495 | 1 10670 | 10670 10670 | 99.96 | e_coli_k12_gi_556503834_ref_NC_ NODE_47_length_10670_cov_51.8905_ID_237738

CONTIG: NODE_48_length_9225_cov_49.1771_ID_237847 (9225bp)
Top Length: 9225  Top ID: 99.88
		One align captures most of this contig: 382536 391763 | 1 9225 | 9228 9225 | 99.88 | e_coli_k12_gi_556503834_ref_NC_ NODE_48_length_9225_cov_49.1771_ID_237847

CONTIG: NODE_49_length_8057_cov_49.0052_ID_237889 (8057bp)
Top Length: 8057  Top ID: 99.93
		One align captures most of this contig: 4499457 4507513 | 8057 1 | 8057 8057 | 99.93 | e_coli_k12_gi_556503834_ref_NC_ NODE_49_length_8057_cov_49.0052_ID_237889

CONTIG: NODE_50_length_6666_cov_49.7093_ID_237935 (6666bp)
Top Length: 6666  Top ID: 99.97
		One align captures most of this contig: 567980 574645 | 6666 1 | 6666 6666 | 99.97 | e_coli_k12_gi_556503834_ref_NC_ NODE_50_length_6666_cov_49.7093_ID_237935

CONTIG: NODE_51_length_4568_cov_112.338_ID_238343 (4568bp)
Top Length: 4568  Top ID: 99.28
		Marking as insignificant: 3767197 3767651 | 3022 2567 | 455 456 | 95.18 | e_coli_k12_gi_556503834_ref_NC_ NODE_51_length_4568_cov_112.338_ID_238343
		Marking as insignificant: 737973 738860 | 1029 143 | 888 887 | 95.72 | e_coli_k12_gi_556503834_ref_NC_ NODE_51_length_4568_cov_112.338_ID_238343
		Marking as insignificant: 3621886 3622880 | 3588 2594 | 995 995 | 98.49 | e_coli_k12_gi_556503834_ref_NC_ NODE_51_length_4568_cov_112.338_ID_238343
		Marking as insignificant: 1531697 1532726 | 1029 1 | 1030 1029 | 97.28 | e_coli_k12_gi_556503834_ref_NC_ NODE_51_length_4568_cov_112.338_ID_238343
		Marking as insignificant: 732277 733311 | 3588 2554 | 1035 1035 | 97.39 | e_coli_k12_gi_556503834_ref_NC_ NODE_51_length_4568_cov_112.338_ID_238343
		Marking as insignificant: 3764877 3765899 | 3588 2566 | 1023 1023 | 99.02 | e_coli_k12_gi_556503834_ref_NC_ NODE_51_length_4568_cov_112.338_ID_238343
		Marking as insignificant: 3624233 3625288 | 1055 1 | 1056 1055 | 96.59 | e_coli_k12_gi_556503834_ref_NC_ NODE_51_length_4568_cov_112.338_ID_238343
		One align captures most of this contig: 733168 737735 | 4568 1 | 4568 4568 | 99.28 | e_coli_k12_gi_556503834_ref_NC_ NODE_51_length_4568_cov_112.338_ID_238343

CONTIG: NODE_52_length_4427_cov_54.3296_ID_238102 (4427bp)
Top Length: 4427  Top ID: 99.93
		Marking as insignificant: 4040587 4040845 | 4427 4169 | 259 259 | 99.23 | e_coli_k12_gi_556503834_ref_NC_ NODE_52_length_4427_cov_54.3296_ID_238102
		One align captures most of this contig: 4171707 4176133 | 4427 1 | 4427 4427 | 99.93 | e_coli_k12_gi_556503834_ref_NC_ NODE_52_length_4427_cov_54.3296_ID_238102

CONTIG: NODE_53_length_4123_cov_47.8414_ID_238138 (4123bp)
Top Length: 4123  Top ID: 99.93
		One align captures most of this contig: 275095 279217 | 1 4123 | 4123 4123 | 99.93 | e_coli_k12_gi_556503834_ref_NC_ NODE_53_length_4123_cov_47.8414_ID_238138

CONTIG: NODE_54_length_4012_cov_48.0986_ID_238170 (4012bp)
Top Length: 4011  Top ID: 99.9
		One align captures most of this contig: 1428317 1432328 | 4011 1 | 4012 4011 | 99.9 | e_coli_k12_gi_556503834_ref_NC_ NODE_54_length_4012_cov_48.0986_ID_238170

CONTIG: NODE_55_length_3174_cov_49.3341_ID_238206 (3174bp)
Top Length: 3174  Top ID: 99.94
		One align captures most of this contig: 16677 19850 | 3174 1 | 3174 3174 | 99.94 | e_coli_k12_gi_556503834_ref_NC_ NODE_55_length_3174_cov_49.3341_ID_238206

CONTIG: NODE_56_length_3141_cov_331.843_ID_238993 (3141bp)
Top Length: 3141  Top ID: 99.94
		Marking as insignificant: 3423418 3423548 | 1 131 | 131 131 | 98.47 | e_coli_k12_gi_556503834_ref_NC_ NODE_56_length_3141_cov_331.843_ID_238993
		This contig has 7 significant alignments. [An ambiguously mapped contig]
		Using only first of these alignment (option --ambiguity-usage is set to "one"):
		Alignment: 4210023 4213164 | 3141 1 | 3142 3141 | 99.94 | e_coli_k12_gi_556503834_ref_NC_ NODE_56_length_3141_cov_331.843_ID_238993
		Skipping alignment  4168621 4171761 | 3141 1 | 3141 3141 | 99.87 | e_coli_k12_gi_556503834_ref_NC_ NODE_56_length_3141_cov_331.843_ID_238993
		Skipping alignment  2726064 2729204 | 1 3141 | 3141 3141 | 99.84 | e_coli_k12_gi_556503834_ref_NC_ NODE_56_length_3141_cov_331.843_ID_238993
		Skipping alignment  225739 228880 | 3141 1 | 3142 3141 | 99.49 | e_coli_k12_gi_556503834_ref_NC_ NODE_56_length_3141_cov_331.843_ID_238993
		Skipping alignment  3423663 3426803 | 1 3141 | 3141 3141 | 99.49 | e_coli_k12_gi_556503834_ref_NC_ NODE_56_length_3141_cov_331.843_ID_238993
		Skipping alignment  3943684 3946824 | 3141 1 | 3141 3141 | 99.43 | e_coli_k12_gi_556503834_ref_NC_ NODE_56_length_3141_cov_331.843_ID_238993
		Skipping alignment  4037499 4040641 | 3141 1 | 3143 3141 | 99.43 | e_coli_k12_gi_556503834_ref_NC_ NODE_56_length_3141_cov_331.843_ID_238993

CONTIG: NODE_57_length_2647_cov_49.3542_ID_238238 (2647bp)
Top Length: 2647  Top ID: 99.96
		One align captures most of this contig: 1529120 1531766 | 2647 1 | 2647 2647 | 99.96 | e_coli_k12_gi_556503834_ref_NC_ NODE_57_length_2647_cov_49.3542_ID_238238

CONTIG: NODE_58_length_2596_cov_146.587_ID_239017 (2596bp)
Top Length: 2596  Top ID: 100.0
		Marking as insignificant: 729736 732331 | 2596 1 | 2596 2596 | 97.23 | e_coli_k12_gi_556503834_ref_NC_ NODE_58_length_2596_cov_146.587_ID_239017
		This contig has 2 significant alignments. [An ambiguously mapped contig]
		Using only first of these alignment (option --ambiguity-usage is set to "one"):
		Alignment: 3619345 3621940 | 2596 1 | 2596 2596 | 100.0 | e_coli_k12_gi_556503834_ref_NC_ NODE_58_length_2596_cov_146.587_ID_239017
		Skipping alignment  3762336 3764931 | 2596 1 | 2596 2596 | 99.96 | e_coli_k12_gi_556503834_ref_NC_ NODE_58_length_2596_cov_146.587_ID_239017

CONTIG: NODE_59_length_2302_cov_49.2345_ID_238281 (2302bp)
Top Length: 2302  Top ID: 99.96
		One align captures most of this contig: 271707 274009 | 2302 1 | 2303 2302 | 99.96 | e_coli_k12_gi_556503834_ref_NC_ NODE_59_length_2302_cov_49.2345_ID_238281

CONTIG: NODE_60_length_2049_cov_98.9273_ID_239045 (2049bp)
Top Length: 2049  Top ID: 99.76
		This contig has 2 significant alignments. [An ambiguously mapped contig]
		Using only first of these alignment (option --ambiguity-usage is set to "one"):
		Alignment: 1432688 1434736 | 2049 1 | 2049 2049 | 99.76 | e_coli_k12_gi_556503834_ref_NC_ NODE_60_length_2049_cov_98.9273_ID_239045
		Skipping alignment  1632560 1634608 | 1 2049 | 2049 2049 | 99.61 | e_coli_k12_gi_556503834_ref_NC_ NODE_60_length_2049_cov_98.9273_ID_239045

CONTIG: NODE_61_length_1750_cov_48.6018_ID_238313 (1750bp)
Top Length: 1750  Top ID: 99.94
		One align captures most of this contig: 2067246 2068995 | 1750 1 | 1750 1750 | 99.94 | e_coli_k12_gi_556503834_ref_NC_ NODE_61_length_1750_cov_48.6018_ID_238313

CONTIG: NODE_62_length_1737_cov_66.874_ID_238519 (1737bp)
Top Length: 1737  Top ID: 99.83
		Marking as insignificant: 737972 738227 | 1482 1737 | 256 256 | 99.22 | e_coli_k12_gi_556503834_ref_NC_ NODE_62_length_1737_cov_66.874_ID_238519
		Marking as insignificant: 3766285 3766683 | 1059 1457 | 399 399 | 97.24 | e_coli_k12_gi_556503834_ref_NC_ NODE_62_length_1737_cov_66.874_ID_238519
		One align captures most of this contig: 3622777 3624513 | 1 1737 | 1737 1737 | 99.83 | e_coli_k12_gi_556503834_ref_NC_ NODE_62_length_1737_cov_66.874_ID_238519

CONTIG: NODE_63_length_1702_cov_330.447_ID_238997 (1702bp)
Top Length: 1702  Top ID: 99.94
		This contig has 7 significant alignments. [An ambiguously mapped contig]
		Using only first of these alignment (option --ambiguity-usage is set to "one"):
		Alignment: 3941662 3943363 | 1 1702 | 1702 1702 | 99.94 | e_coli_k12_gi_556503834_ref_NC_ NODE_63_length_1702_cov_330.447_ID_238997
		Skipping alignment  3427207 3428908 | 1702 1 | 1702 1702 | 99.76 | e_coli_k12_gi_556503834_ref_NC_ NODE_63_length_1702_cov_330.447_ID_238997
		Skipping alignment  4208001 4209702 | 1 1702 | 1702 1702 | 99.71 | e_coli_k12_gi_556503834_ref_NC_ NODE_63_length_1702_cov_330.447_ID_238997
		Skipping alignment  4166513 4168214 | 1 1702 | 1702 1702 | 99.65 | e_coli_k12_gi_556503834_ref_NC_ NODE_63_length_1702_cov_330.447_ID_238997
		Skipping alignment  2729602 2731303 | 1702 1 | 1702 1702 | 99.59 | e_coli_k12_gi_556503834_ref_NC_ NODE_63_length_1702_cov_330.447_ID_238997
		Skipping alignment  4035385 4037086 | 1 1702 | 1702 1702 | 99.59 | e_coli_k12_gi_556503834_ref_NC_ NODE_63_length_1702_cov_330.447_ID_238997
		Skipping alignment  223625 225326 | 1 1702 | 1702 1702 | 99.18 | e_coli_k12_gi_556503834_ref_NC_ NODE_63_length_1702_cov_330.447_ID_238997

CONTIG: NODE_64_length_1507_cov_61.3712_ID_238591 (1507bp)
Top Length: 1507  Top ID: 99.54
		Marking as insignificant: 3623835 3624233 | 990 592 | 399 399 | 99.0 | e_coli_k12_gi_556503834_ref_NC_ NODE_64_length_1507_cov_61.3712_ID_238591
		One align captures most of this contig: 3765768 3767274 | 1507 1 | 1507 1507 | 99.54 | e_coli_k12_gi_556503834_ref_NC_ NODE_64_length_1507_cov_61.3712_ID_238591

CONTIG: NODE_65_length_1345_cov_144.903_ID_239001 (1345bp)
Top Length: 1345  Top ID: 100.0
		This contig has 3 significant alignments. [An ambiguously mapped contig]
		Using only first of these alignment (option --ambiguity-usage is set to "one"):
		Alignment: 15387 16731 | 1345 1 | 1345 1345 | 100.0 | e_coli_k12_gi_556503834_ref_NC_ NODE_65_length_1345_cov_144.903_ID_239001
		Skipping alignment  608007 609351 | 1345 1 | 1345 1345 | 100.0 | e_coli_k12_gi_556503834_ref_NC_ NODE_65_length_1345_cov_144.903_ID_239001
		Skipping alignment  2514273 2515617 | 1345 1 | 1345 1345 | 100.0 | e_coli_k12_gi_556503834_ref_NC_ NODE_65_length_1345_cov_144.903_ID_239001

CONTIG: NODE_66_length_1331_cov_309.813_ID_238989 (1331bp)
Top Length: 1331  Top ID: 100.0
		Marking as insignificant: 1650843 1651548 | 706 1 | 706 706 | 100.0 | e_coli_k12_gi_556503834_ref_NC_ NODE_66_length_1331_cov_309.813_ID_238989
		This contig has 6 significant alignments. [An ambiguously mapped contig]
		Using only first of these alignment (option --ambiguity-usage is set to "one"):
		Alignment: 381260 382590 | 1331 1 | 1331 1331 | 100.0 | e_coli_k12_gi_556503834_ref_NC_ NODE_66_length_1331_cov_309.813_ID_238989
		Skipping alignment  1467910 1469240 | 1 1331 | 1331 1331 | 100.0 | e_coli_k12_gi_556503834_ref_NC_ NODE_66_length_1331_cov_309.813_ID_238989
		Skipping alignment  2068941 2070271 | 1 1331 | 1331 1331 | 100.0 | e_coli_k12_gi_556503834_ref_NC_ NODE_66_length_1331_cov_309.813_ID_238989
		Skipping alignment  2996361 2997691 | 1 1331 | 1331 1331 | 100.0 | e_coli_k12_gi_556503834_ref_NC_ NODE_66_length_1331_cov_309.813_ID_238989
		Skipping alignment  3186096 3187426 | 1331 1 | 1331 1331 | 100.0 | e_coli_k12_gi_556503834_ref_NC_ NODE_66_length_1331_cov_309.813_ID_238989
		Skipping alignment  4498181 4499511 | 1331 1 | 1331 1331 | 100.0 | e_coli_k12_gi_556503834_ref_NC_ NODE_66_length_1331_cov_309.813_ID_238989

CONTIG: NODE_67_length_1255_cov_244.285_ID_239007 (1255bp)
Top Length: 1255  Top ID: 100.0
		This contig has 5 significant alignments. [An ambiguously mapped contig]
		Using only first of these alignment (option --ambiguity-usage is set to "one"):
		Alignment: 315229 316483 | 1 1255 | 1255 1255 | 100.0 | e_coli_k12_gi_556503834_ref_NC_ NODE_67_length_1255_cov_244.285_ID_239007
		Skipping alignment  391709 392963 | 1255 1 | 1255 1255 | 100.0 | e_coli_k12_gi_556503834_ref_NC_ NODE_67_length_1255_cov_244.285_ID_239007
		Skipping alignment  566780 568034 | 1 1255 | 1255 1255 | 100.0 | e_coli_k12_gi_556503834_ref_NC_ NODE_67_length_1255_cov_244.285_ID_239007
		Skipping alignment  1094245 1095499 | 1255 1 | 1255 1255 | 100.0 | e_coli_k12_gi_556503834_ref_NC_ NODE_67_length_1255_cov_244.285_ID_239007
		Skipping alignment  2170174 2171428 | 1 1255 | 1255 1255 | 100.0 | e_coli_k12_gi_556503834_ref_NC_ NODE_67_length_1255_cov_244.285_ID_239007

CONTIG: NODE_68_length_1232_cov_98.9448_ID_239033 (1232bp)
Top Length: 1232  Top ID: 99.76
		This contig has 2 significant alignments. [An ambiguously mapped contig]
		Using only first of these alignment (option --ambiguity-usage is set to "one"):
		Alignment: 3666205 3667436 | 1232 1 | 1232 1232 | 99.76 | e_coli_k12_gi_556503834_ref_NC_ NODE_68_length_1232_cov_98.9448_ID_239033
		Skipping alignment  1570670 1571901 | 1232 1 | 1232 1232 | 99.35 | e_coli_k12_gi_556503834_ref_NC_ NODE_68_length_1232_cov_98.9448_ID_239033

CONTIG: NODE_69_length_1195_cov_422.785_ID_239005 (1195bp)
Top Length: 1195  Top ID: 99.92
		This contig has 11 significant alignments. [An ambiguously mapped contig]
		Using only first of these alignment (option --ambiguity-usage is set to "one"):
		Alignment: 273955 275149 | 1195 1 | 1195 1195 | 99.92 | e_coli_k12_gi_556503834_ref_NC_ NODE_69_length_1195_cov_422.785_ID_239005
		Skipping alignment  574591 575785 | 1195 1 | 1195 1195 | 99.92 | e_coli_k12_gi_556503834_ref_NC_ NODE_69_length_1195_cov_422.785_ID_239005
		Skipping alignment  687851 689045 | 1195 1 | 1195 1195 | 99.92 | e_coli_k12_gi_556503834_ref_NC_ NODE_69_length_1195_cov_422.785_ID_239005
		Skipping alignment  1299499 1300693 | 1 1195 | 1195 1195 | 99.92 | e_coli_k12_gi_556503834_ref_NC_ NODE_69_length_1195_cov_422.785_ID_239005
		Skipping alignment  1396044 1397238 | 1 1195 | 1195 1195 | 99.92 | e_coli_k12_gi_556503834_ref_NC_ NODE_69_length_1195_cov_422.785_ID_239005
		Skipping alignment  2101749 2102943 | 1195 1 | 1195 1195 | 99.92 | e_coli_k12_gi_556503834_ref_NC_ NODE_69_length_1195_cov_422.785_ID_239005
		Skipping alignment  2288919 2290113 | 1195 1 | 1195 1195 | 99.92 | e_coli_k12_gi_556503834_ref_NC_ NODE_69_length_1195_cov_422.785_ID_239005
		Skipping alignment  3130146 3131340 | 1 1195 | 1195 1195 | 99.92 | e_coli_k12_gi_556503834_ref_NC_ NODE_69_length_1195_cov_422.785_ID_239005
		Skipping alignment  3365556 3366750 | 1195 1 | 1195 1195 | 99.92 | e_coli_k12_gi_556503834_ref_NC_ NODE_69_length_1195_cov_422.785_ID_239005
		Skipping alignment  3652036 3653230 | 1195 1 | 1195 1195 | 99.92 | e_coli_k12_gi_556503834_ref_NC_ NODE_69_length_1195_cov_422.785_ID_239005
		Skipping alignment  2066159 2067353 | 1195 1 | 1195 1195 | 99.5 | e_coli_k12_gi_556503834_ref_NC_ NODE_69_length_1195_cov_422.785_ID_239005

CONTIG: NODE_70_length_1095_cov_147.737_ID_239025 (1095bp)
Top Length: 1095  Top ID: 100.0
		This contig has 3 significant alignments. [An ambiguously mapped contig]
		Using only first of these alignment (option --ambiguity-usage is set to "one"):
		Alignment: 1469296 1470390 | 1 1095 | 1095 1095 | 100.0 | e_coli_k12_gi_556503834_ref_NC_ NODE_70_length_1095_cov_147.737_ID_239025
		Skipping alignment  4507585 4508679 | 1095 1 | 1095 1095 | 100.0 | e_coli_k12_gi_556503834_ref_NC_ NODE_70_length_1095_cov_147.737_ID_239025
		Skipping alignment  270541 271635 | 1 1095 | 1095 1095 | 99.73 | e_coli_k12_gi_556503834_ref_NC_ NODE_70_length_1095_cov_147.737_ID_239025

CONTIG: NODE_71_length_1031_cov_99.3186_ID_239031 (1031bp)
Top Length: 1031  Top ID: 100.0
		This contig has 2 significant alignments. [An ambiguously mapped contig]
		Using only first of these alignment (option --ambiguity-usage is set to "one"):
		Alignment: 3470164 3471194 | 1031 1 | 1031 1031 | 100.0 | e_coli_k12_gi_556503834_ref_NC_ NODE_71_length_1031_cov_99.3186_ID_239031
		Skipping alignment  4176079 4177109 | 1 1031 | 1031 1031 | 99.81 | e_coli_k12_gi_556503834_ref_NC_ NODE_71_length_1031_cov_99.3186_ID_239031

CONTIG: NODE_72_length_991_cov_99.4188_ID_239019 (991bp)
Top Length: 991  Top ID: 99.8
		This contig has 2 significant alignments. [An ambiguously mapped contig]
		Using only first of these alignment (option --ambiguity-usage is set to "one"):
		Alignment: 525730 526720 | 1 991 | 991 991 | 99.8 | e_coli_k12_gi_556503834_ref_NC_ NODE_72_length_991_cov_99.4188_ID_239019
		Skipping alignment  1528184 1529174 | 1 991 | 991 991 | 99.8 | e_coli_k12_gi_556503834_ref_NC_ NODE_72_length_991_cov_99.4188_ID_239019

CONTIG: NODE_73_length_718_cov_315.044_ID_238987 (718bp)
Top Length: 718  Top ID: 100.0
		Marking as insignificant: 290634 291351 | 1 718 | 718 718 | 98.75 | e_coli_k12_gi_556503834_ref_NC_ NODE_73_length_718_cov_315.044_ID_238987
		Marking as insignificant: 279163 279880 | 1 718 | 718 718 | 98.75 | e_coli_k12_gi_556503834_ref_NC_ NODE_73_length_718_cov_315.044_ID_238987
		Marking as insignificant: 1049828 1050545 | 718 1 | 718 718 | 98.89 | e_coli_k12_gi_556503834_ref_NC_ NODE_73_length_718_cov_315.044_ID_238987
		This contig has 4 significant alignments. [An ambiguously mapped contig]
		Using only first of these alignment (option --ambiguity-usage is set to "one"):
		Alignment: 19796 20513 | 1 718 | 718 718 | 100.0 | e_coli_k12_gi_556503834_ref_NC_ NODE_73_length_718_cov_315.044_ID_238987
		Skipping alignment  257908 258625 | 1 718 | 718 718 | 100.0 | e_coli_k12_gi_556503834_ref_NC_ NODE_73_length_718_cov_315.044_ID_238987
		Skipping alignment  1978503 1979220 | 1 718 | 718 718 | 100.0 | e_coli_k12_gi_556503834_ref_NC_ NODE_73_length_718_cov_315.044_ID_238987
		Skipping alignment  3583478 3584195 | 718 1 | 718 718 | 100.0 | e_coli_k12_gi_556503834_ref_NC_ NODE_73_length_718_cov_315.044_ID_238987

CONTIG: NODE_74_length_507_cov_129.785_ID_238832 (507bp)
Top Length: 507  Top ID: 100.0
		Marking as insignificant: 3427172 3427261 | 418 507 | 90 90 | 100.0 | e_coli_k12_gi_556503834_ref_NC_ NODE_74_length_507_cov_129.785_ID_238832
		Marking as insignificant: 225272 225361 | 507 418 | 90 90 | 100.0 | e_coli_k12_gi_556503834_ref_NC_ NODE_74_length_507_cov_129.785_ID_238832
		Marking as insignificant: 3426749 3426896 | 1 148 | 148 148 | 99.32 | e_coli_k12_gi_556503834_ref_NC_ NODE_74_length_507_cov_129.785_ID_238832
		One align captures most of this contig: 2729150 2729656 | 1 507 | 507 507 | 100.0 | e_coli_k12_gi_556503834_ref_NC_ NODE_74_length_507_cov_129.785_ID_238832

Analyzing coverage...
Writing SNPs into /net/metagenomics/projects/afritz_assemblies/Coverage_Sweep_wgsim/020_error/SPAdes_cov256/quast/runs_per_reference/e_coli_k12/contigs_reports/nucmer_output/scaffolds.used_snps
	Reference e_coli_k12_gi_556503834_ref_NC_: 77 total alignments. 1 total regions.
		Region: 1 to 4641652 (4641652 bp)
			Align 1: 1 15441 NODE_44_length_15441_cov_49.071_ID_237471 1 15441
				Negative gap (overlap) between this and next alignment: 15441 to 15387 (-54 bp)
				Next Alignment: 15387 16731 NODE_65_length_1345_cov_144.903_ID_239001 1345 1

			Previous gap was negative, modifying coordinates to ignore overlap
				Moving contig start from 1345 to 1290.
			Align 2: 15442 16731 NODE_65_length_1345_cov_144.903_ID_239001 1290 1
				Negative gap (overlap) between this and next alignment: 16731 to 16677 (-54 bp)
				Next Alignment: 16677 19850 NODE_55_length_3174_cov_49.3341_ID_238206 3174 1

			Previous gap was negative, modifying coordinates to ignore overlap
				Moving contig start from 3174 to 3119.
			Align 3: 16732 19850 NODE_55_length_3174_cov_49.3341_ID_238206 3119 1
				Negative gap (overlap) between this and next alignment: 19850 to 19796 (-54 bp)
				Next Alignment: 19796 20513 NODE_73_length_718_cov_315.044_ID_238987 1 718

			Previous gap was negative, modifying coordinates to ignore overlap
				Moving contig start from 1 to 56.
			Align 4: 19851 20513 NODE_73_length_718_cov_315.044_ID_238987 56 718
				Negative gap (overlap) between this and next alignment: 20513 to 20459 (-54 bp)
				Next Alignment: 20459 223679 NODE_8_length_203222_cov_49.2549_ID_235886 203222 1

			Previous gap was negative, modifying coordinates to ignore overlap
				Moving contig start from 203222 to 203167.
			Align 5: 20514 223679 NODE_8_length_203222_cov_49.2549_ID_235886 203167 1
				Gap between this and next alignment: 223679 to 228826 (5146 bp)
				Next Alignment: 228826 257962 NODE_40_length_29137_cov_50.0498_ID_237304 1 29137

			Align 6: 228826 257962 NODE_40_length_29137_cov_50.0498_ID_237304 1 29137
				Gap between this and next alignment: 257962 to 258571 (608 bp)
				Next Alignment: 258571 270595 NODE_46_length_12026_cov_50.4358_ID_238040 1 12026

			Align 7: 258571 270595 NODE_46_length_12026_cov_50.4358_ID_238040 1 12026
				Gap between this and next alignment: 270595 to 271707 (1111 bp)
				Next Alignment: 271707 274009 NODE_59_length_2302_cov_49.2345_ID_238281 2302 1

			Align 8: 271707 274009 NODE_59_length_2302_cov_49.2345_ID_238281 2302 1
				Negative gap (overlap) between this and next alignment: 274009 to 273955 (-54 bp)
				Next Alignment: 273955 275149 NODE_69_length_1195_cov_422.785_ID_239005 1195 1

			Previous gap was negative, modifying coordinates to ignore overlap
				Moving contig start from 1195 to 1140.
			Align 9: 274010 275149 NODE_69_length_1195_cov_422.785_ID_239005 1140 1
				Negative gap (overlap) between this and next alignment: 275149 to 275095 (-54 bp)
				Next Alignment: 275095 279217 NODE_53_length_4123_cov_47.8414_ID_238138 1 4123

			Previous gap was negative, modifying coordinates to ignore overlap
				Moving contig start from 1 to 56.
			Align 10: 275150 279217 NODE_53_length_4123_cov_47.8414_ID_238138 56 4123
				Gap between this and next alignment: 279217 to 279826 (608 bp)
				Next Alignment: 279826 290495 NODE_47_length_10670_cov_51.8905_ID_237738 1 10670

			Align 11: 279826 290495 NODE_47_length_10670_cov_51.8905_ID_237738 1 10670
				Gap between this and next alignment: 290495 to 291297 (801 bp)
				Next Alignment: 291297 315283 NODE_42_length_23988_cov_49.9208_ID_237425 1 23988

			Align 12: 291297 315283 NODE_42_length_23988_cov_49.9208_ID_237425 1 23988
				Negative gap (overlap) between this and next alignment: 315283 to 315229 (-54 bp)
				Next Alignment: 315229 316483 NODE_67_length_1255_cov_244.285_ID_239007 1 1255

			Previous gap was negative, modifying coordinates to ignore overlap
				Moving contig start from 1 to 56.
			Align 13: 315284 316483 NODE_67_length_1255_cov_244.285_ID_239007 56 1255
				Negative gap (overlap) between this and next alignment: 316483 to 316429 (-54 bp)
				Next Alignment: 316429 381314 NODE_23_length_64884_cov_48.9571_ID_237162 1 64884

			Previous gap was negative, modifying coordinates to ignore overlap
				Moving contig start from 1 to 56.
			Align 14: 316484 381314 NODE_23_length_64884_cov_48.9571_ID_237162 56 64884
				Negative gap (overlap) between this and next alignment: 381314 to 381260 (-54 bp)
				Next Alignment: 381260 382590 NODE_66_length_1331_cov_309.813_ID_238989 1331 1

			Previous gap was negative, modifying coordinates to ignore overlap
				Moving contig start from 1331 to 1276.
			Align 15: 381315 382590 NODE_66_length_1331_cov_309.813_ID_238989 1276 1
				Negative gap (overlap) between this and next alignment: 382590 to 382536 (-54 bp)
				Next Alignment: 382536 391763 NODE_48_length_9225_cov_49.1771_ID_237847 1 9225

			Previous gap was negative, modifying coordinates to ignore overlap
				Moving contig start from 1 to 56.
			Align 16: 382591 391763 NODE_48_length_9225_cov_49.1771_ID_237847 56 9225
				Gap between this and next alignment: 391763 to 392909 (1145 bp)
				Next Alignment: 392909 525784 NODE_12_length_132876_cov_48.9361_ID_235065 1 132876

			Align 17: 392909 525784 NODE_12_length_132876_cov_48.9361_ID_235065 1 132876
				Negative gap (overlap) between this and next alignment: 525784 to 525730 (-54 bp)
				Next Alignment: 525730 526720 NODE_72_length_991_cov_99.4188_ID_239019 1 991

			Previous gap was negative, modifying coordinates to ignore overlap
				Moving contig start from 1 to 56.
			Align 18: 525785 526720 NODE_72_length_991_cov_99.4188_ID_239019 56 991
				Negative gap (overlap) between this and next alignment: 526720 to 526666 (-54 bp)
				Next Alignment: 526666 566834 NODE_32_length_40173_cov_48.9661_ID_236683 1 40173

			Previous gap was negative, modifying coordinates to ignore overlap
				Moving contig start from 1 to 56.
			Align 19: 526721 566834 NODE_32_length_40173_cov_48.9661_ID_236683 56 40173
				Gap between this and next alignment: 566834 to 567980 (1145 bp)
				Next Alignment: 567980 574645 NODE_50_length_6666_cov_49.7093_ID_237935 6666 1

			Align 20: 567980 574645 NODE_50_length_6666_cov_49.7093_ID_237935 6666 1
				Gap between this and next alignment: 574645 to 575731 (1085 bp)
				Next Alignment: 575731 608061 NODE_36_length_32329_cov_51.5702_ID_237507 32329 1

			Align 21: 575731 608061 NODE_36_length_32329_cov_51.5702_ID_237507 32329 1
				Gap between this and next alignment: 608061 to 609297 (1235 bp)
				Next Alignment: 609297 687905 NODE_20_length_78607_cov_49.1864_ID_235941 1 78607

			Align 22: 609297 687905 NODE_20_length_78607_cov_49.1864_ID_235941 1 78607
				Gap between this and next alignment: 687905 to 688991 (1085 bp)
				Next Alignment: 688991 729790 NODE_31_length_40800_cov_49.3246_ID_236841 1 40800

			Align 23: 688991 729790 NODE_31_length_40800_cov_49.3246_ID_236841 1 40800
				Gap between this and next alignment: 729790 to 733168 (3377 bp)
				Next Alignment: 733168 737735 NODE_51_length_4568_cov_112.338_ID_238343 4568 1

			Align 24: 733168 737735 NODE_51_length_4568_cov_112.338_ID_238343 4568 1
				Gap between this and next alignment: 737735 to 738642 (906 bp)
				Next Alignment: 738642 1049882 NODE_2_length_311232_cov_49.272_ID_235194 1 311232

			Align 25: 738642 1049882 NODE_2_length_311232_cov_49.272_ID_235194 1 311232
				Gap between this and next alignment: 1049882 to 1050491 (608 bp)
				Next Alignment: 1050491 1094299 NODE_29_length_43815_cov_49.2141_ID_236599 1 43815

			Align 26: 1050491 1094299 NODE_29_length_43815_cov_49.2141_ID_236599 1 43815
				Gap between this and next alignment: 1094299 to 1097142 (2842 bp)
				Next Alignment: 1097142 1299553 NODE_7_length_203924_cov_49.8487_ID_235411 1517 203924

			Align 27: 1097142 1299553 NODE_7_length_203924_cov_49.8487_ID_235411 1517 203924
				Gap between this and next alignment: 1299553 to 1300639 (1085 bp)
				Next Alignment: 1300639 1396098 NODE_16_length_95462_cov_49.146_ID_235779 1 95462

			Align 28: 1300639 1396098 NODE_16_length_95462_cov_49.146_ID_235779 1 95462
				Gap between this and next alignment: 1396098 to 1397184 (1085 bp)
				Next Alignment: 1397184 1427837 NODE_39_length_30652_cov_49.4483_ID_237118 30652 1

			Align 29: 1397184 1427837 NODE_39_length_30652_cov_49.4483_ID_237118 30652 1
				Gap between this and next alignment: 1427837 to 1428317 (479 bp)
				Next Alignment: 1428317 1432328 NODE_54_length_4012_cov_48.0986_ID_238170 4011 1

			Align 30: 1428317 1432328 NODE_54_length_4012_cov_48.0986_ID_238170 4011 1
				Gap between this and next alignment: 1432328 to 1432688 (359 bp)
				Next Alignment: 1432688 1434736 NODE_60_length_2049_cov_98.9273_ID_239045 2049 1

			Align 31: 1432688 1434736 NODE_60_length_2049_cov_98.9273_ID_239045 2049 1
				Negative gap (overlap) between this and next alignment: 1434736 to 1434682 (-54 bp)
				Next Alignment: 1434682 1467964 NODE_35_length_33286_cov_49.7537_ID_236953 33286 1

			Previous gap was negative, modifying coordinates to ignore overlap
				Moving contig start from 33286 to 33231.
			Align 32: 1434737 1467964 NODE_35_length_33286_cov_49.7537_ID_236953 33231 1
				Gap between this and next alignment: 1467964 to 1469296 (1331 bp)
				Next Alignment: 1469296 1470390 NODE_70_length_1095_cov_147.737_ID_239025 1 1095

			Align 33: 1469296 1470390 NODE_70_length_1095_cov_147.737_ID_239025 1 1095
				Gap between this and next alignment: 1470390 to 1470462 (71 bp)
				Next Alignment: 1470462 1528238 NODE_25_length_57771_cov_49.1216_ID_236319 1 57771

			Align 34: 1470462 1528238 NODE_25_length_57771_cov_49.1216_ID_236319 1 57771
				Gap between this and next alignment: 1528238 to 1529120 (881 bp)
				Next Alignment: 1529120 1531766 NODE_57_length_2647_cov_49.3542_ID_238238 2647 1

			Align 35: 1529120 1531766 NODE_57_length_2647_cov_49.3542_ID_238238 2647 1
				Gap between this and next alignment: 1531766 to 1532852 (1085 bp)
				Next Alignment: 1532852 1570724 NODE_33_length_37873_cov_49.6124_ID_237368 1 37873

			Align 36: 1532852 1570724 NODE_33_length_37873_cov_49.6124_ID_237368 1 37873
				Gap between this and next alignment: 1570724 to 1571847 (1122 bp)
				Next Alignment: 1571847 1632614 NODE_24_length_60766_cov_49.0617_ID_236085 1 60766

			Align 37: 1571847 1632614 NODE_24_length_60766_cov_49.0617_ID_236085 1 60766
				Gap between this and next alignment: 1632614 to 1634968 (2353 bp)
				Next Alignment: 1634968 1650920 NODE_43_length_15953_cov_52.1628_ID_237639 1 15953

			Align 38: 1634968 1650920 NODE_43_length_15953_cov_52.1628_ID_237639 1 15953
				Gap between this and next alignment: 1650920 to 1651494 (573 bp)
				Next Alignment: 1651494 1978557 NODE_1_length_327060_cov_49.1628_ID_234785 1 327060

			Align 39: 1651494 1978557 NODE_1_length_327060_cov_49.1628_ID_234785 1 327060
				Gap between this and next alignment: 1978557 to 1979166 (608 bp)
				Next Alignment: 1979166 2066229 NODE_19_length_87061_cov_49.6075_ID_236460 1 87061

			Align 40: 1979166 2066229 NODE_19_length_87061_cov_49.6075_ID_236460 1 87061
				Gap between this and next alignment: 2066229 to 2067246 (1016 bp)
				Next Alignment: 2067246 2068995 NODE_61_length_1750_cov_48.6018_ID_238313 1750 1

			Align 41: 2067246 2068995 NODE_61_length_1750_cov_48.6018_ID_238313 1750 1
				Gap between this and next alignment: 2068995 to 2070217 (1221 bp)
				Next Alignment: 2070217 2101803 NODE_37_length_31587_cov_49.2374_ID_236911 1 31587

			Align 42: 2070217 2101803 NODE_37_length_31587_cov_49.2374_ID_236911 1 31587
				Gap between this and next alignment: 2101803 to 2102889 (1085 bp)
				Next Alignment: 2102889 2170228 NODE_22_length_67335_cov_49.2884_ID_236039 67335 1

			Align 43: 2102889 2170228 NODE_22_length_67335_cov_49.2884_ID_236039 67335 1
				Gap between this and next alignment: 2170228 to 2171374 (1145 bp)
				Next Alignment: 2171374 2288973 NODE_14_length_117594_cov_49.1944_ID_236187 117594 1

			Align 44: 2171374 2288973 NODE_14_length_117594_cov_49.1944_ID_236187 117594 1
				Gap between this and next alignment: 2288973 to 2290059 (1085 bp)
				Next Alignment: 2290059 2514327 NODE_5_length_224253_cov_49.2384_ID_237579 1 224253

			Align 45: 2290059 2514327 NODE_5_length_224253_cov_49.2384_ID_237579 1 224253
				Gap between this and next alignment: 2514327 to 2515563 (1235 bp)
				Next Alignment: 2515563 2726118 NODE_6_length_210549_cov_49.3177_ID_237971 1 210549

			Align 46: 2515563 2726118 NODE_6_length_210549_cov_49.3177_ID_237971 1 210549
				Gap between this and next alignment: 2726118 to 2729150 (3031 bp)
				Next Alignment: 2729150 2729656 NODE_74_length_507_cov_129.785_ID_238832 1 507

			Align 47: 2729150 2729656 NODE_74_length_507_cov_129.785_ID_238832 1 507
				Gap between this and next alignment: 2729656 to 2731431 (1774 bp)
				Next Alignment: 2731431 2817781 NODE_4_length_264559_cov_49.3281_ID_235109 1 86339

			Align 48: 2731431 2817781 NODE_4_length_264559_cov_49.3281_ID_235109 1 86339
				Gap between this and next alignment: 2817781 to 2818197 (415 bp)
				Next Alignment: 2818197 2996415 NODE_4_length_264559_cov_49.3281_ID_235109 86340 264559

			Align 49: 2818197 2996415 NODE_4_length_264559_cov_49.3281_ID_235109 86340 264559
				Gap between this and next alignment: 2996415 to 2997637 (1221 bp)
				Next Alignment: 2997637 3130200 NODE_13_length_132561_cov_49.0555_ID_235983 132561 1

			Align 50: 2997637 3130200 NODE_13_length_132561_cov_49.0555_ID_235983 132561 1
				Gap between this and next alignment: 3130200 to 3131286 (1085 bp)
				Next Alignment: 3131286 3186150 NODE_27_length_54862_cov_49.1769_ID_236359 54862 1

			Align 51: 3131286 3186150 NODE_27_length_54862_cov_49.1769_ID_236359 54862 1
				Gap between this and next alignment: 3186150 to 3187372 (1221 bp)
				Next Alignment: 3187372 3365610 NODE_9_length_178235_cov_49.1381_ID_236127 1 178235

			Align 52: 3187372 3365610 NODE_9_length_178235_cov_49.1381_ID_236127 1 178235
				Gap between this and next alignment: 3365610 to 3366696 (1085 bp)
				Next Alignment: 3366696 3423313 NODE_26_length_56616_cov_48.9841_ID_237017 1 56616

			Align 53: 3366696 3423313 NODE_26_length_56616_cov_48.9841_ID_237017 1 56616
				Gap between this and next alignment: 3423313 to 3428854 (5540 bp)
				Next Alignment: 3428854 3470218 NODE_30_length_41364_cov_49.4557_ID_236643 41364 1

			Align 54: 3428854 3470218 NODE_30_length_41364_cov_49.4557_ID_236643 41364 1
				Negative gap (overlap) between this and next alignment: 3470218 to 3470164 (-54 bp)
				Next Alignment: 3470164 3471194 NODE_71_length_1031_cov_99.3186_ID_239031 1031 1

			Previous gap was negative, modifying coordinates to ignore overlap
				Moving contig start from 1031 to 976.
			Align 55: 3470219 3471194 NODE_71_length_1031_cov_99.3186_ID_239031 976 1
				Negative gap (overlap) between this and next alignment: 3471194 to 3471140 (-54 bp)
				Next Alignment: 3471140 3583532 NODE_15_length_112390_cov_49.3537_ID_235369 1 112390

			Previous gap was negative, modifying coordinates to ignore overlap
				Moving contig start from 1 to 56.
			Align 56: 3471195 3583532 NODE_15_length_112390_cov_49.3537_ID_235369 56 112390
				Gap between this and next alignment: 3583532 to 3584141 (608 bp)
				Next Alignment: 3584141 3619399 NODE_34_length_35260_cov_49.3459_ID_236793 1 35260

			Align 57: 3584141 3619399 NODE_34_length_35260_cov_49.3459_ID_236793 1 35260
				Negative gap (overlap) between this and next alignment: 3619399 to 3619345 (-54 bp)
				Next Alignment: 3619345 3621940 NODE_58_length_2596_cov_146.587_ID_239017 2596 1

			Previous gap was negative, modifying coordinates to ignore overlap
				Moving contig start from 2596 to 2541.
			Align 58: 3619400 3621940 NODE_58_length_2596_cov_146.587_ID_239017 2541 1
				Gap between this and next alignment: 3621940 to 3622777 (836 bp)
				Next Alignment: 3622777 3624513 NODE_62_length_1737_cov_66.874_ID_238519 1 1737

			Align 59: 3622777 3624513 NODE_62_length_1737_cov_66.874_ID_238519 1 1737
				Gap between this and next alignment: 3624513 to 3625414 (900 bp)
				Next Alignment: 3625414 3652090 NODE_41_length_26677_cov_49.5004_ID_237247 26677 1

			Align 60: 3625414 3652090 NODE_41_length_26677_cov_49.5004_ID_237247 26677 1
				Gap between this and next alignment: 3652090 to 3653176 (1085 bp)
				Next Alignment: 3653176 3666259 NODE_45_length_13084_cov_50.0431_ID_237694 13084 1

			Align 61: 3653176 3666259 NODE_45_length_13084_cov_50.0431_ID_237694 13084 1
				Negative gap (overlap) between this and next alignment: 3666259 to 3666205 (-54 bp)
				Next Alignment: 3666205 3667436 NODE_68_length_1232_cov_98.9448_ID_239033 1232 1

			Previous gap was negative, modifying coordinates to ignore overlap
				Moving contig start from 1232 to 1177.
			Align 62: 3666260 3667436 NODE_68_length_1232_cov_98.9448_ID_239033 1177 1
				Negative gap (overlap) between this and next alignment: 3667436 to 3667382 (-54 bp)
				Next Alignment: 3667382 3762390 NODE_17_length_95005_cov_48.9477_ID_236405 1 95005

			Previous gap was negative, modifying coordinates to ignore overlap
				Moving contig start from 1 to 56.
			Align 63: 3667437 3762390 NODE_17_length_95005_cov_48.9477_ID_236405 56 95005
				Gap between this and next alignment: 3762390 to 3765768 (3377 bp)
				Next Alignment: 3765768 3767274 NODE_64_length_1507_cov_61.3712_ID_238591 1507 1

			Align 64: 3765768 3767274 NODE_64_length_1507_cov_61.3712_ID_238591 1507 1
				Gap between this and next alignment: 3767274 to 3767521 (246 bp)
				Next Alignment: 3767521 3941502 NODE_10_length_173986_cov_49.0524_ID_234831 173986 1

			Align 65: 3767521 3941502 NODE_10_length_173986_cov_49.0524_ID_234831 173986 1
				Gap between this and next alignment: 3941502 to 3941662 (159 bp)
				Next Alignment: 3941662 3943363 NODE_63_length_1702_cov_330.447_ID_238997 1 1702

			Align 66: 3941662 3943363 NODE_63_length_1702_cov_330.447_ID_238997 1 1702
				Gap between this and next alignment: 3943363 to 3946770 (3406 bp)
				Next Alignment: 3946770 4035225 NODE_18_length_88445_cov_49.3091_ID_236534 1 88445

			Align 67: 3946770 4035225 NODE_18_length_88445_cov_49.3091_ID_236534 1 88445
				Gap between this and next alignment: 4035225 to 4040746 (5520 bp)
				Next Alignment: 4040746 4094392 NODE_28_length_53644_cov_49.1156_ID_236727 1 53644

			Align 68: 4040746 4094392 NODE_28_length_53644_cov_49.1156_ID_236727 1 53644
				Gap between this and next alignment: 4094392 to 4094616 (223 bp)
				Next Alignment: 4094616 4166353 NODE_21_length_71736_cov_48.9877_ID_236231 1 71736

			Align 69: 4094616 4166353 NODE_21_length_71736_cov_48.9877_ID_236231 1 71736
				Gap between this and next alignment: 4166353 to 4171707 (5353 bp)
				Next Alignment: 4171707 4176133 NODE_52_length_4427_cov_54.3296_ID_238102 4427 1

			Align 70: 4171707 4176133 NODE_52_length_4427_cov_54.3296_ID_238102 4427 1
				Gap between this and next alignment: 4176133 to 4177055 (921 bp)
				Next Alignment: 4177055 4208055 NODE_38_length_31002_cov_49.5959_ID_237076 31002 1

			Align 71: 4177055 4208055 NODE_38_length_31002_cov_49.5959_ID_237076 31002 1
				Gap between this and next alignment: 4208055 to 4210023 (1967 bp)
				Next Alignment: 4210023 4213164 NODE_56_length_3141_cov_331.843_ID_238993 3141 1

			Align 72: 4210023 4213164 NODE_56_length_3141_cov_331.843_ID_238993 3141 1
				Negative gap (overlap) between this and next alignment: 4213164 to 4213110 (-54 bp)
				Next Alignment: 4213110 4296209 NODE_3_length_284587_cov_49.2383_ID_235631 1 83092

			Previous gap was negative, modifying coordinates to ignore overlap
				Moving contig start from 1 to 56.
			Align 73: 4213165 4296209 NODE_3_length_284587_cov_49.2383_ID_235631 56 83092
				Gap between this and next alignment: 4296209 to 4296434 (224 bp)
				Next Alignment: 4296434 4325804 NODE_3_length_284587_cov_49.2383_ID_235631 83093 112457

			Align 74: 4296434 4325804 NODE_3_length_284587_cov_49.2383_ID_235631 83093 112457
				Gap between this and next alignment: 4325804 to 4326105 (300 bp)
				Next Alignment: 4326105 4498235 NODE_3_length_284587_cov_49.2383_ID_235631 112458 284587

			Align 75: 4326105 4498235 NODE_3_length_284587_cov_49.2383_ID_235631 112458 284587
				Gap between this and next alignment: 4498235 to 4499457 (1221 bp)
				Next Alignment: 4499457 4507513 NODE_49_length_8057_cov_49.0052_ID_237889 8057 1

			Align 76: 4499457 4507513 NODE_49_length_8057_cov_49.0052_ID_237889 8057 1
				Gap between this and next alignment: 4507513 to 4508625 (1111 bp)
				Next Alignment: 4508625 4641652 NODE_11_length_133029_cov_49.1313_ID_235720 133029 1

			Align 77: 4508625 4641652 NODE_11_length_133029_cov_49.1313_ID_235720 133029 1
			END in current alignment.  Modifying 4641652 to 4641652.

Analysis is finished!
Founded SNPs were written into /net/metagenomics/projects/afritz_assemblies/Coverage_Sweep_wgsim/020_error/SPAdes_cov256/quast/runs_per_reference/e_coli_k12/contigs_reports/nucmer_output/scaffolds.used_snps

Results:
	Local Misassemblies: 3
	Misassemblies: 0
		Relocations: 0
		Translocations: 0
		Inversions: 0
	Misassembled Contigs: 0
	Misassembled Contig Bases: 0
	Misassemblies Inter-Contig Overlap: 0
Uncovered Regions: 0 (0)
Unaligned Contigs: 0 + 0 part
Partially Unaligned Contigs with Misassemblies: 0
Unaligned Contig Bases: 0

Ambiguously Mapped Contigs: 13
Total Bases in Ambiguously Mapped Contigs: 19681
Note that --allow-ambiguity option was set to "one" and only first alignment per each contig was used.

	Covered Bases: 4559302

	SNPs: 2731
	Insertions: 212
	Deletions: 326

	Positive Gaps: 57
		Internal Gaps:  3
		External Gaps:  54
		External Gap Total:  81411
		External Gap Average: 1508
	Negative Gaps: 19
		Internal Overlaps:  0
		External Overlaps:  19
		External Overlaps Total: -1026
		External Overlaps Average: -54
	Contigs with Redundant Alignments: 0 (0)
