Aligning contigs to reference...
	Running Nucmer
Parsing coords...
Loading reference...
	Loaded [e_coli_k12_gi_556503834_ref_NC_]
Loading SNPs...
Loading regions...
	No regions given, using whole reference.
	Total Regions: 1
	Total Region Length: 4641652
Analyzing contigs...
CONTIG: NODE_1_length_5443_cov_4.71232_ID_14194 (5443bp)
Top Length: 5372  Top ID: 98.17
		Skipping redundant alignment 3423210 3423548 | 1 339 | 339 339 | 95.58 | e_coli_k12_gi_556503834_ref_NC_ NODE_1_length_5443_cov_4.71232_ID_14194
		Skipping redundant alignment 4037397 4040845 | 3452 5 | 3449 3448 | 99.59 | e_coli_k12_gi_556503834_ref_NC_ NODE_1_length_5443_cov_4.71232_ID_14194
		Skipping redundant alignment 2726052 2731303 | 197 5372 | 5252 5176 | 97.47 | e_coli_k12_gi_556503834_ref_NC_ NODE_1_length_5443_cov_4.71232_ID_14194
		Skipping redundant alignment 3941662 3946824 | 5372 209 | 5163 5164 | 99.5 | e_coli_k12_gi_556503834_ref_NC_ NODE_1_length_5443_cov_4.71232_ID_14194
		Skipping redundant alignment 225637 228880 | 3452 209 | 3244 3244 | 99.57 | e_coli_k12_gi_556503834_ref_NC_ NODE_1_length_5443_cov_4.71232_ID_14194
		Skipping redundant alignment 3423663 3426896 | 209 3452 | 3234 3244 | 99.51 | e_coli_k12_gi_556503834_ref_NC_ NODE_1_length_5443_cov_4.71232_ID_14194
		Skipping redundant alignment 223552 225364 | 5443 3632 | 1813 1812 | 99.23 | e_coli_k12_gi_556503834_ref_NC_ NODE_1_length_5443_cov_4.71232_ID_14194
		Skipping redundant alignment 3427169 3428981 | 3632 5443 | 1813 1812 | 99.23 | e_coli_k12_gi_556503834_ref_NC_ NODE_1_length_5443_cov_4.71232_ID_14194
		Skipping redundant alignment 4035385 4037124 | 5372 3632 | 1740 1741 | 99.66 | e_coli_k12_gi_556503834_ref_NC_ NODE_1_length_5443_cov_4.71232_ID_14194
		This contig is misassembled. 11 total aligns.
			Excluding internal overlap of size 5164 between Alignment 1 and 2:  4207930 4213164 | 5443 209 | 5235 5235 --> 4207930 4208000 | 5443 5373 | 71 71
			Real Alignment 1: 4166513 4171969 | 5372 1 | 5457 5372 | 98.17 | e_coli_k12_gi_556503834_ref_NC_ NODE_1_length_5443_cov_4.71232_ID_14194
			  Extensive misassembly ( relocation, inconsistency = -41488 ) between these two alignments
			Real Alignment 2: 4207930 4208000 | 5443 5373 | 71 71 | 99.66 | e_coli_k12_gi_556503834_ref_NC_ NODE_1_length_5443_cov_4.71232_ID_14194

CONTIG: NODE_2_length_2655_cov_1.755_ID_14516 (2655bp)
Top Length: 1899  Top ID: 99.58
		Skipping redundant alignment 734148 734428 | 1619 1899 | 281 281 | 97.86 | e_coli_k12_gi_556503834_ref_NC_ NODE_2_length_2655_cov_1.755_ID_14516
		Skipping redundant alignment 734546 735182 | 2002 2638 | 637 637 | 97.96 | e_coli_k12_gi_556503834_ref_NC_ NODE_2_length_2655_cov_1.755_ID_14516
		Skipping redundant alignment 3622284 3622911 | 2002 2629 | 628 628 | 96.97 | e_coli_k12_gi_556503834_ref_NC_ NODE_2_length_2655_cov_1.755_ID_14516
		Skipping redundant alignment 3765275 3765895 | 2002 2622 | 621 621 | 98.23 | e_coli_k12_gi_556503834_ref_NC_ NODE_2_length_2655_cov_1.755_ID_14516
		Skipping redundant alignment 3767197 3767666 | 2170 2640 | 470 471 | 95.75 | e_coli_k12_gi_556503834_ref_NC_ NODE_2_length_2655_cov_1.755_ID_14516
			Skipping redundant alignments after choosing the best set of alignments
		Skipping redundant alignment 3620268 3622166 | 1 1899 | 1899 1899 | 99.58 | e_coli_k12_gi_556503834_ref_NC_ NODE_2_length_2655_cov_1.755_ID_14516
		Skipping redundant alignment 3763259 3765157 | 1 1899 | 1899 1899 | 99.53 | e_coli_k12_gi_556503834_ref_NC_ NODE_2_length_2655_cov_1.755_ID_14516
		This contig is misassembled. 9 total aligns.
			Real Alignment 1: 730659 732557 | 1 1899 | 1899 1899 | 96.79 | e_coli_k12_gi_556503834_ref_NC_ NODE_2_length_2655_cov_1.755_ID_14516
			  Fake misassembly between these two alignments: inconsistency = 15 , gap in the contig is small or absent or filled mostly with Ns (long indel: deletion of length 15; 0 mismatches)
			Real Alignment 2: 732675 733328 | 2002 2655 | 654 654 | 97.25 | e_coli_k12_gi_556503834_ref_NC_ NODE_2_length_2655_cov_1.755_ID_14516

CONTIG: NODE_3_length_1634_cov_2.76821_ID_14321 (1634bp)
Top Length: 1019  Top ID: 97.75
		Skipping redundant alignment 271581 271779 | 617 419 | 199 199 | 98.99 | e_coli_k12_gi_556503834_ref_NC_ NODE_3_length_1634_cov_2.76821_ID_14321
		Skipping redundant alignment 1470336 1470517 | 617 436 | 182 182 | 100.0 | e_coli_k12_gi_556503834_ref_NC_ NODE_3_length_1634_cov_2.76821_ID_14321
		Skipping redundant alignment 1049778 1050564 | 618 1404 | 787 787 | 98.86 | e_coli_k12_gi_556503834_ref_NC_ NODE_3_length_1634_cov_2.76821_ID_14321
		Skipping redundant alignment 3583428 3584199 | 618 1389 | 772 772 | 100.0 | e_coli_k12_gi_556503834_ref_NC_ NODE_3_length_1634_cov_2.76821_ID_14321
		Skipping redundant alignment 19796 20563 | 1385 618 | 768 768 | 100.0 | e_coli_k12_gi_556503834_ref_NC_ NODE_3_length_1634_cov_2.76821_ID_14321
		Skipping redundant alignment 257908 258675 | 1385 618 | 768 768 | 100.0 | e_coli_k12_gi_556503834_ref_NC_ NODE_3_length_1634_cov_2.76821_ID_14321
		Skipping redundant alignment 1978503 1979270 | 1385 618 | 768 768 | 100.0 | e_coli_k12_gi_556503834_ref_NC_ NODE_3_length_1634_cov_2.76821_ID_14321
		Skipping redundant alignment 2759881 2760067 | 1591 1405 | 187 187 | 98.93 | e_coli_k12_gi_556503834_ref_NC_ NODE_3_length_1634_cov_2.76821_ID_14321
			Skipping redundant alignments which significantly overlap with adjacent alignments
		Skipping redundant alignment 279162 280111 | 1386 437 | 950 950 | 99.05 | e_coli_k12_gi_556503834_ref_NC_ NODE_3_length_1634_cov_2.76821_ID_14321
		This contig is misassembled. 11 total aligns.
			Excluding internal overlap of size 2 between Alignment 1 and 2:  4507029 4507639 | 1 617 | 611 617 --> 4507029 4507637 | 1 615 | 609 615
			Real Alignment 1: 4507029 4507637 | 1 615 | 609 615 | 98.38 | e_coli_k12_gi_556503834_ref_NC_ NODE_3_length_1634_cov_2.76821_ID_14321
			  Extensive misassembly ( relocation, inconsistency = -4217253 ) between these two alignments
			Real Alignment 2: 290385 291403 | 1634 616 | 1019 1019 | 97.75 | e_coli_k12_gi_556503834_ref_NC_ NODE_3_length_1634_cov_2.76821_ID_14321

CONTIG: NODE_4_length_1548_cov_6.23845_ID_14241 (1548bp)
Top Length: 1512  Top ID: 97.49
		Skipping redundant alignment 3365552 3366755 | 1232 29 | 1204 1204 | 99.92 | e_coli_k12_gi_556503834_ref_NC_ NODE_4_length_1548_cov_6.23845_ID_14241
		Skipping redundant alignment 687844 689049 | 1235 30 | 1206 1206 | 99.92 | e_coli_k12_gi_556503834_ref_NC_ NODE_4_length_1548_cov_6.23845_ID_14241
		Skipping redundant alignment 1396040 1397243 | 30 1233 | 1204 1204 | 99.92 | e_coli_k12_gi_556503834_ref_NC_ NODE_4_length_1548_cov_6.23845_ID_14241
		Skipping redundant alignment 1299495 1300697 | 30 1232 | 1203 1203 | 99.92 | e_coli_k12_gi_556503834_ref_NC_ NODE_4_length_1548_cov_6.23845_ID_14241
		Skipping redundant alignment 3652032 3653234 | 1232 30 | 1203 1203 | 99.92 | e_coli_k12_gi_556503834_ref_NC_ NODE_4_length_1548_cov_6.23845_ID_14241
		Skipping redundant alignment 2066159 2067357 | 1228 30 | 1199 1199 | 99.5 | e_coli_k12_gi_556503834_ref_NC_ NODE_4_length_1548_cov_6.23845_ID_14241
		Skipping redundant alignment 2101745 2102946 | 1232 31 | 1202 1202 | 99.92 | e_coli_k12_gi_556503834_ref_NC_ NODE_4_length_1548_cov_6.23845_ID_14241
		Skipping redundant alignment 3130143 3131344 | 31 1232 | 1202 1202 | 99.92 | e_coli_k12_gi_556503834_ref_NC_ NODE_4_length_1548_cov_6.23845_ID_14241
		Skipping redundant alignment 574587 575818 | 1232 1 | 1232 1232 | 99.92 | e_coli_k12_gi_556503834_ref_NC_ NODE_4_length_1548_cov_6.23845_ID_14241
		Skipping redundant alignment 2288919 2290113 | 1228 34 | 1195 1195 | 100.0 | e_coli_k12_gi_556503834_ref_NC_ NODE_4_length_1548_cov_6.23845_ID_14241
		This contig is partially unaligned. (Aligned 1512 out of 1548 bases)
		Alignment: 273640 275149 | 1545 34 | 1510 1512 | 97.49 | e_coli_k12_gi_556503834_ref_NC_ NODE_4_length_1548_cov_6.23845_ID_14241
		Unaligned bases: 1 to 33 (33)
		Unaligned bases: 1546 to 1548 (3)

CONTIG: NODE_5_length_1485_cov_3.20979_ID_14274 (1485bp)
Top Length: 1463  Top ID: 99.86
		Skipping redundant alignment 391708 392968 | 22 1282 | 1261 1261 | 100.0 | e_coli_k12_gi_556503834_ref_NC_ NODE_5_length_1485_cov_3.20979_ID_14274
		Skipping redundant alignment 566775 568035 | 1282 22 | 1261 1261 | 100.0 | e_coli_k12_gi_556503834_ref_NC_ NODE_5_length_1485_cov_3.20979_ID_14274
		Skipping redundant alignment 1094223 1095503 | 1 1281 | 1281 1281 | 100.0 | e_coli_k12_gi_556503834_ref_NC_ NODE_5_length_1485_cov_3.20979_ID_14274
		Skipping redundant alignment 315229 316483 | 1277 23 | 1255 1255 | 100.0 | e_coli_k12_gi_556503834_ref_NC_ NODE_5_length_1485_cov_3.20979_ID_14274
		This contig is partially unaligned. (Aligned 1463 out of 1485 bases)
		Alignment: 2169966 2171428 | 1485 23 | 1463 1463 | 99.86 | e_coli_k12_gi_556503834_ref_NC_ NODE_5_length_1485_cov_3.20979_ID_14274
		Unaligned bases: 1 to 22 (22)

CONTIG: NODE_6_length_1456_cov_1.51749_ID_14643 (1456bp)
Top Length: 1434  Top ID: 99.93
		Skipping redundant alignment 15366 16742 | 1456 80 | 1377 1377 | 99.64 | e_coli_k12_gi_556503834_ref_NC_ NODE_6_length_1456_cov_1.51749_ID_14643
		Skipping redundant alignment 2514263 2515627 | 1445 81 | 1365 1365 | 99.56 | e_coli_k12_gi_556503834_ref_NC_ NODE_6_length_1456_cov_1.51749_ID_14643
		This contig is partially unaligned. (Aligned 1434 out of 1456 bases)
		Alignment: 608008 609441 | 1434 1 | 1434 1434 | 99.93 | e_coli_k12_gi_556503834_ref_NC_ NODE_6_length_1456_cov_1.51749_ID_14643
		Unaligned bases: 1435 to 1456 (22)

CONTIG: NODE_7_length_1356_cov_4.6372_ID_14227 (1356bp)
Top Length: 1342  Top ID: 100.0
		Skipping redundant alignment 1650843 1651561 | 719 1 | 719 719 | 99.86 | e_coli_k12_gi_556503834_ref_NC_ NODE_7_length_1356_cov_4.6372_ID_14227
			Skipping redundant alignments after choosing the best set of alignments
		Skipping redundant alignment 1467911 1469240 | 15 1344 | 1330 1330 | 100.0 | e_coli_k12_gi_556503834_ref_NC_ NODE_7_length_1356_cov_4.6372_ID_14227
		Skipping redundant alignment 2068942 2070273 | 15 1346 | 1332 1332 | 100.0 | e_coli_k12_gi_556503834_ref_NC_ NODE_7_length_1356_cov_4.6372_ID_14227
		Skipping redundant alignment 2996362 2997691 | 15 1344 | 1330 1330 | 100.0 | e_coli_k12_gi_556503834_ref_NC_ NODE_7_length_1356_cov_4.6372_ID_14227
		Skipping redundant alignment 3186092 3187425 | 1348 15 | 1334 1334 | 99.93 | e_coli_k12_gi_556503834_ref_NC_ NODE_7_length_1356_cov_4.6372_ID_14227
		Skipping redundant alignment 4498181 4499510 | 1344 15 | 1330 1330 | 100.0 | e_coli_k12_gi_556503834_ref_NC_ NODE_7_length_1356_cov_4.6372_ID_14227
		This contig is partially unaligned. (Aligned 1342 out of 1356 bases)
		Alignment: 381248 382589 | 1356 15 | 1342 1342 | 100.0 | e_coli_k12_gi_556503834_ref_NC_ NODE_7_length_1356_cov_4.6372_ID_14227
		Unaligned bases: 1 to 14 (14)

CONTIG: NODE_8_length_1096_cov_1.34006_ID_14436 (1096bp)
Top Length: 1096  Top ID: 99.54
		Marking as insignificant: 1469296 1470247 | 952 1 | 952 952 | 99.47 | e_coli_k12_gi_556503834_ref_NC_ NODE_8_length_1096_cov_1.34006_ID_14436
		Marking as insignificant: 270524 271492 | 969 1 | 969 969 | 99.28 | e_coli_k12_gi_556503834_ref_NC_ NODE_8_length_1096_cov_1.34006_ID_14436
		One align captures most of this contig: 4507728 4508823 | 1 1096 | 1096 1096 | 99.54 | e_coli_k12_gi_556503834_ref_NC_ NODE_8_length_1096_cov_1.34006_ID_14436

CONTIG: NODE_9_length_1022_cov_0.745605_ID_14370 (1022bp)
Top Length: 1022  Top ID: 97.06
		One align captures most of this contig: 4009517 4010529 | 1022 1 | 1013 1022 | 97.06 | e_coli_k12_gi_556503834_ref_NC_ NODE_9_length_1022_cov_0.745605_ID_14370

CONTIG: NODE_10_length_1004_cov_1.03688_ID_14403 (1004bp)
Top Length: 1004  Top ID: 99.4
		This contig has 2 significant alignments. [An ambiguously mapped contig]
		Using only first of these alignment (option --ambiguity-usage is set to "one"):
		Alignment: 1570671 1571674 | 1004 1 | 1004 1004 | 99.4 | e_coli_k12_gi_556503834_ref_NC_ NODE_10_length_1004_cov_1.03688_ID_14403
		Skipping alignment  3666206 3667209 | 1004 1 | 1004 1004 | 99.3 | e_coli_k12_gi_556503834_ref_NC_ NODE_10_length_1004_cov_1.03688_ID_14403

CONTIG: NODE_11_length_996_cov_0.572795_ID_14469 (996bp)
Top Length: 994  Top ID: 99.5
		One align captures most of this contig: 1740142 1741135 | 994 1 | 994 994 | 99.5 | e_coli_k12_gi_556503834_ref_NC_ NODE_11_length_996_cov_0.572795_ID_14469

CONTIG: NODE_12_length_935_cov_1.09806_ID_18181 (935bp)
Top Length: 354  Top ID: 97.74
		Skipping redundant alignment 1269620 1269958 | 339 1 | 339 339 | 98.23 | e_coli_k12_gi_556503834_ref_NC_ NODE_12_length_935_cov_1.09806_ID_18181
		This contig is partially unaligned. (Aligned 354 out of 935 bases)
		Alignment: 1270140 1270493 | 354 1 | 354 354 | 97.74 | e_coli_k12_gi_556503834_ref_NC_ NODE_12_length_935_cov_1.09806_ID_18181
		Unaligned bases: 355 to 935 (581)

CONTIG: NODE_14_length_906_cov_1.32902_ID_14307 (906bp)
Top Length: 895  Top ID: 97.65
		Skipping redundant alignment 1635839 1636637 | 108 906 | 799 799 | 99.37 | e_coli_k12_gi_556503834_ref_NC_ NODE_14_length_906_cov_1.32902_ID_14307
		This contig is partially unaligned. (Aligned 895 out of 906 bases)
		Alignment: 580575 581469 | 895 1 | 895 895 | 97.65 | e_coli_k12_gi_556503834_ref_NC_ NODE_14_length_906_cov_1.32902_ID_14307
		Unaligned bases: 896 to 906 (11)

CONTIG: NODE_15_length_852_cov_0.932246_ID_14946 (852bp)
Top Length: 852  Top ID: 99.53
		One align captures most of this contig: 895309 896160 | 852 1 | 852 852 | 99.53 | e_coli_k12_gi_556503834_ref_NC_ NODE_15_length_852_cov_0.932246_ID_14946

CONTIG: NODE_16_length_827_cov_0.965026_ID_14717 (827bp)
Top Length: 827  Top ID: 99.4
		One align captures most of this contig: 4260501 4261327 | 1 827 | 827 827 | 99.4 | e_coli_k12_gi_556503834_ref_NC_ NODE_16_length_827_cov_0.965026_ID_14717

CONTIG: NODE_17_length_787_cov_0.632514_ID_15035 (787bp)
Top Length: 787  Top ID: 99.49
		One align captures most of this contig: 954538 955325 | 787 1 | 788 787 | 99.49 | e_coli_k12_gi_556503834_ref_NC_ NODE_17_length_787_cov_0.632514_ID_15035

CONTIG: NODE_18_length_783_cov_1.40385_ID_14684 (783bp)
Top Length: 783  Top ID: 98.09
		Marking as insignificant: 3619192 3619798 | 177 783 | 607 607 | 99.01 | e_coli_k12_gi_556503834_ref_NC_ NODE_18_length_783_cov_1.40385_ID_14684
		Marking as insignificant: 3762066 3762789 | 60 783 | 724 724 | 98.21 | e_coli_k12_gi_556503834_ref_NC_ NODE_18_length_783_cov_1.40385_ID_14684
		One align captures most of this contig: 729406 730189 | 1 783 | 784 783 | 98.09 | e_coli_k12_gi_556503834_ref_NC_ NODE_18_length_783_cov_1.40385_ID_14684

CONTIG: NODE_19_length_744_cov_0.748911_ID_17851 (744bp)
Top Length: 744  Top ID: 98.52
		One align captures most of this contig: 317625 318361 | 744 1 | 737 744 | 98.52 | e_coli_k12_gi_556503834_ref_NC_ NODE_19_length_744_cov_0.748911_ID_17851

CONTIG: NODE_20_length_729_cov_0.762611_ID_15185 (729bp)
Top Length: 729  Top ID: 99.73
		One align captures most of this contig: 3798811 3799539 | 1 729 | 729 729 | 99.73 | e_coli_k12_gi_556503834_ref_NC_ NODE_20_length_729_cov_0.762611_ID_15185

CONTIG: NODE_21_length_698_cov_1.06843_ID_15152 (698bp)
Top Length: 698  Top ID: 99.57
		This contig has 2 significant alignments. [An ambiguously mapped contig]
		Using only first of these alignment (option --ambiguity-usage is set to "one"):
		Alignment: 1528305 1529002 | 1 698 | 698 698 | 99.57 | e_coli_k12_gi_556503834_ref_NC_ NODE_21_length_698_cov_1.06843_ID_15152
		Skipping alignment  525851 526548 | 1 698 | 698 698 | 99.43 | e_coli_k12_gi_556503834_ref_NC_ NODE_21_length_698_cov_1.06843_ID_15152

CONTIG: NODE_22_length_693_cov_1.37774_ID_16040 (693bp)
Top Length: 693  Top ID: 99.42
		Marking as insignificant: 3470143 3470741 | 95 693 | 599 599 | 99.0 | e_coli_k12_gi_556503834_ref_NC_ NODE_22_length_693_cov_1.37774_ID_16040
		One align captures most of this contig: 4176532 4177224 | 693 1 | 693 693 | 99.42 | e_coli_k12_gi_556503834_ref_NC_ NODE_22_length_693_cov_1.37774_ID_16040

CONTIG: NODE_23_length_674_cov_0.594507_ID_14502 (674bp)
Top Length: 671  Top ID: 99.4
		One align captures most of this contig: 1056027 1056697 | 4 674 | 671 671 | 99.4 | e_coli_k12_gi_556503834_ref_NC_ NODE_23_length_674_cov_0.594507_ID_14502

CONTIG: NODE_24_length_673_cov_0.977346_ID_18281 (673bp)
Top Length: 673  Top ID: 97.47
		One align captures most of this contig: 4575089 4575757 | 1 673 | 669 673 | 97.47 | e_coli_k12_gi_556503834_ref_NC_ NODE_24_length_673_cov_0.977346_ID_18281

CONTIG: NODE_26_length_655_cov_0.991667_ID_17182 (655bp)
Top Length: 655  Top ID: 98.47
		One align captures most of this contig: 4412505 4413159 | 1 655 | 655 655 | 98.47 | e_coli_k12_gi_556503834_ref_NC_ NODE_26_length_655_cov_0.991667_ID_17182

CONTIG: NODE_27_length_652_cov_0.628141_ID_16527 (652bp)
Top Length: 649  Top ID: 97.07
		One align captures most of this contig: 1497463 1498096 | 649 1 | 634 649 | 97.07 | e_coli_k12_gi_556503834_ref_NC_ NODE_27_length_652_cov_0.628141_ID_16527

CONTIG: NODE_28_length_647_cov_0.695946_ID_16780 (647bp)
Top Length: 647  Top ID: 100.0
		One align captures most of this contig: 3333029 3333675 | 647 1 | 647 647 | 100.0 | e_coli_k12_gi_556503834_ref_NC_ NODE_28_length_647_cov_0.695946_ID_16780

CONTIG: NODE_29_length_638_cov_0.933105_ID_14573 (638bp)
Top Length: 638  Top ID: 99.69
		One align captures most of this contig: 4187557 4188194 | 1 638 | 638 638 | 99.69 | e_coli_k12_gi_556503834_ref_NC_ NODE_29_length_638_cov_0.933105_ID_14573

CONTIG: NODE_30_length_628_cov_0.415358_ID_17969 (628bp)
Top Length: 248  Top ID: 99.19
		Skipping redundant alignment 1097323 1097402 | 460 381 | 80 80 | 100.0 | e_coli_k12_gi_556503834_ref_NC_ NODE_30_length_628_cov_0.415358_ID_17969
		This contig is misassembled. 3 total aligns.
			Excluding internal overlap of size 80 between Alignment 1 and 2:  1097504 1097654 | 460 310 | 151 151 --> 1097584 1097654 | 380 310 | 71 71
			Real Alignment 1: 1097584 1097654 | 380 310 | 71 71 | 100.0 | e_coli_k12_gi_556503834_ref_NC_ NODE_30_length_628_cov_0.415358_ID_17969
			  Gap between these two alignments (local misassembly). Inconsistency = 543 
			Real Alignment 2: 1096793 1097040 | 628 381 | 248 248 | 99.19 | e_coli_k12_gi_556503834_ref_NC_ NODE_30_length_628_cov_0.415358_ID_17969

CONTIG: NODE_31_length_627_cov_0.93007_ID_14587 (627bp)
Top Length: 627  Top ID: 99.36
		One align captures most of this contig: 2784543 2785169 | 1 627 | 627 627 | 99.36 | e_coli_k12_gi_556503834_ref_NC_ NODE_31_length_627_cov_0.93007_ID_14587

CONTIG: NODE_32_length_622_cov_0.820106_ID_14601 (622bp)
Top Length: 562  Top ID: 99.11
		Skipping redundant alignment 66547 66655 | 622 514 | 109 109 | 96.36 | e_coli_k12_gi_556503834_ref_NC_ NODE_32_length_622_cov_0.820106_ID_14601
		This contig is partially unaligned. (Aligned 562 out of 622 bases)
		Alignment: 762277 762838 | 1 562 | 562 562 | 99.11 | e_coli_k12_gi_556503834_ref_NC_ NODE_32_length_622_cov_0.820106_ID_14601
		Unaligned bases: 563 to 622 (60)

CONTIG: NODE_34_length_614_cov_1.02326_ID_14615 (614bp)
Top Length: 614  Top ID: 99.84
		One align captures most of this contig: 3092398 3093011 | 1 614 | 614 614 | 99.84 | e_coli_k12_gi_556503834_ref_NC_ NODE_34_length_614_cov_1.02326_ID_14615

CONTIG: NODE_35_length_611_cov_0.715827_ID_16073 (611bp)
Top Length: 611  Top ID: 99.51
		One align captures most of this contig: 122447 123057 | 611 1 | 611 611 | 99.51 | e_coli_k12_gi_556503834_ref_NC_ NODE_35_length_611_cov_0.715827_ID_16073

CONTIG: NODE_36_length_609_cov_0.435018_ID_14629 (609bp)
Top Length: 609  Top ID: 99.18
		One align captures most of this contig: 4431648 4432256 | 609 1 | 609 609 | 99.18 | e_coli_k12_gi_556503834_ref_NC_ NODE_36_length_609_cov_0.435018_ID_14629

CONTIG: NODE_37_length_603_cov_0.972628_ID_15825 (603bp)
Top Length: 601  Top ID: 100.0
		One align captures most of this contig: 2707764 2708364 | 1 601 | 601 601 | 100.0 | e_coli_k12_gi_556503834_ref_NC_ NODE_37_length_603_cov_0.972628_ID_15825

CONTIG: NODE_38_length_601_cov_0.968864_ID_16438 (601bp)
Top Length: 601  Top ID: 99.5
		One align captures most of this contig: 1614564 1615164 | 1 601 | 601 601 | 99.5 | e_coli_k12_gi_556503834_ref_NC_ NODE_38_length_601_cov_0.968864_ID_16438

CONTIG: NODE_39_length_600_cov_0.829358_ID_16672 (600bp)
Top Length: 600  Top ID: 99.33
		One align captures most of this contig: 161350 161949 | 1 600 | 600 600 | 99.33 | e_coli_k12_gi_556503834_ref_NC_ NODE_39_length_600_cov_0.829358_ID_16672

CONTIG: NODE_40_length_593_cov_0.931227_ID_16260 (593bp)
Top Length: 593  Top ID: 98.48
		This contig has 2 significant alignments. [An ambiguously mapped contig]
		Using only first of these alignment (option --ambiguity-usage is set to "one"):
		Alignment: 1432751 1433343 | 1 593 | 593 593 | 98.48 | e_coli_k12_gi_556503834_ref_NC_ NODE_40_length_593_cov_0.931227_ID_16260
		Skipping alignment  1633953 1634545 | 593 1 | 593 593 | 98.15 | e_coli_k12_gi_556503834_ref_NC_ NODE_40_length_593_cov_0.931227_ID_16260

CONTIG: NODE_41_length_587_cov_0.757519_ID_17618 (587bp)
Top Length: 587  Top ID: 99.32
		One align captures most of this contig: 3656858 3657444 | 587 1 | 587 587 | 99.32 | e_coli_k12_gi_556503834_ref_NC_ NODE_41_length_587_cov_0.757519_ID_17618

CONTIG: NODE_42_length_581_cov_0.71673_ID_17943 (581bp)
Top Length: 581  Top ID: 97.8
		One align captures most of this contig: 1236180 1236770 | 1 581 | 591 581 | 97.8 | e_coli_k12_gi_556503834_ref_NC_ NODE_42_length_581_cov_0.71673_ID_17943

CONTIG: NODE_43_length_580_cov_0.672381_ID_14750 (580bp)
Top Length: 580  Top ID: 98.97
		One align captures most of this contig: 1138781 1139360 | 580 1 | 580 580 | 98.97 | e_coli_k12_gi_556503834_ref_NC_ NODE_43_length_580_cov_0.672381_ID_14750

CONTIG: NODE_44_length_571_cov_0.44186_ID_17781 (571bp)
Top Length: 571  Top ID: 97.9
		One align captures most of this contig: 56044 56606 | 571 1 | 563 571 | 97.9 | e_coli_k12_gi_556503834_ref_NC_ NODE_44_length_571_cov_0.44186_ID_17781

CONTIG: NODE_45_length_568_cov_0.508772_ID_14764 (568bp)
Top Length: 568  Top ID: 99.3
		One align captures most of this contig: 2417325 2417892 | 1 568 | 568 568 | 99.3 | e_coli_k12_gi_556503834_ref_NC_ NODE_45_length_568_cov_0.508772_ID_14764

CONTIG: NODE_46_length_565_cov_0.54902_ID_14778 (565bp)
Top Length: 565  Top ID: 99.12
		One align captures most of this contig: 1588118 1588682 | 565 1 | 565 565 | 99.12 | e_coli_k12_gi_556503834_ref_NC_ NODE_46_length_565_cov_0.54902_ID_14778

CONTIG: NODE_47_length_562_cov_0.794872_ID_16321 (562bp)
Top Length: 562  Top ID: 99.82
		One align captures most of this contig: 3312381 3312942 | 562 1 | 562 562 | 99.82 | e_coli_k12_gi_556503834_ref_NC_ NODE_47_length_562_cov_0.794872_ID_16321

CONTIG: NODE_48_length_562_cov_0.78501_ID_17557 (562bp)
Top Length: 562  Top ID: 96.85
		Marking as insignificant: 578173 578496 | 353 30 | 324 324 | 98.77 | e_coli_k12_gi_556503834_ref_NC_ NODE_48_length_562_cov_0.78501_ID_17557
		One align captures most of this contig: 1423027 1423598 | 562 1 | 572 562 | 96.85 | e_coli_k12_gi_556503834_ref_NC_ NODE_48_length_562_cov_0.78501_ID_17557

CONTIG: NODE_50_length_560_cov_0.728713_ID_17383 (560bp)
Top Length: 560  Top ID: 99.29
		One align captures most of this contig: 2733930 2734489 | 560 1 | 560 560 | 99.29 | e_coli_k12_gi_556503834_ref_NC_ NODE_50_length_560_cov_0.728713_ID_17383

CONTIG: NODE_51_length_559_cov_0.638889_ID_14792 (559bp)
Top Length: 559  Top ID: 99.46
		One align captures most of this contig: 2688291 2688848 | 1 559 | 558 559 | 99.46 | e_coli_k12_gi_556503834_ref_NC_ NODE_51_length_559_cov_0.638889_ID_14792

CONTIG: NODE_52_length_556_cov_0.688623_ID_18029 (556bp)
Top Length: 556  Top ID: 99.1
		One align captures most of this contig: 2310928 2311483 | 556 1 | 556 556 | 99.1 | e_coli_k12_gi_556503834_ref_NC_ NODE_52_length_556_cov_0.688623_ID_18029

CONTIG: NODE_53_length_556_cov_0.648703_ID_17065 (556bp)
Top Length: 556  Top ID: 99.1
		One align captures most of this contig: 2964514 2965069 | 1 556 | 556 556 | 99.1 | e_coli_k12_gi_556503834_ref_NC_ NODE_53_length_556_cov_0.648703_ID_17065

CONTIG: NODE_54_length_554_cov_1.35471_ID_15722 (554bp)
Top Length: 551  Top ID: 99.27
		One align captures most of this contig: 3355736 3356286 | 551 1 | 551 551 | 99.27 | e_coli_k12_gi_556503834_ref_NC_ NODE_54_length_554_cov_1.35471_ID_15722

CONTIG: NODE_55_length_553_cov_0.664659_ID_18593 (553bp)
Top Length: 553  Top ID: 95.66
		One align captures most of this contig: 1983830 1984369 | 1 553 | 540 553 | 95.66 | e_coli_k12_gi_556503834_ref_NC_ NODE_55_length_553_cov_0.664659_ID_18593

CONTIG: NODE_56_length_553_cov_0.592369_ID_14806 (553bp)
Top Length: 552  Top ID: 99.28
		One align captures most of this contig: 4319690 4320241 | 1 552 | 552 552 | 99.28 | e_coli_k12_gi_556503834_ref_NC_ NODE_56_length_553_cov_0.592369_ID_14806

CONTIG: NODE_57_length_553_cov_0.815261_ID_14820 (553bp)
Top Length: 553  Top ID: 99.64
		One align captures most of this contig: 4277012 4277564 | 553 1 | 553 553 | 99.64 | e_coli_k12_gi_556503834_ref_NC_ NODE_57_length_553_cov_0.815261_ID_14820

CONTIG: NODE_58_length_552_cov_0.507042_ID_18409 (552bp)
Top Length: 552  Top ID: 96.24
		One align captures most of this contig: 4350285 4350842 | 1 552 | 558 552 | 96.24 | e_coli_k12_gi_556503834_ref_NC_ NODE_58_length_552_cov_0.507042_ID_18409

CONTIG: NODE_59_length_551_cov_0.673387_ID_14834 (551bp)
Top Length: 551  Top ID: 98.91
		One align captures most of this contig: 1444851 1445401 | 1 551 | 551 551 | 98.91 | e_coli_k12_gi_556503834_ref_NC_ NODE_59_length_551_cov_0.673387_ID_14834

CONTIG: NODE_60_length_551_cov_0.747984_ID_14848 (551bp)
Top Length: 551  Top ID: 98.73
		One align captures most of this contig: 3531646 3532196 | 1 551 | 551 551 | 98.73 | e_coli_k12_gi_556503834_ref_NC_ NODE_60_length_551_cov_0.747984_ID_14848

CONTIG: NODE_61_length_549_cov_0.61336_ID_14862 (549bp)
Top Length: 549  Top ID: 99.64
		One align captures most of this contig: 1425241 1425789 | 549 1 | 549 549 | 99.64 | e_coli_k12_gi_556503834_ref_NC_ NODE_61_length_549_cov_0.61336_ID_14862

CONTIG: NODE_62_length_547_cov_0.723577_ID_18223 (547bp)
Top Length: 547  Top ID: 98.9
		One align captures most of this contig: 4085878 4086424 | 1 547 | 547 547 | 98.9 | e_coli_k12_gi_556503834_ref_NC_ NODE_62_length_547_cov_0.723577_ID_18223

CONTIG: NODE_64_length_540_cov_0.903093_ID_14876 (540bp)
Top Length: 538  Top ID: 99.44
		One align captures most of this contig: 1846577 1847114 | 3 540 | 538 538 | 99.44 | e_coli_k12_gi_556503834_ref_NC_ NODE_64_length_540_cov_0.903093_ID_14876

CONTIG: NODE_65_length_539_cov_0.876033_ID_16719 (539bp)
Top Length: 539  Top ID: 99.81
		One align captures most of this contig: 1252510 1253048 | 1 539 | 539 539 | 99.81 | e_coli_k12_gi_556503834_ref_NC_ NODE_65_length_539_cov_0.876033_ID_16719

CONTIG: NODE_66_length_528_cov_0.570825_ID_14890 (528bp)
Top Length: 479  Top ID: 99.37
		Skipping redundant alignment 775522 775613 | 528 437 | 92 92 | 95.65 | e_coli_k12_gi_556503834_ref_NC_ NODE_66_length_528_cov_0.570825_ID_14890
		This contig is partially unaligned. (Aligned 479 out of 528 bases)
		Alignment: 3151079 3151557 | 1 479 | 479 479 | 99.37 | e_coli_k12_gi_556503834_ref_NC_ NODE_66_length_528_cov_0.570825_ID_14890
		Unaligned bases: 480 to 528 (49)

CONTIG: NODE_67_length_525_cov_0.597872_ID_14904 (525bp)
Top Length: 522  Top ID: 99.43
		One align captures most of this contig: 1303476 1303997 | 525 4 | 522 522 | 99.43 | e_coli_k12_gi_556503834_ref_NC_ NODE_67_length_525_cov_0.597872_ID_14904

CONTIG: NODE_69_length_521_cov_0.478541_ID_14918 (521bp)
Top Length: 521  Top ID: 99.62
		One align captures most of this contig: 1199898 1200418 | 1 521 | 521 521 | 99.62 | e_coli_k12_gi_556503834_ref_NC_ NODE_69_length_521_cov_0.478541_ID_14918

CONTIG: NODE_70_length_519_cov_0.885776_ID_14932 (519bp)
Top Length: 519  Top ID: 99.42
		One align captures most of this contig: 1288948 1289467 | 1 519 | 520 519 | 99.42 | e_coli_k12_gi_556503834_ref_NC_ NODE_70_length_519_cov_0.885776_ID_14932

CONTIG: NODE_71_length_515_cov_0.854348_ID_18129 (515bp)
Top Length: 515  Top ID: 99.22
		One align captures most of this contig: 4257021 4257535 | 515 1 | 515 515 | 99.22 | e_coli_k12_gi_556503834_ref_NC_ NODE_71_length_515_cov_0.854348_ID_18129

CONTIG: NODE_72_length_515_cov_0.78913_ID_14979 (515bp)
Top Length: 515  Top ID: 99.81
		One align captures most of this contig: 3358498 3359012 | 515 1 | 515 515 | 99.81 | e_coli_k12_gi_556503834_ref_NC_ NODE_72_length_515_cov_0.78913_ID_14979

CONTIG: NODE_74_length_512_cov_0.726477_ID_14993 (512bp)
Top Length: 512  Top ID: 99.41
		One align captures most of this contig: 889290 889801 | 512 1 | 512 512 | 99.41 | e_coli_k12_gi_556503834_ref_NC_ NODE_74_length_512_cov_0.726477_ID_14993

CONTIG: NODE_75_length_509_cov_0.770925_ID_15007 (509bp)
Top Length: 509  Top ID: 100.0
		One align captures most of this contig: 3560011 3560519 | 1 509 | 509 509 | 100.0 | e_coli_k12_gi_556503834_ref_NC_ NODE_75_length_509_cov_0.770925_ID_15007

CONTIG: NODE_76_length_506_cov_0.953437_ID_15021 (506bp)
Top Length: 506  Top ID: 99.6
		One align captures most of this contig: 2669624 2670129 | 506 1 | 506 506 | 99.6 | e_coli_k12_gi_556503834_ref_NC_ NODE_76_length_506_cov_0.953437_ID_15021

CONTIG: NODE_77_length_500_cov_0.476404_ID_15068 (500bp)
Top Length: 500  Top ID: 99.0
		One align captures most of this contig: 2757321 2757820 | 1 500 | 500 500 | 99.0 | e_coli_k12_gi_556503834_ref_NC_ NODE_77_length_500_cov_0.476404_ID_15068

CONTIG: NODE_78_length_500_cov_0.905618_ID_18559 (500bp)
Top Length: 494  Top ID: 96.48
		One align captures most of this contig: 134830 135341 | 4 497 | 512 494 | 96.48 | e_coli_k12_gi_556503834_ref_NC_ NODE_78_length_500_cov_0.905618_ID_18559

Analyzing coverage...
Writing SNPs into /net/metagenomics/projects/afritz_assemblies/Coverage_Sweep_wgsim/020_error/SPAdes_cov4/quast/runs_per_reference/e_coli_k12/contigs_reports/nucmer_output/scaffolds.used_snps
	Reference e_coli_k12_gi_556503834_ref_NC_: 75 total alignments. 1 total regions.
		Region: 1 to 4641652 (4641652 bp)
			START in gap: 1 to 56044 (56043 bp)
			Align 1: 56044 56606 NODE_44_length_571_cov_0.44186_ID_17781 571 1
				Gap between this and next alignment: 56606 to 122447 (65840 bp)
				Next Alignment: 122447 123057 NODE_35_length_611_cov_0.715827_ID_16073 611 1

			Align 2: 122447 123057 NODE_35_length_611_cov_0.715827_ID_16073 611 1
				Gap between this and next alignment: 123057 to 134830 (11772 bp)
				Next Alignment: 134830 135341 NODE_78_length_500_cov_0.905618_ID_18559 4 497

			Align 3: 134830 135341 NODE_78_length_500_cov_0.905618_ID_18559 4 497
				Gap between this and next alignment: 135341 to 161350 (26008 bp)
				Next Alignment: 161350 161949 NODE_39_length_600_cov_0.829358_ID_16672 1 600

			Align 4: 161350 161949 NODE_39_length_600_cov_0.829358_ID_16672 1 600
				Gap between this and next alignment: 161949 to 273640 (111690 bp)
				Next Alignment: 273640 275149 NODE_4_length_1548_cov_6.23845_ID_14241 1545 34

			Align 5: 273640 275149 NODE_4_length_1548_cov_6.23845_ID_14241 1545 34
				Gap between this and next alignment: 275149 to 290385 (15235 bp)
				Next Alignment: 290385 291403 NODE_3_length_1634_cov_2.76821_ID_14321 1634 616

			Align 6: 290385 291403 NODE_3_length_1634_cov_2.76821_ID_14321 1634 616
				Gap between this and next alignment: 291403 to 317625 (26221 bp)
				Next Alignment: 317625 318361 NODE_19_length_744_cov_0.748911_ID_17851 744 1

			Align 7: 317625 318361 NODE_19_length_744_cov_0.748911_ID_17851 744 1
				Gap between this and next alignment: 318361 to 381248 (62886 bp)
				Next Alignment: 381248 382589 NODE_7_length_1356_cov_4.6372_ID_14227 1356 15

			Align 8: 381248 382589 NODE_7_length_1356_cov_4.6372_ID_14227 1356 15
				Gap between this and next alignment: 382589 to 580575 (197985 bp)
				Next Alignment: 580575 581469 NODE_14_length_906_cov_1.32902_ID_14307 895 1

			Align 9: 580575 581469 NODE_14_length_906_cov_1.32902_ID_14307 895 1
				Gap between this and next alignment: 581469 to 608008 (26538 bp)
				Next Alignment: 608008 609441 NODE_6_length_1456_cov_1.51749_ID_14643 1434 1

			Align 10: 608008 609441 NODE_6_length_1456_cov_1.51749_ID_14643 1434 1
				Gap between this and next alignment: 609441 to 729406 (119964 bp)
				Next Alignment: 729406 730189 NODE_18_length_783_cov_1.40385_ID_14684 1 783

			Align 11: 729406 730189 NODE_18_length_783_cov_1.40385_ID_14684 1 783
				Gap between this and next alignment: 730189 to 730659 (469 bp)
				Next Alignment: 730659 732557 NODE_2_length_2655_cov_1.755_ID_14516 1 1899

			Align 12: 730659 732557 NODE_2_length_2655_cov_1.755_ID_14516 1 1899
				Gap between this and next alignment: 732557 to 732675 (117 bp)
				Next Alignment: 732675 733328 NODE_2_length_2655_cov_1.755_ID_14516 2002 2655

			Align 13: 732675 733328 NODE_2_length_2655_cov_1.755_ID_14516 2002 2655
				Gap between this and next alignment: 733328 to 762277 (28948 bp)
				Next Alignment: 762277 762838 NODE_32_length_622_cov_0.820106_ID_14601 1 562

			Align 14: 762277 762838 NODE_32_length_622_cov_0.820106_ID_14601 1 562
				Gap between this and next alignment: 762838 to 889290 (126451 bp)
				Next Alignment: 889290 889801 NODE_74_length_512_cov_0.726477_ID_14993 512 1

			Align 15: 889290 889801 NODE_74_length_512_cov_0.726477_ID_14993 512 1
				Gap between this and next alignment: 889801 to 895309 (5507 bp)
				Next Alignment: 895309 896160 NODE_15_length_852_cov_0.932246_ID_14946 852 1

			Align 16: 895309 896160 NODE_15_length_852_cov_0.932246_ID_14946 852 1
				Gap between this and next alignment: 896160 to 954538 (58377 bp)
				Next Alignment: 954538 955325 NODE_17_length_787_cov_0.632514_ID_15035 787 1

			Align 17: 954538 955325 NODE_17_length_787_cov_0.632514_ID_15035 787 1
				Gap between this and next alignment: 955325 to 1056027 (100701 bp)
				Next Alignment: 1056027 1056697 NODE_23_length_674_cov_0.594507_ID_14502 4 674

			Align 18: 1056027 1056697 NODE_23_length_674_cov_0.594507_ID_14502 4 674
				Gap between this and next alignment: 1056697 to 1096793 (40095 bp)
				Next Alignment: 1096793 1097040 NODE_30_length_628_cov_0.415358_ID_17969 628 381

			Align 19: 1096793 1097040 NODE_30_length_628_cov_0.415358_ID_17969 628 381
				Gap between this and next alignment: 1097040 to 1097584 (543 bp)
				Next Alignment: 1097584 1097654 NODE_30_length_628_cov_0.415358_ID_17969 380 310

			Align 20: 1097584 1097654 NODE_30_length_628_cov_0.415358_ID_17969 380 310
				Gap between this and next alignment: 1097654 to 1138781 (41126 bp)
				Next Alignment: 1138781 1139360 NODE_43_length_580_cov_0.672381_ID_14750 580 1

			Align 21: 1138781 1139360 NODE_43_length_580_cov_0.672381_ID_14750 580 1
				Gap between this and next alignment: 1139360 to 1199898 (60537 bp)
				Next Alignment: 1199898 1200418 NODE_69_length_521_cov_0.478541_ID_14918 1 521

			Align 22: 1199898 1200418 NODE_69_length_521_cov_0.478541_ID_14918 1 521
				Gap between this and next alignment: 1200418 to 1236180 (35761 bp)
				Next Alignment: 1236180 1236770 NODE_42_length_581_cov_0.71673_ID_17943 1 581

			Align 23: 1236180 1236770 NODE_42_length_581_cov_0.71673_ID_17943 1 581
				Gap between this and next alignment: 1236770 to 1252510 (15739 bp)
				Next Alignment: 1252510 1253048 NODE_65_length_539_cov_0.876033_ID_16719 1 539

			Align 24: 1252510 1253048 NODE_65_length_539_cov_0.876033_ID_16719 1 539
				Gap between this and next alignment: 1253048 to 1270140 (17091 bp)
				Next Alignment: 1270140 1270493 NODE_12_length_935_cov_1.09806_ID_18181 354 1

			Align 25: 1270140 1270493 NODE_12_length_935_cov_1.09806_ID_18181 354 1
				Gap between this and next alignment: 1270493 to 1288948 (18454 bp)
				Next Alignment: 1288948 1289467 NODE_70_length_519_cov_0.885776_ID_14932 1 519

			Align 26: 1288948 1289467 NODE_70_length_519_cov_0.885776_ID_14932 1 519
				Gap between this and next alignment: 1289467 to 1303476 (14008 bp)
				Next Alignment: 1303476 1303997 NODE_67_length_525_cov_0.597872_ID_14904 525 4

			Align 27: 1303476 1303997 NODE_67_length_525_cov_0.597872_ID_14904 525 4
				Gap between this and next alignment: 1303997 to 1423027 (119029 bp)
				Next Alignment: 1423027 1423598 NODE_48_length_562_cov_0.78501_ID_17557 562 1

			Align 28: 1423027 1423598 NODE_48_length_562_cov_0.78501_ID_17557 562 1
				Gap between this and next alignment: 1423598 to 1425241 (1642 bp)
				Next Alignment: 1425241 1425789 NODE_61_length_549_cov_0.61336_ID_14862 549 1

			Align 29: 1425241 1425789 NODE_61_length_549_cov_0.61336_ID_14862 549 1
				Gap between this and next alignment: 1425789 to 1432751 (6961 bp)
				Next Alignment: 1432751 1433343 NODE_40_length_593_cov_0.931227_ID_16260 1 593

			Align 30: 1432751 1433343 NODE_40_length_593_cov_0.931227_ID_16260 1 593
				Gap between this and next alignment: 1433343 to 1444851 (11507 bp)
				Next Alignment: 1444851 1445401 NODE_59_length_551_cov_0.673387_ID_14834 1 551

			Align 31: 1444851 1445401 NODE_59_length_551_cov_0.673387_ID_14834 1 551
				Gap between this and next alignment: 1445401 to 1497463 (52061 bp)
				Next Alignment: 1497463 1498096 NODE_27_length_652_cov_0.628141_ID_16527 649 1

			Align 32: 1497463 1498096 NODE_27_length_652_cov_0.628141_ID_16527 649 1
				Gap between this and next alignment: 1498096 to 1528305 (30208 bp)
				Next Alignment: 1528305 1529002 NODE_21_length_698_cov_1.06843_ID_15152 1 698

			Align 33: 1528305 1529002 NODE_21_length_698_cov_1.06843_ID_15152 1 698
				Gap between this and next alignment: 1529002 to 1570671 (41668 bp)
				Next Alignment: 1570671 1571674 NODE_10_length_1004_cov_1.03688_ID_14403 1004 1

			Align 34: 1570671 1571674 NODE_10_length_1004_cov_1.03688_ID_14403 1004 1
				Gap between this and next alignment: 1571674 to 1588118 (16443 bp)
				Next Alignment: 1588118 1588682 NODE_46_length_565_cov_0.54902_ID_14778 565 1

			Align 35: 1588118 1588682 NODE_46_length_565_cov_0.54902_ID_14778 565 1
				Gap between this and next alignment: 1588682 to 1614564 (25881 bp)
				Next Alignment: 1614564 1615164 NODE_38_length_601_cov_0.968864_ID_16438 1 601

			Align 36: 1614564 1615164 NODE_38_length_601_cov_0.968864_ID_16438 1 601
				Gap between this and next alignment: 1615164 to 1740142 (124977 bp)
				Next Alignment: 1740142 1741135 NODE_11_length_996_cov_0.572795_ID_14469 994 1

			Align 37: 1740142 1741135 NODE_11_length_996_cov_0.572795_ID_14469 994 1
				Gap between this and next alignment: 1741135 to 1846577 (105441 bp)
				Next Alignment: 1846577 1847114 NODE_64_length_540_cov_0.903093_ID_14876 3 540

			Align 38: 1846577 1847114 NODE_64_length_540_cov_0.903093_ID_14876 3 540
				Gap between this and next alignment: 1847114 to 1983830 (136715 bp)
				Next Alignment: 1983830 1984369 NODE_55_length_553_cov_0.664659_ID_18593 1 553

			Align 39: 1983830 1984369 NODE_55_length_553_cov_0.664659_ID_18593 1 553
				Gap between this and next alignment: 1984369 to 2169966 (185596 bp)
				Next Alignment: 2169966 2171428 NODE_5_length_1485_cov_3.20979_ID_14274 1485 23

			Align 40: 2169966 2171428 NODE_5_length_1485_cov_3.20979_ID_14274 1485 23
				Gap between this and next alignment: 2171428 to 2310928 (139499 bp)
				Next Alignment: 2310928 2311483 NODE_52_length_556_cov_0.688623_ID_18029 556 1

			Align 41: 2310928 2311483 NODE_52_length_556_cov_0.688623_ID_18029 556 1
				Gap between this and next alignment: 2311483 to 2417325 (105841 bp)
				Next Alignment: 2417325 2417892 NODE_45_length_568_cov_0.508772_ID_14764 1 568

			Align 42: 2417325 2417892 NODE_45_length_568_cov_0.508772_ID_14764 1 568
				Gap between this and next alignment: 2417892 to 2669624 (251731 bp)
				Next Alignment: 2669624 2670129 NODE_76_length_506_cov_0.953437_ID_15021 506 1

			Align 43: 2669624 2670129 NODE_76_length_506_cov_0.953437_ID_15021 506 1
				Gap between this and next alignment: 2670129 to 2688291 (18161 bp)
				Next Alignment: 2688291 2688848 NODE_51_length_559_cov_0.638889_ID_14792 1 559

			Align 44: 2688291 2688848 NODE_51_length_559_cov_0.638889_ID_14792 1 559
				Gap between this and next alignment: 2688848 to 2707764 (18915 bp)
				Next Alignment: 2707764 2708364 NODE_37_length_603_cov_0.972628_ID_15825 1 601

			Align 45: 2707764 2708364 NODE_37_length_603_cov_0.972628_ID_15825 1 601
				Gap between this and next alignment: 2708364 to 2733930 (25565 bp)
				Next Alignment: 2733930 2734489 NODE_50_length_560_cov_0.728713_ID_17383 560 1

			Align 46: 2733930 2734489 NODE_50_length_560_cov_0.728713_ID_17383 560 1
				Gap between this and next alignment: 2734489 to 2757321 (22831 bp)
				Next Alignment: 2757321 2757820 NODE_77_length_500_cov_0.476404_ID_15068 1 500

			Align 47: 2757321 2757820 NODE_77_length_500_cov_0.476404_ID_15068 1 500
				Gap between this and next alignment: 2757820 to 2784543 (26722 bp)
				Next Alignment: 2784543 2785169 NODE_31_length_627_cov_0.93007_ID_14587 1 627

			Align 48: 2784543 2785169 NODE_31_length_627_cov_0.93007_ID_14587 1 627
				Gap between this and next alignment: 2785169 to 2964514 (179344 bp)
				Next Alignment: 2964514 2965069 NODE_53_length_556_cov_0.648703_ID_17065 1 556

			Align 49: 2964514 2965069 NODE_53_length_556_cov_0.648703_ID_17065 1 556
				Gap between this and next alignment: 2965069 to 3092398 (127328 bp)
				Next Alignment: 3092398 3093011 NODE_34_length_614_cov_1.02326_ID_14615 1 614

			Align 50: 3092398 3093011 NODE_34_length_614_cov_1.02326_ID_14615 1 614
				Gap between this and next alignment: 3093011 to 3151079 (58067 bp)
				Next Alignment: 3151079 3151557 NODE_66_length_528_cov_0.570825_ID_14890 1 479

			Align 51: 3151079 3151557 NODE_66_length_528_cov_0.570825_ID_14890 1 479
				Gap between this and next alignment: 3151557 to 3312381 (160823 bp)
				Next Alignment: 3312381 3312942 NODE_47_length_562_cov_0.794872_ID_16321 562 1

			Align 52: 3312381 3312942 NODE_47_length_562_cov_0.794872_ID_16321 562 1
				Gap between this and next alignment: 3312942 to 3333029 (20086 bp)
				Next Alignment: 3333029 3333675 NODE_28_length_647_cov_0.695946_ID_16780 647 1

			Align 53: 3333029 3333675 NODE_28_length_647_cov_0.695946_ID_16780 647 1
				Gap between this and next alignment: 3333675 to 3355736 (22060 bp)
				Next Alignment: 3355736 3356286 NODE_54_length_554_cov_1.35471_ID_15722 551 1

			Align 54: 3355736 3356286 NODE_54_length_554_cov_1.35471_ID_15722 551 1
				Gap between this and next alignment: 3356286 to 3358498 (2211 bp)
				Next Alignment: 3358498 3359012 NODE_72_length_515_cov_0.78913_ID_14979 515 1

			Align 55: 3358498 3359012 NODE_72_length_515_cov_0.78913_ID_14979 515 1
				Gap between this and next alignment: 3359012 to 3531646 (172633 bp)
				Next Alignment: 3531646 3532196 NODE_60_length_551_cov_0.747984_ID_14848 1 551

			Align 56: 3531646 3532196 NODE_60_length_551_cov_0.747984_ID_14848 1 551
				Gap between this and next alignment: 3532196 to 3560011 (27814 bp)
				Next Alignment: 3560011 3560519 NODE_75_length_509_cov_0.770925_ID_15007 1 509

			Align 57: 3560011 3560519 NODE_75_length_509_cov_0.770925_ID_15007 1 509
				Gap between this and next alignment: 3560519 to 3656858 (96338 bp)
				Next Alignment: 3656858 3657444 NODE_41_length_587_cov_0.757519_ID_17618 587 1

			Align 58: 3656858 3657444 NODE_41_length_587_cov_0.757519_ID_17618 587 1
				Gap between this and next alignment: 3657444 to 3798811 (141366 bp)
				Next Alignment: 3798811 3799539 NODE_20_length_729_cov_0.762611_ID_15185 1 729

			Align 59: 3798811 3799539 NODE_20_length_729_cov_0.762611_ID_15185 1 729
				Gap between this and next alignment: 3799539 to 4009517 (209977 bp)
				Next Alignment: 4009517 4010529 NODE_9_length_1022_cov_0.745605_ID_14370 1022 1

			Align 60: 4009517 4010529 NODE_9_length_1022_cov_0.745605_ID_14370 1022 1
				Gap between this and next alignment: 4010529 to 4085878 (75348 bp)
				Next Alignment: 4085878 4086424 NODE_62_length_547_cov_0.723577_ID_18223 1 547

			Align 61: 4085878 4086424 NODE_62_length_547_cov_0.723577_ID_18223 1 547
				Gap between this and next alignment: 4086424 to 4166513 (80088 bp)
				Next Alignment: 4166513 4171969 NODE_1_length_5443_cov_4.71232_ID_14194 5372 1

			Align 62: 4166513 4171969 NODE_1_length_5443_cov_4.71232_ID_14194 5372 1
				Gap between this and next alignment: 4171969 to 4176532 (4562 bp)
				Next Alignment: 4176532 4177224 NODE_22_length_693_cov_1.37774_ID_16040 693 1

			Align 63: 4176532 4177224 NODE_22_length_693_cov_1.37774_ID_16040 693 1
				Gap between this and next alignment: 4177224 to 4187557 (10332 bp)
				Next Alignment: 4187557 4188194 NODE_29_length_638_cov_0.933105_ID_14573 1 638

			Align 64: 4187557 4188194 NODE_29_length_638_cov_0.933105_ID_14573 1 638
				Gap between this and next alignment: 4188194 to 4207930 (19735 bp)
				Next Alignment: 4207930 4208000 NODE_1_length_5443_cov_4.71232_ID_14194 5443 5373

			Align 65: 4207930 4208000 NODE_1_length_5443_cov_4.71232_ID_14194 5443 5373
				Gap between this and next alignment: 4208000 to 4257021 (49020 bp)
				Next Alignment: 4257021 4257535 NODE_71_length_515_cov_0.854348_ID_18129 515 1

			Align 66: 4257021 4257535 NODE_71_length_515_cov_0.854348_ID_18129 515 1
				Gap between this and next alignment: 4257535 to 4260501 (2965 bp)
				Next Alignment: 4260501 4261327 NODE_16_length_827_cov_0.965026_ID_14717 1 827

			Align 67: 4260501 4261327 NODE_16_length_827_cov_0.965026_ID_14717 1 827
				Gap between this and next alignment: 4261327 to 4277012 (15684 bp)
				Next Alignment: 4277012 4277564 NODE_57_length_553_cov_0.815261_ID_14820 553 1

			Align 68: 4277012 4277564 NODE_57_length_553_cov_0.815261_ID_14820 553 1
				Gap between this and next alignment: 4277564 to 4319690 (42125 bp)
				Next Alignment: 4319690 4320241 NODE_56_length_553_cov_0.592369_ID_14806 1 552

			Align 69: 4319690 4320241 NODE_56_length_553_cov_0.592369_ID_14806 1 552
				Gap between this and next alignment: 4320241 to 4350285 (30043 bp)
				Next Alignment: 4350285 4350842 NODE_58_length_552_cov_0.507042_ID_18409 1 552

			Align 70: 4350285 4350842 NODE_58_length_552_cov_0.507042_ID_18409 1 552
				Gap between this and next alignment: 4350842 to 4412505 (61662 bp)
				Next Alignment: 4412505 4413159 NODE_26_length_655_cov_0.991667_ID_17182 1 655

			Align 71: 4412505 4413159 NODE_26_length_655_cov_0.991667_ID_17182 1 655
				Gap between this and next alignment: 4413159 to 4431648 (18488 bp)
				Next Alignment: 4431648 4432256 NODE_36_length_609_cov_0.435018_ID_14629 609 1

			Align 72: 4431648 4432256 NODE_36_length_609_cov_0.435018_ID_14629 609 1
				Gap between this and next alignment: 4432256 to 4507029 (74772 bp)
				Next Alignment: 4507029 4507637 NODE_3_length_1634_cov_2.76821_ID_14321 1 615

			Align 73: 4507029 4507637 NODE_3_length_1634_cov_2.76821_ID_14321 1 615
				Gap between this and next alignment: 4507637 to 4507728 (90 bp)
				Next Alignment: 4507728 4508823 NODE_8_length_1096_cov_1.34006_ID_14436 1 1096

			Align 74: 4507728 4508823 NODE_8_length_1096_cov_1.34006_ID_14436 1 1096
				Gap between this and next alignment: 4508823 to 4575089 (66265 bp)
				Next Alignment: 4575089 4575757 NODE_24_length_673_cov_0.977346_ID_18281 1 673

			Align 75: 4575089 4575757 NODE_24_length_673_cov_0.977346_ID_18281 1 673
			END in gap: 4575757 to 4641652 (65895 bp)

Analysis is finished!
Founded SNPs were written into /net/metagenomics/projects/afritz_assemblies/Coverage_Sweep_wgsim/020_error/SPAdes_cov4/quast/runs_per_reference/e_coli_k12/contigs_reports/nucmer_output/scaffolds.used_snps

Results:
	Local Misassemblies: 1
	Misassemblies: 2
		Relocations: 2
		Translocations: 0
		Inversions: 0
	Misassembled Contigs: 2
	Misassembled Contig Bases: 7077
	Misassemblies Inter-Contig Overlap: 0
Uncovered Regions: 0 (0)
Unaligned Contigs: 0 + 8 part
Partially Unaligned Contigs with Misassemblies: 0
Unaligned Contig Bases: 795

Ambiguously Mapped Contigs: 3
Total Bases in Ambiguously Mapped Contigs: 2295
Note that --allow-ambiguity option was set to "one" and only first alignment per each contig was used.

	Covered Bases: 55031

	SNPs: 382
	Insertions: 68
	Deletions: 150

	Positive Gaps: 76
		Internal Gaps:  2
		External Gaps:  74
		External Gap Total:  4585961
		External Gap Average: 61972
	Negative Gaps: 0
		Internal Overlaps:  0
		External Overlaps:  0
		External Overlaps Total:  0
		External Overlaps Average: 0
	Contigs with Redundant Alignments: 0 (0)
