Aligning contigs to reference...
	Running Nucmer
Parsing coords...
Loading reference...
	Loaded [Ecoli_0970_Taxon015_]
Loading SNPs...
Loading regions...
	No regions given, using whole reference.
	Total Regions: 1
	Total Region Length: 4641652
Analyzing contigs...
CONTIG: NODE_1_length_347033_cov_58.3776_ID_427884 (347033bp)
Top Length: 347033  Top ID: 98.9
		Marking as insignificant: 1467910 1468615 | 337457 338162 | 706 706 | 96.32 | Ecoli_0970_Taxon015_ NODE_1_length_347033_cov_58.3776_ID_427884
		Marking as insignificant: 2066311 2067013 | 338160 337458 | 703 703 | 96.87 | Ecoli_0970_Taxon015_ NODE_1_length_347033_cov_58.3776_ID_427884
		Marking as insignificant: 381885 382590 | 338162 337457 | 706 706 | 96.74 | Ecoli_0970_Taxon015_ NODE_1_length_347033_cov_58.3776_ID_427884
		Marking as insignificant: 4462856 4463562 | 337456 338162 | 707 707 | 96.75 | Ecoli_0970_Taxon015_ NODE_1_length_347033_cov_58.3776_ID_427884
		Marking as insignificant: 3190806 3191511 | 338162 337457 | 706 706 | 97.17 | Ecoli_0970_Taxon015_ NODE_1_length_347033_cov_58.3776_ID_427884
		Marking as insignificant: 3080746 3081451 | 337457 338162 | 706 706 | 97.88 | Ecoli_0970_Taxon015_ NODE_1_length_347033_cov_58.3776_ID_427884
		One align captures most of this contig: 1641972 1989004 | 347033 1 | 347033 347033 | 98.9 | Ecoli_0970_Taxon015_ NODE_1_length_347033_cov_58.3776_ID_427884

CONTIG: NODE_4_length_267318_cov_59.6005_ID_490245 (267318bp)
Top Length: 267318  Top ID: 98.93
		Marking as insignificant: 2520931 2521006 | 239462 239387 | 76 76 | 100.0 | Ecoli_0970_Taxon015_ NODE_4_length_267318_cov_59.6005_ID_490245
		Marking as insignificant: 2520931 2521006 | 239767 239692 | 76 76 | 100.0 | Ecoli_0970_Taxon015_ NODE_4_length_267318_cov_59.6005_ID_490245
		Marking as insignificant: 2521173 2521288 | 239462 239347 | 116 116 | 98.28 | Ecoli_0970_Taxon015_ NODE_4_length_267318_cov_59.6005_ID_490245
		Marking as insignificant: 2521173 2521288 | 239767 239652 | 116 116 | 98.28 | Ecoli_0970_Taxon015_ NODE_4_length_267318_cov_59.6005_ID_490245
		Marking as insignificant: 2521253 2521520 | 238952 238685 | 268 268 | 97.76 | Ecoli_0970_Taxon015_ NODE_4_length_267318_cov_59.6005_ID_490245
		Marking as insignificant: 3621886 3622880 | 950 1944 | 995 995 | 96.48 | Ecoli_0970_Taxon015_ NODE_4_length_267318_cov_59.6005_ID_490245
		Marking as insignificant: 3764877 3765899 | 950 1972 | 1023 1023 | 95.7 | Ecoli_0970_Taxon015_ NODE_4_length_267318_cov_59.6005_ID_490245
		Marking as insignificant: 696220 697254 | 950 1984 | 1035 1035 | 95.95 | Ecoli_0970_Taxon015_ NODE_4_length_267318_cov_59.6005_ID_490245
		One align captures most of this contig: 697142 964456 | 1 267318 | 267315 267318 | 98.93 | Ecoli_0970_Taxon015_ NODE_4_length_267318_cov_59.6005_ID_490245

CONTIG: NODE_5_length_228550_cov_58.2233_ID_504266 (228550bp)
Top Length: 228550  Top ID: 99.01
		Marking as insignificant: 4462857 4462990 | 228417 228550 | 134 134 | 97.76 | Ecoli_0970_Taxon015_ NODE_5_length_228550_cov_58.2233_ID_504266
		Marking as insignificant: 1651415 1651548 | 228550 228417 | 134 134 | 98.51 | Ecoli_0970_Taxon015_ NODE_5_length_228550_cov_58.2233_ID_504266
		Marking as insignificant: 382457 382592 | 228550 228415 | 136 136 | 99.26 | Ecoli_0970_Taxon015_ NODE_5_length_228550_cov_58.2233_ID_504266
		One align captures most of this contig: 2852330 3080879 | 1 228550 | 228550 228550 | 99.01 | Ecoli_0970_Taxon015_ NODE_5_length_228550_cov_58.2233_ID_504266

CONTIG: NODE_8_length_166605_cov_59.6358_ID_504270 (166605bp)
Top Length: 166605  Top ID: 98.98
		Marking as insignificant: 696796 696899 | 165171 165069 | 104 103 | 96.15 | Ecoli_0970_Taxon015_ NODE_8_length_166605_cov_59.6358_ID_504270
		One align captures most of this contig: 3765773 3932377 | 166605 1 | 166605 166605 | 98.98 | Ecoli_0970_Taxon015_ NODE_8_length_166605_cov_59.6358_ID_504270

CONTIG: NODE_9_length_164396_cov_57.6961_ID_464986 (164396bp)
Top Length: 164396  Top ID: 98.92
		One align captures most of this contig: 2524161 2688556 | 164396 1 | 164396 164396 | 98.92 | Ecoli_0970_Taxon015_ NODE_9_length_164396_cov_57.6961_ID_464986

CONTIG: NODE_12_length_141745_cov_57.5888_ID_480320 (141745bp)
Top Length: 141745  Top ID: 99.06
		One align captures most of this contig: 20114 161858 | 1 141745 | 141745 141745 | 99.06 | Ecoli_0970_Taxon015_ NODE_12_length_141745_cov_57.5888_ID_480320

CONTIG: NODE_15_length_119979_cov_58.0879_ID_466073 (119979bp)
Top Length: 119979  Top ID: 98.95
		One align captures most of this contig: 1097838 1217816 | 119979 1 | 119979 119979 | 98.95 | Ecoli_0970_Taxon015_ NODE_15_length_119979_cov_58.0879_ID_466073

CONTIG: NODE_16_length_113009_cov_58.6662_ID_469517 (113009bp)
Top Length: 113009  Top ID: 98.99
		One align captures most of this contig: 1222956 1335964 | 113009 1 | 113009 113009 | 98.99 | Ecoli_0970_Taxon015_ NODE_16_length_113009_cov_58.6662_ID_469517

CONTIG: NODE_18_length_101515_cov_56.6082_ID_492148 (101515bp)
Top Length: 101515  Top ID: 99.11
		Marking as insignificant: 1469138 1469241 | 1 104 | 104 104 | 97.12 | Ecoli_0970_Taxon015_ NODE_18_length_101515_cov_56.6082_ID_492148
		Marking as insignificant: 3081974 3082077 | 1 104 | 104 104 | 100.0 | Ecoli_0970_Taxon015_ NODE_18_length_101515_cov_56.6082_ID_492148
		Marking as insignificant: 381256 381362 | 107 1 | 107 107 | 97.2 | Ecoli_0970_Taxon015_ NODE_18_length_101515_cov_56.6082_ID_492148
		One align captures most of this contig: 3088769 3190283 | 101515 1 | 101515 101515 | 99.11 | Ecoli_0970_Taxon015_ NODE_18_length_101515_cov_56.6082_ID_492148

CONTIG: NODE_23_length_89556_cov_58.4393_ID_462536 (89556bp)
Top Length: 89556  Top ID: 98.95
		One align captures most of this contig: 3283067 3372622 | 1 89556 | 89556 89556 | 98.95 | Ecoli_0970_Taxon015_ NODE_23_length_89556_cov_58.4393_ID_462536

CONTIG: NODE_24_length_88793_cov_58.196_ID_419363 (88793bp)
Top Length: 48709  Top ID: 98.9
		This contig is misassembled. 6 total aligns.
			Excluding internal overlap of size 371 between Alignment 1 and 2:  4242034 4244711 | 2678 1 | 2678 2678 --> 4242405 4244711 | 2307 1 | 2307 2307
			Real Alignment 1: 4242405 4244711 | 2307 1 | 2307 2307 | 97.98 | Ecoli_0970_Taxon015_ NODE_24_length_88793_cov_58.196_ID_419363
			  Gap between these two alignments (local misassembly). Inconsistency = 224 
			Excluding internal overlap of size 480 between Alignment 2 and 3:  4184371 4194049 | 60215 50537 | 9679 9679 --> 4184371 4193569 | 60215 51017 | 9199 9199
			Real Alignment 2: 4193470 4242180 | 51016 2308 | 48711 48709 | 98.9 | Ecoli_0970_Taxon015_ NODE_24_length_88793_cov_58.196_ID_419363
			  Overlap between these two alignments (local misassembly). Inconsistency = -100 
			Excluding internal overlap of size 1 between Alignment 3 and 4:  4184371 4193569 | 60215 51017 | 9199 9199 --> 4184372 4193569 | 60214 51017 | 9198 9198
			Real Alignment 3: 4184372 4193569 | 60214 51017 | 9198 9198 | 97.62 | Ecoli_0970_Taxon015_ NODE_24_length_88793_cov_58.196_ID_419363
			  Extensive misassembly ( relocation, inconsistency = 141913 ) between these two alignments
			Real Alignment 4: 4335483 4353288 | 60215 78020 | 17806 17806 | 97.82 | Ecoli_0970_Taxon015_ NODE_24_length_88793_cov_58.196_ID_419363
			  Extensive misassembly ( relocation, inconsistency = -150541 ) between these two alignments
			Real Alignment 5: 4202748 4206134 | 78021 81407 | 3387 3387 | 97.52 | Ecoli_0970_Taxon015_ NODE_24_length_88793_cov_58.196_ID_419363
			  Extensive misassembly ( relocation, inconsistency = 46170 ) between these two alignments
			Real Alignment 6: 4252305 4259690 | 88793 81408 | 7386 7386 | 98.25 | Ecoli_0970_Taxon015_ NODE_24_length_88793_cov_58.196_ID_419363

CONTIG: NODE_26_length_80616_cov_59.4825_ID_450453 (80616bp)
Top Length: 80616  Top ID: 98.91
		Marking as insignificant: 316346 316483 | 62149 62012 | 138 138 | 98.55 | Ecoli_0970_Taxon015_ NODE_26_length_80616_cov_59.4825_ID_450453
		One align captures most of this contig: 2425802 2506417 | 80616 1 | 80616 80616 | 98.91 | Ecoli_0970_Taxon015_ NODE_26_length_80616_cov_59.4825_ID_450453

CONTIG: NODE_27_length_80338_cov_58.2134_ID_456291 (80338bp)
Top Length: 80338  Top ID: 99.0
		One align captures most of this contig: 2336435 2416772 | 80338 1 | 80338 80338 | 99.0 | Ecoli_0970_Taxon015_ NODE_27_length_80338_cov_58.2134_ID_456291

CONTIG: NODE_29_length_74300_cov_57.6022_ID_473635 (74300bp)
Top Length: 74300  Top ID: 99.07
		One align captures most of this contig: 4041203 4115502 | 74300 1 | 74300 74300 | 99.07 | Ecoli_0970_Taxon015_ NODE_29_length_74300_cov_57.6022_ID_473635

CONTIG: NODE_30_length_71087_cov_58.0492_ID_422903 (71087bp)
Top Length: 71087  Top ID: 98.98
		One align captures most of this contig: 3503271 3574357 | 1 71087 | 71087 71087 | 98.98 | Ecoli_0970_Taxon015_ NODE_30_length_71087_cov_58.0492_ID_422903

CONTIG: NODE_31_length_68964_cov_57.4945_ID_504274 (68964bp)
Top Length: 68964  Top ID: 98.89
		One align captures most of this contig: 392897 461860 | 68964 1 | 68964 68964 | 98.89 | Ecoli_0970_Taxon015_ NODE_31_length_68964_cov_57.4945_ID_504274

CONTIG: NODE_32_length_68318_cov_58.453_ID_420995 (68318bp)
Top Length: 68318  Top ID: 98.9
		One align captures most of this contig: 498514 566831 | 68318 1 | 68318 68318 | 98.9 | Ecoli_0970_Taxon015_ NODE_32_length_68318_cov_58.453_ID_420995

CONTIG: NODE_33_length_67605_cov_59.1154_ID_441990 (67605bp)
Top Length: 57351  Top ID: 97.96
		This contig is misassembled. 3 total aligns.
			Excluding internal overlap of size 1 between Alignment 1 and 2:  1422122 1427152 | 5031 1 | 5031 5031 --> 1422123 1427152 | 5030 1 | 5030 5030
			Real Alignment 1: 1422123 1427152 | 5030 1 | 5030 5030 | 98.01 | Ecoli_0970_Taxon015_ NODE_33_length_67605_cov_59.1154_ID_441990
			  Extensive misassembly ( relocation, inconsistency = 44964 ) between these two alignments
			Excluding internal overlap of size 1524 between Alignment 2 and 3:  498514 505261 | 67605 60858 | 6748 6748 --> 498514 503737 | 67605 62382 | 5224 5224
			Real Alignment 2: 1472117 1529467 | 5031 62381 | 57351 57351 | 97.96 | Ecoli_0970_Taxon015_ NODE_33_length_67605_cov_59.1154_ID_441990
			  Extensive misassembly ( relocation, inconsistency = -1030954 ) between these two alignments
			Real Alignment 3: 498514 503737 | 67605 62382 | 5224 5224 | 97.48 | Ecoli_0970_Taxon015_ NODE_33_length_67605_cov_59.1154_ID_441990

CONTIG: NODE_34_length_67124_cov_58.3358_ID_453483 (67124bp)
Top Length: 67124  Top ID: 98.9
		Marking as insignificant: 290429 290633 | 39134 39338 | 205 205 | 97.56 | Ecoli_0970_Taxon015_ NODE_34_length_67124_cov_58.3358_ID_453483
		One align captures most of this contig: 2720749 2787872 | 1 67124 | 67124 67124 | 98.9 | Ecoli_0970_Taxon015_ NODE_34_length_67124_cov_58.3358_ID_453483

CONTIG: NODE_35_length_65451_cov_56.9426_ID_504276 (65451bp)
Top Length: 65451  Top ID: 99.12
		One align captures most of this contig: 3197467 3262917 | 65451 1 | 65451 65451 | 99.12 | Ecoli_0970_Taxon015_ NODE_35_length_65451_cov_56.9426_ID_504276

CONTIG: NODE_37_length_64817_cov_60.5217_ID_492262 (64817bp)
Top Length: 64817  Top ID: 98.91
		One align captures most of this contig: 623389 688205 | 1 64817 | 64817 64817 | 98.91 | Ecoli_0970_Taxon015_ NODE_37_length_64817_cov_60.5217_ID_492262

CONTIG: NODE_38_length_64224_cov_55.4482_ID_448909 (64224bp)
Top Length: 64224  Top ID: 99.06
		One align captures most of this contig: 4313970 4378193 | 64224 1 | 64224 64224 | 99.06 | Ecoli_0970_Taxon015_ NODE_38_length_64224_cov_55.4482_ID_448909

CONTIG: NODE_39_length_63041_cov_58.8465_ID_454411 (63041bp)
Top Length: 63041  Top ID: 99.0
		Marking as insignificant: 4040671 4040845 | 36662 36836 | 175 175 | 98.29 | Ecoli_0970_Taxon015_ NODE_39_length_63041_cov_58.8465_ID_454411
		Marking as insignificant: 3455203 3456388 | 40816 42001 | 1186 1186 | 96.21 | Ecoli_0970_Taxon015_ NODE_39_length_63041_cov_58.8465_ID_454411
		One align captures most of this contig: 4125862 4188902 | 63041 1 | 63041 63041 | 99.0 | Ecoli_0970_Taxon015_ NODE_39_length_63041_cov_58.8465_ID_454411

CONTIG: NODE_42_length_56265_cov_56.7508_ID_477705 (56265bp)
Top Length: 56265  Top ID: 99.01
		One align captures most of this contig: 2098961 2155225 | 1 56265 | 56265 56265 | 99.01 | Ecoli_0970_Taxon015_ NODE_42_length_56265_cov_56.7508_ID_477705

CONTIG: NODE_43_length_54684_cov_57.1013_ID_431421 (54684bp)
Top Length: 54684  Top ID: 98.89
		One align captures most of this contig: 167937 222620 | 54684 1 | 54684 54684 | 98.89 | Ecoli_0970_Taxon015_ NODE_43_length_54684_cov_57.1013_ID_431421

CONTIG: NODE_46_length_52268_cov_58.3469_ID_469087 (52268bp)
Top Length: 52268  Top ID: 99.04
		One align captures most of this contig: 3979232 4031499 | 52268 1 | 52268 52268 | 99.04 | Ecoli_0970_Taxon015_ NODE_46_length_52268_cov_58.3469_ID_469087

CONTIG: NODE_47_length_51808_cov_58.1148_ID_482657 (51808bp)
Top Length: 51808  Top ID: 98.96
		One align captures most of this contig: 1473994 1525801 | 51808 1 | 51808 51808 | 98.96 | Ecoli_0970_Taxon015_ NODE_47_length_51808_cov_58.1148_ID_482657

CONTIG: NODE_50_length_51129_cov_56.9706_ID_492128 (51129bp)
Top Length: 51129  Top ID: 99.04
		One align captures most of this contig: 2284849 2335977 | 51129 1 | 51129 51129 | 99.04 | Ecoli_0970_Taxon015_ NODE_50_length_51129_cov_56.9706_ID_492128

CONTIG: NODE_51_length_50928_cov_59.2956_ID_484999 (50928bp)
Top Length: 50928  Top ID: 99.08
		One align captures most of this contig: 4252305 4303232 | 1 50928 | 50928 50928 | 99.08 | Ecoli_0970_Taxon015_ NODE_51_length_50928_cov_59.2956_ID_484999

CONTIG: NODE_55_length_47539_cov_56.7696_ID_433564 (47539bp)
Top Length: 47539  Top ID: 99.14
		One align captures most of this contig: 967072 1014610 | 47539 1 | 47539 47539 | 99.14 | Ecoli_0970_Taxon015_ NODE_55_length_47539_cov_56.7696_ID_433564

CONTIG: NODE_57_length_44306_cov_59.2084_ID_458334 (44306bp)
Top Length: 44306  Top ID: 99.04
		One align captures most of this contig: 3716299 3760604 | 44306 1 | 44306 44306 | 99.04 | Ecoli_0970_Taxon015_ NODE_57_length_44306_cov_59.2084_ID_458334

CONTIG: NODE_58_length_42882_cov_57.6772_ID_439463 (42882bp)
Top Length: 42882  Top ID: 99.01
		One align captures most of this contig: 1589017 1631898 | 42882 1 | 42882 42882 | 99.01 | Ecoli_0970_Taxon015_ NODE_58_length_42882_cov_57.6772_ID_439463

CONTIG: NODE_59_length_42511_cov_58.6225_ID_504278 (42511bp)
Top Length: 42509  Top ID: 98.76
		One align captures most of this contig: 1051789 1094297 | 1 42509 | 42509 42509 | 98.76 | Ecoli_0970_Taxon015_ NODE_59_length_42511_cov_58.6225_ID_504278

CONTIG: NODE_63_length_35327_cov_57.3721_ID_492170 (35327bp)
Top Length: 35327  Top ID: 99.15
		One align captures most of this contig: 1014556 1049882 | 1 35327 | 35327 35327 | 99.15 | Ecoli_0970_Taxon015_ NODE_63_length_35327_cov_57.3721_ID_492170

CONTIG: NODE_64_length_34353_cov_58.0322_ID_455254 (34353bp)
Top Length: 34353  Top ID: 99.09
		One align captures most of this contig: 2000232 2034584 | 34353 1 | 34353 34353 | 99.09 | Ecoli_0970_Taxon015_ NODE_64_length_34353_cov_58.0322_ID_455254

CONTIG: NODE_65_length_33490_cov_57.6208_ID_472943 (33490bp)
Top Length: 33490  Top ID: 98.71
		One align captures most of this contig: 3585642 3619131 | 1 33490 | 33490 33490 | 98.71 | Ecoli_0970_Taxon015_ NODE_65_length_33490_cov_57.6208_ID_472943

CONTIG: NODE_68_length_32191_cov_62.4123_ID_471160 (32191bp)
Top Length: 32191  Top ID: 98.84
		One align captures most of this contig: 4541681 4573871 | 1 32191 | 32191 32191 | 98.84 | Ecoli_0970_Taxon015_ NODE_68_length_32191_cov_62.4123_ID_471160

CONTIG: NODE_70_length_31601_cov_60.8227_ID_488102 (31601bp)
Top Length: 31601  Top ID: 99.04
		One align captures most of this contig: 4606315 4637915 | 31601 1 | 31601 31601 | 99.04 | Ecoli_0970_Taxon015_ NODE_70_length_31601_cov_60.8227_ID_488102

CONTIG: NODE_74_length_30166_cov_58.6636_ID_461787 (30166bp)
Top Length: 30166  Top ID: 99.23
		One align captures most of this contig: 2163543 2193708 | 30166 1 | 30166 30166 | 99.23 | Ecoli_0970_Taxon015_ NODE_74_length_30166_cov_58.6636_ID_461787

CONTIG: NODE_78_length_28222_cov_56.8538_ID_481602 (28222bp)
Top Length: 28222  Top ID: 99.15
		One align captures most of this contig: 3389244 3417465 | 1 28222 | 28222 28222 | 99.15 | Ecoli_0970_Taxon015_ NODE_78_length_28222_cov_56.8538_ID_481602

CONTIG: NODE_81_length_27213_cov_59.3976_ID_490875 (27213bp)
Top Length: 27213  Top ID: 99.11
		One align captures most of this contig: 1435863 1463075 | 1 27213 | 27213 27213 | 99.11 | Ecoli_0970_Taxon015_ NODE_81_length_27213_cov_59.3976_ID_490875

CONTIG: NODE_83_length_26612_cov_58.7862_ID_475718 (26612bp)
Top Length: 26612  Top ID: 99.05
		One align captures most of this contig: 4426140 4452751 | 26612 1 | 26612 26612 | 99.05 | Ecoli_0970_Taxon015_ NODE_83_length_26612_cov_58.7862_ID_475718

CONTIG: NODE_84_length_25690_cov_57.7054_ID_475360 (25690bp)
Top Length: 25690  Top ID: 98.93
		One align captures most of this contig: 4489788 4515477 | 25690 1 | 25690 25690 | 98.93 | Ecoli_0970_Taxon015_ NODE_84_length_25690_cov_57.7054_ID_475360

CONTIG: NODE_85_length_24765_cov_57.5341_ID_472506 (24765bp)
Top Length: 24765  Top ID: 98.86
		One align captures most of this contig: 3947796 3972560 | 24765 1 | 24765 24765 | 98.86 | Ecoli_0970_Taxon015_ NODE_85_length_24765_cov_57.5341_ID_472506

CONTIG: NODE_86_length_24300_cov_59.09_ID_449531 (24300bp)
Top Length: 24300  Top ID: 98.86
		One align captures most of this contig: 581246 605545 | 24300 1 | 24300 24300 | 98.86 | Ecoli_0970_Taxon015_ NODE_86_length_24300_cov_59.09_ID_449531

CONTIG: NODE_87_length_24176_cov_58.3003_ID_484543 (24176bp)
Top Length: 24176  Top ID: 98.96
		One align captures most of this contig: 228951 253126 | 24176 1 | 24176 24176 | 98.96 | Ecoli_0970_Taxon015_ NODE_87_length_24176_cov_58.3003_ID_484543

CONTIG: NODE_88_length_23111_cov_58.194_ID_457424 (23111bp)
Top Length: 23111  Top ID: 99.19
		One align captures most of this contig: 320043 343153 | 23111 1 | 23111 23111 | 99.19 | Ecoli_0970_Taxon015_ NODE_88_length_23111_cov_58.194_ID_457424

CONTIG: NODE_89_length_23006_cov_58.3386_ID_420590 (23006bp)
Top Length: 23006  Top ID: 99.01
		One align captures most of this contig: 3456538 3479543 | 23006 1 | 23006 23006 | 99.01 | Ecoli_0970_Taxon015_ NODE_89_length_23006_cov_58.3386_ID_420590

CONTIG: NODE_90_length_22990_cov_62.3404_ID_491034 (22990bp)
Top Length: 22990  Top ID: 98.81
		Marking as insignificant: 3624234 3625524 | 15037 13747 | 1291 1291 | 95.36 | Ecoli_0970_Taxon015_ NODE_90_length_22990_cov_62.3404_ID_491034
		One align captures most of this contig: 1541052 1564041 | 22990 1 | 22990 22990 | 98.81 | Ecoli_0970_Taxon015_ NODE_90_length_22990_cov_62.3404_ID_491034

CONTIG: NODE_91_length_22672_cov_57.174_ID_475997 (22672bp)
Top Length: 22672  Top ID: 99.05
		One align captures most of this contig: 2073351 2096022 | 1 22672 | 22672 22672 | 99.05 | Ecoli_0970_Taxon015_ NODE_91_length_22672_cov_57.174_ID_475997

CONTIG: NODE_99_length_21304_cov_57.0747_ID_482397 (21304bp)
Top Length: 21304  Top ID: 99.01
		One align captures most of this contig: 1405849 1427152 | 1 21304 | 21304 21304 | 99.01 | Ecoli_0970_Taxon015_ NODE_99_length_21304_cov_57.0747_ID_482397

CONTIG: NODE_101_length_18913_cov_61.3875_ID_484109 (18913bp)
Top Length: 18913  Top ID: 98.98
		One align captures most of this contig: 3696176 3715088 | 1 18913 | 18913 18913 | 98.98 | Ecoli_0970_Taxon015_ NODE_101_length_18913_cov_61.3875_ID_484109

CONTIG: NODE_105_length_17435_cov_59.2201_ID_459504 (17435bp)
Top Length: 17435  Top ID: 99.2
		One align captures most of this contig: 466502 483936 | 17435 1 | 17435 17435 | 99.2 | Ecoli_0970_Taxon015_ NODE_105_length_17435_cov_59.2201_ID_459504

CONTIG: NODE_107_length_16487_cov_57.4281_ID_437822 (16487bp)
Top Length: 16487  Top ID: 99.05
		One align captures most of this contig: 1365421 1381907 | 1 16487 | 16487 16487 | 99.05 | Ecoli_0970_Taxon015_ NODE_107_length_16487_cov_57.4281_ID_437822

CONTIG: NODE_109_length_15002_cov_57.6495_ID_483262 (15002bp)
Top Length: 15002  Top ID: 99.03
		One align captures most of this contig: 1570574 1585575 | 1 15002 | 15002 15002 | 99.03 | Ecoli_0970_Taxon015_ NODE_109_length_15002_cov_57.6495_ID_483262

CONTIG: NODE_110_length_14661_cov_63.3288_ID_467896 (14661bp)
Top Length: 14661  Top ID: 99.0
		One align captures most of this contig: 3622808 3637468 | 14661 1 | 14661 14661 | 99.0 | Ecoli_0970_Taxon015_ NODE_110_length_14661_cov_63.3288_ID_467896

CONTIG: NODE_111_length_14570_cov_56.3401_ID_447289 (14570bp)
Top Length: 14570  Top ID: 99.0
		One align captures most of this contig: 4517689 4532258 | 14570 1 | 14570 14570 | 99.0 | Ecoli_0970_Taxon015_ NODE_111_length_14570_cov_56.3401_ID_447289

CONTIG: NODE_113_length_13841_cov_61.2772_ID_492166 (13841bp)
Top Length: 13841  Top ID: 98.61
		Marking as insignificant: 3653119 3653231 | 1 113 | 113 113 | 97.35 | Ecoli_0970_Taxon015_ NODE_113_length_13841_cov_61.2772_ID_492166
		One align captures most of this contig: 1390980 1404820 | 13841 1 | 13841 13841 | 98.61 | Ecoli_0970_Taxon015_ NODE_113_length_13841_cov_61.2772_ID_492166

CONTIG: NODE_117_length_12980_cov_56.1234_ID_486792 (12980bp)
Top Length: 12980  Top ID: 99.19
		One align captures most of this contig: 3667514 3680493 | 12980 1 | 12980 12980 | 99.19 | Ecoli_0970_Taxon015_ NODE_117_length_12980_cov_56.1234_ID_486792

CONTIG: NODE_121_length_11720_cov_58.5132_ID_492174 (11720bp)
Top Length: 11720  Top ID: 99.32
		One align captures most of this contig: 486849 498568 | 1 11720 | 11720 11720 | 99.32 | Ecoli_0970_Taxon015_ NODE_121_length_11720_cov_58.5132_ID_492174

CONTIG: NODE_122_length_11615_cov_56.3747_ID_474291 (11615bp)
Top Length: 11615  Top ID: 99.29
		One align captures most of this contig: 2045911 2057525 | 1 11615 | 11615 11615 | 99.29 | Ecoli_0970_Taxon015_ NODE_122_length_11615_cov_56.3747_ID_474291

CONTIG: NODE_124_length_10998_cov_110.051_ID_492142 (10998bp)
Top Length: 10998  Top ID: 98.9
		Marking as insignificant: 3497623 3499179 | 1659 103 | 1557 1557 | 97.5 | Ecoli_0970_Taxon015_ NODE_124_length_10998_cov_110.051_ID_492142
		Marking as insignificant: 4310195 4311853 | 1 1659 | 1659 1659 | 96.56 | Ecoli_0970_Taxon015_ NODE_124_length_10998_cov_110.051_ID_492142
		Marking as insignificant: 223625 225283 | 1659 1 | 1659 1659 | 97.05 | Ecoli_0970_Taxon015_ NODE_124_length_10998_cov_110.051_ID_492142
		Marking as insignificant: 2696999 2698839 | 1842 1 | 1841 1842 | 96.58 | Ecoli_0970_Taxon015_ NODE_124_length_10998_cov_110.051_ID_492142
		Marking as insignificant: 3975448 3977326 | 1 1879 | 1879 1879 | 96.59 | Ecoli_0970_Taxon015_ NODE_124_length_10998_cov_110.051_ID_492142
		Marking as insignificant: 4116923 4118795 | 1873 1 | 1873 1873 | 97.12 | Ecoli_0970_Taxon015_ NODE_124_length_10998_cov_110.051_ID_492142
		One align captures most of this contig: 3932323 3943320 | 10998 1 | 10998 10998 | 98.9 | Ecoli_0970_Taxon015_ NODE_124_length_10998_cov_110.051_ID_492142

CONTIG: NODE_126_length_10220_cov_53.6727_ID_485317 (10220bp)
Top Length: 10220  Top ID: 98.66
		One align captures most of this contig: 2822722 2832941 | 1 10220 | 10220 10220 | 98.66 | Ecoli_0970_Taxon015_ NODE_126_length_10220_cov_53.6727_ID_485317

CONTIG: NODE_127_length_10007_cov_54.3936_ID_478681 (10007bp)
Top Length: 10007  Top ID: 99.26
		One align captures most of this contig: 2225439 2235445 | 10007 1 | 10007 10007 | 99.26 | Ecoli_0970_Taxon015_ NODE_127_length_10007_cov_54.3936_ID_478681

CONTIG: NODE_128_length_9532_cov_63.0018_ID_492172 (9532bp)
Top Length: 9532  Top ID: 99.1
		One align captures most of this contig: 4532204 4541735 | 1 9532 | 9532 9532 | 99.1 | Ecoli_0970_Taxon015_ NODE_128_length_9532_cov_63.0018_ID_492172

CONTIG: NODE_129_length_9460_cov_59.693_ID_475106 (9460bp)
Top Length: 9460  Top ID: 98.71
		Marking as insignificant: 2156685 2156789 | 105 1 | 105 105 | 97.14 | Ecoli_0970_Taxon015_ NODE_129_length_9460_cov_59.693_ID_475106
		One align captures most of this contig: 258571 268030 | 1 9460 | 9460 9460 | 98.71 | Ecoli_0970_Taxon015_ NODE_129_length_9460_cov_59.693_ID_475106

CONTIG: NODE_130_length_9180_cov_60.2716_ID_492138 (9180bp)
Top Length: 9180  Top ID: 98.55
		One align captures most of this contig: 3574303 3583482 | 9180 1 | 9180 9180 | 98.55 | Ecoli_0970_Taxon015_ NODE_130_length_9180_cov_60.2716_ID_492138

CONTIG: NODE_132_length_8066_cov_54.7706_ID_479012 (8066bp)
Top Length: 8066  Top ID: 99.12
		One align captures most of this contig: 612445 620510 | 8066 1 | 8066 8066 | 99.12 | Ecoli_0970_Taxon015_ NODE_132_length_8066_cov_54.7706_ID_479012

CONTIG: NODE_136_length_7685_cov_60.7397_ID_492196 (7685bp)
Top Length: 7685  Top ID: 99.1
		One align captures most of this contig: 1357791 1365475 | 7685 1 | 7685 7685 | 99.1 | Ecoli_0970_Taxon015_ NODE_136_length_7685_cov_60.7397_ID_492196

CONTIG: NODE_138_length_7408_cov_60.9495_ID_492182 (7408bp)
Top Length: 7408  Top ID: 98.61
		One align captures most of this contig: 2801566 2808973 | 1 7408 | 7408 7408 | 98.61 | Ecoli_0970_Taxon015_ NODE_138_length_7408_cov_60.9495_ID_492182

CONTIG: NODE_139_length_7348_cov_68.7175_ID_492198 (7348bp)
Top Length: 7348  Top ID: 98.39
		Marking as insignificant: 580283 581362 | 5101 6180 | 1080 1080 | 95.65 | Ecoli_0970_Taxon015_ NODE_139_length_7348_cov_68.7175_ID_492198
		One align captures most of this contig: 1633270 1640617 | 1 7348 | 7348 7348 | 98.39 | Ecoli_0970_Taxon015_ NODE_139_length_7348_cov_68.7175_ID_492198

CONTIG: NODE_141_length_7213_cov_56.6347_ID_448647 (7213bp)
Top Length: 7213  Top ID: 99.36
		One align captures most of this contig: 3657583 3664795 | 7213 1 | 7213 7213 | 99.36 | Ecoli_0970_Taxon015_ NODE_141_length_7213_cov_56.6347_ID_448647

CONTIG: NODE_143_length_7130_cov_57.0387_ID_457842 (7130bp)
Top Length: 7130  Top ID: 98.56
		One align captures most of this contig: 1022010 1029139 | 7130 1 | 7130 7130 | 98.56 | Ecoli_0970_Taxon015_ NODE_143_length_7130_cov_57.0387_ID_457842

CONTIG: NODE_146_length_6717_cov_61.3642_ID_492194 (6717bp)
Top Length: 6717  Top ID: 99.06
		One align captures most of this contig: 2832887 2839603 | 1 6717 | 6717 6717 | 99.06 | Ecoli_0970_Taxon015_ NODE_146_length_6717_cov_61.3642_ID_492194

CONTIG: NODE_147_length_6655_cov_51.49_ID_483904 (6655bp)
Top Length: 6655  Top ID: 98.74
		One align captures most of this contig: 306730 313384 | 6655 1 | 6655 6655 | 98.74 | Ecoli_0970_Taxon015_ NODE_147_length_6655_cov_51.49_ID_483904

CONTIG: NODE_148_length_6410_cov_55.5552_ID_504300 (6410bp)
Top Length: 6410  Top ID: 98.86
		One align captures most of this contig: 2419447 2425856 | 6410 1 | 6410 6410 | 98.86 | Ecoli_0970_Taxon015_ NODE_148_length_6410_cov_55.5552_ID_504300

CONTIG: NODE_150_length_5974_cov_57.7136_ID_492202 (5974bp)
Top Length: 5974  Top ID: 99.41
		One align captures most of this contig: 1990674 1996647 | 5974 1 | 5974 5974 | 99.41 | Ecoli_0970_Taxon015_ NODE_150_length_5974_cov_57.7136_ID_492202

CONTIG: NODE_151_length_5808_cov_59.3921_ID_504302 (5808bp)
Top Length: 5808  Top ID: 98.36
		One align captures most of this contig: 2243064 2248871 | 1 5808 | 5808 5808 | 98.36 | Ecoli_0970_Taxon015_ NODE_151_length_5808_cov_59.3921_ID_504302

CONTIG: NODE_152_length_5759_cov_64.5324_ID_492156 (5759bp)
Top Length: 5759  Top ID: 98.66
		Marking as insignificant: 3080746 3080879 | 5626 5759 | 134 134 | 99.25 | Ecoli_0970_Taxon015_ NODE_152_length_5759_cov_64.5324_ID_492156
		Marking as insignificant: 382457 382590 | 5759 5626 | 134 134 | 100.0 | Ecoli_0970_Taxon015_ NODE_152_length_5759_cov_64.5324_ID_492156
		Marking as insignificant: 1651415 1651549 | 5759 5625 | 135 135 | 99.26 | Ecoli_0970_Taxon015_ NODE_152_length_5759_cov_64.5324_ID_492156
		One align captures most of this contig: 4457232 4462990 | 1 5759 | 5759 5759 | 98.66 | Ecoli_0970_Taxon015_ NODE_152_length_5759_cov_64.5324_ID_492156

CONTIG: NODE_153_length_5588_cov_69.2619_ID_504296 (5588bp)
Top Length: 4580  Top ID: 98.95
		This contig is misassembled. 2 total aligns.
			Excluding internal overlap of size 354 between Alignment 1 and 2:  2816775 2818136 | 5588 4227 | 1362 1362 --> 2816775 2817782 | 5588 4581 | 1008 1008
			Real Alignment 1: 2818197 2822776 | 4580 1 | 4580 4580 | 98.95 | Ecoli_0970_Taxon015_ NODE_153_length_5588_cov_69.2619_ID_504296
			  Gap between these two alignments (local misassembly). Inconsistency = 414 
			Real Alignment 2: 2816775 2817782 | 5588 4581 | 1008 1008 | 98.31 | Ecoli_0970_Taxon015_ NODE_153_length_5588_cov_69.2619_ID_504296

CONTIG: NODE_154_length_5520_cov_58.8834_ID_492192 (5520bp)
Top Length: 5520  Top ID: 99.4
		One align captures most of this contig: 569460 574979 | 5520 1 | 5520 5520 | 99.4 | Ecoli_0970_Taxon015_ NODE_154_length_5520_cov_58.8834_ID_492192

CONTIG: NODE_155_length_5117_cov_58.7145_ID_492216 (5117bp)
Top Length: 5117  Top ID: 98.75
		One align captures most of this contig: 1463021 1468137 | 5117 1 | 5117 5117 | 98.75 | Ecoli_0970_Taxon015_ NODE_155_length_5117_cov_58.7145_ID_492216

CONTIG: NODE_157_length_4891_cov_55.316_ID_492260 (4891bp)
Top Length: 4891  Top ID: 98.75
		One align captures most of this contig: 253072 257962 | 4891 1 | 4891 4891 | 98.75 | Ecoli_0970_Taxon015_ NODE_157_length_4891_cov_55.316_ID_492260

CONTIG: NODE_158_length_4721_cov_44.4423_ID_466933 (4721bp)
Top Length: 4721  Top ID: 99.15
		One align captures most of this contig: 3639548 3644268 | 1 4721 | 4721 4721 | 99.15 | Ecoli_0970_Taxon015_ NODE_158_length_4721_cov_44.4423_ID_466933

CONTIG: NODE_159_length_4519_cov_53.3277_ID_492254 (4519bp)
Top Length: 4519  Top ID: 99.29
		One align captures most of this contig: 3653119 3657637 | 1 4519 | 4519 4519 | 99.29 | Ecoli_0970_Taxon015_ NODE_159_length_4519_cov_53.3277_ID_492254

CONTIG: NODE_160_length_4310_cov_54.0197_ID_481908 (4310bp)
Top Length: 4310  Top ID: 99.26
		One align captures most of this contig: 3447907 3452216 | 4310 1 | 4310 4310 | 99.26 | Ecoli_0970_Taxon015_ NODE_160_length_4310_cov_54.0197_ID_481908

CONTIG: NODE_161_length_4280_cov_64.5193_ID_492152 (4280bp)
Top Length: 4280  Top ID: 98.9
		One align captures most of this contig: 3376755 3381034 | 4280 1 | 4280 4280 | 98.9 | Ecoli_0970_Taxon015_ NODE_161_length_4280_cov_64.5193_ID_492152

CONTIG: NODE_165_length_3788_cov_59.9261_ID_492246 (3788bp)
Top Length: 3788  Top ID: 98.97
		One align captures most of this contig: 2069618 2073405 | 1 3788 | 3788 3788 | 98.97 | Ecoli_0970_Taxon015_ NODE_165_length_3788_cov_59.9261_ID_492246

CONTIG: NODE_166_length_3788_cov_61.6684_ID_492226 (3788bp)
Top Length: 3788  Top ID: 98.73
		One align captures most of this contig: 4637861 4641648 | 3788 1 | 3788 3788 | 98.73 | Ecoli_0970_Taxon015_ NODE_166_length_3788_cov_61.6684_ID_492226

CONTIG: NODE_170_length_3563_cov_65.4313_ID_492162 (3563bp)
Top Length: 3563  Top ID: 98.99
		One align captures most of this contig: 2157239 2160801 | 1 3563 | 3563 3563 | 98.99 | Ecoli_0970_Taxon015_ NODE_170_length_3563_cov_65.4313_ID_492162

CONTIG: NODE_174_length_3159_cov_76.2587_ID_492210 (3159bp)
Top Length: 3159  Top ID: 98.83
		Marking as insignificant: 3196324 3196438 | 115 1 | 115 115 | 99.13 | Ecoli_0970_Taxon015_ NODE_174_length_3159_cov_76.2587_ID_492210
		Marking as insignificant: 575674 575790 | 1 117 | 117 117 | 100.0 | Ecoli_0970_Taxon015_ NODE_174_length_3159_cov_76.2587_ID_492210
		One align captures most of this contig: 3372568 3375726 | 3159 1 | 3159 3159 | 98.83 | Ecoli_0970_Taxon015_ NODE_174_length_3159_cov_76.2587_ID_492210

CONTIG: NODE_176_length_3137_cov_53.4358_ID_483371 (3137bp)
Top Length: 3137  Top ID: 99.2
		One align captures most of this contig: 1354709 1357845 | 3137 1 | 3137 3137 | 99.2 | Ecoli_0970_Taxon015_ NODE_176_length_3137_cov_53.4358_ID_483371

CONTIG: NODE_180_length_2877_cov_67.6573_ID_492184 (2877bp)
Top Length: 2877  Top ID: 99.06
		One align captures most of this contig: 690633 693509 | 1 2877 | 2877 2877 | 99.06 | Ecoli_0970_Taxon015_ NODE_180_length_2877_cov_67.6573_ID_492184

CONTIG: NODE_181_length_2839_cov_64.6853_ID_492288 (2839bp)
Top Length: 2839  Top ID: 98.84
		Marking as insignificant: 1469287 1469566 | 2557 2836 | 280 280 | 97.15 | Ecoli_0970_Taxon015_ NODE_181_length_2839_cov_64.6853_ID_492288
		One align captures most of this contig: 267976 270814 | 1 2839 | 2839 2839 | 98.84 | Ecoli_0970_Taxon015_ NODE_181_length_2839_cov_64.6853_ID_492288

CONTIG: NODE_183_length_2652_cov_61.6365_ID_492278 (2652bp)
Top Length: 2652  Top ID: 98.98
		Marking as insignificant: 2057620 2057691 | 72 1 | 72 72 | 100.0 | Ecoli_0970_Taxon015_ NODE_183_length_2652_cov_61.6365_ID_492278
		One align captures most of this contig: 463905 466556 | 1 2652 | 2652 2652 | 98.98 | Ecoli_0970_Taxon015_ NODE_183_length_2652_cov_61.6365_ID_492278

CONTIG: NODE_188_length_2303_cov_62.3496_ID_490834 (2303bp)
Top Length: 2303  Top ID: 99.04
		One align captures most of this contig: 271707 274009 | 2303 1 | 2303 2303 | 99.04 | Ecoli_0970_Taxon015_ NODE_188_length_2303_cov_62.3496_ID_490834

CONTIG: NODE_190_length_2233_cov_47.129_ID_492298 (2233bp)
Top Length: 2233  Top ID: 99.73
		One align captures most of this contig: 274913 277145 | 1 2233 | 2233 2233 | 99.73 | Ecoli_0970_Taxon015_ NODE_190_length_2233_cov_47.129_ID_492298

CONTIG: NODE_194_length_2130_cov_64.0178_ID_504360 (2130bp)
Top Length: 2130  Top ID: 98.78
		One align captures most of this contig: 2063657 2065786 | 1 2130 | 2130 2130 | 98.78 | Ecoli_0970_Taxon015_ NODE_194_length_2130_cov_64.0178_ID_504360

CONTIG: NODE_195_length_2024_cov_54.8304_ID_492304 (2024bp)
Top Length: 2024  Top ID: 99.11
		One align captures most of this contig: 3680439 3682462 | 2024 1 | 2024 2024 | 99.11 | Ecoli_0970_Taxon015_ NODE_195_length_2024_cov_54.8304_ID_492304

CONTIG: NODE_196_length_2015_cov_60.0628_ID_492292 (2015bp)
Top Length: 2015  Top ID: 98.61
		One align captures most of this contig: 3977272 3979286 | 1 2015 | 2015 2015 | 98.61 | Ecoli_0970_Taxon015_ NODE_196_length_2015_cov_60.0628_ID_492292

CONTIG: NODE_202_length_1770_cov_64.3376_ID_504392 (1770bp)
Top Length: 1770  Top ID: 99.49
		One align captures most of this contig: 4466398 4468167 | 1770 1 | 1770 1770 | 99.49 | Ecoli_0970_Taxon015_ NODE_202_length_1770_cov_64.3376_ID_504392

CONTIG: NODE_204_length_1671_cov_65.3441_ID_492234 (1671bp)
Top Length: 1671  Top ID: 99.04
		One align captures most of this contig: 1470425 1472095 | 1 1671 | 1671 1671 | 99.04 | Ecoli_0970_Taxon015_ NODE_204_length_1671_cov_65.3441_ID_492234

CONTIG: NODE_207_length_1569_cov_62.6691_ID_492250 (1569bp)
Top Length: 1569  Top ID: 98.92
		One align captures most of this contig: 2155171 2156739 | 1569 1 | 1569 1569 | 98.92 | Ecoli_0970_Taxon015_ NODE_207_length_1569_cov_62.6691_ID_492250

CONTIG: NODE_209_length_1530_cov_68.1539_ID_492252 (1530bp)
Top Length: 1530  Top ID: 99.61
		One align captures most of this contig: 4115448 4116977 | 1530 1 | 1530 1530 | 99.61 | Ecoli_0970_Taxon015_ NODE_209_length_1530_cov_68.1539_ID_492252

CONTIG: NODE_212_length_1353_cov_62.2111_ID_492178 (1353bp)
Top Length: 1353  Top ID: 98.82
		One align captures most of this contig: 1050491 1051843 | 1 1353 | 1353 1353 | 98.82 | Ecoli_0970_Taxon015_ NODE_212_length_1353_cov_62.2111_ID_492178

CONTIG: NODE_215_length_1207_cov_89.2196_ID_492284 (1207bp)
Top Length: 1207  Top ID: 99.34
		Marking as insignificant: 3375612 3375726 | 115 1 | 115 115 | 99.13 | Ecoli_0970_Taxon015_ NODE_215_length_1207_cov_89.2196_ID_492284
		Marking as insignificant: 575674 575788 | 1 115 | 115 115 | 100.0 | Ecoli_0970_Taxon015_ NODE_215_length_1207_cov_89.2196_ID_492284
		One align captures most of this contig: 3195232 3196438 | 1207 1 | 1207 1207 | 99.34 | Ecoli_0970_Taxon015_ NODE_215_length_1207_cov_89.2196_ID_492284

CONTIG: NODE_217_length_1138_cov_66.5309_ID_492108 (1138bp)
Top Length: 1138  Top ID: 99.03
		One align captures most of this contig: 3665151 3666288 | 1 1138 | 1138 1138 | 99.03 | Ecoli_0970_Taxon015_ NODE_217_length_1138_cov_66.5309_ID_492108

CONTIG: NODE_218_length_1130_cov_71.2586_ID_426423 (1130bp)
Top Length: 1130  Top ID: 99.47
		One align captures most of this contig: 2201225 2202354 | 1130 1 | 1130 1130 | 99.47 | Ecoli_0970_Taxon015_ NODE_218_length_1130_cov_71.2586_ID_426423

CONTIG: NODE_219_length_1114_cov_56.5949_ID_492338 (1114bp)
Top Length: 1112  Top ID: 99.46
		Marking as insignificant: 3497533 3497677 | 970 1114 | 145 145 | 97.24 | Ecoli_0970_Taxon015_ NODE_219_length_1114_cov_56.5949_ID_492338
		One align captures most of this contig: 222566 223677 | 1 1112 | 1112 1112 | 99.46 | Ecoli_0970_Taxon015_ NODE_219_length_1114_cov_56.5949_ID_492338

CONTIG: NODE_225_length_821_cov_49.5287_ID_492318 (821bp)
Top Length: 821  Top ID: 100.0
		One align captures most of this contig: 2095968 2096788 | 821 1 | 821 821 | 100.0 | Ecoli_0970_Taxon015_ NODE_225_length_821_cov_49.5287_ID_492318

CONTIG: NODE_230_length_723_cov_26.9087_ID_493164 (723bp)
Top Length: 723  Top ID: 100.0
		One align captures most of this contig: 1341596 1342318 | 1 723 | 723 723 | 100.0 | Ecoli_0970_Taxon015_ NODE_230_length_723_cov_26.9087_ID_493164

CONTIG: NODE_231_length_721_cov_67.4925_ID_492012 (721bp)
Top Length: 721  Top ID: 99.45
		One align captures most of this contig: 3715034 3715754 | 721 1 | 721 721 | 99.45 | Ecoli_0970_Taxon015_ NODE_231_length_721_cov_67.4925_ID_492012

CONTIG: NODE_234_length_701_cov_36.9257_ID_489032 (701bp)
Top Length: 701  Top ID: 100.0
		One align captures most of this contig: 3381366 3382066 | 701 1 | 701 701 | 100.0 | Ecoli_0970_Taxon015_ NODE_234_length_701_cov_36.9257_ID_489032

CONTIG: NODE_235_length_699_cov_27.4596_ID_473201 (699bp)
Top Length: 699  Top ID: 100.0
		One align captures most of this contig: 2057657 2058355 | 1 699 | 699 699 | 100.0 | Ecoli_0970_Taxon015_ NODE_235_length_699_cov_27.4596_ID_473201

CONTIG: NODE_238_length_656_cov_29.1348_ID_492678 (656bp)
Top Length: 656  Top ID: 100.0
		One align captures most of this contig: 4465797 4466452 | 1 656 | 656 656 | 100.0 | Ecoli_0970_Taxon015_ NODE_238_length_656_cov_29.1348_ID_492678

CONTIG: NODE_241_length_655_cov_31.47_ID_504422 (655bp)
Top Length: 655  Top ID: 100.0
		One align captures most of this contig: 2265132 2265786 | 1 655 | 655 655 | 100.0 | Ecoli_0970_Taxon015_ NODE_241_length_655_cov_31.47_ID_504422

CONTIG: NODE_244_length_651_cov_38.6275_ID_493636 (651bp)
Top Length: 651  Top ID: 100.0
		One align captures most of this contig: 1095917 1096567 | 651 1 | 651 651 | 100.0 | Ecoli_0970_Taxon015_ NODE_244_length_651_cov_38.6275_ID_493636

CONTIG: NODE_245_length_648_cov_32.7808_ID_493204 (648bp)
Top Length: 648  Top ID: 100.0
		One align captures most of this contig: 2198511 2199158 | 1 648 | 648 648 | 100.0 | Ecoli_0970_Taxon015_ NODE_245_length_648_cov_32.7808_ID_493204

CONTIG: NODE_246_length_648_cov_52.6762_ID_492322 (648bp)
Top Length: 648  Top ID: 100.0
		One align captures most of this contig: 2506363 2507010 | 1 648 | 648 648 | 100.0 | Ecoli_0970_Taxon015_ NODE_246_length_648_cov_52.6762_ID_492322

CONTIG: NODE_250_length_604_cov_30.6667_ID_481833 (604bp)
Top Length: 604  Top ID: 100.0
		One align captures most of this contig: 3689742 3690345 | 604 1 | 604 604 | 100.0 | Ecoli_0970_Taxon015_ NODE_250_length_604_cov_30.6667_ID_481833

CONTIG: NODE_254_length_588_cov_30.878_ID_504454 (588bp)
Top Length: 588  Top ID: 100.0
		One align captures most of this contig: 2269348 2269935 | 588 1 | 588 588 | 100.0 | Ecoli_0970_Taxon015_ NODE_254_length_588_cov_30.878_ID_504454

CONTIG: NODE_256_length_577_cov_35.1648_ID_484319 (577bp)
Top Length: 577  Top ID: 100.0
		One align captures most of this contig: 4405930 4406506 | 577 1 | 577 577 | 100.0 | Ecoli_0970_Taxon015_ NODE_256_length_577_cov_35.1648_ID_484319

CONTIG: NODE_260_length_566_cov_36.8748_ID_504452 (566bp)
Top Length: 566  Top ID: 100.0
		One align captures most of this contig: 2239021 2239586 | 566 1 | 566 566 | 100.0 | Ecoli_0970_Taxon015_ NODE_260_length_566_cov_36.8748_ID_504452

CONTIG: NODE_261_length_554_cov_30.9259_ID_493764 (554bp)
Top Length: 554  Top ID: 100.0
		One align captures most of this contig: 2706420 2706973 | 554 1 | 554 554 | 100.0 | Ecoli_0970_Taxon015_ NODE_261_length_554_cov_30.9259_ID_493764

CONTIG: NODE_262_length_540_cov_29.4722_ID_486274 (540bp)
Top Length: 540  Top ID: 100.0
		One align captures most of this contig: 3194747 3195286 | 1 540 | 540 540 | 100.0 | Ecoli_0970_Taxon015_ NODE_262_length_540_cov_29.4722_ID_486274

CONTIG: NODE_263_length_539_cov_72.2211_ID_492320 (539bp)
Top Length: 539  Top ID: 99.63
		Marking as insignificant: 2057621 2057691 | 71 1 | 71 71 | 100.0 | Ecoli_0970_Taxon015_ NODE_263_length_539_cov_72.2211_ID_492320
		One align captures most of this contig: 1095433 1095971 | 1 539 | 539 539 | 99.63 | Ecoli_0970_Taxon015_ NODE_263_length_539_cov_72.2211_ID_492320

CONTIG: NODE_264_length_536_cov_35.5073_ID_492374 (536bp)
Top Length: 536  Top ID: 100.0
		One align captures most of this contig: 2812144 2812679 | 536 1 | 536 536 | 100.0 | Ecoli_0970_Taxon015_ NODE_264_length_536_cov_35.5073_ID_492374

CONTIG: NODE_265_length_530_cov_34.4105_ID_492928 (530bp)
Top Length: 530  Top ID: 100.0
		One align captures most of this contig: 382734 383263 | 530 1 | 530 530 | 100.0 | Ecoli_0970_Taxon015_ NODE_265_length_530_cov_34.4105_ID_492928

CONTIG: NODE_270_length_513_cov_39.3253_ID_504458 (513bp)
Top Length: 513  Top ID: 100.0
		One align captures most of this contig: 2242606 2243118 | 1 513 | 513 513 | 100.0 | Ecoli_0970_Taxon015_ NODE_270_length_513_cov_39.3253_ID_504458

CONTIG: NODE_271_length_512_cov_32.1794_ID_487388 (512bp)
Top Length: 512  Top ID: 100.0
		One align captures most of this contig: 277091 277602 | 512 1 | 512 512 | 100.0 | Ecoli_0970_Taxon015_ NODE_271_length_512_cov_32.1794_ID_487388

CONTIG: NODE_274_length_508_cov_34.3002_ID_492492 (508bp)
Top Length: 508  Top ID: 100.0
		One align captures most of this contig: 690180 690687 | 1 508 | 508 508 | 100.0 | Ecoli_0970_Taxon015_ NODE_274_length_508_cov_34.3002_ID_492492

CONTIG: NODE_278_length_502_cov_35_ID_492904 (502bp)
Top Length: 502  Top ID: 100.0
		One align captures most of this contig: 383739 384240 | 1 502 | 502 502 | 100.0 | Ecoli_0970_Taxon015_ NODE_278_length_502_cov_35_ID_492904

Analyzing coverage...
Writing SNPs into /net/metagenomics/projects/afritz_assemblies/Similarity_Experiment/Ecoli_OneTree/metaquast_strain_spades/Ecoli_0970/runs_per_reference/Ecoli_0970/contigs_reports/nucmer_output/scaffolds.used_snps
	Reference Ecoli_0970_Taxon015_: 140 total alignments. 1 total regions.
		Region: 1 to 4641652 (4641652 bp)
			START in gap: 1 to 20114 (20113 bp)
			Align 1: 20114 161858 NODE_12_length_141745_cov_57.5888_ID_480320 1 141745
				Gap between this and next alignment: 161858 to 167937 (6078 bp)
				Next Alignment: 167937 222620 NODE_43_length_54684_cov_57.1013_ID_431421 54684 1

			Align 2: 167937 222620 NODE_43_length_54684_cov_57.1013_ID_431421 54684 1
				Negative gap (overlap) between this and next alignment: 222620 to 222566 (-54 bp)
				Next Alignment: 222566 223677 NODE_219_length_1114_cov_56.5949_ID_492338 1 1112

			Previous gap was negative, modifying coordinates to ignore overlap
				Moving contig start from 1 to 56.
			Align 3: 222621 223677 NODE_219_length_1114_cov_56.5949_ID_492338 56 1112
				Gap between this and next alignment: 223677 to 228951 (5273 bp)
				Next Alignment: 228951 253126 NODE_87_length_24176_cov_58.3003_ID_484543 24176 1

			Align 4: 228951 253126 NODE_87_length_24176_cov_58.3003_ID_484543 24176 1
				Negative gap (overlap) between this and next alignment: 253126 to 253072 (-54 bp)
				Next Alignment: 253072 257962 NODE_157_length_4891_cov_55.316_ID_492260 4891 1

			Previous gap was negative, modifying coordinates to ignore overlap
				Moving contig start from 4891 to 4836.
			Align 5: 253127 257962 NODE_157_length_4891_cov_55.316_ID_492260 4836 1
				Gap between this and next alignment: 257962 to 258571 (608 bp)
				Next Alignment: 258571 268030 NODE_129_length_9460_cov_59.693_ID_475106 1 9460

			Align 6: 258571 268030 NODE_129_length_9460_cov_59.693_ID_475106 1 9460
				Negative gap (overlap) between this and next alignment: 268030 to 267976 (-54 bp)
				Next Alignment: 267976 270814 NODE_181_length_2839_cov_64.6853_ID_492288 1 2839

			Previous gap was negative, modifying coordinates to ignore overlap
				Moving contig start from 1 to 56.
			Align 7: 268031 270814 NODE_181_length_2839_cov_64.6853_ID_492288 56 2839
				Gap between this and next alignment: 270814 to 271707 (892 bp)
				Next Alignment: 271707 274009 NODE_188_length_2303_cov_62.3496_ID_490834 2303 1

			Align 8: 271707 274009 NODE_188_length_2303_cov_62.3496_ID_490834 2303 1
				Gap between this and next alignment: 274009 to 274913 (903 bp)
				Next Alignment: 274913 277145 NODE_190_length_2233_cov_47.129_ID_492298 1 2233

			Align 9: 274913 277145 NODE_190_length_2233_cov_47.129_ID_492298 1 2233
				Negative gap (overlap) between this and next alignment: 277145 to 277091 (-54 bp)
				Next Alignment: 277091 277602 NODE_271_length_512_cov_32.1794_ID_487388 512 1

			Previous gap was negative, modifying coordinates to ignore overlap
				Moving contig start from 512 to 457.
			Align 10: 277146 277602 NODE_271_length_512_cov_32.1794_ID_487388 457 1
				Gap between this and next alignment: 277602 to 306730 (29127 bp)
				Next Alignment: 306730 313384 NODE_147_length_6655_cov_51.49_ID_483904 6655 1

			Align 11: 306730 313384 NODE_147_length_6655_cov_51.49_ID_483904 6655 1
				Gap between this and next alignment: 313384 to 320043 (6658 bp)
				Next Alignment: 320043 343153 NODE_88_length_23111_cov_58.194_ID_457424 23111 1

			Align 12: 320043 343153 NODE_88_length_23111_cov_58.194_ID_457424 23111 1
				Gap between this and next alignment: 343153 to 382734 (39580 bp)
				Next Alignment: 382734 383263 NODE_265_length_530_cov_34.4105_ID_492928 530 1

			Align 13: 382734 383263 NODE_265_length_530_cov_34.4105_ID_492928 530 1
				Gap between this and next alignment: 383263 to 383739 (475 bp)
				Next Alignment: 383739 384240 NODE_278_length_502_cov_35_ID_492904 1 502

			Align 14: 383739 384240 NODE_278_length_502_cov_35_ID_492904 1 502
				Gap between this and next alignment: 384240 to 392897 (8656 bp)
				Next Alignment: 392897 461860 NODE_31_length_68964_cov_57.4945_ID_504274 68964 1

			Align 15: 392897 461860 NODE_31_length_68964_cov_57.4945_ID_504274 68964 1
				Gap between this and next alignment: 461860 to 463905 (2044 bp)
				Next Alignment: 463905 466556 NODE_183_length_2652_cov_61.6365_ID_492278 1 2652

			Align 16: 463905 466556 NODE_183_length_2652_cov_61.6365_ID_492278 1 2652
				Negative gap (overlap) between this and next alignment: 466556 to 466502 (-54 bp)
				Next Alignment: 466502 483936 NODE_105_length_17435_cov_59.2201_ID_459504 17435 1

			Previous gap was negative, modifying coordinates to ignore overlap
				Moving contig start from 17435 to 17380.
			Align 17: 466557 483936 NODE_105_length_17435_cov_59.2201_ID_459504 17380 1
				Gap between this and next alignment: 483936 to 486849 (2912 bp)
				Next Alignment: 486849 498568 NODE_121_length_11720_cov_58.5132_ID_492174 1 11720

			Align 18: 486849 498568 NODE_121_length_11720_cov_58.5132_ID_492174 1 11720
				Negative gap (overlap) between this and next alignment: 498568 to 498514 (-54 bp)
				Next Alignment: 498514 566831 NODE_32_length_68318_cov_58.453_ID_420995 68318 1

			Previous gap was negative, modifying coordinates to ignore overlap
				Moving contig start from 68318 to 68263.
			Align 19: 498569 566831 NODE_32_length_68318_cov_58.453_ID_420995 68263 1
				The next alignment (498514 503737 NODE_33_length_67605_cov_59.1154_ID_441990 67605 62382) is redundant. Skipping.
				Gap between this and next alignment: 566831 to 569460 (2628 bp)
				Next Alignment: 569460 574979 NODE_154_length_5520_cov_58.8834_ID_492192 5520 1

			Align 21: 569460 574979 NODE_154_length_5520_cov_58.8834_ID_492192 5520 1
				Gap between this and next alignment: 574979 to 581246 (6266 bp)
				Next Alignment: 581246 605545 NODE_86_length_24300_cov_59.09_ID_449531 24300 1

			Align 22: 581246 605545 NODE_86_length_24300_cov_59.09_ID_449531 24300 1
				Gap between this and next alignment: 605545 to 612445 (6899 bp)
				Next Alignment: 612445 620510 NODE_132_length_8066_cov_54.7706_ID_479012 8066 1

			Align 23: 612445 620510 NODE_132_length_8066_cov_54.7706_ID_479012 8066 1
				Gap between this and next alignment: 620510 to 623389 (2878 bp)
				Next Alignment: 623389 688205 NODE_37_length_64817_cov_60.5217_ID_492262 1 64817

			Align 24: 623389 688205 NODE_37_length_64817_cov_60.5217_ID_492262 1 64817
				Gap between this and next alignment: 688205 to 690180 (1974 bp)
				Next Alignment: 690180 690687 NODE_274_length_508_cov_34.3002_ID_492492 1 508

			Align 25: 690180 690687 NODE_274_length_508_cov_34.3002_ID_492492 1 508
				Negative gap (overlap) between this and next alignment: 690687 to 690633 (-54 bp)
				Next Alignment: 690633 693509 NODE_180_length_2877_cov_67.6573_ID_492184 1 2877

			Previous gap was negative, modifying coordinates to ignore overlap
				Moving contig start from 1 to 56.
			Align 26: 690688 693509 NODE_180_length_2877_cov_67.6573_ID_492184 56 2877
				Gap between this and next alignment: 693509 to 697142 (3632 bp)
				Next Alignment: 697142 964456 NODE_4_length_267318_cov_59.6005_ID_490245 1 267318

			Align 27: 697142 964456 NODE_4_length_267318_cov_59.6005_ID_490245 1 267318
				Gap between this and next alignment: 964456 to 967072 (2615 bp)
				Next Alignment: 967072 1014610 NODE_55_length_47539_cov_56.7696_ID_433564 47539 1

			Align 28: 967072 1014610 NODE_55_length_47539_cov_56.7696_ID_433564 47539 1
				Negative gap (overlap) between this and next alignment: 1014610 to 1014556 (-54 bp)
				Next Alignment: 1014556 1049882 NODE_63_length_35327_cov_57.3721_ID_492170 1 35327

			Previous gap was negative, modifying coordinates to ignore overlap
				Moving contig start from 1 to 56.
			Align 29: 1014611 1049882 NODE_63_length_35327_cov_57.3721_ID_492170 56 35327
				The next alignment (1022010 1029139 NODE_143_length_7130_cov_57.0387_ID_457842 7130 1) is redundant. Skipping.
				Gap between this and next alignment: 1049882 to 1050491 (608 bp)
				Next Alignment: 1050491 1051843 NODE_212_length_1353_cov_62.2111_ID_492178 1 1353

			Align 31: 1050491 1051843 NODE_212_length_1353_cov_62.2111_ID_492178 1 1353
				Negative gap (overlap) between this and next alignment: 1051843 to 1051789 (-54 bp)
				Next Alignment: 1051789 1094297 NODE_59_length_42511_cov_58.6225_ID_504278 1 42509

			Previous gap was negative, modifying coordinates to ignore overlap
				Moving contig start from 1 to 56.
			Align 32: 1051844 1094297 NODE_59_length_42511_cov_58.6225_ID_504278 56 42509
				Gap between this and next alignment: 1094297 to 1095433 (1135 bp)
				Next Alignment: 1095433 1095971 NODE_263_length_539_cov_72.2211_ID_492320 1 539

			Align 33: 1095433 1095971 NODE_263_length_539_cov_72.2211_ID_492320 1 539
				Negative gap (overlap) between this and next alignment: 1095971 to 1095917 (-54 bp)
				Next Alignment: 1095917 1096567 NODE_244_length_651_cov_38.6275_ID_493636 651 1

			Previous gap was negative, modifying coordinates to ignore overlap
				Moving contig start from 651 to 596.
			Align 34: 1095972 1096567 NODE_244_length_651_cov_38.6275_ID_493636 596 1
				Gap between this and next alignment: 1096567 to 1097838 (1270 bp)
				Next Alignment: 1097838 1217816 NODE_15_length_119979_cov_58.0879_ID_466073 119979 1

			Align 35: 1097838 1217816 NODE_15_length_119979_cov_58.0879_ID_466073 119979 1
				Gap between this and next alignment: 1217816 to 1222956 (5139 bp)
				Next Alignment: 1222956 1335964 NODE_16_length_113009_cov_58.6662_ID_469517 113009 1

			Align 36: 1222956 1335964 NODE_16_length_113009_cov_58.6662_ID_469517 113009 1
				Gap between this and next alignment: 1335964 to 1341596 (5631 bp)
				Next Alignment: 1341596 1342318 NODE_230_length_723_cov_26.9087_ID_493164 1 723

			Align 37: 1341596 1342318 NODE_230_length_723_cov_26.9087_ID_493164 1 723
				Gap between this and next alignment: 1342318 to 1354709 (12390 bp)
				Next Alignment: 1354709 1357845 NODE_176_length_3137_cov_53.4358_ID_483371 3137 1

			Align 38: 1354709 1357845 NODE_176_length_3137_cov_53.4358_ID_483371 3137 1
				Negative gap (overlap) between this and next alignment: 1357845 to 1357791 (-54 bp)
				Next Alignment: 1357791 1365475 NODE_136_length_7685_cov_60.7397_ID_492196 7685 1

			Previous gap was negative, modifying coordinates to ignore overlap
				Moving contig start from 7685 to 7630.
			Align 39: 1357846 1365475 NODE_136_length_7685_cov_60.7397_ID_492196 7630 1
				Negative gap (overlap) between this and next alignment: 1365475 to 1365421 (-54 bp)
				Next Alignment: 1365421 1381907 NODE_107_length_16487_cov_57.4281_ID_437822 1 16487

			Previous gap was negative, modifying coordinates to ignore overlap
				Moving contig start from 1 to 56.
			Align 40: 1365476 1381907 NODE_107_length_16487_cov_57.4281_ID_437822 56 16487
				Gap between this and next alignment: 1381907 to 1390980 (9072 bp)
				Next Alignment: 1390980 1404820 NODE_113_length_13841_cov_61.2772_ID_492166 13841 1

			Align 41: 1390980 1404820 NODE_113_length_13841_cov_61.2772_ID_492166 13841 1
				Gap between this and next alignment: 1404820 to 1405849 (1028 bp)
				Next Alignment: 1405849 1427152 NODE_99_length_21304_cov_57.0747_ID_482397 1 21304

			Align 42: 1405849 1427152 NODE_99_length_21304_cov_57.0747_ID_482397 1 21304
				The next alignment (1422123 1427152 NODE_33_length_67605_cov_59.1154_ID_441990 5030 1) is redundant. Skipping.
				Gap between this and next alignment: 1427152 to 1435863 (8710 bp)
				Next Alignment: 1435863 1463075 NODE_81_length_27213_cov_59.3976_ID_490875 1 27213

			Align 44: 1435863 1463075 NODE_81_length_27213_cov_59.3976_ID_490875 1 27213
				Negative gap (overlap) between this and next alignment: 1463075 to 1463021 (-54 bp)
				Next Alignment: 1463021 1468137 NODE_155_length_5117_cov_58.7145_ID_492216 5117 1

			Previous gap was negative, modifying coordinates to ignore overlap
				Moving contig start from 5117 to 5062.
			Align 45: 1463076 1468137 NODE_155_length_5117_cov_58.7145_ID_492216 5062 1
				Gap between this and next alignment: 1468137 to 1470425 (2287 bp)
				Next Alignment: 1470425 1472095 NODE_204_length_1671_cov_65.3441_ID_492234 1 1671

			Align 46: 1470425 1472095 NODE_204_length_1671_cov_65.3441_ID_492234 1 1671
				Gap between this and next alignment: 1472095 to 1472117 (21 bp)
				Next Alignment: 1472117 1529467 NODE_33_length_67605_cov_59.1154_ID_441990 5031 62381

			Align 47: 1472117 1529467 NODE_33_length_67605_cov_59.1154_ID_441990 5031 62381
				The next alignment (1473994 1525801 NODE_47_length_51808_cov_58.1148_ID_482657 51808 1) is redundant. Skipping.
				Gap between this and next alignment: 1529467 to 1541052 (11584 bp)
				Next Alignment: 1541052 1564041 NODE_90_length_22990_cov_62.3404_ID_491034 22990 1

			Align 49: 1541052 1564041 NODE_90_length_22990_cov_62.3404_ID_491034 22990 1
				Gap between this and next alignment: 1564041 to 1570574 (6532 bp)
				Next Alignment: 1570574 1585575 NODE_109_length_15002_cov_57.6495_ID_483262 1 15002

			Align 50: 1570574 1585575 NODE_109_length_15002_cov_57.6495_ID_483262 1 15002
				Gap between this and next alignment: 1585575 to 1589017 (3441 bp)
				Next Alignment: 1589017 1631898 NODE_58_length_42882_cov_57.6772_ID_439463 42882 1

			Align 51: 1589017 1631898 NODE_58_length_42882_cov_57.6772_ID_439463 42882 1
				Gap between this and next alignment: 1631898 to 1633270 (1371 bp)
				Next Alignment: 1633270 1640617 NODE_139_length_7348_cov_68.7175_ID_492198 1 7348

			Align 52: 1633270 1640617 NODE_139_length_7348_cov_68.7175_ID_492198 1 7348
				Gap between this and next alignment: 1640617 to 1641972 (1354 bp)
				Next Alignment: 1641972 1989004 NODE_1_length_347033_cov_58.3776_ID_427884 347033 1

			Align 53: 1641972 1989004 NODE_1_length_347033_cov_58.3776_ID_427884 347033 1
				Gap between this and next alignment: 1989004 to 1990674 (1669 bp)
				Next Alignment: 1990674 1996647 NODE_150_length_5974_cov_57.7136_ID_492202 5974 1

			Align 54: 1990674 1996647 NODE_150_length_5974_cov_57.7136_ID_492202 5974 1
				Gap between this and next alignment: 1996647 to 2000232 (3584 bp)
				Next Alignment: 2000232 2034584 NODE_64_length_34353_cov_58.0322_ID_455254 34353 1

			Align 55: 2000232 2034584 NODE_64_length_34353_cov_58.0322_ID_455254 34353 1
				Gap between this and next alignment: 2034584 to 2045911 (11326 bp)
				Next Alignment: 2045911 2057525 NODE_122_length_11615_cov_56.3747_ID_474291 1 11615

			Align 56: 2045911 2057525 NODE_122_length_11615_cov_56.3747_ID_474291 1 11615
				Gap between this and next alignment: 2057525 to 2057657 (131 bp)
				Next Alignment: 2057657 2058355 NODE_235_length_699_cov_27.4596_ID_473201 1 699

			Align 57: 2057657 2058355 NODE_235_length_699_cov_27.4596_ID_473201 1 699
				Gap between this and next alignment: 2058355 to 2063657 (5301 bp)
				Next Alignment: 2063657 2065786 NODE_194_length_2130_cov_64.0178_ID_504360 1 2130

			Align 58: 2063657 2065786 NODE_194_length_2130_cov_64.0178_ID_504360 1 2130
				Gap between this and next alignment: 2065786 to 2069618 (3831 bp)
				Next Alignment: 2069618 2073405 NODE_165_length_3788_cov_59.9261_ID_492246 1 3788

			Align 59: 2069618 2073405 NODE_165_length_3788_cov_59.9261_ID_492246 1 3788
				Negative gap (overlap) between this and next alignment: 2073405 to 2073351 (-54 bp)
				Next Alignment: 2073351 2096022 NODE_91_length_22672_cov_57.174_ID_475997 1 22672

			Previous gap was negative, modifying coordinates to ignore overlap
				Moving contig start from 1 to 56.
			Align 60: 2073406 2096022 NODE_91_length_22672_cov_57.174_ID_475997 56 22672
				Negative gap (overlap) between this and next alignment: 2096022 to 2095968 (-54 bp)
				Next Alignment: 2095968 2096788 NODE_225_length_821_cov_49.5287_ID_492318 821 1

			Previous gap was negative, modifying coordinates to ignore overlap
				Moving contig start from 821 to 766.
			Align 61: 2096023 2096788 NODE_225_length_821_cov_49.5287_ID_492318 766 1
				Gap between this and next alignment: 2096788 to 2098961 (2172 bp)
				Next Alignment: 2098961 2155225 NODE_42_length_56265_cov_56.7508_ID_477705 1 56265

			Align 62: 2098961 2155225 NODE_42_length_56265_cov_56.7508_ID_477705 1 56265
				Negative gap (overlap) between this and next alignment: 2155225 to 2155171 (-54 bp)
				Next Alignment: 2155171 2156739 NODE_207_length_1569_cov_62.6691_ID_492250 1569 1

			Previous gap was negative, modifying coordinates to ignore overlap
				Moving contig start from 1569 to 1514.
			Align 63: 2155226 2156739 NODE_207_length_1569_cov_62.6691_ID_492250 1514 1
				Gap between this and next alignment: 2156739 to 2157239 (499 bp)
				Next Alignment: 2157239 2160801 NODE_170_length_3563_cov_65.4313_ID_492162 1 3563

			Align 64: 2157239 2160801 NODE_170_length_3563_cov_65.4313_ID_492162 1 3563
				Gap between this and next alignment: 2160801 to 2163543 (2741 bp)
				Next Alignment: 2163543 2193708 NODE_74_length_30166_cov_58.6636_ID_461787 30166 1

			Align 65: 2163543 2193708 NODE_74_length_30166_cov_58.6636_ID_461787 30166 1
				Gap between this and next alignment: 2193708 to 2198511 (4802 bp)
				Next Alignment: 2198511 2199158 NODE_245_length_648_cov_32.7808_ID_493204 1 648

			Align 66: 2198511 2199158 NODE_245_length_648_cov_32.7808_ID_493204 1 648
				Gap between this and next alignment: 2199158 to 2201225 (2066 bp)
				Next Alignment: 2201225 2202354 NODE_218_length_1130_cov_71.2586_ID_426423 1130 1

			Align 67: 2201225 2202354 NODE_218_length_1130_cov_71.2586_ID_426423 1130 1
				Gap between this and next alignment: 2202354 to 2225439 (23084 bp)
				Next Alignment: 2225439 2235445 NODE_127_length_10007_cov_54.3936_ID_478681 10007 1

			Align 68: 2225439 2235445 NODE_127_length_10007_cov_54.3936_ID_478681 10007 1
				Gap between this and next alignment: 2235445 to 2239021 (3575 bp)
				Next Alignment: 2239021 2239586 NODE_260_length_566_cov_36.8748_ID_504452 566 1

			Align 69: 2239021 2239586 NODE_260_length_566_cov_36.8748_ID_504452 566 1
				Gap between this and next alignment: 2239586 to 2242606 (3019 bp)
				Next Alignment: 2242606 2243118 NODE_270_length_513_cov_39.3253_ID_504458 1 513

			Align 70: 2242606 2243118 NODE_270_length_513_cov_39.3253_ID_504458 1 513
				Negative gap (overlap) between this and next alignment: 2243118 to 2243064 (-54 bp)
				Next Alignment: 2243064 2248871 NODE_151_length_5808_cov_59.3921_ID_504302 1 5808

			Previous gap was negative, modifying coordinates to ignore overlap
				Moving contig start from 1 to 56.
			Align 71: 2243119 2248871 NODE_151_length_5808_cov_59.3921_ID_504302 56 5808
				Gap between this and next alignment: 2248871 to 2265132 (16260 bp)
				Next Alignment: 2265132 2265786 NODE_241_length_655_cov_31.47_ID_504422 1 655

			Align 72: 2265132 2265786 NODE_241_length_655_cov_31.47_ID_504422 1 655
				Gap between this and next alignment: 2265786 to 2269348 (3561 bp)
				Next Alignment: 2269348 2269935 NODE_254_length_588_cov_30.878_ID_504454 588 1

			Align 73: 2269348 2269935 NODE_254_length_588_cov_30.878_ID_504454 588 1
				Gap between this and next alignment: 2269935 to 2284849 (14913 bp)
				Next Alignment: 2284849 2335977 NODE_50_length_51129_cov_56.9706_ID_492128 51129 1

			Align 74: 2284849 2335977 NODE_50_length_51129_cov_56.9706_ID_492128 51129 1
				Gap between this and next alignment: 2335977 to 2336435 (457 bp)
				Next Alignment: 2336435 2416772 NODE_27_length_80338_cov_58.2134_ID_456291 80338 1

			Align 75: 2336435 2416772 NODE_27_length_80338_cov_58.2134_ID_456291 80338 1
				Gap between this and next alignment: 2416772 to 2419447 (2674 bp)
				Next Alignment: 2419447 2425856 NODE_148_length_6410_cov_55.5552_ID_504300 6410 1

			Align 76: 2419447 2425856 NODE_148_length_6410_cov_55.5552_ID_504300 6410 1
				Negative gap (overlap) between this and next alignment: 2425856 to 2425802 (-54 bp)
				Next Alignment: 2425802 2506417 NODE_26_length_80616_cov_59.4825_ID_450453 80616 1

			Previous gap was negative, modifying coordinates to ignore overlap
				Moving contig start from 80616 to 80561.
			Align 77: 2425857 2506417 NODE_26_length_80616_cov_59.4825_ID_450453 80561 1
				Negative gap (overlap) between this and next alignment: 2506417 to 2506363 (-54 bp)
				Next Alignment: 2506363 2507010 NODE_246_length_648_cov_52.6762_ID_492322 1 648

			Previous gap was negative, modifying coordinates to ignore overlap
				Moving contig start from 1 to 56.
			Align 78: 2506418 2507010 NODE_246_length_648_cov_52.6762_ID_492322 56 648
				Gap between this and next alignment: 2507010 to 2524161 (17150 bp)
				Next Alignment: 2524161 2688556 NODE_9_length_164396_cov_57.6961_ID_464986 164396 1

			Align 79: 2524161 2688556 NODE_9_length_164396_cov_57.6961_ID_464986 164396 1
				Gap between this and next alignment: 2688556 to 2706420 (17863 bp)
				Next Alignment: 2706420 2706973 NODE_261_length_554_cov_30.9259_ID_493764 554 1

			Align 80: 2706420 2706973 NODE_261_length_554_cov_30.9259_ID_493764 554 1
				Gap between this and next alignment: 2706973 to 2720749 (13775 bp)
				Next Alignment: 2720749 2787872 NODE_34_length_67124_cov_58.3358_ID_453483 1 67124

			Align 81: 2720749 2787872 NODE_34_length_67124_cov_58.3358_ID_453483 1 67124
				Gap between this and next alignment: 2787872 to 2801566 (13693 bp)
				Next Alignment: 2801566 2808973 NODE_138_length_7408_cov_60.9495_ID_492182 1 7408

			Align 82: 2801566 2808973 NODE_138_length_7408_cov_60.9495_ID_492182 1 7408
				Gap between this and next alignment: 2808973 to 2812144 (3170 bp)
				Next Alignment: 2812144 2812679 NODE_264_length_536_cov_35.5073_ID_492374 536 1

			Align 83: 2812144 2812679 NODE_264_length_536_cov_35.5073_ID_492374 536 1
				Gap between this and next alignment: 2812679 to 2816775 (4095 bp)
				Next Alignment: 2816775 2817782 NODE_153_length_5588_cov_69.2619_ID_504296 5588 4581

			Align 84: 2816775 2817782 NODE_153_length_5588_cov_69.2619_ID_504296 5588 4581
				Gap between this and next alignment: 2817782 to 2818197 (414 bp)
				Next Alignment: 2818197 2822776 NODE_153_length_5588_cov_69.2619_ID_504296 4580 1

			Align 85: 2818197 2822776 NODE_153_length_5588_cov_69.2619_ID_504296 4580 1
				Negative gap (overlap) between this and next alignment: 2822776 to 2822722 (-54 bp)
				Next Alignment: 2822722 2832941 NODE_126_length_10220_cov_53.6727_ID_485317 1 10220

			Previous gap was negative, modifying coordinates to ignore overlap
				Moving contig start from 1 to 56.
			Align 86: 2822777 2832941 NODE_126_length_10220_cov_53.6727_ID_485317 56 10220
				Negative gap (overlap) between this and next alignment: 2832941 to 2832887 (-54 bp)
				Next Alignment: 2832887 2839603 NODE_146_length_6717_cov_61.3642_ID_492194 1 6717

			Previous gap was negative, modifying coordinates to ignore overlap
				Moving contig start from 1 to 56.
			Align 87: 2832942 2839603 NODE_146_length_6717_cov_61.3642_ID_492194 56 6717
				Gap between this and next alignment: 2839603 to 2852330 (12726 bp)
				Next Alignment: 2852330 3080879 NODE_5_length_228550_cov_58.2233_ID_504266 1 228550

			Align 88: 2852330 3080879 NODE_5_length_228550_cov_58.2233_ID_504266 1 228550
				Gap between this and next alignment: 3080879 to 3088769 (7889 bp)
				Next Alignment: 3088769 3190283 NODE_18_length_101515_cov_56.6082_ID_492148 101515 1

			Align 89: 3088769 3190283 NODE_18_length_101515_cov_56.6082_ID_492148 101515 1
				Gap between this and next alignment: 3190283 to 3194747 (4463 bp)
				Next Alignment: 3194747 3195286 NODE_262_length_540_cov_29.4722_ID_486274 1 540

			Align 90: 3194747 3195286 NODE_262_length_540_cov_29.4722_ID_486274 1 540
				Negative gap (overlap) between this and next alignment: 3195286 to 3195232 (-54 bp)
				Next Alignment: 3195232 3196438 NODE_215_length_1207_cov_89.2196_ID_492284 1207 1

			Previous gap was negative, modifying coordinates to ignore overlap
				Moving contig start from 1207 to 1152.
			Align 91: 3195287 3196438 NODE_215_length_1207_cov_89.2196_ID_492284 1152 1
				Gap between this and next alignment: 3196438 to 3197467 (1028 bp)
				Next Alignment: 3197467 3262917 NODE_35_length_65451_cov_56.9426_ID_504276 65451 1

			Align 92: 3197467 3262917 NODE_35_length_65451_cov_56.9426_ID_504276 65451 1
				Gap between this and next alignment: 3262917 to 3283067 (20149 bp)
				Next Alignment: 3283067 3372622 NODE_23_length_89556_cov_58.4393_ID_462536 1 89556

			Align 93: 3283067 3372622 NODE_23_length_89556_cov_58.4393_ID_462536 1 89556
				Negative gap (overlap) between this and next alignment: 3372622 to 3372568 (-54 bp)
				Next Alignment: 3372568 3375726 NODE_174_length_3159_cov_76.2587_ID_492210 3159 1

			Previous gap was negative, modifying coordinates to ignore overlap
				Moving contig start from 3159 to 3104.
			Align 94: 3372623 3375726 NODE_174_length_3159_cov_76.2587_ID_492210 3104 1
				Gap between this and next alignment: 3375726 to 3376755 (1028 bp)
				Next Alignment: 3376755 3381034 NODE_161_length_4280_cov_64.5193_ID_492152 4280 1

			Align 95: 3376755 3381034 NODE_161_length_4280_cov_64.5193_ID_492152 4280 1
				Gap between this and next alignment: 3381034 to 3381366 (331 bp)
				Next Alignment: 3381366 3382066 NODE_234_length_701_cov_36.9257_ID_489032 701 1

			Align 96: 3381366 3382066 NODE_234_length_701_cov_36.9257_ID_489032 701 1
				Gap between this and next alignment: 3382066 to 3389244 (7177 bp)
				Next Alignment: 3389244 3417465 NODE_78_length_28222_cov_56.8538_ID_481602 1 28222

			Align 97: 3389244 3417465 NODE_78_length_28222_cov_56.8538_ID_481602 1 28222
				Gap between this and next alignment: 3417465 to 3447907 (30441 bp)
				Next Alignment: 3447907 3452216 NODE_160_length_4310_cov_54.0197_ID_481908 4310 1

			Align 98: 3447907 3452216 NODE_160_length_4310_cov_54.0197_ID_481908 4310 1
				Gap between this and next alignment: 3452216 to 3456538 (4321 bp)
				Next Alignment: 3456538 3479543 NODE_89_length_23006_cov_58.3386_ID_420590 23006 1

			Align 99: 3456538 3479543 NODE_89_length_23006_cov_58.3386_ID_420590 23006 1
				Gap between this and next alignment: 3479543 to 3503271 (23727 bp)
				Next Alignment: 3503271 3574357 NODE_30_length_71087_cov_58.0492_ID_422903 1 71087

			Align 100: 3503271 3574357 NODE_30_length_71087_cov_58.0492_ID_422903 1 71087
				Negative gap (overlap) between this and next alignment: 3574357 to 3574303 (-54 bp)
				Next Alignment: 3574303 3583482 NODE_130_length_9180_cov_60.2716_ID_492138 9180 1

			Previous gap was negative, modifying coordinates to ignore overlap
				Moving contig start from 9180 to 9125.
			Align 101: 3574358 3583482 NODE_130_length_9180_cov_60.2716_ID_492138 9125 1
				Gap between this and next alignment: 3583482 to 3585642 (2159 bp)
				Next Alignment: 3585642 3619131 NODE_65_length_33490_cov_57.6208_ID_472943 1 33490

			Align 102: 3585642 3619131 NODE_65_length_33490_cov_57.6208_ID_472943 1 33490
				Gap between this and next alignment: 3619131 to 3622808 (3676 bp)
				Next Alignment: 3622808 3637468 NODE_110_length_14661_cov_63.3288_ID_467896 14661 1

			Align 103: 3622808 3637468 NODE_110_length_14661_cov_63.3288_ID_467896 14661 1
				Gap between this and next alignment: 3637468 to 3639548 (2079 bp)
				Next Alignment: 3639548 3644268 NODE_158_length_4721_cov_44.4423_ID_466933 1 4721

			Align 104: 3639548 3644268 NODE_158_length_4721_cov_44.4423_ID_466933 1 4721
				Gap between this and next alignment: 3644268 to 3653119 (8850 bp)
				Next Alignment: 3653119 3657637 NODE_159_length_4519_cov_53.3277_ID_492254 1 4519

			Align 105: 3653119 3657637 NODE_159_length_4519_cov_53.3277_ID_492254 1 4519
				Negative gap (overlap) between this and next alignment: 3657637 to 3657583 (-54 bp)
				Next Alignment: 3657583 3664795 NODE_141_length_7213_cov_56.6347_ID_448647 7213 1

			Previous gap was negative, modifying coordinates to ignore overlap
				Moving contig start from 7213 to 7158.
			Align 106: 3657638 3664795 NODE_141_length_7213_cov_56.6347_ID_448647 7158 1
				Gap between this and next alignment: 3664795 to 3665151 (355 bp)
				Next Alignment: 3665151 3666288 NODE_217_length_1138_cov_66.5309_ID_492108 1 1138

			Align 107: 3665151 3666288 NODE_217_length_1138_cov_66.5309_ID_492108 1 1138
				Gap between this and next alignment: 3666288 to 3667514 (1225 bp)
				Next Alignment: 3667514 3680493 NODE_117_length_12980_cov_56.1234_ID_486792 12980 1

			Align 108: 3667514 3680493 NODE_117_length_12980_cov_56.1234_ID_486792 12980 1
				Negative gap (overlap) between this and next alignment: 3680493 to 3680439 (-54 bp)
				Next Alignment: 3680439 3682462 NODE_195_length_2024_cov_54.8304_ID_492304 2024 1

			Previous gap was negative, modifying coordinates to ignore overlap
				Moving contig start from 2024 to 1969.
			Align 109: 3680494 3682462 NODE_195_length_2024_cov_54.8304_ID_492304 1969 1
				Gap between this and next alignment: 3682462 to 3689742 (7279 bp)
				Next Alignment: 3689742 3690345 NODE_250_length_604_cov_30.6667_ID_481833 604 1

			Align 110: 3689742 3690345 NODE_250_length_604_cov_30.6667_ID_481833 604 1
				Gap between this and next alignment: 3690345 to 3696176 (5830 bp)
				Next Alignment: 3696176 3715088 NODE_101_length_18913_cov_61.3875_ID_484109 1 18913

			Align 111: 3696176 3715088 NODE_101_length_18913_cov_61.3875_ID_484109 1 18913
				Negative gap (overlap) between this and next alignment: 3715088 to 3715034 (-54 bp)
				Next Alignment: 3715034 3715754 NODE_231_length_721_cov_67.4925_ID_492012 721 1

			Previous gap was negative, modifying coordinates to ignore overlap
				Moving contig start from 721 to 666.
			Align 112: 3715089 3715754 NODE_231_length_721_cov_67.4925_ID_492012 666 1
				Gap between this and next alignment: 3715754 to 3716299 (544 bp)
				Next Alignment: 3716299 3760604 NODE_57_length_44306_cov_59.2084_ID_458334 44306 1

			Align 113: 3716299 3760604 NODE_57_length_44306_cov_59.2084_ID_458334 44306 1
				Gap between this and next alignment: 3760604 to 3765773 (5168 bp)
				Next Alignment: 3765773 3932377 NODE_8_length_166605_cov_59.6358_ID_504270 166605 1

			Align 114: 3765773 3932377 NODE_8_length_166605_cov_59.6358_ID_504270 166605 1
				Negative gap (overlap) between this and next alignment: 3932377 to 3932323 (-54 bp)
				Next Alignment: 3932323 3943320 NODE_124_length_10998_cov_110.051_ID_492142 10998 1

			Previous gap was negative, modifying coordinates to ignore overlap
				Moving contig start from 10998 to 10943.
			Align 115: 3932378 3943320 NODE_124_length_10998_cov_110.051_ID_492142 10943 1
				Gap between this and next alignment: 3943320 to 3947796 (4475 bp)
				Next Alignment: 3947796 3972560 NODE_85_length_24765_cov_57.5341_ID_472506 24765 1

			Align 116: 3947796 3972560 NODE_85_length_24765_cov_57.5341_ID_472506 24765 1
				Gap between this and next alignment: 3972560 to 3977272 (4711 bp)
				Next Alignment: 3977272 3979286 NODE_196_length_2015_cov_60.0628_ID_492292 1 2015

			Align 117: 3977272 3979286 NODE_196_length_2015_cov_60.0628_ID_492292 1 2015
				Negative gap (overlap) between this and next alignment: 3979286 to 3979232 (-54 bp)
				Next Alignment: 3979232 4031499 NODE_46_length_52268_cov_58.3469_ID_469087 52268 1

			Previous gap was negative, modifying coordinates to ignore overlap
				Moving contig start from 52268 to 52213.
			Align 118: 3979287 4031499 NODE_46_length_52268_cov_58.3469_ID_469087 52213 1
				Gap between this and next alignment: 4031499 to 4041203 (9703 bp)
				Next Alignment: 4041203 4115502 NODE_29_length_74300_cov_57.6022_ID_473635 74300 1

			Align 119: 4041203 4115502 NODE_29_length_74300_cov_57.6022_ID_473635 74300 1
				Negative gap (overlap) between this and next alignment: 4115502 to 4115448 (-54 bp)
				Next Alignment: 4115448 4116977 NODE_209_length_1530_cov_68.1539_ID_492252 1530 1

			Previous gap was negative, modifying coordinates to ignore overlap
				Moving contig start from 1530 to 1475.
			Align 120: 4115503 4116977 NODE_209_length_1530_cov_68.1539_ID_492252 1475 1
				Gap between this and next alignment: 4116977 to 4125862 (8884 bp)
				Next Alignment: 4125862 4188902 NODE_39_length_63041_cov_58.8465_ID_454411 63041 1

			Align 121: 4125862 4188902 NODE_39_length_63041_cov_58.8465_ID_454411 63041 1
				Negative gap (overlap) between this and next alignment: 4188902 to 4184372 (-4530 bp)
				Next Alignment: 4184372 4193569 NODE_24_length_88793_cov_58.196_ID_419363 60214 51017

			Previous gap was negative, modifying coordinates to ignore overlap
				Moving contig start from 60214 to 55683.
			Align 122: 4188903 4193569 NODE_24_length_88793_cov_58.196_ID_419363 55683 51017
				Negative gap (overlap) between this and next alignment: 4193569 to 4193470 (-99 bp)
				Next Alignment: 4193470 4242180 NODE_24_length_88793_cov_58.196_ID_419363 51016 2308

			Previous gap was negative, modifying coordinates to ignore overlap
				Moving contig start from 51016 to 50916.
			Align 123: 4193570 4242180 NODE_24_length_88793_cov_58.196_ID_419363 50916 2308
				The next alignment (4202748 4206134 NODE_24_length_88793_cov_58.196_ID_419363 78021 81407) is redundant. Skipping.
				Gap between this and next alignment: 4242180 to 4242405 (224 bp)
				Next Alignment: 4242405 4244711 NODE_24_length_88793_cov_58.196_ID_419363 2307 1

			Align 125: 4242405 4244711 NODE_24_length_88793_cov_58.196_ID_419363 2307 1
				Gap between this and next alignment: 4244711 to 4252305 (7593 bp)
				Next Alignment: 4252305 4259690 NODE_24_length_88793_cov_58.196_ID_419363 88793 81408

			Align 126: 4252305 4259690 NODE_24_length_88793_cov_58.196_ID_419363 88793 81408
				Negative gap (overlap) between this and next alignment: 4259690 to 4252305 (-7385 bp)
				Next Alignment: 4252305 4303232 NODE_51_length_50928_cov_59.2956_ID_484999 1 50928

			Previous gap was negative, modifying coordinates to ignore overlap
				Moving contig start from 1 to 7387.
			Align 127: 4259691 4303232 NODE_51_length_50928_cov_59.2956_ID_484999 7387 50928
				Gap between this and next alignment: 4303232 to 4313970 (10737 bp)
				Next Alignment: 4313970 4378193 NODE_38_length_64224_cov_55.4482_ID_448909 64224 1

			Align 128: 4313970 4378193 NODE_38_length_64224_cov_55.4482_ID_448909 64224 1
				The next alignment (4335483 4353288 NODE_24_length_88793_cov_58.196_ID_419363 60215 78020) is redundant. Skipping.
				Gap between this and next alignment: 4378193 to 4405930 (27736 bp)
				Next Alignment: 4405930 4406506 NODE_256_length_577_cov_35.1648_ID_484319 577 1

			Align 130: 4405930 4406506 NODE_256_length_577_cov_35.1648_ID_484319 577 1
				Gap between this and next alignment: 4406506 to 4426140 (19633 bp)
				Next Alignment: 4426140 4452751 NODE_83_length_26612_cov_58.7862_ID_475718 26612 1

			Align 131: 4426140 4452751 NODE_83_length_26612_cov_58.7862_ID_475718 26612 1
				Gap between this and next alignment: 4452751 to 4457232 (4480 bp)
				Next Alignment: 4457232 4462990 NODE_152_length_5759_cov_64.5324_ID_492156 1 5759

			Align 132: 4457232 4462990 NODE_152_length_5759_cov_64.5324_ID_492156 1 5759
				Gap between this and next alignment: 4462990 to 4465797 (2806 bp)
				Next Alignment: 4465797 4466452 NODE_238_length_656_cov_29.1348_ID_492678 1 656

			Align 133: 4465797 4466452 NODE_238_length_656_cov_29.1348_ID_492678 1 656
				Negative gap (overlap) between this and next alignment: 4466452 to 4466398 (-54 bp)
				Next Alignment: 4466398 4468167 NODE_202_length_1770_cov_64.3376_ID_504392 1770 1

			Previous gap was negative, modifying coordinates to ignore overlap
				Moving contig start from 1770 to 1715.
			Align 134: 4466453 4468167 NODE_202_length_1770_cov_64.3376_ID_504392 1715 1
				Gap between this and next alignment: 4468167 to 4489788 (21620 bp)
				Next Alignment: 4489788 4515477 NODE_84_length_25690_cov_57.7054_ID_475360 25690 1

			Align 135: 4489788 4515477 NODE_84_length_25690_cov_57.7054_ID_475360 25690 1
				Gap between this and next alignment: 4515477 to 4517689 (2211 bp)
				Next Alignment: 4517689 4532258 NODE_111_length_14570_cov_56.3401_ID_447289 14570 1

			Align 136: 4517689 4532258 NODE_111_length_14570_cov_56.3401_ID_447289 14570 1
				Negative gap (overlap) between this and next alignment: 4532258 to 4532204 (-54 bp)
				Next Alignment: 4532204 4541735 NODE_128_length_9532_cov_63.0018_ID_492172 1 9532

			Previous gap was negative, modifying coordinates to ignore overlap
				Moving contig start from 1 to 56.
			Align 137: 4532259 4541735 NODE_128_length_9532_cov_63.0018_ID_492172 56 9532
				Negative gap (overlap) between this and next alignment: 4541735 to 4541681 (-54 bp)
				Next Alignment: 4541681 4573871 NODE_68_length_32191_cov_62.4123_ID_471160 1 32191

			Previous gap was negative, modifying coordinates to ignore overlap
				Moving contig start from 1 to 56.
			Align 138: 4541736 4573871 NODE_68_length_32191_cov_62.4123_ID_471160 56 32191
				Gap between this and next alignment: 4573871 to 4606315 (32443 bp)
				Next Alignment: 4606315 4637915 NODE_70_length_31601_cov_60.8227_ID_488102 31601 1

			Align 139: 4606315 4637915 NODE_70_length_31601_cov_60.8227_ID_488102 31601 1
				Negative gap (overlap) between this and next alignment: 4637915 to 4637861 (-54 bp)
				Next Alignment: 4637861 4641648 NODE_166_length_3788_cov_61.6684_ID_492226 3788 1

			Previous gap was negative, modifying coordinates to ignore overlap
				Moving contig start from 3788 to 3733.
			Align 140: 4637916 4641648 NODE_166_length_3788_cov_61.6684_ID_492226 3733 1
			END in gap: 4641648 to 4641652 (4 bp)

Analysis is finished!
Founded SNPs were written into /net/metagenomics/projects/afritz_assemblies/Similarity_Experiment/Ecoli_OneTree/metaquast_strain_spades/Ecoli_0970/runs_per_reference/Ecoli_0970/contigs_reports/nucmer_output/scaffolds.used_snps

Results:
	Local Misassemblies: 3
	Misassemblies: 5
		Relocations: 5
		Translocations: 0
		Inversions: 0
	Misassembled Contigs: 2
	Misassembled Contig Bases: 156398
	Misassemblies Inter-Contig Overlap: 0
Uncovered Regions: 0 (0)
Unaligned Contigs: 0 + 0 part
Partially Unaligned Contigs with Misassemblies: 0
Unaligned Contig Bases: 0

Ambiguously Mapped Contigs: 0
Total Bases in Ambiguously Mapped Contigs: 0
Note that --allow-ambiguity option was set to "one" and only first alignment per each contig was used.

	Covered Bases: 3936338

	SNPs: 40772
	Insertions: 17
	Deletions: 16

	Positive Gaps: 98
		Internal Gaps:  3
		External Gaps:  95
		External Gap Total:  697083
		External Gap Average: 7338
	Negative Gaps: 37
		Internal Overlaps:  1
		External Overlaps:  36
		External Overlaps Total: -13751
		External Overlaps Average: -382
	Contigs with Redundant Alignments: 6 (90385)
