/home/afritz/bin/quast-3.2/quast.py --debug  -o /net/metagenomics/projects/afritz_assemblies/Coverage_Sweep_wgsim/005_error/MEGAHIT_cov32/quast -R /net/metagenomics/projects/afritz_assemblies/Reference_Genomes/e_coli_k12.fa /net/metagenomics/projects/afritz_assemblies/Coverage_Sweep_wgsim/005_error/MEGAHIT_cov32/final.contigs.fa

Version: 3.2, build 26.11.2015 18:55

System information:
  OS: Linux-3.2.0-4-amd64-x86_64-with-debian-7.10 (linux_64)
  Python version: 2.7.3
  CPUs number: 60

Started: 2016-04-25 11:01:59

Logging to /net/metagenomics/projects/afritz_assemblies/Coverage_Sweep_wgsim/005_error/MEGAHIT_cov32/quast/quast.log

NOTICE: Output directory already exists. Existing Nucmer alignments can be used.

NOTICE: Maximum number of threads is set to 15 (use --threads option to set it manually)

Main parameters: 
  Threads: 15, minimum contig length: 500, ambiguity: one, threshold for extensive misassembly size: 1000

Reference:
  /net/metagenomics/projects/afritz_assemblies/Reference_Genomes/e_coli_k12.fa ==> e_coli_k12

Contigs:
  /net/metagenomics/projects/afritz_assemblies/Coverage_Sweep_wgsim/005_error/MEGAHIT_cov32/final.contigs.fa ==> final.contigs

2016-04-25 11:02:00
Running Basic statistics processor...
  Reference genome:
    e_coli_k12.fa, Reference length = 4641652, Reference GC % = 50.79
  Contig files: 
    final.contigs
  Calculating N50 and L50...
    final.contigs, N50 = 112683, L50 = 14, Total length = 4563914, GC % = 50.75, # N's per 100 kbp =  0.00
  Drawing Nx plot...
    saved to /net/metagenomics/projects/afritz_assemblies/Coverage_Sweep_wgsim/005_error/MEGAHIT_cov32/quast/basic_stats/Nx_plot.pdf
  Drawing NGx plot...
    saved to /net/metagenomics/projects/afritz_assemblies/Coverage_Sweep_wgsim/005_error/MEGAHIT_cov32/quast/basic_stats/NGx_plot.pdf
  Drawing cumulative plot...
    saved to /net/metagenomics/projects/afritz_assemblies/Coverage_Sweep_wgsim/005_error/MEGAHIT_cov32/quast/basic_stats/cumulative_plot.pdf
  Drawing GC content plot...
    saved to /net/metagenomics/projects/afritz_assemblies/Coverage_Sweep_wgsim/005_error/MEGAHIT_cov32/quast/basic_stats/GC_content_plot.pdf
Done.

2016-04-25 11:02:01
Running Contig analyzer...
  final.contigs
  Logging to files /net/metagenomics/projects/afritz_assemblies/Coverage_Sweep_wgsim/005_error/MEGAHIT_cov32/quast/contigs_reports/contigs_report_final.contigs.stdout and contigs_report_final.contigs.stderr...
  Running Nucmer
  libs/MUMmer3.23-linux/nucmer -c 65 -l 65 --maxmatch -p /net/metagenomics/projects/afritz_assemblies/Coverage_Sweep_wgsim/005_error/MEGAHIT_cov32/quast/contigs_reports/nucmer_output/final.contigs \
  /net/metagenomics/projects/afritz_assemblies/Coverage_Sweep_wgsim/005_error/MEGAHIT_cov32/quast/quast_corrected_input/e_coli_k12.fa \
  /net/metagenomics/projects/afritz_assemblies/Coverage_Sweep_wgsim/005_error/MEGAHIT_cov32/quast/quast_corrected_input/final.contigs.fa \
  >> /net/metagenomics/projects/afritz_assemblies/Coverage_Sweep_wgsim/005_error/MEGAHIT_cov32/quast/contigs_reports/contigs_report_final.contigs.stdout \
  2>> /net/metagenomics/projects/afritz_assemblies/Coverage_Sweep_wgsim/005_error/MEGAHIT_cov32/quast/contigs_reports/contigs_report_final.contigs.stderr
  The tool returned non-zero. See ../../../../net/metagenomics/projects/afritz_assemblies/Coverage_Sweep_wgsim/005_error/MEGAHIT_cov32/quast/contigs_reports/contigs_report_final.contigs.stderr for stderr.

ERROR!   Failed aligning contigs final.contigs to the reference. 
  Drawing misassemblies by types plot...
    saved to /net/metagenomics/projects/afritz_assemblies/Coverage_Sweep_wgsim/005_error/MEGAHIT_cov32/quast/contigs_reports/misassemblies_plot.pdf
Failed aligning the contigs for all the assemblies. Only basic stats are going to be evaluated.

NOTICE: Genes are not predicted by default. Use --gene-finding option to enable it.

2016-04-25 11:02:02
Drawing large plots...
This may take a while: press Ctrl-C to skip this step..
  1 of 1: Creating PDF with all tables and plots...
Done

2016-04-25 11:02:02
RESULTS:
  Text versions of total report are saved to /net/metagenomics/projects/afritz_assemblies/Coverage_Sweep_wgsim/005_error/MEGAHIT_cov32/quast/report.txt, report.tsv, and report.tex
  Text versions of transposed total report are saved to /net/metagenomics/projects/afritz_assemblies/Coverage_Sweep_wgsim/005_error/MEGAHIT_cov32/quast/transposed_report.txt, transposed_report.tsv, and transposed_report.tex
  HTML version (interactive tables and plots) saved to /net/metagenomics/projects/afritz_assemblies/Coverage_Sweep_wgsim/005_error/MEGAHIT_cov32/quast/report.html
  PDF version (tables and plots) saved to /net/metagenomics/projects/afritz_assemblies/Coverage_Sweep_wgsim/005_error/MEGAHIT_cov32/quast/report.pdf
  Log saved to /net/metagenomics/projects/afritz_assemblies/Coverage_Sweep_wgsim/005_error/MEGAHIT_cov32/quast/quast.log

Finished: 2016-04-25 11:02:02
Elapsed time: 0:00:03.544001
NOTICEs: 3; WARNINGs: 0; non-fatal ERRORs: 1

Thank you for using QUAST!
