Aligning contigs to reference...
	Running Nucmer
Parsing coords...
Loading Assembly...
Loading reference...
	Loaded [Buchnera_aphidicola_Acyrthosiphon_pisum_0915]
Loading SNPs...
Loading regions...
	No regions given, using whole reference.
	Total Regions: 1
	Total Region Length: 641799
Analyzing contigs...
CONTIG: k99_138_flag_0_multi_45.3024_len_25995 (25995bp)
Top Length: 25995  Top ID: 100.0
		One align captures most of this contig: 421102 447096 | 25995 1 | 25995 25995 | 100.0 | Buchnera_aphidicola_Acyrthosiphon_pisum_0915 k99_138_flag_0_multi_45.3024_len_25995

CONTIG: k99_154_flag_0_multi_58.7549_len_858 (858bp)
Top Length: 858  Top ID: 96.15
		One align captures most of this contig: 608969 609826 | 1 858 | 858 858 | 96.15 | Buchnera_aphidicola_Acyrthosiphon_pisum_0915 k99_154_flag_0_multi_58.7549_len_858

CONTIG: k99_153_flag_0_multi_43.9721_len_14631 (14631bp)
		This contig is unaligned. (14631 bp)
		Unaligned bases: 14631  total: 14631

CONTIG: k99_157_flag_0_multi_46.3194_len_16489 (16489bp)
		This contig is unaligned. (16489 bp)
		Unaligned bases: 16489  total: 31120

CONTIG: k99_112_flag_0_multi_46.3739_len_11480 (11480bp)
Top Length: 11480  Top ID: 100.0
		One align captures most of this contig: 134332 145811 | 11480 1 | 11480 11480 | 100.0 | Buchnera_aphidicola_Acyrthosiphon_pisum_0915 k99_112_flag_0_multi_46.3739_len_11480

CONTIG: k99_172_flag_0_multi_50.3889_len_17448 (17448bp)
Top Length: 17448  Top ID: 100.0
		One align captures most of this contig: 201198 218645 | 17448 1 | 17448 17448 | 100.0 | Buchnera_aphidicola_Acyrthosiphon_pisum_0915 k99_172_flag_0_multi_50.3889_len_17448

CONTIG: k99_114_flag_0_multi_47.7775_len_16173 (16173bp)
		This contig is unaligned. (16173 bp)
		Unaligned bases: 16173  total: 47293

CONTIG: k99_45_flag_0_multi_48.2912_len_4588 (4588bp)
		This contig is unaligned. (4588 bp)
		Unaligned bases: 4588  total: 51881

CONTIG: k99_39_flag_0_multi_46.6910_len_9857 (9857bp)
Top Length: 9857  Top ID: 100.0
		One align captures most of this contig: 569549 579405 | 1 9857 | 9857 9857 | 100.0 | Buchnera_aphidicola_Acyrthosiphon_pisum_0915 k99_39_flag_0_multi_46.6910_len_9857

CONTIG: k99_169_flag_0_multi_44.1908_len_9306 (9306bp)
		This contig is unaligned. (9306 bp)
		Unaligned bases: 9306  total: 61187

CONTIG: k99_97_flag_0_multi_45.1750_len_31795 (31795bp)
Top Length: 31795  Top ID: 100.0
		One align captures most of this contig: 48418 80212 | 31795 1 | 31795 31795 | 100.0 | Buchnera_aphidicola_Acyrthosiphon_pisum_0915 k99_97_flag_0_multi_45.1750_len_31795

CONTIG: k99_81_flag_0_multi_47.5136_len_16403 (16403bp)
Top Length: 16403  Top ID: 100.0
		One align captures most of this contig: 583755 600157 | 16403 1 | 16403 16403 | 100.0 | Buchnera_aphidicola_Acyrthosiphon_pisum_0915 k99_81_flag_0_multi_47.5136_len_16403

CONTIG: k99_173_flag_0_multi_45.0887_len_4497 (4497bp)
Top Length: 4497  Top ID: 100.0
		One align captures most of this contig: 579321 583817 | 4497 1 | 4497 4497 | 100.0 | Buchnera_aphidicola_Acyrthosiphon_pisum_0915 k99_173_flag_0_multi_45.0887_len_4497

CONTIG: k99_23_flag_0_multi_46.2057_len_3477 (3477bp)
Top Length: 3477  Top ID: 100.0
		One align captures most of this contig: 82010 85486 | 3477 1 | 3477 3477 | 100.0 | Buchnera_aphidicola_Acyrthosiphon_pisum_0915 k99_23_flag_0_multi_46.2057_len_3477

CONTIG: k99_12_flag_0_multi_48.1782_len_1294 (1294bp)
Top Length: 1294  Top ID: 100.0
		One align captures most of this contig: 453633 454926 | 1 1294 | 1294 1294 | 100.0 | Buchnera_aphidicola_Acyrthosiphon_pisum_0915 k99_12_flag_0_multi_48.1782_len_1294

CONTIG: k99_156_flag_0_multi_51.9196_len_858 (858bp)
Top Length: 858  Top ID: 100.0
		One align captures most of this contig: 608969 609826 | 1 858 | 858 858 | 100.0 | Buchnera_aphidicola_Acyrthosiphon_pisum_0915 k99_156_flag_0_multi_51.9196_len_858

CONTIG: k99_136_flag_0_multi_47.5100_len_12935 (12935bp)
Top Length: 12935  Top ID: 100.0
		One align captures most of this contig: 395402 408336 | 12935 1 | 12935 12935 | 100.0 | Buchnera_aphidicola_Acyrthosiphon_pisum_0915 k99_136_flag_0_multi_47.5100_len_12935

CONTIG: k99_140_flag_0_multi_46.3416_len_23358 (23358bp)
		This contig is unaligned. (23358 bp)
		Unaligned bases: 23358  total: 84545

CONTIG: k99_146_flag_0_multi_42.0712_len_12108 (12108bp)
Top Length: 12108  Top ID: 100.0
		One align captures most of this contig: 510139 522246 | 12108 1 | 12108 12108 | 100.0 | Buchnera_aphidicola_Acyrthosiphon_pisum_0915 k99_146_flag_0_multi_42.0712_len_12108

CONTIG: k99_118_flag_0_multi_48.1501_len_40781 (40781bp)
		This contig is unaligned. (40781 bp)
		Unaligned bases: 40781  total: 125326

CONTIG: k99_19_flag_0_multi_54.1517_len_2195 (2195bp)
Top Length: 2195  Top ID: 100.0
		One align captures most of this contig: 375707 377901 | 1 2195 | 2195 2195 | 100.0 | Buchnera_aphidicola_Acyrthosiphon_pisum_0915 k99_19_flag_0_multi_54.1517_len_2195

CONTIG: k99_174_flag_0_multi_47.7353_len_9340 (9340bp)
		This contig is unaligned. (9340 bp)
		Unaligned bases: 9340  total: 134666

CONTIG: k99_161_flag_0_multi_50.6055_len_8099 (8099bp)
Top Length: 150  Top ID: 97.33
		This contig is partially unaligned. (Aligned 150 out of 8099 bases)
		Alignment: 416282 416431 | 8099 7950 | 150 150 | 97.33 | Buchnera_aphidicola_Acyrthosiphon_pisum_0915 k99_161_flag_0_multi_50.6055_len_8099
		Unaligned bases: 1 to 7949 (7949)

CONTIG: k99_159_flag_0_multi_57.1556_len_1294 (1294bp)
Top Length: 1294  Top ID: 95.36
		One align captures most of this contig: 453633 454926 | 1 1294 | 1294 1294 | 95.36 | Buchnera_aphidicola_Acyrthosiphon_pisum_0915 k99_159_flag_0_multi_57.1556_len_1294

CONTIG: k99_76_flag_0_multi_45.2776_len_6011 (6011bp)
		This contig is unaligned. (6011 bp)
		Unaligned bases: 6011  total: 140677

CONTIG: k99_94_flag_0_multi_44.1678_len_19337 (19337bp)
		This contig is unaligned. (19337 bp)
		Unaligned bases: 19337  total: 160014

CONTIG: k99_141_flag_0_multi_45.5619_len_6481 (6481bp)
Top Length: 6481  Top ID: 100.0
		One align captures most of this contig: 551351 557831 | 6481 1 | 6481 6481 | 100.0 | Buchnera_aphidicola_Acyrthosiphon_pisum_0915 k99_141_flag_0_multi_45.5619_len_6481

CONTIG: k99_101_flag_0_multi_52.1104_len_4648 (4648bp)
		This contig is unaligned. (4648 bp)
		Unaligned bases: 4648  total: 164662

CONTIG: k99_139_flag_0_multi_44.8949_len_25600 (25600bp)
		This contig is unaligned. (25600 bp)
		Unaligned bases: 25600  total: 190262

CONTIG: k99_168_flag_0_multi_47.8037_len_18514 (18514bp)
Top Length: 18514  Top ID: 100.0
		One align captures most of this contig: 307372 325885 | 1 18514 | 18514 18514 | 100.0 | Buchnera_aphidicola_Acyrthosiphon_pisum_0915 k99_168_flag_0_multi_47.8037_len_18514

CONTIG: k99_93_flag_0_multi_46.6293_len_8872 (8872bp)
Top Length: 8872  Top ID: 100.0
		One align captures most of this contig: 386557 395428 | 8872 1 | 8872 8872 | 100.0 | Buchnera_aphidicola_Acyrthosiphon_pisum_0915 k99_93_flag_0_multi_46.6293_len_8872

CONTIG: k99_120_flag_0_multi_48.0405_len_10546 (10546bp)
Top Length: 10546  Top ID: 100.0
		One align captures most of this contig: 522148 532693 | 1 10546 | 10546 10546 | 100.0 | Buchnera_aphidicola_Acyrthosiphon_pisum_0915 k99_120_flag_0_multi_48.0405_len_10546

CONTIG: k99_96_flag_0_multi_47.1483_len_4246 (4246bp)
Top Length: 4246  Top ID: 100.0
		One align captures most of this contig: 262604 266849 | 1 4246 | 4246 4246 | 100.0 | Buchnera_aphidicola_Acyrthosiphon_pisum_0915 k99_96_flag_0_multi_47.1483_len_4246

CONTIG: k99_177_flag_0_multi_50.5602_len_4337 (4337bp)
Top Length: 4337  Top ID: 100.0
		One align captures most of this contig: 600060 604396 | 4337 1 | 4337 4337 | 100.0 | Buchnera_aphidicola_Acyrthosiphon_pisum_0915 k99_177_flag_0_multi_50.5602_len_4337

CONTIG: k99_133_flag_0_multi_48.1764_len_4261 (4261bp)
		This contig is unaligned. (4261 bp)
		Unaligned bases: 4261  total: 194523

CONTIG: k99_42_flag_0_multi_48.0328_len_6929 (6929bp)
		This contig is unaligned. (6929 bp)
		Unaligned bases: 6929  total: 201452

CONTIG: k99_166_flag_0_multi_47.0020_len_9299 (9299bp)
Top Length: 9299  Top ID: 100.0
		One align captures most of this contig: 465930 475228 | 1 9299 | 9299 9299 | 100.0 | Buchnera_aphidicola_Acyrthosiphon_pisum_0915 k99_166_flag_0_multi_47.0020_len_9299

CONTIG: k99_9_flag_0_multi_57.4367_len_770 (770bp)
Top Length: 770  Top ID: 100.0
		One align captures most of this contig: 120279 121048 | 1 770 | 770 770 | 100.0 | Buchnera_aphidicola_Acyrthosiphon_pisum_0915 k99_9_flag_0_multi_57.4367_len_770

CONTIG: k99_121_flag_0_multi_47.9209_len_8908 (8908bp)
		This contig is unaligned. (8908 bp)
		Unaligned bases: 8908  total: 210360

CONTIG: k99_68_flag_0_multi_50.6190_len_7253 (7253bp)
Top Length: 7253  Top ID: 100.0
		One align captures most of this contig: 365219 372471 | 7253 1 | 7253 7253 | 100.0 | Buchnera_aphidicola_Acyrthosiphon_pisum_0915 k99_68_flag_0_multi_50.6190_len_7253

CONTIG: k99_29_flag_0_multi_46.3365_len_12769 (12769bp)
		This contig is unaligned. (12769 bp)
		Unaligned bases: 12769  total: 223129

CONTIG: k99_137_flag_0_multi_50.1302_len_7224 (7224bp)
		This contig is unaligned. (7224 bp)
		Unaligned bases: 7224  total: 230353

CONTIG: k99_92_flag_0_multi_46.2606_len_1776 (1776bp)
Top Length: 351  Top ID: 96.3
		This contig is partially unaligned. (Aligned 351 out of 1776 bases)
		Alignment: 446746 447096 | 351 1 | 351 351 | 96.3 | Buchnera_aphidicola_Acyrthosiphon_pisum_0915 k99_92_flag_0_multi_46.2606_len_1776
		Unaligned bases: 352 to 1776 (1425)

CONTIG: k99_36_flag_0_multi_44.5712_len_1722 (1722bp)
		This contig is unaligned. (1722 bp)
		Unaligned bases: 1722  total: 232075

CONTIG: k99_61_flag_0_multi_46.0565_len_8473 (8473bp)
Top Length: 8473  Top ID: 100.0
		One align captures most of this contig: 633321 641793 | 8473 1 | 8473 8473 | 100.0 | Buchnera_aphidicola_Acyrthosiphon_pisum_0915 k99_61_flag_0_multi_46.0565_len_8473

CONTIG: k99_46_flag_0_multi_48.0360_len_5398 (5398bp)
Top Length: 119  Top ID: 99.16
		This contig is partially unaligned. (Aligned 119 out of 5398 bases)
		Alignment: 307372 307490 | 1 119 | 119 119 | 99.16 | Buchnera_aphidicola_Acyrthosiphon_pisum_0915 k99_46_flag_0_multi_48.0360_len_5398
		Unaligned bases: 120 to 5398 (5279)

CONTIG: k99_53_flag_0_multi_44.8297_len_26394 (26394bp)
		This contig is unaligned. (26394 bp)
		Unaligned bases: 26394  total: 258469

CONTIG: k99_128_flag_0_multi_52.1514_len_3870 (3870bp)
		This contig is unaligned. (3870 bp)
		Unaligned bases: 3870  total: 262339

CONTIG: k99_30_flag_0_multi_48.0964_len_12000 (12000bp)
Top Length: 12000  Top ID: 100.0
		One align captures most of this contig: 189265 201264 | 1 12000 | 12000 12000 | 100.0 | Buchnera_aphidicola_Acyrthosiphon_pisum_0915 k99_30_flag_0_multi_48.0964_len_12000

CONTIG: k99_37_flag_0_multi_46.0073_len_11480 (11480bp)
		This contig is unaligned. (11480 bp)
		Unaligned bases: 11480  total: 273819

CONTIG: k99_102_flag_0_multi_48.7075_len_10056 (10056bp)
		This contig is unaligned. (10056 bp)
		Unaligned bases: 10056  total: 283875

CONTIG: k99_104_flag_0_multi_43.4890_len_10156 (10156bp)
Top Length: 10156  Top ID: 100.0
		One align captures most of this contig: 497687 507842 | 1 10156 | 10156 10156 | 100.0 | Buchnera_aphidicola_Acyrthosiphon_pisum_0915 k99_104_flag_0_multi_43.4890_len_10156

CONTIG: k99_34_flag_0_multi_46.5124_len_2929 (2929bp)
Top Length: 2929  Top ID: 100.0
		One align captures most of this contig: 117430 120358 | 1 2929 | 2929 2929 | 100.0 | Buchnera_aphidicola_Acyrthosiphon_pisum_0915 k99_34_flag_0_multi_46.5124_len_2929

CONTIG: k99_132_flag_0_multi_50.8716_len_4648 (4648bp)
Top Length: 4648  Top ID: 100.0
		One align captures most of this contig: 325808 330455 | 4648 1 | 4648 4648 | 100.0 | Buchnera_aphidicola_Acyrthosiphon_pisum_0915 k99_132_flag_0_multi_50.8716_len_4648

CONTIG: k99_27_flag_0_multi_46.5426_len_8465 (8465bp)
		This contig is unaligned. (8465 bp)
		Unaligned bases: 8465  total: 292340

CONTIG: k99_51_flag_0_multi_45.8719_len_12992 (12992bp)
		This contig is unaligned. (12992 bp)
		Unaligned bases: 12992  total: 305332

CONTIG: k99_129_flag_0_multi_50.1372_len_4246 (4246bp)
		This contig is unaligned. (4246 bp)
		Unaligned bases: 4246  total: 309578

CONTIG: k99_181_flag_0_multi_49.1734_len_11187 (11187bp)
Top Length: 11187  Top ID: 100.0
		One align captures most of this contig: 454838 466024 | 1 11187 | 11187 11187 | 100.0 | Buchnera_aphidicola_Acyrthosiphon_pisum_0915 k99_181_flag_0_multi_49.1734_len_11187

CONTIG: k99_124_flag_0_multi_48.6081_len_16928 (16928bp)
		This contig is unaligned. (16928 bp)
		Unaligned bases: 16928  total: 326506

CONTIG: k99_22_flag_0_multi_48.0172_len_3820 (3820bp)
Top Length: 3820  Top ID: 100.0
		One align captures most of this contig: 449900 453719 | 1 3820 | 3820 3820 | 100.0 | Buchnera_aphidicola_Acyrthosiphon_pisum_0915 k99_22_flag_0_multi_48.0172_len_3820

CONTIG: k99_110_flag_0_multi_46.6259_len_15159 (15159bp)
		This contig is unaligned. (15159 bp)
		Unaligned bases: 15159  total: 341665

CONTIG: k99_113_flag_0_multi_45.1086_len_2917 (2917bp)
Top Length: 2917  Top ID: 100.0
		One align captures most of this contig: 557759 560675 | 1 2917 | 2917 2917 | 100.0 | Buchnera_aphidicola_Acyrthosiphon_pisum_0915 k99_113_flag_0_multi_45.1086_len_2917

CONTIG: k99_20_flag_0_multi_52.1741_len_3477 (3477bp)
		This contig is unaligned. (3477 bp)
		Unaligned bases: 3477  total: 345142

CONTIG: k99_89_flag_0_multi_48.4062_len_1948 (1948bp)
		This contig is unaligned. (1948 bp)
		Unaligned bases: 1948  total: 347090

CONTIG: k99_107_flag_0_multi_46.0915_len_26358 (26358bp)
		This contig is unaligned. (26358 bp)
		Unaligned bases: 26358  total: 373448

CONTIG: k99_31_flag_0_multi_49.5098_len_3820 (3820bp)
		This contig is unaligned. (3820 bp)
		Unaligned bases: 3820  total: 377268

CONTIG: k99_116_flag_0_multi_44.0168_len_3723 (3723bp)
Top Length: 3723  Top ID: 100.0
		One align captures most of this contig: 218552 222274 | 3723 1 | 3723 3723 | 100.0 | Buchnera_aphidicola_Acyrthosiphon_pisum_0915 k99_116_flag_0_multi_44.0168_len_3723

CONTIG: k99_79_flag_0_multi_47.3512_len_18441 (18441bp)
		This contig is unaligned. (18441 bp)
		Unaligned bases: 18441  total: 395709

CONTIG: k99_85_flag_0_multi_45.0552_len_3417 (3417bp)
Top Length: 3417  Top ID: 100.0
		One align captures most of this contig: 372384 375800 | 3417 1 | 3417 3417 | 100.0 | Buchnera_aphidicola_Acyrthosiphon_pisum_0915 k99_85_flag_0_multi_45.0552_len_3417

CONTIG: k99_145_flag_0_multi_45.0466_len_7379 (7379bp)
Top Length: 7379  Top ID: 100.0
		One align captures most of this contig: 560588 567966 | 1 7379 | 7379 7379 | 100.0 | Buchnera_aphidicola_Acyrthosiphon_pisum_0915 k99_145_flag_0_multi_45.0466_len_7379

CONTIG: k99_106_flag_0_multi_49.0698_len_4497 (4497bp)
		This contig is unaligned. (4497 bp)
		Unaligned bases: 4497  total: 400206

CONTIG: k99_163_flag_0_multi_48.9413_len_17448 (17448bp)
		This contig is unaligned. (17448 bp)
		Unaligned bases: 17448  total: 417654

CONTIG: k99_103_flag_0_multi_47.5322_len_19500 (19500bp)
Top Length: 19500  Top ID: 100.0
		One align captures most of this contig: 169840 189339 | 1 19500 | 19500 19500 | 100.0 | Buchnera_aphidicola_Acyrthosiphon_pisum_0915 k99_103_flag_0_multi_47.5322_len_19500

CONTIG: k99_123_flag_0_multi_46.3963_len_35819 (35819bp)
Top Length: 35819  Top ID: 100.0
		One align captures most of this contig: 12674 48492 | 1 35819 | 35819 35819 | 100.0 | Buchnera_aphidicola_Acyrthosiphon_pisum_0915 k99_123_flag_0_multi_46.3963_len_35819

CONTIG: k99_98_flag_0_multi_46.4340_len_18441 (18441bp)
Top Length: 18441  Top ID: 100.0
		One align captures most of this contig: 244240 262680 | 1 18441 | 18441 18441 | 100.0 | Buchnera_aphidicola_Acyrthosiphon_pisum_0915 k99_98_flag_0_multi_46.4340_len_18441

CONTIG: k99_56_flag_0_multi_46.2667_len_6011 (6011bp)
Top Length: 6011  Top ID: 100.0
		One align captures most of this contig: 238268 244278 | 6011 1 | 6011 6011 | 100.0 | Buchnera_aphidicola_Acyrthosiphon_pisum_0915 k99_56_flag_0_multi_46.2667_len_6011

CONTIG: k99_60_flag_0_multi_43.4390_len_1739 (1739bp)
Top Length: 1739  Top ID: 100.0
		One align captures most of this contig: 475130 476868 | 1739 1 | 1739 1739 | 100.0 | Buchnera_aphidicola_Acyrthosiphon_pisum_0915 k99_60_flag_0_multi_43.4390_len_1739

CONTIG: k99_77_flag_0_multi_46.4218_len_1948 (1948bp)
Top Length: 1948  Top ID: 100.0
		One align captures most of this contig: 80159 82106 | 1 1948 | 1948 1948 | 100.0 | Buchnera_aphidicola_Acyrthosiphon_pisum_0915 k99_77_flag_0_multi_46.4218_len_1948

CONTIG: k99_99_flag_0_multi_48.7155_len_5565 (5565bp)
Top Length: 5565  Top ID: 100.0
		One align captures most of this contig: 120993 126557 | 1 5565 | 5565 5565 | 100.0 | Buchnera_aphidicola_Acyrthosiphon_pisum_0915 k99_99_flag_0_multi_48.7155_len_5565

CONTIG: k99_117_flag_0_multi_46.2265_len_14685 (14685bp)
Top Length: 14685  Top ID: 100.0
		One align captures most of this contig: 618725 633409 | 1 14685 | 14685 14685 | 100.0 | Buchnera_aphidicola_Acyrthosiphon_pisum_0915 k99_117_flag_0_multi_46.2265_len_14685

CONTIG: k99_189_flag_0_multi_47.3091_len_19122 (19122bp)
Top Length: 246  Top ID: 96.75
		This contig is partially unaligned. (Aligned 246 out of 19122 bases)
		Alignment: 454838 455083 | 1 246 | 246 246 | 96.75 | Buchnera_aphidicola_Acyrthosiphon_pisum_0915 k99_189_flag_0_multi_47.3091_len_19122
		Unaligned bases: 247 to 19122 (18876)

CONTIG: k99_125_flag_0_multi_44.2474_len_1360 (1360bp)
Top Length: 1360  Top ID: 100.0
		One align captures most of this contig: 408238 409597 | 1360 1 | 1360 1360 | 100.0 | Buchnera_aphidicola_Acyrthosiphon_pisum_0915 k99_125_flag_0_multi_44.2474_len_1360

CONTIG: k99_54_flag_0_multi_45.8809_len_2929 (2929bp)
		This contig is unaligned. (2929 bp)
		Unaligned bases: 2929  total: 420583

CONTIG: k99_90_flag_0_multi_44.4942_len_8843 (8843bp)
Top Length: 8843  Top ID: 100.0
		One align captures most of this contig: 377813 386655 | 8843 1 | 8843 8843 | 100.0 | Buchnera_aphidicola_Acyrthosiphon_pisum_0915 k99_90_flag_0_multi_44.4942_len_8843

CONTIG: k99_155_flag_0_multi_46.8700_len_40683 (40683bp)
Top Length: 40683  Top ID: 100.0
		One align captures most of this contig: 266779 307461 | 1 40683 | 40683 40683 | 100.0 | Buchnera_aphidicola_Acyrthosiphon_pisum_0915 k99_155_flag_0_multi_46.8700_len_40683

CONTIG: k99_80_flag_0_multi_52.0804_len_6842 (6842bp)
Top Length: 6842  Top ID: 100.0
		One align captures most of this contig: 409534 416375 | 6842 1 | 6842 6842 | 100.0 | Buchnera_aphidicola_Acyrthosiphon_pisum_0915 k99_80_flag_0_multi_52.0804_len_6842

CONTIG: k99_67_flag_0_multi_52.1399_len_2451 (2451bp)
Top Length: 2451  Top ID: 100.0
		One align captures most of this contig: 507782 510232 | 1 2451 | 2451 2451 | 100.0 | Buchnera_aphidicola_Acyrthosiphon_pisum_0915 k99_67_flag_0_multi_52.1399_len_2451

CONTIG: k99_71_flag_0_multi_35.0999_len_1300 (1300bp)
Top Length: 1300  Top ID: 100.0
		One align captures most of this contig: 148141 149440 | 1300 1 | 1300 1300 | 100.0 | Buchnera_aphidicola_Acyrthosiphon_pisum_0915 k99_71_flag_0_multi_35.0999_len_1300

CONTIG: k99_63_flag_0_multi_49.7948_len_36227 (36227bp)
		This contig is unaligned. (36227 bp)
		Unaligned bases: 36227  total: 456810

CONTIG: k99_74_flag_0_multi_47.2716_len_19749 (19749bp)
Top Length: 332  Top ID: 95.78
		This contig is partially unaligned. (Aligned 332 out of 19749 bases)
		Alignment: 560344 560675 | 332 1 | 332 332 | 95.78 | Buchnera_aphidicola_Acyrthosiphon_pisum_0915 k99_74_flag_0_multi_47.2716_len_19749
		Unaligned bases: 333 to 19749 (19417)

CONTIG: k99_50_flag_0_multi_47.7808_len_4916 (4916bp)
Top Length: 4916  Top ID: 100.0
		One align captures most of this contig: 416282 421197 | 4916 1 | 4916 4916 | 100.0 | Buchnera_aphidicola_Acyrthosiphon_pisum_0915 k99_50_flag_0_multi_47.7808_len_4916

CONTIG: k99_167_flag_0_multi_47.6427_len_16173 (16173bp)
Top Length: 16173  Top ID: 100.0
		One align captures most of this contig: 222193 238365 | 1 16173 | 16173 16173 | 100.0 | Buchnera_aphidicola_Acyrthosiphon_pisum_0915 k99_167_flag_0_multi_47.6427_len_16173

CONTIG: k99_14_flag_0_multi_49.1844_len_2935 (2935bp)
Top Length: 2935  Top ID: 100.0
		One align captures most of this contig: 447005 449939 | 1 2935 | 2935 2935 | 100.0 | Buchnera_aphidicola_Acyrthosiphon_pisum_0915 k99_14_flag_0_multi_49.1844_len_2935

CONTIG: k99_111_flag_0_multi_41.0317_len_3723 (3723bp)
		This contig is unaligned. (3723 bp)
		Unaligned bases: 3723  total: 460533

CONTIG: k99_160_flag_0_multi_45.2439_len_1727 (1727bp)
Top Length: 1727  Top ID: 100.0
		One align captures most of this contig: 567881 569607 | 1727 1 | 1727 1727 | 100.0 | Buchnera_aphidicola_Acyrthosiphon_pisum_0915 k99_160_flag_0_multi_45.2439_len_1727

CONTIG: k99_122_flag_0_multi_41.3620_len_2491 (2491bp)
		This contig is unaligned. (2491 bp)
		Unaligned bases: 2491  total: 463024

CONTIG: k99_78_flag_0_multi_46.9507_len_20964 (20964bp)
Top Length: 20964  Top ID: 100.0
		One align captures most of this contig: 476772 497735 | 20964 1 | 20964 20964 | 100.0 | Buchnera_aphidicola_Acyrthosiphon_pisum_0915 k99_78_flag_0_multi_46.9507_len_20964

CONTIG: k99_180_flag_0_multi_48.0137_len_5292 (5292bp)
		This contig is unaligned. (5292 bp)
		Unaligned bases: 5292  total: 468316

CONTIG: k99_86_flag_0_multi_46.5104_len_10056 (10056bp)
Top Length: 10056  Top ID: 100.0
		One align captures most of this contig: 159598 169653 | 1 10056 | 10056 10056 | 100.0 | Buchnera_aphidicola_Acyrthosiphon_pisum_0915 k99_86_flag_0_multi_46.5104_len_10056

CONTIG: k99_171_flag_0_multi_50.8253_len_6924 (6924bp)
Top Length: 6924  Top ID: 100.0
		One align captures most of this contig: 609752 616675 | 6924 1 | 6924 6924 | 100.0 | Buchnera_aphidicola_Acyrthosiphon_pisum_0915 k99_171_flag_0_multi_50.8253_len_6924

CONTIG: k99_144_flag_0_multi_52.1219_len_5570 (5570bp)
		This contig is unaligned. (5570 bp)
		Unaligned bases: 5570  total: 473886

CONTIG: k99_41_flag_0_multi_46.0611_len_12757 (12757bp)
Top Length: 12757  Top ID: 100.0
		One align captures most of this contig: 14 12770 | 12757 1 | 12757 12757 | 100.0 | Buchnera_aphidicola_Acyrthosiphon_pisum_0915 k99_41_flag_0_multi_46.0611_len_12757

CONTIG: k99_179_flag_0_multi_47.1996_len_2935 (2935bp)
		This contig is unaligned. (2935 bp)
		Unaligned bases: 2935  total: 476821

CONTIG: k99_164_flag_0_multi_47.0573_len_1303 (1303bp)
		This contig is unaligned. (1303 bp)
		Unaligned bases: 1303  total: 478124

CONTIG: k99_62_flag_0_multi_46.9524_len_5200 (5200bp)
Top Length: 5200  Top ID: 100.0
		One align captures most of this contig: 546225 551424 | 1 5200 | 5200 5200 | 100.0 | Buchnera_aphidicola_Acyrthosiphon_pisum_0915 k99_62_flag_0_multi_46.9524_len_5200

CONTIG: k99_24_flag_0_multi_45.1864_len_2234 (2234bp)
Top Length: 2234  Top ID: 100.0
		One align captures most of this contig: 616579 618812 | 2234 1 | 2234 2234 | 100.0 | Buchnera_aphidicola_Acyrthosiphon_pisum_0915 k99_24_flag_0_multi_45.1864_len_2234

CONTIG: k99_15_flag_0_multi_43.2066_len_2234 (2234bp)
		This contig is unaligned. (2234 bp)
		Unaligned bases: 2234  total: 480358

CONTIG: k99_52_flag_0_multi_51.1742_len_2194 (2194bp)
Top Length: 479  Top ID: 95.2
		This contig is partially unaligned. (Aligned 479 out of 2194 bases)
		Alignment: 394950 395428 | 479 1 | 479 479 | 95.2 | Buchnera_aphidicola_Acyrthosiphon_pisum_0915 k99_52_flag_0_multi_51.1742_len_2194
		Unaligned bases: 480 to 2194 (1715)

CONTIG: k99_57_flag_0_multi_50.1815_len_9643 (9643bp)
		This contig is unaligned. (9643 bp)
		Unaligned bases: 9643  total: 490001

CONTIG: k99_66_flag_0_multi_57.1202_len_2195 (2195bp)
		This contig is unaligned. (2195 bp)
		Unaligned bases: 2195  total: 492196

CONTIG: k99_176_flag_0_multi_45.0449_len_10546 (10546bp)
		This contig is unaligned. (10546 bp)
		Unaligned bases: 10546  total: 502742

CONTIG: k99_126_flag_0_multi_50.9366_len_7941 (7941bp)
Top Length: 7941  Top ID: 100.0
		One align captures most of this contig: 126463 134403 | 1 7941 | 7941 7941 | 100.0 | Buchnera_aphidicola_Acyrthosiphon_pisum_0915 k99_126_flag_0_multi_50.9366_len_7941

CONTIG: k99_175_flag_0_multi_45.6129_len_18830 (18830bp)
Top Length: 18830  Top ID: 98.24
		One align captures most of this contig: 532595 551424 | 18830 1 | 18830 18830 | 98.24 | Buchnera_aphidicola_Acyrthosiphon_pisum_0915 k99_175_flag_0_multi_45.6129_len_18830

CONTIG: k99_48_flag_0_multi_48.2686_len_32101 (32101bp)
Top Length: 32101  Top ID: 100.0
		One align captures most of this contig: 85423 117523 | 32101 1 | 32101 32101 | 100.0 | Buchnera_aphidicola_Acyrthosiphon_pisum_0915 k99_48_flag_0_multi_48.2686_len_32101

CONTIG: k99_10_flag_0_multi_33.1386_len_770 (770bp)
Top Length: 770  Top ID: 95.32
		One align captures most of this contig: 120279 121048 | 1 770 | 770 770 | 95.32 | Buchnera_aphidicola_Acyrthosiphon_pisum_0915 k99_10_flag_0_multi_33.1386_len_770

CONTIG: k99_150_flag_0_multi_43.1197_len_6732 (6732bp)
		This contig is unaligned. (6732 bp)
		Unaligned bases: 6732  total: 509474

CONTIG: k99_87_flag_0_multi_48.0407_len_3417 (3417bp)
		This contig is unaligned. (3417 bp)
		Unaligned bases: 3417  total: 512891

CONTIG: k99_49_flag_0_multi_46.9755_len_4269 (4269bp)
Top Length: 4269  Top ID: 100.0
		One align captures most of this contig: 149444 153712 | 1 4269 | 4269 4269 | 100.0 | Buchnera_aphidicola_Acyrthosiphon_pisum_0915 k99_49_flag_0_multi_46.9755_len_4269

CONTIG: k99_185_flag_0_multi_46.6194_len_52933 (52933bp)
		This contig is unaligned. (52933 bp)
		Unaligned bases: 52933  total: 565824

CONTIG: k99_158_flag_0_multi_49.2058_len_1727 (1727bp)
		This contig is unaligned. (1727 bp)
		Unaligned bases: 1727  total: 567551

CONTIG: k99_32_flag_0_multi_51.0303_len_6003 (6003bp)
Top Length: 6003  Top ID: 100.0
		One align captures most of this contig: 153693 159695 | 1 6003 | 6003 6003 | 100.0 | Buchnera_aphidicola_Acyrthosiphon_pisum_0915 k99_32_flag_0_multi_51.0303_len_6003

CONTIG: k99_73_flag_0_multi_44.2007_len_2451 (2451bp)
		This contig is unaligned. (2451 bp)
		Unaligned bases: 2451  total: 570002

CONTIG: k99_152_flag_0_multi_46.1277_len_4760 (4760bp)
		This contig is unaligned. (4760 bp)
		Unaligned bases: 4760  total: 574762

CONTIG: k99_105_flag_0_multi_48.0452_len_2491 (2491bp)
Top Length: 2491  Top ID: 100.0
		One align captures most of this contig: 145714 148204 | 1 2491 | 2491 2491 | 100.0 | Buchnera_aphidicola_Acyrthosiphon_pisum_0915 k99_105_flag_0_multi_48.0452_len_2491

CONTIG: k99_40_flag_0_multi_45.2192_len_6842 (6842bp)
		This contig is unaligned. (6842 bp)
		Unaligned bases: 6842  total: 581604

CONTIG: k99_147_flag_0_multi_48.1221_len_4760 (4760bp)
Top Length: 4760  Top ID: 100.0
		One align captures most of this contig: 604299 609058 | 4760 1 | 4760 4760 | 100.0 | Buchnera_aphidicola_Acyrthosiphon_pisum_0915 k99_147_flag_0_multi_48.1221_len_4760

CONTIG: k99_119_flag_0_multi_46.6193_len_34951 (34951bp)
Top Length: 34951  Top ID: 100.0
		One align captures most of this contig: 330362 365312 | 34951 1 | 34951 34951 | 100.0 | Buchnera_aphidicola_Acyrthosiphon_pisum_0915 k99_119_flag_0_multi_46.6193_len_34951

Analyzing coverage...
Writing SNPs into /vol/cami-scratch/Simpipeline/iTol_genomes/Buchnera_aphidicola_Acyrthosiphon_pisum_0915/quast_consensus/Buchnera_aphidicola_Acyrthosiphon_pisum_0915_quast_output/contigs_reports/nucmer_output/final.contigs.used_snps
	Reference Buchnera_aphidicola_Acyrthosiphon_pisum_0915: 74 total alignments. 1 total regions.
		Region: 1 to 641799 (641799 bp)
			START in gap: 1 to 14 (13 bp)
			Align 1: 14 12770 k99_41_flag_0_multi_46.0611_len_12757 12757 1
				Negative gap (overlap) between this and next alignment: 12770 to 12674 (-96 bp)
				Next Alignment: 12674 48492 k99_123_flag_0_multi_46.3963_len_35819 1 35819

			Previous gap was negative, modifying coordinates to ignore overlap
				Moving contig start from 1 to 98.
			Align 2: 12771 48492 k99_123_flag_0_multi_46.3963_len_35819 98 35819
				Negative gap (overlap) between this and next alignment: 48492 to 48418 (-74 bp)
				Next Alignment: 48418 80212 k99_97_flag_0_multi_45.1750_len_31795 31795 1

			Previous gap was negative, modifying coordinates to ignore overlap
				Moving contig start from 31795 to 31720.
			Align 3: 48493 80212 k99_97_flag_0_multi_45.1750_len_31795 31720 1
				Negative gap (overlap) between this and next alignment: 80212 to 80159 (-53 bp)
				Next Alignment: 80159 82106 k99_77_flag_0_multi_46.4218_len_1948 1 1948

			Previous gap was negative, modifying coordinates to ignore overlap
				Moving contig start from 1 to 55.
			Align 4: 80213 82106 k99_77_flag_0_multi_46.4218_len_1948 55 1948
				Negative gap (overlap) between this and next alignment: 82106 to 82010 (-96 bp)
				Next Alignment: 82010 85486 k99_23_flag_0_multi_46.2057_len_3477 3477 1

			Previous gap was negative, modifying coordinates to ignore overlap
				Moving contig start from 3477 to 3380.
			Align 5: 82107 85486 k99_23_flag_0_multi_46.2057_len_3477 3380 1
				Negative gap (overlap) between this and next alignment: 85486 to 85423 (-63 bp)
				Next Alignment: 85423 117523 k99_48_flag_0_multi_48.2686_len_32101 32101 1

			Previous gap was negative, modifying coordinates to ignore overlap
				Moving contig start from 32101 to 32037.
			Align 6: 85487 117523 k99_48_flag_0_multi_48.2686_len_32101 32037 1
				Negative gap (overlap) between this and next alignment: 117523 to 117430 (-93 bp)
				Next Alignment: 117430 120358 k99_34_flag_0_multi_46.5124_len_2929 1 2929

			Previous gap was negative, modifying coordinates to ignore overlap
				Moving contig start from 1 to 95.
			Align 7: 117524 120358 k99_34_flag_0_multi_46.5124_len_2929 95 2929
				Negative gap (overlap) between this and next alignment: 120358 to 120279 (-79 bp)
				Next Alignment: 120279 121048 k99_9_flag_0_multi_57.4367_len_770 1 770

			Previous gap was negative, modifying coordinates to ignore overlap
				Moving contig start from 1 to 81.
			Align 8: 120359 121048 k99_9_flag_0_multi_57.4367_len_770 81 770
				The next alignment (120279 121048 k99_10_flag_0_multi_33.1386_len_770 1 770) is redundant. Skipping.
				Negative gap (overlap) between this and next alignment: 121048 to 120993 (-55 bp)
				Next Alignment: 120993 126557 k99_99_flag_0_multi_48.7155_len_5565 1 5565

			Previous gap was negative, modifying coordinates to ignore overlap
				Moving contig start from 1 to 57.
			Align 10: 121049 126557 k99_99_flag_0_multi_48.7155_len_5565 57 5565
				Negative gap (overlap) between this and next alignment: 126557 to 126463 (-94 bp)
				Next Alignment: 126463 134403 k99_126_flag_0_multi_50.9366_len_7941 1 7941

			Previous gap was negative, modifying coordinates to ignore overlap
				Moving contig start from 1 to 96.
			Align 11: 126558 134403 k99_126_flag_0_multi_50.9366_len_7941 96 7941
				Negative gap (overlap) between this and next alignment: 134403 to 134332 (-71 bp)
				Next Alignment: 134332 145811 k99_112_flag_0_multi_46.3739_len_11480 11480 1

			Previous gap was negative, modifying coordinates to ignore overlap
				Moving contig start from 11480 to 11408.
			Align 12: 134404 145811 k99_112_flag_0_multi_46.3739_len_11480 11408 1
				Negative gap (overlap) between this and next alignment: 145811 to 145714 (-97 bp)
				Next Alignment: 145714 148204 k99_105_flag_0_multi_48.0452_len_2491 1 2491

			Previous gap was negative, modifying coordinates to ignore overlap
				Moving contig start from 1 to 99.
			Align 13: 145812 148204 k99_105_flag_0_multi_48.0452_len_2491 99 2491
				Negative gap (overlap) between this and next alignment: 148204 to 148141 (-63 bp)
				Next Alignment: 148141 149440 k99_71_flag_0_multi_35.0999_len_1300 1300 1

			Previous gap was negative, modifying coordinates to ignore overlap
				Moving contig start from 1300 to 1236.
			Align 14: 148205 149440 k99_71_flag_0_multi_35.0999_len_1300 1236 1
				Gap between this and next alignment: 149440 to 149444 (3 bp)
				Next Alignment: 149444 153712 k99_49_flag_0_multi_46.9755_len_4269 1 4269

			Align 15: 149444 153712 k99_49_flag_0_multi_46.9755_len_4269 1 4269
				Negative gap (overlap) between this and next alignment: 153712 to 153693 (-19 bp)
				Next Alignment: 153693 159695 k99_32_flag_0_multi_51.0303_len_6003 1 6003

			Previous gap was negative, modifying coordinates to ignore overlap
				Moving contig start from 1 to 21.
			Align 16: 153713 159695 k99_32_flag_0_multi_51.0303_len_6003 21 6003
				Negative gap (overlap) between this and next alignment: 159695 to 159598 (-97 bp)
				Next Alignment: 159598 169653 k99_86_flag_0_multi_46.5104_len_10056 1 10056

			Previous gap was negative, modifying coordinates to ignore overlap
				Moving contig start from 1 to 99.
			Align 17: 159696 169653 k99_86_flag_0_multi_46.5104_len_10056 99 10056
				Gap between this and next alignment: 169653 to 169840 (186 bp)
				Next Alignment: 169840 189339 k99_103_flag_0_multi_47.5322_len_19500 1 19500

			Align 18: 169840 189339 k99_103_flag_0_multi_47.5322_len_19500 1 19500
				Negative gap (overlap) between this and next alignment: 189339 to 189265 (-74 bp)
				Next Alignment: 189265 201264 k99_30_flag_0_multi_48.0964_len_12000 1 12000

			Previous gap was negative, modifying coordinates to ignore overlap
				Moving contig start from 1 to 76.
			Align 19: 189340 201264 k99_30_flag_0_multi_48.0964_len_12000 76 12000
				Negative gap (overlap) between this and next alignment: 201264 to 201198 (-66 bp)
				Next Alignment: 201198 218645 k99_172_flag_0_multi_50.3889_len_17448 17448 1

			Previous gap was negative, modifying coordinates to ignore overlap
				Moving contig start from 17448 to 17381.
			Align 20: 201265 218645 k99_172_flag_0_multi_50.3889_len_17448 17381 1
				Negative gap (overlap) between this and next alignment: 218645 to 218552 (-93 bp)
				Next Alignment: 218552 222274 k99_116_flag_0_multi_44.0168_len_3723 3723 1

			Previous gap was negative, modifying coordinates to ignore overlap
				Moving contig start from 3723 to 3629.
			Align 21: 218646 222274 k99_116_flag_0_multi_44.0168_len_3723 3629 1
				Negative gap (overlap) between this and next alignment: 222274 to 222193 (-81 bp)
				Next Alignment: 222193 238365 k99_167_flag_0_multi_47.6427_len_16173 1 16173

			Previous gap was negative, modifying coordinates to ignore overlap
				Moving contig start from 1 to 83.
			Align 22: 222275 238365 k99_167_flag_0_multi_47.6427_len_16173 83 16173
				Negative gap (overlap) between this and next alignment: 238365 to 238268 (-97 bp)
				Next Alignment: 238268 244278 k99_56_flag_0_multi_46.2667_len_6011 6011 1

			Previous gap was negative, modifying coordinates to ignore overlap
				Moving contig start from 6011 to 5913.
			Align 23: 238366 244278 k99_56_flag_0_multi_46.2667_len_6011 5913 1
				Negative gap (overlap) between this and next alignment: 244278 to 244240 (-38 bp)
				Next Alignment: 244240 262680 k99_98_flag_0_multi_46.4340_len_18441 1 18441

			Previous gap was negative, modifying coordinates to ignore overlap
				Moving contig start from 1 to 40.
			Align 24: 244279 262680 k99_98_flag_0_multi_46.4340_len_18441 40 18441
				Negative gap (overlap) between this and next alignment: 262680 to 262604 (-76 bp)
				Next Alignment: 262604 266849 k99_96_flag_0_multi_47.1483_len_4246 1 4246

			Previous gap was negative, modifying coordinates to ignore overlap
				Moving contig start from 1 to 78.
			Align 25: 262681 266849 k99_96_flag_0_multi_47.1483_len_4246 78 4246
				Negative gap (overlap) between this and next alignment: 266849 to 266779 (-70 bp)
				Next Alignment: 266779 307461 k99_155_flag_0_multi_46.8700_len_40683 1 40683

			Previous gap was negative, modifying coordinates to ignore overlap
				Moving contig start from 1 to 72.
			Align 26: 266850 307461 k99_155_flag_0_multi_46.8700_len_40683 72 40683
				Negative gap (overlap) between this and next alignment: 307461 to 307372 (-89 bp)
				Next Alignment: 307372 325885 k99_168_flag_0_multi_47.8037_len_18514 1 18514

			Previous gap was negative, modifying coordinates to ignore overlap
				Moving contig start from 1 to 91.
			Align 27: 307462 325885 k99_168_flag_0_multi_47.8037_len_18514 91 18514
				The next alignment (307372 307490 k99_46_flag_0_multi_48.0360_len_5398 1 119) is redundant. Skipping.
				Negative gap (overlap) between this and next alignment: 325885 to 325808 (-77 bp)
				Next Alignment: 325808 330455 k99_132_flag_0_multi_50.8716_len_4648 4648 1

			Previous gap was negative, modifying coordinates to ignore overlap
				Moving contig start from 4648 to 4570.
			Align 29: 325886 330455 k99_132_flag_0_multi_50.8716_len_4648 4570 1
				Negative gap (overlap) between this and next alignment: 330455 to 330362 (-93 bp)
				Next Alignment: 330362 365312 k99_119_flag_0_multi_46.6193_len_34951 34951 1

			Previous gap was negative, modifying coordinates to ignore overlap
				Moving contig start from 34951 to 34857.
			Align 30: 330456 365312 k99_119_flag_0_multi_46.6193_len_34951 34857 1
				Negative gap (overlap) between this and next alignment: 365312 to 365219 (-93 bp)
				Next Alignment: 365219 372471 k99_68_flag_0_multi_50.6190_len_7253 7253 1

			Previous gap was negative, modifying coordinates to ignore overlap
				Moving contig start from 7253 to 7159.
			Align 31: 365313 372471 k99_68_flag_0_multi_50.6190_len_7253 7159 1
				Negative gap (overlap) between this and next alignment: 372471 to 372384 (-87 bp)
				Next Alignment: 372384 375800 k99_85_flag_0_multi_45.0552_len_3417 3417 1

			Previous gap was negative, modifying coordinates to ignore overlap
				Moving contig start from 3417 to 3329.
			Align 32: 372472 375800 k99_85_flag_0_multi_45.0552_len_3417 3329 1
				Negative gap (overlap) between this and next alignment: 375800 to 375707 (-93 bp)
				Next Alignment: 375707 377901 k99_19_flag_0_multi_54.1517_len_2195 1 2195

			Previous gap was negative, modifying coordinates to ignore overlap
				Moving contig start from 1 to 95.
			Align 33: 375801 377901 k99_19_flag_0_multi_54.1517_len_2195 95 2195
				Negative gap (overlap) between this and next alignment: 377901 to 377813 (-88 bp)
				Next Alignment: 377813 386655 k99_90_flag_0_multi_44.4942_len_8843 8843 1

			Previous gap was negative, modifying coordinates to ignore overlap
				Moving contig start from 8843 to 8754.
			Align 34: 377902 386655 k99_90_flag_0_multi_44.4942_len_8843 8754 1
				Negative gap (overlap) between this and next alignment: 386655 to 386557 (-98 bp)
				Next Alignment: 386557 395428 k99_93_flag_0_multi_46.6293_len_8872 8872 1

			Previous gap was negative, modifying coordinates to ignore overlap
				Moving contig start from 8872 to 8773.
			Align 35: 386656 395428 k99_93_flag_0_multi_46.6293_len_8872 8773 1
				The next alignment (394950 395428 k99_52_flag_0_multi_51.1742_len_2194 479 1) is redundant. Skipping.
				Negative gap (overlap) between this and next alignment: 395428 to 395402 (-26 bp)
				Next Alignment: 395402 408336 k99_136_flag_0_multi_47.5100_len_12935 12935 1

			Previous gap was negative, modifying coordinates to ignore overlap
				Moving contig start from 12935 to 12908.
			Align 37: 395429 408336 k99_136_flag_0_multi_47.5100_len_12935 12908 1
				Negative gap (overlap) between this and next alignment: 408336 to 408238 (-98 bp)
				Next Alignment: 408238 409597 k99_125_flag_0_multi_44.2474_len_1360 1360 1

			Previous gap was negative, modifying coordinates to ignore overlap
				Moving contig start from 1360 to 1261.
			Align 38: 408337 409597 k99_125_flag_0_multi_44.2474_len_1360 1261 1
				Negative gap (overlap) between this and next alignment: 409597 to 409534 (-63 bp)
				Next Alignment: 409534 416375 k99_80_flag_0_multi_52.0804_len_6842 6842 1

			Previous gap was negative, modifying coordinates to ignore overlap
				Moving contig start from 6842 to 6778.
			Align 39: 409598 416375 k99_80_flag_0_multi_52.0804_len_6842 6778 1
				Negative gap (overlap) between this and next alignment: 416375 to 416282 (-93 bp)
				Next Alignment: 416282 416431 k99_161_flag_0_multi_50.6055_len_8099 8099 7950

			Previous gap was negative, modifying coordinates to ignore overlap
				Moving contig start from 8099 to 8005.
			Align 40: 416376 416431 k99_161_flag_0_multi_50.6055_len_8099 8005 7950
				Negative gap (overlap) between this and next alignment: 416431 to 416282 (-149 bp)
				Next Alignment: 416282 421197 k99_50_flag_0_multi_47.7808_len_4916 4916 1

			Previous gap was negative, modifying coordinates to ignore overlap
				Moving contig start from 4916 to 4766.
			Align 41: 416432 421197 k99_50_flag_0_multi_47.7808_len_4916 4766 1
				Negative gap (overlap) between this and next alignment: 421197 to 421102 (-95 bp)
				Next Alignment: 421102 447096 k99_138_flag_0_multi_45.3024_len_25995 25995 1

			Previous gap was negative, modifying coordinates to ignore overlap
				Moving contig start from 25995 to 25899.
			Align 42: 421198 447096 k99_138_flag_0_multi_45.3024_len_25995 25899 1
				The next alignment (446746 447096 k99_92_flag_0_multi_46.2606_len_1776 351 1) is redundant. Skipping.
				Negative gap (overlap) between this and next alignment: 447096 to 447005 (-91 bp)
				Next Alignment: 447005 449939 k99_14_flag_0_multi_49.1844_len_2935 1 2935

			Previous gap was negative, modifying coordinates to ignore overlap
				Moving contig start from 1 to 93.
			Align 44: 447097 449939 k99_14_flag_0_multi_49.1844_len_2935 93 2935
				Negative gap (overlap) between this and next alignment: 449939 to 449900 (-39 bp)
				Next Alignment: 449900 453719 k99_22_flag_0_multi_48.0172_len_3820 1 3820

			Previous gap was negative, modifying coordinates to ignore overlap
				Moving contig start from 1 to 41.
			Align 45: 449940 453719 k99_22_flag_0_multi_48.0172_len_3820 41 3820
				Negative gap (overlap) between this and next alignment: 453719 to 453633 (-86 bp)
				Next Alignment: 453633 454926 k99_12_flag_0_multi_48.1782_len_1294 1 1294

			Previous gap was negative, modifying coordinates to ignore overlap
				Moving contig start from 1 to 88.
			Align 46: 453720 454926 k99_12_flag_0_multi_48.1782_len_1294 88 1294
				The next alignment (453633 454926 k99_159_flag_0_multi_57.1556_len_1294 1 1294) is redundant. Skipping.
				Negative gap (overlap) between this and next alignment: 454926 to 454838 (-88 bp)
				Next Alignment: 454838 466024 k99_181_flag_0_multi_49.1734_len_11187 1 11187

			Previous gap was negative, modifying coordinates to ignore overlap
				Moving contig start from 1 to 90.
			Align 48: 454927 466024 k99_181_flag_0_multi_49.1734_len_11187 90 11187
				The next alignment (454838 455083 k99_189_flag_0_multi_47.3091_len_19122 1 246) is redundant. Skipping.
				Negative gap (overlap) between this and next alignment: 466024 to 465930 (-94 bp)
				Next Alignment: 465930 475228 k99_166_flag_0_multi_47.0020_len_9299 1 9299

			Previous gap was negative, modifying coordinates to ignore overlap
				Moving contig start from 1 to 96.
			Align 50: 466025 475228 k99_166_flag_0_multi_47.0020_len_9299 96 9299
				Negative gap (overlap) between this and next alignment: 475228 to 475130 (-98 bp)
				Next Alignment: 475130 476868 k99_60_flag_0_multi_43.4390_len_1739 1739 1

			Previous gap was negative, modifying coordinates to ignore overlap
				Moving contig start from 1739 to 1640.
			Align 51: 475229 476868 k99_60_flag_0_multi_43.4390_len_1739 1640 1
				Negative gap (overlap) between this and next alignment: 476868 to 476772 (-96 bp)
				Next Alignment: 476772 497735 k99_78_flag_0_multi_46.9507_len_20964 20964 1

			Previous gap was negative, modifying coordinates to ignore overlap
				Moving contig start from 20964 to 20867.
			Align 52: 476869 497735 k99_78_flag_0_multi_46.9507_len_20964 20867 1
				Negative gap (overlap) between this and next alignment: 497735 to 497687 (-48 bp)
				Next Alignment: 497687 507842 k99_104_flag_0_multi_43.4890_len_10156 1 10156

			Previous gap was negative, modifying coordinates to ignore overlap
				Moving contig start from 1 to 50.
			Align 53: 497736 507842 k99_104_flag_0_multi_43.4890_len_10156 50 10156
				Negative gap (overlap) between this and next alignment: 507842 to 507782 (-60 bp)
				Next Alignment: 507782 510232 k99_67_flag_0_multi_52.1399_len_2451 1 2451

			Previous gap was negative, modifying coordinates to ignore overlap
				Moving contig start from 1 to 62.
			Align 54: 507843 510232 k99_67_flag_0_multi_52.1399_len_2451 62 2451
				Negative gap (overlap) between this and next alignment: 510232 to 510139 (-93 bp)
				Next Alignment: 510139 522246 k99_146_flag_0_multi_42.0712_len_12108 12108 1

			Previous gap was negative, modifying coordinates to ignore overlap
				Moving contig start from 12108 to 12014.
			Align 55: 510233 522246 k99_146_flag_0_multi_42.0712_len_12108 12014 1
				Negative gap (overlap) between this and next alignment: 522246 to 522148 (-98 bp)
				Next Alignment: 522148 532693 k99_120_flag_0_multi_48.0405_len_10546 1 10546

			Previous gap was negative, modifying coordinates to ignore overlap
				Moving contig start from 1 to 100.
			Align 56: 522247 532693 k99_120_flag_0_multi_48.0405_len_10546 100 10546
				Negative gap (overlap) between this and next alignment: 532693 to 532595 (-98 bp)
				Next Alignment: 532595 551424 k99_175_flag_0_multi_45.6129_len_18830 18830 1

			Previous gap was negative, modifying coordinates to ignore overlap
				Moving contig start from 18830 to 18731.
			Align 57: 532694 551424 k99_175_flag_0_multi_45.6129_len_18830 18731 1
				The next alignment (546225 551424 k99_62_flag_0_multi_46.9524_len_5200 1 5200) is redundant. Skipping.
				Negative gap (overlap) between this and next alignment: 551424 to 551351 (-73 bp)
				Next Alignment: 551351 557831 k99_141_flag_0_multi_45.5619_len_6481 6481 1

			Previous gap was negative, modifying coordinates to ignore overlap
				Moving contig start from 6481 to 6407.
			Align 59: 551425 557831 k99_141_flag_0_multi_45.5619_len_6481 6407 1
				Negative gap (overlap) between this and next alignment: 557831 to 557759 (-72 bp)
				Next Alignment: 557759 560675 k99_113_flag_0_multi_45.1086_len_2917 1 2917

			Previous gap was negative, modifying coordinates to ignore overlap
				Moving contig start from 1 to 74.
			Align 60: 557832 560675 k99_113_flag_0_multi_45.1086_len_2917 74 2917
				The next alignment (560344 560675 k99_74_flag_0_multi_47.2716_len_19749 332 1) is redundant. Skipping.
				Negative gap (overlap) between this and next alignment: 560675 to 560588 (-87 bp)
				Next Alignment: 560588 567966 k99_145_flag_0_multi_45.0466_len_7379 1 7379

			Previous gap was negative, modifying coordinates to ignore overlap
				Moving contig start from 1 to 89.
			Align 62: 560676 567966 k99_145_flag_0_multi_45.0466_len_7379 89 7379
				Negative gap (overlap) between this and next alignment: 567966 to 567881 (-85 bp)
				Next Alignment: 567881 569607 k99_160_flag_0_multi_45.2439_len_1727 1727 1

			Previous gap was negative, modifying coordinates to ignore overlap
				Moving contig start from 1727 to 1641.
			Align 63: 567967 569607 k99_160_flag_0_multi_45.2439_len_1727 1641 1
				Negative gap (overlap) between this and next alignment: 569607 to 569549 (-58 bp)
				Next Alignment: 569549 579405 k99_39_flag_0_multi_46.6910_len_9857 1 9857

			Previous gap was negative, modifying coordinates to ignore overlap
				Moving contig start from 1 to 60.
			Align 64: 569608 579405 k99_39_flag_0_multi_46.6910_len_9857 60 9857
				Negative gap (overlap) between this and next alignment: 579405 to 579321 (-84 bp)
				Next Alignment: 579321 583817 k99_173_flag_0_multi_45.0887_len_4497 4497 1

			Previous gap was negative, modifying coordinates to ignore overlap
				Moving contig start from 4497 to 4412.
			Align 65: 579406 583817 k99_173_flag_0_multi_45.0887_len_4497 4412 1
				Negative gap (overlap) between this and next alignment: 583817 to 583755 (-62 bp)
				Next Alignment: 583755 600157 k99_81_flag_0_multi_47.5136_len_16403 16403 1

			Previous gap was negative, modifying coordinates to ignore overlap
				Moving contig start from 16403 to 16340.
			Align 66: 583818 600157 k99_81_flag_0_multi_47.5136_len_16403 16340 1
				Negative gap (overlap) between this and next alignment: 600157 to 600060 (-97 bp)
				Next Alignment: 600060 604396 k99_177_flag_0_multi_50.5602_len_4337 4337 1

			Previous gap was negative, modifying coordinates to ignore overlap
				Moving contig start from 4337 to 4239.
			Align 67: 600158 604396 k99_177_flag_0_multi_50.5602_len_4337 4239 1
				Negative gap (overlap) between this and next alignment: 604396 to 604299 (-97 bp)
				Next Alignment: 604299 609058 k99_147_flag_0_multi_48.1221_len_4760 4760 1

			Previous gap was negative, modifying coordinates to ignore overlap
				Moving contig start from 4760 to 4662.
			Align 68: 604397 609058 k99_147_flag_0_multi_48.1221_len_4760 4662 1
				Negative gap (overlap) between this and next alignment: 609058 to 608969 (-89 bp)
				Next Alignment: 608969 609826 k99_154_flag_0_multi_58.7549_len_858 1 858

			Previous gap was negative, modifying coordinates to ignore overlap
				Moving contig start from 1 to 91.
			Align 69: 609059 609826 k99_154_flag_0_multi_58.7549_len_858 91 858
				The next alignment (608969 609826 k99_156_flag_0_multi_51.9196_len_858 1 858) is redundant. Skipping.
				Negative gap (overlap) between this and next alignment: 609826 to 609752 (-74 bp)
				Next Alignment: 609752 616675 k99_171_flag_0_multi_50.8253_len_6924 6924 1

			Previous gap was negative, modifying coordinates to ignore overlap
				Moving contig start from 6924 to 6849.
			Align 71: 609827 616675 k99_171_flag_0_multi_50.8253_len_6924 6849 1
				Negative gap (overlap) between this and next alignment: 616675 to 616579 (-96 bp)
				Next Alignment: 616579 618812 k99_24_flag_0_multi_45.1864_len_2234 2234 1

			Previous gap was negative, modifying coordinates to ignore overlap
				Moving contig start from 2234 to 2137.
			Align 72: 616676 618812 k99_24_flag_0_multi_45.1864_len_2234 2137 1
				Negative gap (overlap) between this and next alignment: 618812 to 618725 (-87 bp)
				Next Alignment: 618725 633409 k99_117_flag_0_multi_46.2265_len_14685 1 14685

			Previous gap was negative, modifying coordinates to ignore overlap
				Moving contig start from 1 to 89.
			Align 73: 618813 633409 k99_117_flag_0_multi_46.2265_len_14685 89 14685
				Negative gap (overlap) between this and next alignment: 633409 to 633321 (-88 bp)
				Next Alignment: 633321 641793 k99_61_flag_0_multi_46.0565_len_8473 8473 1

			Previous gap was negative, modifying coordinates to ignore overlap
				Moving contig start from 8473 to 8384.
			Align 74: 633410 641793 k99_61_flag_0_multi_46.0565_len_8473 8384 1
			END in gap: 641793 to 641799 (6 bp)

Analysis is finished!
Founded SNPs were written into /vol/cami-scratch/Simpipeline/iTol_genomes/Buchnera_aphidicola_Acyrthosiphon_pisum_0915/quast_consensus/Buchnera_aphidicola_Acyrthosiphon_pisum_0915_quast_output/contigs_reports/nucmer_output/final.contigs.used_snps

Results:
	Local Misassemblies: 0
	Misassemblies: 0
		Relocations: 0
		Translocations: 0
		Inversions: 0
	Misassembled Contigs: 0
	Misassembled Contig Bases: 0
	Misassemblies Inter-Contig Overlap: 0
Uncovered Regions: 0 (0)
Unaligned Contigs: 53 + 6 part
Partially Unaligned Contigs with Misassemblies: 0
Unaligned Contig Bases: 636265

Ambiguously Mapped Contigs: 0
Total Bases in Ambiguously Mapped Contigs: 0
Note that --allow-ambiguity option was set to "one" and only first alignment per each contig was used.

	Covered Bases: 641591

	SNPs: 369
	Insertions: 0
	Deletions: 0

	Positive Gaps: 4
		Internal Gaps:  0
		External Gaps:  4
		External Gap Total:  208
		External Gap Average: 52
	Negative Gaps: 62
		Internal Overlaps:  0
		External Overlaps:  62
		External Overlaps Total: -5025
		External Overlaps Average: -81
	Contigs with Redundant Alignments: 9 (9649)
