Aligning contigs to reference...
	Running Nucmer
Parsing coords...
Loading Assembly...
Loading reference...
	Loaded [Buchnera_aphidicola_Acyrthosiphon_pisum_0915]
	Loaded [Buchnera_aphidicola_Acyrthosiphon_pisum_ancestor]
Loading SNPs...
Loading regions...
	No regions given, using whole reference.
	Total Regions: 2
	Total Region Length: 1283598
Analyzing contigs...
CONTIG: k99_138_flag_0_multi_45.3024_len_25995 (25995bp)
Top Length: 25995  Top ID: 100.0
		Marking as insignificant: 175043 175393 | 351 1 | 351 351 | 96.3 | Buchnera_aphidicola_Acyrthosiphon_pisum_ancestor k99_138_flag_0_multi_45.3024_len_25995
		One align captures most of this contig: 421102 447096 | 25995 1 | 25995 25995 | 100.0 | Buchnera_aphidicola_Acyrthosiphon_pisum_0915 k99_138_flag_0_multi_45.3024_len_25995

CONTIG: k99_136_flag_0_multi_47.5100_len_12935 (12935bp)
Top Length: 12935  Top ID: 100.0
		One align captures most of this contig: 395402 408336 | 12935 1 | 12935 12935 | 100.0 | Buchnera_aphidicola_Acyrthosiphon_pisum_0915 k99_136_flag_0_multi_47.5100_len_12935

CONTIG: k99_153_flag_0_multi_43.9721_len_14631 (14631bp)
Top Length: 14631  Top ID: 100.0
		One align captures most of this contig: 131956 146586 | 1 14631 | 14631 14631 | 100.0 | Buchnera_aphidicola_Acyrthosiphon_pisum_ancestor k99_153_flag_0_multi_43.9721_len_14631

CONTIG: k99_157_flag_0_multi_46.3194_len_16489 (16489bp)
Top Length: 16489  Top ID: 100.0
		One align captures most of this contig: 115516 132004 | 16489 1 | 16489 16489 | 100.0 | Buchnera_aphidicola_Acyrthosiphon_pisum_ancestor k99_157_flag_0_multi_46.3194_len_16489

CONTIG: k99_154_flag_0_multi_58.7549_len_858 (858bp)
Top Length: 858  Top ID: 100.0
		Marking as insignificant: 608969 609826 | 1 858 | 858 858 | 96.15 | Buchnera_aphidicola_Acyrthosiphon_pisum_0915 k99_154_flag_0_multi_58.7549_len_858
		One align captures most of this contig: 38464 39321 | 858 1 | 858 858 | 100.0 | Buchnera_aphidicola_Acyrthosiphon_pisum_ancestor k99_154_flag_0_multi_58.7549_len_858

CONTIG: k99_112_flag_0_multi_46.3739_len_11480 (11480bp)
Top Length: 11480  Top ID: 100.0
		One align captures most of this contig: 134332 145811 | 11480 1 | 11480 11480 | 100.0 | Buchnera_aphidicola_Acyrthosiphon_pisum_0915 k99_112_flag_0_multi_46.3739_len_11480

CONTIG: k99_172_flag_0_multi_50.3889_len_17448 (17448bp)
Top Length: 17448  Top ID: 100.0
		One align captures most of this contig: 201198 218645 | 17448 1 | 17448 17448 | 100.0 | Buchnera_aphidicola_Acyrthosiphon_pisum_0915 k99_172_flag_0_multi_50.3889_len_17448

CONTIG: k99_74_flag_0_multi_47.2716_len_19749 (19749bp)
Top Length: 19749  Top ID: 100.0
		Marking as insignificant: 560344 560675 | 332 1 | 332 332 | 95.78 | Buchnera_aphidicola_Acyrthosiphon_pisum_0915 k99_74_flag_0_multi_47.2716_len_19749
		One align captures most of this contig: 53167 72915 | 19749 1 | 19749 19749 | 100.0 | Buchnera_aphidicola_Acyrthosiphon_pisum_ancestor k99_74_flag_0_multi_47.2716_len_19749

CONTIG: k99_45_flag_0_multi_48.2912_len_4588 (4588bp)
Top Length: 4588  Top ID: 100.0
		One align captures most of this contig: 33951 38538 | 1 4588 | 4588 4588 | 100.0 | Buchnera_aphidicola_Acyrthosiphon_pisum_ancestor k99_45_flag_0_multi_48.2912_len_4588

CONTIG: k99_42_flag_0_multi_48.0328_len_6929 (6929bp)
Top Length: 6929  Top ID: 100.0
		One align captures most of this contig: 489328 496256 | 6929 1 | 6929 6929 | 100.0 | Buchnera_aphidicola_Acyrthosiphon_pisum_ancestor k99_42_flag_0_multi_48.0328_len_6929

CONTIG: k99_169_flag_0_multi_44.1908_len_9306 (9306bp)
Top Length: 9306  Top ID: 99.99
		One align captures most of this contig: 253928 263233 | 9306 1 | 9306 9306 | 99.99 | Buchnera_aphidicola_Acyrthosiphon_pisum_ancestor k99_169_flag_0_multi_44.1908_len_9306

CONTIG: k99_97_flag_0_multi_45.1750_len_31795 (31795bp)
Top Length: 31795  Top ID: 100.0
		One align captures most of this contig: 48418 80212 | 31795 1 | 31795 31795 | 100.0 | Buchnera_aphidicola_Acyrthosiphon_pisum_0915 k99_97_flag_0_multi_45.1750_len_31795

CONTIG: k99_81_flag_0_multi_47.5136_len_16403 (16403bp)
Top Length: 16403  Top ID: 100.0
		One align captures most of this contig: 583755 600157 | 16403 1 | 16403 16403 | 100.0 | Buchnera_aphidicola_Acyrthosiphon_pisum_0915 k99_81_flag_0_multi_47.5136_len_16403

CONTIG: k99_173_flag_0_multi_45.0887_len_4497 (4497bp)
Top Length: 4497  Top ID: 100.0
		One align captures most of this contig: 579321 583817 | 4497 1 | 4497 4497 | 100.0 | Buchnera_aphidicola_Acyrthosiphon_pisum_0915 k99_173_flag_0_multi_45.0887_len_4497

CONTIG: k99_23_flag_0_multi_46.2057_len_3477 (3477bp)
Top Length: 3477  Top ID: 100.0
		One align captures most of this contig: 82010 85486 | 3477 1 | 3477 3477 | 100.0 | Buchnera_aphidicola_Acyrthosiphon_pisum_0915 k99_23_flag_0_multi_46.2057_len_3477

CONTIG: k99_12_flag_0_multi_48.1782_len_1294 (1294bp)
Top Length: 1294  Top ID: 100.0
		Marking as insignificant: 181930 183223 | 1 1294 | 1294 1294 | 95.36 | Buchnera_aphidicola_Acyrthosiphon_pisum_ancestor k99_12_flag_0_multi_48.1782_len_1294
		One align captures most of this contig: 453633 454926 | 1 1294 | 1294 1294 | 100.0 | Buchnera_aphidicola_Acyrthosiphon_pisum_0915 k99_12_flag_0_multi_48.1782_len_1294

CONTIG: k99_156_flag_0_multi_51.9196_len_858 (858bp)
Top Length: 858  Top ID: 100.0
		Marking as insignificant: 38464 39321 | 858 1 | 858 858 | 96.15 | Buchnera_aphidicola_Acyrthosiphon_pisum_ancestor k99_156_flag_0_multi_51.9196_len_858
		One align captures most of this contig: 608969 609826 | 1 858 | 858 858 | 100.0 | Buchnera_aphidicola_Acyrthosiphon_pisum_0915 k99_156_flag_0_multi_51.9196_len_858

CONTIG: k99_89_flag_0_multi_48.4062_len_1948 (1948bp)
Top Length: 1948  Top ID: 100.0
		One align captures most of this contig: 614999 616946 | 1948 1 | 1948 1948 | 100.0 | Buchnera_aphidicola_Acyrthosiphon_pisum_ancestor k99_89_flag_0_multi_48.4062_len_1948

CONTIG: k99_140_flag_0_multi_46.3416_len_23358 (23358bp)
Top Length: 23358  Top ID: 100.0
		One align captures most of this contig: 450518 473875 | 23358 1 | 23358 23358 | 100.0 | Buchnera_aphidicola_Acyrthosiphon_pisum_ancestor k99_140_flag_0_multi_46.3416_len_23358

CONTIG: k99_146_flag_0_multi_42.0712_len_12108 (12108bp)
Top Length: 12108  Top ID: 100.0
		One align captures most of this contig: 510139 522246 | 12108 1 | 12108 12108 | 100.0 | Buchnera_aphidicola_Acyrthosiphon_pisum_0915 k99_146_flag_0_multi_42.0712_len_12108

CONTIG: k99_118_flag_0_multi_48.1501_len_40781 (40781bp)
Top Length: 40781  Top ID: 100.0
		One align captures most of this contig: 385999 426779 | 1 40781 | 40781 40781 | 100.0 | Buchnera_aphidicola_Acyrthosiphon_pisum_ancestor k99_118_flag_0_multi_48.1501_len_40781

CONTIG: k99_19_flag_0_multi_54.1517_len_2195 (2195bp)
Top Length: 2195  Top ID: 100.0
		One align captures most of this contig: 375707 377901 | 1 2195 | 2195 2195 | 100.0 | Buchnera_aphidicola_Acyrthosiphon_pisum_0915 k99_19_flag_0_multi_54.1517_len_2195

CONTIG: k99_174_flag_0_multi_47.7353_len_9340 (9340bp)
Top Length: 9340  Top ID: 100.0
		One align captures most of this contig: 72828 82167 | 1 9340 | 9340 9340 | 100.0 | Buchnera_aphidicola_Acyrthosiphon_pisum_ancestor k99_174_flag_0_multi_47.7353_len_9340

CONTIG: k99_161_flag_0_multi_50.6055_len_8099 (8099bp)
Top Length: 8099  Top ID: 100.0
		Marking as insignificant: 416282 416431 | 8099 7950 | 150 150 | 97.33 | Buchnera_aphidicola_Acyrthosiphon_pisum_0915 k99_161_flag_0_multi_50.6055_len_8099
		One align captures most of this contig: 82074 90172 | 1 8099 | 8099 8099 | 100.0 | Buchnera_aphidicola_Acyrthosiphon_pisum_ancestor k99_161_flag_0_multi_50.6055_len_8099

CONTIG: k99_159_flag_0_multi_57.1556_len_1294 (1294bp)
Top Length: 1294  Top ID: 100.0
		Marking as insignificant: 453633 454926 | 1 1294 | 1294 1294 | 95.36 | Buchnera_aphidicola_Acyrthosiphon_pisum_0915 k99_159_flag_0_multi_57.1556_len_1294
		One align captures most of this contig: 181930 183223 | 1 1294 | 1294 1294 | 100.0 | Buchnera_aphidicola_Acyrthosiphon_pisum_ancestor k99_159_flag_0_multi_57.1556_len_1294

CONTIG: k99_76_flag_0_multi_45.2776_len_6011 (6011bp)
Top Length: 6011  Top ID: 100.0
		One align captures most of this contig: 357488 363498 | 6011 1 | 6011 6011 | 100.0 | Buchnera_aphidicola_Acyrthosiphon_pisum_ancestor k99_76_flag_0_multi_45.2776_len_6011

CONTIG: k99_94_flag_0_multi_44.1678_len_19337 (19337bp)
Top Length: 19337  Top ID: 100.0
		One align captures most of this contig: 431256 450592 | 1 19337 | 19337 19337 | 100.0 | Buchnera_aphidicola_Acyrthosiphon_pisum_ancestor k99_94_flag_0_multi_44.1678_len_19337

CONTIG: k99_126_flag_0_multi_50.9366_len_7941 (7941bp)
Top Length: 7941  Top ID: 100.0
		One align captures most of this contig: 126463 134403 | 1 7941 | 7941 7941 | 100.0 | Buchnera_aphidicola_Acyrthosiphon_pisum_0915 k99_126_flag_0_multi_50.9366_len_7941

CONTIG: k99_101_flag_0_multi_52.1104_len_4648 (4648bp)
Top Length: 4648  Top ID: 100.0
		One align captures most of this contig: 426686 431333 | 1 4648 | 4648 4648 | 100.0 | Buchnera_aphidicola_Acyrthosiphon_pisum_ancestor k99_101_flag_0_multi_52.1104_len_4648

CONTIG: k99_139_flag_0_multi_44.8949_len_25600 (25600bp)
Top Length: 25600  Top ID: 100.0
		One align captures most of this contig: 148113 173712 | 25600 1 | 25600 25600 | 100.0 | Buchnera_aphidicola_Acyrthosiphon_pisum_ancestor k99_139_flag_0_multi_44.8949_len_25600

CONTIG: k99_168_flag_0_multi_47.8037_len_18514 (18514bp)
Top Length: 18514  Top ID: 100.0
		Marking as insignificant: 473786 473904 | 1 119 | 119 119 | 99.16 | Buchnera_aphidicola_Acyrthosiphon_pisum_ancestor k99_168_flag_0_multi_47.8037_len_18514
		One align captures most of this contig: 307372 325885 | 1 18514 | 18514 18514 | 100.0 | Buchnera_aphidicola_Acyrthosiphon_pisum_0915 k99_168_flag_0_multi_47.8037_len_18514

CONTIG: k99_120_flag_0_multi_48.0405_len_10546 (10546bp)
Top Length: 10546  Top ID: 100.0
		One align captures most of this contig: 522148 532693 | 1 10546 | 10546 10546 | 100.0 | Buchnera_aphidicola_Acyrthosiphon_pisum_0915 k99_120_flag_0_multi_48.0405_len_10546

CONTIG: k99_96_flag_0_multi_47.1483_len_4246 (4246bp)
Top Length: 4246  Top ID: 100.0
		One align captures most of this contig: 262604 266849 | 1 4246 | 4246 4246 | 100.0 | Buchnera_aphidicola_Acyrthosiphon_pisum_0915 k99_96_flag_0_multi_47.1483_len_4246

CONTIG: k99_177_flag_0_multi_50.5602_len_4337 (4337bp)
Top Length: 4337  Top ID: 100.0
		One align captures most of this contig: 600060 604396 | 4337 1 | 4337 4337 | 100.0 | Buchnera_aphidicola_Acyrthosiphon_pisum_0915 k99_177_flag_0_multi_50.5602_len_4337

CONTIG: k99_133_flag_0_multi_48.1764_len_4261 (4261bp)
Top Length: 4261  Top ID: 100.0
		One align captures most of this contig: 629149 633409 | 4261 1 | 4261 4261 | 100.0 | Buchnera_aphidicola_Acyrthosiphon_pisum_ancestor k99_133_flag_0_multi_48.1764_len_4261

CONTIG: k99_77_flag_0_multi_46.4218_len_1948 (1948bp)
Top Length: 1948  Top ID: 100.0
		One align captures most of this contig: 80159 82106 | 1 1948 | 1948 1948 | 100.0 | Buchnera_aphidicola_Acyrthosiphon_pisum_0915 k99_77_flag_0_multi_46.4218_len_1948

CONTIG: k99_166_flag_0_multi_47.0020_len_9299 (9299bp)
Top Length: 9299  Top ID: 100.0
		One align captures most of this contig: 465930 475228 | 1 9299 | 9299 9299 | 100.0 | Buchnera_aphidicola_Acyrthosiphon_pisum_0915 k99_166_flag_0_multi_47.0020_len_9299

CONTIG: k99_9_flag_0_multi_57.4367_len_770 (770bp)
Top Length: 770  Top ID: 100.0
		Marking as insignificant: 531717 532486 | 1 770 | 770 770 | 95.32 | Buchnera_aphidicola_Acyrthosiphon_pisum_ancestor k99_9_flag_0_multi_57.4367_len_770
		One align captures most of this contig: 120279 121048 | 1 770 | 770 770 | 100.0 | Buchnera_aphidicola_Acyrthosiphon_pisum_0915 k99_9_flag_0_multi_57.4367_len_770

CONTIG: k99_68_flag_0_multi_50.6190_len_7253 (7253bp)
Top Length: 7253  Top ID: 100.0
		One align captures most of this contig: 365219 372471 | 7253 1 | 7253 7253 | 100.0 | Buchnera_aphidicola_Acyrthosiphon_pisum_0915 k99_68_flag_0_multi_50.6190_len_7253

CONTIG: k99_29_flag_0_multi_46.3365_len_12769 (12769bp)
Top Length: 12769  Top ID: 100.0
		One align captures most of this contig: 2 12770 | 12769 1 | 12769 12769 | 100.0 | Buchnera_aphidicola_Acyrthosiphon_pisum_ancestor k99_29_flag_0_multi_46.3365_len_12769

CONTIG: k99_137_flag_0_multi_50.1302_len_7224 (7224bp)
Top Length: 7224  Top ID: 100.0
		One align captures most of this contig: 43894 51117 | 7224 1 | 7224 7224 | 100.0 | Buchnera_aphidicola_Acyrthosiphon_pisum_ancestor k99_137_flag_0_multi_50.1302_len_7224

CONTIG: k99_92_flag_0_multi_46.2606_len_1776 (1776bp)
Top Length: 1776  Top ID: 100.0
		Marking as insignificant: 446746 447096 | 351 1 | 351 351 | 96.3 | Buchnera_aphidicola_Acyrthosiphon_pisum_0915 k99_92_flag_0_multi_46.2606_len_1776
		One align captures most of this contig: 173618 175393 | 1776 1 | 1776 1776 | 100.0 | Buchnera_aphidicola_Acyrthosiphon_pisum_ancestor k99_92_flag_0_multi_46.2606_len_1776

CONTIG: k99_36_flag_0_multi_44.5712_len_1722 (1722bp)
Top Length: 1722  Top ID: 100.0
		One align captures most of this contig: 146490 148211 | 1722 1 | 1722 1722 | 100.0 | Buchnera_aphidicola_Acyrthosiphon_pisum_ancestor k99_36_flag_0_multi_44.5712_len_1722

CONTIG: k99_61_flag_0_multi_46.0565_len_8473 (8473bp)
Top Length: 8473  Top ID: 100.0
		One align captures most of this contig: 633321 641793 | 8473 1 | 8473 8473 | 100.0 | Buchnera_aphidicola_Acyrthosiphon_pisum_0915 k99_61_flag_0_multi_46.0565_len_8473

CONTIG: k99_46_flag_0_multi_48.0360_len_5398 (5398bp)
Top Length: 5398  Top ID: 100.0
		Marking as insignificant: 307372 307490 | 1 119 | 119 119 | 99.16 | Buchnera_aphidicola_Acyrthosiphon_pisum_0915 k99_46_flag_0_multi_48.0360_len_5398
		One align captures most of this contig: 473786 479183 | 1 5398 | 5398 5398 | 100.0 | Buchnera_aphidicola_Acyrthosiphon_pisum_ancestor k99_46_flag_0_multi_48.0360_len_5398

CONTIG: k99_53_flag_0_multi_44.8297_len_26394 (26394bp)
Top Length: 26394  Top ID: 100.0
		One align captures most of this contig: 585289 611682 | 26394 1 | 26394 26394 | 100.0 | Buchnera_aphidicola_Acyrthosiphon_pisum_ancestor k99_53_flag_0_multi_44.8297_len_26394

CONTIG: k99_128_flag_0_multi_52.1514_len_3870 (3870bp)
Top Length: 3870  Top ID: 100.0
		One align captures most of this contig: 496237 500106 | 3870 1 | 3870 3870 | 100.0 | Buchnera_aphidicola_Acyrthosiphon_pisum_ancestor k99_128_flag_0_multi_52.1514_len_3870

CONTIG: k99_30_flag_0_multi_48.0964_len_12000 (12000bp)
Top Length: 12000  Top ID: 100.0
		One align captures most of this contig: 189265 201264 | 1 12000 | 12000 12000 | 100.0 | Buchnera_aphidicola_Acyrthosiphon_pisum_0915 k99_30_flag_0_multi_48.0964_len_12000

CONTIG: k99_37_flag_0_multi_46.0073_len_11480 (11480bp)
Top Length: 11480  Top ID: 100.0
		One align captures most of this contig: 500035 511514 | 11480 1 | 11480 11480 | 100.0 | Buchnera_aphidicola_Acyrthosiphon_pisum_ancestor k99_37_flag_0_multi_46.0073_len_11480

CONTIG: k99_102_flag_0_multi_48.7075_len_10056 (10056bp)
Top Length: 10056  Top ID: 100.0
		One align captures most of this contig: 479086 489141 | 1 10056 | 10056 10056 | 100.0 | Buchnera_aphidicola_Acyrthosiphon_pisum_ancestor k99_102_flag_0_multi_48.7075_len_10056

CONTIG: k99_104_flag_0_multi_43.4890_len_10156 (10156bp)
Top Length: 10156  Top ID: 100.0
		One align captures most of this contig: 497687 507842 | 1 10156 | 10156 10156 | 100.0 | Buchnera_aphidicola_Acyrthosiphon_pisum_0915 k99_104_flag_0_multi_43.4890_len_10156

CONTIG: k99_34_flag_0_multi_46.5124_len_2929 (2929bp)
Top Length: 2929  Top ID: 100.0
		One align captures most of this contig: 117430 120358 | 1 2929 | 2929 2929 | 100.0 | Buchnera_aphidicola_Acyrthosiphon_pisum_0915 k99_34_flag_0_multi_46.5124_len_2929

CONTIG: k99_132_flag_0_multi_50.8716_len_4648 (4648bp)
Top Length: 4648  Top ID: 100.0
		One align captures most of this contig: 325808 330455 | 4648 1 | 4648 4648 | 100.0 | Buchnera_aphidicola_Acyrthosiphon_pisum_0915 k99_132_flag_0_multi_50.8716_len_4648

CONTIG: k99_27_flag_0_multi_46.5426_len_8465 (8465bp)
Top Length: 8465  Top ID: 100.0
		One align captures most of this contig: 633321 641785 | 8465 1 | 8465 8465 | 100.0 | Buchnera_aphidicola_Acyrthosiphon_pisum_ancestor k99_27_flag_0_multi_46.5426_len_8465

CONTIG: k99_39_flag_0_multi_46.6910_len_9857 (9857bp)
Top Length: 9857  Top ID: 100.0
		One align captures most of this contig: 569549 579405 | 1 9857 | 9857 9857 | 100.0 | Buchnera_aphidicola_Acyrthosiphon_pisum_0915 k99_39_flag_0_multi_46.6910_len_9857

CONTIG: k99_51_flag_0_multi_45.8719_len_12992 (12992bp)
Top Length: 12992  Top ID: 100.0
		One align captures most of this contig: 98061 111052 | 1 12992 | 12992 12992 | 100.0 | Buchnera_aphidicola_Acyrthosiphon_pisum_ancestor k99_51_flag_0_multi_45.8719_len_12992

CONTIG: k99_129_flag_0_multi_50.1372_len_4246 (4246bp)
Top Length: 4246  Top ID: 100.0
		One align captures most of this contig: 381824 386069 | 1 4246 | 4246 4246 | 100.0 | Buchnera_aphidicola_Acyrthosiphon_pisum_ancestor k99_129_flag_0_multi_50.1372_len_4246

CONTIG: k99_181_flag_0_multi_49.1734_len_11187 (11187bp)
Top Length: 11187  Top ID: 100.0
		Marking as insignificant: 183135 183380 | 1 246 | 246 246 | 96.75 | Buchnera_aphidicola_Acyrthosiphon_pisum_ancestor k99_181_flag_0_multi_49.1734_len_11187
		One align captures most of this contig: 454838 466024 | 1 11187 | 11187 11187 | 100.0 | Buchnera_aphidicola_Acyrthosiphon_pisum_0915 k99_181_flag_0_multi_49.1734_len_11187

CONTIG: k99_124_flag_0_multi_48.6081_len_16928 (16928bp)
Top Length: 16928  Top ID: 100.0
		One align captures most of this contig: 12674 29601 | 1 16928 | 16928 16928 | 100.0 | Buchnera_aphidicola_Acyrthosiphon_pisum_ancestor k99_124_flag_0_multi_48.6081_len_16928

CONTIG: k99_22_flag_0_multi_48.0172_len_3820 (3820bp)
Top Length: 3820  Top ID: 100.0
		One align captures most of this contig: 449900 453719 | 1 3820 | 3820 3820 | 100.0 | Buchnera_aphidicola_Acyrthosiphon_pisum_0915 k99_22_flag_0_multi_48.0172_len_3820

CONTIG: k99_110_flag_0_multi_46.6259_len_15159 (15159bp)
Top Length: 15159  Top ID: 100.0
		One align captures most of this contig: 202161 217319 | 15159 1 | 15159 15159 | 100.0 | Buchnera_aphidicola_Acyrthosiphon_pisum_ancestor k99_110_flag_0_multi_46.6259_len_15159

CONTIG: k99_113_flag_0_multi_45.1086_len_2917 (2917bp)
Top Length: 2917  Top ID: 100.0
		Marking as insignificant: 72584 72915 | 2586 2917 | 332 332 | 95.78 | Buchnera_aphidicola_Acyrthosiphon_pisum_ancestor k99_113_flag_0_multi_45.1086_len_2917
		One align captures most of this contig: 557759 560675 | 1 2917 | 2917 2917 | 100.0 | Buchnera_aphidicola_Acyrthosiphon_pisum_0915 k99_113_flag_0_multi_45.1086_len_2917

CONTIG: k99_20_flag_0_multi_52.1741_len_3477 (3477bp)
Top Length: 3477  Top ID: 100.0
		One align captures most of this contig: 611619 615095 | 1 3477 | 3477 3477 | 100.0 | Buchnera_aphidicola_Acyrthosiphon_pisum_ancestor k99_20_flag_0_multi_52.1741_len_3477

CONTIG: k99_107_flag_0_multi_46.0915_len_26358 (26358bp)
Top Length: 26358  Top ID: 100.0
		One align captures most of this contig: 227668 254025 | 26358 1 | 26358 26358 | 100.0 | Buchnera_aphidicola_Acyrthosiphon_pisum_ancestor k99_107_flag_0_multi_46.0915_len_26358

CONTIG: k99_31_flag_0_multi_49.5098_len_3820 (3820bp)
Top Length: 3820  Top ID: 100.0
		One align captures most of this contig: 178197 182016 | 1 3820 | 3820 3820 | 100.0 | Buchnera_aphidicola_Acyrthosiphon_pisum_ancestor k99_31_flag_0_multi_49.5098_len_3820

CONTIG: k99_52_flag_0_multi_51.1742_len_2194 (2194bp)
Top Length: 2194  Top ID: 100.0
		Marking as insignificant: 394950 395428 | 479 1 | 479 479 | 95.2 | Buchnera_aphidicola_Acyrthosiphon_pisum_0915 k99_52_flag_0_multi_51.1742_len_2194
		One align captures most of this contig: 111026 113219 | 1 2194 | 2194 2194 | 100.0 | Buchnera_aphidicola_Acyrthosiphon_pisum_ancestor k99_52_flag_0_multi_51.1742_len_2194

CONTIG: k99_116_flag_0_multi_44.0168_len_3723 (3723bp)
Top Length: 3723  Top ID: 100.0
		One align captures most of this contig: 218552 222274 | 3723 1 | 3723 3723 | 100.0 | Buchnera_aphidicola_Acyrthosiphon_pisum_0915 k99_116_flag_0_multi_44.0168_len_3723

CONTIG: k99_79_flag_0_multi_47.3512_len_18441 (18441bp)
Top Length: 18441  Top ID: 100.0
		One align captures most of this contig: 363460 381900 | 1 18441 | 18441 18441 | 100.0 | Buchnera_aphidicola_Acyrthosiphon_pisum_ancestor k99_79_flag_0_multi_47.3512_len_18441

CONTIG: k99_85_flag_0_multi_45.0552_len_3417 (3417bp)
Top Length: 3417  Top ID: 100.0
		One align captures most of this contig: 372384 375800 | 3417 1 | 3417 3417 | 100.0 | Buchnera_aphidicola_Acyrthosiphon_pisum_0915 k99_85_flag_0_multi_45.0552_len_3417

CONTIG: k99_145_flag_0_multi_45.0466_len_7379 (7379bp)
Top Length: 7379  Top ID: 100.0
		One align captures most of this contig: 560588 567966 | 1 7379 | 7379 7379 | 100.0 | Buchnera_aphidicola_Acyrthosiphon_pisum_0915 k99_145_flag_0_multi_45.0466_len_7379

CONTIG: k99_163_flag_0_multi_48.9413_len_17448 (17448bp)
Top Length: 17448  Top ID: 100.0
		One align captures most of this contig: 320418 337865 | 17448 1 | 17448 17448 | 100.0 | Buchnera_aphidicola_Acyrthosiphon_pisum_ancestor k99_163_flag_0_multi_48.9413_len_17448

CONTIG: k99_103_flag_0_multi_47.5322_len_19500 (19500bp)
Top Length: 19500  Top ID: 100.0
		One align captures most of this contig: 169840 189339 | 1 19500 | 19500 19500 | 100.0 | Buchnera_aphidicola_Acyrthosiphon_pisum_0915 k99_103_flag_0_multi_47.5322_len_19500

CONTIG: k99_123_flag_0_multi_46.3963_len_35819 (35819bp)
Top Length: 35819  Top ID: 100.0
		One align captures most of this contig: 12674 48492 | 1 35819 | 35819 35819 | 100.0 | Buchnera_aphidicola_Acyrthosiphon_pisum_0915 k99_123_flag_0_multi_46.3963_len_35819

CONTIG: k99_98_flag_0_multi_46.4340_len_18441 (18441bp)
Top Length: 18441  Top ID: 100.0
		One align captures most of this contig: 244240 262680 | 1 18441 | 18441 18441 | 100.0 | Buchnera_aphidicola_Acyrthosiphon_pisum_0915 k99_98_flag_0_multi_46.4340_len_18441

CONTIG: k99_56_flag_0_multi_46.2667_len_6011 (6011bp)
Top Length: 6011  Top ID: 100.0
		One align captures most of this contig: 238268 244278 | 6011 1 | 6011 6011 | 100.0 | Buchnera_aphidicola_Acyrthosiphon_pisum_0915 k99_56_flag_0_multi_46.2667_len_6011

CONTIG: k99_60_flag_0_multi_43.4390_len_1739 (1739bp)
Top Length: 1739  Top ID: 100.0
		One align captures most of this contig: 475130 476868 | 1739 1 | 1739 1739 | 100.0 | Buchnera_aphidicola_Acyrthosiphon_pisum_0915 k99_60_flag_0_multi_43.4390_len_1739

CONTIG: k99_99_flag_0_multi_48.7155_len_5565 (5565bp)
Top Length: 5565  Top ID: 100.0
		One align captures most of this contig: 120993 126557 | 1 5565 | 5565 5565 | 100.0 | Buchnera_aphidicola_Acyrthosiphon_pisum_0915 k99_99_flag_0_multi_48.7155_len_5565

CONTIG: k99_117_flag_0_multi_46.2265_len_14685 (14685bp)
Top Length: 14685  Top ID: 100.0
		One align captures most of this contig: 618725 633409 | 1 14685 | 14685 14685 | 100.0 | Buchnera_aphidicola_Acyrthosiphon_pisum_0915 k99_117_flag_0_multi_46.2265_len_14685

CONTIG: k99_189_flag_0_multi_47.3091_len_19122 (19122bp)
Top Length: 19122  Top ID: 100.0
		Marking as insignificant: 454838 455083 | 1 246 | 246 246 | 96.75 | Buchnera_aphidicola_Acyrthosiphon_pisum_0915 k99_189_flag_0_multi_47.3091_len_19122
		One align captures most of this contig: 183135 202256 | 1 19122 | 19122 19122 | 100.0 | Buchnera_aphidicola_Acyrthosiphon_pisum_ancestor k99_189_flag_0_multi_47.3091_len_19122

CONTIG: k99_106_flag_0_multi_49.0698_len_4497 (4497bp)
Top Length: 4497  Top ID: 100.0
		One align captures most of this contig: 29539 34035 | 1 4497 | 4497 4497 | 100.0 | Buchnera_aphidicola_Acyrthosiphon_pisum_ancestor k99_106_flag_0_multi_49.0698_len_4497

CONTIG: k99_121_flag_0_multi_47.9209_len_8908 (8908bp)
Top Length: 8908  Top ID: 100.0
		One align captures most of this contig: 275449 284356 | 8908 1 | 8908 8908 | 100.0 | Buchnera_aphidicola_Acyrthosiphon_pisum_ancestor k99_121_flag_0_multi_47.9209_len_8908

CONTIG: k99_90_flag_0_multi_44.4942_len_8843 (8843bp)
Top Length: 8843  Top ID: 100.0
		One align captures most of this contig: 377813 386655 | 8843 1 | 8843 8843 | 100.0 | Buchnera_aphidicola_Acyrthosiphon_pisum_0915 k99_90_flag_0_multi_44.4942_len_8843

CONTIG: k99_155_flag_0_multi_46.8700_len_40683 (40683bp)
Top Length: 40683  Top ID: 100.0
		One align captures most of this contig: 266779 307461 | 1 40683 | 40683 40683 | 100.0 | Buchnera_aphidicola_Acyrthosiphon_pisum_0915 k99_155_flag_0_multi_46.8700_len_40683

CONTIG: k99_80_flag_0_multi_52.0804_len_6842 (6842bp)
Top Length: 6842  Top ID: 100.0
		One align captures most of this contig: 409534 416375 | 6842 1 | 6842 6842 | 100.0 | Buchnera_aphidicola_Acyrthosiphon_pisum_0915 k99_80_flag_0_multi_52.0804_len_6842

CONTIG: k99_67_flag_0_multi_52.1399_len_2451 (2451bp)
Top Length: 2451  Top ID: 100.0
		One align captures most of this contig: 507782 510232 | 1 2451 | 2451 2451 | 100.0 | Buchnera_aphidicola_Acyrthosiphon_pisum_0915 k99_67_flag_0_multi_52.1399_len_2451

CONTIG: k99_71_flag_0_multi_35.0999_len_1300 (1300bp)
Top Length: 1300  Top ID: 100.0
		One align captures most of this contig: 148141 149440 | 1300 1 | 1300 1300 | 100.0 | Buchnera_aphidicola_Acyrthosiphon_pisum_0915 k99_71_flag_0_multi_35.0999_len_1300

CONTIG: k99_63_flag_0_multi_49.7948_len_36227 (36227bp)
Top Length: 36227  Top ID: 100.0
		One align captures most of this contig: 284258 320484 | 1 36227 | 36227 36227 | 100.0 | Buchnera_aphidicola_Acyrthosiphon_pisum_ancestor k99_63_flag_0_multi_49.7948_len_36227

CONTIG: k99_114_flag_0_multi_47.7775_len_16173 (16173bp)
Top Length: 16173  Top ID: 100.0
		One align captures most of this contig: 341413 357585 | 1 16173 | 16173 16173 | 100.0 | Buchnera_aphidicola_Acyrthosiphon_pisum_ancestor k99_114_flag_0_multi_47.7775_len_16173

CONTIG: k99_50_flag_0_multi_47.7808_len_4916 (4916bp)
Top Length: 4916  Top ID: 100.0
		Marking as insignificant: 90023 90172 | 4767 4916 | 150 150 | 97.33 | Buchnera_aphidicola_Acyrthosiphon_pisum_ancestor k99_50_flag_0_multi_47.7808_len_4916
		One align captures most of this contig: 416282 421197 | 4916 1 | 4916 4916 | 100.0 | Buchnera_aphidicola_Acyrthosiphon_pisum_0915 k99_50_flag_0_multi_47.7808_len_4916

CONTIG: k99_167_flag_0_multi_47.6427_len_16173 (16173bp)
Top Length: 16173  Top ID: 100.0
		One align captures most of this contig: 222193 238365 | 1 16173 | 16173 16173 | 100.0 | Buchnera_aphidicola_Acyrthosiphon_pisum_0915 k99_167_flag_0_multi_47.6427_len_16173

CONTIG: k99_14_flag_0_multi_49.1844_len_2935 (2935bp)
Top Length: 2935  Top ID: 100.0
		One align captures most of this contig: 447005 449939 | 1 2935 | 2935 2935 | 100.0 | Buchnera_aphidicola_Acyrthosiphon_pisum_0915 k99_14_flag_0_multi_49.1844_len_2935

CONTIG: k99_111_flag_0_multi_41.0317_len_3723 (3723bp)
Top Length: 3723  Top ID: 100.0
		One align captures most of this contig: 337772 341494 | 3723 1 | 3723 3723 | 100.0 | Buchnera_aphidicola_Acyrthosiphon_pisum_ancestor k99_111_flag_0_multi_41.0317_len_3723

CONTIG: k99_160_flag_0_multi_45.2439_len_1727 (1727bp)
Top Length: 1727  Top ID: 100.0
		One align captures most of this contig: 567881 569607 | 1727 1 | 1727 1727 | 100.0 | Buchnera_aphidicola_Acyrthosiphon_pisum_0915 k99_160_flag_0_multi_45.2439_len_1727

CONTIG: k99_122_flag_0_multi_41.3620_len_2491 (2491bp)
Top Length: 2491  Top ID: 100.0
		One align captures most of this contig: 511417 513907 | 1 2491 | 2491 2491 | 100.0 | Buchnera_aphidicola_Acyrthosiphon_pisum_ancestor k99_122_flag_0_multi_41.3620_len_2491

CONTIG: k99_78_flag_0_multi_46.9507_len_20964 (20964bp)
Top Length: 20964  Top ID: 100.0
		One align captures most of this contig: 476772 497735 | 20964 1 | 20964 20964 | 100.0 | Buchnera_aphidicola_Acyrthosiphon_pisum_0915 k99_78_flag_0_multi_46.9507_len_20964

CONTIG: k99_180_flag_0_multi_48.0137_len_5292 (5292bp)
Top Length: 5292  Top ID: 100.0
		One align captures most of this contig: 264816 270107 | 5292 1 | 5292 5292 | 100.0 | Buchnera_aphidicola_Acyrthosiphon_pisum_ancestor k99_180_flag_0_multi_48.0137_len_5292

CONTIG: k99_54_flag_0_multi_45.8809_len_2929 (2929bp)
Top Length: 2929  Top ID: 100.0
		One align captures most of this contig: 528868 531796 | 1 2929 | 2929 2929 | 100.0 | Buchnera_aphidicola_Acyrthosiphon_pisum_ancestor k99_54_flag_0_multi_45.8809_len_2929

CONTIG: k99_86_flag_0_multi_46.5104_len_10056 (10056bp)
Top Length: 10056  Top ID: 100.0
		One align captures most of this contig: 159598 169653 | 1 10056 | 10056 10056 | 100.0 | Buchnera_aphidicola_Acyrthosiphon_pisum_0915 k99_86_flag_0_multi_46.5104_len_10056

CONTIG: k99_171_flag_0_multi_50.8253_len_6924 (6924bp)
Top Length: 6924  Top ID: 100.0
		One align captures most of this contig: 609752 616675 | 6924 1 | 6924 6924 | 100.0 | Buchnera_aphidicola_Acyrthosiphon_pisum_0915 k99_171_flag_0_multi_50.8253_len_6924

CONTIG: k99_144_flag_0_multi_52.1219_len_5570 (5570bp)
Top Length: 5570  Top ID: 100.0
		One align captures most of this contig: 523392 528961 | 1 5570 | 5570 5570 | 100.0 | Buchnera_aphidicola_Acyrthosiphon_pisum_ancestor k99_144_flag_0_multi_52.1219_len_5570

CONTIG: k99_41_flag_0_multi_46.0611_len_12757 (12757bp)
Top Length: 12757  Top ID: 100.0
		One align captures most of this contig: 14 12770 | 12757 1 | 12757 12757 | 100.0 | Buchnera_aphidicola_Acyrthosiphon_pisum_0915 k99_41_flag_0_multi_46.0611_len_12757

CONTIG: k99_179_flag_0_multi_47.1996_len_2935 (2935bp)
Top Length: 2935  Top ID: 100.0
		One align captures most of this contig: 175302 178236 | 1 2935 | 2935 2935 | 100.0 | Buchnera_aphidicola_Acyrthosiphon_pisum_ancestor k99_179_flag_0_multi_47.1996_len_2935

CONTIG: k99_164_flag_0_multi_47.0573_len_1303 (1303bp)
Top Length: 1303  Top ID: 100.0
		One align captures most of this contig: 96857 98159 | 1 1303 | 1303 1303 | 100.0 | Buchnera_aphidicola_Acyrthosiphon_pisum_ancestor k99_164_flag_0_multi_47.0573_len_1303

CONTIG: k99_62_flag_0_multi_46.9524_len_5200 (5200bp)
Top Length: 5200  Top ID: 100.0
		One align captures most of this contig: 546225 551424 | 1 5200 | 5200 5200 | 100.0 | Buchnera_aphidicola_Acyrthosiphon_pisum_0915 k99_62_flag_0_multi_46.9524_len_5200

CONTIG: k99_24_flag_0_multi_45.1864_len_2234 (2234bp)
Top Length: 2234  Top ID: 100.0
		One align captures most of this contig: 616579 618812 | 2234 1 | 2234 2234 | 100.0 | Buchnera_aphidicola_Acyrthosiphon_pisum_0915 k99_24_flag_0_multi_45.1864_len_2234

CONTIG: k99_15_flag_0_multi_43.2066_len_2234 (2234bp)
Top Length: 2234  Top ID: 100.0
		One align captures most of this contig: 51021 53254 | 2234 1 | 2234 2234 | 100.0 | Buchnera_aphidicola_Acyrthosiphon_pisum_ancestor k99_15_flag_0_multi_43.2066_len_2234

CONTIG: k99_93_flag_0_multi_46.6293_len_8872 (8872bp)
Top Length: 8872  Top ID: 100.0
		Marking as insignificant: 111026 111504 | 1 479 | 479 479 | 95.2 | Buchnera_aphidicola_Acyrthosiphon_pisum_ancestor k99_93_flag_0_multi_46.6293_len_8872
		One align captures most of this contig: 386557 395428 | 8872 1 | 8872 8872 | 100.0 | Buchnera_aphidicola_Acyrthosiphon_pisum_0915 k99_93_flag_0_multi_46.6293_len_8872

CONTIG: k99_57_flag_0_multi_50.1815_len_9643 (9643bp)
Top Length: 9643  Top ID: 100.0
		One align captures most of this contig: 513844 523486 | 9643 1 | 9643 9643 | 100.0 | Buchnera_aphidicola_Acyrthosiphon_pisum_ancestor k99_57_flag_0_multi_50.1815_len_9643

CONTIG: k99_66_flag_0_multi_57.1202_len_2195 (2195bp)
Top Length: 2195  Top ID: 100.0
		One align captures most of this contig: 273343 275537 | 1 2195 | 2195 2195 | 100.0 | Buchnera_aphidicola_Acyrthosiphon_pisum_ancestor k99_66_flag_0_multi_57.1202_len_2195

CONTIG: k99_176_flag_0_multi_45.0449_len_10546 (10546bp)
Top Length: 10546  Top ID: 100.0
		One align captures most of this contig: 217221 227766 | 1 10546 | 10546 10546 | 100.0 | Buchnera_aphidicola_Acyrthosiphon_pisum_ancestor k99_176_flag_0_multi_45.0449_len_10546

CONTIG: k99_141_flag_0_multi_45.5619_len_6481 (6481bp)
Top Length: 6481  Top ID: 100.0
		One align captures most of this contig: 551351 557831 | 6481 1 | 6481 6481 | 100.0 | Buchnera_aphidicola_Acyrthosiphon_pisum_0915 k99_141_flag_0_multi_45.5619_len_6481

CONTIG: k99_175_flag_0_multi_45.6129_len_18830 (18830bp)
Top Length: 18830  Top ID: 98.24
		Marking as insignificant: 622094 629222 | 7129 1 | 7129 7129 | 98.75 | Buchnera_aphidicola_Acyrthosiphon_pisum_ancestor k99_175_flag_0_multi_45.6129_len_18830
		One align captures most of this contig: 532595 551424 | 18830 1 | 18830 18830 | 98.24 | Buchnera_aphidicola_Acyrthosiphon_pisum_0915 k99_175_flag_0_multi_45.6129_len_18830

CONTIG: k99_48_flag_0_multi_48.2686_len_32101 (32101bp)
Top Length: 32101  Top ID: 100.0
		One align captures most of this contig: 85423 117523 | 32101 1 | 32101 32101 | 100.0 | Buchnera_aphidicola_Acyrthosiphon_pisum_0915 k99_48_flag_0_multi_48.2686_len_32101

CONTIG: k99_10_flag_0_multi_33.1386_len_770 (770bp)
Top Length: 770  Top ID: 100.0
		Marking as insignificant: 120279 121048 | 1 770 | 770 770 | 95.32 | Buchnera_aphidicola_Acyrthosiphon_pisum_0915 k99_10_flag_0_multi_33.1386_len_770
		One align captures most of this contig: 531717 532486 | 1 770 | 770 770 | 100.0 | Buchnera_aphidicola_Acyrthosiphon_pisum_ancestor k99_10_flag_0_multi_33.1386_len_770

CONTIG: k99_150_flag_0_multi_43.1197_len_6732 (6732bp)
Top Length: 6732  Top ID: 100.0
		One align captures most of this contig: 616893 623624 | 6732 1 | 6732 6732 | 100.0 | Buchnera_aphidicola_Acyrthosiphon_pisum_ancestor k99_150_flag_0_multi_43.1197_len_6732

CONTIG: k99_87_flag_0_multi_48.0407_len_3417 (3417bp)
Top Length: 3417  Top ID: 100.0
		One align captures most of this contig: 270020 273436 | 3417 1 | 3417 3417 | 100.0 | Buchnera_aphidicola_Acyrthosiphon_pisum_ancestor k99_87_flag_0_multi_48.0407_len_3417

CONTIG: k99_49_flag_0_multi_46.9755_len_4269 (4269bp)
Top Length: 4269  Top ID: 100.0
		One align captures most of this contig: 149444 153712 | 1 4269 | 4269 4269 | 100.0 | Buchnera_aphidicola_Acyrthosiphon_pisum_0915 k99_49_flag_0_multi_46.9755_len_4269

CONTIG: k99_185_flag_0_multi_46.6194_len_52933 (52933bp)
Top Length: 52933  Top ID: 100.0
		One align captures most of this contig: 532431 585363 | 1 52933 | 52933 52933 | 100.0 | Buchnera_aphidicola_Acyrthosiphon_pisum_ancestor k99_185_flag_0_multi_46.6194_len_52933

CONTIG: k99_158_flag_0_multi_49.2058_len_1727 (1727bp)
Top Length: 1727  Top ID: 100.0
		One align captures most of this contig: 263175 264901 | 1 1727 | 1727 1727 | 100.0 | Buchnera_aphidicola_Acyrthosiphon_pisum_ancestor k99_158_flag_0_multi_49.2058_len_1727

CONTIG: k99_125_flag_0_multi_44.2474_len_1360 (1360bp)
Top Length: 1360  Top ID: 100.0
		One align captures most of this contig: 408238 409597 | 1360 1 | 1360 1360 | 100.0 | Buchnera_aphidicola_Acyrthosiphon_pisum_0915 k99_125_flag_0_multi_44.2474_len_1360

CONTIG: k99_32_flag_0_multi_51.0303_len_6003 (6003bp)
Top Length: 6003  Top ID: 100.0
		One align captures most of this contig: 153693 159695 | 1 6003 | 6003 6003 | 100.0 | Buchnera_aphidicola_Acyrthosiphon_pisum_0915 k99_32_flag_0_multi_51.0303_len_6003

CONTIG: k99_73_flag_0_multi_44.2007_len_2451 (2451bp)
Top Length: 2451  Top ID: 100.0
		One align captures most of this contig: 113126 115576 | 2451 1 | 2451 2451 | 100.0 | Buchnera_aphidicola_Acyrthosiphon_pisum_ancestor k99_73_flag_0_multi_44.2007_len_2451

CONTIG: k99_152_flag_0_multi_46.1277_len_4760 (4760bp)
Top Length: 4760  Top ID: 100.0
		One align captures most of this contig: 39232 43991 | 1 4760 | 4760 4760 | 100.0 | Buchnera_aphidicola_Acyrthosiphon_pisum_ancestor k99_152_flag_0_multi_46.1277_len_4760

CONTIG: k99_105_flag_0_multi_48.0452_len_2491 (2491bp)
Top Length: 2491  Top ID: 100.0
		One align captures most of this contig: 145714 148204 | 1 2491 | 2491 2491 | 100.0 | Buchnera_aphidicola_Acyrthosiphon_pisum_0915 k99_105_flag_0_multi_48.0452_len_2491

CONTIG: k99_40_flag_0_multi_45.2192_len_6842 (6842bp)
Top Length: 6842  Top ID: 100.0
		One align captures most of this contig: 90079 96920 | 1 6842 | 6842 6842 | 100.0 | Buchnera_aphidicola_Acyrthosiphon_pisum_ancestor k99_40_flag_0_multi_45.2192_len_6842

CONTIG: k99_147_flag_0_multi_48.1221_len_4760 (4760bp)
Top Length: 4760  Top ID: 100.0
		One align captures most of this contig: 604299 609058 | 4760 1 | 4760 4760 | 100.0 | Buchnera_aphidicola_Acyrthosiphon_pisum_0915 k99_147_flag_0_multi_48.1221_len_4760

CONTIG: k99_119_flag_0_multi_46.6193_len_34951 (34951bp)
Top Length: 34951  Top ID: 100.0
		One align captures most of this contig: 330362 365312 | 34951 1 | 34951 34951 | 100.0 | Buchnera_aphidicola_Acyrthosiphon_pisum_0915 k99_119_flag_0_multi_46.6193_len_34951

Analyzing coverage...
Writing SNPs into /vol/cami-scratch/Simpipeline/iTol_genomes/Buchnera_aphidicola_Acyrthosiphon_pisum_0915/quast_strain/combined_quast_output/contigs_reports/nucmer_output/final.contigs.used_snps
	Reference Buchnera_aphidicola_Acyrthosiphon_pisum_0915: 65 total alignments. 1 total regions.
		Region: 1 to 641799 (641799 bp)
			START in gap: 1 to 14 (13 bp)
			Align 1: 14 12770 k99_41_flag_0_multi_46.0611_len_12757 12757 1
				Negative gap (overlap) between this and next alignment: 12770 to 12674 (-96 bp)
				Next Alignment: 12674 48492 k99_123_flag_0_multi_46.3963_len_35819 1 35819

			Previous gap was negative, modifying coordinates to ignore overlap
				Moving contig start from 1 to 98.
			Align 2: 12771 48492 k99_123_flag_0_multi_46.3963_len_35819 98 35819
				Negative gap (overlap) between this and next alignment: 48492 to 48418 (-74 bp)
				Next Alignment: 48418 80212 k99_97_flag_0_multi_45.1750_len_31795 31795 1

			Previous gap was negative, modifying coordinates to ignore overlap
				Moving contig start from 31795 to 31720.
			Align 3: 48493 80212 k99_97_flag_0_multi_45.1750_len_31795 31720 1
				Negative gap (overlap) between this and next alignment: 80212 to 80159 (-53 bp)
				Next Alignment: 80159 82106 k99_77_flag_0_multi_46.4218_len_1948 1 1948

			Previous gap was negative, modifying coordinates to ignore overlap
				Moving contig start from 1 to 55.
			Align 4: 80213 82106 k99_77_flag_0_multi_46.4218_len_1948 55 1948
				Negative gap (overlap) between this and next alignment: 82106 to 82010 (-96 bp)
				Next Alignment: 82010 85486 k99_23_flag_0_multi_46.2057_len_3477 3477 1

			Previous gap was negative, modifying coordinates to ignore overlap
				Moving contig start from 3477 to 3380.
			Align 5: 82107 85486 k99_23_flag_0_multi_46.2057_len_3477 3380 1
				Negative gap (overlap) between this and next alignment: 85486 to 85423 (-63 bp)
				Next Alignment: 85423 117523 k99_48_flag_0_multi_48.2686_len_32101 32101 1

			Previous gap was negative, modifying coordinates to ignore overlap
				Moving contig start from 32101 to 32037.
			Align 6: 85487 117523 k99_48_flag_0_multi_48.2686_len_32101 32037 1
				Negative gap (overlap) between this and next alignment: 117523 to 117430 (-93 bp)
				Next Alignment: 117430 120358 k99_34_flag_0_multi_46.5124_len_2929 1 2929

			Previous gap was negative, modifying coordinates to ignore overlap
				Moving contig start from 1 to 95.
			Align 7: 117524 120358 k99_34_flag_0_multi_46.5124_len_2929 95 2929
				Negative gap (overlap) between this and next alignment: 120358 to 120279 (-79 bp)
				Next Alignment: 120279 121048 k99_9_flag_0_multi_57.4367_len_770 1 770

			Previous gap was negative, modifying coordinates to ignore overlap
				Moving contig start from 1 to 81.
			Align 8: 120359 121048 k99_9_flag_0_multi_57.4367_len_770 81 770
				Negative gap (overlap) between this and next alignment: 121048 to 120993 (-55 bp)
				Next Alignment: 120993 126557 k99_99_flag_0_multi_48.7155_len_5565 1 5565

			Previous gap was negative, modifying coordinates to ignore overlap
				Moving contig start from 1 to 57.
			Align 9: 121049 126557 k99_99_flag_0_multi_48.7155_len_5565 57 5565
				Negative gap (overlap) between this and next alignment: 126557 to 126463 (-94 bp)
				Next Alignment: 126463 134403 k99_126_flag_0_multi_50.9366_len_7941 1 7941

			Previous gap was negative, modifying coordinates to ignore overlap
				Moving contig start from 1 to 96.
			Align 10: 126558 134403 k99_126_flag_0_multi_50.9366_len_7941 96 7941
				Negative gap (overlap) between this and next alignment: 134403 to 134332 (-71 bp)
				Next Alignment: 134332 145811 k99_112_flag_0_multi_46.3739_len_11480 11480 1

			Previous gap was negative, modifying coordinates to ignore overlap
				Moving contig start from 11480 to 11408.
			Align 11: 134404 145811 k99_112_flag_0_multi_46.3739_len_11480 11408 1
				Negative gap (overlap) between this and next alignment: 145811 to 145714 (-97 bp)
				Next Alignment: 145714 148204 k99_105_flag_0_multi_48.0452_len_2491 1 2491

			Previous gap was negative, modifying coordinates to ignore overlap
				Moving contig start from 1 to 99.
			Align 12: 145812 148204 k99_105_flag_0_multi_48.0452_len_2491 99 2491
				Negative gap (overlap) between this and next alignment: 148204 to 148141 (-63 bp)
				Next Alignment: 148141 149440 k99_71_flag_0_multi_35.0999_len_1300 1300 1

			Previous gap was negative, modifying coordinates to ignore overlap
				Moving contig start from 1300 to 1236.
			Align 13: 148205 149440 k99_71_flag_0_multi_35.0999_len_1300 1236 1
				Gap between this and next alignment: 149440 to 149444 (3 bp)
				Next Alignment: 149444 153712 k99_49_flag_0_multi_46.9755_len_4269 1 4269

			Align 14: 149444 153712 k99_49_flag_0_multi_46.9755_len_4269 1 4269
				Negative gap (overlap) between this and next alignment: 153712 to 153693 (-19 bp)
				Next Alignment: 153693 159695 k99_32_flag_0_multi_51.0303_len_6003 1 6003

			Previous gap was negative, modifying coordinates to ignore overlap
				Moving contig start from 1 to 21.
			Align 15: 153713 159695 k99_32_flag_0_multi_51.0303_len_6003 21 6003
				Negative gap (overlap) between this and next alignment: 159695 to 159598 (-97 bp)
				Next Alignment: 159598 169653 k99_86_flag_0_multi_46.5104_len_10056 1 10056

			Previous gap was negative, modifying coordinates to ignore overlap
				Moving contig start from 1 to 99.
			Align 16: 159696 169653 k99_86_flag_0_multi_46.5104_len_10056 99 10056
				Gap between this and next alignment: 169653 to 169840 (186 bp)
				Next Alignment: 169840 189339 k99_103_flag_0_multi_47.5322_len_19500 1 19500

			Align 17: 169840 189339 k99_103_flag_0_multi_47.5322_len_19500 1 19500
				Negative gap (overlap) between this and next alignment: 189339 to 189265 (-74 bp)
				Next Alignment: 189265 201264 k99_30_flag_0_multi_48.0964_len_12000 1 12000

			Previous gap was negative, modifying coordinates to ignore overlap
				Moving contig start from 1 to 76.
			Align 18: 189340 201264 k99_30_flag_0_multi_48.0964_len_12000 76 12000
				Negative gap (overlap) between this and next alignment: 201264 to 201198 (-66 bp)
				Next Alignment: 201198 218645 k99_172_flag_0_multi_50.3889_len_17448 17448 1

			Previous gap was negative, modifying coordinates to ignore overlap
				Moving contig start from 17448 to 17381.
			Align 19: 201265 218645 k99_172_flag_0_multi_50.3889_len_17448 17381 1
				Negative gap (overlap) between this and next alignment: 218645 to 218552 (-93 bp)
				Next Alignment: 218552 222274 k99_116_flag_0_multi_44.0168_len_3723 3723 1

			Previous gap was negative, modifying coordinates to ignore overlap
				Moving contig start from 3723 to 3629.
			Align 20: 218646 222274 k99_116_flag_0_multi_44.0168_len_3723 3629 1
				Negative gap (overlap) between this and next alignment: 222274 to 222193 (-81 bp)
				Next Alignment: 222193 238365 k99_167_flag_0_multi_47.6427_len_16173 1 16173

			Previous gap was negative, modifying coordinates to ignore overlap
				Moving contig start from 1 to 83.
			Align 21: 222275 238365 k99_167_flag_0_multi_47.6427_len_16173 83 16173
				Negative gap (overlap) between this and next alignment: 238365 to 238268 (-97 bp)
				Next Alignment: 238268 244278 k99_56_flag_0_multi_46.2667_len_6011 6011 1

			Previous gap was negative, modifying coordinates to ignore overlap
				Moving contig start from 6011 to 5913.
			Align 22: 238366 244278 k99_56_flag_0_multi_46.2667_len_6011 5913 1
				Negative gap (overlap) between this and next alignment: 244278 to 244240 (-38 bp)
				Next Alignment: 244240 262680 k99_98_flag_0_multi_46.4340_len_18441 1 18441

			Previous gap was negative, modifying coordinates to ignore overlap
				Moving contig start from 1 to 40.
			Align 23: 244279 262680 k99_98_flag_0_multi_46.4340_len_18441 40 18441
				Negative gap (overlap) between this and next alignment: 262680 to 262604 (-76 bp)
				Next Alignment: 262604 266849 k99_96_flag_0_multi_47.1483_len_4246 1 4246

			Previous gap was negative, modifying coordinates to ignore overlap
				Moving contig start from 1 to 78.
			Align 24: 262681 266849 k99_96_flag_0_multi_47.1483_len_4246 78 4246
				Negative gap (overlap) between this and next alignment: 266849 to 266779 (-70 bp)
				Next Alignment: 266779 307461 k99_155_flag_0_multi_46.8700_len_40683 1 40683

			Previous gap was negative, modifying coordinates to ignore overlap
				Moving contig start from 1 to 72.
			Align 25: 266850 307461 k99_155_flag_0_multi_46.8700_len_40683 72 40683
				Negative gap (overlap) between this and next alignment: 307461 to 307372 (-89 bp)
				Next Alignment: 307372 325885 k99_168_flag_0_multi_47.8037_len_18514 1 18514

			Previous gap was negative, modifying coordinates to ignore overlap
				Moving contig start from 1 to 91.
			Align 26: 307462 325885 k99_168_flag_0_multi_47.8037_len_18514 91 18514
				Negative gap (overlap) between this and next alignment: 325885 to 325808 (-77 bp)
				Next Alignment: 325808 330455 k99_132_flag_0_multi_50.8716_len_4648 4648 1

			Previous gap was negative, modifying coordinates to ignore overlap
				Moving contig start from 4648 to 4570.
			Align 27: 325886 330455 k99_132_flag_0_multi_50.8716_len_4648 4570 1
				Negative gap (overlap) between this and next alignment: 330455 to 330362 (-93 bp)
				Next Alignment: 330362 365312 k99_119_flag_0_multi_46.6193_len_34951 34951 1

			Previous gap was negative, modifying coordinates to ignore overlap
				Moving contig start from 34951 to 34857.
			Align 28: 330456 365312 k99_119_flag_0_multi_46.6193_len_34951 34857 1
				Negative gap (overlap) between this and next alignment: 365312 to 365219 (-93 bp)
				Next Alignment: 365219 372471 k99_68_flag_0_multi_50.6190_len_7253 7253 1

			Previous gap was negative, modifying coordinates to ignore overlap
				Moving contig start from 7253 to 7159.
			Align 29: 365313 372471 k99_68_flag_0_multi_50.6190_len_7253 7159 1
				Negative gap (overlap) between this and next alignment: 372471 to 372384 (-87 bp)
				Next Alignment: 372384 375800 k99_85_flag_0_multi_45.0552_len_3417 3417 1

			Previous gap was negative, modifying coordinates to ignore overlap
				Moving contig start from 3417 to 3329.
			Align 30: 372472 375800 k99_85_flag_0_multi_45.0552_len_3417 3329 1
				Negative gap (overlap) between this and next alignment: 375800 to 375707 (-93 bp)
				Next Alignment: 375707 377901 k99_19_flag_0_multi_54.1517_len_2195 1 2195

			Previous gap was negative, modifying coordinates to ignore overlap
				Moving contig start from 1 to 95.
			Align 31: 375801 377901 k99_19_flag_0_multi_54.1517_len_2195 95 2195
				Negative gap (overlap) between this and next alignment: 377901 to 377813 (-88 bp)
				Next Alignment: 377813 386655 k99_90_flag_0_multi_44.4942_len_8843 8843 1

			Previous gap was negative, modifying coordinates to ignore overlap
				Moving contig start from 8843 to 8754.
			Align 32: 377902 386655 k99_90_flag_0_multi_44.4942_len_8843 8754 1
				Negative gap (overlap) between this and next alignment: 386655 to 386557 (-98 bp)
				Next Alignment: 386557 395428 k99_93_flag_0_multi_46.6293_len_8872 8872 1

			Previous gap was negative, modifying coordinates to ignore overlap
				Moving contig start from 8872 to 8773.
			Align 33: 386656 395428 k99_93_flag_0_multi_46.6293_len_8872 8773 1
				Negative gap (overlap) between this and next alignment: 395428 to 395402 (-26 bp)
				Next Alignment: 395402 408336 k99_136_flag_0_multi_47.5100_len_12935 12935 1

			Previous gap was negative, modifying coordinates to ignore overlap
				Moving contig start from 12935 to 12908.
			Align 34: 395429 408336 k99_136_flag_0_multi_47.5100_len_12935 12908 1
				Negative gap (overlap) between this and next alignment: 408336 to 408238 (-98 bp)
				Next Alignment: 408238 409597 k99_125_flag_0_multi_44.2474_len_1360 1360 1

			Previous gap was negative, modifying coordinates to ignore overlap
				Moving contig start from 1360 to 1261.
			Align 35: 408337 409597 k99_125_flag_0_multi_44.2474_len_1360 1261 1
				Negative gap (overlap) between this and next alignment: 409597 to 409534 (-63 bp)
				Next Alignment: 409534 416375 k99_80_flag_0_multi_52.0804_len_6842 6842 1

			Previous gap was negative, modifying coordinates to ignore overlap
				Moving contig start from 6842 to 6778.
			Align 36: 409598 416375 k99_80_flag_0_multi_52.0804_len_6842 6778 1
				Negative gap (overlap) between this and next alignment: 416375 to 416282 (-93 bp)
				Next Alignment: 416282 421197 k99_50_flag_0_multi_47.7808_len_4916 4916 1

			Previous gap was negative, modifying coordinates to ignore overlap
				Moving contig start from 4916 to 4822.
			Align 37: 416376 421197 k99_50_flag_0_multi_47.7808_len_4916 4822 1
				Negative gap (overlap) between this and next alignment: 421197 to 421102 (-95 bp)
				Next Alignment: 421102 447096 k99_138_flag_0_multi_45.3024_len_25995 25995 1

			Previous gap was negative, modifying coordinates to ignore overlap
				Moving contig start from 25995 to 25899.
			Align 38: 421198 447096 k99_138_flag_0_multi_45.3024_len_25995 25899 1
				Negative gap (overlap) between this and next alignment: 447096 to 447005 (-91 bp)
				Next Alignment: 447005 449939 k99_14_flag_0_multi_49.1844_len_2935 1 2935

			Previous gap was negative, modifying coordinates to ignore overlap
				Moving contig start from 1 to 93.
			Align 39: 447097 449939 k99_14_flag_0_multi_49.1844_len_2935 93 2935
				Negative gap (overlap) between this and next alignment: 449939 to 449900 (-39 bp)
				Next Alignment: 449900 453719 k99_22_flag_0_multi_48.0172_len_3820 1 3820

			Previous gap was negative, modifying coordinates to ignore overlap
				Moving contig start from 1 to 41.
			Align 40: 449940 453719 k99_22_flag_0_multi_48.0172_len_3820 41 3820
				Negative gap (overlap) between this and next alignment: 453719 to 453633 (-86 bp)
				Next Alignment: 453633 454926 k99_12_flag_0_multi_48.1782_len_1294 1 1294

			Previous gap was negative, modifying coordinates to ignore overlap
				Moving contig start from 1 to 88.
			Align 41: 453720 454926 k99_12_flag_0_multi_48.1782_len_1294 88 1294
				Negative gap (overlap) between this and next alignment: 454926 to 454838 (-88 bp)
				Next Alignment: 454838 466024 k99_181_flag_0_multi_49.1734_len_11187 1 11187

			Previous gap was negative, modifying coordinates to ignore overlap
				Moving contig start from 1 to 90.
			Align 42: 454927 466024 k99_181_flag_0_multi_49.1734_len_11187 90 11187
				Negative gap (overlap) between this and next alignment: 466024 to 465930 (-94 bp)
				Next Alignment: 465930 475228 k99_166_flag_0_multi_47.0020_len_9299 1 9299

			Previous gap was negative, modifying coordinates to ignore overlap
				Moving contig start from 1 to 96.
			Align 43: 466025 475228 k99_166_flag_0_multi_47.0020_len_9299 96 9299
				Negative gap (overlap) between this and next alignment: 475228 to 475130 (-98 bp)
				Next Alignment: 475130 476868 k99_60_flag_0_multi_43.4390_len_1739 1739 1

			Previous gap was negative, modifying coordinates to ignore overlap
				Moving contig start from 1739 to 1640.
			Align 44: 475229 476868 k99_60_flag_0_multi_43.4390_len_1739 1640 1
				Negative gap (overlap) between this and next alignment: 476868 to 476772 (-96 bp)
				Next Alignment: 476772 497735 k99_78_flag_0_multi_46.9507_len_20964 20964 1

			Previous gap was negative, modifying coordinates to ignore overlap
				Moving contig start from 20964 to 20867.
			Align 45: 476869 497735 k99_78_flag_0_multi_46.9507_len_20964 20867 1
				Negative gap (overlap) between this and next alignment: 497735 to 497687 (-48 bp)
				Next Alignment: 497687 507842 k99_104_flag_0_multi_43.4890_len_10156 1 10156

			Previous gap was negative, modifying coordinates to ignore overlap
				Moving contig start from 1 to 50.
			Align 46: 497736 507842 k99_104_flag_0_multi_43.4890_len_10156 50 10156
				Negative gap (overlap) between this and next alignment: 507842 to 507782 (-60 bp)
				Next Alignment: 507782 510232 k99_67_flag_0_multi_52.1399_len_2451 1 2451

			Previous gap was negative, modifying coordinates to ignore overlap
				Moving contig start from 1 to 62.
			Align 47: 507843 510232 k99_67_flag_0_multi_52.1399_len_2451 62 2451
				Negative gap (overlap) between this and next alignment: 510232 to 510139 (-93 bp)
				Next Alignment: 510139 522246 k99_146_flag_0_multi_42.0712_len_12108 12108 1

			Previous gap was negative, modifying coordinates to ignore overlap
				Moving contig start from 12108 to 12014.
			Align 48: 510233 522246 k99_146_flag_0_multi_42.0712_len_12108 12014 1
				Negative gap (overlap) between this and next alignment: 522246 to 522148 (-98 bp)
				Next Alignment: 522148 532693 k99_120_flag_0_multi_48.0405_len_10546 1 10546

			Previous gap was negative, modifying coordinates to ignore overlap
				Moving contig start from 1 to 100.
			Align 49: 522247 532693 k99_120_flag_0_multi_48.0405_len_10546 100 10546
				Negative gap (overlap) between this and next alignment: 532693 to 532595 (-98 bp)
				Next Alignment: 532595 551424 k99_175_flag_0_multi_45.6129_len_18830 18830 1

			Previous gap was negative, modifying coordinates to ignore overlap
				Moving contig start from 18830 to 18731.
			Align 50: 532694 551424 k99_175_flag_0_multi_45.6129_len_18830 18731 1
				The next alignment (546225 551424 k99_62_flag_0_multi_46.9524_len_5200 1 5200) is redundant. Skipping.
				Negative gap (overlap) between this and next alignment: 551424 to 551351 (-73 bp)
				Next Alignment: 551351 557831 k99_141_flag_0_multi_45.5619_len_6481 6481 1

			Previous gap was negative, modifying coordinates to ignore overlap
				Moving contig start from 6481 to 6407.
			Align 52: 551425 557831 k99_141_flag_0_multi_45.5619_len_6481 6407 1
				Negative gap (overlap) between this and next alignment: 557831 to 557759 (-72 bp)
				Next Alignment: 557759 560675 k99_113_flag_0_multi_45.1086_len_2917 1 2917

			Previous gap was negative, modifying coordinates to ignore overlap
				Moving contig start from 1 to 74.
			Align 53: 557832 560675 k99_113_flag_0_multi_45.1086_len_2917 74 2917
				Negative gap (overlap) between this and next alignment: 560675 to 560588 (-87 bp)
				Next Alignment: 560588 567966 k99_145_flag_0_multi_45.0466_len_7379 1 7379

			Previous gap was negative, modifying coordinates to ignore overlap
				Moving contig start from 1 to 89.
			Align 54: 560676 567966 k99_145_flag_0_multi_45.0466_len_7379 89 7379
				Negative gap (overlap) between this and next alignment: 567966 to 567881 (-85 bp)
				Next Alignment: 567881 569607 k99_160_flag_0_multi_45.2439_len_1727 1727 1

			Previous gap was negative, modifying coordinates to ignore overlap
				Moving contig start from 1727 to 1641.
			Align 55: 567967 569607 k99_160_flag_0_multi_45.2439_len_1727 1641 1
				Negative gap (overlap) between this and next alignment: 569607 to 569549 (-58 bp)
				Next Alignment: 569549 579405 k99_39_flag_0_multi_46.6910_len_9857 1 9857

			Previous gap was negative, modifying coordinates to ignore overlap
				Moving contig start from 1 to 60.
			Align 56: 569608 579405 k99_39_flag_0_multi_46.6910_len_9857 60 9857
				Negative gap (overlap) between this and next alignment: 579405 to 579321 (-84 bp)
				Next Alignment: 579321 583817 k99_173_flag_0_multi_45.0887_len_4497 4497 1

			Previous gap was negative, modifying coordinates to ignore overlap
				Moving contig start from 4497 to 4412.
			Align 57: 579406 583817 k99_173_flag_0_multi_45.0887_len_4497 4412 1
				Negative gap (overlap) between this and next alignment: 583817 to 583755 (-62 bp)
				Next Alignment: 583755 600157 k99_81_flag_0_multi_47.5136_len_16403 16403 1

			Previous gap was negative, modifying coordinates to ignore overlap
				Moving contig start from 16403 to 16340.
			Align 58: 583818 600157 k99_81_flag_0_multi_47.5136_len_16403 16340 1
				Negative gap (overlap) between this and next alignment: 600157 to 600060 (-97 bp)
				Next Alignment: 600060 604396 k99_177_flag_0_multi_50.5602_len_4337 4337 1

			Previous gap was negative, modifying coordinates to ignore overlap
				Moving contig start from 4337 to 4239.
			Align 59: 600158 604396 k99_177_flag_0_multi_50.5602_len_4337 4239 1
				Negative gap (overlap) between this and next alignment: 604396 to 604299 (-97 bp)
				Next Alignment: 604299 609058 k99_147_flag_0_multi_48.1221_len_4760 4760 1

			Previous gap was negative, modifying coordinates to ignore overlap
				Moving contig start from 4760 to 4662.
			Align 60: 604397 609058 k99_147_flag_0_multi_48.1221_len_4760 4662 1
				Negative gap (overlap) between this and next alignment: 609058 to 608969 (-89 bp)
				Next Alignment: 608969 609826 k99_156_flag_0_multi_51.9196_len_858 1 858

			Previous gap was negative, modifying coordinates to ignore overlap
				Moving contig start from 1 to 91.
			Align 61: 609059 609826 k99_156_flag_0_multi_51.9196_len_858 91 858
				Negative gap (overlap) between this and next alignment: 609826 to 609752 (-74 bp)
				Next Alignment: 609752 616675 k99_171_flag_0_multi_50.8253_len_6924 6924 1

			Previous gap was negative, modifying coordinates to ignore overlap
				Moving contig start from 6924 to 6849.
			Align 62: 609827 616675 k99_171_flag_0_multi_50.8253_len_6924 6849 1
				Negative gap (overlap) between this and next alignment: 616675 to 616579 (-96 bp)
				Next Alignment: 616579 618812 k99_24_flag_0_multi_45.1864_len_2234 2234 1

			Previous gap was negative, modifying coordinates to ignore overlap
				Moving contig start from 2234 to 2137.
			Align 63: 616676 618812 k99_24_flag_0_multi_45.1864_len_2234 2137 1
				Negative gap (overlap) between this and next alignment: 618812 to 618725 (-87 bp)
				Next Alignment: 618725 633409 k99_117_flag_0_multi_46.2265_len_14685 1 14685

			Previous gap was negative, modifying coordinates to ignore overlap
				Moving contig start from 1 to 89.
			Align 64: 618813 633409 k99_117_flag_0_multi_46.2265_len_14685 89 14685
				Negative gap (overlap) between this and next alignment: 633409 to 633321 (-88 bp)
				Next Alignment: 633321 641793 k99_61_flag_0_multi_46.0565_len_8473 8473 1

			Previous gap was negative, modifying coordinates to ignore overlap
				Moving contig start from 8473 to 8384.
			Align 65: 633410 641793 k99_61_flag_0_multi_46.0565_len_8473 8384 1
			END in gap: 641793 to 641799 (6 bp)

	Reference Buchnera_aphidicola_Acyrthosiphon_pisum_ancestor: 62 total alignments. 1 total regions.
		Region: 1 to 641799 (641799 bp)
			START in gap: 1 to 2 (1 bp)
			Align 1: 2 12770 k99_29_flag_0_multi_46.3365_len_12769 12769 1
				Negative gap (overlap) between this and next alignment: 12770 to 12674 (-96 bp)
				Next Alignment: 12674 29601 k99_124_flag_0_multi_48.6081_len_16928 1 16928

			Previous gap was negative, modifying coordinates to ignore overlap
				Moving contig start from 1 to 98.
			Align 2: 12771 29601 k99_124_flag_0_multi_48.6081_len_16928 98 16928
				Negative gap (overlap) between this and next alignment: 29601 to 29539 (-62 bp)
				Next Alignment: 29539 34035 k99_106_flag_0_multi_49.0698_len_4497 1 4497

			Previous gap was negative, modifying coordinates to ignore overlap
				Moving contig start from 1 to 64.
			Align 3: 29602 34035 k99_106_flag_0_multi_49.0698_len_4497 64 4497
				Negative gap (overlap) between this and next alignment: 34035 to 33951 (-84 bp)
				Next Alignment: 33951 38538 k99_45_flag_0_multi_48.2912_len_4588 1 4588

			Previous gap was negative, modifying coordinates to ignore overlap
				Moving contig start from 1 to 86.
			Align 4: 34036 38538 k99_45_flag_0_multi_48.2912_len_4588 86 4588
				Negative gap (overlap) between this and next alignment: 38538 to 38464 (-74 bp)
				Next Alignment: 38464 39321 k99_154_flag_0_multi_58.7549_len_858 858 1

			Previous gap was negative, modifying coordinates to ignore overlap
				Moving contig start from 858 to 783.
			Align 5: 38539 39321 k99_154_flag_0_multi_58.7549_len_858 783 1
				Negative gap (overlap) between this and next alignment: 39321 to 39232 (-89 bp)
				Next Alignment: 39232 43991 k99_152_flag_0_multi_46.1277_len_4760 1 4760

			Previous gap was negative, modifying coordinates to ignore overlap
				Moving contig start from 1 to 91.
			Align 6: 39322 43991 k99_152_flag_0_multi_46.1277_len_4760 91 4760
				Negative gap (overlap) between this and next alignment: 43991 to 43894 (-97 bp)
				Next Alignment: 43894 51117 k99_137_flag_0_multi_50.1302_len_7224 7224 1

			Previous gap was negative, modifying coordinates to ignore overlap
				Moving contig start from 7224 to 7126.
			Align 7: 43992 51117 k99_137_flag_0_multi_50.1302_len_7224 7126 1
				Negative gap (overlap) between this and next alignment: 51117 to 51021 (-96 bp)
				Next Alignment: 51021 53254 k99_15_flag_0_multi_43.2066_len_2234 2234 1

			Previous gap was negative, modifying coordinates to ignore overlap
				Moving contig start from 2234 to 2137.
			Align 8: 51118 53254 k99_15_flag_0_multi_43.2066_len_2234 2137 1
				Negative gap (overlap) between this and next alignment: 53254 to 53167 (-87 bp)
				Next Alignment: 53167 72915 k99_74_flag_0_multi_47.2716_len_19749 19749 1

			Previous gap was negative, modifying coordinates to ignore overlap
				Moving contig start from 19749 to 19661.
			Align 9: 53255 72915 k99_74_flag_0_multi_47.2716_len_19749 19661 1
				Negative gap (overlap) between this and next alignment: 72915 to 72828 (-87 bp)
				Next Alignment: 72828 82167 k99_174_flag_0_multi_47.7353_len_9340 1 9340

			Previous gap was negative, modifying coordinates to ignore overlap
				Moving contig start from 1 to 89.
			Align 10: 72916 82167 k99_174_flag_0_multi_47.7353_len_9340 89 9340
				Negative gap (overlap) between this and next alignment: 82167 to 82074 (-93 bp)
				Next Alignment: 82074 90172 k99_161_flag_0_multi_50.6055_len_8099 1 8099

			Previous gap was negative, modifying coordinates to ignore overlap
				Moving contig start from 1 to 95.
			Align 11: 82168 90172 k99_161_flag_0_multi_50.6055_len_8099 95 8099
				Negative gap (overlap) between this and next alignment: 90172 to 90079 (-93 bp)
				Next Alignment: 90079 96920 k99_40_flag_0_multi_45.2192_len_6842 1 6842

			Previous gap was negative, modifying coordinates to ignore overlap
				Moving contig start from 1 to 95.
			Align 12: 90173 96920 k99_40_flag_0_multi_45.2192_len_6842 95 6842
				Negative gap (overlap) between this and next alignment: 96920 to 96857 (-63 bp)
				Next Alignment: 96857 98159 k99_164_flag_0_multi_47.0573_len_1303 1 1303

			Previous gap was negative, modifying coordinates to ignore overlap
				Moving contig start from 1 to 65.
			Align 13: 96921 98159 k99_164_flag_0_multi_47.0573_len_1303 65 1303
				Negative gap (overlap) between this and next alignment: 98159 to 98061 (-98 bp)
				Next Alignment: 98061 111052 k99_51_flag_0_multi_45.8719_len_12992 1 12992

			Previous gap was negative, modifying coordinates to ignore overlap
				Moving contig start from 1 to 100.
			Align 14: 98160 111052 k99_51_flag_0_multi_45.8719_len_12992 100 12992
				Negative gap (overlap) between this and next alignment: 111052 to 111026 (-26 bp)
				Next Alignment: 111026 113219 k99_52_flag_0_multi_51.1742_len_2194 1 2194

			Previous gap was negative, modifying coordinates to ignore overlap
				Moving contig start from 1 to 28.
			Align 15: 111053 113219 k99_52_flag_0_multi_51.1742_len_2194 28 2194
				Negative gap (overlap) between this and next alignment: 113219 to 113126 (-93 bp)
				Next Alignment: 113126 115576 k99_73_flag_0_multi_44.2007_len_2451 2451 1

			Previous gap was negative, modifying coordinates to ignore overlap
				Moving contig start from 2451 to 2357.
			Align 16: 113220 115576 k99_73_flag_0_multi_44.2007_len_2451 2357 1
				Negative gap (overlap) between this and next alignment: 115576 to 115516 (-60 bp)
				Next Alignment: 115516 132004 k99_157_flag_0_multi_46.3194_len_16489 16489 1

			Previous gap was negative, modifying coordinates to ignore overlap
				Moving contig start from 16489 to 16428.
			Align 17: 115577 132004 k99_157_flag_0_multi_46.3194_len_16489 16428 1
				Negative gap (overlap) between this and next alignment: 132004 to 131956 (-48 bp)
				Next Alignment: 131956 146586 k99_153_flag_0_multi_43.9721_len_14631 1 14631

			Previous gap was negative, modifying coordinates to ignore overlap
				Moving contig start from 1 to 50.
			Align 18: 132005 146586 k99_153_flag_0_multi_43.9721_len_14631 50 14631
				Negative gap (overlap) between this and next alignment: 146586 to 146490 (-96 bp)
				Next Alignment: 146490 148211 k99_36_flag_0_multi_44.5712_len_1722 1722 1

			Previous gap was negative, modifying coordinates to ignore overlap
				Moving contig start from 1722 to 1625.
			Align 19: 146587 148211 k99_36_flag_0_multi_44.5712_len_1722 1625 1
				Negative gap (overlap) between this and next alignment: 148211 to 148113 (-98 bp)
				Next Alignment: 148113 173712 k99_139_flag_0_multi_44.8949_len_25600 25600 1

			Previous gap was negative, modifying coordinates to ignore overlap
				Moving contig start from 25600 to 25501.
			Align 20: 148212 173712 k99_139_flag_0_multi_44.8949_len_25600 25501 1
				Negative gap (overlap) between this and next alignment: 173712 to 173618 (-94 bp)
				Next Alignment: 173618 175393 k99_92_flag_0_multi_46.2606_len_1776 1776 1

			Previous gap was negative, modifying coordinates to ignore overlap
				Moving contig start from 1776 to 1681.
			Align 21: 173713 175393 k99_92_flag_0_multi_46.2606_len_1776 1681 1
				Negative gap (overlap) between this and next alignment: 175393 to 175302 (-91 bp)
				Next Alignment: 175302 178236 k99_179_flag_0_multi_47.1996_len_2935 1 2935

			Previous gap was negative, modifying coordinates to ignore overlap
				Moving contig start from 1 to 93.
			Align 22: 175394 178236 k99_179_flag_0_multi_47.1996_len_2935 93 2935
				Negative gap (overlap) between this and next alignment: 178236 to 178197 (-39 bp)
				Next Alignment: 178197 182016 k99_31_flag_0_multi_49.5098_len_3820 1 3820

			Previous gap was negative, modifying coordinates to ignore overlap
				Moving contig start from 1 to 41.
			Align 23: 178237 182016 k99_31_flag_0_multi_49.5098_len_3820 41 3820
				Negative gap (overlap) between this and next alignment: 182016 to 181930 (-86 bp)
				Next Alignment: 181930 183223 k99_159_flag_0_multi_57.1556_len_1294 1 1294

			Previous gap was negative, modifying coordinates to ignore overlap
				Moving contig start from 1 to 88.
			Align 24: 182017 183223 k99_159_flag_0_multi_57.1556_len_1294 88 1294
				Negative gap (overlap) between this and next alignment: 183223 to 183135 (-88 bp)
				Next Alignment: 183135 202256 k99_189_flag_0_multi_47.3091_len_19122 1 19122

			Previous gap was negative, modifying coordinates to ignore overlap
				Moving contig start from 1 to 90.
			Align 25: 183224 202256 k99_189_flag_0_multi_47.3091_len_19122 90 19122
				Negative gap (overlap) between this and next alignment: 202256 to 202161 (-95 bp)
				Next Alignment: 202161 217319 k99_110_flag_0_multi_46.6259_len_15159 15159 1

			Previous gap was negative, modifying coordinates to ignore overlap
				Moving contig start from 15159 to 15063.
			Align 26: 202257 217319 k99_110_flag_0_multi_46.6259_len_15159 15063 1
				Negative gap (overlap) between this and next alignment: 217319 to 217221 (-98 bp)
				Next Alignment: 217221 227766 k99_176_flag_0_multi_45.0449_len_10546 1 10546

			Previous gap was negative, modifying coordinates to ignore overlap
				Moving contig start from 1 to 100.
			Align 27: 217320 227766 k99_176_flag_0_multi_45.0449_len_10546 100 10546
				Negative gap (overlap) between this and next alignment: 227766 to 227668 (-98 bp)
				Next Alignment: 227668 254025 k99_107_flag_0_multi_46.0915_len_26358 26358 1

			Previous gap was negative, modifying coordinates to ignore overlap
				Moving contig start from 26358 to 26259.
			Align 28: 227767 254025 k99_107_flag_0_multi_46.0915_len_26358 26259 1
				Negative gap (overlap) between this and next alignment: 254025 to 253928 (-97 bp)
				Next Alignment: 253928 263233 k99_169_flag_0_multi_44.1908_len_9306 9306 1

			Previous gap was negative, modifying coordinates to ignore overlap
				Moving contig start from 9306 to 9208.
			Align 29: 254026 263233 k99_169_flag_0_multi_44.1908_len_9306 9208 1
				Negative gap (overlap) between this and next alignment: 263233 to 263175 (-58 bp)
				Next Alignment: 263175 264901 k99_158_flag_0_multi_49.2058_len_1727 1 1727

			Previous gap was negative, modifying coordinates to ignore overlap
				Moving contig start from 1 to 60.
			Align 30: 263234 264901 k99_158_flag_0_multi_49.2058_len_1727 60 1727
				Negative gap (overlap) between this and next alignment: 264901 to 264816 (-85 bp)
				Next Alignment: 264816 270107 k99_180_flag_0_multi_48.0137_len_5292 5292 1

			Previous gap was negative, modifying coordinates to ignore overlap
				Moving contig start from 5292 to 5206.
			Align 31: 264902 270107 k99_180_flag_0_multi_48.0137_len_5292 5206 1
				Negative gap (overlap) between this and next alignment: 270107 to 270020 (-87 bp)
				Next Alignment: 270020 273436 k99_87_flag_0_multi_48.0407_len_3417 3417 1

			Previous gap was negative, modifying coordinates to ignore overlap
				Moving contig start from 3417 to 3329.
			Align 32: 270108 273436 k99_87_flag_0_multi_48.0407_len_3417 3329 1
				Negative gap (overlap) between this and next alignment: 273436 to 273343 (-93 bp)
				Next Alignment: 273343 275537 k99_66_flag_0_multi_57.1202_len_2195 1 2195

			Previous gap was negative, modifying coordinates to ignore overlap
				Moving contig start from 1 to 95.
			Align 33: 273437 275537 k99_66_flag_0_multi_57.1202_len_2195 95 2195
				Negative gap (overlap) between this and next alignment: 275537 to 275449 (-88 bp)
				Next Alignment: 275449 284356 k99_121_flag_0_multi_47.9209_len_8908 8908 1

			Previous gap was negative, modifying coordinates to ignore overlap
				Moving contig start from 8908 to 8819.
			Align 34: 275538 284356 k99_121_flag_0_multi_47.9209_len_8908 8819 1
				Negative gap (overlap) between this and next alignment: 284356 to 284258 (-98 bp)
				Next Alignment: 284258 320484 k99_63_flag_0_multi_49.7948_len_36227 1 36227

			Previous gap was negative, modifying coordinates to ignore overlap
				Moving contig start from 1 to 100.
			Align 35: 284357 320484 k99_63_flag_0_multi_49.7948_len_36227 100 36227
				Negative gap (overlap) between this and next alignment: 320484 to 320418 (-66 bp)
				Next Alignment: 320418 337865 k99_163_flag_0_multi_48.9413_len_17448 17448 1

			Previous gap was negative, modifying coordinates to ignore overlap
				Moving contig start from 17448 to 17381.
			Align 36: 320485 337865 k99_163_flag_0_multi_48.9413_len_17448 17381 1
				Negative gap (overlap) between this and next alignment: 337865 to 337772 (-93 bp)
				Next Alignment: 337772 341494 k99_111_flag_0_multi_41.0317_len_3723 3723 1

			Previous gap was negative, modifying coordinates to ignore overlap
				Moving contig start from 3723 to 3629.
			Align 37: 337866 341494 k99_111_flag_0_multi_41.0317_len_3723 3629 1
				Negative gap (overlap) between this and next alignment: 341494 to 341413 (-81 bp)
				Next Alignment: 341413 357585 k99_114_flag_0_multi_47.7775_len_16173 1 16173

			Previous gap was negative, modifying coordinates to ignore overlap
				Moving contig start from 1 to 83.
			Align 38: 341495 357585 k99_114_flag_0_multi_47.7775_len_16173 83 16173
				Negative gap (overlap) between this and next alignment: 357585 to 357488 (-97 bp)
				Next Alignment: 357488 363498 k99_76_flag_0_multi_45.2776_len_6011 6011 1

			Previous gap was negative, modifying coordinates to ignore overlap
				Moving contig start from 6011 to 5913.
			Align 39: 357586 363498 k99_76_flag_0_multi_45.2776_len_6011 5913 1
				Negative gap (overlap) between this and next alignment: 363498 to 363460 (-38 bp)
				Next Alignment: 363460 381900 k99_79_flag_0_multi_47.3512_len_18441 1 18441

			Previous gap was negative, modifying coordinates to ignore overlap
				Moving contig start from 1 to 40.
			Align 40: 363499 381900 k99_79_flag_0_multi_47.3512_len_18441 40 18441
				Negative gap (overlap) between this and next alignment: 381900 to 381824 (-76 bp)
				Next Alignment: 381824 386069 k99_129_flag_0_multi_50.1372_len_4246 1 4246

			Previous gap was negative, modifying coordinates to ignore overlap
				Moving contig start from 1 to 78.
			Align 41: 381901 386069 k99_129_flag_0_multi_50.1372_len_4246 78 4246
				Negative gap (overlap) between this and next alignment: 386069 to 385999 (-70 bp)
				Next Alignment: 385999 426779 k99_118_flag_0_multi_48.1501_len_40781 1 40781

			Previous gap was negative, modifying coordinates to ignore overlap
				Moving contig start from 1 to 72.
			Align 42: 386070 426779 k99_118_flag_0_multi_48.1501_len_40781 72 40781
				Negative gap (overlap) between this and next alignment: 426779 to 426686 (-93 bp)
				Next Alignment: 426686 431333 k99_101_flag_0_multi_52.1104_len_4648 1 4648

			Previous gap was negative, modifying coordinates to ignore overlap
				Moving contig start from 1 to 95.
			Align 43: 426780 431333 k99_101_flag_0_multi_52.1104_len_4648 95 4648
				Negative gap (overlap) between this and next alignment: 431333 to 431256 (-77 bp)
				Next Alignment: 431256 450592 k99_94_flag_0_multi_44.1678_len_19337 1 19337

			Previous gap was negative, modifying coordinates to ignore overlap
				Moving contig start from 1 to 79.
			Align 44: 431334 450592 k99_94_flag_0_multi_44.1678_len_19337 79 19337
				Negative gap (overlap) between this and next alignment: 450592 to 450518 (-74 bp)
				Next Alignment: 450518 473875 k99_140_flag_0_multi_46.3416_len_23358 23358 1

			Previous gap was negative, modifying coordinates to ignore overlap
				Moving contig start from 23358 to 23283.
			Align 45: 450593 473875 k99_140_flag_0_multi_46.3416_len_23358 23283 1
				Negative gap (overlap) between this and next alignment: 473875 to 473786 (-89 bp)
				Next Alignment: 473786 479183 k99_46_flag_0_multi_48.0360_len_5398 1 5398

			Previous gap was negative, modifying coordinates to ignore overlap
				Moving contig start from 1 to 91.
			Align 46: 473876 479183 k99_46_flag_0_multi_48.0360_len_5398 91 5398
				Negative gap (overlap) between this and next alignment: 479183 to 479086 (-97 bp)
				Next Alignment: 479086 489141 k99_102_flag_0_multi_48.7075_len_10056 1 10056

			Previous gap was negative, modifying coordinates to ignore overlap
				Moving contig start from 1 to 99.
			Align 47: 479184 489141 k99_102_flag_0_multi_48.7075_len_10056 99 10056
				Gap between this and next alignment: 489141 to 489328 (186 bp)
				Next Alignment: 489328 496256 k99_42_flag_0_multi_48.0328_len_6929 6929 1

			Align 48: 489328 496256 k99_42_flag_0_multi_48.0328_len_6929 6929 1
				Negative gap (overlap) between this and next alignment: 496256 to 496237 (-19 bp)
				Next Alignment: 496237 500106 k99_128_flag_0_multi_52.1514_len_3870 3870 1

			Previous gap was negative, modifying coordinates to ignore overlap
				Moving contig start from 3870 to 3850.
			Align 49: 496257 500106 k99_128_flag_0_multi_52.1514_len_3870 3850 1
				Negative gap (overlap) between this and next alignment: 500106 to 500035 (-71 bp)
				Next Alignment: 500035 511514 k99_37_flag_0_multi_46.0073_len_11480 11480 1

			Previous gap was negative, modifying coordinates to ignore overlap
				Moving contig start from 11480 to 11408.
			Align 50: 500107 511514 k99_37_flag_0_multi_46.0073_len_11480 11408 1
				Negative gap (overlap) between this and next alignment: 511514 to 511417 (-97 bp)
				Next Alignment: 511417 513907 k99_122_flag_0_multi_41.3620_len_2491 1 2491

			Previous gap was negative, modifying coordinates to ignore overlap
				Moving contig start from 1 to 99.
			Align 51: 511515 513907 k99_122_flag_0_multi_41.3620_len_2491 99 2491
				Negative gap (overlap) between this and next alignment: 513907 to 513844 (-63 bp)
				Next Alignment: 513844 523486 k99_57_flag_0_multi_50.1815_len_9643 9643 1

			Previous gap was negative, modifying coordinates to ignore overlap
				Moving contig start from 9643 to 9579.
			Align 52: 513908 523486 k99_57_flag_0_multi_50.1815_len_9643 9579 1
				Negative gap (overlap) between this and next alignment: 523486 to 523392 (-94 bp)
				Next Alignment: 523392 528961 k99_144_flag_0_multi_52.1219_len_5570 1 5570

			Previous gap was negative, modifying coordinates to ignore overlap
				Moving contig start from 1 to 96.
			Align 53: 523487 528961 k99_144_flag_0_multi_52.1219_len_5570 96 5570
				Negative gap (overlap) between this and next alignment: 528961 to 528868 (-93 bp)
				Next Alignment: 528868 531796 k99_54_flag_0_multi_45.8809_len_2929 1 2929

			Previous gap was negative, modifying coordinates to ignore overlap
				Moving contig start from 1 to 95.
			Align 54: 528962 531796 k99_54_flag_0_multi_45.8809_len_2929 95 2929
				Negative gap (overlap) between this and next alignment: 531796 to 531717 (-79 bp)
				Next Alignment: 531717 532486 k99_10_flag_0_multi_33.1386_len_770 1 770

			Previous gap was negative, modifying coordinates to ignore overlap
				Moving contig start from 1 to 81.
			Align 55: 531797 532486 k99_10_flag_0_multi_33.1386_len_770 81 770
				Negative gap (overlap) between this and next alignment: 532486 to 532431 (-55 bp)
				Next Alignment: 532431 585363 k99_185_flag_0_multi_46.6194_len_52933 1 52933

			Previous gap was negative, modifying coordinates to ignore overlap
				Moving contig start from 1 to 57.
			Align 56: 532487 585363 k99_185_flag_0_multi_46.6194_len_52933 57 52933
				Negative gap (overlap) between this and next alignment: 585363 to 585289 (-74 bp)
				Next Alignment: 585289 611682 k99_53_flag_0_multi_44.8297_len_26394 26394 1

			Previous gap was negative, modifying coordinates to ignore overlap
				Moving contig start from 26394 to 26319.
			Align 57: 585364 611682 k99_53_flag_0_multi_44.8297_len_26394 26319 1
				Negative gap (overlap) between this and next alignment: 611682 to 611619 (-63 bp)
				Next Alignment: 611619 615095 k99_20_flag_0_multi_52.1741_len_3477 1 3477

			Previous gap was negative, modifying coordinates to ignore overlap
				Moving contig start from 1 to 65.
			Align 58: 611683 615095 k99_20_flag_0_multi_52.1741_len_3477 65 3477
				Negative gap (overlap) between this and next alignment: 615095 to 614999 (-96 bp)
				Next Alignment: 614999 616946 k99_89_flag_0_multi_48.4062_len_1948 1948 1

			Previous gap was negative, modifying coordinates to ignore overlap
				Moving contig start from 1948 to 1851.
			Align 59: 615096 616946 k99_89_flag_0_multi_48.4062_len_1948 1851 1
				Negative gap (overlap) between this and next alignment: 616946 to 616893 (-53 bp)
				Next Alignment: 616893 623624 k99_150_flag_0_multi_43.1197_len_6732 6732 1

			Previous gap was negative, modifying coordinates to ignore overlap
				Moving contig start from 6732 to 6678.
			Align 60: 616947 623624 k99_150_flag_0_multi_43.1197_len_6732 6678 1
				Gap between this and next alignment: 623624 to 629149 (5524 bp)
				Next Alignment: 629149 633409 k99_133_flag_0_multi_48.1764_len_4261 4261 1

			Align 61: 629149 633409 k99_133_flag_0_multi_48.1764_len_4261 4261 1
				Negative gap (overlap) between this and next alignment: 633409 to 633321 (-88 bp)
				Next Alignment: 633321 641785 k99_27_flag_0_multi_46.5426_len_8465 8465 1

			Previous gap was negative, modifying coordinates to ignore overlap
				Moving contig start from 8465 to 8376.
			Align 62: 633410 641785 k99_27_flag_0_multi_46.5426_len_8465 8376 1
			END in gap: 641785 to 641799 (14 bp)

Analysis is finished!
Founded SNPs were written into /vol/cami-scratch/Simpipeline/iTol_genomes/Buchnera_aphidicola_Acyrthosiphon_pisum_0915/quast_strain/combined_quast_output/contigs_reports/nucmer_output/final.contigs.used_snps

Results:
	Local Misassemblies: 0
	Misassemblies: 0
		Relocations: 0
		Translocations: 0
		Interspecies translocations: 0
		Inversions: 0
	Potentially Misassembled Contigs (i/s translocations): 0
	Misassembled Contigs: 0
	Misassembled Contig Bases: 0
	Misassemblies Inter-Contig Overlap: 0
Uncovered Regions: 0 (0)
Unaligned Contigs: 0 + 0 part
Partially Unaligned Contigs with Misassemblies: 0
Unaligned Contig Bases: 0

Ambiguously Mapped Contigs: 0
Total Bases in Ambiguously Mapped Contigs: 0
Note that --allow-ambiguity option was set to "one" and only first alignment per each contig was used.

	Covered Bases: 1277665

	SNPs: 333
	Insertions: 0
	Deletions: 0

	Positive Gaps: 8
		Internal Gaps:  0
		External Gaps:  8
		External Gap Total:  5933
		External Gap Average: 742
	Negative Gaps: 120
		Internal Overlaps:  0
		External Overlaps:  120
		External Overlaps Total: -9607
		External Overlaps Average: -80
	Contigs with Redundant Alignments: 1 (5200)
