Aligning contigs to reference...
	Using existing Nucmer alignments...
Parsing coords...
Loading reference...
	Loaded [e_coli_k12_gi_556503834_ref_NC_]
Loading SNPs...
Loading regions...
	No regions given, using whole reference.
	Total Regions: 1
	Total Region Length: 4641652
Analyzing contigs...
CONTIG: k99_2_flag_1_multi_3.0000_len_529 (529bp)
Top Length: 529  Top ID: 98.68
		Marking as insignificant: 315229 315674 | 446 1 | 446 446 | 99.33 | e_coli_k12_gi_556503834_ref_NC_ k99_2_flag_1_multi_3.0000_len_529
		Marking as insignificant: 1095054 1095503 | 1 450 | 450 450 | 99.33 | e_coli_k12_gi_556503834_ref_NC_ k99_2_flag_1_multi_3.0000_len_529
		Marking as insignificant: 566775 567225 | 451 1 | 451 451 | 99.33 | e_coli_k12_gi_556503834_ref_NC_ k99_2_flag_1_multi_3.0000_len_529
		Marking as insignificant: 392518 392968 | 1 451 | 451 451 | 99.33 | e_coli_k12_gi_556503834_ref_NC_ k99_2_flag_1_multi_3.0000_len_529
		One align captures most of this contig: 2170091 2170619 | 529 1 | 529 529 | 98.68 | e_coli_k12_gi_556503834_ref_NC_ k99_2_flag_1_multi_3.0000_len_529

CONTIG: k99_8_flag_1_multi_2.0000_len_638 (638bp)
Top Length: 638  Top ID: 97.96
		This contig has 7 significant alignments. [An ambiguously mapped contig]
		Using only first of these alignment (option --ambiguity-usage is set to "one"):
		Alignment: 2728207 2728844 | 638 1 | 638 638 | 97.96 | e_coli_k12_gi_556503834_ref_NC_ k99_8_flag_1_multi_2.0000_len_638
		Skipping alignment  3425806 3426443 | 638 1 | 638 638 | 97.96 | e_coli_k12_gi_556503834_ref_NC_ k99_8_flag_1_multi_2.0000_len_638
		Skipping alignment  4037859 4038496 | 1 638 | 638 638 | 97.96 | e_coli_k12_gi_556503834_ref_NC_ k99_8_flag_1_multi_2.0000_len_638
		Skipping alignment  4168981 4169618 | 1 638 | 638 638 | 97.96 | e_coli_k12_gi_556503834_ref_NC_ k99_8_flag_1_multi_2.0000_len_638
		Skipping alignment  4210383 4211020 | 1 638 | 638 638 | 97.96 | e_coli_k12_gi_556503834_ref_NC_ k99_8_flag_1_multi_2.0000_len_638
		Skipping alignment  226099 226736 | 1 638 | 638 638 | 97.65 | e_coli_k12_gi_556503834_ref_NC_ k99_8_flag_1_multi_2.0000_len_638
		Skipping alignment  3944044 3944681 | 1 638 | 638 638 | 97.65 | e_coli_k12_gi_556503834_ref_NC_ k99_8_flag_1_multi_2.0000_len_638

CONTIG: k99_9_flag_1_multi_3.0000_len_700 (700bp)
Top Length: 700  Top ID: 99.29
		Marking as insignificant: 3423818 3424516 | 700 1 | 699 700 | 98.15 | e_coli_k12_gi_556503834_ref_NC_ k99_9_flag_1_multi_3.0000_len_700
		This contig has 6 significant alignments. [An ambiguously mapped contig]
		Using only first of these alignment (option --ambiguity-usage is set to "one"):
		Alignment: 4039787 4040486 | 1 700 | 700 700 | 99.29 | e_coli_k12_gi_556503834_ref_NC_ k99_9_flag_1_multi_3.0000_len_700
		Skipping alignment  4212310 4213009 | 1 700 | 700 700 | 99.29 | e_coli_k12_gi_556503834_ref_NC_ k99_9_flag_1_multi_3.0000_len_700
		Skipping alignment  228026 228725 | 1 700 | 700 700 | 99.14 | e_coli_k12_gi_556503834_ref_NC_ k99_9_flag_1_multi_3.0000_len_700
		Skipping alignment  3945971 3946669 | 1 700 | 699 700 | 98.86 | e_coli_k12_gi_556503834_ref_NC_ k99_9_flag_1_multi_3.0000_len_700
		Skipping alignment  2726219 2726917 | 700 1 | 699 700 | 98.43 | e_coli_k12_gi_556503834_ref_NC_ k99_9_flag_1_multi_3.0000_len_700
		Skipping alignment  4170908 4171606 | 1 700 | 699 700 | 98.43 | e_coli_k12_gi_556503834_ref_NC_ k99_9_flag_1_multi_3.0000_len_700

CONTIG: k99_10_flag_1_multi_4.0000_len_538 (538bp)
Top Length: 538  Top ID: 99.07
		Marking as insignificant: 2288919 2289378 | 460 1 | 460 460 | 99.35 | e_coli_k12_gi_556503834_ref_NC_ k99_10_flag_1_multi_4.0000_len_538
		Marking as insignificant: 2101749 2102208 | 460 1 | 460 460 | 99.35 | e_coli_k12_gi_556503834_ref_NC_ k99_10_flag_1_multi_4.0000_len_538
		Marking as insignificant: 273955 274414 | 460 1 | 460 460 | 99.35 | e_coli_k12_gi_556503834_ref_NC_ k99_10_flag_1_multi_4.0000_len_538
		Marking as insignificant: 3652033 3652495 | 463 1 | 463 463 | 99.35 | e_coli_k12_gi_556503834_ref_NC_ k99_10_flag_1_multi_4.0000_len_538
		Marking as insignificant: 3365553 3366015 | 463 1 | 463 463 | 99.35 | e_coli_k12_gi_556503834_ref_NC_ k99_10_flag_1_multi_4.0000_len_538
		Marking as insignificant: 3130881 3131343 | 1 463 | 463 463 | 99.35 | e_coli_k12_gi_556503834_ref_NC_ k99_10_flag_1_multi_4.0000_len_538
		Marking as insignificant: 1396779 1397241 | 1 463 | 463 463 | 99.35 | e_coli_k12_gi_556503834_ref_NC_ k99_10_flag_1_multi_4.0000_len_538
		Marking as insignificant: 1300234 1300696 | 1 463 | 463 463 | 99.35 | e_coli_k12_gi_556503834_ref_NC_ k99_10_flag_1_multi_4.0000_len_538
		Marking as insignificant: 687848 688310 | 463 1 | 463 463 | 99.35 | e_coli_k12_gi_556503834_ref_NC_ k99_10_flag_1_multi_4.0000_len_538
		Marking as insignificant: 574588 575050 | 463 1 | 463 463 | 99.35 | e_coli_k12_gi_556503834_ref_NC_ k99_10_flag_1_multi_4.0000_len_538
		One align captures most of this contig: 2066081 2066618 | 538 1 | 538 538 | 99.07 | e_coli_k12_gi_556503834_ref_NC_ k99_10_flag_1_multi_4.0000_len_538

Analyzing coverage...
Writing SNPs into /net/metagenomics/projects/afritz_assemblies/Coverage_Sweep_wgsim/050_error/MEGAHIT_cov2/quast/combined_reference/contigs_reports/nucmer_output/final.contigs.used_snps
	Reference e_coli_k12_gi_556503834_ref_NC_: 4 total alignments. 1 total regions.
		Region: 1 to 4641652 (4641652 bp)
			START in gap: 1 to 2066081 (2066080 bp)
			Align 1: 2066081 2066618 k99_10_flag_1_multi_4.0000_len_538 538 1
				Gap between this and next alignment: 2066618 to 2170091 (103472 bp)
				Next Alignment: 2170091 2170619 k99_2_flag_1_multi_3.0000_len_529 529 1

			Align 2: 2170091 2170619 k99_2_flag_1_multi_3.0000_len_529 529 1
				Gap between this and next alignment: 2170619 to 2728207 (557587 bp)
				Next Alignment: 2728207 2728844 k99_8_flag_1_multi_2.0000_len_638 638 1

			Align 3: 2728207 2728844 k99_8_flag_1_multi_2.0000_len_638 638 1
				Gap between this and next alignment: 2728844 to 4039787 (1310942 bp)
				Next Alignment: 4039787 4040486 k99_9_flag_1_multi_3.0000_len_700 1 700

			Align 4: 4039787 4040486 k99_9_flag_1_multi_3.0000_len_700 1 700
			END in gap: 4040486 to 4641652 (601166 bp)

Analysis is finished!
Founded SNPs were written into /net/metagenomics/projects/afritz_assemblies/Coverage_Sweep_wgsim/050_error/MEGAHIT_cov2/quast/combined_reference/contigs_reports/nucmer_output/final.contigs.used_snps

Results:
	Local Misassemblies: 0
	Misassemblies: 0
		Relocations: 0
		Translocations: 0
		Interspecies translocations: 0
		Inversions: 0
	Potentially Misassembled Contigs (i/s translocations): 0
	Misassembled Contigs: 0
	Misassembled Contig Bases: 0
	Misassemblies Inter-Contig Overlap: 0
Uncovered Regions: 0 (0)
Unaligned Contigs: 0 + 0 part
Partially Unaligned Contigs with Misassemblies: 0
Unaligned Contig Bases: 0

Ambiguously Mapped Contigs: 2
Total Bases in Ambiguously Mapped Contigs: 1338
Note that --allow-ambiguity option was set to "one" and only first alignment per each contig was used.

	Covered Bases: 2405

	SNPs: 30
	Insertions: 0
	Deletions: 0

	Positive Gaps: 5
		Internal Gaps:  0
		External Gaps:  5
		External Gap Total:  4639247
		External Gap Average: 927849
	Negative Gaps: 0
		Internal Overlaps:  0
		External Overlaps:  0
		External Overlaps Total:  0
		External Overlaps Average: 0
	Contigs with Redundant Alignments: 0 (0)
