Aligning contigs to reference...
	Running Nucmer
Parsing coords...
Loading reference...
	Loaded [Ecoli_ancestor_Ancestor_]
	Loaded [Ecoli_0905_Taxon002_]
Loading SNPs...
Loading regions...
	No regions given, using whole reference.
	Total Regions: 2
	Total Region Length: 9283304
Analyzing contigs...
CONTIG: NODE_1_length_663492_cov_36.0211_ID_120697 (663492bp)
Top Length: 663492  Top ID: 99.83
		Marking as insignificant: 4139013 4139195 | 493885 493703 | 183 183 | 95.08 | Ecoli_0905_Taxon002_ NODE_1_length_663492_cov_36.0211_ID_120697
		Marking as insignificant: 2521172 2521863 | 413492 414183 | 692 692 | 96.53 | Ecoli_ancestor_Ancestor_ NODE_1_length_663492_cov_36.0211_ID_120697
		Marking as insignificant: 2939256 2939947 | 414183 413492 | 692 692 | 97.25 | Ecoli_ancestor_Ancestor_ NODE_1_length_663492_cov_36.0211_ID_120697
		Marking as insignificant: 91293 91984 | 414183 413492 | 692 692 | 97.25 | Ecoli_ancestor_Ancestor_ NODE_1_length_663492_cov_36.0211_ID_120697
		Marking as insignificant: 3164475 3165166 | 414183 413492 | 692 692 | 97.4 | Ecoli_ancestor_Ancestor_ NODE_1_length_663492_cov_36.0211_ID_120697
		Marking as insignificant: 1403378 1404069 | 414183 413492 | 692 692 | 97.54 | Ecoli_ancestor_Ancestor_ NODE_1_length_663492_cov_36.0211_ID_120697
		Marking as insignificant: 4208212 4208905 | 414185 413492 | 694 694 | 97.41 | Ecoli_ancestor_Ancestor_ NODE_1_length_663492_cov_36.0211_ID_120697
		Marking as insignificant: 2939256 2939961 | 495037 494332 | 706 706 | 99.58 | Ecoli_ancestor_Ancestor_ NODE_1_length_663492_cov_36.0211_ID_120697
		Marking as insignificant: 2523451 2524648 | 607525 608722 | 1198 1198 | 99.25 | Ecoli_ancestor_Ancestor_ NODE_1_length_663492_cov_36.0211_ID_120697
		Marking as insignificant: 4315655 4316853 | 607525 608723 | 1199 1199 | 99.5 | Ecoli_ancestor_Ancestor_ NODE_1_length_663492_cov_36.0211_ID_120697
		Marking as insignificant: 2300687 2301885 | 607521 608719 | 1199 1199 | 99.58 | Ecoli_ancestor_Ancestor_ NODE_1_length_663492_cov_36.0211_ID_120697
		Marking as insignificant: 1224051 1225252 | 607522 608723 | 1202 1202 | 99.5 | Ecoli_ancestor_Ancestor_ NODE_1_length_663492_cov_36.0211_ID_120697
		Marking as insignificant: 3193562 3194763 | 608723 607522 | 1202 1202 | 99.67 | Ecoli_ancestor_Ancestor_ NODE_1_length_663492_cov_36.0211_ID_120697
		Marking as insignificant: 3290105 3291308 | 608725 607522 | 1204 1204 | 99.58 | Ecoli_ancestor_Ancestor_ NODE_1_length_663492_cov_36.0211_ID_120697
		Marking as insignificant: 2487856 2489059 | 607520 608723 | 1204 1204 | 99.58 | Ecoli_ancestor_Ancestor_ NODE_1_length_663492_cov_36.0211_ID_120697
		Marking as insignificant: 3901756 3902957 | 607522 608723 | 1202 1202 | 99.75 | Ecoli_ancestor_Ancestor_ NODE_1_length_663492_cov_36.0211_ID_120697
		Marking as insignificant: 4015016 4016218 | 607522 608724 | 1203 1203 | 99.67 | Ecoli_ancestor_Ancestor_ NODE_1_length_663492_cov_36.0211_ID_120697
		Marking as insignificant: 937571 938774 | 607522 608725 | 1204 1204 | 99.75 | Ecoli_ancestor_Ancestor_ NODE_1_length_663492_cov_36.0211_ID_120697
		Marking as insignificant: 2520533 2521864 | 493707 495038 | 1332 1332 | 99.1 | Ecoli_ancestor_Ancestor_ NODE_1_length_663492_cov_36.0211_ID_120697
		Marking as insignificant: 1593112 1594443 | 493706 495037 | 1332 1332 | 99.47 | Ecoli_ancestor_Ancestor_ NODE_1_length_663492_cov_36.0211_ID_120697
		Marking as insignificant: 91293 92623 | 495037 493707 | 1331 1331 | 99.62 | Ecoli_ancestor_Ancestor_ NODE_1_length_663492_cov_36.0211_ID_120697
		Marking as insignificant: 3164474 3165806 | 495038 493706 | 1333 1333 | 99.7 | Ecoli_ancestor_Ancestor_ NODE_1_length_663492_cov_36.0211_ID_120697
		Marking as insignificant: 4208210 4209548 | 495041 493703 | 1339 1339 | 99.4 | Ecoli_ancestor_Ancestor_ NODE_1_length_663492_cov_36.0211_ID_120697
		Marking as insignificant: 1593752 1597499 | 413492 417239 | 3748 3748 | 95.89 | Ecoli_ancestor_Ancestor_ NODE_1_length_663492_cov_36.0211_ID_120697
		One align captures most of this contig: 1214487 1877978 | 663492 1 | 663492 663492 | 99.83 | Ecoli_0905_Taxon002_ NODE_1_length_663492_cov_36.0211_ID_120697

CONTIG: NODE_2_length_478751_cov_35.3536_ID_115588 (478751bp)
Top Length: 315865  Top ID: 99.78
		Skipping redundant alignment 4319042 4320272 | 67934 66704 | 1231 1231 | 95.94 | Ecoli_ancestor_Ancestor_ NODE_2_length_478751_cov_35.3536_ID_115588
		Skipping redundant alignment 82124 83345 | 66712 67933 | 1222 1222 | 96.97 | Ecoli_ancestor_Ancestor_ NODE_2_length_478751_cov_35.3536_ID_115588
		Skipping redundant alignment 965284 966570 | 265411 264125 | 1287 1287 | 95.34 | Ecoli_ancestor_Ancestor_ NODE_2_length_478751_cov_35.3536_ID_115588
		Skipping redundant alignment 3851944 3852426 | 265037 264555 | 483 483 | 95.24 | Ecoli_ancestor_Ancestor_ NODE_2_length_478751_cov_35.3536_ID_115588
		Skipping redundant alignment 4012308 4012677 | 316807 317176 | 370 370 | 96.76 | Ecoli_ancestor_Ancestor_ NODE_2_length_478751_cov_35.3536_ID_115588
		Skipping redundant alignment 4063791 4065332 | 375604 374063 | 1542 1542 | 95.72 | Ecoli_ancestor_Ancestor_ NODE_2_length_478751_cov_35.3536_ID_115588
		Skipping redundant alignment 965280 966570 | 379099 377809 | 1291 1291 | 97.83 | Ecoli_ancestor_Ancestor_ NODE_2_length_478751_cov_35.3536_ID_115588
		Skipping redundant alignment 3851944 3852832 | 378721 377833 | 889 889 | 95.84 | Ecoli_ancestor_Ancestor_ NODE_2_length_478751_cov_35.3536_ID_115588
		Skipping redundant alignment 3852833 3854097 | 379099 377834 | 1265 1266 | 95.66 | Ecoli_ancestor_Ancestor_ NODE_2_length_478751_cov_35.3536_ID_115588
		Skipping redundant alignment 4351427 4351706 | 379088 378809 | 280 280 | 97.86 | Ecoli_ancestor_Ancestor_ NODE_2_length_478751_cov_35.3536_ID_115588
		Skipping redundant alignment 923125 924628 | 418281 416778 | 1504 1504 | 95.95 | Ecoli_ancestor_Ancestor_ NODE_2_length_478751_cov_35.3536_ID_115588
		This contig is misassembled. 13 total aligns.
			Excluding internal overlap of size 10917 between Alignment 1 and 2:  2958190 3132004 | 478751 304949 | 173815 173803 --> 2958190 3121087 | 478751 315866 | 162898 162886
			Real Alignment 1: 2850282 3166158 | 1 315865 | 315877 315865 | 99.78 | Ecoli_0905_Taxon002_ NODE_2_length_478751_cov_35.3536_ID_115588
			  Extensive misassembly ( interspecies translocation ) between these two alignments
			Real Alignment 2: 2958190 3121087 | 478751 315866 | 162898 162886 | 99.54 | Ecoli_ancestor_Ancestor_ NODE_2_length_478751_cov_35.3536_ID_115588

CONTIG: NODE_3_length_467584_cov_35.5641_ID_123338 (467584bp)
Top Length: 467584  Top ID: 99.82
		Marking as insignificant: 198144 198221 | 232655 232578 | 78 78 | 100.0 | Ecoli_ancestor_Ancestor_ NODE_3_length_467584_cov_35.5641_ID_123338
		Marking as insignificant: 4139013 4139191 | 69954 70132 | 179 179 | 96.09 | Ecoli_0905_Taxon002_ NODE_3_length_467584_cov_35.5641_ID_123338
		Marking as insignificant: 290635 291138 | 341209 340706 | 504 504 | 96.03 | Ecoli_ancestor_Ancestor_ NODE_3_length_467584_cov_35.5641_ID_123338
		Marking as insignificant: 2939255 2939961 | 68801 69507 | 707 707 | 99.72 | Ecoli_ancestor_Ancestor_ NODE_3_length_467584_cov_35.5641_ID_123338
		Marking as insignificant: 3165861 3167081 | 200287 199067 | 1221 1221 | 97.95 | Ecoli_ancestor_Ancestor_ NODE_3_length_467584_cov_35.5641_ID_123338
		Marking as insignificant: 4319043 4320280 | 199067 200304 | 1238 1238 | 97.09 | Ecoli_ancestor_Ancestor_ NODE_3_length_467584_cov_35.5641_ID_123338
		Marking as insignificant: 3981456 3982808 | 154065 152713 | 1353 1353 | 95.79 | Ecoli_ancestor_Ancestor_ NODE_3_length_467584_cov_35.5641_ID_123338
		Marking as insignificant: 2075179 2076541 | 154076 152714 | 1363 1363 | 95.52 | Ecoli_ancestor_Ancestor_ NODE_3_length_467584_cov_35.5641_ID_123338
		Marking as insignificant: 2520533 2521863 | 70132 68802 | 1331 1331 | 99.25 | Ecoli_ancestor_Ancestor_ NODE_3_length_467584_cov_35.5641_ID_123338
		Marking as insignificant: 1593113 1594443 | 70132 68802 | 1331 1331 | 99.55 | Ecoli_ancestor_Ancestor_ NODE_3_length_467584_cov_35.5641_ID_123338
		Marking as insignificant: 4208214 4209544 | 68802 70132 | 1331 1331 | 99.7 | Ecoli_ancestor_Ancestor_ NODE_3_length_467584_cov_35.5641_ID_123338
		Marking as insignificant: 1403378 1404708 | 68802 70132 | 1331 1331 | 99.77 | Ecoli_ancestor_Ancestor_ NODE_3_length_467584_cov_35.5641_ID_123338
		Marking as insignificant: 3164475 3165805 | 68802 70132 | 1331 1331 | 99.85 | Ecoli_ancestor_Ancestor_ NODE_3_length_467584_cov_35.5641_ID_123338
		One align captures most of this contig: 21446 489029 | 1 467584 | 467584 467584 | 99.82 | Ecoli_0905_Taxon002_ NODE_3_length_467584_cov_35.5641_ID_123338

CONTIG: NODE_4_length_450105_cov_36.2303_ID_131581 (450105bp)
Top Length: 450105  Top ID: 99.83
		Marking as insignificant: 967917 968661 | 303259 302515 | 745 745 | 95.97 | Ecoli_ancestor_Ancestor_ NODE_4_length_450105_cov_36.2303_ID_131581
		Marking as insignificant: 824905 825714 | 303280 302471 | 810 810 | 96.05 | Ecoli_ancestor_Ancestor_ NODE_4_length_450105_cov_36.2303_ID_131581
		Marking as insignificant: 2487858 2488693 | 367412 366577 | 836 836 | 95.1 | Ecoli_ancestor_Ancestor_ NODE_4_length_450105_cov_36.2303_ID_131581
		Marking as insignificant: 4015014 4015851 | 367414 366577 | 838 838 | 95.35 | Ecoli_ancestor_Ancestor_ NODE_4_length_450105_cov_36.2303_ID_131581
		Marking as insignificant: 3193928 3194768 | 366577 367417 | 841 841 | 95.01 | Ecoli_ancestor_Ancestor_ NODE_4_length_450105_cov_36.2303_ID_131581
		Marking as insignificant: 3901620 3902591 | 367548 366577 | 972 972 | 95.16 | Ecoli_ancestor_Ancestor_ NODE_4_length_450105_cov_36.2303_ID_131581
		Marking as insignificant: 967924 971613 | 301381 297692 | 3690 3690 | 98.16 | Ecoli_ancestor_Ancestor_ NODE_4_length_450105_cov_36.2303_ID_131581
		Marking as insignificant: 824910 828704 | 301404 297609 | 3795 3796 | 97.95 | Ecoli_ancestor_Ancestor_ NODE_4_length_450105_cov_36.2303_ID_131581
		One align captures most of this contig: 3540787 3990891 | 1 450105 | 450105 450105 | 99.83 | Ecoli_0905_Taxon002_ NODE_4_length_450105_cov_36.2303_ID_131581

CONTIG: NODE_5_length_422118_cov_35.2485_ID_129958 (422118bp)
Top Length: 422118  Top ID: 99.81
		Marking as insignificant: 2286170 2286291 | 77126 77005 | 122 122 | 97.54 | Ecoli_ancestor_Ancestor_ NODE_5_length_422118_cov_35.2485_ID_129958
		Marking as insignificant: 2939256 2939961 | 151123 151828 | 706 706 | 99.43 | Ecoli_ancestor_Ancestor_ NODE_5_length_422118_cov_35.2485_ID_129958
		Marking as insignificant: 1593113 1594443 | 152453 151123 | 1331 1331 | 99.32 | Ecoli_ancestor_Ancestor_ NODE_5_length_422118_cov_35.2485_ID_129958
		Marking as insignificant: 91293 92623 | 151123 152453 | 1331 1331 | 99.55 | Ecoli_ancestor_Ancestor_ NODE_5_length_422118_cov_35.2485_ID_129958
		Marking as insignificant: 4208214 4209546 | 151123 152455 | 1333 1333 | 99.47 | Ecoli_ancestor_Ancestor_ NODE_5_length_422118_cov_35.2485_ID_129958
		Marking as insignificant: 1403377 1404708 | 151122 152453 | 1332 1332 | 99.55 | Ecoli_ancestor_Ancestor_ NODE_5_length_422118_cov_35.2485_ID_129958
		Marking as insignificant: 3164474 3165805 | 151122 152453 | 1332 1332 | 99.62 | Ecoli_ancestor_Ancestor_ NODE_5_length_422118_cov_35.2485_ID_129958
		One align captures most of this contig: 2426976 2849093 | 1 422118 | 422118 422118 | 99.81 | Ecoli_0905_Taxon002_ NODE_5_length_422118_cov_35.2485_ID_129958

CONTIG: NODE_6_length_378035_cov_36.7483_ID_126017 (378035bp)
Top Length: 378035  Top ID: 99.82
		Marking as insignificant: 2300691 2301885 | 361184 362378 | 1195 1195 | 99.67 | Ecoli_ancestor_Ancestor_ NODE_6_length_378035_cov_36.7483_ID_126017
		Marking as insignificant: 2523447 2524648 | 361180 362381 | 1202 1202 | 99.17 | Ecoli_ancestor_Ancestor_ NODE_6_length_378035_cov_36.7483_ID_126017
		Marking as insignificant: 4315655 4316853 | 361184 362382 | 1199 1199 | 99.5 | Ecoli_ancestor_Ancestor_ NODE_6_length_378035_cov_36.7483_ID_126017
		Marking as insignificant: 2487858 2489059 | 361181 362382 | 1202 1202 | 99.58 | Ecoli_ancestor_Ancestor_ NODE_6_length_378035_cov_36.7483_ID_126017
		Marking as insignificant: 1459458 1460661 | 362384 361181 | 1204 1204 | 99.5 | Ecoli_ancestor_Ancestor_ NODE_6_length_378035_cov_36.7483_ID_126017
		Marking as insignificant: 3901755 3902957 | 361180 362382 | 1203 1203 | 99.75 | Ecoli_ancestor_Ancestor_ NODE_6_length_378035_cov_36.7483_ID_126017
		Marking as insignificant: 4015015 4016218 | 361180 362383 | 1204 1204 | 99.67 | Ecoli_ancestor_Ancestor_ NODE_6_length_378035_cov_36.7483_ID_126017
		Marking as insignificant: 1224045 1225252 | 361175 362382 | 1208 1208 | 99.42 | Ecoli_ancestor_Ancestor_ NODE_6_length_378035_cov_36.7483_ID_126017
		Marking as insignificant: 937570 938774 | 361180 362384 | 1205 1205 | 99.75 | Ecoli_ancestor_Ancestor_ NODE_6_length_378035_cov_36.7483_ID_126017
		Marking as insignificant: 3193557 3194765 | 362387 361179 | 1209 1209 | 99.59 | Ecoli_ancestor_Ancestor_ NODE_6_length_378035_cov_36.7483_ID_126017
		Marking as insignificant: 4274322 4275575 | 118365 119618 | 1254 1254 | 98.72 | Ecoli_ancestor_Ancestor_ NODE_6_length_378035_cov_36.7483_ID_126017
		Marking as insignificant: 4197837 4199094 | 119622 118365 | 1258 1258 | 98.49 | Ecoli_ancestor_Ancestor_ NODE_6_length_378035_cov_36.7483_ID_126017
		Marking as insignificant: 2419377 2420634 | 118365 119622 | 1258 1258 | 98.73 | Ecoli_ancestor_Ancestor_ NODE_6_length_378035_cov_36.7483_ID_126017
		Marking as insignificant: 4022771 4024028 | 118365 119622 | 1258 1258 | 98.81 | Ecoli_ancestor_Ancestor_ NODE_6_length_378035_cov_36.7483_ID_126017
		One align captures most of this contig: 3162796 3540830 | 1 378035 | 378035 378035 | 99.82 | Ecoli_0905_Taxon002_ NODE_6_length_378035_cov_36.7483_ID_126017

CONTIG: NODE_7_length_362589_cov_35.9736_ID_135233 (362589bp)
Top Length: 362589  Top ID: 99.83
		Marking as insignificant: 4299403 4300171 | 259171 258403 | 769 769 | 98.31 | Ecoli_ancestor_Ancestor_ NODE_7_length_362589_cov_35.9736_ID_135233
		Marking as insignificant: 4310874 4311641 | 259171 258404 | 768 768 | 98.44 | Ecoli_ancestor_Ancestor_ NODE_7_length_362589_cov_35.9736_ID_135233
		Marking as insignificant: 3540259 3541027 | 258404 259172 | 769 769 | 98.57 | Ecoli_ancestor_Ancestor_ NODE_7_length_362589_cov_35.9736_ID_135233
		Marking as insignificant: 4540651 4541418 | 258404 259171 | 768 768 | 99.09 | Ecoli_ancestor_Ancestor_ NODE_7_length_362589_cov_35.9736_ID_135233
		Marking as insignificant: 4332129 4332896 | 259171 258404 | 768 768 | 99.61 | Ecoli_ancestor_Ancestor_ NODE_7_length_362589_cov_35.9736_ID_135233
		Marking as insignificant: 1006609 1007391 | 258404 259186 | 783 783 | 99.36 | Ecoli_ancestor_Ancestor_ NODE_7_length_362589_cov_35.9736_ID_135233
		Marking as insignificant: 4536232 4537596 | 69365 68001 | 1365 1365 | 99.27 | Ecoli_ancestor_Ancestor_ NODE_7_length_362589_cov_35.9736_ID_135233
		Marking as insignificant: 3981443 3982807 | 68001 69365 | 1365 1365 | 99.56 | Ecoli_ancestor_Ancestor_ NODE_7_length_362589_cov_35.9736_ID_135233
		One align captures most of this contig: 2064181 2426769 | 1 362589 | 362589 362589 | 99.83 | Ecoli_0905_Taxon002_ NODE_7_length_362589_cov_35.9736_ID_135233

CONTIG: NODE_8_length_333034_cov_34.2945_ID_154264 (333034bp)
Top Length: 275874  Top ID: 99.91
		Skipping redundant alignment 91292 91426 | 332900 333034 | 135 135 | 100.0 | Ecoli_ancestor_Ancestor_ NODE_8_length_333034_cov_34.2945_ID_154264
		Skipping redundant alignment 3164475 3164608 | 332901 333034 | 134 134 | 100.0 | Ecoli_ancestor_Ancestor_ NODE_8_length_333034_cov_34.2945_ID_154264
		Skipping redundant alignment 4208214 4208347 | 332901 333034 | 134 134 | 100.0 | Ecoli_ancestor_Ancestor_ NODE_8_length_333034_cov_34.2945_ID_154264
		Skipping redundant alignment 1403378 1403511 | 332901 333034 | 134 134 | 99.25 | Ecoli_ancestor_Ancestor_ NODE_8_length_333034_cov_34.2945_ID_154264
		Skipping redundant alignment 1594310 1594443 | 333034 332901 | 134 134 | 99.25 | Ecoli_ancestor_Ancestor_ NODE_8_length_333034_cov_34.2945_ID_154264
		This contig is misassembled. 7 total aligns.
			Excluding internal overlap of size 425 between Alignment 1 and 2:  2881805 2939389 | 275450 333034 | 57585 57585 --> 2882230 2939389 | 275875 333034 | 57160 57160
			Real Alignment 1: 2606260 2882133 | 1 275874 | 275874 275874 | 99.91 | Ecoli_ancestor_Ancestor_ NODE_8_length_333034_cov_34.2945_ID_154264
			  Gap between these two alignments (local misassembly). Inconsistency = 96 
			Real Alignment 2: 2882230 2939389 | 275875 333034 | 57160 57160 | 99.88 | Ecoli_ancestor_Ancestor_ NODE_8_length_333034_cov_34.2945_ID_154264

CONTIG: NODE_9_length_321943_cov_36.1167_ID_125680 (321943bp)
Top Length: 321943  Top ID: 99.76
		Marking as insignificant: 823156 823607 | 178643 179095 | 452 453 | 95.36 | Ecoli_ancestor_Ancestor_ NODE_9_length_321943_cov_36.1167_ID_125680
		Marking as insignificant: 3855634 3856656 | 178639 179661 | 1023 1023 | 98.44 | Ecoli_ancestor_Ancestor_ NODE_9_length_321943_cov_36.1167_ID_125680
		Marking as insignificant: 3857509 3858957 | 178643 180091 | 1449 1449 | 97.38 | Ecoli_ancestor_Ancestor_ NODE_9_length_321943_cov_36.1167_ID_125680
		Marking as insignificant: 967924 969384 | 178667 180127 | 1461 1461 | 98.84 | Ecoli_ancestor_Ancestor_ NODE_9_length_321943_cov_36.1167_ID_125680
		Marking as insignificant: 969385 971613 | 251942 249714 | 2229 2229 | 98.52 | Ecoli_ancestor_Ancestor_ NODE_9_length_321943_cov_36.1167_ID_125680
		Marking as insignificant: 3859000 3861334 | 251936 249602 | 2335 2335 | 97.65 | Ecoli_ancestor_Ancestor_ NODE_9_length_321943_cov_36.1167_ID_125680
		One align captures most of this contig: 646132 968073 | 1 321943 | 321942 321943 | 99.76 | Ecoli_0905_Taxon002_ NODE_9_length_321943_cov_36.1167_ID_125680

CONTIG: NODE_10_length_314840_cov_34.7752_ID_133361 (314840bp)
Top Length: 314840  Top ID: 99.89
		Marking as insignificant: 2069798 2069873 | 268741 268816 | 76 76 | 100.0 | Ecoli_ancestor_Ancestor_ NODE_10_length_314840_cov_34.7752_ID_133361
		Marking as insignificant: 2069798 2069873 | 269044 269119 | 76 76 | 100.0 | Ecoli_ancestor_Ancestor_ NODE_10_length_314840_cov_34.7752_ID_133361
		Marking as insignificant: 2069555 2069631 | 269043 269119 | 77 77 | 100.0 | Ecoli_ancestor_Ancestor_ NODE_10_length_314840_cov_34.7752_ID_133361
		Marking as insignificant: 2069474 2069551 | 269253 269330 | 78 78 | 100.0 | Ecoli_ancestor_Ancestor_ NODE_10_length_314840_cov_34.7752_ID_133361
		Marking as insignificant: 2069469 2069551 | 268432 268514 | 83 83 | 98.8 | Ecoli_ancestor_Ancestor_ NODE_10_length_314840_cov_34.7752_ID_133361
		Marking as insignificant: 1519408 1519533 | 246436 246561 | 126 126 | 98.41 | Ecoli_ancestor_Ancestor_ NODE_10_length_314840_cov_34.7752_ID_133361
		Marking as insignificant: 3993699 3993826 | 246436 246563 | 128 128 | 98.44 | Ecoli_ancestor_Ancestor_ NODE_10_length_314840_cov_34.7752_ID_133361
		Marking as insignificant: 3493145 3493281 | 123905 124041 | 137 137 | 97.81 | Ecoli_ancestor_Ancestor_ NODE_10_length_314840_cov_34.7752_ID_133361
		Marking as insignificant: 2069476 2069631 | 268661 268816 | 156 156 | 99.36 | Ecoli_ancestor_Ancestor_ NODE_10_length_314840_cov_34.7752_ID_133361
		Marking as insignificant: 2069284 2069551 | 268039 268306 | 268 268 | 99.63 | Ecoli_ancestor_Ancestor_ NODE_10_length_314840_cov_34.7752_ID_133361
		Marking as insignificant: 3058220 3059108 | 311024 311912 | 889 889 | 96.4 | Ecoli_ancestor_Ancestor_ NODE_10_length_314840_cov_34.7752_ID_133361
		Marking as insignificant: 965658 966546 | 311024 311912 | 889 889 | 97.19 | Ecoli_ancestor_Ancestor_ NODE_10_length_314840_cov_34.7752_ID_133361
		Marking as insignificant: 3057842 3059107 | 311913 313177 | 1266 1265 | 95.26 | Ecoli_ancestor_Ancestor_ NODE_10_length_314840_cov_34.7752_ID_133361
		Marking as insignificant: 965280 966571 | 311913 313203 | 1292 1291 | 96.13 | Ecoli_ancestor_Ancestor_ NODE_10_length_314840_cov_34.7752_ID_133361
		One align captures most of this contig: 3540922 3855760 | 1 314840 | 314839 314840 | 99.89 | Ecoli_ancestor_Ancestor_ NODE_10_length_314840_cov_34.7752_ID_133361

CONTIG: NODE_11_length_284387_cov_34.2244_ID_152219 (284387bp)
Top Length: 201662  Top ID: 99.92
		Skipping redundant alignment 294482 294856 | 201290 201662 | 375 373 | 97.33 | Ecoli_ancestor_Ancestor_ NODE_11_length_284387_cov_34.2244_ID_152219
		This contig is misassembled. 3 total aligns.
			Excluding internal overlap of size 373 between Alignment 1 and 2:  294595 377694 | 201290 284387 | 83100 83098 --> 294968 377694 | 201663 284387 | 82727 82725
			Real Alignment 1: 93082 294743 | 1 201662 | 201662 201662 | 99.92 | Ecoli_ancestor_Ancestor_ NODE_11_length_284387_cov_34.2244_ID_152219
			  Gap between these two alignments (local misassembly). Inconsistency = 224 
			Real Alignment 2: 294968 377694 | 201663 284387 | 82727 82725 | 99.89 | Ecoli_ancestor_Ancestor_ NODE_11_length_284387_cov_34.2244_ID_152219

CONTIG: NODE_12_length_263950_cov_34.7878_ID_141252 (263950bp)
Top Length: 263950  Top ID: 99.84
		Marking as insignificant: 4300171 4300376 | 235414 235619 | 206 206 | 99.03 | Ecoli_ancestor_Ancestor_ NODE_12_length_263950_cov_34.7878_ID_141252
		One align captures most of this contig: 1595306 1859254 | 1 263950 | 263949 263950 | 99.84 | Ecoli_ancestor_Ancestor_ NODE_12_length_263950_cov_34.7878_ID_141252

CONTIG: NODE_13_length_227737_cov_36.9141_ID_144706 (227737bp)
Top Length: 227737  Top ID: 99.76
		Marking as insignificant: 92445 92623 | 160039 159861 | 179 179 | 95.53 | Ecoli_ancestor_Ancestor_ NODE_13_length_227737_cov_36.9141_ID_144706
		Marking as insignificant: 3165627 3165805 | 160039 159861 | 179 179 | 96.09 | Ecoli_ancestor_Ancestor_ NODE_13_length_227737_cov_36.9141_ID_144706
		Marking as insignificant: 1593113 1593291 | 159861 160039 | 179 179 | 96.65 | Ecoli_ancestor_Ancestor_ NODE_13_length_227737_cov_36.9141_ID_144706
		Marking as insignificant: 4274324 4275575 | 184380 185631 | 1252 1252 | 96.81 | Ecoli_ancestor_Ancestor_ NODE_13_length_227737_cov_36.9141_ID_144706
		Marking as insignificant: 2419379 2420635 | 184380 185636 | 1257 1257 | 96.82 | Ecoli_ancestor_Ancestor_ NODE_13_length_227737_cov_36.9141_ID_144706
		Marking as insignificant: 3495301 3496560 | 185635 184376 | 1260 1260 | 96.83 | Ecoli_ancestor_Ancestor_ NODE_13_length_227737_cov_36.9141_ID_144706
		Marking as insignificant: 4197832 4199101 | 185640 184371 | 1270 1270 | 96.46 | Ecoli_ancestor_Ancestor_ NODE_13_length_227737_cov_36.9141_ID_144706
		Marking as insignificant: 4197841 4199095 | 23612 24866 | 1255 1255 | 99.28 | Ecoli_ancestor_Ancestor_ NODE_13_length_227737_cov_36.9141_ID_144706
		Marking as insignificant: 2419376 2420630 | 24866 23612 | 1255 1255 | 99.52 | Ecoli_ancestor_Ancestor_ NODE_13_length_227737_cov_36.9141_ID_144706
		Marking as insignificant: 4022770 4024024 | 24866 23612 | 1255 1255 | 99.6 | Ecoli_ancestor_Ancestor_ NODE_13_length_227737_cov_36.9141_ID_144706
		Marking as insignificant: 3495305 3496559 | 23612 24866 | 1255 1255 | 99.6 | Ecoli_ancestor_Ancestor_ NODE_13_length_227737_cov_36.9141_ID_144706
		One align captures most of this contig: 4071315 4299051 | 227737 1 | 227737 227737 | 99.76 | Ecoli_0905_Taxon002_ NODE_13_length_227737_cov_36.9141_ID_144706

CONTIG: NODE_14_length_223319_cov_34.7937_ID_138175 (223319bp)
Top Length: 223319  Top ID: 99.88
		One align captures most of this contig: 2077426 2300744 | 223319 1 | 223319 223319 | 99.88 | Ecoli_ancestor_Ancestor_ NODE_14_length_223319_cov_34.7937_ID_138175

CONTIG: NODE_15_length_210012_cov_34.3968_ID_147443 (210012bp)
Top Length: 210012  Top ID: 99.9
		Marking as insignificant: 3809964 3810039 | 4900 4825 | 76 76 | 100.0 | Ecoli_ancestor_Ancestor_ NODE_15_length_210012_cov_34.3968_ID_147443
		Marking as insignificant: 3809661 3809736 | 4900 4825 | 76 76 | 100.0 | Ecoli_ancestor_Ancestor_ NODE_15_length_210012_cov_34.3968_ID_147443
		Marking as insignificant: 3809963 3810039 | 5143 5067 | 77 77 | 100.0 | Ecoli_ancestor_Ancestor_ NODE_15_length_210012_cov_34.3968_ID_147443
		Marking as insignificant: 3810173 3810250 | 5224 5147 | 78 78 | 100.0 | Ecoli_ancestor_Ancestor_ NODE_15_length_210012_cov_34.3968_ID_147443
		Marking as insignificant: 3809659 3809736 | 5144 5067 | 78 78 | 100.0 | Ecoli_ancestor_Ancestor_ NODE_15_length_210012_cov_34.3968_ID_147443
		Marking as insignificant: 3809353 3809435 | 5229 5147 | 83 83 | 98.8 | Ecoli_ancestor_Ancestor_ NODE_15_length_210012_cov_34.3968_ID_147443
		Marking as insignificant: 3808960 3809227 | 5414 5147 | 268 268 | 98.51 | Ecoli_ancestor_Ancestor_ NODE_15_length_210012_cov_34.3968_ID_147443
		Marking as insignificant: 1971276 1972479 | 18024 16821 | 1204 1204 | 95.35 | Ecoli_0905_Taxon002_ NODE_15_length_210012_cov_34.3968_ID_147443
		One align captures most of this contig: 1864686 2074697 | 210012 1 | 210012 210012 | 99.9 | Ecoli_ancestor_Ancestor_ NODE_15_length_210012_cov_34.3968_ID_147443

CONTIG: NODE_16_length_202469_cov_34.9095_ID_147044 (202469bp)
Top Length: 202105  Top ID: 99.89
		Marking as insignificant: 3664826 3664962 | 882 746 | 137 137 | 97.81 | Ecoli_ancestor_Ancestor_ NODE_16_length_202469_cov_34.9095_ID_147044
		Marking as insignificant: 3493402 3494207 | 806 1 | 806 806 | 99.5 | Ecoli_ancestor_Ancestor_ NODE_16_length_202469_cov_34.9095_ID_147044
		One align captures most of this contig: 3291558 3493662 | 202469 365 | 202105 202105 | 99.89 | Ecoli_ancestor_Ancestor_ NODE_16_length_202469_cov_34.9095_ID_147044

CONTIG: NODE_17_length_181774_cov_34.2314_ID_148860 (181774bp)
Top Length: 181774  Top ID: 99.89
		One align captures most of this contig: 1881725 2063498 | 1 181774 | 181774 181774 | 99.89 | Ecoli_0905_Taxon002_ NODE_17_length_181774_cov_34.2314_ID_148860

CONTIG: NODE_18_length_176518_cov_33.8969_ID_118742 (176518bp)
Top Length: 176518  Top ID: 99.89
		One align captures most of this contig: 1225979 1402496 | 1 176518 | 176518 176518 | 99.89 | Ecoli_ancestor_Ancestor_ NODE_18_length_176518_cov_33.8969_ID_118742

CONTIG: NODE_19_length_175355_cov_34.0982_ID_128217 (175355bp)
Top Length: 175355  Top ID: 99.92
		Marking as insignificant: 424423 424505 | 1 83 | 83 83 | 100.0 | Ecoli_ancestor_Ancestor_ NODE_19_length_175355_cov_34.0982_ID_128217
		Marking as insignificant: 966571 966969 | 174848 175246 | 399 399 | 96.24 | Ecoli_ancestor_Ancestor_ NODE_19_length_175355_cov_34.0982_ID_128217
		Marking as insignificant: 967924 968352 | 173907 174334 | 429 428 | 95.34 | Ecoli_ancestor_Ancestor_ NODE_19_length_175355_cov_34.0982_ID_128217
		One align captures most of this contig: 649274 824628 | 1 175355 | 175355 175355 | 99.92 | Ecoli_ancestor_Ancestor_ NODE_19_length_175355_cov_34.0982_ID_128217

CONTIG: NODE_20_length_173620_cov_36.6692_ID_114846 (173620bp)
Top Length: 173620  Top ID: 99.75
		Marking as insignificant: 4299403 4300170 | 102078 102845 | 768 768 | 98.44 | Ecoli_ancestor_Ancestor_ NODE_20_length_173620_cov_36.6692_ID_114846
		Marking as insignificant: 4310874 4311641 | 102078 102845 | 768 768 | 98.57 | Ecoli_ancestor_Ancestor_ NODE_20_length_173620_cov_36.6692_ID_114846
		Marking as insignificant: 3540259 3541026 | 102845 102078 | 768 768 | 98.7 | Ecoli_ancestor_Ancestor_ NODE_20_length_173620_cov_36.6692_ID_114846
		Marking as insignificant: 2605232 2605999 | 102845 102078 | 768 768 | 99.61 | Ecoli_ancestor_Ancestor_ NODE_20_length_173620_cov_36.6692_ID_114846
		Marking as insignificant: 4332128 4332896 | 102077 102845 | 769 769 | 99.74 | Ecoli_ancestor_Ancestor_ NODE_20_length_173620_cov_36.6692_ID_114846
		Marking as insignificant: 1006609 1007377 | 102845 102077 | 769 769 | 100.0 | Ecoli_ancestor_Ancestor_ NODE_20_length_173620_cov_36.6692_ID_114846
		Marking as insignificant: 4539807 4544944 | 103689 98552 | 5138 5138 | 96.36 | Ecoli_ancestor_Ancestor_ NODE_20_length_173620_cov_36.6692_ID_114846
		One align captures most of this contig: 4468029 4641648 | 1 173620 | 173620 173620 | 99.75 | Ecoli_0905_Taxon002_ NODE_20_length_173620_cov_36.6692_ID_114846

CONTIG: NODE_21_length_168040_cov_34.875_ID_142309 (168040bp)
Top Length: 168040  Top ID: 99.83
		Marking as insignificant: 608112 608199 | 30553 30640 | 88 88 | 100.0 | Ecoli_ancestor_Ancestor_ NODE_21_length_168040_cov_34.875_ID_142309
		Marking as insignificant: 608112 608200 | 30789 30877 | 89 89 | 100.0 | Ecoli_ancestor_Ancestor_ NODE_21_length_168040_cov_34.875_ID_142309
		One align captures most of this contig: 4368093 4536132 | 168040 1 | 168040 168040 | 99.83 | Ecoli_ancestor_Ancestor_ NODE_21_length_168040_cov_34.875_ID_142309

CONTIG: NODE_22_length_154059_cov_46.0292_ID_128906 (154059bp)
Top Length: 149242  Top ID: 99.34
		Skipping redundant alignment 82108 83345 | 8735 7498 | 1238 1238 | 99.43 | Ecoli_ancestor_Ancestor_ NODE_22_length_154059_cov_46.0292_ID_128906
		Skipping redundant alignment 3165847 3167081 | 8732 7498 | 1235 1235 | 99.11 | Ecoli_ancestor_Ancestor_ NODE_22_length_154059_cov_46.0292_ID_128906
		Skipping redundant alignment 4310693 4310873 | 7498 7678 | 181 181 | 100.0 | Ecoli_ancestor_Ancestor_ NODE_22_length_154059_cov_46.0292_ID_128906
		Skipping redundant alignment 1006609 1007377 | 21351 20583 | 769 769 | 100.0 | Ecoli_ancestor_Ancestor_ NODE_22_length_154059_cov_46.0292_ID_128906
		Skipping redundant alignment 4540651 4541419 | 21351 20583 | 769 769 | 99.22 | Ecoli_ancestor_Ancestor_ NODE_22_length_154059_cov_46.0292_ID_128906
		Skipping redundant alignment 2605232 2605999 | 21351 20584 | 768 768 | 99.61 | Ecoli_ancestor_Ancestor_ NODE_22_length_154059_cov_46.0292_ID_128906
		Skipping redundant alignment 3540259 3541026 | 21351 20584 | 768 768 | 98.7 | Ecoli_ancestor_Ancestor_ NODE_22_length_154059_cov_46.0292_ID_128906
		Skipping redundant alignment 4310874 4311641 | 20584 21351 | 768 768 | 98.57 | Ecoli_ancestor_Ancestor_ NODE_22_length_154059_cov_46.0292_ID_128906
		Skipping redundant alignment 4299403 4300170 | 20584 21351 | 768 768 | 98.44 | Ecoli_ancestor_Ancestor_ NODE_22_length_154059_cov_46.0292_ID_128906
		Skipping redundant alignment 4351927 4365532 | 140453 154059 | 13606 13607 | 95.22 | Ecoli_ancestor_Ancestor_ NODE_22_length_154059_cov_46.0292_ID_128906
		Skipping redundant alignment 643855 647222 | 150325 153694 | 3368 3370 | 99.14 | Ecoli_ancestor_Ancestor_ NODE_22_length_154059_cov_46.0292_ID_128906
		Skipping redundant alignment 1163543 1167146 | 154059 150445 | 3604 3615 | 99.06 | Ecoli_ancestor_Ancestor_ NODE_22_length_154059_cov_46.0292_ID_128906
		Skipping redundant alignment 377638 380883 | 150448 153694 | 3246 3247 | 99.17 | Ecoli_ancestor_Ancestor_ NODE_22_length_154059_cov_46.0292_ID_128906
		Skipping redundant alignment 1861507 1864742 | 153694 150448 | 3236 3247 | 98.95 | Ecoli_ancestor_Ancestor_ NODE_22_length_154059_cov_46.0292_ID_128906
		Skipping redundant alignment 550163 553772 | 150450 154059 | 3610 3610 | 99.47 | Ecoli_ancestor_Ancestor_ NODE_22_length_154059_cov_46.0292_ID_128906
		Skipping redundant alignment 419043 422285 | 150450 153694 | 3243 3245 | 99.45 | Ecoli_ancestor_Ancestor_ NODE_22_length_154059_cov_46.0292_ID_128906
		Skipping redundant alignment 1167256 1167386 | 150580 150450 | 131 131 | 97.71 | Ecoli_ancestor_Ancestor_ NODE_22_length_154059_cov_46.0292_ID_128906
		Skipping redundant alignment 1861148 1861237 | 154059 153970 | 90 90 | 100.0 | Ecoli_ancestor_Ancestor_ NODE_22_length_154059_cov_46.0292_ID_128906
		This contig is misassembled. 20 total aligns.
			Real Alignment 1: 4311357 4316126 | 1 4770 | 4770 4770 | 100.0 | Ecoli_0905_Taxon002_ NODE_22_length_154059_cov_46.0292_ID_128906
			  Fake misassembly between these two alignments: inconsistency = 54 , gap in the contig is small or absent or filled mostly with Ns (long indel: deletion of length 54; 0 mismatches)
			Real Alignment 2: 4316228 4465468 | 4818 154059 | 149241 149242 | 99.34 | Ecoli_0905_Taxon002_ NODE_22_length_154059_cov_46.0292_ID_128906

CONTIG: NODE_23_length_152174_cov_34.561_ID_145699 (152174bp)
Top Length: 152174  Top ID: 99.86
		Marking as insignificant: 413674 414859 | 39752 40937 | 1186 1186 | 98.9 | Ecoli_ancestor_Ancestor_ NODE_23_length_152174_cov_34.561_ID_145699
		One align captures most of this contig: 1008239 1160412 | 152174 1 | 152174 152174 | 99.86 | Ecoli_ancestor_Ancestor_ NODE_23_length_152174_cov_34.561_ID_145699

CONTIG: NODE_24_length_151678_cov_40.5056_ID_140501 (151678bp)
Top Length: 151676  Top ID: 99.72
		Marking as insignificant: 4361800 4361978 | 151500 151678 | 179 179 | 96.65 | Ecoli_ancestor_Ancestor_ NODE_24_length_151678_cov_40.5056_ID_140501
		Marking as insignificant: 1167256 1167590 | 57937 57603 | 335 335 | 95.22 | Ecoli_ancestor_Ancestor_ NODE_24_length_151678_cov_40.5056_ID_140501
		Marking as insignificant: 643980 646789 | 57807 60618 | 2810 2812 | 98.44 | Ecoli_ancestor_Ancestor_ NODE_24_length_151678_cov_40.5056_ID_140501
		Marking as insignificant: 377640 380450 | 57807 60618 | 2811 2812 | 98.47 | Ecoli_ancestor_Ancestor_ NODE_24_length_151678_cov_40.5056_ID_140501
		Marking as insignificant: 4361924 4364734 | 57807 60618 | 2811 2812 | 98.61 | Ecoli_ancestor_Ancestor_ NODE_24_length_151678_cov_40.5056_ID_140501
		Marking as insignificant: 1164332 1167141 | 60618 57807 | 2810 2812 | 98.76 | Ecoli_ancestor_Ancestor_ NODE_24_length_151678_cov_40.5056_ID_140501
		Marking as insignificant: 1861931 1864752 | 60618 57795 | 2822 2824 | 98.55 | Ecoli_ancestor_Ancestor_ NODE_24_length_151678_cov_40.5056_ID_140501
		Marking as insignificant: 418839 421852 | 57603 60618 | 3014 3016 | 98.91 | Ecoli_ancestor_Ancestor_ NODE_24_length_151678_cov_40.5056_ID_140501
		Marking as insignificant: 547541 552974 | 55185 60618 | 5434 5434 | 97.61 | Ecoli_ancestor_Ancestor_ NODE_24_length_151678_cov_40.5056_ID_140501
		One align captures most of this contig: 492222 643897 | 1 151676 | 151676 151676 | 99.72 | Ecoli_0905_Taxon002_ NODE_24_length_151678_cov_40.5056_ID_140501

CONTIG: NODE_25_length_143974_cov_34.0039_ID_144145 (143974bp)
Top Length: 143974  Top ID: 99.91
		One align captures most of this contig: 1068374 1212347 | 143974 1 | 143974 143974 | 99.91 | Ecoli_0905_Taxon002_ NODE_25_length_143974_cov_34.0039_ID_144145

CONTIG: NODE_26_length_132674_cov_33.9743_ID_119868 (132674bp)
Top Length: 132674  Top ID: 99.92
		Marking as insignificant: 4139089 4139191 | 132674 132572 | 103 103 | 97.09 | Ecoli_0905_Taxon002_ NODE_26_length_132674_cov_33.9743_ID_119868
		Marking as insignificant: 92521 92623 | 132674 132572 | 103 103 | 99.03 | Ecoli_ancestor_Ancestor_ NODE_26_length_132674_cov_33.9743_ID_119868
		Marking as insignificant: 4209442 4209544 | 132674 132572 | 103 103 | 100.0 | Ecoli_ancestor_Ancestor_ NODE_26_length_132674_cov_33.9743_ID_119868
		Marking as insignificant: 1404606 1404709 | 132674 132571 | 104 104 | 99.04 | Ecoli_ancestor_Ancestor_ NODE_26_length_132674_cov_33.9743_ID_119868
		Marking as insignificant: 3165703 3165808 | 132674 132569 | 106 106 | 100.0 | Ecoli_ancestor_Ancestor_ NODE_26_length_132674_cov_33.9743_ID_119868
		Marking as insignificant: 3787357 3787482 | 58867 58992 | 126 126 | 98.41 | Ecoli_ancestor_Ancestor_ NODE_26_length_132674_cov_33.9743_ID_119868
		Marking as insignificant: 3993697 3993824 | 58865 58992 | 128 128 | 98.44 | Ecoli_ancestor_Ancestor_ NODE_26_length_132674_cov_33.9743_ID_119868
		One align captures most of this contig: 1460542 1593215 | 1 132674 | 132674 132674 | 99.92 | Ecoli_ancestor_Ancestor_ NODE_26_length_132674_cov_33.9743_ID_119868

CONTIG: NODE_27_length_132462_cov_33.7192_ID_119402 (132462bp)
Top Length: 132462  Top ID: 99.95
		One align captures most of this contig: 4064840 4197301 | 1 132462 | 132462 132462 | 99.95 | Ecoli_ancestor_Ancestor_ NODE_27_length_132462_cov_33.7192_ID_119402

CONTIG: NODE_28_length_124429_cov_33.7409_ID_149779 (124429bp)
Top Length: 71792  Top ID: 99.93
		Skipping redundant alignment 496086 496222 | 52682 52546 | 137 137 | 96.35 | Ecoli_ancestor_Ancestor_ NODE_28_length_124429_cov_33.7409_ID_149779
		This contig is misassembled. 3 total aligns.
			Excluding internal overlap of size 229 between Alignment 1 and 2:  496086 548951 | 52866 1 | 52866 52866 --> 496315 548951 | 52637 1 | 52637 52637
			Real Alignment 1: 496315 548951 | 52637 1 | 52637 52637 | 99.83 | Ecoli_ancestor_Ancestor_ NODE_28_length_124429_cov_33.7409_ID_149779
			  Overlap between these two alignments (local misassembly). Inconsistency = -92 
			Real Alignment 2: 424615 496406 | 124429 52638 | 71792 71792 | 99.93 | Ecoli_ancestor_Ancestor_ NODE_28_length_124429_cov_33.7409_ID_149779

CONTIG: NODE_29_length_117600_cov_34.9421_ID_134719 (117600bp)
Top Length: 117600  Top ID: 99.85
		One align captures most of this contig: 2301831 2419430 | 117600 1 | 117600 117600 | 99.85 | Ecoli_ancestor_Ancestor_ NODE_29_length_117600_cov_34.9421_ID_134719

CONTIG: NODE_30_length_109215_cov_34.975_ID_146557 (109215bp)
Top Length: 109215  Top ID: 99.85
		Marking as insignificant: 971405 971612 | 1 208 | 208 208 | 97.6 | Ecoli_ancestor_Ancestor_ NODE_30_length_109215_cov_34.975_ID_146557
		Marking as insignificant: 3861014 3861339 | 1 325 | 326 325 | 95.11 | Ecoli_ancestor_Ancestor_ NODE_30_length_109215_cov_34.975_ID_146557
		Marking as insignificant: 3018660 3020163 | 94712 96215 | 1504 1504 | 96.62 | Ecoli_ancestor_Ancestor_ NODE_30_length_109215_cov_34.975_ID_146557
		One align captures most of this contig: 828414 937628 | 1 109215 | 109215 109215 | 99.85 | Ecoli_ancestor_Ancestor_ NODE_30_length_109215_cov_34.975_ID_146557

CONTIG: NODE_31_length_98460_cov_34.9572_ID_125132 (98460bp)
Top Length: 98460  Top ID: 99.87
		One align captures most of this contig: 4543189 4641648 | 1 98460 | 98460 98460 | 99.87 | Ecoli_ancestor_Ancestor_ NODE_31_length_98460_cov_34.9572_ID_125132

CONTIG: NODE_32_length_94985_cov_34.6431_ID_150482 (94985bp)
Top Length: 94985  Top ID: 99.89
		One align captures most of this contig: 3194706 3289690 | 94985 1 | 94985 94985 | 99.89 | Ecoli_ancestor_Ancestor_ NODE_32_length_94985_cov_34.6431_ID_150482

CONTIG: NODE_33_length_88484_cov_34.3915_ID_140102 (88484bp)
Top Length: 88484  Top ID: 99.92
		Marking as insignificant: 4505493 4505580 | 52649 52562 | 88 88 | 100.0 | Ecoli_ancestor_Ancestor_ NODE_33_length_88484_cov_34.3915_ID_140102
		Marking as insignificant: 4505256 4505344 | 52650 52562 | 89 89 | 100.0 | Ecoli_ancestor_Ancestor_ NODE_33_length_88484_cov_34.3915_ID_140102
		Marking as insignificant: 4361799 4361978 | 88305 88484 | 180 180 | 99.44 | Ecoli_ancestor_Ancestor_ NODE_33_length_88484_cov_34.3915_ID_140102
		One align captures most of this contig: 555551 644034 | 1 88484 | 88484 88484 | 99.92 | Ecoli_ancestor_Ancestor_ NODE_33_length_88484_cov_34.3915_ID_140102

CONTIG: NODE_34_length_81925_cov_34.2543_ID_151365 (81925bp)
Top Length: 81925  Top ID: 99.95
		One align captures most of this contig: 1 81925 | 81925 1 | 81925 81925 | 99.95 | Ecoli_ancestor_Ancestor_ NODE_34_length_81925_cov_34.2543_ID_151365

CONTIG: NODE_35_length_80607_cov_34.1284_ID_153512 (80607bp)
Top Length: 80607  Top ID: 99.93
		One align captures most of this contig: 2524575 2605181 | 1 80607 | 80607 80607 | 99.93 | Ecoli_ancestor_Ancestor_ NODE_35_length_80607_cov_34.1284_ID_153512

CONTIG: NODE_36_length_78609_cov_35.1662_ID_151853 (78609bp)
Top Length: 78609  Top ID: 99.86
		One align captures most of this contig: 3902899 3981507 | 1 78609 | 78609 78609 | 99.86 | Ecoli_ancestor_Ancestor_ NODE_36_length_78609_cov_35.1662_ID_151853

CONTIG: NODE_37_length_76804_cov_39.4984_ID_120324 (76804bp)
Top Length: 76804  Top ID: 99.63
		Marking as insignificant: 4274321 4275575 | 68440 67186 | 1255 1255 | 99.6 | Ecoli_ancestor_Ancestor_ NODE_37_length_76804_cov_39.4984_ID_120324
		Marking as insignificant: 3495301 3496560 | 67182 68441 | 1260 1260 | 99.68 | Ecoli_ancestor_Ancestor_ NODE_37_length_76804_cov_39.4984_ID_120324
		Marking as insignificant: 2419368 2420635 | 68448 67181 | 1268 1268 | 99.45 | Ecoli_ancestor_Ancestor_ NODE_37_length_76804_cov_39.4984_ID_120324
		Marking as insignificant: 4022764 4024033 | 68446 67177 | 1270 1270 | 99.61 | Ecoli_ancestor_Ancestor_ NODE_37_length_76804_cov_39.4984_ID_120324
		Marking as insignificant: 4536242 4537596 | 51780 53134 | 1355 1355 | 96.01 | Ecoli_ancestor_Ancestor_ NODE_37_length_76804_cov_39.4984_ID_120324
		Marking as insignificant: 2075177 2076531 | 53134 51780 | 1355 1355 | 96.02 | Ecoli_ancestor_Ancestor_ NODE_37_length_76804_cov_39.4984_ID_120324
		One align captures most of this contig: 3992716 4069519 | 1 76804 | 76804 76804 | 99.63 | Ecoli_0905_Taxon002_ NODE_37_length_76804_cov_39.4984_ID_120324

CONTIG: NODE_38_length_67340_cov_34.6788_ID_129629 (67340bp)
Top Length: 67340  Top ID: 99.92
		One align captures most of this contig: 2420576 2487915 | 1 67340 | 67340 67340 | 99.92 | Ecoli_ancestor_Ancestor_ NODE_38_length_67340_cov_34.6788_ID_129629

CONTIG: NODE_39_length_61464_cov_39.4781_ID_136737 (61464bp)
Top Length: 61460  Top ID: 99.6
		Marking as insignificant: 4299403 4300105 | 26406 27108 | 703 703 | 98.58 | Ecoli_ancestor_Ancestor_ NODE_39_length_61464_cov_39.4781_ID_136737
		Marking as insignificant: 4310874 4311642 | 26406 27174 | 769 769 | 98.57 | Ecoli_ancestor_Ancestor_ NODE_39_length_61464_cov_39.4781_ID_136737
		Marking as insignificant: 3540255 3541026 | 27177 26406 | 772 772 | 98.7 | Ecoli_ancestor_Ancestor_ NODE_39_length_61464_cov_39.4781_ID_136737
		Marking as insignificant: 4540651 4541419 | 27173 26405 | 769 769 | 99.22 | Ecoli_ancestor_Ancestor_ NODE_39_length_61464_cov_39.4781_ID_136737
		Marking as insignificant: 4332128 4332896 | 26405 27173 | 769 769 | 99.74 | Ecoli_ancestor_Ancestor_ NODE_39_length_61464_cov_39.4781_ID_136737
		Marking as insignificant: 2605232 2606014 | 27173 26391 | 783 783 | 99.11 | Ecoli_ancestor_Ancestor_ NODE_39_length_61464_cov_39.4781_ID_136737
		One align captures most of this contig: 974790 1036249 | 61464 5 | 61460 61460 | 99.6 | Ecoli_0905_Taxon002_ NODE_39_length_61464_cov_39.4781_ID_136737

CONTIG: NODE_40_length_56618_cov_34.026_ID_150978 (56618bp)
Top Length: 56618  Top ID: 99.9
		One align captures most of this contig: 1167491 1224108 | 56618 1 | 56618 56618 | 99.9 | Ecoli_ancestor_Ancestor_ NODE_40_length_56618_cov_34.026_ID_150978

CONTIG: NODE_41_length_53624_cov_34.6546_ID_152637 (53624bp)
Top Length: 53624  Top ID: 99.94
		One align captures most of this contig: 1405039 1458662 | 1 53624 | 53624 53624 | 99.94 | Ecoli_ancestor_Ancestor_ NODE_41_length_53624_cov_34.6546_ID_152637

CONTIG: NODE_42_length_43859_cov_35.3999_ID_150170 (43859bp)
Top Length: 43859  Top ID: 99.96
		Marking as insignificant: 4540651 4540756 | 43754 43859 | 106 106 | 100.0 | Ecoli_ancestor_Ancestor_ NODE_42_length_43859_cov_35.3999_ID_150170
		Marking as insignificant: 4332791 4332896 | 43859 43754 | 106 106 | 100.0 | Ecoli_ancestor_Ancestor_ NODE_42_length_43859_cov_35.3999_ID_150170
		Marking as insignificant: 4311536 4311642 | 43859 43753 | 107 107 | 99.07 | Ecoli_ancestor_Ancestor_ NODE_42_length_43859_cov_35.3999_ID_150170
		Marking as insignificant: 1006605 1006714 | 43750 43859 | 110 110 | 100.0 | Ecoli_ancestor_Ancestor_ NODE_42_length_43859_cov_35.3999_ID_150170
		One align captures most of this contig: 3496506 3540364 | 1 43859 | 43859 43859 | 99.96 | Ecoli_ancestor_Ancestor_ NODE_42_length_43859_cov_35.3999_ID_150170

CONTIG: NODE_43_length_40576_cov_33.7238_ID_152906 (40576bp)
Top Length: 40576  Top ID: 99.94
		One align captures most of this contig: 3861238 3901813 | 40576 1 | 40576 40576 | 99.94 | Ecoli_ancestor_Ancestor_ NODE_43_length_40576_cov_33.7238_ID_152906

CONTIG: NODE_44_length_39235_cov_33.6243_ID_149576 (39235bp)
Top Length: 39235  Top ID: 99.85
		One align captures most of this contig: 4024995 4064229 | 1 39235 | 39235 39235 | 99.85 | Ecoli_ancestor_Ancestor_ NODE_44_length_39235_cov_33.6243_ID_149576

CONTIG: NODE_45_length_36147_cov_36.342_ID_153341 (36147bp)
Top Length: 36147  Top ID: 99.96
		Marking as insignificant: 1161802 1161950 | 36001 36147 | 149 147 | 97.99 | Ecoli_ancestor_Ancestor_ NODE_45_length_36147_cov_36.342_ID_153341
		Marking as insignificant: 4367125 4367339 | 36147 35933 | 215 215 | 100.0 | Ecoli_ancestor_Ancestor_ NODE_45_length_36147_cov_36.342_ID_153341
		Marking as insignificant: 1119476 1120661 | 4035 5220 | 1186 1186 | 98.23 | Ecoli_ancestor_Ancestor_ NODE_45_length_36147_cov_36.342_ID_153341
		One align captures most of this contig: 382749 418893 | 36147 1 | 36145 36147 | 99.96 | Ecoli_ancestor_Ancestor_ NODE_45_length_36147_cov_36.342_ID_153341

CONTIG: NODE_46_length_33362_cov_34.0082_ID_153980 (33362bp)
Top Length: 33362  Top ID: 99.91
		Marking as insignificant: 1594310 1594443 | 1 134 | 134 134 | 99.25 | Ecoli_ancestor_Ancestor_ NODE_46_length_33362_cov_34.0082_ID_153980
		Marking as insignificant: 4208214 4208347 | 134 1 | 134 134 | 100.0 | Ecoli_ancestor_Ancestor_ NODE_46_length_33362_cov_34.0082_ID_153980
		Marking as insignificant: 2939256 2939389 | 134 1 | 134 134 | 100.0 | Ecoli_ancestor_Ancestor_ NODE_46_length_33362_cov_34.0082_ID_153980
		Marking as insignificant: 91293 91426 | 134 1 | 134 134 | 100.0 | Ecoli_ancestor_Ancestor_ NODE_46_length_33362_cov_34.0082_ID_153980
		Marking as insignificant: 1403377 1403511 | 135 1 | 135 135 | 99.26 | Ecoli_ancestor_Ancestor_ NODE_46_length_33362_cov_34.0082_ID_153980
		One align captures most of this contig: 3131247 3164608 | 33362 1 | 33362 33362 | 99.91 | Ecoli_ancestor_Ancestor_ NODE_46_length_33362_cov_34.0082_ID_153980

CONTIG: NODE_47_length_32934_cov_34.846_ID_125511 (32934bp)
Top Length: 32934  Top ID: 99.87
		One align captures most of this contig: 972673 1005606 | 1 32934 | 32934 32934 | 99.87 | Ecoli_ancestor_Ancestor_ NODE_47_length_32934_cov_34.846_ID_125511

CONTIG: NODE_48_length_32331_cov_38.0753_ID_153130 (32331bp)
Top Length: 32331  Top ID: 99.78
		Marking as insignificant: 3787357 3787484 | 10957 11084 | 128 128 | 98.44 | Ecoli_ancestor_Ancestor_ NODE_48_length_32331_cov_38.0753_ID_153130
		Marking as insignificant: 1519406 1519533 | 10955 11082 | 128 128 | 98.44 | Ecoli_ancestor_Ancestor_ NODE_48_length_32331_cov_38.0753_ID_153130
		Marking as insignificant: 3119765 3120134 | 29935 29566 | 370 370 | 96.22 | Ecoli_ancestor_Ancestor_ NODE_48_length_32331_cov_38.0753_ID_153130
		Marking as insignificant: 2956065 2956481 | 26403 25987 | 417 417 | 95.2 | Ecoli_ancestor_Ancestor_ NODE_48_length_32331_cov_38.0753_ID_153130
		Marking as insignificant: 2953886 2954965 | 27779 26700 | 1080 1080 | 98.24 | Ecoli_ancestor_Ancestor_ NODE_48_length_32331_cov_38.0753_ID_153130
		One align captures most of this contig: 3982743 4015073 | 1 32331 | 32331 32331 | 99.78 | Ecoli_ancestor_Ancestor_ NODE_48_length_32331_cov_38.0753_ID_153130

CONTIG: NODE_49_length_31476_cov_35.2274_ID_146364 (31476bp)
Top Length: 31476  Top ID: 99.85
		Marking as insignificant: 92521 92623 | 1 103 | 103 103 | 99.03 | Ecoli_ancestor_Ancestor_ NODE_49_length_31476_cov_35.2274_ID_146364
		Marking as insignificant: 3165703 3165805 | 1 103 | 103 103 | 100.0 | Ecoli_ancestor_Ancestor_ NODE_49_length_31476_cov_35.2274_ID_146364
		Marking as insignificant: 1593113 1593215 | 103 1 | 103 103 | 100.0 | Ecoli_ancestor_Ancestor_ NODE_49_length_31476_cov_35.2274_ID_146364
		Marking as insignificant: 1404606 1404712 | 1 107 | 107 107 | 98.13 | Ecoli_ancestor_Ancestor_ NODE_49_length_31476_cov_35.2274_ID_146364
		One align captures most of this contig: 4209442 4240917 | 1 31476 | 31476 31476 | 99.85 | Ecoli_ancestor_Ancestor_ NODE_49_length_31476_cov_35.2274_ID_146364

CONTIG: NODE_50_length_31437_cov_35.429_ID_154899 (31437bp)
Top Length: 31437  Top ID: 99.79
		One align captures most of this contig: 2489001 2520437 | 31437 1 | 31437 31437 | 99.79 | Ecoli_ancestor_Ancestor_ NODE_50_length_31437_cov_35.429_ID_154899

CONTIG: NODE_51_length_29328_cov_38.3286_ID_155801 (29328bp)
Top Length: 29328  Top ID: 99.53
		Marking as insignificant: 3057842 3059132 | 2762 1472 | 1291 1291 | 95.04 | Ecoli_ancestor_Ancestor_ NODE_51_length_29328_cov_38.3286_ID_155801
		One align captures most of this contig: 938714 968041 | 29328 1 | 29328 29328 | 99.53 | Ecoli_ancestor_Ancestor_ NODE_51_length_29328_cov_38.3286_ID_155801

CONTIG: NODE_52_length_27851_cov_33.8929_ID_155288 (27851bp)
Top Length: 27851  Top ID: 99.98
		One align captures most of this contig: 1038921 1066771 | 1 27851 | 27851 27851 | 99.98 | Ecoli_0905_Taxon002_ NODE_52_length_27851_cov_33.8929_ID_155288

CONTIG: NODE_53_length_26478_cov_33.8948_ID_155141 (26478bp)
Top Length: 26478  Top ID: 99.95
		Marking as insignificant: 965291 965570 | 17387 17666 | 280 280 | 96.79 | Ecoli_ancestor_Ancestor_ NODE_53_length_26478_cov_33.8948_ID_155141
		Marking as insignificant: 3057853 3058132 | 17387 17666 | 280 280 | 97.86 | Ecoli_ancestor_Ancestor_ NODE_53_length_26478_cov_33.8948_ID_155141
		One align captures most of this contig: 4334041 4360518 | 1 26478 | 26478 26478 | 99.95 | Ecoli_ancestor_Ancestor_ NODE_53_length_26478_cov_33.8948_ID_155141

CONTIG: NODE_54_length_26054_cov_34.1824_ID_154682 (26054bp)
Top Length: 26054  Top ID: 99.8
		Marking as insignificant: 3215828 3217182 | 18653 17299 | 1355 1355 | 95.79 | Ecoli_0905_Taxon002_ NODE_54_length_26054_cov_34.1824_ID_154682
		One align captures most of this contig: 3166990 3193043 | 26054 1 | 26054 26054 | 99.8 | Ecoli_ancestor_Ancestor_ NODE_54_length_26054_cov_34.1824_ID_154682

CONTIG: NODE_55_length_22868_cov_34.1404_ID_151714 (22868bp)
Top Length: 22868  Top ID: 99.97
		One align captures most of this contig: 4250994 4273861 | 1 22868 | 22868 22868 | 99.97 | Ecoli_ancestor_Ancestor_ NODE_55_length_22868_cov_34.1404_ID_151714

CONTIG: NODE_56_length_21941_cov_34.4445_ID_155593 (21941bp)
Top Length: 21941  Top ID: 99.96
		One align captures most of this contig: 4276791 4298731 | 1 21941 | 21941 21941 | 99.96 | Ecoli_ancestor_Ancestor_ NODE_56_length_21941_cov_34.4445_ID_155593

CONTIG: NODE_57_length_15001_cov_34.2483_ID_150354 (15001bp)
Top Length: 15001  Top ID: 99.85
		One align captures most of this contig: 1 15001 | 1 15001 | 15001 15001 | 99.85 | Ecoli_0905_Taxon002_ NODE_57_length_15001_cov_34.2483_ID_150354

CONTIG: NODE_58_length_14472_cov_48.3914_ID_151234 (14472bp)
Top Length: 14472  Top ID: 99.9
		Marking as insignificant: 4310693 4310873 | 12225 12045 | 181 181 | 100.0 | Ecoli_ancestor_Ancestor_ NODE_58_length_14472_cov_48.3914_ID_151234
		Marking as insignificant: 3165847 3167081 | 10991 12225 | 1235 1235 | 99.19 | Ecoli_ancestor_Ancestor_ NODE_58_length_14472_cov_48.3914_ID_151234
		Marking as insignificant: 82108 83345 | 10988 12225 | 1238 1238 | 99.6 | Ecoli_ancestor_Ancestor_ NODE_58_length_14472_cov_48.3914_ID_151234
		One align captures most of this contig: 4316796 4331267 | 14472 1 | 14472 14472 | 99.9 | Ecoli_ancestor_Ancestor_ NODE_58_length_14472_cov_48.3914_ID_151234

CONTIG: NODE_59_length_13553_cov_37.4228_ID_148378 (13553bp)
Top Length: 13553  Top ID: 99.87
		Marking as insignificant: 4009442 4010521 | 12573 11494 | 1080 1080 | 97.22 | Ecoli_ancestor_Ancestor_ NODE_59_length_13553_cov_37.4228_ID_148378
		One align captures most of this contig: 2942393 2955945 | 1 13553 | 13553 13553 | 99.87 | Ecoli_ancestor_Ancestor_ NODE_59_length_13553_cov_37.4228_ID_148378

CONTIG: NODE_60_length_10900_cov_36.4243_ID_148524 (10900bp)
Top Length: 10900  Top ID: 99.5
		Marking as insignificant: 4319049 4319223 | 10671 10845 | 175 175 | 97.14 | Ecoli_ancestor_Ancestor_ NODE_60_length_10900_cov_36.4243_ID_148524
		Marking as insignificant: 3166901 3167075 | 10845 10671 | 175 175 | 97.14 | Ecoli_ancestor_Ancestor_ NODE_60_length_10900_cov_36.4243_ID_148524
		Marking as insignificant: 83165 83361 | 10845 10648 | 197 198 | 95.96 | Ecoli_ancestor_Ancestor_ NODE_60_length_10900_cov_36.4243_ID_148524
		One align captures most of this contig: 4299894 4310793 | 1 10900 | 10900 10900 | 99.5 | Ecoli_0905_Taxon002_ NODE_60_length_10900_cov_36.4243_ID_148524

CONTIG: NODE_61_length_10878_cov_36.9242_ID_148615 (10878bp)
Top Length: 10878  Top ID: 99.98
		Marking as insignificant: 4311522 4311641 | 1 120 | 120 120 | 99.17 | Ecoli_ancestor_Ancestor_ NODE_61_length_10878_cov_36.9242_ID_148615
		Marking as insignificant: 4319043 4319223 | 10643 10823 | 181 181 | 98.9 | Ecoli_ancestor_Ancestor_ NODE_61_length_10878_cov_36.9242_ID_148615
		Marking as insignificant: 3166901 3167081 | 10823 10643 | 181 181 | 98.9 | Ecoli_ancestor_Ancestor_ NODE_61_length_10878_cov_36.9242_ID_148615
		Marking as insignificant: 83165 83361 | 10823 10626 | 197 198 | 98.48 | Ecoli_ancestor_Ancestor_ NODE_61_length_10878_cov_36.9242_ID_148615
		Marking as insignificant: 1830718 1830923 | 121 326 | 206 206 | 99.03 | Ecoli_ancestor_Ancestor_ NODE_61_length_10878_cov_36.9242_ID_148615
		One align captures most of this contig: 4300051 4310928 | 1 10878 | 10878 10878 | 99.98 | Ecoli_ancestor_Ancestor_ NODE_61_length_10878_cov_36.9242_ID_148615

CONTIG: NODE_62_length_9756_cov_38.4865_ID_155521 (9756bp)
Top Length: 9756  Top ID: 99.58
		One align captures most of this contig: 4241032 4250787 | 9756 1 | 9756 9756 | 99.58 | Ecoli_ancestor_Ancestor_ NODE_62_length_9756_cov_38.4865_ID_155521

CONTIG: NODE_63_length_7887_cov_33.454_ID_153890 (7887bp)
Top Length: 7887  Top ID: 100.0
		One align captures most of this contig: 83291 91177 | 1 7887 | 7887 7887 | 100.0 | Ecoli_ancestor_Ancestor_ NODE_63_length_7887_cov_33.454_ID_153890

CONTIG: NODE_64_length_7591_cov_33.5845_ID_155431 (7591bp)
Top Length: 7591  Top ID: 100.0
		One align captures most of this contig: 4199869 4207459 | 7591 1 | 7591 7591 | 100.0 | Ecoli_ancestor_Ancestor_ NODE_64_length_7591_cov_33.5845_ID_155431

CONTIG: NODE_65_length_4188_cov_32.9076_ID_154207 (4188bp)
Top Length: 4188  Top ID: 100.0
		Marking as insignificant: 4300051 4300170 | 4188 4069 | 120 120 | 99.17 | Ecoli_ancestor_Ancestor_ NODE_65_length_4188_cov_32.9076_ID_154207
		Marking as insignificant: 1006608 1006728 | 4068 4188 | 121 121 | 99.17 | Ecoli_ancestor_Ancestor_ NODE_65_length_4188_cov_32.9076_ID_154207
		One align captures most of this contig: 4311522 4315709 | 4188 1 | 4188 4188 | 100.0 | Ecoli_ancestor_Ancestor_ NODE_65_length_4188_cov_32.9076_ID_154207

CONTIG: NODE_66_length_4014_cov_29.8823_ID_154841 (4014bp)
Top Length: 4014  Top ID: 100.0
		One align captures most of this contig: 4018810 4022823 | 1 4014 | 4014 4014 | 100.0 | Ecoli_ancestor_Ancestor_ NODE_66_length_4014_cov_29.8823_ID_154841

CONTIG: NODE_67_length_3565_cov_33.6046_ID_155083 (3565bp)
Top Length: 3565  Top ID: 100.0
		One align captures most of this contig: 3124782 3128346 | 1 3565 | 3565 3565 | 100.0 | Ecoli_ancestor_Ancestor_ NODE_67_length_3565_cov_33.6046_ID_155083

CONTIG: NODE_68_length_2438_cov_33.0814_ID_155745 (2438bp)
Top Length: 2438  Top ID: 100.0
		One align captures most of this contig: 4537533 4539970 | 1 2438 | 2438 2438 | 100.0 | Ecoli_ancestor_Ancestor_ NODE_68_length_2438_cov_33.0814_ID_155745

CONTIG: NODE_69_length_2049_cov_64.991_ID_156247 (2049bp)
Top Length: 2049  Top ID: 99.51
		This contig has 2 significant alignments. [An ambiguously mapped contig]
		Using only first of these alignment (option --ambiguity-usage is set to "one"):
		Alignment: 3129253 3131301 | 2049 1 | 2049 2049 | 99.51 | Ecoli_ancestor_Ancestor_ NODE_69_length_2049_cov_64.991_ID_156247
		Skipping alignment  2956196 2958244 | 2049 1 | 2049 2049 | 99.27 | Ecoli_ancestor_Ancestor_ NODE_69_length_2049_cov_64.991_ID_156247

CONTIG: NODE_70_length_1975_cov_319.918_ID_156349 (1975bp)
Top Length: 1975  Top ID: 99.24
		Marking as insignificant: 1161896 1163627 | 1 1732 | 1732 1732 | 98.73 | Ecoli_ancestor_Ancestor_ NODE_70_length_1975_cov_319.918_ID_156349
		Marking as insignificant: 4365448 4367179 | 1732 1 | 1732 1732 | 98.9 | Ecoli_ancestor_Ancestor_ NODE_70_length_1975_cov_319.918_ID_156349
		Marking as insignificant: 553688 555419 | 1732 1 | 1732 1732 | 99.31 | Ecoli_ancestor_Ancestor_ NODE_70_length_1975_cov_319.918_ID_156349
		Marking as insignificant: 422234 424291 | 1972 1 | 2058 1972 | 95.24 | Ecoli_ancestor_Ancestor_ NODE_70_length_1975_cov_319.918_ID_156349
		This contig has 2 significant alignments. [An ambiguously mapped contig]
		Using only first of these alignment (option --ambiguity-usage is set to "one"):
		Alignment: 380829 382803 | 1975 1 | 1975 1975 | 99.24 | Ecoli_ancestor_Ancestor_ NODE_70_length_1975_cov_319.918_ID_156349
		Skipping alignment  647168 649142 | 1975 1 | 1975 1975 | 99.09 | Ecoli_ancestor_Ancestor_ NODE_70_length_1975_cov_319.918_ID_156349

CONTIG: NODE_71_length_1593_cov_62.1964_ID_156355 (1593bp)
Top Length: 1593  Top ID: 97.43
		Marking as insignificant: 4367125 4367271 | 1 149 | 147 149 | 98.66 | Ecoli_ancestor_Ancestor_ NODE_71_length_1593_cov_62.1964_ID_156355
		Marking as insignificant: 1066836 1068428 | 1 1593 | 1593 1593 | 96.17 | Ecoli_0905_Taxon002_ NODE_71_length_1593_cov_62.1964_ID_156355
		One align captures most of this contig: 1160358 1161950 | 1593 1 | 1593 1593 | 97.43 | Ecoli_ancestor_Ancestor_ NODE_71_length_1593_cov_62.1964_ID_156355

CONTIG: NODE_72_length_1523_cov_31.7262_ID_156397 (1523bp)
Top Length: 1523  Top ID: 100.0
		One align captures most of this contig: 14952 16474 | 1523 1 | 1523 1523 | 100.0 | Ecoli_0905_Taxon002_ NODE_72_length_1523_cov_31.7262_ID_156397

CONTIG: NODE_73_length_1513_cov_33.4925_ID_154542 (1513bp)
Top Length: 1513  Top ID: 100.0
		Marking as insignificant: 824121 824519 | 1426 1028 | 399 399 | 96.24 | Ecoli_ancestor_Ancestor_ NODE_73_length_1513_cov_33.4925_ID_154542
		One align captures most of this contig: 966484 967996 | 1513 1 | 1513 1513 | 100.0 | Ecoli_ancestor_Ancestor_ NODE_73_length_1513_cov_33.4925_ID_154542

CONTIG: NODE_74_length_1126_cov_29.7768_ID_156431 (1126bp)
Top Length: 1126  Top ID: 100.0
		One align captures most of this contig: 4017739 4018864 | 1126 1 | 1126 1126 | 100.0 | Ecoli_ancestor_Ancestor_ NODE_74_length_1126_cov_29.7768_ID_156431

CONTIG: NODE_75_length_1042_cov_33.4336_ID_156379 (1042bp)
Top Length: 1042  Top ID: 100.0
		One align captures most of this contig: 2941406 2942447 | 1 1042 | 1042 1042 | 100.0 | Ecoli_ancestor_Ancestor_ NODE_75_length_1042_cov_33.4336_ID_156379

CONTIG: NODE_76_length_1030_cov_37.9128_ID_155933 (1030bp)
Top Length: 1030  Top ID: 100.0
		Marking as insignificant: 967924 968022 | 99 1 | 99 99 | 97.98 | Ecoli_ancestor_Ancestor_ NODE_76_length_1030_cov_37.9128_ID_155933
		One align captures most of this contig: 3856602 3857631 | 1030 1 | 1030 1030 | 100.0 | Ecoli_ancestor_Ancestor_ NODE_76_length_1030_cov_37.9128_ID_155933

CONTIG: NODE_77_length_1023_cov_83.5186_ID_156359 (1023bp)
Top Length: 1023  Top ID: 100.0
		Marking as insignificant: 1161802 1161950 | 147 1 | 149 147 | 97.99 | Ecoli_ancestor_Ancestor_ NODE_77_length_1023_cov_83.5186_ID_156359
		Marking as insignificant: 382749 382961 | 1 215 | 213 215 | 98.14 | Ecoli_ancestor_Ancestor_ NODE_77_length_1023_cov_83.5186_ID_156359
		One align captures most of this contig: 4367125 4368147 | 1 1023 | 1023 1023 | 100.0 | Ecoli_ancestor_Ancestor_ NODE_77_length_1023_cov_83.5186_ID_156359

CONTIG: NODE_78_length_968_cov_66.0909_ID_156351 (968bp)
Top Length: 968  Top ID: 100.0
		Marking as insignificant: 828414 828621 | 968 761 | 208 208 | 97.12 | Ecoli_ancestor_Ancestor_ NODE_78_length_968_cov_66.0909_ID_156351
		One align captures most of this contig: 971405 972372 | 968 1 | 968 968 | 100.0 | Ecoli_ancestor_Ancestor_ NODE_78_length_968_cov_66.0909_ID_156351

CONTIG: NODE_79_length_943_cov_83.0124_ID_156357 (943bp)
Top Length: 943  Top ID: 100.0
		Marking as insignificant: 3164475 3164608 | 134 1 | 134 134 | 100.0 | Ecoli_ancestor_Ancestor_ NODE_79_length_943_cov_83.0124_ID_156357
		Marking as insignificant: 2939256 2939389 | 134 1 | 134 134 | 100.0 | Ecoli_ancestor_Ancestor_ NODE_79_length_943_cov_83.0124_ID_156357
		Marking as insignificant: 91293 91426 | 134 1 | 134 134 | 100.0 | Ecoli_ancestor_Ancestor_ NODE_79_length_943_cov_83.0124_ID_156357
		Marking as insignificant: 1594310 1594445 | 1 136 | 136 136 | 99.26 | Ecoli_ancestor_Ancestor_ NODE_79_length_943_cov_83.0124_ID_156357
		Marking as insignificant: 1403374 1403511 | 138 1 | 138 138 | 98.55 | Ecoli_ancestor_Ancestor_ NODE_79_length_943_cov_83.0124_ID_156357
		One align captures most of this contig: 4207405 4208347 | 943 1 | 943 943 | 100.0 | Ecoli_ancestor_Ancestor_ NODE_79_length_943_cov_83.0124_ID_156357

CONTIG: NODE_80_length_877_cov_71.3054_ID_156353 (877bp)
Top Length: 877  Top ID: 100.0
		One align captures most of this contig: 4016159 4017035 | 877 1 | 877 877 | 100.0 | Ecoli_ancestor_Ancestor_ NODE_80_length_877_cov_71.3054_ID_156353

CONTIG: NODE_81_length_841_cov_36.1845_ID_156044 (841bp)
Top Length: 841  Top ID: 100.0
		One align captures most of this contig: 2522718 2523558 | 1 841 | 841 841 | 100.0 | Ecoli_ancestor_Ancestor_ NODE_81_length_841_cov_36.1845_ID_156044

CONTIG: NODE_82_length_840_cov_70.8764_ID_156361 (840bp)
Top Length: 840  Top ID: 100.0
		One align captures most of this contig: 1225194 1226033 | 840 1 | 840 840 | 100.0 | Ecoli_ancestor_Ancestor_ NODE_82_length_840_cov_70.8764_ID_156361

CONTIG: NODE_83_length_835_cov_63.3397_ID_156363 (835bp)
Top Length: 835  Top ID: 100.0
		One align captures most of this contig: 2939907 2940741 | 835 1 | 835 835 | 100.0 | Ecoli_ancestor_Ancestor_ NODE_83_length_835_cov_63.3397_ID_156363

CONTIG: NODE_84_length_826_cov_29.6239_ID_156401 (826bp)
Top Length: 826  Top ID: 100.0
		One align captures most of this contig: 1212304 1213129 | 826 1 | 826 826 | 100.0 | Ecoli_0905_Taxon002_ NODE_84_length_826_cov_29.6239_ID_156401

CONTIG: NODE_85_length_809_cov_28.7865_ID_156381 (809bp)
Top Length: 809  Top ID: 100.0
		One align captures most of this contig: 4016981 4017789 | 809 1 | 809 809 | 100.0 | Ecoli_ancestor_Ancestor_ NODE_85_length_809_cov_28.7865_ID_156381

CONTIG: NODE_86_length_634_cov_34.5371_ID_156419 (634bp)
Top Length: 634  Top ID: 100.0
		One align captures most of this contig: 2940687 2941320 | 634 1 | 634 634 | 100.0 | Ecoli_ancestor_Ancestor_ NODE_86_length_634_cov_34.5371_ID_156419

Analyzing coverage...
Writing SNPs into /net/metagenomics/projects/afritz_assemblies/Similarity_Experiment/Ecoli_OneTree/metaquast_strain_spades/Ecoli_0905/combined_reference/contigs_reports/nucmer_output/scaffolds.used_snps
	Reference Ecoli_0905_Taxon002_: 22 total alignments. 1 total regions.
		Region: 1 to 4641652 (4641652 bp)
			Align 1: 1 15001 NODE_57_length_15001_cov_34.2483_ID_150354 1 15001
				Negative gap (overlap) between this and next alignment: 15001 to 14952 (-49 bp)
				Next Alignment: 14952 16474 NODE_72_length_1523_cov_31.7262_ID_156397 1523 1

			Previous gap was negative, modifying coordinates to ignore overlap
				Moving contig start from 1523 to 1473.
			Align 2: 15002 16474 NODE_72_length_1523_cov_31.7262_ID_156397 1473 1
				Gap between this and next alignment: 16474 to 21446 (4971 bp)
				Next Alignment: 21446 489029 NODE_3_length_467584_cov_35.5641_ID_123338 1 467584

			Align 3: 21446 489029 NODE_3_length_467584_cov_35.5641_ID_123338 1 467584
				Gap between this and next alignment: 489029 to 492222 (3192 bp)
				Next Alignment: 492222 643897 NODE_24_length_151678_cov_40.5056_ID_140501 1 151676

			Align 4: 492222 643897 NODE_24_length_151678_cov_40.5056_ID_140501 1 151676
				Gap between this and next alignment: 643897 to 646132 (2234 bp)
				Next Alignment: 646132 968073 NODE_9_length_321943_cov_36.1167_ID_125680 1 321943

			Align 5: 646132 968073 NODE_9_length_321943_cov_36.1167_ID_125680 1 321943
				Gap between this and next alignment: 968073 to 974790 (6716 bp)
				Next Alignment: 974790 1036249 NODE_39_length_61464_cov_39.4781_ID_136737 61464 5

			Align 6: 974790 1036249 NODE_39_length_61464_cov_39.4781_ID_136737 61464 5
				Gap between this and next alignment: 1036249 to 1038921 (2671 bp)
				Next Alignment: 1038921 1066771 NODE_52_length_27851_cov_33.8929_ID_155288 1 27851

			Align 7: 1038921 1066771 NODE_52_length_27851_cov_33.8929_ID_155288 1 27851
				Gap between this and next alignment: 1066771 to 1068374 (1602 bp)
				Next Alignment: 1068374 1212347 NODE_25_length_143974_cov_34.0039_ID_144145 143974 1

			Align 8: 1068374 1212347 NODE_25_length_143974_cov_34.0039_ID_144145 143974 1
				Negative gap (overlap) between this and next alignment: 1212347 to 1212304 (-43 bp)
				Next Alignment: 1212304 1213129 NODE_84_length_826_cov_29.6239_ID_156401 826 1

			Previous gap was negative, modifying coordinates to ignore overlap
				Moving contig start from 826 to 782.
			Align 9: 1212348 1213129 NODE_84_length_826_cov_29.6239_ID_156401 782 1
				Gap between this and next alignment: 1213129 to 1214487 (1357 bp)
				Next Alignment: 1214487 1877978 NODE_1_length_663492_cov_36.0211_ID_120697 663492 1

			Align 10: 1214487 1877978 NODE_1_length_663492_cov_36.0211_ID_120697 663492 1
				Gap between this and next alignment: 1877978 to 1881725 (3746 bp)
				Next Alignment: 1881725 2063498 NODE_17_length_181774_cov_34.2314_ID_148860 1 181774

			Align 11: 1881725 2063498 NODE_17_length_181774_cov_34.2314_ID_148860 1 181774
				Gap between this and next alignment: 2063498 to 2064181 (682 bp)
				Next Alignment: 2064181 2426769 NODE_7_length_362589_cov_35.9736_ID_135233 1 362589

			Align 12: 2064181 2426769 NODE_7_length_362589_cov_35.9736_ID_135233 1 362589
				Gap between this and next alignment: 2426769 to 2426976 (206 bp)
				Next Alignment: 2426976 2849093 NODE_5_length_422118_cov_35.2485_ID_129958 1 422118

			Align 13: 2426976 2849093 NODE_5_length_422118_cov_35.2485_ID_129958 1 422118
				Gap between this and next alignment: 2849093 to 2850282 (1188 bp)
				Next Alignment: 2850282 3166158 NODE_2_length_478751_cov_35.3536_ID_115588 1 315865

			Align 14: 2850282 3166158 NODE_2_length_478751_cov_35.3536_ID_115588 1 315865
				Negative gap (overlap) between this and next alignment: 3166158 to 3162796 (-3362 bp)
				Next Alignment: 3162796 3540830 NODE_6_length_378035_cov_36.7483_ID_126017 1 378035

			Previous gap was negative, modifying coordinates to ignore overlap
				Moving contig start from 1 to 3364.
			Align 15: 3166159 3540830 NODE_6_length_378035_cov_36.7483_ID_126017 3364 378035
				Negative gap (overlap) between this and next alignment: 3540830 to 3540787 (-43 bp)
				Next Alignment: 3540787 3990891 NODE_4_length_450105_cov_36.2303_ID_131581 1 450105

			Previous gap was negative, modifying coordinates to ignore overlap
				Moving contig start from 1 to 45.
			Align 16: 3540831 3990891 NODE_4_length_450105_cov_36.2303_ID_131581 45 450105
				Gap between this and next alignment: 3990891 to 3992716 (1824 bp)
				Next Alignment: 3992716 4069519 NODE_37_length_76804_cov_39.4984_ID_120324 1 76804

			Align 17: 3992716 4069519 NODE_37_length_76804_cov_39.4984_ID_120324 1 76804
				Gap between this and next alignment: 4069519 to 4071315 (1795 bp)
				Next Alignment: 4071315 4299051 NODE_13_length_227737_cov_36.9141_ID_144706 227737 1

			Align 18: 4071315 4299051 NODE_13_length_227737_cov_36.9141_ID_144706 227737 1
				Gap between this and next alignment: 4299051 to 4299894 (842 bp)
				Next Alignment: 4299894 4310793 NODE_60_length_10900_cov_36.4243_ID_148524 1 10900

			Align 19: 4299894 4310793 NODE_60_length_10900_cov_36.4243_ID_148524 1 10900
				Gap between this and next alignment: 4310793 to 4311357 (563 bp)
				Next Alignment: 4311357 4316126 NODE_22_length_154059_cov_46.0292_ID_128906 1 4770

			Align 20: 4311357 4316126 NODE_22_length_154059_cov_46.0292_ID_128906 1 4770
				Gap between this and next alignment: 4316126 to 4316228 (101 bp)
				Next Alignment: 4316228 4465468 NODE_22_length_154059_cov_46.0292_ID_128906 4818 154059

			Align 21: 4316228 4465468 NODE_22_length_154059_cov_46.0292_ID_128906 4818 154059
				Gap between this and next alignment: 4465468 to 4468029 (2560 bp)
				Next Alignment: 4468029 4641648 NODE_20_length_173620_cov_36.6692_ID_114846 1 173620

			Align 22: 4468029 4641648 NODE_20_length_173620_cov_36.6692_ID_114846 1 173620
			END in gap: 4641648 to 4641652 (4 bp)

	Reference Ecoli_ancestor_Ancestor_: 69 total alignments. 1 total regions.
		Region: 1 to 4641652 (4641652 bp)
			Align 1: 1 81925 NODE_34_length_81925_cov_34.2543_ID_151365 81925 1
				Gap between this and next alignment: 81925 to 83291 (1365 bp)
				Next Alignment: 83291 91177 NODE_63_length_7887_cov_33.454_ID_153890 1 7887

			Align 2: 83291 91177 NODE_63_length_7887_cov_33.454_ID_153890 1 7887
				Gap between this and next alignment: 91177 to 93082 (1904 bp)
				Next Alignment: 93082 294743 NODE_11_length_284387_cov_34.2244_ID_152219 1 201662

			Align 3: 93082 294743 NODE_11_length_284387_cov_34.2244_ID_152219 1 201662
				Gap between this and next alignment: 294743 to 294968 (224 bp)
				Next Alignment: 294968 377694 NODE_11_length_284387_cov_34.2244_ID_152219 201663 284387

			Align 4: 294968 377694 NODE_11_length_284387_cov_34.2244_ID_152219 201663 284387
				Gap between this and next alignment: 377694 to 380829 (3134 bp)
				Next Alignment: 380829 382803 NODE_70_length_1975_cov_319.918_ID_156349 1975 1

			Align 5: 380829 382803 NODE_70_length_1975_cov_319.918_ID_156349 1975 1
				Negative gap (overlap) between this and next alignment: 382803 to 382749 (-54 bp)
				Next Alignment: 382749 418893 NODE_45_length_36147_cov_36.342_ID_153341 36147 1

			Previous gap was negative, modifying coordinates to ignore overlap
				Moving contig start from 36147 to 36092.
			Align 6: 382804 418893 NODE_45_length_36147_cov_36.342_ID_153341 36092 1
				Gap between this and next alignment: 418893 to 424615 (5721 bp)
				Next Alignment: 424615 496406 NODE_28_length_124429_cov_33.7409_ID_149779 124429 52638

			Align 7: 424615 496406 NODE_28_length_124429_cov_33.7409_ID_149779 124429 52638
				Negative gap (overlap) between this and next alignment: 496406 to 496315 (-91 bp)
				Next Alignment: 496315 548951 NODE_28_length_124429_cov_33.7409_ID_149779 52637 1

			Previous gap was negative, modifying coordinates to ignore overlap
				Moving contig start from 52637 to 52545.
			Align 8: 496407 548951 NODE_28_length_124429_cov_33.7409_ID_149779 52545 1
				Gap between this and next alignment: 548951 to 555551 (6599 bp)
				Next Alignment: 555551 644034 NODE_33_length_88484_cov_34.3915_ID_140102 1 88484

			Align 9: 555551 644034 NODE_33_length_88484_cov_34.3915_ID_140102 1 88484
				Gap between this and next alignment: 644034 to 649274 (5239 bp)
				Next Alignment: 649274 824628 NODE_19_length_175355_cov_34.0982_ID_128217 1 175355

			Align 10: 649274 824628 NODE_19_length_175355_cov_34.0982_ID_128217 1 175355
				Gap between this and next alignment: 824628 to 828414 (3785 bp)
				Next Alignment: 828414 937628 NODE_30_length_109215_cov_34.975_ID_146557 1 109215

			Align 11: 828414 937628 NODE_30_length_109215_cov_34.975_ID_146557 1 109215
				Gap between this and next alignment: 937628 to 938714 (1085 bp)
				Next Alignment: 938714 968041 NODE_51_length_29328_cov_38.3286_ID_155801 29328 1

			Align 12: 938714 968041 NODE_51_length_29328_cov_38.3286_ID_155801 29328 1
				The next alignment (966484 967996 NODE_73_length_1513_cov_33.4925_ID_154542 1513 1) is redundant. Skipping.
				Gap between this and next alignment: 968041 to 971405 (3363 bp)
				Next Alignment: 971405 972372 NODE_78_length_968_cov_66.0909_ID_156351 968 1

			Align 14: 971405 972372 NODE_78_length_968_cov_66.0909_ID_156351 968 1
				Gap between this and next alignment: 972372 to 972673 (300 bp)
				Next Alignment: 972673 1005606 NODE_47_length_32934_cov_34.846_ID_125511 1 32934

			Align 15: 972673 1005606 NODE_47_length_32934_cov_34.846_ID_125511 1 32934
				Gap between this and next alignment: 1005606 to 1008239 (2632 bp)
				Next Alignment: 1008239 1160412 NODE_23_length_152174_cov_34.561_ID_145699 152174 1

			Align 16: 1008239 1160412 NODE_23_length_152174_cov_34.561_ID_145699 152174 1
				Negative gap (overlap) between this and next alignment: 1160412 to 1160358 (-54 bp)
				Next Alignment: 1160358 1161950 NODE_71_length_1593_cov_62.1964_ID_156355 1593 1

			Previous gap was negative, modifying coordinates to ignore overlap
				Moving contig start from 1593 to 1538.
			Align 17: 1160413 1161950 NODE_71_length_1593_cov_62.1964_ID_156355 1538 1
				Gap between this and next alignment: 1161950 to 1167491 (5540 bp)
				Next Alignment: 1167491 1224108 NODE_40_length_56618_cov_34.026_ID_150978 56618 1

			Align 18: 1167491 1224108 NODE_40_length_56618_cov_34.026_ID_150978 56618 1
				Gap between this and next alignment: 1224108 to 1225194 (1085 bp)
				Next Alignment: 1225194 1226033 NODE_82_length_840_cov_70.8764_ID_156361 840 1

			Align 19: 1225194 1226033 NODE_82_length_840_cov_70.8764_ID_156361 840 1
				Negative gap (overlap) between this and next alignment: 1226033 to 1225979 (-54 bp)
				Next Alignment: 1225979 1402496 NODE_18_length_176518_cov_33.8969_ID_118742 1 176518

			Previous gap was negative, modifying coordinates to ignore overlap
				Moving contig start from 1 to 56.
			Align 20: 1226034 1402496 NODE_18_length_176518_cov_33.8969_ID_118742 56 176518
				Gap between this and next alignment: 1402496 to 1405039 (2542 bp)
				Next Alignment: 1405039 1458662 NODE_41_length_53624_cov_34.6546_ID_152637 1 53624

			Align 21: 1405039 1458662 NODE_41_length_53624_cov_34.6546_ID_152637 1 53624
				Gap between this and next alignment: 1458662 to 1460542 (1879 bp)
				Next Alignment: 1460542 1593215 NODE_26_length_132674_cov_33.9743_ID_119868 1 132674

			Align 22: 1460542 1593215 NODE_26_length_132674_cov_33.9743_ID_119868 1 132674
				Gap between this and next alignment: 1593215 to 1595306 (2090 bp)
				Next Alignment: 1595306 1859254 NODE_12_length_263950_cov_34.7878_ID_141252 1 263950

			Align 23: 1595306 1859254 NODE_12_length_263950_cov_34.7878_ID_141252 1 263950
				Gap between this and next alignment: 1859254 to 1864686 (5431 bp)
				Next Alignment: 1864686 2074697 NODE_15_length_210012_cov_34.3968_ID_147443 210012 1

			Align 24: 1864686 2074697 NODE_15_length_210012_cov_34.3968_ID_147443 210012 1
				Gap between this and next alignment: 2074697 to 2077426 (2728 bp)
				Next Alignment: 2077426 2300744 NODE_14_length_223319_cov_34.7937_ID_138175 223319 1

			Align 25: 2077426 2300744 NODE_14_length_223319_cov_34.7937_ID_138175 223319 1
				Gap between this and next alignment: 2300744 to 2301831 (1086 bp)
				Next Alignment: 2301831 2419430 NODE_29_length_117600_cov_34.9421_ID_134719 117600 1

			Align 26: 2301831 2419430 NODE_29_length_117600_cov_34.9421_ID_134719 117600 1
				Gap between this and next alignment: 2419430 to 2420576 (1145 bp)
				Next Alignment: 2420576 2487915 NODE_38_length_67340_cov_34.6788_ID_129629 1 67340

			Align 27: 2420576 2487915 NODE_38_length_67340_cov_34.6788_ID_129629 1 67340
				Gap between this and next alignment: 2487915 to 2489001 (1085 bp)
				Next Alignment: 2489001 2520437 NODE_50_length_31437_cov_35.429_ID_154899 31437 1

			Align 28: 2489001 2520437 NODE_50_length_31437_cov_35.429_ID_154899 31437 1
				Gap between this and next alignment: 2520437 to 2522718 (2280 bp)
				Next Alignment: 2522718 2523558 NODE_81_length_841_cov_36.1845_ID_156044 1 841

			Align 29: 2522718 2523558 NODE_81_length_841_cov_36.1845_ID_156044 1 841
				Gap between this and next alignment: 2523558 to 2524575 (1016 bp)
				Next Alignment: 2524575 2605181 NODE_35_length_80607_cov_34.1284_ID_153512 1 80607

			Align 30: 2524575 2605181 NODE_35_length_80607_cov_34.1284_ID_153512 1 80607
				Gap between this and next alignment: 2605181 to 2606260 (1078 bp)
				Next Alignment: 2606260 2882133 NODE_8_length_333034_cov_34.2945_ID_154264 1 275874

			Align 31: 2606260 2882133 NODE_8_length_333034_cov_34.2945_ID_154264 1 275874
				Gap between this and next alignment: 2882133 to 2882230 (96 bp)
				Next Alignment: 2882230 2939389 NODE_8_length_333034_cov_34.2945_ID_154264 275875 333034

			Align 32: 2882230 2939389 NODE_8_length_333034_cov_34.2945_ID_154264 275875 333034
				Gap between this and next alignment: 2939389 to 2939907 (517 bp)
				Next Alignment: 2939907 2940741 NODE_83_length_835_cov_63.3397_ID_156363 835 1

			Align 33: 2939907 2940741 NODE_83_length_835_cov_63.3397_ID_156363 835 1
				Negative gap (overlap) between this and next alignment: 2940741 to 2940687 (-54 bp)
				Next Alignment: 2940687 2941320 NODE_86_length_634_cov_34.5371_ID_156419 634 1

			Previous gap was negative, modifying coordinates to ignore overlap
				Moving contig start from 634 to 579.
			Align 34: 2940742 2941320 NODE_86_length_634_cov_34.5371_ID_156419 579 1
				Gap between this and next alignment: 2941320 to 2941406 (85 bp)
				Next Alignment: 2941406 2942447 NODE_75_length_1042_cov_33.4336_ID_156379 1 1042

			Align 35: 2941406 2942447 NODE_75_length_1042_cov_33.4336_ID_156379 1 1042
				Negative gap (overlap) between this and next alignment: 2942447 to 2942393 (-54 bp)
				Next Alignment: 2942393 2955945 NODE_59_length_13553_cov_37.4228_ID_148378 1 13553

			Previous gap was negative, modifying coordinates to ignore overlap
				Moving contig start from 1 to 56.
			Align 36: 2942448 2955945 NODE_59_length_13553_cov_37.4228_ID_148378 56 13553
				Gap between this and next alignment: 2955945 to 2958190 (2244 bp)
				Next Alignment: 2958190 3121087 NODE_2_length_478751_cov_35.3536_ID_115588 478751 315866

			Align 37: 2958190 3121087 NODE_2_length_478751_cov_35.3536_ID_115588 478751 315866
				Gap between this and next alignment: 3121087 to 3124782 (3694 bp)
				Next Alignment: 3124782 3128346 NODE_67_length_3565_cov_33.6046_ID_155083 1 3565

			Align 38: 3124782 3128346 NODE_67_length_3565_cov_33.6046_ID_155083 1 3565
				Gap between this and next alignment: 3128346 to 3129253 (906 bp)
				Next Alignment: 3129253 3131301 NODE_69_length_2049_cov_64.991_ID_156247 2049 1

			Align 39: 3129253 3131301 NODE_69_length_2049_cov_64.991_ID_156247 2049 1
				Negative gap (overlap) between this and next alignment: 3131301 to 3131247 (-54 bp)
				Next Alignment: 3131247 3164608 NODE_46_length_33362_cov_34.0082_ID_153980 33362 1

			Previous gap was negative, modifying coordinates to ignore overlap
				Moving contig start from 33362 to 33307.
			Align 40: 3131302 3164608 NODE_46_length_33362_cov_34.0082_ID_153980 33307 1
				Gap between this and next alignment: 3164608 to 3166990 (2381 bp)
				Next Alignment: 3166990 3193043 NODE_54_length_26054_cov_34.1824_ID_154682 26054 1

			Align 41: 3166990 3193043 NODE_54_length_26054_cov_34.1824_ID_154682 26054 1
				Gap between this and next alignment: 3193043 to 3194706 (1662 bp)
				Next Alignment: 3194706 3289690 NODE_32_length_94985_cov_34.6431_ID_150482 94985 1

			Align 42: 3194706 3289690 NODE_32_length_94985_cov_34.6431_ID_150482 94985 1
				Gap between this and next alignment: 3289690 to 3291558 (1867 bp)
				Next Alignment: 3291558 3493662 NODE_16_length_202469_cov_34.9095_ID_147044 202469 365

			Align 43: 3291558 3493662 NODE_16_length_202469_cov_34.9095_ID_147044 202469 365
				Gap between this and next alignment: 3493662 to 3496506 (2843 bp)
				Next Alignment: 3496506 3540364 NODE_42_length_43859_cov_35.3999_ID_150170 1 43859

			Align 44: 3496506 3540364 NODE_42_length_43859_cov_35.3999_ID_150170 1 43859
				Gap between this and next alignment: 3540364 to 3540922 (557 bp)
				Next Alignment: 3540922 3855760 NODE_10_length_314840_cov_34.7752_ID_133361 1 314840

			Align 45: 3540922 3855760 NODE_10_length_314840_cov_34.7752_ID_133361 1 314840
				Gap between this and next alignment: 3855760 to 3856602 (841 bp)
				Next Alignment: 3856602 3857631 NODE_76_length_1030_cov_37.9128_ID_155933 1030 1

			Align 46: 3856602 3857631 NODE_76_length_1030_cov_37.9128_ID_155933 1030 1
				Gap between this and next alignment: 3857631 to 3861238 (3606 bp)
				Next Alignment: 3861238 3901813 NODE_43_length_40576_cov_33.7238_ID_152906 40576 1

			Align 47: 3861238 3901813 NODE_43_length_40576_cov_33.7238_ID_152906 40576 1
				Gap between this and next alignment: 3901813 to 3902899 (1085 bp)
				Next Alignment: 3902899 3981507 NODE_36_length_78609_cov_35.1662_ID_151853 1 78609

			Align 48: 3902899 3981507 NODE_36_length_78609_cov_35.1662_ID_151853 1 78609
				Gap between this and next alignment: 3981507 to 3982743 (1235 bp)
				Next Alignment: 3982743 4015073 NODE_48_length_32331_cov_38.0753_ID_153130 1 32331

			Align 49: 3982743 4015073 NODE_48_length_32331_cov_38.0753_ID_153130 1 32331
				Gap between this and next alignment: 4015073 to 4016159 (1085 bp)
				Next Alignment: 4016159 4017035 NODE_80_length_877_cov_71.3054_ID_156353 877 1

			Align 50: 4016159 4017035 NODE_80_length_877_cov_71.3054_ID_156353 877 1
				Negative gap (overlap) between this and next alignment: 4017035 to 4016981 (-54 bp)
				Next Alignment: 4016981 4017789 NODE_85_length_809_cov_28.7865_ID_156381 809 1

			Previous gap was negative, modifying coordinates to ignore overlap
				Moving contig start from 809 to 754.
			Align 51: 4017036 4017789 NODE_85_length_809_cov_28.7865_ID_156381 754 1
				Negative gap (overlap) between this and next alignment: 4017789 to 4017739 (-50 bp)
				Next Alignment: 4017739 4018864 NODE_74_length_1126_cov_29.7768_ID_156431 1126 1

			Previous gap was negative, modifying coordinates to ignore overlap
				Moving contig start from 1126 to 1075.
			Align 52: 4017790 4018864 NODE_74_length_1126_cov_29.7768_ID_156431 1075 1
				Negative gap (overlap) between this and next alignment: 4018864 to 4018810 (-54 bp)
				Next Alignment: 4018810 4022823 NODE_66_length_4014_cov_29.8823_ID_154841 1 4014

			Previous gap was negative, modifying coordinates to ignore overlap
				Moving contig start from 1 to 56.
			Align 53: 4018865 4022823 NODE_66_length_4014_cov_29.8823_ID_154841 56 4014
				Gap between this and next alignment: 4022823 to 4024995 (2171 bp)
				Next Alignment: 4024995 4064229 NODE_44_length_39235_cov_33.6243_ID_149576 1 39235

			Align 54: 4024995 4064229 NODE_44_length_39235_cov_33.6243_ID_149576 1 39235
				Gap between this and next alignment: 4064229 to 4064840 (610 bp)
				Next Alignment: 4064840 4197301 NODE_27_length_132462_cov_33.7192_ID_119402 1 132462

			Align 55: 4064840 4197301 NODE_27_length_132462_cov_33.7192_ID_119402 1 132462
				Gap between this and next alignment: 4197301 to 4199869 (2567 bp)
				Next Alignment: 4199869 4207459 NODE_64_length_7591_cov_33.5845_ID_155431 7591 1

			Align 56: 4199869 4207459 NODE_64_length_7591_cov_33.5845_ID_155431 7591 1
				Negative gap (overlap) between this and next alignment: 4207459 to 4207405 (-54 bp)
				Next Alignment: 4207405 4208347 NODE_79_length_943_cov_83.0124_ID_156357 943 1

			Previous gap was negative, modifying coordinates to ignore overlap
				Moving contig start from 943 to 888.
			Align 57: 4207460 4208347 NODE_79_length_943_cov_83.0124_ID_156357 888 1
				Gap between this and next alignment: 4208347 to 4209442 (1094 bp)
				Next Alignment: 4209442 4240917 NODE_49_length_31476_cov_35.2274_ID_146364 1 31476

			Align 58: 4209442 4240917 NODE_49_length_31476_cov_35.2274_ID_146364 1 31476
				Gap between this and next alignment: 4240917 to 4241032 (114 bp)
				Next Alignment: 4241032 4250787 NODE_62_length_9756_cov_38.4865_ID_155521 9756 1

			Align 59: 4241032 4250787 NODE_62_length_9756_cov_38.4865_ID_155521 9756 1
				Gap between this and next alignment: 4250787 to 4250994 (206 bp)
				Next Alignment: 4250994 4273861 NODE_55_length_22868_cov_34.1404_ID_151714 1 22868

			Align 60: 4250994 4273861 NODE_55_length_22868_cov_34.1404_ID_151714 1 22868
				Gap between this and next alignment: 4273861 to 4276791 (2929 bp)
				Next Alignment: 4276791 4298731 NODE_56_length_21941_cov_34.4445_ID_155593 1 21941

			Align 61: 4276791 4298731 NODE_56_length_21941_cov_34.4445_ID_155593 1 21941
				Gap between this and next alignment: 4298731 to 4300051 (1319 bp)
				Next Alignment: 4300051 4310928 NODE_61_length_10878_cov_36.9242_ID_148615 1 10878

			Align 62: 4300051 4310928 NODE_61_length_10878_cov_36.9242_ID_148615 1 10878
				Gap between this and next alignment: 4310928 to 4311522 (593 bp)
				Next Alignment: 4311522 4315709 NODE_65_length_4188_cov_32.9076_ID_154207 4188 1

			Align 63: 4311522 4315709 NODE_65_length_4188_cov_32.9076_ID_154207 4188 1
				Gap between this and next alignment: 4315709 to 4316796 (1086 bp)
				Next Alignment: 4316796 4331267 NODE_58_length_14472_cov_48.3914_ID_151234 14472 1

			Align 64: 4316796 4331267 NODE_58_length_14472_cov_48.3914_ID_151234 14472 1
				Gap between this and next alignment: 4331267 to 4334041 (2773 bp)
				Next Alignment: 4334041 4360518 NODE_53_length_26478_cov_33.8948_ID_155141 1 26478

			Align 65: 4334041 4360518 NODE_53_length_26478_cov_33.8948_ID_155141 1 26478
				Gap between this and next alignment: 4360518 to 4367125 (6606 bp)
				Next Alignment: 4367125 4368147 NODE_77_length_1023_cov_83.5186_ID_156359 1 1023

			Align 66: 4367125 4368147 NODE_77_length_1023_cov_83.5186_ID_156359 1 1023
				Negative gap (overlap) between this and next alignment: 4368147 to 4368093 (-54 bp)
				Next Alignment: 4368093 4536132 NODE_21_length_168040_cov_34.875_ID_142309 168040 1

			Previous gap was negative, modifying coordinates to ignore overlap
				Moving contig start from 168040 to 167985.
			Align 67: 4368148 4536132 NODE_21_length_168040_cov_34.875_ID_142309 167985 1
				Gap between this and next alignment: 4536132 to 4537533 (1400 bp)
				Next Alignment: 4537533 4539970 NODE_68_length_2438_cov_33.0814_ID_155745 1 2438

			Align 68: 4537533 4539970 NODE_68_length_2438_cov_33.0814_ID_155745 1 2438
				Gap between this and next alignment: 4539970 to 4543189 (3218 bp)
				Next Alignment: 4543189 4641648 NODE_31_length_98460_cov_34.9572_ID_125132 1 98460

			Align 69: 4543189 4641648 NODE_31_length_98460_cov_34.9572_ID_125132 1 98460
			END in gap: 4641648 to 4641652 (4 bp)

Analysis is finished!
Founded SNPs were written into /net/metagenomics/projects/afritz_assemblies/Similarity_Experiment/Ecoli_OneTree/metaquast_strain_spades/Ecoli_0905/combined_reference/contigs_reports/nucmer_output/scaffolds.used_snps

Results:
	Local Misassemblies: 3
	Misassemblies: 1
		Relocations: 0
		Translocations: 0
		Interspecies translocations: 1
		Inversions: 0
	Potentially Misassembled Contigs (i/s translocations): 0
	Misassembled Contigs: 1
	Misassembled Contig Bases: 478751
	Misassemblies Inter-Contig Overlap: 0
Uncovered Regions: 0 (0)
Unaligned Contigs: 0 + 0 part
Partially Unaligned Contigs with Misassemblies: 0
Unaligned Contig Bases: 0

Ambiguously Mapped Contigs: 2
Total Bases in Ambiguously Mapped Contigs: 4024
Note that --allow-ambiguity option was set to "one" and only first alignment per each contig was used.

	Covered Bases: 9131320

	SNPs: 14597
	Insertions: 25
	Deletions: 85

	Positive Gaps: 74
		Internal Gaps:  3
		External Gaps:  71
		External Gap Total:  151563
		External Gap Average: 2135
	Negative Gaps: 16
		Internal Overlaps:  1
		External Overlaps:  15
		External Overlaps Total: -4087
		External Overlaps Average: -272
	Contigs with Redundant Alignments: 1 (1513)
