Aligning contigs to reference...
	Running Nucmer
Parsing coords...
Loading reference...
	Loaded [Ecoli_0910_Taxon003_]
	Loaded [Ecoli_0920_Taxon005_]
Loading SNPs...
Loading regions...
	No regions given, using whole reference.
	Total Regions: 2
	Total Region Length: 9283304
Analyzing contigs...
CONTIG: NODE_1_length_657825_cov_35.2528_ID_172338 (657825bp)
Top Length: 657825  Top ID: 99.82
		Marking as insignificant: 2826714 2835980 | 113953 123219 | 9267 9267 | 98.49 | Ecoli_0920_Taxon005_ NODE_1_length_657825_cov_35.2528_ID_172338
		Marking as insignificant: 3104562 3118236 | 113953 100279 | 13675 13675 | 98.47 | Ecoli_0920_Taxon005_ NODE_1_length_657825_cov_35.2528_ID_172338
		Marking as insignificant: 2895650 2915152 | 315819 296317 | 19503 19503 | 98.15 | Ecoli_0920_Taxon005_ NODE_1_length_657825_cov_35.2528_ID_172338
		Marking as insignificant: 3118237 3139512 | 79003 100278 | 21276 21276 | 98.45 | Ecoli_0920_Taxon005_ NODE_1_length_657825_cov_35.2528_ID_172338
		Marking as insignificant: 2835981 2860324 | 147563 123220 | 24344 24344 | 98.35 | Ecoli_0920_Taxon005_ NODE_1_length_657825_cov_35.2528_ID_172338
		Marking as insignificant: 2743902 2773704 | 501143 530945 | 29803 29803 | 98.41 | Ecoli_0920_Taxon005_ NODE_1_length_657825_cov_35.2528_ID_172338
		Marking as insignificant: 3028583 3060817 | 315822 348056 | 32235 32235 | 98.34 | Ecoli_0920_Taxon005_ NODE_1_length_657825_cov_35.2528_ID_172338
		Marking as insignificant: 2915152 2949701 | 261768 296317 | 34550 34550 | 98.32 | Ecoli_0920_Taxon005_ NODE_1_length_657825_cov_35.2528_ID_172338
		Marking as insignificant: 2860325 2895649 | 147564 182888 | 35325 35325 | 98.44 | Ecoli_0920_Taxon005_ NODE_1_length_657825_cov_35.2528_ID_172338
		Marking as insignificant: 3060815 3104562 | 501145 457398 | 43748 43748 | 98.39 | Ecoli_0920_Taxon005_ NODE_1_length_657825_cov_35.2528_ID_172338
		Marking as insignificant: 2557918 2605549 | 610194 657825 | 47632 47632 | 98.5 | Ecoli_0920_Taxon005_ NODE_1_length_657825_cov_35.2528_ID_172338
		Marking as insignificant: 2773705 2826714 | 404389 457398 | 53010 53010 | 98.44 | Ecoli_0920_Taxon005_ NODE_1_length_657825_cov_35.2528_ID_172338
		Marking as insignificant: 2687570 2743904 | 404388 348054 | 56335 56335 | 98.38 | Ecoli_0920_Taxon005_ NODE_1_length_657825_cov_35.2528_ID_172338
		Marking as insignificant: 2949701 3028580 | 261768 182889 | 78880 78880 | 98.31 | Ecoli_0920_Taxon005_ NODE_1_length_657825_cov_35.2528_ID_172338
		Marking as insignificant: 3139513 3218510 | 79002 1 | 78998 79002 | 98.36 | Ecoli_0920_Taxon005_ NODE_1_length_657825_cov_35.2528_ID_172338
		Marking as insignificant: 2608322 2687569 | 610193 530946 | 79248 79248 | 98.46 | Ecoli_0920_Taxon005_ NODE_1_length_657825_cov_35.2528_ID_172338
		One align captures most of this contig: 2560690 3218510 | 657825 1 | 657821 657825 | 99.82 | Ecoli_0910_Taxon003_ NODE_1_length_657825_cov_35.2528_ID_172338

CONTIG: NODE_2_length_488701_cov_38.3303_ID_143632 (488701bp)
Top Length: 488701  Top ID: 99.66
		Marking as insignificant: 1163399 1173542 | 445880 435737 | 10144 10144 | 98.4 | Ecoli_0920_Taxon005_ NODE_2_length_488701_cov_38.3303_ID_143632
		Marking as insignificant: 789543 814021 | 167892 143414 | 24479 24479 | 98.53 | Ecoli_0920_Taxon005_ NODE_2_length_488701_cov_38.3303_ID_143632
		Marking as insignificant: 612250 645547 | 33298 1 | 33298 33298 | 98.3 | Ecoli_0920_Taxon005_ NODE_2_length_488701_cov_38.3303_ID_143632
		Marking as insignificant: 930726 965785 | 319655 284596 | 35060 35060 | 98.34 | Ecoli_0920_Taxon005_ NODE_2_length_488701_cov_38.3303_ID_143632
		Marking as insignificant: 1118058 1160879 | 445880 488701 | 42822 42822 | 98.48 | Ecoli_0920_Taxon005_ NODE_2_length_488701_cov_38.3303_ID_143632
		Marking as insignificant: 679430 789543 | 33299 143412 | 110114 110114 | 98.45 | Ecoli_0920_Taxon005_ NODE_2_length_488701_cov_38.3303_ID_143632
		Marking as insignificant: 965786 1081866 | 319656 435736 | 116081 116081 | 98.11 | Ecoli_0920_Taxon005_ NODE_2_length_488701_cov_38.3303_ID_143632
		Marking as insignificant: 814023 930725 | 167892 284595 | 116703 116704 | 98.23 | Ecoli_0920_Taxon005_ NODE_2_length_488701_cov_38.3303_ID_143632
		One align captures most of this contig: 646132 1134831 | 1 488701 | 488700 488701 | 99.66 | Ecoli_0910_Taxon003_ NODE_2_length_488701_cov_38.3303_ID_143632

CONTIG: NODE_3_length_487635_cov_38.8091_ID_146387 (487635bp)
Top Length: 487635  Top ID: 99.76
		Marking as insignificant: 642458 642543 | 86 1 | 86 86 | 98.84 | Ecoli_0920_Taxon005_ NODE_3_length_487635_cov_38.8091_ID_146387
		Marking as insignificant: 184044 191753 | 295880 303589 | 7710 7710 | 98.73 | Ecoli_0920_Taxon005_ NODE_3_length_487635_cov_38.8091_ID_146387
		Marking as insignificant: 505208 516655 | 23655 35102 | 11448 11448 | 98.45 | Ecoli_0920_Taxon005_ NODE_3_length_487635_cov_38.8091_ID_146387
		Marking as insignificant: 255790 273255 | 140875 158340 | 17466 17466 | 98.52 | Ecoli_0920_Taxon005_ NODE_3_length_487635_cov_38.8091_ID_146387
		Marking as insignificant: 462278 485936 | 23659 1 | 23659 23659 | 98.43 | Ecoli_0920_Taxon005_ NODE_3_length_487635_cov_38.8091_ID_146387
		Marking as insignificant: 319093 346758 | 204178 231843 | 27666 27666 | 98.59 | Ecoli_0920_Taxon005_ NODE_3_length_487635_cov_38.8091_ID_146387
		Marking as insignificant: 147914 184044 | 339722 303589 | 36131 36134 | 97.49 | Ecoli_0920_Taxon005_ NODE_3_length_487635_cov_38.8091_ID_146387
		Marking as insignificant: 273256 319092 | 204177 158341 | 45837 45837 | 98.42 | Ecoli_0920_Taxon005_ NODE_3_length_487635_cov_38.8091_ID_146387
		Marking as insignificant: 101995 147913 | 339723 385641 | 45919 45919 | 98.52 | Ecoli_0920_Taxon005_ NODE_3_length_487635_cov_38.8091_ID_146387
		Marking as insignificant: 191753 255790 | 295880 231843 | 64038 64038 | 98.52 | Ecoli_0920_Taxon005_ NODE_3_length_487635_cov_38.8091_ID_146387
		Marking as insignificant: 1 101994 | 487635 385642 | 101994 101994 | 98.29 | Ecoli_0920_Taxon005_ NODE_3_length_487635_cov_38.8091_ID_146387
		Marking as insignificant: 346758 452528 | 140875 35105 | 105771 105771 | 98.4 | Ecoli_0920_Taxon005_ NODE_3_length_487635_cov_38.8091_ID_146387
		One align captures most of this contig: 1 487632 | 487635 1 | 487632 487635 | 99.76 | Ecoli_0910_Taxon003_ NODE_3_length_487635_cov_38.8091_ID_146387

CONTIG: NODE_4_length_461322_cov_34.9202_ID_141706 (461322bp)
Top Length: 461322  Top ID: 99.84
		Marking as insignificant: 1769643 1770322 | 461322 460644 | 680 679 | 98.38 | Ecoli_0920_Taxon005_ NODE_4_length_461322_cov_34.9202_ID_141706
		Marking as insignificant: 1498878 1504280 | 208904 214306 | 5403 5403 | 98.19 | Ecoli_0920_Taxon005_ NODE_4_length_461322_cov_34.9202_ID_141706
		Marking as insignificant: 1781539 1792690 | 449501 460652 | 11152 11152 | 98.47 | Ecoli_0920_Taxon005_ NODE_4_length_461322_cov_34.9202_ID_141706
		Marking as insignificant: 1504279 1520265 | 230291 214305 | 15987 15987 | 98.39 | Ecoli_0920_Taxon005_ NODE_4_length_461322_cov_34.9202_ID_141706
		Marking as insignificant: 1520264 1541915 | 230290 251941 | 21652 21652 | 98.42 | Ecoli_0920_Taxon005_ NODE_4_length_461322_cov_34.9202_ID_141706
		Marking as insignificant: 1467783 1498878 | 208904 177809 | 31096 31096 | 98.31 | Ecoli_0920_Taxon005_ NODE_4_length_461322_cov_34.9202_ID_141706
		Marking as insignificant: 1541916 1635659 | 345685 251942 | 93744 93744 | 98.45 | Ecoli_0920_Taxon005_ NODE_4_length_461322_cov_34.9202_ID_141706
		Marking as insignificant: 1635660 1739474 | 345686 449500 | 103815 103815 | 98.44 | Ecoli_0920_Taxon005_ NODE_4_length_461322_cov_34.9202_ID_141706
		Marking as insignificant: 1289975 1467783 | 1 177809 | 177809 177809 | 98.36 | Ecoli_0920_Taxon005_ NODE_4_length_461322_cov_34.9202_ID_141706
		One align captures most of this contig: 1289975 1751296 | 1 461322 | 461322 461322 | 99.84 | Ecoli_0910_Taxon003_ NODE_4_length_461322_cov_34.9202_ID_141706

CONTIG: NODE_5_length_451329_cov_36.6607_ID_135130 (451329bp)
Top Length: 451329  Top ID: 99.81
		Marking as insignificant: 4028663 4030010 | 327176 328523 | 1348 1348 | 98.52 | Ecoli_0920_Taxon005_ NODE_5_length_451329_cov_36.6607_ID_135130
		Marking as insignificant: 4014655 4028662 | 451329 437322 | 14008 14008 | 98.27 | Ecoli_0920_Taxon005_ NODE_5_length_451329_cov_36.6607_ID_135130
		Marking as insignificant: 3963534 3986284 | 328524 351274 | 22751 22751 | 98.29 | Ecoli_0920_Taxon005_ NODE_5_length_451329_cov_36.6607_ID_135130
		Marking as insignificant: 3601010 3646198 | 105412 60224 | 45189 45189 | 98.41 | Ecoli_0920_Taxon005_ NODE_5_length_451329_cov_36.6607_ID_135130
		Marking as insignificant: 3540787 3601009 | 1 60223 | 60223 60223 | 98.45 | Ecoli_0920_Taxon005_ NODE_5_length_451329_cov_36.6607_ID_135130
		Marking as insignificant: 3867962 3954009 | 437321 351274 | 86048 86048 | 98.44 | Ecoli_0920_Taxon005_ NODE_5_length_451329_cov_36.6607_ID_135130
		Marking as insignificant: 3646201 3867961 | 105415 327175 | 221761 221761 | 98.34 | Ecoli_0920_Taxon005_ NODE_5_length_451329_cov_36.6607_ID_135130
		One align captures most of this contig: 3540787 3992115 | 1 451329 | 451329 451329 | 99.81 | Ecoli_0910_Taxon003_ NODE_5_length_451329_cov_36.6607_ID_135130

CONTIG: NODE_6_length_439363_cov_36.7833_ID_137493 (439363bp)
Top Length: 439363  Top ID: 99.75
		Marking as insignificant: 2386062 2392359 | 98329 104626 | 6298 6298 | 98.19 | Ecoli_0920_Taxon005_ NODE_6_length_439363_cov_36.7833_ID_137493
		Marking as insignificant: 2352342 2359771 | 151202 143773 | 7430 7430 | 98.61 | Ecoli_0920_Taxon005_ NODE_6_length_439363_cov_36.7833_ID_137493
		Marking as insignificant: 2155619 2166576 | 376465 387422 | 10958 10958 | 98.47 | Ecoli_0920_Taxon005_ NODE_6_length_439363_cov_36.7833_ID_137493
		Marking as insignificant: 2392360 2405215 | 143772 130917 | 12856 12856 | 98.16 | Ecoli_0920_Taxon005_ NODE_6_length_439363_cov_36.7833_ID_137493
		Marking as insignificant: 2334629 2352344 | 240633 258348 | 17716 17716 | 98.49 | Ecoli_0920_Taxon005_ NODE_6_length_439363_cov_36.7833_ID_137493
		Marking as insignificant: 2316281 2334628 | 258346 276693 | 18348 18348 | 98.43 | Ecoli_0920_Taxon005_ NODE_6_length_439363_cov_36.7833_ID_137493
		Marking as insignificant: 2166577 2192314 | 350727 376464 | 25738 25738 | 97.98 | Ecoli_0920_Taxon005_ NODE_6_length_439363_cov_36.7833_ID_137493
		Marking as insignificant: 2359772 2386062 | 104627 130917 | 26291 26291 | 98.44 | Ecoli_0920_Taxon005_ NODE_6_length_439363_cov_36.7833_ID_137493
		Marking as insignificant: 2192315 2226850 | 311229 276694 | 34536 34536 | 98.48 | Ecoli_0920_Taxon005_ NODE_6_length_439363_cov_36.7833_ID_137493
		Marking as insignificant: 2116122 2155618 | 350726 311230 | 39497 39497 | 98.37 | Ecoli_0920_Taxon005_ NODE_6_length_439363_cov_36.7833_ID_137493
		Marking as insignificant: 2064181 2116121 | 439363 387423 | 51941 51941 | 98.33 | Ecoli_0920_Taxon005_ NODE_6_length_439363_cov_36.7833_ID_137493
		Marking as insignificant: 2226851 2316283 | 240632 151200 | 89433 89433 | 98.37 | Ecoli_0920_Taxon005_ NODE_6_length_439363_cov_36.7833_ID_137493
		Marking as insignificant: 2405215 2503543 | 98329 1 | 98329 98329 | 98.31 | Ecoli_0920_Taxon005_ NODE_6_length_439363_cov_36.7833_ID_137493
		One align captures most of this contig: 2064181 2503543 | 439363 1 | 439363 439363 | 99.75 | Ecoli_0910_Taxon003_ NODE_6_length_439363_cov_36.7833_ID_137493

CONTIG: NODE_7_length_333130_cov_34.7646_ID_150993 (333130bp)
		This contig is unaligned. (333130 bp)
		Unaligned bases: 333130  total: 333130

CONTIG: NODE_8_length_330241_cov_41.6696_ID_149468 (330241bp)
Top Length: 325400  Top ID: 99.63
		Skipping redundant alignment 4316250 4489682 | 4842 178275 | 173433 173434 | 98.19 | Ecoli_0920_Taxon005_ NODE_8_length_330241_cov_41.6696_ID_149468
		Skipping redundant alignment 4489680 4490696 | 179289 178273 | 1017 1017 | 97.64 | Ecoli_0920_Taxon005_ NODE_8_length_330241_cov_41.6696_ID_149468
		Skipping redundant alignment 4490694 4641648 | 179287 330241 | 150955 150955 | 98.38 | Ecoli_0920_Taxon005_ NODE_8_length_330241_cov_41.6696_ID_149468
			Skipping redundant alignments after choosing the best set of alignments
		Skipping redundant alignment 4311346 4316124 | 1 4779 | 4779 4779 | 98.26 | Ecoli_0920_Taxon005_ NODE_8_length_330241_cov_41.6696_ID_149468
		This contig is misassembled. 6 total aligns.
			Real Alignment 1: 4311346 4316126 | 1 4781 | 4781 4781 | 100.0 | Ecoli_0910_Taxon003_ NODE_8_length_330241_cov_41.6696_ID_149468
			  Fake misassembly between these two alignments: inconsistency = 63 , gap in the contig is small or absent or filled mostly with Ns (long indel: deletion of length 63; 0 mismatches)
			Real Alignment 2: 4316250 4641648 | 4842 330241 | 325399 325400 | 99.63 | Ecoli_0910_Taxon003_ NODE_8_length_330241_cov_41.6696_ID_149468

CONTIG: NODE_9_length_321933_cov_38.1457_ID_152461 (321933bp)
Top Length: 321933  Top ID: 99.73
		Marking as insignificant: 2063342 2064539 | 305083 306280 | 1198 1198 | 95.16 | Ecoli_0910_Taxon003_ NODE_9_length_321933_cov_38.1457_ID_152461
		Marking as insignificant: 2063342 2064539 | 305083 306280 | 1198 1198 | 95.49 | Ecoli_0920_Taxon005_ NODE_9_length_321933_cov_38.1457_ID_152461
		Marking as insignificant: 4113417 4114676 | 63520 62261 | 1260 1260 | 95.48 | Ecoli_0920_Taxon005_ NODE_9_length_321933_cov_38.1457_ID_152461
		Marking as insignificant: 3466556 3468040 | 249143 247659 | 1485 1485 | 98.92 | Ecoli_0920_Taxon005_ NODE_9_length_321933_cov_38.1457_ID_152461
		Marking as insignificant: 3468041 3540830 | 249144 321933 | 72790 72790 | 98.3 | Ecoli_0920_Taxon005_ NODE_9_length_321933_cov_38.1457_ID_152461
		Marking as insignificant: 3389730 3466555 | 170833 247658 | 76826 76826 | 98.43 | Ecoli_0920_Taxon005_ NODE_9_length_321933_cov_38.1457_ID_152461
		Marking as insignificant: 3309157 3389729 | 170834 90262 | 80573 80573 | 98.45 | Ecoli_0920_Taxon005_ NODE_9_length_321933_cov_38.1457_ID_152461
		Marking as insignificant: 3218898 3309157 | 1 90260 | 90260 90260 | 98.17 | Ecoli_0920_Taxon005_ NODE_9_length_321933_cov_38.1457_ID_152461
		One align captures most of this contig: 3218898 3540830 | 1 321933 | 321933 321933 | 99.73 | Ecoli_0910_Taxon003_ NODE_9_length_321933_cov_38.1457_ID_152461

CONTIG: NODE_10_length_318078_cov_38.2463_ID_156804 (318078bp)
Top Length: 318078  Top ID: 99.76
		Marking as insignificant: 4113421 4114672 | 282725 281474 | 1252 1252 | 95.45 | Ecoli_0920_Taxon005_ NODE_10_length_318078_cov_38.2463_ID_156804
		Marking as insignificant: 4252205 4258478 | 243019 236746 | 6274 6274 | 98.04 | Ecoli_0920_Taxon005_ NODE_10_length_318078_cov_38.2463_ID_156804
		Marking as insignificant: 3954009 3963533 | 27771 37295 | 9525 9525 | 98.13 | Ecoli_0920_Taxon005_ NODE_10_length_318078_cov_38.2463_ID_156804
		Marking as insignificant: 4242430 4252205 | 243019 252794 | 9776 9776 | 98.19 | Ecoli_0920_Taxon005_ NODE_10_length_318078_cov_38.2463_ID_156804
		Marking as insignificant: 4107640 4120482 | 127767 114925 | 12843 12843 | 98.4 | Ecoli_0920_Taxon005_ NODE_10_length_318078_cov_38.2463_ID_156804
		Marking as insignificant: 4229461 4242430 | 265763 252794 | 12970 12970 | 98.35 | Ecoli_0920_Taxon005_ NODE_10_length_318078_cov_38.2463_ID_156804
		Marking as insignificant: 4204066 4229460 | 211351 236745 | 25395 25395 | 98.31 | Ecoli_0920_Taxon005_ NODE_10_length_318078_cov_38.2463_ID_156804
		Marking as insignificant: 3986284 4014054 | 27771 1 | 27771 27771 | 98.44 | Ecoli_0920_Taxon005_ NODE_10_length_318078_cov_38.2463_ID_156804
		Marking as insignificant: 4164848 4204062 | 211350 172136 | 39215 39215 | 98.41 | Ecoli_0920_Taxon005_ NODE_10_length_318078_cov_38.2463_ID_156804
		Marking as insignificant: 4120482 4164847 | 127767 172132 | 44366 44366 | 98.37 | Ecoli_0920_Taxon005_ NODE_10_length_318078_cov_38.2463_ID_156804
		Marking as insignificant: 4258479 4310793 | 265764 318078 | 52315 52315 | 98.19 | Ecoli_0920_Taxon005_ NODE_10_length_318078_cov_38.2463_ID_156804
		Marking as insignificant: 4030011 4107640 | 37296 114925 | 77630 77630 | 98.39 | Ecoli_0920_Taxon005_ NODE_10_length_318078_cov_38.2463_ID_156804
		One align captures most of this contig: 3992716 4310793 | 1 318078 | 318078 318078 | 99.76 | Ecoli_0910_Taxon003_ NODE_10_length_318078_cov_38.2463_ID_156804

CONTIG: NODE_11_length_315111_cov_35.3703_ID_155312 (315111bp)
		This contig is unaligned. (315111 bp)
		Unaligned bases: 315111  total: 648241

CONTIG: NODE_12_length_263950_cov_35.099_ID_164529 (263950bp)
Top Length: 903  Top ID: 95.68
			Skipping redundant alignments after choosing the best set of alignments
		Skipping redundant alignment 1880152 1881054 | 258769 259671 | 903 903 | 95.68 | Ecoli_0920_Taxon005_ NODE_12_length_263950_cov_35.099_ID_164529
		This contig is partially unaligned. (Aligned 903 out of 263950 bases)
		Alignment: 1898014 1898916 | 259671 258769 | 903 903 | 95.24 | Ecoli_0910_Taxon003_ NODE_12_length_263950_cov_35.099_ID_164529
		Unaligned bases: 1 to 258768 (258768)
		Unaligned bases: 259672 to 263950 (4279)
		This contig has both significant aligned and unaligned parts (of length >= min-contig)! It can contain interspecies translocations

CONTIG: NODE_13_length_223380_cov_35.1499_ID_161761 (223380bp)
		This contig is unaligned. (223380 bp)
		Unaligned bases: 223380  total: 871621

CONTIG: NODE_14_length_209836_cov_34.6516_ID_160045 (209836bp)
Top Length: 1204  Top ID: 95.6
			Skipping redundant alignments after choosing the best set of alignments
		Skipping redundant alignment 1971276 1972479 | 191813 193016 | 1204 1204 | 95.43 | Ecoli_0910_Taxon003_ NODE_14_length_209836_cov_34.6516_ID_160045
		This contig is misassembled. 4 total aligns.
			Warning! This contig is more unaligned than misassembled. Contig length is 209836 and total length of all aligns is 2273
		Alignment: 1850803 1850891 | 63448 63360 | 89 89 | 100.0 | Ecoli_0920_Taxon005_ NODE_14_length_209836_cov_34.6516_ID_160045
		Alignment: 2172867 2173846 | 93920 94899 | 980 980 | 95.31 | Ecoli_0920_Taxon005_ NODE_14_length_209836_cov_34.6516_ID_160045
		Alignment: 1971276 1972479 | 191813 193016 | 1204 1204 | 95.6 | Ecoli_0920_Taxon005_ NODE_14_length_209836_cov_34.6516_ID_160045
		Unaligned bases: 207563
		This contig has both significant aligned and unaligned parts (of length >= min-contig)! It can contain interspecies translocations
CONTIG: NODE_15_length_202650_cov_35.6859_ID_166820 (202650bp)
		This contig is unaligned. (202650 bp)
		Unaligned bases: 202650  total: 1074271

CONTIG: NODE_16_length_198255_cov_34.4565_ID_174700 (198255bp)
Top Length: 830  Top ID: 96.99
			Skipping redundant alignments after choosing the best set of alignments
		Skipping redundant alignment 450406 451235 | 50969 50140 | 830 830 | 96.87 | Ecoli_0920_Taxon005_ NODE_16_length_198255_cov_34.4565_ID_174700
		Skipping redundant alignment 4142277 4142379 | 198153 198255 | 103 103 | 96.12 | Ecoli_0920_Taxon005_ NODE_16_length_198255_cov_34.4565_ID_174700
		This contig is misassembled. 5 total aligns.
			Warning! This contig is more unaligned than misassembled. Contig length is 198255 and total length of all aligns is 1011
		Alignment: 450406 451235 | 50969 50140 | 830 830 | 96.99 | Ecoli_0910_Taxon003_ NODE_16_length_198255_cov_34.4565_ID_174700
		Alignment: 254023 254100 | 92555 92632 | 78 78 | 98.72 | Ecoli_0910_Taxon003_ NODE_16_length_198255_cov_34.4565_ID_174700
		Alignment: 4142277 4142379 | 198153 198255 | 103 103 | 97.09 | Ecoli_0910_Taxon003_ NODE_16_length_198255_cov_34.4565_ID_174700
		Unaligned bases: 197244
		This contig has both significant aligned and unaligned parts (of length >= min-contig)! It can contain interspecies translocations
CONTIG: NODE_17_length_181893_cov_34.6066_ID_169087 (181893bp)
Top Length: 181893  Top ID: 99.9
		Marking as insignificant: 1943092 1981723 | 120407 81776 | 38632 38632 | 98.47 | Ecoli_0920_Taxon005_ NODE_17_length_181893_cov_34.6066_ID_169087
		Marking as insignificant: 2023575 2063498 | 39924 1 | 39924 39924 | 98.5 | Ecoli_0920_Taxon005_ NODE_17_length_181893_cov_34.6066_ID_169087
		Marking as insignificant: 1981724 2023574 | 39925 81775 | 41851 41851 | 98.53 | Ecoli_0920_Taxon005_ NODE_17_length_181893_cov_34.6066_ID_169087
		Marking as insignificant: 1835977 1897462 | 120408 181893 | 61486 61486 | 98.41 | Ecoli_0920_Taxon005_ NODE_17_length_181893_cov_34.6066_ID_169087
		One align captures most of this contig: 1881606 2063498 | 181893 1 | 181893 181893 | 99.9 | Ecoli_0910_Taxon003_ NODE_17_length_181893_cov_34.6066_ID_169087

CONTIG: NODE_18_length_176518_cov_34.5652_ID_139546 (176518bp)
Top Length: 2929  Top ID: 95.08
		This contig is partially unaligned. (Aligned 2929 out of 176518 bases)
		Alignment: 1557191 1560119 | 100809 97881 | 2929 2929 | 95.08 | Ecoli_0920_Taxon005_ NODE_18_length_176518_cov_34.5652_ID_139546
		Unaligned bases: 1 to 97880 (97880)
		Unaligned bases: 100810 to 176518 (75709)
		This contig has both significant aligned and unaligned parts (of length >= min-contig)! It can contain interspecies translocations

CONTIG: NODE_19_length_175327_cov_34.5993_ID_140914 (175327bp)
		This contig is unaligned. (175327 bp)
		Unaligned bases: 175327  total: 1249598

CONTIG: NODE_20_length_165543_cov_35.8298_ID_133203 (165543bp)
Top Length: 1136  Top ID: 95.69
		This contig is partially unaligned. (Aligned 1136 out of 165543 bases)
		Alignment: 3104562 3105697 | 131837 132972 | 1136 1136 | 95.69 | Ecoli_0920_Taxon005_ NODE_20_length_165543_cov_35.8298_ID_133203
		Unaligned bases: 1 to 131836 (131836)
		Unaligned bases: 132973 to 165543 (32571)
		This contig has both significant aligned and unaligned parts (of length >= min-contig)! It can contain interspecies translocations

CONTIG: NODE_21_length_161095_cov_35.6181_ID_154477 (161095bp)
		This contig is unaligned. (161095 bp)
		Unaligned bases: 161095  total: 1410693

CONTIG: NODE_22_length_150041_cov_35.4569_ID_158696 (150041bp)
		This contig is unaligned. (150041 bp)
		Unaligned bases: 150041  total: 1560734

CONTIG: NODE_23_length_132333_cov_34.0554_ID_134610 (132333bp)
		This contig is unaligned. (132333 bp)
		Unaligned bases: 132333  total: 1693067

CONTIG: NODE_24_length_131793_cov_34.4501_ID_134060 (131793bp)
Top Length: 103  Top ID: 97.09
			Skipping redundant alignments after choosing the best set of alignments
		Skipping redundant alignment 4142277 4142379 | 131691 131793 | 103 103 | 96.12 | Ecoli_0920_Taxon005_ NODE_24_length_131793_cov_34.4501_ID_134060
		This contig is partially unaligned. (Aligned 103 out of 131793 bases)
		Alignment: 4142277 4142379 | 131691 131793 | 103 103 | 97.09 | Ecoli_0910_Taxon003_ NODE_24_length_131793_cov_34.4501_ID_134060
		Unaligned bases: 1 to 131690 (131690)

CONTIG: NODE_25_length_124745_cov_34.5459_ID_166152 (124745bp)
Top Length: 124745  Top ID: 99.9
		Marking as insignificant: 1901090 1907093 | 1 6004 | 6004 6004 | 98.6 | Ecoli_0920_Taxon005_ NODE_25_length_124745_cov_34.5459_ID_166152
		Marking as insignificant: 1770313 1781537 | 85289 96513 | 11225 11225 | 98.32 | Ecoli_0920_Taxon005_ NODE_25_length_124745_cov_34.5459_ID_166152
		Marking as insignificant: 1907093 1923952 | 22863 6004 | 16860 16860 | 98.45 | Ecoli_0920_Taxon005_ NODE_25_length_124745_cov_34.5459_ID_166152
		Marking as insignificant: 1923952 1943091 | 22863 42002 | 19140 19140 | 98.42 | Ecoli_0920_Taxon005_ NODE_25_length_124745_cov_34.5459_ID_166152
		Marking as insignificant: 1739473 1767705 | 96513 124745 | 28233 28233 | 98.51 | Ecoli_0920_Taxon005_ NODE_25_length_124745_cov_34.5459_ID_166152
		Marking as insignificant: 1792682 1835976 | 85298 42003 | 43295 43296 | 98.42 | Ecoli_0920_Taxon005_ NODE_25_length_124745_cov_34.5459_ID_166152
		One align captures most of this contig: 1753234 1877978 | 124745 1 | 124745 124745 | 99.9 | Ecoli_0910_Taxon003_ NODE_25_length_124745_cov_34.5459_ID_166152

CONTIG: NODE_26_length_123039_cov_34.3332_ID_140336 (123039bp)
		This contig is unaligned. (123039 bp)
		Unaligned bases: 123039  total: 1816106

CONTIG: NODE_27_length_120439_cov_43.3712_ID_163899 (120439bp)
Top Length: 120439  Top ID: 99.56
		Marking as insignificant: 679019 679430 | 120439 120028 | 412 412 | 99.51 | Ecoli_0920_Taxon005_ NODE_27_length_120439_cov_43.3712_ID_163899
		Marking as insignificant: 452531 462278 | 24434 14687 | 9748 9748 | 97.57 | Ecoli_0920_Taxon005_ NODE_27_length_120439_cov_43.3712_ID_163899
		Marking as insignificant: 490526 505212 | 1 14687 | 14687 14687 | 98.36 | Ecoli_0920_Taxon005_ NODE_27_length_120439_cov_43.3712_ID_163899
		Marking as insignificant: 594764 612248 | 102543 120027 | 17485 17485 | 98.18 | Ecoli_0920_Taxon005_ NODE_27_length_120439_cov_43.3712_ID_163899
		Marking as insignificant: 574844 594763 | 102542 82623 | 19920 19920 | 98.67 | Ecoli_0920_Taxon005_ NODE_27_length_120439_cov_43.3712_ID_163899
		Marking as insignificant: 516655 574843 | 24434 82622 | 58189 58189 | 98.09 | Ecoli_0920_Taxon005_ NODE_27_length_120439_cov_43.3712_ID_163899
		One align captures most of this contig: 492222 612660 | 1 120439 | 120439 120439 | 99.56 | Ecoli_0910_Taxon003_ NODE_27_length_120439_cov_43.3712_ID_163899

CONTIG: NODE_28_length_117612_cov_35.4998_ID_148473 (117612bp)
Top Length: 2106  Top ID: 95.44
		This contig is misassembled. 3 total aligns.
			Warning! This contig is more unaligned than misassembled. Contig length is 117612 and total length of all aligns is 3458
		Alignment: 2607037 2608321 | 15287 14003 | 1285 1285 | 95.1 | Ecoli_0920_Taxon005_ NODE_28_length_117612_cov_35.4998_ID_148473
		Alignment: 2586701 2588806 | 31685 33790 | 2106 2106 | 95.44 | Ecoli_0920_Taxon005_ NODE_28_length_117612_cov_35.4998_ID_148473
		Alignment: 4274186 4274252 | 117546 117612 | 67 67 | 100.0 | Ecoli_0920_Taxon005_ NODE_28_length_117612_cov_35.4998_ID_148473
		Unaligned bases: 114154
		This contig has both significant aligned and unaligned parts (of length >= min-contig)! It can contain interspecies translocations
CONTIG: NODE_29_length_109247_cov_36.098_ID_162848 (109247bp)
Top Length: 1867  Top ID: 95.34
			Skipping redundant alignments after choosing the best set of alignments
		Skipping redundant alignment 1270368 1270457 | 109247 109158 | 90 90 | 98.89 | Ecoli_0920_Taxon005_ NODE_29_length_109247_cov_36.098_ID_162848
		This contig is misassembled. 3 total aligns.
			Warning! This contig is more unaligned than misassembled. Contig length is 109247 and total length of all aligns is 1957
		Alignment: 826259 828125 | 69794 67928 | 1867 1867 | 95.34 | Ecoli_0920_Taxon005_ NODE_29_length_109247_cov_36.098_ID_162848
		Alignment: 1270368 1270457 | 109247 109158 | 90 90 | 97.78 | Ecoli_0910_Taxon003_ NODE_29_length_109247_cov_36.098_ID_162848
		Unaligned bases: 107290
		This contig has both significant aligned and unaligned parts (of length >= min-contig)! It can contain interspecies translocations
CONTIG: NODE_30_length_101507_cov_40.305_ID_168372 (101507bp)
Top Length: 101503  Top ID: 99.7
		Marking as insignificant: 2063345 2064540 | 53409 54604 | 1196 1196 | 95.23 | Ecoli_0920_Taxon005_ NODE_30_length_101507_cov_40.305_ID_168372
		Marking as insignificant: 1173543 1179099 | 94916 89360 | 5557 5557 | 98.2 | Ecoli_0920_Taxon005_ NODE_30_length_101507_cov_40.305_ID_168372
		Marking as insignificant: 1081867 1088453 | 94917 101503 | 6587 6587 | 98.12 | Ecoli_0920_Taxon005_ NODE_30_length_101507_cov_40.305_ID_168372
		Marking as insignificant: 1227950 1268458 | 40509 1 | 40509 40509 | 98.23 | Ecoli_0920_Taxon005_ NODE_30_length_101507_cov_40.305_ID_168372
		Marking as insignificant: 1179090 1227958 | 40501 89369 | 48869 48869 | 98.22 | Ecoli_0920_Taxon005_ NODE_30_length_101507_cov_40.305_ID_168372
		One align captures most of this contig: 1166956 1268458 | 101503 1 | 101503 101503 | 99.7 | Ecoli_0910_Taxon003_ NODE_30_length_101507_cov_40.305_ID_168372

CONTIG: NODE_31_length_100285_cov_35.5084_ID_149028 (100285bp)
		This contig is unaligned. (100285 bp)
		Unaligned bases: 100285  total: 1916391

CONTIG: NODE_32_length_95017_cov_35.159_ID_171352 (95017bp)
Top Length: 90  Top ID: 98.89
			Skipping redundant alignments after choosing the best set of alignments
		Skipping redundant alignment 1270368 1270457 | 95017 94928 | 90 90 | 98.89 | Ecoli_0920_Taxon005_ NODE_32_length_95017_cov_35.159_ID_171352
		This contig is partially unaligned. (Aligned 90 out of 95017 bases)
		Alignment: 1270368 1270457 | 95017 94928 | 90 90 | 97.78 | Ecoli_0910_Taxon003_ NODE_32_length_95017_cov_35.159_ID_171352
		Unaligned bases: 1 to 94927 (94927)

CONTIG: NODE_33_length_86002_cov_35.5602_ID_163434 (86002bp)
		This contig is unaligned. (86002 bp)
		Unaligned bases: 86002  total: 2002393

CONTIG: NODE_34_length_81925_cov_34.7506_ID_154052 (81925bp)
		This contig is unaligned. (81925 bp)
		Unaligned bases: 81925  total: 2084318

CONTIG: NODE_35_length_80607_cov_35.1826_ID_169709 (80607bp)
		This contig is unaligned. (80607 bp)
		Unaligned bases: 80607  total: 2164925

CONTIG: NODE_36_length_78609_cov_35.8181_ID_170436 (78609bp)
		This contig is unaligned. (78609 bp)
		Unaligned bases: 78609  total: 2243534

CONTIG: NODE_37_length_71476_cov_34.573_ID_165720 (71476bp)
		This contig is unaligned. (71476 bp)
		Unaligned bases: 71476  total: 2315010

CONTIG: NODE_38_length_66560_cov_35.6634_ID_137090 (66560bp)
Top Length: 92  Top ID: 98.91
			Skipping redundant alignments after choosing the best set of alignments
		Skipping redundant alignment 1270368 1270459 | 66560 66469 | 92 92 | 98.91 | Ecoli_0920_Taxon005_ NODE_38_length_66560_cov_35.6634_ID_137090
		This contig is partially unaligned. (Aligned 92 out of 66560 bases)
		Alignment: 1270368 1270459 | 66560 66469 | 92 92 | 97.83 | Ecoli_0910_Taxon003_ NODE_38_length_66560_cov_35.6634_ID_137090
		Unaligned bases: 1 to 66468 (66468)

CONTIG: NODE_39_length_56650_cov_35.1623_ID_173595 (56650bp)
Top Length: 90  Top ID: 98.89
			Skipping redundant alignments after choosing the best set of alignments
		Skipping redundant alignment 1270368 1270457 | 56650 56561 | 90 90 | 98.89 | Ecoli_0920_Taxon005_ NODE_39_length_56650_cov_35.1623_ID_173595
		This contig is partially unaligned. (Aligned 90 out of 56650 bases)
		Alignment: 1270368 1270457 | 56650 56561 | 90 90 | 97.78 | Ecoli_0910_Taxon003_ NODE_39_length_56650_cov_35.1623_ID_173595
		Unaligned bases: 1 to 56560 (56560)

CONTIG: NODE_40_length_55678_cov_34.2792_ID_169416 (55678bp)
Top Length: 55678  Top ID: 99.9
		Marking as insignificant: 2606053 2608321 | 1 2269 | 2269 2269 | 97.88 | Ecoli_0920_Taxon005_ NODE_40_length_55678_cov_34.2792_ID_169416
		Marking as insignificant: 2504509 2557917 | 55678 2270 | 53409 53409 | 98.53 | Ecoli_0920_Taxon005_ NODE_40_length_55678_cov_34.2792_ID_169416
		One align captures most of this contig: 2504509 2560186 | 55678 1 | 55678 55678 | 99.9 | Ecoli_0910_Taxon003_ NODE_40_length_55678_cov_34.2792_ID_169416

CONTIG: NODE_41_length_50677_cov_35.0434_ID_170117 (50677bp)
		This contig is unaligned. (50677 bp)
		Unaligned bases: 50677  total: 2365687

CONTIG: NODE_42_length_43530_cov_36.9968_ID_168152 (43530bp)
		This contig is unaligned. (43530 bp)
		Unaligned bases: 43530  total: 2409217

CONTIG: NODE_43_length_40639_cov_34.1215_ID_174127 (40639bp)
Top Length: 90  Top ID: 98.89
			Skipping redundant alignments after choosing the best set of alignments
		Skipping redundant alignment 1270368 1270457 | 1 90 | 90 90 | 98.89 | Ecoli_0920_Taxon005_ NODE_43_length_40639_cov_34.1215_ID_174127
		This contig is partially unaligned. (Aligned 90 out of 40639 bases)
		Alignment: 1270368 1270457 | 1 90 | 90 90 | 97.78 | Ecoli_0910_Taxon003_ NODE_43_length_40639_cov_34.1215_ID_174127
		Unaligned bases: 91 to 40639 (40549)

CONTIG: NODE_44_length_40260_cov_34.1833_ID_158454 (40260bp)
		This contig is unaligned. (40260 bp)
		Unaligned bases: 40260  total: 2449477

CONTIG: NODE_45_length_36823_cov_43.7112_ID_173135 (36823bp)
Top Length: 90  Top ID: 98.89
			Skipping redundant alignments after choosing the best set of alignments
		Skipping redundant alignment 1270368 1270457 | 36823 36734 | 90 90 | 98.89 | Ecoli_0920_Taxon005_ NODE_45_length_36823_cov_43.7112_ID_173135
		This contig is partially unaligned. (Aligned 90 out of 36823 bases)
		Alignment: 1270368 1270457 | 36823 36734 | 90 90 | 97.78 | Ecoli_0910_Taxon003_ NODE_45_length_36823_cov_43.7112_ID_173135
		Unaligned bases: 1 to 36733 (36733)

CONTIG: NODE_46_length_35537_cov_36.0542_ID_171017 (35537bp)
		This contig is unaligned. (35537 bp)
		Unaligned bases: 35537  total: 2485014

CONTIG: NODE_47_length_33289_cov_36.4437_ID_173906 (33289bp)
		This contig is unaligned. (33289 bp)
		Unaligned bases: 33289  total: 2518303

CONTIG: NODE_48_length_33179_cov_35.4049_ID_175032 (33179bp)
		This contig is unaligned. (33179 bp)
		Unaligned bases: 33179  total: 2551482

CONTIG: NODE_49_length_31476_cov_34.506_ID_172139 (31476bp)
		This contig is unaligned. (31476 bp)
		Unaligned bases: 31476  total: 2582958

CONTIG: NODE_50_length_30273_cov_35.9797_ID_172926 (30273bp)
		This contig is unaligned. (30273 bp)
		Unaligned bases: 30273  total: 2613231

CONTIG: NODE_51_length_29580_cov_39.4113_ID_175651 (29580bp)
		This contig is unaligned. (29580 bp)
		Unaligned bases: 29580  total: 2642811

CONTIG: NODE_52_length_29462_cov_35.0693_ID_168953 (29462bp)
Top Length: 29460  Top ID: 99.81
		Marking as insignificant: 647782 677241 | 29460 1 | 29460 29460 | 98.45 | Ecoli_0920_Taxon005_ NODE_52_length_29462_cov_35.0693_ID_168953
		One align captures most of this contig: 614438 643897 | 1 29460 | 29460 29460 | 99.81 | Ecoli_0910_Taxon003_ NODE_52_length_29462_cov_35.0693_ID_168953

CONTIG: NODE_53_length_28380_cov_34.6001_ID_173415 (28380bp)
		This contig is unaligned. (28380 bp)
		Unaligned bases: 28380  total: 2671191

CONTIG: NODE_54_length_27820_cov_34.0904_ID_175492 (27820bp)
Top Length: 27820  Top ID: 99.99
		Marking as insignificant: 1162482 1163399 | 27820 26903 | 918 918 | 98.37 | Ecoli_0920_Taxon005_ NODE_54_length_27820_cov_34.0904_ID_175492
		Marking as insignificant: 1091156 1118058 | 1 26903 | 26903 26903 | 98.52 | Ecoli_0920_Taxon005_ NODE_54_length_27820_cov_34.0904_ID_175492
		One align captures most of this contig: 1136434 1164253 | 27820 1 | 27820 27820 | 99.99 | Ecoli_0910_Taxon003_ NODE_54_length_27820_cov_34.0904_ID_175492

CONTIG: NODE_55_length_25700_cov_34.5947_ID_172677 (25700bp)
		This contig is unaligned. (25700 bp)
		Unaligned bases: 25700  total: 2696891

CONTIG: NODE_56_length_23337_cov_35.0504_ID_175311 (23337bp)
		This contig is unaligned. (23337 bp)
		Unaligned bases: 23337  total: 2720228

CONTIG: NODE_57_length_22868_cov_34.4417_ID_174375 (22868bp)
		This contig is unaligned. (22868 bp)
		Unaligned bases: 22868  total: 2743096

CONTIG: NODE_58_length_16214_cov_35.569_ID_166703 (16214bp)
Top Length: 16214  Top ID: 99.82
		Marking as insignificant: 1271219 1287432 | 16214 1 | 16214 16214 | 98.41 | Ecoli_0920_Taxon005_ NODE_58_length_16214_cov_35.569_ID_166703
		One align captures most of this contig: 1271219 1287432 | 16214 1 | 16214 16214 | 99.82 | Ecoli_0910_Taxon003_ NODE_58_length_16214_cov_35.569_ID_166703

CONTIG: NODE_59_length_15259_cov_36.8202_ID_171983 (15259bp)
		This contig is unaligned. (15259 bp)
		Unaligned bases: 15259  total: 2758355

CONTIG: NODE_60_length_13907_cov_35.2868_ID_176289 (13907bp)
		This contig is unaligned. (13907 bp)
		Unaligned bases: 13907  total: 2772262

CONTIG: NODE_61_length_13661_cov_44.5628_ID_171214 (13661bp)
Top Length: 171  Top ID: 95.91
		This contig is partially unaligned. (Aligned 171 out of 13661 bases)
		Alignment: 4310568 4310738 | 1447 1617 | 171 171 | 95.91 | Ecoli_0920_Taxon005_ NODE_61_length_13661_cov_44.5628_ID_171214
		Unaligned bases: 1 to 1446 (1446)
		Unaligned bases: 1618 to 13661 (12044)

CONTIG: NODE_62_length_10620_cov_36.2013_ID_170862 (10620bp)
		This contig is unaligned. (10620 bp)
		Unaligned bases: 10620  total: 2782882

CONTIG: NODE_63_length_9438_cov_40.9393_ID_174522 (9438bp)
Top Length: 1402  Top ID: 97.5
			Skipping redundant alignments after choosing the best set of alignments
		Skipping redundant alignment 4253046 4254452 | 1 1407 | 1407 1407 | 96.59 | Ecoli_0920_Taxon005_ NODE_63_length_9438_cov_40.9393_ID_174522
		This contig is partially unaligned. (Aligned 1402 out of 9438 bases)
		Alignment: 4233492 4234893 | 1402 1 | 1402 1402 | 97.5 | Ecoli_0910_Taxon003_ NODE_63_length_9438_cov_40.9393_ID_174522
		Unaligned bases: 1403 to 9438 (8036)
		This contig has both significant aligned and unaligned parts (of length >= min-contig)! It can contain interspecies translocations

CONTIG: NODE_64_length_9250_cov_34.5001_ID_174595 (9250bp)
Top Length: 67  Top ID: 100.0
		This contig is partially unaligned. (Aligned 67 out of 9250 bases)
		Alignment: 4274186 4274252 | 9184 9250 | 67 67 | 100.0 | Ecoli_0920_Taxon005_ NODE_64_length_9250_cov_34.5001_ID_174595
		Unaligned bases: 1 to 9183 (9183)

CONTIG: NODE_65_length_8104_cov_33.8786_ID_171894 (8104bp)
		This contig is unaligned. (8104 bp)
		Unaligned bases: 8104  total: 2790986

CONTIG: NODE_66_length_6678_cov_31.0214_ID_172860 (6678bp)
Top Length: 67  Top ID: 100.0
		This contig is partially unaligned. (Aligned 67 out of 6678 bases)
		Alignment: 4274186 4274252 | 6612 6678 | 67 67 | 100.0 | Ecoli_0920_Taxon005_ NODE_66_length_6678_cov_31.0214_ID_172860
		Unaligned bases: 1 to 6611 (6611)

CONTIG: NODE_67_length_4342_cov_32.8995_ID_176411 (4342bp)
		This contig is unaligned. (4342 bp)
		Unaligned bases: 4342  total: 2795328

CONTIG: NODE_68_length_4206_cov_37.9017_ID_175962 (4206bp)
Top Length: 87  Top ID: 98.85
			Skipping redundant alignments after choosing the best set of alignments
		Skipping redundant alignment 1270368 1270454 | 1 87 | 87 87 | 98.85 | Ecoli_0920_Taxon005_ NODE_68_length_4206_cov_37.9017_ID_175962
		This contig is partially unaligned. (Aligned 87 out of 4206 bases)
		Alignment: 1270368 1270454 | 1 87 | 87 87 | 97.7 | Ecoli_0910_Taxon003_ NODE_68_length_4206_cov_37.9017_ID_175962
		Unaligned bases: 88 to 4206 (4119)

CONTIG: NODE_69_length_3565_cov_33.5077_ID_168098 (3565bp)
		This contig is unaligned. (3565 bp)
		Unaligned bases: 3565  total: 2798893

CONTIG: NODE_70_length_1829_cov_31.6567_ID_175919 (1829bp)
		This contig is unaligned. (1829 bp)
		Unaligned bases: 1829  total: 2800722

CONTIG: NODE_71_length_1510_cov_54.7402_ID_176371 (1510bp)
Top Length: 1510  Top ID: 96.62
		This contig has 2 significant alignments. [An ambiguously mapped contig]
		Using all these alignments (option --ambiguity-usage is set to "all"):
		Alignment: 1134777 1136286 | 1 1510 | 1510 1510 | 96.62 | Ecoli_0910_Taxon003_ NODE_71_length_1510_cov_54.7402_ID_176371
		Alignment: 1160825 1162334 | 1 1510 | 1510 1510 | 95.89 | Ecoli_0920_Taxon005_ NODE_71_length_1510_cov_54.7402_ID_176371

CONTIG: NODE_72_length_1233_cov_34.5832_ID_176433 (1233bp)
		This contig is unaligned. (1233 bp)
		Unaligned bases: 1233  total: 2801955

CONTIG: NODE_73_length_1232_cov_45.5981_ID_176015 (1232bp)
		This contig is unaligned. (1232 bp)
		Unaligned bases: 1232  total: 2803187

CONTIG: NODE_74_length_1150_cov_31.1361_ID_176471 (1150bp)
		This contig is unaligned. (1150 bp)
		Unaligned bases: 1150  total: 2804337

CONTIG: NODE_75_length_1140_cov_35.33_ID_176459 (1140bp)
		This contig is unaligned. (1140 bp)
		Unaligned bases: 1140  total: 2805477

CONTIG: NODE_76_length_1121_cov_69.6904_ID_176299 (1121bp)
		This contig is unaligned. (1121 bp)
		Unaligned bases: 1121  total: 2806598

CONTIG: NODE_77_length_1019_cov_30.9232_ID_176405 (1019bp)
		This contig is unaligned. (1019 bp)
		Unaligned bases: 1019  total: 2807617

CONTIG: NODE_78_length_1001_cov_54.5_ID_176381 (1001bp)
Top Length: 1001  Top ID: 95.2
		One align captures most of this contig: 1289029 1290029 | 1 1001 | 1001 1001 | 95.2 | Ecoli_0920_Taxon005_ NODE_78_length_1001_cov_54.5_ID_176381

CONTIG: NODE_79_length_936_cov_54.16_ID_176375 (936bp)
Top Length: 935  Top ID: 96.79
		This contig has 2 significant alignments. [An ambiguously mapped contig]
		Using all these alignments (option --ambiguity-usage is set to "all"):
		Alignment: 1270339 1271273 | 2 936 | 935 935 | 96.79 | Ecoli_0920_Taxon005_ NODE_79_length_936_cov_54.16_ID_176375
		Alignment: 1270339 1271273 | 2 936 | 935 935 | 96.36 | Ecoli_0910_Taxon003_ NODE_79_length_936_cov_54.16_ID_176375

CONTIG: NODE_80_length_911_cov_54.0023_ID_176377 (911bp)
Top Length: 911  Top ID: 99.67
		Marking as insignificant: 1268404 1269314 | 1 911 | 911 911 | 98.57 | Ecoli_0920_Taxon005_ NODE_80_length_911_cov_54.0023_ID_176377
		One align captures most of this contig: 1268404 1269314 | 1 911 | 911 911 | 99.67 | Ecoli_0910_Taxon003_ NODE_80_length_911_cov_54.0023_ID_176377

CONTIG: NODE_81_length_850_cov_33.3824_ID_176435 (850bp)
Top Length: 850  Top ID: 100.0
		This contig has 2 significant alignments. [An ambiguously mapped contig]
		Using all these alignments (option --ambiguity-usage is set to "all"):
		Alignment: 1752439 1753288 | 850 1 | 850 850 | 100.0 | Ecoli_0910_Taxon003_ NODE_81_length_850_cov_33.3824_ID_176435
		Alignment: 1767651 1768500 | 1 850 | 850 850 | 99.29 | Ecoli_0920_Taxon005_ NODE_81_length_850_cov_33.3824_ID_176435

CONTIG: NODE_82_length_826_cov_59.7367_ID_176373 (826bp)
		This contig is unaligned. (826 bp)
		Unaligned bases: 826  total: 2808443

CONTIG: NODE_83_length_823_cov_27.9844_ID_176453 (823bp)
		This contig is unaligned. (823 bp)
		Unaligned bases: 823  total: 2809266

CONTIG: NODE_84_length_771_cov_33.7919_ID_176395 (771bp)
		This contig is unaligned. (771 bp)
		Unaligned bases: 771  total: 2810037

CONTIG: NODE_85_length_738_cov_28.1391_ID_176431 (738bp)
Top Length: 738  Top ID: 100.0
		Marking as insignificant: 1768456 1769193 | 1 738 | 738 738 | 97.43 | Ecoli_0920_Taxon005_ NODE_85_length_738_cov_28.1391_ID_176431
		One align captures most of this contig: 1751746 1752483 | 738 1 | 738 738 | 100.0 | Ecoli_0910_Taxon003_ NODE_85_length_738_cov_28.1391_ID_176431

CONTIG: NODE_86_length_641_cov_35.1297_ID_176455 (641bp)
		This contig is unaligned. (641 bp)
		Unaligned bases: 641  total: 2810678

CONTIG: NODE_87_length_632_cov_268.612_ID_176287 (632bp)
		This contig is unaligned. (632 bp)
		Unaligned bases: 632  total: 2811310

CONTIG: NODE_88_length_508_cov_35.2737_ID_176417 (508bp)
		This contig is unaligned. (508 bp)
		Unaligned bases: 508  total: 2811818

CONTIG: NODE_89_length_502_cov_31.1946_ID_176409 (502bp)
		This contig is unaligned. (502 bp)
		Unaligned bases: 502  total: 2812320

Analyzing coverage...
Writing SNPs into /net/metagenomics/projects/afritz_assemblies/Similarity_Experiment/Ecoli_OneTree/metaquast_consensus_spades/Ecoli_0910/combined_reference/contigs_reports/nucmer_output/scaffolds.used_snps
	Reference Ecoli_0910_Taxon003_: 36 total alignments. 1 total regions.
		Region: 1 to 4641652 (4641652 bp)
			Align 1: 1 487632 NODE_3_length_487635_cov_38.8091_ID_146387 487635 1
				The next alignment (254023 254100 NODE_16_length_198255_cov_34.4565_ID_174700 92555 92632) is redundant. Skipping.
				The next alignment (450406 451235 NODE_16_length_198255_cov_34.4565_ID_174700 50969 50140) is redundant. Skipping.
				Gap between this and next alignment: 487632 to 492222 (4589 bp)
				Next Alignment: 492222 612660 NODE_27_length_120439_cov_43.3712_ID_163899 1 120439

			Align 4: 492222 612660 NODE_27_length_120439_cov_43.3712_ID_163899 1 120439
				Gap between this and next alignment: 612660 to 614438 (1777 bp)
				Next Alignment: 614438 643897 NODE_52_length_29462_cov_35.0693_ID_168953 1 29460

			Align 5: 614438 643897 NODE_52_length_29462_cov_35.0693_ID_168953 1 29460
				Gap between this and next alignment: 643897 to 646132 (2234 bp)
				Next Alignment: 646132 1134831 NODE_2_length_488701_cov_38.3303_ID_143632 1 488701

			Align 6: 646132 1134831 NODE_2_length_488701_cov_38.3303_ID_143632 1 488701
				Negative gap (overlap) between this and next alignment: 1134831 to 1134777 (-54 bp)
				Next Alignment: 1134777 1136286 NODE_71_length_1510_cov_54.7402_ID_176371 1 1510

			Previous gap was negative, modifying coordinates to ignore overlap
				Moving contig start from 1 to 56.
			Align 7: 1134832 1136286 NODE_71_length_1510_cov_54.7402_ID_176371 56 1510
				Gap between this and next alignment: 1136286 to 1136434 (147 bp)
				Next Alignment: 1136434 1164253 NODE_54_length_27820_cov_34.0904_ID_175492 27820 1

			Align 8: 1136434 1164253 NODE_54_length_27820_cov_34.0904_ID_175492 27820 1
				Gap between this and next alignment: 1164253 to 1166956 (2702 bp)
				Next Alignment: 1166956 1268458 NODE_30_length_101507_cov_40.305_ID_168372 101503 1

			Align 9: 1166956 1268458 NODE_30_length_101507_cov_40.305_ID_168372 101503 1
				Negative gap (overlap) between this and next alignment: 1268458 to 1268404 (-54 bp)
				Next Alignment: 1268404 1269314 NODE_80_length_911_cov_54.0023_ID_176377 1 911

			Previous gap was negative, modifying coordinates to ignore overlap
				Moving contig start from 1 to 56.
			Align 10: 1268459 1269314 NODE_80_length_911_cov_54.0023_ID_176377 56 911
				Gap between this and next alignment: 1269314 to 1270339 (1024 bp)
				Next Alignment: 1270339 1271273 NODE_79_length_936_cov_54.16_ID_176375 2 936

			Align 11: 1270339 1271273 NODE_79_length_936_cov_54.16_ID_176375 2 936
				The next alignment (1270368 1270457 NODE_29_length_109247_cov_36.098_ID_162848 109247 109158) is redundant. Skipping.
				The next alignment (1270368 1270457 NODE_32_length_95017_cov_35.159_ID_171352 95017 94928) is redundant. Skipping.
				The next alignment (1270368 1270459 NODE_38_length_66560_cov_35.6634_ID_137090 66560 66469) is redundant. Skipping.
				The next alignment (1270368 1270457 NODE_39_length_56650_cov_35.1623_ID_173595 56650 56561) is redundant. Skipping.
				The next alignment (1270368 1270457 NODE_43_length_40639_cov_34.1215_ID_174127 1 90) is redundant. Skipping.
				The next alignment (1270368 1270457 NODE_45_length_36823_cov_43.7112_ID_173135 36823 36734) is redundant. Skipping.
				The next alignment (1270368 1270454 NODE_68_length_4206_cov_37.9017_ID_175962 1 87) is redundant. Skipping.
				Negative gap (overlap) between this and next alignment: 1271273 to 1271219 (-54 bp)
				Next Alignment: 1271219 1287432 NODE_58_length_16214_cov_35.569_ID_166703 16214 1

			Previous gap was negative, modifying coordinates to ignore overlap
				Moving contig start from 16214 to 16159.
			Align 19: 1271274 1287432 NODE_58_length_16214_cov_35.569_ID_166703 16159 1
				Gap between this and next alignment: 1287432 to 1289975 (2542 bp)
				Next Alignment: 1289975 1751296 NODE_4_length_461322_cov_34.9202_ID_141706 1 461322

			Align 20: 1289975 1751296 NODE_4_length_461322_cov_34.9202_ID_141706 1 461322
				Gap between this and next alignment: 1751296 to 1751746 (449 bp)
				Next Alignment: 1751746 1752483 NODE_85_length_738_cov_28.1391_ID_176431 738 1

			Align 21: 1751746 1752483 NODE_85_length_738_cov_28.1391_ID_176431 738 1
				Negative gap (overlap) between this and next alignment: 1752483 to 1752439 (-44 bp)
				Next Alignment: 1752439 1753288 NODE_81_length_850_cov_33.3824_ID_176435 850 1

			Previous gap was negative, modifying coordinates to ignore overlap
				Moving contig start from 850 to 805.
			Align 22: 1752484 1753288 NODE_81_length_850_cov_33.3824_ID_176435 805 1
				Negative gap (overlap) between this and next alignment: 1753288 to 1753234 (-54 bp)
				Next Alignment: 1753234 1877978 NODE_25_length_124745_cov_34.5459_ID_166152 124745 1

			Previous gap was negative, modifying coordinates to ignore overlap
				Moving contig start from 124745 to 124690.
			Align 23: 1753289 1877978 NODE_25_length_124745_cov_34.5459_ID_166152 124690 1
				Gap between this and next alignment: 1877978 to 1881606 (3627 bp)
				Next Alignment: 1881606 2063498 NODE_17_length_181893_cov_34.6066_ID_169087 181893 1

			Align 24: 1881606 2063498 NODE_17_length_181893_cov_34.6066_ID_169087 181893 1
				The next alignment (1898014 1898916 NODE_12_length_263950_cov_35.099_ID_164529 259671 258769) is redundant. Skipping.
				Gap between this and next alignment: 2063498 to 2064181 (682 bp)
				Next Alignment: 2064181 2503543 NODE_6_length_439363_cov_36.7833_ID_137493 439363 1

			Align 26: 2064181 2503543 NODE_6_length_439363_cov_36.7833_ID_137493 439363 1
				Gap between this and next alignment: 2503543 to 2504509 (965 bp)
				Next Alignment: 2504509 2560186 NODE_40_length_55678_cov_34.2792_ID_169416 55678 1

			Align 27: 2504509 2560186 NODE_40_length_55678_cov_34.2792_ID_169416 55678 1
				Gap between this and next alignment: 2560186 to 2560690 (503 bp)
				Next Alignment: 2560690 3218510 NODE_1_length_657825_cov_35.2528_ID_172338 657825 1

			Align 28: 2560690 3218510 NODE_1_length_657825_cov_35.2528_ID_172338 657825 1
				Gap between this and next alignment: 3218510 to 3218898 (387 bp)
				Next Alignment: 3218898 3540830 NODE_9_length_321933_cov_38.1457_ID_152461 1 321933

			Align 29: 3218898 3540830 NODE_9_length_321933_cov_38.1457_ID_152461 1 321933
				Negative gap (overlap) between this and next alignment: 3540830 to 3540787 (-43 bp)
				Next Alignment: 3540787 3992115 NODE_5_length_451329_cov_36.6607_ID_135130 1 451329

			Previous gap was negative, modifying coordinates to ignore overlap
				Moving contig start from 1 to 45.
			Align 30: 3540831 3992115 NODE_5_length_451329_cov_36.6607_ID_135130 45 451329
				Gap between this and next alignment: 3992115 to 3992716 (600 bp)
				Next Alignment: 3992716 4310793 NODE_10_length_318078_cov_38.2463_ID_156804 1 318078

			Align 31: 3992716 4310793 NODE_10_length_318078_cov_38.2463_ID_156804 1 318078
				The next alignment (4142277 4142379 NODE_16_length_198255_cov_34.4565_ID_174700 198153 198255) is redundant. Skipping.
				The next alignment (4142277 4142379 NODE_24_length_131793_cov_34.4501_ID_134060 131691 131793) is redundant. Skipping.
				The next alignment (4233492 4234893 NODE_63_length_9438_cov_40.9393_ID_174522 1402 1) is redundant. Skipping.
				Gap between this and next alignment: 4310793 to 4311346 (552 bp)
				Next Alignment: 4311346 4316126 NODE_8_length_330241_cov_41.6696_ID_149468 1 4781

			Align 35: 4311346 4316126 NODE_8_length_330241_cov_41.6696_ID_149468 1 4781
				Gap between this and next alignment: 4316126 to 4316250 (123 bp)
				Next Alignment: 4316250 4641648 NODE_8_length_330241_cov_41.6696_ID_149468 4842 330241

			Align 36: 4316250 4641648 NODE_8_length_330241_cov_41.6696_ID_149468 4842 330241
			END in gap: 4641648 to 4641652 (4 bp)

	Reference Ecoli_0920_Taxon005_: 16 total alignments. 1 total regions.
		Region: 1 to 4641652 (4641652 bp)
			START in gap: 1 to 826259 (826258 bp)
			Align 1: 826259 828125 NODE_29_length_109247_cov_36.098_ID_162848 69794 67928
				Gap between this and next alignment: 828125 to 1160825 (332699 bp)
				Next Alignment: 1160825 1162334 NODE_71_length_1510_cov_54.7402_ID_176371 1 1510

			Align 2: 1160825 1162334 NODE_71_length_1510_cov_54.7402_ID_176371 1 1510
				Gap between this and next alignment: 1162334 to 1270339 (108004 bp)
				Next Alignment: 1270339 1271273 NODE_79_length_936_cov_54.16_ID_176375 2 936

			Align 3: 1270339 1271273 NODE_79_length_936_cov_54.16_ID_176375 2 936
				Gap between this and next alignment: 1271273 to 1289029 (17755 bp)
				Next Alignment: 1289029 1290029 NODE_78_length_1001_cov_54.5_ID_176381 1 1001

			Align 4: 1289029 1290029 NODE_78_length_1001_cov_54.5_ID_176381 1 1001
				Gap between this and next alignment: 1290029 to 1557191 (267161 bp)
				Next Alignment: 1557191 1560119 NODE_18_length_176518_cov_34.5652_ID_139546 100809 97881

			Align 5: 1557191 1560119 NODE_18_length_176518_cov_34.5652_ID_139546 100809 97881
				Gap between this and next alignment: 1560119 to 1767651 (207531 bp)
				Next Alignment: 1767651 1768500 NODE_81_length_850_cov_33.3824_ID_176435 1 850

			Align 6: 1767651 1768500 NODE_81_length_850_cov_33.3824_ID_176435 1 850
				Gap between this and next alignment: 1768500 to 1850803 (82302 bp)
				Next Alignment: 1850803 1850891 NODE_14_length_209836_cov_34.6516_ID_160045 63448 63360

			Align 7: 1850803 1850891 NODE_14_length_209836_cov_34.6516_ID_160045 63448 63360
				Gap between this and next alignment: 1850891 to 1971276 (120384 bp)
				Next Alignment: 1971276 1972479 NODE_14_length_209836_cov_34.6516_ID_160045 191813 193016

			Align 8: 1971276 1972479 NODE_14_length_209836_cov_34.6516_ID_160045 191813 193016
				Gap between this and next alignment: 1972479 to 2172867 (200387 bp)
				Next Alignment: 2172867 2173846 NODE_14_length_209836_cov_34.6516_ID_160045 93920 94899

			Align 9: 2172867 2173846 NODE_14_length_209836_cov_34.6516_ID_160045 93920 94899
				Gap between this and next alignment: 2173846 to 2586701 (412854 bp)
				Next Alignment: 2586701 2588806 NODE_28_length_117612_cov_35.4998_ID_148473 31685 33790

			Align 10: 2586701 2588806 NODE_28_length_117612_cov_35.4998_ID_148473 31685 33790
				Gap between this and next alignment: 2588806 to 2607037 (18230 bp)
				Next Alignment: 2607037 2608321 NODE_28_length_117612_cov_35.4998_ID_148473 15287 14003

			Align 11: 2607037 2608321 NODE_28_length_117612_cov_35.4998_ID_148473 15287 14003
				Gap between this and next alignment: 2608321 to 3104562 (496240 bp)
				Next Alignment: 3104562 3105697 NODE_20_length_165543_cov_35.8298_ID_133203 131837 132972

			Align 12: 3104562 3105697 NODE_20_length_165543_cov_35.8298_ID_133203 131837 132972
				Gap between this and next alignment: 3105697 to 4274186 (1168488 bp)
				Next Alignment: 4274186 4274252 NODE_28_length_117612_cov_35.4998_ID_148473 117546 117612

			Align 13: 4274186 4274252 NODE_28_length_117612_cov_35.4998_ID_148473 117546 117612
				The next alignment (4274186 4274252 NODE_64_length_9250_cov_34.5001_ID_174595 9184 9250) is redundant. Skipping.
				The next alignment (4274186 4274252 NODE_66_length_6678_cov_31.0214_ID_172860 6612 6678) is redundant. Skipping.
				Gap between this and next alignment: 4274252 to 4310568 (36315 bp)
				Next Alignment: 4310568 4310738 NODE_61_length_13661_cov_44.5628_ID_171214 1447 1617

			Align 16: 4310568 4310738 NODE_61_length_13661_cov_44.5628_ID_171214 1447 1617
			END in gap: 4310738 to 4641652 (330914 bp)

Analysis is finished!
Founded SNPs were written into /net/metagenomics/projects/afritz_assemblies/Similarity_Experiment/Ecoli_OneTree/metaquast_consensus_spades/Ecoli_0910/combined_reference/contigs_reports/nucmer_output/scaffolds.used_snps

Results:
	Local Misassemblies: 0
	Misassemblies: 0
		Relocations: 0
		Translocations: 0
		Interspecies translocations: 0
		Inversions: 0
	Potentially Misassembled Contigs (i/s translocations): 8
	Misassembled Contigs: 0
	Misassembled Contig Bases: 0
	Misassemblies Inter-Contig Overlap: 0
Uncovered Regions: 0 (0)
Unaligned Contigs: 48 + 18 part
Partially Unaligned Contigs with Misassemblies: 4
Unaligned Contig Bases: 4507980

Ambiguously Mapped Contigs: 3
Extra Bases in Ambiguously Mapped Contigs: 3295
Note that --allow-ambiguity option was set to "all" and each contig was used several times.

	Covered Bases: 4634875

	SNPs: 11590
	Insertions: 31
	Deletions: 85

	Positive Gaps: 32
		Internal Gaps:  4
		External Gaps:  28
		External Gap Total:  4309305
		External Gap Average: 153904
	Negative Gaps: 6
		Internal Overlaps:  0
		External Overlaps:  6
		External Overlaps Total: -303
		External Overlaps Average: -50
	Contigs with Redundant Alignments: 5 (4182)
