Aligning contigs to reference...
	Running Nucmer
Parsing coords...
Loading reference...
	Loaded [Ecoli_0900_Taxon001_]
Loading SNPs...
Loading regions...
	No regions given, using whole reference.
	Total Regions: 1
	Total Region Length: 4641652
Analyzing contigs...
CONTIG: NODE_1_length_1053360_cov_35.6797_ID_156797 (1053360bp)
Top Length: 1053360  Top ID: 99.82
		One align captures most of this contig: 625937 1679313 | 1053360 1 | 1053377 1053360 | 99.82 | Ecoli_0900_Taxon001_ NODE_1_length_1053360_cov_35.6797_ID_156797

CONTIG: NODE_2_length_588622_cov_34.8556_ID_156799 (588622bp)
Top Length: 588622  Top ID: 99.88
		One align captures most of this contig: 2740473 3329094 | 1 588622 | 588622 588622 | 99.88 | Ecoli_0900_Taxon001_ NODE_2_length_588622_cov_34.8556_ID_156799

CONTIG: NODE_3_length_489537_cov_37.2862_ID_156801 (489537bp)
Top Length: 489537  Top ID: 99.71
		One align captures most of this contig: 3454198 3943733 | 489537 1 | 489536 489537 | 99.71 | Ecoli_0900_Taxon001_ NODE_3_length_489537_cov_37.2862_ID_156801

CONTIG: NODE_4_length_451601_cov_34.8164_ID_156803 (451601bp)
Top Length: 451601  Top ID: 99.86
		One align captures most of this contig: 4100922 4552522 | 1 451601 | 451601 451601 | 99.86 | Ecoli_0900_Taxon001_ NODE_4_length_451601_cov_34.8164_ID_156803

CONTIG: NODE_5_length_398196_cov_35.0213_ID_156805 (398196bp)
Top Length: 398196  Top ID: 99.85
		One align captures most of this contig: 1769358 2167553 | 1 398196 | 398196 398196 | 99.85 | Ecoli_0900_Taxon001_ NODE_5_length_398196_cov_35.0213_ID_156805

CONTIG: NODE_6_length_385417_cov_35.5298_ID_156807 (385417bp)
Top Length: 385417  Top ID: 99.86
		One align captures most of this contig: 2168991 2554407 | 1 385417 | 385417 385417 | 99.86 | Ecoli_0900_Taxon001_ NODE_6_length_385417_cov_35.5298_ID_156807

CONTIG: NODE_14_length_178093_cov_34.1144_ID_156825 (178093bp)
Top Length: 178093  Top ID: 99.88
		One align captures most of this contig: 2554953 2733045 | 178093 1 | 178093 178093 | 99.88 | Ecoli_0900_Taxon001_ NODE_14_length_178093_cov_34.1144_ID_156825

CONTIG: NODE_20_length_151833_cov_36.7582_ID_156837 (151833bp)
Top Length: 151833  Top ID: 99.74
		One align captures most of this contig: 1 151833 | 1 151833 | 151833 151833 | 99.74 | Ecoli_0900_Taxon001_ NODE_20_length_151833_cov_36.7582_ID_156837

CONTIG: NODE_21_length_146458_cov_39.814_ID_156839 (146458bp)
Top Length: 146456  Top ID: 99.71
		One align captures most of this contig: 479280 625735 | 146456 1 | 146456 146456 | 99.71 | Ecoli_0900_Taxon001_ NODE_21_length_146458_cov_39.814_ID_156839

CONTIG: NODE_22_length_134609_cov_34.1493_ID_156841 (134609bp)
Top Length: 134609  Top ID: 99.87
		One align captures most of this contig: 344725 479333 | 134609 1 | 134609 134609 | 99.87 | Ecoli_0900_Taxon001_ NODE_22_length_134609_cov_34.1493_ID_156841

CONTIG: NODE_25_length_129803_cov_34.678_ID_156847 (129803bp)
Top Length: 129803  Top ID: 99.78
		One align captures most of this contig: 155784 285586 | 129803 1 | 129803 129803 | 99.78 | Ecoli_0900_Taxon001_ NODE_25_length_129803_cov_34.678_ID_156847

CONTIG: NODE_29_length_102120_cov_34.3545_ID_156855 (102120bp)
Top Length: 102116  Top ID: 99.91
		One align captures most of this contig: 3349380 3451495 | 102120 5 | 102116 102116 | 99.91 | Ecoli_0900_Taxon001_ NODE_29_length_102120_cov_34.3545_ID_156855

CONTIG: NODE_32_length_91633_cov_34.9337_ID_156861 (91633bp)
Top Length: 91631  Top ID: 99.76
		One align captures most of this contig: 4007057 4098687 | 1 91631 | 91631 91631 | 99.76 | Ecoli_0900_Taxon001_ NODE_32_length_91633_cov_34.9337_ID_156861

CONTIG: NODE_33_length_88260_cov_33.5857_ID_156863 (88260bp)
Top Length: 88260  Top ID: 99.92
		One align captures most of this contig: 1679911 1768170 | 88260 1 | 88260 88260 | 99.92 | Ecoli_0900_Taxon001_ NODE_33_length_88260_cov_33.5857_ID_156863

CONTIG: NODE_35_length_85476_cov_54.5504_ID_156867 (85476bp)
Top Length: 85476  Top ID: 99.37
		One align captures most of this contig: 4556174 4641648 | 85476 1 | 85475 85476 | 99.37 | Ecoli_0900_Taxon001_ NODE_35_length_85476_cov_54.5504_ID_156867

CONTIG: NODE_41_length_54551_cov_34.8239_ID_156879 (54551bp)
Top Length: 54551  Top ID: 99.91
		One align captures most of this contig: 3947012 4001562 | 54551 1 | 54551 54551 | 99.91 | Ecoli_0900_Taxon001_ NODE_41_length_54551_cov_34.8239_ID_156879

CONTIG: NODE_46_length_38585_cov_41_ID_156889 (38585bp)
Top Length: 38585  Top ID: 99.66
		One align captures most of this contig: 303280 341864 | 38585 1 | 38585 38585 | 99.66 | Ecoli_0900_Taxon001_ NODE_46_length_38585_cov_41_ID_156889

CONTIG: NODE_58_length_18138_cov_36.4653_ID_156913 (18138bp)
Top Length: 18138  Top ID: 99.83
		One align captures most of this contig: 3331019 3349156 | 18138 1 | 18138 18138 | 99.83 | Ecoli_0900_Taxon001_ NODE_58_length_18138_cov_36.4653_ID_156913

CONTIG: NODE_59_length_16027_cov_35.6671_ID_156915 (16027bp)
Top Length: 16027  Top ID: 99.82
		One align captures most of this contig: 286175 302201 | 16027 1 | 16027 16027 | 99.82 | Ecoli_0900_Taxon001_ NODE_59_length_16027_cov_35.6671_ID_156915

CONTIG: NODE_67_length_3736_cov_30.3725_ID_156931 (3736bp)
Top Length: 3736  Top ID: 100.0
		One align captures most of this contig: 2732991 2736726 | 1 3736 | 3736 3736 | 100.0 | Ecoli_0900_Taxon001_ NODE_67_length_3736_cov_30.3725_ID_156931

CONTIG: NODE_78_length_1454_cov_31.9107_ID_156953 (1454bp)
Top Length: 1454  Top ID: 100.0
		One align captures most of this contig: 4001508 4002961 | 1454 1 | 1454 1454 | 100.0 | Ecoli_0900_Taxon001_ NODE_78_length_1454_cov_31.9107_ID_156953

CONTIG: NODE_80_length_1367_cov_33.5534_ID_156957 (1367bp)
Top Length: 1367  Top ID: 100.0
		One align captures most of this contig: 4554427 4555793 | 1 1367 | 1367 1367 | 100.0 | Ecoli_0900_Taxon001_ NODE_80_length_1367_cov_33.5534_ID_156957

CONTIG: NODE_99_length_576_cov_33.6699_ID_156995 (576bp)
Top Length: 576  Top ID: 100.0
		One align captures most of this contig: 4002918 4003493 | 576 1 | 576 576 | 100.0 | Ecoli_0900_Taxon001_ NODE_99_length_576_cov_33.6699_ID_156995

Analyzing coverage...
Writing SNPs into /net/metagenomics/projects/afritz_assemblies/Similarity_Experiment/Ecoli_OneTree/metaquast_strain_spades_c/Ecoli_0900/runs_per_reference/Ecoli_0900/contigs_reports/nucmer_output/contigs.used_snps
	Reference Ecoli_0900_Taxon001_: 23 total alignments. 1 total regions.
		Region: 1 to 4641652 (4641652 bp)
			Align 1: 1 151833 NODE_20_length_151833_cov_36.7582_ID_156837 1 151833
				Gap between this and next alignment: 151833 to 155784 (3950 bp)
				Next Alignment: 155784 285586 NODE_25_length_129803_cov_34.678_ID_156847 129803 1

			Align 2: 155784 285586 NODE_25_length_129803_cov_34.678_ID_156847 129803 1
				Gap between this and next alignment: 285586 to 286175 (588 bp)
				Next Alignment: 286175 302201 NODE_59_length_16027_cov_35.6671_ID_156915 16027 1

			Align 3: 286175 302201 NODE_59_length_16027_cov_35.6671_ID_156915 16027 1
				Gap between this and next alignment: 302201 to 303280 (1078 bp)
				Next Alignment: 303280 341864 NODE_46_length_38585_cov_41_ID_156889 38585 1

			Align 4: 303280 341864 NODE_46_length_38585_cov_41_ID_156889 38585 1
				Gap between this and next alignment: 341864 to 344725 (2860 bp)
				Next Alignment: 344725 479333 NODE_22_length_134609_cov_34.1493_ID_156841 134609 1

			Align 5: 344725 479333 NODE_22_length_134609_cov_34.1493_ID_156841 134609 1
				Negative gap (overlap) between this and next alignment: 479333 to 479280 (-53 bp)
				Next Alignment: 479280 625735 NODE_21_length_146458_cov_39.814_ID_156839 146456 1

			Previous gap was negative, modifying coordinates to ignore overlap
				Moving contig start from 146456 to 146402.
			Align 6: 479334 625735 NODE_21_length_146458_cov_39.814_ID_156839 146402 1
				Gap between this and next alignment: 625735 to 625937 (201 bp)
				Next Alignment: 625937 1679313 NODE_1_length_1053360_cov_35.6797_ID_156797 1053360 1

			Align 7: 625937 1679313 NODE_1_length_1053360_cov_35.6797_ID_156797 1053360 1
				Gap between this and next alignment: 1679313 to 1679911 (597 bp)
				Next Alignment: 1679911 1768170 NODE_33_length_88260_cov_33.5857_ID_156863 88260 1

			Align 8: 1679911 1768170 NODE_33_length_88260_cov_33.5857_ID_156863 88260 1
				Gap between this and next alignment: 1768170 to 1769358 (1187 bp)
				Next Alignment: 1769358 2167553 NODE_5_length_398196_cov_35.0213_ID_156805 1 398196

			Align 9: 1769358 2167553 NODE_5_length_398196_cov_35.0213_ID_156805 1 398196
				Gap between this and next alignment: 2167553 to 2168991 (1437 bp)
				Next Alignment: 2168991 2554407 NODE_6_length_385417_cov_35.5298_ID_156807 1 385417

			Align 10: 2168991 2554407 NODE_6_length_385417_cov_35.5298_ID_156807 1 385417
				Gap between this and next alignment: 2554407 to 2554953 (545 bp)
				Next Alignment: 2554953 2733045 NODE_14_length_178093_cov_34.1144_ID_156825 178093 1

			Align 11: 2554953 2733045 NODE_14_length_178093_cov_34.1144_ID_156825 178093 1
				Negative gap (overlap) between this and next alignment: 2733045 to 2732991 (-54 bp)
				Next Alignment: 2732991 2736726 NODE_67_length_3736_cov_30.3725_ID_156931 1 3736

			Previous gap was negative, modifying coordinates to ignore overlap
				Moving contig start from 1 to 56.
			Align 12: 2733046 2736726 NODE_67_length_3736_cov_30.3725_ID_156931 56 3736
				Gap between this and next alignment: 2736726 to 2740473 (3746 bp)
				Next Alignment: 2740473 3329094 NODE_2_length_588622_cov_34.8556_ID_156799 1 588622

			Align 13: 2740473 3329094 NODE_2_length_588622_cov_34.8556_ID_156799 1 588622
				Gap between this and next alignment: 3329094 to 3331019 (1924 bp)
				Next Alignment: 3331019 3349156 NODE_58_length_18138_cov_36.4653_ID_156913 18138 1

			Align 14: 3331019 3349156 NODE_58_length_18138_cov_36.4653_ID_156913 18138 1
				Gap between this and next alignment: 3349156 to 3349380 (223 bp)
				Next Alignment: 3349380 3451495 NODE_29_length_102120_cov_34.3545_ID_156855 102120 5

			Align 15: 3349380 3451495 NODE_29_length_102120_cov_34.3545_ID_156855 102120 5
				Gap between this and next alignment: 3451495 to 3454198 (2702 bp)
				Next Alignment: 3454198 3943733 NODE_3_length_489537_cov_37.2862_ID_156801 489537 1

			Align 16: 3454198 3943733 NODE_3_length_489537_cov_37.2862_ID_156801 489537 1
				Gap between this and next alignment: 3943733 to 3947012 (3278 bp)
				Next Alignment: 3947012 4001562 NODE_41_length_54551_cov_34.8239_ID_156879 54551 1

			Align 17: 3947012 4001562 NODE_41_length_54551_cov_34.8239_ID_156879 54551 1
				Negative gap (overlap) between this and next alignment: 4001562 to 4001508 (-54 bp)
				Next Alignment: 4001508 4002961 NODE_78_length_1454_cov_31.9107_ID_156953 1454 1

			Previous gap was negative, modifying coordinates to ignore overlap
				Moving contig start from 1454 to 1399.
			Align 18: 4001563 4002961 NODE_78_length_1454_cov_31.9107_ID_156953 1399 1
				Negative gap (overlap) between this and next alignment: 4002961 to 4002918 (-43 bp)
				Next Alignment: 4002918 4003493 NODE_99_length_576_cov_33.6699_ID_156995 576 1

			Previous gap was negative, modifying coordinates to ignore overlap
				Moving contig start from 576 to 532.
			Align 19: 4002962 4003493 NODE_99_length_576_cov_33.6699_ID_156995 532 1
				Gap between this and next alignment: 4003493 to 4007057 (3563 bp)
				Next Alignment: 4007057 4098687 NODE_32_length_91633_cov_34.9337_ID_156861 1 91631

			Align 20: 4007057 4098687 NODE_32_length_91633_cov_34.9337_ID_156861 1 91631
				Gap between this and next alignment: 4098687 to 4100922 (2234 bp)
				Next Alignment: 4100922 4552522 NODE_4_length_451601_cov_34.8164_ID_156803 1 451601

			Align 21: 4100922 4552522 NODE_4_length_451601_cov_34.8164_ID_156803 1 451601
				Gap between this and next alignment: 4552522 to 4554427 (1904 bp)
				Next Alignment: 4554427 4555793 NODE_80_length_1367_cov_33.5534_ID_156957 1 1367

			Align 22: 4554427 4555793 NODE_80_length_1367_cov_33.5534_ID_156957 1 1367
				Gap between this and next alignment: 4555793 to 4556174 (380 bp)
				Next Alignment: 4556174 4641648 NODE_35_length_85476_cov_54.5504_ID_156867 85476 1

			Align 23: 4556174 4641648 NODE_35_length_85476_cov_54.5504_ID_156867 85476 1
			END in gap: 4641648 to 4641652 (4 bp)

Analysis is finished!
Founded SNPs were written into /net/metagenomics/projects/afritz_assemblies/Similarity_Experiment/Ecoli_OneTree/metaquast_strain_spades_c/Ecoli_0900/runs_per_reference/Ecoli_0900/contigs_reports/nucmer_output/contigs.used_snps

Results:
	Local Misassemblies: 0
	Misassemblies: 0
		Relocations: 0
		Translocations: 0
		Inversions: 0
	Misassembled Contigs: 0
	Misassembled Contig Bases: 0
	Misassemblies Inter-Contig Overlap: 0
Uncovered Regions: 0 (0)
Unaligned Contigs: 0 + 0 part
Partially Unaligned Contigs with Misassemblies: 0
Unaligned Contig Bases: 0

Ambiguously Mapped Contigs: 0
Total Bases in Ambiguously Mapped Contigs: 0
Note that --allow-ambiguity option was set to "one" and only first alignment per each contig was used.

	Covered Bases: 4609251

	SNPs: 8358
	Insertions: 18
	Deletions: 33

	Positive Gaps: 19
		Internal Gaps:  0
		External Gaps:  19
		External Gap Total:  32401
		External Gap Average: 1705
	Negative Gaps: 4
		Internal Overlaps:  0
		External Overlaps:  4
		External Overlaps Total: -204
		External Overlaps Average: -51
	Contigs with Redundant Alignments: 0 (0)
