/home/afritz/bin/quast-3.2/quast.pyc --meta  --no-check-meta  --contig-thresholds 1000,5000,10000,25000,50000 -o /net/metagenomics/projects/afritz_assemblies/Coverage_Sweep_wgsim/010_error/SPAdes_cov4/quast/not_aligned --labels scaffolds /net/metagenomics/projects/afritz_assemblies/Coverage_Sweep_wgsim/010_error/SPAdes_cov4/quast/quast_corrected_input/scaffolds_not_aligned_anywhere.fasta

Started: 2016-04-26 12:31:55

Logging to /net/metagenomics/projects/afritz_assemblies/Coverage_Sweep_wgsim/010_error/SPAdes_cov4/quast/not_aligned/quast.log

NOTICE: Output directory already exists. Existing Nucmer alignments can be used.

NOTICE: Maximum number of threads is set to 15 (use --threads option to set it manually)

Main parameters: 
  Threads: 15, meta: true, minimum contig length: 500, ambiguity: one, threshold for extensive misassembly size: 1000

Contigs:
  /net/metagenomics/projects/afritz_assemblies/Coverage_Sweep_wgsim/010_error/SPAdes_cov4/quast/quast_corrected_input/scaffolds_not_aligned_anywhere.fasta ==> scaffolds

2016-04-26 12:31:55
Running Basic statistics processor...
  Contig files: 
    scaffolds
  Calculating N50 and L50...
    scaffolds, N50 = 955, L50 = 49, Total length = 119612, GC % = 51.48, # N's per 100 kbp =  6210.08
  Drawing Nx plot...
    saved to /net/metagenomics/projects/afritz_assemblies/Coverage_Sweep_wgsim/010_error/SPAdes_cov4/quast/not_aligned/basic_stats/Nx_plot.pdf
  Drawing cumulative plot...
    saved to /net/metagenomics/projects/afritz_assemblies/Coverage_Sweep_wgsim/010_error/SPAdes_cov4/quast/not_aligned/basic_stats/cumulative_plot.pdf
  Drawing GC content plot...
    saved to /net/metagenomics/projects/afritz_assemblies/Coverage_Sweep_wgsim/010_error/SPAdes_cov4/quast/not_aligned/basic_stats/GC_content_plot.pdf
Done.

NOTICE: Genes are not predicted by default. Use --gene-finding option to enable it.

2016-04-26 12:31:56
Drawing large plots...
This may take a while: press Ctrl-C to skip this step..
  1 of 1: Creating PDF with all tables and plots...
Done

2016-04-26 12:31:56
RESULTS:
  Text versions of total report are saved to /net/metagenomics/projects/afritz_assemblies/Coverage_Sweep_wgsim/010_error/SPAdes_cov4/quast/not_aligned/report.txt, report.tsv, and report.tex
  Text versions of transposed total report are saved to /net/metagenomics/projects/afritz_assemblies/Coverage_Sweep_wgsim/010_error/SPAdes_cov4/quast/not_aligned/transposed_report.txt, transposed_report.tsv, and transposed_report.tex
  HTML version (interactive tables and plots) saved to /net/metagenomics/projects/afritz_assemblies/Coverage_Sweep_wgsim/010_error/SPAdes_cov4/quast/not_aligned/report.html
  PDF version (tables and plots) saved to /net/metagenomics/projects/afritz_assemblies/Coverage_Sweep_wgsim/010_error/SPAdes_cov4/quast/not_aligned/report.pdf
    saved to /net/metagenomics/projects/afritz_assemblies/Coverage_Sweep_wgsim/010_error/SPAdes_cov4/quast/summary/PDF/#_contigs.pdf
    saved to /net/metagenomics/projects/afritz_assemblies/Coverage_Sweep_wgsim/010_error/SPAdes_cov4/quast/summary/PDF/Largest_contig.pdf
    saved to /net/metagenomics/projects/afritz_assemblies/Coverage_Sweep_wgsim/010_error/SPAdes_cov4/quast/summary/PDF/Total_length.pdf
    saved to /net/metagenomics/projects/afritz_assemblies/Coverage_Sweep_wgsim/010_error/SPAdes_cov4/quast/summary/PDF/Total_length_(>=_1000_bp).pdf
    saved to /net/metagenomics/projects/afritz_assemblies/Coverage_Sweep_wgsim/010_error/SPAdes_cov4/quast/summary/PDF/Total_length_(>=_10000_bp).pdf
    saved to /net/metagenomics/projects/afritz_assemblies/Coverage_Sweep_wgsim/010_error/SPAdes_cov4/quast/summary/PDF/Total_length_(>=_50000_bp).pdf
    saved to /net/metagenomics/projects/afritz_assemblies/Coverage_Sweep_wgsim/010_error/SPAdes_cov4/quast/summary/PDF/#_misassemblies.pdf
    saved to /net/metagenomics/projects/afritz_assemblies/Coverage_Sweep_wgsim/010_error/SPAdes_cov4/quast/summary/PDF/scaffolds_misassemblies.pdf
    saved to /net/metagenomics/projects/afritz_assemblies/Coverage_Sweep_wgsim/010_error/SPAdes_cov4/quast/summary/PDF/Misassembled_contigs_length.pdf
    saved to /net/metagenomics/projects/afritz_assemblies/Coverage_Sweep_wgsim/010_error/SPAdes_cov4/quast/summary/PDF/#_mismatches_per_100_kbp.pdf
    saved to /net/metagenomics/projects/afritz_assemblies/Coverage_Sweep_wgsim/010_error/SPAdes_cov4/quast/summary/PDF/#_indels_per_100_kbp.pdf
    saved to /net/metagenomics/projects/afritz_assemblies/Coverage_Sweep_wgsim/010_error/SPAdes_cov4/quast/summary/PDF/#_N's_per_100_kbp.pdf
    saved to /net/metagenomics/projects/afritz_assemblies/Coverage_Sweep_wgsim/010_error/SPAdes_cov4/quast/summary/PDF/Genome_fraction_(%).pdf
    saved to /net/metagenomics/projects/afritz_assemblies/Coverage_Sweep_wgsim/010_error/SPAdes_cov4/quast/summary/PDF/Duplication_ratio.pdf
    saved to /net/metagenomics/projects/afritz_assemblies/Coverage_Sweep_wgsim/010_error/SPAdes_cov4/quast/summary/PDF/NGA50.pdf
