/homes/afritz/bin/quast/metaquast.py -R /vol/cami-scratch/Simpipeline/iTol_genomes/Buchnera_aphidicola_Baizongia_pistaciae_0940.fa,/vol/cami-scratch/Simpipeline/iTol_genomes/Buchnera_aphidicola_Baizongia_pistaciae_ancestor.fa -o /vol/cami-scratch/Simpipeline/iTol_genomes/Buchnera_aphidicola_Baizongia_pistaciae_0940/quast_strain /vol/cami-scratch/Simpipeline/iTol_genomes/Buchnera_aphidicola_Baizongia_pistaciae_0940/out/final.contigs.fa

Version 3.1, build 29.08.2015 16:09

System information:
  OS: Linux-3.19.8-100.fc20.x86_64-x86_64-with-fedora-20-Heisenbug (linux_64)
  Python version: 2.7.5
  CPUs number: 48

Started: 2016-08-04 15:42:24

Logging to /vol/cami-scratch/Simpipeline/iTol_genomes/Buchnera_aphidicola_Baizongia_pistaciae_0940/quast_strain/metaquast.log

NOTICE: Maximum number of threads is set to 12 (use --threads option to set it manually)

Reference(s):
  /vol/cami-scratch/Simpipeline/iTol_genomes/Buchnera_aphidicola_Baizongia_pistaciae_0940.fa ==> Buchnera_aphidicola_Baizongia_pistaciae_0940
  /vol/cami-scratch/Simpipeline/iTol_genomes/Buchnera_aphidicola_Baizongia_pistaciae_ancestor.fa ==> Buchnera_aphidicola_Baizongia_pistaciae_ancestor
  All references combined in combined_reference.fasta

Contigs:

Starting quast.py for the combined reference...
(logging to /vol/cami-scratch/Simpipeline/iTol_genomes/Buchnera_aphidicola_Baizongia_pistaciae_0940/quast_strain/combined_quast_output/quast.log)

Partitioning contigs into bins aligned to each reference..
  processing final.contigs

Starting quast.py for the contigs aligned to Buchnera_aphidicola_Baizongia_pistaciae_0940
(logging to /vol/cami-scratch/Simpipeline/iTol_genomes/Buchnera_aphidicola_Baizongia_pistaciae_0940/quast_strain/Buchnera_aphidicola_Baizongia_pistaciae_0940_quast_output/quast.log)

No contigs were aligned to the reference Buchnera_aphidicola_Baizongia_pistaciae_ancestor, skipping..

Skipping quast.py for the contigs not aligned anywhere (everything is aligned!)

2016-08-04 15:43:14
Summarizing results...
  Drawing # contigs metaQUAST summary plot...
  Drawing Largest contig metaQUAST summary plot...
  Drawing Total length metaQUAST summary plot...
  Drawing N50 metaQUAST summary plot...
  Drawing # misassemblies metaQUAST summary plot...
  Drawing metaQUAST summary misassemblies plot for final.contigs...
  Drawing Misassembled contigs length metaQUAST summary plot...
  Drawing # mismatches per 100 kbp metaQUAST summary plot...
  Drawing # indels per 100 kbp metaQUAST summary plot...
  Drawing # N's per 100 kbp metaQUAST summary plot...
  Drawing Genome fraction (%) metaQUAST summary plot...
  Drawing Duplication ratio metaQUAST summary plot...
  Drawing NGA50 metaQUAST summary plot...

  Text versions of reports and plots for each metric (for all references and assemblies) are saved to /vol/cami-scratch/Simpipeline/iTol_genomes/Buchnera_aphidicola_Baizongia_pistaciae_0940/quast_strain/summary/
  Extended version of HTML-report (for all references and assemblies) is saved to /vol/cami-scratch/Simpipeline/iTol_genomes/Buchnera_aphidicola_Baizongia_pistaciae_0940/quast_strain/summary/report.html

MetaQUAST finished.
  Log saved to /vol/cami-scratch/Simpipeline/iTol_genomes/Buchnera_aphidicola_Baizongia_pistaciae_0940/quast_strain/metaquast.log

Finished: 2016-08-04 15:43:18
Elapsed time: 0:00:53.575510
Total NOTICEs: 5; WARNINGs: 0; non-fatal ERRORs: 0

Thank you for using QUAST!
