Aligning contigs to reference...
	Running Nucmer
Parsing coords...
Loading reference...
	Loaded [gi_556503834_ref_NC_000913.3_]
Loading SNPs...
Loading regions...
	No regions given, using whole reference.
	Total Regions: 1
	Total Region Length: 4641652
Analyzing contigs...
CONTIG: NODE_1_length_5665_cov_23.404259 (5665bp)
Top Length: 5541  Top ID: 99.42
		Skipping redundant alignment 3941442 3943393 | 67 2018 | 1952 1952 | 99.74 | gi_556503834_ref_NC_000913.3_ NODE_1_length_5665_cov_23.404259
		Skipping redundant alignment 4166299 4168253 | 73 2026 | 1955 1954 | 99.49 | gi_556503834_ref_NC_000913.3_ NODE_1_length_5665_cov_23.404259
		Skipping redundant alignment 2729567 2731485 | 2023 104 | 1919 1920 | 99.12 | gi_556503834_ref_NC_000913.3_ NODE_1_length_5665_cov_23.404259
		Skipping redundant alignment 3423658 3428908 | 5546 287 | 5251 5260 | 99.33 | gi_556503834_ref_NC_000913.3_ NODE_1_length_5665_cov_23.404259
		Skipping redundant alignment 4208001 4209741 | 287 2026 | 1741 1740 | 99.54 | gi_556503834_ref_NC_000913.3_ NODE_1_length_5665_cov_23.404259
		Skipping redundant alignment 3943582 3946948 | 2299 5665 | 3367 3367 | 99.35 | gi_556503834_ref_NC_000913.3_ NODE_1_length_5665_cov_23.404259
		Skipping redundant alignment 4209921 4213166 | 2299 5543 | 3246 3245 | 99.91 | gi_556503834_ref_NC_000913.3_ NODE_1_length_5665_cov_23.404259
		Skipping redundant alignment 2726062 2729297 | 5543 2299 | 3236 3245 | 99.48 | gi_556503834_ref_NC_000913.3_ NODE_1_length_5665_cov_23.404259
		Skipping redundant alignment 4168519 4171761 | 2299 5541 | 3243 3243 | 99.85 | gi_556503834_ref_NC_000913.3_ NODE_1_length_5665_cov_23.404259
		Skipping redundant alignment 3423418 3423548 | 5541 5411 | 131 131 | 98.47 | gi_556503834_ref_NC_000913.3_ NODE_1_length_5665_cov_23.404259
		This contig is misassembled. 12 total aligns.
			Excluding internal overlap of size 5255 between Alignment 1 and 2:  223625 229004 | 287 5665 | 5380 5379 --> 228880 229004 | 5542 5665 | 125 124
			Real Alignment 1: 4035099 4040641 | 1 5541 | 5543 5541 | 99.42 | gi_556503834_ref_NC_000913.3_ NODE_1_length_5665_cov_23.404259
			  Extensive misassembly ( relocation, inconsistency = -3811762 ) between these two alignments
			Real Alignment 2: 228880 229004 | 5542 5665 | 125 124 | 99.28 | gi_556503834_ref_NC_000913.3_ NODE_1_length_5665_cov_23.404259

CONTIG: NODE_2_length_2607_cov_10.450593 (2607bp)
Top Length: 2604  Top ID: 99.58
		Marking as insignificant: 1650843 1651548 | 835 130 | 706 706 | 100.0 | gi_556503834_ref_NC_000913.3_ NODE_2_length_2607_cov_10.450593
		Marking as insignificant: 4507591 4508679 | 2604 1516 | 1089 1089 | 99.45 | gi_556503834_ref_NC_000913.3_ NODE_2_length_2607_cov_10.450593
		Marking as insignificant: 270527 271629 | 1502 2604 | 1103 1103 | 98.91 | gi_556503834_ref_NC_000913.3_ NODE_2_length_2607_cov_10.450593
		Marking as insignificant: 4498181 4499511 | 1460 130 | 1331 1331 | 100.0 | gi_556503834_ref_NC_000913.3_ NODE_2_length_2607_cov_10.450593
		Marking as insignificant: 381260 382590 | 1460 130 | 1331 1331 | 100.0 | gi_556503834_ref_NC_000913.3_ NODE_2_length_2607_cov_10.450593
		Marking as insignificant: 2068940 2070271 | 129 1460 | 1332 1332 | 100.0 | gi_556503834_ref_NC_000913.3_ NODE_2_length_2607_cov_10.450593
		Marking as insignificant: 3186095 3187427 | 1461 129 | 1333 1333 | 100.0 | gi_556503834_ref_NC_000913.3_ NODE_2_length_2607_cov_10.450593
		Marking as insignificant: 2996361 2997694 | 130 1463 | 1334 1334 | 100.0 | gi_556503834_ref_NC_000913.3_ NODE_2_length_2607_cov_10.450593
		One align captures most of this contig: 1467781 1470384 | 1 2604 | 2604 2604 | 99.58 | gi_556503834_ref_NC_000913.3_ NODE_2_length_2607_cov_10.450593

CONTIG: NODE_3_length_1543_cov_0.568895 (1543bp)
Top Length: 1543  Top ID: 99.29
		Marking as insignificant: 607996 609351 | 91 1446 | 1356 1356 | 99.63 | gi_556503834_ref_NC_000913.3_ NODE_3_length_1543_cov_0.568895
		Marking as insignificant: 2514263 2515625 | 92 1454 | 1363 1363 | 99.56 | gi_556503834_ref_NC_000913.3_ NODE_3_length_1543_cov_0.568895
		One align captures most of this contig: 15286 16828 | 1 1543 | 1543 1543 | 99.29 | gi_556503834_ref_NC_000913.3_ NODE_3_length_1543_cov_0.568895

CONTIG: NODE_4_length_1536_cov_0.411241 (1536bp)
Top Length: 1536  Top ID: 98.5
		Marking as insignificant: 730683 732218 | 1536 1 | 1536 1536 | 95.38 | gi_556503834_ref_NC_000913.3_ NODE_4_length_1536_cov_0.411241
		This contig has 2 significant alignments. [An ambiguously mapped contig]
		Using only first of these alignment (option --ambiguity-usage is set to "one"):
		Alignment: 3620292 3621827 | 1536 1 | 1536 1536 | 98.5 | gi_556503834_ref_NC_000913.3_ NODE_4_length_1536_cov_0.411241
		Skipping alignment  3763283 3764818 | 1536 1 | 1536 1536 | 98.44 | gi_556503834_ref_NC_000913.3_ NODE_4_length_1536_cov_0.411241

CONTIG: NODE_5_length_1496_cov_14.614517 (1496bp)
Top Length: 1394  Top ID: 99.64
		Skipping redundant alignment 1094244 1095503 | 108 1367 | 1260 1260 | 100.0 | gi_556503834_ref_NC_000913.3_ NODE_5_length_1496_cov_14.614517
		Skipping redundant alignment 2170169 2171428 | 1368 109 | 1260 1260 | 100.0 | gi_556503834_ref_NC_000913.3_ NODE_5_length_1496_cov_14.614517
		Skipping redundant alignment 315229 316483 | 1363 109 | 1255 1255 | 100.0 | gi_556503834_ref_NC_000913.3_ NODE_5_length_1496_cov_14.614517
		This contig is misassembled. 5 total aligns.
			Excluding internal overlap of size 1270 between Alignment 1 and 2:  566771 568142 | 1372 1 | 1372 1372 --> 568041 568142 | 102 1 | 102 102
			Real Alignment 1: 568041 568142 | 102 1 | 102 102 | 99.56 | gi_556503834_ref_NC_000913.3_ NODE_5_length_1496_cov_14.614517
			  Extensive misassembly ( relocation, inconsistency = -176440 ) between these two alignments
			Real Alignment 2: 391703 393096 | 103 1496 | 1394 1394 | 99.64 | gi_556503834_ref_NC_000913.3_ NODE_5_length_1496_cov_14.614517

CONTIG: NODE_6_length_1434_cov_41.382461 (1434bp)
Top Length: 1321  Top ID: 99.77
		Skipping redundant alignment 2101744 2102948 | 122 1326 | 1205 1205 | 99.92 | gi_556503834_ref_NC_000913.3_ NODE_6_length_1434_cov_41.382461
		Skipping redundant alignment 574587 575788 | 123 1324 | 1202 1202 | 100.0 | gi_556503834_ref_NC_000913.3_ NODE_6_length_1434_cov_41.382461
		Skipping redundant alignment 687847 689048 | 123 1324 | 1202 1202 | 100.0 | gi_556503834_ref_NC_000913.3_ NODE_6_length_1434_cov_41.382461
		Skipping redundant alignment 1299496 1300697 | 1324 123 | 1202 1202 | 100.0 | gi_556503834_ref_NC_000913.3_ NODE_6_length_1434_cov_41.382461
		Skipping redundant alignment 1396041 1397242 | 1324 123 | 1202 1202 | 100.0 | gi_556503834_ref_NC_000913.3_ NODE_6_length_1434_cov_41.382461
		Skipping redundant alignment 3652032 3653233 | 123 1324 | 1202 1202 | 100.0 | gi_556503834_ref_NC_000913.3_ NODE_6_length_1434_cov_41.382461
		Skipping redundant alignment 273951 275149 | 123 1321 | 1199 1199 | 99.92 | gi_556503834_ref_NC_000913.3_ NODE_6_length_1434_cov_41.382461
		Skipping redundant alignment 2066156 2067353 | 124 1321 | 1198 1198 | 99.58 | gi_556503834_ref_NC_000913.3_ NODE_6_length_1434_cov_41.382461
		Skipping redundant alignment 2288919 2290117 | 127 1325 | 1199 1199 | 99.92 | gi_556503834_ref_NC_000913.3_ NODE_6_length_1434_cov_41.382461
		This contig is misassembled. 11 total aligns.
			Excluding internal overlap of size 1202 between Alignment 1 and 2:  3130033 3131344 | 1434 123 | 1312 1312 --> 3130033 3130142 | 1434 1325 | 110 110
			Real Alignment 1: 3365433 3366753 | 4 1324 | 1321 1321 | 99.77 | gi_556503834_ref_NC_000913.3_ NODE_6_length_1434_cov_41.382461
			  Extensive misassembly ( relocation, inconsistency = -236721 ) between these two alignments
			Real Alignment 2: 3130033 3130142 | 1434 1325 | 110 110 | 99.77 | gi_556503834_ref_NC_000913.3_ NODE_6_length_1434_cov_41.382461

CONTIG: NODE_7_length_1369_cov_0.869969 (1369bp)
Top Length: 1309  Top ID: 99.01
		Skipping redundant alignment 737912 738860 | 1 949 | 949 949 | 95.68 | gi_556503834_ref_NC_000913.3_ NODE_7_length_1369_cov_0.869969
		Skipping redundant alignment 1531696 1532962 | 61 1327 | 1267 1267 | 97.95 | gi_556503834_ref_NC_000913.3_ NODE_7_length_1369_cov_0.869969
		Skipping redundant alignment 736707 737971 | 62 1327 | 1265 1266 | 96.52 | gi_556503834_ref_NC_000913.3_ NODE_7_length_1369_cov_0.869969
		Skipping redundant alignment 736327 736681 | 62 417 | 355 356 | 95.22 | gi_556503834_ref_NC_000913.3_ NODE_7_length_1369_cov_0.869969
		This contig is partially unaligned. (Aligned 1309 out of 1369 bases)
		Alignment: 3624258 3625566 | 61 1369 | 1309 1309 | 99.01 | gi_556503834_ref_NC_000913.3_ NODE_7_length_1369_cov_0.869969
		Unaligned bases: 1 to 60 (60)

CONTIG: NODE_8_length_1216_cov_1.181738 (1216bp)
Top Length: 1215  Top ID: 98.02
		Marking as insignificant: 3767197 3767651 | 533 78 | 455 456 | 95.83 | gi_556503834_ref_NC_000913.3_ NODE_8_length_1216_cov_1.181738
		Marking as insignificant: 3621886 3622880 | 1099 105 | 995 995 | 98.09 | gi_556503834_ref_NC_000913.3_ NODE_8_length_1216_cov_1.181738
		Marking as insignificant: 3764877 3765899 | 1099 77 | 1023 1023 | 97.46 | gi_556503834_ref_NC_000913.3_ NODE_8_length_1216_cov_1.181738
		Marking as insignificant: 732277 733311 | 1099 65 | 1035 1035 | 97.2 | gi_556503834_ref_NC_000913.3_ NODE_8_length_1216_cov_1.181738
		One align captures most of this contig: 734032 735246 | 1215 1 | 1215 1215 | 98.02 | gi_556503834_ref_NC_000913.3_ NODE_8_length_1216_cov_1.181738

CONTIG: NODE_9_length_1121_cov_7.977011 (1121bp)
Top Length: 1070  Top ID: 98.88
		Skipping redundant alignment 2759830 2760086 | 1 257 | 257 257 | 98.44 | gi_556503834_ref_NC_000913.3_ NODE_9_length_1121_cov_7.977011
		Skipping redundant alignment 1978502 1979270 | 257 1025 | 769 769 | 99.35 | gi_556503834_ref_NC_000913.3_ NODE_9_length_1121_cov_7.977011
		Skipping redundant alignment 279163 279932 | 258 1027 | 770 770 | 99.48 | gi_556503834_ref_NC_000913.3_ NODE_9_length_1121_cov_7.977011
		Skipping redundant alignment 19796 20563 | 258 1025 | 768 768 | 99.35 | gi_556503834_ref_NC_000913.3_ NODE_9_length_1121_cov_7.977011
		Skipping redundant alignment 257908 258675 | 258 1025 | 768 768 | 99.35 | gi_556503834_ref_NC_000913.3_ NODE_9_length_1121_cov_7.977011
		Skipping redundant alignment 3583428 3584195 | 1025 258 | 768 768 | 99.35 | gi_556503834_ref_NC_000913.3_ NODE_9_length_1121_cov_7.977011
		Skipping redundant alignment 1049778 1050545 | 1025 258 | 768 768 | 99.22 | gi_556503834_ref_NC_000913.3_ NODE_9_length_1121_cov_7.977011
		This contig is partially unaligned. (Aligned 1070 out of 1121 bases)
		Alignment: 290428 291497 | 52 1121 | 1070 1070 | 98.88 | gi_556503834_ref_NC_000913.3_ NODE_9_length_1121_cov_7.977011
		Unaligned bases: 1 to 51 (51)

CONTIG: NODE_10_length_1031_cov_0.529350 (1031bp)
Top Length: 1031  Top ID: 98.25
		Marking as insignificant: 729608 730638 | 1 1031 | 1031 1031 | 96.8 | gi_556503834_ref_NC_000913.3_ NODE_10_length_1031_cov_0.529350
		This contig has 2 significant alignments. [An ambiguously mapped contig]
		Using only first of these alignment (option --ambiguity-usage is set to "one"):
		Alignment: 3762208 3763238 | 1 1031 | 1031 1031 | 98.25 | gi_556503834_ref_NC_000913.3_ NODE_10_length_1031_cov_0.529350
		Skipping alignment  3619217 3620247 | 1 1031 | 1031 1031 | 98.16 | gi_556503834_ref_NC_000913.3_ NODE_10_length_1031_cov_0.529350

CONTIG: NODE_11_length_940_cov_0.577057 (940bp)
Top Length: 940  Top ID: 97.66
		This contig has 2 significant alignments. [An ambiguously mapped contig]
		Using only first of these alignment (option --ambiguity-usage is set to "one"):
		Alignment: 1571089 1572028 | 1 940 | 940 940 | 97.66 | gi_556503834_ref_NC_000913.3_ NODE_11_length_940_cov_0.577057
		Skipping alignment  3666624 3667563 | 1 940 | 940 940 | 97.13 | gi_556503834_ref_NC_000913.3_ NODE_11_length_940_cov_0.577057

CONTIG: NODE_12_length_656_cov_0.286701 (656bp)
Top Length: 656  Top ID: 98.78
		Marking as insignificant: 4176573 4177130 | 1 558 | 558 558 | 98.39 | gi_556503834_ref_NC_000913.3_ NODE_12_length_656_cov_0.286701
		One align captures most of this contig: 3470045 3470700 | 656 1 | 656 656 | 98.78 | gi_556503834_ref_NC_000913.3_ NODE_12_length_656_cov_0.286701

CONTIG: NODE_13_length_611_cov_0.344569 (611bp)
Top Length: 611  Top ID: 98.04
		One align captures most of this contig: 2903916 2904526 | 1 611 | 611 611 | 98.04 | gi_556503834_ref_NC_000913.3_ NODE_13_length_611_cov_0.344569

CONTIG: NODE_14_length_592_cov_0.539806 (592bp)
Top Length: 592  Top ID: 97.97
		One align captures most of this contig: 4014144 4014735 | 1 592 | 592 592 | 97.97 | gi_556503834_ref_NC_000913.3_ NODE_14_length_592_cov_0.539806

CONTIG: NODE_15_length_591_cov_0.190661 (591bp)
Top Length: 591  Top ID: 98.48
		One align captures most of this contig: 1641212 1641802 | 591 1 | 591 591 | 98.48 | gi_556503834_ref_NC_000913.3_ NODE_15_length_591_cov_0.190661

CONTIG: NODE_16_length_569_cov_0.601626 (569bp)
Top Length: 569  Top ID: 98.07
		Marking as insignificant: 1269085 1269550 | 524 59 | 466 466 | 96.57 | gi_556503834_ref_NC_000913.3_ NODE_16_length_569_cov_0.601626
		Marking as insignificant: 1269575 1270091 | 569 53 | 517 517 | 96.91 | gi_556503834_ref_NC_000913.3_ NODE_16_length_569_cov_0.601626
		One align captures most of this contig: 1270110 1270677 | 569 1 | 568 569 | 98.07 | gi_556503834_ref_NC_000913.3_ NODE_16_length_569_cov_0.601626

CONTIG: NODE_17_length_566_cov_0.235174 (566bp)
Top Length: 566  Top ID: 98.76
		One align captures most of this contig: 2292051 2292616 | 566 1 | 566 566 | 98.76 | gi_556503834_ref_NC_000913.3_ NODE_17_length_566_cov_0.235174

CONTIG: NODE_18_length_544_cov_0.353319 (544bp)
Top Length: 491  Top ID: 95.11
		Skipping redundant alignment 581659 582119 | 461 1 | 461 461 | 96.53 | gi_556503834_ref_NC_000913.3_ NODE_18_length_544_cov_0.353319
		This contig is partially unaligned. (Aligned 491 out of 544 bases)
		Alignment: 1634332 1634822 | 54 544 | 491 491 | 95.11 | gi_556503834_ref_NC_000913.3_ NODE_18_length_544_cov_0.353319
		Unaligned bases: 1 to 53 (53)

CONTIG: NODE_19_length_503_cov_0.429577 (503bp)
Top Length: 503  Top ID: 98.01
		One align captures most of this contig: 3112043 3112545 | 1 503 | 503 503 | 98.01 | gi_556503834_ref_NC_000913.3_ NODE_19_length_503_cov_0.429577

CONTIG: NODE_20_length_503_cov_0.307512 (503bp)
Top Length: 503  Top ID: 98.01
		One align captures most of this contig: 4386945 4387447 | 1 503 | 503 503 | 98.01 | gi_556503834_ref_NC_000913.3_ NODE_20_length_503_cov_0.307512

Analyzing coverage...
Writing SNPs into /net/metagenomics/projects/afritz_assemblies/Simpipeline_Coverage_Sweep/050_error/Ecoli_cov8/quast_SPAdes_312/contigs_reports/nucmer_output/contigs.used_snps
	Reference gi_556503834_ref_NC_000913.3_: 23 total alignments. 1 total regions.
		Region: 1 to 4641652 (4641652 bp)
			START in gap: 1 to 15286 (15285 bp)
			Align 1: 15286 16828 NODE_3_length_1543_cov_0.568895 1 1543
				Gap between this and next alignment: 16828 to 228880 (212051 bp)
				Next Alignment: 228880 229004 NODE_1_length_5665_cov_23.404259 5542 5665

			Align 2: 228880 229004 NODE_1_length_5665_cov_23.404259 5542 5665
				Gap between this and next alignment: 229004 to 290428 (61423 bp)
				Next Alignment: 290428 291497 NODE_9_length_1121_cov_7.977011 52 1121

			Align 3: 290428 291497 NODE_9_length_1121_cov_7.977011 52 1121
				Gap between this and next alignment: 291497 to 391703 (100205 bp)
				Next Alignment: 391703 393096 NODE_5_length_1496_cov_14.614517 103 1496

			Align 4: 391703 393096 NODE_5_length_1496_cov_14.614517 103 1496
				Gap between this and next alignment: 393096 to 568041 (174944 bp)
				Next Alignment: 568041 568142 NODE_5_length_1496_cov_14.614517 102 1

			Align 5: 568041 568142 NODE_5_length_1496_cov_14.614517 102 1
				Gap between this and next alignment: 568142 to 734032 (165889 bp)
				Next Alignment: 734032 735246 NODE_8_length_1216_cov_1.181738 1215 1

			Align 6: 734032 735246 NODE_8_length_1216_cov_1.181738 1215 1
				Gap between this and next alignment: 735246 to 1270110 (534863 bp)
				Next Alignment: 1270110 1270677 NODE_16_length_569_cov_0.601626 569 1

			Align 7: 1270110 1270677 NODE_16_length_569_cov_0.601626 569 1
				Gap between this and next alignment: 1270677 to 1467781 (197103 bp)
				Next Alignment: 1467781 1470384 NODE_2_length_2607_cov_10.450593 1 2604

			Align 8: 1467781 1470384 NODE_2_length_2607_cov_10.450593 1 2604
				Gap between this and next alignment: 1470384 to 1571089 (100704 bp)
				Next Alignment: 1571089 1572028 NODE_11_length_940_cov_0.577057 1 940

			Align 9: 1571089 1572028 NODE_11_length_940_cov_0.577057 1 940
				Gap between this and next alignment: 1572028 to 1634332 (62303 bp)
				Next Alignment: 1634332 1634822 NODE_18_length_544_cov_0.353319 54 544

			Align 10: 1634332 1634822 NODE_18_length_544_cov_0.353319 54 544
				Gap between this and next alignment: 1634822 to 1641212 (6389 bp)
				Next Alignment: 1641212 1641802 NODE_15_length_591_cov_0.190661 591 1

			Align 11: 1641212 1641802 NODE_15_length_591_cov_0.190661 591 1
				Gap between this and next alignment: 1641802 to 2292051 (650248 bp)
				Next Alignment: 2292051 2292616 NODE_17_length_566_cov_0.235174 566 1

			Align 12: 2292051 2292616 NODE_17_length_566_cov_0.235174 566 1
				Gap between this and next alignment: 2292616 to 2903916 (611299 bp)
				Next Alignment: 2903916 2904526 NODE_13_length_611_cov_0.344569 1 611

			Align 13: 2903916 2904526 NODE_13_length_611_cov_0.344569 1 611
				Gap between this and next alignment: 2904526 to 3112043 (207516 bp)
				Next Alignment: 3112043 3112545 NODE_19_length_503_cov_0.429577 1 503

			Align 14: 3112043 3112545 NODE_19_length_503_cov_0.429577 1 503
				Gap between this and next alignment: 3112545 to 3130033 (17487 bp)
				Next Alignment: 3130033 3130142 NODE_6_length_1434_cov_41.382461 1434 1325

			Align 15: 3130033 3130142 NODE_6_length_1434_cov_41.382461 1434 1325
				Gap between this and next alignment: 3130142 to 3365433 (235290 bp)
				Next Alignment: 3365433 3366753 NODE_6_length_1434_cov_41.382461 4 1324

			Align 16: 3365433 3366753 NODE_6_length_1434_cov_41.382461 4 1324
				Gap between this and next alignment: 3366753 to 3470045 (103291 bp)
				Next Alignment: 3470045 3470700 NODE_12_length_656_cov_0.286701 656 1

			Align 17: 3470045 3470700 NODE_12_length_656_cov_0.286701 656 1
				Gap between this and next alignment: 3470700 to 3620292 (149591 bp)
				Next Alignment: 3620292 3621827 NODE_4_length_1536_cov_0.411241 1536 1

			Align 18: 3620292 3621827 NODE_4_length_1536_cov_0.411241 1536 1
				Gap between this and next alignment: 3621827 to 3624258 (2430 bp)
				Next Alignment: 3624258 3625566 NODE_7_length_1369_cov_0.869969 61 1369

			Align 19: 3624258 3625566 NODE_7_length_1369_cov_0.869969 61 1369
				Gap between this and next alignment: 3625566 to 3762208 (136641 bp)
				Next Alignment: 3762208 3763238 NODE_10_length_1031_cov_0.529350 1 1031

			Align 20: 3762208 3763238 NODE_10_length_1031_cov_0.529350 1 1031
				Gap between this and next alignment: 3763238 to 4014144 (250905 bp)
				Next Alignment: 4014144 4014735 NODE_14_length_592_cov_0.539806 1 592

			Align 21: 4014144 4014735 NODE_14_length_592_cov_0.539806 1 592
				Gap between this and next alignment: 4014735 to 4035099 (20363 bp)
				Next Alignment: 4035099 4040641 NODE_1_length_5665_cov_23.404259 1 5541

			Align 22: 4035099 4040641 NODE_1_length_5665_cov_23.404259 1 5541
				Gap between this and next alignment: 4040641 to 4386945 (346303 bp)
				Next Alignment: 4386945 4387447 NODE_20_length_503_cov_0.307512 1 503

			Align 23: 4386945 4387447 NODE_20_length_503_cov_0.307512 1 503
			END in gap: 4387447 to 4641652 (254205 bp)

Analysis is finished!
Founded SNPs were written into /net/metagenomics/projects/afritz_assemblies/Simpipeline_Coverage_Sweep/050_error/Ecoli_cov8/quast_SPAdes_312/contigs_reports/nucmer_output/contigs.used_snps

Results:
	Local Misassemblies: 0
	Misassemblies: 3
		Relocations: 3
		Translocations: 0
		Inversions: 0
	Misassembled Contigs: 3
	Misassembled Contig Bases: 8595
	Misassemblies Inter-Contig Overlap: 0
Uncovered Regions: 0 (0)
Unaligned Contigs: 0 + 3 part
Partially Unaligned Contigs with Misassemblies: 0
Unaligned Contig Bases: 164

Ambiguously Mapped Contigs: 3
Total Bases in Ambiguously Mapped Contigs: 3507
Note that --allow-ambiguity option was set to "one" and only first alignment per each contig was used.

	Covered Bases: 24924

	SNPs: 285
	Insertions: 2
	Deletions: 3

	Positive Gaps: 24
		Internal Gaps:  2
		External Gaps:  22
		External Gap Total:  4206494
		External Gap Average: 191204
	Negative Gaps: 0
		Internal Overlaps:  0
		External Overlaps:  0
		External Overlaps Total:  0
		External Overlaps Average: 0
	Contigs with Redundant Alignments: 0 (0)
