/homes/afritz/bin/quast/quast.pyc --meta  --no-check-meta  -t 1000 -R /vol/cami-scratch/Simpipeline/iTol_genomes/Buchnera_aphidicola_Acyrthosiphon_pisum_0965/quast_strain/quast_corrected_input/Buchnera_aphidicola_Acyrthosiphon_pisum_ancestor.fa -o /vol/cami-scratch/Simpipeline/iTol_genomes/Buchnera_aphidicola_Acyrthosiphon_pisum_0965/quast_strain/Buchnera_aphidicola_Acyrthosiphon_pisum_ancestor_quast_output --labels final.contigs /vol/cami-scratch/Simpipeline/iTol_genomes/Buchnera_aphidicola_Acyrthosiphon_pisum_0965/quast_strain/quast_corrected_input/final.contigs_to_Buchnera_aphidicola_Acyrthosiphon_pisum_.fasta

Started: 2016-08-04 15:40:50

Logging to /vol/cami-scratch/Simpipeline/iTol_genomes/Buchnera_aphidicola_Acyrthosiphon_pisum_0965/quast_strain/Buchnera_aphidicola_Acyrthosiphon_pisum_ancestor_quast_output/quast.log

Reference:
  /vol/cami-scratch/Simpipeline/iTol_genomes/Buchnera_aphidicola_Acyrthosiphon_pisum_0965/quast_strain/quast_corrected_input/Buchnera_aphidicola_Acyrthosiphon_pisum_ancestor.fa ==> Buchnera_aphidicola_Acyrthosiphon_pisum_ancestor

Contigs:
  /vol/cami-scratch/Simpipeline/iTol_genomes/Buchnera_aphidicola_Acyrthosiphon_pisum_0965/quast_strain/quast_corrected_input/final.contigs_to_Buchnera_aphidicola_Acyrthosiphon_pisum_.fasta ==> final.contigs

2016-08-04 15:40:50
Running Basic statistics processor...
  Reference genome:
    Buchnera_aphidicola_Acyrthosiphon_pisum_ancestor.fa, Reference length = 641799, Reference GC % = 26.30
  Contig files: 
    final.contigs
  Calculating N50 and L50...
    final.contigs, N50 = 1130, L50 = 331, Total length = 1119941, GC % = 26.35, # N's per 100 kbp =  0.00
  Drawing cumulative plot...
    saved to /vol/cami-scratch/Simpipeline/iTol_genomes/Buchnera_aphidicola_Acyrthosiphon_pisum_0965/quast_strain/Buchnera_aphidicola_Acyrthosiphon_pisum_ancestor_quast_output/basic_stats/cumulative_plot.pdf
  Drawing GC content plot...
    saved to /vol/cami-scratch/Simpipeline/iTol_genomes/Buchnera_aphidicola_Acyrthosiphon_pisum_0965/quast_strain/Buchnera_aphidicola_Acyrthosiphon_pisum_ancestor_quast_output/basic_stats/GC_content_plot.pdf
  Drawing Nx plot...
    saved to /vol/cami-scratch/Simpipeline/iTol_genomes/Buchnera_aphidicola_Acyrthosiphon_pisum_0965/quast_strain/Buchnera_aphidicola_Acyrthosiphon_pisum_ancestor_quast_output/basic_stats/Nx_plot.pdf
  Drawing NGx plot...
    saved to /vol/cami-scratch/Simpipeline/iTol_genomes/Buchnera_aphidicola_Acyrthosiphon_pisum_0965/quast_strain/Buchnera_aphidicola_Acyrthosiphon_pisum_ancestor_quast_output/basic_stats/NGx_plot.pdf
Done.

2016-08-04 15:40:53
Running Contig analyzer...
  final.contigs
  Logging to files /vol/cami-scratch/Simpipeline/iTol_genomes/Buchnera_aphidicola_Acyrthosiphon_pisum_0965/quast_strain/Buchnera_aphidicola_Acyrthosiphon_pisum_ancestor_quast_output/contigs_reports/contigs_report_final.contigs.stdout and contigs_report_final.contigs.stderr...
  Running Nucmer
  libs/MUMmer3.23-linux/nucmer -c 65 -l 65 --maxmatch -p /vol/cami-scratch/Simpipeline/iTol_genomes/Buchnera_aphidicola_Acyrthosiphon_pisum_0965/quast_strain/Buchnera_aphidicola_Acyrthosiphon_pisum_ancestor_quast_output/contigs_reports/nucmer_output/final.contigs \
  /vol/cami-scratch/Simpipeline/iTol_genomes/Buchnera_aphidicola_Acyrthosiphon_pisum_0965/quast_strain/Buchnera_aphidicola_Acyrthosiphon_pisum_ancestor_quast_output/quast_corrected_input/Buchnera_aphidicola_Acyrthosiphon_pisum_ancestor.fa \
  /vol/cami-scratch/Simpipeline/iTol_genomes/Buchnera_aphidicola_Acyrthosiphon_pisum_0965/quast_strain/quast_corrected_input/final.contigs_to_Buchnera_aphidicola_Acyrthosiphon_pisum_.fasta \
  >> /vol/cami-scratch/Simpipeline/iTol_genomes/Buchnera_aphidicola_Acyrthosiphon_pisum_0965/quast_strain/Buchnera_aphidicola_Acyrthosiphon_pisum_ancestor_quast_output/contigs_reports/contigs_report_final.contigs.stdout \
  2>> /vol/cami-scratch/Simpipeline/iTol_genomes/Buchnera_aphidicola_Acyrthosiphon_pisum_0965/quast_strain/Buchnera_aphidicola_Acyrthosiphon_pisum_ancestor_quast_output/contigs_reports/contigs_report_final.contigs.stderr
  libs/MUMmer3.23-linux/delta-filter -i 95 -l 0 /vol/cami-scratch/Simpipeline/iTol_genomes/Buchnera_aphidicola_Acyrthosiphon_pisum_0965/quast_strain/Buchnera_aphidicola_Acyrthosiphon_pisum_ancestor_quast_output/contigs_reports/nucmer_output/final.contigs.delta \
  > /vol/cami-scratch/Simpipeline/iTol_genomes/Buchnera_aphidicola_Acyrthosiphon_pisum_0965/quast_strain/Buchnera_aphidicola_Acyrthosiphon_pisum_ancestor_quast_output/contigs_reports/nucmer_output/final.contigs.fdelta \
  2> /vol/cami-scratch/Simpipeline/iTol_genomes/Buchnera_aphidicola_Acyrthosiphon_pisum_0965/quast_strain/Buchnera_aphidicola_Acyrthosiphon_pisum_ancestor_quast_output/contigs_reports/contigs_report_final.contigs.stderr
  libs/MUMmer3.23-linux/show-coords /vol/cami-scratch/Simpipeline/iTol_genomes/Buchnera_aphidicola_Acyrthosiphon_pisum_0965/quast_strain/Buchnera_aphidicola_Acyrthosiphon_pisum_ancestor_quast_output/contigs_reports/nucmer_output/final.contigs.delta \
  > /vol/cami-scratch/Simpipeline/iTol_genomes/Buchnera_aphidicola_Acyrthosiphon_pisum_0965/quast_strain/Buchnera_aphidicola_Acyrthosiphon_pisum_ancestor_quast_output/contigs_reports/nucmer_output/final.contigs.coords_tmp \
  2> /vol/cami-scratch/Simpipeline/iTol_genomes/Buchnera_aphidicola_Acyrthosiphon_pisum_0965/quast_strain/Buchnera_aphidicola_Acyrthosiphon_pisum_ancestor_quast_output/contigs_reports/contigs_report_final.contigs.stderr
  libs/MUMmer3.23-linux/show-snps -S -T -H /vol/cami-scratch/Simpipeline/iTol_genomes/Buchnera_aphidicola_Acyrthosiphon_pisum_0965/quast_strain/Buchnera_aphidicola_Acyrthosiphon_pisum_ancestor_quast_output/contigs_reports/nucmer_output/final.contigs.delta \
  < /vol/cami-scratch/Simpipeline/iTol_genomes/Buchnera_aphidicola_Acyrthosiphon_pisum_0965/quast_strain/Buchnera_aphidicola_Acyrthosiphon_pisum_ancestor_quast_output/contigs_reports/nucmer_output/final.contigs.coords.headless \
  > /vol/cami-scratch/Simpipeline/iTol_genomes/Buchnera_aphidicola_Acyrthosiphon_pisum_0965/quast_strain/Buchnera_aphidicola_Acyrthosiphon_pisum_ancestor_quast_output/contigs_reports/nucmer_output/final.contigs.all_snps \
  2> /vol/cami-scratch/Simpipeline/iTol_genomes/Buchnera_aphidicola_Acyrthosiphon_pisum_0965/quast_strain/Buchnera_aphidicola_Acyrthosiphon_pisum_ancestor_quast_output/contigs_reports/contigs_report_final.contigs.stderr
  Alignments: ../../../../vol/cami-scratch/Simpipeline/iTol_genomes/Buchnera_aphidicola_Acyrthosiphon_pisum_0965/quast_strain/Buchnera_aphidicola_Acyrthosiphon_pisum_ancestor_quast_output/contigs_reports/alignments_final.contigs.tsv
  Analysis is finished.

  Creating total report...
    saved to /vol/cami-scratch/Simpipeline/iTol_genomes/Buchnera_aphidicola_Acyrthosiphon_pisum_0965/quast_strain/Buchnera_aphidicola_Acyrthosiphon_pisum_ancestor_quast_output/contigs_reports/misassemblies_report.txt, misassemblies_report.tsv, and misassemblies_report.tex
  Transposed version of total report...
    saved to /vol/cami-scratch/Simpipeline/iTol_genomes/Buchnera_aphidicola_Acyrthosiphon_pisum_0965/quast_strain/Buchnera_aphidicola_Acyrthosiphon_pisum_ancestor_quast_output/contigs_reports/transposed_report_misassemblies.txt, transposed_report_misassemblies.tsv, and transposed_report_misassemblies.tex
  Creating total report...
    saved to /vol/cami-scratch/Simpipeline/iTol_genomes/Buchnera_aphidicola_Acyrthosiphon_pisum_0965/quast_strain/Buchnera_aphidicola_Acyrthosiphon_pisum_ancestor_quast_output/contigs_reports/unaligned_report.txt, unaligned_report.tsv, and unaligned_report.tex
  Drawing misassemblies by types plot...
    saved to /vol/cami-scratch/Simpipeline/iTol_genomes/Buchnera_aphidicola_Acyrthosiphon_pisum_0965/quast_strain/Buchnera_aphidicola_Acyrthosiphon_pisum_ancestor_quast_output/contigs_reports/misassemblies_plot.pdf
Done.

2016-08-04 15:41:01
Running NA-NGA calculation...
  final.contigs, Largest alignment = 4490, NA50 = 1107, NGA50 = 1579, LA50 = 336, LGA50 = 150
  Drawing cumulative plot...
    saved to /vol/cami-scratch/Simpipeline/iTol_genomes/Buchnera_aphidicola_Acyrthosiphon_pisum_0965/quast_strain/Buchnera_aphidicola_Acyrthosiphon_pisum_ancestor_quast_output/aligned_stats/cumulative_plot.pdf
  Drawing NAx plot...
    saved to /vol/cami-scratch/Simpipeline/iTol_genomes/Buchnera_aphidicola_Acyrthosiphon_pisum_0965/quast_strain/Buchnera_aphidicola_Acyrthosiphon_pisum_ancestor_quast_output/aligned_stats/NAx_plot.pdf
  Drawing NGAx plot...
    saved to /vol/cami-scratch/Simpipeline/iTol_genomes/Buchnera_aphidicola_Acyrthosiphon_pisum_0965/quast_strain/Buchnera_aphidicola_Acyrthosiphon_pisum_ancestor_quast_output/aligned_stats/NGAx_plot.pdf
Done.

2016-08-04 15:41:03
Running Genome analyzer...
  NOTICE: No file with genes provided. Use the -G option if you want to specify it.
  NOTICE: No file with operons provided. Use the -O option if you want to specify it.
  final.contigs
  Analysis is finished.
  Skipping drawing Genome fraction, % histogram... (less than 2 columns histogram makes no sense)
Done.

NOTICE: Genes are not predicted by default. Use --gene-finding option to enable it.

2016-08-04 15:41:03
Drawing large plots...
This may take a while: press Ctrl-C to skip this step..
  1 of 2: Creating contig alignment plot...
  2 of 2: Creating PDF with all tables and plots...
Done

2016-08-04 15:41:08
RESULTS:
  Text versions of total report are saved to /vol/cami-scratch/Simpipeline/iTol_genomes/Buchnera_aphidicola_Acyrthosiphon_pisum_0965/quast_strain/Buchnera_aphidicola_Acyrthosiphon_pisum_ancestor_quast_output/report.txt, report.tsv, and report.tex
  Text versions of transposed total report are saved to /vol/cami-scratch/Simpipeline/iTol_genomes/Buchnera_aphidicola_Acyrthosiphon_pisum_0965/quast_strain/Buchnera_aphidicola_Acyrthosiphon_pisum_ancestor_quast_output/transposed_report.txt, transposed_report.tsv, and transposed_report.tex
  HTML version (interactive tables and plots) saved to /vol/cami-scratch/Simpipeline/iTol_genomes/Buchnera_aphidicola_Acyrthosiphon_pisum_0965/quast_strain/Buchnera_aphidicola_Acyrthosiphon_pisum_ancestor_quast_output/report.html
  PDF version (tables and plots) saved to /vol/cami-scratch/Simpipeline/iTol_genomes/Buchnera_aphidicola_Acyrthosiphon_pisum_0965/quast_strain/Buchnera_aphidicola_Acyrthosiphon_pisum_ancestor_quast_output/report.pdf
  Contig alignment plot: /vol/cami-scratch/Simpipeline/iTol_genomes/Buchnera_aphidicola_Acyrthosiphon_pisum_0965/quast_strain/Buchnera_aphidicola_Acyrthosiphon_pisum_ancestor_quast_output/alignment.svg
    saved to /vol/cami-scratch/Simpipeline/iTol_genomes/Buchnera_aphidicola_Acyrthosiphon_pisum_0965/quast_strain/summary/PDF/#_contigs.pdf
    saved to /vol/cami-scratch/Simpipeline/iTol_genomes/Buchnera_aphidicola_Acyrthosiphon_pisum_0965/quast_strain/summary/PDF/Largest_contig.pdf
    saved to /vol/cami-scratch/Simpipeline/iTol_genomes/Buchnera_aphidicola_Acyrthosiphon_pisum_0965/quast_strain/summary/PDF/Total_length.pdf
    saved to /vol/cami-scratch/Simpipeline/iTol_genomes/Buchnera_aphidicola_Acyrthosiphon_pisum_0965/quast_strain/summary/PDF/N50.pdf
    saved to /vol/cami-scratch/Simpipeline/iTol_genomes/Buchnera_aphidicola_Acyrthosiphon_pisum_0965/quast_strain/summary/PDF/#_misassemblies.pdf
    saved to /vol/cami-scratch/Simpipeline/iTol_genomes/Buchnera_aphidicola_Acyrthosiphon_pisum_0965/quast_strain/summary/PDF/final.contigs_misassemblies.pdf
    saved to /vol/cami-scratch/Simpipeline/iTol_genomes/Buchnera_aphidicola_Acyrthosiphon_pisum_0965/quast_strain/summary/PDF/Misassembled_contigs_length.pdf
    saved to /vol/cami-scratch/Simpipeline/iTol_genomes/Buchnera_aphidicola_Acyrthosiphon_pisum_0965/quast_strain/summary/PDF/#_mismatches_per_100_kbp.pdf
    saved to /vol/cami-scratch/Simpipeline/iTol_genomes/Buchnera_aphidicola_Acyrthosiphon_pisum_0965/quast_strain/summary/PDF/#_indels_per_100_kbp.pdf
    saved to /vol/cami-scratch/Simpipeline/iTol_genomes/Buchnera_aphidicola_Acyrthosiphon_pisum_0965/quast_strain/summary/PDF/#_N's_per_100_kbp.pdf
    saved to /vol/cami-scratch/Simpipeline/iTol_genomes/Buchnera_aphidicola_Acyrthosiphon_pisum_0965/quast_strain/summary/PDF/Genome_fraction_(%).pdf
    saved to /vol/cami-scratch/Simpipeline/iTol_genomes/Buchnera_aphidicola_Acyrthosiphon_pisum_0965/quast_strain/summary/PDF/Duplication_ratio.pdf
    saved to /vol/cami-scratch/Simpipeline/iTol_genomes/Buchnera_aphidicola_Acyrthosiphon_pisum_0965/quast_strain/summary/PDF/NGA50.pdf
