Aligning contigs to reference...
	Running Nucmer
Parsing coords...
Loading Assembly...
Loading reference...
	Loaded [Buchnera_aphidicola_Acyrthosiphon_pisum_0995]
	Loaded [Buchnera_aphidicola_Acyrthosiphon_pisum_ancestor]
Loading SNPs...
Loading regions...
	No regions given, using whole reference.
	Total Regions: 2
	Total Region Length: 1283598
Analyzing contigs...
CONTIG: k99_50_flag_0_multi_90.0659_len_7704 (7704bp)
Top Length: 7704  Top ID: 99.68
		This contig has 2 significant alignments. [An ambiguously mapped contig]
		Using only first of these alignment (option --ambiguity-usage is set to "one"):
		Alignment: 520987 528690 | 1 7704 | 7704 7704 | 99.68 | Buchnera_aphidicola_Acyrthosiphon_pisum_0995 k99_50_flag_0_multi_90.0659_len_7704
		Skipping alignment  121259 128962 | 7704 1 | 7704 7704 | 99.44 | Buchnera_aphidicola_Acyrthosiphon_pisum_ancestor k99_50_flag_0_multi_90.0659_len_7704

CONTIG: k99_34_flag_0_multi_91.2811_len_6421 (6421bp)
Top Length: 6421  Top ID: 99.66
		This contig has 2 significant alignments. [An ambiguously mapped contig]
		Using only first of these alignment (option --ambiguity-usage is set to "one"):
		Alignment: 182544 188964 | 6421 1 | 6421 6421 | 99.66 | Buchnera_aphidicola_Acyrthosiphon_pisum_ancestor k99_34_flag_0_multi_91.2811_len_6421
		Skipping alignment  460985 467405 | 1 6421 | 6421 6421 | 99.38 | Buchnera_aphidicola_Acyrthosiphon_pisum_0995 k99_34_flag_0_multi_91.2811_len_6421

CONTIG: k99_66_flag_0_multi_89.7107_len_18605 (18605bp)
Top Length: 18605  Top ID: 99.61
		This contig has 2 significant alignments. [An ambiguously mapped contig]
		Using only first of these alignment (option --ambiguity-usage is set to "one"):
		Alignment: 158729 177333 | 18605 1 | 18605 18605 | 99.61 | Buchnera_aphidicola_Acyrthosiphon_pisum_ancestor k99_66_flag_0_multi_89.7107_len_18605
		Skipping alignment  472616 491220 | 1 18605 | 18605 18605 | 99.47 | Buchnera_aphidicola_Acyrthosiphon_pisum_0995 k99_66_flag_0_multi_89.7107_len_18605

CONTIG: k99_38_flag_0_multi_89.1460_len_8912 (8912bp)
Top Length: 8912  Top ID: 99.61
		This contig has 2 significant alignments. [An ambiguously mapped contig]
		Using only first of these alignment (option --ambiguity-usage is set to "one"):
		Alignment: 528972 537883 | 8912 1 | 8912 8912 | 99.61 | Buchnera_aphidicola_Acyrthosiphon_pisum_0995 k99_38_flag_0_multi_89.1460_len_8912
		Skipping alignment  112066 120977 | 1 8912 | 8912 8912 | 99.34 | Buchnera_aphidicola_Acyrthosiphon_pisum_ancestor k99_38_flag_0_multi_89.1460_len_8912

CONTIG: k99_111_flag_0_multi_88.9141_len_9432 (9432bp)
Top Length: 9432  Top ID: 99.53
		This contig has 2 significant alignments. [An ambiguously mapped contig]
		Using only first of these alignment (option --ambiguity-usage is set to "one"):
		Alignment: 473943 483374 | 9432 1 | 9432 9432 | 99.53 | Buchnera_aphidicola_Acyrthosiphon_pisum_ancestor k99_111_flag_0_multi_88.9141_len_9432
		Skipping alignment  166575 176006 | 1 9432 | 9432 9432 | 99.49 | Buchnera_aphidicola_Acyrthosiphon_pisum_0995 k99_111_flag_0_multi_88.9141_len_9432

CONTIG: k99_237_flag_0_multi_86.6755_len_9358 (9358bp)
Top Length: 9358  Top ID: 99.67
		This contig has 2 significant alignments. [An ambiguously mapped contig]
		Using only first of these alignment (option --ambiguity-usage is set to "one"):
		Alignment: 566780 576137 | 9358 1 | 9358 9358 | 99.67 | Buchnera_aphidicola_Acyrthosiphon_pisum_ancestor k99_237_flag_0_multi_86.6755_len_9358
		Skipping alignment  73812 83169 | 1 9358 | 9358 9358 | 99.16 | Buchnera_aphidicola_Acyrthosiphon_pisum_0995 k99_237_flag_0_multi_86.6755_len_9358

CONTIG: k99_23_flag_0_multi_86.5228_len_17702 (17702bp)
Top Length: 17702  Top ID: 99.49
		This contig has 2 significant alignments. [An ambiguously mapped contig]
		Using only first of these alignment (option --ambiguity-usage is set to "one"):
		Alignment: 378384 396085 | 1 17702 | 17702 17702 | 99.49 | Buchnera_aphidicola_Acyrthosiphon_pisum_0995 k99_23_flag_0_multi_86.5228_len_17702
		Skipping alignment  253864 271565 | 17702 1 | 17702 17702 | 99.32 | Buchnera_aphidicola_Acyrthosiphon_pisum_ancestor k99_23_flag_0_multi_86.5228_len_17702

CONTIG: k99_235_flag_0_multi_97.5540_len_2814 (2814bp)
Top Length: 2814  Top ID: 99.75
		This contig has 2 significant alignments. [An ambiguously mapped contig]
		Using only first of these alignment (option --ambiguity-usage is set to "one"):
		Alignment: 176145 178958 | 1 2814 | 2814 2814 | 99.75 | Buchnera_aphidicola_Acyrthosiphon_pisum_0995 k99_235_flag_0_multi_97.5540_len_2814
		Skipping alignment  449751 452564 | 1 2814 | 2814 2814 | 99.43 | Buchnera_aphidicola_Acyrthosiphon_pisum_ancestor k99_235_flag_0_multi_97.5540_len_2814

CONTIG: k99_256_flag_0_multi_65.8923_len_693 (693bp)
Top Length: 693  Top ID: 100.0
		Marking as insignificant: 563197 563889 | 1 693 | 693 693 | 97.98 | Buchnera_aphidicola_Acyrthosiphon_pisum_ancestor k99_256_flag_0_multi_65.8923_len_693
		One align captures most of this contig: 86060 86752 | 693 1 | 693 693 | 100.0 | Buchnera_aphidicola_Acyrthosiphon_pisum_0995 k99_256_flag_0_multi_65.8923_len_693

CONTIG: k99_251_flag_0_multi_89.4063_len_9061 (9061bp)
Top Length: 9061  Top ID: 99.67
		This contig has 2 significant alignments. [An ambiguously mapped contig]
		Using only first of these alignment (option --ambiguity-usage is set to "one"):
		Alignment: 611779 620839 | 9061 1 | 9061 9061 | 99.67 | Buchnera_aphidicola_Acyrthosiphon_pisum_ancestor k99_251_flag_0_multi_89.4063_len_9061
		Skipping alignment  29110 38170 | 1 9061 | 9061 9061 | 99.29 | Buchnera_aphidicola_Acyrthosiphon_pisum_0995 k99_251_flag_0_multi_89.4063_len_9061

CONTIG: k99_33_flag_0_multi_89.9107_len_10388 (10388bp)
Top Length: 10388  Top ID: 99.53
		This contig has 2 significant alignments. [An ambiguously mapped contig]
		Using only first of these alignment (option --ambiguity-usage is set to "one"):
		Alignment: 326096 336483 | 1 10388 | 10388 10388 | 99.53 | Buchnera_aphidicola_Acyrthosiphon_pisum_0995 k99_33_flag_0_multi_89.9107_len_10388
		Skipping alignment  313466 323853 | 10388 1 | 10388 10388 | 99.51 | Buchnera_aphidicola_Acyrthosiphon_pisum_ancestor k99_33_flag_0_multi_89.9107_len_10388

CONTIG: k99_101_flag_0_multi_77.1517_len_534 (534bp)
Top Length: 534  Top ID: 100.0
		Marking as insignificant: 1194 1727 | 1 534 | 534 534 | 97.94 | Buchnera_aphidicola_Acyrthosiphon_pisum_ancestor k99_101_flag_0_multi_77.1517_len_534
		One align captures most of this contig: 1194 1727 | 1 534 | 534 534 | 100.0 | Buchnera_aphidicola_Acyrthosiphon_pisum_0995 k99_101_flag_0_multi_77.1517_len_534

CONTIG: k99_48_flag_0_multi_88.9916_len_2251 (2251bp)
Top Length: 2251  Top ID: 99.6
		This contig has 2 significant alignments. [An ambiguously mapped contig]
		Using only first of these alignment (option --ambiguity-usage is set to "one"):
		Alignment: 61108 63358 | 2251 1 | 2251 2251 | 99.6 | Buchnera_aphidicola_Acyrthosiphon_pisum_0995 k99_48_flag_0_multi_88.9916_len_2251
		Skipping alignment  586591 588841 | 1 2251 | 2251 2251 | 99.51 | Buchnera_aphidicola_Acyrthosiphon_pisum_ancestor k99_48_flag_0_multi_88.9916_len_2251

CONTIG: k99_7_flag_0_multi_91.1823_len_4624 (4624bp)
Top Length: 4624  Top ID: 99.57
		This contig has 2 significant alignments. [An ambiguously mapped contig]
		Using only first of these alignment (option --ambiguity-usage is set to "one"):
		Alignment: 17411 22034 | 4624 1 | 4624 4624 | 99.57 | Buchnera_aphidicola_Acyrthosiphon_pisum_ancestor k99_7_flag_0_multi_91.1823_len_4624
		Skipping alignment  17411 22034 | 4624 1 | 4624 4624 | 99.44 | Buchnera_aphidicola_Acyrthosiphon_pisum_0995 k99_7_flag_0_multi_91.1823_len_4624

CONTIG: k99_208_flag_0_multi_81.7719_len_1068 (1068bp)
Top Length: 1068  Top ID: 99.44
		This contig has 2 significant alignments. [An ambiguously mapped contig]
		Using only first of these alignment (option --ambiguity-usage is set to "one"):
		Alignment: 289136 290203 | 1 1068 | 1068 1068 | 99.44 | Buchnera_aphidicola_Acyrthosiphon_pisum_ancestor k99_208_flag_0_multi_81.7719_len_1068
		Skipping alignment  359746 360813 | 1068 1 | 1068 1068 | 99.44 | Buchnera_aphidicola_Acyrthosiphon_pisum_0995 k99_208_flag_0_multi_81.7719_len_1068

CONTIG: k99_100_flag_0_multi_84.6110_len_7133 (7133bp)
Top Length: 7133  Top ID: 99.62
		This contig has 2 significant alignments. [An ambiguously mapped contig]
		Using only first of these alignment (option --ambiguity-usage is set to "one"):
		Alignment: 537104 544236 | 7133 1 | 7133 7133 | 99.62 | Buchnera_aphidicola_Acyrthosiphon_pisum_ancestor k99_100_flag_0_multi_84.6110_len_7133
		Skipping alignment  105713 112845 | 1 7133 | 7133 7133 | 99.44 | Buchnera_aphidicola_Acyrthosiphon_pisum_0995 k99_100_flag_0_multi_84.6110_len_7133

CONTIG: k99_60_flag_0_multi_89.8394_len_10021 (10021bp)
Top Length: 10021  Top ID: 99.58
		This contig has 2 significant alignments. [An ambiguously mapped contig]
		Using only first of these alignment (option --ambiguity-usage is set to "one"):
		Alignment: 570353 580373 | 10021 1 | 10021 10021 | 99.58 | Buchnera_aphidicola_Acyrthosiphon_pisum_0995 k99_60_flag_0_multi_89.8394_len_10021
		Skipping alignment  69576 79596 | 1 10021 | 10021 10021 | 99.56 | Buchnera_aphidicola_Acyrthosiphon_pisum_ancestor k99_60_flag_0_multi_89.8394_len_10021

CONTIG: k99_144_flag_0_multi_91.8521_len_10363 (10363bp)
Top Length: 10363  Top ID: 99.52
		This contig has 2 significant alignments. [An ambiguously mapped contig]
		Using only first of these alignment (option --ambiguity-usage is set to "one"):
		Alignment: 492270 502632 | 10363 1 | 10363 10363 | 99.52 | Buchnera_aphidicola_Acyrthosiphon_pisum_ancestor k99_144_flag_0_multi_91.8521_len_10363
		Skipping alignment  147317 157679 | 1 10363 | 10363 10363 | 99.39 | Buchnera_aphidicola_Acyrthosiphon_pisum_0995 k99_144_flag_0_multi_91.8521_len_10363

CONTIG: k99_110_flag_0_multi_91.7037_len_1584 (1584bp)
Top Length: 1584  Top ID: 99.75
		This contig has 2 significant alignments. [An ambiguously mapped contig]
		Using only first of these alignment (option --ambiguity-usage is set to "one"):
		Alignment: 129409 130992 | 1584 1 | 1584 1584 | 99.75 | Buchnera_aphidicola_Acyrthosiphon_pisum_ancestor k99_110_flag_0_multi_91.7037_len_1584
		Skipping alignment  518957 520540 | 1 1584 | 1584 1584 | 99.49 | Buchnera_aphidicola_Acyrthosiphon_pisum_0995 k99_110_flag_0_multi_91.7037_len_1584

CONTIG: k99_74_flag_0_multi_91.0978_len_4157 (4157bp)
Top Length: 4157  Top ID: 99.71
		This contig has 2 significant alignments. [An ambiguously mapped contig]
		Using only first of these alignment (option --ambiguity-usage is set to "one"):
		Alignment: 65518 69674 | 1 4157 | 4157 4157 | 99.71 | Buchnera_aphidicola_Acyrthosiphon_pisum_ancestor k99_74_flag_0_multi_91.0978_len_4157
		Skipping alignment  580275 584431 | 4157 1 | 4157 4157 | 99.4 | Buchnera_aphidicola_Acyrthosiphon_pisum_0995 k99_74_flag_0_multi_91.0978_len_4157

CONTIG: k99_28_flag_0_multi_87.6933_len_16243 (16243bp)
Top Length: 16243  Top ID: 99.5
		This contig has 2 significant alignments. [An ambiguously mapped contig]
		Using only first of these alignment (option --ambiguity-usage is set to "one"):
		Alignment: 409712 425954 | 16243 1 | 16243 16243 | 99.5 | Buchnera_aphidicola_Acyrthosiphon_pisum_ancestor k99_28_flag_0_multi_87.6933_len_16243
		Skipping alignment  223995 240237 | 1 16243 | 16243 16243 | 99.48 | Buchnera_aphidicola_Acyrthosiphon_pisum_0995 k99_28_flag_0_multi_87.6933_len_16243

CONTIG: k99_20_flag_0_multi_91.7053_len_5209 (5209bp)
Top Length: 5209  Top ID: 99.6
		This contig has 2 significant alignments. [An ambiguously mapped contig]
		Using only first of these alignment (option --ambiguity-usage is set to "one"):
		Alignment: 312997 318205 | 1 5209 | 5209 5209 | 99.6 | Buchnera_aphidicola_Acyrthosiphon_pisum_0995 k99_20_flag_0_multi_91.7053_len_5209
		Skipping alignment  331744 336952 | 5209 1 | 5209 5209 | 99.42 | Buchnera_aphidicola_Acyrthosiphon_pisum_ancestor k99_20_flag_0_multi_91.7053_len_5209

CONTIG: k99_276_flag_0_multi_85.7001_len_4591 (4591bp)
Top Length: 4591  Top ID: 99.61
		This contig has 2 significant alignments. [An ambiguously mapped contig]
		Using only first of these alignment (option --ambiguity-usage is set to "one"):
		Alignment: 630880 635470 | 1 4591 | 4591 4591 | 99.61 | Buchnera_aphidicola_Acyrthosiphon_pisum_ancestor k99_276_flag_0_multi_85.7001_len_4591
		Skipping alignment  630880 635470 | 1 4591 | 4591 4591 | 99.43 | Buchnera_aphidicola_Acyrthosiphon_pisum_0995 k99_276_flag_0_multi_85.7001_len_4591

CONTIG: k99_59_flag_0_multi_86.3518_len_2353 (2353bp)
Top Length: 2353  Top ID: 99.7
		This contig has 2 significant alignments. [An ambiguously mapped contig]
		Using only first of these alignment (option --ambiguity-usage is set to "one"):
		Alignment: 601196 603548 | 1 2353 | 2353 2353 | 99.7 | Buchnera_aphidicola_Acyrthosiphon_pisum_ancestor k99_59_flag_0_multi_86.3518_len_2353
		Skipping alignment  46401 48753 | 2353 1 | 2353 2353 | 99.58 | Buchnera_aphidicola_Acyrthosiphon_pisum_0995 k99_59_flag_0_multi_86.3518_len_2353

CONTIG: k99_114_flag_0_multi_89.0415_len_1375 (1375bp)
Top Length: 1375  Top ID: 99.64
		This contig has 2 significant alignments. [An ambiguously mapped contig]
		Using only first of these alignment (option --ambiguity-usage is set to "one"):
		Alignment: 393400 394774 | 1 1375 | 1375 1375 | 99.64 | Buchnera_aphidicola_Acyrthosiphon_pisum_ancestor k99_114_flag_0_multi_89.0415_len_1375
		Skipping alignment  255175 256549 | 1375 1 | 1375 1375 | 98.91 | Buchnera_aphidicola_Acyrthosiphon_pisum_0995 k99_114_flag_0_multi_89.0415_len_1375

CONTIG: k99_126_flag_0_multi_89.4365_len_7442 (7442bp)
Top Length: 7442  Top ID: 99.65
		This contig has 2 significant alignments. [An ambiguously mapped contig]
		Using only first of these alignment (option --ambiguity-usage is set to "one"):
		Alignment: 33337 40778 | 1 7442 | 7442 7442 | 99.65 | Buchnera_aphidicola_Acyrthosiphon_pisum_ancestor k99_126_flag_0_multi_89.4365_len_7442
		Skipping alignment  598895 606336 | 1 7442 | 7442 7442 | 99.57 | Buchnera_aphidicola_Acyrthosiphon_pisum_0995 k99_126_flag_0_multi_89.4365_len_7442

CONTIG: k99_197_flag_0_multi_89.9687_len_1122 (1122bp)
Top Length: 1122  Top ID: 99.55
		This contig has 2 significant alignments. [An ambiguously mapped contig]
		Using only first of these alignment (option --ambiguity-usage is set to "one"):
		Alignment: 114510 115631 | 1122 1 | 1122 1122 | 99.55 | Buchnera_aphidicola_Acyrthosiphon_pisum_0995 k99_197_flag_0_multi_89.9687_len_1122
		Skipping alignment  534318 535439 | 1 1122 | 1122 1122 | 99.2 | Buchnera_aphidicola_Acyrthosiphon_pisum_ancestor k99_197_flag_0_multi_89.9687_len_1122

CONTIG: k99_36_flag_0_multi_83.3641_len_4125 (4125bp)
Top Length: 4125  Top ID: 99.52
		This contig has 2 significant alignments. [An ambiguously mapped contig]
		Using only first of these alignment (option --ambiguity-usage is set to "one"):
		Alignment: 596116 600240 | 1 4125 | 4125 4125 | 99.52 | Buchnera_aphidicola_Acyrthosiphon_pisum_ancestor k99_36_flag_0_multi_83.3641_len_4125
		Skipping alignment  49709 53833 | 4125 1 | 4125 4125 | 99.37 | Buchnera_aphidicola_Acyrthosiphon_pisum_0995 k99_36_flag_0_multi_83.3641_len_4125

CONTIG: k99_131_flag_0_multi_70.4217_len_763 (763bp)
Top Length: 763  Top ID: 100.0
		Marking as insignificant: 132362 133124 | 1 763 | 763 763 | 97.9 | Buchnera_aphidicola_Acyrthosiphon_pisum_0995 k99_131_flag_0_multi_70.4217_len_763
		One align captures most of this contig: 516825 517587 | 763 1 | 763 763 | 100.0 | Buchnera_aphidicola_Acyrthosiphon_pisum_ancestor k99_131_flag_0_multi_70.4217_len_763

CONTIG: k99_297_flag_0_multi_85.0440_len_3193 (3193bp)
Top Length: 3193  Top ID: 99.53
		This contig has 2 significant alignments. [An ambiguously mapped contig]
		Using only first of these alignment (option --ambiguity-usage is set to "one"):
		Alignment: 323002 326194 | 3193 1 | 3193 3193 | 99.53 | Buchnera_aphidicola_Acyrthosiphon_pisum_0995 k99_297_flag_0_multi_85.0440_len_3193
		Skipping alignment  323755 326947 | 1 3193 | 3193 3193 | 99.28 | Buchnera_aphidicola_Acyrthosiphon_pisum_ancestor k99_297_flag_0_multi_85.0440_len_3193

CONTIG: k99_151_flag_0_multi_88.1204_len_23250 (23250bp)
Top Length: 23250  Top ID: 99.45
		This contig has 2 significant alignments. [An ambiguously mapped contig]
		Using only first of these alignment (option --ambiguity-usage is set to "one"):
		Alignment: 85246 108495 | 23250 1 | 23250 23250 | 99.45 | Buchnera_aphidicola_Acyrthosiphon_pisum_ancestor k99_151_flag_0_multi_88.1204_len_23250
		Skipping alignment  541454 564703 | 1 23250 | 23250 23250 | 99.39 | Buchnera_aphidicola_Acyrthosiphon_pisum_0995 k99_151_flag_0_multi_88.1204_len_23250

CONTIG: k99_279_flag_0_multi_86.0360_len_6385 (6385bp)
Top Length: 6385  Top ID: 99.44
		This contig has 2 significant alignments. [An ambiguously mapped contig]
		Using only first of these alignment (option --ambiguity-usage is set to "one"):
		Alignment: 584706 591090 | 1 6385 | 6385 6385 | 99.44 | Buchnera_aphidicola_Acyrthosiphon_pisum_0995 k99_279_flag_0_multi_86.0360_len_6385
		Skipping alignment  624417 630801 | 6385 1 | 6385 6385 | 99.44 | Buchnera_aphidicola_Acyrthosiphon_pisum_ancestor k99_279_flag_0_multi_86.0360_len_6385

CONTIG: k99_37_flag_0_multi_87.6161_len_5256 (5256bp)
Top Length: 5256  Top ID: 99.7
		This contig has 2 significant alignments. [An ambiguously mapped contig]
		Using only first of these alignment (option --ambiguity-usage is set to "one"):
		Alignment: 9053 14308 | 5256 1 | 5256 5256 | 99.7 | Buchnera_aphidicola_Acyrthosiphon_pisum_0995 k99_37_flag_0_multi_87.6161_len_5256
		Skipping alignment  9053 14308 | 5256 1 | 5256 5256 | 99.22 | Buchnera_aphidicola_Acyrthosiphon_pisum_ancestor k99_37_flag_0_multi_87.6161_len_5256

CONTIG: k99_130_flag_0_multi_68.5919_len_763 (763bp)
Top Length: 763  Top ID: 100.0
		Marking as insignificant: 516825 517587 | 763 1 | 763 763 | 97.9 | Buchnera_aphidicola_Acyrthosiphon_pisum_ancestor k99_130_flag_0_multi_68.5919_len_763
		One align captures most of this contig: 132362 133124 | 1 763 | 763 763 | 100.0 | Buchnera_aphidicola_Acyrthosiphon_pisum_0995 k99_130_flag_0_multi_68.5919_len_763

CONTIG: k99_261_flag_0_multi_68.8030_len_693 (693bp)
Top Length: 693  Top ID: 100.0
		Marking as insignificant: 86060 86752 | 693 1 | 693 693 | 97.98 | Buchnera_aphidicola_Acyrthosiphon_pisum_0995 k99_261_flag_0_multi_68.8030_len_693
		One align captures most of this contig: 563197 563889 | 1 693 | 693 693 | 100.0 | Buchnera_aphidicola_Acyrthosiphon_pisum_ancestor k99_261_flag_0_multi_68.8030_len_693

CONTIG: k99_24_flag_0_multi_91.8883_len_2981 (2981bp)
Top Length: 2981  Top ID: 99.8
		This contig has 2 significant alignments. [An ambiguously mapped contig]
		Using only first of these alignment (option --ambiguity-usage is set to "one"):
		Alignment: 412964 415944 | 1 2981 | 2981 2981 | 99.8 | Buchnera_aphidicola_Acyrthosiphon_pisum_0995 k99_24_flag_0_multi_91.8883_len_2981
		Skipping alignment  234005 236985 | 2981 1 | 2981 2981 | 98.99 | Buchnera_aphidicola_Acyrthosiphon_pisum_ancestor k99_24_flag_0_multi_91.8883_len_2981

CONTIG: k99_61_flag_0_multi_88.2504_len_7428 (7428bp)
Top Length: 7428  Top ID: 99.64
		This contig has 2 significant alignments. [An ambiguously mapped contig]
		Using only first of these alignment (option --ambiguity-usage is set to "one"):
		Alignment: 125033 132460 | 7428 1 | 7428 7428 | 99.64 | Buchnera_aphidicola_Acyrthosiphon_pisum_0995 k99_61_flag_0_multi_88.2504_len_7428
		Skipping alignment  517489 524916 | 1 7428 | 7428 7428 | 99.39 | Buchnera_aphidicola_Acyrthosiphon_pisum_ancestor k99_61_flag_0_multi_88.2504_len_7428

CONTIG: k99_195_flag_0_multi_92.6835_len_4295 (4295bp)
Top Length: 4295  Top ID: 99.63
		This contig has 2 significant alignments. [An ambiguously mapped contig]
		Using only first of these alignment (option --ambiguity-usage is set to "one"):
		Alignment: 358417 362711 | 1 4295 | 4295 4295 | 99.63 | Buchnera_aphidicola_Acyrthosiphon_pisum_ancestor k99_195_flag_0_multi_92.6835_len_4295
		Skipping alignment  287238 291532 | 4295 1 | 4295 4295 | 99.51 | Buchnera_aphidicola_Acyrthosiphon_pisum_0995 k99_195_flag_0_multi_92.6835_len_4295

CONTIG: k99_35_flag_0_multi_72.2985_len_568 (568bp)
Top Length: 568  Top ID: 100.0
		Marking as insignificant: 243024 243591 | 568 1 | 568 568 | 97.89 | Buchnera_aphidicola_Acyrthosiphon_pisum_0995 k99_35_flag_0_multi_72.2985_len_568
		One align captures most of this contig: 406358 406925 | 1 568 | 568 568 | 100.0 | Buchnera_aphidicola_Acyrthosiphon_pisum_ancestor k99_35_flag_0_multi_72.2985_len_568

CONTIG: k99_81_flag_0_multi_85.3131_len_3619 (3619bp)
Top Length: 3619  Top ID: 99.67
		This contig has 2 significant alignments. [An ambiguously mapped contig]
		Using only first of these alignment (option --ambiguity-usage is set to "one"):
		Alignment: 483680 487298 | 1 3619 | 3619 3619 | 99.67 | Buchnera_aphidicola_Acyrthosiphon_pisum_ancestor k99_81_flag_0_multi_85.3131_len_3619
		Skipping alignment  162651 166269 | 3619 1 | 3619 3619 | 99.23 | Buchnera_aphidicola_Acyrthosiphon_pisum_0995 k99_81_flag_0_multi_85.3131_len_3619

CONTIG: k99_43_flag_0_multi_90.3211_len_21061 (21061bp)
Top Length: 21061  Top ID: 99.57
		This contig has 2 significant alignments. [An ambiguously mapped contig]
		Using only first of these alignment (option --ambiguity-usage is set to "one"):
		Alignment: 179168 200228 | 21061 1 | 21061 21061 | 99.57 | Buchnera_aphidicola_Acyrthosiphon_pisum_0995 k99_43_flag_0_multi_90.3211_len_21061
		Skipping alignment  452774 473834 | 21061 1 | 21061 21061 | 99.54 | Buchnera_aphidicola_Acyrthosiphon_pisum_ancestor k99_43_flag_0_multi_90.3211_len_21061

CONTIG: k99_289_flag_0_multi_67.8886_len_503 (503bp)
Top Length: 503  Top ID: 100.0
		Marking as insignificant: 166171 166673 | 503 1 | 503 503 | 97.81 | Buchnera_aphidicola_Acyrthosiphon_pisum_0995 k99_289_flag_0_multi_67.8886_len_503
		One align captures most of this contig: 483276 483778 | 1 503 | 503 503 | 100.0 | Buchnera_aphidicola_Acyrthosiphon_pisum_ancestor k99_289_flag_0_multi_67.8886_len_503

CONTIG: k99_287_flag_0_multi_45.9257_len_503 (503bp)
Top Length: 503  Top ID: 100.0
		Marking as insignificant: 483276 483778 | 1 503 | 503 503 | 97.81 | Buchnera_aphidicola_Acyrthosiphon_pisum_ancestor k99_287_flag_0_multi_45.9257_len_503
		One align captures most of this contig: 166171 166673 | 503 1 | 503 503 | 100.0 | Buchnera_aphidicola_Acyrthosiphon_pisum_0995 k99_287_flag_0_multi_45.9257_len_503

CONTIG: k99_15_flag_0_multi_89.9853_len_3434 (3434bp)
Top Length: 3434  Top ID: 99.59
		This contig has 2 significant alignments. [An ambiguously mapped contig]
		Using only first of these alignment (option --ambiguity-usage is set to "one"):
		Alignment: 79498 82931 | 1 3434 | 3434 3434 | 99.59 | Buchnera_aphidicola_Acyrthosiphon_pisum_ancestor k99_15_flag_0_multi_89.9853_len_3434
		Skipping alignment  567018 570451 | 3434 1 | 3434 3434 | 99.48 | Buchnera_aphidicola_Acyrthosiphon_pisum_0995 k99_15_flag_0_multi_89.9853_len_3434

CONTIG: k99_255_flag_0_multi_89.9423_len_532 (532bp)
Top Length: 532  Top ID: 100.0
		This contig has 2 significant alignments. [An ambiguously mapped contig]
		Using only first of these alignment (option --ambiguity-usage is set to "one"):
		Alignment: 512486 513017 | 532 1 | 532 532 | 100.0 | Buchnera_aphidicola_Acyrthosiphon_pisum_ancestor k99_255_flag_0_multi_89.9423_len_532
		Skipping alignment  136932 137463 | 1 532 | 532 532 | 99.44 | Buchnera_aphidicola_Acyrthosiphon_pisum_0995 k99_255_flag_0_multi_89.9423_len_532

CONTIG: k99_296_flag_0_multi_91.3479_len_4005 (4005bp)
Top Length: 4005  Top ID: 99.73
		This contig has 2 significant alignments. [An ambiguously mapped contig]
		Using only first of these alignment (option --ambiguity-usage is set to "one"):
		Alignment: 512919 516923 | 4005 1 | 4005 4005 | 99.73 | Buchnera_aphidicola_Acyrthosiphon_pisum_ancestor k99_296_flag_0_multi_91.3479_len_4005
		Skipping alignment  133026 137030 | 1 4005 | 4005 4005 | 99.13 | Buchnera_aphidicola_Acyrthosiphon_pisum_0995 k99_296_flag_0_multi_91.3479_len_4005

CONTIG: k99_157_flag_0_multi_91.6802_len_1919 (1919bp)
Top Length: 1919  Top ID: 99.79
		This contig has 2 significant alignments. [An ambiguously mapped contig]
		Using only first of these alignment (option --ambiguity-usage is set to "one"):
		Alignment: 83178 85096 | 1919 1 | 1919 1919 | 99.79 | Buchnera_aphidicola_Acyrthosiphon_pisum_ancestor k99_157_flag_0_multi_91.6802_len_1919
		Skipping alignment  564853 566771 | 1 1919 | 1919 1919 | 99.43 | Buchnera_aphidicola_Acyrthosiphon_pisum_0995 k99_157_flag_0_multi_91.6802_len_1919

CONTIG: k99_298_flag_0_multi_79.5033_len_697 (697bp)
Top Length: 697  Top ID: 99.86
		Marking as insignificant: 8455 9151 | 1 697 | 697 697 | 97.99 | Buchnera_aphidicola_Acyrthosiphon_pisum_0995 k99_298_flag_0_multi_79.5033_len_697
		One align captures most of this contig: 8455 9151 | 1 697 | 697 697 | 99.86 | Buchnera_aphidicola_Acyrthosiphon_pisum_ancestor k99_298_flag_0_multi_79.5033_len_697

CONTIG: k99_236_flag_0_multi_89.6200_len_11222 (11222bp)
Top Length: 5946  Top ID: 99.38
			Skipping redundant alignments after choosing the best set of alignments
		Skipping redundant alignment 290323 295679 | 11222 5866 | 5357 5357 | 99.55 | Buchnera_aphidicola_Acyrthosiphon_pisum_ancestor k99_236_flag_0_multi_89.6200_len_11222
		Skipping redundant alignment 295680 301624 | 5946 1 | 5945 5946 | 99.33 | Buchnera_aphidicola_Acyrthosiphon_pisum_ancestor k99_236_flag_0_multi_89.6200_len_11222
		This contig is misassembled. 4 total aligns.
			Excluding internal overlap of size 81 between Alignment 1 and 2:  354270 359626 | 5866 11222 | 5357 5357 --> 354351 359626 | 5947 11222 | 5276 5276
			Real Alignment 1: 348325 354269 | 1 5946 | 5945 5946 | 99.38 | Buchnera_aphidicola_Acyrthosiphon_pisum_0995 k99_236_flag_0_multi_89.6200_len_11222
			  Fake misassembly between these two alignments: inconsistency = 81 , gap in the contig is small or absent or filled mostly with Ns (long indel: deletion of length 81; 0 mismatches)
			Real Alignment 2: 354351 359626 | 5947 11222 | 5276 5276 | 99.5 | Buchnera_aphidicola_Acyrthosiphon_pisum_0995 k99_236_flag_0_multi_89.6200_len_11222

CONTIG: k99_218_flag_0_multi_83.7777_len_2749 (2749bp)
Top Length: 2749  Top ID: 99.56
		This contig has 2 significant alignments. [An ambiguously mapped contig]
		Using only first of these alignment (option --ambiguity-usage is set to "one"):
		Alignment: 240374 243122 | 2749 1 | 2749 2749 | 99.56 | Buchnera_aphidicola_Acyrthosiphon_pisum_0995 k99_218_flag_0_multi_83.7777_len_2749
		Skipping alignment  406827 409575 | 1 2749 | 2749 2749 | 99.45 | Buchnera_aphidicola_Acyrthosiphon_pisum_ancestor k99_218_flag_0_multi_83.7777_len_2749

CONTIG: k99_177_flag_0_multi_85.2100_len_3832 (3832bp)
Top Length: 3832  Top ID: 99.82
		This contig has 2 significant alignments. [An ambiguously mapped contig]
		Using only first of these alignment (option --ambiguity-usage is set to "one"):
		Alignment: 236887 240718 | 3832 1 | 3832 3832 | 99.82 | Buchnera_aphidicola_Acyrthosiphon_pisum_ancestor k99_177_flag_0_multi_85.2100_len_3832
		Skipping alignment  409231 413062 | 1 3832 | 3832 3832 | 99.09 | Buchnera_aphidicola_Acyrthosiphon_pisum_0995 k99_177_flag_0_multi_85.2100_len_3832

CONTIG: k99_44_flag_0_multi_73.8273_len_568 (568bp)
Top Length: 568  Top ID: 100.0
		Marking as insignificant: 406358 406925 | 1 568 | 568 568 | 97.89 | Buchnera_aphidicola_Acyrthosiphon_pisum_ancestor k99_44_flag_0_multi_73.8273_len_568
		One align captures most of this contig: 243024 243591 | 568 1 | 568 568 | 100.0 | Buchnera_aphidicola_Acyrthosiphon_pisum_0995 k99_44_flag_0_multi_73.8273_len_568

CONTIG: k99_82_flag_0_multi_87.1701_len_4243 (4243bp)
Top Length: 4243  Top ID: 99.6
		This contig has 2 significant alignments. [An ambiguously mapped contig]
		Using only first of these alignment (option --ambiguity-usage is set to "one"):
		Alignment: 637550 641792 | 4243 1 | 4243 4243 | 99.6 | Buchnera_aphidicola_Acyrthosiphon_pisum_ancestor k99_82_flag_0_multi_87.1701_len_4243
		Skipping alignment  637550 641792 | 4243 1 | 4243 4243 | 99.55 | Buchnera_aphidicola_Acyrthosiphon_pisum_0995 k99_82_flag_0_multi_87.1701_len_4243

CONTIG: k99_194_flag_0_multi_62.8227_len_539 (539bp)
Top Length: 539  Top ID: 100.0
		Marking as insignificant: 512046 512584 | 1 539 | 539 539 | 97.77 | Buchnera_aphidicola_Acyrthosiphon_pisum_ancestor k99_194_flag_0_multi_62.8227_len_539
		One align captures most of this contig: 137365 137903 | 539 1 | 539 539 | 100.0 | Buchnera_aphidicola_Acyrthosiphon_pisum_0995 k99_194_flag_0_multi_62.8227_len_539

CONTIG: k99_4_flag_0_multi_84.3887_len_665 (665bp)
Top Length: 665  Top ID: 100.0
		Marking as insignificant: 569787 570451 | 665 1 | 665 665 | 98.8 | Buchnera_aphidicola_Acyrthosiphon_pisum_0995 k99_4_flag_0_multi_84.3887_len_665
		One align captures most of this contig: 79498 80162 | 1 665 | 665 665 | 100.0 | Buchnera_aphidicola_Acyrthosiphon_pisum_ancestor k99_4_flag_0_multi_84.3887_len_665

CONTIG: k99_65_flag_0_multi_74.3701_len_534 (534bp)
Top Length: 534  Top ID: 100.0
		Marking as insignificant: 1194 1727 | 1 534 | 534 534 | 97.94 | Buchnera_aphidicola_Acyrthosiphon_pisum_0995 k99_65_flag_0_multi_74.3701_len_534
		One align captures most of this contig: 1194 1727 | 1 534 | 534 534 | 100.0 | Buchnera_aphidicola_Acyrthosiphon_pisum_ancestor k99_65_flag_0_multi_74.3701_len_534

CONTIG: k99_97_flag_0_multi_95.0455_len_2625 (2625bp)
Top Length: 2625  Top ID: 99.66
		This contig has 2 significant alignments. [An ambiguously mapped contig]
		Using only first of these alignment (option --ambiguity-usage is set to "one"):
		Alignment: 286298 288922 | 2625 1 | 2625 2625 | 99.66 | Buchnera_aphidicola_Acyrthosiphon_pisum_ancestor k99_97_flag_0_multi_95.0455_len_2625
		Skipping alignment  361027 363651 | 1 2625 | 2625 2625 | 99.43 | Buchnera_aphidicola_Acyrthosiphon_pisum_0995 k99_97_flag_0_multi_95.0455_len_2625

CONTIG: k99_41_flag_0_multi_84.2795_len_5626 (5626bp)
Top Length: 5626  Top ID: 99.5
		This contig has 2 significant alignments. [An ambiguously mapped contig]
		Using only first of these alignment (option --ambiguity-usage is set to "one"):
		Alignment: 243493 249118 | 1 5626 | 5626 5626 | 99.5 | Buchnera_aphidicola_Acyrthosiphon_pisum_0995 k99_41_flag_0_multi_84.2795_len_5626
		Skipping alignment  400831 406456 | 5626 1 | 5626 5626 | 99.47 | Buchnera_aphidicola_Acyrthosiphon_pisum_ancestor k99_41_flag_0_multi_84.2795_len_5626

CONTIG: k99_9_flag_0_multi_61.6595_len_516 (516bp)
Top Length: 516  Top ID: 100.0
		Marking as insignificant: 158312 158827 | 516 1 | 516 516 | 97.87 | Buchnera_aphidicola_Acyrthosiphon_pisum_ancestor k99_9_flag_0_multi_61.6595_len_516
		One align captures most of this contig: 491122 491637 | 1 516 | 516 516 | 100.0 | Buchnera_aphidicola_Acyrthosiphon_pisum_0995 k99_9_flag_0_multi_61.6595_len_516

CONTIG: k99_14_flag_0_multi_88.2409_len_7210 (7210bp)
Top Length: 7210  Top ID: 99.57
		This contig has 2 significant alignments. [An ambiguously mapped contig]
		Using only first of these alignment (option --ambiguity-usage is set to "one"):
		Alignment: 53997 61206 | 1 7210 | 7210 7210 | 99.57 | Buchnera_aphidicola_Acyrthosiphon_pisum_0995 k99_14_flag_0_multi_88.2409_len_7210
		Skipping alignment  588743 595952 | 7210 1 | 7210 7210 | 99.46 | Buchnera_aphidicola_Acyrthosiphon_pisum_ancestor k99_14_flag_0_multi_88.2409_len_7210

CONTIG: k99_72_flag_0_multi_91.0871_len_1006 (1006bp)
Top Length: 1006  Top ID: 99.7
		This contig has 2 significant alignments. [An ambiguously mapped contig]
		Using only first of these alignment (option --ambiguity-usage is set to "one"):
		Alignment: 312559 313564 | 1 1006 | 1006 1006 | 99.7 | Buchnera_aphidicola_Acyrthosiphon_pisum_ancestor k99_72_flag_0_multi_91.0871_len_1006
		Skipping alignment  336385 337390 | 1006 1 | 1006 1006 | 99.2 | Buchnera_aphidicola_Acyrthosiphon_pisum_0995 k99_72_flag_0_multi_91.0871_len_1006

CONTIG: k99_246_flag_0_multi_91.4034_len_9292 (9292bp)
Top Length: 9292  Top ID: 99.55
		This contig has 2 significant alignments. [An ambiguously mapped contig]
		Using only first of these alignment (option --ambiguity-usage is set to "one"):
		Alignment: 554004 563295 | 9292 1 | 9292 9292 | 99.55 | Buchnera_aphidicola_Acyrthosiphon_pisum_ancestor k99_246_flag_0_multi_91.4034_len_9292
		Skipping alignment  86654 95945 | 1 9292 | 9292 9292 | 99.5 | Buchnera_aphidicola_Acyrthosiphon_pisum_0995 k99_246_flag_0_multi_91.4034_len_9292

CONTIG: k99_19_flag_0_multi_96.0835_len_3777 (3777bp)
Top Length: 3777  Top ID: 99.5
		This contig has 2 significant alignments. [An ambiguously mapped contig]
		Using only first of these alignment (option --ambiguity-usage is set to "one"):
		Alignment: 61458 65234 | 3777 1 | 3777 3777 | 99.5 | Buchnera_aphidicola_Acyrthosiphon_pisum_ancestor k99_19_flag_0_multi_96.0835_len_3777
		Skipping alignment  627016 630792 | 3777 1 | 3777 3777 | 99.47 | Buchnera_aphidicola_Acyrthosiphon_pisum_0995 k99_19_flag_0_multi_96.0835_len_3777

CONTIG: k99_221_flag_0_multi_54.1864_len_539 (539bp)
Top Length: 539  Top ID: 100.0
		Marking as insignificant: 137365 137903 | 539 1 | 539 539 | 97.77 | Buchnera_aphidicola_Acyrthosiphon_pisum_0995 k99_221_flag_0_multi_54.1864_len_539
		One align captures most of this contig: 512046 512584 | 1 539 | 539 539 | 100.0 | Buchnera_aphidicola_Acyrthosiphon_pisum_ancestor k99_221_flag_0_multi_54.1864_len_539

CONTIG: k99_120_flag_0_multi_88.8236_len_14482 (14482bp)
Top Length: 14482  Top ID: 99.55
		This contig has 2 significant alignments. [An ambiguously mapped contig]
		Using only first of these alignment (option --ambiguity-usage is set to "one"):
		Alignment: 612633 627114 | 1 14482 | 14482 14482 | 99.55 | Buchnera_aphidicola_Acyrthosiphon_pisum_0995 k99_120_flag_0_multi_88.8236_len_14482
		Skipping alignment  47075 61556 | 1 14482 | 14482 14482 | 99.46 | Buchnera_aphidicola_Acyrthosiphon_pisum_ancestor k99_120_flag_0_multi_88.8236_len_14482

CONTIG: k99_148_flag_0_multi_88.3326_len_7098 (7098bp)
Top Length: 7098  Top ID: 99.63
		This contig has 2 significant alignments. [An ambiguously mapped contig]
		Using only first of these alignment (option --ambiguity-usage is set to "one"):
		Alignment: 446691 453788 | 1 7098 | 7098 7098 | 99.63 | Buchnera_aphidicola_Acyrthosiphon_pisum_0995 k99_148_flag_0_multi_88.3326_len_7098
		Skipping alignment  196161 203258 | 7098 1 | 7098 7098 | 99.35 | Buchnera_aphidicola_Acyrthosiphon_pisum_ancestor k99_148_flag_0_multi_88.3326_len_7098

CONTIG: k99_54_flag_0_multi_90.1972_len_2325 (2325bp)
Top Length: 2325  Top ID: 99.57
		This contig has 2 significant alignments. [An ambiguously mapped contig]
		Using only first of these alignment (option --ambiguity-usage is set to "one"):
		Alignment: 122588 124912 | 2325 1 | 2325 2325 | 99.57 | Buchnera_aphidicola_Acyrthosiphon_pisum_0995 k99_54_flag_0_multi_90.1972_len_2325
		Skipping alignment  525037 527361 | 1 2325 | 2325 2325 | 99.44 | Buchnera_aphidicola_Acyrthosiphon_pisum_ancestor k99_54_flag_0_multi_90.1972_len_2325

CONTIG: k99_21_flag_0_multi_91.4286_len_4084 (4084bp)
Top Length: 4084  Top ID: 99.56
		This contig has 2 significant alignments. [An ambiguously mapped contig]
		Using only first of these alignment (option --ambiguity-usage is set to "one"):
		Alignment: 389415 393498 | 1 4084 | 4084 4084 | 99.56 | Buchnera_aphidicola_Acyrthosiphon_pisum_ancestor k99_21_flag_0_multi_91.4286_len_4084
		Skipping alignment  256451 260534 | 4084 1 | 4084 4084 | 99.36 | Buchnera_aphidicola_Acyrthosiphon_pisum_0995 k99_21_flag_0_multi_91.4286_len_4084

CONTIG: k99_58_flag_0_multi_78.0552_len_1385 (1385bp)
Top Length: 1385  Top ID: 99.42
		This contig has 2 significant alignments. [An ambiguously mapped contig]
		Using only first of these alignment (option --ambiguity-usage is set to "one"):
		Alignment: 442563 443947 | 1 1385 | 1385 1385 | 99.42 | Buchnera_aphidicola_Acyrthosiphon_pisum_ancestor k99_58_flag_0_multi_78.0552_len_1385
		Skipping alignment  206002 207386 | 1385 1 | 1385 1385 | 99.42 | Buchnera_aphidicola_Acyrthosiphon_pisum_0995 k99_58_flag_0_multi_78.0552_len_1385

CONTIG: k99_227_flag_0_multi_88.5712_len_6254 (6254bp)
Top Length: 6254  Top ID: 99.74
		This contig has 2 significant alignments. [An ambiguously mapped contig]
		Using only first of these alignment (option --ambiguity-usage is set to "one"):
		Alignment: 394676 400929 | 6254 1 | 6254 6254 | 99.74 | Buchnera_aphidicola_Acyrthosiphon_pisum_ancestor k99_227_flag_0_multi_88.5712_len_6254
		Skipping alignment  249020 255273 | 1 6254 | 6254 6254 | 99.39 | Buchnera_aphidicola_Acyrthosiphon_pisum_0995 k99_227_flag_0_multi_88.5712_len_6254

CONTIG: k99_254_flag_0_multi_84.3863_len_3607 (3607bp)
Top Length: 3607  Top ID: 99.81
		This contig has 2 significant alignments. [An ambiguously mapped contig]
		Using only first of these alignment (option --ambiguity-usage is set to "one"):
		Alignment: 157581 161187 | 1 3607 | 3607 3607 | 99.81 | Buchnera_aphidicola_Acyrthosiphon_pisum_0995 k99_254_flag_0_multi_84.3863_len_3607
		Skipping alignment  488762 492368 | 3607 1 | 3607 3607 | 99.42 | Buchnera_aphidicola_Acyrthosiphon_pisum_ancestor k99_254_flag_0_multi_84.3863_len_3607

CONTIG: k99_42_flag_0_multi_93.0083_len_2870 (2870bp)
Top Length: 2870  Top ID: 99.69
		This contig has 2 significant alignments. [An ambiguously mapped contig]
		Using only first of these alignment (option --ambiguity-usage is set to "one"):
		Alignment: 502512 505381 | 1 2870 | 2870 2870 | 99.69 | Buchnera_aphidicola_Acyrthosiphon_pisum_0995 k99_42_flag_0_multi_93.0083_len_2870
		Skipping alignment  144568 147437 | 2870 1 | 2870 2870 | 99.34 | Buchnera_aphidicola_Acyrthosiphon_pisum_ancestor k99_42_flag_0_multi_93.0083_len_2870

CONTIG: k99_62_flag_0_multi_81.1330_len_3640 (3640bp)
Top Length: 3640  Top ID: 99.73
		This contig has 2 significant alignments. [An ambiguously mapped contig]
		Using only first of these alignment (option --ambiguity-usage is set to "one"):
		Alignment: 108397 112036 | 1 3640 | 3640 3640 | 99.73 | Buchnera_aphidicola_Acyrthosiphon_pisum_ancestor k99_62_flag_0_multi_81.1330_len_3640
		Skipping alignment  537913 541552 | 3640 1 | 3640 3640 | 99.4 | Buchnera_aphidicola_Acyrthosiphon_pisum_0995 k99_62_flag_0_multi_81.1330_len_3640

CONTIG: k99_207_flag_0_multi_88.8501_len_9177 (9177bp)
Top Length: 9177  Top ID: 99.68
		This contig has 2 significant alignments. [An ambiguously mapped contig]
		Using only first of these alignment (option --ambiguity-usage is set to "one"):
		Alignment: 135490 144666 | 9177 1 | 9177 9177 | 99.68 | Buchnera_aphidicola_Acyrthosiphon_pisum_ancestor k99_207_flag_0_multi_88.8501_len_9177
		Skipping alignment  505283 514459 | 1 9177 | 9177 9177 | 99.36 | Buchnera_aphidicola_Acyrthosiphon_pisum_0995 k99_207_flag_0_multi_88.8501_len_9177

CONTIG: k99_32_flag_0_multi_86.9489_len_12257 (12257bp)
Top Length: 12257  Top ID: 99.58
		This contig has 2 significant alignments. [An ambiguously mapped contig]
		Using only first of these alignment (option --ambiguity-usage is set to "one"):
		Alignment: 221847 234103 | 1 12257 | 12257 12257 | 99.58 | Buchnera_aphidicola_Acyrthosiphon_pisum_ancestor k99_32_flag_0_multi_86.9489_len_12257
		Skipping alignment  415846 428102 | 12257 1 | 12257 12257 | 99.36 | Buchnera_aphidicola_Acyrthosiphon_pisum_0995 k99_32_flag_0_multi_86.9489_len_12257

CONTIG: k99_16_flag_0_multi_85.5988_len_9521 (9521bp)
Top Length: 9521  Top ID: 99.47
		This contig has 2 significant alignments. [An ambiguously mapped contig]
		Using only first of these alignment (option --ambiguity-usage is set to "one"):
		Alignment: 96291 105811 | 1 9521 | 9521 9521 | 99.47 | Buchnera_aphidicola_Acyrthosiphon_pisum_0995 k99_16_flag_0_multi_85.5988_len_9521
		Skipping alignment  544138 553658 | 9521 1 | 9521 9521 | 99.41 | Buchnera_aphidicola_Acyrthosiphon_pisum_ancestor k99_16_flag_0_multi_85.5988_len_9521

CONTIG: k99_167_flag_0_multi_86.4710_len_6984 (6984bp)
Top Length: 6984  Top ID: 99.66
		This contig has 2 significant alignments. [An ambiguously mapped contig]
		Using only first of these alignment (option --ambiguity-usage is set to "one"):
		Alignment: 454100 461083 | 1 6984 | 6984 6984 | 99.66 | Buchnera_aphidicola_Acyrthosiphon_pisum_0995 k99_167_flag_0_multi_86.4710_len_6984
		Skipping alignment  188866 195849 | 6984 1 | 6984 6984 | 99.08 | Buchnera_aphidicola_Acyrthosiphon_pisum_ancestor k99_167_flag_0_multi_86.4710_len_6984

CONTIG: k99_102_flag_0_multi_85.5011_len_3869 (3869bp)
Top Length: 3869  Top ID: 99.72
		This contig has 2 significant alignments. [An ambiguously mapped contig]
		Using only first of these alignment (option --ambiguity-usage is set to "one"):
		Alignment: 594581 598449 | 3869 1 | 3869 3869 | 99.72 | Buchnera_aphidicola_Acyrthosiphon_pisum_0995 k99_102_flag_0_multi_85.5011_len_3869
		Skipping alignment  29023 32891 | 3869 1 | 3869 3869 | 99.51 | Buchnera_aphidicola_Acyrthosiphon_pisum_ancestor k99_102_flag_0_multi_85.5011_len_3869

CONTIG: k99_166_flag_0_multi_87.3731_len_1281 (1281bp)
Top Length: 1281  Top ID: 99.84
		This contig has 2 significant alignments. [An ambiguously mapped contig]
		Using only first of these alignment (option --ambiguity-usage is set to "one"):
		Alignment: 12 1292 | 1 1281 | 1281 1281 | 99.84 | Buchnera_aphidicola_Acyrthosiphon_pisum_0995 k99_166_flag_0_multi_87.3731_len_1281
		Skipping alignment  12 1292 | 1 1281 | 1281 1281 | 99.22 | Buchnera_aphidicola_Acyrthosiphon_pisum_ancestor k99_166_flag_0_multi_87.3731_len_1281

CONTIG: k99_202_flag_0_multi_91.4087_len_1983 (1983bp)
Top Length: 1983  Top ID: 99.95
		This contig has 2 significant alignments. [An ambiguously mapped contig]
		Using only first of these alignment (option --ambiguity-usage is set to "one"):
		Alignment: 44222 46204 | 1983 1 | 1983 1983 | 99.95 | Buchnera_aphidicola_Acyrthosiphon_pisum_0995 k99_202_flag_0_multi_91.4087_len_1983
		Skipping alignment  603745 605727 | 1 1983 | 1983 1983 | 99.34 | Buchnera_aphidicola_Acyrthosiphon_pisum_ancestor k99_202_flag_0_multi_91.4087_len_1983

CONTIG: k99_6_flag_0_multi_92.7144_len_1692 (1692bp)
Top Length: 1692  Top ID: 99.65
		This contig has 2 significant alignments. [An ambiguously mapped contig]
		Using only first of these alignment (option --ambiguity-usage is set to "one"):
		Alignment: 428235 429926 | 1 1692 | 1692 1692 | 99.65 | Buchnera_aphidicola_Acyrthosiphon_pisum_0995 k99_6_flag_0_multi_92.7144_len_1692
		Skipping alignment  220023 221714 | 1692 1 | 1692 1692 | 99.17 | Buchnera_aphidicola_Acyrthosiphon_pisum_ancestor k99_6_flag_0_multi_92.7144_len_1692

CONTIG: k99_51_flag_0_multi_89.8298_len_6881 (6881bp)
Top Length: 6881  Top ID: 99.58
		This contig has 2 significant alignments. [An ambiguously mapped contig]
		Using only first of these alignment (option --ambiguity-usage is set to "one"):
		Alignment: 203160 210040 | 6881 1 | 6881 6881 | 99.58 | Buchnera_aphidicola_Acyrthosiphon_pisum_ancestor k99_51_flag_0_multi_89.8298_len_6881
		Skipping alignment  439909 446789 | 1 6881 | 6881 6881 | 99.48 | Buchnera_aphidicola_Acyrthosiphon_pisum_0995 k99_51_flag_0_multi_89.8298_len_6881

CONTIG: k99_31_flag_0_multi_90.7004_len_5804 (5804bp)
Top Length: 5804  Top ID: 99.67
		This contig has 2 significant alignments. [An ambiguously mapped contig]
		Using only first of these alignment (option --ambiguity-usage is set to "one"):
		Alignment: 443849 449652 | 1 5804 | 5804 5804 | 99.67 | Buchnera_aphidicola_Acyrthosiphon_pisum_ancestor k99_31_flag_0_multi_90.7004_len_5804
		Skipping alignment  200297 206100 | 5804 1 | 5804 5804 | 99.48 | Buchnera_aphidicola_Acyrthosiphon_pisum_0995 k99_31_flag_0_multi_90.7004_len_5804

CONTIG: k99_175_flag_0_multi_92.4394_len_6610 (6610bp)
Top Length: 6610  Top ID: 99.49
		This contig has 2 significant alignments. [An ambiguously mapped contig]
		Using only first of these alignment (option --ambiguity-usage is set to "one"):
		Alignment: 280545 287154 | 1 6610 | 6610 6610 | 99.49 | Buchnera_aphidicola_Acyrthosiphon_pisum_0995 k99_175_flag_0_multi_92.4394_len_6610
		Skipping alignment  362795 369404 | 6610 1 | 6610 6610 | 99.46 | Buchnera_aphidicola_Acyrthosiphon_pisum_ancestor k99_175_flag_0_multi_92.4394_len_6610

CONTIG: k99_106_flag_0_multi_87.4116_len_597 (597bp)
Top Length: 597  Top ID: 100.0
		Marking as insignificant: 536199 536795 | 1 597 | 597 597 | 98.99 | Buchnera_aphidicola_Acyrthosiphon_pisum_ancestor k99_106_flag_0_multi_87.4116_len_597
		One align captures most of this contig: 113154 113750 | 597 1 | 597 597 | 100.0 | Buchnera_aphidicola_Acyrthosiphon_pisum_0995 k99_106_flag_0_multi_87.4116_len_597

CONTIG: k99_249_flag_0_multi_86.2292_len_3201 (3201bp)
Top Length: 3201  Top ID: 99.69
		This contig has 2 significant alignments. [An ambiguously mapped contig]
		Using only first of these alignment (option --ambiguity-usage is set to "one"):
		Alignment: 621037 624237 | 1 3201 | 3201 3201 | 99.69 | Buchnera_aphidicola_Acyrthosiphon_pisum_ancestor k99_249_flag_0_multi_86.2292_len_3201
		Skipping alignment  591270 594470 | 3201 1 | 3201 3201 | 99.44 | Buchnera_aphidicola_Acyrthosiphon_pisum_0995 k99_249_flag_0_multi_86.2292_len_3201

CONTIG: k99_40_flag_0_multi_90.5348_len_14586 (14586bp)
Top Length: 14586  Top ID: 99.58
		This contig has 2 significant alignments. [An ambiguously mapped contig]
		Using only first of these alignment (option --ambiguity-usage is set to "one"):
		Alignment: 271467 286052 | 14586 1 | 14586 14586 | 99.58 | Buchnera_aphidicola_Acyrthosiphon_pisum_ancestor k99_40_flag_0_multi_90.5348_len_14586
		Skipping alignment  363897 378482 | 1 14586 | 14586 14586 | 99.36 | Buchnera_aphidicola_Acyrthosiphon_pisum_0995 k99_40_flag_0_multi_90.5348_len_14586

CONTIG: k99_86_flag_0_multi_88.2958_len_6911 (6911bp)
Top Length: 6911  Top ID: 99.49
		This contig has 2 significant alignments. [An ambiguously mapped contig]
		Using only first of these alignment (option --ambiguity-usage is set to "one"):
		Alignment: 22085 28995 | 6911 1 | 6911 6911 | 99.49 | Buchnera_aphidicola_Acyrthosiphon_pisum_ancestor k99_86_flag_0_multi_88.2958_len_6911
		Skipping alignment  22085 28995 | 6911 1 | 6911 6911 | 99.48 | Buchnera_aphidicola_Acyrthosiphon_pisum_0995 k99_86_flag_0_multi_88.2958_len_6911

CONTIG: k99_56_flag_0_multi_88.1195_len_6249 (6249bp)
Top Length: 6249  Top ID: 99.52
		This contig has 2 significant alignments. [An ambiguously mapped contig]
		Using only first of these alignment (option --ambiguity-usage is set to "one"):
		Alignment: 38072 44320 | 1 6249 | 6249 6249 | 99.52 | Buchnera_aphidicola_Acyrthosiphon_pisum_0995 k99_56_flag_0_multi_88.1195_len_6249
		Skipping alignment  605629 611877 | 6249 1 | 6249 6249 | 99.42 | Buchnera_aphidicola_Acyrthosiphon_pisum_ancestor k99_56_flag_0_multi_88.1195_len_6249

CONTIG: k99_286_flag_0_multi_86.8711_len_5220 (5220bp)
Top Length: 5220  Top ID: 99.56
		This contig has 2 significant alignments. [An ambiguously mapped contig]
		Using only first of these alignment (option --ambiguity-usage is set to "one"):
		Alignment: 467495 472714 | 1 5220 | 5220 5220 | 99.56 | Buchnera_aphidicola_Acyrthosiphon_pisum_0995 k99_286_flag_0_multi_86.8711_len_5220
		Skipping alignment  177235 182454 | 5220 1 | 5220 5220 | 99.54 | Buchnera_aphidicola_Acyrthosiphon_pisum_ancestor k99_286_flag_0_multi_86.8711_len_5220

CONTIG: k99_63_flag_0_multi_91.7148_len_16599 (16599bp)
Top Length: 16599  Top ID: 99.59
		This contig has 2 significant alignments. [An ambiguously mapped contig]
		Using only first of these alignment (option --ambiguity-usage is set to "one"):
		Alignment: 425964 442562 | 16599 1 | 16599 16599 | 99.59 | Buchnera_aphidicola_Acyrthosiphon_pisum_ancestor k99_63_flag_0_multi_91.7148_len_16599
		Skipping alignment  207387 223985 | 16599 1 | 16599 16599 | 99.51 | Buchnera_aphidicola_Acyrthosiphon_pisum_0995 k99_63_flag_0_multi_91.7148_len_16599

CONTIG: k99_190_flag_0_multi_69.6379_len_516 (516bp)
Top Length: 516  Top ID: 100.0
		Marking as insignificant: 491122 491637 | 1 516 | 516 516 | 97.87 | Buchnera_aphidicola_Acyrthosiphon_pisum_0995 k99_190_flag_0_multi_69.6379_len_516
		One align captures most of this contig: 158312 158827 | 516 1 | 516 516 | 100.0 | Buchnera_aphidicola_Acyrthosiphon_pisum_ancestor k99_190_flag_0_multi_69.6379_len_516

CONTIG: k99_216_flag_0_multi_83.7892_len_1399 (1399bp)
Top Length: 1399  Top ID: 99.79
		This contig has 2 significant alignments. [An ambiguously mapped contig]
		Using only first of these alignment (option --ambiguity-usage is set to "one"):
		Alignment: 487462 488860 | 1 1399 | 1399 1399 | 99.79 | Buchnera_aphidicola_Acyrthosiphon_pisum_ancestor k99_216_flag_0_multi_83.7892_len_1399
		Skipping alignment  161089 162487 | 1399 1 | 1399 1399 | 99.29 | Buchnera_aphidicola_Acyrthosiphon_pisum_0995 k99_216_flag_0_multi_83.7892_len_1399

CONTIG: k99_8_flag_0_multi_89.2430_len_4695 (4695bp)
Top Length: 4695  Top ID: 99.64
		This contig has 2 significant alignments. [An ambiguously mapped contig]
		Using only first of these alignment (option --ambiguity-usage is set to "one"):
		Alignment: 514361 519055 | 1 4695 | 4695 4695 | 99.64 | Buchnera_aphidicola_Acyrthosiphon_pisum_0995 k99_8_flag_0_multi_89.2430_len_4695
		Skipping alignment  130894 135588 | 4695 1 | 4695 4695 | 99.36 | Buchnera_aphidicola_Acyrthosiphon_pisum_ancestor k99_8_flag_0_multi_89.2430_len_4695

CONTIG: k99_17_flag_0_multi_89.0458_len_12294 (12294bp)
Top Length: 12294  Top ID: 99.54
		This contig has 2 significant alignments. [An ambiguously mapped contig]
		Using only first of these alignment (option --ambiguity-usage is set to "one"):
		Alignment: 346222 358515 | 1 12294 | 12294 12294 | 99.54 | Buchnera_aphidicola_Acyrthosiphon_pisum_ancestor k99_17_flag_0_multi_89.0458_len_12294
		Skipping alignment  291434 303727 | 12294 1 | 12294 12294 | 99.4 | Buchnera_aphidicola_Acyrthosiphon_pisum_0995 k99_17_flag_0_multi_89.0458_len_12294

CONTIG: k99_64_flag_0_multi_91.0156_len_1253 (1253bp)
Top Length: 1253  Top ID: 99.92
		This contig has 2 significant alignments. [An ambiguously mapped contig]
		Using only first of these alignment (option --ambiguity-usage is set to "one"):
		Alignment: 635733 636985 | 1 1253 | 1253 1253 | 99.92 | Buchnera_aphidicola_Acyrthosiphon_pisum_0995 k99_64_flag_0_multi_91.0156_len_1253
		Skipping alignment  635733 636985 | 1 1253 | 1253 1253 | 98.96 | Buchnera_aphidicola_Acyrthosiphon_pisum_ancestor k99_64_flag_0_multi_91.0156_len_1253

CONTIG: k99_52_flag_0_multi_81.7881_len_2728 (2728bp)
Top Length: 2728  Top ID: 99.56
		This contig has 2 significant alignments. [An ambiguously mapped contig]
		Using only first of these alignment (option --ambiguity-usage is set to "one"):
		Alignment: 14473 17200 | 1 2728 | 2728 2728 | 99.56 | Buchnera_aphidicola_Acyrthosiphon_pisum_0995 k99_52_flag_0_multi_81.7881_len_2728
		Skipping alignment  14473 17200 | 1 2728 | 2728 2728 | 99.41 | Buchnera_aphidicola_Acyrthosiphon_pisum_ancestor k99_52_flag_0_multi_81.7881_len_2728

CONTIG: k99_112_flag_0_multi_87.7396_len_13116 (13116bp)
Top Length: 13116  Top ID: 99.61
		This contig has 2 significant alignments. [An ambiguously mapped contig]
		Using only first of these alignment (option --ambiguity-usage is set to "one"):
		Alignment: 240620 253735 | 13116 1 | 13116 13116 | 99.61 | Buchnera_aphidicola_Acyrthosiphon_pisum_ancestor k99_112_flag_0_multi_87.7396_len_13116
		Skipping alignment  396214 409329 | 1 13116 | 13116 13116 | 99.45 | Buchnera_aphidicola_Acyrthosiphon_pisum_0995 k99_112_flag_0_multi_87.7396_len_13116

CONTIG: k99_98_flag_0_multi_93.0328_len_6296 (6296bp)
Top Length: 6296  Top ID: 99.59
		This contig has 2 significant alignments. [An ambiguously mapped contig]
		Using only first of these alignment (option --ambiguity-usage is set to "one"):
		Alignment: 606238 612533 | 6296 1 | 6296 6296 | 99.59 | Buchnera_aphidicola_Acyrthosiphon_pisum_0995 k99_98_flag_0_multi_93.0328_len_6296
		Skipping alignment  40680 46975 | 6296 1 | 6296 6296 | 99.57 | Buchnera_aphidicola_Acyrthosiphon_pisum_ancestor k99_98_flag_0_multi_93.0328_len_6296

CONTIG: k99_211_flag_0_multi_87.2301_len_11072 (11072bp)
Top Length: 11072  Top ID: 99.51
		This contig has 2 significant alignments. [An ambiguously mapped contig]
		Using only first of these alignment (option --ambiguity-usage is set to "one"):
		Alignment: 491539 502610 | 11072 1 | 11072 11072 | 99.51 | Buchnera_aphidicola_Acyrthosiphon_pisum_0995 k99_211_flag_0_multi_87.2301_len_11072
		Skipping alignment  147339 158410 | 1 11072 | 11072 11072 | 99.45 | Buchnera_aphidicola_Acyrthosiphon_pisum_ancestor k99_211_flag_0_multi_87.2301_len_11072

CONTIG: k99_238_flag_0_multi_90.2460_len_843 (843bp)
Top Length: 843  Top ID: 99.41
		This contig has 2 significant alignments. [An ambiguously mapped contig]
		Using only first of these alignment (option --ambiguity-usage is set to "one"):
		Alignment: 48655 49497 | 1 843 | 843 843 | 99.41 | Buchnera_aphidicola_Acyrthosiphon_pisum_0995 k99_238_flag_0_multi_90.2460_len_843
		Skipping alignment  600452 601294 | 843 1 | 843 843 | 99.29 | Buchnera_aphidicola_Acyrthosiphon_pisum_ancestor k99_238_flag_0_multi_90.2460_len_843

CONTIG: k99_27_flag_0_multi_88.0391_len_6284 (6284bp)
Top Length: 6284  Top ID: 99.7
		This contig has 2 significant alignments. [An ambiguously mapped contig]
		Using only first of these alignment (option --ambiguity-usage is set to "one"):
		Alignment: 2270 8553 | 6284 1 | 6284 6284 | 99.7 | Buchnera_aphidicola_Acyrthosiphon_pisum_0995 k99_27_flag_0_multi_88.0391_len_6284
		Skipping alignment  2270 8553 | 6284 1 | 6284 6284 | 99.41 | Buchnera_aphidicola_Acyrthosiphon_pisum_ancestor k99_27_flag_0_multi_88.0391_len_6284

CONTIG: k99_5_flag_0_multi_87.3087_len_3345 (3345bp)
Top Length: 3345  Top ID: 99.67
		This contig has 2 significant alignments. [An ambiguously mapped contig]
		Using only first of these alignment (option --ambiguity-usage is set to "one"):
		Alignment: 82814 86158 | 3345 1 | 3345 3345 | 99.67 | Buchnera_aphidicola_Acyrthosiphon_pisum_0995 k99_5_flag_0_multi_87.3087_len_3345
		Skipping alignment  563791 567135 | 1 3345 | 3345 3345 | 99.34 | Buchnera_aphidicola_Acyrthosiphon_pisum_ancestor k99_5_flag_0_multi_87.3087_len_3345

CONTIG: k99_145_flag_0_multi_89.1414_len_2695 (2695bp)
Top Length: 2695  Top ID: 99.59
		This contig has 2 significant alignments. [An ambiguously mapped contig]
		Using only first of these alignment (option --ambiguity-usage is set to "one"):
		Alignment: 277949 280643 | 1 2695 | 2695 2695 | 99.59 | Buchnera_aphidicola_Acyrthosiphon_pisum_0995 k99_145_flag_0_multi_89.1414_len_2695
		Skipping alignment  369306 372000 | 2695 1 | 2695 2695 | 99.48 | Buchnera_aphidicola_Acyrthosiphon_pisum_ancestor k99_145_flag_0_multi_89.1414_len_2695

CONTIG: k99_91_flag_0_multi_83.6358_len_9372 (9372bp)
Top Length: 9372  Top ID: 99.5
		This contig has 2 significant alignments. [An ambiguously mapped contig]
		Using only first of these alignment (option --ambiguity-usage is set to "one"):
		Alignment: 502773 512144 | 9372 1 | 9372 9372 | 99.5 | Buchnera_aphidicola_Acyrthosiphon_pisum_ancestor k99_91_flag_0_multi_83.6358_len_9372
		Skipping alignment  137805 147176 | 1 9372 | 9372 9372 | 99.31 | Buchnera_aphidicola_Acyrthosiphon_pisum_0995 k99_91_flag_0_multi_83.6358_len_9372

CONTIG: k99_264_flag_0_multi_86.9781_len_1378 (1378bp)
Top Length: 1378  Top ID: 99.78
		This contig has 2 significant alignments. [An ambiguously mapped contig]
		Using only first of these alignment (option --ambiguity-usage is set to "one"):
		Alignment: 438103 439480 | 1378 1 | 1378 1378 | 99.78 | Buchnera_aphidicola_Acyrthosiphon_pisum_0995 k99_264_flag_0_multi_86.9781_len_1378
		Skipping alignment  210469 211846 | 1 1378 | 1378 1378 | 99.56 | Buchnera_aphidicola_Acyrthosiphon_pisum_ancestor k99_264_flag_0_multi_86.9781_len_1378

CONTIG: k99_137_flag_0_multi_88.2162_len_9047 (9047bp)
Top Length: 9047  Top ID: 99.58
		This contig has 2 significant alignments. [An ambiguously mapped contig]
		Using only first of these alignment (option --ambiguity-usage is set to "one"):
		Alignment: 337095 346141 | 1 9047 | 9047 9047 | 99.58 | Buchnera_aphidicola_Acyrthosiphon_pisum_ancestor k99_137_flag_0_multi_88.2162_len_9047
		Skipping alignment  303808 312854 | 9047 1 | 9047 9047 | 99.45 | Buchnera_aphidicola_Acyrthosiphon_pisum_0995 k99_137_flag_0_multi_88.2162_len_9047

CONTIG: k99_140_flag_0_multi_90.2536_len_11680 (11680bp)
Top Length: 11680  Top ID: 99.61
		This contig has 2 significant alignments. [An ambiguously mapped contig]
		Using only first of these alignment (option --ambiguity-usage is set to "one"):
		Alignment: 377834 389513 | 1 11680 | 11680 11680 | 99.61 | Buchnera_aphidicola_Acyrthosiphon_pisum_ancestor k99_140_flag_0_multi_90.2536_len_11680
		Skipping alignment  260436 272115 | 11680 1 | 11680 11680 | 99.57 | Buchnera_aphidicola_Acyrthosiphon_pisum_0995 k99_140_flag_0_multi_90.2536_len_11680

CONTIG: k99_146_flag_0_multi_87.2218_len_7929 (7929bp)
Top Length: 7929  Top ID: 99.63
		This contig has 2 significant alignments. [An ambiguously mapped contig]
		Using only first of these alignment (option --ambiguity-usage is set to "one"):
		Alignment: 212044 219972 | 7929 1 | 7929 7929 | 99.63 | Buchnera_aphidicola_Acyrthosiphon_pisum_ancestor k99_146_flag_0_multi_87.2218_len_7929
		Skipping alignment  429977 437905 | 1 7929 | 7929 7929 | 99.57 | Buchnera_aphidicola_Acyrthosiphon_pisum_0995 k99_146_flag_0_multi_87.2218_len_7929

CONTIG: k99_142_flag_0_multi_87.4021_len_957 (957bp)
Top Length: 957  Top ID: 99.69
		This contig has 2 significant alignments. [An ambiguously mapped contig]
		Using only first of these alignment (option --ambiguity-usage is set to "one"):
		Alignment: 535341 536297 | 1 957 | 957 957 | 99.69 | Buchnera_aphidicola_Acyrthosiphon_pisum_ancestor k99_142_flag_0_multi_87.4021_len_957
		Skipping alignment  113652 114608 | 957 1 | 957 957 | 99.06 | Buchnera_aphidicola_Acyrthosiphon_pisum_0995 k99_142_flag_0_multi_87.4021_len_957

CONTIG: k99_29_flag_0_multi_87.9182_len_5658 (5658bp)
Top Length: 5658  Top ID: 99.61
		This contig has 2 significant alignments. [An ambiguously mapped contig]
		Using only first of these alignment (option --ambiguity-usage is set to "one"):
		Alignment: 371902 377559 | 5658 1 | 5658 5658 | 99.61 | Buchnera_aphidicola_Acyrthosiphon_pisum_ancestor k99_29_flag_0_multi_87.9182_len_5658
		Skipping alignment  272390 278047 | 1 5658 | 5658 5658 | 99.33 | Buchnera_aphidicola_Acyrthosiphon_pisum_0995 k99_29_flag_0_multi_87.9182_len_5658

CONTIG: k99_135_flag_0_multi_90.9960_len_10014 (10014bp)
Top Length: 10014  Top ID: 99.63
		This contig has 2 significant alignments. [An ambiguously mapped contig]
		Using only first of these alignment (option --ambiguity-usage is set to "one"):
		Alignment: 576527 586540 | 1 10014 | 10014 10014 | 99.63 | Buchnera_aphidicola_Acyrthosiphon_pisum_ancestor k99_135_flag_0_multi_90.9960_len_10014
		Skipping alignment  63409 73422 | 10014 1 | 10014 10014 | 99.53 | Buchnera_aphidicola_Acyrthosiphon_pisum_0995 k99_135_flag_0_multi_90.9960_len_10014

CONTIG: k99_253_flag_0_multi_55.5351_len_697 (697bp)
Top Length: 697  Top ID: 100.0
		Marking as insignificant: 8455 9151 | 1 697 | 697 697 | 97.85 | Buchnera_aphidicola_Acyrthosiphon_pisum_ancestor k99_253_flag_0_multi_55.5351_len_697
		One align captures most of this contig: 8455 9151 | 1 697 | 697 697 | 100.0 | Buchnera_aphidicola_Acyrthosiphon_pisum_0995 k99_253_flag_0_multi_55.5351_len_697

CONTIG: k99_11_flag_0_multi_88.2387_len_6932 (6932bp)
Top Length: 6932  Top ID: 99.7
		This contig has 2 significant alignments. [An ambiguously mapped contig]
		Using only first of these alignment (option --ambiguity-usage is set to "one"):
		Alignment: 527485 534416 | 1 6932 | 6932 6932 | 99.7 | Buchnera_aphidicola_Acyrthosiphon_pisum_ancestor k99_11_flag_0_multi_88.2387_len_6932
		Skipping alignment  115533 122464 | 6932 1 | 6932 6932 | 99.18 | Buchnera_aphidicola_Acyrthosiphon_pisum_0995 k99_11_flag_0_multi_88.2387_len_6932

CONTIG: k99_199_flag_0_multi_88.1279_len_4994 (4994bp)
Top Length: 4994  Top ID: 99.74
		This contig has 2 significant alignments. [An ambiguously mapped contig]
		Using only first of these alignment (option --ambiguity-usage is set to "one"):
		Alignment: 318107 323100 | 1 4994 | 4994 4994 | 99.74 | Buchnera_aphidicola_Acyrthosiphon_pisum_0995 k99_199_flag_0_multi_88.1279_len_4994
		Skipping alignment  326849 331842 | 4994 1 | 4994 4994 | 99.3 | Buchnera_aphidicola_Acyrthosiphon_pisum_ancestor k99_199_flag_0_multi_88.1279_len_4994

CONTIG: k99_204_flag_0_multi_47.3858_len_760 (760bp)
Top Length: 760  Top ID: 100.0
		Marking as insignificant: 512919 513678 | 760 1 | 760 760 | 97.37 | Buchnera_aphidicola_Acyrthosiphon_pisum_ancestor k99_204_flag_0_multi_47.3858_len_760
		One align captures most of this contig: 136271 137030 | 1 760 | 760 760 | 100.0 | Buchnera_aphidicola_Acyrthosiphon_pisum_0995 k99_204_flag_0_multi_47.3858_len_760

CONTIG: k99_217_flag_0_multi_88.6215_len_11132 (11132bp)
Top Length: 11132  Top ID: 99.55
		This contig has 2 significant alignments. [An ambiguously mapped contig]
		Using only first of these alignment (option --ambiguity-usage is set to "one"):
		Alignment: 337292 348423 | 11132 1 | 11132 11132 | 99.55 | Buchnera_aphidicola_Acyrthosiphon_pisum_0995 k99_217_flag_0_multi_88.6215_len_11132
		Skipping alignment  301526 312657 | 1 11132 | 11132 11132 | 99.51 | Buchnera_aphidicola_Acyrthosiphon_pisum_ancestor k99_217_flag_0_multi_88.6215_len_11132

Analyzing coverage...
Writing SNPs into /vol/cami-scratch/Simpipeline/iTol_genomes/Buchnera_aphidicola_Acyrthosiphon_pisum_0995/quast_strain/combined_quast_output/contigs_reports/nucmer_output/final.contigs.used_snps
	Reference Buchnera_aphidicola_Acyrthosiphon_pisum_0995: 56 total alignments. 1 total regions.
		Region: 1 to 641799 (641799 bp)
			START in gap: 1 to 12 (11 bp)
			Align 1: 12 1292 k99_166_flag_0_multi_87.3731_len_1281 1 1281
				Negative gap (overlap) between this and next alignment: 1292 to 1194 (-98 bp)
				Next Alignment: 1194 1727 k99_101_flag_0_multi_77.1517_len_534 1 534

			Previous gap was negative, modifying coordinates to ignore overlap
				Moving contig start from 1 to 100.
			Align 2: 1293 1727 k99_101_flag_0_multi_77.1517_len_534 100 534
				Gap between this and next alignment: 1727 to 2270 (542 bp)
				Next Alignment: 2270 8553 k99_27_flag_0_multi_88.0391_len_6284 6284 1

			Align 3: 2270 8553 k99_27_flag_0_multi_88.0391_len_6284 6284 1
				Negative gap (overlap) between this and next alignment: 8553 to 8455 (-98 bp)
				Next Alignment: 8455 9151 k99_253_flag_0_multi_55.5351_len_697 1 697

			Previous gap was negative, modifying coordinates to ignore overlap
				Moving contig start from 1 to 100.
			Align 4: 8554 9151 k99_253_flag_0_multi_55.5351_len_697 100 697
				Negative gap (overlap) between this and next alignment: 9151 to 9053 (-98 bp)
				Next Alignment: 9053 14308 k99_37_flag_0_multi_87.6161_len_5256 5256 1

			Previous gap was negative, modifying coordinates to ignore overlap
				Moving contig start from 5256 to 5157.
			Align 5: 9152 14308 k99_37_flag_0_multi_87.6161_len_5256 5157 1
				Gap between this and next alignment: 14308 to 14473 (164 bp)
				Next Alignment: 14473 17200 k99_52_flag_0_multi_81.7881_len_2728 1 2728

			Align 6: 14473 17200 k99_52_flag_0_multi_81.7881_len_2728 1 2728
				Gap between this and next alignment: 17200 to 38072 (20871 bp)
				Next Alignment: 38072 44320 k99_56_flag_0_multi_88.1195_len_6249 1 6249

			Align 7: 38072 44320 k99_56_flag_0_multi_88.1195_len_6249 1 6249
				Negative gap (overlap) between this and next alignment: 44320 to 44222 (-98 bp)
				Next Alignment: 44222 46204 k99_202_flag_0_multi_91.4087_len_1983 1983 1

			Previous gap was negative, modifying coordinates to ignore overlap
				Moving contig start from 1983 to 1884.
			Align 8: 44321 46204 k99_202_flag_0_multi_91.4087_len_1983 1884 1
				Gap between this and next alignment: 46204 to 48655 (2450 bp)
				Next Alignment: 48655 49497 k99_238_flag_0_multi_90.2460_len_843 1 843

			Align 9: 48655 49497 k99_238_flag_0_multi_90.2460_len_843 1 843
				Gap between this and next alignment: 49497 to 53997 (4499 bp)
				Next Alignment: 53997 61206 k99_14_flag_0_multi_88.2409_len_7210 1 7210

			Align 10: 53997 61206 k99_14_flag_0_multi_88.2409_len_7210 1 7210
				Negative gap (overlap) between this and next alignment: 61206 to 61108 (-98 bp)
				Next Alignment: 61108 63358 k99_48_flag_0_multi_88.9916_len_2251 2251 1

			Previous gap was negative, modifying coordinates to ignore overlap
				Moving contig start from 2251 to 2152.
			Align 11: 61207 63358 k99_48_flag_0_multi_88.9916_len_2251 2152 1
				Gap between this and next alignment: 63358 to 82814 (19455 bp)
				Next Alignment: 82814 86158 k99_5_flag_0_multi_87.3087_len_3345 3345 1

			Align 12: 82814 86158 k99_5_flag_0_multi_87.3087_len_3345 3345 1
				Negative gap (overlap) between this and next alignment: 86158 to 86060 (-98 bp)
				Next Alignment: 86060 86752 k99_256_flag_0_multi_65.8923_len_693 693 1

			Previous gap was negative, modifying coordinates to ignore overlap
				Moving contig start from 693 to 594.
			Align 13: 86159 86752 k99_256_flag_0_multi_65.8923_len_693 594 1
				Gap between this and next alignment: 86752 to 96291 (9538 bp)
				Next Alignment: 96291 105811 k99_16_flag_0_multi_85.5988_len_9521 1 9521

			Align 14: 96291 105811 k99_16_flag_0_multi_85.5988_len_9521 1 9521
				Gap between this and next alignment: 105811 to 113154 (7342 bp)
				Next Alignment: 113154 113750 k99_106_flag_0_multi_87.4116_len_597 597 1

			Align 15: 113154 113750 k99_106_flag_0_multi_87.4116_len_597 597 1
				Gap between this and next alignment: 113750 to 114510 (759 bp)
				Next Alignment: 114510 115631 k99_197_flag_0_multi_89.9687_len_1122 1122 1

			Align 16: 114510 115631 k99_197_flag_0_multi_89.9687_len_1122 1122 1
				Gap between this and next alignment: 115631 to 122588 (6956 bp)
				Next Alignment: 122588 124912 k99_54_flag_0_multi_90.1972_len_2325 2325 1

			Align 17: 122588 124912 k99_54_flag_0_multi_90.1972_len_2325 2325 1
				Gap between this and next alignment: 124912 to 125033 (120 bp)
				Next Alignment: 125033 132460 k99_61_flag_0_multi_88.2504_len_7428 7428 1

			Align 18: 125033 132460 k99_61_flag_0_multi_88.2504_len_7428 7428 1
				Negative gap (overlap) between this and next alignment: 132460 to 132362 (-98 bp)
				Next Alignment: 132362 133124 k99_130_flag_0_multi_68.5919_len_763 1 763

			Previous gap was negative, modifying coordinates to ignore overlap
				Moving contig start from 1 to 100.
			Align 19: 132461 133124 k99_130_flag_0_multi_68.5919_len_763 100 763
				Gap between this and next alignment: 133124 to 136271 (3146 bp)
				Next Alignment: 136271 137030 k99_204_flag_0_multi_47.3858_len_760 1 760

			Align 20: 136271 137030 k99_204_flag_0_multi_47.3858_len_760 1 760
				Gap between this and next alignment: 137030 to 137365 (334 bp)
				Next Alignment: 137365 137903 k99_194_flag_0_multi_62.8227_len_539 539 1

			Align 21: 137365 137903 k99_194_flag_0_multi_62.8227_len_539 539 1
				Gap between this and next alignment: 137903 to 157581 (19677 bp)
				Next Alignment: 157581 161187 k99_254_flag_0_multi_84.3863_len_3607 1 3607

			Align 22: 157581 161187 k99_254_flag_0_multi_84.3863_len_3607 1 3607
				Gap between this and next alignment: 161187 to 166171 (4983 bp)
				Next Alignment: 166171 166673 k99_287_flag_0_multi_45.9257_len_503 503 1

			Align 23: 166171 166673 k99_287_flag_0_multi_45.9257_len_503 503 1
				Gap between this and next alignment: 166673 to 176145 (9471 bp)
				Next Alignment: 176145 178958 k99_235_flag_0_multi_97.5540_len_2814 1 2814

			Align 24: 176145 178958 k99_235_flag_0_multi_97.5540_len_2814 1 2814
				Gap between this and next alignment: 178958 to 179168 (209 bp)
				Next Alignment: 179168 200228 k99_43_flag_0_multi_90.3211_len_21061 21061 1

			Align 25: 179168 200228 k99_43_flag_0_multi_90.3211_len_21061 21061 1
				Gap between this and next alignment: 200228 to 240374 (40145 bp)
				Next Alignment: 240374 243122 k99_218_flag_0_multi_83.7777_len_2749 2749 1

			Align 26: 240374 243122 k99_218_flag_0_multi_83.7777_len_2749 2749 1
				Negative gap (overlap) between this and next alignment: 243122 to 243024 (-98 bp)
				Next Alignment: 243024 243591 k99_44_flag_0_multi_73.8273_len_568 568 1

			Previous gap was negative, modifying coordinates to ignore overlap
				Moving contig start from 568 to 469.
			Align 27: 243123 243591 k99_44_flag_0_multi_73.8273_len_568 469 1
				Negative gap (overlap) between this and next alignment: 243591 to 243493 (-98 bp)
				Next Alignment: 243493 249118 k99_41_flag_0_multi_84.2795_len_5626 1 5626

			Previous gap was negative, modifying coordinates to ignore overlap
				Moving contig start from 1 to 100.
			Align 28: 243592 249118 k99_41_flag_0_multi_84.2795_len_5626 100 5626
				Gap between this and next alignment: 249118 to 277949 (28830 bp)
				Next Alignment: 277949 280643 k99_145_flag_0_multi_89.1414_len_2695 1 2695

			Align 29: 277949 280643 k99_145_flag_0_multi_89.1414_len_2695 1 2695
				Negative gap (overlap) between this and next alignment: 280643 to 280545 (-98 bp)
				Next Alignment: 280545 287154 k99_175_flag_0_multi_92.4394_len_6610 1 6610

			Previous gap was negative, modifying coordinates to ignore overlap
				Moving contig start from 1 to 100.
			Align 30: 280644 287154 k99_175_flag_0_multi_92.4394_len_6610 100 6610
				Gap between this and next alignment: 287154 to 312997 (25842 bp)
				Next Alignment: 312997 318205 k99_20_flag_0_multi_91.7053_len_5209 1 5209

			Align 31: 312997 318205 k99_20_flag_0_multi_91.7053_len_5209 1 5209
				Negative gap (overlap) between this and next alignment: 318205 to 318107 (-98 bp)
				Next Alignment: 318107 323100 k99_199_flag_0_multi_88.1279_len_4994 1 4994

			Previous gap was negative, modifying coordinates to ignore overlap
				Moving contig start from 1 to 100.
			Align 32: 318206 323100 k99_199_flag_0_multi_88.1279_len_4994 100 4994
				Negative gap (overlap) between this and next alignment: 323100 to 323002 (-98 bp)
				Next Alignment: 323002 326194 k99_297_flag_0_multi_85.0440_len_3193 3193 1

			Previous gap was negative, modifying coordinates to ignore overlap
				Moving contig start from 3193 to 3094.
			Align 33: 323101 326194 k99_297_flag_0_multi_85.0440_len_3193 3094 1
				Negative gap (overlap) between this and next alignment: 326194 to 326096 (-98 bp)
				Next Alignment: 326096 336483 k99_33_flag_0_multi_89.9107_len_10388 1 10388

			Previous gap was negative, modifying coordinates to ignore overlap
				Moving contig start from 1 to 100.
			Align 34: 326195 336483 k99_33_flag_0_multi_89.9107_len_10388 100 10388
				Gap between this and next alignment: 336483 to 337292 (808 bp)
				Next Alignment: 337292 348423 k99_217_flag_0_multi_88.6215_len_11132 11132 1

			Align 35: 337292 348423 k99_217_flag_0_multi_88.6215_len_11132 11132 1
				Negative gap (overlap) between this and next alignment: 348423 to 348325 (-98 bp)
				Next Alignment: 348325 354269 k99_236_flag_0_multi_89.6200_len_11222 1 5946

			Previous gap was negative, modifying coordinates to ignore overlap
				Moving contig start from 1 to 100.
			Align 36: 348424 354269 k99_236_flag_0_multi_89.6200_len_11222 100 5946
				Gap between this and next alignment: 354269 to 354351 (81 bp)
				Next Alignment: 354351 359626 k99_236_flag_0_multi_89.6200_len_11222 5947 11222

			Align 37: 354351 359626 k99_236_flag_0_multi_89.6200_len_11222 5947 11222
				Gap between this and next alignment: 359626 to 378384 (18757 bp)
				Next Alignment: 378384 396085 k99_23_flag_0_multi_86.5228_len_17702 1 17702

			Align 38: 378384 396085 k99_23_flag_0_multi_86.5228_len_17702 1 17702
				Gap between this and next alignment: 396085 to 412964 (16878 bp)
				Next Alignment: 412964 415944 k99_24_flag_0_multi_91.8883_len_2981 1 2981

			Align 39: 412964 415944 k99_24_flag_0_multi_91.8883_len_2981 1 2981
				Gap between this and next alignment: 415944 to 428235 (12290 bp)
				Next Alignment: 428235 429926 k99_6_flag_0_multi_92.7144_len_1692 1 1692

			Align 40: 428235 429926 k99_6_flag_0_multi_92.7144_len_1692 1 1692
				Gap between this and next alignment: 429926 to 438103 (8176 bp)
				Next Alignment: 438103 439480 k99_264_flag_0_multi_86.9781_len_1378 1378 1

			Align 41: 438103 439480 k99_264_flag_0_multi_86.9781_len_1378 1378 1
				Gap between this and next alignment: 439480 to 446691 (7210 bp)
				Next Alignment: 446691 453788 k99_148_flag_0_multi_88.3326_len_7098 1 7098

			Align 42: 446691 453788 k99_148_flag_0_multi_88.3326_len_7098 1 7098
				Gap between this and next alignment: 453788 to 454100 (311 bp)
				Next Alignment: 454100 461083 k99_167_flag_0_multi_86.4710_len_6984 1 6984

			Align 43: 454100 461083 k99_167_flag_0_multi_86.4710_len_6984 1 6984
				Gap between this and next alignment: 461083 to 467495 (6411 bp)
				Next Alignment: 467495 472714 k99_286_flag_0_multi_86.8711_len_5220 1 5220

			Align 44: 467495 472714 k99_286_flag_0_multi_86.8711_len_5220 1 5220
				Gap between this and next alignment: 472714 to 491122 (18407 bp)
				Next Alignment: 491122 491637 k99_9_flag_0_multi_61.6595_len_516 1 516

			Align 45: 491122 491637 k99_9_flag_0_multi_61.6595_len_516 1 516
				Negative gap (overlap) between this and next alignment: 491637 to 491539 (-98 bp)
				Next Alignment: 491539 502610 k99_211_flag_0_multi_87.2301_len_11072 11072 1

			Previous gap was negative, modifying coordinates to ignore overlap
				Moving contig start from 11072 to 10973.
			Align 46: 491638 502610 k99_211_flag_0_multi_87.2301_len_11072 10973 1
				Negative gap (overlap) between this and next alignment: 502610 to 502512 (-98 bp)
				Next Alignment: 502512 505381 k99_42_flag_0_multi_93.0083_len_2870 1 2870

			Previous gap was negative, modifying coordinates to ignore overlap
				Moving contig start from 1 to 100.
			Align 47: 502611 505381 k99_42_flag_0_multi_93.0083_len_2870 100 2870
				Gap between this and next alignment: 505381 to 514361 (8979 bp)
				Next Alignment: 514361 519055 k99_8_flag_0_multi_89.2430_len_4695 1 4695

			Align 48: 514361 519055 k99_8_flag_0_multi_89.2430_len_4695 1 4695
				Gap between this and next alignment: 519055 to 520987 (1931 bp)
				Next Alignment: 520987 528690 k99_50_flag_0_multi_90.0659_len_7704 1 7704

			Align 49: 520987 528690 k99_50_flag_0_multi_90.0659_len_7704 1 7704
				Gap between this and next alignment: 528690 to 528972 (281 bp)
				Next Alignment: 528972 537883 k99_38_flag_0_multi_89.1460_len_8912 8912 1

			Align 50: 528972 537883 k99_38_flag_0_multi_89.1460_len_8912 8912 1
				Gap between this and next alignment: 537883 to 570353 (32469 bp)
				Next Alignment: 570353 580373 k99_60_flag_0_multi_89.8394_len_10021 10021 1

			Align 51: 570353 580373 k99_60_flag_0_multi_89.8394_len_10021 10021 1
				Gap between this and next alignment: 580373 to 584706 (4332 bp)
				Next Alignment: 584706 591090 k99_279_flag_0_multi_86.0360_len_6385 1 6385

			Align 52: 584706 591090 k99_279_flag_0_multi_86.0360_len_6385 1 6385
				Gap between this and next alignment: 591090 to 594581 (3490 bp)
				Next Alignment: 594581 598449 k99_102_flag_0_multi_85.5011_len_3869 3869 1

			Align 53: 594581 598449 k99_102_flag_0_multi_85.5011_len_3869 3869 1
				Gap between this and next alignment: 598449 to 606238 (7788 bp)
				Next Alignment: 606238 612533 k99_98_flag_0_multi_93.0328_len_6296 6296 1

			Align 54: 606238 612533 k99_98_flag_0_multi_93.0328_len_6296 6296 1
				Gap between this and next alignment: 612533 to 612633 (99 bp)
				Next Alignment: 612633 627114 k99_120_flag_0_multi_88.8236_len_14482 1 14482

			Align 55: 612633 627114 k99_120_flag_0_multi_88.8236_len_14482 1 14482
				Gap between this and next alignment: 627114 to 635733 (8618 bp)
				Next Alignment: 635733 636985 k99_64_flag_0_multi_91.0156_len_1253 1 1253

			Align 56: 635733 636985 k99_64_flag_0_multi_91.0156_len_1253 1 1253
			END in gap: 636985 to 641799 (4814 bp)

	Reference Buchnera_aphidicola_Acyrthosiphon_pisum_ancestor: 62 total alignments. 1 total regions.
		Region: 1 to 641799 (641799 bp)
			START in gap: 1 to 1194 (1193 bp)
			Align 1: 1194 1727 k99_65_flag_0_multi_74.3701_len_534 1 534
				Gap between this and next alignment: 1727 to 8455 (6727 bp)
				Next Alignment: 8455 9151 k99_298_flag_0_multi_79.5033_len_697 1 697

			Align 2: 8455 9151 k99_298_flag_0_multi_79.5033_len_697 1 697
				Gap between this and next alignment: 9151 to 17411 (8259 bp)
				Next Alignment: 17411 22034 k99_7_flag_0_multi_91.1823_len_4624 4624 1

			Align 3: 17411 22034 k99_7_flag_0_multi_91.1823_len_4624 4624 1
				Gap between this and next alignment: 22034 to 22085 (50 bp)
				Next Alignment: 22085 28995 k99_86_flag_0_multi_88.2958_len_6911 6911 1

			Align 4: 22085 28995 k99_86_flag_0_multi_88.2958_len_6911 6911 1
				Gap between this and next alignment: 28995 to 33337 (4341 bp)
				Next Alignment: 33337 40778 k99_126_flag_0_multi_89.4365_len_7442 1 7442

			Align 5: 33337 40778 k99_126_flag_0_multi_89.4365_len_7442 1 7442
				Gap between this and next alignment: 40778 to 61458 (20679 bp)
				Next Alignment: 61458 65234 k99_19_flag_0_multi_96.0835_len_3777 3777 1

			Align 6: 61458 65234 k99_19_flag_0_multi_96.0835_len_3777 3777 1
				Gap between this and next alignment: 65234 to 65518 (283 bp)
				Next Alignment: 65518 69674 k99_74_flag_0_multi_91.0978_len_4157 1 4157

			Align 7: 65518 69674 k99_74_flag_0_multi_91.0978_len_4157 1 4157
				Gap between this and next alignment: 69674 to 79498 (9823 bp)
				Next Alignment: 79498 82931 k99_15_flag_0_multi_89.9853_len_3434 1 3434

			Align 8: 79498 82931 k99_15_flag_0_multi_89.9853_len_3434 1 3434
				The next alignment (79498 80162 k99_4_flag_0_multi_84.3887_len_665 1 665) is redundant. Skipping.
				Gap between this and next alignment: 82931 to 83178 (246 bp)
				Next Alignment: 83178 85096 k99_157_flag_0_multi_91.6802_len_1919 1919 1

			Align 10: 83178 85096 k99_157_flag_0_multi_91.6802_len_1919 1919 1
				Gap between this and next alignment: 85096 to 85246 (149 bp)
				Next Alignment: 85246 108495 k99_151_flag_0_multi_88.1204_len_23250 23250 1

			Align 11: 85246 108495 k99_151_flag_0_multi_88.1204_len_23250 23250 1
				Negative gap (overlap) between this and next alignment: 108495 to 108397 (-98 bp)
				Next Alignment: 108397 112036 k99_62_flag_0_multi_81.1330_len_3640 1 3640

			Previous gap was negative, modifying coordinates to ignore overlap
				Moving contig start from 1 to 100.
			Align 12: 108496 112036 k99_62_flag_0_multi_81.1330_len_3640 100 3640
				Gap between this and next alignment: 112036 to 129409 (17372 bp)
				Next Alignment: 129409 130992 k99_110_flag_0_multi_91.7037_len_1584 1584 1

			Align 13: 129409 130992 k99_110_flag_0_multi_91.7037_len_1584 1584 1
				Gap between this and next alignment: 130992 to 135490 (4497 bp)
				Next Alignment: 135490 144666 k99_207_flag_0_multi_88.8501_len_9177 9177 1

			Align 14: 135490 144666 k99_207_flag_0_multi_88.8501_len_9177 9177 1
				Gap between this and next alignment: 144666 to 158312 (13645 bp)
				Next Alignment: 158312 158827 k99_190_flag_0_multi_69.6379_len_516 516 1

			Align 15: 158312 158827 k99_190_flag_0_multi_69.6379_len_516 516 1
				Negative gap (overlap) between this and next alignment: 158827 to 158729 (-98 bp)
				Next Alignment: 158729 177333 k99_66_flag_0_multi_89.7107_len_18605 18605 1

			Previous gap was negative, modifying coordinates to ignore overlap
				Moving contig start from 18605 to 18506.
			Align 16: 158828 177333 k99_66_flag_0_multi_89.7107_len_18605 18506 1
				Gap between this and next alignment: 177333 to 182544 (5210 bp)
				Next Alignment: 182544 188964 k99_34_flag_0_multi_91.2811_len_6421 6421 1

			Align 17: 182544 188964 k99_34_flag_0_multi_91.2811_len_6421 6421 1
				Gap between this and next alignment: 188964 to 203160 (14195 bp)
				Next Alignment: 203160 210040 k99_51_flag_0_multi_89.8298_len_6881 6881 1

			Align 18: 203160 210040 k99_51_flag_0_multi_89.8298_len_6881 6881 1
				Gap between this and next alignment: 210040 to 212044 (2003 bp)
				Next Alignment: 212044 219972 k99_146_flag_0_multi_87.2218_len_7929 7929 1

			Align 19: 212044 219972 k99_146_flag_0_multi_87.2218_len_7929 7929 1
				Gap between this and next alignment: 219972 to 221847 (1874 bp)
				Next Alignment: 221847 234103 k99_32_flag_0_multi_86.9489_len_12257 1 12257

			Align 20: 221847 234103 k99_32_flag_0_multi_86.9489_len_12257 1 12257
				Gap between this and next alignment: 234103 to 236887 (2783 bp)
				Next Alignment: 236887 240718 k99_177_flag_0_multi_85.2100_len_3832 3832 1

			Align 21: 236887 240718 k99_177_flag_0_multi_85.2100_len_3832 3832 1
				Negative gap (overlap) between this and next alignment: 240718 to 240620 (-98 bp)
				Next Alignment: 240620 253735 k99_112_flag_0_multi_87.7396_len_13116 13116 1

			Previous gap was negative, modifying coordinates to ignore overlap
				Moving contig start from 13116 to 13017.
			Align 22: 240719 253735 k99_112_flag_0_multi_87.7396_len_13116 13017 1
				Gap between this and next alignment: 253735 to 271467 (17731 bp)
				Next Alignment: 271467 286052 k99_40_flag_0_multi_90.5348_len_14586 14586 1

			Align 23: 271467 286052 k99_40_flag_0_multi_90.5348_len_14586 14586 1
				Gap between this and next alignment: 286052 to 286298 (245 bp)
				Next Alignment: 286298 288922 k99_97_flag_0_multi_95.0455_len_2625 2625 1

			Align 24: 286298 288922 k99_97_flag_0_multi_95.0455_len_2625 2625 1
				Gap between this and next alignment: 288922 to 289136 (213 bp)
				Next Alignment: 289136 290203 k99_208_flag_0_multi_81.7719_len_1068 1 1068

			Align 25: 289136 290203 k99_208_flag_0_multi_81.7719_len_1068 1 1068
				Gap between this and next alignment: 290203 to 312559 (22355 bp)
				Next Alignment: 312559 313564 k99_72_flag_0_multi_91.0871_len_1006 1 1006

			Align 26: 312559 313564 k99_72_flag_0_multi_91.0871_len_1006 1 1006
				Gap between this and next alignment: 313564 to 337095 (23530 bp)
				Next Alignment: 337095 346141 k99_137_flag_0_multi_88.2162_len_9047 1 9047

			Align 27: 337095 346141 k99_137_flag_0_multi_88.2162_len_9047 1 9047
				Gap between this and next alignment: 346141 to 346222 (80 bp)
				Next Alignment: 346222 358515 k99_17_flag_0_multi_89.0458_len_12294 1 12294

			Align 28: 346222 358515 k99_17_flag_0_multi_89.0458_len_12294 1 12294
				Negative gap (overlap) between this and next alignment: 358515 to 358417 (-98 bp)
				Next Alignment: 358417 362711 k99_195_flag_0_multi_92.6835_len_4295 1 4295

			Previous gap was negative, modifying coordinates to ignore overlap
				Moving contig start from 1 to 100.
			Align 29: 358516 362711 k99_195_flag_0_multi_92.6835_len_4295 100 4295
				Gap between this and next alignment: 362711 to 371902 (9190 bp)
				Next Alignment: 371902 377559 k99_29_flag_0_multi_87.9182_len_5658 5658 1

			Align 30: 371902 377559 k99_29_flag_0_multi_87.9182_len_5658 5658 1
				Gap between this and next alignment: 377559 to 377834 (274 bp)
				Next Alignment: 377834 389513 k99_140_flag_0_multi_90.2536_len_11680 1 11680

			Align 31: 377834 389513 k99_140_flag_0_multi_90.2536_len_11680 1 11680
				Negative gap (overlap) between this and next alignment: 389513 to 389415 (-98 bp)
				Next Alignment: 389415 393498 k99_21_flag_0_multi_91.4286_len_4084 1 4084

			Previous gap was negative, modifying coordinates to ignore overlap
				Moving contig start from 1 to 100.
			Align 32: 389514 393498 k99_21_flag_0_multi_91.4286_len_4084 100 4084
				Negative gap (overlap) between this and next alignment: 393498 to 393400 (-98 bp)
				Next Alignment: 393400 394774 k99_114_flag_0_multi_89.0415_len_1375 1 1375

			Previous gap was negative, modifying coordinates to ignore overlap
				Moving contig start from 1 to 100.
			Align 33: 393499 394774 k99_114_flag_0_multi_89.0415_len_1375 100 1375
				Negative gap (overlap) between this and next alignment: 394774 to 394676 (-98 bp)
				Next Alignment: 394676 400929 k99_227_flag_0_multi_88.5712_len_6254 6254 1

			Previous gap was negative, modifying coordinates to ignore overlap
				Moving contig start from 6254 to 6155.
			Align 34: 394775 400929 k99_227_flag_0_multi_88.5712_len_6254 6155 1
				Gap between this and next alignment: 400929 to 406358 (5428 bp)
				Next Alignment: 406358 406925 k99_35_flag_0_multi_72.2985_len_568 1 568

			Align 35: 406358 406925 k99_35_flag_0_multi_72.2985_len_568 1 568
				Gap between this and next alignment: 406925 to 409712 (2786 bp)
				Next Alignment: 409712 425954 k99_28_flag_0_multi_87.6933_len_16243 16243 1

			Align 36: 409712 425954 k99_28_flag_0_multi_87.6933_len_16243 16243 1
				Gap between this and next alignment: 425954 to 425964 (9 bp)
				Next Alignment: 425964 442562 k99_63_flag_0_multi_91.7148_len_16599 16599 1

			Align 37: 425964 442562 k99_63_flag_0_multi_91.7148_len_16599 16599 1
				Next Alignment: 442563 443947 k99_58_flag_0_multi_78.0552_len_1385 1 1385

			Align 38: 442563 443947 k99_58_flag_0_multi_78.0552_len_1385 1 1385
				Negative gap (overlap) between this and next alignment: 443947 to 443849 (-98 bp)
				Next Alignment: 443849 449652 k99_31_flag_0_multi_90.7004_len_5804 1 5804

			Previous gap was negative, modifying coordinates to ignore overlap
				Moving contig start from 1 to 100.
			Align 39: 443948 449652 k99_31_flag_0_multi_90.7004_len_5804 100 5804
				Gap between this and next alignment: 449652 to 473943 (24290 bp)
				Next Alignment: 473943 483374 k99_111_flag_0_multi_88.9141_len_9432 9432 1

			Align 40: 473943 483374 k99_111_flag_0_multi_88.9141_len_9432 9432 1
				Negative gap (overlap) between this and next alignment: 483374 to 483276 (-98 bp)
				Next Alignment: 483276 483778 k99_289_flag_0_multi_67.8886_len_503 1 503

			Previous gap was negative, modifying coordinates to ignore overlap
				Moving contig start from 1 to 100.
			Align 41: 483375 483778 k99_289_flag_0_multi_67.8886_len_503 100 503
				Negative gap (overlap) between this and next alignment: 483778 to 483680 (-98 bp)
				Next Alignment: 483680 487298 k99_81_flag_0_multi_85.3131_len_3619 1 3619

			Previous gap was negative, modifying coordinates to ignore overlap
				Moving contig start from 1 to 100.
			Align 42: 483779 487298 k99_81_flag_0_multi_85.3131_len_3619 100 3619
				Gap between this and next alignment: 487298 to 487462 (163 bp)
				Next Alignment: 487462 488860 k99_216_flag_0_multi_83.7892_len_1399 1 1399

			Align 43: 487462 488860 k99_216_flag_0_multi_83.7892_len_1399 1 1399
				Gap between this and next alignment: 488860 to 492270 (3409 bp)
				Next Alignment: 492270 502632 k99_144_flag_0_multi_91.8521_len_10363 10363 1

			Align 44: 492270 502632 k99_144_flag_0_multi_91.8521_len_10363 10363 1
				Gap between this and next alignment: 502632 to 502773 (140 bp)
				Next Alignment: 502773 512144 k99_91_flag_0_multi_83.6358_len_9372 9372 1

			Align 45: 502773 512144 k99_91_flag_0_multi_83.6358_len_9372 9372 1
				Negative gap (overlap) between this and next alignment: 512144 to 512046 (-98 bp)
				Next Alignment: 512046 512584 k99_221_flag_0_multi_54.1864_len_539 1 539

			Previous gap was negative, modifying coordinates to ignore overlap
				Moving contig start from 1 to 100.
			Align 46: 512145 512584 k99_221_flag_0_multi_54.1864_len_539 100 539
				Negative gap (overlap) between this and next alignment: 512584 to 512486 (-98 bp)
				Next Alignment: 512486 513017 k99_255_flag_0_multi_89.9423_len_532 532 1

			Previous gap was negative, modifying coordinates to ignore overlap
				Moving contig start from 532 to 433.
			Align 47: 512585 513017 k99_255_flag_0_multi_89.9423_len_532 433 1
				Negative gap (overlap) between this and next alignment: 513017 to 512919 (-98 bp)
				Next Alignment: 512919 516923 k99_296_flag_0_multi_91.3479_len_4005 4005 1

			Previous gap was negative, modifying coordinates to ignore overlap
				Moving contig start from 4005 to 3906.
			Align 48: 513018 516923 k99_296_flag_0_multi_91.3479_len_4005 3906 1
				Negative gap (overlap) between this and next alignment: 516923 to 516825 (-98 bp)
				Next Alignment: 516825 517587 k99_131_flag_0_multi_70.4217_len_763 763 1

			Previous gap was negative, modifying coordinates to ignore overlap
				Moving contig start from 763 to 664.
			Align 49: 516924 517587 k99_131_flag_0_multi_70.4217_len_763 664 1
				Gap between this and next alignment: 517587 to 527485 (9897 bp)
				Next Alignment: 527485 534416 k99_11_flag_0_multi_88.2387_len_6932 1 6932

			Align 50: 527485 534416 k99_11_flag_0_multi_88.2387_len_6932 1 6932
				Gap between this and next alignment: 534416 to 535341 (924 bp)
				Next Alignment: 535341 536297 k99_142_flag_0_multi_87.4021_len_957 1 957

			Align 51: 535341 536297 k99_142_flag_0_multi_87.4021_len_957 1 957
				Gap between this and next alignment: 536297 to 537104 (806 bp)
				Next Alignment: 537104 544236 k99_100_flag_0_multi_84.6110_len_7133 7133 1

			Align 52: 537104 544236 k99_100_flag_0_multi_84.6110_len_7133 7133 1
				Gap between this and next alignment: 544236 to 554004 (9767 bp)
				Next Alignment: 554004 563295 k99_246_flag_0_multi_91.4034_len_9292 9292 1

			Align 53: 554004 563295 k99_246_flag_0_multi_91.4034_len_9292 9292 1
				Negative gap (overlap) between this and next alignment: 563295 to 563197 (-98 bp)
				Next Alignment: 563197 563889 k99_261_flag_0_multi_68.8030_len_693 1 693

			Previous gap was negative, modifying coordinates to ignore overlap
				Moving contig start from 1 to 100.
			Align 54: 563296 563889 k99_261_flag_0_multi_68.8030_len_693 100 693
				Gap between this and next alignment: 563889 to 566780 (2890 bp)
				Next Alignment: 566780 576137 k99_237_flag_0_multi_86.6755_len_9358 9358 1

			Align 55: 566780 576137 k99_237_flag_0_multi_86.6755_len_9358 9358 1
				Gap between this and next alignment: 576137 to 576527 (389 bp)
				Next Alignment: 576527 586540 k99_135_flag_0_multi_90.9960_len_10014 1 10014

			Align 56: 576527 586540 k99_135_flag_0_multi_90.9960_len_10014 1 10014
				Gap between this and next alignment: 586540 to 596116 (9575 bp)
				Next Alignment: 596116 600240 k99_36_flag_0_multi_83.3641_len_4125 1 4125

			Align 57: 596116 600240 k99_36_flag_0_multi_83.3641_len_4125 1 4125
				Gap between this and next alignment: 600240 to 601196 (955 bp)
				Next Alignment: 601196 603548 k99_59_flag_0_multi_86.3518_len_2353 1 2353

			Align 58: 601196 603548 k99_59_flag_0_multi_86.3518_len_2353 1 2353
				Gap between this and next alignment: 603548 to 611779 (8230 bp)
				Next Alignment: 611779 620839 k99_251_flag_0_multi_89.4063_len_9061 9061 1

			Align 59: 611779 620839 k99_251_flag_0_multi_89.4063_len_9061 9061 1
				Gap between this and next alignment: 620839 to 621037 (197 bp)
				Next Alignment: 621037 624237 k99_249_flag_0_multi_86.2292_len_3201 1 3201

			Align 60: 621037 624237 k99_249_flag_0_multi_86.2292_len_3201 1 3201
				Gap between this and next alignment: 624237 to 630880 (6642 bp)
				Next Alignment: 630880 635470 k99_276_flag_0_multi_85.7001_len_4591 1 4591

			Align 61: 630880 635470 k99_276_flag_0_multi_85.7001_len_4591 1 4591
				Gap between this and next alignment: 635470 to 637550 (2079 bp)
				Next Alignment: 637550 641792 k99_82_flag_0_multi_87.1701_len_4243 4243 1

			Align 62: 637550 641792 k99_82_flag_0_multi_87.1701_len_4243 4243 1
			END in gap: 641792 to 641799 (7 bp)

Analysis is finished!
Founded SNPs were written into /vol/cami-scratch/Simpipeline/iTol_genomes/Buchnera_aphidicola_Acyrthosiphon_pisum_0995/quast_strain/combined_quast_output/contigs_reports/nucmer_output/final.contigs.used_snps

Results:
	Local Misassemblies: 0
	Misassemblies: 0
		Relocations: 0
		Translocations: 0
		Interspecies translocations: 0
		Inversions: 0
	Potentially Misassembled Contigs (i/s translocations): 0
	Misassembled Contigs: 0
	Misassembled Contig Bases: 0
	Misassemblies Inter-Contig Overlap: 0
Uncovered Regions: 0 (0)
Unaligned Contigs: 0 + 0 part
Partially Unaligned Contigs with Misassemblies: 0
Unaligned Contig Bases: 0

Ambiguously Mapped Contigs: 97
Total Bases in Ambiguously Mapped Contigs: 621459
Note that --allow-ambiguity option was set to "one" and only first alignment per each contig was used.

	Covered Bases: 640594

	SNPs: 2593
	Insertions: 2
	Deletions: 82

	Positive Gaps: 87
		Internal Gaps:  1
		External Gaps:  86
		External Gap Total:  642923
		External Gap Average: 7476
	Negative Gaps: 31
		Internal Overlaps:  0
		External Overlaps:  31
		External Overlaps Total: -3038
		External Overlaps Average: -98
	Contigs with Redundant Alignments: 1 (665)
